<?xml version="1.0" encoding="UTF-8"?>
<testsuite xmlns:xsi="http://www.w3.org/2001/XMLSchema-instance" xsi:noNamespaceSchemaLocation="https://maven.apache.org/surefire/maven-surefire-plugin/xsd/surefire-test-report-3.0.xsd" version="3.0" name="org.apache.nifi.processors.standard.TestEncryptContentGroovy" time="3.241" tests="20" errors="0" skipped="2" failures="0">
  <properties>
    <property name="sun.desktop" value="gnome"/>
    <property name="awt.toolkit" value="sun.awt.X11.XToolkit"/>
    <property name="file.encoding.pkg" value="sun.io"/>
    <property name="java.specification.version" value="1.8"/>
    <property name="sun.cpu.isalist" value=""/>
    <property name="sun.jnu.encoding" value="UTF-8"/>
    <property name="java.class.path" value="/home/alex/Repositories/nifi/nifi-nar-bundles/nifi-standard-bundle/nifi-standard-processors/target/test-classes:/home/alex/Repositories/nifi/nifi-nar-bundles/nifi-standard-bundle/nifi-standard-processors/target/classes:/home/alex/.m2/repository/org/apache/ftpserver/ftpserver-core/1.1.1/ftpserver-core-1.1.1.jar:/home/alex/.m2/repository/org/apache/ftpserver/ftplet-api/1.1.1/ftplet-api-1.1.1.jar:/home/alex/.m2/repository/org/slf4j/slf4j-api/1.7.32/slf4j-api-1.7.32.jar:/home/alex/.m2/repository/org/apache/mina/mina-core/2.0.16/mina-core-2.0.16.jar:/home/alex/Repositories/nifi/nifi-api/target/classes:/home/alex/Repositories/nifi/nifi-commons/nifi-expression-language/target/classes:/home/alex/.m2/repository/org/antlr/antlr-runtime/3.5.2/antlr-runtime-3.5.2.jar:/home/alex/Repositories/nifi/nifi-commons/nifi-parameter/target/classes:/home/alex/Repositories/nifi/nifi-commons/nifi-uuid5/target/classes:/home/alex/.m2/repository/org/apache/commons/commons-text/1.8/commons-text-1.8.jar:/home/alex/Repositories/nifi/nifi-nar-bundles/nifi-extension-utils/nifi-processor-utils/target/classes:/home/alex/Repositories/nifi/nifi-commons/nifi-security-socket-ssl/target/classes:/home/alex/Repositories/nifi/nifi-nar-bundles/nifi-extension-utils/nifi-event-transport/target/classes:/home/alex/.m2/repository/io/netty/netty-handler/4.1.69.Final/netty-handler-4.1.69.Final.jar:/home/alex/.m2/repository/io/netty/netty-common/4.1.69.Final/netty-common-4.1.69.Final.jar:/home/alex/.m2/repository/io/netty/netty-resolver/4.1.69.Final/netty-resolver-4.1.69.Final.jar:/home/alex/.m2/repository/io/netty/netty-transport/4.1.69.Final/netty-transport-4.1.69.Final.jar:/home/alex/.m2/repository/io/netty/netty-codec/4.1.69.Final/netty-codec-4.1.69.Final.jar:/home/alex/Repositories/nifi/nifi-nar-bundles/nifi-extension-utils/nifi-syslog-utils/target/classes:/home/alex/.m2/repository/com/github/palindromicity/simple-syslog-5424/0.0.16/simple-syslog-5424-0.0.16.jar:/home/alex/.m2/repository/org/antlr/antlr4-runtime/4.7.2/antlr4-runtime-4.7.2.jar:/home/alex/Repositories/nifi/nifi-commons/nifi-utils/target/classes:/home/alex/Repositories/nifi/nifi-commons/nifi-record-path/target/classes:/home/alex/Repositories/nifi/nifi-commons/nifi-properties/target/classes:/home/alex/Repositories/nifi/nifi-commons/nifi-property-utils/target/classes:/home/alex/.m2/repository/com/github/ben-manes/caffeine/caffeine/2.8.1/caffeine-2.8.1.jar:/home/alex/Repositories/nifi/nifi-nar-bundles/nifi-standard-services/nifi-ssl-context-service-api/target/classes:/home/alex/Repositories/nifi/nifi-commons/nifi-security-utils-api/target/classes:/home/alex/Repositories/nifi/nifi-nar-bundles/nifi-standard-services/nifi-lookup-service-api/target/classes:/home/alex/Repositories/nifi/nifi-commons/nifi-flowfile-packager/target/classes:/home/alex/Repositories/nifi/nifi-nar-bundles/nifi-standard-services/nifi-distributed-cache-client-service-api/target/classes:/home/alex/Repositories/nifi/nifi-nar-bundles/nifi-standard-services/nifi-http-context-map-api/target/classes:/home/alex/Repositories/nifi/nifi-nar-bundles/nifi-standard-services/nifi-record-serialization-service-api/target/classes:/home/alex/Repositories/nifi/nifi-nar-bundles/nifi-standard-services/nifi-proxy-configuration-api/target/classes:/home/alex/Repositories/nifi/nifi-commons/nifi-record/target/classes:/home/alex/Repositories/nifi/nifi-nar-bundles/nifi-standard-services/nifi-record-sink-api/target/classes:/home/alex/.m2/repository/commons-io/commons-io/2.10.0/commons-io-2.10.0.jar:/home/alex/.m2/repository/javax/ws/rs/javax.ws.rs-api/2.1/javax.ws.rs-api-2.1.jar:/home/alex/.m2/repository/commons-net/commons-net/3.6/commons-net-3.6.jar:/home/alex/.m2/repository/org/apache/commons/commons-compress/1.21/commons-compress-1.21.jar:/home/alex/.m2/repository/org/apache/commons/commons-lang3/3.9/commons-lang3-3.9.jar:/home/alex/.m2/repository/org/bouncycastle/bcprov-jdk15on/1.69/bcprov-jdk15on-1.69.jar:/home/alex/.m2/repository/org/bouncycastle/bcpg-jdk15on/1.69/bcpg-jdk15on-1.69.jar:/home/alex/.m2/repository/org/bouncycastle/bcpkix-jdk15on/1.69/bcpkix-jdk15on-1.69.jar:/home/alex/.m2/repository/org/bouncycastle/bcutil-jdk15on/1.69/bcutil-jdk15on-1.69.jar:/home/alex/.m2/repository/commons-codec/commons-codec/1.14/commons-codec-1.14.jar:/home/alex/Repositories/nifi/nifi-commons/nifi-security-utils/target/classes:/home/alex/Repositories/nifi/nifi-commons/nifi-security-kms/target/classes:/home/alex/.m2/repository/org/apache/commons/commons-configuration2/2.7/commons-configuration2-2.7.jar:/home/alex/.m2/repository/com/hierynomus/sshj/0.32.0/sshj-0.32.0.jar:/home/alex/.m2/repository/com/jcraft/jzlib/1.1.3/jzlib-1.1.3.jar:/home/alex/.m2/repository/com/hierynomus/asn-one/0.6.0/asn-one-0.6.0.jar:/home/alex/.m2/repository/net/i2p/crypto/eddsa/0.3.0/eddsa-0.3.0.jar:/home/alex/.m2/repository/org/eclipse/jetty/jetty-server/9.4.44.v20210927/jetty-server-9.4.44.v20210927.jar:/home/alex/.m2/repository/javax/servlet/javax.servlet-api/3.1.0/javax.servlet-api-3.1.0.jar:/home/alex/.m2/repository/org/eclipse/jetty/jetty-http/9.4.44.v20210927/jetty-http-9.4.44.v20210927.jar:/home/alex/.m2/repository/org/eclipse/jetty/jetty-util/9.4.44.v20210927/jetty-util-9.4.44.v20210927.jar:/home/alex/.m2/repository/org/eclipse/jetty/jetty-io/9.4.44.v20210927/jetty-io-9.4.44.v20210927.jar:/home/alex/.m2/repository/org/eclipse/jetty/jetty-servlet/9.4.44.v20210927/jetty-servlet-9.4.44.v20210927.jar:/home/alex/.m2/repository/org/eclipse/jetty/jetty-security/9.4.44.v20210927/jetty-security-9.4.44.v20210927.jar:/home/alex/.m2/repository/org/eclipse/jetty/jetty-util-ajax/9.4.44.v20210927/jetty-util-ajax-9.4.44.v20210927.jar:/home/alex/.m2/repository/org/apache/httpcomponents/httpclient/4.5.5/httpclient-4.5.5.jar:/home/alex/.m2/repository/commons-logging/commons-logging/1.2/commons-logging-1.2.jar:/home/alex/.m2/repository/org/apache/httpcomponents/httpcore/4.4.9/httpcore-4.4.9.jar:/home/alex/.m2/repository/jakarta/activation/jakarta.activation-api/2.0.1/jakarta.activation-api-2.0.1.jar:/home/alex/.m2/repository/com/sun/activation/jakarta.activation/2.0.1/jakarta.activation-2.0.1.jar:/home/alex/.m2/repository/jakarta/mail/jakarta.mail-api/2.0.1/jakarta.mail-api-2.0.1.jar:/home/alex/.m2/repository/com/sun/mail/jakarta.mail/2.0.1/jakarta.mail-2.0.1.jar:/home/alex/.m2/repository/com/github/jponge/lzma-java/1.3/lzma-java-1.3.jar:/home/alex/.m2/repository/org/tukaani/xz/1.8/xz-1.8.jar:/home/alex/.m2/repository/net/sf/saxon/Saxon-HE/10.6/Saxon-HE-10.6.jar:/home/alex/Repositories/nifi/nifi-commons/nifi-socket-utils/target/classes:/home/alex/Repositories/nifi/nifi-commons/nifi-logging-utils/target/classes:/home/alex/Repositories/nifi/nifi-nar-bundles/nifi-standard-services/nifi-load-distribution-service-api/target/classes:/home/alex/.m2/repository/javax/jms/javax.jms-api/2.0.1/javax.jms-api-2.0.1.jar:/home/alex/.m2/repository/org/apache/activemq/activemq-client/5.15.15/activemq-client-5.15.15.jar:/home/alex/.m2/repository/org/apache/geronimo/specs/geronimo-jms_1.1_spec/1.1.1/geronimo-jms_1.1_spec-1.1.1.jar:/home/alex/.m2/repository/org/fusesource/hawtbuf/hawtbuf/1.11/hawtbuf-1.11.jar:/home/alex/.m2/repository/org/apache/geronimo/specs/geronimo-j2ee-management_1.1_spec/1.0.1/geronimo-j2ee-management_1.1_spec-1.0.1.jar:/home/alex/.m2/repository/com/jayway/jsonpath/json-path/2.6.0/json-path-2.6.0.jar:/home/alex/.m2/repository/net/minidev/json-smart/2.4.7/json-smart-2.4.7.jar:/home/alex/.m2/repository/net/minidev/accessors-smart/2.4.7/accessors-smart-2.4.7.jar:/home/alex/.m2/repository/org/ow2/asm/asm/9.1/asm-9.1.jar:/home/alex/.m2/repository/org/apache/tika/tika-core/1.26/tika-core-1.26.jar:/home/alex/.m2/repository/com/fasterxml/jackson/core/jackson-databind/2.12.3/jackson-databind-2.12.3.jar:/home/alex/.m2/repository/com/fasterxml/jackson/core/jackson-annotations/2.12.3/jackson-annotations-2.12.3.jar:/home/alex/.m2/repository/com/fasterxml/jackson/core/jackson-core/2.12.3/jackson-core-2.12.3.jar:/home/alex/Repositories/nifi/nifi-nar-bundles/nifi-extension-utils/nifi-record-utils/nifi-avro-record-utils/target/classes:/home/alex/Repositories/nifi/nifi-nar-bundles/nifi-extension-utils/nifi-record-utils/nifi-standard-record-utils/target/classes:/home/alex/.m2/repository/org/apache/avro/avro/1.8.1/avro-1.8.1.jar:/home/alex/.m2/repository/org/codehaus/jackson/jackson-core-asl/1.9.13/jackson-core-asl-1.9.13.jar:/home/alex/.m2/repository/org/codehaus/jackson/jackson-mapper-asl/1.9.13/jackson-mapper-asl-1.9.13.jar:/home/alex/.m2/repository/com/thoughtworks/paranamer/paranamer/2.7/paranamer-2.7.jar:/home/alex/Repositories/nifi/nifi-nar-bundles/nifi-standard-services/nifi-dbcp-service-api/target/classes:/home/alex/.m2/repository/com/squareup/okhttp3/okhttp/4.9.2/okhttp-4.9.2.jar:/home/alex/.m2/repository/com/squareup/okio/okio/2.8.0/okio-2.8.0.jar:/home/alex/.m2/repository/org/jetbrains/kotlin/kotlin-stdlib-common/1.4.0/kotlin-stdlib-common-1.4.0.jar:/home/alex/.m2/repository/org/jetbrains/kotlin/kotlin-stdlib/1.4.10/kotlin-stdlib-1.4.10.jar:/home/alex/.m2/repository/org/jetbrains/annotations/13.0/annotations-13.0.jar:/home/alex/.m2/repository/io/github/rburgst/okhttp-digest/2.5/okhttp-digest-2.5.jar:/home/alex/.m2/repository/at/favre/lib/bcrypt/0.9.0/bcrypt-0.9.0.jar:/home/alex/.m2/repository/at/favre/lib/bytes/1.3.0/bytes-1.3.0.jar:/home/alex/.m2/repository/com/google/guava/guava/28.0-jre/guava-28.0-jre.jar:/home/alex/.m2/repository/com/google/guava/failureaccess/1.0.1/failureaccess-1.0.1.jar:/home/alex/.m2/repository/com/google/guava/listenablefuture/9999.0-empty-to-avoid-conflict-with-guava/listenablefuture-9999.0-empty-to-avoid-conflict-with-guava.jar:/home/alex/.m2/repository/com/google/code/findbugs/jsr305/3.0.2/jsr305-3.0.2.jar:/home/alex/.m2/repository/org/checkerframework/checker-qual/2.8.1/checker-qual-2.8.1.jar:/home/alex/.m2/repository/com/google/errorprone/error_prone_annotations/2.3.2/error_prone_annotations-2.3.2.jar:/home/alex/.m2/repository/com/google/j2objc/j2objc-annotations/1.3/j2objc-annotations-1.3.jar:/home/alex/.m2/repository/org/codehaus/mojo/animal-sniffer-annotations/1.17/animal-sniffer-annotations-1.17.jar:/home/alex/Repositories/nifi/nifi-mock/target/classes:/home/alex/Repositories/nifi/nifi-framework-api/target/classes:/home/alex/Repositories/nifi/nifi-nar-bundles/nifi-framework-bundle/nifi-framework/nifi-framework-core-api/target/classes:/home/alex/Repositories/nifi/nifi-nar-bundles/nifi-framework-bundle/nifi-framework/nifi-framework-nar-utils/target/classes:/home/alex/Repositories/nifi/nifi-nar-bundles/nifi-framework-bundle/nifi-framework/nifi-client-dto/target/classes:/home/alex/.m2/repository/io/swagger/swagger-annotations/1.6.0/swagger-annotations-1.6.0.jar:/home/alex/Repositories/nifi/nifi-commons/nifi-site-to-site-client/target/classes:/home/alex/.m2/repository/org/apache/httpcomponents/httpasyncclient/4.1.4/httpasyncclient-4.1.4.jar:/home/alex/.m2/repository/org/apache/httpcomponents/httpcore-nio/4.4.10/httpcore-nio-4.4.10.jar:/home/alex/Repositories/nifi/nifi-nar-bundles/nifi-framework-bundle/nifi-framework/nifi-framework-authorization/target/classes:/home/alex/Repositories/nifi/nifi-registry/nifi-registry-core/nifi-registry-data-model/target/classes:/home/alex/Repositories/nifi/nifi-registry/nifi-registry-core/nifi-registry-revision/nifi-registry-revision-entity-model/target/classes:/home/alex/Repositories/nifi/nifi-registry/nifi-registry-core/nifi-registry-client/target/classes:/home/alex/Repositories/nifi/nifi-registry/nifi-registry-core/nifi-registry-security-utils/target/classes:/home/alex/.m2/repository/org/glassfish/jersey/core/jersey-client/2.33/jersey-client-2.33.jar:/home/alex/.m2/repository/jakarta/ws/rs/jakarta.ws.rs-api/2.1.6/jakarta.ws.rs-api-2.1.6.jar:/home/alex/.m2/repository/org/glassfish/hk2/external/jakarta.inject/2.6.1/jakarta.inject-2.6.1.jar:/home/alex/.m2/repository/org/glassfish/jersey/media/jersey-media-json-jackson/2.33/jersey-media-json-jackson-2.33.jar:/home/alex/.m2/repository/org/glassfish/jersey/ext/jersey-entity-filtering/2.33/jersey-entity-filtering-2.33.jar:/home/alex/.m2/repository/org/glassfish/jersey/inject/jersey-hk2/2.33/jersey-hk2-2.33.jar:/home/alex/.m2/repository/org/glassfish/hk2/hk2-locator/2.6.1/hk2-locator-2.6.1.jar:/home/alex/.m2/repository/org/glassfish/hk2/external/aopalliance-repackaged/2.6.1/aopalliance-repackaged-2.6.1.jar:/home/alex/.m2/repository/org/glassfish/hk2/hk2-api/2.6.1/hk2-api-2.6.1.jar:/home/alex/.m2/repository/org/glassfish/hk2/hk2-utils/2.6.1/hk2-utils-2.6.1.jar:/home/alex/.m2/repository/org/javassist/javassist/3.25.0-GA/javassist-3.25.0-GA.jar:/home/alex/.m2/repository/org/glassfish/jersey/core/jersey-common/2.33/jersey-common-2.33.jar:/home/alex/.m2/repository/jakarta/annotation/jakarta.annotation-api/1.3.5/jakarta.annotation-api-1.3.5.jar:/home/alex/.m2/repository/org/glassfish/hk2/osgi-resource-locator/1.0.3/osgi-resource-locator-1.0.3.jar:/home/alex/.m2/repository/org/glassfish/jersey/media/jersey-media-multipart/2.33/jersey-media-multipart-2.33.jar:/home/alex/.m2/repository/org/jvnet/mimepull/mimepull/1.9.13/mimepull-1.9.13.jar:/home/alex/Repositories/nifi/nifi-commons/nifi-data-provenance-utils/target/classes:/home/alex/Repositories/nifi/nifi-nar-bundles/nifi-standard-services/nifi-distributed-cache-services-bundle/nifi-distributed-cache-client-service/target/classes:/home/alex/Repositories/nifi/nifi-nar-bundles/nifi-standard-services/nifi-distributed-cache-services-bundle/nifi-distributed-cache-protocol/target/classes:/home/alex/.m2/repository/io/netty/netty-buffer/4.1.69.Final/netty-buffer-4.1.69.Final.jar:/home/alex/.m2/repository/com/google/http-client/google-http-client/1.28.0/google-http-client-1.28.0.jar:/home/alex/.m2/repository/io/opencensus/opencensus-api/0.18.0/opencensus-api-0.18.0.jar:/home/alex/.m2/repository/io/grpc/grpc-context/1.14.0/grpc-context-1.14.0.jar:/home/alex/.m2/repository/io/opencensus/opencensus-contrib-http-util/0.18.0/opencensus-contrib-http-util-0.18.0.jar:/home/alex/.m2/repository/org/apache/activemq/activemq-broker/5.15.14/activemq-broker-5.15.14.jar:/home/alex/.m2/repository/org/apache/activemq/activemq-openwire-legacy/5.15.14/activemq-openwire-legacy-5.15.14.jar:/home/alex/Repositories/nifi/nifi-nar-bundles/nifi-standard-services/nifi-ssl-context-bundle/nifi-ssl-context-service/target/classes:/home/alex/Repositories/nifi/nifi-nar-bundles/nifi-framework-bundle/nifi-framework/nifi-standard-prioritizers/target/classes:/home/alex/Repositories/nifi/nifi-nar-bundles/nifi-extension-utils/nifi-record-utils/nifi-mock-record-utils/target/classes:/home/alex/Repositories/nifi/nifi-nar-bundles/nifi-standard-services/nifi-record-serialization-services-bundle/nifi-record-serialization-services/target/classes:/home/alex/.m2/repository/org/apache/commons/commons-csv/1.8/commons-csv-1.8.jar:/home/alex/.m2/repository/com/fasterxml/jackson/dataformat/jackson-dataformat-csv/2.12.3/jackson-dataformat-csv-2.12.3.jar:/home/alex/.m2/repository/net/java/dev/stax-utils/stax-utils/20070216/stax-utils-20070216.jar:/home/alex/Repositories/nifi/nifi-nar-bundles/nifi-standard-services/nifi-lookup-services-bundle/nifi-lookup-services/target/classes:/home/alex/.m2/repository/commons-beanutils/commons-beanutils/1.9.4/commons-beanutils-1.9.4.jar:/home/alex/.m2/repository/commons-collections/commons-collections/3.2.2/commons-collections-3.2.2.jar:/home/alex/.m2/repository/com/maxmind/geoip2/geoip2/2.12.0/geoip2-2.12.0.jar:/home/alex/.m2/repository/com/maxmind/db/maxmind-db/1.2.2/maxmind-db-1.2.2.jar:/home/alex/.m2/repository/org/apache/derby/derby/10.14.2.0/derby-10.14.2.0.jar:/home/alex/.m2/repository/org/xerial/snappy/snappy-java/1.1.7.3/snappy-java-1.1.7.3.jar:/home/alex/.m2/repository/net/lingala/zip4j/zip4j/2.8.0/zip4j-2.8.0.jar:/home/alex/.m2/repository/com/h2database/h2/1.4.187/h2-1.4.187.jar:/home/alex/.m2/repository/org/mockftpserver/MockFtpServer/2.7.1/MockFtpServer-2.7.1.jar:/home/alex/.m2/repository/org/apache/sshd/sshd-core/1.7.0/sshd-core-1.7.0.jar:/home/alex/.m2/repository/com/bazaarvoice/jolt/jolt-core/0.1.1/jolt-core-0.1.1.jar:/home/alex/.m2/repository/javax/inject/javax.inject/1/javax.inject-1.jar:/home/alex/.m2/repository/com/bazaarvoice/jolt/json-utils/0.1.1/json-utils-0.1.1.jar:/home/alex/Repositories/nifi/nifi-nar-bundles/nifi-standard-bundle/nifi-standard-utils/target/classes:/home/alex/.m2/repository/net/sf/supercsv/super-csv/2.4.0/super-csv-2.4.0.jar:/home/alex/.m2/repository/com/fluenda/parcefone/2.1.0/parcefone-2.1.0.jar:/home/alex/.m2/repository/javax/validation/validation-api/1.1.0.Final/validation-api-1.1.0.Final.jar:/home/alex/.m2/repository/javax/el/javax.el-api/3.0.0/javax.el-api-3.0.0.jar:/home/alex/.m2/repository/com/github/wnameless/json/json-flattener/0.12.0/json-flattener-0.12.0.jar:/home/alex/.m2/repository/com/github/wnameless/json/json-base/2.0.0/json-base-2.0.0.jar:/home/alex/.m2/repository/org/apache/bval/bval-jsr/1.1.2/bval-jsr-1.1.2.jar:/home/alex/.m2/repository/org/apache/bval/bval-core/1.1.2/bval-core-1.1.2.jar:/home/alex/.m2/repository/io/krakens/java-grok/0.1.9/java-grok-0.1.9.jar:/home/alex/.m2/repository/org/apache/calcite/calcite-core/1.27.0/calcite-core-1.27.0.jar:/home/alex/.m2/repository/org/apache/calcite/calcite-linq4j/1.27.0/calcite-linq4j-1.27.0.jar:/home/alex/.m2/repository/com/esri/geometry/esri-geometry-api/2.2.0/esri-geometry-api-2.2.0.jar:/home/alex/.m2/repository/org/apache/calcite/avatica/avatica-core/1.18.0/avatica-core-1.18.0.jar:/home/alex/.m2/repository/org/apache/calcite/avatica/avatica-metrics/1.18.0/avatica-metrics-1.18.0.jar:/home/alex/.m2/repository/com/google/protobuf/protobuf-java/3.6.1/protobuf-java-3.6.1.jar:/home/alex/.m2/repository/org/apiguardian/apiguardian-api/1.1.0/apiguardian-api-1.1.0.jar:/home/alex/.m2/repository/com/fasterxml/jackson/dataformat/jackson-dataformat-yaml/2.10.0/jackson-dataformat-yaml-2.10.0.jar:/home/alex/.m2/repository/org/yaml/snakeyaml/1.29/snakeyaml-1.29.jar:/home/alex/.m2/repository/com/google/uzaygezen/uzaygezen-core/0.2/uzaygezen-core-0.2.jar:/home/alex/.m2/repository/com/yahoo/datasketches/sketches-core/0.9.0/sketches-core-0.9.0.jar:/home/alex/.m2/repository/com/yahoo/datasketches/memory/0.9.0/memory-0.9.0.jar:/home/alex/.m2/repository/net/hydromatic/aggdesigner-algorithm/6.0/aggdesigner-algorithm-6.0.jar:/home/alex/.m2/repository/commons-lang/commons-lang/2.4/commons-lang-2.4.jar:/home/alex/.m2/repository/org/apache/commons/commons-dbcp2/2.6.0/commons-dbcp2-2.6.0.jar:/home/alex/.m2/repository/org/apache/commons/commons-pool2/2.6.1/commons-pool2-2.6.1.jar:/home/alex/.m2/repository/org/codehaus/janino/commons-compiler/3.0.11/commons-compiler-3.0.11.jar:/home/alex/.m2/repository/org/codehaus/janino/janino/3.0.11/janino-3.0.11.jar:/home/alex/Repositories/nifi/nifi-nar-bundles/nifi-standard-services/nifi-schema-registry-service-api/target/classes:/home/alex/Repositories/nifi/nifi-nar-bundles/nifi-extension-utils/nifi-database-utils/target/classes:/home/alex/Repositories/nifi/nifi-nar-bundles/nifi-standard-bundle/nifi-standard-web-test-utils/target/classes:/home/alex/.m2/repository/com/github/stefanbirkner/fake-sftp-server-rule/2.0.1/fake-sftp-server-rule-2.0.1.jar:/home/alex/.m2/repository/com/github/marschall/memoryfilesystem/2.8.0/memoryfilesystem-2.8.0.jar:/home/alex/.m2/repository/junit/junit/4.13.2/junit-4.13.2.jar:/home/alex/.m2/repository/org/hamcrest/hamcrest-core/1.3/hamcrest-core-1.3.jar:/home/alex/Repositories/nifi/nifi-nar-bundles/nifi-extension-utils/nifi-database-test-utils/target/classes:/home/alex/.m2/repository/org/codehaus/groovy/groovy-json/2.5.14/groovy-json-2.5.14.jar:/home/alex/.m2/repository/org/codehaus/groovy/groovy/2.5.14/groovy-2.5.14.jar:/home/alex/.m2/repository/org/codehaus/groovy/groovy-servlet/2.5.14/groovy-servlet-2.5.14.jar:/home/alex/.m2/repository/org/codehaus/groovy/groovy-templates/2.5.14/groovy-templates-2.5.14.jar:/home/alex/.m2/repository/org/codehaus/groovy/groovy-xml/2.5.14/groovy-xml-2.5.14.jar:/home/alex/.m2/repository/org/hamcrest/hamcrest-all/1.3/hamcrest-all-1.3.jar:/home/alex/.m2/repository/com/squareup/okhttp3/mockwebserver/4.9.2/mockwebserver-4.9.2.jar:/home/alex/.m2/repository/org/jetbrains/kotlin/kotlin-stdlib-jdk8/1.4.10/kotlin-stdlib-jdk8-1.4.10.jar:/home/alex/.m2/repository/org/jetbrains/kotlin/kotlin-stdlib-jdk7/1.4.10/kotlin-stdlib-jdk7-1.4.10.jar:/home/alex/.m2/repository/org/mockito/mockito-inline/3.12.4/mockito-inline-3.12.4.jar:/home/alex/.m2/repository/org/junit/jupiter/junit-jupiter-api/5.7.2/junit-jupiter-api-5.7.2.jar:/home/alex/.m2/repository/org/opentest4j/opentest4j/1.2.0/opentest4j-1.2.0.jar:/home/alex/.m2/repository/org/junit/platform/junit-platform-commons/1.7.2/junit-platform-commons-1.7.2.jar:/home/alex/.m2/repository/org/junit/jupiter/junit-jupiter-engine/5.7.2/junit-jupiter-engine-5.7.2.jar:/home/alex/.m2/repository/org/junit/platform/junit-platform-engine/1.7.2/junit-platform-engine-1.7.2.jar:/home/alex/.m2/repository/org/junit/vintage/junit-vintage-engine/5.7.2/junit-vintage-engine-5.7.2.jar:/home/alex/.m2/repository/org/junit/jupiter/junit-jupiter-params/5.7.2/junit-jupiter-params-5.7.2.jar:/home/alex/.m2/repository/org/mockito/mockito-core/3.11.2/mockito-core-3.11.2.jar:/home/alex/.m2/repository/net/bytebuddy/byte-buddy/1.11.3/byte-buddy-1.11.3.jar:/home/alex/.m2/repository/net/bytebuddy/byte-buddy-agent/1.11.3/byte-buddy-agent-1.11.3.jar:/home/alex/.m2/repository/org/objenesis/objenesis/3.2/objenesis-3.2.jar:/home/alex/.m2/repository/org/mockito/mockito-junit-jupiter/3.11.2/mockito-junit-jupiter-3.11.2.jar:/home/alex/.m2/repository/org/slf4j/slf4j-simple/1.7.32/slf4j-simple-1.7.32.jar:/home/alex/.m2/repository/org/codehaus/groovy/groovy-test/2.5.14/groovy-test-2.5.14.jar:"/>
    <property name="java.vm.vendor" value="Private Build"/>
    <property name="sun.arch.data.model" value="64"/>
    <property name="java.vendor.url" value="http://java.oracle.com/"/>
    <property name="user.timezone" value="Europe/Lisbon"/>
    <property name="java.vm.specification.version" value="1.8"/>
    <property name="os.name" value="Linux"/>
    <property name="user.country" value="US"/>
    <property name="sun.java.launcher" value="SUN_STANDARD"/>
    <property name="sun.boot.library.path" value="/usr/lib/jvm/java-8-openjdk-amd64/jre/lib/amd64"/>
    <property name="sun.java.command" value="/home/alex/Repositories/nifi/nifi-nar-bundles/nifi-standard-bundle/nifi-standard-processors/target/surefire/surefirebooter7473415933682638322.jar /home/alex/Repositories/nifi/nifi-nar-bundles/nifi-standard-bundle/nifi-standard-processors/target/surefire 2024-05-02T02-37-14_149-jvmRun1 surefire6139189294397462573tmp surefire_693674938239097471618tmp"/>
    <property name="org.slf4j.simpleLogger.log.nifi.io.nio" value="debug"/>
    <property name="surefire.test.class.path" value="/home/alex/Repositories/nifi/nifi-nar-bundles/nifi-standard-bundle/nifi-standard-processors/target/test-classes:/home/alex/Repositories/nifi/nifi-nar-bundles/nifi-standard-bundle/nifi-standard-processors/target/classes:/home/alex/.m2/repository/org/apache/ftpserver/ftpserver-core/1.1.1/ftpserver-core-1.1.1.jar:/home/alex/.m2/repository/org/apache/ftpserver/ftplet-api/1.1.1/ftplet-api-1.1.1.jar:/home/alex/.m2/repository/org/slf4j/slf4j-api/1.7.32/slf4j-api-1.7.32.jar:/home/alex/.m2/repository/org/apache/mina/mina-core/2.0.16/mina-core-2.0.16.jar:/home/alex/Repositories/nifi/nifi-api/target/classes:/home/alex/Repositories/nifi/nifi-commons/nifi-expression-language/target/classes:/home/alex/.m2/repository/org/antlr/antlr-runtime/3.5.2/antlr-runtime-3.5.2.jar:/home/alex/Repositories/nifi/nifi-commons/nifi-parameter/target/classes:/home/alex/Repositories/nifi/nifi-commons/nifi-uuid5/target/classes:/home/alex/.m2/repository/org/apache/commons/commons-text/1.8/commons-text-1.8.jar:/home/alex/Repositories/nifi/nifi-nar-bundles/nifi-extension-utils/nifi-processor-utils/target/classes:/home/alex/Repositories/nifi/nifi-commons/nifi-security-socket-ssl/target/classes:/home/alex/Repositories/nifi/nifi-nar-bundles/nifi-extension-utils/nifi-event-transport/target/classes:/home/alex/.m2/repository/io/netty/netty-handler/4.1.69.Final/netty-handler-4.1.69.Final.jar:/home/alex/.m2/repository/io/netty/netty-common/4.1.69.Final/netty-common-4.1.69.Final.jar:/home/alex/.m2/repository/io/netty/netty-resolver/4.1.69.Final/netty-resolver-4.1.69.Final.jar:/home/alex/.m2/repository/io/netty/netty-transport/4.1.69.Final/netty-transport-4.1.69.Final.jar:/home/alex/.m2/repository/io/netty/netty-codec/4.1.69.Final/netty-codec-4.1.69.Final.jar:/home/alex/Repositories/nifi/nifi-nar-bundles/nifi-extension-utils/nifi-syslog-utils/target/classes:/home/alex/.m2/repository/com/github/palindromicity/simple-syslog-5424/0.0.16/simple-syslog-5424-0.0.16.jar:/home/alex/.m2/repository/org/antlr/antlr4-runtime/4.7.2/antlr4-runtime-4.7.2.jar:/home/alex/Repositories/nifi/nifi-commons/nifi-utils/target/classes:/home/alex/Repositories/nifi/nifi-commons/nifi-record-path/target/classes:/home/alex/Repositories/nifi/nifi-commons/nifi-properties/target/classes:/home/alex/Repositories/nifi/nifi-commons/nifi-property-utils/target/classes:/home/alex/.m2/repository/com/github/ben-manes/caffeine/caffeine/2.8.1/caffeine-2.8.1.jar:/home/alex/Repositories/nifi/nifi-nar-bundles/nifi-standard-services/nifi-ssl-context-service-api/target/classes:/home/alex/Repositories/nifi/nifi-commons/nifi-security-utils-api/target/classes:/home/alex/Repositories/nifi/nifi-nar-bundles/nifi-standard-services/nifi-lookup-service-api/target/classes:/home/alex/Repositories/nifi/nifi-commons/nifi-flowfile-packager/target/classes:/home/alex/Repositories/nifi/nifi-nar-bundles/nifi-standard-services/nifi-distributed-cache-client-service-api/target/classes:/home/alex/Repositories/nifi/nifi-nar-bundles/nifi-standard-services/nifi-http-context-map-api/target/classes:/home/alex/Repositories/nifi/nifi-nar-bundles/nifi-standard-services/nifi-record-serialization-service-api/target/classes:/home/alex/Repositories/nifi/nifi-nar-bundles/nifi-standard-services/nifi-proxy-configuration-api/target/classes:/home/alex/Repositories/nifi/nifi-commons/nifi-record/target/classes:/home/alex/Repositories/nifi/nifi-nar-bundles/nifi-standard-services/nifi-record-sink-api/target/classes:/home/alex/.m2/repository/commons-io/commons-io/2.10.0/commons-io-2.10.0.jar:/home/alex/.m2/repository/javax/ws/rs/javax.ws.rs-api/2.1/javax.ws.rs-api-2.1.jar:/home/alex/.m2/repository/commons-net/commons-net/3.6/commons-net-3.6.jar:/home/alex/.m2/repository/org/apache/commons/commons-compress/1.21/commons-compress-1.21.jar:/home/alex/.m2/repository/org/apache/commons/commons-lang3/3.9/commons-lang3-3.9.jar:/home/alex/.m2/repository/org/bouncycastle/bcprov-jdk15on/1.69/bcprov-jdk15on-1.69.jar:/home/alex/.m2/repository/org/bouncycastle/bcpg-jdk15on/1.69/bcpg-jdk15on-1.69.jar:/home/alex/.m2/repository/org/bouncycastle/bcpkix-jdk15on/1.69/bcpkix-jdk15on-1.69.jar:/home/alex/.m2/repository/org/bouncycastle/bcutil-jdk15on/1.69/bcutil-jdk15on-1.69.jar:/home/alex/.m2/repository/commons-codec/commons-codec/1.14/commons-codec-1.14.jar:/home/alex/Repositories/nifi/nifi-commons/nifi-security-utils/target/classes:/home/alex/Repositories/nifi/nifi-commons/nifi-security-kms/target/classes:/home/alex/.m2/repository/org/apache/commons/commons-configuration2/2.7/commons-configuration2-2.7.jar:/home/alex/.m2/repository/com/hierynomus/sshj/0.32.0/sshj-0.32.0.jar:/home/alex/.m2/repository/com/jcraft/jzlib/1.1.3/jzlib-1.1.3.jar:/home/alex/.m2/repository/com/hierynomus/asn-one/0.6.0/asn-one-0.6.0.jar:/home/alex/.m2/repository/net/i2p/crypto/eddsa/0.3.0/eddsa-0.3.0.jar:/home/alex/.m2/repository/org/eclipse/jetty/jetty-server/9.4.44.v20210927/jetty-server-9.4.44.v20210927.jar:/home/alex/.m2/repository/javax/servlet/javax.servlet-api/3.1.0/javax.servlet-api-3.1.0.jar:/home/alex/.m2/repository/org/eclipse/jetty/jetty-http/9.4.44.v20210927/jetty-http-9.4.44.v20210927.jar:/home/alex/.m2/repository/org/eclipse/jetty/jetty-util/9.4.44.v20210927/jetty-util-9.4.44.v20210927.jar:/home/alex/.m2/repository/org/eclipse/jetty/jetty-io/9.4.44.v20210927/jetty-io-9.4.44.v20210927.jar:/home/alex/.m2/repository/org/eclipse/jetty/jetty-servlet/9.4.44.v20210927/jetty-servlet-9.4.44.v20210927.jar:/home/alex/.m2/repository/org/eclipse/jetty/jetty-security/9.4.44.v20210927/jetty-security-9.4.44.v20210927.jar:/home/alex/.m2/repository/org/eclipse/jetty/jetty-util-ajax/9.4.44.v20210927/jetty-util-ajax-9.4.44.v20210927.jar:/home/alex/.m2/repository/org/apache/httpcomponents/httpclient/4.5.5/httpclient-4.5.5.jar:/home/alex/.m2/repository/commons-logging/commons-logging/1.2/commons-logging-1.2.jar:/home/alex/.m2/repository/org/apache/httpcomponents/httpcore/4.4.9/httpcore-4.4.9.jar:/home/alex/.m2/repository/jakarta/activation/jakarta.activation-api/2.0.1/jakarta.activation-api-2.0.1.jar:/home/alex/.m2/repository/com/sun/activation/jakarta.activation/2.0.1/jakarta.activation-2.0.1.jar:/home/alex/.m2/repository/jakarta/mail/jakarta.mail-api/2.0.1/jakarta.mail-api-2.0.1.jar:/home/alex/.m2/repository/com/sun/mail/jakarta.mail/2.0.1/jakarta.mail-2.0.1.jar:/home/alex/.m2/repository/com/github/jponge/lzma-java/1.3/lzma-java-1.3.jar:/home/alex/.m2/repository/org/tukaani/xz/1.8/xz-1.8.jar:/home/alex/.m2/repository/net/sf/saxon/Saxon-HE/10.6/Saxon-HE-10.6.jar:/home/alex/Repositories/nifi/nifi-commons/nifi-socket-utils/target/classes:/home/alex/Repositories/nifi/nifi-commons/nifi-logging-utils/target/classes:/home/alex/Repositories/nifi/nifi-nar-bundles/nifi-standard-services/nifi-load-distribution-service-api/target/classes:/home/alex/.m2/repository/javax/jms/javax.jms-api/2.0.1/javax.jms-api-2.0.1.jar:/home/alex/.m2/repository/org/apache/activemq/activemq-client/5.15.15/activemq-client-5.15.15.jar:/home/alex/.m2/repository/org/apache/geronimo/specs/geronimo-jms_1.1_spec/1.1.1/geronimo-jms_1.1_spec-1.1.1.jar:/home/alex/.m2/repository/org/fusesource/hawtbuf/hawtbuf/1.11/hawtbuf-1.11.jar:/home/alex/.m2/repository/org/apache/geronimo/specs/geronimo-j2ee-management_1.1_spec/1.0.1/geronimo-j2ee-management_1.1_spec-1.0.1.jar:/home/alex/.m2/repository/com/jayway/jsonpath/json-path/2.6.0/json-path-2.6.0.jar:/home/alex/.m2/repository/net/minidev/json-smart/2.4.7/json-smart-2.4.7.jar:/home/alex/.m2/repository/net/minidev/accessors-smart/2.4.7/accessors-smart-2.4.7.jar:/home/alex/.m2/repository/org/ow2/asm/asm/9.1/asm-9.1.jar:/home/alex/.m2/repository/org/apache/tika/tika-core/1.26/tika-core-1.26.jar:/home/alex/.m2/repository/com/fasterxml/jackson/core/jackson-databind/2.12.3/jackson-databind-2.12.3.jar:/home/alex/.m2/repository/com/fasterxml/jackson/core/jackson-annotations/2.12.3/jackson-annotations-2.12.3.jar:/home/alex/.m2/repository/com/fasterxml/jackson/core/jackson-core/2.12.3/jackson-core-2.12.3.jar:/home/alex/Repositories/nifi/nifi-nar-bundles/nifi-extension-utils/nifi-record-utils/nifi-avro-record-utils/target/classes:/home/alex/Repositories/nifi/nifi-nar-bundles/nifi-extension-utils/nifi-record-utils/nifi-standard-record-utils/target/classes:/home/alex/.m2/repository/org/apache/avro/avro/1.8.1/avro-1.8.1.jar:/home/alex/.m2/repository/org/codehaus/jackson/jackson-core-asl/1.9.13/jackson-core-asl-1.9.13.jar:/home/alex/.m2/repository/org/codehaus/jackson/jackson-mapper-asl/1.9.13/jackson-mapper-asl-1.9.13.jar:/home/alex/.m2/repository/com/thoughtworks/paranamer/paranamer/2.7/paranamer-2.7.jar:/home/alex/Repositories/nifi/nifi-nar-bundles/nifi-standard-services/nifi-dbcp-service-api/target/classes:/home/alex/.m2/repository/com/squareup/okhttp3/okhttp/4.9.2/okhttp-4.9.2.jar:/home/alex/.m2/repository/com/squareup/okio/okio/2.8.0/okio-2.8.0.jar:/home/alex/.m2/repository/org/jetbrains/kotlin/kotlin-stdlib-common/1.4.0/kotlin-stdlib-common-1.4.0.jar:/home/alex/.m2/repository/org/jetbrains/kotlin/kotlin-stdlib/1.4.10/kotlin-stdlib-1.4.10.jar:/home/alex/.m2/repository/org/jetbrains/annotations/13.0/annotations-13.0.jar:/home/alex/.m2/repository/io/github/rburgst/okhttp-digest/2.5/okhttp-digest-2.5.jar:/home/alex/.m2/repository/at/favre/lib/bcrypt/0.9.0/bcrypt-0.9.0.jar:/home/alex/.m2/repository/at/favre/lib/bytes/1.3.0/bytes-1.3.0.jar:/home/alex/.m2/repository/com/google/guava/guava/28.0-jre/guava-28.0-jre.jar:/home/alex/.m2/repository/com/google/guava/failureaccess/1.0.1/failureaccess-1.0.1.jar:/home/alex/.m2/repository/com/google/guava/listenablefuture/9999.0-empty-to-avoid-conflict-with-guava/listenablefuture-9999.0-empty-to-avoid-conflict-with-guava.jar:/home/alex/.m2/repository/com/google/code/findbugs/jsr305/3.0.2/jsr305-3.0.2.jar:/home/alex/.m2/repository/org/checkerframework/checker-qual/2.8.1/checker-qual-2.8.1.jar:/home/alex/.m2/repository/com/google/errorprone/error_prone_annotations/2.3.2/error_prone_annotations-2.3.2.jar:/home/alex/.m2/repository/com/google/j2objc/j2objc-annotations/1.3/j2objc-annotations-1.3.jar:/home/alex/.m2/repository/org/codehaus/mojo/animal-sniffer-annotations/1.17/animal-sniffer-annotations-1.17.jar:/home/alex/Repositories/nifi/nifi-mock/target/classes:/home/alex/Repositories/nifi/nifi-framework-api/target/classes:/home/alex/Repositories/nifi/nifi-nar-bundles/nifi-framework-bundle/nifi-framework/nifi-framework-core-api/target/classes:/home/alex/Repositories/nifi/nifi-nar-bundles/nifi-framework-bundle/nifi-framework/nifi-framework-nar-utils/target/classes:/home/alex/Repositories/nifi/nifi-nar-bundles/nifi-framework-bundle/nifi-framework/nifi-client-dto/target/classes:/home/alex/.m2/repository/io/swagger/swagger-annotations/1.6.0/swagger-annotations-1.6.0.jar:/home/alex/Repositories/nifi/nifi-commons/nifi-site-to-site-client/target/classes:/home/alex/.m2/repository/org/apache/httpcomponents/httpasyncclient/4.1.4/httpasyncclient-4.1.4.jar:/home/alex/.m2/repository/org/apache/httpcomponents/httpcore-nio/4.4.10/httpcore-nio-4.4.10.jar:/home/alex/Repositories/nifi/nifi-nar-bundles/nifi-framework-bundle/nifi-framework/nifi-framework-authorization/target/classes:/home/alex/Repositories/nifi/nifi-registry/nifi-registry-core/nifi-registry-data-model/target/classes:/home/alex/Repositories/nifi/nifi-registry/nifi-registry-core/nifi-registry-revision/nifi-registry-revision-entity-model/target/classes:/home/alex/Repositories/nifi/nifi-registry/nifi-registry-core/nifi-registry-client/target/classes:/home/alex/Repositories/nifi/nifi-registry/nifi-registry-core/nifi-registry-security-utils/target/classes:/home/alex/.m2/repository/org/glassfish/jersey/core/jersey-client/2.33/jersey-client-2.33.jar:/home/alex/.m2/repository/jakarta/ws/rs/jakarta.ws.rs-api/2.1.6/jakarta.ws.rs-api-2.1.6.jar:/home/alex/.m2/repository/org/glassfish/hk2/external/jakarta.inject/2.6.1/jakarta.inject-2.6.1.jar:/home/alex/.m2/repository/org/glassfish/jersey/media/jersey-media-json-jackson/2.33/jersey-media-json-jackson-2.33.jar:/home/alex/.m2/repository/org/glassfish/jersey/ext/jersey-entity-filtering/2.33/jersey-entity-filtering-2.33.jar:/home/alex/.m2/repository/org/glassfish/jersey/inject/jersey-hk2/2.33/jersey-hk2-2.33.jar:/home/alex/.m2/repository/org/glassfish/hk2/hk2-locator/2.6.1/hk2-locator-2.6.1.jar:/home/alex/.m2/repository/org/glassfish/hk2/external/aopalliance-repackaged/2.6.1/aopalliance-repackaged-2.6.1.jar:/home/alex/.m2/repository/org/glassfish/hk2/hk2-api/2.6.1/hk2-api-2.6.1.jar:/home/alex/.m2/repository/org/glassfish/hk2/hk2-utils/2.6.1/hk2-utils-2.6.1.jar:/home/alex/.m2/repository/org/javassist/javassist/3.25.0-GA/javassist-3.25.0-GA.jar:/home/alex/.m2/repository/org/glassfish/jersey/core/jersey-common/2.33/jersey-common-2.33.jar:/home/alex/.m2/repository/jakarta/annotation/jakarta.annotation-api/1.3.5/jakarta.annotation-api-1.3.5.jar:/home/alex/.m2/repository/org/glassfish/hk2/osgi-resource-locator/1.0.3/osgi-resource-locator-1.0.3.jar:/home/alex/.m2/repository/org/glassfish/jersey/media/jersey-media-multipart/2.33/jersey-media-multipart-2.33.jar:/home/alex/.m2/repository/org/jvnet/mimepull/mimepull/1.9.13/mimepull-1.9.13.jar:/home/alex/Repositories/nifi/nifi-commons/nifi-data-provenance-utils/target/classes:/home/alex/Repositories/nifi/nifi-nar-bundles/nifi-standard-services/nifi-distributed-cache-services-bundle/nifi-distributed-cache-client-service/target/classes:/home/alex/Repositories/nifi/nifi-nar-bundles/nifi-standard-services/nifi-distributed-cache-services-bundle/nifi-distributed-cache-protocol/target/classes:/home/alex/.m2/repository/io/netty/netty-buffer/4.1.69.Final/netty-buffer-4.1.69.Final.jar:/home/alex/.m2/repository/com/google/http-client/google-http-client/1.28.0/google-http-client-1.28.0.jar:/home/alex/.m2/repository/io/opencensus/opencensus-api/0.18.0/opencensus-api-0.18.0.jar:/home/alex/.m2/repository/io/grpc/grpc-context/1.14.0/grpc-context-1.14.0.jar:/home/alex/.m2/repository/io/opencensus/opencensus-contrib-http-util/0.18.0/opencensus-contrib-http-util-0.18.0.jar:/home/alex/.m2/repository/org/apache/activemq/activemq-broker/5.15.14/activemq-broker-5.15.14.jar:/home/alex/.m2/repository/org/apache/activemq/activemq-openwire-legacy/5.15.14/activemq-openwire-legacy-5.15.14.jar:/home/alex/Repositories/nifi/nifi-nar-bundles/nifi-standard-services/nifi-ssl-context-bundle/nifi-ssl-context-service/target/classes:/home/alex/Repositories/nifi/nifi-nar-bundles/nifi-framework-bundle/nifi-framework/nifi-standard-prioritizers/target/classes:/home/alex/Repositories/nifi/nifi-nar-bundles/nifi-extension-utils/nifi-record-utils/nifi-mock-record-utils/target/classes:/home/alex/Repositories/nifi/nifi-nar-bundles/nifi-standard-services/nifi-record-serialization-services-bundle/nifi-record-serialization-services/target/classes:/home/alex/.m2/repository/org/apache/commons/commons-csv/1.8/commons-csv-1.8.jar:/home/alex/.m2/repository/com/fasterxml/jackson/dataformat/jackson-dataformat-csv/2.12.3/jackson-dataformat-csv-2.12.3.jar:/home/alex/.m2/repository/net/java/dev/stax-utils/stax-utils/20070216/stax-utils-20070216.jar:/home/alex/Repositories/nifi/nifi-nar-bundles/nifi-standard-services/nifi-lookup-services-bundle/nifi-lookup-services/target/classes:/home/alex/.m2/repository/commons-beanutils/commons-beanutils/1.9.4/commons-beanutils-1.9.4.jar:/home/alex/.m2/repository/commons-collections/commons-collections/3.2.2/commons-collections-3.2.2.jar:/home/alex/.m2/repository/com/maxmind/geoip2/geoip2/2.12.0/geoip2-2.12.0.jar:/home/alex/.m2/repository/com/maxmind/db/maxmind-db/1.2.2/maxmind-db-1.2.2.jar:/home/alex/.m2/repository/org/apache/derby/derby/10.14.2.0/derby-10.14.2.0.jar:/home/alex/.m2/repository/org/xerial/snappy/snappy-java/1.1.7.3/snappy-java-1.1.7.3.jar:/home/alex/.m2/repository/net/lingala/zip4j/zip4j/2.8.0/zip4j-2.8.0.jar:/home/alex/.m2/repository/com/h2database/h2/1.4.187/h2-1.4.187.jar:/home/alex/.m2/repository/org/mockftpserver/MockFtpServer/2.7.1/MockFtpServer-2.7.1.jar:/home/alex/.m2/repository/org/apache/sshd/sshd-core/1.7.0/sshd-core-1.7.0.jar:/home/alex/.m2/repository/com/bazaarvoice/jolt/jolt-core/0.1.1/jolt-core-0.1.1.jar:/home/alex/.m2/repository/javax/inject/javax.inject/1/javax.inject-1.jar:/home/alex/.m2/repository/com/bazaarvoice/jolt/json-utils/0.1.1/json-utils-0.1.1.jar:/home/alex/Repositories/nifi/nifi-nar-bundles/nifi-standard-bundle/nifi-standard-utils/target/classes:/home/alex/.m2/repository/net/sf/supercsv/super-csv/2.4.0/super-csv-2.4.0.jar:/home/alex/.m2/repository/com/fluenda/parcefone/2.1.0/parcefone-2.1.0.jar:/home/alex/.m2/repository/javax/validation/validation-api/1.1.0.Final/validation-api-1.1.0.Final.jar:/home/alex/.m2/repository/javax/el/javax.el-api/3.0.0/javax.el-api-3.0.0.jar:/home/alex/.m2/repository/com/github/wnameless/json/json-flattener/0.12.0/json-flattener-0.12.0.jar:/home/alex/.m2/repository/com/github/wnameless/json/json-base/2.0.0/json-base-2.0.0.jar:/home/alex/.m2/repository/org/apache/bval/bval-jsr/1.1.2/bval-jsr-1.1.2.jar:/home/alex/.m2/repository/org/apache/bval/bval-core/1.1.2/bval-core-1.1.2.jar:/home/alex/.m2/repository/io/krakens/java-grok/0.1.9/java-grok-0.1.9.jar:/home/alex/.m2/repository/org/apache/calcite/calcite-core/1.27.0/calcite-core-1.27.0.jar:/home/alex/.m2/repository/org/apache/calcite/calcite-linq4j/1.27.0/calcite-linq4j-1.27.0.jar:/home/alex/.m2/repository/com/esri/geometry/esri-geometry-api/2.2.0/esri-geometry-api-2.2.0.jar:/home/alex/.m2/repository/org/apache/calcite/avatica/avatica-core/1.18.0/avatica-core-1.18.0.jar:/home/alex/.m2/repository/org/apache/calcite/avatica/avatica-metrics/1.18.0/avatica-metrics-1.18.0.jar:/home/alex/.m2/repository/com/google/protobuf/protobuf-java/3.6.1/protobuf-java-3.6.1.jar:/home/alex/.m2/repository/org/apiguardian/apiguardian-api/1.1.0/apiguardian-api-1.1.0.jar:/home/alex/.m2/repository/com/fasterxml/jackson/dataformat/jackson-dataformat-yaml/2.10.0/jackson-dataformat-yaml-2.10.0.jar:/home/alex/.m2/repository/org/yaml/snakeyaml/1.29/snakeyaml-1.29.jar:/home/alex/.m2/repository/com/google/uzaygezen/uzaygezen-core/0.2/uzaygezen-core-0.2.jar:/home/alex/.m2/repository/com/yahoo/datasketches/sketches-core/0.9.0/sketches-core-0.9.0.jar:/home/alex/.m2/repository/com/yahoo/datasketches/memory/0.9.0/memory-0.9.0.jar:/home/alex/.m2/repository/net/hydromatic/aggdesigner-algorithm/6.0/aggdesigner-algorithm-6.0.jar:/home/alex/.m2/repository/commons-lang/commons-lang/2.4/commons-lang-2.4.jar:/home/alex/.m2/repository/org/apache/commons/commons-dbcp2/2.6.0/commons-dbcp2-2.6.0.jar:/home/alex/.m2/repository/org/apache/commons/commons-pool2/2.6.1/commons-pool2-2.6.1.jar:/home/alex/.m2/repository/org/codehaus/janino/commons-compiler/3.0.11/commons-compiler-3.0.11.jar:/home/alex/.m2/repository/org/codehaus/janino/janino/3.0.11/janino-3.0.11.jar:/home/alex/Repositories/nifi/nifi-nar-bundles/nifi-standard-services/nifi-schema-registry-service-api/target/classes:/home/alex/Repositories/nifi/nifi-nar-bundles/nifi-extension-utils/nifi-database-utils/target/classes:/home/alex/Repositories/nifi/nifi-nar-bundles/nifi-standard-bundle/nifi-standard-web-test-utils/target/classes:/home/alex/.m2/repository/com/github/stefanbirkner/fake-sftp-server-rule/2.0.1/fake-sftp-server-rule-2.0.1.jar:/home/alex/.m2/repository/com/github/marschall/memoryfilesystem/2.8.0/memoryfilesystem-2.8.0.jar:/home/alex/.m2/repository/junit/junit/4.13.2/junit-4.13.2.jar:/home/alex/.m2/repository/org/hamcrest/hamcrest-core/1.3/hamcrest-core-1.3.jar:/home/alex/Repositories/nifi/nifi-nar-bundles/nifi-extension-utils/nifi-database-test-utils/target/classes:/home/alex/.m2/repository/org/codehaus/groovy/groovy-json/2.5.14/groovy-json-2.5.14.jar:/home/alex/.m2/repository/org/codehaus/groovy/groovy/2.5.14/groovy-2.5.14.jar:/home/alex/.m2/repository/org/codehaus/groovy/groovy-servlet/2.5.14/groovy-servlet-2.5.14.jar:/home/alex/.m2/repository/org/codehaus/groovy/groovy-templates/2.5.14/groovy-templates-2.5.14.jar:/home/alex/.m2/repository/org/codehaus/groovy/groovy-xml/2.5.14/groovy-xml-2.5.14.jar:/home/alex/.m2/repository/org/hamcrest/hamcrest-all/1.3/hamcrest-all-1.3.jar:/home/alex/.m2/repository/com/squareup/okhttp3/mockwebserver/4.9.2/mockwebserver-4.9.2.jar:/home/alex/.m2/repository/org/jetbrains/kotlin/kotlin-stdlib-jdk8/1.4.10/kotlin-stdlib-jdk8-1.4.10.jar:/home/alex/.m2/repository/org/jetbrains/kotlin/kotlin-stdlib-jdk7/1.4.10/kotlin-stdlib-jdk7-1.4.10.jar:/home/alex/.m2/repository/org/mockito/mockito-inline/3.12.4/mockito-inline-3.12.4.jar:/home/alex/.m2/repository/org/junit/jupiter/junit-jupiter-api/5.7.2/junit-jupiter-api-5.7.2.jar:/home/alex/.m2/repository/org/opentest4j/opentest4j/1.2.0/opentest4j-1.2.0.jar:/home/alex/.m2/repository/org/junit/platform/junit-platform-commons/1.7.2/junit-platform-commons-1.7.2.jar:/home/alex/.m2/repository/org/junit/jupiter/junit-jupiter-engine/5.7.2/junit-jupiter-engine-5.7.2.jar:/home/alex/.m2/repository/org/junit/platform/junit-platform-engine/1.7.2/junit-platform-engine-1.7.2.jar:/home/alex/.m2/repository/org/junit/vintage/junit-vintage-engine/5.7.2/junit-vintage-engine-5.7.2.jar:/home/alex/.m2/repository/org/junit/jupiter/junit-jupiter-params/5.7.2/junit-jupiter-params-5.7.2.jar:/home/alex/.m2/repository/org/mockito/mockito-core/3.11.2/mockito-core-3.11.2.jar:/home/alex/.m2/repository/net/bytebuddy/byte-buddy/1.11.3/byte-buddy-1.11.3.jar:/home/alex/.m2/repository/net/bytebuddy/byte-buddy-agent/1.11.3/byte-buddy-agent-1.11.3.jar:/home/alex/.m2/repository/org/objenesis/objenesis/3.2/objenesis-3.2.jar:/home/alex/.m2/repository/org/mockito/mockito-junit-jupiter/3.11.2/mockito-junit-jupiter-3.11.2.jar:/home/alex/.m2/repository/org/slf4j/slf4j-simple/1.7.32/slf4j-simple-1.7.32.jar:/home/alex/.m2/repository/org/codehaus/groovy/groovy-test/2.5.14/groovy-test-2.5.14.jar:"/>
    <property name="sun.cpu.endian" value="little"/>
    <property name="user.home" value="/home/alex"/>
    <property name="user.language" value="en"/>
    <property name="java.specification.vendor" value="Oracle Corporation"/>
    <property name="java.home" value="/usr/lib/jvm/java-8-openjdk-amd64/jre"/>
    <property name="basedir" value="/home/alex/Repositories/nifi/nifi-nar-bundles/nifi-standard-bundle/nifi-standard-processors"/>
    <property name="file.separator" value="/"/>
    <property name="line.separator" value="&#10;"/>
    <property name="java.vm.specification.vendor" value="Oracle Corporation"/>
    <property name="java.specification.name" value="Java Platform API Specification"/>
    <property name="derby.stream.error.file" value="target/derby.log"/>
    <property name="java.awt.graphicsenv" value="sun.awt.X11GraphicsEnvironment"/>
    <property name="org.slf4j.simpleLogger.log.org.apache.nifi.processors.standard.SQLTransform" value="debug"/>
    <property name="java.awt.headless" value="true"/>
    <property name="org.slf4j.simpleLogger.showDateTime" value="true"/>
    <property name="surefire.real.class.path" value="/home/alex/Repositories/nifi/nifi-nar-bundles/nifi-standard-bundle/nifi-standard-processors/target/surefire/surefirebooter7473415933682638322.jar"/>
    <property name="sun.boot.class.path" value="/usr/lib/jvm/java-8-openjdk-amd64/jre/lib/resources.jar:/usr/lib/jvm/java-8-openjdk-amd64/jre/lib/rt.jar:/usr/lib/jvm/java-8-openjdk-amd64/jre/lib/sunrsasign.jar:/usr/lib/jvm/java-8-openjdk-amd64/jre/lib/jsse.jar:/usr/lib/jvm/java-8-openjdk-amd64/jre/lib/jce.jar:/usr/lib/jvm/java-8-openjdk-amd64/jre/lib/charsets.jar:/usr/lib/jvm/java-8-openjdk-amd64/jre/lib/jfr.jar:/usr/lib/jvm/java-8-openjdk-amd64/jre/classes"/>
    <property name="sun.management.compiler" value="HotSpot 64-Bit Tiered Compilers"/>
    <property name="java.runtime.version" value="1.8.0_402-8u402-ga-2ubuntu1~22.04-b06"/>
    <property name="java.net.preferIPv4Stack" value="true"/>
    <property name="user.name" value="alex"/>
    <property name="path.separator" value=":"/>
    <property name="os.version" value="6.5.0-28-generic"/>
    <property name="java.endorsed.dirs" value="/usr/lib/jvm/java-8-openjdk-amd64/jre/lib/endorsed"/>
    <property name="java.runtime.name" value="OpenJDK Runtime Environment"/>
    <property name="file.encoding" value="UTF-8"/>
    <property name="sun.nio.ch.bugLevel" value=""/>
    <property name="java.vm.name" value="OpenJDK 64-Bit Server VM"/>
    <property name="localRepository" value="/home/alex/.m2/repository"/>
    <property name="java.vendor.url.bug" value="http://bugreport.sun.com/bugreport/"/>
    <property name="java.io.tmpdir" value="/tmp"/>
    <property name="java.version" value="1.8.0_402"/>
    <property name="user.dir" value="/home/alex/Repositories/nifi/nifi-nar-bundles/nifi-standard-bundle/nifi-standard-processors"/>
    <property name="os.arch" value="amd64"/>
    <property name="java.vm.specification.name" value="Java Virtual Machine Specification"/>
    <property name="java.awt.printerjob" value="sun.print.PSPrinterJob"/>
    <property name="sun.os.patch.level" value="unknown"/>
    <property name="org.slf4j.simpleLogger.defaultLogLevel" value="info"/>
    <property name="java.library.path" value="/usr/java/packages/lib/amd64:/usr/lib/x86_64-linux-gnu/jni:/lib/x86_64-linux-gnu:/usr/lib/x86_64-linux-gnu:/usr/lib/jni:/lib:/usr/lib"/>
    <property name="java.vm.info" value="mixed mode"/>
    <property name="java.vendor" value="Private Build"/>
    <property name="java.vm.version" value="25.402-b06"/>
    <property name="java.specification.maintenance.version" value="5"/>
    <property name="java.ext.dirs" value="/usr/lib/jvm/java-8-openjdk-amd64/jre/lib/ext:/usr/java/packages/lib/ext"/>
    <property name="sun.io.unicode.encoding" value="UnicodeLittle"/>
    <property name="java.class.version" value="52.0"/>
  </properties>
  <testcase name="testShouldValidateKeyMaterialSourceWhenKeyedCipherSelected" classname="org.apache.nifi.processors.standard.TestEncryptContentGroovy" time="0.114">
    <system-err><![CDATA[[main] INFO org.apache.nifi.processors.standard.TestEncryptContentGroovy - Testing keyed encryption methods: [AES_CBC, AES_CTR, AES_GCM]
[main] INFO org.apache.nifi.processors.standard.TestEncryptContentGroovy - Using key abababababababababababababababab (128 bits)
[main] INFO org.apache.nifi.processors.standard.TestEncryptContentGroovy - Using password thisIsABadPassword (18 bytes)
[main] INFO org.apache.nifi.processors.standard.TestEncryptContentGroovy - Trying encryption method AES_CBC with KDF NONE
[main] INFO org.apache.nifi.processors.standard.TestEncryptContentGroovy - Setting raw key hex: abababababababababababababababab
[main] INFO org.apache.nifi.processors.standard.TestEncryptContentGroovy - Trying encryption method AES_CBC with KDF BCRYPT
[main] INFO org.apache.nifi.processors.standard.TestEncryptContentGroovy - Setting password: thisIsABadPassword
[main] INFO org.apache.nifi.processors.standard.TestEncryptContentGroovy - Trying encryption method AES_CBC with KDF SCRYPT
[main] INFO org.apache.nifi.processors.standard.TestEncryptContentGroovy - Setting password: thisIsABadPassword
[main] INFO org.apache.nifi.processors.standard.TestEncryptContentGroovy - Trying encryption method AES_CBC with KDF PBKDF2
[main] INFO org.apache.nifi.processors.standard.TestEncryptContentGroovy - Setting password: thisIsABadPassword
[main] INFO org.apache.nifi.processors.standard.TestEncryptContentGroovy - Trying encryption method AES_CBC with KDF ARGON2
[main] INFO org.apache.nifi.processors.standard.TestEncryptContentGroovy - Setting password: thisIsABadPassword
[main] INFO org.apache.nifi.processors.standard.TestEncryptContentGroovy - Trying encryption method AES_CTR with KDF NONE
[main] INFO org.apache.nifi.processors.standard.TestEncryptContentGroovy - Setting raw key hex: abababababababababababababababab
[main] INFO org.apache.nifi.processors.standard.TestEncryptContentGroovy - Trying encryption method AES_CTR with KDF BCRYPT
[main] INFO org.apache.nifi.processors.standard.TestEncryptContentGroovy - Setting password: thisIsABadPassword
[main] INFO org.apache.nifi.processors.standard.TestEncryptContentGroovy - Trying encryption method AES_CTR with KDF SCRYPT
[main] INFO org.apache.nifi.processors.standard.TestEncryptContentGroovy - Setting password: thisIsABadPassword
[main] INFO org.apache.nifi.processors.standard.TestEncryptContentGroovy - Trying encryption method AES_CTR with KDF PBKDF2
[main] INFO org.apache.nifi.processors.standard.TestEncryptContentGroovy - Setting password: thisIsABadPassword
[main] INFO org.apache.nifi.processors.standard.TestEncryptContentGroovy - Trying encryption method AES_CTR with KDF ARGON2
[main] INFO org.apache.nifi.processors.standard.TestEncryptContentGroovy - Setting password: thisIsABadPassword
[main] INFO org.apache.nifi.processors.standard.TestEncryptContentGroovy - Trying encryption method AES_GCM with KDF NONE
[main] INFO org.apache.nifi.processors.standard.TestEncryptContentGroovy - Setting raw key hex: abababababababababababababababab
[main] INFO org.apache.nifi.processors.standard.TestEncryptContentGroovy - Trying encryption method AES_GCM with KDF BCRYPT
[main] INFO org.apache.nifi.processors.standard.TestEncryptContentGroovy - Setting password: thisIsABadPassword
[main] INFO org.apache.nifi.processors.standard.TestEncryptContentGroovy - Trying encryption method AES_GCM with KDF SCRYPT
[main] INFO org.apache.nifi.processors.standard.TestEncryptContentGroovy - Setting password: thisIsABadPassword
[main] INFO org.apache.nifi.processors.standard.TestEncryptContentGroovy - Trying encryption method AES_GCM with KDF PBKDF2
[main] INFO org.apache.nifi.processors.standard.TestEncryptContentGroovy - Setting password: thisIsABadPassword
[main] INFO org.apache.nifi.processors.standard.TestEncryptContentGroovy - Trying encryption method AES_GCM with KDF ARGON2
[main] INFO org.apache.nifi.processors.standard.TestEncryptContentGroovy - Setting password: thisIsABadPassword
]]></system-err>
  </testcase>
  <testcase name="testShouldCheckMaximumLengthOfPasswordOnLimitedStrengthCryptoJVM" classname="org.apache.nifi.processors.standard.TestEncryptContentGroovy" time="0">
    <skipped type="org.junit.AssumptionViolatedException"><![CDATA[org.junit.AssumptionViolatedException: Only run on systems with limited strength crypto
	at org.apache.nifi.processors.standard.TestEncryptContentGroovy.testShouldCheckMaximumLengthOfPasswordOnLimitedStrengthCryptoJVM(TestEncryptContentGroovy.groovy:831)
]]></skipped>
  </testcase>
  <testcase name="testEMShouldDefaultToAES_GCM" classname="org.apache.nifi.processors.standard.TestEncryptContentGroovy" time="0.009"/>
  <testcase name="testShouldValidateKeyFormatAndSizeForAlgorithms" classname="org.apache.nifi.processors.standard.TestEncryptContentGroovy" time="0.024">
    <system-err><![CDATA[[main] INFO org.apache.nifi.processors.standard.TestEncryptContentGroovy - Using key ababababababababababababababab (120 bits)
[main] INFO org.apache.nifi.processors.standard.TestEncryptContentGroovy - [EXPECTED] ['raw-key-hex' is invalid because Key must be valid length [128, 192, 256]. See Admin Guide.]
]]></system-err>
  </testcase>
  <testcase name="testArgon2EncryptionShouldWriteAttributesWithEncryptionMetadata" classname="org.apache.nifi.processors.standard.TestEncryptContentGroovy" time="0.668">
    <system-err><![CDATA[[main] INFO org.apache.nifi.processors.standard.TestEncryptContentGroovy - Attempting encryption with AES_CBC
[pool-604-thread-1] WARN org.apache.nifi.security.util.crypto.AESKeyedCipherProvider - An IV was provided of length 0 bytes for encryption but should be 16 bytes
[pool-604-thread-1] WARN org.apache.nifi.security.util.crypto.AESKeyedCipherProvider - Generating new IV. The value can be obtained in the calling code by invoking 'cipher.getIV()';
[pool-604-thread-1] INFO org.apache.nifi.processors.standard.EncryptContent - EncryptContent[id=34fe3584-b10a-4e0f-a39e-0a478bef6e25] successfully encrypted FlowFile[0,94731820154456.mockFlowFile,115B]
[main] INFO org.apache.nifi.processors.standard.TestEncryptContentGroovy - Successfully encrypted with AES_CBC
[main] INFO org.apache.nifi.processors.standard.TestEncryptContentGroovy - Attribute: encryptcontent.action            : encrypted
[main] INFO org.apache.nifi.processors.standard.TestEncryptContentGroovy - Attribute: encryptcontent.algorithm         : AES_CBC
[main] INFO org.apache.nifi.processors.standard.TestEncryptContentGroovy - Attribute: encryptcontent.cipher_text_length: 115
[main] INFO org.apache.nifi.processors.standard.TestEncryptContentGroovy - Attribute: encryptcontent.iv                : a7da6c84b51c5072316b0d36fb6f3d4f
[main] INFO org.apache.nifi.processors.standard.TestEncryptContentGroovy - Attribute: encryptcontent.iv_length         : 16
[main] INFO org.apache.nifi.processors.standard.TestEncryptContentGroovy - Attribute: encryptcontent.kdf               : ARGON2
[main] INFO org.apache.nifi.processors.standard.TestEncryptContentGroovy - Attribute: encryptcontent.kdf_salt          : $argon2id$v=19$m=65536,t=5,p=8$iqx9hbYPx8c0jo/cY0SnYw
[main] INFO org.apache.nifi.processors.standard.TestEncryptContentGroovy - Attribute: encryptcontent.kdf_salt_length   : 53
[main] INFO org.apache.nifi.processors.standard.TestEncryptContentGroovy - Attribute: encryptcontent.plaintext_length  : 29
[main] INFO org.apache.nifi.processors.standard.TestEncryptContentGroovy - Attribute: encryptcontent.salt              : 8aac7d85b60fc7c7348e8fdc6344a763
[main] INFO org.apache.nifi.processors.standard.TestEncryptContentGroovy - Attribute: encryptcontent.salt_length       : 16
[main] INFO org.apache.nifi.processors.standard.TestEncryptContentGroovy - Attribute: encryptcontent.timestamp         : 2024-05-02 02:45:12.395 +0100
[main] INFO org.apache.nifi.processors.standard.TestEncryptContentGroovy - Attribute: filename                         : 94731820154456.mockFlowFile
[main] INFO org.apache.nifi.processors.standard.TestEncryptContentGroovy - Attribute: path                             : target
[main] INFO org.apache.nifi.processors.standard.TestEncryptContentGroovy - Attribute: uuid                             : b4d8c4a8-ae6a-47ee-890a-15f83e5de2ea
[main] INFO org.apache.nifi.processors.standard.TestEncryptContentGroovy - IV delimiter starts at 77
[main] INFO org.apache.nifi.processors.standard.TestEncryptContentGroovy - Salt delimiter starts at 53
[main] INFO org.apache.nifi.processors.standard.TestEncryptContentGroovy - Extracted full salt (53): $argon2id$v=19$m=65536,t=5,p=8$iqx9hbYPx8c0jo/cY0SnYw
[main] INFO org.apache.nifi.processors.standard.TestEncryptContentGroovy - Full salt (53): 246172676f6e32696424763d3139246d3d36353533362c743d352c703d38246971783968625950783863306a6f2f635930536e5977
[main] INFO org.apache.nifi.processors.standard.TestEncryptContentGroovy - Raw salt (16): 8aac7d85b60fc7c7348e8fdc6344a763
[main] INFO org.apache.nifi.processors.standard.TestEncryptContentGroovy - Extracted expected raw salt (hex): 8aac7d85b60fc7c7348e8fdc6344a763
[main] INFO org.apache.nifi.processors.standard.TestEncryptContentGroovy - Extracted expected raw salt (hex): 8aac7d85b60fc7c7348e8fdc6344a763
[main] INFO org.apache.nifi.processors.standard.TestEncryptContentGroovy - Attribute: encryptcontent.action            : encrypted
[main] INFO org.apache.nifi.processors.standard.TestEncryptContentGroovy - Attribute: encryptcontent.algorithm         : AES_CBC
[main] INFO org.apache.nifi.processors.standard.TestEncryptContentGroovy - Attribute: encryptcontent.cipher_text_length: 115
[main] INFO org.apache.nifi.processors.standard.TestEncryptContentGroovy - Attribute: encryptcontent.iv                : a7da6c84b51c5072316b0d36fb6f3d4f
[main] INFO org.apache.nifi.processors.standard.TestEncryptContentGroovy - Attribute: encryptcontent.iv_length         : 16
[main] INFO org.apache.nifi.processors.standard.TestEncryptContentGroovy - Attribute: encryptcontent.kdf               : ARGON2
[main] INFO org.apache.nifi.processors.standard.TestEncryptContentGroovy - Attribute: encryptcontent.kdf_salt          : $argon2id$v=19$m=65536,t=5,p=8$iqx9hbYPx8c0jo/cY0SnYw
[main] INFO org.apache.nifi.processors.standard.TestEncryptContentGroovy - Attribute: encryptcontent.kdf_salt_length   : 53
[main] INFO org.apache.nifi.processors.standard.TestEncryptContentGroovy - Attribute: encryptcontent.plaintext_length  : 29
[main] INFO org.apache.nifi.processors.standard.TestEncryptContentGroovy - Attribute: encryptcontent.salt              : 8aac7d85b60fc7c7348e8fdc6344a763
[main] INFO org.apache.nifi.processors.standard.TestEncryptContentGroovy - Attribute: encryptcontent.salt_length       : 16
[main] INFO org.apache.nifi.processors.standard.TestEncryptContentGroovy - Attribute: encryptcontent.timestamp         : 2024-05-02 02:45:12.395 +0100
[main] INFO org.apache.nifi.processors.standard.TestEncryptContentGroovy - Attribute: filename                         : 94731820154456.mockFlowFile
[main] INFO org.apache.nifi.processors.standard.TestEncryptContentGroovy - Attribute: path                             : target
[main] INFO org.apache.nifi.processors.standard.TestEncryptContentGroovy - Attribute: uuid                             : b4d8c4a8-ae6a-47ee-890a-15f83e5de2ea
[main] INFO org.apache.nifi.processors.standard.TestEncryptContentGroovy - Provided timestamp 2024-05-02 02:45:12.514 +0100 -> (ms): 1714614312514
[main] INFO org.apache.nifi.processors.standard.TestEncryptContentGroovy - Parsed timestamp   2024-05-02 02:45:12.395 +0100 -> (ms): 1714614312395
]]></system-err>
  </testcase>
  <testcase name="testPGPPasswordShouldSupportExpressionLanguage" classname="org.apache.nifi.processors.standard.TestEncryptContentGroovy" time="0.252"/>
  <testcase name="testShouldValidateKDFWhenPBECipherSelected" classname="org.apache.nifi.processors.standard.TestEncryptContentGroovy" time="0.047">
    <system-err><![CDATA[[main] INFO org.apache.nifi.processors.standard.TestEncryptContentGroovy - Trying encryption method MD5_128AES
[main] INFO org.apache.nifi.processors.standard.TestEncryptContentGroovy - Trying KDF NONE
[main] INFO org.apache.nifi.processors.standard.TestEncryptContentGroovy - [EXPECTED] ['Key Derivation Function' is invalid because Key Derivation Function is required to be NIFI_LEGACY, OPENSSL_EVP_BYTES_TO_KEY when using algorithm PBEWITHMD5AND128BITAES-CBC-OPENSSL. See Admin Guide.]
[main] INFO org.apache.nifi.processors.standard.TestEncryptContentGroovy - Trying KDF BCRYPT
[main] INFO org.apache.nifi.processors.standard.TestEncryptContentGroovy - [EXPECTED] ['Key Derivation Function' is invalid because Key Derivation Function is required to be NIFI_LEGACY, OPENSSL_EVP_BYTES_TO_KEY when using algorithm PBEWITHMD5AND128BITAES-CBC-OPENSSL. See Admin Guide.]
[main] INFO org.apache.nifi.processors.standard.TestEncryptContentGroovy - Trying KDF SCRYPT
[main] INFO org.apache.nifi.processors.standard.TestEncryptContentGroovy - [EXPECTED] ['Key Derivation Function' is invalid because Key Derivation Function is required to be NIFI_LEGACY, OPENSSL_EVP_BYTES_TO_KEY when using algorithm PBEWITHMD5AND128BITAES-CBC-OPENSSL. See Admin Guide.]
[main] INFO org.apache.nifi.processors.standard.TestEncryptContentGroovy - Trying KDF PBKDF2
[main] INFO org.apache.nifi.processors.standard.TestEncryptContentGroovy - [EXPECTED] ['Key Derivation Function' is invalid because Key Derivation Function is required to be NIFI_LEGACY, OPENSSL_EVP_BYTES_TO_KEY when using algorithm PBEWITHMD5AND128BITAES-CBC-OPENSSL. See Admin Guide.]
[main] INFO org.apache.nifi.processors.standard.TestEncryptContentGroovy - Trying KDF ARGON2
[main] INFO org.apache.nifi.processors.standard.TestEncryptContentGroovy - [EXPECTED] ['Key Derivation Function' is invalid because Key Derivation Function is required to be NIFI_LEGACY, OPENSSL_EVP_BYTES_TO_KEY when using algorithm PBEWITHMD5AND128BITAES-CBC-OPENSSL. See Admin Guide.]
[main] INFO org.apache.nifi.processors.standard.TestEncryptContentGroovy - Trying KDF NIFI_LEGACY
[main] INFO org.apache.nifi.processors.standard.TestEncryptContentGroovy - Trying KDF OPENSSL_EVP_BYTES_TO_KEY
[main] INFO org.apache.nifi.processors.standard.TestEncryptContentGroovy - Trying encryption method MD5_192AES
[main] INFO org.apache.nifi.processors.standard.TestEncryptContentGroovy - Trying KDF NONE
[main] INFO org.apache.nifi.processors.standard.TestEncryptContentGroovy - [EXPECTED] ['Key Derivation Function' is invalid because Key Derivation Function is required to be NIFI_LEGACY, OPENSSL_EVP_BYTES_TO_KEY when using algorithm PBEWITHMD5AND192BITAES-CBC-OPENSSL. See Admin Guide.]
[main] INFO org.apache.nifi.processors.standard.TestEncryptContentGroovy - Trying KDF BCRYPT
[main] INFO org.apache.nifi.processors.standard.TestEncryptContentGroovy - [EXPECTED] ['Key Derivation Function' is invalid because Key Derivation Function is required to be NIFI_LEGACY, OPENSSL_EVP_BYTES_TO_KEY when using algorithm PBEWITHMD5AND192BITAES-CBC-OPENSSL. See Admin Guide.]
[main] INFO org.apache.nifi.processors.standard.TestEncryptContentGroovy - Trying KDF SCRYPT
[main] INFO org.apache.nifi.processors.standard.TestEncryptContentGroovy - [EXPECTED] ['Key Derivation Function' is invalid because Key Derivation Function is required to be NIFI_LEGACY, OPENSSL_EVP_BYTES_TO_KEY when using algorithm PBEWITHMD5AND192BITAES-CBC-OPENSSL. See Admin Guide.]
[main] INFO org.apache.nifi.processors.standard.TestEncryptContentGroovy - Trying KDF PBKDF2
[main] INFO org.apache.nifi.processors.standard.TestEncryptContentGroovy - [EXPECTED] ['Key Derivation Function' is invalid because Key Derivation Function is required to be NIFI_LEGACY, OPENSSL_EVP_BYTES_TO_KEY when using algorithm PBEWITHMD5AND192BITAES-CBC-OPENSSL. See Admin Guide.]
[main] INFO org.apache.nifi.processors.standard.TestEncryptContentGroovy - Trying KDF ARGON2
[main] INFO org.apache.nifi.processors.standard.TestEncryptContentGroovy - [EXPECTED] ['Key Derivation Function' is invalid because Key Derivation Function is required to be NIFI_LEGACY, OPENSSL_EVP_BYTES_TO_KEY when using algorithm PBEWITHMD5AND192BITAES-CBC-OPENSSL. See Admin Guide.]
[main] INFO org.apache.nifi.processors.standard.TestEncryptContentGroovy - Trying KDF NIFI_LEGACY
[main] INFO org.apache.nifi.processors.standard.TestEncryptContentGroovy - Trying KDF OPENSSL_EVP_BYTES_TO_KEY
[main] INFO org.apache.nifi.processors.standard.TestEncryptContentGroovy - Trying encryption method MD5_256AES
[main] INFO org.apache.nifi.processors.standard.TestEncryptContentGroovy - Trying KDF NONE
[main] INFO org.apache.nifi.processors.standard.TestEncryptContentGroovy - [EXPECTED] ['Key Derivation Function' is invalid because Key Derivation Function is required to be NIFI_LEGACY, OPENSSL_EVP_BYTES_TO_KEY when using algorithm PBEWITHMD5AND256BITAES-CBC-OPENSSL. See Admin Guide.]
[main] INFO org.apache.nifi.processors.standard.TestEncryptContentGroovy - Trying KDF BCRYPT
[main] INFO org.apache.nifi.processors.standard.TestEncryptContentGroovy - [EXPECTED] ['Key Derivation Function' is invalid because Key Derivation Function is required to be NIFI_LEGACY, OPENSSL_EVP_BYTES_TO_KEY when using algorithm PBEWITHMD5AND256BITAES-CBC-OPENSSL. See Admin Guide.]
[main] INFO org.apache.nifi.processors.standard.TestEncryptContentGroovy - Trying KDF SCRYPT
[main] INFO org.apache.nifi.processors.standard.TestEncryptContentGroovy - [EXPECTED] ['Key Derivation Function' is invalid because Key Derivation Function is required to be NIFI_LEGACY, OPENSSL_EVP_BYTES_TO_KEY when using algorithm PBEWITHMD5AND256BITAES-CBC-OPENSSL. See Admin Guide.]
[main] INFO org.apache.nifi.processors.standard.TestEncryptContentGroovy - Trying KDF PBKDF2
[main] INFO org.apache.nifi.processors.standard.TestEncryptContentGroovy - [EXPECTED] ['Key Derivation Function' is invalid because Key Derivation Function is required to be NIFI_LEGACY, OPENSSL_EVP_BYTES_TO_KEY when using algorithm PBEWITHMD5AND256BITAES-CBC-OPENSSL. See Admin Guide.]
[main] INFO org.apache.nifi.processors.standard.TestEncryptContentGroovy - Trying KDF ARGON2
[main] INFO org.apache.nifi.processors.standard.TestEncryptContentGroovy - [EXPECTED] ['Key Derivation Function' is invalid because Key Derivation Function is required to be NIFI_LEGACY, OPENSSL_EVP_BYTES_TO_KEY when using algorithm PBEWITHMD5AND256BITAES-CBC-OPENSSL. See Admin Guide.]
[main] INFO org.apache.nifi.processors.standard.TestEncryptContentGroovy - Trying KDF NIFI_LEGACY
[main] INFO org.apache.nifi.processors.standard.TestEncryptContentGroovy - Trying KDF OPENSSL_EVP_BYTES_TO_KEY
[main] INFO org.apache.nifi.processors.standard.TestEncryptContentGroovy - Trying encryption method MD5_DES
[main] INFO org.apache.nifi.processors.standard.TestEncryptContentGroovy - Trying KDF NONE
[main] INFO org.apache.nifi.processors.standard.TestEncryptContentGroovy - [EXPECTED] ['Key Derivation Function' is invalid because Key Derivation Function is required to be NIFI_LEGACY, OPENSSL_EVP_BYTES_TO_KEY when using algorithm PBEWITHMD5ANDDES. See Admin Guide.]
[main] INFO org.apache.nifi.processors.standard.TestEncryptContentGroovy - Trying KDF BCRYPT
[main] INFO org.apache.nifi.processors.standard.TestEncryptContentGroovy - [EXPECTED] ['Key Derivation Function' is invalid because Key Derivation Function is required to be NIFI_LEGACY, OPENSSL_EVP_BYTES_TO_KEY when using algorithm PBEWITHMD5ANDDES. See Admin Guide.]
[main] INFO org.apache.nifi.processors.standard.TestEncryptContentGroovy - Trying KDF SCRYPT
[main] INFO org.apache.nifi.processors.standard.TestEncryptContentGroovy - [EXPECTED] ['Key Derivation Function' is invalid because Key Derivation Function is required to be NIFI_LEGACY, OPENSSL_EVP_BYTES_TO_KEY when using algorithm PBEWITHMD5ANDDES. See Admin Guide.]
[main] INFO org.apache.nifi.processors.standard.TestEncryptContentGroovy - Trying KDF PBKDF2
[main] INFO org.apache.nifi.processors.standard.TestEncryptContentGroovy - [EXPECTED] ['Key Derivation Function' is invalid because Key Derivation Function is required to be NIFI_LEGACY, OPENSSL_EVP_BYTES_TO_KEY when using algorithm PBEWITHMD5ANDDES. See Admin Guide.]
[main] INFO org.apache.nifi.processors.standard.TestEncryptContentGroovy - Trying KDF ARGON2
[main] INFO org.apache.nifi.processors.standard.TestEncryptContentGroovy - [EXPECTED] ['Key Derivation Function' is invalid because Key Derivation Function is required to be NIFI_LEGACY, OPENSSL_EVP_BYTES_TO_KEY when using algorithm PBEWITHMD5ANDDES. See Admin Guide.]
[main] INFO org.apache.nifi.processors.standard.TestEncryptContentGroovy - Trying KDF NIFI_LEGACY
[main] INFO org.apache.nifi.processors.standard.TestEncryptContentGroovy - Trying KDF OPENSSL_EVP_BYTES_TO_KEY
[main] INFO org.apache.nifi.processors.standard.TestEncryptContentGroovy - Trying encryption method MD5_RC2
[main] INFO org.apache.nifi.processors.standard.TestEncryptContentGroovy - Trying KDF NONE
[main] INFO org.apache.nifi.processors.standard.TestEncryptContentGroovy - [EXPECTED] ['Key Derivation Function' is invalid because Key Derivation Function is required to be NIFI_LEGACY, OPENSSL_EVP_BYTES_TO_KEY when using algorithm PBEWITHMD5ANDRC2. See Admin Guide.]
[main] INFO org.apache.nifi.processors.standard.TestEncryptContentGroovy - Trying KDF BCRYPT
[main] INFO org.apache.nifi.processors.standard.TestEncryptContentGroovy - [EXPECTED] ['Key Derivation Function' is invalid because Key Derivation Function is required to be NIFI_LEGACY, OPENSSL_EVP_BYTES_TO_KEY when using algorithm PBEWITHMD5ANDRC2. See Admin Guide.]
[main] INFO org.apache.nifi.processors.standard.TestEncryptContentGroovy - Trying KDF SCRYPT
[main] INFO org.apache.nifi.processors.standard.TestEncryptContentGroovy - [EXPECTED] ['Key Derivation Function' is invalid because Key Derivation Function is required to be NIFI_LEGACY, OPENSSL_EVP_BYTES_TO_KEY when using algorithm PBEWITHMD5ANDRC2. See Admin Guide.]
[main] INFO org.apache.nifi.processors.standard.TestEncryptContentGroovy - Trying KDF PBKDF2
[main] INFO org.apache.nifi.processors.standard.TestEncryptContentGroovy - [EXPECTED] ['Key Derivation Function' is invalid because Key Derivation Function is required to be NIFI_LEGACY, OPENSSL_EVP_BYTES_TO_KEY when using algorithm PBEWITHMD5ANDRC2. See Admin Guide.]
[main] INFO org.apache.nifi.processors.standard.TestEncryptContentGroovy - Trying KDF ARGON2
[main] INFO org.apache.nifi.processors.standard.TestEncryptContentGroovy - [EXPECTED] ['Key Derivation Function' is invalid because Key Derivation Function is required to be NIFI_LEGACY, OPENSSL_EVP_BYTES_TO_KEY when using algorithm PBEWITHMD5ANDRC2. See Admin Guide.]
[main] INFO org.apache.nifi.processors.standard.TestEncryptContentGroovy - Trying KDF NIFI_LEGACY
[main] INFO org.apache.nifi.processors.standard.TestEncryptContentGroovy - Trying KDF OPENSSL_EVP_BYTES_TO_KEY
[main] INFO org.apache.nifi.processors.standard.TestEncryptContentGroovy - Trying encryption method SHA1_RC2
[main] INFO org.apache.nifi.processors.standard.TestEncryptContentGroovy - Trying KDF NONE
[main] INFO org.apache.nifi.processors.standard.TestEncryptContentGroovy - [EXPECTED] ['Key Derivation Function' is invalid because Key Derivation Function is required to be NIFI_LEGACY, OPENSSL_EVP_BYTES_TO_KEY when using algorithm PBEWITHSHA1ANDRC2. See Admin Guide.]
[main] INFO org.apache.nifi.processors.standard.TestEncryptContentGroovy - Trying KDF BCRYPT
[main] INFO org.apache.nifi.processors.standard.TestEncryptContentGroovy - [EXPECTED] ['Key Derivation Function' is invalid because Key Derivation Function is required to be NIFI_LEGACY, OPENSSL_EVP_BYTES_TO_KEY when using algorithm PBEWITHSHA1ANDRC2. See Admin Guide.]
[main] INFO org.apache.nifi.processors.standard.TestEncryptContentGroovy - Trying KDF SCRYPT
[main] INFO org.apache.nifi.processors.standard.TestEncryptContentGroovy - [EXPECTED] ['Key Derivation Function' is invalid because Key Derivation Function is required to be NIFI_LEGACY, OPENSSL_EVP_BYTES_TO_KEY when using algorithm PBEWITHSHA1ANDRC2. See Admin Guide.]
[main] INFO org.apache.nifi.processors.standard.TestEncryptContentGroovy - Trying KDF PBKDF2
[main] INFO org.apache.nifi.processors.standard.TestEncryptContentGroovy - [EXPECTED] ['Key Derivation Function' is invalid because Key Derivation Function is required to be NIFI_LEGACY, OPENSSL_EVP_BYTES_TO_KEY when using algorithm PBEWITHSHA1ANDRC2. See Admin Guide.]
[main] INFO org.apache.nifi.processors.standard.TestEncryptContentGroovy - Trying KDF ARGON2
[main] INFO org.apache.nifi.processors.standard.TestEncryptContentGroovy - [EXPECTED] ['Key Derivation Function' is invalid because Key Derivation Function is required to be NIFI_LEGACY, OPENSSL_EVP_BYTES_TO_KEY when using algorithm PBEWITHSHA1ANDRC2. See Admin Guide.]
[main] INFO org.apache.nifi.processors.standard.TestEncryptContentGroovy - Trying KDF NIFI_LEGACY
[main] INFO org.apache.nifi.processors.standard.TestEncryptContentGroovy - Trying KDF OPENSSL_EVP_BYTES_TO_KEY
[main] INFO org.apache.nifi.processors.standard.TestEncryptContentGroovy - Trying encryption method SHA1_DES
[main] INFO org.apache.nifi.processors.standard.TestEncryptContentGroovy - Trying KDF NONE
[main] INFO org.apache.nifi.processors.standard.TestEncryptContentGroovy - [EXPECTED] ['Key Derivation Function' is invalid because Key Derivation Function is required to be NIFI_LEGACY, OPENSSL_EVP_BYTES_TO_KEY when using algorithm PBEWITHSHA1ANDDES. See Admin Guide.]
[main] INFO org.apache.nifi.processors.standard.TestEncryptContentGroovy - Trying KDF BCRYPT
[main] INFO org.apache.nifi.processors.standard.TestEncryptContentGroovy - [EXPECTED] ['Key Derivation Function' is invalid because Key Derivation Function is required to be NIFI_LEGACY, OPENSSL_EVP_BYTES_TO_KEY when using algorithm PBEWITHSHA1ANDDES. See Admin Guide.]
[main] INFO org.apache.nifi.processors.standard.TestEncryptContentGroovy - Trying KDF SCRYPT
[main] INFO org.apache.nifi.processors.standard.TestEncryptContentGroovy - [EXPECTED] ['Key Derivation Function' is invalid because Key Derivation Function is required to be NIFI_LEGACY, OPENSSL_EVP_BYTES_TO_KEY when using algorithm PBEWITHSHA1ANDDES. See Admin Guide.]
[main] INFO org.apache.nifi.processors.standard.TestEncryptContentGroovy - Trying KDF PBKDF2
[main] INFO org.apache.nifi.processors.standard.TestEncryptContentGroovy - [EXPECTED] ['Key Derivation Function' is invalid because Key Derivation Function is required to be NIFI_LEGACY, OPENSSL_EVP_BYTES_TO_KEY when using algorithm PBEWITHSHA1ANDDES. See Admin Guide.]
[main] INFO org.apache.nifi.processors.standard.TestEncryptContentGroovy - Trying KDF ARGON2
[main] INFO org.apache.nifi.processors.standard.TestEncryptContentGroovy - [EXPECTED] ['Key Derivation Function' is invalid because Key Derivation Function is required to be NIFI_LEGACY, OPENSSL_EVP_BYTES_TO_KEY when using algorithm PBEWITHSHA1ANDDES. See Admin Guide.]
[main] INFO org.apache.nifi.processors.standard.TestEncryptContentGroovy - Trying KDF NIFI_LEGACY
[main] INFO org.apache.nifi.processors.standard.TestEncryptContentGroovy - Trying KDF OPENSSL_EVP_BYTES_TO_KEY
[main] INFO org.apache.nifi.processors.standard.TestEncryptContentGroovy - Trying encryption method SHA_128AES
[main] INFO org.apache.nifi.processors.standard.TestEncryptContentGroovy - Trying KDF NONE
[main] INFO org.apache.nifi.processors.standard.TestEncryptContentGroovy - [EXPECTED] ['Key Derivation Function' is invalid because Key Derivation Function is required to be NIFI_LEGACY, OPENSSL_EVP_BYTES_TO_KEY when using algorithm PBEWITHSHAAND128BITAES-CBC-BC. See Admin Guide.]
[main] INFO org.apache.nifi.processors.standard.TestEncryptContentGroovy - Trying KDF BCRYPT
[main] INFO org.apache.nifi.processors.standard.TestEncryptContentGroovy - [EXPECTED] ['Key Derivation Function' is invalid because Key Derivation Function is required to be NIFI_LEGACY, OPENSSL_EVP_BYTES_TO_KEY when using algorithm PBEWITHSHAAND128BITAES-CBC-BC. See Admin Guide.]
[main] INFO org.apache.nifi.processors.standard.TestEncryptContentGroovy - Trying KDF SCRYPT
[main] INFO org.apache.nifi.processors.standard.TestEncryptContentGroovy - [EXPECTED] ['Key Derivation Function' is invalid because Key Derivation Function is required to be NIFI_LEGACY, OPENSSL_EVP_BYTES_TO_KEY when using algorithm PBEWITHSHAAND128BITAES-CBC-BC. See Admin Guide.]
[main] INFO org.apache.nifi.processors.standard.TestEncryptContentGroovy - Trying KDF PBKDF2
[main] INFO org.apache.nifi.processors.standard.TestEncryptContentGroovy - [EXPECTED] ['Key Derivation Function' is invalid because Key Derivation Function is required to be NIFI_LEGACY, OPENSSL_EVP_BYTES_TO_KEY when using algorithm PBEWITHSHAAND128BITAES-CBC-BC. See Admin Guide.]
[main] INFO org.apache.nifi.processors.standard.TestEncryptContentGroovy - Trying KDF ARGON2
[main] INFO org.apache.nifi.processors.standard.TestEncryptContentGroovy - [EXPECTED] ['Key Derivation Function' is invalid because Key Derivation Function is required to be NIFI_LEGACY, OPENSSL_EVP_BYTES_TO_KEY when using algorithm PBEWITHSHAAND128BITAES-CBC-BC. See Admin Guide.]
[main] INFO org.apache.nifi.processors.standard.TestEncryptContentGroovy - Trying KDF NIFI_LEGACY
[main] INFO org.apache.nifi.processors.standard.TestEncryptContentGroovy - Trying KDF OPENSSL_EVP_BYTES_TO_KEY
[main] INFO org.apache.nifi.processors.standard.TestEncryptContentGroovy - Trying encryption method SHA_192AES
[main] INFO org.apache.nifi.processors.standard.TestEncryptContentGroovy - Trying KDF NONE
[main] INFO org.apache.nifi.processors.standard.TestEncryptContentGroovy - [EXPECTED] ['Key Derivation Function' is invalid because Key Derivation Function is required to be NIFI_LEGACY, OPENSSL_EVP_BYTES_TO_KEY when using algorithm PBEWITHSHAAND192BITAES-CBC-BC. See Admin Guide.]
[main] INFO org.apache.nifi.processors.standard.TestEncryptContentGroovy - Trying KDF BCRYPT
[main] INFO org.apache.nifi.processors.standard.TestEncryptContentGroovy - [EXPECTED] ['Key Derivation Function' is invalid because Key Derivation Function is required to be NIFI_LEGACY, OPENSSL_EVP_BYTES_TO_KEY when using algorithm PBEWITHSHAAND192BITAES-CBC-BC. See Admin Guide.]
[main] INFO org.apache.nifi.processors.standard.TestEncryptContentGroovy - Trying KDF SCRYPT
[main] INFO org.apache.nifi.processors.standard.TestEncryptContentGroovy - [EXPECTED] ['Key Derivation Function' is invalid because Key Derivation Function is required to be NIFI_LEGACY, OPENSSL_EVP_BYTES_TO_KEY when using algorithm PBEWITHSHAAND192BITAES-CBC-BC. See Admin Guide.]
[main] INFO org.apache.nifi.processors.standard.TestEncryptContentGroovy - Trying KDF PBKDF2
[main] INFO org.apache.nifi.processors.standard.TestEncryptContentGroovy - [EXPECTED] ['Key Derivation Function' is invalid because Key Derivation Function is required to be NIFI_LEGACY, OPENSSL_EVP_BYTES_TO_KEY when using algorithm PBEWITHSHAAND192BITAES-CBC-BC. See Admin Guide.]
[main] INFO org.apache.nifi.processors.standard.TestEncryptContentGroovy - Trying KDF ARGON2
[main] INFO org.apache.nifi.processors.standard.TestEncryptContentGroovy - [EXPECTED] ['Key Derivation Function' is invalid because Key Derivation Function is required to be NIFI_LEGACY, OPENSSL_EVP_BYTES_TO_KEY when using algorithm PBEWITHSHAAND192BITAES-CBC-BC. See Admin Guide.]
[main] INFO org.apache.nifi.processors.standard.TestEncryptContentGroovy - Trying KDF NIFI_LEGACY
[main] INFO org.apache.nifi.processors.standard.TestEncryptContentGroovy - Trying KDF OPENSSL_EVP_BYTES_TO_KEY
[main] INFO org.apache.nifi.processors.standard.TestEncryptContentGroovy - Trying encryption method SHA_256AES
[main] INFO org.apache.nifi.processors.standard.TestEncryptContentGroovy - Trying KDF NONE
[main] INFO org.apache.nifi.processors.standard.TestEncryptContentGroovy - [EXPECTED] ['Key Derivation Function' is invalid because Key Derivation Function is required to be NIFI_LEGACY, OPENSSL_EVP_BYTES_TO_KEY when using algorithm PBEWITHSHAAND256BITAES-CBC-BC. See Admin Guide.]
[main] INFO org.apache.nifi.processors.standard.TestEncryptContentGroovy - Trying KDF BCRYPT
[main] INFO org.apache.nifi.processors.standard.TestEncryptContentGroovy - [EXPECTED] ['Key Derivation Function' is invalid because Key Derivation Function is required to be NIFI_LEGACY, OPENSSL_EVP_BYTES_TO_KEY when using algorithm PBEWITHSHAAND256BITAES-CBC-BC. See Admin Guide.]
[main] INFO org.apache.nifi.processors.standard.TestEncryptContentGroovy - Trying KDF SCRYPT
[main] INFO org.apache.nifi.processors.standard.TestEncryptContentGroovy - [EXPECTED] ['Key Derivation Function' is invalid because Key Derivation Function is required to be NIFI_LEGACY, OPENSSL_EVP_BYTES_TO_KEY when using algorithm PBEWITHSHAAND256BITAES-CBC-BC. See Admin Guide.]
[main] INFO org.apache.nifi.processors.standard.TestEncryptContentGroovy - Trying KDF PBKDF2
[main] INFO org.apache.nifi.processors.standard.TestEncryptContentGroovy - [EXPECTED] ['Key Derivation Function' is invalid because Key Derivation Function is required to be NIFI_LEGACY, OPENSSL_EVP_BYTES_TO_KEY when using algorithm PBEWITHSHAAND256BITAES-CBC-BC. See Admin Guide.]
[main] INFO org.apache.nifi.processors.standard.TestEncryptContentGroovy - Trying KDF ARGON2
[main] INFO org.apache.nifi.processors.standard.TestEncryptContentGroovy - [EXPECTED] ['Key Derivation Function' is invalid because Key Derivation Function is required to be NIFI_LEGACY, OPENSSL_EVP_BYTES_TO_KEY when using algorithm PBEWITHSHAAND256BITAES-CBC-BC. See Admin Guide.]
[main] INFO org.apache.nifi.processors.standard.TestEncryptContentGroovy - Trying KDF NIFI_LEGACY
[main] INFO org.apache.nifi.processors.standard.TestEncryptContentGroovy - Trying KDF OPENSSL_EVP_BYTES_TO_KEY
[main] INFO org.apache.nifi.processors.standard.TestEncryptContentGroovy - Trying encryption method SHA_40RC2
[main] INFO org.apache.nifi.processors.standard.TestEncryptContentGroovy - Trying KDF NONE
[main] INFO org.apache.nifi.processors.standard.TestEncryptContentGroovy - [EXPECTED] ['Key Derivation Function' is invalid because Key Derivation Function is required to be NIFI_LEGACY, OPENSSL_EVP_BYTES_TO_KEY when using algorithm PBEWITHSHAAND40BITRC2-CBC. See Admin Guide.]
[main] INFO org.apache.nifi.processors.standard.TestEncryptContentGroovy - Trying KDF BCRYPT
[main] INFO org.apache.nifi.processors.standard.TestEncryptContentGroovy - [EXPECTED] ['Key Derivation Function' is invalid because Key Derivation Function is required to be NIFI_LEGACY, OPENSSL_EVP_BYTES_TO_KEY when using algorithm PBEWITHSHAAND40BITRC2-CBC. See Admin Guide.]
[main] INFO org.apache.nifi.processors.standard.TestEncryptContentGroovy - Trying KDF SCRYPT
[main] INFO org.apache.nifi.processors.standard.TestEncryptContentGroovy - [EXPECTED] ['Key Derivation Function' is invalid because Key Derivation Function is required to be NIFI_LEGACY, OPENSSL_EVP_BYTES_TO_KEY when using algorithm PBEWITHSHAAND40BITRC2-CBC. See Admin Guide.]
[main] INFO org.apache.nifi.processors.standard.TestEncryptContentGroovy - Trying KDF PBKDF2
[main] INFO org.apache.nifi.processors.standard.TestEncryptContentGroovy - [EXPECTED] ['Key Derivation Function' is invalid because Key Derivation Function is required to be NIFI_LEGACY, OPENSSL_EVP_BYTES_TO_KEY when using algorithm PBEWITHSHAAND40BITRC2-CBC. See Admin Guide.]
[main] INFO org.apache.nifi.processors.standard.TestEncryptContentGroovy - Trying KDF ARGON2
[main] INFO org.apache.nifi.processors.standard.TestEncryptContentGroovy - [EXPECTED] ['Key Derivation Function' is invalid because Key Derivation Function is required to be NIFI_LEGACY, OPENSSL_EVP_BYTES_TO_KEY when using algorithm PBEWITHSHAAND40BITRC2-CBC. See Admin Guide.]
[main] INFO org.apache.nifi.processors.standard.TestEncryptContentGroovy - Trying KDF NIFI_LEGACY
[main] INFO org.apache.nifi.processors.standard.TestEncryptContentGroovy - Trying KDF OPENSSL_EVP_BYTES_TO_KEY
[main] INFO org.apache.nifi.processors.standard.TestEncryptContentGroovy - Trying encryption method SHA_128RC2
[main] INFO org.apache.nifi.processors.standard.TestEncryptContentGroovy - Trying KDF NONE
[main] INFO org.apache.nifi.processors.standard.TestEncryptContentGroovy - [EXPECTED] ['Key Derivation Function' is invalid because Key Derivation Function is required to be NIFI_LEGACY, OPENSSL_EVP_BYTES_TO_KEY when using algorithm PBEWITHSHAAND128BITRC2-CBC. See Admin Guide.]
[main] INFO org.apache.nifi.processors.standard.TestEncryptContentGroovy - Trying KDF BCRYPT
[main] INFO org.apache.nifi.processors.standard.TestEncryptContentGroovy - [EXPECTED] ['Key Derivation Function' is invalid because Key Derivation Function is required to be NIFI_LEGACY, OPENSSL_EVP_BYTES_TO_KEY when using algorithm PBEWITHSHAAND128BITRC2-CBC. See Admin Guide.]
[main] INFO org.apache.nifi.processors.standard.TestEncryptContentGroovy - Trying KDF SCRYPT
[main] INFO org.apache.nifi.processors.standard.TestEncryptContentGroovy - [EXPECTED] ['Key Derivation Function' is invalid because Key Derivation Function is required to be NIFI_LEGACY, OPENSSL_EVP_BYTES_TO_KEY when using algorithm PBEWITHSHAAND128BITRC2-CBC. See Admin Guide.]
[main] INFO org.apache.nifi.processors.standard.TestEncryptContentGroovy - Trying KDF PBKDF2
[main] INFO org.apache.nifi.processors.standard.TestEncryptContentGroovy - [EXPECTED] ['Key Derivation Function' is invalid because Key Derivation Function is required to be NIFI_LEGACY, OPENSSL_EVP_BYTES_TO_KEY when using algorithm PBEWITHSHAAND128BITRC2-CBC. See Admin Guide.]
[main] INFO org.apache.nifi.processors.standard.TestEncryptContentGroovy - Trying KDF ARGON2
[main] INFO org.apache.nifi.processors.standard.TestEncryptContentGroovy - [EXPECTED] ['Key Derivation Function' is invalid because Key Derivation Function is required to be NIFI_LEGACY, OPENSSL_EVP_BYTES_TO_KEY when using algorithm PBEWITHSHAAND128BITRC2-CBC. See Admin Guide.]
[main] INFO org.apache.nifi.processors.standard.TestEncryptContentGroovy - Trying KDF NIFI_LEGACY
[main] INFO org.apache.nifi.processors.standard.TestEncryptContentGroovy - Trying KDF OPENSSL_EVP_BYTES_TO_KEY
[main] INFO org.apache.nifi.processors.standard.TestEncryptContentGroovy - Trying encryption method SHA_40RC4
[main] INFO org.apache.nifi.processors.standard.TestEncryptContentGroovy - Trying KDF NONE
[main] INFO org.apache.nifi.processors.standard.TestEncryptContentGroovy - [EXPECTED] ['Key Derivation Function' is invalid because Key Derivation Function is required to be NIFI_LEGACY, OPENSSL_EVP_BYTES_TO_KEY when using algorithm PBEWITHSHAAND40BITRC4. See Admin Guide.]
[main] INFO org.apache.nifi.processors.standard.TestEncryptContentGroovy - Trying KDF BCRYPT
[main] INFO org.apache.nifi.processors.standard.TestEncryptContentGroovy - [EXPECTED] ['Key Derivation Function' is invalid because Key Derivation Function is required to be NIFI_LEGACY, OPENSSL_EVP_BYTES_TO_KEY when using algorithm PBEWITHSHAAND40BITRC4. See Admin Guide.]
[main] INFO org.apache.nifi.processors.standard.TestEncryptContentGroovy - Trying KDF SCRYPT
[main] INFO org.apache.nifi.processors.standard.TestEncryptContentGroovy - [EXPECTED] ['Key Derivation Function' is invalid because Key Derivation Function is required to be NIFI_LEGACY, OPENSSL_EVP_BYTES_TO_KEY when using algorithm PBEWITHSHAAND40BITRC4. See Admin Guide.]
[main] INFO org.apache.nifi.processors.standard.TestEncryptContentGroovy - Trying KDF PBKDF2
[main] INFO org.apache.nifi.processors.standard.TestEncryptContentGroovy - [EXPECTED] ['Key Derivation Function' is invalid because Key Derivation Function is required to be NIFI_LEGACY, OPENSSL_EVP_BYTES_TO_KEY when using algorithm PBEWITHSHAAND40BITRC4. See Admin Guide.]
[main] INFO org.apache.nifi.processors.standard.TestEncryptContentGroovy - Trying KDF ARGON2
[main] INFO org.apache.nifi.processors.standard.TestEncryptContentGroovy - [EXPECTED] ['Key Derivation Function' is invalid because Key Derivation Function is required to be NIFI_LEGACY, OPENSSL_EVP_BYTES_TO_KEY when using algorithm PBEWITHSHAAND40BITRC4. See Admin Guide.]
[main] INFO org.apache.nifi.processors.standard.TestEncryptContentGroovy - Trying KDF NIFI_LEGACY
[main] INFO org.apache.nifi.processors.standard.TestEncryptContentGroovy - Trying KDF OPENSSL_EVP_BYTES_TO_KEY
[main] INFO org.apache.nifi.processors.standard.TestEncryptContentGroovy - Trying encryption method SHA_128RC4
[main] INFO org.apache.nifi.processors.standard.TestEncryptContentGroovy - Trying KDF NONE
[main] INFO org.apache.nifi.processors.standard.TestEncryptContentGroovy - [EXPECTED] ['Key Derivation Function' is invalid because Key Derivation Function is required to be NIFI_LEGACY, OPENSSL_EVP_BYTES_TO_KEY when using algorithm PBEWITHSHAAND128BITRC4. See Admin Guide.]
[main] INFO org.apache.nifi.processors.standard.TestEncryptContentGroovy - Trying KDF BCRYPT
[main] INFO org.apache.nifi.processors.standard.TestEncryptContentGroovy - [EXPECTED] ['Key Derivation Function' is invalid because Key Derivation Function is required to be NIFI_LEGACY, OPENSSL_EVP_BYTES_TO_KEY when using algorithm PBEWITHSHAAND128BITRC4. See Admin Guide.]
[main] INFO org.apache.nifi.processors.standard.TestEncryptContentGroovy - Trying KDF SCRYPT
[main] INFO org.apache.nifi.processors.standard.TestEncryptContentGroovy - [EXPECTED] ['Key Derivation Function' is invalid because Key Derivation Function is required to be NIFI_LEGACY, OPENSSL_EVP_BYTES_TO_KEY when using algorithm PBEWITHSHAAND128BITRC4. See Admin Guide.]
[main] INFO org.apache.nifi.processors.standard.TestEncryptContentGroovy - Trying KDF PBKDF2
[main] INFO org.apache.nifi.processors.standard.TestEncryptContentGroovy - [EXPECTED] ['Key Derivation Function' is invalid because Key Derivation Function is required to be NIFI_LEGACY, OPENSSL_EVP_BYTES_TO_KEY when using algorithm PBEWITHSHAAND128BITRC4. See Admin Guide.]
[main] INFO org.apache.nifi.processors.standard.TestEncryptContentGroovy - Trying KDF ARGON2
[main] INFO org.apache.nifi.processors.standard.TestEncryptContentGroovy - [EXPECTED] ['Key Derivation Function' is invalid because Key Derivation Function is required to be NIFI_LEGACY, OPENSSL_EVP_BYTES_TO_KEY when using algorithm PBEWITHSHAAND128BITRC4. See Admin Guide.]
[main] INFO org.apache.nifi.processors.standard.TestEncryptContentGroovy - Trying KDF NIFI_LEGACY
[main] INFO org.apache.nifi.processors.standard.TestEncryptContentGroovy - Trying KDF OPENSSL_EVP_BYTES_TO_KEY
[main] INFO org.apache.nifi.processors.standard.TestEncryptContentGroovy - Trying encryption method SHA256_128AES
[main] INFO org.apache.nifi.processors.standard.TestEncryptContentGroovy - Trying KDF NONE
[main] INFO org.apache.nifi.processors.standard.TestEncryptContentGroovy - [EXPECTED] ['Key Derivation Function' is invalid because Key Derivation Function is required to be NIFI_LEGACY, OPENSSL_EVP_BYTES_TO_KEY when using algorithm PBEWITHSHA256AND128BITAES-CBC-BC. See Admin Guide.]
[main] INFO org.apache.nifi.processors.standard.TestEncryptContentGroovy - Trying KDF BCRYPT
[main] INFO org.apache.nifi.processors.standard.TestEncryptContentGroovy - [EXPECTED] ['Key Derivation Function' is invalid because Key Derivation Function is required to be NIFI_LEGACY, OPENSSL_EVP_BYTES_TO_KEY when using algorithm PBEWITHSHA256AND128BITAES-CBC-BC. See Admin Guide.]
[main] INFO org.apache.nifi.processors.standard.TestEncryptContentGroovy - Trying KDF SCRYPT
[main] INFO org.apache.nifi.processors.standard.TestEncryptContentGroovy - [EXPECTED] ['Key Derivation Function' is invalid because Key Derivation Function is required to be NIFI_LEGACY, OPENSSL_EVP_BYTES_TO_KEY when using algorithm PBEWITHSHA256AND128BITAES-CBC-BC. See Admin Guide.]
[main] INFO org.apache.nifi.processors.standard.TestEncryptContentGroovy - Trying KDF PBKDF2
[main] INFO org.apache.nifi.processors.standard.TestEncryptContentGroovy - [EXPECTED] ['Key Derivation Function' is invalid because Key Derivation Function is required to be NIFI_LEGACY, OPENSSL_EVP_BYTES_TO_KEY when using algorithm PBEWITHSHA256AND128BITAES-CBC-BC. See Admin Guide.]
[main] INFO org.apache.nifi.processors.standard.TestEncryptContentGroovy - Trying KDF ARGON2
[main] INFO org.apache.nifi.processors.standard.TestEncryptContentGroovy - [EXPECTED] ['Key Derivation Function' is invalid because Key Derivation Function is required to be NIFI_LEGACY, OPENSSL_EVP_BYTES_TO_KEY when using algorithm PBEWITHSHA256AND128BITAES-CBC-BC. See Admin Guide.]
[main] INFO org.apache.nifi.processors.standard.TestEncryptContentGroovy - Trying KDF NIFI_LEGACY
[main] INFO org.apache.nifi.processors.standard.TestEncryptContentGroovy - Trying KDF OPENSSL_EVP_BYTES_TO_KEY
[main] INFO org.apache.nifi.processors.standard.TestEncryptContentGroovy - Trying encryption method SHA256_192AES
[main] INFO org.apache.nifi.processors.standard.TestEncryptContentGroovy - Trying KDF NONE
[main] INFO org.apache.nifi.processors.standard.TestEncryptContentGroovy - [EXPECTED] ['Key Derivation Function' is invalid because Key Derivation Function is required to be NIFI_LEGACY, OPENSSL_EVP_BYTES_TO_KEY when using algorithm PBEWITHSHA256AND192BITAES-CBC-BC. See Admin Guide.]
[main] INFO org.apache.nifi.processors.standard.TestEncryptContentGroovy - Trying KDF BCRYPT
[main] INFO org.apache.nifi.processors.standard.TestEncryptContentGroovy - [EXPECTED] ['Key Derivation Function' is invalid because Key Derivation Function is required to be NIFI_LEGACY, OPENSSL_EVP_BYTES_TO_KEY when using algorithm PBEWITHSHA256AND192BITAES-CBC-BC. See Admin Guide.]
[main] INFO org.apache.nifi.processors.standard.TestEncryptContentGroovy - Trying KDF SCRYPT
[main] INFO org.apache.nifi.processors.standard.TestEncryptContentGroovy - [EXPECTED] ['Key Derivation Function' is invalid because Key Derivation Function is required to be NIFI_LEGACY, OPENSSL_EVP_BYTES_TO_KEY when using algorithm PBEWITHSHA256AND192BITAES-CBC-BC. See Admin Guide.]
[main] INFO org.apache.nifi.processors.standard.TestEncryptContentGroovy - Trying KDF PBKDF2
[main] INFO org.apache.nifi.processors.standard.TestEncryptContentGroovy - [EXPECTED] ['Key Derivation Function' is invalid because Key Derivation Function is required to be NIFI_LEGACY, OPENSSL_EVP_BYTES_TO_KEY when using algorithm PBEWITHSHA256AND192BITAES-CBC-BC. See Admin Guide.]
[main] INFO org.apache.nifi.processors.standard.TestEncryptContentGroovy - Trying KDF ARGON2
[main] INFO org.apache.nifi.processors.standard.TestEncryptContentGroovy - [EXPECTED] ['Key Derivation Function' is invalid because Key Derivation Function is required to be NIFI_LEGACY, OPENSSL_EVP_BYTES_TO_KEY when using algorithm PBEWITHSHA256AND192BITAES-CBC-BC. See Admin Guide.]
[main] INFO org.apache.nifi.processors.standard.TestEncryptContentGroovy - Trying KDF NIFI_LEGACY
[main] INFO org.apache.nifi.processors.standard.TestEncryptContentGroovy - Trying KDF OPENSSL_EVP_BYTES_TO_KEY
[main] INFO org.apache.nifi.processors.standard.TestEncryptContentGroovy - Trying encryption method SHA256_256AES
[main] INFO org.apache.nifi.processors.standard.TestEncryptContentGroovy - Trying KDF NONE
[main] INFO org.apache.nifi.processors.standard.TestEncryptContentGroovy - [EXPECTED] ['Key Derivation Function' is invalid because Key Derivation Function is required to be NIFI_LEGACY, OPENSSL_EVP_BYTES_TO_KEY when using algorithm PBEWITHSHA256AND256BITAES-CBC-BC. See Admin Guide.]
[main] INFO org.apache.nifi.processors.standard.TestEncryptContentGroovy - Trying KDF BCRYPT
[main] INFO org.apache.nifi.processors.standard.TestEncryptContentGroovy - [EXPECTED] ['Key Derivation Function' is invalid because Key Derivation Function is required to be NIFI_LEGACY, OPENSSL_EVP_BYTES_TO_KEY when using algorithm PBEWITHSHA256AND256BITAES-CBC-BC. See Admin Guide.]
[main] INFO org.apache.nifi.processors.standard.TestEncryptContentGroovy - Trying KDF SCRYPT
[main] INFO org.apache.nifi.processors.standard.TestEncryptContentGroovy - [EXPECTED] ['Key Derivation Function' is invalid because Key Derivation Function is required to be NIFI_LEGACY, OPENSSL_EVP_BYTES_TO_KEY when using algorithm PBEWITHSHA256AND256BITAES-CBC-BC. See Admin Guide.]
[main] INFO org.apache.nifi.processors.standard.TestEncryptContentGroovy - Trying KDF PBKDF2
[main] INFO org.apache.nifi.processors.standard.TestEncryptContentGroovy - [EXPECTED] ['Key Derivation Function' is invalid because Key Derivation Function is required to be NIFI_LEGACY, OPENSSL_EVP_BYTES_TO_KEY when using algorithm PBEWITHSHA256AND256BITAES-CBC-BC. See Admin Guide.]
[main] INFO org.apache.nifi.processors.standard.TestEncryptContentGroovy - Trying KDF ARGON2
[main] INFO org.apache.nifi.processors.standard.TestEncryptContentGroovy - [EXPECTED] ['Key Derivation Function' is invalid because Key Derivation Function is required to be NIFI_LEGACY, OPENSSL_EVP_BYTES_TO_KEY when using algorithm PBEWITHSHA256AND256BITAES-CBC-BC. See Admin Guide.]
[main] INFO org.apache.nifi.processors.standard.TestEncryptContentGroovy - Trying KDF NIFI_LEGACY
[main] INFO org.apache.nifi.processors.standard.TestEncryptContentGroovy - Trying KDF OPENSSL_EVP_BYTES_TO_KEY
[main] INFO org.apache.nifi.processors.standard.TestEncryptContentGroovy - Trying encryption method SHA_2KEYTRIPLEDES
[main] INFO org.apache.nifi.processors.standard.TestEncryptContentGroovy - Trying KDF NONE
[main] INFO org.apache.nifi.processors.standard.TestEncryptContentGroovy - [EXPECTED] ['Key Derivation Function' is invalid because Key Derivation Function is required to be NIFI_LEGACY, OPENSSL_EVP_BYTES_TO_KEY when using algorithm PBEWITHSHAAND2-KEYTRIPLEDES-CBC. See Admin Guide.]
[main] INFO org.apache.nifi.processors.standard.TestEncryptContentGroovy - Trying KDF BCRYPT
[main] INFO org.apache.nifi.processors.standard.TestEncryptContentGroovy - [EXPECTED] ['Key Derivation Function' is invalid because Key Derivation Function is required to be NIFI_LEGACY, OPENSSL_EVP_BYTES_TO_KEY when using algorithm PBEWITHSHAAND2-KEYTRIPLEDES-CBC. See Admin Guide.]
[main] INFO org.apache.nifi.processors.standard.TestEncryptContentGroovy - Trying KDF SCRYPT
[main] INFO org.apache.nifi.processors.standard.TestEncryptContentGroovy - [EXPECTED] ['Key Derivation Function' is invalid because Key Derivation Function is required to be NIFI_LEGACY, OPENSSL_EVP_BYTES_TO_KEY when using algorithm PBEWITHSHAAND2-KEYTRIPLEDES-CBC. See Admin Guide.]
[main] INFO org.apache.nifi.processors.standard.TestEncryptContentGroovy - Trying KDF PBKDF2
[main] INFO org.apache.nifi.processors.standard.TestEncryptContentGroovy - [EXPECTED] ['Key Derivation Function' is invalid because Key Derivation Function is required to be NIFI_LEGACY, OPENSSL_EVP_BYTES_TO_KEY when using algorithm PBEWITHSHAAND2-KEYTRIPLEDES-CBC. See Admin Guide.]
[main] INFO org.apache.nifi.processors.standard.TestEncryptContentGroovy - Trying KDF ARGON2
[main] INFO org.apache.nifi.processors.standard.TestEncryptContentGroovy - [EXPECTED] ['Key Derivation Function' is invalid because Key Derivation Function is required to be NIFI_LEGACY, OPENSSL_EVP_BYTES_TO_KEY when using algorithm PBEWITHSHAAND2-KEYTRIPLEDES-CBC. See Admin Guide.]
[main] INFO org.apache.nifi.processors.standard.TestEncryptContentGroovy - Trying KDF NIFI_LEGACY
[main] INFO org.apache.nifi.processors.standard.TestEncryptContentGroovy - Trying KDF OPENSSL_EVP_BYTES_TO_KEY
[main] INFO org.apache.nifi.processors.standard.TestEncryptContentGroovy - Trying encryption method SHA_3KEYTRIPLEDES
[main] INFO org.apache.nifi.processors.standard.TestEncryptContentGroovy - Trying KDF NONE
[main] INFO org.apache.nifi.processors.standard.TestEncryptContentGroovy - [EXPECTED] ['Key Derivation Function' is invalid because Key Derivation Function is required to be NIFI_LEGACY, OPENSSL_EVP_BYTES_TO_KEY when using algorithm PBEWITHSHAAND3-KEYTRIPLEDES-CBC. See Admin Guide.]
[main] INFO org.apache.nifi.processors.standard.TestEncryptContentGroovy - Trying KDF BCRYPT
[main] INFO org.apache.nifi.processors.standard.TestEncryptContentGroovy - [EXPECTED] ['Key Derivation Function' is invalid because Key Derivation Function is required to be NIFI_LEGACY, OPENSSL_EVP_BYTES_TO_KEY when using algorithm PBEWITHSHAAND3-KEYTRIPLEDES-CBC. See Admin Guide.]
[main] INFO org.apache.nifi.processors.standard.TestEncryptContentGroovy - Trying KDF SCRYPT
[main] INFO org.apache.nifi.processors.standard.TestEncryptContentGroovy - [EXPECTED] ['Key Derivation Function' is invalid because Key Derivation Function is required to be NIFI_LEGACY, OPENSSL_EVP_BYTES_TO_KEY when using algorithm PBEWITHSHAAND3-KEYTRIPLEDES-CBC. See Admin Guide.]
[main] INFO org.apache.nifi.processors.standard.TestEncryptContentGroovy - Trying KDF PBKDF2
[main] INFO org.apache.nifi.processors.standard.TestEncryptContentGroovy - [EXPECTED] ['Key Derivation Function' is invalid because Key Derivation Function is required to be NIFI_LEGACY, OPENSSL_EVP_BYTES_TO_KEY when using algorithm PBEWITHSHAAND3-KEYTRIPLEDES-CBC. See Admin Guide.]
[main] INFO org.apache.nifi.processors.standard.TestEncryptContentGroovy - Trying KDF ARGON2
[main] INFO org.apache.nifi.processors.standard.TestEncryptContentGroovy - [EXPECTED] ['Key Derivation Function' is invalid because Key Derivation Function is required to be NIFI_LEGACY, OPENSSL_EVP_BYTES_TO_KEY when using algorithm PBEWITHSHAAND3-KEYTRIPLEDES-CBC. See Admin Guide.]
[main] INFO org.apache.nifi.processors.standard.TestEncryptContentGroovy - Trying KDF NIFI_LEGACY
[main] INFO org.apache.nifi.processors.standard.TestEncryptContentGroovy - Trying KDF OPENSSL_EVP_BYTES_TO_KEY
[main] INFO org.apache.nifi.processors.standard.TestEncryptContentGroovy - Trying encryption method SHA_TWOFISH
[main] INFO org.apache.nifi.processors.standard.TestEncryptContentGroovy - Trying KDF NONE
[main] INFO org.apache.nifi.processors.standard.TestEncryptContentGroovy - [EXPECTED] ['Key Derivation Function' is invalid because Key Derivation Function is required to be NIFI_LEGACY, OPENSSL_EVP_BYTES_TO_KEY when using algorithm PBEWITHSHAANDTWOFISH-CBC. See Admin Guide.]
[main] INFO org.apache.nifi.processors.standard.TestEncryptContentGroovy - Trying KDF BCRYPT
[main] INFO org.apache.nifi.processors.standard.TestEncryptContentGroovy - [EXPECTED] ['Key Derivation Function' is invalid because Key Derivation Function is required to be NIFI_LEGACY, OPENSSL_EVP_BYTES_TO_KEY when using algorithm PBEWITHSHAANDTWOFISH-CBC. See Admin Guide.]
[main] INFO org.apache.nifi.processors.standard.TestEncryptContentGroovy - Trying KDF SCRYPT
[main] INFO org.apache.nifi.processors.standard.TestEncryptContentGroovy - [EXPECTED] ['Key Derivation Function' is invalid because Key Derivation Function is required to be NIFI_LEGACY, OPENSSL_EVP_BYTES_TO_KEY when using algorithm PBEWITHSHAANDTWOFISH-CBC. See Admin Guide.]
[main] INFO org.apache.nifi.processors.standard.TestEncryptContentGroovy - Trying KDF PBKDF2
[main] INFO org.apache.nifi.processors.standard.TestEncryptContentGroovy - [EXPECTED] ['Key Derivation Function' is invalid because Key Derivation Function is required to be NIFI_LEGACY, OPENSSL_EVP_BYTES_TO_KEY when using algorithm PBEWITHSHAANDTWOFISH-CBC. See Admin Guide.]
[main] INFO org.apache.nifi.processors.standard.TestEncryptContentGroovy - Trying KDF ARGON2
[main] INFO org.apache.nifi.processors.standard.TestEncryptContentGroovy - [EXPECTED] ['Key Derivation Function' is invalid because Key Derivation Function is required to be NIFI_LEGACY, OPENSSL_EVP_BYTES_TO_KEY when using algorithm PBEWITHSHAANDTWOFISH-CBC. See Admin Guide.]
[main] INFO org.apache.nifi.processors.standard.TestEncryptContentGroovy - Trying KDF NIFI_LEGACY
[main] INFO org.apache.nifi.processors.standard.TestEncryptContentGroovy - Trying KDF OPENSSL_EVP_BYTES_TO_KEY
]]></system-err>
  </testcase>
  <testcase name="testDecryptAesCbcNoPadding" classname="org.apache.nifi.processors.standard.TestEncryptContentGroovy" time="0.024">
    <system-err><![CDATA[[main] WARN org.apache.nifi.security.util.crypto.AESKeyedCipherProvider - An IV was provided of length 0 bytes for encryption but should be 16 bytes
[main] WARN org.apache.nifi.security.util.crypto.AESKeyedCipherProvider - Generating new IV. The value can be obtained in the calling code by invoking 'cipher.getIV()';
[pool-605-thread-1] INFO org.apache.nifi.processors.standard.EncryptContent - EncryptContent[id=01ef47b6-31c6-4f85-8c48-6d3ec750f677] successfully decrypted FlowFile[0,94732807365440.mockFlowFile,32B]
]]></system-err>
  </testcase>
  <testcase name="testKDFShouldDefaultToNone" classname="org.apache.nifi.processors.standard.TestEncryptContentGroovy" time="0"/>
  <testcase name="testKeyedDecryptionShouldWriteAttributesWithEncryptionMetadata" classname="org.apache.nifi.processors.standard.TestEncryptContentGroovy" time="0.005">
    <system-err><![CDATA[[main] INFO org.apache.nifi.processors.standard.TestEncryptContentGroovy - Attempting decryption with AES_CBC
[pool-606-thread-1] WARN org.apache.nifi.security.util.crypto.AESKeyedCipherProvider - An IV was provided of length 0 bytes for encryption but should be 16 bytes
[pool-606-thread-1] WARN org.apache.nifi.security.util.crypto.AESKeyedCipherProvider - Generating new IV. The value can be obtained in the calling code by invoking 'cipher.getIV()';
[pool-606-thread-1] INFO org.apache.nifi.processors.standard.EncryptContent - EncryptContent[id=1d68536f-b97b-4578-b809-ba513e5d095b] successfully encrypted FlowFile[0,94732811139237.mockFlowFile,54B]
[main] INFO org.apache.nifi.processors.standard.TestEncryptContentGroovy - IV delimiter starts at 16
[pool-607-thread-1] INFO org.apache.nifi.processors.standard.EncryptContent - EncryptContent[id=1d68536f-b97b-4578-b809-ba513e5d095b] successfully decrypted FlowFile[1,94732812484192.mockFlowFile,29B]
[main] INFO org.apache.nifi.processors.standard.TestEncryptContentGroovy - Successfully decrypted with AES_CBC
[main] INFO org.apache.nifi.processors.standard.TestEncryptContentGroovy - Attribute: encryptcontent.action            : decrypted
[main] INFO org.apache.nifi.processors.standard.TestEncryptContentGroovy - Attribute: encryptcontent.algorithm         : AES_CBC
[main] INFO org.apache.nifi.processors.standard.TestEncryptContentGroovy - Attribute: encryptcontent.cipher_text_length: 54
[main] INFO org.apache.nifi.processors.standard.TestEncryptContentGroovy - Attribute: encryptcontent.iv                : 9e3a4cb6c2b4a8cc272dd35298cff563
[main] INFO org.apache.nifi.processors.standard.TestEncryptContentGroovy - Attribute: encryptcontent.iv_length         : 16
[main] INFO org.apache.nifi.processors.standard.TestEncryptContentGroovy - Attribute: encryptcontent.kdf               : NONE
[main] INFO org.apache.nifi.processors.standard.TestEncryptContentGroovy - Attribute: encryptcontent.plaintext_length  : 29
[main] INFO org.apache.nifi.processors.standard.TestEncryptContentGroovy - Attribute: encryptcontent.timestamp         : 2024-05-02 02:45:12.894 +0100
[main] INFO org.apache.nifi.processors.standard.TestEncryptContentGroovy - Attribute: filename                         : 94732812484192.mockFlowFile
[main] INFO org.apache.nifi.processors.standard.TestEncryptContentGroovy - Attribute: path                             : target
[main] INFO org.apache.nifi.processors.standard.TestEncryptContentGroovy - Attribute: uuid                             : 06d6d693-ec6c-4c51-b413-a5b059701bfb
[main] INFO org.apache.nifi.processors.standard.TestEncryptContentGroovy - Plaintext (29): 54686973206973206120706c61696e74657874206d6573736167652e20
[main] INFO org.apache.nifi.processors.standard.TestEncryptContentGroovy - Provided timestamp 2024-05-02 02:45:12.895 +0100 -> (ms): 1714614312895
[main] INFO org.apache.nifi.processors.standard.TestEncryptContentGroovy - Parsed timestamp   2024-05-02 02:45:12.894 +0100 -> (ms): 1714614312894
[main] INFO org.apache.nifi.processors.standard.TestEncryptContentGroovy - Timestamp difference: 0.001 seconds
]]></system-err>
  </testcase>
  <testcase name="testDifferentCompatibleConfigurations" classname="org.apache.nifi.processors.standard.TestEncryptContentGroovy" time="1.189">
    <system-err><![CDATA[[main] INFO org.apache.nifi.processors.standard.TestEncryptContentGroovy - Attempting encryption with KeyDerivationFunction[KDF Name=Argon2,Description=Argon2 with configurable cost parameters. See Admin Guide.] and AES_CBC
[pool-608-thread-1] WARN org.apache.nifi.security.util.crypto.AESKeyedCipherProvider - An IV was provided of length 0 bytes for encryption but should be 16 bytes
[pool-608-thread-1] WARN org.apache.nifi.security.util.crypto.AESKeyedCipherProvider - Generating new IV. The value can be obtained in the calling code by invoking 'cipher.getIV()';
[pool-608-thread-1] INFO org.apache.nifi.processors.standard.EncryptContent - EncryptContent[id=75e0b87e-bb4b-4381-a38e-868f42cea38e] successfully encrypted FlowFile[0,94732816868118.mockFlowFile,115B]
[main] INFO org.apache.nifi.processors.standard.TestEncryptContentGroovy - Attribute: encryptcontent.action            : encrypted
[main] INFO org.apache.nifi.processors.standard.TestEncryptContentGroovy - Attribute: encryptcontent.algorithm         : AES_CBC
[main] INFO org.apache.nifi.processors.standard.TestEncryptContentGroovy - Attribute: encryptcontent.cipher_text_length: 115
[main] INFO org.apache.nifi.processors.standard.TestEncryptContentGroovy - Attribute: encryptcontent.iv                : aee59329d88d26d28992754a6e4a7fed
[main] INFO org.apache.nifi.processors.standard.TestEncryptContentGroovy - Attribute: encryptcontent.iv_length         : 16
[main] INFO org.apache.nifi.processors.standard.TestEncryptContentGroovy - Attribute: encryptcontent.kdf               : ARGON2
[main] INFO org.apache.nifi.processors.standard.TestEncryptContentGroovy - Attribute: encryptcontent.kdf_salt          : $argon2id$v=19$m=65536,t=5,p=8$IbaYpWBl/kYpkkWMYERNkg
[main] INFO org.apache.nifi.processors.standard.TestEncryptContentGroovy - Attribute: encryptcontent.kdf_salt_length   : 53
[main] INFO org.apache.nifi.processors.standard.TestEncryptContentGroovy - Attribute: encryptcontent.plaintext_length  : 29
[main] INFO org.apache.nifi.processors.standard.TestEncryptContentGroovy - Attribute: encryptcontent.salt              : 21b698a56065fe462992458c60444d92
[main] INFO org.apache.nifi.processors.standard.TestEncryptContentGroovy - Attribute: encryptcontent.salt_length       : 16
[main] INFO org.apache.nifi.processors.standard.TestEncryptContentGroovy - Attribute: encryptcontent.timestamp         : 2024-05-02 02:45:13.321 +0100
[main] INFO org.apache.nifi.processors.standard.TestEncryptContentGroovy - Attribute: filename                         : 94732816868118.mockFlowFile
[main] INFO org.apache.nifi.processors.standard.TestEncryptContentGroovy - Attribute: path                             : target
[main] INFO org.apache.nifi.processors.standard.TestEncryptContentGroovy - Attribute: uuid                             : 0a09874a-eb30-4e59-a5e2-bcd2a22619bc
[main] INFO org.apache.nifi.processors.standard.TestEncryptContentGroovy - [SANITY] Derived key bytes: 763d25afaf44fad2289e07d8e845f0fd
[main] INFO org.apache.nifi.processors.standard.TestEncryptContentGroovy - [SANITY] Extracted IV bytes: aee59329d88d26d28992754a6e4a7fed
[main] INFO org.apache.nifi.processors.standard.TestEncryptContentGroovy - [SANITY] Recovered text: This is a plaintext message. 
[main] INFO org.apache.nifi.processors.standard.TestEncryptContentGroovy - Attempting decryption with AES_CBC
[pool-609-thread-1] INFO org.apache.nifi.security.util.crypto.KeyedEncryptor - Detected salt in incoming cipher text; skipped 61 bytes
[pool-609-thread-1] INFO org.apache.nifi.processors.standard.EncryptContent - EncryptContent[id=75e0b87e-bb4b-4381-a38e-868f42cea38e] successfully decrypted FlowFile[1,94734002632705.mockFlowFile,29B]
[main] INFO org.apache.nifi.processors.standard.TestEncryptContentGroovy - Successfully decrypted with AES_CBC
[main] INFO org.apache.nifi.processors.standard.TestEncryptContentGroovy - Attribute: encryptcontent.action            : decrypted
[main] INFO org.apache.nifi.processors.standard.TestEncryptContentGroovy - Attribute: encryptcontent.algorithm         : AES_CBC
[main] INFO org.apache.nifi.processors.standard.TestEncryptContentGroovy - Attribute: encryptcontent.cipher_text_length: 115
[main] INFO org.apache.nifi.processors.standard.TestEncryptContentGroovy - Attribute: encryptcontent.iv                : aee59329d88d26d28992754a6e4a7fed
[main] INFO org.apache.nifi.processors.standard.TestEncryptContentGroovy - Attribute: encryptcontent.iv_length         : 16
[main] INFO org.apache.nifi.processors.standard.TestEncryptContentGroovy - Attribute: encryptcontent.kdf               : NONE
[main] INFO org.apache.nifi.processors.standard.TestEncryptContentGroovy - Attribute: encryptcontent.plaintext_length  : 29
[main] INFO org.apache.nifi.processors.standard.TestEncryptContentGroovy - Attribute: encryptcontent.timestamp         : 2024-05-02 02:45:14.084 +0100
[main] INFO org.apache.nifi.processors.standard.TestEncryptContentGroovy - Attribute: filename                         : 94734002632705.mockFlowFile
[main] INFO org.apache.nifi.processors.standard.TestEncryptContentGroovy - Attribute: path                             : target
[main] INFO org.apache.nifi.processors.standard.TestEncryptContentGroovy - Attribute: uuid                             : cad75c19-982c-41b0-8237-76f91d902467
[main] INFO org.apache.nifi.processors.standard.TestEncryptContentGroovy - Plaintext (29): This is a plaintext message. 
]]></system-err>
  </testcase>
  <testcase name="testShouldCheckLengthOfPasswordWhenNotAllowed" classname="org.apache.nifi.processors.standard.TestEncryptContentGroovy" time="0.015">
    <system-err><![CDATA[[main] INFO org.apache.nifi.processors.standard.TestEncryptContentGroovy - Attempting PBEWITHMD5AND128BITAES-CBC-OPENSSL with password of length 9
[main] INFO org.apache.nifi.processors.standard.TestEncryptContentGroovy - [STATE] Limited strength crypto false and allow weak crypto: false
[main] INFO org.apache.nifi.processors.standard.TestEncryptContentGroovy - [EXPECTED] ['Password' is invalid because Password length less than 10 characters is potentially unsafe. See Admin Guide.]
[main] INFO org.apache.nifi.processors.standard.TestEncryptContentGroovy - Attempting PBEWITHMD5ANDDES with password of length 9
[main] INFO org.apache.nifi.processors.standard.TestEncryptContentGroovy - [STATE] Limited strength crypto false and allow weak crypto: false
[main] INFO org.apache.nifi.processors.standard.TestEncryptContentGroovy - [EXPECTED] ['Password' is invalid because Password length less than 10 characters is potentially unsafe. See Admin Guide.]
[main] INFO org.apache.nifi.processors.standard.TestEncryptContentGroovy - Attempting PBEWITHMD5ANDRC2 with password of length 9
[main] INFO org.apache.nifi.processors.standard.TestEncryptContentGroovy - [STATE] Limited strength crypto false and allow weak crypto: false
[main] INFO org.apache.nifi.processors.standard.TestEncryptContentGroovy - [EXPECTED] ['Password' is invalid because Password length less than 10 characters is potentially unsafe. See Admin Guide.]
[main] INFO org.apache.nifi.processors.standard.TestEncryptContentGroovy - Attempting PBEWITHSHA1ANDRC2 with password of length 9
[main] INFO org.apache.nifi.processors.standard.TestEncryptContentGroovy - [STATE] Limited strength crypto false and allow weak crypto: false
[main] INFO org.apache.nifi.processors.standard.TestEncryptContentGroovy - [EXPECTED] ['Password' is invalid because Password length less than 10 characters is potentially unsafe. See Admin Guide.]
[main] INFO org.apache.nifi.processors.standard.TestEncryptContentGroovy - Attempting PBEWITHSHA1ANDDES with password of length 9
[main] INFO org.apache.nifi.processors.standard.TestEncryptContentGroovy - [STATE] Limited strength crypto false and allow weak crypto: false
[main] INFO org.apache.nifi.processors.standard.TestEncryptContentGroovy - [EXPECTED] ['Password' is invalid because Password length less than 10 characters is potentially unsafe. See Admin Guide.]
[main] INFO org.apache.nifi.processors.standard.TestEncryptContentGroovy - Attempting PBEWITHSHAAND128BITAES-CBC-BC with password of length 6
[main] INFO org.apache.nifi.processors.standard.TestEncryptContentGroovy - [STATE] Limited strength crypto false and allow weak crypto: false
[main] INFO org.apache.nifi.processors.standard.TestEncryptContentGroovy - [EXPECTED] ['Password' is invalid because Password length less than 10 characters is potentially unsafe. See Admin Guide.]
[main] INFO org.apache.nifi.processors.standard.TestEncryptContentGroovy - Attempting PBEWITHSHAAND40BITRC2-CBC with password of length 6
[main] INFO org.apache.nifi.processors.standard.TestEncryptContentGroovy - [STATE] Limited strength crypto false and allow weak crypto: false
[main] INFO org.apache.nifi.processors.standard.TestEncryptContentGroovy - [EXPECTED] ['Password' is invalid because Password length less than 10 characters is potentially unsafe. See Admin Guide.]
[main] INFO org.apache.nifi.processors.standard.TestEncryptContentGroovy - Attempting PBEWITHSHAAND128BITRC2-CBC with password of length 6
[main] INFO org.apache.nifi.processors.standard.TestEncryptContentGroovy - [STATE] Limited strength crypto false and allow weak crypto: false
[main] INFO org.apache.nifi.processors.standard.TestEncryptContentGroovy - [EXPECTED] ['Password' is invalid because Password length less than 10 characters is potentially unsafe. See Admin Guide.]
[main] INFO org.apache.nifi.processors.standard.TestEncryptContentGroovy - Attempting PBEWITHSHAAND40BITRC4 with password of length 6
[main] INFO org.apache.nifi.processors.standard.TestEncryptContentGroovy - [STATE] Limited strength crypto false and allow weak crypto: false
[main] INFO org.apache.nifi.processors.standard.TestEncryptContentGroovy - [EXPECTED] ['Password' is invalid because Password length less than 10 characters is potentially unsafe. See Admin Guide.]
[main] INFO org.apache.nifi.processors.standard.TestEncryptContentGroovy - Attempting PBEWITHSHAAND128BITRC4 with password of length 6
[main] INFO org.apache.nifi.processors.standard.TestEncryptContentGroovy - [STATE] Limited strength crypto false and allow weak crypto: false
[main] INFO org.apache.nifi.processors.standard.TestEncryptContentGroovy - [EXPECTED] ['Password' is invalid because Password length less than 10 characters is potentially unsafe. See Admin Guide.]
[main] INFO org.apache.nifi.processors.standard.TestEncryptContentGroovy - Attempting PBEWITHSHA256AND128BITAES-CBC-BC with password of length 6
[main] INFO org.apache.nifi.processors.standard.TestEncryptContentGroovy - [STATE] Limited strength crypto false and allow weak crypto: false
[main] INFO org.apache.nifi.processors.standard.TestEncryptContentGroovy - [EXPECTED] ['Password' is invalid because Password length less than 10 characters is potentially unsafe. See Admin Guide.]
[main] INFO org.apache.nifi.processors.standard.TestEncryptContentGroovy - Attempting PBEWITHSHAAND2-KEYTRIPLEDES-CBC with password of length 6
[main] INFO org.apache.nifi.processors.standard.TestEncryptContentGroovy - [STATE] Limited strength crypto false and allow weak crypto: false
[main] INFO org.apache.nifi.processors.standard.TestEncryptContentGroovy - [EXPECTED] ['Password' is invalid because Password length less than 10 characters is potentially unsafe. See Admin Guide.]
[main] INFO org.apache.nifi.processors.standard.TestEncryptContentGroovy - Attempting PBEWITHSHAAND3-KEYTRIPLEDES-CBC with password of length 6
[main] INFO org.apache.nifi.processors.standard.TestEncryptContentGroovy - [STATE] Limited strength crypto false and allow weak crypto: false
[main] INFO org.apache.nifi.processors.standard.TestEncryptContentGroovy - [EXPECTED] ['Password' is invalid because Password length less than 10 characters is potentially unsafe. See Admin Guide.]
[main] INFO org.apache.nifi.processors.standard.TestEncryptContentGroovy - Attempting PBEWITHSHAANDTWOFISH-CBC with password of length 6
[main] INFO org.apache.nifi.processors.standard.TestEncryptContentGroovy - [STATE] Limited strength crypto false and allow weak crypto: false
[main] INFO org.apache.nifi.processors.standard.TestEncryptContentGroovy - [EXPECTED] ['Password' is invalid because Password length less than 10 characters is potentially unsafe. See Admin Guide.]
]]></system-err>
  </testcase>
  <testcase name="testRoundTrip" classname="org.apache.nifi.processors.standard.TestEncryptContentGroovy" time="0.02">
    <system-err><![CDATA[[main] INFO org.apache.nifi.processors.standard.TestEncryptContentGroovy - Attempting AES_CBC
[pool-610-thread-1] WARN org.apache.nifi.security.util.crypto.AESKeyedCipherProvider - An IV was provided of length 0 bytes for encryption but should be 16 bytes
[pool-610-thread-1] WARN org.apache.nifi.security.util.crypto.AESKeyedCipherProvider - Generating new IV. The value can be obtained in the calling code by invoking 'cipher.getIV()';
[pool-610-thread-1] INFO org.apache.nifi.processors.standard.EncryptContent - EncryptContent[id=5385c088-a458-4ce6-a0da-55e00e6b8213] successfully encrypted FlowFile[0,hello.txt,38B]
[pool-611-thread-1] INFO org.apache.nifi.processors.standard.EncryptContent - EncryptContent[id=5385c088-a458-4ce6-a0da-55e00e6b8213] successfully decrypted FlowFile[0,hello.txt,13B]
[main] INFO org.apache.nifi.processors.standard.TestEncryptContentGroovy - Successfully decrypted AES_CBC
[main] INFO org.apache.nifi.processors.standard.TestEncryptContentGroovy - Attempting AES_CTR
[pool-612-thread-1] WARN org.apache.nifi.security.util.crypto.AESKeyedCipherProvider - An IV was provided of length 0 bytes for encryption but should be 16 bytes
[pool-612-thread-1] WARN org.apache.nifi.security.util.crypto.AESKeyedCipherProvider - Generating new IV. The value can be obtained in the calling code by invoking 'cipher.getIV()';
[pool-612-thread-1] INFO org.apache.nifi.processors.standard.EncryptContent - EncryptContent[id=5385c088-a458-4ce6-a0da-55e00e6b8213] successfully encrypted FlowFile[1,hello.txt,35B]
[pool-613-thread-1] INFO org.apache.nifi.processors.standard.EncryptContent - EncryptContent[id=5385c088-a458-4ce6-a0da-55e00e6b8213] successfully decrypted FlowFile[1,hello.txt,13B]
[main] INFO org.apache.nifi.processors.standard.TestEncryptContentGroovy - Successfully decrypted AES_CTR
[main] INFO org.apache.nifi.processors.standard.TestEncryptContentGroovy - Attempting AES_GCM
[pool-614-thread-1] WARN org.apache.nifi.security.util.crypto.AESKeyedCipherProvider - An IV was provided of length 0 bytes for encryption but should be 16 bytes
[pool-614-thread-1] WARN org.apache.nifi.security.util.crypto.AESKeyedCipherProvider - Generating new IV. The value can be obtained in the calling code by invoking 'cipher.getIV()';
[pool-614-thread-1] INFO org.apache.nifi.processors.standard.EncryptContent - EncryptContent[id=5385c088-a458-4ce6-a0da-55e00e6b8213] successfully encrypted FlowFile[2,hello.txt,51B]
[pool-615-thread-1] INFO org.apache.nifi.processors.standard.EncryptContent - EncryptContent[id=5385c088-a458-4ce6-a0da-55e00e6b8213] successfully decrypted FlowFile[2,hello.txt,13B]
[main] INFO org.apache.nifi.processors.standard.TestEncryptContentGroovy - Successfully decrypted AES_GCM
]]></system-err>
  </testcase>
  <testcase name="testShouldValidateMaxKeySizeForAlgorithmsOnUnlimitedStrengthJVM" classname="org.apache.nifi.processors.standard.TestEncryptContentGroovy" time="0.003">
    <system-err><![CDATA[[main] INFO org.apache.nifi.processors.standard.TestEncryptContentGroovy - Using key ababababababababababababababababababababababababababababababababab (264 bits)
[main] INFO org.apache.nifi.processors.standard.TestEncryptContentGroovy - [EXPECTED] ['raw-key-hex' is invalid because Key must be valid length [128, 192, 256]. See Admin Guide.]
]]></system-err>
  </testcase>
  <testcase name="testArgon2ShouldIncludeFullSalt" classname="org.apache.nifi.processors.standard.TestEncryptContentGroovy" time="0.369">
    <system-err><![CDATA[[main] INFO org.apache.nifi.processors.standard.TestEncryptContentGroovy - Attempting AES_CBC
[pool-616-thread-1] WARN org.apache.nifi.security.util.crypto.AESKeyedCipherProvider - An IV was provided of length 0 bytes for encryption but should be 16 bytes
[pool-616-thread-1] WARN org.apache.nifi.security.util.crypto.AESKeyedCipherProvider - Generating new IV. The value can be obtained in the calling code by invoking 'cipher.getIV()';
[pool-616-thread-1] INFO org.apache.nifi.processors.standard.EncryptContent - EncryptContent[id=310c636e-0ca6-4cf2-9773-2c160272ebc1] successfully encrypted FlowFile[0,hello.txt,99B]
[main] INFO org.apache.nifi.processors.standard.TestEncryptContentGroovy - Flowfile content (99): 246172676f6e32696424763d3139246d3d36353533362c743d352c703d382475496b3632694b4646306a542b4237747a34585369514e69466953414c5470a26de3505c2eb1f892af72b84f5ff94e6946694956e4de7880777bcdbdb5360da236c2d43a
[main] INFO org.apache.nifi.processors.standard.TestEncryptContentGroovy - Full salt (53): $argon2id$v=19$m=65536,t=5,p=8$uIk62iKFF0jT+B7tz4XSiQ
[main] INFO org.apache.nifi.processors.standard.TestEncryptContentGroovy - Salt is Argon2 format: true
[main] INFO org.apache.nifi.processors.standard.TestEncryptContentGroovy - Salt length (53) in valid range ([49, 50, 51, 52, 53, 54, 55, 56, 57])
]]></system-err>
  </testcase>
  <testcase name="testKeyedEncryptionShouldWriteAttributesWithEncryptionMetadata" classname="org.apache.nifi.processors.standard.TestEncryptContentGroovy" time="0.004">
    <system-err><![CDATA[[main] INFO org.apache.nifi.processors.standard.TestEncryptContentGroovy - Attempting encryption with AES_CBC
[pool-617-thread-1] WARN org.apache.nifi.security.util.crypto.AESKeyedCipherProvider - An IV was provided of length 0 bytes for encryption but should be 16 bytes
[pool-617-thread-1] WARN org.apache.nifi.security.util.crypto.AESKeyedCipherProvider - Generating new IV. The value can be obtained in the calling code by invoking 'cipher.getIV()';
[pool-617-thread-1] INFO org.apache.nifi.processors.standard.EncryptContent - EncryptContent[id=c1d63380-50df-4580-8b38-1f53de07d910] successfully encrypted FlowFile[0,94734412532965.mockFlowFile,54B]
[main] INFO org.apache.nifi.processors.standard.TestEncryptContentGroovy - Successfully encrypted with AES_CBC
[main] INFO org.apache.nifi.processors.standard.TestEncryptContentGroovy - Attribute: encryptcontent.action            : encrypted
[main] INFO org.apache.nifi.processors.standard.TestEncryptContentGroovy - Attribute: encryptcontent.algorithm         : AES_CBC
[main] INFO org.apache.nifi.processors.standard.TestEncryptContentGroovy - Attribute: encryptcontent.cipher_text_length: 54
[main] INFO org.apache.nifi.processors.standard.TestEncryptContentGroovy - Attribute: encryptcontent.iv                : 2a70271988fbb750114e793af083eef4
[main] INFO org.apache.nifi.processors.standard.TestEncryptContentGroovy - Attribute: encryptcontent.iv_length         : 16
[main] INFO org.apache.nifi.processors.standard.TestEncryptContentGroovy - Attribute: encryptcontent.kdf               : NONE
[main] INFO org.apache.nifi.processors.standard.TestEncryptContentGroovy - Attribute: encryptcontent.plaintext_length  : 29
[main] INFO org.apache.nifi.processors.standard.TestEncryptContentGroovy - Attribute: encryptcontent.timestamp         : 2024-05-02 02:45:14.494 +0100
[main] INFO org.apache.nifi.processors.standard.TestEncryptContentGroovy - Attribute: filename                         : 94734412532965.mockFlowFile
[main] INFO org.apache.nifi.processors.standard.TestEncryptContentGroovy - Attribute: path                             : target
[main] INFO org.apache.nifi.processors.standard.TestEncryptContentGroovy - Attribute: uuid                             : 370a6436-0072-41f6-80ae-1a773bf7cc9d
[main] INFO org.apache.nifi.processors.standard.TestEncryptContentGroovy - Cipher text (54): 2a70271988fbb750114e793af083eef44e6946694956ddbe0580eaad0e18b1694d606620dde3b1861076687e0d87080003b7b14fe60f
[main] INFO org.apache.nifi.processors.standard.TestEncryptContentGroovy - IV delimiter starts at 16
[main] INFO org.apache.nifi.processors.standard.TestEncryptContentGroovy - Provided timestamp 2024-05-02 02:45:14.495 +0100 -> (ms): 1714614314495
[main] INFO org.apache.nifi.processors.standard.TestEncryptContentGroovy - Parsed timestamp   2024-05-02 02:45:14.494 +0100 -> (ms): 1714614314494
[main] INFO org.apache.nifi.processors.standard.TestEncryptContentGroovy - Timestamp difference: 0.001 seconds
]]></system-err>
  </testcase>
  <testcase name="testShouldNotCheckLengthOfPasswordWhenAllowed" classname="org.apache.nifi.processors.standard.TestEncryptContentGroovy" time="0.006">
    <system-err><![CDATA[[main] INFO org.apache.nifi.processors.standard.TestEncryptContentGroovy - Attempting PBEWITHMD5AND128BITAES-CBC-OPENSSL with password of length 9
[main] INFO org.apache.nifi.processors.standard.TestEncryptContentGroovy - [STATE] Limited strength crypto false and allow weak crypto: true
[main] INFO org.apache.nifi.processors.standard.TestEncryptContentGroovy - Attempting PBEWITHMD5ANDDES with password of length 9
[main] INFO org.apache.nifi.processors.standard.TestEncryptContentGroovy - [STATE] Limited strength crypto false and allow weak crypto: true
[main] INFO org.apache.nifi.processors.standard.TestEncryptContentGroovy - Attempting PBEWITHMD5ANDRC2 with password of length 9
[main] INFO org.apache.nifi.processors.standard.TestEncryptContentGroovy - [STATE] Limited strength crypto false and allow weak crypto: true
[main] INFO org.apache.nifi.processors.standard.TestEncryptContentGroovy - Attempting PBEWITHSHA1ANDRC2 with password of length 9
[main] INFO org.apache.nifi.processors.standard.TestEncryptContentGroovy - [STATE] Limited strength crypto false and allow weak crypto: true
[main] INFO org.apache.nifi.processors.standard.TestEncryptContentGroovy - Attempting PBEWITHSHA1ANDDES with password of length 9
[main] INFO org.apache.nifi.processors.standard.TestEncryptContentGroovy - [STATE] Limited strength crypto false and allow weak crypto: true
[main] INFO org.apache.nifi.processors.standard.TestEncryptContentGroovy - Attempting PBEWITHSHAAND128BITAES-CBC-BC with password of length 6
[main] INFO org.apache.nifi.processors.standard.TestEncryptContentGroovy - [STATE] Limited strength crypto false and allow weak crypto: true
[main] INFO org.apache.nifi.processors.standard.TestEncryptContentGroovy - Attempting PBEWITHSHAAND40BITRC2-CBC with password of length 6
[main] INFO org.apache.nifi.processors.standard.TestEncryptContentGroovy - [STATE] Limited strength crypto false and allow weak crypto: true
[main] INFO org.apache.nifi.processors.standard.TestEncryptContentGroovy - Attempting PBEWITHSHAAND128BITRC2-CBC with password of length 6
[main] INFO org.apache.nifi.processors.standard.TestEncryptContentGroovy - [STATE] Limited strength crypto false and allow weak crypto: true
[main] INFO org.apache.nifi.processors.standard.TestEncryptContentGroovy - Attempting PBEWITHSHAAND40BITRC4 with password of length 6
[main] INFO org.apache.nifi.processors.standard.TestEncryptContentGroovy - [STATE] Limited strength crypto false and allow weak crypto: true
[main] INFO org.apache.nifi.processors.standard.TestEncryptContentGroovy - Attempting PBEWITHSHAAND128BITRC4 with password of length 6
[main] INFO org.apache.nifi.processors.standard.TestEncryptContentGroovy - [STATE] Limited strength crypto false and allow weak crypto: true
[main] INFO org.apache.nifi.processors.standard.TestEncryptContentGroovy - Attempting PBEWITHSHA256AND128BITAES-CBC-BC with password of length 6
[main] INFO org.apache.nifi.processors.standard.TestEncryptContentGroovy - [STATE] Limited strength crypto false and allow weak crypto: true
[main] INFO org.apache.nifi.processors.standard.TestEncryptContentGroovy - Attempting PBEWITHSHAAND2-KEYTRIPLEDES-CBC with password of length 6
[main] INFO org.apache.nifi.processors.standard.TestEncryptContentGroovy - [STATE] Limited strength crypto false and allow weak crypto: true
[main] INFO org.apache.nifi.processors.standard.TestEncryptContentGroovy - Attempting PBEWITHSHAAND3-KEYTRIPLEDES-CBC with password of length 6
[main] INFO org.apache.nifi.processors.standard.TestEncryptContentGroovy - [STATE] Limited strength crypto false and allow weak crypto: true
[main] INFO org.apache.nifi.processors.standard.TestEncryptContentGroovy - Attempting PBEWITHSHAANDTWOFISH-CBC with password of length 6
[main] INFO org.apache.nifi.processors.standard.TestEncryptContentGroovy - [STATE] Limited strength crypto false and allow weak crypto: true
]]></system-err>
  </testcase>
  <testcase name="testShouldValidateMaxKeySizeForAlgorithmsOnLimitedStrengthJVM" classname="org.apache.nifi.processors.standard.TestEncryptContentGroovy" time="0">
    <skipped type="org.junit.AssumptionViolatedException"><![CDATA[org.junit.AssumptionViolatedException: Test is being skipped because this JVM supports unlimited strength crypto.
	at org.apache.nifi.processors.standard.TestEncryptContentGroovy.testShouldValidateMaxKeySizeForAlgorithmsOnLimitedStrengthJVM(TestEncryptContentGroovy.groovy:123)
]]></skipped>
  </testcase>
  <testcase name="testShouldCompareDate" classname="org.apache.nifi.processors.standard.TestEncryptContentGroovy" time="0.007">
    <system-err><![CDATA[[main] INFO org.apache.nifi.processors.standard.TestEncryptContentGroovy - Now: Thu May 02 02:45:14 WEST 2024 -- 1714614314502
[main] INFO org.apache.nifi.processors.standard.TestEncryptContentGroovy - FSL: Thu May 02 02:45:19 WEST 2024 -- 1714614319502
[main] INFO org.apache.nifi.processors.standard.TestEncryptContentGroovy - TSL: Thu May 02 02:45:24 WEST 2024 -- 1714614324502
[main] INFO org.apache.nifi.processors.standard.TestEncryptContentGroovy - TSL formatted: 2024-05-02 02:45:24.502 +0100
[main] INFO org.apache.nifi.processors.standard.TestEncryptContentGroovy - TSL parsed: Thu May 02 02:45:24 WEST 2024 -- 1714614324502
[main] INFO org.apache.nifi.processors.standard.TestEncryptContentGroovy -  FSL - now difference: 5.000 seconds
[main] INFO org.apache.nifi.processors.standard.TestEncryptContentGroovy -  TSL - now difference: 10.000 seconds
[main] INFO org.apache.nifi.processors.standard.TestEncryptContentGroovy - PTSL - now difference: 10.000 seconds
]]></system-err>
  </testcase>
  <testcase name="testShouldValidateKDFWhenKeyedCipherSelected" classname="org.apache.nifi.processors.standard.TestEncryptContentGroovy" time="0.007">
    <system-err><![CDATA[[main] INFO org.apache.nifi.processors.standard.TestEncryptContentGroovy - Using key abababababababababababababababab (128 bits)
[main] INFO org.apache.nifi.processors.standard.TestEncryptContentGroovy - Trying encryption method AES_CBC
[main] INFO org.apache.nifi.processors.standard.TestEncryptContentGroovy - Trying KDF NIFI_LEGACY
[main] INFO org.apache.nifi.processors.standard.TestEncryptContentGroovy - [EXPECTED] ['key-derivation-function' is invalid because Key Derivation Function is required to be BCRYPT, SCRYPT, PBKDF2, ARGON2, NONE when using algorithm AES/CBC/PKCS7Padding]
[main] INFO org.apache.nifi.processors.standard.TestEncryptContentGroovy - Trying KDF OPENSSL_EVP_BYTES_TO_KEY
[main] INFO org.apache.nifi.processors.standard.TestEncryptContentGroovy - [EXPECTED] ['key-derivation-function' is invalid because Key Derivation Function is required to be BCRYPT, SCRYPT, PBKDF2, ARGON2, NONE when using algorithm AES/CBC/PKCS7Padding]
[main] INFO org.apache.nifi.processors.standard.TestEncryptContentGroovy - Trying KDF NONE
[main] INFO org.apache.nifi.processors.standard.TestEncryptContentGroovy - Trying KDF BCRYPT
[main] INFO org.apache.nifi.processors.standard.TestEncryptContentGroovy - Trying KDF SCRYPT
[main] INFO org.apache.nifi.processors.standard.TestEncryptContentGroovy - Trying KDF PBKDF2
[main] INFO org.apache.nifi.processors.standard.TestEncryptContentGroovy - Trying KDF ARGON2
[main] INFO org.apache.nifi.processors.standard.TestEncryptContentGroovy - Trying encryption method AES_CTR
[main] INFO org.apache.nifi.processors.standard.TestEncryptContentGroovy - Trying KDF NIFI_LEGACY
[main] INFO org.apache.nifi.processors.standard.TestEncryptContentGroovy - [EXPECTED] ['key-derivation-function' is invalid because Key Derivation Function is required to be BCRYPT, SCRYPT, PBKDF2, ARGON2, NONE when using algorithm AES/CTR/NoPadding]
[main] INFO org.apache.nifi.processors.standard.TestEncryptContentGroovy - Trying KDF OPENSSL_EVP_BYTES_TO_KEY
[main] INFO org.apache.nifi.processors.standard.TestEncryptContentGroovy - [EXPECTED] ['key-derivation-function' is invalid because Key Derivation Function is required to be BCRYPT, SCRYPT, PBKDF2, ARGON2, NONE when using algorithm AES/CTR/NoPadding]
[main] INFO org.apache.nifi.processors.standard.TestEncryptContentGroovy - Trying KDF NONE
[main] INFO org.apache.nifi.processors.standard.TestEncryptContentGroovy - Trying KDF BCRYPT
[main] INFO org.apache.nifi.processors.standard.TestEncryptContentGroovy - Trying KDF SCRYPT
[main] INFO org.apache.nifi.processors.standard.TestEncryptContentGroovy - Trying KDF PBKDF2
[main] INFO org.apache.nifi.processors.standard.TestEncryptContentGroovy - Trying KDF ARGON2
[main] INFO org.apache.nifi.processors.standard.TestEncryptContentGroovy - Trying encryption method AES_GCM
[main] INFO org.apache.nifi.processors.standard.TestEncryptContentGroovy - Trying KDF NIFI_LEGACY
[main] INFO org.apache.nifi.processors.standard.TestEncryptContentGroovy - [EXPECTED] ['key-derivation-function' is invalid because Key Derivation Function is required to be BCRYPT, SCRYPT, PBKDF2, ARGON2, NONE when using algorithm AES/GCM/NoPadding]
[main] INFO org.apache.nifi.processors.standard.TestEncryptContentGroovy - Trying KDF OPENSSL_EVP_BYTES_TO_KEY
[main] INFO org.apache.nifi.processors.standard.TestEncryptContentGroovy - [EXPECTED] ['key-derivation-function' is invalid because Key Derivation Function is required to be BCRYPT, SCRYPT, PBKDF2, ARGON2, NONE when using algorithm AES/GCM/NoPadding]
[main] INFO org.apache.nifi.processors.standard.TestEncryptContentGroovy - Trying KDF NONE
[main] INFO org.apache.nifi.processors.standard.TestEncryptContentGroovy - Trying KDF BCRYPT
[main] INFO org.apache.nifi.processors.standard.TestEncryptContentGroovy - Trying KDF SCRYPT
[main] INFO org.apache.nifi.processors.standard.TestEncryptContentGroovy - Trying KDF PBKDF2
[main] INFO org.apache.nifi.processors.standard.TestEncryptContentGroovy - Trying KDF ARGON2
]]></system-err>
  </testcase>
</testsuite>