24/04/20 21:43:27 INFO wasp.WaspTestingUtility: Starting up minicluster with 1 master(s) and 3 fserver(s) 
Starting DataNode 0 with dfs.data.dir: /home/idflakies/alibaba/wasp/target/test-data/ccc267bb-66a0-4936-837a-0fd44be690af/dfscluster_55b1bcc3-4286-4144-9856-b9da6223b16e/dfs/data/data1,/home/idflakies/alibaba/wasp/target/test-data/ccc267bb-66a0-4936-837a-0fd44be690af/dfscluster_55b1bcc3-4286-4144-9856-b9da6223b16e/dfs/data/data2
24/04/20 21:43:28 ERROR datanode.DataNode: All directories in dfs.data.dir are invalid.
24/04/20 21:43:28 INFO wasp.WaspTestingUtility: Shutting down mini wasp cluster
24/04/20 21:43:28 INFO wasp.WaspTestingUtility: Minicluster is down
java.lang.NullPointerException
	at org.apache.hadoop.hdfs.MiniDFSCluster.startDataNodes(MiniDFSCluster.java:422)
	at org.apache.hadoop.hdfs.MiniDFSCluster.<init>(MiniDFSCluster.java:280)
	at org.apache.hadoop.hbase.HBaseTestingUtility.startMiniDFSCluster(HBaseTestingUtility.java:451)
	at org.apache.hadoop.hbase.HBaseTestingUtility.startMiniCluster(HBaseTestingUtility.java:619)
	at org.apache.hadoop.hbase.HBaseTestingUtility.startMiniCluster(HBaseTestingUtility.java:575)
	at com.alibaba.wasp.WaspTestingUtility.startMiniCluster(WaspTestingUtility.java:172)
	at com.alibaba.wasp.WaspTestingUtility.startMiniCluster(WaspTestingUtility.java:144)
	at com.alibaba.wasp.client.TestFromClientSide.setUpBeforeClass(TestFromClientSide.java:83)
	at sun.reflect.NativeMethodAccessorImpl.invoke0(Native Method)
	at sun.reflect.NativeMethodAccessorImpl.invoke(NativeMethodAccessorImpl.java:62)
	at sun.reflect.DelegatingMethodAccessorImpl.invoke(DelegatingMethodAccessorImpl.java:43)
	at java.lang.reflect.Method.invoke(Method.java:498)
	at org.junit.runners.model.FrameworkMethod$1.runReflectiveCall(FrameworkMethod.java:45)
	at org.junit.internal.runners.model.ReflectiveCallable.run(ReflectiveCallable.java:15)
	at org.junit.runners.model.FrameworkMethod.invokeExplosively(FrameworkMethod.java:42)
	at org.junit.internal.runners.statements.RunBefores.evaluate(RunBefores.java:27)
	at org.junit.internal.runners.statements.RunAfters.evaluate(RunAfters.java:30)
	at org.junit.runners.ParentRunner.run(ParentRunner.java:300)
	at org.junit.runners.Suite.runChild(Suite.java:128)
	at org.junit.runners.Suite.runChild(Suite.java:24)
	at org.junit.runners.ParentRunner$3.run(ParentRunner.java:231)
	at org.junit.runners.ParentRunner$1.schedule(ParentRunner.java:60)
	at org.junit.runners.ParentRunner.runChildren(ParentRunner.java:229)
	at org.junit.runners.ParentRunner.access$000(ParentRunner.java:50)
	at org.junit.runners.ParentRunner$2.evaluate(ParentRunner.java:222)
	at org.junit.runners.ParentRunner.run(ParentRunner.java:300)
	at org.junit.runner.JUnitCore.run(JUnitCore.java:157)
	at org.junit.runner.JUnitCore.run(JUnitCore.java:136)
	at edu.illinois.cs.testrunner.execution.JUnitTestExecutor.execute(JUnitTestExecutor.java:246)
	at edu.illinois.cs.testrunner.execution.JUnitTestExecutor.executeWithJUnit4Runner(JUnitTestExecutor.java:315)
	at edu.illinois.cs.testrunner.execution.JUnitTestExecutor.runOrder(JUnitTestExecutor.java:46)
	at edu.illinois.cs.testrunner.execution.Executor$.$anonfun$run$1(Executor.scala:30)
	at scala.runtime.java8.JFunction0$mcV$sp.apply(JFunction0$mcV$sp.java:12)
	at scala.util.Try$.apply(Try.scala:209)
	at edu.illinois.cs.testrunner.execution.Executor$.run(Executor.scala:28)
	at edu.illinois.cs.testrunner.execution.Executor$.main(Executor.scala:18)
	at edu.illinois.cs.testrunner.execution.Executor.main(Executor.scala)
24/04/20 21:43:28 INFO wasp.WaspTestingUtility: Starting up minicluster with 1 master(s) and 3 fserver(s) 
Starting DataNode 0 with dfs.data.dir: /home/idflakies/alibaba/wasp/target/test-data/e1193e9f-38f3-46b1-b8b7-714cf7ada349/dfscluster_2e3b4a8d-f11b-4048-9fbe-1476d5d9a502/dfs/data/data1,/home/idflakies/alibaba/wasp/target/test-data/e1193e9f-38f3-46b1-b8b7-714cf7ada349/dfscluster_2e3b4a8d-f11b-4048-9fbe-1476d5d9a502/dfs/data/data2
24/04/20 21:43:29 ERROR datanode.DataNode: All directories in dfs.data.dir are invalid.
java.lang.NullPointerException
	at org.apache.hadoop.hdfs.MiniDFSCluster.startDataNodes(MiniDFSCluster.java:422)
	at org.apache.hadoop.hdfs.MiniDFSCluster.<init>(MiniDFSCluster.java:280)
	at org.apache.hadoop.hbase.HBaseTestingUtility.startMiniDFSCluster(HBaseTestingUtility.java:451)
	at org.apache.hadoop.hbase.HBaseTestingUtility.startMiniCluster(HBaseTestingUtility.java:619)
	at org.apache.hadoop.hbase.HBaseTestingUtility.startMiniCluster(HBaseTestingUtility.java:575)
	at com.alibaba.wasp.WaspTestingUtility.startMiniCluster(WaspTestingUtility.java:172)
	at com.alibaba.wasp.WaspTestingUtility.startMiniCluster(WaspTestingUtility.java:144)
	at com.alibaba.wasp.jdbc.TestJdbcResultSet.setUpBeforeClass(TestJdbcResultSet.java:71)
	at sun.reflect.NativeMethodAccessorImpl.invoke0(Native Method)
	at sun.reflect.NativeMethodAccessorImpl.invoke(NativeMethodAccessorImpl.java:62)
	at sun.reflect.DelegatingMethodAccessorImpl.invoke(DelegatingMethodAccessorImpl.java:43)
	at java.lang.reflect.Method.invoke(Method.java:498)
	at org.junit.runners.model.FrameworkMethod$1.runReflectiveCall(FrameworkMethod.java:45)
	at org.junit.internal.runners.model.ReflectiveCallable.run(ReflectiveCallable.java:15)
	at org.junit.runners.model.FrameworkMethod.invokeExplosively(FrameworkMethod.java:42)
	at org.junit.internal.runners.statements.RunBefores.evaluate(RunBefores.java:27)
	at org.junit.internal.runners.statements.RunAfters.evaluate(RunAfters.java:30)
	at org.junit.runners.ParentRunner.run(ParentRunner.java:300)
	at org.junit.runners.Suite.runChild(Suite.java:128)
	at org.junit.runners.Suite.runChild(Suite.java:24)
	at org.junit.runners.ParentRunner$3.run(ParentRunner.java:231)
	at org.junit.runners.ParentRunner$1.schedule(ParentRunner.java:60)
	at org.junit.runners.ParentRunner.runChildren(ParentRunner.java:229)
	at org.junit.runners.ParentRunner.access$000(ParentRunner.java:50)
	at org.junit.runners.ParentRunner$2.evaluate(ParentRunner.java:222)
	at org.junit.runners.ParentRunner.run(ParentRunner.java:300)
	at org.junit.runner.JUnitCore.run(JUnitCore.java:157)
	at org.junit.runner.JUnitCore.run(JUnitCore.java:136)
	at edu.illinois.cs.testrunner.execution.JUnitTestExecutor.execute(JUnitTestExecutor.java:246)
	at edu.illinois.cs.testrunner.execution.JUnitTestExecutor.executeWithJUnit4Runner(JUnitTestExecutor.java:315)
	at edu.illinois.cs.testrunner.execution.JUnitTestExecutor.runOrder(JUnitTestExecutor.java:46)
	at edu.illinois.cs.testrunner.execution.Executor$.$anonfun$run$1(Executor.scala:30)
	at scala.runtime.java8.JFunction0$mcV$sp.apply(JFunction0$mcV$sp.java:12)
	at scala.util.Try$.apply(Try.scala:209)
	at edu.illinois.cs.testrunner.execution.Executor$.run(Executor.scala:28)
	at edu.illinois.cs.testrunner.execution.Executor$.main(Executor.scala:18)
	at edu.illinois.cs.testrunner.execution.Executor.main(Executor.scala)
java.lang.NullPointerException
	at com.alibaba.wasp.jdbc.TestJdbcResultSet.tearDownAfterClass(TestJdbcResultSet.java:100)
	at sun.reflect.NativeMethodAccessorImpl.invoke0(Native Method)
	at sun.reflect.NativeMethodAccessorImpl.invoke(NativeMethodAccessorImpl.java:62)
	at sun.reflect.DelegatingMethodAccessorImpl.invoke(DelegatingMethodAccessorImpl.java:43)
	at java.lang.reflect.Method.invoke(Method.java:498)
	at org.junit.runners.model.FrameworkMethod$1.runReflectiveCall(FrameworkMethod.java:45)
	at org.junit.internal.runners.model.ReflectiveCallable.run(ReflectiveCallable.java:15)
	at org.junit.runners.model.FrameworkMethod.invokeExplosively(FrameworkMethod.java:42)
	at org.junit.internal.runners.statements.RunAfters.evaluate(RunAfters.java:36)
	at org.junit.runners.ParentRunner.run(ParentRunner.java:300)
	at org.junit.runners.Suite.runChild(Suite.java:128)
	at org.junit.runners.Suite.runChild(Suite.java:24)
	at org.junit.runners.ParentRunner$3.run(ParentRunner.java:231)
	at org.junit.runners.ParentRunner$1.schedule(ParentRunner.java:60)
	at org.junit.runners.ParentRunner.runChildren(ParentRunner.java:229)
	at org.junit.runners.ParentRunner.access$000(ParentRunner.java:50)
	at org.junit.runners.ParentRunner$2.evaluate(ParentRunner.java:222)
	at org.junit.runners.ParentRunner.run(ParentRunner.java:300)
	at org.junit.runner.JUnitCore.run(JUnitCore.java:157)
	at org.junit.runner.JUnitCore.run(JUnitCore.java:136)
	at edu.illinois.cs.testrunner.execution.JUnitTestExecutor.execute(JUnitTestExecutor.java:246)
	at edu.illinois.cs.testrunner.execution.JUnitTestExecutor.executeWithJUnit4Runner(JUnitTestExecutor.java:315)
	at edu.illinois.cs.testrunner.execution.JUnitTestExecutor.runOrder(JUnitTestExecutor.java:46)
	at edu.illinois.cs.testrunner.execution.Executor$.$anonfun$run$1(Executor.scala:30)
	at scala.runtime.java8.JFunction0$mcV$sp.apply(JFunction0$mcV$sp.java:12)
	at scala.util.Try$.apply(Try.scala:209)
	at edu.illinois.cs.testrunner.execution.Executor$.run(Executor.scala:28)
	at edu.illinois.cs.testrunner.execution.Executor$.main(Executor.scala:18)
	at edu.illinois.cs.testrunner.execution.Executor.main(Executor.scala)
24/04/20 21:43:29 INFO wasp.WaspTestingUtility: Starting up minicluster with 1 master(s) and 3 fserver(s) 
Starting DataNode 0 with dfs.data.dir: /home/idflakies/alibaba/wasp/target/test-data/5482de12-cb0a-45a2-a38b-6e74a6822e12/dfscluster_87cb7816-c1d1-471e-b7b3-7fbb86adb5d1/dfs/data/data1,/home/idflakies/alibaba/wasp/target/test-data/5482de12-cb0a-45a2-a38b-6e74a6822e12/dfscluster_87cb7816-c1d1-471e-b7b3-7fbb86adb5d1/dfs/data/data2
24/04/20 21:43:29 ERROR datanode.DataNode: All directories in dfs.data.dir are invalid.
java.lang.NullPointerException
	at org.apache.hadoop.hdfs.MiniDFSCluster.startDataNodes(MiniDFSCluster.java:422)
	at org.apache.hadoop.hdfs.MiniDFSCluster.<init>(MiniDFSCluster.java:280)
	at org.apache.hadoop.hbase.HBaseTestingUtility.startMiniDFSCluster(HBaseTestingUtility.java:451)
	at org.apache.hadoop.hbase.HBaseTestingUtility.startMiniCluster(HBaseTestingUtility.java:619)
	at org.apache.hadoop.hbase.HBaseTestingUtility.startMiniCluster(HBaseTestingUtility.java:575)
	at com.alibaba.wasp.WaspTestingUtility.startMiniCluster(WaspTestingUtility.java:172)
	at com.alibaba.wasp.WaspTestingUtility.startMiniCluster(WaspTestingUtility.java:144)
	at com.alibaba.wasp.jdbc.TestPreparedStatement.beforeClass(TestPreparedStatement.java:60)
	at sun.reflect.NativeMethodAccessorImpl.invoke0(Native Method)
	at sun.reflect.NativeMethodAccessorImpl.invoke(NativeMethodAccessorImpl.java:62)
	at sun.reflect.DelegatingMethodAccessorImpl.invoke(DelegatingMethodAccessorImpl.java:43)
	at java.lang.reflect.Method.invoke(Method.java:498)
	at org.junit.runners.model.FrameworkMethod$1.runReflectiveCall(FrameworkMethod.java:45)
	at org.junit.internal.runners.model.ReflectiveCallable.run(ReflectiveCallable.java:15)
	at org.junit.runners.model.FrameworkMethod.invokeExplosively(FrameworkMethod.java:42)
	at org.junit.internal.runners.statements.RunBefores.evaluate(RunBefores.java:27)
	at org.junit.internal.runners.statements.RunAfters.evaluate(RunAfters.java:30)
	at org.junit.runners.ParentRunner.run(ParentRunner.java:300)
	at org.junit.runners.Suite.runChild(Suite.java:128)
	at org.junit.runners.Suite.runChild(Suite.java:24)
	at org.junit.runners.ParentRunner$3.run(ParentRunner.java:231)
	at org.junit.runners.ParentRunner$1.schedule(ParentRunner.java:60)
	at org.junit.runners.ParentRunner.runChildren(ParentRunner.java:229)
	at org.junit.runners.ParentRunner.access$000(ParentRunner.java:50)
	at org.junit.runners.ParentRunner$2.evaluate(ParentRunner.java:222)
	at org.junit.runners.ParentRunner.run(ParentRunner.java:300)
	at org.junit.runner.JUnitCore.run(JUnitCore.java:157)
	at org.junit.runner.JUnitCore.run(JUnitCore.java:136)
	at edu.illinois.cs.testrunner.execution.JUnitTestExecutor.execute(JUnitTestExecutor.java:246)
	at edu.illinois.cs.testrunner.execution.JUnitTestExecutor.executeWithJUnit4Runner(JUnitTestExecutor.java:315)
	at edu.illinois.cs.testrunner.execution.JUnitTestExecutor.runOrder(JUnitTestExecutor.java:46)
	at edu.illinois.cs.testrunner.execution.Executor$.$anonfun$run$1(Executor.scala:30)
	at scala.runtime.java8.JFunction0$mcV$sp.apply(JFunction0$mcV$sp.java:12)
	at scala.util.Try$.apply(Try.scala:209)
	at edu.illinois.cs.testrunner.execution.Executor$.run(Executor.scala:28)
	at edu.illinois.cs.testrunner.execution.Executor$.main(Executor.scala:18)
	at edu.illinois.cs.testrunner.execution.Executor.main(Executor.scala)
java.lang.NullPointerException
	at com.alibaba.wasp.jdbc.TestPreparedStatement.afterClass(TestPreparedStatement.java:82)
	at sun.reflect.NativeMethodAccessorImpl.invoke0(Native Method)
	at sun.reflect.NativeMethodAccessorImpl.invoke(NativeMethodAccessorImpl.java:62)
	at sun.reflect.DelegatingMethodAccessorImpl.invoke(DelegatingMethodAccessorImpl.java:43)
	at java.lang.reflect.Method.invoke(Method.java:498)
	at org.junit.runners.model.FrameworkMethod$1.runReflectiveCall(FrameworkMethod.java:45)
	at org.junit.internal.runners.model.ReflectiveCallable.run(ReflectiveCallable.java:15)
	at org.junit.runners.model.FrameworkMethod.invokeExplosively(FrameworkMethod.java:42)
	at org.junit.internal.runners.statements.RunAfters.evaluate(RunAfters.java:36)
	at org.junit.runners.ParentRunner.run(ParentRunner.java:300)
	at org.junit.runners.Suite.runChild(Suite.java:128)
	at org.junit.runners.Suite.runChild(Suite.java:24)
	at org.junit.runners.ParentRunner$3.run(ParentRunner.java:231)
	at org.junit.runners.ParentRunner$1.schedule(ParentRunner.java:60)
	at org.junit.runners.ParentRunner.runChildren(ParentRunner.java:229)
	at org.junit.runners.ParentRunner.access$000(ParentRunner.java:50)
	at org.junit.runners.ParentRunner$2.evaluate(ParentRunner.java:222)
	at org.junit.runners.ParentRunner.run(ParentRunner.java:300)
	at org.junit.runner.JUnitCore.run(JUnitCore.java:157)
	at org.junit.runner.JUnitCore.run(JUnitCore.java:136)
	at edu.illinois.cs.testrunner.execution.JUnitTestExecutor.execute(JUnitTestExecutor.java:246)
	at edu.illinois.cs.testrunner.execution.JUnitTestExecutor.executeWithJUnit4Runner(JUnitTestExecutor.java:315)
	at edu.illinois.cs.testrunner.execution.JUnitTestExecutor.runOrder(JUnitTestExecutor.java:46)
	at edu.illinois.cs.testrunner.execution.Executor$.$anonfun$run$1(Executor.scala:30)
	at scala.runtime.java8.JFunction0$mcV$sp.apply(JFunction0$mcV$sp.java:12)
	at scala.util.Try$.apply(Try.scala:209)
	at edu.illinois.cs.testrunner.execution.Executor$.run(Executor.scala:28)
	at edu.illinois.cs.testrunner.execution.Executor$.main(Executor.scala:18)
	at edu.illinois.cs.testrunner.execution.Executor.main(Executor.scala)
24/04/20 21:43:29 INFO server.NIOServerCnxnFactory: binding to port 0.0.0.0/0.0.0.0:56422
24/04/20 21:43:29 INFO persistence.FileTxnSnapLog: Snapshotting: 0x0 to /home/idflakies/alibaba/wasp/target/test-data/f033059e-3c9b-4db8-9f02-5377a65593e6/dfscluster_87c5610d-0450-4756-903d-e8aff8420df0/zookeeper_0/version-2/snapshot.0
24/04/20 21:43:29 INFO server.NIOServerCnxnFactory: Accepted socket connection from /127.0.0.1:42680
24/04/20 21:43:29 DEBUG zookeeper.ZKUtil: MockServer,123,-1 opening connection to ZooKeeper with ensemble (localhost:56422)
24/04/20 21:43:29 INFO zookeeper.RecoverableZooKeeper: The identifier of this process is 41508@22e8d89dc231
24/04/20 21:43:29 INFO server.NIOServerCnxnFactory: Accepted socket connection from /127.0.0.1:42682
24/04/20 21:43:29 INFO persistence.FileTxnLog: Creating new log file: log.1
24/04/20 21:43:29 DEBUG zookeeper.ZooKeeperWatcher: MockServer,123,-1 Received ZooKeeper Event, type=None, state=SyncConnected, path=null
24/04/20 21:43:29 DEBUG zookeeper.ZooKeeperWatcher: MockServer,123,-1-0xff8efd76ddef0000 connected
24/04/20 21:43:29 INFO fserver.EntityGroup: creating EntityGroup TestOpenEntityGroupHandler Table == CREATE TABLE TestOpenEntityGroupHandler { 
  REQUIRED INT32 column1 COLUMNFAMILY d;
  REQUIRED INT64 column2 COLUMNFAMILY d;
  REQUIRED STRING column3 COLUMNFAMILY d;
  OPTIONAL FLOAT column4 COLUMNFAMILY d;
  OPTIONAL DOUBLE column5 COLUMNFAMILY d;
  OPTIONAL DATETIME column6 COLUMNFAMILY d;
  REPEATED PROTOBUF column7 COLUMNFAMILY d;
  OPTIONAL STRING column8 COLUMNFAMILY d;
} 
PRIMARY KEY(column1),
ENTITY GROUP ROOT,
ENTITY GROUP KEY(column1);
 Table name == TestOpenEntityGroupHandler
24/04/20 21:43:29 DEBUG fserver.MetricsEntityGroupSourceImpl: Creating new MetricsEntityGroupSourceImpl for table TestOpenEntityGroupHandler 82cf9661ca1d9d7f36badcc1cec773e4
24/04/20 21:43:29 DEBUG fserver.EntityGroup: Instantiated TestOpenEntityGroupHandler,\x00\x00\x00\x00,1713649409554.82cf9661ca1d9d7f36badcc1cec773e4.
24/04/20 21:43:29 ERROR server.NIOServerCnxnFactory: Thread Thread[Thread-75,5,main] died
java.lang.NullPointerException
	at com.alibaba.wasp.fserver.EntityGroup.run(EntityGroup.java:1264)
	at java.lang.Thread.run(Thread.java:748)
24/04/20 21:43:29 DEBUG zookeeper.ZKAssign: MockServer,123,-1-0xff8efd76ddef0000 Attempting to transition node 82cf9661ca1d9d7f36badcc1cec773e4 from M_ZK_ENTITYGROUP_OFFLINE to FSERVER_ZK_ENTITYGROUP_OPENING
24/04/20 21:43:29 DEBUG zookeeper.ZKUtil: MockServer,123,-1-0xff8efd76ddef0000 Unable to get data of znode /wasp/unassigned/82cf9661ca1d9d7f36badcc1cec773e4 because node does not exist (not necessarily an error)
24/04/20 21:43:29 WARN handler.OpenEntityGroupHandler: Failed transition from OFFLINE to OPENING for entityGroup=82cf9661ca1d9d7f36badcc1cec773e4
24/04/20 21:43:29 WARN handler.OpenEntityGroupHandler: EntityGroup was hijacked? It no longer exists, encodedName=82cf9661ca1d9d7f36badcc1cec773e4
24/04/20 21:43:29 DEBUG zookeeper.ZKAssign: MockServer,123,-1-0xff8efd76ddef0000 Creating unassigned node for 82cf9661ca1d9d7f36badcc1cec773e4 in OFFLINE state
24/04/20 21:43:29 DEBUG zookeeper.ZKAssign: MockServer,123,-1-0xff8efd76ddef0000 Attempting to transition node 82cf9661ca1d9d7f36badcc1cec773e4 from M_ZK_ENTITYGROUP_OFFLINE to FSERVER_ZK_ENTITYGROUP_OPENING
24/04/20 21:43:29 DEBUG zookeeper.ZKUtil: MockServer,123,-1-0xff8efd76ddef0000 Retrieved 117 byte(s) of data from znode /wasp/unassigned/82cf9661ca1d9d7f36badcc1cec773e4; data=entityGroup=TestOpenEntityGroupHandler,\x00\x00\x00\x00,1713649409554.82cf9661ca1d9d7f36badcc1cec773e4., state=M_ZK_ENTITYGROUP_OFFLINE, servername=MockServer,123,-1, createTime=1713649409671, payload.length=0
24/04/20 21:43:29 DEBUG zookeeper.ZooKeeperWatcher: MockServer,123,-1-0xff8efd76ddef0000 Received ZooKeeper Event, type=NodeDataChanged, state=SyncConnected, path=/wasp/unassigned/82cf9661ca1d9d7f36badcc1cec773e4
24/04/20 21:43:29 DEBUG zookeeper.ZKAssign: MockServer,123,-1-0xff8efd76ddef0000 Successfully transitioned node 82cf9661ca1d9d7f36badcc1cec773e4 from M_ZK_ENTITYGROUP_OFFLINE to FSERVER_ZK_ENTITYGROUP_OPENING
24/04/20 21:43:29 INFO fserver.EntityGroup: EntityGroup.openEntityGroup EntityGroup name ==TestOpenEntityGroupHandler,\x00\x00\x00\x00,1713649409554.82cf9661ca1d9d7f36badcc1cec773e4.
24/04/20 21:43:29 DEBUG fserver.EntityGroup: Opening EntityGroup: {NAME => 'TestOpenEntityGroupHandler,\x00\x00\x00\x00,1713649409554.82cf9661ca1d9d7f36badcc1cec773e4.', STARTKEY => '\x00\x00\x00\x00', ENDKEY => '\x00\x00\x00\x01', ENCODED => 82cf9661ca1d9d7f36badcc1cec773e4,}
24/04/20 21:43:29 DEBUG fserver.MetricsEntityGroupSourceImpl: Creating new MetricsEntityGroupSourceImpl for table TestOpenEntityGroupHandler 82cf9661ca1d9d7f36badcc1cec773e4
24/04/20 21:43:29 DEBUG fserver.EntityGroup: Instantiated TestOpenEntityGroupHandler,\x00\x00\x00\x00,1713649409554.82cf9661ca1d9d7f36badcc1cec773e4.
24/04/20 21:43:29 ERROR server.NIOServerCnxnFactory: Thread Thread[Thread-78,5,main] died
java.lang.NullPointerException
	at com.alibaba.wasp.fserver.EntityGroup.run(EntityGroup.java:1264)
	at java.lang.Thread.run(Thread.java:748)
24/04/20 21:43:29 DEBUG zookeeper.ZKAssign: MockServer,123,-1-0xff8efd76ddef0000 Attempting to transition node 82cf9661ca1d9d7f36badcc1cec773e4 from FSERVER_ZK_ENTITYGROUP_OPENING to FSERVER_ZK_ENTITYGROUP_OPENING
24/04/20 21:43:29 DEBUG zookeeper.ZKUtil: MockServer,123,-1-0xff8efd76ddef0000 Unable to get data of znode /wasp/unassigned/82cf9661ca1d9d7f36badcc1cec773e4 because node does not exist (not necessarily an error)
24/04/20 21:43:29 WARN handler.OpenEntityGroupHandler: Failed refreshing OPENING; entityGroup=82cf9661ca1d9d7f36badcc1cec773e4, context=post_entitygroup_open
24/04/20 21:43:29 DEBUG fserver.EntityGroup: Closing TestOpenEntityGroupHandler,\x00\x00\x00\x00,1713649409554.82cf9661ca1d9d7f36badcc1cec773e4.
24/04/20 21:43:29 DEBUG fserver.EntityGroup: Updates disabled for entityGroup TestOpenEntityGroupHandler,\x00\x00\x00\x00,1713649409554.82cf9661ca1d9d7f36badcc1cec773e4.
24/04/20 21:43:29 INFO fserver.EntityGroup: Running commit transaction of TestOpenEntityGroupHandler,\x00\x00\x00\x00,1713649409554.82cf9661ca1d9d7f36badcc1cec773e4. before close
24/04/20 21:43:29 INFO fserver.EntityGroup: Closed TestOpenEntityGroupHandler,\x00\x00\x00\x00,1713649409554.82cf9661ca1d9d7f36badcc1cec773e4.
24/04/20 21:43:29 INFO handler.OpenEntityGroupHandler: Opening of entityGroup {NAME => 'TestOpenEntityGroupHandler,\x00\x00\x00\x00,1713649409554.82cf9661ca1d9d7f36badcc1cec773e4.', STARTKEY => '\x00\x00\x00\x00', ENDKEY => '\x00\x00\x00\x01', ENCODED => 82cf9661ca1d9d7f36badcc1cec773e4,} failed, marking as FAILED_OPEN in ZK
24/04/20 21:43:29 DEBUG zookeeper.ZKAssign: MockServer,123,-1-0xff8efd76ddef0000 Attempting to transition node 82cf9661ca1d9d7f36badcc1cec773e4 from FSERVER_ZK_ENTITYGROUP_OPENING to FSERVER_ZK_ENTITYGROUP_FAILED_OPEN
24/04/20 21:43:29 DEBUG zookeeper.ZKUtil: MockServer,123,-1-0xff8efd76ddef0000 Unable to get data of znode /wasp/unassigned/82cf9661ca1d9d7f36badcc1cec773e4 because node does not exist (not necessarily an error)
24/04/20 21:43:29 WARN handler.OpenEntityGroupHandler: Unable to mark entityGroup {NAME => 'TestOpenEntityGroupHandler,\x00\x00\x00\x00,1713649409554.82cf9661ca1d9d7f36badcc1cec773e4.', STARTKEY => '\x00\x00\x00\x00', ENDKEY => '\x00\x00\x00\x01', ENCODED => 82cf9661ca1d9d7f36badcc1cec773e4,} as FAILED_OPEN. It's likely that the master already timed out this open attempt, and thus another RS already has the entityGroup.
24/04/20 21:43:29 DEBUG fserver.EntityGroup: Closing TestOpenEntityGroupHandler,\x00\x00\x00\x00,1713649409554.82cf9661ca1d9d7f36badcc1cec773e4.
24/04/20 21:43:29 DEBUG fserver.EntityGroup: Updates disabled for entityGroup TestOpenEntityGroupHandler,\x00\x00\x00\x00,1713649409554.82cf9661ca1d9d7f36badcc1cec773e4.
24/04/20 21:43:29 INFO fserver.EntityGroup: Running commit transaction of TestOpenEntityGroupHandler,\x00\x00\x00\x00,1713649409554.82cf9661ca1d9d7f36badcc1cec773e4. before close
24/04/20 21:43:29 INFO fserver.EntityGroup: Closed TestOpenEntityGroupHandler,\x00\x00\x00\x00,1713649409554.82cf9661ca1d9d7f36badcc1cec773e4.
24/04/20 21:43:29 DEBUG zookeeper.ZKUtil: MockServer,123,-1 opening connection to ZooKeeper with ensemble (localhost:56422)
24/04/20 21:43:29 INFO server.NIOServerCnxnFactory: Accepted socket connection from /127.0.0.1:42698
24/04/20 21:43:29 INFO zookeeper.RecoverableZooKeeper: The identifier of this process is 41508@22e8d89dc231
24/04/20 21:43:29 DEBUG zookeeper.ZooKeeperWatcher: MockServer,123,-1 Received ZooKeeper Event, type=None, state=SyncConnected, path=null
24/04/20 21:43:29 DEBUG zookeeper.ZooKeeperWatcher: MockServer,123,-1-0xff8efd76ddef0001 connected
24/04/20 21:43:29 DEBUG zookeeper.ZKAssign: MockServer,123,-1-0xff8efd76ddef0001 Creating unassigned node for 6761b1da8a9a55376c7d180ec8de409a in OFFLINE state
24/04/20 21:43:29 DEBUG zookeeper.ZKAssign: MockServer,123,-1-0xff8efd76ddef0001 Attempting to transition node 6761b1da8a9a55376c7d180ec8de409a from M_ZK_ENTITYGROUP_OFFLINE to FSERVER_ZK_ENTITYGROUP_OPENING
24/04/20 21:43:29 DEBUG zookeeper.ZKUtil: MockServer,123,-1-0xff8efd76ddef0001 Retrieved 117 byte(s) of data from znode /wasp/unassigned/6761b1da8a9a55376c7d180ec8de409a; data=entityGroup=TestOpenEntityGroupHandler,\x00\x00\x00\x00,1713649409718.6761b1da8a9a55376c7d180ec8de409a., state=M_ZK_ENTITYGROUP_OFFLINE, servername=MockServer,123,-1, createTime=1713649409727, payload.length=0
24/04/20 21:43:29 DEBUG zookeeper.ZKAssign: MockServer,123,-1-0xff8efd76ddef0001 Successfully transitioned node 6761b1da8a9a55376c7d180ec8de409a from M_ZK_ENTITYGROUP_OFFLINE to FSERVER_ZK_ENTITYGROUP_OPENING
24/04/20 21:43:29 INFO handler.OpenEntityGroupHandler: Opening of entityGroup {NAME => 'TestOpenEntityGroupHandler,\x00\x00\x00\x00,1713649409718.6761b1da8a9a55376c7d180ec8de409a.', STARTKEY => '\x00\x00\x00\x00', ENDKEY => '\x00\x00\x00\x01', ENCODED => 6761b1da8a9a55376c7d180ec8de409a,} failed, marking as FAILED_OPEN in ZK
24/04/20 21:43:29 DEBUG zookeeper.ZKAssign: MockServer,123,-1-0xff8efd76ddef0001 Attempting to transition node 6761b1da8a9a55376c7d180ec8de409a from FSERVER_ZK_ENTITYGROUP_OPENING to FSERVER_ZK_ENTITYGROUP_FAILED_OPEN
24/04/20 21:43:29 DEBUG zookeeper.ZooKeeperWatcher: MockServer,123,-1-0xff8efd76ddef0001 Received ZooKeeper Event, type=NodeDataChanged, state=SyncConnected, path=/wasp/unassigned/6761b1da8a9a55376c7d180ec8de409a
24/04/20 21:43:29 DEBUG zookeeper.ZKUtil: MockServer,123,-1-0xff8efd76ddef0001 Retrieved 117 byte(s) of data from znode /wasp/unassigned/6761b1da8a9a55376c7d180ec8de409a; data=entityGroup=TestOpenEntityGroupHandler,\x00\x00\x00\x00,1713649409718.6761b1da8a9a55376c7d180ec8de409a., state=FSERVER_ZK_ENTITYGROUP_OPENING, servername=MockServer,123,-1, createTime=1713649409732, payload.length=0
24/04/20 21:43:29 DEBUG zookeeper.ZKAssign: MockServer,123,-1-0xff8efd76ddef0001 Successfully transitioned node 6761b1da8a9a55376c7d180ec8de409a from FSERVER_ZK_ENTITYGROUP_OPENING to FSERVER_ZK_ENTITYGROUP_FAILED_OPEN
24/04/20 21:43:29 DEBUG zookeeper.ZKUtil: MockServer,123,-1-0xff8efd76ddef0001 Retrieved 117 byte(s) of data from znode /wasp/unassigned/6761b1da8a9a55376c7d180ec8de409a and set watcher; entityGroup=TestOpenEntityGroupHandler,\x00\x00\x00\x00,1713649409718.6761b1da8a9a55376c7d180ec8de409a., state=FSERVER_ZK_ENTITYGROUP_FAILED_OPEN, servername=MockServer,123,-1, createTime=1713649409736, payload.length=0
24/04/20 21:43:29 DEBUG zookeeper.ZKUtil: MockServer,123,-1 opening connection to ZooKeeper with ensemble (localhost:56422)
24/04/20 21:43:29 INFO zookeeper.RecoverableZooKeeper: The identifier of this process is 41508@22e8d89dc231
24/04/20 21:43:29 INFO server.NIOServerCnxnFactory: Accepted socket connection from /127.0.0.1:42714
24/04/20 21:43:29 DEBUG zookeeper.ZooKeeperWatcher: MockServer,123,-1 Received ZooKeeper Event, type=None, state=SyncConnected, path=null
24/04/20 21:43:29 DEBUG zookeeper.ZooKeeperWatcher: MockServer,123,-1-0xff8efd76ddef0002 connected
24/04/20 21:43:29 DEBUG zookeeper.ZKAssign: MockServer,123,-1-0xff8efd76ddef0002 Creating unassigned node for 8b78a0ac7fba103df0564b1ea541d34a in OFFLINE state
24/04/20 21:43:29 DEBUG zookeeper.ZKAssign: MockServer,123,-1-0xff8efd76ddef0002 Attempting to transition node 8b78a0ac7fba103df0564b1ea541d34a from M_ZK_ENTITYGROUP_OFFLINE to FSERVER_ZK_ENTITYGROUP_OPENING
24/04/20 21:43:29 DEBUG zookeeper.ZKUtil: MockServer,123,-1-0xff8efd76ddef0002 Retrieved 117 byte(s) of data from znode /wasp/unassigned/8b78a0ac7fba103df0564b1ea541d34a; data=entityGroup=TestOpenEntityGroupHandler,\x00\x00\x00\x00,1713649409740.8b78a0ac7fba103df0564b1ea541d34a., state=M_ZK_ENTITYGROUP_OFFLINE, servername=MockServer,123,-1, createTime=1713649409749, payload.length=0
24/04/20 21:43:29 DEBUG zookeeper.ZooKeeperWatcher: MockServer,123,-1-0xff8efd76ddef0002 Received ZooKeeper Event, type=NodeDataChanged, state=SyncConnected, path=/wasp/unassigned/8b78a0ac7fba103df0564b1ea541d34a
24/04/20 21:43:29 DEBUG zookeeper.ZKAssign: MockServer,123,-1-0xff8efd76ddef0002 Successfully transitioned node 8b78a0ac7fba103df0564b1ea541d34a from M_ZK_ENTITYGROUP_OFFLINE to FSERVER_ZK_ENTITYGROUP_OPENING
24/04/20 21:43:29 INFO fserver.EntityGroup: EntityGroup.openEntityGroup EntityGroup name ==TestOpenEntityGroupHandler,\x00\x00\x00\x00,1713649409740.8b78a0ac7fba103df0564b1ea541d34a.
24/04/20 21:43:29 DEBUG fserver.EntityGroup: Opening EntityGroup: {NAME => 'TestOpenEntityGroupHandler,\x00\x00\x00\x00,1713649409740.8b78a0ac7fba103df0564b1ea541d34a.', STARTKEY => '\x00\x00\x00\x00', ENDKEY => '\x00\x00\x00\x01', ENCODED => 8b78a0ac7fba103df0564b1ea541d34a,}
24/04/20 21:43:29 DEBUG fserver.MetricsEntityGroupSourceImpl: Creating new MetricsEntityGroupSourceImpl for table TestOpenEntityGroupHandler 8b78a0ac7fba103df0564b1ea541d34a
24/04/20 21:43:29 DEBUG fserver.EntityGroup: Instantiated TestOpenEntityGroupHandler,\x00\x00\x00\x00,1713649409740.8b78a0ac7fba103df0564b1ea541d34a.
24/04/20 21:43:29 DEBUG zookeeper.ZKAssign: MockServer,123,-1-0xff8efd76ddef0002 Attempting to transition node 8b78a0ac7fba103df0564b1ea541d34a from FSERVER_ZK_ENTITYGROUP_OPENING to FSERVER_ZK_ENTITYGROUP_OPENING
24/04/20 21:43:29 ERROR server.NIOServerCnxnFactory: Thread Thread[Thread-81,5,main] died
java.lang.NullPointerException
	at com.alibaba.wasp.fserver.EntityGroup.run(EntityGroup.java:1264)
	at java.lang.Thread.run(Thread.java:748)
24/04/20 21:43:29 DEBUG zookeeper.ZKUtil: MockServer,123,-1-0xff8efd76ddef0002 Retrieved 117 byte(s) of data from znode /wasp/unassigned/8b78a0ac7fba103df0564b1ea541d34a; data=entityGroup=TestOpenEntityGroupHandler,\x00\x00\x00\x00,1713649409740.8b78a0ac7fba103df0564b1ea541d34a., state=FSERVER_ZK_ENTITYGROUP_OPENING, servername=MockServer,123,-1, createTime=1713649409753, payload.length=0
24/04/20 21:43:29 DEBUG zookeeper.ZKAssign: MockServer,123,-1-0xff8efd76ddef0002 Successfully transitioned node 8b78a0ac7fba103df0564b1ea541d34a from FSERVER_ZK_ENTITYGROUP_OPENING to FSERVER_ZK_ENTITYGROUP_OPENING
24/04/20 21:43:29 DEBUG fserver.EntityGroup: Closing TestOpenEntityGroupHandler,\x00\x00\x00\x00,1713649409740.8b78a0ac7fba103df0564b1ea541d34a.
24/04/20 21:43:29 DEBUG fserver.EntityGroup: Updates disabled for entityGroup TestOpenEntityGroupHandler,\x00\x00\x00\x00,1713649409740.8b78a0ac7fba103df0564b1ea541d34a.
24/04/20 21:43:29 INFO fserver.EntityGroup: Running commit transaction of TestOpenEntityGroupHandler,\x00\x00\x00\x00,1713649409740.8b78a0ac7fba103df0564b1ea541d34a. before close
24/04/20 21:43:29 INFO fserver.EntityGroup: Closed TestOpenEntityGroupHandler,\x00\x00\x00\x00,1713649409740.8b78a0ac7fba103df0564b1ea541d34a.
24/04/20 21:43:29 INFO handler.OpenEntityGroupHandler: Opening of entityGroup {NAME => 'TestOpenEntityGroupHandler,\x00\x00\x00\x00,1713649409740.8b78a0ac7fba103df0564b1ea541d34a.', STARTKEY => '\x00\x00\x00\x00', ENDKEY => '\x00\x00\x00\x01', ENCODED => 8b78a0ac7fba103df0564b1ea541d34a,} failed, marking as FAILED_OPEN in ZK
24/04/20 21:43:29 DEBUG zookeeper.ZKAssign: MockServer,123,-1-0xff8efd76ddef0002 Attempting to transition node 8b78a0ac7fba103df0564b1ea541d34a from FSERVER_ZK_ENTITYGROUP_OPENING to FSERVER_ZK_ENTITYGROUP_FAILED_OPEN
24/04/20 21:43:29 DEBUG zookeeper.ZKUtil: MockServer,123,-1-0xff8efd76ddef0002 Retrieved 117 byte(s) of data from znode /wasp/unassigned/8b78a0ac7fba103df0564b1ea541d34a; data=entityGroup=TestOpenEntityGroupHandler,\x00\x00\x00\x00,1713649409740.8b78a0ac7fba103df0564b1ea541d34a., state=FSERVER_ZK_ENTITYGROUP_OPENING, servername=MockServer,123,-1, createTime=1713649409757, payload.length=0
24/04/20 21:43:29 DEBUG zookeeper.ZKAssign: MockServer,123,-1-0xff8efd76ddef0002 Successfully transitioned node 8b78a0ac7fba103df0564b1ea541d34a from FSERVER_ZK_ENTITYGROUP_OPENING to FSERVER_ZK_ENTITYGROUP_FAILED_OPEN
24/04/20 21:43:29 DEBUG zookeeper.ZKUtil: MockServer,123,-1-0xff8efd76ddef0002 Retrieved 117 byte(s) of data from znode /wasp/unassigned/8b78a0ac7fba103df0564b1ea541d34a and set watcher; entityGroup=TestOpenEntityGroupHandler,\x00\x00\x00\x00,1713649409740.8b78a0ac7fba103df0564b1ea541d34a., state=FSERVER_ZK_ENTITYGROUP_FAILED_OPEN, servername=MockServer,123,-1, createTime=1713649409761, payload.length=0
24/04/20 21:43:29 INFO server.NIOServerCnxnFactory: NIOServerCnxn factory exited run method
24/04/20 21:43:29 INFO server.SessionTrackerImpl: Shutting down
24/04/20 21:43:29 INFO server.SyncRequestProcessor: Shutting down
24/04/20 21:43:29 INFO server.SyncRequestProcessor: SyncRequestProcessor exited!
24/04/20 21:43:29 INFO server.FinalRequestProcessor: shutdown of request processor complete
24/04/20 21:43:29 INFO wasp.WaspTestingUtility: Starting up minicluster with 1 master(s) and 3 fserver(s) 
24/04/20 21:43:29 DEBUG zookeeper.ZooKeeperWatcher: MockServer,123,-1-0xff8efd76ddef0000 Received ZooKeeper Event, type=None, state=Disconnected, path=null
24/04/20 21:43:29 DEBUG zookeeper.ZooKeeperWatcher: MockServer,123,-1-0xff8efd76ddef0000 Received Disconnected from ZooKeeper, ignoring
24/04/20 21:43:29 DEBUG zookeeper.ZooKeeperWatcher: MockServer,123,-1-0xff8efd76ddef0001 Received ZooKeeper Event, type=None, state=Disconnected, path=null
24/04/20 21:43:29 DEBUG zookeeper.ZooKeeperWatcher: MockServer,123,-1-0xff8efd76ddef0001 Received Disconnected from ZooKeeper, ignoring
24/04/20 21:43:29 DEBUG zookeeper.ZooKeeperWatcher: MockServer,123,-1-0xff8efd76ddef0002 Received ZooKeeper Event, type=None, state=Disconnected, path=null
24/04/20 21:43:29 DEBUG zookeeper.ZooKeeperWatcher: MockServer,123,-1-0xff8efd76ddef0002 Received Disconnected from ZooKeeper, ignoring
24/04/20 21:43:30 INFO server.SessionTrackerImpl: SessionTrackerImpl exited loop!
Starting DataNode 0 with dfs.data.dir: /home/idflakies/alibaba/wasp/target/test-data/77eb2406-234a-494b-986e-1b80586e6f94/dfscluster_6b4732c7-ef82-43c5-9f2e-2b823428853c/dfs/data/data1,/home/idflakies/alibaba/wasp/target/test-data/77eb2406-234a-494b-986e-1b80586e6f94/dfscluster_6b4732c7-ef82-43c5-9f2e-2b823428853c/dfs/data/data2
24/04/20 21:43:30 ERROR datanode.DataNode: All directories in dfs.data.dir are invalid.
24/04/20 21:43:30 INFO wasp.WaspTestingUtility: Shutting down mini wasp cluster
24/04/20 21:43:30 INFO wasp.WaspTestingUtility: Minicluster is down
java.lang.NullPointerException
	at org.apache.hadoop.hdfs.MiniDFSCluster.startDataNodes(MiniDFSCluster.java:422)
	at org.apache.hadoop.hdfs.MiniDFSCluster.<init>(MiniDFSCluster.java:280)
	at org.apache.hadoop.hbase.HBaseTestingUtility.startMiniDFSCluster(HBaseTestingUtility.java:451)
	at org.apache.hadoop.hbase.HBaseTestingUtility.startMiniCluster(HBaseTestingUtility.java:619)
	at org.apache.hadoop.hbase.HBaseTestingUtility.startMiniCluster(HBaseTestingUtility.java:575)
	at com.alibaba.wasp.WaspTestingUtility.startMiniCluster(WaspTestingUtility.java:172)
	at com.alibaba.wasp.WaspTestingUtility.startMiniCluster(WaspTestingUtility.java:144)
	at com.alibaba.wasp.messagequeue.TestSubscriber.setUpBeforeClass(TestSubscriber.java:71)
	at sun.reflect.NativeMethodAccessorImpl.invoke0(Native Method)
	at sun.reflect.NativeMethodAccessorImpl.invoke(NativeMethodAccessorImpl.java:62)
	at sun.reflect.DelegatingMethodAccessorImpl.invoke(DelegatingMethodAccessorImpl.java:43)
	at java.lang.reflect.Method.invoke(Method.java:498)
	at org.junit.runners.model.FrameworkMethod$1.runReflectiveCall(FrameworkMethod.java:45)
	at org.junit.internal.runners.model.ReflectiveCallable.run(ReflectiveCallable.java:15)
	at org.junit.runners.model.FrameworkMethod.invokeExplosively(FrameworkMethod.java:42)
	at org.junit.internal.runners.statements.RunBefores.evaluate(RunBefores.java:27)
	at org.junit.internal.runners.statements.RunAfters.evaluate(RunAfters.java:30)
	at org.junit.runners.ParentRunner.run(ParentRunner.java:300)
	at org.junit.runners.Suite.runChild(Suite.java:128)
	at org.junit.runners.Suite.runChild(Suite.java:24)
	at org.junit.runners.ParentRunner$3.run(ParentRunner.java:231)
	at org.junit.runners.ParentRunner$1.schedule(ParentRunner.java:60)
	at org.junit.runners.ParentRunner.runChildren(ParentRunner.java:229)
	at org.junit.runners.ParentRunner.access$000(ParentRunner.java:50)
	at org.junit.runners.ParentRunner$2.evaluate(ParentRunner.java:222)
	at org.junit.runners.ParentRunner.run(ParentRunner.java:300)
	at org.junit.runner.JUnitCore.run(JUnitCore.java:157)
	at org.junit.runner.JUnitCore.run(JUnitCore.java:136)
	at edu.illinois.cs.testrunner.execution.JUnitTestExecutor.execute(JUnitTestExecutor.java:246)
	at edu.illinois.cs.testrunner.execution.JUnitTestExecutor.executeWithJUnit4Runner(JUnitTestExecutor.java:315)
	at edu.illinois.cs.testrunner.execution.JUnitTestExecutor.runOrder(JUnitTestExecutor.java:46)
	at edu.illinois.cs.testrunner.execution.Executor$.$anonfun$run$1(Executor.scala:30)
	at scala.runtime.java8.JFunction0$mcV$sp.apply(JFunction0$mcV$sp.java:12)
	at scala.util.Try$.apply(Try.scala:209)
	at edu.illinois.cs.testrunner.execution.Executor$.run(Executor.scala:28)
	at edu.illinois.cs.testrunner.execution.Executor$.main(Executor.scala:18)
	at edu.illinois.cs.testrunner.execution.Executor.main(Executor.scala)
24/04/20 21:43:30 DEBUG master.TestOpenedEntityGroupHandler: 

TRR: Starting cluster

24/04/20 21:43:30 INFO wasp.WaspTestingUtility: Starting up minicluster with 1 master(s) and 1 fserver(s) 
Starting DataNode 0 with dfs.data.dir: /home/idflakies/alibaba/wasp/target/test-data/8ff65355-7808-4e12-8fcd-961c1fc97747/dfscluster_8742d9a5-b369-4194-8fcc-7719004be0de/dfs/data/data1,/home/idflakies/alibaba/wasp/target/test-data/8ff65355-7808-4e12-8fcd-961c1fc97747/dfscluster_8742d9a5-b369-4194-8fcc-7719004be0de/dfs/data/data2
24/04/20 21:43:30 ERROR datanode.DataNode: All directories in dfs.data.dir are invalid.
24/04/20 21:43:30 INFO wasp.WaspTestingUtility: Shutting down mini wasp cluster
24/04/20 21:43:30 INFO wasp.WaspTestingUtility: Minicluster is down
java.lang.NullPointerException
	at org.apache.hadoop.hdfs.MiniDFSCluster.startDataNodes(MiniDFSCluster.java:422)
	at org.apache.hadoop.hdfs.MiniDFSCluster.<init>(MiniDFSCluster.java:280)
	at org.apache.hadoop.hbase.HBaseTestingUtility.startMiniDFSCluster(HBaseTestingUtility.java:451)
	at org.apache.hadoop.hbase.HBaseTestingUtility.startMiniCluster(HBaseTestingUtility.java:619)
	at org.apache.hadoop.hbase.HBaseTestingUtility.startMiniCluster(HBaseTestingUtility.java:575)
	at com.alibaba.wasp.WaspTestingUtility.startMiniCluster(WaspTestingUtility.java:172)
	at com.alibaba.wasp.master.TestOpenedEntityGroupHandler.testOpenedEntityGroupHandlerOnMasterRestart(TestOpenedEntityGroupHandler.java:93)
	at sun.reflect.NativeMethodAccessorImpl.invoke0(Native Method)
	at sun.reflect.NativeMethodAccessorImpl.invoke(NativeMethodAccessorImpl.java:62)
	at sun.reflect.DelegatingMethodAccessorImpl.invoke(DelegatingMethodAccessorImpl.java:43)
	at java.lang.reflect.Method.invoke(Method.java:498)
	at org.junit.runners.model.FrameworkMethod$1.runReflectiveCall(FrameworkMethod.java:45)
	at org.junit.internal.runners.model.ReflectiveCallable.run(ReflectiveCallable.java:15)
	at org.junit.runners.model.FrameworkMethod.invokeExplosively(FrameworkMethod.java:42)
	at org.junit.internal.runners.statements.InvokeMethod.evaluate(InvokeMethod.java:20)
	at org.junit.internal.runners.statements.RunBefores.evaluate(RunBefores.java:28)
	at org.junit.internal.runners.statements.RunAfters.evaluate(RunAfters.java:30)
	at org.junit.runners.ParentRunner.runLeaf(ParentRunner.java:263)
	at org.junit.runners.BlockJUnit4ClassRunner.runChild(BlockJUnit4ClassRunner.java:68)
	at org.junit.runners.BlockJUnit4ClassRunner.runChild(BlockJUnit4ClassRunner.java:47)
	at org.junit.runners.ParentRunner$3.run(ParentRunner.java:231)
	at org.junit.runners.ParentRunner$1.schedule(ParentRunner.java:60)
	at org.junit.runners.ParentRunner.runChildren(ParentRunner.java:229)
	at org.junit.runners.ParentRunner.access$000(ParentRunner.java:50)
	at org.junit.runners.ParentRunner$2.evaluate(ParentRunner.java:222)
	at org.junit.runners.ParentRunner.run(ParentRunner.java:300)
	at org.junit.runners.Suite.runChild(Suite.java:128)
	at org.junit.runners.Suite.runChild(Suite.java:24)
	at org.junit.runners.ParentRunner$3.run(ParentRunner.java:231)
	at org.junit.runners.ParentRunner$1.schedule(ParentRunner.java:60)
	at org.junit.runners.ParentRunner.runChildren(ParentRunner.java:229)
	at org.junit.runners.ParentRunner.access$000(ParentRunner.java:50)
	at org.junit.runners.ParentRunner$2.evaluate(ParentRunner.java:222)
	at org.junit.runners.ParentRunner.run(ParentRunner.java:300)
	at org.junit.runner.JUnitCore.run(JUnitCore.java:157)
	at org.junit.runner.JUnitCore.run(JUnitCore.java:136)
	at edu.illinois.cs.testrunner.execution.JUnitTestExecutor.execute(JUnitTestExecutor.java:246)
	at edu.illinois.cs.testrunner.execution.JUnitTestExecutor.executeWithJUnit4Runner(JUnitTestExecutor.java:315)
	at edu.illinois.cs.testrunner.execution.JUnitTestExecutor.runOrder(JUnitTestExecutor.java:46)
	at edu.illinois.cs.testrunner.execution.Executor$.$anonfun$run$1(Executor.scala:30)
	at scala.runtime.java8.JFunction0$mcV$sp.apply(JFunction0$mcV$sp.java:12)
	at scala.util.Try$.apply(Try.scala:209)
	at edu.illinois.cs.testrunner.execution.Executor$.run(Executor.scala:28)
	at edu.illinois.cs.testrunner.execution.Executor$.main(Executor.scala:18)
	at edu.illinois.cs.testrunner.execution.Executor.main(Executor.scala)
24/04/20 21:43:30 INFO server.NIOServerCnxnFactory: binding to port 0.0.0.0/0.0.0.0:60415
24/04/20 21:43:30 INFO persistence.FileTxnSnapLog: Snapshotting: 0x0 to /home/idflakies/alibaba/wasp/target/test-data/331b2799-185f-4d35-bc2a-213acb9da8e2/dfscluster_6779ed7a-7365-4b13-a432-a495915559db/zookeeper_0/version-2/snapshot.0
24/04/20 21:43:30 INFO server.NIOServerCnxnFactory: Accepted socket connection from /127.0.0.1:52956
24/04/20 21:43:30 DEBUG zookeeper.ZKUtil: MockServer,123,-1 opening connection to ZooKeeper with ensemble (localhost:60415)
24/04/20 21:43:30 INFO zookeeper.RecoverableZooKeeper: The identifier of this process is 41508@22e8d89dc231
24/04/20 21:43:30 INFO server.NIOServerCnxnFactory: Accepted socket connection from /127.0.0.1:52960
24/04/20 21:43:30 INFO persistence.FileTxnLog: Creating new log file: log.1
24/04/20 21:43:30 DEBUG zookeeper.ZooKeeperWatcher: MockServer,123,-1 Received ZooKeeper Event, type=None, state=SyncConnected, path=null
24/04/20 21:43:30 DEBUG zookeeper.ZooKeeperWatcher: MockServer,123,-1-0xff8efd76e2580000 connected
24/04/20 21:43:30 INFO fserver.EntityGroup: creating EntityGroup testShouldNotCompeleteOpenedEntityGroupSuccessfullyIfVersionMismatches Table == CREATE TABLE testShouldNotCompeleteOpenedEntityGroupSuccessfullyIfVersionMismatches { 
  REQUIRED INT32 column1 COLUMNFAMILY d;
  REQUIRED INT64 column2 COLUMNFAMILY d;
  REQUIRED STRING column3 COLUMNFAMILY d;
  OPTIONAL FLOAT column4 COLUMNFAMILY d;
  OPTIONAL DOUBLE column5 COLUMNFAMILY d;
  OPTIONAL DATETIME column6 COLUMNFAMILY d;
  REPEATED PROTOBUF column7 COLUMNFAMILY d;
  OPTIONAL STRING column8 COLUMNFAMILY d;
} 
PRIMARY KEY(column1),
ENTITY GROUP ROOT,
ENTITY GROUP KEY(column1);
 Table name == testShouldNotCompeleteOpenedEntityGroupSuccessfullyIfVersionMismatches
24/04/20 21:43:30 DEBUG fserver.EntityGroup: Instantiated testShouldNotCompeleteOpenedEntityGroupSuccessfullyIfVersionMismatches,\x00\x00\x00\x00,1713649410673.4ccab713bcccd0b037c1113717114d91.
24/04/20 21:43:30 ERROR server.NIOServerCnxnFactory: Thread Thread[Thread-131,5,main] died
java.lang.NullPointerException
	at com.alibaba.wasp.fserver.EntityGroup.run(EntityGroup.java:1264)
	at java.lang.Thread.run(Thread.java:748)
24/04/20 21:43:30 DEBUG zookeeper.ZKUtil: unittest opening connection to ZooKeeper with ensemble (localhost:60415)
24/04/20 21:43:30 INFO zookeeper.RecoverableZooKeeper: The identifier of this process is 41508@22e8d89dc231
24/04/20 21:43:30 DEBUG zookeeper.ZKAssign: unittest Creating unassigned node for 4ccab713bcccd0b037c1113717114d91 in OFFLINE state
24/04/20 21:43:30 INFO server.NIOServerCnxnFactory: Accepted socket connection from /127.0.0.1:52966
24/04/20 21:43:30 DEBUG zookeeper.ZooKeeperWatcher: unittest Received ZooKeeper Event, type=None, state=SyncConnected, path=null
24/04/20 21:43:30 DEBUG zookeeper.ZooKeeperWatcher: unittest-0xff8efd76e2580001 connected
24/04/20 21:43:30 DEBUG zookeeper.ZKAssign: unittest-0xff8efd76e2580001 Attempting to transition node 4ccab713bcccd0b037c1113717114d91 from M_ZK_ENTITYGROUP_OFFLINE to FSERVER_ZK_ENTITYGROUP_OPENING
24/04/20 21:43:30 DEBUG zookeeper.ZKUtil: unittest-0xff8efd76e2580001 Retrieved 161 byte(s) of data from znode /wasp/unassigned/4ccab713bcccd0b037c1113717114d91; data=entityGroup=testShouldNotCompeleteOpenedEntityGroupSuccessfullyIfVersionMismatches,\x00\x00\x00\x00,1713649410673.4ccab713bcccd0b037c1113717114d91., state=M_ZK_ENTITYGROUP_OFFLINE, servername=MockServer,123,-1, createTime=1713649410814, payload.length=0
24/04/20 21:43:30 DEBUG zookeeper.ZooKeeperWatcher: unittest-0xff8efd76e2580001 Received ZooKeeper Event, type=NodeDataChanged, state=SyncConnected, path=/wasp/unassigned/4ccab713bcccd0b037c1113717114d91
24/04/20 21:43:30 DEBUG zookeeper.ZKAssign: unittest-0xff8efd76e2580001 Successfully transitioned node 4ccab713bcccd0b037c1113717114d91 from M_ZK_ENTITYGROUP_OFFLINE to FSERVER_ZK_ENTITYGROUP_OPENING
24/04/20 21:43:30 DEBUG zookeeper.ZKAssign: unittest-0xff8efd76e2580001 Attempting to transition node 4ccab713bcccd0b037c1113717114d91 from FSERVER_ZK_ENTITYGROUP_OPENING to FSERVER_ZK_ENTITYGROUP_OPENED
24/04/20 21:43:30 DEBUG zookeeper.ZKUtil: unittest-0xff8efd76e2580001 Retrieved 161 byte(s) of data from znode /wasp/unassigned/4ccab713bcccd0b037c1113717114d91; data=entityGroup=testShouldNotCompeleteOpenedEntityGroupSuccessfullyIfVersionMismatches,\x00\x00\x00\x00,1713649410673.4ccab713bcccd0b037c1113717114d91., state=FSERVER_ZK_ENTITYGROUP_OPENING, servername=MockServer,123,-1, createTime=1713649410822, payload.length=0
24/04/20 21:43:30 DEBUG zookeeper.ZKAssign: unittest-0xff8efd76e2580001 Successfully transitioned node 4ccab713bcccd0b037c1113717114d91 from FSERVER_ZK_ENTITYGROUP_OPENING to FSERVER_ZK_ENTITYGROUP_OPENED
24/04/20 21:43:30 DEBUG zookeeper.ZKUtil: unittest-0xff8efd76e2580001 Retrieved 161 byte(s) of data from znode /wasp/unassigned/4ccab713bcccd0b037c1113717114d91 and set watcher; entityGroup=testShouldNotCompeleteOpenedEntityGroupSuccessfullyIfVersionMismatches,\x00\x00\x00\x00,1713649410673.4ccab713bcccd0b037c1113717114d91., state=FSERVER_ZK_ENTITYGROUP_OPENED, servername=MockServer,123,-1, createTime=1713649410825, payload.length=0
24/04/20 21:43:30 DEBUG zookeeper.ZKAssign: unittest-0xff8efd76e2580001 Attempting to transition node 4ccab713bcccd0b037c1113717114d91 from FSERVER_ZK_ENTITYGROUP_OPENED to FSERVER_ZK_ENTITYGROUP_OPENED
24/04/20 21:43:30 DEBUG zookeeper.ZKUtil: unittest-0xff8efd76e2580001 Retrieved 161 byte(s) of data from znode /wasp/unassigned/4ccab713bcccd0b037c1113717114d91; data=entityGroup=testShouldNotCompeleteOpenedEntityGroupSuccessfullyIfVersionMismatches,\x00\x00\x00\x00,1713649410673.4ccab713bcccd0b037c1113717114d91., state=FSERVER_ZK_ENTITYGROUP_OPENED, servername=MockServer,123,-1, createTime=1713649410825, payload.length=0
24/04/20 21:43:30 DEBUG zookeeper.ZooKeeperWatcher: unittest-0xff8efd76e2580001 Received ZooKeeper Event, type=NodeDataChanged, state=SyncConnected, path=/wasp/unassigned/4ccab713bcccd0b037c1113717114d91
24/04/20 21:43:30 DEBUG zookeeper.ZKAssign: unittest-0xff8efd76e2580001 Successfully transitioned node 4ccab713bcccd0b037c1113717114d91 from FSERVER_ZK_ENTITYGROUP_OPENED to FSERVER_ZK_ENTITYGROUP_OPENED
24/04/20 21:43:30 WARN handler.OpenedEntityGroupHandler: Skipping the onlining of testShouldNotCompeleteOpenedEntityGroupSuccessfullyIfVersionMismatches,\x00\x00\x00\x00,1713649410673.4ccab713bcccd0b037c1113717114d91. because entityGroups is NOT in EGIT -- presuming this is because it SPLIT
24/04/20 21:43:30 DEBUG fserver.EntityGroup: Closing testShouldNotCompeleteOpenedEntityGroupSuccessfullyIfVersionMismatches,\x00\x00\x00\x00,1713649410673.4ccab713bcccd0b037c1113717114d91.
24/04/20 21:43:30 DEBUG fserver.EntityGroup: Updates disabled for entityGroup testShouldNotCompeleteOpenedEntityGroupSuccessfullyIfVersionMismatches,\x00\x00\x00\x00,1713649410673.4ccab713bcccd0b037c1113717114d91.
24/04/20 21:43:30 INFO fserver.EntityGroup: Running commit transaction of testShouldNotCompeleteOpenedEntityGroupSuccessfullyIfVersionMismatches,\x00\x00\x00\x00,1713649410673.4ccab713bcccd0b037c1113717114d91. before close
24/04/20 21:43:30 INFO fserver.EntityGroup: Closed testShouldNotCompeleteOpenedEntityGroupSuccessfullyIfVersionMismatches,\x00\x00\x00\x00,1713649410673.4ccab713bcccd0b037c1113717114d91.
24/04/20 21:43:30 INFO server.NIOServerCnxnFactory: NIOServerCnxn factory exited run method
24/04/20 21:43:30 INFO server.SessionTrackerImpl: Shutting down
24/04/20 21:43:30 INFO server.SyncRequestProcessor: Shutting down
24/04/20 21:43:30 INFO server.SyncRequestProcessor: SyncRequestProcessor exited!
24/04/20 21:43:30 INFO server.FinalRequestProcessor: shutdown of request processor complete
24/04/20 21:43:30 INFO wasp.WaspTestingUtility: Shutting down mini wasp cluster
24/04/20 21:43:30 INFO wasp.WaspTestingUtility: Minicluster is down
24/04/20 21:43:30 DEBUG fserver.MetricsEntityGroupSourceImpl: Creating new MetricsEntityGroupSourceImpl for table MetricsEntityGroupWrapperStub DEADBEEF001
24/04/20 21:43:30 INFO wasp.WaspTestingUtility: Starting up minicluster with 1 master(s) and 3 fserver(s) 
24/04/20 21:43:30 DEBUG zookeeper.ZooKeeperWatcher: unittest-0xff8efd76e2580001 Received ZooKeeper Event, type=None, state=Disconnected, path=null
24/04/20 21:43:30 DEBUG zookeeper.ZooKeeperWatcher: unittest-0xff8efd76e2580001 Received Disconnected from ZooKeeper, ignoring
24/04/20 21:43:30 DEBUG zookeeper.ZooKeeperWatcher: MockServer,123,-1-0xff8efd76e2580000 Received ZooKeeper Event, type=None, state=Disconnected, path=null
24/04/20 21:43:30 DEBUG zookeeper.ZooKeeperWatcher: MockServer,123,-1-0xff8efd76e2580000 Received Disconnected from ZooKeeper, ignoring
Starting DataNode 0 with dfs.data.dir: /home/idflakies/alibaba/wasp/target/test-data/82813dbd-bfe8-4fea-ad7b-f9c626a36f90/dfscluster_effb2fb2-eab5-4caa-b206-745dfc1b1f3b/dfs/data/data1,/home/idflakies/alibaba/wasp/target/test-data/82813dbd-bfe8-4fea-ad7b-f9c626a36f90/dfscluster_effb2fb2-eab5-4caa-b206-745dfc1b1f3b/dfs/data/data2
24/04/20 21:43:31 ERROR datanode.DataNode: All directories in dfs.data.dir are invalid.
24/04/20 21:43:31 INFO wasp.WaspTestingUtility: Shutting down mini wasp cluster
24/04/20 21:43:31 INFO wasp.WaspTestingUtility: Minicluster is down
java.lang.NullPointerException
	at org.apache.hadoop.hdfs.MiniDFSCluster.startDataNodes(MiniDFSCluster.java:422)
	at org.apache.hadoop.hdfs.MiniDFSCluster.<init>(MiniDFSCluster.java:280)
	at org.apache.hadoop.hbase.HBaseTestingUtility.startMiniDFSCluster(HBaseTestingUtility.java:451)
	at org.apache.hadoop.hbase.HBaseTestingUtility.startMiniCluster(HBaseTestingUtility.java:619)
	at org.apache.hadoop.hbase.HBaseTestingUtility.startMiniCluster(HBaseTestingUtility.java:575)
	at com.alibaba.wasp.WaspTestingUtility.startMiniCluster(WaspTestingUtility.java:172)
	at com.alibaba.wasp.WaspTestingUtility.startMiniCluster(WaspTestingUtility.java:144)
	at com.alibaba.wasp.jdbc.TestJdbcResultFormatter.setUpBeforeClass(TestJdbcResultFormatter.java:51)
	at sun.reflect.NativeMethodAccessorImpl.invoke0(Native Method)
	at sun.reflect.NativeMethodAccessorImpl.invoke(NativeMethodAccessorImpl.java:62)
	at sun.reflect.DelegatingMethodAccessorImpl.invoke(DelegatingMethodAccessorImpl.java:43)
	at java.lang.reflect.Method.invoke(Method.java:498)
	at org.junit.runners.model.FrameworkMethod$1.runReflectiveCall(FrameworkMethod.java:45)
	at org.junit.internal.runners.model.ReflectiveCallable.run(ReflectiveCallable.java:15)
	at org.junit.runners.model.FrameworkMethod.invokeExplosively(FrameworkMethod.java:42)
	at org.junit.internal.runners.statements.RunBefores.evaluate(RunBefores.java:27)
	at org.junit.internal.runners.statements.RunAfters.evaluate(RunAfters.java:30)
	at org.junit.runners.ParentRunner.run(ParentRunner.java:300)
	at org.junit.runners.Suite.runChild(Suite.java:128)
	at org.junit.runners.Suite.runChild(Suite.java:24)
	at org.junit.runners.ParentRunner$3.run(ParentRunner.java:231)
	at org.junit.runners.ParentRunner$1.schedule(ParentRunner.java:60)
	at org.junit.runners.ParentRunner.runChildren(ParentRunner.java:229)
	at org.junit.runners.ParentRunner.access$000(ParentRunner.java:50)
	at org.junit.runners.ParentRunner$2.evaluate(ParentRunner.java:222)
	at org.junit.runners.ParentRunner.run(ParentRunner.java:300)
	at org.junit.runner.JUnitCore.run(JUnitCore.java:157)
	at org.junit.runner.JUnitCore.run(JUnitCore.java:136)
	at edu.illinois.cs.testrunner.execution.JUnitTestExecutor.execute(JUnitTestExecutor.java:246)
	at edu.illinois.cs.testrunner.execution.JUnitTestExecutor.executeWithJUnit4Runner(JUnitTestExecutor.java:315)
	at edu.illinois.cs.testrunner.execution.JUnitTestExecutor.runOrder(JUnitTestExecutor.java:46)
	at edu.illinois.cs.testrunner.execution.Executor$.$anonfun$run$1(Executor.scala:30)
	at scala.runtime.java8.JFunction0$mcV$sp.apply(JFunction0$mcV$sp.java:12)
	at scala.util.Try$.apply(Try.scala:209)
	at edu.illinois.cs.testrunner.execution.Executor$.run(Executor.scala:28)
	at edu.illinois.cs.testrunner.execution.Executor$.main(Executor.scala:18)
	at edu.illinois.cs.testrunner.execution.Executor.main(Executor.scala)
java.lang.NullPointerException
	at com.alibaba.wasp.jdbc.TestJdbcResultFormatter.tearDownAfterClass(TestJdbcResultFormatter.java:71)
	at sun.reflect.NativeMethodAccessorImpl.invoke0(Native Method)
	at sun.reflect.NativeMethodAccessorImpl.invoke(NativeMethodAccessorImpl.java:62)
	at sun.reflect.DelegatingMethodAccessorImpl.invoke(DelegatingMethodAccessorImpl.java:43)
	at java.lang.reflect.Method.invoke(Method.java:498)
	at org.junit.runners.model.FrameworkMethod$1.runReflectiveCall(FrameworkMethod.java:45)
	at org.junit.internal.runners.model.ReflectiveCallable.run(ReflectiveCallable.java:15)
	at org.junit.runners.model.FrameworkMethod.invokeExplosively(FrameworkMethod.java:42)
	at org.junit.internal.runners.statements.RunAfters.evaluate(RunAfters.java:36)
	at org.junit.runners.ParentRunner.run(ParentRunner.java:300)
	at org.junit.runners.Suite.runChild(Suite.java:128)
	at org.junit.runners.Suite.runChild(Suite.java:24)
	at org.junit.runners.ParentRunner$3.run(ParentRunner.java:231)
	at org.junit.runners.ParentRunner$1.schedule(ParentRunner.java:60)
	at org.junit.runners.ParentRunner.runChildren(ParentRunner.java:229)
	at org.junit.runners.ParentRunner.access$000(ParentRunner.java:50)
	at org.junit.runners.ParentRunner$2.evaluate(ParentRunner.java:222)
	at org.junit.runners.ParentRunner.run(ParentRunner.java:300)
	at org.junit.runner.JUnitCore.run(JUnitCore.java:157)
	at org.junit.runner.JUnitCore.run(JUnitCore.java:136)
	at edu.illinois.cs.testrunner.execution.JUnitTestExecutor.execute(JUnitTestExecutor.java:246)
	at edu.illinois.cs.testrunner.execution.JUnitTestExecutor.executeWithJUnit4Runner(JUnitTestExecutor.java:315)
	at edu.illinois.cs.testrunner.execution.JUnitTestExecutor.runOrder(JUnitTestExecutor.java:46)
	at edu.illinois.cs.testrunner.execution.Executor$.$anonfun$run$1(Executor.scala:30)
	at scala.runtime.java8.JFunction0$mcV$sp.apply(JFunction0$mcV$sp.java:12)
	at scala.util.Try$.apply(Try.scala:209)
	at edu.illinois.cs.testrunner.execution.Executor$.run(Executor.scala:28)
	at edu.illinois.cs.testrunner.execution.Executor$.main(Executor.scala:18)
	at edu.illinois.cs.testrunner.execution.Executor.main(Executor.scala)
24/04/20 21:43:31 DEBUG druid.DruidParser: Parsing SQL CREATE TABLE User { Required Int64 user_id; Required String name; Optional DOUBLE value; }  primary key(user_id),  entity group root, entity group key(user_id);
24/04/20 21:43:31 DEBUG druid.DruidDDLParser: CreateTablePlan CreateTablePlan [table=CREATE TABLE User { 
  REQUIRED INT64 user_id COLUMNFAMILY d;
  REQUIRED STRING name COLUMNFAMILY d;
  OPTIONAL DOUBLE value COLUMNFAMILY d;
} 
PRIMARY KEY(user_id),
ENTITY GROUP ROOT,
ENTITY GROUP KEY(user_id);
, splitKeys=null]
24/04/20 21:43:31 DEBUG druid.DruidParser: Parsing SQL CREATE TABLE Photo { Required Int64 user_id columnfamily cf comment 'aaa';  Required Int32 photo_id comment 'child primary key';  Optional Int64 time; Optional String full_url;  Optional String thumbnail_url; Optional string tag; Optional DATETIME date; Optional Int32 int32Type; }  primary key(user_id,photo_id),  in table User,  Entity Group Key(user_id) references User; 
24/04/20 21:43:31 DEBUG druid.DruidDDLParser: CreateTablePlan CreateTablePlan [table=CREATE TABLE Photo { 
  REQUIRED INT64 user_id COLUMNFAMILY cf;
  REQUIRED INT32 photo_id COLUMNFAMILY d;
  OPTIONAL INT64 time COLUMNFAMILY d;
  OPTIONAL STRING full_url COLUMNFAMILY d;
  OPTIONAL STRING thumbnail_url COLUMNFAMILY d;
CREATE TABLE User { 
  REQUIRED INT64 user_id COLUMNFAMILY d;
  REQUIRED STRING name COLUMNFAMILY d;
} 
PRIMARY KEY(user_id),
ENTITY GROUP ROOT,
  OPTIONAL STRING tag COLUMNFAMILY d;
  OPTIONAL DATETIME date COLUMNFAMILY d;
  OPTIONAL INT32 int32Type COLUMNFAMILY d;
} 
PRIMARY KEY(user_id, photo_id, ),
 IN TABLE User,
 ENTITY GROUP KEY(user_id) REFERENCES User;
, splitKeys=null]
ENTITY GROUP KEY(user_id);



CREATE TABLE Photo { 
  REQUIRED INT64 user_id COLUMNFAMILY d;
  REQUIRED INT32 photo_id COLUMNFAMILY d;
  REQUIRED INT64 time COLUMNFAMILY d;
  REQUIRED STRING full_url COLUMNFAMILY d;
  OPTIONAL STRING thumbnail_url COLUMNFAMILY d;
  REPEATED STRING tag COLUMNFAMILY d;
} 
PRIMARY KEY(user_id, photo_id, ),
 IN TABLE User,
 ENTITY GROUP KEY(user_id) REFERENCES User;

24/04/20 21:43:31 DEBUG druid.DruidParser: Parsing SQL CREATE TABLE User { Required Int64 user_id; Required String name; Optional DOUBLE value; }  primary key(user_id),  entity group root, entity group key(user_id);
24/04/20 21:43:31 DEBUG druid.DruidDDLParser: CreateTablePlan CreateTablePlan [table=CREATE TABLE User { 
  REQUIRED INT64 user_id COLUMNFAMILY d;
  REQUIRED STRING name COLUMNFAMILY d;
  OPTIONAL DOUBLE value COLUMNFAMILY d;
} 
PRIMARY KEY(user_id),
ENTITY GROUP ROOT,
ENTITY GROUP KEY(user_id);
, splitKeys=null]
24/04/20 21:43:31 DEBUG druid.DruidParser: Parsing SQL CREATE TABLE Photo { Required Int64 user_id columnfamily cf comment 'aaa';  Required Int32 photo_id comment 'child primary key';  Optional Int64 time; Optional String full_url;  Optional String thumbnail_url; Optional string tag; Optional DATETIME date; Optional Int32 int32Type; }  primary key(user_id,photo_id),  in table User,  Entity Group Key(user_id) references User; 
24/04/20 21:43:31 DEBUG druid.DruidDDLParser: CreateTablePlan CreateTablePlan [table=CREATE TABLE Photo { 
  REQUIRED INT64 user_id COLUMNFAMILY cf;
  REQUIRED INT32 photo_id COLUMNFAMILY d;
  OPTIONAL INT64 time COLUMNFAMILY d;
  OPTIONAL STRING full_url COLUMNFAMILY d;
  OPTIONAL STRING thumbnail_url COLUMNFAMILY d;
  OPTIONAL STRING tag COLUMNFAMILY d;
  OPTIONAL DATETIME date COLUMNFAMILY d;
  OPTIONAL INT32 int32Type COLUMNFAMILY d;
} 
PRIMARY KEY(user_id, photo_id, ),
 IN TABLE User,
 ENTITY GROUP KEY(user_id) REFERENCES User;
, splitKeys=null]
24/04/20 21:43:31 DEBUG druid.DruidParser: Parsing SQL DELETE FROM User1 WHERE user_id = 123;
24/04/20 21:43:31 DEBUG druid.DruidDMLParser: UPDATE SQL From clause User1
24/04/20 21:43:31 ERROR druid.DruidParserTestUtil: execute
com.alibaba.wasp.TableNotFoundException: User1 not exists!
	at com.alibaba.wasp.plan.parser.druid.FMetaEventOperation.checkAndGetTable(FMetaEventOperation.java:79)
	at com.alibaba.wasp.plan.parser.druid.DruidDMLParser.getDeletePlan(DruidDMLParser.java:200)
	at com.alibaba.wasp.plan.parser.druid.DruidDMLParser.generatePlan(DruidDMLParser.java:108)
	at com.alibaba.wasp.plan.parser.druid.DruidParserTestUtil.execute(DruidParserTestUtil.java:104)
	at com.alibaba.wasp.plan.parser.druid.TestDruidDMLFailParser.getDeleteFailedPlan(TestDruidDMLFailParser.java:142)
	at sun.reflect.NativeMethodAccessorImpl.invoke0(Native Method)
	at sun.reflect.NativeMethodAccessorImpl.invoke(NativeMethodAccessorImpl.java:62)
	at sun.reflect.DelegatingMethodAccessorImpl.invoke(DelegatingMethodAccessorImpl.java:43)
	at java.lang.reflect.Method.invoke(Method.java:498)
	at org.junit.runners.model.FrameworkMethod$1.runReflectiveCall(FrameworkMethod.java:45)
	at org.junit.internal.runners.model.ReflectiveCallable.run(ReflectiveCallable.java:15)
	at org.junit.runners.model.FrameworkMethod.invokeExplosively(FrameworkMethod.java:42)
	at org.junit.internal.runners.statements.InvokeMethod.evaluate(InvokeMethod.java:20)
	at org.junit.internal.runners.statements.RunBefores.evaluate(RunBefores.java:28)
	at org.junit.internal.runners.statements.RunAfters.evaluate(RunAfters.java:30)
	at org.junit.runners.ParentRunner.runLeaf(ParentRunner.java:263)
	at org.junit.runners.BlockJUnit4ClassRunner.runChild(BlockJUnit4ClassRunner.java:68)
	at org.junit.runners.BlockJUnit4ClassRunner.runChild(BlockJUnit4ClassRunner.java:47)
	at org.junit.runners.ParentRunner$3.run(ParentRunner.java:231)
	at org.junit.runners.ParentRunner$1.schedule(ParentRunner.java:60)
	at org.junit.runners.ParentRunner.runChildren(ParentRunner.java:229)
	at org.junit.runners.ParentRunner.access$000(ParentRunner.java:50)
	at org.junit.runners.ParentRunner$2.evaluate(ParentRunner.java:222)
	at org.junit.internal.runners.statements.RunBefores.evaluate(RunBefores.java:28)
	at org.junit.internal.runners.statements.RunAfters.evaluate(RunAfters.java:30)
	at org.junit.runners.ParentRunner.run(ParentRunner.java:300)
	at org.junit.runners.Suite.runChild(Suite.java:128)
	at org.junit.runners.Suite.runChild(Suite.java:24)
	at org.junit.runners.ParentRunner$3.run(ParentRunner.java:231)
	at org.junit.runners.ParentRunner$1.schedule(ParentRunner.java:60)
	at org.junit.runners.ParentRunner.runChildren(ParentRunner.java:229)
	at org.junit.runners.ParentRunner.access$000(ParentRunner.java:50)
	at org.junit.runners.ParentRunner$2.evaluate(ParentRunner.java:222)
	at org.junit.runners.ParentRunner.run(ParentRunner.java:300)
	at org.junit.runner.JUnitCore.run(JUnitCore.java:157)
	at org.junit.runner.JUnitCore.run(JUnitCore.java:136)
	at edu.illinois.cs.testrunner.execution.JUnitTestExecutor.execute(JUnitTestExecutor.java:246)
	at edu.illinois.cs.testrunner.execution.JUnitTestExecutor.executeWithJUnit4Runner(JUnitTestExecutor.java:315)
	at edu.illinois.cs.testrunner.execution.JUnitTestExecutor.runOrder(JUnitTestExecutor.java:46)
	at edu.illinois.cs.testrunner.execution.Executor$.$anonfun$run$1(Executor.scala:30)
	at scala.runtime.java8.JFunction0$mcV$sp.apply(JFunction0$mcV$sp.java:12)
	at scala.util.Try$.apply(Try.scala:209)
	at edu.illinois.cs.testrunner.execution.Executor$.run(Executor.scala:28)
	at edu.illinois.cs.testrunner.execution.Executor$.main(Executor.scala:18)
	at edu.illinois.cs.testrunner.execution.Executor.main(Executor.scala)
24/04/20 21:43:31 DEBUG druid.DruidParser: Parsing SQL DELETE FROM User WHERE user_id2 = 123;
24/04/20 21:43:31 DEBUG druid.DruidDMLParser: UPDATE SQL From clause User
24/04/20 21:43:31 DEBUG druid.DruidDMLParser: UPDATE SQL where user_id2 = 123
24/04/20 21:43:31 ERROR druid.DruidParserTestUtil: execute
com.alibaba.wasp.plan.parser.UnsupportedException: User does not have column 'user_id2'!
	at com.alibaba.wasp.plan.parser.druid.FMetaEventOperation.checkAndGetFields(FMetaEventOperation.java:114)
	at com.alibaba.wasp.plan.parser.druid.DruidDMLParser.getDeletePlan(DruidDMLParser.java:213)
	at com.alibaba.wasp.plan.parser.druid.DruidDMLParser.generatePlan(DruidDMLParser.java:108)
	at com.alibaba.wasp.plan.parser.druid.DruidParserTestUtil.execute(DruidParserTestUtil.java:104)
	at com.alibaba.wasp.plan.parser.druid.TestDruidDMLFailParser.getDeleteFailedPlan(TestDruidDMLFailParser.java:142)
	at sun.reflect.NativeMethodAccessorImpl.invoke0(Native Method)
	at sun.reflect.NativeMethodAccessorImpl.invoke(NativeMethodAccessorImpl.java:62)
	at sun.reflect.DelegatingMethodAccessorImpl.invoke(DelegatingMethodAccessorImpl.java:43)
	at java.lang.reflect.Method.invoke(Method.java:498)
	at org.junit.runners.model.FrameworkMethod$1.runReflectiveCall(FrameworkMethod.java:45)
	at org.junit.internal.runners.model.ReflectiveCallable.run(ReflectiveCallable.java:15)
	at org.junit.runners.model.FrameworkMethod.invokeExplosively(FrameworkMethod.java:42)
	at org.junit.internal.runners.statements.InvokeMethod.evaluate(InvokeMethod.java:20)
	at org.junit.internal.runners.statements.RunBefores.evaluate(RunBefores.java:28)
	at org.junit.internal.runners.statements.RunAfters.evaluate(RunAfters.java:30)
	at org.junit.runners.ParentRunner.runLeaf(ParentRunner.java:263)
	at org.junit.runners.BlockJUnit4ClassRunner.runChild(BlockJUnit4ClassRunner.java:68)
	at org.junit.runners.BlockJUnit4ClassRunner.runChild(BlockJUnit4ClassRunner.java:47)
	at org.junit.runners.ParentRunner$3.run(ParentRunner.java:231)
	at org.junit.runners.ParentRunner$1.schedule(ParentRunner.java:60)
	at org.junit.runners.ParentRunner.runChildren(ParentRunner.java:229)
	at org.junit.runners.ParentRunner.access$000(ParentRunner.java:50)
	at org.junit.runners.ParentRunner$2.evaluate(ParentRunner.java:222)
	at org.junit.internal.runners.statements.RunBefores.evaluate(RunBefores.java:28)
	at org.junit.internal.runners.statements.RunAfters.evaluate(RunAfters.java:30)
	at org.junit.runners.ParentRunner.run(ParentRunner.java:300)
	at org.junit.runners.Suite.runChild(Suite.java:128)
	at org.junit.runners.Suite.runChild(Suite.java:24)
	at org.junit.runners.ParentRunner$3.run(ParentRunner.java:231)
	at org.junit.runners.ParentRunner$1.schedule(ParentRunner.java:60)
	at org.junit.runners.ParentRunner.runChildren(ParentRunner.java:229)
	at org.junit.runners.ParentRunner.access$000(ParentRunner.java:50)
	at org.junit.runners.ParentRunner$2.evaluate(ParentRunner.java:222)
	at org.junit.runners.ParentRunner.run(ParentRunner.java:300)
	at org.junit.runner.JUnitCore.run(JUnitCore.java:157)
	at org.junit.runner.JUnitCore.run(JUnitCore.java:136)
	at edu.illinois.cs.testrunner.execution.JUnitTestExecutor.execute(JUnitTestExecutor.java:246)
	at edu.illinois.cs.testrunner.execution.JUnitTestExecutor.executeWithJUnit4Runner(JUnitTestExecutor.java:315)
	at edu.illinois.cs.testrunner.execution.JUnitTestExecutor.runOrder(JUnitTestExecutor.java:46)
	at edu.illinois.cs.testrunner.execution.Executor$.$anonfun$run$1(Executor.scala:30)
	at scala.runtime.java8.JFunction0$mcV$sp.apply(JFunction0$mcV$sp.java:12)
	at scala.util.Try$.apply(Try.scala:209)
	at edu.illinois.cs.testrunner.execution.Executor$.run(Executor.scala:28)
	at edu.illinois.cs.testrunner.execution.Executor$.main(Executor.scala:18)
	at edu.illinois.cs.testrunner.execution.Executor.main(Executor.scala)
24/04/20 21:43:31 DEBUG druid.DruidParser: Parsing SQL DELETE FROM Photo WHERE photo_id = 123;
24/04/20 21:43:31 DEBUG druid.DruidDMLParser: UPDATE SQL From clause Photo
24/04/20 21:43:31 DEBUG druid.DruidDMLParser: UPDATE SQL where photo_id = 123
24/04/20 21:43:31 ERROR druid.DruidParserTestUtil: execute
com.alibaba.wasp.NotMatchPrimaryKeyException: Not match primary key.
	at com.alibaba.wasp.plan.parser.druid.DruidDMLParser.getDeletePlan(DruidDMLParser.java:218)
	at com.alibaba.wasp.plan.parser.druid.DruidDMLParser.generatePlan(DruidDMLParser.java:108)
	at com.alibaba.wasp.plan.parser.druid.DruidParserTestUtil.execute(DruidParserTestUtil.java:104)
	at com.alibaba.wasp.plan.parser.druid.TestDruidDMLFailParser.getDeleteFailedPlan(TestDruidDMLFailParser.java:142)
	at sun.reflect.NativeMethodAccessorImpl.invoke0(Native Method)
	at sun.reflect.NativeMethodAccessorImpl.invoke(NativeMethodAccessorImpl.java:62)
	at sun.reflect.DelegatingMethodAccessorImpl.invoke(DelegatingMethodAccessorImpl.java:43)
	at java.lang.reflect.Method.invoke(Method.java:498)
	at org.junit.runners.model.FrameworkMethod$1.runReflectiveCall(FrameworkMethod.java:45)
	at org.junit.internal.runners.model.ReflectiveCallable.run(ReflectiveCallable.java:15)
	at org.junit.runners.model.FrameworkMethod.invokeExplosively(FrameworkMethod.java:42)
	at org.junit.internal.runners.statements.InvokeMethod.evaluate(InvokeMethod.java:20)
	at org.junit.internal.runners.statements.RunBefores.evaluate(RunBefores.java:28)
	at org.junit.internal.runners.statements.RunAfters.evaluate(RunAfters.java:30)
	at org.junit.runners.ParentRunner.runLeaf(ParentRunner.java:263)
	at org.junit.runners.BlockJUnit4ClassRunner.runChild(BlockJUnit4ClassRunner.java:68)
	at org.junit.runners.BlockJUnit4ClassRunner.runChild(BlockJUnit4ClassRunner.java:47)
	at org.junit.runners.ParentRunner$3.run(ParentRunner.java:231)
	at org.junit.runners.ParentRunner$1.schedule(ParentRunner.java:60)
	at org.junit.runners.ParentRunner.runChildren(ParentRunner.java:229)
	at org.junit.runners.ParentRunner.access$000(ParentRunner.java:50)
	at org.junit.runners.ParentRunner$2.evaluate(ParentRunner.java:222)
	at org.junit.internal.runners.statements.RunBefores.evaluate(RunBefores.java:28)
	at org.junit.internal.runners.statements.RunAfters.evaluate(RunAfters.java:30)
	at org.junit.runners.ParentRunner.run(ParentRunner.java:300)
	at org.junit.runners.Suite.runChild(Suite.java:128)
	at org.junit.runners.Suite.runChild(Suite.java:24)
	at org.junit.runners.ParentRunner$3.run(ParentRunner.java:231)
	at org.junit.runners.ParentRunner$1.schedule(ParentRunner.java:60)
	at org.junit.runners.ParentRunner.runChildren(ParentRunner.java:229)
	at org.junit.runners.ParentRunner.access$000(ParentRunner.java:50)
	at org.junit.runners.ParentRunner$2.evaluate(ParentRunner.java:222)
	at org.junit.runners.ParentRunner.run(ParentRunner.java:300)
	at org.junit.runner.JUnitCore.run(JUnitCore.java:157)
	at org.junit.runner.JUnitCore.run(JUnitCore.java:136)
	at edu.illinois.cs.testrunner.execution.JUnitTestExecutor.execute(JUnitTestExecutor.java:246)
	at edu.illinois.cs.testrunner.execution.JUnitTestExecutor.executeWithJUnit4Runner(JUnitTestExecutor.java:315)
	at edu.illinois.cs.testrunner.execution.JUnitTestExecutor.runOrder(JUnitTestExecutor.java:46)
	at edu.illinois.cs.testrunner.execution.Executor$.$anonfun$run$1(Executor.scala:30)
	at scala.runtime.java8.JFunction0$mcV$sp.apply(JFunction0$mcV$sp.java:12)
	at scala.util.Try$.apply(Try.scala:209)
	at edu.illinois.cs.testrunner.execution.Executor$.run(Executor.scala:28)
	at edu.illinois.cs.testrunner.execution.Executor$.main(Executor.scala:18)
	at edu.illinois.cs.testrunner.execution.Executor.main(Executor.scala)
24/04/20 21:43:31 DEBUG druid.DruidParser: Parsing SQL DELETE FROM User WHERE user_id >= 123;
24/04/20 21:43:31 DEBUG druid.DruidDMLParser: UPDATE SQL From clause User
24/04/20 21:43:31 DEBUG druid.DruidDMLParser: UPDATE SQL where user_id >= 123
24/04/20 21:43:31 ERROR druid.DruidParserTestUtil: execute
com.alibaba.wasp.plan.parser.UnsupportedException: RANGE is not supported!
	at com.alibaba.wasp.plan.parser.druid.DruidDMLParser.getDeletePlan(DruidDMLParser.java:209)
	at com.alibaba.wasp.plan.parser.druid.DruidDMLParser.generatePlan(DruidDMLParser.java:108)
	at com.alibaba.wasp.plan.parser.druid.DruidParserTestUtil.execute(DruidParserTestUtil.java:104)
	at com.alibaba.wasp.plan.parser.druid.TestDruidDMLFailParser.getDeleteFailedPlan(TestDruidDMLFailParser.java:142)
	at sun.reflect.NativeMethodAccessorImpl.invoke0(Native Method)
	at sun.reflect.NativeMethodAccessorImpl.invoke(NativeMethodAccessorImpl.java:62)
	at sun.reflect.DelegatingMethodAccessorImpl.invoke(DelegatingMethodAccessorImpl.java:43)
	at java.lang.reflect.Method.invoke(Method.java:498)
	at org.junit.runners.model.FrameworkMethod$1.runReflectiveCall(FrameworkMethod.java:45)
	at org.junit.internal.runners.model.ReflectiveCallable.run(ReflectiveCallable.java:15)
	at org.junit.runners.model.FrameworkMethod.invokeExplosively(FrameworkMethod.java:42)
	at org.junit.internal.runners.statements.InvokeMethod.evaluate(InvokeMethod.java:20)
	at org.junit.internal.runners.statements.RunBefores.evaluate(RunBefores.java:28)
	at org.junit.internal.runners.statements.RunAfters.evaluate(RunAfters.java:30)
	at org.junit.runners.ParentRunner.runLeaf(ParentRunner.java:263)
	at org.junit.runners.BlockJUnit4ClassRunner.runChild(BlockJUnit4ClassRunner.java:68)
	at org.junit.runners.BlockJUnit4ClassRunner.runChild(BlockJUnit4ClassRunner.java:47)
	at org.junit.runners.ParentRunner$3.run(ParentRunner.java:231)
	at org.junit.runners.ParentRunner$1.schedule(ParentRunner.java:60)
	at org.junit.runners.ParentRunner.runChildren(ParentRunner.java:229)
	at org.junit.runners.ParentRunner.access$000(ParentRunner.java:50)
	at org.junit.runners.ParentRunner$2.evaluate(ParentRunner.java:222)
	at org.junit.internal.runners.statements.RunBefores.evaluate(RunBefores.java:28)
	at org.junit.internal.runners.statements.RunAfters.evaluate(RunAfters.java:30)
	at org.junit.runners.ParentRunner.run(ParentRunner.java:300)
	at org.junit.runners.Suite.runChild(Suite.java:128)
	at org.junit.runners.Suite.runChild(Suite.java:24)
	at org.junit.runners.ParentRunner$3.run(ParentRunner.java:231)
	at org.junit.runners.ParentRunner$1.schedule(ParentRunner.java:60)
	at org.junit.runners.ParentRunner.runChildren(ParentRunner.java:229)
	at org.junit.runners.ParentRunner.access$000(ParentRunner.java:50)
	at org.junit.runners.ParentRunner$2.evaluate(ParentRunner.java:222)
	at org.junit.runners.ParentRunner.run(ParentRunner.java:300)
	at org.junit.runner.JUnitCore.run(JUnitCore.java:157)
	at org.junit.runner.JUnitCore.run(JUnitCore.java:136)
	at edu.illinois.cs.testrunner.execution.JUnitTestExecutor.execute(JUnitTestExecutor.java:246)
	at edu.illinois.cs.testrunner.execution.JUnitTestExecutor.executeWithJUnit4Runner(JUnitTestExecutor.java:315)
	at edu.illinois.cs.testrunner.execution.JUnitTestExecutor.runOrder(JUnitTestExecutor.java:46)
	at edu.illinois.cs.testrunner.execution.Executor$.$anonfun$run$1(Executor.scala:30)
	at scala.runtime.java8.JFunction0$mcV$sp.apply(JFunction0$mcV$sp.java:12)
	at scala.util.Try$.apply(Try.scala:209)
	at edu.illinois.cs.testrunner.execution.Executor$.run(Executor.scala:28)
	at edu.illinois.cs.testrunner.execution.Executor$.main(Executor.scala:18)
	at edu.illinois.cs.testrunner.execution.Executor.main(Executor.scala)
24/04/20 21:43:31 DEBUG druid.DruidParser: Parsing SQL CREATE TABLE User { Required Int64 user_id; Required String name; Optional DOUBLE value; }  primary key(user_id),  entity group root, entity group key(user_id);
24/04/20 21:43:31 DEBUG druid.DruidDDLParser: CreateTablePlan CreateTablePlan [table=CREATE TABLE User { 
  REQUIRED INT64 user_id COLUMNFAMILY d;
  REQUIRED STRING name COLUMNFAMILY d;
  OPTIONAL DOUBLE value COLUMNFAMILY d;
} 
PRIMARY KEY(user_id),
ENTITY GROUP ROOT,
ENTITY GROUP KEY(user_id);
, splitKeys=null]
24/04/20 21:43:31 DEBUG druid.DruidParser: Parsing SQL CREATE TABLE Photo { Required Int64 user_id columnfamily cf comment 'aaa';  Required Int32 photo_id comment 'child primary key';  Optional Int64 time; Optional String full_url;  Optional String thumbnail_url; Optional string tag; Optional DATETIME date; Optional Int32 int32Type; }  primary key(user_id,photo_id),  in table User,  Entity Group Key(user_id) references User; 
24/04/20 21:43:31 DEBUG druid.DruidDDLParser: CreateTablePlan CreateTablePlan [table=CREATE TABLE Photo { 
  REQUIRED INT64 user_id COLUMNFAMILY cf;
  REQUIRED INT32 photo_id COLUMNFAMILY d;
  OPTIONAL INT64 time COLUMNFAMILY d;
  OPTIONAL STRING full_url COLUMNFAMILY d;
  OPTIONAL STRING thumbnail_url COLUMNFAMILY d;
  OPTIONAL STRING tag COLUMNFAMILY d;
  OPTIONAL DATETIME date COLUMNFAMILY d;
  OPTIONAL INT32 int32Type COLUMNFAMILY d;
} 
PRIMARY KEY(user_id, photo_id, ),
 IN TABLE User,
 ENTITY GROUP KEY(user_id) REFERENCES User;
, splitKeys=null]
24/04/20 21:43:31 DEBUG druid.DruidParser: Parsing SQL UPDATE User1 SET name = 'Mike' WHERE user_id = 123;
24/04/20 21:43:31 DEBUG druid.DruidDMLParser: UPDATE SQL From clause User1
24/04/20 21:43:31 ERROR druid.DruidParserTestUtil: execute
com.alibaba.wasp.TableNotFoundException: User1 not exists!
	at com.alibaba.wasp.plan.parser.druid.FMetaEventOperation.checkAndGetTable(FMetaEventOperation.java:79)
	at com.alibaba.wasp.plan.parser.druid.DruidDMLParser.getUpdatePlan(DruidDMLParser.java:253)
	at com.alibaba.wasp.plan.parser.druid.DruidDMLParser.generatePlan(DruidDMLParser.java:102)
	at com.alibaba.wasp.plan.parser.druid.DruidParserTestUtil.execute(DruidParserTestUtil.java:104)
	at com.alibaba.wasp.plan.parser.druid.TestDruidDMLFailParser.getUpdateFailedPlan(TestDruidDMLFailParser.java:124)
	at sun.reflect.NativeMethodAccessorImpl.invoke0(Native Method)
	at sun.reflect.NativeMethodAccessorImpl.invoke(NativeMethodAccessorImpl.java:62)
	at sun.reflect.DelegatingMethodAccessorImpl.invoke(DelegatingMethodAccessorImpl.java:43)
	at java.lang.reflect.Method.invoke(Method.java:498)
	at org.junit.runners.model.FrameworkMethod$1.runReflectiveCall(FrameworkMethod.java:45)
	at org.junit.internal.runners.model.ReflectiveCallable.run(ReflectiveCallable.java:15)
	at org.junit.runners.model.FrameworkMethod.invokeExplosively(FrameworkMethod.java:42)
	at org.junit.internal.runners.statements.InvokeMethod.evaluate(InvokeMethod.java:20)
	at org.junit.internal.runners.statements.RunBefores.evaluate(RunBefores.java:28)
	at org.junit.internal.runners.statements.RunAfters.evaluate(RunAfters.java:30)
	at org.junit.runners.ParentRunner.runLeaf(ParentRunner.java:263)
	at org.junit.runners.BlockJUnit4ClassRunner.runChild(BlockJUnit4ClassRunner.java:68)
	at org.junit.runners.BlockJUnit4ClassRunner.runChild(BlockJUnit4ClassRunner.java:47)
	at org.junit.runners.ParentRunner$3.run(ParentRunner.java:231)
	at org.junit.runners.ParentRunner$1.schedule(ParentRunner.java:60)
	at org.junit.runners.ParentRunner.runChildren(ParentRunner.java:229)
	at org.junit.runners.ParentRunner.access$000(ParentRunner.java:50)
	at org.junit.runners.ParentRunner$2.evaluate(ParentRunner.java:222)
	at org.junit.internal.runners.statements.RunBefores.evaluate(RunBefores.java:28)
	at org.junit.internal.runners.statements.RunAfters.evaluate(RunAfters.java:30)
	at org.junit.runners.ParentRunner.run(ParentRunner.java:300)
	at org.junit.runners.Suite.runChild(Suite.java:128)
	at org.junit.runners.Suite.runChild(Suite.java:24)
	at org.junit.runners.ParentRunner$3.run(ParentRunner.java:231)
	at org.junit.runners.ParentRunner$1.schedule(ParentRunner.java:60)
	at org.junit.runners.ParentRunner.runChildren(ParentRunner.java:229)
	at org.junit.runners.ParentRunner.access$000(ParentRunner.java:50)
	at org.junit.runners.ParentRunner$2.evaluate(ParentRunner.java:222)
	at org.junit.runners.ParentRunner.run(ParentRunner.java:300)
	at org.junit.runner.JUnitCore.run(JUnitCore.java:157)
	at org.junit.runner.JUnitCore.run(JUnitCore.java:136)
	at edu.illinois.cs.testrunner.execution.JUnitTestExecutor.execute(JUnitTestExecutor.java:246)
	at edu.illinois.cs.testrunner.execution.JUnitTestExecutor.executeWithJUnit4Runner(JUnitTestExecutor.java:315)
	at edu.illinois.cs.testrunner.execution.JUnitTestExecutor.runOrder(JUnitTestExecutor.java:46)
	at edu.illinois.cs.testrunner.execution.Executor$.$anonfun$run$1(Executor.scala:30)
	at scala.runtime.java8.JFunction0$mcV$sp.apply(JFunction0$mcV$sp.java:12)
	at scala.util.Try$.apply(Try.scala:209)
	at edu.illinois.cs.testrunner.execution.Executor$.run(Executor.scala:28)
	at edu.illinois.cs.testrunner.execution.Executor$.main(Executor.scala:18)
	at edu.illinois.cs.testrunner.execution.Executor.main(Executor.scala)
24/04/20 21:43:31 DEBUG druid.DruidParser: Parsing SQL UPDATE User SET name2 = 'Mike' WHERE user_id = 123;
24/04/20 21:43:31 DEBUG druid.DruidDMLParser: UPDATE SQL From clause User
24/04/20 21:43:31 DEBUG druid.DruidDMLParser: UPDATE SQL where user_id = 123
24/04/20 21:43:31 ERROR druid.DruidParserTestUtil: execute
java.lang.NullPointerException
	at com.alibaba.wasp.plan.parser.druid.DruidParser.checkType(DruidParser.java:238)
	at com.alibaba.wasp.plan.parser.druid.DruidDMLParser.getUpdatePlan(DruidDMLParser.java:290)
	at com.alibaba.wasp.plan.parser.druid.DruidDMLParser.generatePlan(DruidDMLParser.java:102)
	at com.alibaba.wasp.plan.parser.druid.DruidParserTestUtil.execute(DruidParserTestUtil.java:104)
	at com.alibaba.wasp.plan.parser.druid.TestDruidDMLFailParser.getUpdateFailedPlan(TestDruidDMLFailParser.java:124)
	at sun.reflect.NativeMethodAccessorImpl.invoke0(Native Method)
	at sun.reflect.NativeMethodAccessorImpl.invoke(NativeMethodAccessorImpl.java:62)
	at sun.reflect.DelegatingMethodAccessorImpl.invoke(DelegatingMethodAccessorImpl.java:43)
	at java.lang.reflect.Method.invoke(Method.java:498)
	at org.junit.runners.model.FrameworkMethod$1.runReflectiveCall(FrameworkMethod.java:45)
	at org.junit.internal.runners.model.ReflectiveCallable.run(ReflectiveCallable.java:15)
	at org.junit.runners.model.FrameworkMethod.invokeExplosively(FrameworkMethod.java:42)
	at org.junit.internal.runners.statements.InvokeMethod.evaluate(InvokeMethod.java:20)
	at org.junit.internal.runners.statements.RunBefores.evaluate(RunBefores.java:28)
	at org.junit.internal.runners.statements.RunAfters.evaluate(RunAfters.java:30)
	at org.junit.runners.ParentRunner.runLeaf(ParentRunner.java:263)
	at org.junit.runners.BlockJUnit4ClassRunner.runChild(BlockJUnit4ClassRunner.java:68)
	at org.junit.runners.BlockJUnit4ClassRunner.runChild(BlockJUnit4ClassRunner.java:47)
	at org.junit.runners.ParentRunner$3.run(ParentRunner.java:231)
	at org.junit.runners.ParentRunner$1.schedule(ParentRunner.java:60)
	at org.junit.runners.ParentRunner.runChildren(ParentRunner.java:229)
	at org.junit.runners.ParentRunner.access$000(ParentRunner.java:50)
	at org.junit.runners.ParentRunner$2.evaluate(ParentRunner.java:222)
	at org.junit.internal.runners.statements.RunBefores.evaluate(RunBefores.java:28)
	at org.junit.internal.runners.statements.RunAfters.evaluate(RunAfters.java:30)
	at org.junit.runners.ParentRunner.run(ParentRunner.java:300)
	at org.junit.runners.Suite.runChild(Suite.java:128)
	at org.junit.runners.Suite.runChild(Suite.java:24)
	at org.junit.runners.ParentRunner$3.run(ParentRunner.java:231)
	at org.junit.runners.ParentRunner$1.schedule(ParentRunner.java:60)
	at org.junit.runners.ParentRunner.runChildren(ParentRunner.java:229)
	at org.junit.runners.ParentRunner.access$000(ParentRunner.java:50)
	at org.junit.runners.ParentRunner$2.evaluate(ParentRunner.java:222)
	at org.junit.runners.ParentRunner.run(ParentRunner.java:300)
	at org.junit.runner.JUnitCore.run(JUnitCore.java:157)
	at org.junit.runner.JUnitCore.run(JUnitCore.java:136)
	at edu.illinois.cs.testrunner.execution.JUnitTestExecutor.execute(JUnitTestExecutor.java:246)
	at edu.illinois.cs.testrunner.execution.JUnitTestExecutor.executeWithJUnit4Runner(JUnitTestExecutor.java:315)
	at edu.illinois.cs.testrunner.execution.JUnitTestExecutor.runOrder(JUnitTestExecutor.java:46)
	at edu.illinois.cs.testrunner.execution.Executor$.$anonfun$run$1(Executor.scala:30)
	at scala.runtime.java8.JFunction0$mcV$sp.apply(JFunction0$mcV$sp.java:12)
	at scala.util.Try$.apply(Try.scala:209)
	at edu.illinois.cs.testrunner.execution.Executor$.run(Executor.scala:28)
	at edu.illinois.cs.testrunner.execution.Executor$.main(Executor.scala:18)
	at edu.illinois.cs.testrunner.execution.Executor.main(Executor.scala)
24/04/20 21:43:31 DEBUG druid.DruidParser: Parsing SQL UPDATE Photo SET time=2000 WHERE photo_id = 123
24/04/20 21:43:31 DEBUG druid.DruidDMLParser: UPDATE SQL From clause Photo
24/04/20 21:43:31 DEBUG druid.DruidDMLParser: UPDATE SQL where photo_id = 123
24/04/20 21:43:31 ERROR druid.DruidParserTestUtil: execute
com.alibaba.wasp.plan.parser.UnsupportedException: [photo_id] is not Primary Key !
	at com.alibaba.wasp.plan.parser.druid.FMetaEventOperation.checkIsPrimaryKey(FMetaEventOperation.java:152)
	at com.alibaba.wasp.plan.parser.druid.DruidDMLParser.getUpdatePlan(DruidDMLParser.java:271)
	at com.alibaba.wasp.plan.parser.druid.DruidDMLParser.generatePlan(DruidDMLParser.java:102)
	at com.alibaba.wasp.plan.parser.druid.DruidParserTestUtil.execute(DruidParserTestUtil.java:104)
	at com.alibaba.wasp.plan.parser.druid.TestDruidDMLFailParser.getUpdateFailedPlan(TestDruidDMLFailParser.java:124)
	at sun.reflect.NativeMethodAccessorImpl.invoke0(Native Method)
	at sun.reflect.NativeMethodAccessorImpl.invoke(NativeMethodAccessorImpl.java:62)
	at sun.reflect.DelegatingMethodAccessorImpl.invoke(DelegatingMethodAccessorImpl.java:43)
	at java.lang.reflect.Method.invoke(Method.java:498)
	at org.junit.runners.model.FrameworkMethod$1.runReflectiveCall(FrameworkMethod.java:45)
	at org.junit.internal.runners.model.ReflectiveCallable.run(ReflectiveCallable.java:15)
	at org.junit.runners.model.FrameworkMethod.invokeExplosively(FrameworkMethod.java:42)
	at org.junit.internal.runners.statements.InvokeMethod.evaluate(InvokeMethod.java:20)
	at org.junit.internal.runners.statements.RunBefores.evaluate(RunBefores.java:28)
	at org.junit.internal.runners.statements.RunAfters.evaluate(RunAfters.java:30)
	at org.junit.runners.ParentRunner.runLeaf(ParentRunner.java:263)
	at org.junit.runners.BlockJUnit4ClassRunner.runChild(BlockJUnit4ClassRunner.java:68)
	at org.junit.runners.BlockJUnit4ClassRunner.runChild(BlockJUnit4ClassRunner.java:47)
	at org.junit.runners.ParentRunner$3.run(ParentRunner.java:231)
	at org.junit.runners.ParentRunner$1.schedule(ParentRunner.java:60)
	at org.junit.runners.ParentRunner.runChildren(ParentRunner.java:229)
	at org.junit.runners.ParentRunner.access$000(ParentRunner.java:50)
	at org.junit.runners.ParentRunner$2.evaluate(ParentRunner.java:222)
	at org.junit.internal.runners.statements.RunBefores.evaluate(RunBefores.java:28)
	at org.junit.internal.runners.statements.RunAfters.evaluate(RunAfters.java:30)
	at org.junit.runners.ParentRunner.run(ParentRunner.java:300)
	at org.junit.runners.Suite.runChild(Suite.java:128)
	at org.junit.runners.Suite.runChild(Suite.java:24)
	at org.junit.runners.ParentRunner$3.run(ParentRunner.java:231)
	at org.junit.runners.ParentRunner$1.schedule(ParentRunner.java:60)
	at org.junit.runners.ParentRunner.runChildren(ParentRunner.java:229)
	at org.junit.runners.ParentRunner.access$000(ParentRunner.java:50)
	at org.junit.runners.ParentRunner$2.evaluate(ParentRunner.java:222)
	at org.junit.runners.ParentRunner.run(ParentRunner.java:300)
	at org.junit.runner.JUnitCore.run(JUnitCore.java:157)
	at org.junit.runner.JUnitCore.run(JUnitCore.java:136)
	at edu.illinois.cs.testrunner.execution.JUnitTestExecutor.execute(JUnitTestExecutor.java:246)
	at edu.illinois.cs.testrunner.execution.JUnitTestExecutor.executeWithJUnit4Runner(JUnitTestExecutor.java:315)
	at edu.illinois.cs.testrunner.execution.JUnitTestExecutor.runOrder(JUnitTestExecutor.java:46)
	at edu.illinois.cs.testrunner.execution.Executor$.$anonfun$run$1(Executor.scala:30)
	at scala.runtime.java8.JFunction0$mcV$sp.apply(JFunction0$mcV$sp.java:12)
	at scala.util.Try$.apply(Try.scala:209)
	at edu.illinois.cs.testrunner.execution.Executor$.run(Executor.scala:28)
	at edu.illinois.cs.testrunner.execution.Executor$.main(Executor.scala:18)
	at edu.illinois.cs.testrunner.execution.Executor.main(Executor.scala)
24/04/20 21:43:31 DEBUG druid.DruidParser: Parsing SQL UPDATE User SET name = 'Mike' WHERE user_id22 = 123;
24/04/20 21:43:31 DEBUG druid.DruidDMLParser: UPDATE SQL From clause User
24/04/20 21:43:31 DEBUG druid.DruidDMLParser: UPDATE SQL where user_id22 = 123
24/04/20 21:43:31 ERROR druid.DruidParserTestUtil: execute
com.alibaba.wasp.plan.parser.UnsupportedException: User does not have column 'user_id22'!
	at com.alibaba.wasp.plan.parser.druid.FMetaEventOperation.checkAndGetFields(FMetaEventOperation.java:114)
	at com.alibaba.wasp.plan.parser.druid.DruidDMLParser.getUpdatePlan(DruidDMLParser.java:269)
	at com.alibaba.wasp.plan.parser.druid.DruidDMLParser.generatePlan(DruidDMLParser.java:102)
	at com.alibaba.wasp.plan.parser.druid.DruidParserTestUtil.execute(DruidParserTestUtil.java:104)
	at com.alibaba.wasp.plan.parser.druid.TestDruidDMLFailParser.getUpdateFailedPlan(TestDruidDMLFailParser.java:124)
	at sun.reflect.NativeMethodAccessorImpl.invoke0(Native Method)
	at sun.reflect.NativeMethodAccessorImpl.invoke(NativeMethodAccessorImpl.java:62)
	at sun.reflect.DelegatingMethodAccessorImpl.invoke(DelegatingMethodAccessorImpl.java:43)
	at java.lang.reflect.Method.invoke(Method.java:498)
	at org.junit.runners.model.FrameworkMethod$1.runReflectiveCall(FrameworkMethod.java:45)
	at org.junit.internal.runners.model.ReflectiveCallable.run(ReflectiveCallable.java:15)
	at org.junit.runners.model.FrameworkMethod.invokeExplosively(FrameworkMethod.java:42)
	at org.junit.internal.runners.statements.InvokeMethod.evaluate(InvokeMethod.java:20)
	at org.junit.internal.runners.statements.RunBefores.evaluate(RunBefores.java:28)
	at org.junit.internal.runners.statements.RunAfters.evaluate(RunAfters.java:30)
	at org.junit.runners.ParentRunner.runLeaf(ParentRunner.java:263)
	at org.junit.runners.BlockJUnit4ClassRunner.runChild(BlockJUnit4ClassRunner.java:68)
	at org.junit.runners.BlockJUnit4ClassRunner.runChild(BlockJUnit4ClassRunner.java:47)
	at org.junit.runners.ParentRunner$3.run(ParentRunner.java:231)
	at org.junit.runners.ParentRunner$1.schedule(ParentRunner.java:60)
	at org.junit.runners.ParentRunner.runChildren(ParentRunner.java:229)
	at org.junit.runners.ParentRunner.access$000(ParentRunner.java:50)
	at org.junit.runners.ParentRunner$2.evaluate(ParentRunner.java:222)
	at org.junit.internal.runners.statements.RunBefores.evaluate(RunBefores.java:28)
	at org.junit.internal.runners.statements.RunAfters.evaluate(RunAfters.java:30)
	at org.junit.runners.ParentRunner.run(ParentRunner.java:300)
	at org.junit.runners.Suite.runChild(Suite.java:128)
	at org.junit.runners.Suite.runChild(Suite.java:24)
	at org.junit.runners.ParentRunner$3.run(ParentRunner.java:231)
	at org.junit.runners.ParentRunner$1.schedule(ParentRunner.java:60)
	at org.junit.runners.ParentRunner.runChildren(ParentRunner.java:229)
	at org.junit.runners.ParentRunner.access$000(ParentRunner.java:50)
	at org.junit.runners.ParentRunner$2.evaluate(ParentRunner.java:222)
	at org.junit.runners.ParentRunner.run(ParentRunner.java:300)
	at org.junit.runner.JUnitCore.run(JUnitCore.java:157)
	at org.junit.runner.JUnitCore.run(JUnitCore.java:136)
	at edu.illinois.cs.testrunner.execution.JUnitTestExecutor.execute(JUnitTestExecutor.java:246)
	at edu.illinois.cs.testrunner.execution.JUnitTestExecutor.executeWithJUnit4Runner(JUnitTestExecutor.java:315)
	at edu.illinois.cs.testrunner.execution.JUnitTestExecutor.runOrder(JUnitTestExecutor.java:46)
	at edu.illinois.cs.testrunner.execution.Executor$.$anonfun$run$1(Executor.scala:30)
	at scala.runtime.java8.JFunction0$mcV$sp.apply(JFunction0$mcV$sp.java:12)
	at scala.util.Try$.apply(Try.scala:209)
	at edu.illinois.cs.testrunner.execution.Executor$.run(Executor.scala:28)
	at edu.illinois.cs.testrunner.execution.Executor$.main(Executor.scala:18)
	at edu.illinois.cs.testrunner.execution.Executor.main(Executor.scala)
24/04/20 21:43:31 DEBUG druid.DruidParser: Parsing SQL UPDATE User SET name = 'Mike' WHERE user_id >= 123;
24/04/20 21:43:31 DEBUG druid.DruidDMLParser: UPDATE SQL From clause User
24/04/20 21:43:31 DEBUG druid.DruidDMLParser: UPDATE SQL where user_id >= 123
24/04/20 21:43:31 ERROR druid.DruidParserTestUtil: execute
com.alibaba.wasp.plan.parser.UnsupportedException: RANGE is not supported by update operation!
	at com.alibaba.wasp.plan.parser.druid.DruidDMLParser.getUpdatePlan(DruidDMLParser.java:263)
	at com.alibaba.wasp.plan.parser.druid.DruidDMLParser.generatePlan(DruidDMLParser.java:102)
	at com.alibaba.wasp.plan.parser.druid.DruidParserTestUtil.execute(DruidParserTestUtil.java:104)
	at com.alibaba.wasp.plan.parser.druid.TestDruidDMLFailParser.getUpdateFailedPlan(TestDruidDMLFailParser.java:124)
	at sun.reflect.NativeMethodAccessorImpl.invoke0(Native Method)
	at sun.reflect.NativeMethodAccessorImpl.invoke(NativeMethodAccessorImpl.java:62)
	at sun.reflect.DelegatingMethodAccessorImpl.invoke(DelegatingMethodAccessorImpl.java:43)
	at java.lang.reflect.Method.invoke(Method.java:498)
	at org.junit.runners.model.FrameworkMethod$1.runReflectiveCall(FrameworkMethod.java:45)
	at org.junit.internal.runners.model.ReflectiveCallable.run(ReflectiveCallable.java:15)
	at org.junit.runners.model.FrameworkMethod.invokeExplosively(FrameworkMethod.java:42)
	at org.junit.internal.runners.statements.InvokeMethod.evaluate(InvokeMethod.java:20)
	at org.junit.internal.runners.statements.RunBefores.evaluate(RunBefores.java:28)
	at org.junit.internal.runners.statements.RunAfters.evaluate(RunAfters.java:30)
	at org.junit.runners.ParentRunner.runLeaf(ParentRunner.java:263)
	at org.junit.runners.BlockJUnit4ClassRunner.runChild(BlockJUnit4ClassRunner.java:68)
	at org.junit.runners.BlockJUnit4ClassRunner.runChild(BlockJUnit4ClassRunner.java:47)
	at org.junit.runners.ParentRunner$3.run(ParentRunner.java:231)
	at org.junit.runners.ParentRunner$1.schedule(ParentRunner.java:60)
	at org.junit.runners.ParentRunner.runChildren(ParentRunner.java:229)
	at org.junit.runners.ParentRunner.access$000(ParentRunner.java:50)
	at org.junit.runners.ParentRunner$2.evaluate(ParentRunner.java:222)
	at org.junit.internal.runners.statements.RunBefores.evaluate(RunBefores.java:28)
	at org.junit.internal.runners.statements.RunAfters.evaluate(RunAfters.java:30)
	at org.junit.runners.ParentRunner.run(ParentRunner.java:300)
	at org.junit.runners.Suite.runChild(Suite.java:128)
	at org.junit.runners.Suite.runChild(Suite.java:24)
	at org.junit.runners.ParentRunner$3.run(ParentRunner.java:231)
	at org.junit.runners.ParentRunner$1.schedule(ParentRunner.java:60)
	at org.junit.runners.ParentRunner.runChildren(ParentRunner.java:229)
	at org.junit.runners.ParentRunner.access$000(ParentRunner.java:50)
	at org.junit.runners.ParentRunner$2.evaluate(ParentRunner.java:222)
	at org.junit.runners.ParentRunner.run(ParentRunner.java:300)
	at org.junit.runner.JUnitCore.run(JUnitCore.java:157)
	at org.junit.runner.JUnitCore.run(JUnitCore.java:136)
	at edu.illinois.cs.testrunner.execution.JUnitTestExecutor.execute(JUnitTestExecutor.java:246)
	at edu.illinois.cs.testrunner.execution.JUnitTestExecutor.executeWithJUnit4Runner(JUnitTestExecutor.java:315)
	at edu.illinois.cs.testrunner.execution.JUnitTestExecutor.runOrder(JUnitTestExecutor.java:46)
	at edu.illinois.cs.testrunner.execution.Executor$.$anonfun$run$1(Executor.scala:30)
	at scala.runtime.java8.JFunction0$mcV$sp.apply(JFunction0$mcV$sp.java:12)
	at scala.util.Try$.apply(Try.scala:209)
	at edu.illinois.cs.testrunner.execution.Executor$.run(Executor.scala:28)
	at edu.illinois.cs.testrunner.execution.Executor$.main(Executor.scala:18)
	at edu.illinois.cs.testrunner.execution.Executor.main(Executor.scala)
24/04/20 21:43:31 DEBUG druid.DruidParser: Parsing SQL UPDATE Photo SET photo_id=2000 WHERE user_id = 321 and photo_id = 123
24/04/20 21:43:31 DEBUG druid.DruidDMLParser: UPDATE SQL From clause Photo
24/04/20 21:43:31 DEBUG druid.DruidDMLParser: UPDATE SQL where user_id = 321 AND photo_id = 123
24/04/20 21:43:31 ERROR druid.DruidParserTestUtil: execute
com.alibaba.wasp.plan.parser.UnsupportedException: photo_id is primary key!
	at com.alibaba.wasp.plan.parser.druid.FMetaEventOperation.checkFieldNotInPrimaryKeys(FMetaEventOperation.java:195)
	at com.alibaba.wasp.plan.parser.druid.DruidDMLParser.getUpdatePlan(DruidDMLParser.java:287)
	at com.alibaba.wasp.plan.parser.druid.DruidDMLParser.generatePlan(DruidDMLParser.java:102)
	at com.alibaba.wasp.plan.parser.druid.DruidParserTestUtil.execute(DruidParserTestUtil.java:104)
	at com.alibaba.wasp.plan.parser.druid.TestDruidDMLFailParser.getUpdateFailedPlan(TestDruidDMLFailParser.java:124)
	at sun.reflect.NativeMethodAccessorImpl.invoke0(Native Method)
	at sun.reflect.NativeMethodAccessorImpl.invoke(NativeMethodAccessorImpl.java:62)
	at sun.reflect.DelegatingMethodAccessorImpl.invoke(DelegatingMethodAccessorImpl.java:43)
	at java.lang.reflect.Method.invoke(Method.java:498)
	at org.junit.runners.model.FrameworkMethod$1.runReflectiveCall(FrameworkMethod.java:45)
	at org.junit.internal.runners.model.ReflectiveCallable.run(ReflectiveCallable.java:15)
	at org.junit.runners.model.FrameworkMethod.invokeExplosively(FrameworkMethod.java:42)
	at org.junit.internal.runners.statements.InvokeMethod.evaluate(InvokeMethod.java:20)
	at org.junit.internal.runners.statements.RunBefores.evaluate(RunBefores.java:28)
	at org.junit.internal.runners.statements.RunAfters.evaluate(RunAfters.java:30)
	at org.junit.runners.ParentRunner.runLeaf(ParentRunner.java:263)
	at org.junit.runners.BlockJUnit4ClassRunner.runChild(BlockJUnit4ClassRunner.java:68)
	at org.junit.runners.BlockJUnit4ClassRunner.runChild(BlockJUnit4ClassRunner.java:47)
	at org.junit.runners.ParentRunner$3.run(ParentRunner.java:231)
	at org.junit.runners.ParentRunner$1.schedule(ParentRunner.java:60)
	at org.junit.runners.ParentRunner.runChildren(ParentRunner.java:229)
	at org.junit.runners.ParentRunner.access$000(ParentRunner.java:50)
	at org.junit.runners.ParentRunner$2.evaluate(ParentRunner.java:222)
	at org.junit.internal.runners.statements.RunBefores.evaluate(RunBefores.java:28)
	at org.junit.internal.runners.statements.RunAfters.evaluate(RunAfters.java:30)
	at org.junit.runners.ParentRunner.run(ParentRunner.java:300)
	at org.junit.runners.Suite.runChild(Suite.java:128)
	at org.junit.runners.Suite.runChild(Suite.java:24)
	at org.junit.runners.ParentRunner$3.run(ParentRunner.java:231)
	at org.junit.runners.ParentRunner$1.schedule(ParentRunner.java:60)
	at org.junit.runners.ParentRunner.runChildren(ParentRunner.java:229)
	at org.junit.runners.ParentRunner.access$000(ParentRunner.java:50)
	at org.junit.runners.ParentRunner$2.evaluate(ParentRunner.java:222)
	at org.junit.runners.ParentRunner.run(ParentRunner.java:300)
	at org.junit.runner.JUnitCore.run(JUnitCore.java:157)
	at org.junit.runner.JUnitCore.run(JUnitCore.java:136)
	at edu.illinois.cs.testrunner.execution.JUnitTestExecutor.execute(JUnitTestExecutor.java:246)
	at edu.illinois.cs.testrunner.execution.JUnitTestExecutor.executeWithJUnit4Runner(JUnitTestExecutor.java:315)
	at edu.illinois.cs.testrunner.execution.JUnitTestExecutor.runOrder(JUnitTestExecutor.java:46)
	at edu.illinois.cs.testrunner.execution.Executor$.$anonfun$run$1(Executor.scala:30)
	at scala.runtime.java8.JFunction0$mcV$sp.apply(JFunction0$mcV$sp.java:12)
	at scala.util.Try$.apply(Try.scala:209)
	at edu.illinois.cs.testrunner.execution.Executor$.run(Executor.scala:28)
	at edu.illinois.cs.testrunner.execution.Executor$.main(Executor.scala:18)
	at edu.illinois.cs.testrunner.execution.Executor.main(Executor.scala)
24/04/20 21:43:31 DEBUG druid.DruidParser: Parsing SQL UPDATE Photo SET int32Type = '22' WHERE user_id = 123 and photo_id=123;
24/04/20 21:43:31 DEBUG druid.DruidDMLParser: UPDATE SQL From clause Photo
24/04/20 21:43:31 DEBUG druid.DruidDMLParser: UPDATE SQL where user_id = 123 AND photo_id = 123
24/04/20 21:43:31 ERROR druid.DruidParserTestUtil: execute
com.alibaba.wasp.plan.parser.UnsupportedException: Unsupported DataType INT32, input is '22'
	at com.alibaba.wasp.plan.parser.druid.DruidParser.checkType(DruidParser.java:258)
	at com.alibaba.wasp.plan.parser.druid.DruidDMLParser.getUpdatePlan(DruidDMLParser.java:290)
	at com.alibaba.wasp.plan.parser.druid.DruidDMLParser.generatePlan(DruidDMLParser.java:102)
	at com.alibaba.wasp.plan.parser.druid.DruidParserTestUtil.execute(DruidParserTestUtil.java:104)
	at com.alibaba.wasp.plan.parser.druid.TestDruidDMLFailParser.getUpdateFailedPlan(TestDruidDMLFailParser.java:124)
	at sun.reflect.NativeMethodAccessorImpl.invoke0(Native Method)
	at sun.reflect.NativeMethodAccessorImpl.invoke(NativeMethodAccessorImpl.java:62)
	at sun.reflect.DelegatingMethodAccessorImpl.invoke(DelegatingMethodAccessorImpl.java:43)
	at java.lang.reflect.Method.invoke(Method.java:498)
	at org.junit.runners.model.FrameworkMethod$1.runReflectiveCall(FrameworkMethod.java:45)
	at org.junit.internal.runners.model.ReflectiveCallable.run(ReflectiveCallable.java:15)
	at org.junit.runners.model.FrameworkMethod.invokeExplosively(FrameworkMethod.java:42)
	at org.junit.internal.runners.statements.InvokeMethod.evaluate(InvokeMethod.java:20)
	at org.junit.internal.runners.statements.RunBefores.evaluate(RunBefores.java:28)
	at org.junit.internal.runners.statements.RunAfters.evaluate(RunAfters.java:30)
	at org.junit.runners.ParentRunner.runLeaf(ParentRunner.java:263)
	at org.junit.runners.BlockJUnit4ClassRunner.runChild(BlockJUnit4ClassRunner.java:68)
	at org.junit.runners.BlockJUnit4ClassRunner.runChild(BlockJUnit4ClassRunner.java:47)
	at org.junit.runners.ParentRunner$3.run(ParentRunner.java:231)
	at org.junit.runners.ParentRunner$1.schedule(ParentRunner.java:60)
	at org.junit.runners.ParentRunner.runChildren(ParentRunner.java:229)
	at org.junit.runners.ParentRunner.access$000(ParentRunner.java:50)
	at org.junit.runners.ParentRunner$2.evaluate(ParentRunner.java:222)
	at org.junit.internal.runners.statements.RunBefores.evaluate(RunBefores.java:28)
	at org.junit.internal.runners.statements.RunAfters.evaluate(RunAfters.java:30)
	at org.junit.runners.ParentRunner.run(ParentRunner.java:300)
	at org.junit.runners.Suite.runChild(Suite.java:128)
	at org.junit.runners.Suite.runChild(Suite.java:24)
	at org.junit.runners.ParentRunner$3.run(ParentRunner.java:231)
	at org.junit.runners.ParentRunner$1.schedule(ParentRunner.java:60)
	at org.junit.runners.ParentRunner.runChildren(ParentRunner.java:229)
	at org.junit.runners.ParentRunner.access$000(ParentRunner.java:50)
	at org.junit.runners.ParentRunner$2.evaluate(ParentRunner.java:222)
	at org.junit.runners.ParentRunner.run(ParentRunner.java:300)
	at org.junit.runner.JUnitCore.run(JUnitCore.java:157)
	at org.junit.runner.JUnitCore.run(JUnitCore.java:136)
	at edu.illinois.cs.testrunner.execution.JUnitTestExecutor.execute(JUnitTestExecutor.java:246)
	at edu.illinois.cs.testrunner.execution.JUnitTestExecutor.executeWithJUnit4Runner(JUnitTestExecutor.java:315)
	at edu.illinois.cs.testrunner.execution.JUnitTestExecutor.runOrder(JUnitTestExecutor.java:46)
	at edu.illinois.cs.testrunner.execution.Executor$.$anonfun$run$1(Executor.scala:30)
	at scala.runtime.java8.JFunction0$mcV$sp.apply(JFunction0$mcV$sp.java:12)
	at scala.util.Try$.apply(Try.scala:209)
	at edu.illinois.cs.testrunner.execution.Executor$.run(Executor.scala:28)
	at edu.illinois.cs.testrunner.execution.Executor$.main(Executor.scala:18)
	at edu.illinois.cs.testrunner.execution.Executor.main(Executor.scala)
24/04/20 21:43:31 DEBUG druid.DruidParser: Parsing SQL CREATE TABLE User { Required Int64 user_id; Required String name; Optional DOUBLE value; }  primary key(user_id),  entity group root, entity group key(user_id);
24/04/20 21:43:31 DEBUG druid.DruidDDLParser: CreateTablePlan CreateTablePlan [table=CREATE TABLE User { 
  REQUIRED INT64 user_id COLUMNFAMILY d;
  REQUIRED STRING name COLUMNFAMILY d;
  OPTIONAL DOUBLE value COLUMNFAMILY d;
} 
PRIMARY KEY(user_id),
ENTITY GROUP ROOT,
ENTITY GROUP KEY(user_id);
, splitKeys=null]
24/04/20 21:43:31 DEBUG druid.DruidParser: Parsing SQL CREATE TABLE Photo { Required Int64 user_id columnfamily cf comment 'aaa';  Required Int32 photo_id comment 'child primary key';  Optional Int64 time; Optional String full_url;  Optional String thumbnail_url; Optional string tag; Optional DATETIME date; Optional Int32 int32Type; }  primary key(user_id,photo_id),  in table User,  Entity Group Key(user_id) references User; 
24/04/20 21:43:31 DEBUG druid.DruidDDLParser: CreateTablePlan CreateTablePlan [table=CREATE TABLE Photo { 
  REQUIRED INT64 user_id COLUMNFAMILY cf;
  REQUIRED INT32 photo_id COLUMNFAMILY d;
  OPTIONAL INT64 time COLUMNFAMILY d;
  OPTIONAL STRING full_url COLUMNFAMILY d;
  OPTIONAL STRING thumbnail_url COLUMNFAMILY d;
  OPTIONAL STRING tag COLUMNFAMILY d;
  OPTIONAL DATETIME date COLUMNFAMILY d;
  OPTIONAL INT32 int32Type COLUMNFAMILY d;
} 
PRIMARY KEY(user_id, photo_id, ),
 IN TABLE User,
 ENTITY GROUP KEY(user_id) REFERENCES User;
, splitKeys=null]
24/04/20 21:43:31 DEBUG druid.DruidParser: Parsing SQL Insert into User1(ID,NAME) values(1,'binlijin');
24/04/20 21:43:31 DEBUG druid.DruidDMLParser: INSERT SQL TableSource User1
24/04/20 21:43:31 DEBUG druid.DruidDMLParser: From table User1
24/04/20 21:43:31 ERROR druid.DruidParserTestUtil: execute
com.alibaba.wasp.TableNotFoundException: User1 not exists!
	at com.alibaba.wasp.plan.parser.druid.FMetaEventOperation.checkAndGetTable(FMetaEventOperation.java:79)
	at com.alibaba.wasp.plan.parser.druid.DruidDMLParser.getInsertPlan(DruidDMLParser.java:129)
	at com.alibaba.wasp.plan.parser.druid.DruidDMLParser.generatePlan(DruidDMLParser.java:105)
	at com.alibaba.wasp.plan.parser.druid.DruidParserTestUtil.execute(DruidParserTestUtil.java:104)
	at com.alibaba.wasp.plan.parser.druid.TestDruidDMLFailParser.getInsertFailedPlan(TestDruidDMLFailParser.java:97)
	at sun.reflect.NativeMethodAccessorImpl.invoke0(Native Method)
	at sun.reflect.NativeMethodAccessorImpl.invoke(NativeMethodAccessorImpl.java:62)
	at sun.reflect.DelegatingMethodAccessorImpl.invoke(DelegatingMethodAccessorImpl.java:43)
	at java.lang.reflect.Method.invoke(Method.java:498)
	at org.junit.runners.model.FrameworkMethod$1.runReflectiveCall(FrameworkMethod.java:45)
	at org.junit.internal.runners.model.ReflectiveCallable.run(ReflectiveCallable.java:15)
	at org.junit.runners.model.FrameworkMethod.invokeExplosively(FrameworkMethod.java:42)
	at org.junit.internal.runners.statements.InvokeMethod.evaluate(InvokeMethod.java:20)
	at org.junit.internal.runners.statements.RunBefores.evaluate(RunBefores.java:28)
	at org.junit.internal.runners.statements.RunAfters.evaluate(RunAfters.java:30)
	at org.junit.runners.ParentRunner.runLeaf(ParentRunner.java:263)
	at org.junit.runners.BlockJUnit4ClassRunner.runChild(BlockJUnit4ClassRunner.java:68)
	at org.junit.runners.BlockJUnit4ClassRunner.runChild(BlockJUnit4ClassRunner.java:47)
	at org.junit.runners.ParentRunner$3.run(ParentRunner.java:231)
	at org.junit.runners.ParentRunner$1.schedule(ParentRunner.java:60)
	at org.junit.runners.ParentRunner.runChildren(ParentRunner.java:229)
	at org.junit.runners.ParentRunner.access$000(ParentRunner.java:50)
	at org.junit.runners.ParentRunner$2.evaluate(ParentRunner.java:222)
	at org.junit.internal.runners.statements.RunBefores.evaluate(RunBefores.java:28)
	at org.junit.internal.runners.statements.RunAfters.evaluate(RunAfters.java:30)
	at org.junit.runners.ParentRunner.run(ParentRunner.java:300)
	at org.junit.runners.Suite.runChild(Suite.java:128)
	at org.junit.runners.Suite.runChild(Suite.java:24)
	at org.junit.runners.ParentRunner$3.run(ParentRunner.java:231)
	at org.junit.runners.ParentRunner$1.schedule(ParentRunner.java:60)
	at org.junit.runners.ParentRunner.runChildren(ParentRunner.java:229)
	at org.junit.runners.ParentRunner.access$000(ParentRunner.java:50)
	at org.junit.runners.ParentRunner$2.evaluate(ParentRunner.java:222)
	at org.junit.runners.ParentRunner.run(ParentRunner.java:300)
	at org.junit.runner.JUnitCore.run(JUnitCore.java:157)
	at org.junit.runner.JUnitCore.run(JUnitCore.java:136)
	at edu.illinois.cs.testrunner.execution.JUnitTestExecutor.execute(JUnitTestExecutor.java:246)
	at edu.illinois.cs.testrunner.execution.JUnitTestExecutor.executeWithJUnit4Runner(JUnitTestExecutor.java:315)
	at edu.illinois.cs.testrunner.execution.JUnitTestExecutor.runOrder(JUnitTestExecutor.java:46)
	at edu.illinois.cs.testrunner.execution.Executor$.$anonfun$run$1(Executor.scala:30)
	at scala.runtime.java8.JFunction0$mcV$sp.apply(JFunction0$mcV$sp.java:12)
	at scala.util.Try$.apply(Try.scala:209)
	at edu.illinois.cs.testrunner.execution.Executor$.run(Executor.scala:28)
	at edu.illinois.cs.testrunner.execution.Executor$.main(Executor.scala:18)
	at edu.illinois.cs.testrunner.execution.Executor.main(Executor.scala)
24/04/20 21:43:31 DEBUG druid.DruidParser: Parsing SQL Insert into User(ID,NAME2) values(1,'binlijin'),(2,'lars');
24/04/20 21:43:31 DEBUG druid.DruidDMLParser: INSERT SQL TableSource User
24/04/20 21:43:31 DEBUG druid.DruidDMLParser: From table User
24/04/20 21:43:31 DEBUG druid.DruidDMLParser:  SQLInsertItem ID
24/04/20 21:43:31 DEBUG druid.DruidDMLParser:  SQLInsertItem NAME2
24/04/20 21:43:31 DEBUG druid.DruidDMLParser: INSERT SQL Insert columns [ID, NAME2]
24/04/20 21:43:31 ERROR druid.DruidParserTestUtil: execute
com.alibaba.wasp.plan.parser.UnsupportedException: User does not have column 'ID'!
	at com.alibaba.wasp.plan.parser.druid.FMetaEventOperation.checkAndGetFields(FMetaEventOperation.java:114)
	at com.alibaba.wasp.plan.parser.druid.DruidDMLParser.getInsertPlan(DruidDMLParser.java:136)
	at com.alibaba.wasp.plan.parser.druid.DruidDMLParser.generatePlan(DruidDMLParser.java:105)
	at com.alibaba.wasp.plan.parser.druid.DruidParserTestUtil.execute(DruidParserTestUtil.java:104)
	at com.alibaba.wasp.plan.parser.druid.TestDruidDMLFailParser.getInsertFailedPlan(TestDruidDMLFailParser.java:97)
	at sun.reflect.NativeMethodAccessorImpl.invoke0(Native Method)
	at sun.reflect.NativeMethodAccessorImpl.invoke(NativeMethodAccessorImpl.java:62)
	at sun.reflect.DelegatingMethodAccessorImpl.invoke(DelegatingMethodAccessorImpl.java:43)
	at java.lang.reflect.Method.invoke(Method.java:498)
	at org.junit.runners.model.FrameworkMethod$1.runReflectiveCall(FrameworkMethod.java:45)
	at org.junit.internal.runners.model.ReflectiveCallable.run(ReflectiveCallable.java:15)
	at org.junit.runners.model.FrameworkMethod.invokeExplosively(FrameworkMethod.java:42)
	at org.junit.internal.runners.statements.InvokeMethod.evaluate(InvokeMethod.java:20)
	at org.junit.internal.runners.statements.RunBefores.evaluate(RunBefores.java:28)
	at org.junit.internal.runners.statements.RunAfters.evaluate(RunAfters.java:30)
	at org.junit.runners.ParentRunner.runLeaf(ParentRunner.java:263)
	at org.junit.runners.BlockJUnit4ClassRunner.runChild(BlockJUnit4ClassRunner.java:68)
	at org.junit.runners.BlockJUnit4ClassRunner.runChild(BlockJUnit4ClassRunner.java:47)
	at org.junit.runners.ParentRunner$3.run(ParentRunner.java:231)
	at org.junit.runners.ParentRunner$1.schedule(ParentRunner.java:60)
	at org.junit.runners.ParentRunner.runChildren(ParentRunner.java:229)
	at org.junit.runners.ParentRunner.access$000(ParentRunner.java:50)
	at org.junit.runners.ParentRunner$2.evaluate(ParentRunner.java:222)
	at org.junit.internal.runners.statements.RunBefores.evaluate(RunBefores.java:28)
	at org.junit.internal.runners.statements.RunAfters.evaluate(RunAfters.java:30)
	at org.junit.runners.ParentRunner.run(ParentRunner.java:300)
	at org.junit.runners.Suite.runChild(Suite.java:128)
	at org.junit.runners.Suite.runChild(Suite.java:24)
	at org.junit.runners.ParentRunner$3.run(ParentRunner.java:231)
	at org.junit.runners.ParentRunner$1.schedule(ParentRunner.java:60)
	at org.junit.runners.ParentRunner.runChildren(ParentRunner.java:229)
	at org.junit.runners.ParentRunner.access$000(ParentRunner.java:50)
	at org.junit.runners.ParentRunner$2.evaluate(ParentRunner.java:222)
	at org.junit.runners.ParentRunner.run(ParentRunner.java:300)
	at org.junit.runner.JUnitCore.run(JUnitCore.java:157)
	at org.junit.runner.JUnitCore.run(JUnitCore.java:136)
	at edu.illinois.cs.testrunner.execution.JUnitTestExecutor.execute(JUnitTestExecutor.java:246)
	at edu.illinois.cs.testrunner.execution.JUnitTestExecutor.executeWithJUnit4Runner(JUnitTestExecutor.java:315)
	at edu.illinois.cs.testrunner.execution.JUnitTestExecutor.runOrder(JUnitTestExecutor.java:46)
	at edu.illinois.cs.testrunner.execution.Executor$.$anonfun$run$1(Executor.scala:30)
	at scala.runtime.java8.JFunction0$mcV$sp.apply(JFunction0$mcV$sp.java:12)
	at scala.util.Try$.apply(Try.scala:209)
	at edu.illinois.cs.testrunner.execution.Executor$.run(Executor.scala:28)
	at edu.illinois.cs.testrunner.execution.Executor$.main(Executor.scala:18)
	at edu.illinois.cs.testrunner.execution.Executor.main(Executor.scala)
24/04/20 21:43:31 DEBUG druid.DruidParser: Parsing SQL Insert into Photo(photo_id,time) values(1, 10000),(2,20000);
24/04/20 21:43:31 DEBUG druid.DruidDMLParser: INSERT SQL TableSource Photo
24/04/20 21:43:31 DEBUG druid.DruidDMLParser: From table Photo
24/04/20 21:43:31 DEBUG druid.DruidDMLParser:  SQLInsertItem photo_id
24/04/20 21:43:31 DEBUG druid.DruidDMLParser:  SQLInsertItem time
24/04/20 21:43:31 DEBUG druid.DruidDMLParser: INSERT SQL Insert columns [photo_id, time]
24/04/20 21:43:31 ERROR druid.DruidParserTestUtil: execute
com.alibaba.wasp.plan.parser.UnsupportedException: PrimaryKeys have 2 Fields, but only find 1 Fields
	at com.alibaba.wasp.plan.parser.druid.FMetaEventOperation.checkRequiredFields(FMetaEventOperation.java:378)
	at com.alibaba.wasp.plan.parser.druid.DruidDMLParser.getInsertPlan(DruidDMLParser.java:137)
	at com.alibaba.wasp.plan.parser.druid.DruidDMLParser.generatePlan(DruidDMLParser.java:105)
	at com.alibaba.wasp.plan.parser.druid.DruidParserTestUtil.execute(DruidParserTestUtil.java:104)
	at com.alibaba.wasp.plan.parser.druid.TestDruidDMLFailParser.getInsertFailedPlan(TestDruidDMLFailParser.java:97)
	at sun.reflect.NativeMethodAccessorImpl.invoke0(Native Method)
	at sun.reflect.NativeMethodAccessorImpl.invoke(NativeMethodAccessorImpl.java:62)
	at sun.reflect.DelegatingMethodAccessorImpl.invoke(DelegatingMethodAccessorImpl.java:43)
	at java.lang.reflect.Method.invoke(Method.java:498)
	at org.junit.runners.model.FrameworkMethod$1.runReflectiveCall(FrameworkMethod.java:45)
	at org.junit.internal.runners.model.ReflectiveCallable.run(ReflectiveCallable.java:15)
	at org.junit.runners.model.FrameworkMethod.invokeExplosively(FrameworkMethod.java:42)
	at org.junit.internal.runners.statements.InvokeMethod.evaluate(InvokeMethod.java:20)
	at org.junit.internal.runners.statements.RunBefores.evaluate(RunBefores.java:28)
	at org.junit.internal.runners.statements.RunAfters.evaluate(RunAfters.java:30)
	at org.junit.runners.ParentRunner.runLeaf(ParentRunner.java:263)
	at org.junit.runners.BlockJUnit4ClassRunner.runChild(BlockJUnit4ClassRunner.java:68)
	at org.junit.runners.BlockJUnit4ClassRunner.runChild(BlockJUnit4ClassRunner.java:47)
	at org.junit.runners.ParentRunner$3.run(ParentRunner.java:231)
	at org.junit.runners.ParentRunner$1.schedule(ParentRunner.java:60)
	at org.junit.runners.ParentRunner.runChildren(ParentRunner.java:229)
	at org.junit.runners.ParentRunner.access$000(ParentRunner.java:50)
	at org.junit.runners.ParentRunner$2.evaluate(ParentRunner.java:222)
	at org.junit.internal.runners.statements.RunBefores.evaluate(RunBefores.java:28)
	at org.junit.internal.runners.statements.RunAfters.evaluate(RunAfters.java:30)
	at org.junit.runners.ParentRunner.run(ParentRunner.java:300)
	at org.junit.runners.Suite.runChild(Suite.java:128)
	at org.junit.runners.Suite.runChild(Suite.java:24)
	at org.junit.runners.ParentRunner$3.run(ParentRunner.java:231)
	at org.junit.runners.ParentRunner$1.schedule(ParentRunner.java:60)
	at org.junit.runners.ParentRunner.runChildren(ParentRunner.java:229)
	at org.junit.runners.ParentRunner.access$000(ParentRunner.java:50)
	at org.junit.runners.ParentRunner$2.evaluate(ParentRunner.java:222)
	at org.junit.runners.ParentRunner.run(ParentRunner.java:300)
	at org.junit.runner.JUnitCore.run(JUnitCore.java:157)
	at org.junit.runner.JUnitCore.run(JUnitCore.java:136)
	at edu.illinois.cs.testrunner.execution.JUnitTestExecutor.execute(JUnitTestExecutor.java:246)
	at edu.illinois.cs.testrunner.execution.JUnitTestExecutor.executeWithJUnit4Runner(JUnitTestExecutor.java:315)
	at edu.illinois.cs.testrunner.execution.JUnitTestExecutor.runOrder(JUnitTestExecutor.java:46)
	at edu.illinois.cs.testrunner.execution.Executor$.$anonfun$run$1(Executor.scala:30)
	at scala.runtime.java8.JFunction0$mcV$sp.apply(JFunction0$mcV$sp.java:12)
	at scala.util.Try$.apply(Try.scala:209)
	at edu.illinois.cs.testrunner.execution.Executor$.run(Executor.scala:28)
	at edu.illinois.cs.testrunner.execution.Executor$.main(Executor.scala:18)
	at edu.illinois.cs.testrunner.execution.Executor.main(Executor.scala)
24/04/20 21:43:31 DEBUG druid.DruidParser: Parsing SQL Insert into User(user_id,name,value) values(1,'binlijin',1.,'aa');
24/04/20 21:43:31 DEBUG druid.DruidDMLParser: INSERT SQL TableSource User
24/04/20 21:43:31 DEBUG druid.DruidDMLParser: From table User
24/04/20 21:43:31 DEBUG druid.DruidDMLParser:  SQLInsertItem user_id
24/04/20 21:43:31 DEBUG druid.DruidDMLParser:  SQLInsertItem name
24/04/20 21:43:31 DEBUG druid.DruidDMLParser:  SQLInsertItem value
24/04/20 21:43:31 DEBUG druid.DruidDMLParser: INSERT SQL Insert columns [user_id, name, value]
24/04/20 21:43:31 DEBUG druid.DruidDMLParser: INSERT SQL Insert Values List [ VALUES (1, 'binlijin', 1, 'aa')]
24/04/20 21:43:31 ERROR druid.DruidParserTestUtil: execute
java.io.IOException: Insert clause 3 columns  not match 4 values 
	at com.alibaba.wasp.plan.parser.druid.DruidDMLParser.buildFieldsPair(DruidDMLParser.java:334)
	at com.alibaba.wasp.plan.parser.druid.DruidDMLParser.genInsertAction(DruidDMLParser.java:180)
	at com.alibaba.wasp.plan.parser.druid.DruidDMLParser.getInsertPlan(DruidDMLParser.java:152)
	at com.alibaba.wasp.plan.parser.druid.DruidDMLParser.generatePlan(DruidDMLParser.java:105)
	at com.alibaba.wasp.plan.parser.druid.DruidParserTestUtil.execute(DruidParserTestUtil.java:104)
	at com.alibaba.wasp.plan.parser.druid.TestDruidDMLFailParser.getInsertFailedPlan(TestDruidDMLFailParser.java:97)
	at sun.reflect.NativeMethodAccessorImpl.invoke0(Native Method)
	at sun.reflect.NativeMethodAccessorImpl.invoke(NativeMethodAccessorImpl.java:62)
	at sun.reflect.DelegatingMethodAccessorImpl.invoke(DelegatingMethodAccessorImpl.java:43)
	at java.lang.reflect.Method.invoke(Method.java:498)
	at org.junit.runners.model.FrameworkMethod$1.runReflectiveCall(FrameworkMethod.java:45)
	at org.junit.internal.runners.model.ReflectiveCallable.run(ReflectiveCallable.java:15)
	at org.junit.runners.model.FrameworkMethod.invokeExplosively(FrameworkMethod.java:42)
	at org.junit.internal.runners.statements.InvokeMethod.evaluate(InvokeMethod.java:20)
	at org.junit.internal.runners.statements.RunBefores.evaluate(RunBefores.java:28)
	at org.junit.internal.runners.statements.RunAfters.evaluate(RunAfters.java:30)
	at org.junit.runners.ParentRunner.runLeaf(ParentRunner.java:263)
	at org.junit.runners.BlockJUnit4ClassRunner.runChild(BlockJUnit4ClassRunner.java:68)
	at org.junit.runners.BlockJUnit4ClassRunner.runChild(BlockJUnit4ClassRunner.java:47)
	at org.junit.runners.ParentRunner$3.run(ParentRunner.java:231)
	at org.junit.runners.ParentRunner$1.schedule(ParentRunner.java:60)
	at org.junit.runners.ParentRunner.runChildren(ParentRunner.java:229)
	at org.junit.runners.ParentRunner.access$000(ParentRunner.java:50)
	at org.junit.runners.ParentRunner$2.evaluate(ParentRunner.java:222)
	at org.junit.internal.runners.statements.RunBefores.evaluate(RunBefores.java:28)
	at org.junit.internal.runners.statements.RunAfters.evaluate(RunAfters.java:30)
	at org.junit.runners.ParentRunner.run(ParentRunner.java:300)
	at org.junit.runners.Suite.runChild(Suite.java:128)
	at org.junit.runners.Suite.runChild(Suite.java:24)
	at org.junit.runners.ParentRunner$3.run(ParentRunner.java:231)
	at org.junit.runners.ParentRunner$1.schedule(ParentRunner.java:60)
	at org.junit.runners.ParentRunner.runChildren(ParentRunner.java:229)
	at org.junit.runners.ParentRunner.access$000(ParentRunner.java:50)
	at org.junit.runners.ParentRunner$2.evaluate(ParentRunner.java:222)
	at org.junit.runners.ParentRunner.run(ParentRunner.java:300)
	at org.junit.runner.JUnitCore.run(JUnitCore.java:157)
	at org.junit.runner.JUnitCore.run(JUnitCore.java:136)
	at edu.illinois.cs.testrunner.execution.JUnitTestExecutor.execute(JUnitTestExecutor.java:246)
	at edu.illinois.cs.testrunner.execution.JUnitTestExecutor.executeWithJUnit4Runner(JUnitTestExecutor.java:315)
	at edu.illinois.cs.testrunner.execution.JUnitTestExecutor.runOrder(JUnitTestExecutor.java:46)
	at edu.illinois.cs.testrunner.execution.Executor$.$anonfun$run$1(Executor.scala:30)
	at scala.runtime.java8.JFunction0$mcV$sp.apply(JFunction0$mcV$sp.java:12)
	at scala.util.Try$.apply(Try.scala:209)
	at edu.illinois.cs.testrunner.execution.Executor$.run(Executor.scala:28)
	at edu.illinois.cs.testrunner.execution.Executor$.main(Executor.scala:18)
	at edu.illinois.cs.testrunner.execution.Executor.main(Executor.scala)
24/04/20 21:43:31 DEBUG druid.DruidParser: Parsing SQL Insert into User(user_id,name,value) values(1,'binlijin');
24/04/20 21:43:31 DEBUG druid.DruidDMLParser: INSERT SQL TableSource User
24/04/20 21:43:31 DEBUG druid.DruidDMLParser: From table User
24/04/20 21:43:31 DEBUG druid.DruidDMLParser:  SQLInsertItem user_id
24/04/20 21:43:31 DEBUG druid.DruidDMLParser:  SQLInsertItem name
24/04/20 21:43:31 DEBUG druid.DruidDMLParser:  SQLInsertItem value
24/04/20 21:43:31 DEBUG druid.DruidDMLParser: INSERT SQL Insert columns [user_id, name, value]
24/04/20 21:43:31 DEBUG druid.DruidDMLParser: INSERT SQL Insert Values List [ VALUES (1, 'binlijin')]
24/04/20 21:43:31 ERROR druid.DruidParserTestUtil: execute
java.io.IOException: Insert clause 3 columns  not match 2 values 
	at com.alibaba.wasp.plan.parser.druid.DruidDMLParser.buildFieldsPair(DruidDMLParser.java:334)
	at com.alibaba.wasp.plan.parser.druid.DruidDMLParser.genInsertAction(DruidDMLParser.java:180)
	at com.alibaba.wasp.plan.parser.druid.DruidDMLParser.getInsertPlan(DruidDMLParser.java:152)
	at com.alibaba.wasp.plan.parser.druid.DruidDMLParser.generatePlan(DruidDMLParser.java:105)
	at com.alibaba.wasp.plan.parser.druid.DruidParserTestUtil.execute(DruidParserTestUtil.java:104)
	at com.alibaba.wasp.plan.parser.druid.TestDruidDMLFailParser.getInsertFailedPlan(TestDruidDMLFailParser.java:97)
	at sun.reflect.NativeMethodAccessorImpl.invoke0(Native Method)
	at sun.reflect.NativeMethodAccessorImpl.invoke(NativeMethodAccessorImpl.java:62)
	at sun.reflect.DelegatingMethodAccessorImpl.invoke(DelegatingMethodAccessorImpl.java:43)
	at java.lang.reflect.Method.invoke(Method.java:498)
	at org.junit.runners.model.FrameworkMethod$1.runReflectiveCall(FrameworkMethod.java:45)
	at org.junit.internal.runners.model.ReflectiveCallable.run(ReflectiveCallable.java:15)
	at org.junit.runners.model.FrameworkMethod.invokeExplosively(FrameworkMethod.java:42)
	at org.junit.internal.runners.statements.InvokeMethod.evaluate(InvokeMethod.java:20)
	at org.junit.internal.runners.statements.RunBefores.evaluate(RunBefores.java:28)
	at org.junit.internal.runners.statements.RunAfters.evaluate(RunAfters.java:30)
	at org.junit.runners.ParentRunner.runLeaf(ParentRunner.java:263)
	at org.junit.runners.BlockJUnit4ClassRunner.runChild(BlockJUnit4ClassRunner.java:68)
	at org.junit.runners.BlockJUnit4ClassRunner.runChild(BlockJUnit4ClassRunner.java:47)
	at org.junit.runners.ParentRunner$3.run(ParentRunner.java:231)
	at org.junit.runners.ParentRunner$1.schedule(ParentRunner.java:60)
	at org.junit.runners.ParentRunner.runChildren(ParentRunner.java:229)
	at org.junit.runners.ParentRunner.access$000(ParentRunner.java:50)
	at org.junit.runners.ParentRunner$2.evaluate(ParentRunner.java:222)
	at org.junit.internal.runners.statements.RunBefores.evaluate(RunBefores.java:28)
	at org.junit.internal.runners.statements.RunAfters.evaluate(RunAfters.java:30)
	at org.junit.runners.ParentRunner.run(ParentRunner.java:300)
	at org.junit.runners.Suite.runChild(Suite.java:128)
	at org.junit.runners.Suite.runChild(Suite.java:24)
	at org.junit.runners.ParentRunner$3.run(ParentRunner.java:231)
	at org.junit.runners.ParentRunner$1.schedule(ParentRunner.java:60)
	at org.junit.runners.ParentRunner.runChildren(ParentRunner.java:229)
	at org.junit.runners.ParentRunner.access$000(ParentRunner.java:50)
	at org.junit.runners.ParentRunner$2.evaluate(ParentRunner.java:222)
	at org.junit.runners.ParentRunner.run(ParentRunner.java:300)
	at org.junit.runner.JUnitCore.run(JUnitCore.java:157)
	at org.junit.runner.JUnitCore.run(JUnitCore.java:136)
	at edu.illinois.cs.testrunner.execution.JUnitTestExecutor.execute(JUnitTestExecutor.java:246)
	at edu.illinois.cs.testrunner.execution.JUnitTestExecutor.executeWithJUnit4Runner(JUnitTestExecutor.java:315)
	at edu.illinois.cs.testrunner.execution.JUnitTestExecutor.runOrder(JUnitTestExecutor.java:46)
	at edu.illinois.cs.testrunner.execution.Executor$.$anonfun$run$1(Executor.scala:30)
	at scala.runtime.java8.JFunction0$mcV$sp.apply(JFunction0$mcV$sp.java:12)
	at scala.util.Try$.apply(Try.scala:209)
	at edu.illinois.cs.testrunner.execution.Executor$.run(Executor.scala:28)
	at edu.illinois.cs.testrunner.execution.Executor$.main(Executor.scala:18)
	at edu.illinois.cs.testrunner.execution.Executor.main(Executor.scala)
24/04/20 21:43:31 DEBUG fserver.MetricsEntityGroupSourceImpl: Creating new MetricsEntityGroupSourceImpl for table null TEST
24/04/20 21:43:31 DEBUG fserver.MetricsEntityGroupSourceImpl: Creating new MetricsEntityGroupSourceImpl for table null TEST
24/04/20 21:43:31 DEBUG fserver.MetricsEntityGroupSourceImpl: Creating new MetricsEntityGroupSourceImpl for table null TWO
Starting DataNode 0 with dfs.data.dir: /home/idflakies/alibaba/wasp/target/test-data/5e243109-b28b-4599-af05-283b62d831d7/dfscluster_b18d2a57-5c85-44e2-8e04-6989f0c7c213/dfs/data/data1,/home/idflakies/alibaba/wasp/target/test-data/5e243109-b28b-4599-af05-283b62d831d7/dfscluster_b18d2a57-5c85-44e2-8e04-6989f0c7c213/dfs/data/data2
24/04/20 21:43:31 ERROR datanode.DataNode: All directories in dfs.data.dir are invalid.
java.lang.NullPointerException
	at org.apache.hadoop.hdfs.MiniDFSCluster.startDataNodes(MiniDFSCluster.java:422)
	at org.apache.hadoop.hdfs.MiniDFSCluster.<init>(MiniDFSCluster.java:280)
	at org.apache.hadoop.hbase.HBaseTestingUtility.startMiniDFSCluster(HBaseTestingUtility.java:451)
	at org.apache.hadoop.hbase.HBaseTestingUtility.startMiniCluster(HBaseTestingUtility.java:619)
	at org.apache.hadoop.hbase.HBaseTestingUtility.startMiniCluster(HBaseTestingUtility.java:575)
	at org.apache.hadoop.hbase.HBaseTestingUtility.startMiniCluster(HBaseTestingUtility.java:562)
	at com.alibaba.wasp.meta.TestFMetaStore.setUpBeforeClass(TestFMetaStore.java:73)
	at sun.reflect.NativeMethodAccessorImpl.invoke0(Native Method)
	at sun.reflect.NativeMethodAccessorImpl.invoke(NativeMethodAccessorImpl.java:62)
	at sun.reflect.DelegatingMethodAccessorImpl.invoke(DelegatingMethodAccessorImpl.java:43)
	at java.lang.reflect.Method.invoke(Method.java:498)
	at org.junit.runners.model.FrameworkMethod$1.runReflectiveCall(FrameworkMethod.java:45)
	at org.junit.internal.runners.model.ReflectiveCallable.run(ReflectiveCallable.java:15)
	at org.junit.runners.model.FrameworkMethod.invokeExplosively(FrameworkMethod.java:42)
	at org.junit.internal.runners.statements.RunBefores.evaluate(RunBefores.java:27)
	at org.junit.internal.runners.statements.RunAfters.evaluate(RunAfters.java:30)
	at org.junit.runners.ParentRunner.run(ParentRunner.java:300)
	at org.junit.runners.Suite.runChild(Suite.java:128)
	at org.junit.runners.Suite.runChild(Suite.java:24)
	at org.junit.runners.ParentRunner$3.run(ParentRunner.java:231)
	at org.junit.runners.ParentRunner$1.schedule(ParentRunner.java:60)
	at org.junit.runners.ParentRunner.runChildren(ParentRunner.java:229)
	at org.junit.runners.ParentRunner.access$000(ParentRunner.java:50)
	at org.junit.runners.ParentRunner$2.evaluate(ParentRunner.java:222)
	at org.junit.runners.ParentRunner.run(ParentRunner.java:300)
	at org.junit.runner.JUnitCore.run(JUnitCore.java:157)
	at org.junit.runner.JUnitCore.run(JUnitCore.java:136)
	at edu.illinois.cs.testrunner.execution.JUnitTestExecutor.execute(JUnitTestExecutor.java:246)
	at edu.illinois.cs.testrunner.execution.JUnitTestExecutor.executeWithJUnit4Runner(JUnitTestExecutor.java:315)
	at edu.illinois.cs.testrunner.execution.JUnitTestExecutor.runOrder(JUnitTestExecutor.java:46)
	at edu.illinois.cs.testrunner.execution.Executor$.$anonfun$run$1(Executor.scala:30)
	at scala.runtime.java8.JFunction0$mcV$sp.apply(JFunction0$mcV$sp.java:12)
	at scala.util.Try$.apply(Try.scala:209)
	at edu.illinois.cs.testrunner.execution.Executor$.run(Executor.scala:28)
	at edu.illinois.cs.testrunner.execution.Executor$.main(Executor.scala:18)
	at edu.illinois.cs.testrunner.execution.Executor.main(Executor.scala)
24/04/20 21:43:31 INFO balancer.TestDefaultLoadBalancer: Mock Cluster : { srv18043:0 } [srvr=1 rgns=0 avg=0.0 max=0 min=0]
24/04/20 21:43:31 INFO balancer.DefaultLoadBalancer: Skipping load balancing because balanced cluster; servers=1 entityGroups=0 average=0.0 mostloaded=0 leastloaded=0
24/04/20 21:43:31 INFO balancer.TestDefaultLoadBalancer: Mock Balance : {  }
24/04/20 21:43:31 INFO balancer.TestDefaultLoadBalancer: Mock Cluster : { srv18043:1 } [srvr=1 rgns=1 avg=1.0 max=1 min=1]
24/04/20 21:43:31 INFO balancer.DefaultLoadBalancer: Skipping load balancing because balanced cluster; servers=1 entityGroups=1 average=1.0 mostloaded=1 leastloaded=1
24/04/20 21:43:31 INFO balancer.TestDefaultLoadBalancer: Mock Balance : {  }
24/04/20 21:43:31 INFO balancer.TestDefaultLoadBalancer: Mock Cluster : { srv18043:10 } [srvr=1 rgns=10 avg=10.0 max=10 min=10]
24/04/20 21:43:31 INFO balancer.DefaultLoadBalancer: Skipping load balancing because balanced cluster; servers=1 entityGroups=10 average=10.0 mostloaded=10 leastloaded=10
24/04/20 21:43:31 INFO balancer.TestDefaultLoadBalancer: Mock Balance : {  }
24/04/20 21:43:31 INFO balancer.TestDefaultLoadBalancer: Mock Cluster : { srv18043:0 , srv21684:0 } [srvr=2 rgns=0 avg=0.0 max=0 min=0]
24/04/20 21:43:31 INFO balancer.DefaultLoadBalancer: Skipping load balancing because balanced cluster; servers=2 entityGroups=0 average=0.0 mostloaded=0 leastloaded=0
24/04/20 21:43:31 INFO balancer.TestDefaultLoadBalancer: Mock Balance : {  }
24/04/20 21:43:31 INFO balancer.TestDefaultLoadBalancer: Mock Cluster : { srv21684:0 , srv18043:2 } [srvr=2 rgns=2 avg=1.0 max=1 min=1]
24/04/20 21:43:31 DEBUG balancer.DefaultLoadBalancer: Balance parameter: numEntityGroups=2, numServers=2, max=1, min=1
24/04/20 21:43:31 INFO balancer.DefaultLoadBalancer: Calculated a load balance in 5ms. Moving 1 entityGroups off of 1 overloaded servers onto 1 less loaded servers
24/04/20 21:43:31 INFO balancer.TestDefaultLoadBalancer: Mock Balance : { srv18043:1 , srv21684:1 }
24/04/20 21:43:31 INFO balancer.TestDefaultLoadBalancer: Mock Cluster : { srv21684:1 , srv18043:2 } [srvr=2 rgns=3 avg=1.5 max=2 min=1]
24/04/20 21:43:31 INFO balancer.DefaultLoadBalancer: Skipping load balancing because balanced cluster; servers=2 entityGroups=3 average=1.5 mostloaded=2 leastloaded=1
24/04/20 21:43:31 INFO balancer.TestDefaultLoadBalancer: Mock Balance : {  }
24/04/20 21:43:31 INFO balancer.TestDefaultLoadBalancer: Mock Cluster : { srv18043:2 , srv21684:2 } [srvr=2 rgns=4 avg=2.0 max=2 min=2]
24/04/20 21:43:31 INFO balancer.DefaultLoadBalancer: Skipping load balancing because balanced cluster; servers=2 entityGroups=4 average=2.0 mostloaded=2 leastloaded=2
24/04/20 21:43:31 INFO balancer.TestDefaultLoadBalancer: Mock Balance : {  }
24/04/20 21:43:31 INFO balancer.TestDefaultLoadBalancer: Mock Cluster : { srv18043:2 , srv21684:3 } [srvr=2 rgns=5 avg=2.5 max=3 min=2]
24/04/20 21:43:31 INFO balancer.DefaultLoadBalancer: Skipping load balancing because balanced cluster; servers=2 entityGroups=5 average=2.5 mostloaded=3 leastloaded=2
24/04/20 21:43:31 INFO balancer.TestDefaultLoadBalancer: Mock Balance : {  }
24/04/20 21:43:31 INFO balancer.TestDefaultLoadBalancer: Mock Cluster : { srv18043:2 , srv21684:4 } [srvr=2 rgns=6 avg=3.0 max=3 min=3]
24/04/20 21:43:31 DEBUG balancer.DefaultLoadBalancer: Balance parameter: numEntityGroups=6, numServers=2, max=3, min=3
24/04/20 21:43:31 INFO balancer.DefaultLoadBalancer: Calculated a load balance in 0ms. Moving 1 entityGroups off of 1 overloaded servers onto 1 less loaded servers
24/04/20 21:43:31 INFO balancer.TestDefaultLoadBalancer: Mock Balance : { srv18043:3 , srv21684:3 }
24/04/20 21:43:31 INFO balancer.TestDefaultLoadBalancer: Mock Cluster : { srv18043:1 , srv21684:1 } [srvr=2 rgns=2 avg=1.0 max=1 min=1]
24/04/20 21:43:31 INFO balancer.DefaultLoadBalancer: Skipping load balancing because balanced cluster; servers=2 entityGroups=2 average=1.0 mostloaded=1 leastloaded=1
24/04/20 21:43:31 INFO balancer.TestDefaultLoadBalancer: Mock Balance : {  }
24/04/20 21:43:31 INFO balancer.TestDefaultLoadBalancer: Mock Cluster : { srv18043:0 , srv21684:1 } [srvr=2 rgns=1 avg=0.5 max=1 min=0]
24/04/20 21:43:31 INFO balancer.DefaultLoadBalancer: Skipping load balancing because balanced cluster; servers=2 entityGroups=1 average=0.5 mostloaded=1 leastloaded=0
24/04/20 21:43:31 INFO balancer.TestDefaultLoadBalancer: Mock Balance : {  }
24/04/20 21:43:31 INFO balancer.TestDefaultLoadBalancer: Mock Cluster : { srv21684:1 , srv18043:10 } [srvr=2 rgns=11 avg=5.5 max=6 min=5]
24/04/20 21:43:31 DEBUG balancer.DefaultLoadBalancer: Balance parameter: numEntityGroups=11, numServers=2, max=6, min=5
24/04/20 21:43:31 INFO balancer.DefaultLoadBalancer: Calculated a load balance in 1ms. Moving 4 entityGroups off of 1 overloaded servers onto 1 less loaded servers
24/04/20 21:43:31 INFO balancer.TestDefaultLoadBalancer: Mock Balance : { srv21684:5 , srv18043:6 }
24/04/20 21:43:31 INFO balancer.TestDefaultLoadBalancer: Mock Cluster : { srv18043:14 , srv21684:1432 } [srvr=2 rgns=1446 avg=723.0 max=723 min=723]
24/04/20 21:43:31 DEBUG balancer.DefaultLoadBalancer: Balance parameter: numEntityGroups=1446, numServers=2, max=723, min=723
24/04/20 21:43:31 INFO balancer.DefaultLoadBalancer: Calculated a load balance in 7ms. Moving 709 entityGroups off of 1 overloaded servers onto 1 less loaded servers
24/04/20 21:43:31 INFO balancer.TestDefaultLoadBalancer: Mock Balance : { srv18043:723 , srv21684:723 }
24/04/20 21:43:31 INFO balancer.TestDefaultLoadBalancer: Mock Cluster : { srv18043:47 , srv21684:53 } [srvr=2 rgns=100 avg=50.0 max=50 min=50]
24/04/20 21:43:31 DEBUG balancer.DefaultLoadBalancer: Balance parameter: numEntityGroups=100, numServers=2, max=50, min=50
24/04/20 21:43:31 INFO balancer.DefaultLoadBalancer: Calculated a load balance in 0ms. Moving 3 entityGroups off of 1 overloaded servers onto 1 less loaded servers
24/04/20 21:43:31 INFO balancer.TestDefaultLoadBalancer: Mock Balance : { srv18043:50 , srv21684:50 }
24/04/20 21:43:31 INFO balancer.TestDefaultLoadBalancer: Mock Cluster : { srv18043:0 , srv21684:1 , srv44003:2 } [srvr=3 rgns=3 avg=1.0 max=1 min=1]
24/04/20 21:43:31 DEBUG balancer.DefaultLoadBalancer: Balance parameter: numEntityGroups=3, numServers=3, max=1, min=1
24/04/20 21:43:31 INFO balancer.DefaultLoadBalancer: Calculated a load balance in 0ms. Moving 1 entityGroups off of 1 overloaded servers onto 1 less loaded servers
24/04/20 21:43:31 INFO balancer.TestDefaultLoadBalancer: Mock Balance : { srv18043:1 , srv21684:1 , srv44003:1 }
24/04/20 21:43:31 INFO balancer.TestDefaultLoadBalancer: Mock Cluster : { srv18043:1 , srv21684:2 , srv44003:3 } [srvr=3 rgns=6 avg=2.0 max=2 min=2]
24/04/20 21:43:31 DEBUG balancer.DefaultLoadBalancer: Balance parameter: numEntityGroups=6, numServers=3, max=2, min=2
24/04/20 21:43:31 INFO balancer.DefaultLoadBalancer: Calculated a load balance in 0ms. Moving 1 entityGroups off of 1 overloaded servers onto 1 less loaded servers
24/04/20 21:43:31 INFO balancer.TestDefaultLoadBalancer: Mock Balance : { srv18043:2 , srv21684:2 , srv44003:2 }
24/04/20 21:43:31 INFO balancer.TestDefaultLoadBalancer: Mock Cluster : { srv18043:0 , srv21684:2 , srv44003:2 } [srvr=3 rgns=4 avg=1.3333334 max=2 min=1]
24/04/20 21:43:31 DEBUG balancer.DefaultLoadBalancer: Balance parameter: numEntityGroups=4, numServers=3, max=2, min=1
24/04/20 21:43:31 INFO balancer.DefaultLoadBalancer: Done. Calculated a load balance in 0ms. Moving 1 entityGroups off of 0 overloaded servers onto 1 less loaded servers
24/04/20 21:43:31 INFO balancer.TestDefaultLoadBalancer: Mock Balance : { srv18043:1 , srv44003:1 , srv21684:2 }
24/04/20 21:43:31 INFO balancer.TestDefaultLoadBalancer: Mock Cluster : { srv18043:0 , srv44003:0 , srv21684:3 } [srvr=3 rgns=3 avg=1.0 max=1 min=1]
24/04/20 21:43:31 DEBUG balancer.DefaultLoadBalancer: Balance parameter: numEntityGroups=3, numServers=3, max=1, min=1
24/04/20 21:43:31 INFO balancer.DefaultLoadBalancer: Calculated a load balance in 0ms. Moving 2 entityGroups off of 1 overloaded servers onto 2 less loaded servers
24/04/20 21:43:31 INFO balancer.TestDefaultLoadBalancer: Mock Balance : { srv18043:1 , srv21684:1 , srv44003:1 }
24/04/20 21:43:31 INFO balancer.TestDefaultLoadBalancer: Mock Cluster : { srv18043:0 , srv44003:0 , srv21684:4 } [srvr=3 rgns=4 avg=1.3333334 max=2 min=1]
24/04/20 21:43:31 DEBUG balancer.DefaultLoadBalancer: Balance parameter: numEntityGroups=4, numServers=3, max=2, min=1
24/04/20 21:43:31 INFO balancer.DefaultLoadBalancer: Calculated a load balance in 0ms. Moving 2 entityGroups off of 1 overloaded servers onto 2 less loaded servers
24/04/20 21:43:31 INFO balancer.TestDefaultLoadBalancer: Mock Balance : { srv18043:1 , srv44003:1 , srv21684:2 }
24/04/20 21:43:31 INFO balancer.TestDefaultLoadBalancer: Mock Cluster : { srv44003:0 , srv18043:20 , srv21684:20 } [srvr=3 rgns=40 avg=13.333333 max=14 min=13]
24/04/20 21:43:31 DEBUG balancer.DefaultLoadBalancer: Balance parameter: numEntityGroups=40, numServers=3, max=14, min=13
24/04/20 21:43:31 INFO balancer.DefaultLoadBalancer: Done. Calculated a load balance in 0ms. Moving 13 entityGroups off of 2 overloaded servers onto 1 less loaded servers
24/04/20 21:43:31 INFO balancer.TestDefaultLoadBalancer: Mock Balance : { srv21684:13 , srv44003:13 , srv18043:14 }
24/04/20 21:43:31 INFO balancer.TestDefaultLoadBalancer: Mock Cluster : { srv18043:0 , srv21684:1 , srv44003:2 , srv84233:3 } [srvr=4 rgns=6 avg=1.5 max=2 min=1]
24/04/20 21:43:31 DEBUG balancer.DefaultLoadBalancer: Balance parameter: numEntityGroups=6, numServers=4, max=2, min=1
24/04/20 21:43:31 INFO balancer.DefaultLoadBalancer: Calculated a load balance in 0ms. Moving 1 entityGroups off of 1 overloaded servers onto 1 less loaded servers
24/04/20 21:43:31 INFO balancer.TestDefaultLoadBalancer: Mock Balance : { srv18043:1 , srv21684:1 , srv44003:2 , srv84233:2 }
24/04/20 21:43:31 INFO balancer.TestDefaultLoadBalancer: Mock Cluster : { srv21684:0 , srv44003:0 , srv84233:0 , srv18043:4 } [srvr=4 rgns=4 avg=1.0 max=1 min=1]
24/04/20 21:43:31 DEBUG balancer.DefaultLoadBalancer: Balance parameter: numEntityGroups=4, numServers=4, max=1, min=1
24/04/20 21:43:31 INFO balancer.DefaultLoadBalancer: Calculated a load balance in 0ms. Moving 3 entityGroups off of 1 overloaded servers onto 3 less loaded servers
24/04/20 21:43:31 INFO balancer.TestDefaultLoadBalancer: Mock Balance : { srv18043:1 , srv21684:1 , srv44003:1 , srv84233:1 }
24/04/20 21:43:31 INFO balancer.TestDefaultLoadBalancer: Mock Cluster : { srv21684:0 , srv44003:0 , srv84233:0 , srv18043:5 } [srvr=4 rgns=5 avg=1.25 max=2 min=1]
24/04/20 21:43:31 DEBUG balancer.DefaultLoadBalancer: Balance parameter: numEntityGroups=5, numServers=4, max=2, min=1
24/04/20 21:43:31 INFO balancer.DefaultLoadBalancer: Calculated a load balance in 0ms. Moving 3 entityGroups off of 1 overloaded servers onto 3 less loaded servers
24/04/20 21:43:31 INFO balancer.TestDefaultLoadBalancer: Mock Balance : { srv21684:1 , srv44003:1 , srv84233:1 , srv18043:2 }
24/04/20 21:43:31 INFO balancer.TestDefaultLoadBalancer: Mock Cluster : { srv44003:0 , srv84233:0 , srv18043:6 , srv21684:6 } [srvr=4 rgns=12 avg=3.0 max=3 min=3]
24/04/20 21:43:31 DEBUG balancer.DefaultLoadBalancer: Balance parameter: numEntityGroups=12, numServers=4, max=3, min=3
24/04/20 21:43:31 INFO balancer.DefaultLoadBalancer: Calculated a load balance in 0ms. Moving 6 entityGroups off of 2 overloaded servers onto 2 less loaded servers
24/04/20 21:43:31 INFO balancer.TestDefaultLoadBalancer: Mock Balance : { srv18043:3 , srv21684:3 , srv44003:3 , srv84233:3 }
24/04/20 21:43:31 INFO balancer.TestDefaultLoadBalancer: Mock Cluster : { srv44003:0 , srv84233:0 , srv21684:2 , srv18043:6 } [srvr=4 rgns=8 avg=2.0 max=2 min=2]
24/04/20 21:43:31 DEBUG balancer.DefaultLoadBalancer: Balance parameter: numEntityGroups=8, numServers=4, max=2, min=2
24/04/20 21:43:31 INFO balancer.DefaultLoadBalancer: Calculated a load balance in 0ms. Moving 4 entityGroups off of 1 overloaded servers onto 2 less loaded servers
24/04/20 21:43:31 INFO balancer.TestDefaultLoadBalancer: Mock Balance : { srv18043:2 , srv21684:2 , srv44003:2 , srv84233:2 }
24/04/20 21:43:31 INFO balancer.TestDefaultLoadBalancer: Mock Cluster : { srv44003:0 , srv84233:0 , srv21684:1 , srv18043:6 } [srvr=4 rgns=7 avg=1.75 max=2 min=1]
24/04/20 21:43:31 DEBUG balancer.DefaultLoadBalancer: Balance parameter: numEntityGroups=7, numServers=4, max=2, min=1
24/04/20 21:43:31 INFO balancer.DefaultLoadBalancer: Done. Calculated a load balance in 0ms. Moving 4 entityGroups off of 1 overloaded servers onto 2 less loaded servers
24/04/20 21:43:31 INFO balancer.TestDefaultLoadBalancer: Mock Balance : { srv21684:1 , srv18043:2 , srv44003:2 , srv84233:2 }
24/04/20 21:43:31 INFO balancer.TestDefaultLoadBalancer: Mock Cluster : { srv21684:0 , srv44003:0 , srv84233:0 , srv18043:6 } [srvr=4 rgns=6 avg=1.5 max=2 min=1]
24/04/20 21:43:31 DEBUG balancer.DefaultLoadBalancer: Balance parameter: numEntityGroups=6, numServers=4, max=2, min=1
24/04/20 21:43:31 INFO balancer.DefaultLoadBalancer: Done. Calculated a load balance in 0ms. Moving 4 entityGroups off of 1 overloaded servers onto 3 less loaded servers
24/04/20 21:43:31 INFO balancer.TestDefaultLoadBalancer: Mock Balance : { srv44003:1 , srv84233:1 , srv18043:2 , srv21684:2 }
24/04/20 21:43:31 INFO balancer.TestDefaultLoadBalancer: Mock Cluster : { srv18043:4 , srv21684:4 , srv44003:4 , srv84233:7 } [srvr=4 rgns=19 avg=4.75 max=5 min=4]
24/04/20 21:43:31 DEBUG balancer.DefaultLoadBalancer: Balance parameter: numEntityGroups=19, numServers=4, max=5, min=4
24/04/20 21:43:31 INFO balancer.DefaultLoadBalancer: Done. Calculated a load balance in 0ms. Moving 2 entityGroups off of 1 overloaded servers onto 0 less loaded servers
24/04/20 21:43:31 INFO balancer.TestDefaultLoadBalancer: Mock Balance : { srv44003:4 , srv18043:5 , srv21684:5 , srv84233:5 }
24/04/20 21:43:31 INFO balancer.TestDefaultLoadBalancer: Mock Cluster : { srv18043:4 , srv21684:4 , srv44003:4 , srv84233:8 } [srvr=4 rgns=20 avg=5.0 max=5 min=5]
24/04/20 21:43:31 DEBUG balancer.DefaultLoadBalancer: Balance parameter: numEntityGroups=20, numServers=4, max=5, min=5
24/04/20 21:43:31 INFO balancer.DefaultLoadBalancer: Calculated a load balance in 0ms. Moving 3 entityGroups off of 1 overloaded servers onto 3 less loaded servers
24/04/20 21:43:31 INFO balancer.TestDefaultLoadBalancer: Mock Balance : { srv18043:5 , srv21684:5 , srv44003:5 , srv84233:5 }
24/04/20 21:43:31 INFO balancer.TestDefaultLoadBalancer: Mock Cluster : { srv18043:0 , srv21684:0 , srv44003:0 , srv84233:7 } [srvr=4 rgns=7 avg=1.75 max=2 min=1]
24/04/20 21:43:31 DEBUG balancer.DefaultLoadBalancer: Balance parameter: numEntityGroups=7, numServers=4, max=2, min=1
24/04/20 21:43:31 INFO balancer.DefaultLoadBalancer: Done. Calculated a load balance in 0ms. Moving 5 entityGroups off of 1 overloaded servers onto 3 less loaded servers
24/04/20 21:43:31 INFO balancer.TestDefaultLoadBalancer: Mock Balance : { srv44003:1 , srv18043:2 , srv21684:2 , srv84233:2 }
24/04/20 21:43:31 INFO balancer.TestDefaultLoadBalancer: Mock Cluster : { srv18043:1 , srv21684:1 , srv44003:1 , srv84233:1 , srv25963:4 } [srvr=5 rgns=8 avg=1.6 max=2 min=1]
24/04/20 21:43:31 DEBUG balancer.DefaultLoadBalancer: Balance parameter: numEntityGroups=8, numServers=5, max=2, min=1
24/04/20 21:43:31 INFO balancer.DefaultLoadBalancer: Done. Calculated a load balance in 0ms. Moving 2 entityGroups off of 1 overloaded servers onto 0 less loaded servers
24/04/20 21:43:31 INFO balancer.TestDefaultLoadBalancer: Mock Balance : { srv44003:1 , srv84233:1 , srv18043:2 , srv21684:2 , srv25963:2 }
24/04/20 21:43:31 INFO balancer.TestDefaultLoadBalancer: Mock Cluster : { srv18043:1 , srv21684:2 , srv25963:3 , srv44003:4 , srv84233:5 , srv81688:6 , srv78431:7 , srv88662:8 , srv10314:9 , srv32850:10 , srv54904:11 , srv27198:12 , srv70147:13 , srv83629:14 , srv30696:15 } [srvr=15 rgns=120 avg=8.0 max=8 min=8]
24/04/20 21:43:31 DEBUG balancer.DefaultLoadBalancer: Balance parameter: numEntityGroups=120, numServers=15, max=8, min=8
24/04/20 21:43:31 INFO balancer.DefaultLoadBalancer: Calculated a load balance in 1ms. Moving 28 entityGroups off of 7 overloaded servers onto 7 less loaded servers
24/04/20 21:43:31 INFO balancer.TestDefaultLoadBalancer: Mock Balance : { srv10314:8 , srv18043:8 , srv21684:8 , srv25963:8 , srv27198:8 , srv30696:8 , srv32850:8 , srv44003:8 , srv54904:8 , srv70147:8 , srv78431:8 , srv81688:8 , srv83629:8 , srv84233:8 , srv88662:8 }
24/04/20 21:43:31 INFO balancer.TestDefaultLoadBalancer: Mock Cluster : { srv10314:0 , srv18043:0 , srv21684:0 , srv25963:0 , srv27198:0 , srv30696:0 , srv32850:0 , srv44003:0 , srv54904:0 , srv70147:10 } [srvr=10 rgns=10 avg=1.0 max=1 min=1]
24/04/20 21:43:31 DEBUG balancer.DefaultLoadBalancer: Balance parameter: numEntityGroups=10, numServers=10, max=1, min=1
24/04/20 21:43:31 INFO balancer.DefaultLoadBalancer: Calculated a load balance in 0ms. Moving 9 entityGroups off of 1 overloaded servers onto 9 less loaded servers
24/04/20 21:43:31 INFO balancer.TestDefaultLoadBalancer: Mock Balance : { srv10314:1 , srv18043:1 , srv21684:1 , srv25963:1 , srv27198:1 , srv30696:1 , srv32850:1 , srv44003:1 , srv54904:1 , srv70147:1 }
24/04/20 21:43:31 INFO balancer.TestDefaultLoadBalancer: Mock Cluster : { srv27198:1 , srv83629:5 , srv10314:6 , srv18043:6 , srv21684:6 , srv25963:6 , srv78431:6 , srv81688:6 , srv84233:6 , srv88662:6 } [srvr=10 rgns=54 avg=5.4 max=6 min=5]
24/04/20 21:43:31 DEBUG balancer.DefaultLoadBalancer: Balance parameter: numEntityGroups=54, numServers=10, max=6, min=5
24/04/20 21:43:31 INFO balancer.DefaultLoadBalancer: Done. Calculated a load balance in 0ms. Moving 4 entityGroups off of 0 overloaded servers onto 1 less loaded servers
24/04/20 21:43:31 INFO balancer.TestDefaultLoadBalancer: Mock Balance : { srv27198:5 , srv78431:5 , srv81688:5 , srv83629:5 , srv84233:5 , srv88662:5 , srv10314:6 , srv18043:6 , srv21684:6 , srv25963:6 }
24/04/20 21:43:31 INFO balancer.TestDefaultLoadBalancer: Mock Cluster : { srv10314:0 , srv18043:0 , srv21684:0 , srv25963:0 , srv30696:0 , srv32850:0 , srv44003:0 , srv54904:0 , srv70147:0 , srv27198:54 } [srvr=10 rgns=54 avg=5.4 max=6 min=5]
24/04/20 21:43:31 DEBUG balancer.DefaultLoadBalancer: Balance parameter: numEntityGroups=54, numServers=10, max=6, min=5
24/04/20 21:43:31 INFO balancer.DefaultLoadBalancer: Done. Calculated a load balance in 1ms. Moving 48 entityGroups off of 1 overloaded servers onto 9 less loaded servers
24/04/20 21:43:31 INFO balancer.TestDefaultLoadBalancer: Mock Balance : { srv25963:5 , srv30696:5 , srv32850:5 , srv44003:5 , srv54904:5 , srv70147:5 , srv10314:6 , srv18043:6 , srv21684:6 , srv27198:6 }
24/04/20 21:43:31 INFO balancer.TestDefaultLoadBalancer: Mock Cluster : { srv10314:0 , srv18043:0 , srv21684:0 , srv25963:0 , srv78431:0 , srv81688:0 , srv83629:0 , srv84233:0 , srv88662:0 , srv27198:55 } [srvr=10 rgns=55 avg=5.5 max=6 min=5]
24/04/20 21:43:31 DEBUG balancer.DefaultLoadBalancer: Balance parameter: numEntityGroups=55, numServers=10, max=6, min=5
24/04/20 21:43:31 INFO balancer.DefaultLoadBalancer: Done. Calculated a load balance in 0ms. Moving 49 entityGroups off of 1 overloaded servers onto 9 less loaded servers
24/04/20 21:43:31 INFO balancer.TestDefaultLoadBalancer: Mock Balance : { srv78431:5 , srv81688:5 , srv83629:5 , srv84233:5 , srv88662:5 , srv10314:6 , srv18043:6 , srv21684:6 , srv25963:6 , srv27198:6 }
24/04/20 21:43:31 INFO balancer.TestDefaultLoadBalancer: Mock Cluster : { srv10314:0 , srv18043:0 , srv21684:0 , srv25963:0 , srv30696:0 , srv32850:0 , srv44003:0 , srv54904:0 , srv70147:0 , srv27198:56 } [srvr=10 rgns=56 avg=5.6 max=6 min=5]
24/04/20 21:43:31 DEBUG balancer.DefaultLoadBalancer: Balance parameter: numEntityGroups=56, numServers=10, max=6, min=5
24/04/20 21:43:31 INFO balancer.DefaultLoadBalancer: Done. Calculated a load balance in 0ms. Moving 50 entityGroups off of 1 overloaded servers onto 9 less loaded servers
24/04/20 21:43:31 INFO balancer.TestDefaultLoadBalancer: Mock Balance : { srv32850:5 , srv44003:5 , srv54904:5 , srv70147:5 , srv10314:6 , srv18043:6 , srv21684:6 , srv25963:6 , srv27198:6 , srv30696:6 }
24/04/20 21:43:31 INFO balancer.TestDefaultLoadBalancer: Mock Cluster : { srv10314:0 , srv18043:0 , srv21684:0 , srv25963:0 , srv78431:0 , srv81688:0 , srv83629:0 , srv84233:0 , srv88662:0 , srv27198:16 } [srvr=10 rgns=16 avg=1.6 max=2 min=1]
24/04/20 21:43:31 DEBUG balancer.DefaultLoadBalancer: Balance parameter: numEntityGroups=16, numServers=10, max=2, min=1
24/04/20 21:43:31 INFO balancer.DefaultLoadBalancer: Done. Calculated a load balance in 0ms. Moving 14 entityGroups off of 1 overloaded servers onto 9 less loaded servers
24/04/20 21:43:31 INFO balancer.TestDefaultLoadBalancer: Mock Balance : { srv81688:1 , srv83629:1 , srv84233:1 , srv88662:1 , srv10314:2 , srv18043:2 , srv21684:2 , srv25963:2 , srv27198:2 , srv78431:2 }
24/04/20 21:43:31 INFO balancer.TestDefaultLoadBalancer: Mock Cluster : { srv10314:1 , srv18043:1 , srv21684:1 , srv25963:1 , srv30696:1 , srv32850:1 , srv44003:1 , srv54904:1 , srv70147:1 , srv27198:8 } [srvr=10 rgns=17 avg=1.7 max=2 min=1]
24/04/20 21:43:31 DEBUG balancer.DefaultLoadBalancer: Balance parameter: numEntityGroups=17, numServers=10, max=2, min=1
24/04/20 21:43:31 INFO balancer.DefaultLoadBalancer: Done. Calculated a load balance in 0ms. Moving 6 entityGroups off of 1 overloaded servers onto 0 less loaded servers
24/04/20 21:43:31 INFO balancer.TestDefaultLoadBalancer: Mock Balance : { srv44003:1 , srv54904:1 , srv70147:1 , srv10314:2 , srv18043:2 , srv21684:2 , srv25963:2 , srv27198:2 , srv30696:2 , srv32850:2 }
24/04/20 21:43:31 INFO balancer.TestDefaultLoadBalancer: Mock Cluster : { srv10314:1 , srv18043:1 , srv21684:1 , srv25963:1 , srv78431:1 , srv81688:1 , srv83629:1 , srv84233:1 , srv88662:1 , srv27198:9 } [srvr=10 rgns=18 avg=1.8 max=2 min=1]
24/04/20 21:43:31 DEBUG balancer.DefaultLoadBalancer: Balance parameter: numEntityGroups=18, numServers=10, max=2, min=1
24/04/20 21:43:31 INFO balancer.DefaultLoadBalancer: Done. Calculated a load balance in 0ms. Moving 7 entityGroups off of 1 overloaded servers onto 0 less loaded servers
24/04/20 21:43:31 INFO balancer.TestDefaultLoadBalancer: Mock Balance : { srv84233:1 , srv88662:1 , srv10314:2 , srv18043:2 , srv21684:2 , srv25963:2 , srv27198:2 , srv78431:2 , srv81688:2 , srv83629:2 }
24/04/20 21:43:31 INFO balancer.TestDefaultLoadBalancer: Mock Cluster : { srv10314:1 , srv18043:1 , srv21684:1 , srv25963:1 , srv30696:1 , srv32850:1 , srv44003:1 , srv54904:1 , srv70147:1 , srv27198:10 } [srvr=10 rgns=19 avg=1.9 max=2 min=1]
24/04/20 21:43:31 DEBUG balancer.DefaultLoadBalancer: Balance parameter: numEntityGroups=19, numServers=10, max=2, min=1
24/04/20 21:43:31 INFO balancer.DefaultLoadBalancer: Done. Calculated a load balance in 0ms. Moving 8 entityGroups off of 1 overloaded servers onto 0 less loaded servers
24/04/20 21:43:31 INFO balancer.TestDefaultLoadBalancer: Mock Balance : { srv70147:1 , srv10314:2 , srv18043:2 , srv21684:2 , srv25963:2 , srv27198:2 , srv30696:2 , srv32850:2 , srv44003:2 , srv54904:2 }
24/04/20 21:43:31 INFO balancer.TestDefaultLoadBalancer: Mock Cluster : { srv10314:1 , srv18043:1 , srv21684:1 , srv25963:1 , srv78431:1 , srv81688:1 , srv83629:1 , srv84233:1 , srv88662:1 , srv27198:123 } [srvr=10 rgns=132 avg=13.2 max=14 min=13]
24/04/20 21:43:31 DEBUG balancer.DefaultLoadBalancer: Balance parameter: numEntityGroups=132, numServers=10, max=14, min=13
24/04/20 21:43:31 INFO balancer.DefaultLoadBalancer: Done. Calculated a load balance in 1ms. Moving 109 entityGroups off of 1 overloaded servers onto 9 less loaded servers
24/04/20 21:43:31 INFO balancer.TestDefaultLoadBalancer: Mock Balance : { srv18043:13 , srv21684:13 , srv25963:13 , srv78431:13 , srv81688:13 , srv83629:13 , srv84233:13 , srv88662:13 , srv10314:14 , srv27198:14 }
24/04/20 21:43:31 INFO balancer.TestDefaultLoadBalancer: Mock Cluster : { srv10314:1 , srv18043:1 , srv21684:1 , srv25963:1 , srv30696:1 , srv32850:1 , srv44003:1 , srv54904:1 , srv70147:1 , srv27198:155 } [srvr=10 rgns=164 avg=16.4 max=17 min=16]
24/04/20 21:43:31 DEBUG balancer.DefaultLoadBalancer: Balance parameter: numEntityGroups=164, numServers=10, max=17, min=16
24/04/20 21:43:31 INFO balancer.DefaultLoadBalancer: Done. Calculated a load balance in 0ms. Moving 138 entityGroups off of 1 overloaded servers onto 9 less loaded servers
24/04/20 21:43:31 INFO balancer.TestDefaultLoadBalancer: Mock Balance : { srv25963:16 , srv30696:16 , srv32850:16 , srv44003:16 , srv54904:16 , srv70147:16 , srv10314:17 , srv18043:17 , srv21684:17 , srv27198:17 }
24/04/20 21:43:31 INFO balancer.TestDefaultLoadBalancer: Mock Cluster : { srv78431:0 , srv81688:0 , srv10314:1 , srv18043:1 , srv84233:1 , srv88662:1 , srv30696:12 , srv25963:133 , srv27198:138 , srv83629:144 , srv21684:1123 , srv32850:1444 } [srvr=12 rgns=2998 avg=249.83333 max=250 min=249]
24/04/20 21:43:31 DEBUG balancer.DefaultLoadBalancer: Balance parameter: numEntityGroups=2998, numServers=12, max=250, min=249
24/04/20 21:43:31 INFO balancer.DefaultLoadBalancer: Done. Calculated a load balance in 5ms. Moving 2067 entityGroups off of 2 overloaded servers onto 10 less loaded servers
24/04/20 21:43:31 INFO balancer.TestDefaultLoadBalancer: Mock Balance : { srv27198:249 , srv83629:249 , srv10314:250 , srv18043:250 , srv21684:250 , srv25963:250 , srv30696:250 , srv32850:250 , srv78431:250 , srv81688:250 , srv84233:250 , srv88662:250 }
24/04/20 21:43:31 INFO balancer.TestDefaultLoadBalancer: Mock Cluster : { srv18043:0 , srv44003:0 , srv54904:0 , srv10314:1 , srv25963:1 , srv21684:4 , srv78431:12 , srv30696:133 , srv32850:138 , srv70147:144 , srv27198:1123 , srv81688:1444 } [srvr=12 rgns=3000 avg=250.0 max=250 min=250]
24/04/20 21:43:31 DEBUG balancer.DefaultLoadBalancer: Balance parameter: numEntityGroups=3000, numServers=12, max=250, min=250
24/04/20 21:43:31 INFO balancer.DefaultLoadBalancer: Calculated a load balance in 5ms. Moving 2067 entityGroups off of 2 overloaded servers onto 10 less loaded servers
24/04/20 21:43:31 INFO balancer.TestDefaultLoadBalancer: Mock Balance : { srv10314:250 , srv18043:250 , srv21684:250 , srv25963:250 , srv27198:250 , srv30696:250 , srv32850:250 , srv44003:250 , srv54904:250 , srv70147:250 , srv78431:250 , srv81688:250 }
24/04/20 21:43:32 INFO server.SessionTrackerImpl: SessionTrackerImpl exited loop!
24/04/20 21:43:32 INFO balancer.TestDefaultLoadBalancer: Mock Cluster : { srv25963:1385 , srv84233:1392 , srv18043:1535 , srv83629:1538 , srv27198:1542 , srv21684:1553 , srv10314:1557 , srv88662:1561 , srv30696:1619 } [srvr=9 rgns=13682 avg=1520.2222 max=1521 min=1520]
24/04/20 21:43:32 DEBUG balancer.DefaultLoadBalancer: Balance parameter: numEntityGroups=13682, numServers=9, max=1521, min=1520
24/04/20 21:43:32 INFO balancer.DefaultLoadBalancer: Done. Calculated a load balance in 1ms. Moving 263 entityGroups off of 7 overloaded servers onto 2 less loaded servers
24/04/20 21:43:32 INFO balancer.TestDefaultLoadBalancer: Mock Balance : { srv10314:1520 , srv21684:1520 , srv25963:1520 , srv27198:1520 , srv30696:1520 , srv84233:1520 , srv88662:1520 , srv18043:1521 , srv83629:1521 }
24/04/20 21:43:32 INFO wasp.WaspTestingUtility: Starting up minicluster with 1 master(s) and 2 fserver(s) 
Starting DataNode 0 with dfs.data.dir: /home/idflakies/alibaba/wasp/target/test-data/6af37a35-cbbc-4051-9dd8-4a3503d99bb8/dfscluster_ef344371-6a3f-4235-944f-a615253a8031/dfs/data/data1,/home/idflakies/alibaba/wasp/target/test-data/6af37a35-cbbc-4051-9dd8-4a3503d99bb8/dfscluster_ef344371-6a3f-4235-944f-a615253a8031/dfs/data/data2
24/04/20 21:43:32 ERROR datanode.DataNode: All directories in dfs.data.dir are invalid.
24/04/20 21:43:32 INFO wasp.WaspTestingUtility: Shutting down mini wasp cluster
24/04/20 21:43:32 INFO wasp.WaspTestingUtility: Minicluster is down
java.lang.NullPointerException
	at org.apache.hadoop.hdfs.MiniDFSCluster.startDataNodes(MiniDFSCluster.java:422)
	at org.apache.hadoop.hdfs.MiniDFSCluster.<init>(MiniDFSCluster.java:280)
	at org.apache.hadoop.hbase.HBaseTestingUtility.startMiniDFSCluster(HBaseTestingUtility.java:451)
	at org.apache.hadoop.hbase.HBaseTestingUtility.startMiniCluster(HBaseTestingUtility.java:619)
	at org.apache.hadoop.hbase.HBaseTestingUtility.startMiniCluster(HBaseTestingUtility.java:575)
	at com.alibaba.wasp.WaspTestingUtility.startMiniCluster(WaspTestingUtility.java:172)
	at com.alibaba.wasp.WaspTestingUtility.startMiniCluster(WaspTestingUtility.java:144)
	at com.alibaba.wasp.master.TestMaster.beforeAllTests(TestMaster.java:60)
	at sun.reflect.NativeMethodAccessorImpl.invoke0(Native Method)
	at sun.reflect.NativeMethodAccessorImpl.invoke(NativeMethodAccessorImpl.java:62)
	at sun.reflect.DelegatingMethodAccessorImpl.invoke(DelegatingMethodAccessorImpl.java:43)
	at java.lang.reflect.Method.invoke(Method.java:498)
	at org.junit.runners.model.FrameworkMethod$1.runReflectiveCall(FrameworkMethod.java:45)
	at org.junit.internal.runners.model.ReflectiveCallable.run(ReflectiveCallable.java:15)
	at org.junit.runners.model.FrameworkMethod.invokeExplosively(FrameworkMethod.java:42)
	at org.junit.internal.runners.statements.RunBefores.evaluate(RunBefores.java:27)
	at org.junit.internal.runners.statements.RunAfters.evaluate(RunAfters.java:30)
	at org.junit.runners.ParentRunner.run(ParentRunner.java:300)
	at org.junit.runners.Suite.runChild(Suite.java:128)
	at org.junit.runners.Suite.runChild(Suite.java:24)
	at org.junit.runners.ParentRunner$3.run(ParentRunner.java:231)
	at org.junit.runners.ParentRunner$1.schedule(ParentRunner.java:60)
	at org.junit.runners.ParentRunner.runChildren(ParentRunner.java:229)
	at org.junit.runners.ParentRunner.access$000(ParentRunner.java:50)
	at org.junit.runners.ParentRunner$2.evaluate(ParentRunner.java:222)
	at org.junit.runners.ParentRunner.run(ParentRunner.java:300)
	at org.junit.runner.JUnitCore.run(JUnitCore.java:157)
	at org.junit.runner.JUnitCore.run(JUnitCore.java:136)
	at edu.illinois.cs.testrunner.execution.JUnitTestExecutor.execute(JUnitTestExecutor.java:246)
	at edu.illinois.cs.testrunner.execution.JUnitTestExecutor.executeWithJUnit4Runner(JUnitTestExecutor.java:315)
	at edu.illinois.cs.testrunner.execution.JUnitTestExecutor.runOrder(JUnitTestExecutor.java:46)
	at edu.illinois.cs.testrunner.execution.Executor$.$anonfun$run$1(Executor.scala:30)
	at scala.runtime.java8.JFunction0$mcV$sp.apply(JFunction0$mcV$sp.java:12)
	at scala.util.Try$.apply(Try.scala:209)
	at edu.illinois.cs.testrunner.execution.Executor$.run(Executor.scala:28)
	at edu.illinois.cs.testrunner.execution.Executor$.main(Executor.scala:18)
	at edu.illinois.cs.testrunner.execution.Executor.main(Executor.scala)
24/04/20 21:43:32 DEBUG ipc.WaspRPC: Using com.alibaba.wasp.ipc.ProtobufRpcEngine for com.alibaba.wasp.ipc.TestProtoBufRpc$TestRpcService
24/04/20 21:43:32 DEBUG ipc.NettyTransceiver: Using Netty bootstrap options: {connectTimeoutMillis=3000, tcpNoDelay=true}
24/04/20 21:43:32 DEBUG ipc.NettyTransceiver: Connecting to /0.0.0.0:38379
24/04/20 21:43:32 DEBUG ipc.NettyTransceiver: [id: 0x61e45f87] OPEN
24/04/20 21:43:32 INFO ipc.NettyTransceiver: Successfully connected to bookie: /0.0.0.0:38379
24/04/20 21:43:32 DEBUG ipc.NettyTransceiver: [id: 0x61e45f87, /172.17.0.2:57516 => /0.0.0.0:38379] BOUND: /172.17.0.2:57516
24/04/20 21:43:32 DEBUG ipc.NettyTransceiver: [id: 0x61e45f87, /172.17.0.2:57516 => /0.0.0.0:38379] CONNECTED: /0.0.0.0:38379
24/04/20 21:43:32 DEBUG ipc.NettyServer: [id: 0x5148d966, /172.17.0.2:57516 => /172.17.0.2:38379] OPEN
24/04/20 21:43:32 DEBUG ipc.NettyServer: [id: 0x5148d966, /172.17.0.2:57516 => /172.17.0.2:38379] BOUND: /172.17.0.2:38379
24/04/20 21:43:32 DEBUG ipc.NettyServer: [id: 0x5148d966, /172.17.0.2:57516 => /172.17.0.2:38379] CONNECTED: /172.17.0.2:57516
24/04/20 21:43:32 ERROR ipc.NettyServer: pool-11-thread-8, call methodName: "error"
clientProtocolVersion: 1
request: ""
requestClassName: "com.alibaba.wasp.ipc.protobuf.generated.TestProtos$EmptyRequestProto"
: error: 
java.io.IOException: error
	at com.alibaba.wasp.ipc.TestProtoBufRpc$PBServerImpl.error(TestProtoBufRpc.java:68)
	at sun.reflect.NativeMethodAccessorImpl.invoke0(Native Method)
	at sun.reflect.NativeMethodAccessorImpl.invoke(NativeMethodAccessorImpl.java:62)
	at sun.reflect.DelegatingMethodAccessorImpl.invoke(DelegatingMethodAccessorImpl.java:43)
	at java.lang.reflect.Method.invoke(Method.java:498)
	at com.alibaba.wasp.ipc.ProtobufRpcEngine$Server.call(ProtobufRpcEngine.java:270)
	at com.alibaba.wasp.ipc.NettyServer$NettyServerWaspHandler.messageReceived(NettyServer.java:234)
	at org.jboss.netty.channel.SimpleChannelUpstreamHandler.handleUpstream(SimpleChannelUpstreamHandler.java:75)
	at com.alibaba.wasp.ipc.NettyServer$NettyServerWaspHandler.handleUpstream(NettyServer.java:171)
	at org.jboss.netty.channel.DefaultChannelPipeline.sendUpstream(DefaultChannelPipeline.java:563)
	at org.jboss.netty.channel.DefaultChannelPipeline$DefaultChannelHandlerContext.sendUpstream(DefaultChannelPipeline.java:791)
	at org.jboss.netty.handler.execution.ChannelUpstreamEventRunnable.doRun(ChannelUpstreamEventRunnable.java:45)
	at org.jboss.netty.handler.execution.ChannelEventRunnable.run(ChannelEventRunnable.java:64)
	at java.util.concurrent.ThreadPoolExecutor.runWorker(ThreadPoolExecutor.java:1149)
	at java.util.concurrent.ThreadPoolExecutor$Worker.run(ThreadPoolExecutor.java:624)
	at java.lang.Thread.run(Thread.java:748)
24/04/20 21:43:32 INFO ipc.NettyServer: Stopping server on 0
24/04/20 21:43:32 DEBUG ipc.NettyTransceiver: [id: 0x61e45f87, /172.17.0.2:57516 :> /0.0.0.0:38379] DISCONNECTED
24/04/20 21:43:32 DEBUG ipc.NettyTransceiver: [id: 0x61e45f87, /172.17.0.2:57516 :> /0.0.0.0:38379] UNBOUND
24/04/20 21:43:32 DEBUG ipc.NettyTransceiver: [id: 0x61e45f87, /172.17.0.2:57516 :> /0.0.0.0:38379] CLOSED
24/04/20 21:43:32 DEBUG ipc.NettyTransceiver: Remote peer /0.0.0.0:38379 closed connection.
24/04/20 21:43:32 DEBUG ipc.NettyTransceiver: Disconnecting from /0.0.0.0:38379
24/04/20 21:43:32 DEBUG ipc.NettyServer: [id: 0x5148d966, /172.17.0.2:57516 :> /172.17.0.2:38379] DISCONNECTED
24/04/20 21:43:32 DEBUG ipc.NettyServer: [id: 0x5148d966, /172.17.0.2:57516 :> /172.17.0.2:38379] UNBOUND
24/04/20 21:43:32 INFO wasp.WaspTestingUtility: Starting up minicluster with 1 master(s) and 1 fserver(s) 
Starting DataNode 0 with dfs.data.dir: /home/idflakies/alibaba/wasp/target/test-data/a8bf39c2-70ed-457c-a6d2-ba9b34cf4e87/dfscluster_fed2ee33-a4d1-4548-a2b8-59bdcee46ba2/dfs/data/data1,/home/idflakies/alibaba/wasp/target/test-data/a8bf39c2-70ed-457c-a6d2-ba9b34cf4e87/dfscluster_fed2ee33-a4d1-4548-a2b8-59bdcee46ba2/dfs/data/data2
24/04/20 21:43:32 ERROR datanode.DataNode: All directories in dfs.data.dir are invalid.
24/04/20 21:43:32 INFO wasp.WaspTestingUtility: Shutting down mini wasp cluster
24/04/20 21:43:32 INFO wasp.WaspTestingUtility: Minicluster is down
java.lang.NullPointerException
	at org.apache.hadoop.hdfs.MiniDFSCluster.startDataNodes(MiniDFSCluster.java:422)
	at org.apache.hadoop.hdfs.MiniDFSCluster.<init>(MiniDFSCluster.java:280)
	at org.apache.hadoop.hbase.HBaseTestingUtility.startMiniDFSCluster(HBaseTestingUtility.java:451)
	at org.apache.hadoop.hbase.HBaseTestingUtility.startMiniCluster(HBaseTestingUtility.java:619)
	at org.apache.hadoop.hbase.HBaseTestingUtility.startMiniCluster(HBaseTestingUtility.java:575)
	at com.alibaba.wasp.WaspTestingUtility.startMiniCluster(WaspTestingUtility.java:172)
	at com.alibaba.wasp.WaspTestingUtility.startMiniCluster(WaspTestingUtility.java:144)
	at com.alibaba.wasp.plan.execute.TestExecutionEngine.before(TestExecutionEngine.java:89)
	at sun.reflect.NativeMethodAccessorImpl.invoke0(Native Method)
	at sun.reflect.NativeMethodAccessorImpl.invoke(NativeMethodAccessorImpl.java:62)
	at sun.reflect.DelegatingMethodAccessorImpl.invoke(DelegatingMethodAccessorImpl.java:43)
	at java.lang.reflect.Method.invoke(Method.java:498)
	at org.junit.runners.model.FrameworkMethod$1.runReflectiveCall(FrameworkMethod.java:45)
	at org.junit.internal.runners.model.ReflectiveCallable.run(ReflectiveCallable.java:15)
	at org.junit.runners.model.FrameworkMethod.invokeExplosively(FrameworkMethod.java:42)
	at org.junit.internal.runners.statements.RunBefores.evaluate(RunBefores.java:27)
	at org.junit.internal.runners.statements.RunAfters.evaluate(RunAfters.java:30)
	at org.junit.runners.ParentRunner.run(ParentRunner.java:300)
	at org.junit.runners.Suite.runChild(Suite.java:128)
	at org.junit.runners.Suite.runChild(Suite.java:24)
	at org.junit.runners.ParentRunner$3.run(ParentRunner.java:231)
	at org.junit.runners.ParentRunner$1.schedule(ParentRunner.java:60)
	at org.junit.runners.ParentRunner.runChildren(ParentRunner.java:229)
	at org.junit.runners.ParentRunner.access$000(ParentRunner.java:50)
	at org.junit.runners.ParentRunner$2.evaluate(ParentRunner.java:222)
	at org.junit.runners.ParentRunner.run(ParentRunner.java:300)
	at org.junit.runner.JUnitCore.run(JUnitCore.java:157)
	at org.junit.runner.JUnitCore.run(JUnitCore.java:136)
	at edu.illinois.cs.testrunner.execution.JUnitTestExecutor.execute(JUnitTestExecutor.java:246)
	at edu.illinois.cs.testrunner.execution.JUnitTestExecutor.executeWithJUnit4Runner(JUnitTestExecutor.java:315)
	at edu.illinois.cs.testrunner.execution.JUnitTestExecutor.runOrder(JUnitTestExecutor.java:46)
	at edu.illinois.cs.testrunner.execution.Executor$.$anonfun$run$1(Executor.scala:30)
	at scala.runtime.java8.JFunction0$mcV$sp.apply(JFunction0$mcV$sp.java:12)
	at scala.util.Try$.apply(Try.scala:209)
	at edu.illinois.cs.testrunner.execution.Executor$.run(Executor.scala:28)
	at edu.illinois.cs.testrunner.execution.Executor$.main(Executor.scala:18)
	at edu.illinois.cs.testrunner.execution.Executor.main(Executor.scala)
24/04/20 21:43:32 INFO wasp.WaspTestingUtility: Starting up minicluster with 3 master(s) and 3 fserver(s) 
Starting DataNode 0 with dfs.data.dir: /home/idflakies/alibaba/wasp/target/test-data/d7965d11-3b66-45f1-92a2-bc071f518023/dfscluster_9647a771-2328-4e00-aaab-8d011488ab91/dfs/data/data1,/home/idflakies/alibaba/wasp/target/test-data/d7965d11-3b66-45f1-92a2-bc071f518023/dfscluster_9647a771-2328-4e00-aaab-8d011488ab91/dfs/data/data2
24/04/20 21:43:33 ERROR datanode.DataNode: All directories in dfs.data.dir are invalid.
java.lang.NullPointerException
	at org.apache.hadoop.hdfs.MiniDFSCluster.startDataNodes(MiniDFSCluster.java:422)
	at org.apache.hadoop.hdfs.MiniDFSCluster.<init>(MiniDFSCluster.java:280)
	at org.apache.hadoop.hbase.HBaseTestingUtility.startMiniDFSCluster(HBaseTestingUtility.java:451)
	at org.apache.hadoop.hbase.HBaseTestingUtility.startMiniCluster(HBaseTestingUtility.java:619)
	at org.apache.hadoop.hbase.HBaseTestingUtility.startMiniCluster(HBaseTestingUtility.java:575)
	at com.alibaba.wasp.WaspTestingUtility.startMiniCluster(WaspTestingUtility.java:172)
	at com.alibaba.wasp.master.TestMasterShutdown.testMasterShutdown(TestMasterShutdown.java:57)
	at sun.reflect.NativeMethodAccessorImpl.invoke0(Native Method)
	at sun.reflect.NativeMethodAccessorImpl.invoke(NativeMethodAccessorImpl.java:62)
	at sun.reflect.DelegatingMethodAccessorImpl.invoke(DelegatingMethodAccessorImpl.java:43)
	at java.lang.reflect.Method.invoke(Method.java:498)
	at org.junit.runners.model.FrameworkMethod$1.runReflectiveCall(FrameworkMethod.java:45)
	at org.junit.internal.runners.model.ReflectiveCallable.run(ReflectiveCallable.java:15)
	at org.junit.runners.model.FrameworkMethod.invokeExplosively(FrameworkMethod.java:42)
	at org.junit.internal.runners.statements.InvokeMethod.evaluate(InvokeMethod.java:20)
	at org.junit.internal.runners.statements.FailOnTimeout$StatementThread.run(FailOnTimeout.java:62)
24/04/20 21:43:33 DEBUG druid.DruidParser: Parsing SQL CREATE TABLE User { Required Int64 user_id; Required String name; Optional DOUBLE value; }  primary key(user_id),  entity group root, entity group key(user_id);
24/04/20 21:43:33 DEBUG druid.DruidDDLParser: CreateTablePlan CreateTablePlan [table=CREATE TABLE User { 
  REQUIRED INT64 user_id COLUMNFAMILY d;
  REQUIRED STRING name COLUMNFAMILY d;
  OPTIONAL DOUBLE value COLUMNFAMILY d;
} 
PRIMARY KEY(user_id),
ENTITY GROUP ROOT,
ENTITY GROUP KEY(user_id);
, splitKeys=null]
24/04/20 21:43:33 DEBUG druid.DruidParser: Parsing SQL CREATE TABLE Photo { Required Int64 user_id columnfamily cf comment 'aaa';  Required Int32 photo_id comment 'child primary key';  Optional Int64 time; Optional String full_url;  Optional String thumbnail_url; Optional string tag; Optional DATETIME date; Optional Int32 int32Type; }  primary key(user_id,photo_id),  in table User,  Entity Group Key(user_id) references User; 
24/04/20 21:43:33 DEBUG druid.DruidDDLParser: CreateTablePlan CreateTablePlan [table=CREATE TABLE Photo { 
  REQUIRED INT64 user_id COLUMNFAMILY cf;
  REQUIRED INT32 photo_id COLUMNFAMILY d;
  OPTIONAL INT64 time COLUMNFAMILY d;
  OPTIONAL STRING full_url COLUMNFAMILY d;
  OPTIONAL STRING thumbnail_url COLUMNFAMILY d;
  OPTIONAL STRING tag COLUMNFAMILY d;
  OPTIONAL DATETIME date COLUMNFAMILY d;
  OPTIONAL INT32 int32Type COLUMNFAMILY d;
} 
PRIMARY KEY(user_id, photo_id, ),
 IN TABLE User,
 ENTITY GROUP KEY(user_id) REFERENCES User;
, splitKeys=null]
24/04/20 21:43:33 DEBUG druid.DruidParser: Parsing SQL Insert into User(user_id,name) values(1,'binlijin');
24/04/20 21:43:33 DEBUG druid.DruidDMLParser: INSERT SQL TableSource User
24/04/20 21:43:33 DEBUG druid.DruidDMLParser: From table User
24/04/20 21:43:33 DEBUG druid.DruidDMLParser:  SQLInsertItem user_id
24/04/20 21:43:33 DEBUG druid.DruidDMLParser:  SQLInsertItem name
24/04/20 21:43:33 DEBUG druid.DruidDMLParser: INSERT SQL Insert columns [user_id, name]
24/04/20 21:43:33 DEBUG druid.DruidDMLParser: INSERT SQL Insert Values List [ VALUES (1, 'binlijin')]
24/04/20 21:43:33 DEBUG druid.DruidDMLParser: InsertPlan InsertPlan [actions=[InsertAction [tableName=User, primayKey=[0, 0, 0, 0, 0, 0, 0, 1], columns=[ColumnAction [tableName=User, familyName=d, columnName=user_id, value=[0, 0, 0, 0, 0, 0, 0, 1], isIndex=false], ColumnAction [tableName=User, familyName=d, columnName=name, value=[98, 105, 110, 108, 105, 106, 105, 110], isIndex=false]]]]]
24/04/20 21:43:33 DEBUG druid.DruidParser: Parsing SQL Insert into Photo(user_id,photo_id,tag) values(1,1,'tag');
24/04/20 21:43:33 DEBUG druid.DruidDMLParser: INSERT SQL TableSource Photo
24/04/20 21:43:33 DEBUG druid.DruidDMLParser: From table Photo
24/04/20 21:43:33 DEBUG druid.DruidDMLParser:  SQLInsertItem user_id
24/04/20 21:43:33 DEBUG druid.DruidDMLParser:  SQLInsertItem photo_id
24/04/20 21:43:33 DEBUG druid.DruidDMLParser:  SQLInsertItem tag
24/04/20 21:43:33 DEBUG druid.DruidDMLParser: INSERT SQL Insert columns [user_id, photo_id, tag]
24/04/20 21:43:33 DEBUG druid.DruidDMLParser: INSERT SQL Insert Values List [ VALUES (1, 1, 'tag')]
24/04/20 21:43:33 DEBUG druid.DruidDMLParser: InsertPlan InsertPlan [actions=[InsertAction [tableName=Photo, primayKey=[0, 0, 0, 0, 0, 0, 0, 1, 0, 0, 0, 0, 1], columns=[ColumnAction [tableName=Photo, familyName=cf, columnName=user_id, value=[0, 0, 0, 0, 0, 0, 0, 1], isIndex=false], ColumnAction [tableName=Photo, familyName=d, columnName=photo_id, value=[0, 0, 0, 1], isIndex=false], ColumnAction [tableName=Photo, familyName=d, columnName=tag, value=[116, 97, 103], isIndex=false]]]]]
24/04/20 21:43:33 INFO server.ZooKeeperServer: Created server with tickTime 2000 minSessionTimeout 4000 maxSessionTimeout 40000 datadir /home/idflakies/alibaba/wasp/target/test-data/f2e920b0-4165-4e24-9b9b-5cddd29793c7/dfscluster_cc0c740a-a9f8-4b25-8fd3-458770a80481/zookeeper_0/version-2 snapdir /home/idflakies/alibaba/wasp/target/test-data/f2e920b0-4165-4e24-9b9b-5cddd29793c7/dfscluster_cc0c740a-a9f8-4b25-8fd3-458770a80481/zookeeper_0/version-2
24/04/20 21:43:33 INFO server.NIOServerCnxnFactory: binding to port 0.0.0.0/0.0.0.0:59028
24/04/20 21:43:33 INFO persistence.FileTxnSnapLog: Snapshotting: 0x0 to /home/idflakies/alibaba/wasp/target/test-data/f2e920b0-4165-4e24-9b9b-5cddd29793c7/dfscluster_cc0c740a-a9f8-4b25-8fd3-458770a80481/zookeeper_0/version-2/snapshot.0
24/04/20 21:43:33 INFO server.NIOServerCnxnFactory: Accepted socket connection from /127.0.0.1:54842
24/04/20 21:43:33 INFO server.NIOServerCnxn: Processing stat command from /127.0.0.1:54842
24/04/20 21:43:33 INFO server.NIOServerCnxn: Stat command output
24/04/20 21:43:33 INFO server.NIOServerCnxn: Closed socket connection for client /127.0.0.1:54842 (no session established for client)
24/04/20 21:43:33 DEBUG zookeeper.ZKUtil: MockServer,123,-1 opening connection to ZooKeeper with ensemble (localhost:59028)
24/04/20 21:43:33 INFO zookeeper.ZooKeeper: Initiating client connection, connectString=localhost:59028 sessionTimeout=180000 watcher=MockServer,123,-1
24/04/20 21:43:33 INFO zookeeper.RecoverableZooKeeper: The identifier of this process is 41508@22e8d89dc231
24/04/20 21:43:33 INFO server.NIOServerCnxnFactory: Accepted socket connection from /127.0.0.1:54856
24/04/20 21:43:33 DEBUG server.ZooKeeperServer: Session establishment request from client /127.0.0.1:54856 client's lastZxid is 0x0
24/04/20 21:43:33 INFO server.ZooKeeperServer: Client attempting to establish new session at /127.0.0.1:54856
24/04/20 21:43:33 INFO persistence.FileTxnLog: Creating new log file: log.1
24/04/20 21:43:33 INFO server.ZooKeeperServer: Established session 0xff8efd76ed1a0000 with negotiated timeout 40000 for client /127.0.0.1:54856
24/04/20 21:43:33 DEBUG zookeeper.ZooKeeperWatcher: MockServer,123,-1 Received ZooKeeper Event, type=None, state=SyncConnected, path=null
24/04/20 21:43:33 DEBUG zookeeper.ZooKeeperWatcher: MockServer,123,-1-0xff8efd76ed1a0000 connected
24/04/20 21:43:33 DEBUG zookeeper.ZKAssign: MockServer,123,-1-0xff8efd76ed1a0000 Creating unassigned node for 38da5f15c9131309231fef55b0e34c2a in OFFLINE state
24/04/20 21:43:33 DEBUG zookeeper.ZKAssign: MockServer,123,-1-0xff8efd76ed1a0000 Attempting to transition node 38da5f15c9131309231fef55b0e34c2a from M_ZK_ENTITYGROUP_OFFLINE to FSERVER_ZK_ENTITYGROUP_OPENING
24/04/20 21:43:33 DEBUG zookeeper.ZKUtil: MockServer,123,-1-0xff8efd76ed1a0000 Retrieved 118 byte(s) of data from znode /wasp/unassigned/38da5f15c9131309231fef55b0e34c2a; data=entityGroup=TestCloseEntityGroupHandler,\x00\x00\x00\x00,1713649413408.38da5f15c9131309231fef55b0e34c2a., state=M_ZK_ENTITYGROUP_OFFLINE, servername=MockServer,123,-1, createTime=1713649413432, payload.length=0
24/04/20 21:43:33 DEBUG zookeeper.ZooKeeperWatcher: MockServer,123,-1-0xff8efd76ed1a0000 Received ZooKeeper Event, type=NodeDataChanged, state=SyncConnected, path=/wasp/unassigned/38da5f15c9131309231fef55b0e34c2a
24/04/20 21:43:33 DEBUG zookeeper.ZKAssign: MockServer,123,-1-0xff8efd76ed1a0000 Successfully transitioned node 38da5f15c9131309231fef55b0e34c2a from M_ZK_ENTITYGROUP_OFFLINE to FSERVER_ZK_ENTITYGROUP_OPENING
24/04/20 21:43:33 INFO fserver.EntityGroup: EntityGroup.openEntityGroup EntityGroup name ==TestCloseEntityGroupHandler,\x00\x00\x00\x00,1713649413408.38da5f15c9131309231fef55b0e34c2a.
24/04/20 21:43:33 DEBUG fserver.EntityGroup: Opening EntityGroup: {NAME => 'TestCloseEntityGroupHandler,\x00\x00\x00\x00,1713649413408.38da5f15c9131309231fef55b0e34c2a.', STARTKEY => '\x00\x00\x00\x00', ENDKEY => '\x00\x00\x00\x01', ENCODED => 38da5f15c9131309231fef55b0e34c2a,}
24/04/20 21:43:33 DEBUG fserver.MetricsEntityGroupSourceImpl: Creating new MetricsEntityGroupSourceImpl for table TestCloseEntityGroupHandler 38da5f15c9131309231fef55b0e34c2a
24/04/20 21:43:33 DEBUG fserver.EntityGroup: Instantiated TestCloseEntityGroupHandler,\x00\x00\x00\x00,1713649413408.38da5f15c9131309231fef55b0e34c2a.
24/04/20 21:43:33 DEBUG zookeeper.ZKAssign: MockServer,123,-1-0xff8efd76ed1a0000 Attempting to transition node 38da5f15c9131309231fef55b0e34c2a from FSERVER_ZK_ENTITYGROUP_OPENING to FSERVER_ZK_ENTITYGROUP_OPENING
24/04/20 21:43:33 ERROR server.NIOServerCnxnFactory: Thread Thread[Thread-253,5,main] died
java.lang.NullPointerException
	at com.alibaba.wasp.fserver.EntityGroup.run(EntityGroup.java:1264)
	at java.lang.Thread.run(Thread.java:748)
24/04/20 21:43:33 DEBUG zookeeper.ZKUtil: MockServer,123,-1-0xff8efd76ed1a0000 Retrieved 118 byte(s) of data from znode /wasp/unassigned/38da5f15c9131309231fef55b0e34c2a; data=entityGroup=TestCloseEntityGroupHandler,\x00\x00\x00\x00,1713649413408.38da5f15c9131309231fef55b0e34c2a., state=FSERVER_ZK_ENTITYGROUP_OPENING, servername=MockServer,123,-1, createTime=1713649413436, payload.length=0
24/04/20 21:43:33 DEBUG zookeeper.ZKAssign: MockServer,123,-1-0xff8efd76ed1a0000 Successfully transitioned node 38da5f15c9131309231fef55b0e34c2a from FSERVER_ZK_ENTITYGROUP_OPENING to FSERVER_ZK_ENTITYGROUP_OPENING
24/04/20 21:43:33 DEBUG zookeeper.ZKAssign: MockServer,123,-1-0xff8efd76ed1a0000 Attempting to transition node 38da5f15c9131309231fef55b0e34c2a from FSERVER_ZK_ENTITYGROUP_OPENING to FSERVER_ZK_ENTITYGROUP_OPENED
24/04/20 21:43:33 DEBUG zookeeper.ZKUtil: MockServer,123,-1-0xff8efd76ed1a0000 Retrieved 118 byte(s) of data from znode /wasp/unassigned/38da5f15c9131309231fef55b0e34c2a; data=entityGroup=TestCloseEntityGroupHandler,\x00\x00\x00\x00,1713649413408.38da5f15c9131309231fef55b0e34c2a., state=FSERVER_ZK_ENTITYGROUP_OPENING, servername=MockServer,123,-1, createTime=1713649413445, payload.length=0
24/04/20 21:43:33 DEBUG zookeeper.ZKAssign: MockServer,123,-1-0xff8efd76ed1a0000 Successfully transitioned node 38da5f15c9131309231fef55b0e34c2a from FSERVER_ZK_ENTITYGROUP_OPENING to FSERVER_ZK_ENTITYGROUP_OPENED
24/04/20 21:43:33 DEBUG handler.OpenEntityGroupHandler: entityGroup transitioned to opened in zookeeper: {NAME => 'TestCloseEntityGroupHandler,\x00\x00\x00\x00,1713649413408.38da5f15c9131309231fef55b0e34c2a.', STARTKEY => '\x00\x00\x00\x00', ENDKEY => '\x00\x00\x00\x01', ENCODED => 38da5f15c9131309231fef55b0e34c2a,}, server: MockServer,123,-1
24/04/20 21:43:33 DEBUG handler.OpenEntityGroupHandler: Opened TestCloseEntityGroupHandler,\x00\x00\x00\x00,1713649413408.38da5f15c9131309231fef55b0e34c2a. on server:MockServer,123,-1
24/04/20 21:43:33 DEBUG zookeeper.ZKUtil: MockServer,123,-1-0xff8efd76ed1a0000 Retrieved 118 byte(s) of data from znode /wasp/unassigned/38da5f15c9131309231fef55b0e34c2a and set watcher; entityGroup=TestCloseEntityGroupHandler,\x00\x00\x00\x00,1713649413408.38da5f15c9131309231fef55b0e34c2a., state=FSERVER_ZK_ENTITYGROUP_OPENED, servername=MockServer,123,-1, createTime=1713649413450, payload.length=0
24/04/20 21:43:33 DEBUG zookeeper.ZKAssign: MockServer,123,-1-0xff8efd76ed1a0000 Deleting existing unassigned node for 38da5f15c9131309231fef55b0e34c2a that is in expected state FSERVER_ZK_ENTITYGROUP_OPENED
24/04/20 21:43:33 DEBUG zookeeper.ZKUtil: MockServer,123,-1-0xff8efd76ed1a0000 Retrieved 118 byte(s) of data from znode /wasp/unassigned/38da5f15c9131309231fef55b0e34c2a; data=entityGroup=TestCloseEntityGroupHandler,\x00\x00\x00\x00,1713649413408.38da5f15c9131309231fef55b0e34c2a., state=FSERVER_ZK_ENTITYGROUP_OPENED, servername=MockServer,123,-1, createTime=1713649413450, payload.length=0
24/04/20 21:43:33 DEBUG zookeeper.ZooKeeperWatcher: MockServer,123,-1-0xff8efd76ed1a0000 Received ZooKeeper Event, type=NodeDeleted, state=SyncConnected, path=/wasp/unassigned/38da5f15c9131309231fef55b0e34c2a
24/04/20 21:43:33 DEBUG zookeeper.ZKAssign: MockServer,123,-1-0xff8efd76ed1a0000 Successfully deleted unassigned node for entityGroup 38da5f15c9131309231fef55b0e34c2a in expected state FSERVER_ZK_ENTITYGROUP_OPENED
24/04/20 21:43:33 DEBUG zookeeper.ZKAssign: MockServer,123,-1-0xff8efd76ed1a0000 Creating unassigned node for 38da5f15c9131309231fef55b0e34c2a in a CLOSING state
24/04/20 21:43:33 DEBUG handler.CloseEntityGroupHandler: Processing close of TestCloseEntityGroupHandler,\x00\x00\x00\x00,1713649413408.38da5f15c9131309231fef55b0e34c2a.
24/04/20 21:43:33 DEBUG fserver.EntityGroup: Closing TestCloseEntityGroupHandler,\x00\x00\x00\x00,1713649413408.38da5f15c9131309231fef55b0e34c2a.
24/04/20 21:43:33 DEBUG fserver.EntityGroup: Updates disabled for entityGroup TestCloseEntityGroupHandler,\x00\x00\x00\x00,1713649413408.38da5f15c9131309231fef55b0e34c2a.
24/04/20 21:43:33 INFO fserver.EntityGroup: Running commit transaction of TestCloseEntityGroupHandler,\x00\x00\x00\x00,1713649413408.38da5f15c9131309231fef55b0e34c2a. before close
24/04/20 21:43:33 INFO fserver.EntityGroup: Closed TestCloseEntityGroupHandler,\x00\x00\x00\x00,1713649413408.38da5f15c9131309231fef55b0e34c2a.
24/04/20 21:43:33 DEBUG zookeeper.ZKAssign: MockServer,123,-1-0xff8efd76ed1a0000 Attempting to transition node 38da5f15c9131309231fef55b0e34c2a from M_ZK_ENTITYGROUP_CLOSING to FSERVER_ZK_ENTITYGROUP_CLOSED
24/04/20 21:43:33 DEBUG zookeeper.ZKUtil: MockServer,123,-1-0xff8efd76ed1a0000 Retrieved 120 byte(s) of data from znode /wasp/unassigned/38da5f15c9131309231fef55b0e34c2a; data=entityGroup=TestCloseEntityGroupHandler,\x00\x00\x00\x00,1713649413408.38da5f15c9131309231fef55b0e34c2a., state=M_ZK_ENTITYGROUP_CLOSING, servername=MockServer,123,-1, createTime=1713649413456, payload.length=0
24/04/20 21:43:33 WARN zookeeper.ZKAssign: MockServer,123,-1-0xff8efd76ed1a0000 Attempt to transition the unassigned node for 38da5f15c9131309231fef55b0e34c2a from M_ZK_ENTITYGROUP_CLOSING to FSERVER_ZK_ENTITYGROUP_CLOSED failed, the node existed but was version 0 not the expected version 1
24/04/20 21:43:33 WARN handler.CloseEntityGroupHandler: Completed the CLOSE of a entityGroup but when transitioning from  CLOSING to CLOSED got a version mismatch, someone else clashed so now unassigning
24/04/20 21:43:33 WARN fserver.EntityGroup: EntityGroup TestCloseEntityGroupHandler,\x00\x00\x00\x00,1713649413408.38da5f15c9131309231fef55b0e34c2a. already closed
24/04/20 21:43:33 DEBUG handler.CloseEntityGroupHandler: set entityGroup closed state in zk unsuccessfully for entityGroup TestCloseEntityGroupHandler,\x00\x00\x00\x00,1713649413408.38da5f15c9131309231fef55b0e34c2a. sn name: MockServer,123,-1
24/04/20 21:43:33 DEBUG handler.CloseEntityGroupHandler: Closed entityGroup TestCloseEntityGroupHandler,\x00\x00\x00\x00,1713649413408.38da5f15c9131309231fef55b0e34c2a.
24/04/20 21:43:33 DEBUG zookeeper.ZKUtil: MockServer,123,-1-0xff8efd76ed1a0000 Retrieved 120 byte(s) of data from znode /wasp/unassigned/38da5f15c9131309231fef55b0e34c2a and set watcher; entityGroup=TestCloseEntityGroupHandler,\x00\x00\x00\x00,1713649413408.38da5f15c9131309231fef55b0e34c2a., state=M_ZK_ENTITYGROUP_CLOSING, servername=MockServer,123,-1, createTime=1713649413456, payload.length=0
24/04/20 21:43:33 DEBUG zookeeper.ZKUtil: MockServer,123,-1 opening connection to ZooKeeper with ensemble (localhost:59028)
24/04/20 21:43:33 INFO zookeeper.ZooKeeper: Initiating client connection, connectString=localhost:59028 sessionTimeout=180000 watcher=MockServer,123,-1
24/04/20 21:43:33 INFO zookeeper.RecoverableZooKeeper: The identifier of this process is 41508@22e8d89dc231
24/04/20 21:43:33 INFO server.NIOServerCnxnFactory: Accepted socket connection from /127.0.0.1:50116
24/04/20 21:43:33 DEBUG server.ZooKeeperServer: Session establishment request from client /127.0.0.1:50116 client's lastZxid is 0x0
24/04/20 21:43:33 INFO server.ZooKeeperServer: Client attempting to establish new session at /127.0.0.1:50116
24/04/20 21:43:33 INFO server.ZooKeeperServer: Established session 0xff8efd76ed1a0001 with negotiated timeout 40000 for client /127.0.0.1:50116
24/04/20 21:43:33 DEBUG zookeeper.ZooKeeperWatcher: MockServer,123,-1 Received ZooKeeper Event, type=None, state=SyncConnected, path=null
24/04/20 21:43:33 DEBUG zookeeper.ZooKeeperWatcher: MockServer,123,-1-0xff8efd76ed1a0001 connected
24/04/20 21:43:33 DEBUG zookeeper.ZKAssign: MockServer,123,-1-0xff8efd76ed1a0001 Creating unassigned node for 502ff5e2abaec82ff20680429e0f8e84 in OFFLINE state
24/04/20 21:43:33 DEBUG zookeeper.ZKAssign: MockServer,123,-1-0xff8efd76ed1a0001 Attempting to transition node 502ff5e2abaec82ff20680429e0f8e84 from M_ZK_ENTITYGROUP_OFFLINE to FSERVER_ZK_ENTITYGROUP_OPENING
24/04/20 21:43:33 DEBUG zookeeper.ZKUtil: MockServer,123,-1-0xff8efd76ed1a0001 Retrieved 118 byte(s) of data from znode /wasp/unassigned/502ff5e2abaec82ff20680429e0f8e84; data=entityGroup=TestCloseEntityGroupHandler,\x00\x00\x00\x00,1713649413461.502ff5e2abaec82ff20680429e0f8e84., state=M_ZK_ENTITYGROUP_OFFLINE, servername=MockServer,123,-1, createTime=1713649413468, payload.length=0
24/04/20 21:43:33 DEBUG zookeeper.ZooKeeperWatcher: MockServer,123,-1-0xff8efd76ed1a0001 Received ZooKeeper Event, type=NodeDataChanged, state=SyncConnected, path=/wasp/unassigned/502ff5e2abaec82ff20680429e0f8e84
24/04/20 21:43:33 DEBUG zookeeper.ZKAssign: MockServer,123,-1-0xff8efd76ed1a0001 Successfully transitioned node 502ff5e2abaec82ff20680429e0f8e84 from M_ZK_ENTITYGROUP_OFFLINE to FSERVER_ZK_ENTITYGROUP_OPENING
24/04/20 21:43:33 INFO fserver.EntityGroup: EntityGroup.openEntityGroup EntityGroup name ==TestCloseEntityGroupHandler,\x00\x00\x00\x00,1713649413461.502ff5e2abaec82ff20680429e0f8e84.
24/04/20 21:43:33 DEBUG fserver.EntityGroup: Opening EntityGroup: {NAME => 'TestCloseEntityGroupHandler,\x00\x00\x00\x00,1713649413461.502ff5e2abaec82ff20680429e0f8e84.', STARTKEY => '\x00\x00\x00\x00', ENDKEY => '\x00\x00\x00\x01', ENCODED => 502ff5e2abaec82ff20680429e0f8e84,}
24/04/20 21:43:33 DEBUG fserver.MetricsEntityGroupSourceImpl: Creating new MetricsEntityGroupSourceImpl for table TestCloseEntityGroupHandler 502ff5e2abaec82ff20680429e0f8e84
24/04/20 21:43:33 DEBUG fserver.EntityGroup: Instantiated TestCloseEntityGroupHandler,\x00\x00\x00\x00,1713649413461.502ff5e2abaec82ff20680429e0f8e84.
24/04/20 21:43:33 DEBUG zookeeper.ZKAssign: MockServer,123,-1-0xff8efd76ed1a0001 Attempting to transition node 502ff5e2abaec82ff20680429e0f8e84 from FSERVER_ZK_ENTITYGROUP_OPENING to FSERVER_ZK_ENTITYGROUP_OPENING
24/04/20 21:43:33 ERROR server.NIOServerCnxnFactory: Thread Thread[Thread-256,5,main] died
java.lang.NullPointerException
	at com.alibaba.wasp.fserver.EntityGroup.run(EntityGroup.java:1264)
	at java.lang.Thread.run(Thread.java:748)
24/04/20 21:43:33 DEBUG zookeeper.ZKUtil: MockServer,123,-1-0xff8efd76ed1a0001 Retrieved 118 byte(s) of data from znode /wasp/unassigned/502ff5e2abaec82ff20680429e0f8e84; data=entityGroup=TestCloseEntityGroupHandler,\x00\x00\x00\x00,1713649413461.502ff5e2abaec82ff20680429e0f8e84., state=FSERVER_ZK_ENTITYGROUP_OPENING, servername=MockServer,123,-1, createTime=1713649413471, payload.length=0
24/04/20 21:43:33 DEBUG zookeeper.ZKAssign: MockServer,123,-1-0xff8efd76ed1a0001 Successfully transitioned node 502ff5e2abaec82ff20680429e0f8e84 from FSERVER_ZK_ENTITYGROUP_OPENING to FSERVER_ZK_ENTITYGROUP_OPENING
24/04/20 21:43:33 DEBUG zookeeper.ZKAssign: MockServer,123,-1-0xff8efd76ed1a0001 Attempting to transition node 502ff5e2abaec82ff20680429e0f8e84 from FSERVER_ZK_ENTITYGROUP_OPENING to FSERVER_ZK_ENTITYGROUP_OPENED
24/04/20 21:43:33 DEBUG zookeeper.ZKUtil: MockServer,123,-1-0xff8efd76ed1a0001 Retrieved 118 byte(s) of data from znode /wasp/unassigned/502ff5e2abaec82ff20680429e0f8e84; data=entityGroup=TestCloseEntityGroupHandler,\x00\x00\x00\x00,1713649413461.502ff5e2abaec82ff20680429e0f8e84., state=FSERVER_ZK_ENTITYGROUP_OPENING, servername=MockServer,123,-1, createTime=1713649413475, payload.length=0
24/04/20 21:43:33 DEBUG zookeeper.ZKAssign: MockServer,123,-1-0xff8efd76ed1a0001 Successfully transitioned node 502ff5e2abaec82ff20680429e0f8e84 from FSERVER_ZK_ENTITYGROUP_OPENING to FSERVER_ZK_ENTITYGROUP_OPENED
24/04/20 21:43:33 DEBUG handler.OpenEntityGroupHandler: entityGroup transitioned to opened in zookeeper: {NAME => 'TestCloseEntityGroupHandler,\x00\x00\x00\x00,1713649413461.502ff5e2abaec82ff20680429e0f8e84.', STARTKEY => '\x00\x00\x00\x00', ENDKEY => '\x00\x00\x00\x01', ENCODED => 502ff5e2abaec82ff20680429e0f8e84,}, server: MockServer,123,-1
24/04/20 21:43:33 DEBUG handler.OpenEntityGroupHandler: Opened TestCloseEntityGroupHandler,\x00\x00\x00\x00,1713649413461.502ff5e2abaec82ff20680429e0f8e84. on server:MockServer,123,-1
24/04/20 21:43:33 DEBUG zookeeper.ZKUtil: MockServer,123,-1-0xff8efd76ed1a0001 Retrieved 118 byte(s) of data from znode /wasp/unassigned/502ff5e2abaec82ff20680429e0f8e84 and set watcher; entityGroup=TestCloseEntityGroupHandler,\x00\x00\x00\x00,1713649413461.502ff5e2abaec82ff20680429e0f8e84., state=FSERVER_ZK_ENTITYGROUP_OPENED, servername=MockServer,123,-1, createTime=1713649413480, payload.length=0
24/04/20 21:43:33 DEBUG zookeeper.ZKAssign: MockServer,123,-1-0xff8efd76ed1a0001 Deleting existing unassigned node for 502ff5e2abaec82ff20680429e0f8e84 that is in expected state FSERVER_ZK_ENTITYGROUP_OPENED
24/04/20 21:43:33 DEBUG zookeeper.ZKUtil: MockServer,123,-1-0xff8efd76ed1a0001 Retrieved 118 byte(s) of data from znode /wasp/unassigned/502ff5e2abaec82ff20680429e0f8e84; data=entityGroup=TestCloseEntityGroupHandler,\x00\x00\x00\x00,1713649413461.502ff5e2abaec82ff20680429e0f8e84., state=FSERVER_ZK_ENTITYGROUP_OPENED, servername=MockServer,123,-1, createTime=1713649413480, payload.length=0
24/04/20 21:43:33 DEBUG zookeeper.ZooKeeperWatcher: MockServer,123,-1-0xff8efd76ed1a0001 Received ZooKeeper Event, type=NodeDeleted, state=SyncConnected, path=/wasp/unassigned/502ff5e2abaec82ff20680429e0f8e84
24/04/20 21:43:33 DEBUG zookeeper.ZKAssign: MockServer,123,-1-0xff8efd76ed1a0001 Successfully deleted unassigned node for entityGroup 502ff5e2abaec82ff20680429e0f8e84 in expected state FSERVER_ZK_ENTITYGROUP_OPENED
24/04/20 21:43:33 DEBUG zookeeper.ZKAssign: MockServer,123,-1-0xff8efd76ed1a0001 Creating unassigned node for 502ff5e2abaec82ff20680429e0f8e84 in a CLOSING state
24/04/20 21:43:33 DEBUG handler.CloseEntityGroupHandler: Processing close of TestCloseEntityGroupHandler,\x00\x00\x00\x00,1713649413461.502ff5e2abaec82ff20680429e0f8e84.
24/04/20 21:43:33 DEBUG fserver.EntityGroup: Closing TestCloseEntityGroupHandler,\x00\x00\x00\x00,1713649413461.502ff5e2abaec82ff20680429e0f8e84.
24/04/20 21:43:33 DEBUG fserver.EntityGroup: Updates disabled for entityGroup TestCloseEntityGroupHandler,\x00\x00\x00\x00,1713649413461.502ff5e2abaec82ff20680429e0f8e84.
24/04/20 21:43:33 INFO fserver.EntityGroup: Running commit transaction of TestCloseEntityGroupHandler,\x00\x00\x00\x00,1713649413461.502ff5e2abaec82ff20680429e0f8e84. before close
24/04/20 21:43:33 INFO fserver.EntityGroup: Closed TestCloseEntityGroupHandler,\x00\x00\x00\x00,1713649413461.502ff5e2abaec82ff20680429e0f8e84.
24/04/20 21:43:33 DEBUG zookeeper.ZKAssign: MockServer,123,-1-0xff8efd76ed1a0001 Attempting to transition node 502ff5e2abaec82ff20680429e0f8e84 from M_ZK_ENTITYGROUP_CLOSING to FSERVER_ZK_ENTITYGROUP_CLOSED
24/04/20 21:43:33 DEBUG zookeeper.ZKUtil: MockServer,123,-1-0xff8efd76ed1a0001 Retrieved 120 byte(s) of data from znode /wasp/unassigned/502ff5e2abaec82ff20680429e0f8e84; data=entityGroup=TestCloseEntityGroupHandler,\x00\x00\x00\x00,1713649413461.502ff5e2abaec82ff20680429e0f8e84., state=M_ZK_ENTITYGROUP_CLOSING, servername=MockServer,123,-1, createTime=1713649413485, payload.length=0
24/04/20 21:43:33 DEBUG zookeeper.ZooKeeperWatcher: MockServer,123,-1-0xff8efd76ed1a0001 Received ZooKeeper Event, type=NodeDataChanged, state=SyncConnected, path=/wasp/unassigned/502ff5e2abaec82ff20680429e0f8e84
24/04/20 21:43:33 DEBUG zookeeper.ZKAssign: MockServer,123,-1-0xff8efd76ed1a0001 Successfully transitioned node 502ff5e2abaec82ff20680429e0f8e84 from M_ZK_ENTITYGROUP_CLOSING to FSERVER_ZK_ENTITYGROUP_CLOSED
24/04/20 21:43:33 DEBUG handler.CloseEntityGroupHandler: set entityGroup closed state in zk successfully for entityGroup TestCloseEntityGroupHandler,\x00\x00\x00\x00,1713649413461.502ff5e2abaec82ff20680429e0f8e84. sn name: MockServer,123,-1
24/04/20 21:43:33 DEBUG handler.CloseEntityGroupHandler: Closed entityGroup TestCloseEntityGroupHandler,\x00\x00\x00\x00,1713649413461.502ff5e2abaec82ff20680429e0f8e84.
24/04/20 21:43:33 DEBUG zookeeper.ZKUtil: MockServer,123,-1-0xff8efd76ed1a0001 Retrieved 118 byte(s) of data from znode /wasp/unassigned/502ff5e2abaec82ff20680429e0f8e84 and set watcher; entityGroup=TestCloseEntityGroupHandler,\x00\x00\x00\x00,1713649413461.502ff5e2abaec82ff20680429e0f8e84., state=FSERVER_ZK_ENTITYGROUP_CLOSED, servername=MockServer,123,-1, createTime=1713649413488, payload.length=0
24/04/20 21:43:33 INFO fserver.EntityGroup: creating EntityGroup TestCloseEntityGroupHandler Table == CREATE TABLE TestCloseEntityGroupHandler { 
  REQUIRED INT32 column1 COLUMNFAMILY d;
  REQUIRED INT64 column2 COLUMNFAMILY d;
  REQUIRED STRING column3 COLUMNFAMILY d;
  OPTIONAL FLOAT column4 COLUMNFAMILY d;
  OPTIONAL DOUBLE column5 COLUMNFAMILY d;
  OPTIONAL DATETIME column6 COLUMNFAMILY d;
  REPEATED PROTOBUF column7 COLUMNFAMILY d;
  OPTIONAL STRING column8 COLUMNFAMILY d;
} 
PRIMARY KEY(column1),
ENTITY GROUP ROOT,
ENTITY GROUP KEY(column1);
 Table name == TestCloseEntityGroupHandler
24/04/20 21:43:33 DEBUG fserver.MetricsEntityGroupSourceImpl: Creating new MetricsEntityGroupSourceImpl for table TestCloseEntityGroupHandler 42929ceeff8920a7acad6bda3b9bc4e3
24/04/20 21:43:33 DEBUG fserver.EntityGroup: Instantiated TestCloseEntityGroupHandler,,1713649413491.42929ceeff8920a7acad6bda3b9bc4e3.
24/04/20 21:43:33 ERROR server.NIOServerCnxnFactory: Thread Thread[Thread-259,5,main] died
java.lang.NullPointerException
	at com.alibaba.wasp.fserver.EntityGroup.run(EntityGroup.java:1264)
	at java.lang.Thread.run(Thread.java:748)
24/04/20 21:43:33 DEBUG fserver.EntityGroup: Closing TestCloseEntityGroupHandler,,1713649413491.42929ceeff8920a7acad6bda3b9bc4e3.
24/04/20 21:43:33 DEBUG fserver.EntityGroup: Updates disabled for entityGroup TestCloseEntityGroupHandler,,1713649413491.42929ceeff8920a7acad6bda3b9bc4e3.
24/04/20 21:43:33 INFO fserver.EntityGroup: Running commit transaction of TestCloseEntityGroupHandler,,1713649413491.42929ceeff8920a7acad6bda3b9bc4e3. before close
24/04/20 21:43:33 INFO fserver.EntityGroup: Closed TestCloseEntityGroupHandler,,1713649413491.42929ceeff8920a7acad6bda3b9bc4e3.
24/04/20 21:43:33 DEBUG handler.CloseEntityGroupHandler: Processing close of TestCloseEntityGroupHandler,,1713649413491.42929ceeff8920a7acad6bda3b9bc4e3.
24/04/20 21:43:33 FATAL util.MockServer: Abort why=Unrecoverable exception while closing entityGroup TestCloseEntityGroupHandler,,1713649413491.42929ceeff8920a7acad6bda3b9bc4e3., still finishing close
java.lang.RuntimeException: Mocked failed close!
	at com.alibaba.wasp.fserver.handler.CloseEntityGroupHandler.process(CloseEntityGroupHandler.java:103)
	at com.alibaba.wasp.fserver.handler.TestCloseEntityGroupHandler.testFailedCommitAborts(TestCloseEntityGroupHandler.java:122)
	at sun.reflect.NativeMethodAccessorImpl.invoke0(Native Method)
	at sun.reflect.NativeMethodAccessorImpl.invoke(NativeMethodAccessorImpl.java:62)
	at sun.reflect.DelegatingMethodAccessorImpl.invoke(DelegatingMethodAccessorImpl.java:43)
	at java.lang.reflect.Method.invoke(Method.java:498)
	at org.junit.runners.model.FrameworkMethod$1.runReflectiveCall(FrameworkMethod.java:45)
	at org.junit.internal.runners.model.ReflectiveCallable.run(ReflectiveCallable.java:15)
	at org.junit.runners.model.FrameworkMethod.invokeExplosively(FrameworkMethod.java:42)
	at org.junit.internal.runners.statements.InvokeMethod.evaluate(InvokeMethod.java:20)
	at org.junit.internal.runners.statements.RunBefores.evaluate(RunBefores.java:28)
	at org.junit.runners.ParentRunner.runLeaf(ParentRunner.java:263)
	at org.junit.runners.BlockJUnit4ClassRunner.runChild(BlockJUnit4ClassRunner.java:68)
	at org.junit.runners.BlockJUnit4ClassRunner.runChild(BlockJUnit4ClassRunner.java:47)
	at org.junit.runners.ParentRunner$3.run(ParentRunner.java:231)
	at org.junit.runners.ParentRunner$1.schedule(ParentRunner.java:60)
	at org.junit.runners.ParentRunner.runChildren(ParentRunner.java:229)
	at org.junit.runners.ParentRunner.access$000(ParentRunner.java:50)
	at org.junit.runners.ParentRunner$2.evaluate(ParentRunner.java:222)
	at org.junit.internal.runners.statements.RunBefores.evaluate(RunBefores.java:28)
	at org.junit.internal.runners.statements.RunAfters.evaluate(RunAfters.java:30)
	at org.junit.runners.ParentRunner.run(ParentRunner.java:300)
	at org.junit.runners.Suite.runChild(Suite.java:128)
	at org.junit.runners.Suite.runChild(Suite.java:24)
	at org.junit.runners.ParentRunner$3.run(ParentRunner.java:231)
	at org.junit.runners.ParentRunner$1.schedule(ParentRunner.java:60)
	at org.junit.runners.ParentRunner.runChildren(ParentRunner.java:229)
	at org.junit.runners.ParentRunner.access$000(ParentRunner.java:50)
	at org.junit.runners.ParentRunner$2.evaluate(ParentRunner.java:222)
	at org.junit.runners.ParentRunner.run(ParentRunner.java:300)
	at org.junit.runner.JUnitCore.run(JUnitCore.java:157)
	at org.junit.runner.JUnitCore.run(JUnitCore.java:136)
	at edu.illinois.cs.testrunner.execution.JUnitTestExecutor.execute(JUnitTestExecutor.java:246)
	at edu.illinois.cs.testrunner.execution.JUnitTestExecutor.executeWithJUnit4Runner(JUnitTestExecutor.java:315)
	at edu.illinois.cs.testrunner.execution.JUnitTestExecutor.runOrder(JUnitTestExecutor.java:46)
	at edu.illinois.cs.testrunner.execution.Executor$.$anonfun$run$1(Executor.scala:30)
	at scala.runtime.java8.JFunction0$mcV$sp.apply(JFunction0$mcV$sp.java:12)
	at scala.util.Try$.apply(Try.scala:209)
	at edu.illinois.cs.testrunner.execution.Executor$.run(Executor.scala:28)
	at edu.illinois.cs.testrunner.execution.Executor$.main(Executor.scala:18)
	at edu.illinois.cs.testrunner.execution.Executor.main(Executor.scala)
24/04/20 21:43:33 DEBUG util.MockServer: Stop why=Unrecoverable exception while closing entityGroup TestCloseEntityGroupHandler,,1713649413491.42929ceeff8920a7acad6bda3b9bc4e3., still finishing close
24/04/20 21:43:33 WARN fserver.EntityGroup: EntityGroup TestCloseEntityGroupHandler,,1713649413491.42929ceeff8920a7acad6bda3b9bc4e3. already closed
24/04/20 21:43:33 INFO server.NIOServerCnxn: Closed socket connection for client /127.0.0.1:54856 which had sessionid 0xff8efd76ed1a0000
24/04/20 21:43:33 INFO server.NIOServerCnxn: Closed socket connection for client /127.0.0.1:50116 which had sessionid 0xff8efd76ed1a0001
24/04/20 21:43:33 INFO server.NIOServerCnxnFactory: NIOServerCnxn factory exited run method
24/04/20 21:43:33 INFO server.ZooKeeperServer: shutting down
24/04/20 21:43:33 INFO server.SessionTrackerImpl: Shutting down
24/04/20 21:43:33 INFO server.PrepRequestProcessor: Shutting down
24/04/20 21:43:33 INFO server.SyncRequestProcessor: Shutting down
24/04/20 21:43:33 INFO server.PrepRequestProcessor: PrepRequestProcessor exited loop!
24/04/20 21:43:33 INFO server.SyncRequestProcessor: SyncRequestProcessor exited!
24/04/20 21:43:33 INFO server.FinalRequestProcessor: shutdown of request processor complete
java.lang.NullPointerException
	at com.alibaba.wasp.protobuf.generated.MetaProtos$GetActionProto$Builder.setSessionId(MetaProtos.java:6187)
	at com.alibaba.wasp.plan.action.GetAction.convert(GetAction.java:97)
	at com.alibaba.wasp.protobuf.ProtobufUtil.toGetActionProto(ProtobufUtil.java:466)
	at com.alibaba.wasp.protobuf.TestProtobufUtil.testGet(TestProtobufUtil.java:103)
	at sun.reflect.NativeMethodAccessorImpl.invoke0(Native Method)
	at sun.reflect.NativeMethodAccessorImpl.invoke(NativeMethodAccessorImpl.java:62)
	at sun.reflect.DelegatingMethodAccessorImpl.invoke(DelegatingMethodAccessorImpl.java:43)
	at java.lang.reflect.Method.invoke(Method.java:498)
	at org.junit.runners.model.FrameworkMethod$1.runReflectiveCall(FrameworkMethod.java:45)
	at org.junit.internal.runners.model.ReflectiveCallable.run(ReflectiveCallable.java:15)
	at org.junit.runners.model.FrameworkMethod.invokeExplosively(FrameworkMethod.java:42)
	at org.junit.internal.runners.statements.InvokeMethod.evaluate(InvokeMethod.java:20)
	at org.junit.runners.ParentRunner.runLeaf(ParentRunner.java:263)
	at org.junit.runners.BlockJUnit4ClassRunner.runChild(BlockJUnit4ClassRunner.java:68)
	at org.junit.runners.BlockJUnit4ClassRunner.runChild(BlockJUnit4ClassRunner.java:47)
	at org.junit.runners.ParentRunner$3.run(ParentRunner.java:231)
	at org.junit.runners.ParentRunner$1.schedule(ParentRunner.java:60)
	at org.junit.runners.ParentRunner.runChildren(ParentRunner.java:229)
	at org.junit.runners.ParentRunner.access$000(ParentRunner.java:50)
	at org.junit.runners.ParentRunner$2.evaluate(ParentRunner.java:222)
	at org.junit.runners.ParentRunner.run(ParentRunner.java:300)
	at org.junit.runners.Suite.runChild(Suite.java:128)
	at org.junit.runners.Suite.runChild(Suite.java:24)
	at org.junit.runners.ParentRunner$3.run(ParentRunner.java:231)
	at org.junit.runners.ParentRunner$1.schedule(ParentRunner.java:60)
	at org.junit.runners.ParentRunner.runChildren(ParentRunner.java:229)
	at org.junit.runners.ParentRunner.access$000(ParentRunner.java:50)
	at org.junit.runners.ParentRunner$2.evaluate(ParentRunner.java:222)
	at org.junit.runners.ParentRunner.run(ParentRunner.java:300)
	at org.junit.runner.JUnitCore.run(JUnitCore.java:157)
	at org.junit.runner.JUnitCore.run(JUnitCore.java:136)
	at edu.illinois.cs.testrunner.execution.JUnitTestExecutor.execute(JUnitTestExecutor.java:246)
	at edu.illinois.cs.testrunner.execution.JUnitTestExecutor.executeWithJUnit4Runner(JUnitTestExecutor.java:315)
	at edu.illinois.cs.testrunner.execution.JUnitTestExecutor.runOrder(JUnitTestExecutor.java:46)
	at edu.illinois.cs.testrunner.execution.Executor$.$anonfun$run$1(Executor.scala:30)
	at scala.runtime.java8.JFunction0$mcV$sp.apply(JFunction0$mcV$sp.java:12)
	at scala.util.Try$.apply(Try.scala:209)
	at edu.illinois.cs.testrunner.execution.Executor$.run(Executor.scala:28)
	at edu.illinois.cs.testrunner.execution.Executor$.main(Executor.scala:18)
	at edu.illinois.cs.testrunner.execution.Executor.main(Executor.scala)
java.lang.NullPointerException
	at com.alibaba.wasp.protobuf.generated.MetaProtos$UpdateActionProto$Builder.setSessionId(MetaProtos.java:10088)
	at com.alibaba.wasp.plan.action.UpdateAction.convert(UpdateAction.java:113)
	at com.alibaba.wasp.protobuf.ProtobufUtil.convertUpdateAction(ProtobufUtil.java:559)
	at com.alibaba.wasp.protobuf.TestProtobufUtil.testUpdate(TestProtobufUtil.java:83)
	at sun.reflect.NativeMethodAccessorImpl.invoke0(Native Method)
	at sun.reflect.NativeMethodAccessorImpl.invoke(NativeMethodAccessorImpl.java:62)
	at sun.reflect.DelegatingMethodAccessorImpl.invoke(DelegatingMethodAccessorImpl.java:43)
	at java.lang.reflect.Method.invoke(Method.java:498)
	at org.junit.runners.model.FrameworkMethod$1.runReflectiveCall(FrameworkMethod.java:45)
	at org.junit.internal.runners.model.ReflectiveCallable.run(ReflectiveCallable.java:15)
	at org.junit.runners.model.FrameworkMethod.invokeExplosively(FrameworkMethod.java:42)
	at org.junit.internal.runners.statements.InvokeMethod.evaluate(InvokeMethod.java:20)
	at org.junit.runners.ParentRunner.runLeaf(ParentRunner.java:263)
	at org.junit.runners.BlockJUnit4ClassRunner.runChild(BlockJUnit4ClassRunner.java:68)
	at org.junit.runners.BlockJUnit4ClassRunner.runChild(BlockJUnit4ClassRunner.java:47)
	at org.junit.runners.ParentRunner$3.run(ParentRunner.java:231)
	at org.junit.runners.ParentRunner$1.schedule(ParentRunner.java:60)
	at org.junit.runners.ParentRunner.runChildren(ParentRunner.java:229)
	at org.junit.runners.ParentRunner.access$000(ParentRunner.java:50)
	at org.junit.runners.ParentRunner$2.evaluate(ParentRunner.java:222)
	at org.junit.runners.ParentRunner.run(ParentRunner.java:300)
	at org.junit.runners.Suite.runChild(Suite.java:128)
	at org.junit.runners.Suite.runChild(Suite.java:24)
	at org.junit.runners.ParentRunner$3.run(ParentRunner.java:231)
	at org.junit.runners.ParentRunner$1.schedule(ParentRunner.java:60)
	at org.junit.runners.ParentRunner.runChildren(ParentRunner.java:229)
	at org.junit.runners.ParentRunner.access$000(ParentRunner.java:50)
	at org.junit.runners.ParentRunner$2.evaluate(ParentRunner.java:222)
	at org.junit.runners.ParentRunner.run(ParentRunner.java:300)
	at org.junit.runner.JUnitCore.run(JUnitCore.java:157)
	at org.junit.runner.JUnitCore.run(JUnitCore.java:136)
	at edu.illinois.cs.testrunner.execution.JUnitTestExecutor.execute(JUnitTestExecutor.java:246)
	at edu.illinois.cs.testrunner.execution.JUnitTestExecutor.executeWithJUnit4Runner(JUnitTestExecutor.java:315)
	at edu.illinois.cs.testrunner.execution.JUnitTestExecutor.runOrder(JUnitTestExecutor.java:46)
	at edu.illinois.cs.testrunner.execution.Executor$.$anonfun$run$1(Executor.scala:30)
	at scala.runtime.java8.JFunction0$mcV$sp.apply(JFunction0$mcV$sp.java:12)
	at scala.util.Try$.apply(Try.scala:209)
	at edu.illinois.cs.testrunner.execution.Executor$.run(Executor.scala:28)
	at edu.illinois.cs.testrunner.execution.Executor$.main(Executor.scala:18)
	at edu.illinois.cs.testrunner.execution.Executor.main(Executor.scala)
24/04/20 21:43:33 INFO wasp.WaspTestingUtility: Starting up minicluster with 1 master(s) and 3 fserver(s) 
24/04/20 21:43:33 DEBUG zookeeper.ZooKeeperWatcher: MockServer,123,-1-0xff8efd76ed1a0001 Received ZooKeeper Event, type=None, state=Disconnected, path=null
24/04/20 21:43:33 DEBUG zookeeper.ZooKeeperWatcher: MockServer,123,-1-0xff8efd76ed1a0001 Received Disconnected from ZooKeeper, ignoring
24/04/20 21:43:33 DEBUG zookeeper.ZooKeeperWatcher: MockServer,123,-1-0xff8efd76ed1a0000 Received ZooKeeper Event, type=None, state=Disconnected, path=null
24/04/20 21:43:33 DEBUG zookeeper.ZooKeeperWatcher: MockServer,123,-1-0xff8efd76ed1a0000 Received Disconnected from ZooKeeper, ignoring
Starting DataNode 0 with dfs.data.dir: /home/idflakies/alibaba/wasp/target/test-data/c266acb3-9a95-47e1-85d2-af47cb123a4b/dfscluster_97b2a686-05cb-4c85-9af8-30e4f5524f35/dfs/data/data1,/home/idflakies/alibaba/wasp/target/test-data/c266acb3-9a95-47e1-85d2-af47cb123a4b/dfscluster_97b2a686-05cb-4c85-9af8-30e4f5524f35/dfs/data/data2
24/04/20 21:43:33 ERROR datanode.DataNode: All directories in dfs.data.dir are invalid.
24/04/20 21:43:33 INFO wasp.WaspTestingUtility: Shutting down mini wasp cluster
24/04/20 21:43:33 INFO wasp.WaspTestingUtility: Minicluster is down
java.lang.NullPointerException
	at org.apache.hadoop.hdfs.MiniDFSCluster.startDataNodes(MiniDFSCluster.java:422)
	at org.apache.hadoop.hdfs.MiniDFSCluster.<init>(MiniDFSCluster.java:280)
	at org.apache.hadoop.hbase.HBaseTestingUtility.startMiniDFSCluster(HBaseTestingUtility.java:451)
	at org.apache.hadoop.hbase.HBaseTestingUtility.startMiniCluster(HBaseTestingUtility.java:619)
	at org.apache.hadoop.hbase.HBaseTestingUtility.startMiniCluster(HBaseTestingUtility.java:575)
	at com.alibaba.wasp.WaspTestingUtility.startMiniCluster(WaspTestingUtility.java:172)
	at com.alibaba.wasp.WaspTestingUtility.startMiniCluster(WaspTestingUtility.java:144)
	at com.alibaba.wasp.client.TestAdmin.setUpBeforeClass(TestAdmin.java:91)
	at sun.reflect.NativeMethodAccessorImpl.invoke0(Native Method)
	at sun.reflect.NativeMethodAccessorImpl.invoke(NativeMethodAccessorImpl.java:62)
	at sun.reflect.DelegatingMethodAccessorImpl.invoke(DelegatingMethodAccessorImpl.java:43)
	at java.lang.reflect.Method.invoke(Method.java:498)
	at org.junit.runners.model.FrameworkMethod$1.runReflectiveCall(FrameworkMethod.java:45)
	at org.junit.internal.runners.model.ReflectiveCallable.run(ReflectiveCallable.java:15)
	at org.junit.runners.model.FrameworkMethod.invokeExplosively(FrameworkMethod.java:42)
	at org.junit.internal.runners.statements.RunBefores.evaluate(RunBefores.java:27)
	at org.junit.internal.runners.statements.RunAfters.evaluate(RunAfters.java:30)
	at org.junit.runners.ParentRunner.run(ParentRunner.java:300)
	at org.junit.runners.Suite.runChild(Suite.java:128)
	at org.junit.runners.Suite.runChild(Suite.java:24)
	at org.junit.runners.ParentRunner$3.run(ParentRunner.java:231)
	at org.junit.runners.ParentRunner$1.schedule(ParentRunner.java:60)
	at org.junit.runners.ParentRunner.runChildren(ParentRunner.java:229)
	at org.junit.runners.ParentRunner.access$000(ParentRunner.java:50)
	at org.junit.runners.ParentRunner$2.evaluate(ParentRunner.java:222)
	at org.junit.runners.ParentRunner.run(ParentRunner.java:300)
	at org.junit.runner.JUnitCore.run(JUnitCore.java:157)
	at org.junit.runner.JUnitCore.run(JUnitCore.java:136)
	at edu.illinois.cs.testrunner.execution.JUnitTestExecutor.execute(JUnitTestExecutor.java:246)
	at edu.illinois.cs.testrunner.execution.JUnitTestExecutor.executeWithJUnit4Runner(JUnitTestExecutor.java:315)
	at edu.illinois.cs.testrunner.execution.JUnitTestExecutor.runOrder(JUnitTestExecutor.java:46)
	at edu.illinois.cs.testrunner.execution.Executor$.$anonfun$run$1(Executor.scala:30)
	at scala.runtime.java8.JFunction0$mcV$sp.apply(JFunction0$mcV$sp.java:12)
	at scala.util.Try$.apply(Try.scala:209)
	at edu.illinois.cs.testrunner.execution.Executor$.run(Executor.scala:28)
	at edu.illinois.cs.testrunner.execution.Executor$.main(Executor.scala:18)
	at edu.illinois.cs.testrunner.execution.Executor.main(Executor.scala)
24/04/20 21:43:34 INFO server.SessionTrackerImpl: SessionTrackerImpl exited loop!
