24/04/20 21:47:05 INFO wasp.WaspTestingUtility: Starting up minicluster with 1 master(s) and 3 fserver(s) 
Starting DataNode 0 with dfs.data.dir: /home/idflakies/alibaba/wasp/target/test-data/9c361e20-5c85-495e-a9fb-c1b05b308ce1/dfscluster_5f5e08a6-7966-4456-bc0e-14002b7b9179/dfs/data/data1,/home/idflakies/alibaba/wasp/target/test-data/9c361e20-5c85-495e-a9fb-c1b05b308ce1/dfscluster_5f5e08a6-7966-4456-bc0e-14002b7b9179/dfs/data/data2
24/04/20 21:47:06 ERROR datanode.DataNode: All directories in dfs.data.dir are invalid.
24/04/20 21:47:06 INFO wasp.WaspTestingUtility: Shutting down mini wasp cluster
24/04/20 21:47:06 INFO wasp.WaspTestingUtility: Minicluster is down
java.lang.NullPointerException
	at org.apache.hadoop.hdfs.MiniDFSCluster.startDataNodes(MiniDFSCluster.java:422)
	at org.apache.hadoop.hdfs.MiniDFSCluster.<init>(MiniDFSCluster.java:280)
	at org.apache.hadoop.hbase.HBaseTestingUtility.startMiniDFSCluster(HBaseTestingUtility.java:451)
	at org.apache.hadoop.hbase.HBaseTestingUtility.startMiniCluster(HBaseTestingUtility.java:619)
	at org.apache.hadoop.hbase.HBaseTestingUtility.startMiniCluster(HBaseTestingUtility.java:575)
	at com.alibaba.wasp.WaspTestingUtility.startMiniCluster(WaspTestingUtility.java:172)
	at com.alibaba.wasp.WaspTestingUtility.startMiniCluster(WaspTestingUtility.java:144)
	at com.alibaba.wasp.client.TestFromClientSide.setUpBeforeClass(TestFromClientSide.java:83)
	at sun.reflect.NativeMethodAccessorImpl.invoke0(Native Method)
	at sun.reflect.NativeMethodAccessorImpl.invoke(NativeMethodAccessorImpl.java:62)
	at sun.reflect.DelegatingMethodAccessorImpl.invoke(DelegatingMethodAccessorImpl.java:43)
	at java.lang.reflect.Method.invoke(Method.java:498)
	at org.junit.runners.model.FrameworkMethod$1.runReflectiveCall(FrameworkMethod.java:45)
	at org.junit.internal.runners.model.ReflectiveCallable.run(ReflectiveCallable.java:15)
	at org.junit.runners.model.FrameworkMethod.invokeExplosively(FrameworkMethod.java:42)
	at org.junit.internal.runners.statements.RunBefores.evaluate(RunBefores.java:27)
	at org.junit.internal.runners.statements.RunAfters.evaluate(RunAfters.java:30)
	at org.junit.runners.ParentRunner.run(ParentRunner.java:300)
	at org.junit.runners.Suite.runChild(Suite.java:128)
	at org.junit.runners.Suite.runChild(Suite.java:24)
	at org.junit.runners.ParentRunner$3.run(ParentRunner.java:231)
	at org.junit.runners.ParentRunner$1.schedule(ParentRunner.java:60)
	at org.junit.runners.ParentRunner.runChildren(ParentRunner.java:229)
	at org.junit.runners.ParentRunner.access$000(ParentRunner.java:50)
	at org.junit.runners.ParentRunner$2.evaluate(ParentRunner.java:222)
	at org.junit.runners.ParentRunner.run(ParentRunner.java:300)
	at org.junit.runner.JUnitCore.run(JUnitCore.java:157)
	at org.junit.runner.JUnitCore.run(JUnitCore.java:136)
	at edu.illinois.cs.testrunner.execution.JUnitTestExecutor.execute(JUnitTestExecutor.java:246)
	at edu.illinois.cs.testrunner.execution.JUnitTestExecutor.executeWithJUnit4Runner(JUnitTestExecutor.java:315)
	at edu.illinois.cs.testrunner.execution.JUnitTestExecutor.runOrder(JUnitTestExecutor.java:46)
	at edu.illinois.cs.testrunner.execution.Executor$.$anonfun$run$1(Executor.scala:30)
	at scala.runtime.java8.JFunction0$mcV$sp.apply(JFunction0$mcV$sp.java:12)
	at scala.util.Try$.apply(Try.scala:209)
	at edu.illinois.cs.testrunner.execution.Executor$.run(Executor.scala:28)
	at edu.illinois.cs.testrunner.execution.Executor$.main(Executor.scala:18)
	at edu.illinois.cs.testrunner.execution.Executor.main(Executor.scala)
24/04/20 21:47:06 INFO wasp.WaspTestingUtility: Starting up minicluster with 1 master(s) and 3 fserver(s) 
Starting DataNode 0 with dfs.data.dir: /home/idflakies/alibaba/wasp/target/test-data/b25a8262-2364-445e-b368-799c9544718f/dfscluster_d20abc4a-03f1-43c5-aa12-00f5d8191b57/dfs/data/data1,/home/idflakies/alibaba/wasp/target/test-data/b25a8262-2364-445e-b368-799c9544718f/dfscluster_d20abc4a-03f1-43c5-aa12-00f5d8191b57/dfs/data/data2
24/04/20 21:47:07 ERROR datanode.DataNode: All directories in dfs.data.dir are invalid.
java.lang.NullPointerException
	at org.apache.hadoop.hdfs.MiniDFSCluster.startDataNodes(MiniDFSCluster.java:422)
	at org.apache.hadoop.hdfs.MiniDFSCluster.<init>(MiniDFSCluster.java:280)
	at org.apache.hadoop.hbase.HBaseTestingUtility.startMiniDFSCluster(HBaseTestingUtility.java:451)
	at org.apache.hadoop.hbase.HBaseTestingUtility.startMiniCluster(HBaseTestingUtility.java:619)
	at org.apache.hadoop.hbase.HBaseTestingUtility.startMiniCluster(HBaseTestingUtility.java:575)
	at com.alibaba.wasp.WaspTestingUtility.startMiniCluster(WaspTestingUtility.java:172)
	at com.alibaba.wasp.WaspTestingUtility.startMiniCluster(WaspTestingUtility.java:144)
	at com.alibaba.wasp.jdbc.TestJdbcResultSet.setUpBeforeClass(TestJdbcResultSet.java:71)
	at sun.reflect.NativeMethodAccessorImpl.invoke0(Native Method)
	at sun.reflect.NativeMethodAccessorImpl.invoke(NativeMethodAccessorImpl.java:62)
	at sun.reflect.DelegatingMethodAccessorImpl.invoke(DelegatingMethodAccessorImpl.java:43)
	at java.lang.reflect.Method.invoke(Method.java:498)
	at org.junit.runners.model.FrameworkMethod$1.runReflectiveCall(FrameworkMethod.java:45)
	at org.junit.internal.runners.model.ReflectiveCallable.run(ReflectiveCallable.java:15)
	at org.junit.runners.model.FrameworkMethod.invokeExplosively(FrameworkMethod.java:42)
	at org.junit.internal.runners.statements.RunBefores.evaluate(RunBefores.java:27)
	at org.junit.internal.runners.statements.RunAfters.evaluate(RunAfters.java:30)
	at org.junit.runners.ParentRunner.run(ParentRunner.java:300)
	at org.junit.runners.Suite.runChild(Suite.java:128)
	at org.junit.runners.Suite.runChild(Suite.java:24)
	at org.junit.runners.ParentRunner$3.run(ParentRunner.java:231)
	at org.junit.runners.ParentRunner$1.schedule(ParentRunner.java:60)
	at org.junit.runners.ParentRunner.runChildren(ParentRunner.java:229)
	at org.junit.runners.ParentRunner.access$000(ParentRunner.java:50)
	at org.junit.runners.ParentRunner$2.evaluate(ParentRunner.java:222)
	at org.junit.runners.ParentRunner.run(ParentRunner.java:300)
	at org.junit.runner.JUnitCore.run(JUnitCore.java:157)
	at org.junit.runner.JUnitCore.run(JUnitCore.java:136)
	at edu.illinois.cs.testrunner.execution.JUnitTestExecutor.execute(JUnitTestExecutor.java:246)
	at edu.illinois.cs.testrunner.execution.JUnitTestExecutor.executeWithJUnit4Runner(JUnitTestExecutor.java:315)
	at edu.illinois.cs.testrunner.execution.JUnitTestExecutor.runOrder(JUnitTestExecutor.java:46)
	at edu.illinois.cs.testrunner.execution.Executor$.$anonfun$run$1(Executor.scala:30)
	at scala.runtime.java8.JFunction0$mcV$sp.apply(JFunction0$mcV$sp.java:12)
	at scala.util.Try$.apply(Try.scala:209)
	at edu.illinois.cs.testrunner.execution.Executor$.run(Executor.scala:28)
	at edu.illinois.cs.testrunner.execution.Executor$.main(Executor.scala:18)
	at edu.illinois.cs.testrunner.execution.Executor.main(Executor.scala)
java.lang.NullPointerException
	at com.alibaba.wasp.jdbc.TestJdbcResultSet.tearDownAfterClass(TestJdbcResultSet.java:100)
	at sun.reflect.NativeMethodAccessorImpl.invoke0(Native Method)
	at sun.reflect.NativeMethodAccessorImpl.invoke(NativeMethodAccessorImpl.java:62)
	at sun.reflect.DelegatingMethodAccessorImpl.invoke(DelegatingMethodAccessorImpl.java:43)
	at java.lang.reflect.Method.invoke(Method.java:498)
	at org.junit.runners.model.FrameworkMethod$1.runReflectiveCall(FrameworkMethod.java:45)
	at org.junit.internal.runners.model.ReflectiveCallable.run(ReflectiveCallable.java:15)
	at org.junit.runners.model.FrameworkMethod.invokeExplosively(FrameworkMethod.java:42)
	at org.junit.internal.runners.statements.RunAfters.evaluate(RunAfters.java:36)
	at org.junit.runners.ParentRunner.run(ParentRunner.java:300)
	at org.junit.runners.Suite.runChild(Suite.java:128)
	at org.junit.runners.Suite.runChild(Suite.java:24)
	at org.junit.runners.ParentRunner$3.run(ParentRunner.java:231)
	at org.junit.runners.ParentRunner$1.schedule(ParentRunner.java:60)
	at org.junit.runners.ParentRunner.runChildren(ParentRunner.java:229)
	at org.junit.runners.ParentRunner.access$000(ParentRunner.java:50)
	at org.junit.runners.ParentRunner$2.evaluate(ParentRunner.java:222)
	at org.junit.runners.ParentRunner.run(ParentRunner.java:300)
	at org.junit.runner.JUnitCore.run(JUnitCore.java:157)
	at org.junit.runner.JUnitCore.run(JUnitCore.java:136)
	at edu.illinois.cs.testrunner.execution.JUnitTestExecutor.execute(JUnitTestExecutor.java:246)
	at edu.illinois.cs.testrunner.execution.JUnitTestExecutor.executeWithJUnit4Runner(JUnitTestExecutor.java:315)
	at edu.illinois.cs.testrunner.execution.JUnitTestExecutor.runOrder(JUnitTestExecutor.java:46)
	at edu.illinois.cs.testrunner.execution.Executor$.$anonfun$run$1(Executor.scala:30)
	at scala.runtime.java8.JFunction0$mcV$sp.apply(JFunction0$mcV$sp.java:12)
	at scala.util.Try$.apply(Try.scala:209)
	at edu.illinois.cs.testrunner.execution.Executor$.run(Executor.scala:28)
	at edu.illinois.cs.testrunner.execution.Executor$.main(Executor.scala:18)
	at edu.illinois.cs.testrunner.execution.Executor.main(Executor.scala)
24/04/20 21:47:07 INFO wasp.WaspTestingUtility: Starting up minicluster with 1 master(s) and 3 fserver(s) 
Starting DataNode 0 with dfs.data.dir: /home/idflakies/alibaba/wasp/target/test-data/f2f1eca4-35fd-4c74-97dd-8ca2784da5a5/dfscluster_fc20d71d-e0eb-4f51-9732-94614caf067f/dfs/data/data1,/home/idflakies/alibaba/wasp/target/test-data/f2f1eca4-35fd-4c74-97dd-8ca2784da5a5/dfscluster_fc20d71d-e0eb-4f51-9732-94614caf067f/dfs/data/data2
24/04/20 21:47:07 ERROR datanode.DataNode: All directories in dfs.data.dir are invalid.
java.lang.NullPointerException
	at org.apache.hadoop.hdfs.MiniDFSCluster.startDataNodes(MiniDFSCluster.java:422)
	at org.apache.hadoop.hdfs.MiniDFSCluster.<init>(MiniDFSCluster.java:280)
	at org.apache.hadoop.hbase.HBaseTestingUtility.startMiniDFSCluster(HBaseTestingUtility.java:451)
	at org.apache.hadoop.hbase.HBaseTestingUtility.startMiniCluster(HBaseTestingUtility.java:619)
	at org.apache.hadoop.hbase.HBaseTestingUtility.startMiniCluster(HBaseTestingUtility.java:575)
	at com.alibaba.wasp.WaspTestingUtility.startMiniCluster(WaspTestingUtility.java:172)
	at com.alibaba.wasp.WaspTestingUtility.startMiniCluster(WaspTestingUtility.java:144)
	at com.alibaba.wasp.jdbc.TestPreparedStatement.beforeClass(TestPreparedStatement.java:60)
	at sun.reflect.NativeMethodAccessorImpl.invoke0(Native Method)
	at sun.reflect.NativeMethodAccessorImpl.invoke(NativeMethodAccessorImpl.java:62)
	at sun.reflect.DelegatingMethodAccessorImpl.invoke(DelegatingMethodAccessorImpl.java:43)
	at java.lang.reflect.Method.invoke(Method.java:498)
	at org.junit.runners.model.FrameworkMethod$1.runReflectiveCall(FrameworkMethod.java:45)
	at org.junit.internal.runners.model.ReflectiveCallable.run(ReflectiveCallable.java:15)
	at org.junit.runners.model.FrameworkMethod.invokeExplosively(FrameworkMethod.java:42)
	at org.junit.internal.runners.statements.RunBefores.evaluate(RunBefores.java:27)
	at org.junit.internal.runners.statements.RunAfters.evaluate(RunAfters.java:30)
	at org.junit.runners.ParentRunner.run(ParentRunner.java:300)
	at org.junit.runners.Suite.runChild(Suite.java:128)
	at org.junit.runners.Suite.runChild(Suite.java:24)
	at org.junit.runners.ParentRunner$3.run(ParentRunner.java:231)
	at org.junit.runners.ParentRunner$1.schedule(ParentRunner.java:60)
	at org.junit.runners.ParentRunner.runChildren(ParentRunner.java:229)
	at org.junit.runners.ParentRunner.access$000(ParentRunner.java:50)
	at org.junit.runners.ParentRunner$2.evaluate(ParentRunner.java:222)
	at org.junit.runners.ParentRunner.run(ParentRunner.java:300)
	at org.junit.runner.JUnitCore.run(JUnitCore.java:157)
	at org.junit.runner.JUnitCore.run(JUnitCore.java:136)
	at edu.illinois.cs.testrunner.execution.JUnitTestExecutor.execute(JUnitTestExecutor.java:246)
	at edu.illinois.cs.testrunner.execution.JUnitTestExecutor.executeWithJUnit4Runner(JUnitTestExecutor.java:315)
	at edu.illinois.cs.testrunner.execution.JUnitTestExecutor.runOrder(JUnitTestExecutor.java:46)
	at edu.illinois.cs.testrunner.execution.Executor$.$anonfun$run$1(Executor.scala:30)
	at scala.runtime.java8.JFunction0$mcV$sp.apply(JFunction0$mcV$sp.java:12)
	at scala.util.Try$.apply(Try.scala:209)
	at edu.illinois.cs.testrunner.execution.Executor$.run(Executor.scala:28)
	at edu.illinois.cs.testrunner.execution.Executor$.main(Executor.scala:18)
	at edu.illinois.cs.testrunner.execution.Executor.main(Executor.scala)
java.lang.NullPointerException
	at com.alibaba.wasp.jdbc.TestPreparedStatement.afterClass(TestPreparedStatement.java:82)
	at sun.reflect.NativeMethodAccessorImpl.invoke0(Native Method)
	at sun.reflect.NativeMethodAccessorImpl.invoke(NativeMethodAccessorImpl.java:62)
	at sun.reflect.DelegatingMethodAccessorImpl.invoke(DelegatingMethodAccessorImpl.java:43)
	at java.lang.reflect.Method.invoke(Method.java:498)
	at org.junit.runners.model.FrameworkMethod$1.runReflectiveCall(FrameworkMethod.java:45)
	at org.junit.internal.runners.model.ReflectiveCallable.run(ReflectiveCallable.java:15)
	at org.junit.runners.model.FrameworkMethod.invokeExplosively(FrameworkMethod.java:42)
	at org.junit.internal.runners.statements.RunAfters.evaluate(RunAfters.java:36)
	at org.junit.runners.ParentRunner.run(ParentRunner.java:300)
	at org.junit.runners.Suite.runChild(Suite.java:128)
	at org.junit.runners.Suite.runChild(Suite.java:24)
	at org.junit.runners.ParentRunner$3.run(ParentRunner.java:231)
	at org.junit.runners.ParentRunner$1.schedule(ParentRunner.java:60)
	at org.junit.runners.ParentRunner.runChildren(ParentRunner.java:229)
	at org.junit.runners.ParentRunner.access$000(ParentRunner.java:50)
	at org.junit.runners.ParentRunner$2.evaluate(ParentRunner.java:222)
	at org.junit.runners.ParentRunner.run(ParentRunner.java:300)
	at org.junit.runner.JUnitCore.run(JUnitCore.java:157)
	at org.junit.runner.JUnitCore.run(JUnitCore.java:136)
	at edu.illinois.cs.testrunner.execution.JUnitTestExecutor.execute(JUnitTestExecutor.java:246)
	at edu.illinois.cs.testrunner.execution.JUnitTestExecutor.executeWithJUnit4Runner(JUnitTestExecutor.java:315)
	at edu.illinois.cs.testrunner.execution.JUnitTestExecutor.runOrder(JUnitTestExecutor.java:46)
	at edu.illinois.cs.testrunner.execution.Executor$.$anonfun$run$1(Executor.scala:30)
	at scala.runtime.java8.JFunction0$mcV$sp.apply(JFunction0$mcV$sp.java:12)
	at scala.util.Try$.apply(Try.scala:209)
	at edu.illinois.cs.testrunner.execution.Executor$.run(Executor.scala:28)
	at edu.illinois.cs.testrunner.execution.Executor$.main(Executor.scala:18)
	at edu.illinois.cs.testrunner.execution.Executor.main(Executor.scala)
24/04/20 21:47:07 INFO server.NIOServerCnxnFactory: binding to port 0.0.0.0/0.0.0.0:58999
24/04/20 21:47:07 INFO persistence.FileTxnSnapLog: Snapshotting: 0x0 to /home/idflakies/alibaba/wasp/target/test-data/a00e5c5f-90f1-44cf-8f0c-8c8eacfaa3d1/dfscluster_b847c72d-98b4-47a5-9bbe-37ecfa413172/zookeeper_0/version-2/snapshot.0
24/04/20 21:47:07 INFO server.NIOServerCnxnFactory: Accepted socket connection from /127.0.0.1:35670
24/04/20 21:47:07 DEBUG zookeeper.ZKUtil: MockServer,123,-1 opening connection to ZooKeeper with ensemble (localhost:58999)
24/04/20 21:47:07 INFO zookeeper.RecoverableZooKeeper: The identifier of this process is 51280@22e8d89dc231
24/04/20 21:47:07 INFO server.NIOServerCnxnFactory: Accepted socket connection from /127.0.0.1:35686
24/04/20 21:47:07 INFO persistence.FileTxnLog: Creating new log file: log.1
24/04/20 21:47:07 DEBUG zookeeper.ZooKeeperWatcher: MockServer,123,-1 Received ZooKeeper Event, type=None, state=SyncConnected, path=null
24/04/20 21:47:07 DEBUG zookeeper.ZooKeeperWatcher: MockServer,123,-1-0xff8efd7a31960000 connected
24/04/20 21:47:07 INFO fserver.EntityGroup: creating EntityGroup TestOpenEntityGroupHandler Table == CREATE TABLE TestOpenEntityGroupHandler { 
  REQUIRED INT32 column1 COLUMNFAMILY d;
  REQUIRED INT64 column2 COLUMNFAMILY d;
  REQUIRED STRING column3 COLUMNFAMILY d;
  OPTIONAL FLOAT column4 COLUMNFAMILY d;
  OPTIONAL DOUBLE column5 COLUMNFAMILY d;
  OPTIONAL DATETIME column6 COLUMNFAMILY d;
  REPEATED PROTOBUF column7 COLUMNFAMILY d;
  OPTIONAL STRING column8 COLUMNFAMILY d;
} 
PRIMARY KEY(column1),
ENTITY GROUP ROOT,
ENTITY GROUP KEY(column1);
 Table name == TestOpenEntityGroupHandler
24/04/20 21:47:07 DEBUG fserver.MetricsEntityGroupSourceImpl: Creating new MetricsEntityGroupSourceImpl for table TestOpenEntityGroupHandler b75e5299f630a6e9b991554eb5376e47
24/04/20 21:47:07 DEBUG fserver.EntityGroup: Instantiated TestOpenEntityGroupHandler,\x00\x00\x00\x00,1713649627565.b75e5299f630a6e9b991554eb5376e47.
24/04/20 21:47:07 ERROR server.NIOServerCnxnFactory: Thread Thread[Thread-75,5,main] died
java.lang.NullPointerException
	at com.alibaba.wasp.fserver.EntityGroup.run(EntityGroup.java:1264)
	at java.lang.Thread.run(Thread.java:748)
24/04/20 21:47:07 DEBUG zookeeper.ZKAssign: MockServer,123,-1-0xff8efd7a31960000 Attempting to transition node b75e5299f630a6e9b991554eb5376e47 from M_ZK_ENTITYGROUP_OFFLINE to FSERVER_ZK_ENTITYGROUP_OPENING
24/04/20 21:47:07 DEBUG zookeeper.ZKUtil: MockServer,123,-1-0xff8efd7a31960000 Unable to get data of znode /wasp/unassigned/b75e5299f630a6e9b991554eb5376e47 because node does not exist (not necessarily an error)
24/04/20 21:47:07 WARN handler.OpenEntityGroupHandler: Failed transition from OFFLINE to OPENING for entityGroup=b75e5299f630a6e9b991554eb5376e47
24/04/20 21:47:07 WARN handler.OpenEntityGroupHandler: EntityGroup was hijacked? It no longer exists, encodedName=b75e5299f630a6e9b991554eb5376e47
24/04/20 21:47:07 DEBUG zookeeper.ZKAssign: MockServer,123,-1-0xff8efd7a31960000 Creating unassigned node for b75e5299f630a6e9b991554eb5376e47 in OFFLINE state
24/04/20 21:47:07 DEBUG zookeeper.ZKAssign: MockServer,123,-1-0xff8efd7a31960000 Attempting to transition node b75e5299f630a6e9b991554eb5376e47 from M_ZK_ENTITYGROUP_OFFLINE to FSERVER_ZK_ENTITYGROUP_OPENING
24/04/20 21:47:07 DEBUG zookeeper.ZKUtil: MockServer,123,-1-0xff8efd7a31960000 Retrieved 117 byte(s) of data from znode /wasp/unassigned/b75e5299f630a6e9b991554eb5376e47; data=entityGroup=TestOpenEntityGroupHandler,\x00\x00\x00\x00,1713649627565.b75e5299f630a6e9b991554eb5376e47., state=M_ZK_ENTITYGROUP_OFFLINE, servername=MockServer,123,-1, createTime=1713649627656, payload.length=0
24/04/20 21:47:07 DEBUG zookeeper.ZooKeeperWatcher: MockServer,123,-1-0xff8efd7a31960000 Received ZooKeeper Event, type=NodeDataChanged, state=SyncConnected, path=/wasp/unassigned/b75e5299f630a6e9b991554eb5376e47
24/04/20 21:47:07 DEBUG zookeeper.ZKAssign: MockServer,123,-1-0xff8efd7a31960000 Successfully transitioned node b75e5299f630a6e9b991554eb5376e47 from M_ZK_ENTITYGROUP_OFFLINE to FSERVER_ZK_ENTITYGROUP_OPENING
24/04/20 21:47:07 INFO fserver.EntityGroup: EntityGroup.openEntityGroup EntityGroup name ==TestOpenEntityGroupHandler,\x00\x00\x00\x00,1713649627565.b75e5299f630a6e9b991554eb5376e47.
24/04/20 21:47:07 DEBUG fserver.EntityGroup: Opening EntityGroup: {NAME => 'TestOpenEntityGroupHandler,\x00\x00\x00\x00,1713649627565.b75e5299f630a6e9b991554eb5376e47.', STARTKEY => '\x00\x00\x00\x00', ENDKEY => '\x00\x00\x00\x01', ENCODED => b75e5299f630a6e9b991554eb5376e47,}
24/04/20 21:47:07 DEBUG fserver.MetricsEntityGroupSourceImpl: Creating new MetricsEntityGroupSourceImpl for table TestOpenEntityGroupHandler b75e5299f630a6e9b991554eb5376e47
24/04/20 21:47:07 DEBUG fserver.EntityGroup: Instantiated TestOpenEntityGroupHandler,\x00\x00\x00\x00,1713649627565.b75e5299f630a6e9b991554eb5376e47.
24/04/20 21:47:07 ERROR server.NIOServerCnxnFactory: Thread Thread[Thread-78,5,main] died
java.lang.NullPointerException
	at com.alibaba.wasp.fserver.EntityGroup.run(EntityGroup.java:1264)
	at java.lang.Thread.run(Thread.java:748)
24/04/20 21:47:07 DEBUG zookeeper.ZKAssign: MockServer,123,-1-0xff8efd7a31960000 Attempting to transition node b75e5299f630a6e9b991554eb5376e47 from FSERVER_ZK_ENTITYGROUP_OPENING to FSERVER_ZK_ENTITYGROUP_OPENING
24/04/20 21:47:07 DEBUG zookeeper.ZKUtil: MockServer,123,-1-0xff8efd7a31960000 Unable to get data of znode /wasp/unassigned/b75e5299f630a6e9b991554eb5376e47 because node does not exist (not necessarily an error)
24/04/20 21:47:07 WARN handler.OpenEntityGroupHandler: Failed refreshing OPENING; entityGroup=b75e5299f630a6e9b991554eb5376e47, context=post_entitygroup_open
24/04/20 21:47:07 DEBUG fserver.EntityGroup: Closing TestOpenEntityGroupHandler,\x00\x00\x00\x00,1713649627565.b75e5299f630a6e9b991554eb5376e47.
24/04/20 21:47:07 DEBUG fserver.EntityGroup: Updates disabled for entityGroup TestOpenEntityGroupHandler,\x00\x00\x00\x00,1713649627565.b75e5299f630a6e9b991554eb5376e47.
24/04/20 21:47:07 INFO fserver.EntityGroup: Running commit transaction of TestOpenEntityGroupHandler,\x00\x00\x00\x00,1713649627565.b75e5299f630a6e9b991554eb5376e47. before close
24/04/20 21:47:07 INFO fserver.EntityGroup: Closed TestOpenEntityGroupHandler,\x00\x00\x00\x00,1713649627565.b75e5299f630a6e9b991554eb5376e47.
24/04/20 21:47:07 INFO handler.OpenEntityGroupHandler: Opening of entityGroup {NAME => 'TestOpenEntityGroupHandler,\x00\x00\x00\x00,1713649627565.b75e5299f630a6e9b991554eb5376e47.', STARTKEY => '\x00\x00\x00\x00', ENDKEY => '\x00\x00\x00\x01', ENCODED => b75e5299f630a6e9b991554eb5376e47,} failed, marking as FAILED_OPEN in ZK
24/04/20 21:47:07 DEBUG zookeeper.ZKAssign: MockServer,123,-1-0xff8efd7a31960000 Attempting to transition node b75e5299f630a6e9b991554eb5376e47 from FSERVER_ZK_ENTITYGROUP_OPENING to FSERVER_ZK_ENTITYGROUP_FAILED_OPEN
24/04/20 21:47:07 DEBUG zookeeper.ZKUtil: MockServer,123,-1-0xff8efd7a31960000 Unable to get data of znode /wasp/unassigned/b75e5299f630a6e9b991554eb5376e47 because node does not exist (not necessarily an error)
24/04/20 21:47:07 WARN handler.OpenEntityGroupHandler: Unable to mark entityGroup {NAME => 'TestOpenEntityGroupHandler,\x00\x00\x00\x00,1713649627565.b75e5299f630a6e9b991554eb5376e47.', STARTKEY => '\x00\x00\x00\x00', ENDKEY => '\x00\x00\x00\x01', ENCODED => b75e5299f630a6e9b991554eb5376e47,} as FAILED_OPEN. It's likely that the master already timed out this open attempt, and thus another RS already has the entityGroup.
24/04/20 21:47:07 DEBUG fserver.EntityGroup: Closing TestOpenEntityGroupHandler,\x00\x00\x00\x00,1713649627565.b75e5299f630a6e9b991554eb5376e47.
24/04/20 21:47:07 DEBUG fserver.EntityGroup: Updates disabled for entityGroup TestOpenEntityGroupHandler,\x00\x00\x00\x00,1713649627565.b75e5299f630a6e9b991554eb5376e47.
24/04/20 21:47:07 INFO fserver.EntityGroup: Running commit transaction of TestOpenEntityGroupHandler,\x00\x00\x00\x00,1713649627565.b75e5299f630a6e9b991554eb5376e47. before close
24/04/20 21:47:07 INFO fserver.EntityGroup: Closed TestOpenEntityGroupHandler,\x00\x00\x00\x00,1713649627565.b75e5299f630a6e9b991554eb5376e47.
24/04/20 21:47:07 DEBUG zookeeper.ZKUtil: MockServer,123,-1 opening connection to ZooKeeper with ensemble (localhost:58999)
24/04/20 21:47:07 INFO zookeeper.RecoverableZooKeeper: The identifier of this process is 51280@22e8d89dc231
24/04/20 21:47:07 INFO server.NIOServerCnxnFactory: Accepted socket connection from /127.0.0.1:35688
24/04/20 21:47:07 DEBUG zookeeper.ZooKeeperWatcher: MockServer,123,-1 Received ZooKeeper Event, type=None, state=SyncConnected, path=null
24/04/20 21:47:07 DEBUG zookeeper.ZooKeeperWatcher: MockServer,123,-1-0xff8efd7a31960001 connected
24/04/20 21:47:07 DEBUG zookeeper.ZKAssign: MockServer,123,-1-0xff8efd7a31960001 Creating unassigned node for 457b2f7d7331ee440e7d711d18748dac in OFFLINE state
24/04/20 21:47:07 DEBUG zookeeper.ZKAssign: MockServer,123,-1-0xff8efd7a31960001 Attempting to transition node 457b2f7d7331ee440e7d711d18748dac from M_ZK_ENTITYGROUP_OFFLINE to FSERVER_ZK_ENTITYGROUP_OPENING
24/04/20 21:47:07 DEBUG zookeeper.ZKUtil: MockServer,123,-1-0xff8efd7a31960001 Retrieved 117 byte(s) of data from znode /wasp/unassigned/457b2f7d7331ee440e7d711d18748dac; data=entityGroup=TestOpenEntityGroupHandler,\x00\x00\x00\x00,1713649627687.457b2f7d7331ee440e7d711d18748dac., state=M_ZK_ENTITYGROUP_OFFLINE, servername=MockServer,123,-1, createTime=1713649627694, payload.length=0
24/04/20 21:47:07 DEBUG zookeeper.ZooKeeperWatcher: MockServer,123,-1-0xff8efd7a31960001 Received ZooKeeper Event, type=NodeDataChanged, state=SyncConnected, path=/wasp/unassigned/457b2f7d7331ee440e7d711d18748dac
24/04/20 21:47:07 DEBUG zookeeper.ZKAssign: MockServer,123,-1-0xff8efd7a31960001 Successfully transitioned node 457b2f7d7331ee440e7d711d18748dac from M_ZK_ENTITYGROUP_OFFLINE to FSERVER_ZK_ENTITYGROUP_OPENING
24/04/20 21:47:07 INFO handler.OpenEntityGroupHandler: Opening of entityGroup {NAME => 'TestOpenEntityGroupHandler,\x00\x00\x00\x00,1713649627687.457b2f7d7331ee440e7d711d18748dac.', STARTKEY => '\x00\x00\x00\x00', ENDKEY => '\x00\x00\x00\x01', ENCODED => 457b2f7d7331ee440e7d711d18748dac,} failed, marking as FAILED_OPEN in ZK
24/04/20 21:47:07 DEBUG zookeeper.ZKAssign: MockServer,123,-1-0xff8efd7a31960001 Attempting to transition node 457b2f7d7331ee440e7d711d18748dac from FSERVER_ZK_ENTITYGROUP_OPENING to FSERVER_ZK_ENTITYGROUP_FAILED_OPEN
24/04/20 21:47:07 DEBUG zookeeper.ZKUtil: MockServer,123,-1-0xff8efd7a31960001 Retrieved 117 byte(s) of data from znode /wasp/unassigned/457b2f7d7331ee440e7d711d18748dac; data=entityGroup=TestOpenEntityGroupHandler,\x00\x00\x00\x00,1713649627687.457b2f7d7331ee440e7d711d18748dac., state=FSERVER_ZK_ENTITYGROUP_OPENING, servername=MockServer,123,-1, createTime=1713649627698, payload.length=0
24/04/20 21:47:07 DEBUG zookeeper.ZKAssign: MockServer,123,-1-0xff8efd7a31960001 Successfully transitioned node 457b2f7d7331ee440e7d711d18748dac from FSERVER_ZK_ENTITYGROUP_OPENING to FSERVER_ZK_ENTITYGROUP_FAILED_OPEN
24/04/20 21:47:07 DEBUG zookeeper.ZKUtil: MockServer,123,-1-0xff8efd7a31960001 Retrieved 117 byte(s) of data from znode /wasp/unassigned/457b2f7d7331ee440e7d711d18748dac and set watcher; entityGroup=TestOpenEntityGroupHandler,\x00\x00\x00\x00,1713649627687.457b2f7d7331ee440e7d711d18748dac., state=FSERVER_ZK_ENTITYGROUP_FAILED_OPEN, servername=MockServer,123,-1, createTime=1713649627702, payload.length=0
24/04/20 21:47:07 DEBUG zookeeper.ZKUtil: MockServer,123,-1 opening connection to ZooKeeper with ensemble (localhost:58999)
24/04/20 21:47:07 INFO zookeeper.RecoverableZooKeeper: The identifier of this process is 51280@22e8d89dc231
24/04/20 21:47:07 INFO server.NIOServerCnxnFactory: Accepted socket connection from /127.0.0.1:35702
24/04/20 21:47:07 DEBUG zookeeper.ZooKeeperWatcher: MockServer,123,-1 Received ZooKeeper Event, type=None, state=SyncConnected, path=null
24/04/20 21:47:07 DEBUG zookeeper.ZooKeeperWatcher: MockServer,123,-1-0xff8efd7a31960002 connected
24/04/20 21:47:07 DEBUG zookeeper.ZKAssign: MockServer,123,-1-0xff8efd7a31960002 Creating unassigned node for b9c23d4760af8d2b53de0094990cab6e in OFFLINE state
24/04/20 21:47:07 DEBUG zookeeper.ZKAssign: MockServer,123,-1-0xff8efd7a31960002 Attempting to transition node b9c23d4760af8d2b53de0094990cab6e from M_ZK_ENTITYGROUP_OFFLINE to FSERVER_ZK_ENTITYGROUP_OPENING
24/04/20 21:47:07 DEBUG zookeeper.ZKUtil: MockServer,123,-1-0xff8efd7a31960002 Retrieved 117 byte(s) of data from znode /wasp/unassigned/b9c23d4760af8d2b53de0094990cab6e; data=entityGroup=TestOpenEntityGroupHandler,\x00\x00\x00\x00,1713649627705.b9c23d4760af8d2b53de0094990cab6e., state=M_ZK_ENTITYGROUP_OFFLINE, servername=MockServer,123,-1, createTime=1713649627712, payload.length=0
24/04/20 21:47:07 DEBUG zookeeper.ZooKeeperWatcher: MockServer,123,-1-0xff8efd7a31960002 Received ZooKeeper Event, type=NodeDataChanged, state=SyncConnected, path=/wasp/unassigned/b9c23d4760af8d2b53de0094990cab6e
24/04/20 21:47:07 DEBUG zookeeper.ZKAssign: MockServer,123,-1-0xff8efd7a31960002 Successfully transitioned node b9c23d4760af8d2b53de0094990cab6e from M_ZK_ENTITYGROUP_OFFLINE to FSERVER_ZK_ENTITYGROUP_OPENING
24/04/20 21:47:07 INFO fserver.EntityGroup: EntityGroup.openEntityGroup EntityGroup name ==TestOpenEntityGroupHandler,\x00\x00\x00\x00,1713649627705.b9c23d4760af8d2b53de0094990cab6e.
24/04/20 21:47:07 DEBUG fserver.EntityGroup: Opening EntityGroup: {NAME => 'TestOpenEntityGroupHandler,\x00\x00\x00\x00,1713649627705.b9c23d4760af8d2b53de0094990cab6e.', STARTKEY => '\x00\x00\x00\x00', ENDKEY => '\x00\x00\x00\x01', ENCODED => b9c23d4760af8d2b53de0094990cab6e,}
24/04/20 21:47:07 DEBUG fserver.MetricsEntityGroupSourceImpl: Creating new MetricsEntityGroupSourceImpl for table TestOpenEntityGroupHandler b9c23d4760af8d2b53de0094990cab6e
24/04/20 21:47:07 DEBUG fserver.EntityGroup: Instantiated TestOpenEntityGroupHandler,\x00\x00\x00\x00,1713649627705.b9c23d4760af8d2b53de0094990cab6e.
24/04/20 21:47:07 DEBUG zookeeper.ZKAssign: MockServer,123,-1-0xff8efd7a31960002 Attempting to transition node b9c23d4760af8d2b53de0094990cab6e from FSERVER_ZK_ENTITYGROUP_OPENING to FSERVER_ZK_ENTITYGROUP_OPENING
24/04/20 21:47:07 ERROR server.NIOServerCnxnFactory: Thread Thread[Thread-81,5,main] died
java.lang.NullPointerException
	at com.alibaba.wasp.fserver.EntityGroup.run(EntityGroup.java:1264)
	at java.lang.Thread.run(Thread.java:748)
24/04/20 21:47:07 DEBUG zookeeper.ZKUtil: MockServer,123,-1-0xff8efd7a31960002 Retrieved 117 byte(s) of data from znode /wasp/unassigned/b9c23d4760af8d2b53de0094990cab6e; data=entityGroup=TestOpenEntityGroupHandler,\x00\x00\x00\x00,1713649627705.b9c23d4760af8d2b53de0094990cab6e., state=FSERVER_ZK_ENTITYGROUP_OPENING, servername=MockServer,123,-1, createTime=1713649627716, payload.length=0
24/04/20 21:47:07 DEBUG zookeeper.ZKAssign: MockServer,123,-1-0xff8efd7a31960002 Successfully transitioned node b9c23d4760af8d2b53de0094990cab6e from FSERVER_ZK_ENTITYGROUP_OPENING to FSERVER_ZK_ENTITYGROUP_OPENING
24/04/20 21:47:07 DEBUG fserver.EntityGroup: Closing TestOpenEntityGroupHandler,\x00\x00\x00\x00,1713649627705.b9c23d4760af8d2b53de0094990cab6e.
24/04/20 21:47:07 DEBUG fserver.EntityGroup: Updates disabled for entityGroup TestOpenEntityGroupHandler,\x00\x00\x00\x00,1713649627705.b9c23d4760af8d2b53de0094990cab6e.
24/04/20 21:47:07 INFO fserver.EntityGroup: Running commit transaction of TestOpenEntityGroupHandler,\x00\x00\x00\x00,1713649627705.b9c23d4760af8d2b53de0094990cab6e. before close
24/04/20 21:47:07 INFO fserver.EntityGroup: Closed TestOpenEntityGroupHandler,\x00\x00\x00\x00,1713649627705.b9c23d4760af8d2b53de0094990cab6e.
24/04/20 21:47:07 INFO handler.OpenEntityGroupHandler: Opening of entityGroup {NAME => 'TestOpenEntityGroupHandler,\x00\x00\x00\x00,1713649627705.b9c23d4760af8d2b53de0094990cab6e.', STARTKEY => '\x00\x00\x00\x00', ENDKEY => '\x00\x00\x00\x01', ENCODED => b9c23d4760af8d2b53de0094990cab6e,} failed, marking as FAILED_OPEN in ZK
24/04/20 21:47:07 DEBUG zookeeper.ZKAssign: MockServer,123,-1-0xff8efd7a31960002 Attempting to transition node b9c23d4760af8d2b53de0094990cab6e from FSERVER_ZK_ENTITYGROUP_OPENING to FSERVER_ZK_ENTITYGROUP_FAILED_OPEN
24/04/20 21:47:07 DEBUG zookeeper.ZKUtil: MockServer,123,-1-0xff8efd7a31960002 Retrieved 117 byte(s) of data from znode /wasp/unassigned/b9c23d4760af8d2b53de0094990cab6e; data=entityGroup=TestOpenEntityGroupHandler,\x00\x00\x00\x00,1713649627705.b9c23d4760af8d2b53de0094990cab6e., state=FSERVER_ZK_ENTITYGROUP_OPENING, servername=MockServer,123,-1, createTime=1713649627720, payload.length=0
24/04/20 21:47:07 DEBUG zookeeper.ZKAssign: MockServer,123,-1-0xff8efd7a31960002 Successfully transitioned node b9c23d4760af8d2b53de0094990cab6e from FSERVER_ZK_ENTITYGROUP_OPENING to FSERVER_ZK_ENTITYGROUP_FAILED_OPEN
24/04/20 21:47:07 DEBUG zookeeper.ZKUtil: MockServer,123,-1-0xff8efd7a31960002 Retrieved 117 byte(s) of data from znode /wasp/unassigned/b9c23d4760af8d2b53de0094990cab6e and set watcher; entityGroup=TestOpenEntityGroupHandler,\x00\x00\x00\x00,1713649627705.b9c23d4760af8d2b53de0094990cab6e., state=FSERVER_ZK_ENTITYGROUP_FAILED_OPEN, servername=MockServer,123,-1, createTime=1713649627724, payload.length=0
24/04/20 21:47:07 INFO server.NIOServerCnxnFactory: NIOServerCnxn factory exited run method
24/04/20 21:47:07 INFO server.SessionTrackerImpl: Shutting down
24/04/20 21:47:07 INFO server.SyncRequestProcessor: Shutting down
24/04/20 21:47:07 INFO server.SyncRequestProcessor: SyncRequestProcessor exited!
24/04/20 21:47:07 INFO server.FinalRequestProcessor: shutdown of request processor complete
24/04/20 21:47:07 INFO wasp.WaspTestingUtility: Starting up minicluster with 1 master(s) and 3 fserver(s) 
24/04/20 21:47:07 DEBUG zookeeper.ZooKeeperWatcher: MockServer,123,-1-0xff8efd7a31960000 Received ZooKeeper Event, type=None, state=Disconnected, path=null
24/04/20 21:47:07 DEBUG zookeeper.ZooKeeperWatcher: MockServer,123,-1-0xff8efd7a31960000 Received Disconnected from ZooKeeper, ignoring
24/04/20 21:47:07 DEBUG zookeeper.ZooKeeperWatcher: MockServer,123,-1-0xff8efd7a31960001 Received ZooKeeper Event, type=None, state=Disconnected, path=null
24/04/20 21:47:07 DEBUG zookeeper.ZooKeeperWatcher: MockServer,123,-1-0xff8efd7a31960001 Received Disconnected from ZooKeeper, ignoring
24/04/20 21:47:07 DEBUG zookeeper.ZooKeeperWatcher: MockServer,123,-1-0xff8efd7a31960002 Received ZooKeeper Event, type=None, state=Disconnected, path=null
24/04/20 21:47:07 DEBUG zookeeper.ZooKeeperWatcher: MockServer,123,-1-0xff8efd7a31960002 Received Disconnected from ZooKeeper, ignoring
24/04/20 21:47:08 INFO server.SessionTrackerImpl: SessionTrackerImpl exited loop!
Starting DataNode 0 with dfs.data.dir: /home/idflakies/alibaba/wasp/target/test-data/769801d0-a7f9-4f48-8cc8-66e3c07aeff9/dfscluster_ad25f13e-63a1-45fd-8c4d-532310940b27/dfs/data/data1,/home/idflakies/alibaba/wasp/target/test-data/769801d0-a7f9-4f48-8cc8-66e3c07aeff9/dfscluster_ad25f13e-63a1-45fd-8c4d-532310940b27/dfs/data/data2
24/04/20 21:47:08 ERROR datanode.DataNode: All directories in dfs.data.dir are invalid.
24/04/20 21:47:08 INFO wasp.WaspTestingUtility: Shutting down mini wasp cluster
24/04/20 21:47:08 INFO wasp.WaspTestingUtility: Minicluster is down
java.lang.NullPointerException
	at org.apache.hadoop.hdfs.MiniDFSCluster.startDataNodes(MiniDFSCluster.java:422)
	at org.apache.hadoop.hdfs.MiniDFSCluster.<init>(MiniDFSCluster.java:280)
	at org.apache.hadoop.hbase.HBaseTestingUtility.startMiniDFSCluster(HBaseTestingUtility.java:451)
	at org.apache.hadoop.hbase.HBaseTestingUtility.startMiniCluster(HBaseTestingUtility.java:619)
	at org.apache.hadoop.hbase.HBaseTestingUtility.startMiniCluster(HBaseTestingUtility.java:575)
	at com.alibaba.wasp.WaspTestingUtility.startMiniCluster(WaspTestingUtility.java:172)
	at com.alibaba.wasp.WaspTestingUtility.startMiniCluster(WaspTestingUtility.java:144)
	at com.alibaba.wasp.messagequeue.TestSubscriber.setUpBeforeClass(TestSubscriber.java:71)
	at sun.reflect.NativeMethodAccessorImpl.invoke0(Native Method)
	at sun.reflect.NativeMethodAccessorImpl.invoke(NativeMethodAccessorImpl.java:62)
	at sun.reflect.DelegatingMethodAccessorImpl.invoke(DelegatingMethodAccessorImpl.java:43)
	at java.lang.reflect.Method.invoke(Method.java:498)
	at org.junit.runners.model.FrameworkMethod$1.runReflectiveCall(FrameworkMethod.java:45)
	at org.junit.internal.runners.model.ReflectiveCallable.run(ReflectiveCallable.java:15)
	at org.junit.runners.model.FrameworkMethod.invokeExplosively(FrameworkMethod.java:42)
	at org.junit.internal.runners.statements.RunBefores.evaluate(RunBefores.java:27)
	at org.junit.internal.runners.statements.RunAfters.evaluate(RunAfters.java:30)
	at org.junit.runners.ParentRunner.run(ParentRunner.java:300)
	at org.junit.runners.Suite.runChild(Suite.java:128)
	at org.junit.runners.Suite.runChild(Suite.java:24)
	at org.junit.runners.ParentRunner$3.run(ParentRunner.java:231)
	at org.junit.runners.ParentRunner$1.schedule(ParentRunner.java:60)
	at org.junit.runners.ParentRunner.runChildren(ParentRunner.java:229)
	at org.junit.runners.ParentRunner.access$000(ParentRunner.java:50)
	at org.junit.runners.ParentRunner$2.evaluate(ParentRunner.java:222)
	at org.junit.runners.ParentRunner.run(ParentRunner.java:300)
	at org.junit.runner.JUnitCore.run(JUnitCore.java:157)
	at org.junit.runner.JUnitCore.run(JUnitCore.java:136)
	at edu.illinois.cs.testrunner.execution.JUnitTestExecutor.execute(JUnitTestExecutor.java:246)
	at edu.illinois.cs.testrunner.execution.JUnitTestExecutor.executeWithJUnit4Runner(JUnitTestExecutor.java:315)
	at edu.illinois.cs.testrunner.execution.JUnitTestExecutor.runOrder(JUnitTestExecutor.java:46)
	at edu.illinois.cs.testrunner.execution.Executor$.$anonfun$run$1(Executor.scala:30)
	at scala.runtime.java8.JFunction0$mcV$sp.apply(JFunction0$mcV$sp.java:12)
	at scala.util.Try$.apply(Try.scala:209)
	at edu.illinois.cs.testrunner.execution.Executor$.run(Executor.scala:28)
	at edu.illinois.cs.testrunner.execution.Executor$.main(Executor.scala:18)
	at edu.illinois.cs.testrunner.execution.Executor.main(Executor.scala)
24/04/20 21:47:08 DEBUG master.TestOpenedEntityGroupHandler: 

TRR: Starting cluster

24/04/20 21:47:08 INFO wasp.WaspTestingUtility: Starting up minicluster with 1 master(s) and 1 fserver(s) 
Starting DataNode 0 with dfs.data.dir: /home/idflakies/alibaba/wasp/target/test-data/7e156f72-8d45-426e-990c-4fe849434f74/dfscluster_edb06536-be2c-4eea-a069-bff66a30a834/dfs/data/data1,/home/idflakies/alibaba/wasp/target/test-data/7e156f72-8d45-426e-990c-4fe849434f74/dfscluster_edb06536-be2c-4eea-a069-bff66a30a834/dfs/data/data2
24/04/20 21:47:08 ERROR datanode.DataNode: All directories in dfs.data.dir are invalid.
24/04/20 21:47:08 INFO wasp.WaspTestingUtility: Shutting down mini wasp cluster
24/04/20 21:47:08 INFO wasp.WaspTestingUtility: Minicluster is down
java.lang.NullPointerException
	at org.apache.hadoop.hdfs.MiniDFSCluster.startDataNodes(MiniDFSCluster.java:422)
	at org.apache.hadoop.hdfs.MiniDFSCluster.<init>(MiniDFSCluster.java:280)
	at org.apache.hadoop.hbase.HBaseTestingUtility.startMiniDFSCluster(HBaseTestingUtility.java:451)
	at org.apache.hadoop.hbase.HBaseTestingUtility.startMiniCluster(HBaseTestingUtility.java:619)
	at org.apache.hadoop.hbase.HBaseTestingUtility.startMiniCluster(HBaseTestingUtility.java:575)
	at com.alibaba.wasp.WaspTestingUtility.startMiniCluster(WaspTestingUtility.java:172)
	at com.alibaba.wasp.master.TestOpenedEntityGroupHandler.testOpenedEntityGroupHandlerOnMasterRestart(TestOpenedEntityGroupHandler.java:93)
	at sun.reflect.NativeMethodAccessorImpl.invoke0(Native Method)
	at sun.reflect.NativeMethodAccessorImpl.invoke(NativeMethodAccessorImpl.java:62)
	at sun.reflect.DelegatingMethodAccessorImpl.invoke(DelegatingMethodAccessorImpl.java:43)
	at java.lang.reflect.Method.invoke(Method.java:498)
	at org.junit.runners.model.FrameworkMethod$1.runReflectiveCall(FrameworkMethod.java:45)
	at org.junit.internal.runners.model.ReflectiveCallable.run(ReflectiveCallable.java:15)
	at org.junit.runners.model.FrameworkMethod.invokeExplosively(FrameworkMethod.java:42)
	at org.junit.internal.runners.statements.InvokeMethod.evaluate(InvokeMethod.java:20)
	at org.junit.internal.runners.statements.RunBefores.evaluate(RunBefores.java:28)
	at org.junit.internal.runners.statements.RunAfters.evaluate(RunAfters.java:30)
	at org.junit.runners.ParentRunner.runLeaf(ParentRunner.java:263)
	at org.junit.runners.BlockJUnit4ClassRunner.runChild(BlockJUnit4ClassRunner.java:68)
	at org.junit.runners.BlockJUnit4ClassRunner.runChild(BlockJUnit4ClassRunner.java:47)
	at org.junit.runners.ParentRunner$3.run(ParentRunner.java:231)
	at org.junit.runners.ParentRunner$1.schedule(ParentRunner.java:60)
	at org.junit.runners.ParentRunner.runChildren(ParentRunner.java:229)
	at org.junit.runners.ParentRunner.access$000(ParentRunner.java:50)
	at org.junit.runners.ParentRunner$2.evaluate(ParentRunner.java:222)
	at org.junit.runners.ParentRunner.run(ParentRunner.java:300)
	at org.junit.runners.Suite.runChild(Suite.java:128)
	at org.junit.runners.Suite.runChild(Suite.java:24)
	at org.junit.runners.ParentRunner$3.run(ParentRunner.java:231)
	at org.junit.runners.ParentRunner$1.schedule(ParentRunner.java:60)
	at org.junit.runners.ParentRunner.runChildren(ParentRunner.java:229)
	at org.junit.runners.ParentRunner.access$000(ParentRunner.java:50)
	at org.junit.runners.ParentRunner$2.evaluate(ParentRunner.java:222)
	at org.junit.runners.ParentRunner.run(ParentRunner.java:300)
	at org.junit.runner.JUnitCore.run(JUnitCore.java:157)
	at org.junit.runner.JUnitCore.run(JUnitCore.java:136)
	at edu.illinois.cs.testrunner.execution.JUnitTestExecutor.execute(JUnitTestExecutor.java:246)
	at edu.illinois.cs.testrunner.execution.JUnitTestExecutor.executeWithJUnit4Runner(JUnitTestExecutor.java:315)
	at edu.illinois.cs.testrunner.execution.JUnitTestExecutor.runOrder(JUnitTestExecutor.java:46)
	at edu.illinois.cs.testrunner.execution.Executor$.$anonfun$run$1(Executor.scala:30)
	at scala.runtime.java8.JFunction0$mcV$sp.apply(JFunction0$mcV$sp.java:12)
	at scala.util.Try$.apply(Try.scala:209)
	at edu.illinois.cs.testrunner.execution.Executor$.run(Executor.scala:28)
	at edu.illinois.cs.testrunner.execution.Executor$.main(Executor.scala:18)
	at edu.illinois.cs.testrunner.execution.Executor.main(Executor.scala)
24/04/20 21:47:08 INFO server.NIOServerCnxnFactory: binding to port 0.0.0.0/0.0.0.0:53425
24/04/20 21:47:08 INFO persistence.FileTxnSnapLog: Snapshotting: 0x0 to /home/idflakies/alibaba/wasp/target/test-data/dcd04989-46dd-4748-8265-a4feadf4379a/dfscluster_5fb9cfd6-75c0-42b7-8faa-4ef3cfb39aa1/zookeeper_0/version-2/snapshot.0
24/04/20 21:47:08 INFO server.NIOServerCnxnFactory: Accepted socket connection from /127.0.0.1:43814
24/04/20 21:47:08 DEBUG zookeeper.ZKUtil: MockServer,123,-1 opening connection to ZooKeeper with ensemble (localhost:53425)
24/04/20 21:47:08 INFO zookeeper.RecoverableZooKeeper: The identifier of this process is 51280@22e8d89dc231
24/04/20 21:47:08 INFO server.NIOServerCnxnFactory: Accepted socket connection from /127.0.0.1:43820
24/04/20 21:47:08 INFO persistence.FileTxnLog: Creating new log file: log.1
24/04/20 21:47:08 DEBUG zookeeper.ZooKeeperWatcher: MockServer,123,-1 Received ZooKeeper Event, type=None, state=SyncConnected, path=null
24/04/20 21:47:08 DEBUG zookeeper.ZooKeeperWatcher: MockServer,123,-1-0xff8efd7a35c00000 connected
24/04/20 21:47:08 INFO fserver.EntityGroup: creating EntityGroup testShouldNotCompeleteOpenedEntityGroupSuccessfullyIfVersionMismatches Table == CREATE TABLE testShouldNotCompeleteOpenedEntityGroupSuccessfullyIfVersionMismatches { 
  REQUIRED INT32 column1 COLUMNFAMILY d;
  REQUIRED INT64 column2 COLUMNFAMILY d;
  REQUIRED STRING column3 COLUMNFAMILY d;
  OPTIONAL FLOAT column4 COLUMNFAMILY d;
  OPTIONAL DOUBLE column5 COLUMNFAMILY d;
  OPTIONAL DATETIME column6 COLUMNFAMILY d;
  REPEATED PROTOBUF column7 COLUMNFAMILY d;
  OPTIONAL STRING column8 COLUMNFAMILY d;
} 
PRIMARY KEY(column1),
ENTITY GROUP ROOT,
ENTITY GROUP KEY(column1);
 Table name == testShouldNotCompeleteOpenedEntityGroupSuccessfullyIfVersionMismatches
24/04/20 21:47:08 DEBUG fserver.EntityGroup: Instantiated testShouldNotCompeleteOpenedEntityGroupSuccessfullyIfVersionMismatches,\x00\x00\x00\x00,1713649628633.b450abfaf83ab18ea999c906dfd0690b.
24/04/20 21:47:08 ERROR server.NIOServerCnxnFactory: Thread Thread[Thread-131,5,main] died
java.lang.NullPointerException
	at com.alibaba.wasp.fserver.EntityGroup.run(EntityGroup.java:1264)
	at java.lang.Thread.run(Thread.java:748)
24/04/20 21:47:08 DEBUG zookeeper.ZKUtil: unittest opening connection to ZooKeeper with ensemble (localhost:53425)
24/04/20 21:47:08 INFO zookeeper.RecoverableZooKeeper: The identifier of this process is 51280@22e8d89dc231
24/04/20 21:47:08 DEBUG zookeeper.ZKAssign: unittest Creating unassigned node for b450abfaf83ab18ea999c906dfd0690b in OFFLINE state
24/04/20 21:47:08 INFO server.NIOServerCnxnFactory: Accepted socket connection from /127.0.0.1:43826
24/04/20 21:47:08 DEBUG zookeeper.ZooKeeperWatcher: unittest Received ZooKeeper Event, type=None, state=SyncConnected, path=null
24/04/20 21:47:08 DEBUG zookeeper.ZooKeeperWatcher: unittest-0xff8efd7a35c00001 connected
24/04/20 21:47:08 DEBUG zookeeper.ZKAssign: unittest-0xff8efd7a35c00001 Attempting to transition node b450abfaf83ab18ea999c906dfd0690b from M_ZK_ENTITYGROUP_OFFLINE to FSERVER_ZK_ENTITYGROUP_OPENING
24/04/20 21:47:08 DEBUG zookeeper.ZKUtil: unittest-0xff8efd7a35c00001 Retrieved 161 byte(s) of data from znode /wasp/unassigned/b450abfaf83ab18ea999c906dfd0690b; data=entityGroup=testShouldNotCompeleteOpenedEntityGroupSuccessfullyIfVersionMismatches,\x00\x00\x00\x00,1713649628633.b450abfaf83ab18ea999c906dfd0690b., state=M_ZK_ENTITYGROUP_OFFLINE, servername=MockServer,123,-1, createTime=1713649628741, payload.length=0
24/04/20 21:47:08 DEBUG zookeeper.ZooKeeperWatcher: unittest-0xff8efd7a35c00001 Received ZooKeeper Event, type=NodeDataChanged, state=SyncConnected, path=/wasp/unassigned/b450abfaf83ab18ea999c906dfd0690b
24/04/20 21:47:08 DEBUG zookeeper.ZKAssign: unittest-0xff8efd7a35c00001 Successfully transitioned node b450abfaf83ab18ea999c906dfd0690b from M_ZK_ENTITYGROUP_OFFLINE to FSERVER_ZK_ENTITYGROUP_OPENING
24/04/20 21:47:08 DEBUG zookeeper.ZKAssign: unittest-0xff8efd7a35c00001 Attempting to transition node b450abfaf83ab18ea999c906dfd0690b from FSERVER_ZK_ENTITYGROUP_OPENING to FSERVER_ZK_ENTITYGROUP_OPENED
24/04/20 21:47:08 DEBUG zookeeper.ZKUtil: unittest-0xff8efd7a35c00001 Retrieved 161 byte(s) of data from znode /wasp/unassigned/b450abfaf83ab18ea999c906dfd0690b; data=entityGroup=testShouldNotCompeleteOpenedEntityGroupSuccessfullyIfVersionMismatches,\x00\x00\x00\x00,1713649628633.b450abfaf83ab18ea999c906dfd0690b., state=FSERVER_ZK_ENTITYGROUP_OPENING, servername=MockServer,123,-1, createTime=1713649628747, payload.length=0
24/04/20 21:47:08 DEBUG zookeeper.ZKAssign: unittest-0xff8efd7a35c00001 Successfully transitioned node b450abfaf83ab18ea999c906dfd0690b from FSERVER_ZK_ENTITYGROUP_OPENING to FSERVER_ZK_ENTITYGROUP_OPENED
24/04/20 21:47:08 DEBUG zookeeper.ZKUtil: unittest-0xff8efd7a35c00001 Retrieved 161 byte(s) of data from znode /wasp/unassigned/b450abfaf83ab18ea999c906dfd0690b and set watcher; entityGroup=testShouldNotCompeleteOpenedEntityGroupSuccessfullyIfVersionMismatches,\x00\x00\x00\x00,1713649628633.b450abfaf83ab18ea999c906dfd0690b., state=FSERVER_ZK_ENTITYGROUP_OPENED, servername=MockServer,123,-1, createTime=1713649628750, payload.length=0
24/04/20 21:47:08 DEBUG zookeeper.ZKAssign: unittest-0xff8efd7a35c00001 Attempting to transition node b450abfaf83ab18ea999c906dfd0690b from FSERVER_ZK_ENTITYGROUP_OPENED to FSERVER_ZK_ENTITYGROUP_OPENED
24/04/20 21:47:08 DEBUG zookeeper.ZKUtil: unittest-0xff8efd7a35c00001 Retrieved 161 byte(s) of data from znode /wasp/unassigned/b450abfaf83ab18ea999c906dfd0690b; data=entityGroup=testShouldNotCompeleteOpenedEntityGroupSuccessfullyIfVersionMismatches,\x00\x00\x00\x00,1713649628633.b450abfaf83ab18ea999c906dfd0690b., state=FSERVER_ZK_ENTITYGROUP_OPENED, servername=MockServer,123,-1, createTime=1713649628750, payload.length=0
24/04/20 21:47:08 DEBUG zookeeper.ZooKeeperWatcher: unittest-0xff8efd7a35c00001 Received ZooKeeper Event, type=NodeDataChanged, state=SyncConnected, path=/wasp/unassigned/b450abfaf83ab18ea999c906dfd0690b
24/04/20 21:47:08 DEBUG zookeeper.ZKAssign: unittest-0xff8efd7a35c00001 Successfully transitioned node b450abfaf83ab18ea999c906dfd0690b from FSERVER_ZK_ENTITYGROUP_OPENED to FSERVER_ZK_ENTITYGROUP_OPENED
24/04/20 21:47:08 WARN handler.OpenedEntityGroupHandler: Skipping the onlining of testShouldNotCompeleteOpenedEntityGroupSuccessfullyIfVersionMismatches,\x00\x00\x00\x00,1713649628633.b450abfaf83ab18ea999c906dfd0690b. because entityGroups is NOT in EGIT -- presuming this is because it SPLIT
24/04/20 21:47:08 DEBUG fserver.EntityGroup: Closing testShouldNotCompeleteOpenedEntityGroupSuccessfullyIfVersionMismatches,\x00\x00\x00\x00,1713649628633.b450abfaf83ab18ea999c906dfd0690b.
24/04/20 21:47:08 DEBUG fserver.EntityGroup: Updates disabled for entityGroup testShouldNotCompeleteOpenedEntityGroupSuccessfullyIfVersionMismatches,\x00\x00\x00\x00,1713649628633.b450abfaf83ab18ea999c906dfd0690b.
24/04/20 21:47:08 INFO fserver.EntityGroup: Running commit transaction of testShouldNotCompeleteOpenedEntityGroupSuccessfullyIfVersionMismatches,\x00\x00\x00\x00,1713649628633.b450abfaf83ab18ea999c906dfd0690b. before close
24/04/20 21:47:08 INFO fserver.EntityGroup: Closed testShouldNotCompeleteOpenedEntityGroupSuccessfullyIfVersionMismatches,\x00\x00\x00\x00,1713649628633.b450abfaf83ab18ea999c906dfd0690b.
24/04/20 21:47:08 INFO server.NIOServerCnxnFactory: NIOServerCnxn factory exited run method
24/04/20 21:47:08 INFO server.SessionTrackerImpl: Shutting down
24/04/20 21:47:08 INFO server.SyncRequestProcessor: Shutting down
24/04/20 21:47:08 INFO server.SyncRequestProcessor: SyncRequestProcessor exited!
24/04/20 21:47:08 INFO server.FinalRequestProcessor: shutdown of request processor complete
24/04/20 21:47:08 INFO wasp.WaspTestingUtility: Shutting down mini wasp cluster
24/04/20 21:47:08 INFO wasp.WaspTestingUtility: Minicluster is down
24/04/20 21:47:08 DEBUG fserver.MetricsEntityGroupSourceImpl: Creating new MetricsEntityGroupSourceImpl for table MetricsEntityGroupWrapperStub DEADBEEF001
24/04/20 21:47:08 INFO wasp.WaspTestingUtility: Starting up minicluster with 1 master(s) and 3 fserver(s) 
24/04/20 21:47:08 DEBUG zookeeper.ZooKeeperWatcher: MockServer,123,-1-0xff8efd7a35c00000 Received ZooKeeper Event, type=None, state=Disconnected, path=null
24/04/20 21:47:08 DEBUG zookeeper.ZooKeeperWatcher: MockServer,123,-1-0xff8efd7a35c00000 Received Disconnected from ZooKeeper, ignoring
24/04/20 21:47:08 DEBUG zookeeper.ZooKeeperWatcher: unittest-0xff8efd7a35c00001 Received ZooKeeper Event, type=None, state=Disconnected, path=null
24/04/20 21:47:08 DEBUG zookeeper.ZooKeeperWatcher: unittest-0xff8efd7a35c00001 Received Disconnected from ZooKeeper, ignoring
Starting DataNode 0 with dfs.data.dir: /home/idflakies/alibaba/wasp/target/test-data/f8589271-2775-46c9-ab67-44a488e87f81/dfscluster_ee0bc7cc-6178-4210-8086-e2c769165a24/dfs/data/data1,/home/idflakies/alibaba/wasp/target/test-data/f8589271-2775-46c9-ab67-44a488e87f81/dfscluster_ee0bc7cc-6178-4210-8086-e2c769165a24/dfs/data/data2
24/04/20 21:47:09 ERROR datanode.DataNode: All directories in dfs.data.dir are invalid.
24/04/20 21:47:09 INFO wasp.WaspTestingUtility: Shutting down mini wasp cluster
24/04/20 21:47:09 INFO wasp.WaspTestingUtility: Minicluster is down
java.lang.NullPointerException
	at org.apache.hadoop.hdfs.MiniDFSCluster.startDataNodes(MiniDFSCluster.java:422)
	at org.apache.hadoop.hdfs.MiniDFSCluster.<init>(MiniDFSCluster.java:280)
	at org.apache.hadoop.hbase.HBaseTestingUtility.startMiniDFSCluster(HBaseTestingUtility.java:451)
	at org.apache.hadoop.hbase.HBaseTestingUtility.startMiniCluster(HBaseTestingUtility.java:619)
	at org.apache.hadoop.hbase.HBaseTestingUtility.startMiniCluster(HBaseTestingUtility.java:575)
	at com.alibaba.wasp.WaspTestingUtility.startMiniCluster(WaspTestingUtility.java:172)
	at com.alibaba.wasp.WaspTestingUtility.startMiniCluster(WaspTestingUtility.java:144)
	at com.alibaba.wasp.jdbc.TestJdbcResultFormatter.setUpBeforeClass(TestJdbcResultFormatter.java:51)
	at sun.reflect.NativeMethodAccessorImpl.invoke0(Native Method)
	at sun.reflect.NativeMethodAccessorImpl.invoke(NativeMethodAccessorImpl.java:62)
	at sun.reflect.DelegatingMethodAccessorImpl.invoke(DelegatingMethodAccessorImpl.java:43)
	at java.lang.reflect.Method.invoke(Method.java:498)
	at org.junit.runners.model.FrameworkMethod$1.runReflectiveCall(FrameworkMethod.java:45)
	at org.junit.internal.runners.model.ReflectiveCallable.run(ReflectiveCallable.java:15)
	at org.junit.runners.model.FrameworkMethod.invokeExplosively(FrameworkMethod.java:42)
	at org.junit.internal.runners.statements.RunBefores.evaluate(RunBefores.java:27)
	at org.junit.internal.runners.statements.RunAfters.evaluate(RunAfters.java:30)
	at org.junit.runners.ParentRunner.run(ParentRunner.java:300)
	at org.junit.runners.Suite.runChild(Suite.java:128)
	at org.junit.runners.Suite.runChild(Suite.java:24)
	at org.junit.runners.ParentRunner$3.run(ParentRunner.java:231)
	at org.junit.runners.ParentRunner$1.schedule(ParentRunner.java:60)
	at org.junit.runners.ParentRunner.runChildren(ParentRunner.java:229)
	at org.junit.runners.ParentRunner.access$000(ParentRunner.java:50)
	at org.junit.runners.ParentRunner$2.evaluate(ParentRunner.java:222)
	at org.junit.runners.ParentRunner.run(ParentRunner.java:300)
	at org.junit.runner.JUnitCore.run(JUnitCore.java:157)
	at org.junit.runner.JUnitCore.run(JUnitCore.java:136)
	at edu.illinois.cs.testrunner.execution.JUnitTestExecutor.execute(JUnitTestExecutor.java:246)
	at edu.illinois.cs.testrunner.execution.JUnitTestExecutor.executeWithJUnit4Runner(JUnitTestExecutor.java:315)
	at edu.illinois.cs.testrunner.execution.JUnitTestExecutor.runOrder(JUnitTestExecutor.java:46)
	at edu.illinois.cs.testrunner.execution.Executor$.$anonfun$run$1(Executor.scala:30)
	at scala.runtime.java8.JFunction0$mcV$sp.apply(JFunction0$mcV$sp.java:12)
	at scala.util.Try$.apply(Try.scala:209)
	at edu.illinois.cs.testrunner.execution.Executor$.run(Executor.scala:28)
	at edu.illinois.cs.testrunner.execution.Executor$.main(Executor.scala:18)
	at edu.illinois.cs.testrunner.execution.Executor.main(Executor.scala)
java.lang.NullPointerException
	at com.alibaba.wasp.jdbc.TestJdbcResultFormatter.tearDownAfterClass(TestJdbcResultFormatter.java:71)
	at sun.reflect.NativeMethodAccessorImpl.invoke0(Native Method)
	at sun.reflect.NativeMethodAccessorImpl.invoke(NativeMethodAccessorImpl.java:62)
	at sun.reflect.DelegatingMethodAccessorImpl.invoke(DelegatingMethodAccessorImpl.java:43)
	at java.lang.reflect.Method.invoke(Method.java:498)
	at org.junit.runners.model.FrameworkMethod$1.runReflectiveCall(FrameworkMethod.java:45)
	at org.junit.internal.runners.model.ReflectiveCallable.run(ReflectiveCallable.java:15)
	at org.junit.runners.model.FrameworkMethod.invokeExplosively(FrameworkMethod.java:42)
	at org.junit.internal.runners.statements.RunAfters.evaluate(RunAfters.java:36)
	at org.junit.runners.ParentRunner.run(ParentRunner.java:300)
	at org.junit.runners.Suite.runChild(Suite.java:128)
	at org.junit.runners.Suite.runChild(Suite.java:24)
	at org.junit.runners.ParentRunner$3.run(ParentRunner.java:231)
	at org.junit.runners.ParentRunner$1.schedule(ParentRunner.java:60)
	at org.junit.runners.ParentRunner.runChildren(ParentRunner.java:229)
	at org.junit.runners.ParentRunner.access$000(ParentRunner.java:50)
	at org.junit.runners.ParentRunner$2.evaluate(ParentRunner.java:222)
	at org.junit.runners.ParentRunner.run(ParentRunner.java:300)
	at org.junit.runner.JUnitCore.run(JUnitCore.java:157)
	at org.junit.runner.JUnitCore.run(JUnitCore.java:136)
	at edu.illinois.cs.testrunner.execution.JUnitTestExecutor.execute(JUnitTestExecutor.java:246)
	at edu.illinois.cs.testrunner.execution.JUnitTestExecutor.executeWithJUnit4Runner(JUnitTestExecutor.java:315)
	at edu.illinois.cs.testrunner.execution.JUnitTestExecutor.runOrder(JUnitTestExecutor.java:46)
	at edu.illinois.cs.testrunner.execution.Executor$.$anonfun$run$1(Executor.scala:30)
	at scala.runtime.java8.JFunction0$mcV$sp.apply(JFunction0$mcV$sp.java:12)
	at scala.util.Try$.apply(Try.scala:209)
	at edu.illinois.cs.testrunner.execution.Executor$.run(Executor.scala:28)
	at edu.illinois.cs.testrunner.execution.Executor$.main(Executor.scala:18)
	at edu.illinois.cs.testrunner.execution.Executor.main(Executor.scala)
24/04/20 21:47:09 DEBUG druid.DruidParser: Parsing SQL CREATE TABLE User { Required Int64 user_id; Required String name; Optional DOUBLE value; }  primary key(user_id),  entity group root, entity group key(user_id);
24/04/20 21:47:09 DEBUG druid.DruidDDLParser: CreateTablePlan CreateTablePlan [table=CREATE TABLE User { 
  REQUIRED INT64 user_id COLUMNFAMILY d;
  REQUIRED STRING name COLUMNFAMILY d;
  OPTIONAL DOUBLE value COLUMNFAMILY d;
} 
PRIMARY KEY(user_id),
ENTITY GROUP ROOT,
ENTITY GROUP KEY(user_id);
, splitKeys=null]
24/04/20 21:47:09 DEBUG druid.DruidParser: Parsing SQL CREATE TABLE Photo { Required Int64 user_id columnfamily cf comment 'aaa';  Required Int32 photo_id comment 'child primary key';  Optional Int64 time; Optional String full_url;  Optional String thumbnail_url; Optional string tag; Optional DATETIME date; Optional Int32 int32Type; }  primary key(user_id,photo_id),  in table User,  Entity Group Key(user_id) references User; 
24/04/20 21:47:09 DEBUG druid.DruidDDLParser: CreateTablePlan CreateTablePlan [table=CREATE TABLE Photo { 
  REQUIRED INT64 user_id COLUMNFAMILY cf;
  REQUIRED INT32 photo_id COLUMNFAMILY d;
  OPTIONAL INT64 time COLUMNFAMILY d;
  OPTIONAL STRING full_url COLUMNFAMILY d;
  OPTIONAL STRING thumbnail_url COLUMNFAMILY d;
  OPTIONAL STRING tag COLUMNFAMILY d;
  OPTIONAL DATETIME date COLUMNFAMILY d;
  OPTIONAL INT32 int32Type COLUMNFAMILY d;
} 
PRIMARY KEY(user_id, photo_id, ),
 IN TABLE User,
 ENTITY GROUP KEY(user_id) REFERENCES User;
, splitKeys=null]
CREATE TABLE User { 
  REQUIRED INT64 user_id COLUMNFAMILY d;
  REQUIRED STRING name COLUMNFAMILY d;
} 
PRIMARY KEY(user_id),
ENTITY GROUP ROOT,
ENTITY GROUP KEY(user_id);



CREATE TABLE Photo { 
  REQUIRED INT64 user_id COLUMNFAMILY d;
  REQUIRED INT32 photo_id COLUMNFAMILY d;
  REQUIRED INT64 time COLUMNFAMILY d;
  REQUIRED STRING full_url COLUMNFAMILY d;
  OPTIONAL STRING thumbnail_url COLUMNFAMILY d;
  REPEATED STRING tag COLUMNFAMILY d;
} 
PRIMARY KEY(user_id, photo_id, ),
 IN TABLE User,
 ENTITY GROUP KEY(user_id) REFERENCES User;

24/04/20 21:47:09 DEBUG druid.DruidParser: Parsing SQL CREATE TABLE User { Required Int64 user_id; Required String name; Optional DOUBLE value; }  primary key(user_id),  entity group root, entity group key(user_id);
24/04/20 21:47:09 DEBUG druid.DruidDDLParser: CreateTablePlan CreateTablePlan [table=CREATE TABLE User { 
  REQUIRED INT64 user_id COLUMNFAMILY d;
  REQUIRED STRING name COLUMNFAMILY d;
  OPTIONAL DOUBLE value COLUMNFAMILY d;
} 
PRIMARY KEY(user_id),
ENTITY GROUP ROOT,
ENTITY GROUP KEY(user_id);
, splitKeys=null]
24/04/20 21:47:09 DEBUG druid.DruidParser: Parsing SQL CREATE TABLE Photo { Required Int64 user_id columnfamily cf comment 'aaa';  Required Int32 photo_id comment 'child primary key';  Optional Int64 time; Optional String full_url;  Optional String thumbnail_url; Optional string tag; Optional DATETIME date; Optional Int32 int32Type; }  primary key(user_id,photo_id),  in table User,  Entity Group Key(user_id) references User; 
24/04/20 21:47:09 DEBUG druid.DruidDDLParser: CreateTablePlan CreateTablePlan [table=CREATE TABLE Photo { 
  REQUIRED INT64 user_id COLUMNFAMILY cf;
  REQUIRED INT32 photo_id COLUMNFAMILY d;
  OPTIONAL INT64 time COLUMNFAMILY d;
  OPTIONAL STRING full_url COLUMNFAMILY d;
  OPTIONAL STRING thumbnail_url COLUMNFAMILY d;
  OPTIONAL STRING tag COLUMNFAMILY d;
  OPTIONAL DATETIME date COLUMNFAMILY d;
  OPTIONAL INT32 int32Type COLUMNFAMILY d;
} 
PRIMARY KEY(user_id, photo_id, ),
 IN TABLE User,
 ENTITY GROUP KEY(user_id) REFERENCES User;
, splitKeys=null]
24/04/20 21:47:09 DEBUG druid.DruidParser: Parsing SQL DELETE FROM User1 WHERE user_id = 123;
24/04/20 21:47:09 DEBUG druid.DruidDMLParser: UPDATE SQL From clause User1
24/04/20 21:47:09 ERROR druid.DruidParserTestUtil: execute
com.alibaba.wasp.TableNotFoundException: User1 not exists!
	at com.alibaba.wasp.plan.parser.druid.FMetaEventOperation.checkAndGetTable(FMetaEventOperation.java:79)
	at com.alibaba.wasp.plan.parser.druid.DruidDMLParser.getDeletePlan(DruidDMLParser.java:200)
	at com.alibaba.wasp.plan.parser.druid.DruidDMLParser.generatePlan(DruidDMLParser.java:108)
	at com.alibaba.wasp.plan.parser.druid.DruidParserTestUtil.execute(DruidParserTestUtil.java:104)
	at com.alibaba.wasp.plan.parser.druid.TestDruidDMLFailParser.getDeleteFailedPlan(TestDruidDMLFailParser.java:142)
	at sun.reflect.NativeMethodAccessorImpl.invoke0(Native Method)
	at sun.reflect.NativeMethodAccessorImpl.invoke(NativeMethodAccessorImpl.java:62)
	at sun.reflect.DelegatingMethodAccessorImpl.invoke(DelegatingMethodAccessorImpl.java:43)
	at java.lang.reflect.Method.invoke(Method.java:498)
	at org.junit.runners.model.FrameworkMethod$1.runReflectiveCall(FrameworkMethod.java:45)
	at org.junit.internal.runners.model.ReflectiveCallable.run(ReflectiveCallable.java:15)
	at org.junit.runners.model.FrameworkMethod.invokeExplosively(FrameworkMethod.java:42)
	at org.junit.internal.runners.statements.InvokeMethod.evaluate(InvokeMethod.java:20)
	at org.junit.internal.runners.statements.RunBefores.evaluate(RunBefores.java:28)
	at org.junit.internal.runners.statements.RunAfters.evaluate(RunAfters.java:30)
	at org.junit.runners.ParentRunner.runLeaf(ParentRunner.java:263)
	at org.junit.runners.BlockJUnit4ClassRunner.runChild(BlockJUnit4ClassRunner.java:68)
	at org.junit.runners.BlockJUnit4ClassRunner.runChild(BlockJUnit4ClassRunner.java:47)
	at org.junit.runners.ParentRunner$3.run(ParentRunner.java:231)
	at org.junit.runners.ParentRunner$1.schedule(ParentRunner.java:60)
	at org.junit.runners.ParentRunner.runChildren(ParentRunner.java:229)
	at org.junit.runners.ParentRunner.access$000(ParentRunner.java:50)
	at org.junit.runners.ParentRunner$2.evaluate(ParentRunner.java:222)
	at org.junit.internal.runners.statements.RunBefores.evaluate(RunBefores.java:28)
	at org.junit.internal.runners.statements.RunAfters.evaluate(RunAfters.java:30)
	at org.junit.runners.ParentRunner.run(ParentRunner.java:300)
	at org.junit.runners.Suite.runChild(Suite.java:128)
	at org.junit.runners.Suite.runChild(Suite.java:24)
	at org.junit.runners.ParentRunner$3.run(ParentRunner.java:231)
	at org.junit.runners.ParentRunner$1.schedule(ParentRunner.java:60)
	at org.junit.runners.ParentRunner.runChildren(ParentRunner.java:229)
	at org.junit.runners.ParentRunner.access$000(ParentRunner.java:50)
	at org.junit.runners.ParentRunner$2.evaluate(ParentRunner.java:222)
	at org.junit.runners.ParentRunner.run(ParentRunner.java:300)
	at org.junit.runner.JUnitCore.run(JUnitCore.java:157)
	at org.junit.runner.JUnitCore.run(JUnitCore.java:136)
	at edu.illinois.cs.testrunner.execution.JUnitTestExecutor.execute(JUnitTestExecutor.java:246)
	at edu.illinois.cs.testrunner.execution.JUnitTestExecutor.executeWithJUnit4Runner(JUnitTestExecutor.java:315)
	at edu.illinois.cs.testrunner.execution.JUnitTestExecutor.runOrder(JUnitTestExecutor.java:46)
	at edu.illinois.cs.testrunner.execution.Executor$.$anonfun$run$1(Executor.scala:30)
	at scala.runtime.java8.JFunction0$mcV$sp.apply(JFunction0$mcV$sp.java:12)
	at scala.util.Try$.apply(Try.scala:209)
	at edu.illinois.cs.testrunner.execution.Executor$.run(Executor.scala:28)
	at edu.illinois.cs.testrunner.execution.Executor$.main(Executor.scala:18)
	at edu.illinois.cs.testrunner.execution.Executor.main(Executor.scala)
24/04/20 21:47:09 DEBUG druid.DruidParser: Parsing SQL DELETE FROM User WHERE user_id2 = 123;
24/04/20 21:47:09 DEBUG druid.DruidDMLParser: UPDATE SQL From clause User
24/04/20 21:47:09 DEBUG druid.DruidDMLParser: UPDATE SQL where user_id2 = 123
24/04/20 21:47:09 ERROR druid.DruidParserTestUtil: execute
com.alibaba.wasp.plan.parser.UnsupportedException: User does not have column 'user_id2'!
	at com.alibaba.wasp.plan.parser.druid.FMetaEventOperation.checkAndGetFields(FMetaEventOperation.java:114)
	at com.alibaba.wasp.plan.parser.druid.DruidDMLParser.getDeletePlan(DruidDMLParser.java:213)
	at com.alibaba.wasp.plan.parser.druid.DruidDMLParser.generatePlan(DruidDMLParser.java:108)
	at com.alibaba.wasp.plan.parser.druid.DruidParserTestUtil.execute(DruidParserTestUtil.java:104)
	at com.alibaba.wasp.plan.parser.druid.TestDruidDMLFailParser.getDeleteFailedPlan(TestDruidDMLFailParser.java:142)
	at sun.reflect.NativeMethodAccessorImpl.invoke0(Native Method)
	at sun.reflect.NativeMethodAccessorImpl.invoke(NativeMethodAccessorImpl.java:62)
	at sun.reflect.DelegatingMethodAccessorImpl.invoke(DelegatingMethodAccessorImpl.java:43)
	at java.lang.reflect.Method.invoke(Method.java:498)
	at org.junit.runners.model.FrameworkMethod$1.runReflectiveCall(FrameworkMethod.java:45)
	at org.junit.internal.runners.model.ReflectiveCallable.run(ReflectiveCallable.java:15)
	at org.junit.runners.model.FrameworkMethod.invokeExplosively(FrameworkMethod.java:42)
	at org.junit.internal.runners.statements.InvokeMethod.evaluate(InvokeMethod.java:20)
	at org.junit.internal.runners.statements.RunBefores.evaluate(RunBefores.java:28)
	at org.junit.internal.runners.statements.RunAfters.evaluate(RunAfters.java:30)
	at org.junit.runners.ParentRunner.runLeaf(ParentRunner.java:263)
	at org.junit.runners.BlockJUnit4ClassRunner.runChild(BlockJUnit4ClassRunner.java:68)
	at org.junit.runners.BlockJUnit4ClassRunner.runChild(BlockJUnit4ClassRunner.java:47)
	at org.junit.runners.ParentRunner$3.run(ParentRunner.java:231)
	at org.junit.runners.ParentRunner$1.schedule(ParentRunner.java:60)
	at org.junit.runners.ParentRunner.runChildren(ParentRunner.java:229)
	at org.junit.runners.ParentRunner.access$000(ParentRunner.java:50)
	at org.junit.runners.ParentRunner$2.evaluate(ParentRunner.java:222)
	at org.junit.internal.runners.statements.RunBefores.evaluate(RunBefores.java:28)
	at org.junit.internal.runners.statements.RunAfters.evaluate(RunAfters.java:30)
	at org.junit.runners.ParentRunner.run(ParentRunner.java:300)
	at org.junit.runners.Suite.runChild(Suite.java:128)
	at org.junit.runners.Suite.runChild(Suite.java:24)
	at org.junit.runners.ParentRunner$3.run(ParentRunner.java:231)
	at org.junit.runners.ParentRunner$1.schedule(ParentRunner.java:60)
	at org.junit.runners.ParentRunner.runChildren(ParentRunner.java:229)
	at org.junit.runners.ParentRunner.access$000(ParentRunner.java:50)
	at org.junit.runners.ParentRunner$2.evaluate(ParentRunner.java:222)
	at org.junit.runners.ParentRunner.run(ParentRunner.java:300)
	at org.junit.runner.JUnitCore.run(JUnitCore.java:157)
	at org.junit.runner.JUnitCore.run(JUnitCore.java:136)
	at edu.illinois.cs.testrunner.execution.JUnitTestExecutor.execute(JUnitTestExecutor.java:246)
	at edu.illinois.cs.testrunner.execution.JUnitTestExecutor.executeWithJUnit4Runner(JUnitTestExecutor.java:315)
	at edu.illinois.cs.testrunner.execution.JUnitTestExecutor.runOrder(JUnitTestExecutor.java:46)
	at edu.illinois.cs.testrunner.execution.Executor$.$anonfun$run$1(Executor.scala:30)
	at scala.runtime.java8.JFunction0$mcV$sp.apply(JFunction0$mcV$sp.java:12)
	at scala.util.Try$.apply(Try.scala:209)
	at edu.illinois.cs.testrunner.execution.Executor$.run(Executor.scala:28)
	at edu.illinois.cs.testrunner.execution.Executor$.main(Executor.scala:18)
	at edu.illinois.cs.testrunner.execution.Executor.main(Executor.scala)
24/04/20 21:47:09 DEBUG druid.DruidParser: Parsing SQL DELETE FROM Photo WHERE photo_id = 123;
24/04/20 21:47:09 DEBUG druid.DruidDMLParser: UPDATE SQL From clause Photo
24/04/20 21:47:09 DEBUG druid.DruidDMLParser: UPDATE SQL where photo_id = 123
24/04/20 21:47:09 ERROR druid.DruidParserTestUtil: execute
com.alibaba.wasp.NotMatchPrimaryKeyException: Not match primary key.
	at com.alibaba.wasp.plan.parser.druid.DruidDMLParser.getDeletePlan(DruidDMLParser.java:218)
	at com.alibaba.wasp.plan.parser.druid.DruidDMLParser.generatePlan(DruidDMLParser.java:108)
	at com.alibaba.wasp.plan.parser.druid.DruidParserTestUtil.execute(DruidParserTestUtil.java:104)
	at com.alibaba.wasp.plan.parser.druid.TestDruidDMLFailParser.getDeleteFailedPlan(TestDruidDMLFailParser.java:142)
	at sun.reflect.NativeMethodAccessorImpl.invoke0(Native Method)
	at sun.reflect.NativeMethodAccessorImpl.invoke(NativeMethodAccessorImpl.java:62)
	at sun.reflect.DelegatingMethodAccessorImpl.invoke(DelegatingMethodAccessorImpl.java:43)
	at java.lang.reflect.Method.invoke(Method.java:498)
	at org.junit.runners.model.FrameworkMethod$1.runReflectiveCall(FrameworkMethod.java:45)
	at org.junit.internal.runners.model.ReflectiveCallable.run(ReflectiveCallable.java:15)
	at org.junit.runners.model.FrameworkMethod.invokeExplosively(FrameworkMethod.java:42)
	at org.junit.internal.runners.statements.InvokeMethod.evaluate(InvokeMethod.java:20)
	at org.junit.internal.runners.statements.RunBefores.evaluate(RunBefores.java:28)
	at org.junit.internal.runners.statements.RunAfters.evaluate(RunAfters.java:30)
	at org.junit.runners.ParentRunner.runLeaf(ParentRunner.java:263)
	at org.junit.runners.BlockJUnit4ClassRunner.runChild(BlockJUnit4ClassRunner.java:68)
	at org.junit.runners.BlockJUnit4ClassRunner.runChild(BlockJUnit4ClassRunner.java:47)
	at org.junit.runners.ParentRunner$3.run(ParentRunner.java:231)
	at org.junit.runners.ParentRunner$1.schedule(ParentRunner.java:60)
	at org.junit.runners.ParentRunner.runChildren(ParentRunner.java:229)
	at org.junit.runners.ParentRunner.access$000(ParentRunner.java:50)
	at org.junit.runners.ParentRunner$2.evaluate(ParentRunner.java:222)
	at org.junit.internal.runners.statements.RunBefores.evaluate(RunBefores.java:28)
	at org.junit.internal.runners.statements.RunAfters.evaluate(RunAfters.java:30)
	at org.junit.runners.ParentRunner.run(ParentRunner.java:300)
	at org.junit.runners.Suite.runChild(Suite.java:128)
	at org.junit.runners.Suite.runChild(Suite.java:24)
	at org.junit.runners.ParentRunner$3.run(ParentRunner.java:231)
	at org.junit.runners.ParentRunner$1.schedule(ParentRunner.java:60)
	at org.junit.runners.ParentRunner.runChildren(ParentRunner.java:229)
	at org.junit.runners.ParentRunner.access$000(ParentRunner.java:50)
	at org.junit.runners.ParentRunner$2.evaluate(ParentRunner.java:222)
	at org.junit.runners.ParentRunner.run(ParentRunner.java:300)
	at org.junit.runner.JUnitCore.run(JUnitCore.java:157)
	at org.junit.runner.JUnitCore.run(JUnitCore.java:136)
	at edu.illinois.cs.testrunner.execution.JUnitTestExecutor.execute(JUnitTestExecutor.java:246)
	at edu.illinois.cs.testrunner.execution.JUnitTestExecutor.executeWithJUnit4Runner(JUnitTestExecutor.java:315)
	at edu.illinois.cs.testrunner.execution.JUnitTestExecutor.runOrder(JUnitTestExecutor.java:46)
	at edu.illinois.cs.testrunner.execution.Executor$.$anonfun$run$1(Executor.scala:30)
	at scala.runtime.java8.JFunction0$mcV$sp.apply(JFunction0$mcV$sp.java:12)
	at scala.util.Try$.apply(Try.scala:209)
	at edu.illinois.cs.testrunner.execution.Executor$.run(Executor.scala:28)
	at edu.illinois.cs.testrunner.execution.Executor$.main(Executor.scala:18)
	at edu.illinois.cs.testrunner.execution.Executor.main(Executor.scala)
24/04/20 21:47:09 DEBUG druid.DruidParser: Parsing SQL DELETE FROM User WHERE user_id >= 123;
24/04/20 21:47:09 DEBUG druid.DruidDMLParser: UPDATE SQL From clause User
24/04/20 21:47:09 DEBUG druid.DruidDMLParser: UPDATE SQL where user_id >= 123
24/04/20 21:47:09 ERROR druid.DruidParserTestUtil: execute
com.alibaba.wasp.plan.parser.UnsupportedException: RANGE is not supported!
	at com.alibaba.wasp.plan.parser.druid.DruidDMLParser.getDeletePlan(DruidDMLParser.java:209)
	at com.alibaba.wasp.plan.parser.druid.DruidDMLParser.generatePlan(DruidDMLParser.java:108)
	at com.alibaba.wasp.plan.parser.druid.DruidParserTestUtil.execute(DruidParserTestUtil.java:104)
	at com.alibaba.wasp.plan.parser.druid.TestDruidDMLFailParser.getDeleteFailedPlan(TestDruidDMLFailParser.java:142)
	at sun.reflect.NativeMethodAccessorImpl.invoke0(Native Method)
	at sun.reflect.NativeMethodAccessorImpl.invoke(NativeMethodAccessorImpl.java:62)
	at sun.reflect.DelegatingMethodAccessorImpl.invoke(DelegatingMethodAccessorImpl.java:43)
	at java.lang.reflect.Method.invoke(Method.java:498)
	at org.junit.runners.model.FrameworkMethod$1.runReflectiveCall(FrameworkMethod.java:45)
	at org.junit.internal.runners.model.ReflectiveCallable.run(ReflectiveCallable.java:15)
	at org.junit.runners.model.FrameworkMethod.invokeExplosively(FrameworkMethod.java:42)
	at org.junit.internal.runners.statements.InvokeMethod.evaluate(InvokeMethod.java:20)
	at org.junit.internal.runners.statements.RunBefores.evaluate(RunBefores.java:28)
	at org.junit.internal.runners.statements.RunAfters.evaluate(RunAfters.java:30)
	at org.junit.runners.ParentRunner.runLeaf(ParentRunner.java:263)
	at org.junit.runners.BlockJUnit4ClassRunner.runChild(BlockJUnit4ClassRunner.java:68)
	at org.junit.runners.BlockJUnit4ClassRunner.runChild(BlockJUnit4ClassRunner.java:47)
	at org.junit.runners.ParentRunner$3.run(ParentRunner.java:231)
	at org.junit.runners.ParentRunner$1.schedule(ParentRunner.java:60)
	at org.junit.runners.ParentRunner.runChildren(ParentRunner.java:229)
	at org.junit.runners.ParentRunner.access$000(ParentRunner.java:50)
	at org.junit.runners.ParentRunner$2.evaluate(ParentRunner.java:222)
	at org.junit.internal.runners.statements.RunBefores.evaluate(RunBefores.java:28)
	at org.junit.internal.runners.statements.RunAfters.evaluate(RunAfters.java:30)
	at org.junit.runners.ParentRunner.run(ParentRunner.java:300)
	at org.junit.runners.Suite.runChild(Suite.java:128)
	at org.junit.runners.Suite.runChild(Suite.java:24)
	at org.junit.runners.ParentRunner$3.run(ParentRunner.java:231)
	at org.junit.runners.ParentRunner$1.schedule(ParentRunner.java:60)
	at org.junit.runners.ParentRunner.runChildren(ParentRunner.java:229)
	at org.junit.runners.ParentRunner.access$000(ParentRunner.java:50)
	at org.junit.runners.ParentRunner$2.evaluate(ParentRunner.java:222)
	at org.junit.runners.ParentRunner.run(ParentRunner.java:300)
	at org.junit.runner.JUnitCore.run(JUnitCore.java:157)
	at org.junit.runner.JUnitCore.run(JUnitCore.java:136)
	at edu.illinois.cs.testrunner.execution.JUnitTestExecutor.execute(JUnitTestExecutor.java:246)
	at edu.illinois.cs.testrunner.execution.JUnitTestExecutor.executeWithJUnit4Runner(JUnitTestExecutor.java:315)
	at edu.illinois.cs.testrunner.execution.JUnitTestExecutor.runOrder(JUnitTestExecutor.java:46)
	at edu.illinois.cs.testrunner.execution.Executor$.$anonfun$run$1(Executor.scala:30)
	at scala.runtime.java8.JFunction0$mcV$sp.apply(JFunction0$mcV$sp.java:12)
	at scala.util.Try$.apply(Try.scala:209)
	at edu.illinois.cs.testrunner.execution.Executor$.run(Executor.scala:28)
	at edu.illinois.cs.testrunner.execution.Executor$.main(Executor.scala:18)
	at edu.illinois.cs.testrunner.execution.Executor.main(Executor.scala)
24/04/20 21:47:09 DEBUG druid.DruidParser: Parsing SQL CREATE TABLE User { Required Int64 user_id; Required String name; Optional DOUBLE value; }  primary key(user_id),  entity group root, entity group key(user_id);
24/04/20 21:47:09 DEBUG druid.DruidDDLParser: CreateTablePlan CreateTablePlan [table=CREATE TABLE User { 
  REQUIRED INT64 user_id COLUMNFAMILY d;
  REQUIRED STRING name COLUMNFAMILY d;
  OPTIONAL DOUBLE value COLUMNFAMILY d;
} 
PRIMARY KEY(user_id),
ENTITY GROUP ROOT,
ENTITY GROUP KEY(user_id);
, splitKeys=null]
24/04/20 21:47:09 DEBUG druid.DruidParser: Parsing SQL CREATE TABLE Photo { Required Int64 user_id columnfamily cf comment 'aaa';  Required Int32 photo_id comment 'child primary key';  Optional Int64 time; Optional String full_url;  Optional String thumbnail_url; Optional string tag; Optional DATETIME date; Optional Int32 int32Type; }  primary key(user_id,photo_id),  in table User,  Entity Group Key(user_id) references User; 
24/04/20 21:47:09 DEBUG druid.DruidDDLParser: CreateTablePlan CreateTablePlan [table=CREATE TABLE Photo { 
  REQUIRED INT64 user_id COLUMNFAMILY cf;
  REQUIRED INT32 photo_id COLUMNFAMILY d;
  OPTIONAL INT64 time COLUMNFAMILY d;
  OPTIONAL STRING full_url COLUMNFAMILY d;
  OPTIONAL STRING thumbnail_url COLUMNFAMILY d;
  OPTIONAL STRING tag COLUMNFAMILY d;
  OPTIONAL DATETIME date COLUMNFAMILY d;
  OPTIONAL INT32 int32Type COLUMNFAMILY d;
} 
PRIMARY KEY(user_id, photo_id, ),
 IN TABLE User,
 ENTITY GROUP KEY(user_id) REFERENCES User;
, splitKeys=null]
24/04/20 21:47:09 DEBUG druid.DruidParser: Parsing SQL UPDATE User1 SET name = 'Mike' WHERE user_id = 123;
24/04/20 21:47:09 DEBUG druid.DruidDMLParser: UPDATE SQL From clause User1
24/04/20 21:47:09 ERROR druid.DruidParserTestUtil: execute
com.alibaba.wasp.TableNotFoundException: User1 not exists!
	at com.alibaba.wasp.plan.parser.druid.FMetaEventOperation.checkAndGetTable(FMetaEventOperation.java:79)
	at com.alibaba.wasp.plan.parser.druid.DruidDMLParser.getUpdatePlan(DruidDMLParser.java:253)
	at com.alibaba.wasp.plan.parser.druid.DruidDMLParser.generatePlan(DruidDMLParser.java:102)
	at com.alibaba.wasp.plan.parser.druid.DruidParserTestUtil.execute(DruidParserTestUtil.java:104)
	at com.alibaba.wasp.plan.parser.druid.TestDruidDMLFailParser.getUpdateFailedPlan(TestDruidDMLFailParser.java:124)
	at sun.reflect.NativeMethodAccessorImpl.invoke0(Native Method)
	at sun.reflect.NativeMethodAccessorImpl.invoke(NativeMethodAccessorImpl.java:62)
	at sun.reflect.DelegatingMethodAccessorImpl.invoke(DelegatingMethodAccessorImpl.java:43)
	at java.lang.reflect.Method.invoke(Method.java:498)
	at org.junit.runners.model.FrameworkMethod$1.runReflectiveCall(FrameworkMethod.java:45)
	at org.junit.internal.runners.model.ReflectiveCallable.run(ReflectiveCallable.java:15)
	at org.junit.runners.model.FrameworkMethod.invokeExplosively(FrameworkMethod.java:42)
	at org.junit.internal.runners.statements.InvokeMethod.evaluate(InvokeMethod.java:20)
	at org.junit.internal.runners.statements.RunBefores.evaluate(RunBefores.java:28)
	at org.junit.internal.runners.statements.RunAfters.evaluate(RunAfters.java:30)
	at org.junit.runners.ParentRunner.runLeaf(ParentRunner.java:263)
	at org.junit.runners.BlockJUnit4ClassRunner.runChild(BlockJUnit4ClassRunner.java:68)
	at org.junit.runners.BlockJUnit4ClassRunner.runChild(BlockJUnit4ClassRunner.java:47)
	at org.junit.runners.ParentRunner$3.run(ParentRunner.java:231)
	at org.junit.runners.ParentRunner$1.schedule(ParentRunner.java:60)
	at org.junit.runners.ParentRunner.runChildren(ParentRunner.java:229)
	at org.junit.runners.ParentRunner.access$000(ParentRunner.java:50)
	at org.junit.runners.ParentRunner$2.evaluate(ParentRunner.java:222)
	at org.junit.internal.runners.statements.RunBefores.evaluate(RunBefores.java:28)
	at org.junit.internal.runners.statements.RunAfters.evaluate(RunAfters.java:30)
	at org.junit.runners.ParentRunner.run(ParentRunner.java:300)
	at org.junit.runners.Suite.runChild(Suite.java:128)
	at org.junit.runners.Suite.runChild(Suite.java:24)
	at org.junit.runners.ParentRunner$3.run(ParentRunner.java:231)
	at org.junit.runners.ParentRunner$1.schedule(ParentRunner.java:60)
	at org.junit.runners.ParentRunner.runChildren(ParentRunner.java:229)
	at org.junit.runners.ParentRunner.access$000(ParentRunner.java:50)
	at org.junit.runners.ParentRunner$2.evaluate(ParentRunner.java:222)
	at org.junit.runners.ParentRunner.run(ParentRunner.java:300)
	at org.junit.runner.JUnitCore.run(JUnitCore.java:157)
	at org.junit.runner.JUnitCore.run(JUnitCore.java:136)
	at edu.illinois.cs.testrunner.execution.JUnitTestExecutor.execute(JUnitTestExecutor.java:246)
	at edu.illinois.cs.testrunner.execution.JUnitTestExecutor.executeWithJUnit4Runner(JUnitTestExecutor.java:315)
	at edu.illinois.cs.testrunner.execution.JUnitTestExecutor.runOrder(JUnitTestExecutor.java:46)
	at edu.illinois.cs.testrunner.execution.Executor$.$anonfun$run$1(Executor.scala:30)
	at scala.runtime.java8.JFunction0$mcV$sp.apply(JFunction0$mcV$sp.java:12)
	at scala.util.Try$.apply(Try.scala:209)
	at edu.illinois.cs.testrunner.execution.Executor$.run(Executor.scala:28)
	at edu.illinois.cs.testrunner.execution.Executor$.main(Executor.scala:18)
	at edu.illinois.cs.testrunner.execution.Executor.main(Executor.scala)
24/04/20 21:47:09 DEBUG druid.DruidParser: Parsing SQL UPDATE User SET name2 = 'Mike' WHERE user_id = 123;
24/04/20 21:47:09 DEBUG druid.DruidDMLParser: UPDATE SQL From clause User
24/04/20 21:47:09 DEBUG druid.DruidDMLParser: UPDATE SQL where user_id = 123
24/04/20 21:47:09 ERROR druid.DruidParserTestUtil: execute
java.lang.NullPointerException
	at com.alibaba.wasp.plan.parser.druid.DruidParser.checkType(DruidParser.java:238)
	at com.alibaba.wasp.plan.parser.druid.DruidDMLParser.getUpdatePlan(DruidDMLParser.java:290)
	at com.alibaba.wasp.plan.parser.druid.DruidDMLParser.generatePlan(DruidDMLParser.java:102)
	at com.alibaba.wasp.plan.parser.druid.DruidParserTestUtil.execute(DruidParserTestUtil.java:104)
	at com.alibaba.wasp.plan.parser.druid.TestDruidDMLFailParser.getUpdateFailedPlan(TestDruidDMLFailParser.java:124)
	at sun.reflect.NativeMethodAccessorImpl.invoke0(Native Method)
	at sun.reflect.NativeMethodAccessorImpl.invoke(NativeMethodAccessorImpl.java:62)
	at sun.reflect.DelegatingMethodAccessorImpl.invoke(DelegatingMethodAccessorImpl.java:43)
	at java.lang.reflect.Method.invoke(Method.java:498)
	at org.junit.runners.model.FrameworkMethod$1.runReflectiveCall(FrameworkMethod.java:45)
	at org.junit.internal.runners.model.ReflectiveCallable.run(ReflectiveCallable.java:15)
	at org.junit.runners.model.FrameworkMethod.invokeExplosively(FrameworkMethod.java:42)
	at org.junit.internal.runners.statements.InvokeMethod.evaluate(InvokeMethod.java:20)
	at org.junit.internal.runners.statements.RunBefores.evaluate(RunBefores.java:28)
	at org.junit.internal.runners.statements.RunAfters.evaluate(RunAfters.java:30)
	at org.junit.runners.ParentRunner.runLeaf(ParentRunner.java:263)
	at org.junit.runners.BlockJUnit4ClassRunner.runChild(BlockJUnit4ClassRunner.java:68)
	at org.junit.runners.BlockJUnit4ClassRunner.runChild(BlockJUnit4ClassRunner.java:47)
	at org.junit.runners.ParentRunner$3.run(ParentRunner.java:231)
	at org.junit.runners.ParentRunner$1.schedule(ParentRunner.java:60)
	at org.junit.runners.ParentRunner.runChildren(ParentRunner.java:229)
	at org.junit.runners.ParentRunner.access$000(ParentRunner.java:50)
	at org.junit.runners.ParentRunner$2.evaluate(ParentRunner.java:222)
	at org.junit.internal.runners.statements.RunBefores.evaluate(RunBefores.java:28)
	at org.junit.internal.runners.statements.RunAfters.evaluate(RunAfters.java:30)
	at org.junit.runners.ParentRunner.run(ParentRunner.java:300)
	at org.junit.runners.Suite.runChild(Suite.java:128)
	at org.junit.runners.Suite.runChild(Suite.java:24)
	at org.junit.runners.ParentRunner$3.run(ParentRunner.java:231)
	at org.junit.runners.ParentRunner$1.schedule(ParentRunner.java:60)
	at org.junit.runners.ParentRunner.runChildren(ParentRunner.java:229)
	at org.junit.runners.ParentRunner.access$000(ParentRunner.java:50)
	at org.junit.runners.ParentRunner$2.evaluate(ParentRunner.java:222)
	at org.junit.runners.ParentRunner.run(ParentRunner.java:300)
	at org.junit.runner.JUnitCore.run(JUnitCore.java:157)
	at org.junit.runner.JUnitCore.run(JUnitCore.java:136)
	at edu.illinois.cs.testrunner.execution.JUnitTestExecutor.execute(JUnitTestExecutor.java:246)
	at edu.illinois.cs.testrunner.execution.JUnitTestExecutor.executeWithJUnit4Runner(JUnitTestExecutor.java:315)
	at edu.illinois.cs.testrunner.execution.JUnitTestExecutor.runOrder(JUnitTestExecutor.java:46)
	at edu.illinois.cs.testrunner.execution.Executor$.$anonfun$run$1(Executor.scala:30)
	at scala.runtime.java8.JFunction0$mcV$sp.apply(JFunction0$mcV$sp.java:12)
	at scala.util.Try$.apply(Try.scala:209)
	at edu.illinois.cs.testrunner.execution.Executor$.run(Executor.scala:28)
	at edu.illinois.cs.testrunner.execution.Executor$.main(Executor.scala:18)
	at edu.illinois.cs.testrunner.execution.Executor.main(Executor.scala)
24/04/20 21:47:09 DEBUG druid.DruidParser: Parsing SQL UPDATE Photo SET time=2000 WHERE photo_id = 123
24/04/20 21:47:09 DEBUG druid.DruidDMLParser: UPDATE SQL From clause Photo
24/04/20 21:47:09 DEBUG druid.DruidDMLParser: UPDATE SQL where photo_id = 123
24/04/20 21:47:09 ERROR druid.DruidParserTestUtil: execute
com.alibaba.wasp.plan.parser.UnsupportedException: [photo_id] is not Primary Key !
	at com.alibaba.wasp.plan.parser.druid.FMetaEventOperation.checkIsPrimaryKey(FMetaEventOperation.java:152)
	at com.alibaba.wasp.plan.parser.druid.DruidDMLParser.getUpdatePlan(DruidDMLParser.java:271)
	at com.alibaba.wasp.plan.parser.druid.DruidDMLParser.generatePlan(DruidDMLParser.java:102)
	at com.alibaba.wasp.plan.parser.druid.DruidParserTestUtil.execute(DruidParserTestUtil.java:104)
	at com.alibaba.wasp.plan.parser.druid.TestDruidDMLFailParser.getUpdateFailedPlan(TestDruidDMLFailParser.java:124)
	at sun.reflect.NativeMethodAccessorImpl.invoke0(Native Method)
	at sun.reflect.NativeMethodAccessorImpl.invoke(NativeMethodAccessorImpl.java:62)
	at sun.reflect.DelegatingMethodAccessorImpl.invoke(DelegatingMethodAccessorImpl.java:43)
	at java.lang.reflect.Method.invoke(Method.java:498)
	at org.junit.runners.model.FrameworkMethod$1.runReflectiveCall(FrameworkMethod.java:45)
	at org.junit.internal.runners.model.ReflectiveCallable.run(ReflectiveCallable.java:15)
	at org.junit.runners.model.FrameworkMethod.invokeExplosively(FrameworkMethod.java:42)
	at org.junit.internal.runners.statements.InvokeMethod.evaluate(InvokeMethod.java:20)
	at org.junit.internal.runners.statements.RunBefores.evaluate(RunBefores.java:28)
	at org.junit.internal.runners.statements.RunAfters.evaluate(RunAfters.java:30)
	at org.junit.runners.ParentRunner.runLeaf(ParentRunner.java:263)
	at org.junit.runners.BlockJUnit4ClassRunner.runChild(BlockJUnit4ClassRunner.java:68)
	at org.junit.runners.BlockJUnit4ClassRunner.runChild(BlockJUnit4ClassRunner.java:47)
	at org.junit.runners.ParentRunner$3.run(ParentRunner.java:231)
	at org.junit.runners.ParentRunner$1.schedule(ParentRunner.java:60)
	at org.junit.runners.ParentRunner.runChildren(ParentRunner.java:229)
	at org.junit.runners.ParentRunner.access$000(ParentRunner.java:50)
	at org.junit.runners.ParentRunner$2.evaluate(ParentRunner.java:222)
	at org.junit.internal.runners.statements.RunBefores.evaluate(RunBefores.java:28)
	at org.junit.internal.runners.statements.RunAfters.evaluate(RunAfters.java:30)
	at org.junit.runners.ParentRunner.run(ParentRunner.java:300)
	at org.junit.runners.Suite.runChild(Suite.java:128)
	at org.junit.runners.Suite.runChild(Suite.java:24)
	at org.junit.runners.ParentRunner$3.run(ParentRunner.java:231)
	at org.junit.runners.ParentRunner$1.schedule(ParentRunner.java:60)
	at org.junit.runners.ParentRunner.runChildren(ParentRunner.java:229)
	at org.junit.runners.ParentRunner.access$000(ParentRunner.java:50)
	at org.junit.runners.ParentRunner$2.evaluate(ParentRunner.java:222)
	at org.junit.runners.ParentRunner.run(ParentRunner.java:300)
	at org.junit.runner.JUnitCore.run(JUnitCore.java:157)
	at org.junit.runner.JUnitCore.run(JUnitCore.java:136)
	at edu.illinois.cs.testrunner.execution.JUnitTestExecutor.execute(JUnitTestExecutor.java:246)
	at edu.illinois.cs.testrunner.execution.JUnitTestExecutor.executeWithJUnit4Runner(JUnitTestExecutor.java:315)
	at edu.illinois.cs.testrunner.execution.JUnitTestExecutor.runOrder(JUnitTestExecutor.java:46)
	at edu.illinois.cs.testrunner.execution.Executor$.$anonfun$run$1(Executor.scala:30)
	at scala.runtime.java8.JFunction0$mcV$sp.apply(JFunction0$mcV$sp.java:12)
	at scala.util.Try$.apply(Try.scala:209)
	at edu.illinois.cs.testrunner.execution.Executor$.run(Executor.scala:28)
	at edu.illinois.cs.testrunner.execution.Executor$.main(Executor.scala:18)
	at edu.illinois.cs.testrunner.execution.Executor.main(Executor.scala)
24/04/20 21:47:09 DEBUG druid.DruidParser: Parsing SQL UPDATE User SET name = 'Mike' WHERE user_id22 = 123;
24/04/20 21:47:09 DEBUG druid.DruidDMLParser: UPDATE SQL From clause User
24/04/20 21:47:09 DEBUG druid.DruidDMLParser: UPDATE SQL where user_id22 = 123
24/04/20 21:47:09 ERROR druid.DruidParserTestUtil: execute
com.alibaba.wasp.plan.parser.UnsupportedException: User does not have column 'user_id22'!
	at com.alibaba.wasp.plan.parser.druid.FMetaEventOperation.checkAndGetFields(FMetaEventOperation.java:114)
	at com.alibaba.wasp.plan.parser.druid.DruidDMLParser.getUpdatePlan(DruidDMLParser.java:269)
	at com.alibaba.wasp.plan.parser.druid.DruidDMLParser.generatePlan(DruidDMLParser.java:102)
	at com.alibaba.wasp.plan.parser.druid.DruidParserTestUtil.execute(DruidParserTestUtil.java:104)
	at com.alibaba.wasp.plan.parser.druid.TestDruidDMLFailParser.getUpdateFailedPlan(TestDruidDMLFailParser.java:124)
	at sun.reflect.NativeMethodAccessorImpl.invoke0(Native Method)
	at sun.reflect.NativeMethodAccessorImpl.invoke(NativeMethodAccessorImpl.java:62)
	at sun.reflect.DelegatingMethodAccessorImpl.invoke(DelegatingMethodAccessorImpl.java:43)
	at java.lang.reflect.Method.invoke(Method.java:498)
	at org.junit.runners.model.FrameworkMethod$1.runReflectiveCall(FrameworkMethod.java:45)
	at org.junit.internal.runners.model.ReflectiveCallable.run(ReflectiveCallable.java:15)
	at org.junit.runners.model.FrameworkMethod.invokeExplosively(FrameworkMethod.java:42)
	at org.junit.internal.runners.statements.InvokeMethod.evaluate(InvokeMethod.java:20)
	at org.junit.internal.runners.statements.RunBefores.evaluate(RunBefores.java:28)
	at org.junit.internal.runners.statements.RunAfters.evaluate(RunAfters.java:30)
	at org.junit.runners.ParentRunner.runLeaf(ParentRunner.java:263)
	at org.junit.runners.BlockJUnit4ClassRunner.runChild(BlockJUnit4ClassRunner.java:68)
	at org.junit.runners.BlockJUnit4ClassRunner.runChild(BlockJUnit4ClassRunner.java:47)
	at org.junit.runners.ParentRunner$3.run(ParentRunner.java:231)
	at org.junit.runners.ParentRunner$1.schedule(ParentRunner.java:60)
	at org.junit.runners.ParentRunner.runChildren(ParentRunner.java:229)
	at org.junit.runners.ParentRunner.access$000(ParentRunner.java:50)
	at org.junit.runners.ParentRunner$2.evaluate(ParentRunner.java:222)
	at org.junit.internal.runners.statements.RunBefores.evaluate(RunBefores.java:28)
	at org.junit.internal.runners.statements.RunAfters.evaluate(RunAfters.java:30)
	at org.junit.runners.ParentRunner.run(ParentRunner.java:300)
	at org.junit.runners.Suite.runChild(Suite.java:128)
	at org.junit.runners.Suite.runChild(Suite.java:24)
	at org.junit.runners.ParentRunner$3.run(ParentRunner.java:231)
	at org.junit.runners.ParentRunner$1.schedule(ParentRunner.java:60)
	at org.junit.runners.ParentRunner.runChildren(ParentRunner.java:229)
	at org.junit.runners.ParentRunner.access$000(ParentRunner.java:50)
	at org.junit.runners.ParentRunner$2.evaluate(ParentRunner.java:222)
	at org.junit.runners.ParentRunner.run(ParentRunner.java:300)
	at org.junit.runner.JUnitCore.run(JUnitCore.java:157)
	at org.junit.runner.JUnitCore.run(JUnitCore.java:136)
	at edu.illinois.cs.testrunner.execution.JUnitTestExecutor.execute(JUnitTestExecutor.java:246)
	at edu.illinois.cs.testrunner.execution.JUnitTestExecutor.executeWithJUnit4Runner(JUnitTestExecutor.java:315)
	at edu.illinois.cs.testrunner.execution.JUnitTestExecutor.runOrder(JUnitTestExecutor.java:46)
	at edu.illinois.cs.testrunner.execution.Executor$.$anonfun$run$1(Executor.scala:30)
	at scala.runtime.java8.JFunction0$mcV$sp.apply(JFunction0$mcV$sp.java:12)
	at scala.util.Try$.apply(Try.scala:209)
	at edu.illinois.cs.testrunner.execution.Executor$.run(Executor.scala:28)
	at edu.illinois.cs.testrunner.execution.Executor$.main(Executor.scala:18)
	at edu.illinois.cs.testrunner.execution.Executor.main(Executor.scala)
24/04/20 21:47:09 DEBUG druid.DruidParser: Parsing SQL UPDATE User SET name = 'Mike' WHERE user_id >= 123;
24/04/20 21:47:09 DEBUG druid.DruidDMLParser: UPDATE SQL From clause User
24/04/20 21:47:09 DEBUG druid.DruidDMLParser: UPDATE SQL where user_id >= 123
24/04/20 21:47:09 ERROR druid.DruidParserTestUtil: execute
com.alibaba.wasp.plan.parser.UnsupportedException: RANGE is not supported by update operation!
	at com.alibaba.wasp.plan.parser.druid.DruidDMLParser.getUpdatePlan(DruidDMLParser.java:263)
	at com.alibaba.wasp.plan.parser.druid.DruidDMLParser.generatePlan(DruidDMLParser.java:102)
	at com.alibaba.wasp.plan.parser.druid.DruidParserTestUtil.execute(DruidParserTestUtil.java:104)
	at com.alibaba.wasp.plan.parser.druid.TestDruidDMLFailParser.getUpdateFailedPlan(TestDruidDMLFailParser.java:124)
	at sun.reflect.NativeMethodAccessorImpl.invoke0(Native Method)
	at sun.reflect.NativeMethodAccessorImpl.invoke(NativeMethodAccessorImpl.java:62)
	at sun.reflect.DelegatingMethodAccessorImpl.invoke(DelegatingMethodAccessorImpl.java:43)
	at java.lang.reflect.Method.invoke(Method.java:498)
	at org.junit.runners.model.FrameworkMethod$1.runReflectiveCall(FrameworkMethod.java:45)
	at org.junit.internal.runners.model.ReflectiveCallable.run(ReflectiveCallable.java:15)
	at org.junit.runners.model.FrameworkMethod.invokeExplosively(FrameworkMethod.java:42)
	at org.junit.internal.runners.statements.InvokeMethod.evaluate(InvokeMethod.java:20)
	at org.junit.internal.runners.statements.RunBefores.evaluate(RunBefores.java:28)
	at org.junit.internal.runners.statements.RunAfters.evaluate(RunAfters.java:30)
	at org.junit.runners.ParentRunner.runLeaf(ParentRunner.java:263)
	at org.junit.runners.BlockJUnit4ClassRunner.runChild(BlockJUnit4ClassRunner.java:68)
	at org.junit.runners.BlockJUnit4ClassRunner.runChild(BlockJUnit4ClassRunner.java:47)
	at org.junit.runners.ParentRunner$3.run(ParentRunner.java:231)
	at org.junit.runners.ParentRunner$1.schedule(ParentRunner.java:60)
	at org.junit.runners.ParentRunner.runChildren(ParentRunner.java:229)
	at org.junit.runners.ParentRunner.access$000(ParentRunner.java:50)
	at org.junit.runners.ParentRunner$2.evaluate(ParentRunner.java:222)
	at org.junit.internal.runners.statements.RunBefores.evaluate(RunBefores.java:28)
	at org.junit.internal.runners.statements.RunAfters.evaluate(RunAfters.java:30)
	at org.junit.runners.ParentRunner.run(ParentRunner.java:300)
	at org.junit.runners.Suite.runChild(Suite.java:128)
	at org.junit.runners.Suite.runChild(Suite.java:24)
	at org.junit.runners.ParentRunner$3.run(ParentRunner.java:231)
	at org.junit.runners.ParentRunner$1.schedule(ParentRunner.java:60)
	at org.junit.runners.ParentRunner.runChildren(ParentRunner.java:229)
	at org.junit.runners.ParentRunner.access$000(ParentRunner.java:50)
	at org.junit.runners.ParentRunner$2.evaluate(ParentRunner.java:222)
	at org.junit.runners.ParentRunner.run(ParentRunner.java:300)
	at org.junit.runner.JUnitCore.run(JUnitCore.java:157)
	at org.junit.runner.JUnitCore.run(JUnitCore.java:136)
	at edu.illinois.cs.testrunner.execution.JUnitTestExecutor.execute(JUnitTestExecutor.java:246)
	at edu.illinois.cs.testrunner.execution.JUnitTestExecutor.executeWithJUnit4Runner(JUnitTestExecutor.java:315)
	at edu.illinois.cs.testrunner.execution.JUnitTestExecutor.runOrder(JUnitTestExecutor.java:46)
	at edu.illinois.cs.testrunner.execution.Executor$.$anonfun$run$1(Executor.scala:30)
	at scala.runtime.java8.JFunction0$mcV$sp.apply(JFunction0$mcV$sp.java:12)
	at scala.util.Try$.apply(Try.scala:209)
	at edu.illinois.cs.testrunner.execution.Executor$.run(Executor.scala:28)
	at edu.illinois.cs.testrunner.execution.Executor$.main(Executor.scala:18)
	at edu.illinois.cs.testrunner.execution.Executor.main(Executor.scala)
24/04/20 21:47:09 DEBUG druid.DruidParser: Parsing SQL UPDATE Photo SET photo_id=2000 WHERE user_id = 321 and photo_id = 123
24/04/20 21:47:09 DEBUG druid.DruidDMLParser: UPDATE SQL From clause Photo
24/04/20 21:47:09 DEBUG druid.DruidDMLParser: UPDATE SQL where user_id = 321 AND photo_id = 123
24/04/20 21:47:09 ERROR druid.DruidParserTestUtil: execute
com.alibaba.wasp.plan.parser.UnsupportedException: photo_id is primary key!
	at com.alibaba.wasp.plan.parser.druid.FMetaEventOperation.checkFieldNotInPrimaryKeys(FMetaEventOperation.java:195)
	at com.alibaba.wasp.plan.parser.druid.DruidDMLParser.getUpdatePlan(DruidDMLParser.java:287)
	at com.alibaba.wasp.plan.parser.druid.DruidDMLParser.generatePlan(DruidDMLParser.java:102)
	at com.alibaba.wasp.plan.parser.druid.DruidParserTestUtil.execute(DruidParserTestUtil.java:104)
	at com.alibaba.wasp.plan.parser.druid.TestDruidDMLFailParser.getUpdateFailedPlan(TestDruidDMLFailParser.java:124)
	at sun.reflect.NativeMethodAccessorImpl.invoke0(Native Method)
	at sun.reflect.NativeMethodAccessorImpl.invoke(NativeMethodAccessorImpl.java:62)
	at sun.reflect.DelegatingMethodAccessorImpl.invoke(DelegatingMethodAccessorImpl.java:43)
	at java.lang.reflect.Method.invoke(Method.java:498)
	at org.junit.runners.model.FrameworkMethod$1.runReflectiveCall(FrameworkMethod.java:45)
	at org.junit.internal.runners.model.ReflectiveCallable.run(ReflectiveCallable.java:15)
	at org.junit.runners.model.FrameworkMethod.invokeExplosively(FrameworkMethod.java:42)
	at org.junit.internal.runners.statements.InvokeMethod.evaluate(InvokeMethod.java:20)
	at org.junit.internal.runners.statements.RunBefores.evaluate(RunBefores.java:28)
	at org.junit.internal.runners.statements.RunAfters.evaluate(RunAfters.java:30)
	at org.junit.runners.ParentRunner.runLeaf(ParentRunner.java:263)
	at org.junit.runners.BlockJUnit4ClassRunner.runChild(BlockJUnit4ClassRunner.java:68)
	at org.junit.runners.BlockJUnit4ClassRunner.runChild(BlockJUnit4ClassRunner.java:47)
	at org.junit.runners.ParentRunner$3.run(ParentRunner.java:231)
	at org.junit.runners.ParentRunner$1.schedule(ParentRunner.java:60)
	at org.junit.runners.ParentRunner.runChildren(ParentRunner.java:229)
	at org.junit.runners.ParentRunner.access$000(ParentRunner.java:50)
	at org.junit.runners.ParentRunner$2.evaluate(ParentRunner.java:222)
	at org.junit.internal.runners.statements.RunBefores.evaluate(RunBefores.java:28)
	at org.junit.internal.runners.statements.RunAfters.evaluate(RunAfters.java:30)
	at org.junit.runners.ParentRunner.run(ParentRunner.java:300)
	at org.junit.runners.Suite.runChild(Suite.java:128)
	at org.junit.runners.Suite.runChild(Suite.java:24)
	at org.junit.runners.ParentRunner$3.run(ParentRunner.java:231)
	at org.junit.runners.ParentRunner$1.schedule(ParentRunner.java:60)
	at org.junit.runners.ParentRunner.runChildren(ParentRunner.java:229)
	at org.junit.runners.ParentRunner.access$000(ParentRunner.java:50)
	at org.junit.runners.ParentRunner$2.evaluate(ParentRunner.java:222)
	at org.junit.runners.ParentRunner.run(ParentRunner.java:300)
	at org.junit.runner.JUnitCore.run(JUnitCore.java:157)
	at org.junit.runner.JUnitCore.run(JUnitCore.java:136)
	at edu.illinois.cs.testrunner.execution.JUnitTestExecutor.execute(JUnitTestExecutor.java:246)
	at edu.illinois.cs.testrunner.execution.JUnitTestExecutor.executeWithJUnit4Runner(JUnitTestExecutor.java:315)
	at edu.illinois.cs.testrunner.execution.JUnitTestExecutor.runOrder(JUnitTestExecutor.java:46)
	at edu.illinois.cs.testrunner.execution.Executor$.$anonfun$run$1(Executor.scala:30)
	at scala.runtime.java8.JFunction0$mcV$sp.apply(JFunction0$mcV$sp.java:12)
	at scala.util.Try$.apply(Try.scala:209)
	at edu.illinois.cs.testrunner.execution.Executor$.run(Executor.scala:28)
	at edu.illinois.cs.testrunner.execution.Executor$.main(Executor.scala:18)
	at edu.illinois.cs.testrunner.execution.Executor.main(Executor.scala)
24/04/20 21:47:09 DEBUG druid.DruidParser: Parsing SQL UPDATE Photo SET int32Type = '22' WHERE user_id = 123 and photo_id=123;
24/04/20 21:47:09 DEBUG druid.DruidDMLParser: UPDATE SQL From clause Photo
24/04/20 21:47:09 DEBUG druid.DruidDMLParser: UPDATE SQL where user_id = 123 AND photo_id = 123
24/04/20 21:47:09 ERROR druid.DruidParserTestUtil: execute
com.alibaba.wasp.plan.parser.UnsupportedException: Unsupported DataType INT32, input is '22'
	at com.alibaba.wasp.plan.parser.druid.DruidParser.checkType(DruidParser.java:258)
	at com.alibaba.wasp.plan.parser.druid.DruidDMLParser.getUpdatePlan(DruidDMLParser.java:290)
	at com.alibaba.wasp.plan.parser.druid.DruidDMLParser.generatePlan(DruidDMLParser.java:102)
	at com.alibaba.wasp.plan.parser.druid.DruidParserTestUtil.execute(DruidParserTestUtil.java:104)
	at com.alibaba.wasp.plan.parser.druid.TestDruidDMLFailParser.getUpdateFailedPlan(TestDruidDMLFailParser.java:124)
	at sun.reflect.NativeMethodAccessorImpl.invoke0(Native Method)
	at sun.reflect.NativeMethodAccessorImpl.invoke(NativeMethodAccessorImpl.java:62)
	at sun.reflect.DelegatingMethodAccessorImpl.invoke(DelegatingMethodAccessorImpl.java:43)
	at java.lang.reflect.Method.invoke(Method.java:498)
	at org.junit.runners.model.FrameworkMethod$1.runReflectiveCall(FrameworkMethod.java:45)
	at org.junit.internal.runners.model.ReflectiveCallable.run(ReflectiveCallable.java:15)
	at org.junit.runners.model.FrameworkMethod.invokeExplosively(FrameworkMethod.java:42)
	at org.junit.internal.runners.statements.InvokeMethod.evaluate(InvokeMethod.java:20)
	at org.junit.internal.runners.statements.RunBefores.evaluate(RunBefores.java:28)
	at org.junit.internal.runners.statements.RunAfters.evaluate(RunAfters.java:30)
	at org.junit.runners.ParentRunner.runLeaf(ParentRunner.java:263)
	at org.junit.runners.BlockJUnit4ClassRunner.runChild(BlockJUnit4ClassRunner.java:68)
	at org.junit.runners.BlockJUnit4ClassRunner.runChild(BlockJUnit4ClassRunner.java:47)
	at org.junit.runners.ParentRunner$3.run(ParentRunner.java:231)
	at org.junit.runners.ParentRunner$1.schedule(ParentRunner.java:60)
	at org.junit.runners.ParentRunner.runChildren(ParentRunner.java:229)
	at org.junit.runners.ParentRunner.access$000(ParentRunner.java:50)
	at org.junit.runners.ParentRunner$2.evaluate(ParentRunner.java:222)
	at org.junit.internal.runners.statements.RunBefores.evaluate(RunBefores.java:28)
	at org.junit.internal.runners.statements.RunAfters.evaluate(RunAfters.java:30)
	at org.junit.runners.ParentRunner.run(ParentRunner.java:300)
	at org.junit.runners.Suite.runChild(Suite.java:128)
	at org.junit.runners.Suite.runChild(Suite.java:24)
	at org.junit.runners.ParentRunner$3.run(ParentRunner.java:231)
	at org.junit.runners.ParentRunner$1.schedule(ParentRunner.java:60)
	at org.junit.runners.ParentRunner.runChildren(ParentRunner.java:229)
	at org.junit.runners.ParentRunner.access$000(ParentRunner.java:50)
	at org.junit.runners.ParentRunner$2.evaluate(ParentRunner.java:222)
	at org.junit.runners.ParentRunner.run(ParentRunner.java:300)
	at org.junit.runner.JUnitCore.run(JUnitCore.java:157)
	at org.junit.runner.JUnitCore.run(JUnitCore.java:136)
	at edu.illinois.cs.testrunner.execution.JUnitTestExecutor.execute(JUnitTestExecutor.java:246)
	at edu.illinois.cs.testrunner.execution.JUnitTestExecutor.executeWithJUnit4Runner(JUnitTestExecutor.java:315)
	at edu.illinois.cs.testrunner.execution.JUnitTestExecutor.runOrder(JUnitTestExecutor.java:46)
	at edu.illinois.cs.testrunner.execution.Executor$.$anonfun$run$1(Executor.scala:30)
	at scala.runtime.java8.JFunction0$mcV$sp.apply(JFunction0$mcV$sp.java:12)
	at scala.util.Try$.apply(Try.scala:209)
	at edu.illinois.cs.testrunner.execution.Executor$.run(Executor.scala:28)
	at edu.illinois.cs.testrunner.execution.Executor$.main(Executor.scala:18)
	at edu.illinois.cs.testrunner.execution.Executor.main(Executor.scala)
24/04/20 21:47:09 DEBUG druid.DruidParser: Parsing SQL CREATE TABLE User { Required Int64 user_id; Required String name; Optional DOUBLE value; }  primary key(user_id),  entity group root, entity group key(user_id);
24/04/20 21:47:09 DEBUG druid.DruidDDLParser: CreateTablePlan CreateTablePlan [table=CREATE TABLE User { 
  REQUIRED INT64 user_id COLUMNFAMILY d;
  REQUIRED STRING name COLUMNFAMILY d;
  OPTIONAL DOUBLE value COLUMNFAMILY d;
} 
PRIMARY KEY(user_id),
ENTITY GROUP ROOT,
ENTITY GROUP KEY(user_id);
, splitKeys=null]
24/04/20 21:47:09 DEBUG druid.DruidParser: Parsing SQL CREATE TABLE Photo { Required Int64 user_id columnfamily cf comment 'aaa';  Required Int32 photo_id comment 'child primary key';  Optional Int64 time; Optional String full_url;  Optional String thumbnail_url; Optional string tag; Optional DATETIME date; Optional Int32 int32Type; }  primary key(user_id,photo_id),  in table User,  Entity Group Key(user_id) references User; 
24/04/20 21:47:09 DEBUG druid.DruidDDLParser: CreateTablePlan CreateTablePlan [table=CREATE TABLE Photo { 
  REQUIRED INT64 user_id COLUMNFAMILY cf;
  REQUIRED INT32 photo_id COLUMNFAMILY d;
  OPTIONAL INT64 time COLUMNFAMILY d;
  OPTIONAL STRING full_url COLUMNFAMILY d;
  OPTIONAL STRING thumbnail_url COLUMNFAMILY d;
  OPTIONAL STRING tag COLUMNFAMILY d;
  OPTIONAL DATETIME date COLUMNFAMILY d;
  OPTIONAL INT32 int32Type COLUMNFAMILY d;
} 
PRIMARY KEY(user_id, photo_id, ),
 IN TABLE User,
 ENTITY GROUP KEY(user_id) REFERENCES User;
, splitKeys=null]
24/04/20 21:47:09 DEBUG druid.DruidParser: Parsing SQL Insert into User1(ID,NAME) values(1,'binlijin');
24/04/20 21:47:09 DEBUG druid.DruidDMLParser: INSERT SQL TableSource User1
24/04/20 21:47:09 DEBUG druid.DruidDMLParser: From table User1
24/04/20 21:47:09 ERROR druid.DruidParserTestUtil: execute
com.alibaba.wasp.TableNotFoundException: User1 not exists!
	at com.alibaba.wasp.plan.parser.druid.FMetaEventOperation.checkAndGetTable(FMetaEventOperation.java:79)
	at com.alibaba.wasp.plan.parser.druid.DruidDMLParser.getInsertPlan(DruidDMLParser.java:129)
	at com.alibaba.wasp.plan.parser.druid.DruidDMLParser.generatePlan(DruidDMLParser.java:105)
	at com.alibaba.wasp.plan.parser.druid.DruidParserTestUtil.execute(DruidParserTestUtil.java:104)
	at com.alibaba.wasp.plan.parser.druid.TestDruidDMLFailParser.getInsertFailedPlan(TestDruidDMLFailParser.java:97)
	at sun.reflect.NativeMethodAccessorImpl.invoke0(Native Method)
	at sun.reflect.NativeMethodAccessorImpl.invoke(NativeMethodAccessorImpl.java:62)
	at sun.reflect.DelegatingMethodAccessorImpl.invoke(DelegatingMethodAccessorImpl.java:43)
	at java.lang.reflect.Method.invoke(Method.java:498)
	at org.junit.runners.model.FrameworkMethod$1.runReflectiveCall(FrameworkMethod.java:45)
	at org.junit.internal.runners.model.ReflectiveCallable.run(ReflectiveCallable.java:15)
	at org.junit.runners.model.FrameworkMethod.invokeExplosively(FrameworkMethod.java:42)
	at org.junit.internal.runners.statements.InvokeMethod.evaluate(InvokeMethod.java:20)
	at org.junit.internal.runners.statements.RunBefores.evaluate(RunBefores.java:28)
	at org.junit.internal.runners.statements.RunAfters.evaluate(RunAfters.java:30)
	at org.junit.runners.ParentRunner.runLeaf(ParentRunner.java:263)
	at org.junit.runners.BlockJUnit4ClassRunner.runChild(BlockJUnit4ClassRunner.java:68)
	at org.junit.runners.BlockJUnit4ClassRunner.runChild(BlockJUnit4ClassRunner.java:47)
	at org.junit.runners.ParentRunner$3.run(ParentRunner.java:231)
	at org.junit.runners.ParentRunner$1.schedule(ParentRunner.java:60)
	at org.junit.runners.ParentRunner.runChildren(ParentRunner.java:229)
	at org.junit.runners.ParentRunner.access$000(ParentRunner.java:50)
	at org.junit.runners.ParentRunner$2.evaluate(ParentRunner.java:222)
	at org.junit.internal.runners.statements.RunBefores.evaluate(RunBefores.java:28)
	at org.junit.internal.runners.statements.RunAfters.evaluate(RunAfters.java:30)
	at org.junit.runners.ParentRunner.run(ParentRunner.java:300)
	at org.junit.runners.Suite.runChild(Suite.java:128)
	at org.junit.runners.Suite.runChild(Suite.java:24)
	at org.junit.runners.ParentRunner$3.run(ParentRunner.java:231)
	at org.junit.runners.ParentRunner$1.schedule(ParentRunner.java:60)
	at org.junit.runners.ParentRunner.runChildren(ParentRunner.java:229)
	at org.junit.runners.ParentRunner.access$000(ParentRunner.java:50)
	at org.junit.runners.ParentRunner$2.evaluate(ParentRunner.java:222)
	at org.junit.runners.ParentRunner.run(ParentRunner.java:300)
	at org.junit.runner.JUnitCore.run(JUnitCore.java:157)
	at org.junit.runner.JUnitCore.run(JUnitCore.java:136)
	at edu.illinois.cs.testrunner.execution.JUnitTestExecutor.execute(JUnitTestExecutor.java:246)
	at edu.illinois.cs.testrunner.execution.JUnitTestExecutor.executeWithJUnit4Runner(JUnitTestExecutor.java:315)
	at edu.illinois.cs.testrunner.execution.JUnitTestExecutor.runOrder(JUnitTestExecutor.java:46)
	at edu.illinois.cs.testrunner.execution.Executor$.$anonfun$run$1(Executor.scala:30)
	at scala.runtime.java8.JFunction0$mcV$sp.apply(JFunction0$mcV$sp.java:12)
	at scala.util.Try$.apply(Try.scala:209)
	at edu.illinois.cs.testrunner.execution.Executor$.run(Executor.scala:28)
	at edu.illinois.cs.testrunner.execution.Executor$.main(Executor.scala:18)
	at edu.illinois.cs.testrunner.execution.Executor.main(Executor.scala)
24/04/20 21:47:09 DEBUG druid.DruidParser: Parsing SQL Insert into User(ID,NAME2) values(1,'binlijin'),(2,'lars');
24/04/20 21:47:09 DEBUG druid.DruidDMLParser: INSERT SQL TableSource User
24/04/20 21:47:09 DEBUG druid.DruidDMLParser: From table User
24/04/20 21:47:09 DEBUG druid.DruidDMLParser:  SQLInsertItem ID
24/04/20 21:47:09 DEBUG druid.DruidDMLParser:  SQLInsertItem NAME2
24/04/20 21:47:09 DEBUG druid.DruidDMLParser: INSERT SQL Insert columns [ID, NAME2]
24/04/20 21:47:09 ERROR druid.DruidParserTestUtil: execute
com.alibaba.wasp.plan.parser.UnsupportedException: User does not have column 'ID'!
	at com.alibaba.wasp.plan.parser.druid.FMetaEventOperation.checkAndGetFields(FMetaEventOperation.java:114)
	at com.alibaba.wasp.plan.parser.druid.DruidDMLParser.getInsertPlan(DruidDMLParser.java:136)
	at com.alibaba.wasp.plan.parser.druid.DruidDMLParser.generatePlan(DruidDMLParser.java:105)
	at com.alibaba.wasp.plan.parser.druid.DruidParserTestUtil.execute(DruidParserTestUtil.java:104)
	at com.alibaba.wasp.plan.parser.druid.TestDruidDMLFailParser.getInsertFailedPlan(TestDruidDMLFailParser.java:97)
	at sun.reflect.NativeMethodAccessorImpl.invoke0(Native Method)
	at sun.reflect.NativeMethodAccessorImpl.invoke(NativeMethodAccessorImpl.java:62)
	at sun.reflect.DelegatingMethodAccessorImpl.invoke(DelegatingMethodAccessorImpl.java:43)
	at java.lang.reflect.Method.invoke(Method.java:498)
	at org.junit.runners.model.FrameworkMethod$1.runReflectiveCall(FrameworkMethod.java:45)
	at org.junit.internal.runners.model.ReflectiveCallable.run(ReflectiveCallable.java:15)
	at org.junit.runners.model.FrameworkMethod.invokeExplosively(FrameworkMethod.java:42)
	at org.junit.internal.runners.statements.InvokeMethod.evaluate(InvokeMethod.java:20)
	at org.junit.internal.runners.statements.RunBefores.evaluate(RunBefores.java:28)
	at org.junit.internal.runners.statements.RunAfters.evaluate(RunAfters.java:30)
	at org.junit.runners.ParentRunner.runLeaf(ParentRunner.java:263)
	at org.junit.runners.BlockJUnit4ClassRunner.runChild(BlockJUnit4ClassRunner.java:68)
	at org.junit.runners.BlockJUnit4ClassRunner.runChild(BlockJUnit4ClassRunner.java:47)
	at org.junit.runners.ParentRunner$3.run(ParentRunner.java:231)
	at org.junit.runners.ParentRunner$1.schedule(ParentRunner.java:60)
	at org.junit.runners.ParentRunner.runChildren(ParentRunner.java:229)
	at org.junit.runners.ParentRunner.access$000(ParentRunner.java:50)
	at org.junit.runners.ParentRunner$2.evaluate(ParentRunner.java:222)
	at org.junit.internal.runners.statements.RunBefores.evaluate(RunBefores.java:28)
	at org.junit.internal.runners.statements.RunAfters.evaluate(RunAfters.java:30)
	at org.junit.runners.ParentRunner.run(ParentRunner.java:300)
	at org.junit.runners.Suite.runChild(Suite.java:128)
	at org.junit.runners.Suite.runChild(Suite.java:24)
	at org.junit.runners.ParentRunner$3.run(ParentRunner.java:231)
	at org.junit.runners.ParentRunner$1.schedule(ParentRunner.java:60)
	at org.junit.runners.ParentRunner.runChildren(ParentRunner.java:229)
	at org.junit.runners.ParentRunner.access$000(ParentRunner.java:50)
	at org.junit.runners.ParentRunner$2.evaluate(ParentRunner.java:222)
	at org.junit.runners.ParentRunner.run(ParentRunner.java:300)
	at org.junit.runner.JUnitCore.run(JUnitCore.java:157)
	at org.junit.runner.JUnitCore.run(JUnitCore.java:136)
	at edu.illinois.cs.testrunner.execution.JUnitTestExecutor.execute(JUnitTestExecutor.java:246)
	at edu.illinois.cs.testrunner.execution.JUnitTestExecutor.executeWithJUnit4Runner(JUnitTestExecutor.java:315)
	at edu.illinois.cs.testrunner.execution.JUnitTestExecutor.runOrder(JUnitTestExecutor.java:46)
	at edu.illinois.cs.testrunner.execution.Executor$.$anonfun$run$1(Executor.scala:30)
	at scala.runtime.java8.JFunction0$mcV$sp.apply(JFunction0$mcV$sp.java:12)
	at scala.util.Try$.apply(Try.scala:209)
	at edu.illinois.cs.testrunner.execution.Executor$.run(Executor.scala:28)
	at edu.illinois.cs.testrunner.execution.Executor$.main(Executor.scala:18)
	at edu.illinois.cs.testrunner.execution.Executor.main(Executor.scala)
24/04/20 21:47:09 DEBUG druid.DruidParser: Parsing SQL Insert into Photo(photo_id,time) values(1, 10000),(2,20000);
24/04/20 21:47:09 DEBUG druid.DruidDMLParser: INSERT SQL TableSource Photo
24/04/20 21:47:09 DEBUG druid.DruidDMLParser: From table Photo
24/04/20 21:47:09 DEBUG druid.DruidDMLParser:  SQLInsertItem photo_id
24/04/20 21:47:09 DEBUG druid.DruidDMLParser:  SQLInsertItem time
24/04/20 21:47:09 DEBUG druid.DruidDMLParser: INSERT SQL Insert columns [photo_id, time]
24/04/20 21:47:09 ERROR druid.DruidParserTestUtil: execute
com.alibaba.wasp.plan.parser.UnsupportedException: PrimaryKeys have 2 Fields, but only find 1 Fields
	at com.alibaba.wasp.plan.parser.druid.FMetaEventOperation.checkRequiredFields(FMetaEventOperation.java:378)
	at com.alibaba.wasp.plan.parser.druid.DruidDMLParser.getInsertPlan(DruidDMLParser.java:137)
	at com.alibaba.wasp.plan.parser.druid.DruidDMLParser.generatePlan(DruidDMLParser.java:105)
	at com.alibaba.wasp.plan.parser.druid.DruidParserTestUtil.execute(DruidParserTestUtil.java:104)
	at com.alibaba.wasp.plan.parser.druid.TestDruidDMLFailParser.getInsertFailedPlan(TestDruidDMLFailParser.java:97)
	at sun.reflect.NativeMethodAccessorImpl.invoke0(Native Method)
	at sun.reflect.NativeMethodAccessorImpl.invoke(NativeMethodAccessorImpl.java:62)
	at sun.reflect.DelegatingMethodAccessorImpl.invoke(DelegatingMethodAccessorImpl.java:43)
	at java.lang.reflect.Method.invoke(Method.java:498)
	at org.junit.runners.model.FrameworkMethod$1.runReflectiveCall(FrameworkMethod.java:45)
	at org.junit.internal.runners.model.ReflectiveCallable.run(ReflectiveCallable.java:15)
	at org.junit.runners.model.FrameworkMethod.invokeExplosively(FrameworkMethod.java:42)
	at org.junit.internal.runners.statements.InvokeMethod.evaluate(InvokeMethod.java:20)
	at org.junit.internal.runners.statements.RunBefores.evaluate(RunBefores.java:28)
	at org.junit.internal.runners.statements.RunAfters.evaluate(RunAfters.java:30)
	at org.junit.runners.ParentRunner.runLeaf(ParentRunner.java:263)
	at org.junit.runners.BlockJUnit4ClassRunner.runChild(BlockJUnit4ClassRunner.java:68)
	at org.junit.runners.BlockJUnit4ClassRunner.runChild(BlockJUnit4ClassRunner.java:47)
	at org.junit.runners.ParentRunner$3.run(ParentRunner.java:231)
	at org.junit.runners.ParentRunner$1.schedule(ParentRunner.java:60)
	at org.junit.runners.ParentRunner.runChildren(ParentRunner.java:229)
	at org.junit.runners.ParentRunner.access$000(ParentRunner.java:50)
	at org.junit.runners.ParentRunner$2.evaluate(ParentRunner.java:222)
	at org.junit.internal.runners.statements.RunBefores.evaluate(RunBefores.java:28)
	at org.junit.internal.runners.statements.RunAfters.evaluate(RunAfters.java:30)
	at org.junit.runners.ParentRunner.run(ParentRunner.java:300)
	at org.junit.runners.Suite.runChild(Suite.java:128)
	at org.junit.runners.Suite.runChild(Suite.java:24)
	at org.junit.runners.ParentRunner$3.run(ParentRunner.java:231)
	at org.junit.runners.ParentRunner$1.schedule(ParentRunner.java:60)
	at org.junit.runners.ParentRunner.runChildren(ParentRunner.java:229)
	at org.junit.runners.ParentRunner.access$000(ParentRunner.java:50)
	at org.junit.runners.ParentRunner$2.evaluate(ParentRunner.java:222)
	at org.junit.runners.ParentRunner.run(ParentRunner.java:300)
	at org.junit.runner.JUnitCore.run(JUnitCore.java:157)
	at org.junit.runner.JUnitCore.run(JUnitCore.java:136)
	at edu.illinois.cs.testrunner.execution.JUnitTestExecutor.execute(JUnitTestExecutor.java:246)
	at edu.illinois.cs.testrunner.execution.JUnitTestExecutor.executeWithJUnit4Runner(JUnitTestExecutor.java:315)
	at edu.illinois.cs.testrunner.execution.JUnitTestExecutor.runOrder(JUnitTestExecutor.java:46)
	at edu.illinois.cs.testrunner.execution.Executor$.$anonfun$run$1(Executor.scala:30)
	at scala.runtime.java8.JFunction0$mcV$sp.apply(JFunction0$mcV$sp.java:12)
	at scala.util.Try$.apply(Try.scala:209)
	at edu.illinois.cs.testrunner.execution.Executor$.run(Executor.scala:28)
	at edu.illinois.cs.testrunner.execution.Executor$.main(Executor.scala:18)
	at edu.illinois.cs.testrunner.execution.Executor.main(Executor.scala)
24/04/20 21:47:09 DEBUG druid.DruidParser: Parsing SQL Insert into User(user_id,name,value) values(1,'binlijin',1.,'aa');
24/04/20 21:47:09 DEBUG druid.DruidDMLParser: INSERT SQL TableSource User
24/04/20 21:47:09 DEBUG druid.DruidDMLParser: From table User
24/04/20 21:47:09 DEBUG druid.DruidDMLParser:  SQLInsertItem user_id
24/04/20 21:47:09 DEBUG druid.DruidDMLParser:  SQLInsertItem name
24/04/20 21:47:09 DEBUG druid.DruidDMLParser:  SQLInsertItem value
24/04/20 21:47:09 DEBUG druid.DruidDMLParser: INSERT SQL Insert columns [user_id, name, value]
24/04/20 21:47:09 DEBUG druid.DruidDMLParser: INSERT SQL Insert Values List [ VALUES (1, 'binlijin', 1, 'aa')]
24/04/20 21:47:09 ERROR druid.DruidParserTestUtil: execute
java.io.IOException: Insert clause 3 columns  not match 4 values 
	at com.alibaba.wasp.plan.parser.druid.DruidDMLParser.buildFieldsPair(DruidDMLParser.java:334)
	at com.alibaba.wasp.plan.parser.druid.DruidDMLParser.genInsertAction(DruidDMLParser.java:180)
	at com.alibaba.wasp.plan.parser.druid.DruidDMLParser.getInsertPlan(DruidDMLParser.java:152)
	at com.alibaba.wasp.plan.parser.druid.DruidDMLParser.generatePlan(DruidDMLParser.java:105)
	at com.alibaba.wasp.plan.parser.druid.DruidParserTestUtil.execute(DruidParserTestUtil.java:104)
	at com.alibaba.wasp.plan.parser.druid.TestDruidDMLFailParser.getInsertFailedPlan(TestDruidDMLFailParser.java:97)
	at sun.reflect.NativeMethodAccessorImpl.invoke0(Native Method)
	at sun.reflect.NativeMethodAccessorImpl.invoke(NativeMethodAccessorImpl.java:62)
	at sun.reflect.DelegatingMethodAccessorImpl.invoke(DelegatingMethodAccessorImpl.java:43)
	at java.lang.reflect.Method.invoke(Method.java:498)
	at org.junit.runners.model.FrameworkMethod$1.runReflectiveCall(FrameworkMethod.java:45)
	at org.junit.internal.runners.model.ReflectiveCallable.run(ReflectiveCallable.java:15)
	at org.junit.runners.model.FrameworkMethod.invokeExplosively(FrameworkMethod.java:42)
	at org.junit.internal.runners.statements.InvokeMethod.evaluate(InvokeMethod.java:20)
	at org.junit.internal.runners.statements.RunBefores.evaluate(RunBefores.java:28)
	at org.junit.internal.runners.statements.RunAfters.evaluate(RunAfters.java:30)
	at org.junit.runners.ParentRunner.runLeaf(ParentRunner.java:263)
	at org.junit.runners.BlockJUnit4ClassRunner.runChild(BlockJUnit4ClassRunner.java:68)
	at org.junit.runners.BlockJUnit4ClassRunner.runChild(BlockJUnit4ClassRunner.java:47)
	at org.junit.runners.ParentRunner$3.run(ParentRunner.java:231)
	at org.junit.runners.ParentRunner$1.schedule(ParentRunner.java:60)
	at org.junit.runners.ParentRunner.runChildren(ParentRunner.java:229)
	at org.junit.runners.ParentRunner.access$000(ParentRunner.java:50)
	at org.junit.runners.ParentRunner$2.evaluate(ParentRunner.java:222)
	at org.junit.internal.runners.statements.RunBefores.evaluate(RunBefores.java:28)
	at org.junit.internal.runners.statements.RunAfters.evaluate(RunAfters.java:30)
	at org.junit.runners.ParentRunner.run(ParentRunner.java:300)
	at org.junit.runners.Suite.runChild(Suite.java:128)
	at org.junit.runners.Suite.runChild(Suite.java:24)
	at org.junit.runners.ParentRunner$3.run(ParentRunner.java:231)
	at org.junit.runners.ParentRunner$1.schedule(ParentRunner.java:60)
	at org.junit.runners.ParentRunner.runChildren(ParentRunner.java:229)
	at org.junit.runners.ParentRunner.access$000(ParentRunner.java:50)
	at org.junit.runners.ParentRunner$2.evaluate(ParentRunner.java:222)
	at org.junit.runners.ParentRunner.run(ParentRunner.java:300)
	at org.junit.runner.JUnitCore.run(JUnitCore.java:157)
	at org.junit.runner.JUnitCore.run(JUnitCore.java:136)
	at edu.illinois.cs.testrunner.execution.JUnitTestExecutor.execute(JUnitTestExecutor.java:246)
	at edu.illinois.cs.testrunner.execution.JUnitTestExecutor.executeWithJUnit4Runner(JUnitTestExecutor.java:315)
	at edu.illinois.cs.testrunner.execution.JUnitTestExecutor.runOrder(JUnitTestExecutor.java:46)
	at edu.illinois.cs.testrunner.execution.Executor$.$anonfun$run$1(Executor.scala:30)
	at scala.runtime.java8.JFunction0$mcV$sp.apply(JFunction0$mcV$sp.java:12)
	at scala.util.Try$.apply(Try.scala:209)
	at edu.illinois.cs.testrunner.execution.Executor$.run(Executor.scala:28)
	at edu.illinois.cs.testrunner.execution.Executor$.main(Executor.scala:18)
	at edu.illinois.cs.testrunner.execution.Executor.main(Executor.scala)
24/04/20 21:47:09 DEBUG druid.DruidParser: Parsing SQL Insert into User(user_id,name,value) values(1,'binlijin');
24/04/20 21:47:09 DEBUG druid.DruidDMLParser: INSERT SQL TableSource User
24/04/20 21:47:09 DEBUG druid.DruidDMLParser: From table User
24/04/20 21:47:09 DEBUG druid.DruidDMLParser:  SQLInsertItem user_id
24/04/20 21:47:09 DEBUG druid.DruidDMLParser:  SQLInsertItem name
24/04/20 21:47:09 DEBUG druid.DruidDMLParser:  SQLInsertItem value
24/04/20 21:47:09 DEBUG druid.DruidDMLParser: INSERT SQL Insert columns [user_id, name, value]
24/04/20 21:47:09 DEBUG druid.DruidDMLParser: INSERT SQL Insert Values List [ VALUES (1, 'binlijin')]
24/04/20 21:47:09 ERROR druid.DruidParserTestUtil: execute
java.io.IOException: Insert clause 3 columns  not match 2 values 
	at com.alibaba.wasp.plan.parser.druid.DruidDMLParser.buildFieldsPair(DruidDMLParser.java:334)
	at com.alibaba.wasp.plan.parser.druid.DruidDMLParser.genInsertAction(DruidDMLParser.java:180)
	at com.alibaba.wasp.plan.parser.druid.DruidDMLParser.getInsertPlan(DruidDMLParser.java:152)
	at com.alibaba.wasp.plan.parser.druid.DruidDMLParser.generatePlan(DruidDMLParser.java:105)
	at com.alibaba.wasp.plan.parser.druid.DruidParserTestUtil.execute(DruidParserTestUtil.java:104)
	at com.alibaba.wasp.plan.parser.druid.TestDruidDMLFailParser.getInsertFailedPlan(TestDruidDMLFailParser.java:97)
	at sun.reflect.NativeMethodAccessorImpl.invoke0(Native Method)
	at sun.reflect.NativeMethodAccessorImpl.invoke(NativeMethodAccessorImpl.java:62)
	at sun.reflect.DelegatingMethodAccessorImpl.invoke(DelegatingMethodAccessorImpl.java:43)
	at java.lang.reflect.Method.invoke(Method.java:498)
	at org.junit.runners.model.FrameworkMethod$1.runReflectiveCall(FrameworkMethod.java:45)
	at org.junit.internal.runners.model.ReflectiveCallable.run(ReflectiveCallable.java:15)
	at org.junit.runners.model.FrameworkMethod.invokeExplosively(FrameworkMethod.java:42)
	at org.junit.internal.runners.statements.InvokeMethod.evaluate(InvokeMethod.java:20)
	at org.junit.internal.runners.statements.RunBefores.evaluate(RunBefores.java:28)
	at org.junit.internal.runners.statements.RunAfters.evaluate(RunAfters.java:30)
	at org.junit.runners.ParentRunner.runLeaf(ParentRunner.java:263)
	at org.junit.runners.BlockJUnit4ClassRunner.runChild(BlockJUnit4ClassRunner.java:68)
	at org.junit.runners.BlockJUnit4ClassRunner.runChild(BlockJUnit4ClassRunner.java:47)
	at org.junit.runners.ParentRunner$3.run(ParentRunner.java:231)
	at org.junit.runners.ParentRunner$1.schedule(ParentRunner.java:60)
	at org.junit.runners.ParentRunner.runChildren(ParentRunner.java:229)
	at org.junit.runners.ParentRunner.access$000(ParentRunner.java:50)
	at org.junit.runners.ParentRunner$2.evaluate(ParentRunner.java:222)
	at org.junit.internal.runners.statements.RunBefores.evaluate(RunBefores.java:28)
	at org.junit.internal.runners.statements.RunAfters.evaluate(RunAfters.java:30)
	at org.junit.runners.ParentRunner.run(ParentRunner.java:300)
	at org.junit.runners.Suite.runChild(Suite.java:128)
	at org.junit.runners.Suite.runChild(Suite.java:24)
	at org.junit.runners.ParentRunner$3.run(ParentRunner.java:231)
	at org.junit.runners.ParentRunner$1.schedule(ParentRunner.java:60)
	at org.junit.runners.ParentRunner.runChildren(ParentRunner.java:229)
	at org.junit.runners.ParentRunner.access$000(ParentRunner.java:50)
	at org.junit.runners.ParentRunner$2.evaluate(ParentRunner.java:222)
	at org.junit.runners.ParentRunner.run(ParentRunner.java:300)
	at org.junit.runner.JUnitCore.run(JUnitCore.java:157)
	at org.junit.runner.JUnitCore.run(JUnitCore.java:136)
	at edu.illinois.cs.testrunner.execution.JUnitTestExecutor.execute(JUnitTestExecutor.java:246)
	at edu.illinois.cs.testrunner.execution.JUnitTestExecutor.executeWithJUnit4Runner(JUnitTestExecutor.java:315)
	at edu.illinois.cs.testrunner.execution.JUnitTestExecutor.runOrder(JUnitTestExecutor.java:46)
	at edu.illinois.cs.testrunner.execution.Executor$.$anonfun$run$1(Executor.scala:30)
	at scala.runtime.java8.JFunction0$mcV$sp.apply(JFunction0$mcV$sp.java:12)
	at scala.util.Try$.apply(Try.scala:209)
	at edu.illinois.cs.testrunner.execution.Executor$.run(Executor.scala:28)
	at edu.illinois.cs.testrunner.execution.Executor$.main(Executor.scala:18)
	at edu.illinois.cs.testrunner.execution.Executor.main(Executor.scala)
24/04/20 21:47:09 DEBUG fserver.MetricsEntityGroupSourceImpl: Creating new MetricsEntityGroupSourceImpl for table null TEST
24/04/20 21:47:09 DEBUG fserver.MetricsEntityGroupSourceImpl: Creating new MetricsEntityGroupSourceImpl for table null TEST
24/04/20 21:47:09 DEBUG fserver.MetricsEntityGroupSourceImpl: Creating new MetricsEntityGroupSourceImpl for table null TWO
Starting DataNode 0 with dfs.data.dir: /home/idflakies/alibaba/wasp/target/test-data/af73bca3-1a2e-46fc-be6f-b1db09a8b83b/dfscluster_91bfc2e5-a477-4163-9c2b-b6ade141bd5c/dfs/data/data1,/home/idflakies/alibaba/wasp/target/test-data/af73bca3-1a2e-46fc-be6f-b1db09a8b83b/dfscluster_91bfc2e5-a477-4163-9c2b-b6ade141bd5c/dfs/data/data2
24/04/20 21:47:09 ERROR datanode.DataNode: All directories in dfs.data.dir are invalid.
java.lang.NullPointerException
	at org.apache.hadoop.hdfs.MiniDFSCluster.startDataNodes(MiniDFSCluster.java:422)
	at org.apache.hadoop.hdfs.MiniDFSCluster.<init>(MiniDFSCluster.java:280)
	at org.apache.hadoop.hbase.HBaseTestingUtility.startMiniDFSCluster(HBaseTestingUtility.java:451)
	at org.apache.hadoop.hbase.HBaseTestingUtility.startMiniCluster(HBaseTestingUtility.java:619)
	at org.apache.hadoop.hbase.HBaseTestingUtility.startMiniCluster(HBaseTestingUtility.java:575)
	at org.apache.hadoop.hbase.HBaseTestingUtility.startMiniCluster(HBaseTestingUtility.java:562)
	at com.alibaba.wasp.meta.TestFMetaStore.setUpBeforeClass(TestFMetaStore.java:73)
	at sun.reflect.NativeMethodAccessorImpl.invoke0(Native Method)
	at sun.reflect.NativeMethodAccessorImpl.invoke(NativeMethodAccessorImpl.java:62)
	at sun.reflect.DelegatingMethodAccessorImpl.invoke(DelegatingMethodAccessorImpl.java:43)
	at java.lang.reflect.Method.invoke(Method.java:498)
	at org.junit.runners.model.FrameworkMethod$1.runReflectiveCall(FrameworkMethod.java:45)
	at org.junit.internal.runners.model.ReflectiveCallable.run(ReflectiveCallable.java:15)
	at org.junit.runners.model.FrameworkMethod.invokeExplosively(FrameworkMethod.java:42)
	at org.junit.internal.runners.statements.RunBefores.evaluate(RunBefores.java:27)
	at org.junit.internal.runners.statements.RunAfters.evaluate(RunAfters.java:30)
	at org.junit.runners.ParentRunner.run(ParentRunner.java:300)
	at org.junit.runners.Suite.runChild(Suite.java:128)
	at org.junit.runners.Suite.runChild(Suite.java:24)
	at org.junit.runners.ParentRunner$3.run(ParentRunner.java:231)
	at org.junit.runners.ParentRunner$1.schedule(ParentRunner.java:60)
	at org.junit.runners.ParentRunner.runChildren(ParentRunner.java:229)
	at org.junit.runners.ParentRunner.access$000(ParentRunner.java:50)
	at org.junit.runners.ParentRunner$2.evaluate(ParentRunner.java:222)
	at org.junit.runners.ParentRunner.run(ParentRunner.java:300)
	at org.junit.runner.JUnitCore.run(JUnitCore.java:157)
	at org.junit.runner.JUnitCore.run(JUnitCore.java:136)
	at edu.illinois.cs.testrunner.execution.JUnitTestExecutor.execute(JUnitTestExecutor.java:246)
	at edu.illinois.cs.testrunner.execution.JUnitTestExecutor.executeWithJUnit4Runner(JUnitTestExecutor.java:315)
	at edu.illinois.cs.testrunner.execution.JUnitTestExecutor.runOrder(JUnitTestExecutor.java:46)
	at edu.illinois.cs.testrunner.execution.Executor$.$anonfun$run$1(Executor.scala:30)
	at scala.runtime.java8.JFunction0$mcV$sp.apply(JFunction0$mcV$sp.java:12)
	at scala.util.Try$.apply(Try.scala:209)
	at edu.illinois.cs.testrunner.execution.Executor$.run(Executor.scala:28)
	at edu.illinois.cs.testrunner.execution.Executor$.main(Executor.scala:18)
	at edu.illinois.cs.testrunner.execution.Executor.main(Executor.scala)
24/04/20 21:47:09 INFO balancer.TestDefaultLoadBalancer: Mock Cluster : { srv47293:0 } [srvr=1 rgns=0 avg=0.0 max=0 min=0]
24/04/20 21:47:09 INFO balancer.DefaultLoadBalancer: Skipping load balancing because balanced cluster; servers=1 entityGroups=0 average=0.0 mostloaded=0 leastloaded=0
24/04/20 21:47:09 INFO balancer.TestDefaultLoadBalancer: Mock Balance : {  }
24/04/20 21:47:09 INFO balancer.TestDefaultLoadBalancer: Mock Cluster : { srv47293:1 } [srvr=1 rgns=1 avg=1.0 max=1 min=1]
24/04/20 21:47:09 INFO balancer.DefaultLoadBalancer: Skipping load balancing because balanced cluster; servers=1 entityGroups=1 average=1.0 mostloaded=1 leastloaded=1
24/04/20 21:47:09 INFO balancer.TestDefaultLoadBalancer: Mock Balance : {  }
24/04/20 21:47:09 INFO balancer.TestDefaultLoadBalancer: Mock Cluster : { srv47293:10 } [srvr=1 rgns=10 avg=10.0 max=10 min=10]
24/04/20 21:47:09 INFO balancer.DefaultLoadBalancer: Skipping load balancing because balanced cluster; servers=1 entityGroups=10 average=10.0 mostloaded=10 leastloaded=10
24/04/20 21:47:09 INFO balancer.TestDefaultLoadBalancer: Mock Balance : {  }
24/04/20 21:47:09 INFO balancer.TestDefaultLoadBalancer: Mock Cluster : { srv47293:0 , srv4747:0 } [srvr=2 rgns=0 avg=0.0 max=0 min=0]
24/04/20 21:47:09 INFO balancer.DefaultLoadBalancer: Skipping load balancing because balanced cluster; servers=2 entityGroups=0 average=0.0 mostloaded=0 leastloaded=0
24/04/20 21:47:09 INFO balancer.TestDefaultLoadBalancer: Mock Balance : {  }
24/04/20 21:47:09 INFO balancer.TestDefaultLoadBalancer: Mock Cluster : { srv4747:0 , srv47293:2 } [srvr=2 rgns=2 avg=1.0 max=1 min=1]
24/04/20 21:47:09 DEBUG balancer.DefaultLoadBalancer: Balance parameter: numEntityGroups=2, numServers=2, max=1, min=1
24/04/20 21:47:09 INFO balancer.DefaultLoadBalancer: Calculated a load balance in 5ms. Moving 1 entityGroups off of 1 overloaded servers onto 1 less loaded servers
24/04/20 21:47:09 INFO balancer.TestDefaultLoadBalancer: Mock Balance : { srv47293:1 , srv4747:1 }
24/04/20 21:47:09 INFO balancer.TestDefaultLoadBalancer: Mock Cluster : { srv4747:1 , srv47293:2 } [srvr=2 rgns=3 avg=1.5 max=2 min=1]
24/04/20 21:47:09 INFO balancer.DefaultLoadBalancer: Skipping load balancing because balanced cluster; servers=2 entityGroups=3 average=1.5 mostloaded=2 leastloaded=1
24/04/20 21:47:09 INFO balancer.TestDefaultLoadBalancer: Mock Balance : {  }
24/04/20 21:47:09 INFO balancer.TestDefaultLoadBalancer: Mock Cluster : { srv47293:2 , srv4747:2 } [srvr=2 rgns=4 avg=2.0 max=2 min=2]
24/04/20 21:47:09 INFO balancer.DefaultLoadBalancer: Skipping load balancing because balanced cluster; servers=2 entityGroups=4 average=2.0 mostloaded=2 leastloaded=2
24/04/20 21:47:09 INFO balancer.TestDefaultLoadBalancer: Mock Balance : {  }
24/04/20 21:47:09 INFO balancer.TestDefaultLoadBalancer: Mock Cluster : { srv47293:2 , srv4747:3 } [srvr=2 rgns=5 avg=2.5 max=3 min=2]
24/04/20 21:47:09 INFO balancer.DefaultLoadBalancer: Skipping load balancing because balanced cluster; servers=2 entityGroups=5 average=2.5 mostloaded=3 leastloaded=2
24/04/20 21:47:09 INFO balancer.TestDefaultLoadBalancer: Mock Balance : {  }
24/04/20 21:47:09 INFO balancer.TestDefaultLoadBalancer: Mock Cluster : { srv47293:2 , srv4747:4 } [srvr=2 rgns=6 avg=3.0 max=3 min=3]
24/04/20 21:47:09 DEBUG balancer.DefaultLoadBalancer: Balance parameter: numEntityGroups=6, numServers=2, max=3, min=3
24/04/20 21:47:09 INFO balancer.DefaultLoadBalancer: Calculated a load balance in 0ms. Moving 1 entityGroups off of 1 overloaded servers onto 1 less loaded servers
24/04/20 21:47:09 INFO balancer.TestDefaultLoadBalancer: Mock Balance : { srv47293:3 , srv4747:3 }
24/04/20 21:47:09 INFO balancer.TestDefaultLoadBalancer: Mock Cluster : { srv47293:1 , srv4747:1 } [srvr=2 rgns=2 avg=1.0 max=1 min=1]
24/04/20 21:47:09 INFO balancer.DefaultLoadBalancer: Skipping load balancing because balanced cluster; servers=2 entityGroups=2 average=1.0 mostloaded=1 leastloaded=1
24/04/20 21:47:09 INFO balancer.TestDefaultLoadBalancer: Mock Balance : {  }
24/04/20 21:47:09 INFO balancer.TestDefaultLoadBalancer: Mock Cluster : { srv47293:0 , srv4747:1 } [srvr=2 rgns=1 avg=0.5 max=1 min=0]
24/04/20 21:47:09 INFO balancer.DefaultLoadBalancer: Skipping load balancing because balanced cluster; servers=2 entityGroups=1 average=0.5 mostloaded=1 leastloaded=0
24/04/20 21:47:09 INFO balancer.TestDefaultLoadBalancer: Mock Balance : {  }
24/04/20 21:47:09 INFO balancer.TestDefaultLoadBalancer: Mock Cluster : { srv4747:1 , srv47293:10 } [srvr=2 rgns=11 avg=5.5 max=6 min=5]
24/04/20 21:47:09 DEBUG balancer.DefaultLoadBalancer: Balance parameter: numEntityGroups=11, numServers=2, max=6, min=5
24/04/20 21:47:09 INFO balancer.DefaultLoadBalancer: Calculated a load balance in 1ms. Moving 4 entityGroups off of 1 overloaded servers onto 1 less loaded servers
24/04/20 21:47:09 INFO balancer.TestDefaultLoadBalancer: Mock Balance : { srv4747:5 , srv47293:6 }
24/04/20 21:47:09 INFO balancer.TestDefaultLoadBalancer: Mock Cluster : { srv47293:14 , srv4747:1432 } [srvr=2 rgns=1446 avg=723.0 max=723 min=723]
24/04/20 21:47:09 DEBUG balancer.DefaultLoadBalancer: Balance parameter: numEntityGroups=1446, numServers=2, max=723, min=723
24/04/20 21:47:09 INFO balancer.DefaultLoadBalancer: Calculated a load balance in 9ms. Moving 709 entityGroups off of 1 overloaded servers onto 1 less loaded servers
24/04/20 21:47:09 INFO balancer.TestDefaultLoadBalancer: Mock Balance : { srv47293:723 , srv4747:723 }
24/04/20 21:47:09 INFO balancer.TestDefaultLoadBalancer: Mock Cluster : { srv47293:47 , srv4747:53 } [srvr=2 rgns=100 avg=50.0 max=50 min=50]
24/04/20 21:47:09 DEBUG balancer.DefaultLoadBalancer: Balance parameter: numEntityGroups=100, numServers=2, max=50, min=50
24/04/20 21:47:09 INFO balancer.DefaultLoadBalancer: Calculated a load balance in 1ms. Moving 3 entityGroups off of 1 overloaded servers onto 1 less loaded servers
24/04/20 21:47:09 INFO balancer.TestDefaultLoadBalancer: Mock Balance : { srv47293:50 , srv4747:50 }
24/04/20 21:47:09 INFO balancer.TestDefaultLoadBalancer: Mock Cluster : { srv47293:0 , srv4747:1 , srv47778:2 } [srvr=3 rgns=3 avg=1.0 max=1 min=1]
24/04/20 21:47:09 DEBUG balancer.DefaultLoadBalancer: Balance parameter: numEntityGroups=3, numServers=3, max=1, min=1
24/04/20 21:47:09 INFO balancer.DefaultLoadBalancer: Calculated a load balance in 0ms. Moving 1 entityGroups off of 1 overloaded servers onto 1 less loaded servers
24/04/20 21:47:09 INFO balancer.TestDefaultLoadBalancer: Mock Balance : { srv47293:1 , srv4747:1 , srv47778:1 }
24/04/20 21:47:09 INFO balancer.TestDefaultLoadBalancer: Mock Cluster : { srv47293:1 , srv4747:2 , srv47778:3 } [srvr=3 rgns=6 avg=2.0 max=2 min=2]
24/04/20 21:47:09 DEBUG balancer.DefaultLoadBalancer: Balance parameter: numEntityGroups=6, numServers=3, max=2, min=2
24/04/20 21:47:09 INFO balancer.DefaultLoadBalancer: Calculated a load balance in 0ms. Moving 1 entityGroups off of 1 overloaded servers onto 1 less loaded servers
24/04/20 21:47:09 INFO balancer.TestDefaultLoadBalancer: Mock Balance : { srv47293:2 , srv4747:2 , srv47778:2 }
24/04/20 21:47:09 INFO balancer.TestDefaultLoadBalancer: Mock Cluster : { srv47293:0 , srv4747:2 , srv47778:2 } [srvr=3 rgns=4 avg=1.3333334 max=2 min=1]
24/04/20 21:47:09 DEBUG balancer.DefaultLoadBalancer: Balance parameter: numEntityGroups=4, numServers=3, max=2, min=1
24/04/20 21:47:09 INFO balancer.DefaultLoadBalancer: Done. Calculated a load balance in 0ms. Moving 1 entityGroups off of 0 overloaded servers onto 1 less loaded servers
24/04/20 21:47:09 INFO balancer.TestDefaultLoadBalancer: Mock Balance : { srv47293:1 , srv47778:1 , srv4747:2 }
24/04/20 21:47:09 INFO balancer.TestDefaultLoadBalancer: Mock Cluster : { srv47293:0 , srv47778:0 , srv4747:3 } [srvr=3 rgns=3 avg=1.0 max=1 min=1]
24/04/20 21:47:09 DEBUG balancer.DefaultLoadBalancer: Balance parameter: numEntityGroups=3, numServers=3, max=1, min=1
24/04/20 21:47:09 INFO balancer.DefaultLoadBalancer: Calculated a load balance in 0ms. Moving 2 entityGroups off of 1 overloaded servers onto 2 less loaded servers
24/04/20 21:47:09 INFO balancer.TestDefaultLoadBalancer: Mock Balance : { srv47293:1 , srv4747:1 , srv47778:1 }
24/04/20 21:47:09 INFO balancer.TestDefaultLoadBalancer: Mock Cluster : { srv47293:0 , srv47778:0 , srv4747:4 } [srvr=3 rgns=4 avg=1.3333334 max=2 min=1]
24/04/20 21:47:09 DEBUG balancer.DefaultLoadBalancer: Balance parameter: numEntityGroups=4, numServers=3, max=2, min=1
24/04/20 21:47:09 INFO balancer.DefaultLoadBalancer: Calculated a load balance in 0ms. Moving 2 entityGroups off of 1 overloaded servers onto 2 less loaded servers
24/04/20 21:47:09 INFO balancer.TestDefaultLoadBalancer: Mock Balance : { srv47293:1 , srv47778:1 , srv4747:2 }
24/04/20 21:47:09 INFO balancer.TestDefaultLoadBalancer: Mock Cluster : { srv47778:0 , srv47293:20 , srv4747:20 } [srvr=3 rgns=40 avg=13.333333 max=14 min=13]
24/04/20 21:47:09 DEBUG balancer.DefaultLoadBalancer: Balance parameter: numEntityGroups=40, numServers=3, max=14, min=13
24/04/20 21:47:09 INFO balancer.DefaultLoadBalancer: Done. Calculated a load balance in 0ms. Moving 13 entityGroups off of 2 overloaded servers onto 1 less loaded servers
24/04/20 21:47:09 INFO balancer.TestDefaultLoadBalancer: Mock Balance : { srv4747:13 , srv47778:13 , srv47293:14 }
24/04/20 21:47:09 INFO balancer.TestDefaultLoadBalancer: Mock Cluster : { srv47293:0 , srv4747:1 , srv47778:2 , srv53014:3 } [srvr=4 rgns=6 avg=1.5 max=2 min=1]
24/04/20 21:47:09 DEBUG balancer.DefaultLoadBalancer: Balance parameter: numEntityGroups=6, numServers=4, max=2, min=1
24/04/20 21:47:09 INFO balancer.DefaultLoadBalancer: Calculated a load balance in 0ms. Moving 1 entityGroups off of 1 overloaded servers onto 1 less loaded servers
24/04/20 21:47:09 INFO balancer.TestDefaultLoadBalancer: Mock Balance : { srv47293:1 , srv4747:1 , srv47778:2 , srv53014:2 }
24/04/20 21:47:09 INFO balancer.TestDefaultLoadBalancer: Mock Cluster : { srv4747:0 , srv47778:0 , srv53014:0 , srv47293:4 } [srvr=4 rgns=4 avg=1.0 max=1 min=1]
24/04/20 21:47:09 DEBUG balancer.DefaultLoadBalancer: Balance parameter: numEntityGroups=4, numServers=4, max=1, min=1
24/04/20 21:47:09 INFO balancer.DefaultLoadBalancer: Calculated a load balance in 0ms. Moving 3 entityGroups off of 1 overloaded servers onto 3 less loaded servers
24/04/20 21:47:09 INFO balancer.TestDefaultLoadBalancer: Mock Balance : { srv47293:1 , srv4747:1 , srv47778:1 , srv53014:1 }
24/04/20 21:47:09 INFO balancer.TestDefaultLoadBalancer: Mock Cluster : { srv4747:0 , srv47778:0 , srv53014:0 , srv47293:5 } [srvr=4 rgns=5 avg=1.25 max=2 min=1]
24/04/20 21:47:09 DEBUG balancer.DefaultLoadBalancer: Balance parameter: numEntityGroups=5, numServers=4, max=2, min=1
24/04/20 21:47:09 INFO balancer.DefaultLoadBalancer: Calculated a load balance in 0ms. Moving 3 entityGroups off of 1 overloaded servers onto 3 less loaded servers
24/04/20 21:47:09 INFO balancer.TestDefaultLoadBalancer: Mock Balance : { srv4747:1 , srv47778:1 , srv53014:1 , srv47293:2 }
24/04/20 21:47:09 INFO balancer.TestDefaultLoadBalancer: Mock Cluster : { srv47778:0 , srv53014:0 , srv47293:6 , srv4747:6 } [srvr=4 rgns=12 avg=3.0 max=3 min=3]
24/04/20 21:47:09 DEBUG balancer.DefaultLoadBalancer: Balance parameter: numEntityGroups=12, numServers=4, max=3, min=3
24/04/20 21:47:09 INFO balancer.DefaultLoadBalancer: Calculated a load balance in 0ms. Moving 6 entityGroups off of 2 overloaded servers onto 2 less loaded servers
24/04/20 21:47:09 INFO balancer.TestDefaultLoadBalancer: Mock Balance : { srv47293:3 , srv4747:3 , srv47778:3 , srv53014:3 }
24/04/20 21:47:09 INFO balancer.TestDefaultLoadBalancer: Mock Cluster : { srv47778:0 , srv53014:0 , srv4747:2 , srv47293:6 } [srvr=4 rgns=8 avg=2.0 max=2 min=2]
24/04/20 21:47:09 DEBUG balancer.DefaultLoadBalancer: Balance parameter: numEntityGroups=8, numServers=4, max=2, min=2
24/04/20 21:47:09 INFO balancer.DefaultLoadBalancer: Calculated a load balance in 1ms. Moving 4 entityGroups off of 1 overloaded servers onto 2 less loaded servers
24/04/20 21:47:09 INFO balancer.TestDefaultLoadBalancer: Mock Balance : { srv47293:2 , srv4747:2 , srv47778:2 , srv53014:2 }
24/04/20 21:47:09 INFO balancer.TestDefaultLoadBalancer: Mock Cluster : { srv47778:0 , srv53014:0 , srv4747:1 , srv47293:6 } [srvr=4 rgns=7 avg=1.75 max=2 min=1]
24/04/20 21:47:09 DEBUG balancer.DefaultLoadBalancer: Balance parameter: numEntityGroups=7, numServers=4, max=2, min=1
24/04/20 21:47:09 INFO balancer.DefaultLoadBalancer: Done. Calculated a load balance in 0ms. Moving 4 entityGroups off of 1 overloaded servers onto 2 less loaded servers
24/04/20 21:47:09 INFO balancer.TestDefaultLoadBalancer: Mock Balance : { srv4747:1 , srv47293:2 , srv47778:2 , srv53014:2 }
24/04/20 21:47:09 INFO balancer.TestDefaultLoadBalancer: Mock Cluster : { srv4747:0 , srv47778:0 , srv53014:0 , srv47293:6 } [srvr=4 rgns=6 avg=1.5 max=2 min=1]
24/04/20 21:47:09 DEBUG balancer.DefaultLoadBalancer: Balance parameter: numEntityGroups=6, numServers=4, max=2, min=1
24/04/20 21:47:09 INFO balancer.DefaultLoadBalancer: Done. Calculated a load balance in 0ms. Moving 4 entityGroups off of 1 overloaded servers onto 3 less loaded servers
24/04/20 21:47:09 INFO balancer.TestDefaultLoadBalancer: Mock Balance : { srv47778:1 , srv53014:1 , srv47293:2 , srv4747:2 }
24/04/20 21:47:09 INFO balancer.TestDefaultLoadBalancer: Mock Cluster : { srv47293:4 , srv4747:4 , srv47778:4 , srv53014:7 } [srvr=4 rgns=19 avg=4.75 max=5 min=4]
24/04/20 21:47:09 DEBUG balancer.DefaultLoadBalancer: Balance parameter: numEntityGroups=19, numServers=4, max=5, min=4
24/04/20 21:47:09 INFO balancer.DefaultLoadBalancer: Done. Calculated a load balance in 0ms. Moving 2 entityGroups off of 1 overloaded servers onto 0 less loaded servers
24/04/20 21:47:09 INFO balancer.TestDefaultLoadBalancer: Mock Balance : { srv47778:4 , srv47293:5 , srv4747:5 , srv53014:5 }
24/04/20 21:47:09 INFO balancer.TestDefaultLoadBalancer: Mock Cluster : { srv47293:4 , srv4747:4 , srv47778:4 , srv53014:8 } [srvr=4 rgns=20 avg=5.0 max=5 min=5]
24/04/20 21:47:09 DEBUG balancer.DefaultLoadBalancer: Balance parameter: numEntityGroups=20, numServers=4, max=5, min=5
24/04/20 21:47:09 INFO balancer.DefaultLoadBalancer: Calculated a load balance in 0ms. Moving 3 entityGroups off of 1 overloaded servers onto 3 less loaded servers
24/04/20 21:47:09 INFO balancer.TestDefaultLoadBalancer: Mock Balance : { srv47293:5 , srv4747:5 , srv47778:5 , srv53014:5 }
24/04/20 21:47:09 INFO balancer.TestDefaultLoadBalancer: Mock Cluster : { srv47293:0 , srv4747:0 , srv47778:0 , srv53014:7 } [srvr=4 rgns=7 avg=1.75 max=2 min=1]
24/04/20 21:47:09 DEBUG balancer.DefaultLoadBalancer: Balance parameter: numEntityGroups=7, numServers=4, max=2, min=1
24/04/20 21:47:09 INFO balancer.DefaultLoadBalancer: Done. Calculated a load balance in 0ms. Moving 5 entityGroups off of 1 overloaded servers onto 3 less loaded servers
24/04/20 21:47:09 INFO balancer.TestDefaultLoadBalancer: Mock Balance : { srv47778:1 , srv47293:2 , srv4747:2 , srv53014:2 }
24/04/20 21:47:09 INFO balancer.TestDefaultLoadBalancer: Mock Cluster : { srv47293:1 , srv4747:1 , srv47778:1 , srv53014:1 , srv17437:4 } [srvr=5 rgns=8 avg=1.6 max=2 min=1]
24/04/20 21:47:09 DEBUG balancer.DefaultLoadBalancer: Balance parameter: numEntityGroups=8, numServers=5, max=2, min=1
24/04/20 21:47:09 INFO balancer.DefaultLoadBalancer: Done. Calculated a load balance in 0ms. Moving 2 entityGroups off of 1 overloaded servers onto 0 less loaded servers
24/04/20 21:47:09 INFO balancer.TestDefaultLoadBalancer: Mock Balance : { srv47778:1 , srv53014:1 , srv17437:2 , srv47293:2 , srv4747:2 }
24/04/20 21:47:09 INFO balancer.TestDefaultLoadBalancer: Mock Cluster : { srv17437:1 , srv47293:2 , srv4747:3 , srv47778:4 , srv53014:5 , srv44325:6 , srv7236:7 , srv91437:8 , srv67145:9 , srv98634:10 , srv17811:11 , srv93211:12 , srv78713:13 , srv419:14 , srv81015:15 } [srvr=15 rgns=120 avg=8.0 max=8 min=8]
24/04/20 21:47:09 DEBUG balancer.DefaultLoadBalancer: Balance parameter: numEntityGroups=120, numServers=15, max=8, min=8
24/04/20 21:47:09 INFO balancer.DefaultLoadBalancer: Calculated a load balance in 0ms. Moving 28 entityGroups off of 7 overloaded servers onto 7 less loaded servers
24/04/20 21:47:09 INFO balancer.TestDefaultLoadBalancer: Mock Balance : { srv17437:8 , srv17811:8 , srv419:8 , srv44325:8 , srv47293:8 , srv4747:8 , srv47778:8 , srv53014:8 , srv67145:8 , srv7236:8 , srv78713:8 , srv81015:8 , srv91437:8 , srv93211:8 , srv98634:8 }
24/04/20 21:47:09 INFO balancer.TestDefaultLoadBalancer: Mock Cluster : { srv17437:0 , srv17811:0 , srv419:0 , srv44325:0 , srv47293:0 , srv4747:0 , srv47778:0 , srv53014:0 , srv67145:0 , srv7236:10 } [srvr=10 rgns=10 avg=1.0 max=1 min=1]
24/04/20 21:47:09 DEBUG balancer.DefaultLoadBalancer: Balance parameter: numEntityGroups=10, numServers=10, max=1, min=1
24/04/20 21:47:09 INFO balancer.DefaultLoadBalancer: Calculated a load balance in 0ms. Moving 9 entityGroups off of 1 overloaded servers onto 9 less loaded servers
24/04/20 21:47:09 INFO balancer.TestDefaultLoadBalancer: Mock Balance : { srv17437:1 , srv17811:1 , srv419:1 , srv44325:1 , srv47293:1 , srv4747:1 , srv47778:1 , srv53014:1 , srv67145:1 , srv7236:1 }
24/04/20 21:47:09 INFO balancer.TestDefaultLoadBalancer: Mock Cluster : { srv47293:1 , srv91437:5 , srv17437:6 , srv17811:6 , srv419:6 , srv44325:6 , srv78713:6 , srv81015:6 , srv93211:6 , srv98634:6 } [srvr=10 rgns=54 avg=5.4 max=6 min=5]
24/04/20 21:47:09 DEBUG balancer.DefaultLoadBalancer: Balance parameter: numEntityGroups=54, numServers=10, max=6, min=5
24/04/20 21:47:09 INFO balancer.DefaultLoadBalancer: Done. Calculated a load balance in 0ms. Moving 4 entityGroups off of 0 overloaded servers onto 1 less loaded servers
24/04/20 21:47:09 INFO balancer.TestDefaultLoadBalancer: Mock Balance : { srv47293:5 , srv78713:5 , srv81015:5 , srv91437:5 , srv93211:5 , srv98634:5 , srv17437:6 , srv17811:6 , srv419:6 , srv44325:6 }
24/04/20 21:47:09 INFO balancer.TestDefaultLoadBalancer: Mock Cluster : { srv17437:0 , srv17811:0 , srv419:0 , srv44325:0 , srv4747:0 , srv47778:0 , srv53014:0 , srv67145:0 , srv7236:0 , srv47293:54 } [srvr=10 rgns=54 avg=5.4 max=6 min=5]
24/04/20 21:47:09 DEBUG balancer.DefaultLoadBalancer: Balance parameter: numEntityGroups=54, numServers=10, max=6, min=5
24/04/20 21:47:09 INFO balancer.DefaultLoadBalancer: Done. Calculated a load balance in 0ms. Moving 48 entityGroups off of 1 overloaded servers onto 9 less loaded servers
24/04/20 21:47:09 INFO balancer.TestDefaultLoadBalancer: Mock Balance : { srv44325:5 , srv4747:5 , srv47778:5 , srv53014:5 , srv67145:5 , srv7236:5 , srv17437:6 , srv17811:6 , srv419:6 , srv47293:6 }
24/04/20 21:47:09 INFO balancer.TestDefaultLoadBalancer: Mock Cluster : { srv17437:0 , srv17811:0 , srv419:0 , srv44325:0 , srv78713:0 , srv81015:0 , srv91437:0 , srv93211:0 , srv98634:0 , srv47293:55 } [srvr=10 rgns=55 avg=5.5 max=6 min=5]
24/04/20 21:47:09 DEBUG balancer.DefaultLoadBalancer: Balance parameter: numEntityGroups=55, numServers=10, max=6, min=5
24/04/20 21:47:09 INFO balancer.DefaultLoadBalancer: Done. Calculated a load balance in 0ms. Moving 49 entityGroups off of 1 overloaded servers onto 9 less loaded servers
24/04/20 21:47:09 INFO balancer.TestDefaultLoadBalancer: Mock Balance : { srv78713:5 , srv81015:5 , srv91437:5 , srv93211:5 , srv98634:5 , srv17437:6 , srv17811:6 , srv419:6 , srv44325:6 , srv47293:6 }
24/04/20 21:47:09 INFO balancer.TestDefaultLoadBalancer: Mock Cluster : { srv17437:0 , srv17811:0 , srv419:0 , srv44325:0 , srv4747:0 , srv47778:0 , srv53014:0 , srv67145:0 , srv7236:0 , srv47293:56 } [srvr=10 rgns=56 avg=5.6 max=6 min=5]
24/04/20 21:47:09 DEBUG balancer.DefaultLoadBalancer: Balance parameter: numEntityGroups=56, numServers=10, max=6, min=5
24/04/20 21:47:09 INFO balancer.DefaultLoadBalancer: Done. Calculated a load balance in 0ms. Moving 50 entityGroups off of 1 overloaded servers onto 9 less loaded servers
24/04/20 21:47:09 INFO balancer.TestDefaultLoadBalancer: Mock Balance : { srv47778:5 , srv53014:5 , srv67145:5 , srv7236:5 , srv17437:6 , srv17811:6 , srv419:6 , srv44325:6 , srv47293:6 , srv4747:6 }
24/04/20 21:47:09 INFO balancer.TestDefaultLoadBalancer: Mock Cluster : { srv17437:0 , srv17811:0 , srv419:0 , srv44325:0 , srv78713:0 , srv81015:0 , srv91437:0 , srv93211:0 , srv98634:0 , srv47293:16 } [srvr=10 rgns=16 avg=1.6 max=2 min=1]
24/04/20 21:47:09 DEBUG balancer.DefaultLoadBalancer: Balance parameter: numEntityGroups=16, numServers=10, max=2, min=1
24/04/20 21:47:09 INFO balancer.DefaultLoadBalancer: Done. Calculated a load balance in 0ms. Moving 14 entityGroups off of 1 overloaded servers onto 9 less loaded servers
24/04/20 21:47:09 INFO balancer.TestDefaultLoadBalancer: Mock Balance : { srv81015:1 , srv91437:1 , srv93211:1 , srv98634:1 , srv17437:2 , srv17811:2 , srv419:2 , srv44325:2 , srv47293:2 , srv78713:2 }
24/04/20 21:47:09 INFO balancer.TestDefaultLoadBalancer: Mock Cluster : { srv17437:1 , srv17811:1 , srv419:1 , srv44325:1 , srv4747:1 , srv47778:1 , srv53014:1 , srv67145:1 , srv7236:1 , srv47293:8 } [srvr=10 rgns=17 avg=1.7 max=2 min=1]
24/04/20 21:47:09 DEBUG balancer.DefaultLoadBalancer: Balance parameter: numEntityGroups=17, numServers=10, max=2, min=1
24/04/20 21:47:09 INFO balancer.DefaultLoadBalancer: Done. Calculated a load balance in 0ms. Moving 6 entityGroups off of 1 overloaded servers onto 0 less loaded servers
24/04/20 21:47:09 INFO balancer.TestDefaultLoadBalancer: Mock Balance : { srv53014:1 , srv67145:1 , srv7236:1 , srv17437:2 , srv17811:2 , srv419:2 , srv44325:2 , srv47293:2 , srv4747:2 , srv47778:2 }
24/04/20 21:47:09 INFO balancer.TestDefaultLoadBalancer: Mock Cluster : { srv17437:1 , srv17811:1 , srv419:1 , srv44325:1 , srv78713:1 , srv81015:1 , srv91437:1 , srv93211:1 , srv98634:1 , srv47293:9 } [srvr=10 rgns=18 avg=1.8 max=2 min=1]
24/04/20 21:47:09 DEBUG balancer.DefaultLoadBalancer: Balance parameter: numEntityGroups=18, numServers=10, max=2, min=1
24/04/20 21:47:09 INFO balancer.DefaultLoadBalancer: Done. Calculated a load balance in 0ms. Moving 7 entityGroups off of 1 overloaded servers onto 0 less loaded servers
24/04/20 21:47:09 INFO balancer.TestDefaultLoadBalancer: Mock Balance : { srv93211:1 , srv98634:1 , srv17437:2 , srv17811:2 , srv419:2 , srv44325:2 , srv47293:2 , srv78713:2 , srv81015:2 , srv91437:2 }
24/04/20 21:47:09 INFO balancer.TestDefaultLoadBalancer: Mock Cluster : { srv17437:1 , srv17811:1 , srv419:1 , srv44325:1 , srv4747:1 , srv47778:1 , srv53014:1 , srv67145:1 , srv7236:1 , srv47293:10 } [srvr=10 rgns=19 avg=1.9 max=2 min=1]
24/04/20 21:47:09 DEBUG balancer.DefaultLoadBalancer: Balance parameter: numEntityGroups=19, numServers=10, max=2, min=1
24/04/20 21:47:09 INFO balancer.DefaultLoadBalancer: Done. Calculated a load balance in 0ms. Moving 8 entityGroups off of 1 overloaded servers onto 0 less loaded servers
24/04/20 21:47:09 INFO balancer.TestDefaultLoadBalancer: Mock Balance : { srv7236:1 , srv17437:2 , srv17811:2 , srv419:2 , srv44325:2 , srv47293:2 , srv4747:2 , srv47778:2 , srv53014:2 , srv67145:2 }
24/04/20 21:47:09 INFO balancer.TestDefaultLoadBalancer: Mock Cluster : { srv17437:1 , srv17811:1 , srv419:1 , srv44325:1 , srv78713:1 , srv81015:1 , srv91437:1 , srv93211:1 , srv98634:1 , srv47293:123 } [srvr=10 rgns=132 avg=13.2 max=14 min=13]
24/04/20 21:47:09 DEBUG balancer.DefaultLoadBalancer: Balance parameter: numEntityGroups=132, numServers=10, max=14, min=13
24/04/20 21:47:09 INFO balancer.DefaultLoadBalancer: Done. Calculated a load balance in 1ms. Moving 109 entityGroups off of 1 overloaded servers onto 9 less loaded servers
24/04/20 21:47:09 INFO balancer.TestDefaultLoadBalancer: Mock Balance : { srv17811:13 , srv419:13 , srv44325:13 , srv78713:13 , srv81015:13 , srv91437:13 , srv93211:13 , srv98634:13 , srv17437:14 , srv47293:14 }
24/04/20 21:47:09 INFO balancer.TestDefaultLoadBalancer: Mock Cluster : { srv17437:1 , srv17811:1 , srv419:1 , srv44325:1 , srv4747:1 , srv47778:1 , srv53014:1 , srv67145:1 , srv7236:1 , srv47293:155 } [srvr=10 rgns=164 avg=16.4 max=17 min=16]
24/04/20 21:47:09 DEBUG balancer.DefaultLoadBalancer: Balance parameter: numEntityGroups=164, numServers=10, max=17, min=16
24/04/20 21:47:09 INFO balancer.DefaultLoadBalancer: Done. Calculated a load balance in 1ms. Moving 138 entityGroups off of 1 overloaded servers onto 9 less loaded servers
24/04/20 21:47:09 INFO balancer.TestDefaultLoadBalancer: Mock Balance : { srv44325:16 , srv4747:16 , srv47778:16 , srv53014:16 , srv67145:16 , srv7236:16 , srv17437:17 , srv17811:17 , srv419:17 , srv47293:17 }
24/04/20 21:47:09 INFO balancer.TestDefaultLoadBalancer: Mock Cluster : { srv78713:0 , srv81015:0 , srv17437:1 , srv17811:1 , srv93211:1 , srv98634:1 , srv4747:12 , srv44325:133 , srv47293:138 , srv91437:144 , srv419:1123 , srv47778:1444 } [srvr=12 rgns=2998 avg=249.83333 max=250 min=249]
24/04/20 21:47:09 DEBUG balancer.DefaultLoadBalancer: Balance parameter: numEntityGroups=2998, numServers=12, max=250, min=249
24/04/20 21:47:09 INFO balancer.DefaultLoadBalancer: Done. Calculated a load balance in 5ms. Moving 2067 entityGroups off of 2 overloaded servers onto 10 less loaded servers
24/04/20 21:47:09 INFO balancer.TestDefaultLoadBalancer: Mock Balance : { srv47293:249 , srv91437:249 , srv17437:250 , srv17811:250 , srv419:250 , srv44325:250 , srv4747:250 , srv47778:250 , srv78713:250 , srv81015:250 , srv93211:250 , srv98634:250 }
24/04/20 21:47:09 INFO balancer.TestDefaultLoadBalancer: Mock Cluster : { srv17811:0 , srv53014:0 , srv67145:0 , srv17437:1 , srv44325:1 , srv419:4 , srv78713:12 , srv4747:133 , srv47778:138 , srv7236:144 , srv47293:1123 , srv81015:1444 } [srvr=12 rgns=3000 avg=250.0 max=250 min=250]
24/04/20 21:47:09 DEBUG balancer.DefaultLoadBalancer: Balance parameter: numEntityGroups=3000, numServers=12, max=250, min=250
24/04/20 21:47:09 INFO balancer.DefaultLoadBalancer: Calculated a load balance in 5ms. Moving 2067 entityGroups off of 2 overloaded servers onto 10 less loaded servers
24/04/20 21:47:09 INFO balancer.TestDefaultLoadBalancer: Mock Balance : { srv17437:250 , srv17811:250 , srv419:250 , srv44325:250 , srv47293:250 , srv4747:250 , srv47778:250 , srv53014:250 , srv67145:250 , srv7236:250 , srv78713:250 , srv81015:250 }
24/04/20 21:47:10 INFO server.SessionTrackerImpl: SessionTrackerImpl exited loop!
24/04/20 21:47:10 INFO balancer.TestDefaultLoadBalancer: Mock Cluster : { srv44325:1385 , srv93211:1392 , srv17811:1535 , srv91437:1538 , srv47293:1542 , srv419:1553 , srv17437:1557 , srv98634:1561 , srv4747:1619 } [srvr=9 rgns=13682 avg=1520.2222 max=1521 min=1520]
24/04/20 21:47:10 DEBUG balancer.DefaultLoadBalancer: Balance parameter: numEntityGroups=13682, numServers=9, max=1521, min=1520
24/04/20 21:47:10 INFO balancer.DefaultLoadBalancer: Done. Calculated a load balance in 3ms. Moving 263 entityGroups off of 7 overloaded servers onto 2 less loaded servers
24/04/20 21:47:10 INFO balancer.TestDefaultLoadBalancer: Mock Balance : { srv17437:1520 , srv419:1520 , srv44325:1520 , srv47293:1520 , srv4747:1520 , srv93211:1520 , srv98634:1520 , srv17811:1521 , srv91437:1521 }
24/04/20 21:47:10 INFO wasp.WaspTestingUtility: Starting up minicluster with 1 master(s) and 2 fserver(s) 
Starting DataNode 0 with dfs.data.dir: /home/idflakies/alibaba/wasp/target/test-data/482d4618-5d34-4129-8df1-ae5473a34f50/dfscluster_b81985f6-4e2c-439b-9f6b-9f6e7a431f8d/dfs/data/data1,/home/idflakies/alibaba/wasp/target/test-data/482d4618-5d34-4129-8df1-ae5473a34f50/dfscluster_b81985f6-4e2c-439b-9f6b-9f6e7a431f8d/dfs/data/data2
24/04/20 21:47:10 ERROR datanode.DataNode: All directories in dfs.data.dir are invalid.
24/04/20 21:47:10 INFO wasp.WaspTestingUtility: Shutting down mini wasp cluster
24/04/20 21:47:10 INFO wasp.WaspTestingUtility: Minicluster is down
java.lang.NullPointerException
	at org.apache.hadoop.hdfs.MiniDFSCluster.startDataNodes(MiniDFSCluster.java:422)
	at org.apache.hadoop.hdfs.MiniDFSCluster.<init>(MiniDFSCluster.java:280)
	at org.apache.hadoop.hbase.HBaseTestingUtility.startMiniDFSCluster(HBaseTestingUtility.java:451)
	at org.apache.hadoop.hbase.HBaseTestingUtility.startMiniCluster(HBaseTestingUtility.java:619)
	at org.apache.hadoop.hbase.HBaseTestingUtility.startMiniCluster(HBaseTestingUtility.java:575)
	at com.alibaba.wasp.WaspTestingUtility.startMiniCluster(WaspTestingUtility.java:172)
	at com.alibaba.wasp.WaspTestingUtility.startMiniCluster(WaspTestingUtility.java:144)
	at com.alibaba.wasp.master.TestMaster.beforeAllTests(TestMaster.java:60)
	at sun.reflect.NativeMethodAccessorImpl.invoke0(Native Method)
	at sun.reflect.NativeMethodAccessorImpl.invoke(NativeMethodAccessorImpl.java:62)
	at sun.reflect.DelegatingMethodAccessorImpl.invoke(DelegatingMethodAccessorImpl.java:43)
	at java.lang.reflect.Method.invoke(Method.java:498)
	at org.junit.runners.model.FrameworkMethod$1.runReflectiveCall(FrameworkMethod.java:45)
	at org.junit.internal.runners.model.ReflectiveCallable.run(ReflectiveCallable.java:15)
	at org.junit.runners.model.FrameworkMethod.invokeExplosively(FrameworkMethod.java:42)
	at org.junit.internal.runners.statements.RunBefores.evaluate(RunBefores.java:27)
	at org.junit.internal.runners.statements.RunAfters.evaluate(RunAfters.java:30)
	at org.junit.runners.ParentRunner.run(ParentRunner.java:300)
	at org.junit.runners.Suite.runChild(Suite.java:128)
	at org.junit.runners.Suite.runChild(Suite.java:24)
	at org.junit.runners.ParentRunner$3.run(ParentRunner.java:231)
	at org.junit.runners.ParentRunner$1.schedule(ParentRunner.java:60)
	at org.junit.runners.ParentRunner.runChildren(ParentRunner.java:229)
	at org.junit.runners.ParentRunner.access$000(ParentRunner.java:50)
	at org.junit.runners.ParentRunner$2.evaluate(ParentRunner.java:222)
	at org.junit.runners.ParentRunner.run(ParentRunner.java:300)
	at org.junit.runner.JUnitCore.run(JUnitCore.java:157)
	at org.junit.runner.JUnitCore.run(JUnitCore.java:136)
	at edu.illinois.cs.testrunner.execution.JUnitTestExecutor.execute(JUnitTestExecutor.java:246)
	at edu.illinois.cs.testrunner.execution.JUnitTestExecutor.executeWithJUnit4Runner(JUnitTestExecutor.java:315)
	at edu.illinois.cs.testrunner.execution.JUnitTestExecutor.runOrder(JUnitTestExecutor.java:46)
	at edu.illinois.cs.testrunner.execution.Executor$.$anonfun$run$1(Executor.scala:30)
	at scala.runtime.java8.JFunction0$mcV$sp.apply(JFunction0$mcV$sp.java:12)
	at scala.util.Try$.apply(Try.scala:209)
	at edu.illinois.cs.testrunner.execution.Executor$.run(Executor.scala:28)
	at edu.illinois.cs.testrunner.execution.Executor$.main(Executor.scala:18)
	at edu.illinois.cs.testrunner.execution.Executor.main(Executor.scala)
24/04/20 21:47:10 DEBUG ipc.WaspRPC: Using com.alibaba.wasp.ipc.ProtobufRpcEngine for com.alibaba.wasp.ipc.TestProtoBufRpc$TestRpcService
24/04/20 21:47:10 DEBUG ipc.NettyTransceiver: Using Netty bootstrap options: {connectTimeoutMillis=3000, tcpNoDelay=true}
24/04/20 21:47:10 DEBUG ipc.NettyTransceiver: Connecting to /0.0.0.0:34041
24/04/20 21:47:10 DEBUG ipc.NettyTransceiver: [id: 0x61e45f87] OPEN
24/04/20 21:47:10 INFO ipc.NettyTransceiver: Successfully connected to bookie: /0.0.0.0:34041
24/04/20 21:47:10 DEBUG ipc.NettyServer: [id: 0x2032b89b, /172.17.0.2:39666 => /172.17.0.2:34041] OPEN
24/04/20 21:47:10 DEBUG ipc.NettyTransceiver: [id: 0x61e45f87, /172.17.0.2:39666 => /0.0.0.0:34041] BOUND: /172.17.0.2:39666
24/04/20 21:47:10 DEBUG ipc.NettyTransceiver: [id: 0x61e45f87, /172.17.0.2:39666 => /0.0.0.0:34041] CONNECTED: /0.0.0.0:34041
24/04/20 21:47:10 DEBUG ipc.NettyServer: [id: 0x2032b89b, /172.17.0.2:39666 => /172.17.0.2:34041] BOUND: /172.17.0.2:34041
24/04/20 21:47:10 DEBUG ipc.NettyServer: [id: 0x2032b89b, /172.17.0.2:39666 => /172.17.0.2:34041] CONNECTED: /172.17.0.2:39666
24/04/20 21:47:10 ERROR ipc.NettyServer: pool-11-thread-8, call methodName: "error"
clientProtocolVersion: 1
request: ""
requestClassName: "com.alibaba.wasp.ipc.protobuf.generated.TestProtos$EmptyRequestProto"
: error: 
java.io.IOException: error
	at com.alibaba.wasp.ipc.TestProtoBufRpc$PBServerImpl.error(TestProtoBufRpc.java:68)
	at sun.reflect.NativeMethodAccessorImpl.invoke0(Native Method)
	at sun.reflect.NativeMethodAccessorImpl.invoke(NativeMethodAccessorImpl.java:62)
	at sun.reflect.DelegatingMethodAccessorImpl.invoke(DelegatingMethodAccessorImpl.java:43)
	at java.lang.reflect.Method.invoke(Method.java:498)
	at com.alibaba.wasp.ipc.ProtobufRpcEngine$Server.call(ProtobufRpcEngine.java:270)
	at com.alibaba.wasp.ipc.NettyServer$NettyServerWaspHandler.messageReceived(NettyServer.java:234)
	at org.jboss.netty.channel.SimpleChannelUpstreamHandler.handleUpstream(SimpleChannelUpstreamHandler.java:75)
	at com.alibaba.wasp.ipc.NettyServer$NettyServerWaspHandler.handleUpstream(NettyServer.java:171)
	at org.jboss.netty.channel.DefaultChannelPipeline.sendUpstream(DefaultChannelPipeline.java:563)
	at org.jboss.netty.channel.DefaultChannelPipeline$DefaultChannelHandlerContext.sendUpstream(DefaultChannelPipeline.java:791)
	at org.jboss.netty.handler.execution.ChannelUpstreamEventRunnable.doRun(ChannelUpstreamEventRunnable.java:45)
	at org.jboss.netty.handler.execution.ChannelEventRunnable.run(ChannelEventRunnable.java:64)
	at java.util.concurrent.ThreadPoolExecutor.runWorker(ThreadPoolExecutor.java:1149)
	at java.util.concurrent.ThreadPoolExecutor$Worker.run(ThreadPoolExecutor.java:624)
	at java.lang.Thread.run(Thread.java:748)
24/04/20 21:47:10 INFO ipc.NettyServer: Stopping server on 0
24/04/20 21:47:10 DEBUG ipc.NettyTransceiver: [id: 0x61e45f87, /172.17.0.2:39666 :> /0.0.0.0:34041] DISCONNECTED
24/04/20 21:47:10 DEBUG ipc.NettyTransceiver: [id: 0x61e45f87, /172.17.0.2:39666 :> /0.0.0.0:34041] UNBOUND
24/04/20 21:47:10 DEBUG ipc.NettyTransceiver: [id: 0x61e45f87, /172.17.0.2:39666 :> /0.0.0.0:34041] CLOSED
24/04/20 21:47:10 DEBUG ipc.NettyTransceiver: Remote peer /0.0.0.0:34041 closed connection.
24/04/20 21:47:10 DEBUG ipc.NettyTransceiver: Disconnecting from /0.0.0.0:34041
24/04/20 21:47:10 DEBUG ipc.NettyServer: [id: 0x2032b89b, /172.17.0.2:39666 :> /172.17.0.2:34041] DISCONNECTED
24/04/20 21:47:10 DEBUG ipc.NettyServer: [id: 0x2032b89b, /172.17.0.2:39666 :> /172.17.0.2:34041] UNBOUND
24/04/20 21:47:10 DEBUG ipc.NettyServer: [id: 0x2032b89b, /172.17.0.2:39666 :> /172.17.0.2:34041] CLOSED
24/04/20 21:47:10 INFO wasp.WaspTestingUtility: Starting up minicluster with 1 master(s) and 1 fserver(s) 
Starting DataNode 0 with dfs.data.dir: /home/idflakies/alibaba/wasp/target/test-data/6f189ab2-4277-4d5b-8a98-775cea5e10b6/dfscluster_4a25e8d0-e44b-4730-9134-f4be420c6c7b/dfs/data/data1,/home/idflakies/alibaba/wasp/target/test-data/6f189ab2-4277-4d5b-8a98-775cea5e10b6/dfscluster_4a25e8d0-e44b-4730-9134-f4be420c6c7b/dfs/data/data2
24/04/20 21:47:11 ERROR datanode.DataNode: All directories in dfs.data.dir are invalid.
24/04/20 21:47:11 INFO wasp.WaspTestingUtility: Shutting down mini wasp cluster
24/04/20 21:47:11 INFO wasp.WaspTestingUtility: Minicluster is down
java.lang.NullPointerException
	at org.apache.hadoop.hdfs.MiniDFSCluster.startDataNodes(MiniDFSCluster.java:422)
	at org.apache.hadoop.hdfs.MiniDFSCluster.<init>(MiniDFSCluster.java:280)
	at org.apache.hadoop.hbase.HBaseTestingUtility.startMiniDFSCluster(HBaseTestingUtility.java:451)
	at org.apache.hadoop.hbase.HBaseTestingUtility.startMiniCluster(HBaseTestingUtility.java:619)
	at org.apache.hadoop.hbase.HBaseTestingUtility.startMiniCluster(HBaseTestingUtility.java:575)
	at com.alibaba.wasp.WaspTestingUtility.startMiniCluster(WaspTestingUtility.java:172)
	at com.alibaba.wasp.WaspTestingUtility.startMiniCluster(WaspTestingUtility.java:144)
	at com.alibaba.wasp.plan.execute.TestExecutionEngine.before(TestExecutionEngine.java:89)
	at sun.reflect.NativeMethodAccessorImpl.invoke0(Native Method)
	at sun.reflect.NativeMethodAccessorImpl.invoke(NativeMethodAccessorImpl.java:62)
	at sun.reflect.DelegatingMethodAccessorImpl.invoke(DelegatingMethodAccessorImpl.java:43)
	at java.lang.reflect.Method.invoke(Method.java:498)
	at org.junit.runners.model.FrameworkMethod$1.runReflectiveCall(FrameworkMethod.java:45)
	at org.junit.internal.runners.model.ReflectiveCallable.run(ReflectiveCallable.java:15)
	at org.junit.runners.model.FrameworkMethod.invokeExplosively(FrameworkMethod.java:42)
	at org.junit.internal.runners.statements.RunBefores.evaluate(RunBefores.java:27)
	at org.junit.internal.runners.statements.RunAfters.evaluate(RunAfters.java:30)
	at org.junit.runners.ParentRunner.run(ParentRunner.java:300)
	at org.junit.runners.Suite.runChild(Suite.java:128)
	at org.junit.runners.Suite.runChild(Suite.java:24)
	at org.junit.runners.ParentRunner$3.run(ParentRunner.java:231)
	at org.junit.runners.ParentRunner$1.schedule(ParentRunner.java:60)
	at org.junit.runners.ParentRunner.runChildren(ParentRunner.java:229)
	at org.junit.runners.ParentRunner.access$000(ParentRunner.java:50)
	at org.junit.runners.ParentRunner$2.evaluate(ParentRunner.java:222)
	at org.junit.runners.ParentRunner.run(ParentRunner.java:300)
	at org.junit.runner.JUnitCore.run(JUnitCore.java:157)
	at org.junit.runner.JUnitCore.run(JUnitCore.java:136)
	at edu.illinois.cs.testrunner.execution.JUnitTestExecutor.execute(JUnitTestExecutor.java:246)
	at edu.illinois.cs.testrunner.execution.JUnitTestExecutor.executeWithJUnit4Runner(JUnitTestExecutor.java:315)
	at edu.illinois.cs.testrunner.execution.JUnitTestExecutor.runOrder(JUnitTestExecutor.java:46)
	at edu.illinois.cs.testrunner.execution.Executor$.$anonfun$run$1(Executor.scala:30)
	at scala.runtime.java8.JFunction0$mcV$sp.apply(JFunction0$mcV$sp.java:12)
	at scala.util.Try$.apply(Try.scala:209)
	at edu.illinois.cs.testrunner.execution.Executor$.run(Executor.scala:28)
	at edu.illinois.cs.testrunner.execution.Executor$.main(Executor.scala:18)
	at edu.illinois.cs.testrunner.execution.Executor.main(Executor.scala)
24/04/20 21:47:11 INFO wasp.WaspTestingUtility: Starting up minicluster with 3 master(s) and 3 fserver(s) 
Starting DataNode 0 with dfs.data.dir: /home/idflakies/alibaba/wasp/target/test-data/39821887-95d9-493a-a172-ed4909e16e23/dfscluster_58ffa0a7-c274-4b7b-9fbf-3793d445b485/dfs/data/data1,/home/idflakies/alibaba/wasp/target/test-data/39821887-95d9-493a-a172-ed4909e16e23/dfscluster_58ffa0a7-c274-4b7b-9fbf-3793d445b485/dfs/data/data2
24/04/20 21:47:11 ERROR datanode.DataNode: All directories in dfs.data.dir are invalid.
java.lang.NullPointerException
	at org.apache.hadoop.hdfs.MiniDFSCluster.startDataNodes(MiniDFSCluster.java:422)
	at org.apache.hadoop.hdfs.MiniDFSCluster.<init>(MiniDFSCluster.java:280)
	at org.apache.hadoop.hbase.HBaseTestingUtility.startMiniDFSCluster(HBaseTestingUtility.java:451)
	at org.apache.hadoop.hbase.HBaseTestingUtility.startMiniCluster(HBaseTestingUtility.java:619)
	at org.apache.hadoop.hbase.HBaseTestingUtility.startMiniCluster(HBaseTestingUtility.java:575)
	at com.alibaba.wasp.WaspTestingUtility.startMiniCluster(WaspTestingUtility.java:172)
	at com.alibaba.wasp.master.TestMasterShutdown.testMasterShutdown(TestMasterShutdown.java:57)
	at sun.reflect.NativeMethodAccessorImpl.invoke0(Native Method)
	at sun.reflect.NativeMethodAccessorImpl.invoke(NativeMethodAccessorImpl.java:62)
	at sun.reflect.DelegatingMethodAccessorImpl.invoke(DelegatingMethodAccessorImpl.java:43)
	at java.lang.reflect.Method.invoke(Method.java:498)
	at org.junit.runners.model.FrameworkMethod$1.runReflectiveCall(FrameworkMethod.java:45)
	at org.junit.internal.runners.model.ReflectiveCallable.run(ReflectiveCallable.java:15)
	at org.junit.runners.model.FrameworkMethod.invokeExplosively(FrameworkMethod.java:42)
	at org.junit.internal.runners.statements.InvokeMethod.evaluate(InvokeMethod.java:20)
	at org.junit.internal.runners.statements.FailOnTimeout$StatementThread.run(FailOnTimeout.java:62)
24/04/20 21:47:11 DEBUG druid.DruidParser: Parsing SQL CREATE TABLE User { Required Int64 user_id; Required String name; Optional DOUBLE value; }  primary key(user_id),  entity group root, entity group key(user_id);
24/04/20 21:47:11 DEBUG druid.DruidDDLParser: CreateTablePlan CreateTablePlan [table=CREATE TABLE User { 
  REQUIRED INT64 user_id COLUMNFAMILY d;
  REQUIRED STRING name COLUMNFAMILY d;
  OPTIONAL DOUBLE value COLUMNFAMILY d;
} 
PRIMARY KEY(user_id),
ENTITY GROUP ROOT,
ENTITY GROUP KEY(user_id);
, splitKeys=null]
24/04/20 21:47:11 DEBUG druid.DruidParser: Parsing SQL CREATE TABLE Photo { Required Int64 user_id columnfamily cf comment 'aaa';  Required Int32 photo_id comment 'child primary key';  Optional Int64 time; Optional String full_url;  Optional String thumbnail_url; Optional string tag; Optional DATETIME date; Optional Int32 int32Type; }  primary key(user_id,photo_id),  in table User,  Entity Group Key(user_id) references User; 
24/04/20 21:47:11 DEBUG druid.DruidDDLParser: CreateTablePlan CreateTablePlan [table=CREATE TABLE Photo { 
  REQUIRED INT64 user_id COLUMNFAMILY cf;
  REQUIRED INT32 photo_id COLUMNFAMILY d;
  OPTIONAL INT64 time COLUMNFAMILY d;
  OPTIONAL STRING full_url COLUMNFAMILY d;
  OPTIONAL STRING thumbnail_url COLUMNFAMILY d;
  OPTIONAL STRING tag COLUMNFAMILY d;
  OPTIONAL DATETIME date COLUMNFAMILY d;
  OPTIONAL INT32 int32Type COLUMNFAMILY d;
} 
PRIMARY KEY(user_id, photo_id, ),
 IN TABLE User,
 ENTITY GROUP KEY(user_id) REFERENCES User;
, splitKeys=null]
24/04/20 21:47:11 DEBUG druid.DruidParser: Parsing SQL Insert into User(user_id,name) values(1,'binlijin');
24/04/20 21:47:11 DEBUG druid.DruidDMLParser: INSERT SQL TableSource User
24/04/20 21:47:11 DEBUG druid.DruidDMLParser: From table User
24/04/20 21:47:11 DEBUG druid.DruidDMLParser:  SQLInsertItem user_id
24/04/20 21:47:11 DEBUG druid.DruidDMLParser:  SQLInsertItem name
24/04/20 21:47:11 DEBUG druid.DruidDMLParser: INSERT SQL Insert columns [user_id, name]
24/04/20 21:47:11 DEBUG druid.DruidDMLParser: INSERT SQL Insert Values List [ VALUES (1, 'binlijin')]
24/04/20 21:47:11 DEBUG druid.DruidDMLParser: InsertPlan InsertPlan [actions=[InsertAction [tableName=User, primayKey=[0, 0, 0, 0, 0, 0, 0, 1], columns=[ColumnAction [tableName=User, familyName=d, columnName=user_id, value=[0, 0, 0, 0, 0, 0, 0, 1], isIndex=false], ColumnAction [tableName=User, familyName=d, columnName=name, value=[98, 105, 110, 108, 105, 106, 105, 110], isIndex=false]]]]]
24/04/20 21:47:11 DEBUG druid.DruidParser: Parsing SQL Insert into Photo(user_id,photo_id,tag) values(1,1,'tag');
24/04/20 21:47:11 DEBUG druid.DruidDMLParser: INSERT SQL TableSource Photo
24/04/20 21:47:11 DEBUG druid.DruidDMLParser: From table Photo
24/04/20 21:47:11 DEBUG druid.DruidDMLParser:  SQLInsertItem user_id
24/04/20 21:47:11 DEBUG druid.DruidDMLParser:  SQLInsertItem photo_id
24/04/20 21:47:11 DEBUG druid.DruidDMLParser:  SQLInsertItem tag
24/04/20 21:47:11 DEBUG druid.DruidDMLParser: INSERT SQL Insert columns [user_id, photo_id, tag]
24/04/20 21:47:11 DEBUG druid.DruidDMLParser: INSERT SQL Insert Values List [ VALUES (1, 1, 'tag')]
24/04/20 21:47:11 DEBUG druid.DruidDMLParser: InsertPlan InsertPlan [actions=[InsertAction [tableName=Photo, primayKey=[0, 0, 0, 0, 0, 0, 0, 1, 0, 0, 0, 0, 1], columns=[ColumnAction [tableName=Photo, familyName=cf, columnName=user_id, value=[0, 0, 0, 0, 0, 0, 0, 1], isIndex=false], ColumnAction [tableName=Photo, familyName=d, columnName=photo_id, value=[0, 0, 0, 1], isIndex=false], ColumnAction [tableName=Photo, familyName=d, columnName=tag, value=[116, 97, 103], isIndex=false]]]]]
24/04/20 21:47:11 INFO server.ZooKeeperServer: Created server with tickTime 2000 minSessionTimeout 4000 maxSessionTimeout 40000 datadir /home/idflakies/alibaba/wasp/target/test-data/ecdabe45-d461-4be2-a3db-4536ec84be8c/dfscluster_39a6e2a7-38b8-431c-bd68-4a5050c17f4f/zookeeper_0/version-2 snapdir /home/idflakies/alibaba/wasp/target/test-data/ecdabe45-d461-4be2-a3db-4536ec84be8c/dfscluster_39a6e2a7-38b8-431c-bd68-4a5050c17f4f/zookeeper_0/version-2
24/04/20 21:47:11 INFO server.NIOServerCnxnFactory: binding to port 0.0.0.0/0.0.0.0:52737
24/04/20 21:47:11 INFO persistence.FileTxnSnapLog: Snapshotting: 0x0 to /home/idflakies/alibaba/wasp/target/test-data/ecdabe45-d461-4be2-a3db-4536ec84be8c/dfscluster_39a6e2a7-38b8-431c-bd68-4a5050c17f4f/zookeeper_0/version-2/snapshot.0
24/04/20 21:47:11 INFO server.NIOServerCnxnFactory: Accepted socket connection from /127.0.0.1:54312
24/04/20 21:47:11 INFO server.NIOServerCnxn: Processing stat command from /127.0.0.1:54312
24/04/20 21:47:11 INFO server.NIOServerCnxn: Stat command output
24/04/20 21:47:11 INFO server.NIOServerCnxn: Closed socket connection for client /127.0.0.1:54312 (no session established for client)
24/04/20 21:47:11 DEBUG zookeeper.ZKUtil: MockServer,123,-1 opening connection to ZooKeeper with ensemble (localhost:52737)
24/04/20 21:47:11 INFO zookeeper.ZooKeeper: Initiating client connection, connectString=localhost:52737 sessionTimeout=180000 watcher=MockServer,123,-1
24/04/20 21:47:11 INFO zookeeper.RecoverableZooKeeper: The identifier of this process is 51280@22e8d89dc231
24/04/20 21:47:11 INFO server.NIOServerCnxnFactory: Accepted socket connection from /127.0.0.1:54328
24/04/20 21:47:11 DEBUG server.ZooKeeperServer: Session establishment request from client /127.0.0.1:54328 client's lastZxid is 0x0
24/04/20 21:47:11 INFO server.ZooKeeperServer: Client attempting to establish new session at /127.0.0.1:54328
24/04/20 21:47:11 INFO persistence.FileTxnLog: Creating new log file: log.1
24/04/20 21:47:11 INFO server.ZooKeeperServer: Established session 0xff8efd7a40fc0000 with negotiated timeout 40000 for client /127.0.0.1:54328
24/04/20 21:47:11 DEBUG zookeeper.ZooKeeperWatcher: MockServer,123,-1 Received ZooKeeper Event, type=None, state=SyncConnected, path=null
24/04/20 21:47:11 DEBUG zookeeper.ZooKeeperWatcher: MockServer,123,-1-0xff8efd7a40fc0000 connected
24/04/20 21:47:11 DEBUG zookeeper.ZKAssign: MockServer,123,-1-0xff8efd7a40fc0000 Creating unassigned node for 790dc4e07907896bbd6058f68316d0df in OFFLINE state
24/04/20 21:47:11 DEBUG zookeeper.ZKAssign: MockServer,123,-1-0xff8efd7a40fc0000 Attempting to transition node 790dc4e07907896bbd6058f68316d0df from M_ZK_ENTITYGROUP_OFFLINE to FSERVER_ZK_ENTITYGROUP_OPENING
24/04/20 21:47:11 DEBUG zookeeper.ZKUtil: MockServer,123,-1-0xff8efd7a40fc0000 Retrieved 118 byte(s) of data from znode /wasp/unassigned/790dc4e07907896bbd6058f68316d0df; data=entityGroup=TestCloseEntityGroupHandler,\x00\x00\x00\x00,1713649631490.790dc4e07907896bbd6058f68316d0df., state=M_ZK_ENTITYGROUP_OFFLINE, servername=MockServer,123,-1, createTime=1713649631526, payload.length=0
24/04/20 21:47:11 DEBUG zookeeper.ZooKeeperWatcher: MockServer,123,-1-0xff8efd7a40fc0000 Received ZooKeeper Event, type=NodeDataChanged, state=SyncConnected, path=/wasp/unassigned/790dc4e07907896bbd6058f68316d0df
24/04/20 21:47:11 DEBUG zookeeper.ZKAssign: MockServer,123,-1-0xff8efd7a40fc0000 Successfully transitioned node 790dc4e07907896bbd6058f68316d0df from M_ZK_ENTITYGROUP_OFFLINE to FSERVER_ZK_ENTITYGROUP_OPENING
24/04/20 21:47:11 INFO fserver.EntityGroup: EntityGroup.openEntityGroup EntityGroup name ==TestCloseEntityGroupHandler,\x00\x00\x00\x00,1713649631490.790dc4e07907896bbd6058f68316d0df.
24/04/20 21:47:11 DEBUG fserver.EntityGroup: Opening EntityGroup: {NAME => 'TestCloseEntityGroupHandler,\x00\x00\x00\x00,1713649631490.790dc4e07907896bbd6058f68316d0df.', STARTKEY => '\x00\x00\x00\x00', ENDKEY => '\x00\x00\x00\x01', ENCODED => 790dc4e07907896bbd6058f68316d0df,}
24/04/20 21:47:11 DEBUG fserver.MetricsEntityGroupSourceImpl: Creating new MetricsEntityGroupSourceImpl for table TestCloseEntityGroupHandler 790dc4e07907896bbd6058f68316d0df
24/04/20 21:47:11 DEBUG fserver.EntityGroup: Instantiated TestCloseEntityGroupHandler,\x00\x00\x00\x00,1713649631490.790dc4e07907896bbd6058f68316d0df.
24/04/20 21:47:11 DEBUG zookeeper.ZKAssign: MockServer,123,-1-0xff8efd7a40fc0000 Attempting to transition node 790dc4e07907896bbd6058f68316d0df from FSERVER_ZK_ENTITYGROUP_OPENING to FSERVER_ZK_ENTITYGROUP_OPENING
24/04/20 21:47:11 ERROR server.NIOServerCnxnFactory: Thread Thread[Thread-253,5,main] died
java.lang.NullPointerException
	at com.alibaba.wasp.fserver.EntityGroup.run(EntityGroup.java:1264)
	at java.lang.Thread.run(Thread.java:748)
24/04/20 21:47:11 DEBUG zookeeper.ZKUtil: MockServer,123,-1-0xff8efd7a40fc0000 Retrieved 118 byte(s) of data from znode /wasp/unassigned/790dc4e07907896bbd6058f68316d0df; data=entityGroup=TestCloseEntityGroupHandler,\x00\x00\x00\x00,1713649631490.790dc4e07907896bbd6058f68316d0df., state=FSERVER_ZK_ENTITYGROUP_OPENING, servername=MockServer,123,-1, createTime=1713649631535, payload.length=0
24/04/20 21:47:11 DEBUG zookeeper.ZKAssign: MockServer,123,-1-0xff8efd7a40fc0000 Successfully transitioned node 790dc4e07907896bbd6058f68316d0df from FSERVER_ZK_ENTITYGROUP_OPENING to FSERVER_ZK_ENTITYGROUP_OPENING
24/04/20 21:47:11 DEBUG zookeeper.ZKAssign: MockServer,123,-1-0xff8efd7a40fc0000 Attempting to transition node 790dc4e07907896bbd6058f68316d0df from FSERVER_ZK_ENTITYGROUP_OPENING to FSERVER_ZK_ENTITYGROUP_OPENED
24/04/20 21:47:11 DEBUG zookeeper.ZKUtil: MockServer,123,-1-0xff8efd7a40fc0000 Retrieved 118 byte(s) of data from znode /wasp/unassigned/790dc4e07907896bbd6058f68316d0df; data=entityGroup=TestCloseEntityGroupHandler,\x00\x00\x00\x00,1713649631490.790dc4e07907896bbd6058f68316d0df., state=FSERVER_ZK_ENTITYGROUP_OPENING, servername=MockServer,123,-1, createTime=1713649631546, payload.length=0
24/04/20 21:47:11 DEBUG zookeeper.ZKAssign: MockServer,123,-1-0xff8efd7a40fc0000 Successfully transitioned node 790dc4e07907896bbd6058f68316d0df from FSERVER_ZK_ENTITYGROUP_OPENING to FSERVER_ZK_ENTITYGROUP_OPENED
24/04/20 21:47:11 DEBUG handler.OpenEntityGroupHandler: entityGroup transitioned to opened in zookeeper: {NAME => 'TestCloseEntityGroupHandler,\x00\x00\x00\x00,1713649631490.790dc4e07907896bbd6058f68316d0df.', STARTKEY => '\x00\x00\x00\x00', ENDKEY => '\x00\x00\x00\x01', ENCODED => 790dc4e07907896bbd6058f68316d0df,}, server: MockServer,123,-1
24/04/20 21:47:11 DEBUG handler.OpenEntityGroupHandler: Opened TestCloseEntityGroupHandler,\x00\x00\x00\x00,1713649631490.790dc4e07907896bbd6058f68316d0df. on server:MockServer,123,-1
24/04/20 21:47:11 DEBUG zookeeper.ZKUtil: MockServer,123,-1-0xff8efd7a40fc0000 Retrieved 118 byte(s) of data from znode /wasp/unassigned/790dc4e07907896bbd6058f68316d0df and set watcher; entityGroup=TestCloseEntityGroupHandler,\x00\x00\x00\x00,1713649631490.790dc4e07907896bbd6058f68316d0df., state=FSERVER_ZK_ENTITYGROUP_OPENED, servername=MockServer,123,-1, createTime=1713649631558, payload.length=0
24/04/20 21:47:11 DEBUG zookeeper.ZKAssign: MockServer,123,-1-0xff8efd7a40fc0000 Deleting existing unassigned node for 790dc4e07907896bbd6058f68316d0df that is in expected state FSERVER_ZK_ENTITYGROUP_OPENED
24/04/20 21:47:11 DEBUG zookeeper.ZKUtil: MockServer,123,-1-0xff8efd7a40fc0000 Retrieved 118 byte(s) of data from znode /wasp/unassigned/790dc4e07907896bbd6058f68316d0df; data=entityGroup=TestCloseEntityGroupHandler,\x00\x00\x00\x00,1713649631490.790dc4e07907896bbd6058f68316d0df., state=FSERVER_ZK_ENTITYGROUP_OPENED, servername=MockServer,123,-1, createTime=1713649631558, payload.length=0
24/04/20 21:47:11 DEBUG zookeeper.ZooKeeperWatcher: MockServer,123,-1-0xff8efd7a40fc0000 Received ZooKeeper Event, type=NodeDeleted, state=SyncConnected, path=/wasp/unassigned/790dc4e07907896bbd6058f68316d0df
24/04/20 21:47:11 DEBUG zookeeper.ZKAssign: MockServer,123,-1-0xff8efd7a40fc0000 Successfully deleted unassigned node for entityGroup 790dc4e07907896bbd6058f68316d0df in expected state FSERVER_ZK_ENTITYGROUP_OPENED
24/04/20 21:47:11 DEBUG zookeeper.ZKAssign: MockServer,123,-1-0xff8efd7a40fc0000 Creating unassigned node for 790dc4e07907896bbd6058f68316d0df in a CLOSING state
24/04/20 21:47:11 DEBUG handler.CloseEntityGroupHandler: Processing close of TestCloseEntityGroupHandler,\x00\x00\x00\x00,1713649631490.790dc4e07907896bbd6058f68316d0df.
24/04/20 21:47:11 DEBUG fserver.EntityGroup: Closing TestCloseEntityGroupHandler,\x00\x00\x00\x00,1713649631490.790dc4e07907896bbd6058f68316d0df.
24/04/20 21:47:11 DEBUG fserver.EntityGroup: Updates disabled for entityGroup TestCloseEntityGroupHandler,\x00\x00\x00\x00,1713649631490.790dc4e07907896bbd6058f68316d0df.
24/04/20 21:47:11 INFO fserver.EntityGroup: Running commit transaction of TestCloseEntityGroupHandler,\x00\x00\x00\x00,1713649631490.790dc4e07907896bbd6058f68316d0df. before close
24/04/20 21:47:11 INFO fserver.EntityGroup: Closed TestCloseEntityGroupHandler,\x00\x00\x00\x00,1713649631490.790dc4e07907896bbd6058f68316d0df.
24/04/20 21:47:11 DEBUG zookeeper.ZKAssign: MockServer,123,-1-0xff8efd7a40fc0000 Attempting to transition node 790dc4e07907896bbd6058f68316d0df from M_ZK_ENTITYGROUP_CLOSING to FSERVER_ZK_ENTITYGROUP_CLOSED
24/04/20 21:47:11 DEBUG zookeeper.ZKUtil: MockServer,123,-1-0xff8efd7a40fc0000 Retrieved 120 byte(s) of data from znode /wasp/unassigned/790dc4e07907896bbd6058f68316d0df; data=entityGroup=TestCloseEntityGroupHandler,\x00\x00\x00\x00,1713649631490.790dc4e07907896bbd6058f68316d0df., state=M_ZK_ENTITYGROUP_CLOSING, servername=MockServer,123,-1, createTime=1713649631572, payload.length=0
24/04/20 21:47:11 WARN zookeeper.ZKAssign: MockServer,123,-1-0xff8efd7a40fc0000 Attempt to transition the unassigned node for 790dc4e07907896bbd6058f68316d0df from M_ZK_ENTITYGROUP_CLOSING to FSERVER_ZK_ENTITYGROUP_CLOSED failed, the node existed but was version 0 not the expected version 1
24/04/20 21:47:11 WARN handler.CloseEntityGroupHandler: Completed the CLOSE of a entityGroup but when transitioning from  CLOSING to CLOSED got a version mismatch, someone else clashed so now unassigning
24/04/20 21:47:11 WARN fserver.EntityGroup: EntityGroup TestCloseEntityGroupHandler,\x00\x00\x00\x00,1713649631490.790dc4e07907896bbd6058f68316d0df. already closed
24/04/20 21:47:11 DEBUG handler.CloseEntityGroupHandler: set entityGroup closed state in zk unsuccessfully for entityGroup TestCloseEntityGroupHandler,\x00\x00\x00\x00,1713649631490.790dc4e07907896bbd6058f68316d0df. sn name: MockServer,123,-1
24/04/20 21:47:11 DEBUG handler.CloseEntityGroupHandler: Closed entityGroup TestCloseEntityGroupHandler,\x00\x00\x00\x00,1713649631490.790dc4e07907896bbd6058f68316d0df.
24/04/20 21:47:11 DEBUG zookeeper.ZKUtil: MockServer,123,-1-0xff8efd7a40fc0000 Retrieved 120 byte(s) of data from znode /wasp/unassigned/790dc4e07907896bbd6058f68316d0df and set watcher; entityGroup=TestCloseEntityGroupHandler,\x00\x00\x00\x00,1713649631490.790dc4e07907896bbd6058f68316d0df., state=M_ZK_ENTITYGROUP_CLOSING, servername=MockServer,123,-1, createTime=1713649631572, payload.length=0
24/04/20 21:47:11 DEBUG zookeeper.ZKUtil: MockServer,123,-1 opening connection to ZooKeeper with ensemble (localhost:52737)
24/04/20 21:47:11 INFO zookeeper.ZooKeeper: Initiating client connection, connectString=localhost:52737 sessionTimeout=180000 watcher=MockServer,123,-1
24/04/20 21:47:11 INFO zookeeper.RecoverableZooKeeper: The identifier of this process is 51280@22e8d89dc231
24/04/20 21:47:11 INFO server.NIOServerCnxnFactory: Accepted socket connection from /127.0.0.1:54334
24/04/20 21:47:11 DEBUG server.ZooKeeperServer: Session establishment request from client /127.0.0.1:54334 client's lastZxid is 0x0
24/04/20 21:47:11 INFO server.ZooKeeperServer: Client attempting to establish new session at /127.0.0.1:54334
24/04/20 21:47:11 INFO server.ZooKeeperServer: Established session 0xff8efd7a40fc0001 with negotiated timeout 40000 for client /127.0.0.1:54334
24/04/20 21:47:11 DEBUG zookeeper.ZooKeeperWatcher: MockServer,123,-1 Received ZooKeeper Event, type=None, state=SyncConnected, path=null
24/04/20 21:47:11 DEBUG zookeeper.ZooKeeperWatcher: MockServer,123,-1-0xff8efd7a40fc0001 connected
24/04/20 21:47:11 DEBUG zookeeper.ZKAssign: MockServer,123,-1-0xff8efd7a40fc0001 Creating unassigned node for 2b87ddcfc1ad3bfa5ccf2fb9828d2e79 in OFFLINE state
24/04/20 21:47:11 DEBUG zookeeper.ZKAssign: MockServer,123,-1-0xff8efd7a40fc0001 Attempting to transition node 2b87ddcfc1ad3bfa5ccf2fb9828d2e79 from M_ZK_ENTITYGROUP_OFFLINE to FSERVER_ZK_ENTITYGROUP_OPENING
24/04/20 21:47:11 DEBUG zookeeper.ZKUtil: MockServer,123,-1-0xff8efd7a40fc0001 Retrieved 118 byte(s) of data from znode /wasp/unassigned/2b87ddcfc1ad3bfa5ccf2fb9828d2e79; data=entityGroup=TestCloseEntityGroupHandler,\x00\x00\x00\x00,1713649631583.2b87ddcfc1ad3bfa5ccf2fb9828d2e79., state=M_ZK_ENTITYGROUP_OFFLINE, servername=MockServer,123,-1, createTime=1713649631593, payload.length=0
24/04/20 21:47:11 DEBUG zookeeper.ZooKeeperWatcher: MockServer,123,-1-0xff8efd7a40fc0001 Received ZooKeeper Event, type=NodeDataChanged, state=SyncConnected, path=/wasp/unassigned/2b87ddcfc1ad3bfa5ccf2fb9828d2e79
24/04/20 21:47:11 DEBUG zookeeper.ZKAssign: MockServer,123,-1-0xff8efd7a40fc0001 Successfully transitioned node 2b87ddcfc1ad3bfa5ccf2fb9828d2e79 from M_ZK_ENTITYGROUP_OFFLINE to FSERVER_ZK_ENTITYGROUP_OPENING
24/04/20 21:47:11 INFO fserver.EntityGroup: EntityGroup.openEntityGroup EntityGroup name ==TestCloseEntityGroupHandler,\x00\x00\x00\x00,1713649631583.2b87ddcfc1ad3bfa5ccf2fb9828d2e79.
24/04/20 21:47:11 DEBUG fserver.EntityGroup: Opening EntityGroup: {NAME => 'TestCloseEntityGroupHandler,\x00\x00\x00\x00,1713649631583.2b87ddcfc1ad3bfa5ccf2fb9828d2e79.', STARTKEY => '\x00\x00\x00\x00', ENDKEY => '\x00\x00\x00\x01', ENCODED => 2b87ddcfc1ad3bfa5ccf2fb9828d2e79,}
24/04/20 21:47:11 DEBUG fserver.MetricsEntityGroupSourceImpl: Creating new MetricsEntityGroupSourceImpl for table TestCloseEntityGroupHandler 2b87ddcfc1ad3bfa5ccf2fb9828d2e79
24/04/20 21:47:11 DEBUG fserver.EntityGroup: Instantiated TestCloseEntityGroupHandler,\x00\x00\x00\x00,1713649631583.2b87ddcfc1ad3bfa5ccf2fb9828d2e79.
24/04/20 21:47:11 DEBUG zookeeper.ZKAssign: MockServer,123,-1-0xff8efd7a40fc0001 Attempting to transition node 2b87ddcfc1ad3bfa5ccf2fb9828d2e79 from FSERVER_ZK_ENTITYGROUP_OPENING to FSERVER_ZK_ENTITYGROUP_OPENING
24/04/20 21:47:11 ERROR server.NIOServerCnxnFactory: Thread Thread[Thread-256,5,main] died
java.lang.NullPointerException
	at com.alibaba.wasp.fserver.EntityGroup.run(EntityGroup.java:1264)
	at java.lang.Thread.run(Thread.java:748)
24/04/20 21:47:11 DEBUG zookeeper.ZKUtil: MockServer,123,-1-0xff8efd7a40fc0001 Retrieved 118 byte(s) of data from znode /wasp/unassigned/2b87ddcfc1ad3bfa5ccf2fb9828d2e79; data=entityGroup=TestCloseEntityGroupHandler,\x00\x00\x00\x00,1713649631583.2b87ddcfc1ad3bfa5ccf2fb9828d2e79., state=FSERVER_ZK_ENTITYGROUP_OPENING, servername=MockServer,123,-1, createTime=1713649631599, payload.length=0
24/04/20 21:47:11 DEBUG zookeeper.ZKAssign: MockServer,123,-1-0xff8efd7a40fc0001 Successfully transitioned node 2b87ddcfc1ad3bfa5ccf2fb9828d2e79 from FSERVER_ZK_ENTITYGROUP_OPENING to FSERVER_ZK_ENTITYGROUP_OPENING
24/04/20 21:47:11 DEBUG zookeeper.ZKAssign: MockServer,123,-1-0xff8efd7a40fc0001 Attempting to transition node 2b87ddcfc1ad3bfa5ccf2fb9828d2e79 from FSERVER_ZK_ENTITYGROUP_OPENING to FSERVER_ZK_ENTITYGROUP_OPENED
24/04/20 21:47:11 DEBUG zookeeper.ZKUtil: MockServer,123,-1-0xff8efd7a40fc0001 Retrieved 118 byte(s) of data from znode /wasp/unassigned/2b87ddcfc1ad3bfa5ccf2fb9828d2e79; data=entityGroup=TestCloseEntityGroupHandler,\x00\x00\x00\x00,1713649631583.2b87ddcfc1ad3bfa5ccf2fb9828d2e79., state=FSERVER_ZK_ENTITYGROUP_OPENING, servername=MockServer,123,-1, createTime=1713649631603, payload.length=0
24/04/20 21:47:11 DEBUG zookeeper.ZKAssign: MockServer,123,-1-0xff8efd7a40fc0001 Successfully transitioned node 2b87ddcfc1ad3bfa5ccf2fb9828d2e79 from FSERVER_ZK_ENTITYGROUP_OPENING to FSERVER_ZK_ENTITYGROUP_OPENED
24/04/20 21:47:11 DEBUG handler.OpenEntityGroupHandler: entityGroup transitioned to opened in zookeeper: {NAME => 'TestCloseEntityGroupHandler,\x00\x00\x00\x00,1713649631583.2b87ddcfc1ad3bfa5ccf2fb9828d2e79.', STARTKEY => '\x00\x00\x00\x00', ENDKEY => '\x00\x00\x00\x01', ENCODED => 2b87ddcfc1ad3bfa5ccf2fb9828d2e79,}, server: MockServer,123,-1
24/04/20 21:47:11 DEBUG handler.OpenEntityGroupHandler: Opened TestCloseEntityGroupHandler,\x00\x00\x00\x00,1713649631583.2b87ddcfc1ad3bfa5ccf2fb9828d2e79. on server:MockServer,123,-1
24/04/20 21:47:11 DEBUG zookeeper.ZKUtil: MockServer,123,-1-0xff8efd7a40fc0001 Retrieved 118 byte(s) of data from znode /wasp/unassigned/2b87ddcfc1ad3bfa5ccf2fb9828d2e79 and set watcher; entityGroup=TestCloseEntityGroupHandler,\x00\x00\x00\x00,1713649631583.2b87ddcfc1ad3bfa5ccf2fb9828d2e79., state=FSERVER_ZK_ENTITYGROUP_OPENED, servername=MockServer,123,-1, createTime=1713649631607, payload.length=0
24/04/20 21:47:11 DEBUG zookeeper.ZKAssign: MockServer,123,-1-0xff8efd7a40fc0001 Deleting existing unassigned node for 2b87ddcfc1ad3bfa5ccf2fb9828d2e79 that is in expected state FSERVER_ZK_ENTITYGROUP_OPENED
24/04/20 21:47:11 DEBUG zookeeper.ZKUtil: MockServer,123,-1-0xff8efd7a40fc0001 Retrieved 118 byte(s) of data from znode /wasp/unassigned/2b87ddcfc1ad3bfa5ccf2fb9828d2e79; data=entityGroup=TestCloseEntityGroupHandler,\x00\x00\x00\x00,1713649631583.2b87ddcfc1ad3bfa5ccf2fb9828d2e79., state=FSERVER_ZK_ENTITYGROUP_OPENED, servername=MockServer,123,-1, createTime=1713649631607, payload.length=0
24/04/20 21:47:11 DEBUG zookeeper.ZooKeeperWatcher: MockServer,123,-1-0xff8efd7a40fc0001 Received ZooKeeper Event, type=NodeDeleted, state=SyncConnected, path=/wasp/unassigned/2b87ddcfc1ad3bfa5ccf2fb9828d2e79
24/04/20 21:47:11 DEBUG zookeeper.ZKAssign: MockServer,123,-1-0xff8efd7a40fc0001 Successfully deleted unassigned node for entityGroup 2b87ddcfc1ad3bfa5ccf2fb9828d2e79 in expected state FSERVER_ZK_ENTITYGROUP_OPENED
24/04/20 21:47:11 DEBUG zookeeper.ZKAssign: MockServer,123,-1-0xff8efd7a40fc0001 Creating unassigned node for 2b87ddcfc1ad3bfa5ccf2fb9828d2e79 in a CLOSING state
24/04/20 21:47:11 DEBUG handler.CloseEntityGroupHandler: Processing close of TestCloseEntityGroupHandler,\x00\x00\x00\x00,1713649631583.2b87ddcfc1ad3bfa5ccf2fb9828d2e79.
24/04/20 21:47:11 DEBUG fserver.EntityGroup: Closing TestCloseEntityGroupHandler,\x00\x00\x00\x00,1713649631583.2b87ddcfc1ad3bfa5ccf2fb9828d2e79.
24/04/20 21:47:11 DEBUG fserver.EntityGroup: Updates disabled for entityGroup TestCloseEntityGroupHandler,\x00\x00\x00\x00,1713649631583.2b87ddcfc1ad3bfa5ccf2fb9828d2e79.
24/04/20 21:47:11 INFO fserver.EntityGroup: Running commit transaction of TestCloseEntityGroupHandler,\x00\x00\x00\x00,1713649631583.2b87ddcfc1ad3bfa5ccf2fb9828d2e79. before close
24/04/20 21:47:11 INFO fserver.EntityGroup: Closed TestCloseEntityGroupHandler,\x00\x00\x00\x00,1713649631583.2b87ddcfc1ad3bfa5ccf2fb9828d2e79.
24/04/20 21:47:11 DEBUG zookeeper.ZKAssign: MockServer,123,-1-0xff8efd7a40fc0001 Attempting to transition node 2b87ddcfc1ad3bfa5ccf2fb9828d2e79 from M_ZK_ENTITYGROUP_CLOSING to FSERVER_ZK_ENTITYGROUP_CLOSED
24/04/20 21:47:11 DEBUG zookeeper.ZKUtil: MockServer,123,-1-0xff8efd7a40fc0001 Retrieved 120 byte(s) of data from znode /wasp/unassigned/2b87ddcfc1ad3bfa5ccf2fb9828d2e79; data=entityGroup=TestCloseEntityGroupHandler,\x00\x00\x00\x00,1713649631583.2b87ddcfc1ad3bfa5ccf2fb9828d2e79., state=M_ZK_ENTITYGROUP_CLOSING, servername=MockServer,123,-1, createTime=1713649631611, payload.length=0
24/04/20 21:47:11 DEBUG zookeeper.ZooKeeperWatcher: MockServer,123,-1-0xff8efd7a40fc0001 Received ZooKeeper Event, type=NodeDataChanged, state=SyncConnected, path=/wasp/unassigned/2b87ddcfc1ad3bfa5ccf2fb9828d2e79
24/04/20 21:47:11 DEBUG zookeeper.ZKAssign: MockServer,123,-1-0xff8efd7a40fc0001 Successfully transitioned node 2b87ddcfc1ad3bfa5ccf2fb9828d2e79 from M_ZK_ENTITYGROUP_CLOSING to FSERVER_ZK_ENTITYGROUP_CLOSED
24/04/20 21:47:11 DEBUG handler.CloseEntityGroupHandler: set entityGroup closed state in zk successfully for entityGroup TestCloseEntityGroupHandler,\x00\x00\x00\x00,1713649631583.2b87ddcfc1ad3bfa5ccf2fb9828d2e79. sn name: MockServer,123,-1
24/04/20 21:47:11 DEBUG handler.CloseEntityGroupHandler: Closed entityGroup TestCloseEntityGroupHandler,\x00\x00\x00\x00,1713649631583.2b87ddcfc1ad3bfa5ccf2fb9828d2e79.
24/04/20 21:47:11 DEBUG zookeeper.ZKUtil: MockServer,123,-1-0xff8efd7a40fc0001 Retrieved 118 byte(s) of data from znode /wasp/unassigned/2b87ddcfc1ad3bfa5ccf2fb9828d2e79 and set watcher; entityGroup=TestCloseEntityGroupHandler,\x00\x00\x00\x00,1713649631583.2b87ddcfc1ad3bfa5ccf2fb9828d2e79., state=FSERVER_ZK_ENTITYGROUP_CLOSED, servername=MockServer,123,-1, createTime=1713649631615, payload.length=0
24/04/20 21:47:11 INFO fserver.EntityGroup: creating EntityGroup TestCloseEntityGroupHandler Table == CREATE TABLE TestCloseEntityGroupHandler { 
  REQUIRED INT32 column1 COLUMNFAMILY d;
  REQUIRED INT64 column2 COLUMNFAMILY d;
  REQUIRED STRING column3 COLUMNFAMILY d;
  OPTIONAL FLOAT column4 COLUMNFAMILY d;
  OPTIONAL DOUBLE column5 COLUMNFAMILY d;
  OPTIONAL DATETIME column6 COLUMNFAMILY d;
  REPEATED PROTOBUF column7 COLUMNFAMILY d;
  OPTIONAL STRING column8 COLUMNFAMILY d;
} 
PRIMARY KEY(column1),
ENTITY GROUP ROOT,
ENTITY GROUP KEY(column1);
 Table name == TestCloseEntityGroupHandler
24/04/20 21:47:11 DEBUG fserver.MetricsEntityGroupSourceImpl: Creating new MetricsEntityGroupSourceImpl for table TestCloseEntityGroupHandler 1e3e42a4e9a40473bcca3dc6927496f9
24/04/20 21:47:11 DEBUG fserver.EntityGroup: Instantiated TestCloseEntityGroupHandler,,1713649631618.1e3e42a4e9a40473bcca3dc6927496f9.
24/04/20 21:47:11 ERROR server.NIOServerCnxnFactory: Thread Thread[Thread-259,5,main] died
java.lang.NullPointerException
	at com.alibaba.wasp.fserver.EntityGroup.run(EntityGroup.java:1264)
	at java.lang.Thread.run(Thread.java:748)
24/04/20 21:47:11 DEBUG fserver.EntityGroup: Closing TestCloseEntityGroupHandler,,1713649631618.1e3e42a4e9a40473bcca3dc6927496f9.
24/04/20 21:47:11 DEBUG fserver.EntityGroup: Updates disabled for entityGroup TestCloseEntityGroupHandler,,1713649631618.1e3e42a4e9a40473bcca3dc6927496f9.
24/04/20 21:47:11 INFO fserver.EntityGroup: Running commit transaction of TestCloseEntityGroupHandler,,1713649631618.1e3e42a4e9a40473bcca3dc6927496f9. before close
24/04/20 21:47:11 INFO fserver.EntityGroup: Closed TestCloseEntityGroupHandler,,1713649631618.1e3e42a4e9a40473bcca3dc6927496f9.
24/04/20 21:47:11 DEBUG handler.CloseEntityGroupHandler: Processing close of TestCloseEntityGroupHandler,,1713649631618.1e3e42a4e9a40473bcca3dc6927496f9.
24/04/20 21:47:11 FATAL util.MockServer: Abort why=Unrecoverable exception while closing entityGroup TestCloseEntityGroupHandler,,1713649631618.1e3e42a4e9a40473bcca3dc6927496f9., still finishing close
java.lang.RuntimeException: Mocked failed close!
	at com.alibaba.wasp.fserver.handler.CloseEntityGroupHandler.process(CloseEntityGroupHandler.java:103)
	at com.alibaba.wasp.fserver.handler.TestCloseEntityGroupHandler.testFailedCommitAborts(TestCloseEntityGroupHandler.java:122)
	at sun.reflect.NativeMethodAccessorImpl.invoke0(Native Method)
	at sun.reflect.NativeMethodAccessorImpl.invoke(NativeMethodAccessorImpl.java:62)
	at sun.reflect.DelegatingMethodAccessorImpl.invoke(DelegatingMethodAccessorImpl.java:43)
	at java.lang.reflect.Method.invoke(Method.java:498)
	at org.junit.runners.model.FrameworkMethod$1.runReflectiveCall(FrameworkMethod.java:45)
	at org.junit.internal.runners.model.ReflectiveCallable.run(ReflectiveCallable.java:15)
	at org.junit.runners.model.FrameworkMethod.invokeExplosively(FrameworkMethod.java:42)
	at org.junit.internal.runners.statements.InvokeMethod.evaluate(InvokeMethod.java:20)
	at org.junit.internal.runners.statements.RunBefores.evaluate(RunBefores.java:28)
	at org.junit.runners.ParentRunner.runLeaf(ParentRunner.java:263)
	at org.junit.runners.BlockJUnit4ClassRunner.runChild(BlockJUnit4ClassRunner.java:68)
	at org.junit.runners.BlockJUnit4ClassRunner.runChild(BlockJUnit4ClassRunner.java:47)
	at org.junit.runners.ParentRunner$3.run(ParentRunner.java:231)
	at org.junit.runners.ParentRunner$1.schedule(ParentRunner.java:60)
	at org.junit.runners.ParentRunner.runChildren(ParentRunner.java:229)
	at org.junit.runners.ParentRunner.access$000(ParentRunner.java:50)
	at org.junit.runners.ParentRunner$2.evaluate(ParentRunner.java:222)
	at org.junit.internal.runners.statements.RunBefores.evaluate(RunBefores.java:28)
	at org.junit.internal.runners.statements.RunAfters.evaluate(RunAfters.java:30)
	at org.junit.runners.ParentRunner.run(ParentRunner.java:300)
	at org.junit.runners.Suite.runChild(Suite.java:128)
	at org.junit.runners.Suite.runChild(Suite.java:24)
	at org.junit.runners.ParentRunner$3.run(ParentRunner.java:231)
	at org.junit.runners.ParentRunner$1.schedule(ParentRunner.java:60)
	at org.junit.runners.ParentRunner.runChildren(ParentRunner.java:229)
	at org.junit.runners.ParentRunner.access$000(ParentRunner.java:50)
	at org.junit.runners.ParentRunner$2.evaluate(ParentRunner.java:222)
	at org.junit.runners.ParentRunner.run(ParentRunner.java:300)
	at org.junit.runner.JUnitCore.run(JUnitCore.java:157)
	at org.junit.runner.JUnitCore.run(JUnitCore.java:136)
	at edu.illinois.cs.testrunner.execution.JUnitTestExecutor.execute(JUnitTestExecutor.java:246)
	at edu.illinois.cs.testrunner.execution.JUnitTestExecutor.executeWithJUnit4Runner(JUnitTestExecutor.java:315)
	at edu.illinois.cs.testrunner.execution.JUnitTestExecutor.runOrder(JUnitTestExecutor.java:46)
	at edu.illinois.cs.testrunner.execution.Executor$.$anonfun$run$1(Executor.scala:30)
	at scala.runtime.java8.JFunction0$mcV$sp.apply(JFunction0$mcV$sp.java:12)
	at scala.util.Try$.apply(Try.scala:209)
	at edu.illinois.cs.testrunner.execution.Executor$.run(Executor.scala:28)
	at edu.illinois.cs.testrunner.execution.Executor$.main(Executor.scala:18)
	at edu.illinois.cs.testrunner.execution.Executor.main(Executor.scala)
24/04/20 21:47:11 DEBUG util.MockServer: Stop why=Unrecoverable exception while closing entityGroup TestCloseEntityGroupHandler,,1713649631618.1e3e42a4e9a40473bcca3dc6927496f9., still finishing close
24/04/20 21:47:11 WARN fserver.EntityGroup: EntityGroup TestCloseEntityGroupHandler,,1713649631618.1e3e42a4e9a40473bcca3dc6927496f9. already closed
24/04/20 21:47:11 INFO server.NIOServerCnxn: Closed socket connection for client /127.0.0.1:54328 which had sessionid 0xff8efd7a40fc0000
24/04/20 21:47:11 INFO server.NIOServerCnxn: Closed socket connection for client /127.0.0.1:54334 which had sessionid 0xff8efd7a40fc0001
24/04/20 21:47:11 INFO server.NIOServerCnxnFactory: NIOServerCnxn factory exited run method
24/04/20 21:47:11 INFO server.ZooKeeperServer: shutting down
24/04/20 21:47:11 INFO server.SessionTrackerImpl: Shutting down
24/04/20 21:47:11 INFO server.PrepRequestProcessor: Shutting down
24/04/20 21:47:11 INFO server.SyncRequestProcessor: Shutting down
24/04/20 21:47:11 INFO server.PrepRequestProcessor: PrepRequestProcessor exited loop!
24/04/20 21:47:11 INFO server.SyncRequestProcessor: SyncRequestProcessor exited!
24/04/20 21:47:11 INFO server.FinalRequestProcessor: shutdown of request processor complete
java.lang.NullPointerException
	at com.alibaba.wasp.protobuf.generated.MetaProtos$GetActionProto$Builder.setSessionId(MetaProtos.java:6187)
	at com.alibaba.wasp.plan.action.GetAction.convert(GetAction.java:97)
	at com.alibaba.wasp.protobuf.ProtobufUtil.toGetActionProto(ProtobufUtil.java:466)
	at com.alibaba.wasp.protobuf.TestProtobufUtil.testGet(TestProtobufUtil.java:103)
	at sun.reflect.NativeMethodAccessorImpl.invoke0(Native Method)
	at sun.reflect.NativeMethodAccessorImpl.invoke(NativeMethodAccessorImpl.java:62)
	at sun.reflect.DelegatingMethodAccessorImpl.invoke(DelegatingMethodAccessorImpl.java:43)
	at java.lang.reflect.Method.invoke(Method.java:498)
	at org.junit.runners.model.FrameworkMethod$1.runReflectiveCall(FrameworkMethod.java:45)
	at org.junit.internal.runners.model.ReflectiveCallable.run(ReflectiveCallable.java:15)
	at org.junit.runners.model.FrameworkMethod.invokeExplosively(FrameworkMethod.java:42)
	at org.junit.internal.runners.statements.InvokeMethod.evaluate(InvokeMethod.java:20)
	at org.junit.runners.ParentRunner.runLeaf(ParentRunner.java:263)
	at org.junit.runners.BlockJUnit4ClassRunner.runChild(BlockJUnit4ClassRunner.java:68)
	at org.junit.runners.BlockJUnit4ClassRunner.runChild(BlockJUnit4ClassRunner.java:47)
	at org.junit.runners.ParentRunner$3.run(ParentRunner.java:231)
	at org.junit.runners.ParentRunner$1.schedule(ParentRunner.java:60)
	at org.junit.runners.ParentRunner.runChildren(ParentRunner.java:229)
	at org.junit.runners.ParentRunner.access$000(ParentRunner.java:50)
	at org.junit.runners.ParentRunner$2.evaluate(ParentRunner.java:222)
	at org.junit.runners.ParentRunner.run(ParentRunner.java:300)
	at org.junit.runners.Suite.runChild(Suite.java:128)
	at org.junit.runners.Suite.runChild(Suite.java:24)
	at org.junit.runners.ParentRunner$3.run(ParentRunner.java:231)
	at org.junit.runners.ParentRunner$1.schedule(ParentRunner.java:60)
	at org.junit.runners.ParentRunner.runChildren(ParentRunner.java:229)
	at org.junit.runners.ParentRunner.access$000(ParentRunner.java:50)
	at org.junit.runners.ParentRunner$2.evaluate(ParentRunner.java:222)
	at org.junit.runners.ParentRunner.run(ParentRunner.java:300)
	at org.junit.runner.JUnitCore.run(JUnitCore.java:157)
	at org.junit.runner.JUnitCore.run(JUnitCore.java:136)
	at edu.illinois.cs.testrunner.execution.JUnitTestExecutor.execute(JUnitTestExecutor.java:246)
	at edu.illinois.cs.testrunner.execution.JUnitTestExecutor.executeWithJUnit4Runner(JUnitTestExecutor.java:315)
	at edu.illinois.cs.testrunner.execution.JUnitTestExecutor.runOrder(JUnitTestExecutor.java:46)
	at edu.illinois.cs.testrunner.execution.Executor$.$anonfun$run$1(Executor.scala:30)
	at scala.runtime.java8.JFunction0$mcV$sp.apply(JFunction0$mcV$sp.java:12)
	at scala.util.Try$.apply(Try.scala:209)
	at edu.illinois.cs.testrunner.execution.Executor$.run(Executor.scala:28)
	at edu.illinois.cs.testrunner.execution.Executor$.main(Executor.scala:18)
	at edu.illinois.cs.testrunner.execution.Executor.main(Executor.scala)
java.lang.NullPointerException
	at com.alibaba.wasp.protobuf.generated.MetaProtos$UpdateActionProto$Builder.setSessionId(MetaProtos.java:10088)
	at com.alibaba.wasp.plan.action.UpdateAction.convert(UpdateAction.java:113)
	at com.alibaba.wasp.protobuf.ProtobufUtil.convertUpdateAction(ProtobufUtil.java:559)
	at com.alibaba.wasp.protobuf.TestProtobufUtil.testUpdate(TestProtobufUtil.java:83)
	at sun.reflect.NativeMethodAccessorImpl.invoke0(Native Method)
	at sun.reflect.NativeMethodAccessorImpl.invoke(NativeMethodAccessorImpl.java:62)
	at sun.reflect.DelegatingMethodAccessorImpl.invoke(DelegatingMethodAccessorImpl.java:43)
	at java.lang.reflect.Method.invoke(Method.java:498)
	at org.junit.runners.model.FrameworkMethod$1.runReflectiveCall(FrameworkMethod.java:45)
	at org.junit.internal.runners.model.ReflectiveCallable.run(ReflectiveCallable.java:15)
	at org.junit.runners.model.FrameworkMethod.invokeExplosively(FrameworkMethod.java:42)
	at org.junit.internal.runners.statements.InvokeMethod.evaluate(InvokeMethod.java:20)
	at org.junit.runners.ParentRunner.runLeaf(ParentRunner.java:263)
	at org.junit.runners.BlockJUnit4ClassRunner.runChild(BlockJUnit4ClassRunner.java:68)
	at org.junit.runners.BlockJUnit4ClassRunner.runChild(BlockJUnit4ClassRunner.java:47)
	at org.junit.runners.ParentRunner$3.run(ParentRunner.java:231)
	at org.junit.runners.ParentRunner$1.schedule(ParentRunner.java:60)
	at org.junit.runners.ParentRunner.runChildren(ParentRunner.java:229)
	at org.junit.runners.ParentRunner.access$000(ParentRunner.java:50)
	at org.junit.runners.ParentRunner$2.evaluate(ParentRunner.java:222)
	at org.junit.runners.ParentRunner.run(ParentRunner.java:300)
	at org.junit.runners.Suite.runChild(Suite.java:128)
	at org.junit.runners.Suite.runChild(Suite.java:24)
	at org.junit.runners.ParentRunner$3.run(ParentRunner.java:231)
	at org.junit.runners.ParentRunner$1.schedule(ParentRunner.java:60)
	at org.junit.runners.ParentRunner.runChildren(ParentRunner.java:229)
	at org.junit.runners.ParentRunner.access$000(ParentRunner.java:50)
	at org.junit.runners.ParentRunner$2.evaluate(ParentRunner.java:222)
	at org.junit.runners.ParentRunner.run(ParentRunner.java:300)
	at org.junit.runner.JUnitCore.run(JUnitCore.java:157)
	at org.junit.runner.JUnitCore.run(JUnitCore.java:136)
	at edu.illinois.cs.testrunner.execution.JUnitTestExecutor.execute(JUnitTestExecutor.java:246)
	at edu.illinois.cs.testrunner.execution.JUnitTestExecutor.executeWithJUnit4Runner(JUnitTestExecutor.java:315)
	at edu.illinois.cs.testrunner.execution.JUnitTestExecutor.runOrder(JUnitTestExecutor.java:46)
	at edu.illinois.cs.testrunner.execution.Executor$.$anonfun$run$1(Executor.scala:30)
	at scala.runtime.java8.JFunction0$mcV$sp.apply(JFunction0$mcV$sp.java:12)
	at scala.util.Try$.apply(Try.scala:209)
	at edu.illinois.cs.testrunner.execution.Executor$.run(Executor.scala:28)
	at edu.illinois.cs.testrunner.execution.Executor$.main(Executor.scala:18)
	at edu.illinois.cs.testrunner.execution.Executor.main(Executor.scala)
24/04/20 21:47:11 INFO wasp.WaspTestingUtility: Starting up minicluster with 1 master(s) and 3 fserver(s) 
24/04/20 21:47:11 DEBUG zookeeper.ZooKeeperWatcher: MockServer,123,-1-0xff8efd7a40fc0000 Received ZooKeeper Event, type=None, state=Disconnected, path=null
24/04/20 21:47:11 DEBUG zookeeper.ZooKeeperWatcher: MockServer,123,-1-0xff8efd7a40fc0001 Received ZooKeeper Event, type=None, state=Disconnected, path=null
24/04/20 21:47:11 DEBUG zookeeper.ZooKeeperWatcher: MockServer,123,-1-0xff8efd7a40fc0001 Received Disconnected from ZooKeeper, ignoring
24/04/20 21:47:11 DEBUG zookeeper.ZooKeeperWatcher: MockServer,123,-1-0xff8efd7a40fc0000 Received Disconnected from ZooKeeper, ignoring
24/04/20 21:47:12 INFO server.SessionTrackerImpl: SessionTrackerImpl exited loop!
Starting DataNode 0 with dfs.data.dir: /home/idflakies/alibaba/wasp/target/test-data/45333588-0564-4d9c-b74e-a5c5575b40c7/dfscluster_0ad612e2-c729-4c5d-a28a-4fcd36bd97f9/dfs/data/data1,/home/idflakies/alibaba/wasp/target/test-data/45333588-0564-4d9c-b74e-a5c5575b40c7/dfscluster_0ad612e2-c729-4c5d-a28a-4fcd36bd97f9/dfs/data/data2
24/04/20 21:47:12 ERROR datanode.DataNode: All directories in dfs.data.dir are invalid.
24/04/20 21:47:12 INFO wasp.WaspTestingUtility: Shutting down mini wasp cluster
24/04/20 21:47:12 INFO wasp.WaspTestingUtility: Minicluster is down
java.lang.NullPointerException
	at org.apache.hadoop.hdfs.MiniDFSCluster.startDataNodes(MiniDFSCluster.java:422)
	at org.apache.hadoop.hdfs.MiniDFSCluster.<init>(MiniDFSCluster.java:280)
	at org.apache.hadoop.hbase.HBaseTestingUtility.startMiniDFSCluster(HBaseTestingUtility.java:451)
	at org.apache.hadoop.hbase.HBaseTestingUtility.startMiniCluster(HBaseTestingUtility.java:619)
	at org.apache.hadoop.hbase.HBaseTestingUtility.startMiniCluster(HBaseTestingUtility.java:575)
	at com.alibaba.wasp.WaspTestingUtility.startMiniCluster(WaspTestingUtility.java:172)
	at com.alibaba.wasp.WaspTestingUtility.startMiniCluster(WaspTestingUtility.java:144)
	at com.alibaba.wasp.client.TestAdmin.setUpBeforeClass(TestAdmin.java:91)
	at sun.reflect.NativeMethodAccessorImpl.invoke0(Native Method)
	at sun.reflect.NativeMethodAccessorImpl.invoke(NativeMethodAccessorImpl.java:62)
	at sun.reflect.DelegatingMethodAccessorImpl.invoke(DelegatingMethodAccessorImpl.java:43)
	at java.lang.reflect.Method.invoke(Method.java:498)
	at org.junit.runners.model.FrameworkMethod$1.runReflectiveCall(FrameworkMethod.java:45)
	at org.junit.internal.runners.model.ReflectiveCallable.run(ReflectiveCallable.java:15)
	at org.junit.runners.model.FrameworkMethod.invokeExplosively(FrameworkMethod.java:42)
	at org.junit.internal.runners.statements.RunBefores.evaluate(RunBefores.java:27)
	at org.junit.internal.runners.statements.RunAfters.evaluate(RunAfters.java:30)
	at org.junit.runners.ParentRunner.run(ParentRunner.java:300)
	at org.junit.runners.Suite.runChild(Suite.java:128)
	at org.junit.runners.Suite.runChild(Suite.java:24)
	at org.junit.runners.ParentRunner$3.run(ParentRunner.java:231)
	at org.junit.runners.ParentRunner$1.schedule(ParentRunner.java:60)
	at org.junit.runners.ParentRunner.runChildren(ParentRunner.java:229)
	at org.junit.runners.ParentRunner.access$000(ParentRunner.java:50)
	at org.junit.runners.ParentRunner$2.evaluate(ParentRunner.java:222)
	at org.junit.runners.ParentRunner.run(ParentRunner.java:300)
	at org.junit.runner.JUnitCore.run(JUnitCore.java:157)
	at org.junit.runner.JUnitCore.run(JUnitCore.java:136)
	at edu.illinois.cs.testrunner.execution.JUnitTestExecutor.execute(JUnitTestExecutor.java:246)
	at edu.illinois.cs.testrunner.execution.JUnitTestExecutor.executeWithJUnit4Runner(JUnitTestExecutor.java:315)
	at edu.illinois.cs.testrunner.execution.JUnitTestExecutor.runOrder(JUnitTestExecutor.java:46)
	at edu.illinois.cs.testrunner.execution.Executor$.$anonfun$run$1(Executor.scala:30)
	at scala.runtime.java8.JFunction0$mcV$sp.apply(JFunction0$mcV$sp.java:12)
	at scala.util.Try$.apply(Try.scala:209)
	at edu.illinois.cs.testrunner.execution.Executor$.run(Executor.scala:28)
	at edu.illinois.cs.testrunner.execution.Executor$.main(Executor.scala:18)
	at edu.illinois.cs.testrunner.execution.Executor.main(Executor.scala)
