24/04/20 21:49:04 INFO wasp.WaspTestingUtility: Starting up minicluster with 1 master(s) and 3 fserver(s) 
Starting DataNode 0 with dfs.data.dir: /home/idflakies/alibaba/wasp/target/test-data/f44e4a18-21b6-4166-b826-a6d925abb1a2/dfscluster_03111e7b-8445-4332-a358-68eefebaf9ac/dfs/data/data1,/home/idflakies/alibaba/wasp/target/test-data/f44e4a18-21b6-4166-b826-a6d925abb1a2/dfscluster_03111e7b-8445-4332-a358-68eefebaf9ac/dfs/data/data2
24/04/20 21:49:05 ERROR datanode.DataNode: All directories in dfs.data.dir are invalid.
24/04/20 21:49:05 INFO wasp.WaspTestingUtility: Shutting down mini wasp cluster
24/04/20 21:49:05 INFO wasp.WaspTestingUtility: Minicluster is down
java.lang.NullPointerException
	at org.apache.hadoop.hdfs.MiniDFSCluster.startDataNodes(MiniDFSCluster.java:422)
	at org.apache.hadoop.hdfs.MiniDFSCluster.<init>(MiniDFSCluster.java:280)
	at org.apache.hadoop.hbase.HBaseTestingUtility.startMiniDFSCluster(HBaseTestingUtility.java:451)
	at org.apache.hadoop.hbase.HBaseTestingUtility.startMiniCluster(HBaseTestingUtility.java:619)
	at org.apache.hadoop.hbase.HBaseTestingUtility.startMiniCluster(HBaseTestingUtility.java:575)
	at com.alibaba.wasp.WaspTestingUtility.startMiniCluster(WaspTestingUtility.java:172)
	at com.alibaba.wasp.WaspTestingUtility.startMiniCluster(WaspTestingUtility.java:144)
	at com.alibaba.wasp.client.TestFromClientSide.setUpBeforeClass(TestFromClientSide.java:83)
	at sun.reflect.NativeMethodAccessorImpl.invoke0(Native Method)
	at sun.reflect.NativeMethodAccessorImpl.invoke(NativeMethodAccessorImpl.java:62)
	at sun.reflect.DelegatingMethodAccessorImpl.invoke(DelegatingMethodAccessorImpl.java:43)
	at java.lang.reflect.Method.invoke(Method.java:498)
	at org.junit.runners.model.FrameworkMethod$1.runReflectiveCall(FrameworkMethod.java:45)
	at org.junit.internal.runners.model.ReflectiveCallable.run(ReflectiveCallable.java:15)
	at org.junit.runners.model.FrameworkMethod.invokeExplosively(FrameworkMethod.java:42)
	at org.junit.internal.runners.statements.RunBefores.evaluate(RunBefores.java:27)
	at org.junit.internal.runners.statements.RunAfters.evaluate(RunAfters.java:30)
	at org.junit.runners.ParentRunner.run(ParentRunner.java:300)
	at org.junit.runners.Suite.runChild(Suite.java:128)
	at org.junit.runners.Suite.runChild(Suite.java:24)
	at org.junit.runners.ParentRunner$3.run(ParentRunner.java:231)
	at org.junit.runners.ParentRunner$1.schedule(ParentRunner.java:60)
	at org.junit.runners.ParentRunner.runChildren(ParentRunner.java:229)
	at org.junit.runners.ParentRunner.access$000(ParentRunner.java:50)
	at org.junit.runners.ParentRunner$2.evaluate(ParentRunner.java:222)
	at org.junit.runners.ParentRunner.run(ParentRunner.java:300)
	at org.junit.runner.JUnitCore.run(JUnitCore.java:157)
	at org.junit.runner.JUnitCore.run(JUnitCore.java:136)
	at edu.illinois.cs.testrunner.execution.JUnitTestExecutor.execute(JUnitTestExecutor.java:246)
	at edu.illinois.cs.testrunner.execution.JUnitTestExecutor.executeWithJUnit4Runner(JUnitTestExecutor.java:315)
	at edu.illinois.cs.testrunner.execution.JUnitTestExecutor.runOrder(JUnitTestExecutor.java:46)
	at edu.illinois.cs.testrunner.execution.Executor$.$anonfun$run$1(Executor.scala:30)
	at scala.runtime.java8.JFunction0$mcV$sp.apply(JFunction0$mcV$sp.java:12)
	at scala.util.Try$.apply(Try.scala:209)
	at edu.illinois.cs.testrunner.execution.Executor$.run(Executor.scala:28)
	at edu.illinois.cs.testrunner.execution.Executor$.main(Executor.scala:18)
	at edu.illinois.cs.testrunner.execution.Executor.main(Executor.scala)
24/04/20 21:49:05 INFO wasp.WaspTestingUtility: Starting up minicluster with 1 master(s) and 3 fserver(s) 
Starting DataNode 0 with dfs.data.dir: /home/idflakies/alibaba/wasp/target/test-data/d874656f-d7d7-4920-8ec1-fbf7486268a1/dfscluster_4aff9992-c5de-4cf4-8e9f-12088faebee1/dfs/data/data1,/home/idflakies/alibaba/wasp/target/test-data/d874656f-d7d7-4920-8ec1-fbf7486268a1/dfscluster_4aff9992-c5de-4cf4-8e9f-12088faebee1/dfs/data/data2
24/04/20 21:49:06 ERROR datanode.DataNode: All directories in dfs.data.dir are invalid.
java.lang.NullPointerException
	at org.apache.hadoop.hdfs.MiniDFSCluster.startDataNodes(MiniDFSCluster.java:422)
	at org.apache.hadoop.hdfs.MiniDFSCluster.<init>(MiniDFSCluster.java:280)
	at org.apache.hadoop.hbase.HBaseTestingUtility.startMiniDFSCluster(HBaseTestingUtility.java:451)
	at org.apache.hadoop.hbase.HBaseTestingUtility.startMiniCluster(HBaseTestingUtility.java:619)
	at org.apache.hadoop.hbase.HBaseTestingUtility.startMiniCluster(HBaseTestingUtility.java:575)
	at com.alibaba.wasp.WaspTestingUtility.startMiniCluster(WaspTestingUtility.java:172)
	at com.alibaba.wasp.WaspTestingUtility.startMiniCluster(WaspTestingUtility.java:144)
	at com.alibaba.wasp.jdbc.TestJdbcResultSet.setUpBeforeClass(TestJdbcResultSet.java:71)
	at sun.reflect.NativeMethodAccessorImpl.invoke0(Native Method)
	at sun.reflect.NativeMethodAccessorImpl.invoke(NativeMethodAccessorImpl.java:62)
	at sun.reflect.DelegatingMethodAccessorImpl.invoke(DelegatingMethodAccessorImpl.java:43)
	at java.lang.reflect.Method.invoke(Method.java:498)
	at org.junit.runners.model.FrameworkMethod$1.runReflectiveCall(FrameworkMethod.java:45)
	at org.junit.internal.runners.model.ReflectiveCallable.run(ReflectiveCallable.java:15)
	at org.junit.runners.model.FrameworkMethod.invokeExplosively(FrameworkMethod.java:42)
	at org.junit.internal.runners.statements.RunBefores.evaluate(RunBefores.java:27)
	at org.junit.internal.runners.statements.RunAfters.evaluate(RunAfters.java:30)
	at org.junit.runners.ParentRunner.run(ParentRunner.java:300)
	at org.junit.runners.Suite.runChild(Suite.java:128)
	at org.junit.runners.Suite.runChild(Suite.java:24)
	at org.junit.runners.ParentRunner$3.run(ParentRunner.java:231)
	at org.junit.runners.ParentRunner$1.schedule(ParentRunner.java:60)
	at org.junit.runners.ParentRunner.runChildren(ParentRunner.java:229)
	at org.junit.runners.ParentRunner.access$000(ParentRunner.java:50)
	at org.junit.runners.ParentRunner$2.evaluate(ParentRunner.java:222)
	at org.junit.runners.ParentRunner.run(ParentRunner.java:300)
	at org.junit.runner.JUnitCore.run(JUnitCore.java:157)
	at org.junit.runner.JUnitCore.run(JUnitCore.java:136)
	at edu.illinois.cs.testrunner.execution.JUnitTestExecutor.execute(JUnitTestExecutor.java:246)
	at edu.illinois.cs.testrunner.execution.JUnitTestExecutor.executeWithJUnit4Runner(JUnitTestExecutor.java:315)
	at edu.illinois.cs.testrunner.execution.JUnitTestExecutor.runOrder(JUnitTestExecutor.java:46)
	at edu.illinois.cs.testrunner.execution.Executor$.$anonfun$run$1(Executor.scala:30)
	at scala.runtime.java8.JFunction0$mcV$sp.apply(JFunction0$mcV$sp.java:12)
	at scala.util.Try$.apply(Try.scala:209)
	at edu.illinois.cs.testrunner.execution.Executor$.run(Executor.scala:28)
	at edu.illinois.cs.testrunner.execution.Executor$.main(Executor.scala:18)
	at edu.illinois.cs.testrunner.execution.Executor.main(Executor.scala)
java.lang.NullPointerException
	at com.alibaba.wasp.jdbc.TestJdbcResultSet.tearDownAfterClass(TestJdbcResultSet.java:100)
	at sun.reflect.NativeMethodAccessorImpl.invoke0(Native Method)
	at sun.reflect.NativeMethodAccessorImpl.invoke(NativeMethodAccessorImpl.java:62)
	at sun.reflect.DelegatingMethodAccessorImpl.invoke(DelegatingMethodAccessorImpl.java:43)
	at java.lang.reflect.Method.invoke(Method.java:498)
	at org.junit.runners.model.FrameworkMethod$1.runReflectiveCall(FrameworkMethod.java:45)
	at org.junit.internal.runners.model.ReflectiveCallable.run(ReflectiveCallable.java:15)
	at org.junit.runners.model.FrameworkMethod.invokeExplosively(FrameworkMethod.java:42)
	at org.junit.internal.runners.statements.RunAfters.evaluate(RunAfters.java:36)
	at org.junit.runners.ParentRunner.run(ParentRunner.java:300)
	at org.junit.runners.Suite.runChild(Suite.java:128)
	at org.junit.runners.Suite.runChild(Suite.java:24)
	at org.junit.runners.ParentRunner$3.run(ParentRunner.java:231)
	at org.junit.runners.ParentRunner$1.schedule(ParentRunner.java:60)
	at org.junit.runners.ParentRunner.runChildren(ParentRunner.java:229)
	at org.junit.runners.ParentRunner.access$000(ParentRunner.java:50)
	at org.junit.runners.ParentRunner$2.evaluate(ParentRunner.java:222)
	at org.junit.runners.ParentRunner.run(ParentRunner.java:300)
	at org.junit.runner.JUnitCore.run(JUnitCore.java:157)
	at org.junit.runner.JUnitCore.run(JUnitCore.java:136)
	at edu.illinois.cs.testrunner.execution.JUnitTestExecutor.execute(JUnitTestExecutor.java:246)
	at edu.illinois.cs.testrunner.execution.JUnitTestExecutor.executeWithJUnit4Runner(JUnitTestExecutor.java:315)
	at edu.illinois.cs.testrunner.execution.JUnitTestExecutor.runOrder(JUnitTestExecutor.java:46)
	at edu.illinois.cs.testrunner.execution.Executor$.$anonfun$run$1(Executor.scala:30)
	at scala.runtime.java8.JFunction0$mcV$sp.apply(JFunction0$mcV$sp.java:12)
	at scala.util.Try$.apply(Try.scala:209)
	at edu.illinois.cs.testrunner.execution.Executor$.run(Executor.scala:28)
	at edu.illinois.cs.testrunner.execution.Executor$.main(Executor.scala:18)
	at edu.illinois.cs.testrunner.execution.Executor.main(Executor.scala)
24/04/20 21:49:06 INFO wasp.WaspTestingUtility: Starting up minicluster with 1 master(s) and 3 fserver(s) 
Starting DataNode 0 with dfs.data.dir: /home/idflakies/alibaba/wasp/target/test-data/46a3d405-ddc6-4834-89ff-cba624d72ec0/dfscluster_1b14d1cf-427c-4760-a3ea-74128ca7a6be/dfs/data/data1,/home/idflakies/alibaba/wasp/target/test-data/46a3d405-ddc6-4834-89ff-cba624d72ec0/dfscluster_1b14d1cf-427c-4760-a3ea-74128ca7a6be/dfs/data/data2
24/04/20 21:49:06 ERROR datanode.DataNode: All directories in dfs.data.dir are invalid.
java.lang.NullPointerException
	at org.apache.hadoop.hdfs.MiniDFSCluster.startDataNodes(MiniDFSCluster.java:422)
	at org.apache.hadoop.hdfs.MiniDFSCluster.<init>(MiniDFSCluster.java:280)
	at org.apache.hadoop.hbase.HBaseTestingUtility.startMiniDFSCluster(HBaseTestingUtility.java:451)
	at org.apache.hadoop.hbase.HBaseTestingUtility.startMiniCluster(HBaseTestingUtility.java:619)
	at org.apache.hadoop.hbase.HBaseTestingUtility.startMiniCluster(HBaseTestingUtility.java:575)
	at com.alibaba.wasp.WaspTestingUtility.startMiniCluster(WaspTestingUtility.java:172)
	at com.alibaba.wasp.WaspTestingUtility.startMiniCluster(WaspTestingUtility.java:144)
	at com.alibaba.wasp.jdbc.TestPreparedStatement.beforeClass(TestPreparedStatement.java:60)
	at sun.reflect.NativeMethodAccessorImpl.invoke0(Native Method)
	at sun.reflect.NativeMethodAccessorImpl.invoke(NativeMethodAccessorImpl.java:62)
	at sun.reflect.DelegatingMethodAccessorImpl.invoke(DelegatingMethodAccessorImpl.java:43)
	at java.lang.reflect.Method.invoke(Method.java:498)
	at org.junit.runners.model.FrameworkMethod$1.runReflectiveCall(FrameworkMethod.java:45)
	at org.junit.internal.runners.model.ReflectiveCallable.run(ReflectiveCallable.java:15)
	at org.junit.runners.model.FrameworkMethod.invokeExplosively(FrameworkMethod.java:42)
	at org.junit.internal.runners.statements.RunBefores.evaluate(RunBefores.java:27)
	at org.junit.internal.runners.statements.RunAfters.evaluate(RunAfters.java:30)
	at org.junit.runners.ParentRunner.run(ParentRunner.java:300)
	at org.junit.runners.Suite.runChild(Suite.java:128)
	at org.junit.runners.Suite.runChild(Suite.java:24)
	at org.junit.runners.ParentRunner$3.run(ParentRunner.java:231)
	at org.junit.runners.ParentRunner$1.schedule(ParentRunner.java:60)
	at org.junit.runners.ParentRunner.runChildren(ParentRunner.java:229)
	at org.junit.runners.ParentRunner.access$000(ParentRunner.java:50)
	at org.junit.runners.ParentRunner$2.evaluate(ParentRunner.java:222)
	at org.junit.runners.ParentRunner.run(ParentRunner.java:300)
	at org.junit.runner.JUnitCore.run(JUnitCore.java:157)
	at org.junit.runner.JUnitCore.run(JUnitCore.java:136)
	at edu.illinois.cs.testrunner.execution.JUnitTestExecutor.execute(JUnitTestExecutor.java:246)
	at edu.illinois.cs.testrunner.execution.JUnitTestExecutor.executeWithJUnit4Runner(JUnitTestExecutor.java:315)
	at edu.illinois.cs.testrunner.execution.JUnitTestExecutor.runOrder(JUnitTestExecutor.java:46)
	at edu.illinois.cs.testrunner.execution.Executor$.$anonfun$run$1(Executor.scala:30)
	at scala.runtime.java8.JFunction0$mcV$sp.apply(JFunction0$mcV$sp.java:12)
	at scala.util.Try$.apply(Try.scala:209)
	at edu.illinois.cs.testrunner.execution.Executor$.run(Executor.scala:28)
	at edu.illinois.cs.testrunner.execution.Executor$.main(Executor.scala:18)
	at edu.illinois.cs.testrunner.execution.Executor.main(Executor.scala)
java.lang.NullPointerException
	at com.alibaba.wasp.jdbc.TestPreparedStatement.afterClass(TestPreparedStatement.java:82)
	at sun.reflect.NativeMethodAccessorImpl.invoke0(Native Method)
	at sun.reflect.NativeMethodAccessorImpl.invoke(NativeMethodAccessorImpl.java:62)
	at sun.reflect.DelegatingMethodAccessorImpl.invoke(DelegatingMethodAccessorImpl.java:43)
	at java.lang.reflect.Method.invoke(Method.java:498)
	at org.junit.runners.model.FrameworkMethod$1.runReflectiveCall(FrameworkMethod.java:45)
	at org.junit.internal.runners.model.ReflectiveCallable.run(ReflectiveCallable.java:15)
	at org.junit.runners.model.FrameworkMethod.invokeExplosively(FrameworkMethod.java:42)
	at org.junit.internal.runners.statements.RunAfters.evaluate(RunAfters.java:36)
	at org.junit.runners.ParentRunner.run(ParentRunner.java:300)
	at org.junit.runners.Suite.runChild(Suite.java:128)
	at org.junit.runners.Suite.runChild(Suite.java:24)
	at org.junit.runners.ParentRunner$3.run(ParentRunner.java:231)
	at org.junit.runners.ParentRunner$1.schedule(ParentRunner.java:60)
	at org.junit.runners.ParentRunner.runChildren(ParentRunner.java:229)
	at org.junit.runners.ParentRunner.access$000(ParentRunner.java:50)
	at org.junit.runners.ParentRunner$2.evaluate(ParentRunner.java:222)
	at org.junit.runners.ParentRunner.run(ParentRunner.java:300)
	at org.junit.runner.JUnitCore.run(JUnitCore.java:157)
	at org.junit.runner.JUnitCore.run(JUnitCore.java:136)
	at edu.illinois.cs.testrunner.execution.JUnitTestExecutor.execute(JUnitTestExecutor.java:246)
	at edu.illinois.cs.testrunner.execution.JUnitTestExecutor.executeWithJUnit4Runner(JUnitTestExecutor.java:315)
	at edu.illinois.cs.testrunner.execution.JUnitTestExecutor.runOrder(JUnitTestExecutor.java:46)
	at edu.illinois.cs.testrunner.execution.Executor$.$anonfun$run$1(Executor.scala:30)
	at scala.runtime.java8.JFunction0$mcV$sp.apply(JFunction0$mcV$sp.java:12)
	at scala.util.Try$.apply(Try.scala:209)
	at edu.illinois.cs.testrunner.execution.Executor$.run(Executor.scala:28)
	at edu.illinois.cs.testrunner.execution.Executor$.main(Executor.scala:18)
	at edu.illinois.cs.testrunner.execution.Executor.main(Executor.scala)
24/04/20 21:49:06 INFO server.NIOServerCnxnFactory: binding to port 0.0.0.0/0.0.0.0:61889
24/04/20 21:49:06 INFO persistence.FileTxnSnapLog: Snapshotting: 0x0 to /home/idflakies/alibaba/wasp/target/test-data/be3646ff-5ab6-4cb4-95cf-2d3265207469/dfscluster_1490eccc-201d-47fb-8809-2511dfbffafb/zookeeper_0/version-2/snapshot.0
24/04/20 21:49:06 INFO server.NIOServerCnxnFactory: Accepted socket connection from /127.0.0.1:33318
24/04/20 21:49:06 DEBUG zookeeper.ZKUtil: MockServer,123,-1 opening connection to ZooKeeper with ensemble (localhost:61889)
24/04/20 21:49:06 INFO zookeeper.RecoverableZooKeeper: The identifier of this process is 56511@22e8d89dc231
24/04/20 21:49:06 INFO server.NIOServerCnxnFactory: Accepted socket connection from /127.0.0.1:33330
24/04/20 21:49:06 INFO persistence.FileTxnLog: Creating new log file: log.1
24/04/20 21:49:06 DEBUG zookeeper.ZooKeeperWatcher: MockServer,123,-1 Received ZooKeeper Event, type=None, state=SyncConnected, path=null
24/04/20 21:49:06 DEBUG zookeeper.ZooKeeperWatcher: MockServer,123,-1-0xff8efd7c02100000 connected
24/04/20 21:49:06 INFO fserver.EntityGroup: creating EntityGroup TestOpenEntityGroupHandler Table == CREATE TABLE TestOpenEntityGroupHandler { 
  REQUIRED INT32 column1 COLUMNFAMILY d;
  REQUIRED INT64 column2 COLUMNFAMILY d;
  REQUIRED STRING column3 COLUMNFAMILY d;
  OPTIONAL FLOAT column4 COLUMNFAMILY d;
  OPTIONAL DOUBLE column5 COLUMNFAMILY d;
  OPTIONAL DATETIME column6 COLUMNFAMILY d;
  REPEATED PROTOBUF column7 COLUMNFAMILY d;
  OPTIONAL STRING column8 COLUMNFAMILY d;
} 
PRIMARY KEY(column1),
ENTITY GROUP ROOT,
ENTITY GROUP KEY(column1);
 Table name == TestOpenEntityGroupHandler
24/04/20 21:49:06 DEBUG fserver.MetricsEntityGroupSourceImpl: Creating new MetricsEntityGroupSourceImpl for table TestOpenEntityGroupHandler b37887009c5396d0aea68bf1ad0713b6
24/04/20 21:49:06 DEBUG fserver.EntityGroup: Instantiated TestOpenEntityGroupHandler,\x00\x00\x00\x00,1713649746469.b37887009c5396d0aea68bf1ad0713b6.
24/04/20 21:49:06 ERROR server.NIOServerCnxnFactory: Thread Thread[Thread-75,5,main] died
java.lang.NullPointerException
	at com.alibaba.wasp.fserver.EntityGroup.run(EntityGroup.java:1264)
	at java.lang.Thread.run(Thread.java:748)
24/04/20 21:49:06 DEBUG zookeeper.ZKAssign: MockServer,123,-1-0xff8efd7c02100000 Attempting to transition node b37887009c5396d0aea68bf1ad0713b6 from M_ZK_ENTITYGROUP_OFFLINE to FSERVER_ZK_ENTITYGROUP_OPENING
24/04/20 21:49:06 DEBUG zookeeper.ZKUtil: MockServer,123,-1-0xff8efd7c02100000 Unable to get data of znode /wasp/unassigned/b37887009c5396d0aea68bf1ad0713b6 because node does not exist (not necessarily an error)
24/04/20 21:49:06 WARN handler.OpenEntityGroupHandler: Failed transition from OFFLINE to OPENING for entityGroup=b37887009c5396d0aea68bf1ad0713b6
24/04/20 21:49:06 WARN handler.OpenEntityGroupHandler: EntityGroup was hijacked? It no longer exists, encodedName=b37887009c5396d0aea68bf1ad0713b6
24/04/20 21:49:06 DEBUG zookeeper.ZKAssign: MockServer,123,-1-0xff8efd7c02100000 Creating unassigned node for b37887009c5396d0aea68bf1ad0713b6 in OFFLINE state
24/04/20 21:49:06 DEBUG zookeeper.ZKAssign: MockServer,123,-1-0xff8efd7c02100000 Attempting to transition node b37887009c5396d0aea68bf1ad0713b6 from M_ZK_ENTITYGROUP_OFFLINE to FSERVER_ZK_ENTITYGROUP_OPENING
24/04/20 21:49:06 DEBUG zookeeper.ZKUtil: MockServer,123,-1-0xff8efd7c02100000 Retrieved 117 byte(s) of data from znode /wasp/unassigned/b37887009c5396d0aea68bf1ad0713b6; data=entityGroup=TestOpenEntityGroupHandler,\x00\x00\x00\x00,1713649746469.b37887009c5396d0aea68bf1ad0713b6., state=M_ZK_ENTITYGROUP_OFFLINE, servername=MockServer,123,-1, createTime=1713649746562, payload.length=0
24/04/20 21:49:06 DEBUG zookeeper.ZooKeeperWatcher: MockServer,123,-1-0xff8efd7c02100000 Received ZooKeeper Event, type=NodeDataChanged, state=SyncConnected, path=/wasp/unassigned/b37887009c5396d0aea68bf1ad0713b6
24/04/20 21:49:06 DEBUG zookeeper.ZKAssign: MockServer,123,-1-0xff8efd7c02100000 Successfully transitioned node b37887009c5396d0aea68bf1ad0713b6 from M_ZK_ENTITYGROUP_OFFLINE to FSERVER_ZK_ENTITYGROUP_OPENING
24/04/20 21:49:06 INFO fserver.EntityGroup: EntityGroup.openEntityGroup EntityGroup name ==TestOpenEntityGroupHandler,\x00\x00\x00\x00,1713649746469.b37887009c5396d0aea68bf1ad0713b6.
24/04/20 21:49:06 DEBUG fserver.EntityGroup: Opening EntityGroup: {NAME => 'TestOpenEntityGroupHandler,\x00\x00\x00\x00,1713649746469.b37887009c5396d0aea68bf1ad0713b6.', STARTKEY => '\x00\x00\x00\x00', ENDKEY => '\x00\x00\x00\x01', ENCODED => b37887009c5396d0aea68bf1ad0713b6,}
24/04/20 21:49:06 DEBUG fserver.MetricsEntityGroupSourceImpl: Creating new MetricsEntityGroupSourceImpl for table TestOpenEntityGroupHandler b37887009c5396d0aea68bf1ad0713b6
24/04/20 21:49:06 DEBUG fserver.EntityGroup: Instantiated TestOpenEntityGroupHandler,\x00\x00\x00\x00,1713649746469.b37887009c5396d0aea68bf1ad0713b6.
24/04/20 21:49:06 ERROR server.NIOServerCnxnFactory: Thread Thread[Thread-78,5,main] died
java.lang.NullPointerException
	at com.alibaba.wasp.fserver.EntityGroup.run(EntityGroup.java:1264)
	at java.lang.Thread.run(Thread.java:748)
24/04/20 21:49:06 DEBUG zookeeper.ZKAssign: MockServer,123,-1-0xff8efd7c02100000 Attempting to transition node b37887009c5396d0aea68bf1ad0713b6 from FSERVER_ZK_ENTITYGROUP_OPENING to FSERVER_ZK_ENTITYGROUP_OPENING
24/04/20 21:49:06 DEBUG zookeeper.ZKUtil: MockServer,123,-1-0xff8efd7c02100000 Unable to get data of znode /wasp/unassigned/b37887009c5396d0aea68bf1ad0713b6 because node does not exist (not necessarily an error)
24/04/20 21:49:06 WARN handler.OpenEntityGroupHandler: Failed refreshing OPENING; entityGroup=b37887009c5396d0aea68bf1ad0713b6, context=post_entitygroup_open
24/04/20 21:49:06 DEBUG fserver.EntityGroup: Closing TestOpenEntityGroupHandler,\x00\x00\x00\x00,1713649746469.b37887009c5396d0aea68bf1ad0713b6.
24/04/20 21:49:06 DEBUG fserver.EntityGroup: Updates disabled for entityGroup TestOpenEntityGroupHandler,\x00\x00\x00\x00,1713649746469.b37887009c5396d0aea68bf1ad0713b6.
24/04/20 21:49:06 INFO fserver.EntityGroup: Running commit transaction of TestOpenEntityGroupHandler,\x00\x00\x00\x00,1713649746469.b37887009c5396d0aea68bf1ad0713b6. before close
24/04/20 21:49:06 INFO fserver.EntityGroup: Closed TestOpenEntityGroupHandler,\x00\x00\x00\x00,1713649746469.b37887009c5396d0aea68bf1ad0713b6.
24/04/20 21:49:06 INFO handler.OpenEntityGroupHandler: Opening of entityGroup {NAME => 'TestOpenEntityGroupHandler,\x00\x00\x00\x00,1713649746469.b37887009c5396d0aea68bf1ad0713b6.', STARTKEY => '\x00\x00\x00\x00', ENDKEY => '\x00\x00\x00\x01', ENCODED => b37887009c5396d0aea68bf1ad0713b6,} failed, marking as FAILED_OPEN in ZK
24/04/20 21:49:06 DEBUG zookeeper.ZKAssign: MockServer,123,-1-0xff8efd7c02100000 Attempting to transition node b37887009c5396d0aea68bf1ad0713b6 from FSERVER_ZK_ENTITYGROUP_OPENING to FSERVER_ZK_ENTITYGROUP_FAILED_OPEN
24/04/20 21:49:06 DEBUG zookeeper.ZKUtil: MockServer,123,-1-0xff8efd7c02100000 Unable to get data of znode /wasp/unassigned/b37887009c5396d0aea68bf1ad0713b6 because node does not exist (not necessarily an error)
24/04/20 21:49:06 WARN handler.OpenEntityGroupHandler: Unable to mark entityGroup {NAME => 'TestOpenEntityGroupHandler,\x00\x00\x00\x00,1713649746469.b37887009c5396d0aea68bf1ad0713b6.', STARTKEY => '\x00\x00\x00\x00', ENDKEY => '\x00\x00\x00\x01', ENCODED => b37887009c5396d0aea68bf1ad0713b6,} as FAILED_OPEN. It's likely that the master already timed out this open attempt, and thus another RS already has the entityGroup.
24/04/20 21:49:06 DEBUG fserver.EntityGroup: Closing TestOpenEntityGroupHandler,\x00\x00\x00\x00,1713649746469.b37887009c5396d0aea68bf1ad0713b6.
24/04/20 21:49:06 DEBUG fserver.EntityGroup: Updates disabled for entityGroup TestOpenEntityGroupHandler,\x00\x00\x00\x00,1713649746469.b37887009c5396d0aea68bf1ad0713b6.
24/04/20 21:49:06 INFO fserver.EntityGroup: Running commit transaction of TestOpenEntityGroupHandler,\x00\x00\x00\x00,1713649746469.b37887009c5396d0aea68bf1ad0713b6. before close
24/04/20 21:49:06 INFO fserver.EntityGroup: Closed TestOpenEntityGroupHandler,\x00\x00\x00\x00,1713649746469.b37887009c5396d0aea68bf1ad0713b6.
24/04/20 21:49:06 DEBUG zookeeper.ZKUtil: MockServer,123,-1 opening connection to ZooKeeper with ensemble (localhost:61889)
24/04/20 21:49:06 INFO zookeeper.RecoverableZooKeeper: The identifier of this process is 56511@22e8d89dc231
24/04/20 21:49:06 INFO server.NIOServerCnxnFactory: Accepted socket connection from /127.0.0.1:33334
24/04/20 21:49:06 DEBUG zookeeper.ZooKeeperWatcher: MockServer,123,-1 Received ZooKeeper Event, type=None, state=SyncConnected, path=null
24/04/20 21:49:06 DEBUG zookeeper.ZooKeeperWatcher: MockServer,123,-1-0xff8efd7c02100001 connected
24/04/20 21:49:06 DEBUG zookeeper.ZKAssign: MockServer,123,-1-0xff8efd7c02100001 Creating unassigned node for 2b73124a0f9ab9d7e849f9d078116a7f in OFFLINE state
24/04/20 21:49:06 DEBUG zookeeper.ZKAssign: MockServer,123,-1-0xff8efd7c02100001 Attempting to transition node 2b73124a0f9ab9d7e849f9d078116a7f from M_ZK_ENTITYGROUP_OFFLINE to FSERVER_ZK_ENTITYGROUP_OPENING
24/04/20 21:49:06 DEBUG zookeeper.ZKUtil: MockServer,123,-1-0xff8efd7c02100001 Retrieved 117 byte(s) of data from znode /wasp/unassigned/2b73124a0f9ab9d7e849f9d078116a7f; data=entityGroup=TestOpenEntityGroupHandler,\x00\x00\x00\x00,1713649746592.2b73124a0f9ab9d7e849f9d078116a7f., state=M_ZK_ENTITYGROUP_OFFLINE, servername=MockServer,123,-1, createTime=1713649746600, payload.length=0
24/04/20 21:49:06 DEBUG zookeeper.ZooKeeperWatcher: MockServer,123,-1-0xff8efd7c02100001 Received ZooKeeper Event, type=NodeDataChanged, state=SyncConnected, path=/wasp/unassigned/2b73124a0f9ab9d7e849f9d078116a7f
24/04/20 21:49:06 DEBUG zookeeper.ZKAssign: MockServer,123,-1-0xff8efd7c02100001 Successfully transitioned node 2b73124a0f9ab9d7e849f9d078116a7f from M_ZK_ENTITYGROUP_OFFLINE to FSERVER_ZK_ENTITYGROUP_OPENING
24/04/20 21:49:06 INFO handler.OpenEntityGroupHandler: Opening of entityGroup {NAME => 'TestOpenEntityGroupHandler,\x00\x00\x00\x00,1713649746592.2b73124a0f9ab9d7e849f9d078116a7f.', STARTKEY => '\x00\x00\x00\x00', ENDKEY => '\x00\x00\x00\x01', ENCODED => 2b73124a0f9ab9d7e849f9d078116a7f,} failed, marking as FAILED_OPEN in ZK
24/04/20 21:49:06 DEBUG zookeeper.ZKAssign: MockServer,123,-1-0xff8efd7c02100001 Attempting to transition node 2b73124a0f9ab9d7e849f9d078116a7f from FSERVER_ZK_ENTITYGROUP_OPENING to FSERVER_ZK_ENTITYGROUP_FAILED_OPEN
24/04/20 21:49:06 DEBUG zookeeper.ZKUtil: MockServer,123,-1-0xff8efd7c02100001 Retrieved 117 byte(s) of data from znode /wasp/unassigned/2b73124a0f9ab9d7e849f9d078116a7f; data=entityGroup=TestOpenEntityGroupHandler,\x00\x00\x00\x00,1713649746592.2b73124a0f9ab9d7e849f9d078116a7f., state=FSERVER_ZK_ENTITYGROUP_OPENING, servername=MockServer,123,-1, createTime=1713649746604, payload.length=0
24/04/20 21:49:06 DEBUG zookeeper.ZKAssign: MockServer,123,-1-0xff8efd7c02100001 Successfully transitioned node 2b73124a0f9ab9d7e849f9d078116a7f from FSERVER_ZK_ENTITYGROUP_OPENING to FSERVER_ZK_ENTITYGROUP_FAILED_OPEN
24/04/20 21:49:06 DEBUG zookeeper.ZKUtil: MockServer,123,-1-0xff8efd7c02100001 Retrieved 117 byte(s) of data from znode /wasp/unassigned/2b73124a0f9ab9d7e849f9d078116a7f and set watcher; entityGroup=TestOpenEntityGroupHandler,\x00\x00\x00\x00,1713649746592.2b73124a0f9ab9d7e849f9d078116a7f., state=FSERVER_ZK_ENTITYGROUP_FAILED_OPEN, servername=MockServer,123,-1, createTime=1713649746607, payload.length=0
24/04/20 21:49:06 DEBUG zookeeper.ZKUtil: MockServer,123,-1 opening connection to ZooKeeper with ensemble (localhost:61889)
24/04/20 21:49:06 INFO zookeeper.RecoverableZooKeeper: The identifier of this process is 56511@22e8d89dc231
24/04/20 21:49:06 INFO server.NIOServerCnxnFactory: Accepted socket connection from /127.0.0.1:33348
24/04/20 21:49:06 DEBUG zookeeper.ZooKeeperWatcher: MockServer,123,-1 Received ZooKeeper Event, type=None, state=SyncConnected, path=null
24/04/20 21:49:06 DEBUG zookeeper.ZooKeeperWatcher: MockServer,123,-1-0xff8efd7c02100002 connected
24/04/20 21:49:06 DEBUG zookeeper.ZKAssign: MockServer,123,-1-0xff8efd7c02100002 Creating unassigned node for 9b183dbe3e4cf2ff62ec1a30b1312206 in OFFLINE state
24/04/20 21:49:06 DEBUG zookeeper.ZKAssign: MockServer,123,-1-0xff8efd7c02100002 Attempting to transition node 9b183dbe3e4cf2ff62ec1a30b1312206 from M_ZK_ENTITYGROUP_OFFLINE to FSERVER_ZK_ENTITYGROUP_OPENING
24/04/20 21:49:06 DEBUG zookeeper.ZKUtil: MockServer,123,-1-0xff8efd7c02100002 Retrieved 117 byte(s) of data from znode /wasp/unassigned/9b183dbe3e4cf2ff62ec1a30b1312206; data=entityGroup=TestOpenEntityGroupHandler,\x00\x00\x00\x00,1713649746611.9b183dbe3e4cf2ff62ec1a30b1312206., state=M_ZK_ENTITYGROUP_OFFLINE, servername=MockServer,123,-1, createTime=1713649746618, payload.length=0
24/04/20 21:49:06 DEBUG zookeeper.ZooKeeperWatcher: MockServer,123,-1-0xff8efd7c02100002 Received ZooKeeper Event, type=NodeDataChanged, state=SyncConnected, path=/wasp/unassigned/9b183dbe3e4cf2ff62ec1a30b1312206
24/04/20 21:49:06 DEBUG zookeeper.ZKAssign: MockServer,123,-1-0xff8efd7c02100002 Successfully transitioned node 9b183dbe3e4cf2ff62ec1a30b1312206 from M_ZK_ENTITYGROUP_OFFLINE to FSERVER_ZK_ENTITYGROUP_OPENING
24/04/20 21:49:06 INFO fserver.EntityGroup: EntityGroup.openEntityGroup EntityGroup name ==TestOpenEntityGroupHandler,\x00\x00\x00\x00,1713649746611.9b183dbe3e4cf2ff62ec1a30b1312206.
24/04/20 21:49:06 DEBUG fserver.EntityGroup: Opening EntityGroup: {NAME => 'TestOpenEntityGroupHandler,\x00\x00\x00\x00,1713649746611.9b183dbe3e4cf2ff62ec1a30b1312206.', STARTKEY => '\x00\x00\x00\x00', ENDKEY => '\x00\x00\x00\x01', ENCODED => 9b183dbe3e4cf2ff62ec1a30b1312206,}
24/04/20 21:49:06 DEBUG fserver.MetricsEntityGroupSourceImpl: Creating new MetricsEntityGroupSourceImpl for table TestOpenEntityGroupHandler 9b183dbe3e4cf2ff62ec1a30b1312206
24/04/20 21:49:06 DEBUG fserver.EntityGroup: Instantiated TestOpenEntityGroupHandler,\x00\x00\x00\x00,1713649746611.9b183dbe3e4cf2ff62ec1a30b1312206.
24/04/20 21:49:06 DEBUG zookeeper.ZKAssign: MockServer,123,-1-0xff8efd7c02100002 Attempting to transition node 9b183dbe3e4cf2ff62ec1a30b1312206 from FSERVER_ZK_ENTITYGROUP_OPENING to FSERVER_ZK_ENTITYGROUP_OPENING
24/04/20 21:49:06 ERROR server.NIOServerCnxnFactory: Thread Thread[Thread-81,5,main] died
java.lang.NullPointerException
	at com.alibaba.wasp.fserver.EntityGroup.run(EntityGroup.java:1264)
	at java.lang.Thread.run(Thread.java:748)
24/04/20 21:49:06 DEBUG zookeeper.ZKUtil: MockServer,123,-1-0xff8efd7c02100002 Retrieved 117 byte(s) of data from znode /wasp/unassigned/9b183dbe3e4cf2ff62ec1a30b1312206; data=entityGroup=TestOpenEntityGroupHandler,\x00\x00\x00\x00,1713649746611.9b183dbe3e4cf2ff62ec1a30b1312206., state=FSERVER_ZK_ENTITYGROUP_OPENING, servername=MockServer,123,-1, createTime=1713649746622, payload.length=0
24/04/20 21:49:06 DEBUG zookeeper.ZKAssign: MockServer,123,-1-0xff8efd7c02100002 Successfully transitioned node 9b183dbe3e4cf2ff62ec1a30b1312206 from FSERVER_ZK_ENTITYGROUP_OPENING to FSERVER_ZK_ENTITYGROUP_OPENING
24/04/20 21:49:06 DEBUG fserver.EntityGroup: Closing TestOpenEntityGroupHandler,\x00\x00\x00\x00,1713649746611.9b183dbe3e4cf2ff62ec1a30b1312206.
24/04/20 21:49:06 DEBUG fserver.EntityGroup: Updates disabled for entityGroup TestOpenEntityGroupHandler,\x00\x00\x00\x00,1713649746611.9b183dbe3e4cf2ff62ec1a30b1312206.
24/04/20 21:49:06 INFO fserver.EntityGroup: Running commit transaction of TestOpenEntityGroupHandler,\x00\x00\x00\x00,1713649746611.9b183dbe3e4cf2ff62ec1a30b1312206. before close
24/04/20 21:49:06 INFO fserver.EntityGroup: Closed TestOpenEntityGroupHandler,\x00\x00\x00\x00,1713649746611.9b183dbe3e4cf2ff62ec1a30b1312206.
24/04/20 21:49:06 INFO handler.OpenEntityGroupHandler: Opening of entityGroup {NAME => 'TestOpenEntityGroupHandler,\x00\x00\x00\x00,1713649746611.9b183dbe3e4cf2ff62ec1a30b1312206.', STARTKEY => '\x00\x00\x00\x00', ENDKEY => '\x00\x00\x00\x01', ENCODED => 9b183dbe3e4cf2ff62ec1a30b1312206,} failed, marking as FAILED_OPEN in ZK
24/04/20 21:49:06 DEBUG zookeeper.ZKAssign: MockServer,123,-1-0xff8efd7c02100002 Attempting to transition node 9b183dbe3e4cf2ff62ec1a30b1312206 from FSERVER_ZK_ENTITYGROUP_OPENING to FSERVER_ZK_ENTITYGROUP_FAILED_OPEN
24/04/20 21:49:06 DEBUG zookeeper.ZKUtil: MockServer,123,-1-0xff8efd7c02100002 Retrieved 117 byte(s) of data from znode /wasp/unassigned/9b183dbe3e4cf2ff62ec1a30b1312206; data=entityGroup=TestOpenEntityGroupHandler,\x00\x00\x00\x00,1713649746611.9b183dbe3e4cf2ff62ec1a30b1312206., state=FSERVER_ZK_ENTITYGROUP_OPENING, servername=MockServer,123,-1, createTime=1713649746626, payload.length=0
24/04/20 21:49:06 DEBUG zookeeper.ZKAssign: MockServer,123,-1-0xff8efd7c02100002 Successfully transitioned node 9b183dbe3e4cf2ff62ec1a30b1312206 from FSERVER_ZK_ENTITYGROUP_OPENING to FSERVER_ZK_ENTITYGROUP_FAILED_OPEN
24/04/20 21:49:06 DEBUG zookeeper.ZKUtil: MockServer,123,-1-0xff8efd7c02100002 Retrieved 117 byte(s) of data from znode /wasp/unassigned/9b183dbe3e4cf2ff62ec1a30b1312206 and set watcher; entityGroup=TestOpenEntityGroupHandler,\x00\x00\x00\x00,1713649746611.9b183dbe3e4cf2ff62ec1a30b1312206., state=FSERVER_ZK_ENTITYGROUP_FAILED_OPEN, servername=MockServer,123,-1, createTime=1713649746630, payload.length=0
24/04/20 21:49:06 INFO server.NIOServerCnxnFactory: NIOServerCnxn factory exited run method
24/04/20 21:49:06 INFO server.SessionTrackerImpl: Shutting down
24/04/20 21:49:06 INFO server.SyncRequestProcessor: Shutting down
24/04/20 21:49:06 INFO server.SyncRequestProcessor: SyncRequestProcessor exited!
24/04/20 21:49:06 INFO server.FinalRequestProcessor: shutdown of request processor complete
24/04/20 21:49:06 INFO wasp.WaspTestingUtility: Starting up minicluster with 1 master(s) and 3 fserver(s) 
24/04/20 21:49:06 DEBUG zookeeper.ZooKeeperWatcher: MockServer,123,-1-0xff8efd7c02100000 Received ZooKeeper Event, type=None, state=Disconnected, path=null
24/04/20 21:49:06 DEBUG zookeeper.ZooKeeperWatcher: MockServer,123,-1-0xff8efd7c02100000 Received Disconnected from ZooKeeper, ignoring
24/04/20 21:49:06 DEBUG zookeeper.ZooKeeperWatcher: MockServer,123,-1-0xff8efd7c02100001 Received ZooKeeper Event, type=None, state=Disconnected, path=null
24/04/20 21:49:06 DEBUG zookeeper.ZooKeeperWatcher: MockServer,123,-1-0xff8efd7c02100001 Received Disconnected from ZooKeeper, ignoring
24/04/20 21:49:06 DEBUG zookeeper.ZooKeeperWatcher: MockServer,123,-1-0xff8efd7c02100002 Received ZooKeeper Event, type=None, state=Disconnected, path=null
24/04/20 21:49:06 DEBUG zookeeper.ZooKeeperWatcher: MockServer,123,-1-0xff8efd7c02100002 Received Disconnected from ZooKeeper, ignoring
Starting DataNode 0 with dfs.data.dir: /home/idflakies/alibaba/wasp/target/test-data/73019bde-8d53-4381-b768-243924f5e858/dfscluster_1ea71441-c4ea-4e36-9d48-d0500ebbb5e2/dfs/data/data1,/home/idflakies/alibaba/wasp/target/test-data/73019bde-8d53-4381-b768-243924f5e858/dfscluster_1ea71441-c4ea-4e36-9d48-d0500ebbb5e2/dfs/data/data2
24/04/20 21:49:06 ERROR datanode.DataNode: All directories in dfs.data.dir are invalid.
24/04/20 21:49:06 INFO wasp.WaspTestingUtility: Shutting down mini wasp cluster
24/04/20 21:49:06 INFO wasp.WaspTestingUtility: Minicluster is down
java.lang.NullPointerException
	at org.apache.hadoop.hdfs.MiniDFSCluster.startDataNodes(MiniDFSCluster.java:422)
	at org.apache.hadoop.hdfs.MiniDFSCluster.<init>(MiniDFSCluster.java:280)
	at org.apache.hadoop.hbase.HBaseTestingUtility.startMiniDFSCluster(HBaseTestingUtility.java:451)
	at org.apache.hadoop.hbase.HBaseTestingUtility.startMiniCluster(HBaseTestingUtility.java:619)
	at org.apache.hadoop.hbase.HBaseTestingUtility.startMiniCluster(HBaseTestingUtility.java:575)
	at com.alibaba.wasp.WaspTestingUtility.startMiniCluster(WaspTestingUtility.java:172)
	at com.alibaba.wasp.WaspTestingUtility.startMiniCluster(WaspTestingUtility.java:144)
	at com.alibaba.wasp.messagequeue.TestSubscriber.setUpBeforeClass(TestSubscriber.java:71)
	at sun.reflect.NativeMethodAccessorImpl.invoke0(Native Method)
	at sun.reflect.NativeMethodAccessorImpl.invoke(NativeMethodAccessorImpl.java:62)
	at sun.reflect.DelegatingMethodAccessorImpl.invoke(DelegatingMethodAccessorImpl.java:43)
	at java.lang.reflect.Method.invoke(Method.java:498)
	at org.junit.runners.model.FrameworkMethod$1.runReflectiveCall(FrameworkMethod.java:45)
	at org.junit.internal.runners.model.ReflectiveCallable.run(ReflectiveCallable.java:15)
	at org.junit.runners.model.FrameworkMethod.invokeExplosively(FrameworkMethod.java:42)
	at org.junit.internal.runners.statements.RunBefores.evaluate(RunBefores.java:27)
	at org.junit.internal.runners.statements.RunAfters.evaluate(RunAfters.java:30)
	at org.junit.runners.ParentRunner.run(ParentRunner.java:300)
	at org.junit.runners.Suite.runChild(Suite.java:128)
	at org.junit.runners.Suite.runChild(Suite.java:24)
	at org.junit.runners.ParentRunner$3.run(ParentRunner.java:231)
	at org.junit.runners.ParentRunner$1.schedule(ParentRunner.java:60)
	at org.junit.runners.ParentRunner.runChildren(ParentRunner.java:229)
	at org.junit.runners.ParentRunner.access$000(ParentRunner.java:50)
	at org.junit.runners.ParentRunner$2.evaluate(ParentRunner.java:222)
	at org.junit.runners.ParentRunner.run(ParentRunner.java:300)
	at org.junit.runner.JUnitCore.run(JUnitCore.java:157)
	at org.junit.runner.JUnitCore.run(JUnitCore.java:136)
	at edu.illinois.cs.testrunner.execution.JUnitTestExecutor.execute(JUnitTestExecutor.java:246)
	at edu.illinois.cs.testrunner.execution.JUnitTestExecutor.executeWithJUnit4Runner(JUnitTestExecutor.java:315)
	at edu.illinois.cs.testrunner.execution.JUnitTestExecutor.runOrder(JUnitTestExecutor.java:46)
	at edu.illinois.cs.testrunner.execution.Executor$.$anonfun$run$1(Executor.scala:30)
	at scala.runtime.java8.JFunction0$mcV$sp.apply(JFunction0$mcV$sp.java:12)
	at scala.util.Try$.apply(Try.scala:209)
	at edu.illinois.cs.testrunner.execution.Executor$.run(Executor.scala:28)
	at edu.illinois.cs.testrunner.execution.Executor$.main(Executor.scala:18)
	at edu.illinois.cs.testrunner.execution.Executor.main(Executor.scala)
24/04/20 21:49:07 DEBUG master.TestOpenedEntityGroupHandler: 

TRR: Starting cluster

24/04/20 21:49:07 INFO wasp.WaspTestingUtility: Starting up minicluster with 1 master(s) and 1 fserver(s) 
Starting DataNode 0 with dfs.data.dir: /home/idflakies/alibaba/wasp/target/test-data/891e2085-7479-4351-9413-f83c27829acc/dfscluster_050f6f26-f1ab-4a84-8fc3-15b314e8dea5/dfs/data/data1,/home/idflakies/alibaba/wasp/target/test-data/891e2085-7479-4351-9413-f83c27829acc/dfscluster_050f6f26-f1ab-4a84-8fc3-15b314e8dea5/dfs/data/data2
24/04/20 21:49:07 ERROR datanode.DataNode: All directories in dfs.data.dir are invalid.
24/04/20 21:49:07 INFO wasp.WaspTestingUtility: Shutting down mini wasp cluster
24/04/20 21:49:07 INFO wasp.WaspTestingUtility: Minicluster is down
java.lang.NullPointerException
	at org.apache.hadoop.hdfs.MiniDFSCluster.startDataNodes(MiniDFSCluster.java:422)
	at org.apache.hadoop.hdfs.MiniDFSCluster.<init>(MiniDFSCluster.java:280)
	at org.apache.hadoop.hbase.HBaseTestingUtility.startMiniDFSCluster(HBaseTestingUtility.java:451)
	at org.apache.hadoop.hbase.HBaseTestingUtility.startMiniCluster(HBaseTestingUtility.java:619)
	at org.apache.hadoop.hbase.HBaseTestingUtility.startMiniCluster(HBaseTestingUtility.java:575)
	at com.alibaba.wasp.WaspTestingUtility.startMiniCluster(WaspTestingUtility.java:172)
	at com.alibaba.wasp.master.TestOpenedEntityGroupHandler.testOpenedEntityGroupHandlerOnMasterRestart(TestOpenedEntityGroupHandler.java:93)
	at sun.reflect.NativeMethodAccessorImpl.invoke0(Native Method)
	at sun.reflect.NativeMethodAccessorImpl.invoke(NativeMethodAccessorImpl.java:62)
	at sun.reflect.DelegatingMethodAccessorImpl.invoke(DelegatingMethodAccessorImpl.java:43)
	at java.lang.reflect.Method.invoke(Method.java:498)
	at org.junit.runners.model.FrameworkMethod$1.runReflectiveCall(FrameworkMethod.java:45)
	at org.junit.internal.runners.model.ReflectiveCallable.run(ReflectiveCallable.java:15)
	at org.junit.runners.model.FrameworkMethod.invokeExplosively(FrameworkMethod.java:42)
	at org.junit.internal.runners.statements.InvokeMethod.evaluate(InvokeMethod.java:20)
	at org.junit.internal.runners.statements.RunBefores.evaluate(RunBefores.java:28)
	at org.junit.internal.runners.statements.RunAfters.evaluate(RunAfters.java:30)
	at org.junit.runners.ParentRunner.runLeaf(ParentRunner.java:263)
	at org.junit.runners.BlockJUnit4ClassRunner.runChild(BlockJUnit4ClassRunner.java:68)
	at org.junit.runners.BlockJUnit4ClassRunner.runChild(BlockJUnit4ClassRunner.java:47)
	at org.junit.runners.ParentRunner$3.run(ParentRunner.java:231)
	at org.junit.runners.ParentRunner$1.schedule(ParentRunner.java:60)
	at org.junit.runners.ParentRunner.runChildren(ParentRunner.java:229)
	at org.junit.runners.ParentRunner.access$000(ParentRunner.java:50)
	at org.junit.runners.ParentRunner$2.evaluate(ParentRunner.java:222)
	at org.junit.runners.ParentRunner.run(ParentRunner.java:300)
	at org.junit.runners.Suite.runChild(Suite.java:128)
	at org.junit.runners.Suite.runChild(Suite.java:24)
	at org.junit.runners.ParentRunner$3.run(ParentRunner.java:231)
	at org.junit.runners.ParentRunner$1.schedule(ParentRunner.java:60)
	at org.junit.runners.ParentRunner.runChildren(ParentRunner.java:229)
	at org.junit.runners.ParentRunner.access$000(ParentRunner.java:50)
	at org.junit.runners.ParentRunner$2.evaluate(ParentRunner.java:222)
	at org.junit.runners.ParentRunner.run(ParentRunner.java:300)
	at org.junit.runner.JUnitCore.run(JUnitCore.java:157)
	at org.junit.runner.JUnitCore.run(JUnitCore.java:136)
	at edu.illinois.cs.testrunner.execution.JUnitTestExecutor.execute(JUnitTestExecutor.java:246)
	at edu.illinois.cs.testrunner.execution.JUnitTestExecutor.executeWithJUnit4Runner(JUnitTestExecutor.java:315)
	at edu.illinois.cs.testrunner.execution.JUnitTestExecutor.runOrder(JUnitTestExecutor.java:46)
	at edu.illinois.cs.testrunner.execution.Executor$.$anonfun$run$1(Executor.scala:30)
	at scala.runtime.java8.JFunction0$mcV$sp.apply(JFunction0$mcV$sp.java:12)
	at scala.util.Try$.apply(Try.scala:209)
	at edu.illinois.cs.testrunner.execution.Executor$.run(Executor.scala:28)
	at edu.illinois.cs.testrunner.execution.Executor$.main(Executor.scala:18)
	at edu.illinois.cs.testrunner.execution.Executor.main(Executor.scala)
24/04/20 21:49:07 INFO server.NIOServerCnxnFactory: binding to port 0.0.0.0/0.0.0.0:49422
24/04/20 21:49:07 INFO persistence.FileTxnSnapLog: Snapshotting: 0x0 to /home/idflakies/alibaba/wasp/target/test-data/fde5d65d-b155-497a-8d7a-c028240cf553/dfscluster_a373300d-a05f-4e30-9bd1-21b1708520e1/zookeeper_0/version-2/snapshot.0
24/04/20 21:49:07 INFO server.NIOServerCnxnFactory: Accepted socket connection from /127.0.0.1:35402
24/04/20 21:49:07 DEBUG zookeeper.ZKUtil: MockServer,123,-1 opening connection to ZooKeeper with ensemble (localhost:49422)
24/04/20 21:49:07 INFO zookeeper.RecoverableZooKeeper: The identifier of this process is 56511@22e8d89dc231
24/04/20 21:49:07 INFO server.NIOServerCnxnFactory: Accepted socket connection from /127.0.0.1:35410
24/04/20 21:49:07 INFO persistence.FileTxnLog: Creating new log file: log.1
24/04/20 21:49:07 DEBUG zookeeper.ZooKeeperWatcher: MockServer,123,-1 Received ZooKeeper Event, type=None, state=SyncConnected, path=null
24/04/20 21:49:07 DEBUG zookeeper.ZooKeeperWatcher: MockServer,123,-1-0xff8efd7c05d80000 connected
24/04/20 21:49:07 INFO fserver.EntityGroup: creating EntityGroup testShouldNotCompeleteOpenedEntityGroupSuccessfullyIfVersionMismatches Table == CREATE TABLE testShouldNotCompeleteOpenedEntityGroupSuccessfullyIfVersionMismatches { 
  REQUIRED INT32 column1 COLUMNFAMILY d;
  REQUIRED INT64 column2 COLUMNFAMILY d;
  REQUIRED STRING column3 COLUMNFAMILY d;
  OPTIONAL FLOAT column4 COLUMNFAMILY d;
  OPTIONAL DOUBLE column5 COLUMNFAMILY d;
  OPTIONAL DATETIME column6 COLUMNFAMILY d;
  REPEATED PROTOBUF column7 COLUMNFAMILY d;
  OPTIONAL STRING column8 COLUMNFAMILY d;
} 
PRIMARY KEY(column1),
ENTITY GROUP ROOT,
ENTITY GROUP KEY(column1);
 Table name == testShouldNotCompeleteOpenedEntityGroupSuccessfullyIfVersionMismatches
24/04/20 21:49:07 DEBUG fserver.EntityGroup: Instantiated testShouldNotCompeleteOpenedEntityGroupSuccessfullyIfVersionMismatches,\x00\x00\x00\x00,1713649747440.7f58bb90db6144bc1cf9cf81f6b60911.
24/04/20 21:49:07 ERROR server.NIOServerCnxnFactory: Thread Thread[Thread-131,5,main] died
java.lang.NullPointerException
	at com.alibaba.wasp.fserver.EntityGroup.run(EntityGroup.java:1264)
	at java.lang.Thread.run(Thread.java:748)
24/04/20 21:49:07 DEBUG zookeeper.ZKUtil: unittest opening connection to ZooKeeper with ensemble (localhost:49422)
24/04/20 21:49:07 INFO zookeeper.RecoverableZooKeeper: The identifier of this process is 56511@22e8d89dc231
24/04/20 21:49:07 DEBUG zookeeper.ZKAssign: unittest Creating unassigned node for 7f58bb90db6144bc1cf9cf81f6b60911 in OFFLINE state
24/04/20 21:49:07 INFO server.NIOServerCnxnFactory: Accepted socket connection from /127.0.0.1:35412
24/04/20 21:49:07 DEBUG zookeeper.ZooKeeperWatcher: unittest Received ZooKeeper Event, type=None, state=SyncConnected, path=null
24/04/20 21:49:07 DEBUG zookeeper.ZooKeeperWatcher: unittest-0xff8efd7c05d80001 connected
24/04/20 21:49:07 DEBUG zookeeper.ZKAssign: unittest-0xff8efd7c05d80001 Attempting to transition node 7f58bb90db6144bc1cf9cf81f6b60911 from M_ZK_ENTITYGROUP_OFFLINE to FSERVER_ZK_ENTITYGROUP_OPENING
24/04/20 21:49:07 DEBUG zookeeper.ZKUtil: unittest-0xff8efd7c05d80001 Retrieved 161 byte(s) of data from znode /wasp/unassigned/7f58bb90db6144bc1cf9cf81f6b60911; data=entityGroup=testShouldNotCompeleteOpenedEntityGroupSuccessfullyIfVersionMismatches,\x00\x00\x00\x00,1713649747440.7f58bb90db6144bc1cf9cf81f6b60911., state=M_ZK_ENTITYGROUP_OFFLINE, servername=MockServer,123,-1, createTime=1713649747560, payload.length=0
24/04/20 21:49:07 DEBUG zookeeper.ZooKeeperWatcher: unittest-0xff8efd7c05d80001 Received ZooKeeper Event, type=NodeDataChanged, state=SyncConnected, path=/wasp/unassigned/7f58bb90db6144bc1cf9cf81f6b60911
24/04/20 21:49:07 DEBUG zookeeper.ZKAssign: unittest-0xff8efd7c05d80001 Successfully transitioned node 7f58bb90db6144bc1cf9cf81f6b60911 from M_ZK_ENTITYGROUP_OFFLINE to FSERVER_ZK_ENTITYGROUP_OPENING
24/04/20 21:49:07 DEBUG zookeeper.ZKAssign: unittest-0xff8efd7c05d80001 Attempting to transition node 7f58bb90db6144bc1cf9cf81f6b60911 from FSERVER_ZK_ENTITYGROUP_OPENING to FSERVER_ZK_ENTITYGROUP_OPENED
24/04/20 21:49:07 DEBUG zookeeper.ZKUtil: unittest-0xff8efd7c05d80001 Retrieved 161 byte(s) of data from znode /wasp/unassigned/7f58bb90db6144bc1cf9cf81f6b60911; data=entityGroup=testShouldNotCompeleteOpenedEntityGroupSuccessfullyIfVersionMismatches,\x00\x00\x00\x00,1713649747440.7f58bb90db6144bc1cf9cf81f6b60911., state=FSERVER_ZK_ENTITYGROUP_OPENING, servername=MockServer,123,-1, createTime=1713649747567, payload.length=0
24/04/20 21:49:07 DEBUG zookeeper.ZKAssign: unittest-0xff8efd7c05d80001 Successfully transitioned node 7f58bb90db6144bc1cf9cf81f6b60911 from FSERVER_ZK_ENTITYGROUP_OPENING to FSERVER_ZK_ENTITYGROUP_OPENED
24/04/20 21:49:07 DEBUG zookeeper.ZKUtil: unittest-0xff8efd7c05d80001 Retrieved 161 byte(s) of data from znode /wasp/unassigned/7f58bb90db6144bc1cf9cf81f6b60911 and set watcher; entityGroup=testShouldNotCompeleteOpenedEntityGroupSuccessfullyIfVersionMismatches,\x00\x00\x00\x00,1713649747440.7f58bb90db6144bc1cf9cf81f6b60911., state=FSERVER_ZK_ENTITYGROUP_OPENED, servername=MockServer,123,-1, createTime=1713649747570, payload.length=0
24/04/20 21:49:07 DEBUG zookeeper.ZKAssign: unittest-0xff8efd7c05d80001 Attempting to transition node 7f58bb90db6144bc1cf9cf81f6b60911 from FSERVER_ZK_ENTITYGROUP_OPENED to FSERVER_ZK_ENTITYGROUP_OPENED
24/04/20 21:49:07 DEBUG zookeeper.ZKUtil: unittest-0xff8efd7c05d80001 Retrieved 161 byte(s) of data from znode /wasp/unassigned/7f58bb90db6144bc1cf9cf81f6b60911; data=entityGroup=testShouldNotCompeleteOpenedEntityGroupSuccessfullyIfVersionMismatches,\x00\x00\x00\x00,1713649747440.7f58bb90db6144bc1cf9cf81f6b60911., state=FSERVER_ZK_ENTITYGROUP_OPENED, servername=MockServer,123,-1, createTime=1713649747570, payload.length=0
24/04/20 21:49:07 DEBUG zookeeper.ZooKeeperWatcher: unittest-0xff8efd7c05d80001 Received ZooKeeper Event, type=NodeDataChanged, state=SyncConnected, path=/wasp/unassigned/7f58bb90db6144bc1cf9cf81f6b60911
24/04/20 21:49:07 DEBUG zookeeper.ZKAssign: unittest-0xff8efd7c05d80001 Successfully transitioned node 7f58bb90db6144bc1cf9cf81f6b60911 from FSERVER_ZK_ENTITYGROUP_OPENED to FSERVER_ZK_ENTITYGROUP_OPENED
24/04/20 21:49:07 WARN handler.OpenedEntityGroupHandler: Skipping the onlining of testShouldNotCompeleteOpenedEntityGroupSuccessfullyIfVersionMismatches,\x00\x00\x00\x00,1713649747440.7f58bb90db6144bc1cf9cf81f6b60911. because entityGroups is NOT in EGIT -- presuming this is because it SPLIT
24/04/20 21:49:07 DEBUG fserver.EntityGroup: Closing testShouldNotCompeleteOpenedEntityGroupSuccessfullyIfVersionMismatches,\x00\x00\x00\x00,1713649747440.7f58bb90db6144bc1cf9cf81f6b60911.
24/04/20 21:49:07 DEBUG fserver.EntityGroup: Updates disabled for entityGroup testShouldNotCompeleteOpenedEntityGroupSuccessfullyIfVersionMismatches,\x00\x00\x00\x00,1713649747440.7f58bb90db6144bc1cf9cf81f6b60911.
24/04/20 21:49:07 INFO fserver.EntityGroup: Running commit transaction of testShouldNotCompeleteOpenedEntityGroupSuccessfullyIfVersionMismatches,\x00\x00\x00\x00,1713649747440.7f58bb90db6144bc1cf9cf81f6b60911. before close
24/04/20 21:49:07 INFO fserver.EntityGroup: Closed testShouldNotCompeleteOpenedEntityGroupSuccessfullyIfVersionMismatches,\x00\x00\x00\x00,1713649747440.7f58bb90db6144bc1cf9cf81f6b60911.
24/04/20 21:49:07 INFO server.NIOServerCnxnFactory: NIOServerCnxn factory exited run method
24/04/20 21:49:07 INFO server.SessionTrackerImpl: Shutting down
24/04/20 21:49:07 INFO server.SyncRequestProcessor: Shutting down
24/04/20 21:49:07 INFO server.SyncRequestProcessor: SyncRequestProcessor exited!
24/04/20 21:49:07 INFO server.FinalRequestProcessor: shutdown of request processor complete
24/04/20 21:49:07 INFO wasp.WaspTestingUtility: Shutting down mini wasp cluster
24/04/20 21:49:07 INFO wasp.WaspTestingUtility: Minicluster is down
24/04/20 21:49:07 DEBUG fserver.MetricsEntityGroupSourceImpl: Creating new MetricsEntityGroupSourceImpl for table MetricsEntityGroupWrapperStub DEADBEEF001
24/04/20 21:49:07 INFO wasp.WaspTestingUtility: Starting up minicluster with 1 master(s) and 3 fserver(s) 
24/04/20 21:49:07 DEBUG zookeeper.ZooKeeperWatcher: unittest-0xff8efd7c05d80001 Received ZooKeeper Event, type=None, state=Disconnected, path=null
24/04/20 21:49:07 DEBUG zookeeper.ZooKeeperWatcher: unittest-0xff8efd7c05d80001 Received Disconnected from ZooKeeper, ignoring
24/04/20 21:49:07 DEBUG zookeeper.ZooKeeperWatcher: MockServer,123,-1-0xff8efd7c05d80000 Received ZooKeeper Event, type=None, state=Disconnected, path=null
24/04/20 21:49:07 DEBUG zookeeper.ZooKeeperWatcher: MockServer,123,-1-0xff8efd7c05d80000 Received Disconnected from ZooKeeper, ignoring
Starting DataNode 0 with dfs.data.dir: /home/idflakies/alibaba/wasp/target/test-data/cd96164c-7bb8-4a81-a439-33dbc5559c95/dfscluster_06c4311c-4c92-4578-8b19-7f6cfc3c98b2/dfs/data/data1,/home/idflakies/alibaba/wasp/target/test-data/cd96164c-7bb8-4a81-a439-33dbc5559c95/dfscluster_06c4311c-4c92-4578-8b19-7f6cfc3c98b2/dfs/data/data2
24/04/20 21:49:07 ERROR datanode.DataNode: All directories in dfs.data.dir are invalid.
24/04/20 21:49:07 INFO wasp.WaspTestingUtility: Shutting down mini wasp cluster
24/04/20 21:49:07 INFO wasp.WaspTestingUtility: Minicluster is down
java.lang.NullPointerException
	at org.apache.hadoop.hdfs.MiniDFSCluster.startDataNodes(MiniDFSCluster.java:422)
	at org.apache.hadoop.hdfs.MiniDFSCluster.<init>(MiniDFSCluster.java:280)
	at org.apache.hadoop.hbase.HBaseTestingUtility.startMiniDFSCluster(HBaseTestingUtility.java:451)
	at org.apache.hadoop.hbase.HBaseTestingUtility.startMiniCluster(HBaseTestingUtility.java:619)
	at org.apache.hadoop.hbase.HBaseTestingUtility.startMiniCluster(HBaseTestingUtility.java:575)
	at com.alibaba.wasp.WaspTestingUtility.startMiniCluster(WaspTestingUtility.java:172)
	at com.alibaba.wasp.WaspTestingUtility.startMiniCluster(WaspTestingUtility.java:144)
	at com.alibaba.wasp.jdbc.TestJdbcResultFormatter.setUpBeforeClass(TestJdbcResultFormatter.java:51)
	at sun.reflect.NativeMethodAccessorImpl.invoke0(Native Method)
	at sun.reflect.NativeMethodAccessorImpl.invoke(NativeMethodAccessorImpl.java:62)
	at sun.reflect.DelegatingMethodAccessorImpl.invoke(DelegatingMethodAccessorImpl.java:43)
	at java.lang.reflect.Method.invoke(Method.java:498)
	at org.junit.runners.model.FrameworkMethod$1.runReflectiveCall(FrameworkMethod.java:45)
	at org.junit.internal.runners.model.ReflectiveCallable.run(ReflectiveCallable.java:15)
	at org.junit.runners.model.FrameworkMethod.invokeExplosively(FrameworkMethod.java:42)
	at org.junit.internal.runners.statements.RunBefores.evaluate(RunBefores.java:27)
	at org.junit.internal.runners.statements.RunAfters.evaluate(RunAfters.java:30)
	at org.junit.runners.ParentRunner.run(ParentRunner.java:300)
	at org.junit.runners.Suite.runChild(Suite.java:128)
	at org.junit.runners.Suite.runChild(Suite.java:24)
	at org.junit.runners.ParentRunner$3.run(ParentRunner.java:231)
	at org.junit.runners.ParentRunner$1.schedule(ParentRunner.java:60)
	at org.junit.runners.ParentRunner.runChildren(ParentRunner.java:229)
	at org.junit.runners.ParentRunner.access$000(ParentRunner.java:50)
	at org.junit.runners.ParentRunner$2.evaluate(ParentRunner.java:222)
	at org.junit.runners.ParentRunner.run(ParentRunner.java:300)
	at org.junit.runner.JUnitCore.run(JUnitCore.java:157)
	at org.junit.runner.JUnitCore.run(JUnitCore.java:136)
	at edu.illinois.cs.testrunner.execution.JUnitTestExecutor.execute(JUnitTestExecutor.java:246)
	at edu.illinois.cs.testrunner.execution.JUnitTestExecutor.executeWithJUnit4Runner(JUnitTestExecutor.java:315)
	at edu.illinois.cs.testrunner.execution.JUnitTestExecutor.runOrder(JUnitTestExecutor.java:46)
	at edu.illinois.cs.testrunner.execution.Executor$.$anonfun$run$1(Executor.scala:30)
	at scala.runtime.java8.JFunction0$mcV$sp.apply(JFunction0$mcV$sp.java:12)
	at scala.util.Try$.apply(Try.scala:209)
	at edu.illinois.cs.testrunner.execution.Executor$.run(Executor.scala:28)
	at edu.illinois.cs.testrunner.execution.Executor$.main(Executor.scala:18)
	at edu.illinois.cs.testrunner.execution.Executor.main(Executor.scala)
java.lang.NullPointerException
	at com.alibaba.wasp.jdbc.TestJdbcResultFormatter.tearDownAfterClass(TestJdbcResultFormatter.java:71)
	at sun.reflect.NativeMethodAccessorImpl.invoke0(Native Method)
	at sun.reflect.NativeMethodAccessorImpl.invoke(NativeMethodAccessorImpl.java:62)
	at sun.reflect.DelegatingMethodAccessorImpl.invoke(DelegatingMethodAccessorImpl.java:43)
	at java.lang.reflect.Method.invoke(Method.java:498)
	at org.junit.runners.model.FrameworkMethod$1.runReflectiveCall(FrameworkMethod.java:45)
	at org.junit.internal.runners.model.ReflectiveCallable.run(ReflectiveCallable.java:15)
	at org.junit.runners.model.FrameworkMethod.invokeExplosively(FrameworkMethod.java:42)
	at org.junit.internal.runners.statements.RunAfters.evaluate(RunAfters.java:36)
	at org.junit.runners.ParentRunner.run(ParentRunner.java:300)
	at org.junit.runners.Suite.runChild(Suite.java:128)
	at org.junit.runners.Suite.runChild(Suite.java:24)
	at org.junit.runners.ParentRunner$3.run(ParentRunner.java:231)
	at org.junit.runners.ParentRunner$1.schedule(ParentRunner.java:60)
	at org.junit.runners.ParentRunner.runChildren(ParentRunner.java:229)
	at org.junit.runners.ParentRunner.access$000(ParentRunner.java:50)
	at org.junit.runners.ParentRunner$2.evaluate(ParentRunner.java:222)
	at org.junit.runners.ParentRunner.run(ParentRunner.java:300)
	at org.junit.runner.JUnitCore.run(JUnitCore.java:157)
	at org.junit.runner.JUnitCore.run(JUnitCore.java:136)
	at edu.illinois.cs.testrunner.execution.JUnitTestExecutor.execute(JUnitTestExecutor.java:246)
	at edu.illinois.cs.testrunner.execution.JUnitTestExecutor.executeWithJUnit4Runner(JUnitTestExecutor.java:315)
	at edu.illinois.cs.testrunner.execution.JUnitTestExecutor.runOrder(JUnitTestExecutor.java:46)
	at edu.illinois.cs.testrunner.execution.Executor$.$anonfun$run$1(Executor.scala:30)
	at scala.runtime.java8.JFunction0$mcV$sp.apply(JFunction0$mcV$sp.java:12)
	at scala.util.Try$.apply(Try.scala:209)
	at edu.illinois.cs.testrunner.execution.Executor$.run(Executor.scala:28)
	at edu.illinois.cs.testrunner.execution.Executor$.main(Executor.scala:18)
	at edu.illinois.cs.testrunner.execution.Executor.main(Executor.scala)
24/04/20 21:49:07 DEBUG druid.DruidParser: Parsing SQL CREATE TABLE User { Required Int64 user_id; Required String name; Optional DOUBLE value; }  primary key(user_id),  entity group root, entity group key(user_id);
24/04/20 21:49:08 INFO server.SessionTrackerImpl: SessionTrackerImpl exited loop!
24/04/20 21:49:08 INFO server.SessionTrackerImpl: SessionTrackerImpl exited loop!
24/04/20 21:49:08 DEBUG druid.DruidDDLParser: CreateTablePlan CreateTablePlan [table=CREATE TABLE User { 
  REQUIRED INT64 user_id COLUMNFAMILY d;
  REQUIRED STRING name COLUMNFAMILY d;
  OPTIONAL DOUBLE value COLUMNFAMILY d;
} 
PRIMARY KEY(user_id),
ENTITY GROUP ROOT,
ENTITY GROUP KEY(user_id);
, splitKeys=null]
24/04/20 21:49:08 DEBUG druid.DruidParser: Parsing SQL CREATE TABLE Photo { Required Int64 user_id columnfamily cf comment 'aaa';  Required Int32 photo_id comment 'child primary key';  Optional Int64 time; Optional String full_url;  Optional String thumbnail_url; Optional string tag; Optional DATETIME date; Optional Int32 int32Type; }  primary key(user_id,photo_id),  in table User,  Entity Group Key(user_id) references User; 
24/04/20 21:49:08 DEBUG druid.DruidDDLParser: CreateTablePlan CreateTablePlan [table=CREATE TABLE Photo { 
  REQUIRED INT64 user_id COLUMNFAMILY cf;
  REQUIRED INT32 photo_id COLUMNFAMILY d;
CREATE TABLE User { 
  REQUIRED INT64 user_id COLUMNFAMILY d;
  REQUIRED STRING name COLUMNFAMILY d;
} 
  OPTIONAL INT64 time COLUMNFAMILY d;
  OPTIONAL STRING full_url COLUMNFAMILY d;
  OPTIONAL STRING thumbnail_url COLUMNFAMILY d;
  OPTIONAL STRING tag COLUMNFAMILY d;
  OPTIONAL DATETIME date COLUMNFAMILY d;
  OPTIONAL INT32 int32Type COLUMNFAMILY d;
} 
PRIMARY KEY(user_id, photo_id, ),
 IN TABLE User,
 ENTITY GROUP KEY(user_id) REFERENCES User;
, splitKeys=null]
PRIMARY KEY(user_id),
ENTITY GROUP ROOT,
ENTITY GROUP KEY(user_id);



CREATE TABLE Photo { 
  REQUIRED INT64 user_id COLUMNFAMILY d;
  REQUIRED INT32 photo_id COLUMNFAMILY d;
  REQUIRED INT64 time COLUMNFAMILY d;
  REQUIRED STRING full_url COLUMNFAMILY d;
  OPTIONAL STRING thumbnail_url COLUMNFAMILY d;
  REPEATED STRING tag COLUMNFAMILY d;
} 
PRIMARY KEY(user_id, photo_id, ),
 IN TABLE User,
 ENTITY GROUP KEY(user_id) REFERENCES User;

24/04/20 21:49:08 DEBUG druid.DruidParser: Parsing SQL CREATE TABLE User { Required Int64 user_id; Required String name; Optional DOUBLE value; }  primary key(user_id),  entity group root, entity group key(user_id);
24/04/20 21:49:08 DEBUG druid.DruidDDLParser: CreateTablePlan CreateTablePlan [table=CREATE TABLE User { 
  REQUIRED INT64 user_id COLUMNFAMILY d;
  REQUIRED STRING name COLUMNFAMILY d;
  OPTIONAL DOUBLE value COLUMNFAMILY d;
} 
PRIMARY KEY(user_id),
ENTITY GROUP ROOT,
ENTITY GROUP KEY(user_id);
, splitKeys=null]
24/04/20 21:49:08 DEBUG druid.DruidParser: Parsing SQL CREATE TABLE Photo { Required Int64 user_id columnfamily cf comment 'aaa';  Required Int32 photo_id comment 'child primary key';  Optional Int64 time; Optional String full_url;  Optional String thumbnail_url; Optional string tag; Optional DATETIME date; Optional Int32 int32Type; }  primary key(user_id,photo_id),  in table User,  Entity Group Key(user_id) references User; 
24/04/20 21:49:08 DEBUG druid.DruidDDLParser: CreateTablePlan CreateTablePlan [table=CREATE TABLE Photo { 
  REQUIRED INT64 user_id COLUMNFAMILY cf;
  REQUIRED INT32 photo_id COLUMNFAMILY d;
  OPTIONAL INT64 time COLUMNFAMILY d;
  OPTIONAL STRING full_url COLUMNFAMILY d;
  OPTIONAL STRING thumbnail_url COLUMNFAMILY d;
  OPTIONAL STRING tag COLUMNFAMILY d;
  OPTIONAL DATETIME date COLUMNFAMILY d;
  OPTIONAL INT32 int32Type COLUMNFAMILY d;
} 
PRIMARY KEY(user_id, photo_id, ),
 IN TABLE User,
 ENTITY GROUP KEY(user_id) REFERENCES User;
, splitKeys=null]
24/04/20 21:49:08 DEBUG druid.DruidParser: Parsing SQL DELETE FROM User1 WHERE user_id = 123;
24/04/20 21:49:08 DEBUG druid.DruidDMLParser: UPDATE SQL From clause User1
24/04/20 21:49:08 ERROR druid.DruidParserTestUtil: execute
com.alibaba.wasp.TableNotFoundException: User1 not exists!
	at com.alibaba.wasp.plan.parser.druid.FMetaEventOperation.checkAndGetTable(FMetaEventOperation.java:79)
	at com.alibaba.wasp.plan.parser.druid.DruidDMLParser.getDeletePlan(DruidDMLParser.java:200)
	at com.alibaba.wasp.plan.parser.druid.DruidDMLParser.generatePlan(DruidDMLParser.java:108)
	at com.alibaba.wasp.plan.parser.druid.DruidParserTestUtil.execute(DruidParserTestUtil.java:104)
	at com.alibaba.wasp.plan.parser.druid.TestDruidDMLFailParser.getDeleteFailedPlan(TestDruidDMLFailParser.java:142)
	at sun.reflect.NativeMethodAccessorImpl.invoke0(Native Method)
	at sun.reflect.NativeMethodAccessorImpl.invoke(NativeMethodAccessorImpl.java:62)
	at sun.reflect.DelegatingMethodAccessorImpl.invoke(DelegatingMethodAccessorImpl.java:43)
	at java.lang.reflect.Method.invoke(Method.java:498)
	at org.junit.runners.model.FrameworkMethod$1.runReflectiveCall(FrameworkMethod.java:45)
	at org.junit.internal.runners.model.ReflectiveCallable.run(ReflectiveCallable.java:15)
	at org.junit.runners.model.FrameworkMethod.invokeExplosively(FrameworkMethod.java:42)
	at org.junit.internal.runners.statements.InvokeMethod.evaluate(InvokeMethod.java:20)
	at org.junit.internal.runners.statements.RunBefores.evaluate(RunBefores.java:28)
	at org.junit.internal.runners.statements.RunAfters.evaluate(RunAfters.java:30)
	at org.junit.runners.ParentRunner.runLeaf(ParentRunner.java:263)
	at org.junit.runners.BlockJUnit4ClassRunner.runChild(BlockJUnit4ClassRunner.java:68)
	at org.junit.runners.BlockJUnit4ClassRunner.runChild(BlockJUnit4ClassRunner.java:47)
	at org.junit.runners.ParentRunner$3.run(ParentRunner.java:231)
	at org.junit.runners.ParentRunner$1.schedule(ParentRunner.java:60)
	at org.junit.runners.ParentRunner.runChildren(ParentRunner.java:229)
	at org.junit.runners.ParentRunner.access$000(ParentRunner.java:50)
	at org.junit.runners.ParentRunner$2.evaluate(ParentRunner.java:222)
	at org.junit.internal.runners.statements.RunBefores.evaluate(RunBefores.java:28)
	at org.junit.internal.runners.statements.RunAfters.evaluate(RunAfters.java:30)
	at org.junit.runners.ParentRunner.run(ParentRunner.java:300)
	at org.junit.runners.Suite.runChild(Suite.java:128)
	at org.junit.runners.Suite.runChild(Suite.java:24)
	at org.junit.runners.ParentRunner$3.run(ParentRunner.java:231)
	at org.junit.runners.ParentRunner$1.schedule(ParentRunner.java:60)
	at org.junit.runners.ParentRunner.runChildren(ParentRunner.java:229)
	at org.junit.runners.ParentRunner.access$000(ParentRunner.java:50)
	at org.junit.runners.ParentRunner$2.evaluate(ParentRunner.java:222)
	at org.junit.runners.ParentRunner.run(ParentRunner.java:300)
	at org.junit.runner.JUnitCore.run(JUnitCore.java:157)
	at org.junit.runner.JUnitCore.run(JUnitCore.java:136)
	at edu.illinois.cs.testrunner.execution.JUnitTestExecutor.execute(JUnitTestExecutor.java:246)
	at edu.illinois.cs.testrunner.execution.JUnitTestExecutor.executeWithJUnit4Runner(JUnitTestExecutor.java:315)
	at edu.illinois.cs.testrunner.execution.JUnitTestExecutor.runOrder(JUnitTestExecutor.java:46)
	at edu.illinois.cs.testrunner.execution.Executor$.$anonfun$run$1(Executor.scala:30)
	at scala.runtime.java8.JFunction0$mcV$sp.apply(JFunction0$mcV$sp.java:12)
	at scala.util.Try$.apply(Try.scala:209)
	at edu.illinois.cs.testrunner.execution.Executor$.run(Executor.scala:28)
	at edu.illinois.cs.testrunner.execution.Executor$.main(Executor.scala:18)
	at edu.illinois.cs.testrunner.execution.Executor.main(Executor.scala)
24/04/20 21:49:08 DEBUG druid.DruidParser: Parsing SQL DELETE FROM User WHERE user_id2 = 123;
24/04/20 21:49:08 DEBUG druid.DruidDMLParser: UPDATE SQL From clause User
24/04/20 21:49:08 DEBUG druid.DruidDMLParser: UPDATE SQL where user_id2 = 123
24/04/20 21:49:08 ERROR druid.DruidParserTestUtil: execute
com.alibaba.wasp.plan.parser.UnsupportedException: User does not have column 'user_id2'!
	at com.alibaba.wasp.plan.parser.druid.FMetaEventOperation.checkAndGetFields(FMetaEventOperation.java:114)
	at com.alibaba.wasp.plan.parser.druid.DruidDMLParser.getDeletePlan(DruidDMLParser.java:213)
	at com.alibaba.wasp.plan.parser.druid.DruidDMLParser.generatePlan(DruidDMLParser.java:108)
	at com.alibaba.wasp.plan.parser.druid.DruidParserTestUtil.execute(DruidParserTestUtil.java:104)
	at com.alibaba.wasp.plan.parser.druid.TestDruidDMLFailParser.getDeleteFailedPlan(TestDruidDMLFailParser.java:142)
	at sun.reflect.NativeMethodAccessorImpl.invoke0(Native Method)
	at sun.reflect.NativeMethodAccessorImpl.invoke(NativeMethodAccessorImpl.java:62)
	at sun.reflect.DelegatingMethodAccessorImpl.invoke(DelegatingMethodAccessorImpl.java:43)
	at java.lang.reflect.Method.invoke(Method.java:498)
	at org.junit.runners.model.FrameworkMethod$1.runReflectiveCall(FrameworkMethod.java:45)
	at org.junit.internal.runners.model.ReflectiveCallable.run(ReflectiveCallable.java:15)
	at org.junit.runners.model.FrameworkMethod.invokeExplosively(FrameworkMethod.java:42)
	at org.junit.internal.runners.statements.InvokeMethod.evaluate(InvokeMethod.java:20)
	at org.junit.internal.runners.statements.RunBefores.evaluate(RunBefores.java:28)
	at org.junit.internal.runners.statements.RunAfters.evaluate(RunAfters.java:30)
	at org.junit.runners.ParentRunner.runLeaf(ParentRunner.java:263)
	at org.junit.runners.BlockJUnit4ClassRunner.runChild(BlockJUnit4ClassRunner.java:68)
	at org.junit.runners.BlockJUnit4ClassRunner.runChild(BlockJUnit4ClassRunner.java:47)
	at org.junit.runners.ParentRunner$3.run(ParentRunner.java:231)
	at org.junit.runners.ParentRunner$1.schedule(ParentRunner.java:60)
	at org.junit.runners.ParentRunner.runChildren(ParentRunner.java:229)
	at org.junit.runners.ParentRunner.access$000(ParentRunner.java:50)
	at org.junit.runners.ParentRunner$2.evaluate(ParentRunner.java:222)
	at org.junit.internal.runners.statements.RunBefores.evaluate(RunBefores.java:28)
	at org.junit.internal.runners.statements.RunAfters.evaluate(RunAfters.java:30)
	at org.junit.runners.ParentRunner.run(ParentRunner.java:300)
	at org.junit.runners.Suite.runChild(Suite.java:128)
	at org.junit.runners.Suite.runChild(Suite.java:24)
	at org.junit.runners.ParentRunner$3.run(ParentRunner.java:231)
	at org.junit.runners.ParentRunner$1.schedule(ParentRunner.java:60)
	at org.junit.runners.ParentRunner.runChildren(ParentRunner.java:229)
	at org.junit.runners.ParentRunner.access$000(ParentRunner.java:50)
	at org.junit.runners.ParentRunner$2.evaluate(ParentRunner.java:222)
	at org.junit.runners.ParentRunner.run(ParentRunner.java:300)
	at org.junit.runner.JUnitCore.run(JUnitCore.java:157)
	at org.junit.runner.JUnitCore.run(JUnitCore.java:136)
	at edu.illinois.cs.testrunner.execution.JUnitTestExecutor.execute(JUnitTestExecutor.java:246)
	at edu.illinois.cs.testrunner.execution.JUnitTestExecutor.executeWithJUnit4Runner(JUnitTestExecutor.java:315)
	at edu.illinois.cs.testrunner.execution.JUnitTestExecutor.runOrder(JUnitTestExecutor.java:46)
	at edu.illinois.cs.testrunner.execution.Executor$.$anonfun$run$1(Executor.scala:30)
	at scala.runtime.java8.JFunction0$mcV$sp.apply(JFunction0$mcV$sp.java:12)
	at scala.util.Try$.apply(Try.scala:209)
	at edu.illinois.cs.testrunner.execution.Executor$.run(Executor.scala:28)
	at edu.illinois.cs.testrunner.execution.Executor$.main(Executor.scala:18)
	at edu.illinois.cs.testrunner.execution.Executor.main(Executor.scala)
24/04/20 21:49:08 DEBUG druid.DruidParser: Parsing SQL DELETE FROM Photo WHERE photo_id = 123;
24/04/20 21:49:08 DEBUG druid.DruidDMLParser: UPDATE SQL From clause Photo
24/04/20 21:49:08 DEBUG druid.DruidDMLParser: UPDATE SQL where photo_id = 123
24/04/20 21:49:08 ERROR druid.DruidParserTestUtil: execute
com.alibaba.wasp.NotMatchPrimaryKeyException: Not match primary key.
	at com.alibaba.wasp.plan.parser.druid.DruidDMLParser.getDeletePlan(DruidDMLParser.java:218)
	at com.alibaba.wasp.plan.parser.druid.DruidDMLParser.generatePlan(DruidDMLParser.java:108)
	at com.alibaba.wasp.plan.parser.druid.DruidParserTestUtil.execute(DruidParserTestUtil.java:104)
	at com.alibaba.wasp.plan.parser.druid.TestDruidDMLFailParser.getDeleteFailedPlan(TestDruidDMLFailParser.java:142)
	at sun.reflect.NativeMethodAccessorImpl.invoke0(Native Method)
	at sun.reflect.NativeMethodAccessorImpl.invoke(NativeMethodAccessorImpl.java:62)
	at sun.reflect.DelegatingMethodAccessorImpl.invoke(DelegatingMethodAccessorImpl.java:43)
	at java.lang.reflect.Method.invoke(Method.java:498)
	at org.junit.runners.model.FrameworkMethod$1.runReflectiveCall(FrameworkMethod.java:45)
	at org.junit.internal.runners.model.ReflectiveCallable.run(ReflectiveCallable.java:15)
	at org.junit.runners.model.FrameworkMethod.invokeExplosively(FrameworkMethod.java:42)
	at org.junit.internal.runners.statements.InvokeMethod.evaluate(InvokeMethod.java:20)
	at org.junit.internal.runners.statements.RunBefores.evaluate(RunBefores.java:28)
	at org.junit.internal.runners.statements.RunAfters.evaluate(RunAfters.java:30)
	at org.junit.runners.ParentRunner.runLeaf(ParentRunner.java:263)
	at org.junit.runners.BlockJUnit4ClassRunner.runChild(BlockJUnit4ClassRunner.java:68)
	at org.junit.runners.BlockJUnit4ClassRunner.runChild(BlockJUnit4ClassRunner.java:47)
	at org.junit.runners.ParentRunner$3.run(ParentRunner.java:231)
	at org.junit.runners.ParentRunner$1.schedule(ParentRunner.java:60)
	at org.junit.runners.ParentRunner.runChildren(ParentRunner.java:229)
	at org.junit.runners.ParentRunner.access$000(ParentRunner.java:50)
	at org.junit.runners.ParentRunner$2.evaluate(ParentRunner.java:222)
	at org.junit.internal.runners.statements.RunBefores.evaluate(RunBefores.java:28)
	at org.junit.internal.runners.statements.RunAfters.evaluate(RunAfters.java:30)
	at org.junit.runners.ParentRunner.run(ParentRunner.java:300)
	at org.junit.runners.Suite.runChild(Suite.java:128)
	at org.junit.runners.Suite.runChild(Suite.java:24)
	at org.junit.runners.ParentRunner$3.run(ParentRunner.java:231)
	at org.junit.runners.ParentRunner$1.schedule(ParentRunner.java:60)
	at org.junit.runners.ParentRunner.runChildren(ParentRunner.java:229)
	at org.junit.runners.ParentRunner.access$000(ParentRunner.java:50)
	at org.junit.runners.ParentRunner$2.evaluate(ParentRunner.java:222)
	at org.junit.runners.ParentRunner.run(ParentRunner.java:300)
	at org.junit.runner.JUnitCore.run(JUnitCore.java:157)
	at org.junit.runner.JUnitCore.run(JUnitCore.java:136)
	at edu.illinois.cs.testrunner.execution.JUnitTestExecutor.execute(JUnitTestExecutor.java:246)
	at edu.illinois.cs.testrunner.execution.JUnitTestExecutor.executeWithJUnit4Runner(JUnitTestExecutor.java:315)
	at edu.illinois.cs.testrunner.execution.JUnitTestExecutor.runOrder(JUnitTestExecutor.java:46)
	at edu.illinois.cs.testrunner.execution.Executor$.$anonfun$run$1(Executor.scala:30)
	at scala.runtime.java8.JFunction0$mcV$sp.apply(JFunction0$mcV$sp.java:12)
	at scala.util.Try$.apply(Try.scala:209)
	at edu.illinois.cs.testrunner.execution.Executor$.run(Executor.scala:28)
	at edu.illinois.cs.testrunner.execution.Executor$.main(Executor.scala:18)
	at edu.illinois.cs.testrunner.execution.Executor.main(Executor.scala)
24/04/20 21:49:08 DEBUG druid.DruidParser: Parsing SQL DELETE FROM User WHERE user_id >= 123;
24/04/20 21:49:08 DEBUG druid.DruidDMLParser: UPDATE SQL From clause User
24/04/20 21:49:08 DEBUG druid.DruidDMLParser: UPDATE SQL where user_id >= 123
24/04/20 21:49:08 ERROR druid.DruidParserTestUtil: execute
com.alibaba.wasp.plan.parser.UnsupportedException: RANGE is not supported!
	at com.alibaba.wasp.plan.parser.druid.DruidDMLParser.getDeletePlan(DruidDMLParser.java:209)
	at com.alibaba.wasp.plan.parser.druid.DruidDMLParser.generatePlan(DruidDMLParser.java:108)
	at com.alibaba.wasp.plan.parser.druid.DruidParserTestUtil.execute(DruidParserTestUtil.java:104)
	at com.alibaba.wasp.plan.parser.druid.TestDruidDMLFailParser.getDeleteFailedPlan(TestDruidDMLFailParser.java:142)
	at sun.reflect.NativeMethodAccessorImpl.invoke0(Native Method)
	at sun.reflect.NativeMethodAccessorImpl.invoke(NativeMethodAccessorImpl.java:62)
	at sun.reflect.DelegatingMethodAccessorImpl.invoke(DelegatingMethodAccessorImpl.java:43)
	at java.lang.reflect.Method.invoke(Method.java:498)
	at org.junit.runners.model.FrameworkMethod$1.runReflectiveCall(FrameworkMethod.java:45)
	at org.junit.internal.runners.model.ReflectiveCallable.run(ReflectiveCallable.java:15)
	at org.junit.runners.model.FrameworkMethod.invokeExplosively(FrameworkMethod.java:42)
	at org.junit.internal.runners.statements.InvokeMethod.evaluate(InvokeMethod.java:20)
	at org.junit.internal.runners.statements.RunBefores.evaluate(RunBefores.java:28)
	at org.junit.internal.runners.statements.RunAfters.evaluate(RunAfters.java:30)
	at org.junit.runners.ParentRunner.runLeaf(ParentRunner.java:263)
	at org.junit.runners.BlockJUnit4ClassRunner.runChild(BlockJUnit4ClassRunner.java:68)
	at org.junit.runners.BlockJUnit4ClassRunner.runChild(BlockJUnit4ClassRunner.java:47)
	at org.junit.runners.ParentRunner$3.run(ParentRunner.java:231)
	at org.junit.runners.ParentRunner$1.schedule(ParentRunner.java:60)
	at org.junit.runners.ParentRunner.runChildren(ParentRunner.java:229)
	at org.junit.runners.ParentRunner.access$000(ParentRunner.java:50)
	at org.junit.runners.ParentRunner$2.evaluate(ParentRunner.java:222)
	at org.junit.internal.runners.statements.RunBefores.evaluate(RunBefores.java:28)
	at org.junit.internal.runners.statements.RunAfters.evaluate(RunAfters.java:30)
	at org.junit.runners.ParentRunner.run(ParentRunner.java:300)
	at org.junit.runners.Suite.runChild(Suite.java:128)
	at org.junit.runners.Suite.runChild(Suite.java:24)
	at org.junit.runners.ParentRunner$3.run(ParentRunner.java:231)
	at org.junit.runners.ParentRunner$1.schedule(ParentRunner.java:60)
	at org.junit.runners.ParentRunner.runChildren(ParentRunner.java:229)
	at org.junit.runners.ParentRunner.access$000(ParentRunner.java:50)
	at org.junit.runners.ParentRunner$2.evaluate(ParentRunner.java:222)
	at org.junit.runners.ParentRunner.run(ParentRunner.java:300)
	at org.junit.runner.JUnitCore.run(JUnitCore.java:157)
	at org.junit.runner.JUnitCore.run(JUnitCore.java:136)
	at edu.illinois.cs.testrunner.execution.JUnitTestExecutor.execute(JUnitTestExecutor.java:246)
	at edu.illinois.cs.testrunner.execution.JUnitTestExecutor.executeWithJUnit4Runner(JUnitTestExecutor.java:315)
	at edu.illinois.cs.testrunner.execution.JUnitTestExecutor.runOrder(JUnitTestExecutor.java:46)
	at edu.illinois.cs.testrunner.execution.Executor$.$anonfun$run$1(Executor.scala:30)
	at scala.runtime.java8.JFunction0$mcV$sp.apply(JFunction0$mcV$sp.java:12)
	at scala.util.Try$.apply(Try.scala:209)
	at edu.illinois.cs.testrunner.execution.Executor$.run(Executor.scala:28)
	at edu.illinois.cs.testrunner.execution.Executor$.main(Executor.scala:18)
	at edu.illinois.cs.testrunner.execution.Executor.main(Executor.scala)
24/04/20 21:49:08 DEBUG druid.DruidParser: Parsing SQL CREATE TABLE User { Required Int64 user_id; Required String name; Optional DOUBLE value; }  primary key(user_id),  entity group root, entity group key(user_id);
24/04/20 21:49:08 DEBUG druid.DruidDDLParser: CreateTablePlan CreateTablePlan [table=CREATE TABLE User { 
  REQUIRED INT64 user_id COLUMNFAMILY d;
  REQUIRED STRING name COLUMNFAMILY d;
  OPTIONAL DOUBLE value COLUMNFAMILY d;
} 
PRIMARY KEY(user_id),
ENTITY GROUP ROOT,
ENTITY GROUP KEY(user_id);
, splitKeys=null]
24/04/20 21:49:08 DEBUG druid.DruidParser: Parsing SQL CREATE TABLE Photo { Required Int64 user_id columnfamily cf comment 'aaa';  Required Int32 photo_id comment 'child primary key';  Optional Int64 time; Optional String full_url;  Optional String thumbnail_url; Optional string tag; Optional DATETIME date; Optional Int32 int32Type; }  primary key(user_id,photo_id),  in table User,  Entity Group Key(user_id) references User; 
24/04/20 21:49:08 DEBUG druid.DruidDDLParser: CreateTablePlan CreateTablePlan [table=CREATE TABLE Photo { 
  REQUIRED INT64 user_id COLUMNFAMILY cf;
  REQUIRED INT32 photo_id COLUMNFAMILY d;
  OPTIONAL INT64 time COLUMNFAMILY d;
  OPTIONAL STRING full_url COLUMNFAMILY d;
  OPTIONAL STRING thumbnail_url COLUMNFAMILY d;
  OPTIONAL STRING tag COLUMNFAMILY d;
  OPTIONAL DATETIME date COLUMNFAMILY d;
  OPTIONAL INT32 int32Type COLUMNFAMILY d;
} 
PRIMARY KEY(user_id, photo_id, ),
 IN TABLE User,
 ENTITY GROUP KEY(user_id) REFERENCES User;
, splitKeys=null]
24/04/20 21:49:08 DEBUG druid.DruidParser: Parsing SQL UPDATE User1 SET name = 'Mike' WHERE user_id = 123;
24/04/20 21:49:08 DEBUG druid.DruidDMLParser: UPDATE SQL From clause User1
24/04/20 21:49:08 ERROR druid.DruidParserTestUtil: execute
com.alibaba.wasp.TableNotFoundException: User1 not exists!
	at com.alibaba.wasp.plan.parser.druid.FMetaEventOperation.checkAndGetTable(FMetaEventOperation.java:79)
	at com.alibaba.wasp.plan.parser.druid.DruidDMLParser.getUpdatePlan(DruidDMLParser.java:253)
	at com.alibaba.wasp.plan.parser.druid.DruidDMLParser.generatePlan(DruidDMLParser.java:102)
	at com.alibaba.wasp.plan.parser.druid.DruidParserTestUtil.execute(DruidParserTestUtil.java:104)
	at com.alibaba.wasp.plan.parser.druid.TestDruidDMLFailParser.getUpdateFailedPlan(TestDruidDMLFailParser.java:124)
	at sun.reflect.NativeMethodAccessorImpl.invoke0(Native Method)
	at sun.reflect.NativeMethodAccessorImpl.invoke(NativeMethodAccessorImpl.java:62)
	at sun.reflect.DelegatingMethodAccessorImpl.invoke(DelegatingMethodAccessorImpl.java:43)
	at java.lang.reflect.Method.invoke(Method.java:498)
	at org.junit.runners.model.FrameworkMethod$1.runReflectiveCall(FrameworkMethod.java:45)
	at org.junit.internal.runners.model.ReflectiveCallable.run(ReflectiveCallable.java:15)
	at org.junit.runners.model.FrameworkMethod.invokeExplosively(FrameworkMethod.java:42)
	at org.junit.internal.runners.statements.InvokeMethod.evaluate(InvokeMethod.java:20)
	at org.junit.internal.runners.statements.RunBefores.evaluate(RunBefores.java:28)
	at org.junit.internal.runners.statements.RunAfters.evaluate(RunAfters.java:30)
	at org.junit.runners.ParentRunner.runLeaf(ParentRunner.java:263)
	at org.junit.runners.BlockJUnit4ClassRunner.runChild(BlockJUnit4ClassRunner.java:68)
	at org.junit.runners.BlockJUnit4ClassRunner.runChild(BlockJUnit4ClassRunner.java:47)
	at org.junit.runners.ParentRunner$3.run(ParentRunner.java:231)
	at org.junit.runners.ParentRunner$1.schedule(ParentRunner.java:60)
	at org.junit.runners.ParentRunner.runChildren(ParentRunner.java:229)
	at org.junit.runners.ParentRunner.access$000(ParentRunner.java:50)
	at org.junit.runners.ParentRunner$2.evaluate(ParentRunner.java:222)
	at org.junit.internal.runners.statements.RunBefores.evaluate(RunBefores.java:28)
	at org.junit.internal.runners.statements.RunAfters.evaluate(RunAfters.java:30)
	at org.junit.runners.ParentRunner.run(ParentRunner.java:300)
	at org.junit.runners.Suite.runChild(Suite.java:128)
	at org.junit.runners.Suite.runChild(Suite.java:24)
	at org.junit.runners.ParentRunner$3.run(ParentRunner.java:231)
	at org.junit.runners.ParentRunner$1.schedule(ParentRunner.java:60)
	at org.junit.runners.ParentRunner.runChildren(ParentRunner.java:229)
	at org.junit.runners.ParentRunner.access$000(ParentRunner.java:50)
	at org.junit.runners.ParentRunner$2.evaluate(ParentRunner.java:222)
	at org.junit.runners.ParentRunner.run(ParentRunner.java:300)
	at org.junit.runner.JUnitCore.run(JUnitCore.java:157)
	at org.junit.runner.JUnitCore.run(JUnitCore.java:136)
	at edu.illinois.cs.testrunner.execution.JUnitTestExecutor.execute(JUnitTestExecutor.java:246)
	at edu.illinois.cs.testrunner.execution.JUnitTestExecutor.executeWithJUnit4Runner(JUnitTestExecutor.java:315)
	at edu.illinois.cs.testrunner.execution.JUnitTestExecutor.runOrder(JUnitTestExecutor.java:46)
	at edu.illinois.cs.testrunner.execution.Executor$.$anonfun$run$1(Executor.scala:30)
	at scala.runtime.java8.JFunction0$mcV$sp.apply(JFunction0$mcV$sp.java:12)
	at scala.util.Try$.apply(Try.scala:209)
	at edu.illinois.cs.testrunner.execution.Executor$.run(Executor.scala:28)
	at edu.illinois.cs.testrunner.execution.Executor$.main(Executor.scala:18)
	at edu.illinois.cs.testrunner.execution.Executor.main(Executor.scala)
24/04/20 21:49:08 DEBUG druid.DruidParser: Parsing SQL UPDATE User SET name2 = 'Mike' WHERE user_id = 123;
24/04/20 21:49:08 DEBUG druid.DruidDMLParser: UPDATE SQL From clause User
24/04/20 21:49:08 DEBUG druid.DruidDMLParser: UPDATE SQL where user_id = 123
24/04/20 21:49:08 ERROR druid.DruidParserTestUtil: execute
java.lang.NullPointerException
	at com.alibaba.wasp.plan.parser.druid.DruidParser.checkType(DruidParser.java:238)
	at com.alibaba.wasp.plan.parser.druid.DruidDMLParser.getUpdatePlan(DruidDMLParser.java:290)
	at com.alibaba.wasp.plan.parser.druid.DruidDMLParser.generatePlan(DruidDMLParser.java:102)
	at com.alibaba.wasp.plan.parser.druid.DruidParserTestUtil.execute(DruidParserTestUtil.java:104)
	at com.alibaba.wasp.plan.parser.druid.TestDruidDMLFailParser.getUpdateFailedPlan(TestDruidDMLFailParser.java:124)
	at sun.reflect.NativeMethodAccessorImpl.invoke0(Native Method)
	at sun.reflect.NativeMethodAccessorImpl.invoke(NativeMethodAccessorImpl.java:62)
	at sun.reflect.DelegatingMethodAccessorImpl.invoke(DelegatingMethodAccessorImpl.java:43)
	at java.lang.reflect.Method.invoke(Method.java:498)
	at org.junit.runners.model.FrameworkMethod$1.runReflectiveCall(FrameworkMethod.java:45)
	at org.junit.internal.runners.model.ReflectiveCallable.run(ReflectiveCallable.java:15)
	at org.junit.runners.model.FrameworkMethod.invokeExplosively(FrameworkMethod.java:42)
	at org.junit.internal.runners.statements.InvokeMethod.evaluate(InvokeMethod.java:20)
	at org.junit.internal.runners.statements.RunBefores.evaluate(RunBefores.java:28)
	at org.junit.internal.runners.statements.RunAfters.evaluate(RunAfters.java:30)
	at org.junit.runners.ParentRunner.runLeaf(ParentRunner.java:263)
	at org.junit.runners.BlockJUnit4ClassRunner.runChild(BlockJUnit4ClassRunner.java:68)
	at org.junit.runners.BlockJUnit4ClassRunner.runChild(BlockJUnit4ClassRunner.java:47)
	at org.junit.runners.ParentRunner$3.run(ParentRunner.java:231)
	at org.junit.runners.ParentRunner$1.schedule(ParentRunner.java:60)
	at org.junit.runners.ParentRunner.runChildren(ParentRunner.java:229)
	at org.junit.runners.ParentRunner.access$000(ParentRunner.java:50)
	at org.junit.runners.ParentRunner$2.evaluate(ParentRunner.java:222)
	at org.junit.internal.runners.statements.RunBefores.evaluate(RunBefores.java:28)
	at org.junit.internal.runners.statements.RunAfters.evaluate(RunAfters.java:30)
	at org.junit.runners.ParentRunner.run(ParentRunner.java:300)
	at org.junit.runners.Suite.runChild(Suite.java:128)
	at org.junit.runners.Suite.runChild(Suite.java:24)
	at org.junit.runners.ParentRunner$3.run(ParentRunner.java:231)
	at org.junit.runners.ParentRunner$1.schedule(ParentRunner.java:60)
	at org.junit.runners.ParentRunner.runChildren(ParentRunner.java:229)
	at org.junit.runners.ParentRunner.access$000(ParentRunner.java:50)
	at org.junit.runners.ParentRunner$2.evaluate(ParentRunner.java:222)
	at org.junit.runners.ParentRunner.run(ParentRunner.java:300)
	at org.junit.runner.JUnitCore.run(JUnitCore.java:157)
	at org.junit.runner.JUnitCore.run(JUnitCore.java:136)
	at edu.illinois.cs.testrunner.execution.JUnitTestExecutor.execute(JUnitTestExecutor.java:246)
	at edu.illinois.cs.testrunner.execution.JUnitTestExecutor.executeWithJUnit4Runner(JUnitTestExecutor.java:315)
	at edu.illinois.cs.testrunner.execution.JUnitTestExecutor.runOrder(JUnitTestExecutor.java:46)
	at edu.illinois.cs.testrunner.execution.Executor$.$anonfun$run$1(Executor.scala:30)
	at scala.runtime.java8.JFunction0$mcV$sp.apply(JFunction0$mcV$sp.java:12)
	at scala.util.Try$.apply(Try.scala:209)
	at edu.illinois.cs.testrunner.execution.Executor$.run(Executor.scala:28)
	at edu.illinois.cs.testrunner.execution.Executor$.main(Executor.scala:18)
	at edu.illinois.cs.testrunner.execution.Executor.main(Executor.scala)
24/04/20 21:49:08 DEBUG druid.DruidParser: Parsing SQL UPDATE Photo SET time=2000 WHERE photo_id = 123
24/04/20 21:49:08 DEBUG druid.DruidDMLParser: UPDATE SQL From clause Photo
24/04/20 21:49:08 DEBUG druid.DruidDMLParser: UPDATE SQL where photo_id = 123
24/04/20 21:49:08 ERROR druid.DruidParserTestUtil: execute
com.alibaba.wasp.plan.parser.UnsupportedException: [photo_id] is not Primary Key !
	at com.alibaba.wasp.plan.parser.druid.FMetaEventOperation.checkIsPrimaryKey(FMetaEventOperation.java:152)
	at com.alibaba.wasp.plan.parser.druid.DruidDMLParser.getUpdatePlan(DruidDMLParser.java:271)
	at com.alibaba.wasp.plan.parser.druid.DruidDMLParser.generatePlan(DruidDMLParser.java:102)
	at com.alibaba.wasp.plan.parser.druid.DruidParserTestUtil.execute(DruidParserTestUtil.java:104)
	at com.alibaba.wasp.plan.parser.druid.TestDruidDMLFailParser.getUpdateFailedPlan(TestDruidDMLFailParser.java:124)
	at sun.reflect.NativeMethodAccessorImpl.invoke0(Native Method)
	at sun.reflect.NativeMethodAccessorImpl.invoke(NativeMethodAccessorImpl.java:62)
	at sun.reflect.DelegatingMethodAccessorImpl.invoke(DelegatingMethodAccessorImpl.java:43)
	at java.lang.reflect.Method.invoke(Method.java:498)
	at org.junit.runners.model.FrameworkMethod$1.runReflectiveCall(FrameworkMethod.java:45)
	at org.junit.internal.runners.model.ReflectiveCallable.run(ReflectiveCallable.java:15)
	at org.junit.runners.model.FrameworkMethod.invokeExplosively(FrameworkMethod.java:42)
	at org.junit.internal.runners.statements.InvokeMethod.evaluate(InvokeMethod.java:20)
	at org.junit.internal.runners.statements.RunBefores.evaluate(RunBefores.java:28)
	at org.junit.internal.runners.statements.RunAfters.evaluate(RunAfters.java:30)
	at org.junit.runners.ParentRunner.runLeaf(ParentRunner.java:263)
	at org.junit.runners.BlockJUnit4ClassRunner.runChild(BlockJUnit4ClassRunner.java:68)
	at org.junit.runners.BlockJUnit4ClassRunner.runChild(BlockJUnit4ClassRunner.java:47)
	at org.junit.runners.ParentRunner$3.run(ParentRunner.java:231)
	at org.junit.runners.ParentRunner$1.schedule(ParentRunner.java:60)
	at org.junit.runners.ParentRunner.runChildren(ParentRunner.java:229)
	at org.junit.runners.ParentRunner.access$000(ParentRunner.java:50)
	at org.junit.runners.ParentRunner$2.evaluate(ParentRunner.java:222)
	at org.junit.internal.runners.statements.RunBefores.evaluate(RunBefores.java:28)
	at org.junit.internal.runners.statements.RunAfters.evaluate(RunAfters.java:30)
	at org.junit.runners.ParentRunner.run(ParentRunner.java:300)
	at org.junit.runners.Suite.runChild(Suite.java:128)
	at org.junit.runners.Suite.runChild(Suite.java:24)
	at org.junit.runners.ParentRunner$3.run(ParentRunner.java:231)
	at org.junit.runners.ParentRunner$1.schedule(ParentRunner.java:60)
	at org.junit.runners.ParentRunner.runChildren(ParentRunner.java:229)
	at org.junit.runners.ParentRunner.access$000(ParentRunner.java:50)
	at org.junit.runners.ParentRunner$2.evaluate(ParentRunner.java:222)
	at org.junit.runners.ParentRunner.run(ParentRunner.java:300)
	at org.junit.runner.JUnitCore.run(JUnitCore.java:157)
	at org.junit.runner.JUnitCore.run(JUnitCore.java:136)
	at edu.illinois.cs.testrunner.execution.JUnitTestExecutor.execute(JUnitTestExecutor.java:246)
	at edu.illinois.cs.testrunner.execution.JUnitTestExecutor.executeWithJUnit4Runner(JUnitTestExecutor.java:315)
	at edu.illinois.cs.testrunner.execution.JUnitTestExecutor.runOrder(JUnitTestExecutor.java:46)
	at edu.illinois.cs.testrunner.execution.Executor$.$anonfun$run$1(Executor.scala:30)
	at scala.runtime.java8.JFunction0$mcV$sp.apply(JFunction0$mcV$sp.java:12)
	at scala.util.Try$.apply(Try.scala:209)
	at edu.illinois.cs.testrunner.execution.Executor$.run(Executor.scala:28)
	at edu.illinois.cs.testrunner.execution.Executor$.main(Executor.scala:18)
	at edu.illinois.cs.testrunner.execution.Executor.main(Executor.scala)
24/04/20 21:49:08 DEBUG druid.DruidParser: Parsing SQL UPDATE User SET name = 'Mike' WHERE user_id22 = 123;
24/04/20 21:49:08 DEBUG druid.DruidDMLParser: UPDATE SQL From clause User
24/04/20 21:49:08 DEBUG druid.DruidDMLParser: UPDATE SQL where user_id22 = 123
24/04/20 21:49:08 ERROR druid.DruidParserTestUtil: execute
com.alibaba.wasp.plan.parser.UnsupportedException: User does not have column 'user_id22'!
	at com.alibaba.wasp.plan.parser.druid.FMetaEventOperation.checkAndGetFields(FMetaEventOperation.java:114)
	at com.alibaba.wasp.plan.parser.druid.DruidDMLParser.getUpdatePlan(DruidDMLParser.java:269)
	at com.alibaba.wasp.plan.parser.druid.DruidDMLParser.generatePlan(DruidDMLParser.java:102)
	at com.alibaba.wasp.plan.parser.druid.DruidParserTestUtil.execute(DruidParserTestUtil.java:104)
	at com.alibaba.wasp.plan.parser.druid.TestDruidDMLFailParser.getUpdateFailedPlan(TestDruidDMLFailParser.java:124)
	at sun.reflect.NativeMethodAccessorImpl.invoke0(Native Method)
	at sun.reflect.NativeMethodAccessorImpl.invoke(NativeMethodAccessorImpl.java:62)
	at sun.reflect.DelegatingMethodAccessorImpl.invoke(DelegatingMethodAccessorImpl.java:43)
	at java.lang.reflect.Method.invoke(Method.java:498)
	at org.junit.runners.model.FrameworkMethod$1.runReflectiveCall(FrameworkMethod.java:45)
	at org.junit.internal.runners.model.ReflectiveCallable.run(ReflectiveCallable.java:15)
	at org.junit.runners.model.FrameworkMethod.invokeExplosively(FrameworkMethod.java:42)
	at org.junit.internal.runners.statements.InvokeMethod.evaluate(InvokeMethod.java:20)
	at org.junit.internal.runners.statements.RunBefores.evaluate(RunBefores.java:28)
	at org.junit.internal.runners.statements.RunAfters.evaluate(RunAfters.java:30)
	at org.junit.runners.ParentRunner.runLeaf(ParentRunner.java:263)
	at org.junit.runners.BlockJUnit4ClassRunner.runChild(BlockJUnit4ClassRunner.java:68)
	at org.junit.runners.BlockJUnit4ClassRunner.runChild(BlockJUnit4ClassRunner.java:47)
	at org.junit.runners.ParentRunner$3.run(ParentRunner.java:231)
	at org.junit.runners.ParentRunner$1.schedule(ParentRunner.java:60)
	at org.junit.runners.ParentRunner.runChildren(ParentRunner.java:229)
	at org.junit.runners.ParentRunner.access$000(ParentRunner.java:50)
	at org.junit.runners.ParentRunner$2.evaluate(ParentRunner.java:222)
	at org.junit.internal.runners.statements.RunBefores.evaluate(RunBefores.java:28)
	at org.junit.internal.runners.statements.RunAfters.evaluate(RunAfters.java:30)
	at org.junit.runners.ParentRunner.run(ParentRunner.java:300)
	at org.junit.runners.Suite.runChild(Suite.java:128)
	at org.junit.runners.Suite.runChild(Suite.java:24)
	at org.junit.runners.ParentRunner$3.run(ParentRunner.java:231)
	at org.junit.runners.ParentRunner$1.schedule(ParentRunner.java:60)
	at org.junit.runners.ParentRunner.runChildren(ParentRunner.java:229)
	at org.junit.runners.ParentRunner.access$000(ParentRunner.java:50)
	at org.junit.runners.ParentRunner$2.evaluate(ParentRunner.java:222)
	at org.junit.runners.ParentRunner.run(ParentRunner.java:300)
	at org.junit.runner.JUnitCore.run(JUnitCore.java:157)
	at org.junit.runner.JUnitCore.run(JUnitCore.java:136)
	at edu.illinois.cs.testrunner.execution.JUnitTestExecutor.execute(JUnitTestExecutor.java:246)
	at edu.illinois.cs.testrunner.execution.JUnitTestExecutor.executeWithJUnit4Runner(JUnitTestExecutor.java:315)
	at edu.illinois.cs.testrunner.execution.JUnitTestExecutor.runOrder(JUnitTestExecutor.java:46)
	at edu.illinois.cs.testrunner.execution.Executor$.$anonfun$run$1(Executor.scala:30)
	at scala.runtime.java8.JFunction0$mcV$sp.apply(JFunction0$mcV$sp.java:12)
	at scala.util.Try$.apply(Try.scala:209)
	at edu.illinois.cs.testrunner.execution.Executor$.run(Executor.scala:28)
	at edu.illinois.cs.testrunner.execution.Executor$.main(Executor.scala:18)
	at edu.illinois.cs.testrunner.execution.Executor.main(Executor.scala)
24/04/20 21:49:08 DEBUG druid.DruidParser: Parsing SQL UPDATE User SET name = 'Mike' WHERE user_id >= 123;
24/04/20 21:49:08 DEBUG druid.DruidDMLParser: UPDATE SQL From clause User
24/04/20 21:49:08 DEBUG druid.DruidDMLParser: UPDATE SQL where user_id >= 123
24/04/20 21:49:08 ERROR druid.DruidParserTestUtil: execute
com.alibaba.wasp.plan.parser.UnsupportedException: RANGE is not supported by update operation!
	at com.alibaba.wasp.plan.parser.druid.DruidDMLParser.getUpdatePlan(DruidDMLParser.java:263)
	at com.alibaba.wasp.plan.parser.druid.DruidDMLParser.generatePlan(DruidDMLParser.java:102)
	at com.alibaba.wasp.plan.parser.druid.DruidParserTestUtil.execute(DruidParserTestUtil.java:104)
	at com.alibaba.wasp.plan.parser.druid.TestDruidDMLFailParser.getUpdateFailedPlan(TestDruidDMLFailParser.java:124)
	at sun.reflect.NativeMethodAccessorImpl.invoke0(Native Method)
	at sun.reflect.NativeMethodAccessorImpl.invoke(NativeMethodAccessorImpl.java:62)
	at sun.reflect.DelegatingMethodAccessorImpl.invoke(DelegatingMethodAccessorImpl.java:43)
	at java.lang.reflect.Method.invoke(Method.java:498)
	at org.junit.runners.model.FrameworkMethod$1.runReflectiveCall(FrameworkMethod.java:45)
	at org.junit.internal.runners.model.ReflectiveCallable.run(ReflectiveCallable.java:15)
	at org.junit.runners.model.FrameworkMethod.invokeExplosively(FrameworkMethod.java:42)
	at org.junit.internal.runners.statements.InvokeMethod.evaluate(InvokeMethod.java:20)
	at org.junit.internal.runners.statements.RunBefores.evaluate(RunBefores.java:28)
	at org.junit.internal.runners.statements.RunAfters.evaluate(RunAfters.java:30)
	at org.junit.runners.ParentRunner.runLeaf(ParentRunner.java:263)
	at org.junit.runners.BlockJUnit4ClassRunner.runChild(BlockJUnit4ClassRunner.java:68)
	at org.junit.runners.BlockJUnit4ClassRunner.runChild(BlockJUnit4ClassRunner.java:47)
	at org.junit.runners.ParentRunner$3.run(ParentRunner.java:231)
	at org.junit.runners.ParentRunner$1.schedule(ParentRunner.java:60)
	at org.junit.runners.ParentRunner.runChildren(ParentRunner.java:229)
	at org.junit.runners.ParentRunner.access$000(ParentRunner.java:50)
	at org.junit.runners.ParentRunner$2.evaluate(ParentRunner.java:222)
	at org.junit.internal.runners.statements.RunBefores.evaluate(RunBefores.java:28)
	at org.junit.internal.runners.statements.RunAfters.evaluate(RunAfters.java:30)
	at org.junit.runners.ParentRunner.run(ParentRunner.java:300)
	at org.junit.runners.Suite.runChild(Suite.java:128)
	at org.junit.runners.Suite.runChild(Suite.java:24)
	at org.junit.runners.ParentRunner$3.run(ParentRunner.java:231)
	at org.junit.runners.ParentRunner$1.schedule(ParentRunner.java:60)
	at org.junit.runners.ParentRunner.runChildren(ParentRunner.java:229)
	at org.junit.runners.ParentRunner.access$000(ParentRunner.java:50)
	at org.junit.runners.ParentRunner$2.evaluate(ParentRunner.java:222)
	at org.junit.runners.ParentRunner.run(ParentRunner.java:300)
	at org.junit.runner.JUnitCore.run(JUnitCore.java:157)
	at org.junit.runner.JUnitCore.run(JUnitCore.java:136)
	at edu.illinois.cs.testrunner.execution.JUnitTestExecutor.execute(JUnitTestExecutor.java:246)
	at edu.illinois.cs.testrunner.execution.JUnitTestExecutor.executeWithJUnit4Runner(JUnitTestExecutor.java:315)
	at edu.illinois.cs.testrunner.execution.JUnitTestExecutor.runOrder(JUnitTestExecutor.java:46)
	at edu.illinois.cs.testrunner.execution.Executor$.$anonfun$run$1(Executor.scala:30)
	at scala.runtime.java8.JFunction0$mcV$sp.apply(JFunction0$mcV$sp.java:12)
	at scala.util.Try$.apply(Try.scala:209)
	at edu.illinois.cs.testrunner.execution.Executor$.run(Executor.scala:28)
	at edu.illinois.cs.testrunner.execution.Executor$.main(Executor.scala:18)
	at edu.illinois.cs.testrunner.execution.Executor.main(Executor.scala)
24/04/20 21:49:08 DEBUG druid.DruidParser: Parsing SQL UPDATE Photo SET photo_id=2000 WHERE user_id = 321 and photo_id = 123
24/04/20 21:49:08 DEBUG druid.DruidDMLParser: UPDATE SQL From clause Photo
24/04/20 21:49:08 DEBUG druid.DruidDMLParser: UPDATE SQL where user_id = 321 AND photo_id = 123
24/04/20 21:49:08 ERROR druid.DruidParserTestUtil: execute
com.alibaba.wasp.plan.parser.UnsupportedException: photo_id is primary key!
	at com.alibaba.wasp.plan.parser.druid.FMetaEventOperation.checkFieldNotInPrimaryKeys(FMetaEventOperation.java:195)
	at com.alibaba.wasp.plan.parser.druid.DruidDMLParser.getUpdatePlan(DruidDMLParser.java:287)
	at com.alibaba.wasp.plan.parser.druid.DruidDMLParser.generatePlan(DruidDMLParser.java:102)
	at com.alibaba.wasp.plan.parser.druid.DruidParserTestUtil.execute(DruidParserTestUtil.java:104)
	at com.alibaba.wasp.plan.parser.druid.TestDruidDMLFailParser.getUpdateFailedPlan(TestDruidDMLFailParser.java:124)
	at sun.reflect.NativeMethodAccessorImpl.invoke0(Native Method)
	at sun.reflect.NativeMethodAccessorImpl.invoke(NativeMethodAccessorImpl.java:62)
	at sun.reflect.DelegatingMethodAccessorImpl.invoke(DelegatingMethodAccessorImpl.java:43)
	at java.lang.reflect.Method.invoke(Method.java:498)
	at org.junit.runners.model.FrameworkMethod$1.runReflectiveCall(FrameworkMethod.java:45)
	at org.junit.internal.runners.model.ReflectiveCallable.run(ReflectiveCallable.java:15)
	at org.junit.runners.model.FrameworkMethod.invokeExplosively(FrameworkMethod.java:42)
	at org.junit.internal.runners.statements.InvokeMethod.evaluate(InvokeMethod.java:20)
	at org.junit.internal.runners.statements.RunBefores.evaluate(RunBefores.java:28)
	at org.junit.internal.runners.statements.RunAfters.evaluate(RunAfters.java:30)
	at org.junit.runners.ParentRunner.runLeaf(ParentRunner.java:263)
	at org.junit.runners.BlockJUnit4ClassRunner.runChild(BlockJUnit4ClassRunner.java:68)
	at org.junit.runners.BlockJUnit4ClassRunner.runChild(BlockJUnit4ClassRunner.java:47)
	at org.junit.runners.ParentRunner$3.run(ParentRunner.java:231)
	at org.junit.runners.ParentRunner$1.schedule(ParentRunner.java:60)
	at org.junit.runners.ParentRunner.runChildren(ParentRunner.java:229)
	at org.junit.runners.ParentRunner.access$000(ParentRunner.java:50)
	at org.junit.runners.ParentRunner$2.evaluate(ParentRunner.java:222)
	at org.junit.internal.runners.statements.RunBefores.evaluate(RunBefores.java:28)
	at org.junit.internal.runners.statements.RunAfters.evaluate(RunAfters.java:30)
	at org.junit.runners.ParentRunner.run(ParentRunner.java:300)
	at org.junit.runners.Suite.runChild(Suite.java:128)
	at org.junit.runners.Suite.runChild(Suite.java:24)
	at org.junit.runners.ParentRunner$3.run(ParentRunner.java:231)
	at org.junit.runners.ParentRunner$1.schedule(ParentRunner.java:60)
	at org.junit.runners.ParentRunner.runChildren(ParentRunner.java:229)
	at org.junit.runners.ParentRunner.access$000(ParentRunner.java:50)
	at org.junit.runners.ParentRunner$2.evaluate(ParentRunner.java:222)
	at org.junit.runners.ParentRunner.run(ParentRunner.java:300)
	at org.junit.runner.JUnitCore.run(JUnitCore.java:157)
	at org.junit.runner.JUnitCore.run(JUnitCore.java:136)
	at edu.illinois.cs.testrunner.execution.JUnitTestExecutor.execute(JUnitTestExecutor.java:246)
	at edu.illinois.cs.testrunner.execution.JUnitTestExecutor.executeWithJUnit4Runner(JUnitTestExecutor.java:315)
	at edu.illinois.cs.testrunner.execution.JUnitTestExecutor.runOrder(JUnitTestExecutor.java:46)
	at edu.illinois.cs.testrunner.execution.Executor$.$anonfun$run$1(Executor.scala:30)
	at scala.runtime.java8.JFunction0$mcV$sp.apply(JFunction0$mcV$sp.java:12)
	at scala.util.Try$.apply(Try.scala:209)
	at edu.illinois.cs.testrunner.execution.Executor$.run(Executor.scala:28)
	at edu.illinois.cs.testrunner.execution.Executor$.main(Executor.scala:18)
	at edu.illinois.cs.testrunner.execution.Executor.main(Executor.scala)
24/04/20 21:49:08 DEBUG druid.DruidParser: Parsing SQL UPDATE Photo SET int32Type = '22' WHERE user_id = 123 and photo_id=123;
24/04/20 21:49:08 DEBUG druid.DruidDMLParser: UPDATE SQL From clause Photo
24/04/20 21:49:08 DEBUG druid.DruidDMLParser: UPDATE SQL where user_id = 123 AND photo_id = 123
24/04/20 21:49:08 ERROR druid.DruidParserTestUtil: execute
com.alibaba.wasp.plan.parser.UnsupportedException: Unsupported DataType INT32, input is '22'
	at com.alibaba.wasp.plan.parser.druid.DruidParser.checkType(DruidParser.java:258)
	at com.alibaba.wasp.plan.parser.druid.DruidDMLParser.getUpdatePlan(DruidDMLParser.java:290)
	at com.alibaba.wasp.plan.parser.druid.DruidDMLParser.generatePlan(DruidDMLParser.java:102)
	at com.alibaba.wasp.plan.parser.druid.DruidParserTestUtil.execute(DruidParserTestUtil.java:104)
	at com.alibaba.wasp.plan.parser.druid.TestDruidDMLFailParser.getUpdateFailedPlan(TestDruidDMLFailParser.java:124)
	at sun.reflect.NativeMethodAccessorImpl.invoke0(Native Method)
	at sun.reflect.NativeMethodAccessorImpl.invoke(NativeMethodAccessorImpl.java:62)
	at sun.reflect.DelegatingMethodAccessorImpl.invoke(DelegatingMethodAccessorImpl.java:43)
	at java.lang.reflect.Method.invoke(Method.java:498)
	at org.junit.runners.model.FrameworkMethod$1.runReflectiveCall(FrameworkMethod.java:45)
	at org.junit.internal.runners.model.ReflectiveCallable.run(ReflectiveCallable.java:15)
	at org.junit.runners.model.FrameworkMethod.invokeExplosively(FrameworkMethod.java:42)
	at org.junit.internal.runners.statements.InvokeMethod.evaluate(InvokeMethod.java:20)
	at org.junit.internal.runners.statements.RunBefores.evaluate(RunBefores.java:28)
	at org.junit.internal.runners.statements.RunAfters.evaluate(RunAfters.java:30)
	at org.junit.runners.ParentRunner.runLeaf(ParentRunner.java:263)
	at org.junit.runners.BlockJUnit4ClassRunner.runChild(BlockJUnit4ClassRunner.java:68)
	at org.junit.runners.BlockJUnit4ClassRunner.runChild(BlockJUnit4ClassRunner.java:47)
	at org.junit.runners.ParentRunner$3.run(ParentRunner.java:231)
	at org.junit.runners.ParentRunner$1.schedule(ParentRunner.java:60)
	at org.junit.runners.ParentRunner.runChildren(ParentRunner.java:229)
	at org.junit.runners.ParentRunner.access$000(ParentRunner.java:50)
	at org.junit.runners.ParentRunner$2.evaluate(ParentRunner.java:222)
	at org.junit.internal.runners.statements.RunBefores.evaluate(RunBefores.java:28)
	at org.junit.internal.runners.statements.RunAfters.evaluate(RunAfters.java:30)
	at org.junit.runners.ParentRunner.run(ParentRunner.java:300)
	at org.junit.runners.Suite.runChild(Suite.java:128)
	at org.junit.runners.Suite.runChild(Suite.java:24)
	at org.junit.runners.ParentRunner$3.run(ParentRunner.java:231)
	at org.junit.runners.ParentRunner$1.schedule(ParentRunner.java:60)
	at org.junit.runners.ParentRunner.runChildren(ParentRunner.java:229)
	at org.junit.runners.ParentRunner.access$000(ParentRunner.java:50)
	at org.junit.runners.ParentRunner$2.evaluate(ParentRunner.java:222)
	at org.junit.runners.ParentRunner.run(ParentRunner.java:300)
	at org.junit.runner.JUnitCore.run(JUnitCore.java:157)
	at org.junit.runner.JUnitCore.run(JUnitCore.java:136)
	at edu.illinois.cs.testrunner.execution.JUnitTestExecutor.execute(JUnitTestExecutor.java:246)
	at edu.illinois.cs.testrunner.execution.JUnitTestExecutor.executeWithJUnit4Runner(JUnitTestExecutor.java:315)
	at edu.illinois.cs.testrunner.execution.JUnitTestExecutor.runOrder(JUnitTestExecutor.java:46)
	at edu.illinois.cs.testrunner.execution.Executor$.$anonfun$run$1(Executor.scala:30)
	at scala.runtime.java8.JFunction0$mcV$sp.apply(JFunction0$mcV$sp.java:12)
	at scala.util.Try$.apply(Try.scala:209)
	at edu.illinois.cs.testrunner.execution.Executor$.run(Executor.scala:28)
	at edu.illinois.cs.testrunner.execution.Executor$.main(Executor.scala:18)
	at edu.illinois.cs.testrunner.execution.Executor.main(Executor.scala)
24/04/20 21:49:08 DEBUG druid.DruidParser: Parsing SQL CREATE TABLE User { Required Int64 user_id; Required String name; Optional DOUBLE value; }  primary key(user_id),  entity group root, entity group key(user_id);
24/04/20 21:49:08 DEBUG druid.DruidDDLParser: CreateTablePlan CreateTablePlan [table=CREATE TABLE User { 
  REQUIRED INT64 user_id COLUMNFAMILY d;
  REQUIRED STRING name COLUMNFAMILY d;
  OPTIONAL DOUBLE value COLUMNFAMILY d;
} 
PRIMARY KEY(user_id),
ENTITY GROUP ROOT,
ENTITY GROUP KEY(user_id);
, splitKeys=null]
24/04/20 21:49:08 DEBUG druid.DruidParser: Parsing SQL CREATE TABLE Photo { Required Int64 user_id columnfamily cf comment 'aaa';  Required Int32 photo_id comment 'child primary key';  Optional Int64 time; Optional String full_url;  Optional String thumbnail_url; Optional string tag; Optional DATETIME date; Optional Int32 int32Type; }  primary key(user_id,photo_id),  in table User,  Entity Group Key(user_id) references User; 
24/04/20 21:49:08 DEBUG druid.DruidDDLParser: CreateTablePlan CreateTablePlan [table=CREATE TABLE Photo { 
  REQUIRED INT64 user_id COLUMNFAMILY cf;
  REQUIRED INT32 photo_id COLUMNFAMILY d;
  OPTIONAL INT64 time COLUMNFAMILY d;
  OPTIONAL STRING full_url COLUMNFAMILY d;
  OPTIONAL STRING thumbnail_url COLUMNFAMILY d;
  OPTIONAL STRING tag COLUMNFAMILY d;
  OPTIONAL DATETIME date COLUMNFAMILY d;
  OPTIONAL INT32 int32Type COLUMNFAMILY d;
} 
PRIMARY KEY(user_id, photo_id, ),
 IN TABLE User,
 ENTITY GROUP KEY(user_id) REFERENCES User;
, splitKeys=null]
24/04/20 21:49:08 DEBUG druid.DruidParser: Parsing SQL Insert into User1(ID,NAME) values(1,'binlijin');
24/04/20 21:49:08 DEBUG druid.DruidDMLParser: INSERT SQL TableSource User1
24/04/20 21:49:08 DEBUG druid.DruidDMLParser: From table User1
24/04/20 21:49:08 ERROR druid.DruidParserTestUtil: execute
com.alibaba.wasp.TableNotFoundException: User1 not exists!
	at com.alibaba.wasp.plan.parser.druid.FMetaEventOperation.checkAndGetTable(FMetaEventOperation.java:79)
	at com.alibaba.wasp.plan.parser.druid.DruidDMLParser.getInsertPlan(DruidDMLParser.java:129)
	at com.alibaba.wasp.plan.parser.druid.DruidDMLParser.generatePlan(DruidDMLParser.java:105)
	at com.alibaba.wasp.plan.parser.druid.DruidParserTestUtil.execute(DruidParserTestUtil.java:104)
	at com.alibaba.wasp.plan.parser.druid.TestDruidDMLFailParser.getInsertFailedPlan(TestDruidDMLFailParser.java:97)
	at sun.reflect.NativeMethodAccessorImpl.invoke0(Native Method)
	at sun.reflect.NativeMethodAccessorImpl.invoke(NativeMethodAccessorImpl.java:62)
	at sun.reflect.DelegatingMethodAccessorImpl.invoke(DelegatingMethodAccessorImpl.java:43)
	at java.lang.reflect.Method.invoke(Method.java:498)
	at org.junit.runners.model.FrameworkMethod$1.runReflectiveCall(FrameworkMethod.java:45)
	at org.junit.internal.runners.model.ReflectiveCallable.run(ReflectiveCallable.java:15)
	at org.junit.runners.model.FrameworkMethod.invokeExplosively(FrameworkMethod.java:42)
	at org.junit.internal.runners.statements.InvokeMethod.evaluate(InvokeMethod.java:20)
	at org.junit.internal.runners.statements.RunBefores.evaluate(RunBefores.java:28)
	at org.junit.internal.runners.statements.RunAfters.evaluate(RunAfters.java:30)
	at org.junit.runners.ParentRunner.runLeaf(ParentRunner.java:263)
	at org.junit.runners.BlockJUnit4ClassRunner.runChild(BlockJUnit4ClassRunner.java:68)
	at org.junit.runners.BlockJUnit4ClassRunner.runChild(BlockJUnit4ClassRunner.java:47)
	at org.junit.runners.ParentRunner$3.run(ParentRunner.java:231)
	at org.junit.runners.ParentRunner$1.schedule(ParentRunner.java:60)
	at org.junit.runners.ParentRunner.runChildren(ParentRunner.java:229)
	at org.junit.runners.ParentRunner.access$000(ParentRunner.java:50)
	at org.junit.runners.ParentRunner$2.evaluate(ParentRunner.java:222)
	at org.junit.internal.runners.statements.RunBefores.evaluate(RunBefores.java:28)
	at org.junit.internal.runners.statements.RunAfters.evaluate(RunAfters.java:30)
	at org.junit.runners.ParentRunner.run(ParentRunner.java:300)
	at org.junit.runners.Suite.runChild(Suite.java:128)
	at org.junit.runners.Suite.runChild(Suite.java:24)
	at org.junit.runners.ParentRunner$3.run(ParentRunner.java:231)
	at org.junit.runners.ParentRunner$1.schedule(ParentRunner.java:60)
	at org.junit.runners.ParentRunner.runChildren(ParentRunner.java:229)
	at org.junit.runners.ParentRunner.access$000(ParentRunner.java:50)
	at org.junit.runners.ParentRunner$2.evaluate(ParentRunner.java:222)
	at org.junit.runners.ParentRunner.run(ParentRunner.java:300)
	at org.junit.runner.JUnitCore.run(JUnitCore.java:157)
	at org.junit.runner.JUnitCore.run(JUnitCore.java:136)
	at edu.illinois.cs.testrunner.execution.JUnitTestExecutor.execute(JUnitTestExecutor.java:246)
	at edu.illinois.cs.testrunner.execution.JUnitTestExecutor.executeWithJUnit4Runner(JUnitTestExecutor.java:315)
	at edu.illinois.cs.testrunner.execution.JUnitTestExecutor.runOrder(JUnitTestExecutor.java:46)
	at edu.illinois.cs.testrunner.execution.Executor$.$anonfun$run$1(Executor.scala:30)
	at scala.runtime.java8.JFunction0$mcV$sp.apply(JFunction0$mcV$sp.java:12)
	at scala.util.Try$.apply(Try.scala:209)
	at edu.illinois.cs.testrunner.execution.Executor$.run(Executor.scala:28)
	at edu.illinois.cs.testrunner.execution.Executor$.main(Executor.scala:18)
	at edu.illinois.cs.testrunner.execution.Executor.main(Executor.scala)
24/04/20 21:49:08 DEBUG druid.DruidParser: Parsing SQL Insert into User(ID,NAME2) values(1,'binlijin'),(2,'lars');
24/04/20 21:49:08 DEBUG druid.DruidDMLParser: INSERT SQL TableSource User
24/04/20 21:49:08 DEBUG druid.DruidDMLParser: From table User
24/04/20 21:49:08 DEBUG druid.DruidDMLParser:  SQLInsertItem ID
24/04/20 21:49:08 DEBUG druid.DruidDMLParser:  SQLInsertItem NAME2
24/04/20 21:49:08 DEBUG druid.DruidDMLParser: INSERT SQL Insert columns [ID, NAME2]
24/04/20 21:49:08 ERROR druid.DruidParserTestUtil: execute
com.alibaba.wasp.plan.parser.UnsupportedException: User does not have column 'ID'!
	at com.alibaba.wasp.plan.parser.druid.FMetaEventOperation.checkAndGetFields(FMetaEventOperation.java:114)
	at com.alibaba.wasp.plan.parser.druid.DruidDMLParser.getInsertPlan(DruidDMLParser.java:136)
	at com.alibaba.wasp.plan.parser.druid.DruidDMLParser.generatePlan(DruidDMLParser.java:105)
	at com.alibaba.wasp.plan.parser.druid.DruidParserTestUtil.execute(DruidParserTestUtil.java:104)
	at com.alibaba.wasp.plan.parser.druid.TestDruidDMLFailParser.getInsertFailedPlan(TestDruidDMLFailParser.java:97)
	at sun.reflect.NativeMethodAccessorImpl.invoke0(Native Method)
	at sun.reflect.NativeMethodAccessorImpl.invoke(NativeMethodAccessorImpl.java:62)
	at sun.reflect.DelegatingMethodAccessorImpl.invoke(DelegatingMethodAccessorImpl.java:43)
	at java.lang.reflect.Method.invoke(Method.java:498)
	at org.junit.runners.model.FrameworkMethod$1.runReflectiveCall(FrameworkMethod.java:45)
	at org.junit.internal.runners.model.ReflectiveCallable.run(ReflectiveCallable.java:15)
	at org.junit.runners.model.FrameworkMethod.invokeExplosively(FrameworkMethod.java:42)
	at org.junit.internal.runners.statements.InvokeMethod.evaluate(InvokeMethod.java:20)
	at org.junit.internal.runners.statements.RunBefores.evaluate(RunBefores.java:28)
	at org.junit.internal.runners.statements.RunAfters.evaluate(RunAfters.java:30)
	at org.junit.runners.ParentRunner.runLeaf(ParentRunner.java:263)
	at org.junit.runners.BlockJUnit4ClassRunner.runChild(BlockJUnit4ClassRunner.java:68)
	at org.junit.runners.BlockJUnit4ClassRunner.runChild(BlockJUnit4ClassRunner.java:47)
	at org.junit.runners.ParentRunner$3.run(ParentRunner.java:231)
	at org.junit.runners.ParentRunner$1.schedule(ParentRunner.java:60)
	at org.junit.runners.ParentRunner.runChildren(ParentRunner.java:229)
	at org.junit.runners.ParentRunner.access$000(ParentRunner.java:50)
	at org.junit.runners.ParentRunner$2.evaluate(ParentRunner.java:222)
	at org.junit.internal.runners.statements.RunBefores.evaluate(RunBefores.java:28)
	at org.junit.internal.runners.statements.RunAfters.evaluate(RunAfters.java:30)
	at org.junit.runners.ParentRunner.run(ParentRunner.java:300)
	at org.junit.runners.Suite.runChild(Suite.java:128)
	at org.junit.runners.Suite.runChild(Suite.java:24)
	at org.junit.runners.ParentRunner$3.run(ParentRunner.java:231)
	at org.junit.runners.ParentRunner$1.schedule(ParentRunner.java:60)
	at org.junit.runners.ParentRunner.runChildren(ParentRunner.java:229)
	at org.junit.runners.ParentRunner.access$000(ParentRunner.java:50)
	at org.junit.runners.ParentRunner$2.evaluate(ParentRunner.java:222)
	at org.junit.runners.ParentRunner.run(ParentRunner.java:300)
	at org.junit.runner.JUnitCore.run(JUnitCore.java:157)
	at org.junit.runner.JUnitCore.run(JUnitCore.java:136)
	at edu.illinois.cs.testrunner.execution.JUnitTestExecutor.execute(JUnitTestExecutor.java:246)
	at edu.illinois.cs.testrunner.execution.JUnitTestExecutor.executeWithJUnit4Runner(JUnitTestExecutor.java:315)
	at edu.illinois.cs.testrunner.execution.JUnitTestExecutor.runOrder(JUnitTestExecutor.java:46)
	at edu.illinois.cs.testrunner.execution.Executor$.$anonfun$run$1(Executor.scala:30)
	at scala.runtime.java8.JFunction0$mcV$sp.apply(JFunction0$mcV$sp.java:12)
	at scala.util.Try$.apply(Try.scala:209)
	at edu.illinois.cs.testrunner.execution.Executor$.run(Executor.scala:28)
	at edu.illinois.cs.testrunner.execution.Executor$.main(Executor.scala:18)
	at edu.illinois.cs.testrunner.execution.Executor.main(Executor.scala)
24/04/20 21:49:08 DEBUG druid.DruidParser: Parsing SQL Insert into Photo(photo_id,time) values(1, 10000),(2,20000);
24/04/20 21:49:08 DEBUG druid.DruidDMLParser: INSERT SQL TableSource Photo
24/04/20 21:49:08 DEBUG druid.DruidDMLParser: From table Photo
24/04/20 21:49:08 DEBUG druid.DruidDMLParser:  SQLInsertItem photo_id
24/04/20 21:49:08 DEBUG druid.DruidDMLParser:  SQLInsertItem time
24/04/20 21:49:08 DEBUG druid.DruidDMLParser: INSERT SQL Insert columns [photo_id, time]
24/04/20 21:49:08 ERROR druid.DruidParserTestUtil: execute
com.alibaba.wasp.plan.parser.UnsupportedException: PrimaryKeys have 2 Fields, but only find 1 Fields
	at com.alibaba.wasp.plan.parser.druid.FMetaEventOperation.checkRequiredFields(FMetaEventOperation.java:378)
	at com.alibaba.wasp.plan.parser.druid.DruidDMLParser.getInsertPlan(DruidDMLParser.java:137)
	at com.alibaba.wasp.plan.parser.druid.DruidDMLParser.generatePlan(DruidDMLParser.java:105)
	at com.alibaba.wasp.plan.parser.druid.DruidParserTestUtil.execute(DruidParserTestUtil.java:104)
	at com.alibaba.wasp.plan.parser.druid.TestDruidDMLFailParser.getInsertFailedPlan(TestDruidDMLFailParser.java:97)
	at sun.reflect.NativeMethodAccessorImpl.invoke0(Native Method)
	at sun.reflect.NativeMethodAccessorImpl.invoke(NativeMethodAccessorImpl.java:62)
	at sun.reflect.DelegatingMethodAccessorImpl.invoke(DelegatingMethodAccessorImpl.java:43)
	at java.lang.reflect.Method.invoke(Method.java:498)
	at org.junit.runners.model.FrameworkMethod$1.runReflectiveCall(FrameworkMethod.java:45)
	at org.junit.internal.runners.model.ReflectiveCallable.run(ReflectiveCallable.java:15)
	at org.junit.runners.model.FrameworkMethod.invokeExplosively(FrameworkMethod.java:42)
	at org.junit.internal.runners.statements.InvokeMethod.evaluate(InvokeMethod.java:20)
	at org.junit.internal.runners.statements.RunBefores.evaluate(RunBefores.java:28)
	at org.junit.internal.runners.statements.RunAfters.evaluate(RunAfters.java:30)
	at org.junit.runners.ParentRunner.runLeaf(ParentRunner.java:263)
	at org.junit.runners.BlockJUnit4ClassRunner.runChild(BlockJUnit4ClassRunner.java:68)
	at org.junit.runners.BlockJUnit4ClassRunner.runChild(BlockJUnit4ClassRunner.java:47)
	at org.junit.runners.ParentRunner$3.run(ParentRunner.java:231)
	at org.junit.runners.ParentRunner$1.schedule(ParentRunner.java:60)
	at org.junit.runners.ParentRunner.runChildren(ParentRunner.java:229)
	at org.junit.runners.ParentRunner.access$000(ParentRunner.java:50)
	at org.junit.runners.ParentRunner$2.evaluate(ParentRunner.java:222)
	at org.junit.internal.runners.statements.RunBefores.evaluate(RunBefores.java:28)
	at org.junit.internal.runners.statements.RunAfters.evaluate(RunAfters.java:30)
	at org.junit.runners.ParentRunner.run(ParentRunner.java:300)
	at org.junit.runners.Suite.runChild(Suite.java:128)
	at org.junit.runners.Suite.runChild(Suite.java:24)
	at org.junit.runners.ParentRunner$3.run(ParentRunner.java:231)
	at org.junit.runners.ParentRunner$1.schedule(ParentRunner.java:60)
	at org.junit.runners.ParentRunner.runChildren(ParentRunner.java:229)
	at org.junit.runners.ParentRunner.access$000(ParentRunner.java:50)
	at org.junit.runners.ParentRunner$2.evaluate(ParentRunner.java:222)
	at org.junit.runners.ParentRunner.run(ParentRunner.java:300)
	at org.junit.runner.JUnitCore.run(JUnitCore.java:157)
	at org.junit.runner.JUnitCore.run(JUnitCore.java:136)
	at edu.illinois.cs.testrunner.execution.JUnitTestExecutor.execute(JUnitTestExecutor.java:246)
	at edu.illinois.cs.testrunner.execution.JUnitTestExecutor.executeWithJUnit4Runner(JUnitTestExecutor.java:315)
	at edu.illinois.cs.testrunner.execution.JUnitTestExecutor.runOrder(JUnitTestExecutor.java:46)
	at edu.illinois.cs.testrunner.execution.Executor$.$anonfun$run$1(Executor.scala:30)
	at scala.runtime.java8.JFunction0$mcV$sp.apply(JFunction0$mcV$sp.java:12)
	at scala.util.Try$.apply(Try.scala:209)
	at edu.illinois.cs.testrunner.execution.Executor$.run(Executor.scala:28)
	at edu.illinois.cs.testrunner.execution.Executor$.main(Executor.scala:18)
	at edu.illinois.cs.testrunner.execution.Executor.main(Executor.scala)
24/04/20 21:49:08 DEBUG druid.DruidParser: Parsing SQL Insert into User(user_id,name,value) values(1,'binlijin',1.,'aa');
24/04/20 21:49:08 DEBUG druid.DruidDMLParser: INSERT SQL TableSource User
24/04/20 21:49:08 DEBUG druid.DruidDMLParser: From table User
24/04/20 21:49:08 DEBUG druid.DruidDMLParser:  SQLInsertItem user_id
24/04/20 21:49:08 DEBUG druid.DruidDMLParser:  SQLInsertItem name
24/04/20 21:49:08 DEBUG druid.DruidDMLParser:  SQLInsertItem value
24/04/20 21:49:08 DEBUG druid.DruidDMLParser: INSERT SQL Insert columns [user_id, name, value]
24/04/20 21:49:08 DEBUG druid.DruidDMLParser: INSERT SQL Insert Values List [ VALUES (1, 'binlijin', 1, 'aa')]
24/04/20 21:49:08 ERROR druid.DruidParserTestUtil: execute
java.io.IOException: Insert clause 3 columns  not match 4 values 
	at com.alibaba.wasp.plan.parser.druid.DruidDMLParser.buildFieldsPair(DruidDMLParser.java:334)
	at com.alibaba.wasp.plan.parser.druid.DruidDMLParser.genInsertAction(DruidDMLParser.java:180)
	at com.alibaba.wasp.plan.parser.druid.DruidDMLParser.getInsertPlan(DruidDMLParser.java:152)
	at com.alibaba.wasp.plan.parser.druid.DruidDMLParser.generatePlan(DruidDMLParser.java:105)
	at com.alibaba.wasp.plan.parser.druid.DruidParserTestUtil.execute(DruidParserTestUtil.java:104)
	at com.alibaba.wasp.plan.parser.druid.TestDruidDMLFailParser.getInsertFailedPlan(TestDruidDMLFailParser.java:97)
	at sun.reflect.NativeMethodAccessorImpl.invoke0(Native Method)
	at sun.reflect.NativeMethodAccessorImpl.invoke(NativeMethodAccessorImpl.java:62)
	at sun.reflect.DelegatingMethodAccessorImpl.invoke(DelegatingMethodAccessorImpl.java:43)
	at java.lang.reflect.Method.invoke(Method.java:498)
	at org.junit.runners.model.FrameworkMethod$1.runReflectiveCall(FrameworkMethod.java:45)
	at org.junit.internal.runners.model.ReflectiveCallable.run(ReflectiveCallable.java:15)
	at org.junit.runners.model.FrameworkMethod.invokeExplosively(FrameworkMethod.java:42)
	at org.junit.internal.runners.statements.InvokeMethod.evaluate(InvokeMethod.java:20)
	at org.junit.internal.runners.statements.RunBefores.evaluate(RunBefores.java:28)
	at org.junit.internal.runners.statements.RunAfters.evaluate(RunAfters.java:30)
	at org.junit.runners.ParentRunner.runLeaf(ParentRunner.java:263)
	at org.junit.runners.BlockJUnit4ClassRunner.runChild(BlockJUnit4ClassRunner.java:68)
	at org.junit.runners.BlockJUnit4ClassRunner.runChild(BlockJUnit4ClassRunner.java:47)
	at org.junit.runners.ParentRunner$3.run(ParentRunner.java:231)
	at org.junit.runners.ParentRunner$1.schedule(ParentRunner.java:60)
	at org.junit.runners.ParentRunner.runChildren(ParentRunner.java:229)
	at org.junit.runners.ParentRunner.access$000(ParentRunner.java:50)
	at org.junit.runners.ParentRunner$2.evaluate(ParentRunner.java:222)
	at org.junit.internal.runners.statements.RunBefores.evaluate(RunBefores.java:28)
	at org.junit.internal.runners.statements.RunAfters.evaluate(RunAfters.java:30)
	at org.junit.runners.ParentRunner.run(ParentRunner.java:300)
	at org.junit.runners.Suite.runChild(Suite.java:128)
	at org.junit.runners.Suite.runChild(Suite.java:24)
	at org.junit.runners.ParentRunner$3.run(ParentRunner.java:231)
	at org.junit.runners.ParentRunner$1.schedule(ParentRunner.java:60)
	at org.junit.runners.ParentRunner.runChildren(ParentRunner.java:229)
	at org.junit.runners.ParentRunner.access$000(ParentRunner.java:50)
	at org.junit.runners.ParentRunner$2.evaluate(ParentRunner.java:222)
	at org.junit.runners.ParentRunner.run(ParentRunner.java:300)
	at org.junit.runner.JUnitCore.run(JUnitCore.java:157)
	at org.junit.runner.JUnitCore.run(JUnitCore.java:136)
	at edu.illinois.cs.testrunner.execution.JUnitTestExecutor.execute(JUnitTestExecutor.java:246)
	at edu.illinois.cs.testrunner.execution.JUnitTestExecutor.executeWithJUnit4Runner(JUnitTestExecutor.java:315)
	at edu.illinois.cs.testrunner.execution.JUnitTestExecutor.runOrder(JUnitTestExecutor.java:46)
	at edu.illinois.cs.testrunner.execution.Executor$.$anonfun$run$1(Executor.scala:30)
	at scala.runtime.java8.JFunction0$mcV$sp.apply(JFunction0$mcV$sp.java:12)
	at scala.util.Try$.apply(Try.scala:209)
	at edu.illinois.cs.testrunner.execution.Executor$.run(Executor.scala:28)
	at edu.illinois.cs.testrunner.execution.Executor$.main(Executor.scala:18)
	at edu.illinois.cs.testrunner.execution.Executor.main(Executor.scala)
24/04/20 21:49:08 DEBUG druid.DruidParser: Parsing SQL Insert into User(user_id,name,value) values(1,'binlijin');
24/04/20 21:49:08 DEBUG druid.DruidDMLParser: INSERT SQL TableSource User
24/04/20 21:49:08 DEBUG druid.DruidDMLParser: From table User
24/04/20 21:49:08 DEBUG druid.DruidDMLParser:  SQLInsertItem user_id
24/04/20 21:49:08 DEBUG druid.DruidDMLParser:  SQLInsertItem name
24/04/20 21:49:08 DEBUG druid.DruidDMLParser:  SQLInsertItem value
24/04/20 21:49:08 DEBUG druid.DruidDMLParser: INSERT SQL Insert columns [user_id, name, value]
24/04/20 21:49:08 DEBUG druid.DruidDMLParser: INSERT SQL Insert Values List [ VALUES (1, 'binlijin')]
24/04/20 21:49:08 ERROR druid.DruidParserTestUtil: execute
java.io.IOException: Insert clause 3 columns  not match 2 values 
	at com.alibaba.wasp.plan.parser.druid.DruidDMLParser.buildFieldsPair(DruidDMLParser.java:334)
	at com.alibaba.wasp.plan.parser.druid.DruidDMLParser.genInsertAction(DruidDMLParser.java:180)
	at com.alibaba.wasp.plan.parser.druid.DruidDMLParser.getInsertPlan(DruidDMLParser.java:152)
	at com.alibaba.wasp.plan.parser.druid.DruidDMLParser.generatePlan(DruidDMLParser.java:105)
	at com.alibaba.wasp.plan.parser.druid.DruidParserTestUtil.execute(DruidParserTestUtil.java:104)
	at com.alibaba.wasp.plan.parser.druid.TestDruidDMLFailParser.getInsertFailedPlan(TestDruidDMLFailParser.java:97)
	at sun.reflect.NativeMethodAccessorImpl.invoke0(Native Method)
	at sun.reflect.NativeMethodAccessorImpl.invoke(NativeMethodAccessorImpl.java:62)
	at sun.reflect.DelegatingMethodAccessorImpl.invoke(DelegatingMethodAccessorImpl.java:43)
	at java.lang.reflect.Method.invoke(Method.java:498)
	at org.junit.runners.model.FrameworkMethod$1.runReflectiveCall(FrameworkMethod.java:45)
	at org.junit.internal.runners.model.ReflectiveCallable.run(ReflectiveCallable.java:15)
	at org.junit.runners.model.FrameworkMethod.invokeExplosively(FrameworkMethod.java:42)
	at org.junit.internal.runners.statements.InvokeMethod.evaluate(InvokeMethod.java:20)
	at org.junit.internal.runners.statements.RunBefores.evaluate(RunBefores.java:28)
	at org.junit.internal.runners.statements.RunAfters.evaluate(RunAfters.java:30)
	at org.junit.runners.ParentRunner.runLeaf(ParentRunner.java:263)
	at org.junit.runners.BlockJUnit4ClassRunner.runChild(BlockJUnit4ClassRunner.java:68)
	at org.junit.runners.BlockJUnit4ClassRunner.runChild(BlockJUnit4ClassRunner.java:47)
	at org.junit.runners.ParentRunner$3.run(ParentRunner.java:231)
	at org.junit.runners.ParentRunner$1.schedule(ParentRunner.java:60)
	at org.junit.runners.ParentRunner.runChildren(ParentRunner.java:229)
	at org.junit.runners.ParentRunner.access$000(ParentRunner.java:50)
	at org.junit.runners.ParentRunner$2.evaluate(ParentRunner.java:222)
	at org.junit.internal.runners.statements.RunBefores.evaluate(RunBefores.java:28)
	at org.junit.internal.runners.statements.RunAfters.evaluate(RunAfters.java:30)
	at org.junit.runners.ParentRunner.run(ParentRunner.java:300)
	at org.junit.runners.Suite.runChild(Suite.java:128)
	at org.junit.runners.Suite.runChild(Suite.java:24)
	at org.junit.runners.ParentRunner$3.run(ParentRunner.java:231)
	at org.junit.runners.ParentRunner$1.schedule(ParentRunner.java:60)
	at org.junit.runners.ParentRunner.runChildren(ParentRunner.java:229)
	at org.junit.runners.ParentRunner.access$000(ParentRunner.java:50)
	at org.junit.runners.ParentRunner$2.evaluate(ParentRunner.java:222)
	at org.junit.runners.ParentRunner.run(ParentRunner.java:300)
	at org.junit.runner.JUnitCore.run(JUnitCore.java:157)
	at org.junit.runner.JUnitCore.run(JUnitCore.java:136)
	at edu.illinois.cs.testrunner.execution.JUnitTestExecutor.execute(JUnitTestExecutor.java:246)
	at edu.illinois.cs.testrunner.execution.JUnitTestExecutor.executeWithJUnit4Runner(JUnitTestExecutor.java:315)
	at edu.illinois.cs.testrunner.execution.JUnitTestExecutor.runOrder(JUnitTestExecutor.java:46)
	at edu.illinois.cs.testrunner.execution.Executor$.$anonfun$run$1(Executor.scala:30)
	at scala.runtime.java8.JFunction0$mcV$sp.apply(JFunction0$mcV$sp.java:12)
	at scala.util.Try$.apply(Try.scala:209)
	at edu.illinois.cs.testrunner.execution.Executor$.run(Executor.scala:28)
	at edu.illinois.cs.testrunner.execution.Executor$.main(Executor.scala:18)
	at edu.illinois.cs.testrunner.execution.Executor.main(Executor.scala)
24/04/20 21:49:08 DEBUG fserver.MetricsEntityGroupSourceImpl: Creating new MetricsEntityGroupSourceImpl for table null TEST
24/04/20 21:49:08 DEBUG fserver.MetricsEntityGroupSourceImpl: Creating new MetricsEntityGroupSourceImpl for table null TEST
24/04/20 21:49:08 DEBUG fserver.MetricsEntityGroupSourceImpl: Creating new MetricsEntityGroupSourceImpl for table null TWO
Starting DataNode 0 with dfs.data.dir: /home/idflakies/alibaba/wasp/target/test-data/07b0d3ec-e530-428a-bef9-020e57b9599b/dfscluster_0306b887-32a7-4a4f-a6d0-3325a7c1d13c/dfs/data/data1,/home/idflakies/alibaba/wasp/target/test-data/07b0d3ec-e530-428a-bef9-020e57b9599b/dfscluster_0306b887-32a7-4a4f-a6d0-3325a7c1d13c/dfs/data/data2
24/04/20 21:49:08 ERROR datanode.DataNode: All directories in dfs.data.dir are invalid.
java.lang.NullPointerException
	at org.apache.hadoop.hdfs.MiniDFSCluster.startDataNodes(MiniDFSCluster.java:422)
	at org.apache.hadoop.hdfs.MiniDFSCluster.<init>(MiniDFSCluster.java:280)
	at org.apache.hadoop.hbase.HBaseTestingUtility.startMiniDFSCluster(HBaseTestingUtility.java:451)
	at org.apache.hadoop.hbase.HBaseTestingUtility.startMiniCluster(HBaseTestingUtility.java:619)
	at org.apache.hadoop.hbase.HBaseTestingUtility.startMiniCluster(HBaseTestingUtility.java:575)
	at org.apache.hadoop.hbase.HBaseTestingUtility.startMiniCluster(HBaseTestingUtility.java:562)
	at com.alibaba.wasp.meta.TestFMetaStore.setUpBeforeClass(TestFMetaStore.java:73)
	at sun.reflect.NativeMethodAccessorImpl.invoke0(Native Method)
	at sun.reflect.NativeMethodAccessorImpl.invoke(NativeMethodAccessorImpl.java:62)
	at sun.reflect.DelegatingMethodAccessorImpl.invoke(DelegatingMethodAccessorImpl.java:43)
	at java.lang.reflect.Method.invoke(Method.java:498)
	at org.junit.runners.model.FrameworkMethod$1.runReflectiveCall(FrameworkMethod.java:45)
	at org.junit.internal.runners.model.ReflectiveCallable.run(ReflectiveCallable.java:15)
	at org.junit.runners.model.FrameworkMethod.invokeExplosively(FrameworkMethod.java:42)
	at org.junit.internal.runners.statements.RunBefores.evaluate(RunBefores.java:27)
	at org.junit.internal.runners.statements.RunAfters.evaluate(RunAfters.java:30)
	at org.junit.runners.ParentRunner.run(ParentRunner.java:300)
	at org.junit.runners.Suite.runChild(Suite.java:128)
	at org.junit.runners.Suite.runChild(Suite.java:24)
	at org.junit.runners.ParentRunner$3.run(ParentRunner.java:231)
	at org.junit.runners.ParentRunner$1.schedule(ParentRunner.java:60)
	at org.junit.runners.ParentRunner.runChildren(ParentRunner.java:229)
	at org.junit.runners.ParentRunner.access$000(ParentRunner.java:50)
	at org.junit.runners.ParentRunner$2.evaluate(ParentRunner.java:222)
	at org.junit.runners.ParentRunner.run(ParentRunner.java:300)
	at org.junit.runner.JUnitCore.run(JUnitCore.java:157)
	at org.junit.runner.JUnitCore.run(JUnitCore.java:136)
	at edu.illinois.cs.testrunner.execution.JUnitTestExecutor.execute(JUnitTestExecutor.java:246)
	at edu.illinois.cs.testrunner.execution.JUnitTestExecutor.executeWithJUnit4Runner(JUnitTestExecutor.java:315)
	at edu.illinois.cs.testrunner.execution.JUnitTestExecutor.runOrder(JUnitTestExecutor.java:46)
	at edu.illinois.cs.testrunner.execution.Executor$.$anonfun$run$1(Executor.scala:30)
	at scala.runtime.java8.JFunction0$mcV$sp.apply(JFunction0$mcV$sp.java:12)
	at scala.util.Try$.apply(Try.scala:209)
	at edu.illinois.cs.testrunner.execution.Executor$.run(Executor.scala:28)
	at edu.illinois.cs.testrunner.execution.Executor$.main(Executor.scala:18)
	at edu.illinois.cs.testrunner.execution.Executor.main(Executor.scala)
24/04/20 21:49:08 INFO balancer.TestDefaultLoadBalancer: Mock Cluster : { srv93749:0 } [srvr=1 rgns=0 avg=0.0 max=0 min=0]
24/04/20 21:49:08 INFO balancer.DefaultLoadBalancer: Skipping load balancing because balanced cluster; servers=1 entityGroups=0 average=0.0 mostloaded=0 leastloaded=0
24/04/20 21:49:08 INFO balancer.TestDefaultLoadBalancer: Mock Balance : {  }
24/04/20 21:49:08 INFO balancer.TestDefaultLoadBalancer: Mock Cluster : { srv93749:1 } [srvr=1 rgns=1 avg=1.0 max=1 min=1]
24/04/20 21:49:08 INFO balancer.DefaultLoadBalancer: Skipping load balancing because balanced cluster; servers=1 entityGroups=1 average=1.0 mostloaded=1 leastloaded=1
24/04/20 21:49:08 INFO balancer.TestDefaultLoadBalancer: Mock Balance : {  }
24/04/20 21:49:08 INFO balancer.TestDefaultLoadBalancer: Mock Cluster : { srv93749:10 } [srvr=1 rgns=10 avg=10.0 max=10 min=10]
24/04/20 21:49:08 INFO balancer.DefaultLoadBalancer: Skipping load balancing because balanced cluster; servers=1 entityGroups=10 average=10.0 mostloaded=10 leastloaded=10
24/04/20 21:49:08 INFO balancer.TestDefaultLoadBalancer: Mock Balance : {  }
24/04/20 21:49:08 INFO balancer.TestDefaultLoadBalancer: Mock Cluster : { srv10365:0 , srv93749:0 } [srvr=2 rgns=0 avg=0.0 max=0 min=0]
24/04/20 21:49:08 INFO balancer.DefaultLoadBalancer: Skipping load balancing because balanced cluster; servers=2 entityGroups=0 average=0.0 mostloaded=0 leastloaded=0
24/04/20 21:49:08 INFO balancer.TestDefaultLoadBalancer: Mock Balance : {  }
24/04/20 21:49:08 INFO balancer.TestDefaultLoadBalancer: Mock Cluster : { srv93749:0 , srv10365:2 } [srvr=2 rgns=2 avg=1.0 max=1 min=1]
24/04/20 21:49:08 DEBUG balancer.DefaultLoadBalancer: Balance parameter: numEntityGroups=2, numServers=2, max=1, min=1
24/04/20 21:49:08 INFO balancer.DefaultLoadBalancer: Calculated a load balance in 6ms. Moving 1 entityGroups off of 1 overloaded servers onto 1 less loaded servers
24/04/20 21:49:08 INFO balancer.TestDefaultLoadBalancer: Mock Balance : { srv10365:1 , srv93749:1 }
24/04/20 21:49:08 INFO balancer.TestDefaultLoadBalancer: Mock Cluster : { srv93749:1 , srv10365:2 } [srvr=2 rgns=3 avg=1.5 max=2 min=1]
24/04/20 21:49:08 INFO balancer.DefaultLoadBalancer: Skipping load balancing because balanced cluster; servers=2 entityGroups=3 average=1.5 mostloaded=2 leastloaded=1
24/04/20 21:49:08 INFO balancer.TestDefaultLoadBalancer: Mock Balance : {  }
24/04/20 21:49:08 INFO balancer.TestDefaultLoadBalancer: Mock Cluster : { srv10365:2 , srv93749:2 } [srvr=2 rgns=4 avg=2.0 max=2 min=2]
24/04/20 21:49:08 INFO balancer.DefaultLoadBalancer: Skipping load balancing because balanced cluster; servers=2 entityGroups=4 average=2.0 mostloaded=2 leastloaded=2
24/04/20 21:49:08 INFO balancer.TestDefaultLoadBalancer: Mock Balance : {  }
24/04/20 21:49:08 INFO balancer.TestDefaultLoadBalancer: Mock Cluster : { srv10365:2 , srv93749:3 } [srvr=2 rgns=5 avg=2.5 max=3 min=2]
24/04/20 21:49:08 INFO balancer.DefaultLoadBalancer: Skipping load balancing because balanced cluster; servers=2 entityGroups=5 average=2.5 mostloaded=3 leastloaded=2
24/04/20 21:49:08 INFO balancer.TestDefaultLoadBalancer: Mock Balance : {  }
24/04/20 21:49:08 INFO balancer.TestDefaultLoadBalancer: Mock Cluster : { srv10365:2 , srv93749:4 } [srvr=2 rgns=6 avg=3.0 max=3 min=3]
24/04/20 21:49:08 DEBUG balancer.DefaultLoadBalancer: Balance parameter: numEntityGroups=6, numServers=2, max=3, min=3
24/04/20 21:49:08 INFO balancer.DefaultLoadBalancer: Calculated a load balance in 0ms. Moving 1 entityGroups off of 1 overloaded servers onto 1 less loaded servers
24/04/20 21:49:08 INFO balancer.TestDefaultLoadBalancer: Mock Balance : { srv10365:3 , srv93749:3 }
24/04/20 21:49:08 INFO balancer.TestDefaultLoadBalancer: Mock Cluster : { srv10365:1 , srv93749:1 } [srvr=2 rgns=2 avg=1.0 max=1 min=1]
24/04/20 21:49:08 INFO balancer.DefaultLoadBalancer: Skipping load balancing because balanced cluster; servers=2 entityGroups=2 average=1.0 mostloaded=1 leastloaded=1
24/04/20 21:49:08 INFO balancer.TestDefaultLoadBalancer: Mock Balance : {  }
24/04/20 21:49:08 INFO balancer.TestDefaultLoadBalancer: Mock Cluster : { srv10365:0 , srv93749:1 } [srvr=2 rgns=1 avg=0.5 max=1 min=0]
24/04/20 21:49:08 INFO balancer.DefaultLoadBalancer: Skipping load balancing because balanced cluster; servers=2 entityGroups=1 average=0.5 mostloaded=1 leastloaded=0
24/04/20 21:49:08 INFO balancer.TestDefaultLoadBalancer: Mock Balance : {  }
24/04/20 21:49:08 INFO balancer.TestDefaultLoadBalancer: Mock Cluster : { srv93749:1 , srv10365:10 } [srvr=2 rgns=11 avg=5.5 max=6 min=5]
24/04/20 21:49:08 DEBUG balancer.DefaultLoadBalancer: Balance parameter: numEntityGroups=11, numServers=2, max=6, min=5
24/04/20 21:49:08 INFO balancer.DefaultLoadBalancer: Calculated a load balance in 0ms. Moving 4 entityGroups off of 1 overloaded servers onto 1 less loaded servers
24/04/20 21:49:08 INFO balancer.TestDefaultLoadBalancer: Mock Balance : { srv93749:5 , srv10365:6 }
24/04/20 21:49:08 INFO balancer.TestDefaultLoadBalancer: Mock Cluster : { srv10365:14 , srv93749:1432 } [srvr=2 rgns=1446 avg=723.0 max=723 min=723]
24/04/20 21:49:08 DEBUG balancer.DefaultLoadBalancer: Balance parameter: numEntityGroups=1446, numServers=2, max=723, min=723
24/04/20 21:49:08 INFO balancer.DefaultLoadBalancer: Calculated a load balance in 9ms. Moving 709 entityGroups off of 1 overloaded servers onto 1 less loaded servers
24/04/20 21:49:08 INFO balancer.TestDefaultLoadBalancer: Mock Balance : { srv10365:723 , srv93749:723 }
24/04/20 21:49:08 INFO balancer.TestDefaultLoadBalancer: Mock Cluster : { srv10365:47 , srv93749:53 } [srvr=2 rgns=100 avg=50.0 max=50 min=50]
24/04/20 21:49:08 DEBUG balancer.DefaultLoadBalancer: Balance parameter: numEntityGroups=100, numServers=2, max=50, min=50
24/04/20 21:49:08 INFO balancer.DefaultLoadBalancer: Calculated a load balance in 0ms. Moving 3 entityGroups off of 1 overloaded servers onto 1 less loaded servers
24/04/20 21:49:08 INFO balancer.TestDefaultLoadBalancer: Mock Balance : { srv10365:50 , srv93749:50 }
24/04/20 21:49:08 INFO balancer.TestDefaultLoadBalancer: Mock Cluster : { srv10365:0 , srv93749:1 , srv18207:2 } [srvr=3 rgns=3 avg=1.0 max=1 min=1]
24/04/20 21:49:08 DEBUG balancer.DefaultLoadBalancer: Balance parameter: numEntityGroups=3, numServers=3, max=1, min=1
24/04/20 21:49:08 INFO balancer.DefaultLoadBalancer: Calculated a load balance in 0ms. Moving 1 entityGroups off of 1 overloaded servers onto 1 less loaded servers
24/04/20 21:49:08 INFO balancer.TestDefaultLoadBalancer: Mock Balance : { srv10365:1 , srv18207:1 , srv93749:1 }
24/04/20 21:49:08 INFO balancer.TestDefaultLoadBalancer: Mock Cluster : { srv10365:1 , srv18207:2 , srv93749:3 } [srvr=3 rgns=6 avg=2.0 max=2 min=2]
24/04/20 21:49:08 DEBUG balancer.DefaultLoadBalancer: Balance parameter: numEntityGroups=6, numServers=3, max=2, min=2
24/04/20 21:49:08 INFO balancer.DefaultLoadBalancer: Calculated a load balance in 0ms. Moving 1 entityGroups off of 1 overloaded servers onto 1 less loaded servers
24/04/20 21:49:08 INFO balancer.TestDefaultLoadBalancer: Mock Balance : { srv10365:2 , srv18207:2 , srv93749:2 }
24/04/20 21:49:08 INFO balancer.TestDefaultLoadBalancer: Mock Cluster : { srv10365:0 , srv18207:2 , srv93749:2 } [srvr=3 rgns=4 avg=1.3333334 max=2 min=1]
24/04/20 21:49:08 DEBUG balancer.DefaultLoadBalancer: Balance parameter: numEntityGroups=4, numServers=3, max=2, min=1
24/04/20 21:49:08 INFO balancer.DefaultLoadBalancer: Done. Calculated a load balance in 0ms. Moving 1 entityGroups off of 0 overloaded servers onto 1 less loaded servers
24/04/20 21:49:08 INFO balancer.TestDefaultLoadBalancer: Mock Balance : { srv10365:1 , srv93749:1 , srv18207:2 }
24/04/20 21:49:08 INFO balancer.TestDefaultLoadBalancer: Mock Cluster : { srv10365:0 , srv93749:0 , srv18207:3 } [srvr=3 rgns=3 avg=1.0 max=1 min=1]
24/04/20 21:49:08 DEBUG balancer.DefaultLoadBalancer: Balance parameter: numEntityGroups=3, numServers=3, max=1, min=1
24/04/20 21:49:08 INFO balancer.DefaultLoadBalancer: Calculated a load balance in 0ms. Moving 2 entityGroups off of 1 overloaded servers onto 2 less loaded servers
24/04/20 21:49:08 INFO balancer.TestDefaultLoadBalancer: Mock Balance : { srv10365:1 , srv18207:1 , srv93749:1 }
24/04/20 21:49:08 INFO balancer.TestDefaultLoadBalancer: Mock Cluster : { srv10365:0 , srv93749:0 , srv18207:4 } [srvr=3 rgns=4 avg=1.3333334 max=2 min=1]
24/04/20 21:49:08 DEBUG balancer.DefaultLoadBalancer: Balance parameter: numEntityGroups=4, numServers=3, max=2, min=1
24/04/20 21:49:08 INFO balancer.DefaultLoadBalancer: Calculated a load balance in 1ms. Moving 2 entityGroups off of 1 overloaded servers onto 2 less loaded servers
24/04/20 21:49:08 INFO balancer.TestDefaultLoadBalancer: Mock Balance : { srv10365:1 , srv93749:1 , srv18207:2 }
24/04/20 21:49:08 INFO balancer.TestDefaultLoadBalancer: Mock Cluster : { srv93749:0 , srv10365:20 , srv18207:20 } [srvr=3 rgns=40 avg=13.333333 max=14 min=13]
24/04/20 21:49:08 DEBUG balancer.DefaultLoadBalancer: Balance parameter: numEntityGroups=40, numServers=3, max=14, min=13
24/04/20 21:49:08 INFO balancer.DefaultLoadBalancer: Done. Calculated a load balance in 0ms. Moving 13 entityGroups off of 2 overloaded servers onto 1 less loaded servers
24/04/20 21:49:08 INFO balancer.TestDefaultLoadBalancer: Mock Balance : { srv18207:13 , srv93749:13 , srv10365:14 }
24/04/20 21:49:08 INFO balancer.TestDefaultLoadBalancer: Mock Cluster : { srv10365:0 , srv18207:1 , srv93749:2 , srv60737:3 } [srvr=4 rgns=6 avg=1.5 max=2 min=1]
24/04/20 21:49:08 DEBUG balancer.DefaultLoadBalancer: Balance parameter: numEntityGroups=6, numServers=4, max=2, min=1
24/04/20 21:49:08 INFO balancer.DefaultLoadBalancer: Calculated a load balance in 0ms. Moving 1 entityGroups off of 1 overloaded servers onto 1 less loaded servers
24/04/20 21:49:08 INFO balancer.TestDefaultLoadBalancer: Mock Balance : { srv10365:1 , srv18207:1 , srv60737:2 , srv93749:2 }
24/04/20 21:49:08 INFO balancer.TestDefaultLoadBalancer: Mock Cluster : { srv18207:0 , srv60737:0 , srv93749:0 , srv10365:4 } [srvr=4 rgns=4 avg=1.0 max=1 min=1]
24/04/20 21:49:08 DEBUG balancer.DefaultLoadBalancer: Balance parameter: numEntityGroups=4, numServers=4, max=1, min=1
24/04/20 21:49:08 INFO balancer.DefaultLoadBalancer: Calculated a load balance in 0ms. Moving 3 entityGroups off of 1 overloaded servers onto 3 less loaded servers
24/04/20 21:49:08 INFO balancer.TestDefaultLoadBalancer: Mock Balance : { srv10365:1 , srv18207:1 , srv60737:1 , srv93749:1 }
24/04/20 21:49:08 INFO balancer.TestDefaultLoadBalancer: Mock Cluster : { srv18207:0 , srv60737:0 , srv93749:0 , srv10365:5 } [srvr=4 rgns=5 avg=1.25 max=2 min=1]
24/04/20 21:49:08 DEBUG balancer.DefaultLoadBalancer: Balance parameter: numEntityGroups=5, numServers=4, max=2, min=1
24/04/20 21:49:08 INFO balancer.DefaultLoadBalancer: Calculated a load balance in 0ms. Moving 3 entityGroups off of 1 overloaded servers onto 3 less loaded servers
24/04/20 21:49:08 INFO balancer.TestDefaultLoadBalancer: Mock Balance : { srv18207:1 , srv60737:1 , srv93749:1 , srv10365:2 }
24/04/20 21:49:08 INFO balancer.TestDefaultLoadBalancer: Mock Cluster : { srv60737:0 , srv93749:0 , srv10365:6 , srv18207:6 } [srvr=4 rgns=12 avg=3.0 max=3 min=3]
24/04/20 21:49:08 DEBUG balancer.DefaultLoadBalancer: Balance parameter: numEntityGroups=12, numServers=4, max=3, min=3
24/04/20 21:49:08 INFO balancer.DefaultLoadBalancer: Calculated a load balance in 0ms. Moving 6 entityGroups off of 2 overloaded servers onto 2 less loaded servers
24/04/20 21:49:08 INFO balancer.TestDefaultLoadBalancer: Mock Balance : { srv10365:3 , srv18207:3 , srv60737:3 , srv93749:3 }
24/04/20 21:49:08 INFO balancer.TestDefaultLoadBalancer: Mock Cluster : { srv60737:0 , srv93749:0 , srv18207:2 , srv10365:6 } [srvr=4 rgns=8 avg=2.0 max=2 min=2]
24/04/20 21:49:08 DEBUG balancer.DefaultLoadBalancer: Balance parameter: numEntityGroups=8, numServers=4, max=2, min=2
24/04/20 21:49:08 INFO balancer.DefaultLoadBalancer: Calculated a load balance in 0ms. Moving 4 entityGroups off of 1 overloaded servers onto 2 less loaded servers
24/04/20 21:49:08 INFO balancer.TestDefaultLoadBalancer: Mock Balance : { srv10365:2 , srv18207:2 , srv60737:2 , srv93749:2 }
24/04/20 21:49:08 INFO balancer.TestDefaultLoadBalancer: Mock Cluster : { srv60737:0 , srv93749:0 , srv18207:1 , srv10365:6 } [srvr=4 rgns=7 avg=1.75 max=2 min=1]
24/04/20 21:49:08 DEBUG balancer.DefaultLoadBalancer: Balance parameter: numEntityGroups=7, numServers=4, max=2, min=1
24/04/20 21:49:08 INFO balancer.DefaultLoadBalancer: Done. Calculated a load balance in 1ms. Moving 4 entityGroups off of 1 overloaded servers onto 2 less loaded servers
24/04/20 21:49:08 INFO balancer.TestDefaultLoadBalancer: Mock Balance : { srv18207:1 , srv10365:2 , srv60737:2 , srv93749:2 }
24/04/20 21:49:08 INFO balancer.TestDefaultLoadBalancer: Mock Cluster : { srv18207:0 , srv60737:0 , srv93749:0 , srv10365:6 } [srvr=4 rgns=6 avg=1.5 max=2 min=1]
24/04/20 21:49:08 DEBUG balancer.DefaultLoadBalancer: Balance parameter: numEntityGroups=6, numServers=4, max=2, min=1
24/04/20 21:49:08 INFO balancer.DefaultLoadBalancer: Done. Calculated a load balance in 0ms. Moving 4 entityGroups off of 1 overloaded servers onto 3 less loaded servers
24/04/20 21:49:08 INFO balancer.TestDefaultLoadBalancer: Mock Balance : { srv60737:1 , srv93749:1 , srv10365:2 , srv18207:2 }
24/04/20 21:49:08 INFO balancer.TestDefaultLoadBalancer: Mock Cluster : { srv10365:4 , srv18207:4 , srv60737:4 , srv93749:7 } [srvr=4 rgns=19 avg=4.75 max=5 min=4]
24/04/20 21:49:08 DEBUG balancer.DefaultLoadBalancer: Balance parameter: numEntityGroups=19, numServers=4, max=5, min=4
24/04/20 21:49:08 INFO balancer.DefaultLoadBalancer: Done. Calculated a load balance in 0ms. Moving 2 entityGroups off of 1 overloaded servers onto 0 less loaded servers
24/04/20 21:49:08 INFO balancer.TestDefaultLoadBalancer: Mock Balance : { srv60737:4 , srv10365:5 , srv18207:5 , srv93749:5 }
24/04/20 21:49:08 INFO balancer.TestDefaultLoadBalancer: Mock Cluster : { srv10365:4 , srv18207:4 , srv60737:4 , srv93749:8 } [srvr=4 rgns=20 avg=5.0 max=5 min=5]
24/04/20 21:49:08 DEBUG balancer.DefaultLoadBalancer: Balance parameter: numEntityGroups=20, numServers=4, max=5, min=5
24/04/20 21:49:08 INFO balancer.DefaultLoadBalancer: Calculated a load balance in 0ms. Moving 3 entityGroups off of 1 overloaded servers onto 3 less loaded servers
24/04/20 21:49:08 INFO balancer.TestDefaultLoadBalancer: Mock Balance : { srv10365:5 , srv18207:5 , srv60737:5 , srv93749:5 }
24/04/20 21:49:08 INFO balancer.TestDefaultLoadBalancer: Mock Cluster : { srv10365:0 , srv18207:0 , srv60737:0 , srv93749:7 } [srvr=4 rgns=7 avg=1.75 max=2 min=1]
24/04/20 21:49:08 DEBUG balancer.DefaultLoadBalancer: Balance parameter: numEntityGroups=7, numServers=4, max=2, min=1
24/04/20 21:49:08 INFO balancer.DefaultLoadBalancer: Done. Calculated a load balance in 0ms. Moving 5 entityGroups off of 1 overloaded servers onto 3 less loaded servers
24/04/20 21:49:08 INFO balancer.TestDefaultLoadBalancer: Mock Balance : { srv60737:1 , srv10365:2 , srv18207:2 , srv93749:2 }
24/04/20 21:49:08 INFO balancer.TestDefaultLoadBalancer: Mock Cluster : { srv10365:1 , srv18207:1 , srv60737:1 , srv93749:1 , srv88437:4 } [srvr=5 rgns=8 avg=1.6 max=2 min=1]
24/04/20 21:49:08 DEBUG balancer.DefaultLoadBalancer: Balance parameter: numEntityGroups=8, numServers=5, max=2, min=1
24/04/20 21:49:08 INFO balancer.DefaultLoadBalancer: Done. Calculated a load balance in 0ms. Moving 2 entityGroups off of 1 overloaded servers onto 0 less loaded servers
24/04/20 21:49:08 INFO balancer.TestDefaultLoadBalancer: Mock Balance : { srv60737:1 , srv93749:1 , srv10365:2 , srv18207:2 , srv88437:2 }
24/04/20 21:49:08 INFO balancer.TestDefaultLoadBalancer: Mock Cluster : { srv10365:1 , srv18207:2 , srv60737:3 , srv88437:4 , srv93749:5 , srv3005:6 , srv84498:7 , srv74550:8 , srv83582:9 , srv73608:10 , srv33911:11 , srv28719:12 , srv13174:13 , srv10958:14 , srv47898:15 } [srvr=15 rgns=120 avg=8.0 max=8 min=8]
24/04/20 21:49:08 DEBUG balancer.DefaultLoadBalancer: Balance parameter: numEntityGroups=120, numServers=15, max=8, min=8
24/04/20 21:49:08 INFO balancer.DefaultLoadBalancer: Calculated a load balance in 1ms. Moving 28 entityGroups off of 7 overloaded servers onto 7 less loaded servers
24/04/20 21:49:08 INFO balancer.TestDefaultLoadBalancer: Mock Balance : { srv10365:8 , srv10958:8 , srv13174:8 , srv18207:8 , srv28719:8 , srv3005:8 , srv33911:8 , srv47898:8 , srv60737:8 , srv73608:8 , srv74550:8 , srv83582:8 , srv84498:8 , srv88437:8 , srv93749:8 }
24/04/20 21:49:08 INFO balancer.TestDefaultLoadBalancer: Mock Cluster : { srv10365:0 , srv10958:0 , srv13174:0 , srv18207:0 , srv28719:0 , srv3005:0 , srv33911:0 , srv47898:0 , srv60737:0 , srv73608:10 } [srvr=10 rgns=10 avg=1.0 max=1 min=1]
24/04/20 21:49:08 DEBUG balancer.DefaultLoadBalancer: Balance parameter: numEntityGroups=10, numServers=10, max=1, min=1
24/04/20 21:49:08 INFO balancer.DefaultLoadBalancer: Calculated a load balance in 0ms. Moving 9 entityGroups off of 1 overloaded servers onto 9 less loaded servers
24/04/20 21:49:08 INFO balancer.TestDefaultLoadBalancer: Mock Balance : { srv10365:1 , srv10958:1 , srv13174:1 , srv18207:1 , srv28719:1 , srv3005:1 , srv33911:1 , srv47898:1 , srv60737:1 , srv73608:1 }
24/04/20 21:49:08 INFO balancer.TestDefaultLoadBalancer: Mock Cluster : { srv28719:1 , srv84498:5 , srv10365:6 , srv10958:6 , srv13174:6 , srv18207:6 , srv74550:6 , srv83582:6 , srv88437:6 , srv93749:6 } [srvr=10 rgns=54 avg=5.4 max=6 min=5]
24/04/20 21:49:08 DEBUG balancer.DefaultLoadBalancer: Balance parameter: numEntityGroups=54, numServers=10, max=6, min=5
24/04/20 21:49:08 INFO balancer.DefaultLoadBalancer: Done. Calculated a load balance in 0ms. Moving 4 entityGroups off of 0 overloaded servers onto 1 less loaded servers
24/04/20 21:49:08 INFO balancer.TestDefaultLoadBalancer: Mock Balance : { srv28719:5 , srv74550:5 , srv83582:5 , srv84498:5 , srv88437:5 , srv93749:5 , srv10365:6 , srv10958:6 , srv13174:6 , srv18207:6 }
24/04/20 21:49:08 INFO balancer.TestDefaultLoadBalancer: Mock Cluster : { srv10365:0 , srv10958:0 , srv13174:0 , srv18207:0 , srv3005:0 , srv33911:0 , srv47898:0 , srv60737:0 , srv73608:0 , srv28719:54 } [srvr=10 rgns=54 avg=5.4 max=6 min=5]
24/04/20 21:49:08 DEBUG balancer.DefaultLoadBalancer: Balance parameter: numEntityGroups=54, numServers=10, max=6, min=5
24/04/20 21:49:08 INFO balancer.DefaultLoadBalancer: Done. Calculated a load balance in 1ms. Moving 48 entityGroups off of 1 overloaded servers onto 9 less loaded servers
24/04/20 21:49:08 INFO balancer.TestDefaultLoadBalancer: Mock Balance : { srv18207:5 , srv3005:5 , srv33911:5 , srv47898:5 , srv60737:5 , srv73608:5 , srv10365:6 , srv10958:6 , srv13174:6 , srv28719:6 }
24/04/20 21:49:08 INFO balancer.TestDefaultLoadBalancer: Mock Cluster : { srv10365:0 , srv10958:0 , srv13174:0 , srv18207:0 , srv74550:0 , srv83582:0 , srv84498:0 , srv88437:0 , srv93749:0 , srv28719:55 } [srvr=10 rgns=55 avg=5.5 max=6 min=5]
24/04/20 21:49:08 DEBUG balancer.DefaultLoadBalancer: Balance parameter: numEntityGroups=55, numServers=10, max=6, min=5
24/04/20 21:49:08 INFO balancer.DefaultLoadBalancer: Done. Calculated a load balance in 0ms. Moving 49 entityGroups off of 1 overloaded servers onto 9 less loaded servers
24/04/20 21:49:08 INFO balancer.TestDefaultLoadBalancer: Mock Balance : { srv74550:5 , srv83582:5 , srv84498:5 , srv88437:5 , srv93749:5 , srv10365:6 , srv10958:6 , srv13174:6 , srv18207:6 , srv28719:6 }
24/04/20 21:49:08 INFO balancer.TestDefaultLoadBalancer: Mock Cluster : { srv10365:0 , srv10958:0 , srv13174:0 , srv18207:0 , srv3005:0 , srv33911:0 , srv47898:0 , srv60737:0 , srv73608:0 , srv28719:56 } [srvr=10 rgns=56 avg=5.6 max=6 min=5]
24/04/20 21:49:08 DEBUG balancer.DefaultLoadBalancer: Balance parameter: numEntityGroups=56, numServers=10, max=6, min=5
24/04/20 21:49:08 INFO balancer.DefaultLoadBalancer: Done. Calculated a load balance in 1ms. Moving 50 entityGroups off of 1 overloaded servers onto 9 less loaded servers
24/04/20 21:49:08 INFO balancer.TestDefaultLoadBalancer: Mock Balance : { srv33911:5 , srv47898:5 , srv60737:5 , srv73608:5 , srv10365:6 , srv10958:6 , srv13174:6 , srv18207:6 , srv28719:6 , srv3005:6 }
24/04/20 21:49:08 INFO balancer.TestDefaultLoadBalancer: Mock Cluster : { srv10365:0 , srv10958:0 , srv13174:0 , srv18207:0 , srv74550:0 , srv83582:0 , srv84498:0 , srv88437:0 , srv93749:0 , srv28719:16 } [srvr=10 rgns=16 avg=1.6 max=2 min=1]
24/04/20 21:49:08 DEBUG balancer.DefaultLoadBalancer: Balance parameter: numEntityGroups=16, numServers=10, max=2, min=1
24/04/20 21:49:08 INFO balancer.DefaultLoadBalancer: Done. Calculated a load balance in 0ms. Moving 14 entityGroups off of 1 overloaded servers onto 9 less loaded servers
24/04/20 21:49:08 INFO balancer.TestDefaultLoadBalancer: Mock Balance : { srv83582:1 , srv84498:1 , srv88437:1 , srv93749:1 , srv10365:2 , srv10958:2 , srv13174:2 , srv18207:2 , srv28719:2 , srv74550:2 }
24/04/20 21:49:08 INFO balancer.TestDefaultLoadBalancer: Mock Cluster : { srv10365:1 , srv10958:1 , srv13174:1 , srv18207:1 , srv3005:1 , srv33911:1 , srv47898:1 , srv60737:1 , srv73608:1 , srv28719:8 } [srvr=10 rgns=17 avg=1.7 max=2 min=1]
24/04/20 21:49:08 DEBUG balancer.DefaultLoadBalancer: Balance parameter: numEntityGroups=17, numServers=10, max=2, min=1
24/04/20 21:49:08 INFO balancer.DefaultLoadBalancer: Done. Calculated a load balance in 0ms. Moving 6 entityGroups off of 1 overloaded servers onto 0 less loaded servers
24/04/20 21:49:08 INFO balancer.TestDefaultLoadBalancer: Mock Balance : { srv47898:1 , srv60737:1 , srv73608:1 , srv10365:2 , srv10958:2 , srv13174:2 , srv18207:2 , srv28719:2 , srv3005:2 , srv33911:2 }
24/04/20 21:49:08 INFO balancer.TestDefaultLoadBalancer: Mock Cluster : { srv10365:1 , srv10958:1 , srv13174:1 , srv18207:1 , srv74550:1 , srv83582:1 , srv84498:1 , srv88437:1 , srv93749:1 , srv28719:9 } [srvr=10 rgns=18 avg=1.8 max=2 min=1]
24/04/20 21:49:08 DEBUG balancer.DefaultLoadBalancer: Balance parameter: numEntityGroups=18, numServers=10, max=2, min=1
24/04/20 21:49:08 INFO balancer.DefaultLoadBalancer: Done. Calculated a load balance in 1ms. Moving 7 entityGroups off of 1 overloaded servers onto 0 less loaded servers
24/04/20 21:49:08 INFO balancer.TestDefaultLoadBalancer: Mock Balance : { srv88437:1 , srv93749:1 , srv10365:2 , srv10958:2 , srv13174:2 , srv18207:2 , srv28719:2 , srv74550:2 , srv83582:2 , srv84498:2 }
24/04/20 21:49:08 INFO balancer.TestDefaultLoadBalancer: Mock Cluster : { srv10365:1 , srv10958:1 , srv13174:1 , srv18207:1 , srv3005:1 , srv33911:1 , srv47898:1 , srv60737:1 , srv73608:1 , srv28719:10 } [srvr=10 rgns=19 avg=1.9 max=2 min=1]
24/04/20 21:49:08 DEBUG balancer.DefaultLoadBalancer: Balance parameter: numEntityGroups=19, numServers=10, max=2, min=1
24/04/20 21:49:08 INFO balancer.DefaultLoadBalancer: Done. Calculated a load balance in 0ms. Moving 8 entityGroups off of 1 overloaded servers onto 0 less loaded servers
24/04/20 21:49:08 INFO balancer.TestDefaultLoadBalancer: Mock Balance : { srv73608:1 , srv10365:2 , srv10958:2 , srv13174:2 , srv18207:2 , srv28719:2 , srv3005:2 , srv33911:2 , srv47898:2 , srv60737:2 }
24/04/20 21:49:08 INFO balancer.TestDefaultLoadBalancer: Mock Cluster : { srv10365:1 , srv10958:1 , srv13174:1 , srv18207:1 , srv74550:1 , srv83582:1 , srv84498:1 , srv88437:1 , srv93749:1 , srv28719:123 } [srvr=10 rgns=132 avg=13.2 max=14 min=13]
24/04/20 21:49:08 DEBUG balancer.DefaultLoadBalancer: Balance parameter: numEntityGroups=132, numServers=10, max=14, min=13
24/04/20 21:49:08 INFO balancer.DefaultLoadBalancer: Done. Calculated a load balance in 0ms. Moving 109 entityGroups off of 1 overloaded servers onto 9 less loaded servers
24/04/20 21:49:08 INFO balancer.TestDefaultLoadBalancer: Mock Balance : { srv10958:13 , srv13174:13 , srv18207:13 , srv74550:13 , srv83582:13 , srv84498:13 , srv88437:13 , srv93749:13 , srv10365:14 , srv28719:14 }
24/04/20 21:49:08 INFO balancer.TestDefaultLoadBalancer: Mock Cluster : { srv10365:1 , srv10958:1 , srv13174:1 , srv18207:1 , srv3005:1 , srv33911:1 , srv47898:1 , srv60737:1 , srv73608:1 , srv28719:155 } [srvr=10 rgns=164 avg=16.4 max=17 min=16]
24/04/20 21:49:08 DEBUG balancer.DefaultLoadBalancer: Balance parameter: numEntityGroups=164, numServers=10, max=17, min=16
24/04/20 21:49:08 INFO balancer.DefaultLoadBalancer: Done. Calculated a load balance in 0ms. Moving 138 entityGroups off of 1 overloaded servers onto 9 less loaded servers
24/04/20 21:49:08 INFO balancer.TestDefaultLoadBalancer: Mock Balance : { srv18207:16 , srv3005:16 , srv33911:16 , srv47898:16 , srv60737:16 , srv73608:16 , srv10365:17 , srv10958:17 , srv13174:17 , srv28719:17 }
24/04/20 21:49:08 INFO balancer.TestDefaultLoadBalancer: Mock Cluster : { srv74550:0 , srv83582:0 , srv10365:1 , srv10958:1 , srv88437:1 , srv93749:1 , srv3005:12 , srv18207:133 , srv28719:138 , srv84498:144 , srv13174:1123 , srv33911:1444 } [srvr=12 rgns=2998 avg=249.83333 max=250 min=249]
24/04/20 21:49:08 DEBUG balancer.DefaultLoadBalancer: Balance parameter: numEntityGroups=2998, numServers=12, max=250, min=249
24/04/20 21:49:08 INFO balancer.DefaultLoadBalancer: Done. Calculated a load balance in 5ms. Moving 2067 entityGroups off of 2 overloaded servers onto 10 less loaded servers
24/04/20 21:49:08 INFO balancer.TestDefaultLoadBalancer: Mock Balance : { srv28719:249 , srv84498:249 , srv10365:250 , srv10958:250 , srv13174:250 , srv18207:250 , srv3005:250 , srv33911:250 , srv74550:250 , srv83582:250 , srv88437:250 , srv93749:250 }
24/04/20 21:49:08 INFO balancer.TestDefaultLoadBalancer: Mock Cluster : { srv10958:0 , srv47898:0 , srv60737:0 , srv10365:1 , srv18207:1 , srv13174:4 , srv74550:12 , srv3005:133 , srv33911:138 , srv73608:144 , srv28719:1123 , srv83582:1444 } [srvr=12 rgns=3000 avg=250.0 max=250 min=250]
24/04/20 21:49:08 DEBUG balancer.DefaultLoadBalancer: Balance parameter: numEntityGroups=3000, numServers=12, max=250, min=250
24/04/20 21:49:08 INFO balancer.DefaultLoadBalancer: Calculated a load balance in 5ms. Moving 2067 entityGroups off of 2 overloaded servers onto 10 less loaded servers
24/04/20 21:49:08 INFO balancer.TestDefaultLoadBalancer: Mock Balance : { srv10365:250 , srv10958:250 , srv13174:250 , srv18207:250 , srv28719:250 , srv3005:250 , srv33911:250 , srv47898:250 , srv60737:250 , srv73608:250 , srv74550:250 , srv83582:250 }
24/04/20 21:49:08 INFO balancer.TestDefaultLoadBalancer: Mock Cluster : { srv18207:1385 , srv88437:1392 , srv10958:1535 , srv84498:1538 , srv28719:1542 , srv13174:1553 , srv10365:1557 , srv93749:1561 , srv3005:1619 } [srvr=9 rgns=13682 avg=1520.2222 max=1521 min=1520]
24/04/20 21:49:08 DEBUG balancer.DefaultLoadBalancer: Balance parameter: numEntityGroups=13682, numServers=9, max=1521, min=1520
24/04/20 21:49:08 INFO balancer.DefaultLoadBalancer: Done. Calculated a load balance in 1ms. Moving 263 entityGroups off of 7 overloaded servers onto 2 less loaded servers
24/04/20 21:49:08 INFO balancer.TestDefaultLoadBalancer: Mock Balance : { srv10365:1520 , srv13174:1520 , srv18207:1520 , srv28719:1520 , srv3005:1520 , srv88437:1520 , srv93749:1520 , srv10958:1521 , srv84498:1521 }
24/04/20 21:49:08 INFO wasp.WaspTestingUtility: Starting up minicluster with 1 master(s) and 2 fserver(s) 
Starting DataNode 0 with dfs.data.dir: /home/idflakies/alibaba/wasp/target/test-data/8da5b3fe-3905-4590-96c7-4b424bd74733/dfscluster_668e7173-a39a-4cc7-96c1-5cec5830fdc0/dfs/data/data1,/home/idflakies/alibaba/wasp/target/test-data/8da5b3fe-3905-4590-96c7-4b424bd74733/dfscluster_668e7173-a39a-4cc7-96c1-5cec5830fdc0/dfs/data/data2
24/04/20 21:49:09 ERROR datanode.DataNode: All directories in dfs.data.dir are invalid.
24/04/20 21:49:09 INFO wasp.WaspTestingUtility: Shutting down mini wasp cluster
24/04/20 21:49:09 INFO wasp.WaspTestingUtility: Minicluster is down
java.lang.NullPointerException
	at org.apache.hadoop.hdfs.MiniDFSCluster.startDataNodes(MiniDFSCluster.java:422)
	at org.apache.hadoop.hdfs.MiniDFSCluster.<init>(MiniDFSCluster.java:280)
	at org.apache.hadoop.hbase.HBaseTestingUtility.startMiniDFSCluster(HBaseTestingUtility.java:451)
	at org.apache.hadoop.hbase.HBaseTestingUtility.startMiniCluster(HBaseTestingUtility.java:619)
	at org.apache.hadoop.hbase.HBaseTestingUtility.startMiniCluster(HBaseTestingUtility.java:575)
	at com.alibaba.wasp.WaspTestingUtility.startMiniCluster(WaspTestingUtility.java:172)
	at com.alibaba.wasp.WaspTestingUtility.startMiniCluster(WaspTestingUtility.java:144)
	at com.alibaba.wasp.master.TestMaster.beforeAllTests(TestMaster.java:60)
	at sun.reflect.NativeMethodAccessorImpl.invoke0(Native Method)
	at sun.reflect.NativeMethodAccessorImpl.invoke(NativeMethodAccessorImpl.java:62)
	at sun.reflect.DelegatingMethodAccessorImpl.invoke(DelegatingMethodAccessorImpl.java:43)
	at java.lang.reflect.Method.invoke(Method.java:498)
	at org.junit.runners.model.FrameworkMethod$1.runReflectiveCall(FrameworkMethod.java:45)
	at org.junit.internal.runners.model.ReflectiveCallable.run(ReflectiveCallable.java:15)
	at org.junit.runners.model.FrameworkMethod.invokeExplosively(FrameworkMethod.java:42)
	at org.junit.internal.runners.statements.RunBefores.evaluate(RunBefores.java:27)
	at org.junit.internal.runners.statements.RunAfters.evaluate(RunAfters.java:30)
	at org.junit.runners.ParentRunner.run(ParentRunner.java:300)
	at org.junit.runners.Suite.runChild(Suite.java:128)
	at org.junit.runners.Suite.runChild(Suite.java:24)
	at org.junit.runners.ParentRunner$3.run(ParentRunner.java:231)
	at org.junit.runners.ParentRunner$1.schedule(ParentRunner.java:60)
	at org.junit.runners.ParentRunner.runChildren(ParentRunner.java:229)
	at org.junit.runners.ParentRunner.access$000(ParentRunner.java:50)
	at org.junit.runners.ParentRunner$2.evaluate(ParentRunner.java:222)
	at org.junit.runners.ParentRunner.run(ParentRunner.java:300)
	at org.junit.runner.JUnitCore.run(JUnitCore.java:157)
	at org.junit.runner.JUnitCore.run(JUnitCore.java:136)
	at edu.illinois.cs.testrunner.execution.JUnitTestExecutor.execute(JUnitTestExecutor.java:246)
	at edu.illinois.cs.testrunner.execution.JUnitTestExecutor.executeWithJUnit4Runner(JUnitTestExecutor.java:315)
	at edu.illinois.cs.testrunner.execution.JUnitTestExecutor.runOrder(JUnitTestExecutor.java:46)
	at edu.illinois.cs.testrunner.execution.Executor$.$anonfun$run$1(Executor.scala:30)
	at scala.runtime.java8.JFunction0$mcV$sp.apply(JFunction0$mcV$sp.java:12)
	at scala.util.Try$.apply(Try.scala:209)
	at edu.illinois.cs.testrunner.execution.Executor$.run(Executor.scala:28)
	at edu.illinois.cs.testrunner.execution.Executor$.main(Executor.scala:18)
	at edu.illinois.cs.testrunner.execution.Executor.main(Executor.scala)
24/04/20 21:49:09 DEBUG ipc.WaspRPC: Using com.alibaba.wasp.ipc.ProtobufRpcEngine for com.alibaba.wasp.ipc.TestProtoBufRpc$TestRpcService
24/04/20 21:49:09 DEBUG ipc.NettyTransceiver: Using Netty bootstrap options: {connectTimeoutMillis=3000, tcpNoDelay=true}
24/04/20 21:49:09 DEBUG ipc.NettyTransceiver: Connecting to /0.0.0.0:33661
24/04/20 21:49:09 DEBUG ipc.NettyTransceiver: [id: 0x61e45f87] OPEN
24/04/20 21:49:09 INFO ipc.NettyTransceiver: Successfully connected to bookie: /0.0.0.0:33661
24/04/20 21:49:09 DEBUG ipc.NettyServer: [id: 0x3ebd1a56, /172.17.0.2:55186 => /172.17.0.2:33661] OPEN
24/04/20 21:49:09 DEBUG ipc.NettyTransceiver: [id: 0x61e45f87, /172.17.0.2:55186 => /0.0.0.0:33661] BOUND: /172.17.0.2:55186
24/04/20 21:49:09 DEBUG ipc.NettyTransceiver: [id: 0x61e45f87, /172.17.0.2:55186 => /0.0.0.0:33661] CONNECTED: /0.0.0.0:33661
24/04/20 21:49:09 DEBUG ipc.NettyServer: [id: 0x3ebd1a56, /172.17.0.2:55186 => /172.17.0.2:33661] BOUND: /172.17.0.2:33661
24/04/20 21:49:09 DEBUG ipc.NettyServer: [id: 0x3ebd1a56, /172.17.0.2:55186 => /172.17.0.2:33661] CONNECTED: /172.17.0.2:55186
24/04/20 21:49:09 ERROR ipc.NettyServer: pool-11-thread-8, call methodName: "error"
clientProtocolVersion: 1
request: ""
requestClassName: "com.alibaba.wasp.ipc.protobuf.generated.TestProtos$EmptyRequestProto"
: error: 
java.io.IOException: error
	at com.alibaba.wasp.ipc.TestProtoBufRpc$PBServerImpl.error(TestProtoBufRpc.java:68)
	at sun.reflect.NativeMethodAccessorImpl.invoke0(Native Method)
	at sun.reflect.NativeMethodAccessorImpl.invoke(NativeMethodAccessorImpl.java:62)
	at sun.reflect.DelegatingMethodAccessorImpl.invoke(DelegatingMethodAccessorImpl.java:43)
	at java.lang.reflect.Method.invoke(Method.java:498)
	at com.alibaba.wasp.ipc.ProtobufRpcEngine$Server.call(ProtobufRpcEngine.java:270)
	at com.alibaba.wasp.ipc.NettyServer$NettyServerWaspHandler.messageReceived(NettyServer.java:234)
	at org.jboss.netty.channel.SimpleChannelUpstreamHandler.handleUpstream(SimpleChannelUpstreamHandler.java:75)
	at com.alibaba.wasp.ipc.NettyServer$NettyServerWaspHandler.handleUpstream(NettyServer.java:171)
	at org.jboss.netty.channel.DefaultChannelPipeline.sendUpstream(DefaultChannelPipeline.java:563)
	at org.jboss.netty.channel.DefaultChannelPipeline$DefaultChannelHandlerContext.sendUpstream(DefaultChannelPipeline.java:791)
	at org.jboss.netty.handler.execution.ChannelUpstreamEventRunnable.doRun(ChannelUpstreamEventRunnable.java:45)
	at org.jboss.netty.handler.execution.ChannelEventRunnable.run(ChannelEventRunnable.java:64)
	at java.util.concurrent.ThreadPoolExecutor.runWorker(ThreadPoolExecutor.java:1149)
	at java.util.concurrent.ThreadPoolExecutor$Worker.run(ThreadPoolExecutor.java:624)
	at java.lang.Thread.run(Thread.java:748)
24/04/20 21:49:09 INFO ipc.NettyServer: Stopping server on 0
24/04/20 21:49:09 DEBUG ipc.NettyTransceiver: [id: 0x61e45f87, /172.17.0.2:55186 :> /0.0.0.0:33661] DISCONNECTED
24/04/20 21:49:09 DEBUG ipc.NettyTransceiver: [id: 0x61e45f87, /172.17.0.2:55186 :> /0.0.0.0:33661] UNBOUND
24/04/20 21:49:09 DEBUG ipc.NettyTransceiver: [id: 0x61e45f87, /172.17.0.2:55186 :> /0.0.0.0:33661] CLOSED
24/04/20 21:49:09 DEBUG ipc.NettyTransceiver: Remote peer /0.0.0.0:33661 closed connection.
24/04/20 21:49:09 DEBUG ipc.NettyTransceiver: Disconnecting from /0.0.0.0:33661
24/04/20 21:49:09 DEBUG ipc.NettyServer: [id: 0x3ebd1a56, /172.17.0.2:55186 :> /172.17.0.2:33661] DISCONNECTED
24/04/20 21:49:09 DEBUG ipc.NettyServer: [id: 0x3ebd1a56, /172.17.0.2:55186 :> /172.17.0.2:33661] UNBOUND
24/04/20 21:49:09 DEBUG ipc.NettyServer: [id: 0x3ebd1a56, /172.17.0.2:55186 :> /172.17.0.2:33661] CLOSED
24/04/20 21:49:09 INFO wasp.WaspTestingUtility: Starting up minicluster with 1 master(s) and 1 fserver(s) 
Starting DataNode 0 with dfs.data.dir: /home/idflakies/alibaba/wasp/target/test-data/8128b2b4-2ec5-4569-acc9-f70cc3a2345a/dfscluster_5057c828-9ad5-4bd3-8e00-bea30482fcb6/dfs/data/data1,/home/idflakies/alibaba/wasp/target/test-data/8128b2b4-2ec5-4569-acc9-f70cc3a2345a/dfscluster_5057c828-9ad5-4bd3-8e00-bea30482fcb6/dfs/data/data2
24/04/20 21:49:09 ERROR datanode.DataNode: All directories in dfs.data.dir are invalid.
24/04/20 21:49:09 INFO wasp.WaspTestingUtility: Shutting down mini wasp cluster
24/04/20 21:49:09 INFO wasp.WaspTestingUtility: Minicluster is down
java.lang.NullPointerException
	at org.apache.hadoop.hdfs.MiniDFSCluster.startDataNodes(MiniDFSCluster.java:422)
	at org.apache.hadoop.hdfs.MiniDFSCluster.<init>(MiniDFSCluster.java:280)
	at org.apache.hadoop.hbase.HBaseTestingUtility.startMiniDFSCluster(HBaseTestingUtility.java:451)
	at org.apache.hadoop.hbase.HBaseTestingUtility.startMiniCluster(HBaseTestingUtility.java:619)
	at org.apache.hadoop.hbase.HBaseTestingUtility.startMiniCluster(HBaseTestingUtility.java:575)
	at com.alibaba.wasp.WaspTestingUtility.startMiniCluster(WaspTestingUtility.java:172)
	at com.alibaba.wasp.WaspTestingUtility.startMiniCluster(WaspTestingUtility.java:144)
	at com.alibaba.wasp.plan.execute.TestExecutionEngine.before(TestExecutionEngine.java:89)
	at sun.reflect.NativeMethodAccessorImpl.invoke0(Native Method)
	at sun.reflect.NativeMethodAccessorImpl.invoke(NativeMethodAccessorImpl.java:62)
	at sun.reflect.DelegatingMethodAccessorImpl.invoke(DelegatingMethodAccessorImpl.java:43)
	at java.lang.reflect.Method.invoke(Method.java:498)
	at org.junit.runners.model.FrameworkMethod$1.runReflectiveCall(FrameworkMethod.java:45)
	at org.junit.internal.runners.model.ReflectiveCallable.run(ReflectiveCallable.java:15)
	at org.junit.runners.model.FrameworkMethod.invokeExplosively(FrameworkMethod.java:42)
	at org.junit.internal.runners.statements.RunBefores.evaluate(RunBefores.java:27)
	at org.junit.internal.runners.statements.RunAfters.evaluate(RunAfters.java:30)
	at org.junit.runners.ParentRunner.run(ParentRunner.java:300)
	at org.junit.runners.Suite.runChild(Suite.java:128)
	at org.junit.runners.Suite.runChild(Suite.java:24)
	at org.junit.runners.ParentRunner$3.run(ParentRunner.java:231)
	at org.junit.runners.ParentRunner$1.schedule(ParentRunner.java:60)
	at org.junit.runners.ParentRunner.runChildren(ParentRunner.java:229)
	at org.junit.runners.ParentRunner.access$000(ParentRunner.java:50)
	at org.junit.runners.ParentRunner$2.evaluate(ParentRunner.java:222)
	at org.junit.runners.ParentRunner.run(ParentRunner.java:300)
	at org.junit.runner.JUnitCore.run(JUnitCore.java:157)
	at org.junit.runner.JUnitCore.run(JUnitCore.java:136)
	at edu.illinois.cs.testrunner.execution.JUnitTestExecutor.execute(JUnitTestExecutor.java:246)
	at edu.illinois.cs.testrunner.execution.JUnitTestExecutor.executeWithJUnit4Runner(JUnitTestExecutor.java:315)
	at edu.illinois.cs.testrunner.execution.JUnitTestExecutor.runOrder(JUnitTestExecutor.java:46)
	at edu.illinois.cs.testrunner.execution.Executor$.$anonfun$run$1(Executor.scala:30)
	at scala.runtime.java8.JFunction0$mcV$sp.apply(JFunction0$mcV$sp.java:12)
	at scala.util.Try$.apply(Try.scala:209)
	at edu.illinois.cs.testrunner.execution.Executor$.run(Executor.scala:28)
	at edu.illinois.cs.testrunner.execution.Executor$.main(Executor.scala:18)
	at edu.illinois.cs.testrunner.execution.Executor.main(Executor.scala)
24/04/20 21:49:09 INFO wasp.WaspTestingUtility: Starting up minicluster with 3 master(s) and 3 fserver(s) 
Starting DataNode 0 with dfs.data.dir: /home/idflakies/alibaba/wasp/target/test-data/f2ae271a-b911-4822-8b1b-91cbc02585c3/dfscluster_ae9ba638-79a2-409b-a307-b885e2023522/dfs/data/data1,/home/idflakies/alibaba/wasp/target/test-data/f2ae271a-b911-4822-8b1b-91cbc02585c3/dfscluster_ae9ba638-79a2-409b-a307-b885e2023522/dfs/data/data2
24/04/20 21:49:10 ERROR datanode.DataNode: All directories in dfs.data.dir are invalid.
java.lang.NullPointerException
	at org.apache.hadoop.hdfs.MiniDFSCluster.startDataNodes(MiniDFSCluster.java:422)
	at org.apache.hadoop.hdfs.MiniDFSCluster.<init>(MiniDFSCluster.java:280)
	at org.apache.hadoop.hbase.HBaseTestingUtility.startMiniDFSCluster(HBaseTestingUtility.java:451)
	at org.apache.hadoop.hbase.HBaseTestingUtility.startMiniCluster(HBaseTestingUtility.java:619)
	at org.apache.hadoop.hbase.HBaseTestingUtility.startMiniCluster(HBaseTestingUtility.java:575)
	at com.alibaba.wasp.WaspTestingUtility.startMiniCluster(WaspTestingUtility.java:172)
	at com.alibaba.wasp.master.TestMasterShutdown.testMasterShutdown(TestMasterShutdown.java:57)
	at sun.reflect.NativeMethodAccessorImpl.invoke0(Native Method)
	at sun.reflect.NativeMethodAccessorImpl.invoke(NativeMethodAccessorImpl.java:62)
	at sun.reflect.DelegatingMethodAccessorImpl.invoke(DelegatingMethodAccessorImpl.java:43)
	at java.lang.reflect.Method.invoke(Method.java:498)
	at org.junit.runners.model.FrameworkMethod$1.runReflectiveCall(FrameworkMethod.java:45)
	at org.junit.internal.runners.model.ReflectiveCallable.run(ReflectiveCallable.java:15)
	at org.junit.runners.model.FrameworkMethod.invokeExplosively(FrameworkMethod.java:42)
	at org.junit.internal.runners.statements.InvokeMethod.evaluate(InvokeMethod.java:20)
	at org.junit.internal.runners.statements.FailOnTimeout$StatementThread.run(FailOnTimeout.java:62)
24/04/20 21:49:10 DEBUG druid.DruidParser: Parsing SQL CREATE TABLE User { Required Int64 user_id; Required String name; Optional DOUBLE value; }  primary key(user_id),  entity group root, entity group key(user_id);
24/04/20 21:49:10 DEBUG druid.DruidDDLParser: CreateTablePlan CreateTablePlan [table=CREATE TABLE User { 
  REQUIRED INT64 user_id COLUMNFAMILY d;
  REQUIRED STRING name COLUMNFAMILY d;
  OPTIONAL DOUBLE value COLUMNFAMILY d;
} 
PRIMARY KEY(user_id),
ENTITY GROUP ROOT,
ENTITY GROUP KEY(user_id);
, splitKeys=null]
24/04/20 21:49:10 DEBUG druid.DruidParser: Parsing SQL CREATE TABLE Photo { Required Int64 user_id columnfamily cf comment 'aaa';  Required Int32 photo_id comment 'child primary key';  Optional Int64 time; Optional String full_url;  Optional String thumbnail_url; Optional string tag; Optional DATETIME date; Optional Int32 int32Type; }  primary key(user_id,photo_id),  in table User,  Entity Group Key(user_id) references User; 
24/04/20 21:49:10 DEBUG druid.DruidDDLParser: CreateTablePlan CreateTablePlan [table=CREATE TABLE Photo { 
  REQUIRED INT64 user_id COLUMNFAMILY cf;
  REQUIRED INT32 photo_id COLUMNFAMILY d;
  OPTIONAL INT64 time COLUMNFAMILY d;
  OPTIONAL STRING full_url COLUMNFAMILY d;
  OPTIONAL STRING thumbnail_url COLUMNFAMILY d;
  OPTIONAL STRING tag COLUMNFAMILY d;
  OPTIONAL DATETIME date COLUMNFAMILY d;
  OPTIONAL INT32 int32Type COLUMNFAMILY d;
} 
PRIMARY KEY(user_id, photo_id, ),
 IN TABLE User,
 ENTITY GROUP KEY(user_id) REFERENCES User;
, splitKeys=null]
24/04/20 21:49:10 DEBUG druid.DruidParser: Parsing SQL Insert into User(user_id,name) values(1,'binlijin');
24/04/20 21:49:10 DEBUG druid.DruidDMLParser: INSERT SQL TableSource User
24/04/20 21:49:10 DEBUG druid.DruidDMLParser: From table User
24/04/20 21:49:10 DEBUG druid.DruidDMLParser:  SQLInsertItem user_id
24/04/20 21:49:10 DEBUG druid.DruidDMLParser:  SQLInsertItem name
24/04/20 21:49:10 DEBUG druid.DruidDMLParser: INSERT SQL Insert columns [user_id, name]
24/04/20 21:49:10 DEBUG druid.DruidDMLParser: INSERT SQL Insert Values List [ VALUES (1, 'binlijin')]
24/04/20 21:49:10 DEBUG druid.DruidDMLParser: InsertPlan InsertPlan [actions=[InsertAction [tableName=User, primayKey=[0, 0, 0, 0, 0, 0, 0, 1], columns=[ColumnAction [tableName=User, familyName=d, columnName=user_id, value=[0, 0, 0, 0, 0, 0, 0, 1], isIndex=false], ColumnAction [tableName=User, familyName=d, columnName=name, value=[98, 105, 110, 108, 105, 106, 105, 110], isIndex=false]]]]]
24/04/20 21:49:10 DEBUG druid.DruidParser: Parsing SQL Insert into Photo(user_id,photo_id,tag) values(1,1,'tag');
24/04/20 21:49:10 DEBUG druid.DruidDMLParser: INSERT SQL TableSource Photo
24/04/20 21:49:10 DEBUG druid.DruidDMLParser: From table Photo
24/04/20 21:49:10 DEBUG druid.DruidDMLParser:  SQLInsertItem user_id
24/04/20 21:49:10 DEBUG druid.DruidDMLParser:  SQLInsertItem photo_id
24/04/20 21:49:10 DEBUG druid.DruidDMLParser:  SQLInsertItem tag
24/04/20 21:49:10 DEBUG druid.DruidDMLParser: INSERT SQL Insert columns [user_id, photo_id, tag]
24/04/20 21:49:10 DEBUG druid.DruidDMLParser: INSERT SQL Insert Values List [ VALUES (1, 1, 'tag')]
24/04/20 21:49:10 DEBUG druid.DruidDMLParser: InsertPlan InsertPlan [actions=[InsertAction [tableName=Photo, primayKey=[0, 0, 0, 0, 0, 0, 0, 1, 0, 0, 0, 0, 1], columns=[ColumnAction [tableName=Photo, familyName=cf, columnName=user_id, value=[0, 0, 0, 0, 0, 0, 0, 1], isIndex=false], ColumnAction [tableName=Photo, familyName=d, columnName=photo_id, value=[0, 0, 0, 1], isIndex=false], ColumnAction [tableName=Photo, familyName=d, columnName=tag, value=[116, 97, 103], isIndex=false]]]]]
24/04/20 21:49:10 INFO server.ZooKeeperServer: Created server with tickTime 2000 minSessionTimeout 4000 maxSessionTimeout 40000 datadir /home/idflakies/alibaba/wasp/target/test-data/3da17173-bfea-4642-8b0e-c7974698781e/dfscluster_390207d1-f971-4b05-948a-4e857b4fe95d/zookeeper_0/version-2 snapdir /home/idflakies/alibaba/wasp/target/test-data/3da17173-bfea-4642-8b0e-c7974698781e/dfscluster_390207d1-f971-4b05-948a-4e857b4fe95d/zookeeper_0/version-2
24/04/20 21:49:10 INFO server.NIOServerCnxnFactory: binding to port 0.0.0.0/0.0.0.0:63294
24/04/20 21:49:10 INFO persistence.FileTxnSnapLog: Snapshotting: 0x0 to /home/idflakies/alibaba/wasp/target/test-data/3da17173-bfea-4642-8b0e-c7974698781e/dfscluster_390207d1-f971-4b05-948a-4e857b4fe95d/zookeeper_0/version-2/snapshot.0
24/04/20 21:49:10 INFO server.NIOServerCnxnFactory: Accepted socket connection from /127.0.0.1:47180
24/04/20 21:49:10 INFO server.NIOServerCnxn: Processing stat command from /127.0.0.1:47180
24/04/20 21:49:10 INFO server.NIOServerCnxn: Stat command output
24/04/20 21:49:10 INFO server.NIOServerCnxn: Closed socket connection for client /127.0.0.1:47180 (no session established for client)
24/04/20 21:49:10 DEBUG zookeeper.ZKUtil: MockServer,123,-1 opening connection to ZooKeeper with ensemble (localhost:63294)
24/04/20 21:49:10 INFO zookeeper.ZooKeeper: Initiating client connection, connectString=localhost:63294 sessionTimeout=180000 watcher=MockServer,123,-1
24/04/20 21:49:10 INFO zookeeper.RecoverableZooKeeper: The identifier of this process is 56511@22e8d89dc231
24/04/20 21:49:10 INFO server.NIOServerCnxnFactory: Accepted socket connection from /127.0.0.1:47188
24/04/20 21:49:10 DEBUG server.ZooKeeperServer: Session establishment request from client /127.0.0.1:47188 client's lastZxid is 0x0
24/04/20 21:49:10 INFO server.ZooKeeperServer: Client attempting to establish new session at /127.0.0.1:47188
24/04/20 21:49:10 INFO persistence.FileTxnLog: Creating new log file: log.1
24/04/20 21:49:10 INFO server.ZooKeeperServer: Established session 0xff8efd7c10b40000 with negotiated timeout 40000 for client /127.0.0.1:47188
24/04/20 21:49:10 DEBUG zookeeper.ZooKeeperWatcher: MockServer,123,-1 Received ZooKeeper Event, type=None, state=SyncConnected, path=null
24/04/20 21:49:10 DEBUG zookeeper.ZooKeeperWatcher: MockServer,123,-1-0xff8efd7c10b40000 connected
24/04/20 21:49:10 DEBUG zookeeper.ZKAssign: MockServer,123,-1-0xff8efd7c10b40000 Creating unassigned node for c51e7cc71c812a2ebe410154e5a65c26 in OFFLINE state
24/04/20 21:49:10 DEBUG zookeeper.ZKAssign: MockServer,123,-1-0xff8efd7c10b40000 Attempting to transition node c51e7cc71c812a2ebe410154e5a65c26 from M_ZK_ENTITYGROUP_OFFLINE to FSERVER_ZK_ENTITYGROUP_OPENING
24/04/20 21:49:10 DEBUG zookeeper.ZKUtil: MockServer,123,-1-0xff8efd7c10b40000 Retrieved 118 byte(s) of data from znode /wasp/unassigned/c51e7cc71c812a2ebe410154e5a65c26; data=entityGroup=TestCloseEntityGroupHandler,\x00\x00\x00\x00,1713649750201.c51e7cc71c812a2ebe410154e5a65c26., state=M_ZK_ENTITYGROUP_OFFLINE, servername=MockServer,123,-1, createTime=1713649750229, payload.length=0
24/04/20 21:49:10 DEBUG zookeeper.ZooKeeperWatcher: MockServer,123,-1-0xff8efd7c10b40000 Received ZooKeeper Event, type=NodeDataChanged, state=SyncConnected, path=/wasp/unassigned/c51e7cc71c812a2ebe410154e5a65c26
24/04/20 21:49:10 DEBUG zookeeper.ZKAssign: MockServer,123,-1-0xff8efd7c10b40000 Successfully transitioned node c51e7cc71c812a2ebe410154e5a65c26 from M_ZK_ENTITYGROUP_OFFLINE to FSERVER_ZK_ENTITYGROUP_OPENING
24/04/20 21:49:10 INFO fserver.EntityGroup: EntityGroup.openEntityGroup EntityGroup name ==TestCloseEntityGroupHandler,\x00\x00\x00\x00,1713649750201.c51e7cc71c812a2ebe410154e5a65c26.
24/04/20 21:49:10 DEBUG fserver.EntityGroup: Opening EntityGroup: {NAME => 'TestCloseEntityGroupHandler,\x00\x00\x00\x00,1713649750201.c51e7cc71c812a2ebe410154e5a65c26.', STARTKEY => '\x00\x00\x00\x00', ENDKEY => '\x00\x00\x00\x01', ENCODED => c51e7cc71c812a2ebe410154e5a65c26,}
24/04/20 21:49:10 DEBUG fserver.MetricsEntityGroupSourceImpl: Creating new MetricsEntityGroupSourceImpl for table TestCloseEntityGroupHandler c51e7cc71c812a2ebe410154e5a65c26
24/04/20 21:49:10 DEBUG fserver.EntityGroup: Instantiated TestCloseEntityGroupHandler,\x00\x00\x00\x00,1713649750201.c51e7cc71c812a2ebe410154e5a65c26.
24/04/20 21:49:10 DEBUG zookeeper.ZKAssign: MockServer,123,-1-0xff8efd7c10b40000 Attempting to transition node c51e7cc71c812a2ebe410154e5a65c26 from FSERVER_ZK_ENTITYGROUP_OPENING to FSERVER_ZK_ENTITYGROUP_OPENING
24/04/20 21:49:10 ERROR server.NIOServerCnxnFactory: Thread Thread[Thread-253,5,main] died
java.lang.NullPointerException
	at com.alibaba.wasp.fserver.EntityGroup.run(EntityGroup.java:1264)
	at java.lang.Thread.run(Thread.java:748)
24/04/20 21:49:10 DEBUG zookeeper.ZKUtil: MockServer,123,-1-0xff8efd7c10b40000 Retrieved 118 byte(s) of data from znode /wasp/unassigned/c51e7cc71c812a2ebe410154e5a65c26; data=entityGroup=TestCloseEntityGroupHandler,\x00\x00\x00\x00,1713649750201.c51e7cc71c812a2ebe410154e5a65c26., state=FSERVER_ZK_ENTITYGROUP_OPENING, servername=MockServer,123,-1, createTime=1713649750232, payload.length=0
24/04/20 21:49:10 DEBUG zookeeper.ZKAssign: MockServer,123,-1-0xff8efd7c10b40000 Successfully transitioned node c51e7cc71c812a2ebe410154e5a65c26 from FSERVER_ZK_ENTITYGROUP_OPENING to FSERVER_ZK_ENTITYGROUP_OPENING
24/04/20 21:49:10 DEBUG zookeeper.ZKAssign: MockServer,123,-1-0xff8efd7c10b40000 Attempting to transition node c51e7cc71c812a2ebe410154e5a65c26 from FSERVER_ZK_ENTITYGROUP_OPENING to FSERVER_ZK_ENTITYGROUP_OPENED
24/04/20 21:49:10 DEBUG zookeeper.ZKUtil: MockServer,123,-1-0xff8efd7c10b40000 Retrieved 118 byte(s) of data from znode /wasp/unassigned/c51e7cc71c812a2ebe410154e5a65c26; data=entityGroup=TestCloseEntityGroupHandler,\x00\x00\x00\x00,1713649750201.c51e7cc71c812a2ebe410154e5a65c26., state=FSERVER_ZK_ENTITYGROUP_OPENING, servername=MockServer,123,-1, createTime=1713649750237, payload.length=0
24/04/20 21:49:10 DEBUG zookeeper.ZKAssign: MockServer,123,-1-0xff8efd7c10b40000 Successfully transitioned node c51e7cc71c812a2ebe410154e5a65c26 from FSERVER_ZK_ENTITYGROUP_OPENING to FSERVER_ZK_ENTITYGROUP_OPENED
24/04/20 21:49:10 DEBUG handler.OpenEntityGroupHandler: entityGroup transitioned to opened in zookeeper: {NAME => 'TestCloseEntityGroupHandler,\x00\x00\x00\x00,1713649750201.c51e7cc71c812a2ebe410154e5a65c26.', STARTKEY => '\x00\x00\x00\x00', ENDKEY => '\x00\x00\x00\x01', ENCODED => c51e7cc71c812a2ebe410154e5a65c26,}, server: MockServer,123,-1
24/04/20 21:49:10 DEBUG handler.OpenEntityGroupHandler: Opened TestCloseEntityGroupHandler,\x00\x00\x00\x00,1713649750201.c51e7cc71c812a2ebe410154e5a65c26. on server:MockServer,123,-1
24/04/20 21:49:10 DEBUG zookeeper.ZKUtil: MockServer,123,-1-0xff8efd7c10b40000 Retrieved 118 byte(s) of data from znode /wasp/unassigned/c51e7cc71c812a2ebe410154e5a65c26 and set watcher; entityGroup=TestCloseEntityGroupHandler,\x00\x00\x00\x00,1713649750201.c51e7cc71c812a2ebe410154e5a65c26., state=FSERVER_ZK_ENTITYGROUP_OPENED, servername=MockServer,123,-1, createTime=1713649750242, payload.length=0
24/04/20 21:49:10 DEBUG zookeeper.ZKAssign: MockServer,123,-1-0xff8efd7c10b40000 Deleting existing unassigned node for c51e7cc71c812a2ebe410154e5a65c26 that is in expected state FSERVER_ZK_ENTITYGROUP_OPENED
24/04/20 21:49:10 DEBUG zookeeper.ZKUtil: MockServer,123,-1-0xff8efd7c10b40000 Retrieved 118 byte(s) of data from znode /wasp/unassigned/c51e7cc71c812a2ebe410154e5a65c26; data=entityGroup=TestCloseEntityGroupHandler,\x00\x00\x00\x00,1713649750201.c51e7cc71c812a2ebe410154e5a65c26., state=FSERVER_ZK_ENTITYGROUP_OPENED, servername=MockServer,123,-1, createTime=1713649750242, payload.length=0
24/04/20 21:49:10 DEBUG zookeeper.ZooKeeperWatcher: MockServer,123,-1-0xff8efd7c10b40000 Received ZooKeeper Event, type=NodeDeleted, state=SyncConnected, path=/wasp/unassigned/c51e7cc71c812a2ebe410154e5a65c26
24/04/20 21:49:10 DEBUG zookeeper.ZKAssign: MockServer,123,-1-0xff8efd7c10b40000 Successfully deleted unassigned node for entityGroup c51e7cc71c812a2ebe410154e5a65c26 in expected state FSERVER_ZK_ENTITYGROUP_OPENED
24/04/20 21:49:10 DEBUG zookeeper.ZKAssign: MockServer,123,-1-0xff8efd7c10b40000 Creating unassigned node for c51e7cc71c812a2ebe410154e5a65c26 in a CLOSING state
24/04/20 21:49:10 DEBUG handler.CloseEntityGroupHandler: Processing close of TestCloseEntityGroupHandler,\x00\x00\x00\x00,1713649750201.c51e7cc71c812a2ebe410154e5a65c26.
24/04/20 21:49:10 DEBUG fserver.EntityGroup: Closing TestCloseEntityGroupHandler,\x00\x00\x00\x00,1713649750201.c51e7cc71c812a2ebe410154e5a65c26.
24/04/20 21:49:10 DEBUG fserver.EntityGroup: Updates disabled for entityGroup TestCloseEntityGroupHandler,\x00\x00\x00\x00,1713649750201.c51e7cc71c812a2ebe410154e5a65c26.
24/04/20 21:49:10 INFO fserver.EntityGroup: Running commit transaction of TestCloseEntityGroupHandler,\x00\x00\x00\x00,1713649750201.c51e7cc71c812a2ebe410154e5a65c26. before close
24/04/20 21:49:10 INFO fserver.EntityGroup: Closed TestCloseEntityGroupHandler,\x00\x00\x00\x00,1713649750201.c51e7cc71c812a2ebe410154e5a65c26.
24/04/20 21:49:10 DEBUG zookeeper.ZKAssign: MockServer,123,-1-0xff8efd7c10b40000 Attempting to transition node c51e7cc71c812a2ebe410154e5a65c26 from M_ZK_ENTITYGROUP_CLOSING to FSERVER_ZK_ENTITYGROUP_CLOSED
24/04/20 21:49:10 DEBUG zookeeper.ZKUtil: MockServer,123,-1-0xff8efd7c10b40000 Retrieved 120 byte(s) of data from znode /wasp/unassigned/c51e7cc71c812a2ebe410154e5a65c26; data=entityGroup=TestCloseEntityGroupHandler,\x00\x00\x00\x00,1713649750201.c51e7cc71c812a2ebe410154e5a65c26., state=M_ZK_ENTITYGROUP_CLOSING, servername=MockServer,123,-1, createTime=1713649750248, payload.length=0
24/04/20 21:49:10 WARN zookeeper.ZKAssign: MockServer,123,-1-0xff8efd7c10b40000 Attempt to transition the unassigned node for c51e7cc71c812a2ebe410154e5a65c26 from M_ZK_ENTITYGROUP_CLOSING to FSERVER_ZK_ENTITYGROUP_CLOSED failed, the node existed but was version 0 not the expected version 1
24/04/20 21:49:10 WARN handler.CloseEntityGroupHandler: Completed the CLOSE of a entityGroup but when transitioning from  CLOSING to CLOSED got a version mismatch, someone else clashed so now unassigning
24/04/20 21:49:10 WARN fserver.EntityGroup: EntityGroup TestCloseEntityGroupHandler,\x00\x00\x00\x00,1713649750201.c51e7cc71c812a2ebe410154e5a65c26. already closed
24/04/20 21:49:10 DEBUG handler.CloseEntityGroupHandler: set entityGroup closed state in zk unsuccessfully for entityGroup TestCloseEntityGroupHandler,\x00\x00\x00\x00,1713649750201.c51e7cc71c812a2ebe410154e5a65c26. sn name: MockServer,123,-1
24/04/20 21:49:10 DEBUG handler.CloseEntityGroupHandler: Closed entityGroup TestCloseEntityGroupHandler,\x00\x00\x00\x00,1713649750201.c51e7cc71c812a2ebe410154e5a65c26.
24/04/20 21:49:10 DEBUG zookeeper.ZKUtil: MockServer,123,-1-0xff8efd7c10b40000 Retrieved 120 byte(s) of data from znode /wasp/unassigned/c51e7cc71c812a2ebe410154e5a65c26 and set watcher; entityGroup=TestCloseEntityGroupHandler,\x00\x00\x00\x00,1713649750201.c51e7cc71c812a2ebe410154e5a65c26., state=M_ZK_ENTITYGROUP_CLOSING, servername=MockServer,123,-1, createTime=1713649750248, payload.length=0
24/04/20 21:49:10 DEBUG zookeeper.ZKUtil: MockServer,123,-1 opening connection to ZooKeeper with ensemble (localhost:63294)
24/04/20 21:49:10 INFO zookeeper.ZooKeeper: Initiating client connection, connectString=localhost:63294 sessionTimeout=180000 watcher=MockServer,123,-1
24/04/20 21:49:10 INFO zookeeper.RecoverableZooKeeper: The identifier of this process is 56511@22e8d89dc231
24/04/20 21:49:10 INFO server.NIOServerCnxnFactory: Accepted socket connection from /127.0.0.1:47196
24/04/20 21:49:10 DEBUG server.ZooKeeperServer: Session establishment request from client /127.0.0.1:47196 client's lastZxid is 0x0
24/04/20 21:49:10 INFO server.ZooKeeperServer: Client attempting to establish new session at /127.0.0.1:47196
24/04/20 21:49:10 INFO server.ZooKeeperServer: Established session 0xff8efd7c10b40001 with negotiated timeout 40000 for client /127.0.0.1:47196
24/04/20 21:49:10 DEBUG zookeeper.ZooKeeperWatcher: MockServer,123,-1 Received ZooKeeper Event, type=None, state=SyncConnected, path=null
24/04/20 21:49:10 DEBUG zookeeper.ZooKeeperWatcher: MockServer,123,-1-0xff8efd7c10b40001 connected
24/04/20 21:49:10 DEBUG zookeeper.ZKAssign: MockServer,123,-1-0xff8efd7c10b40001 Creating unassigned node for 075fe9ff0738185be69f5bc496dd93fc in OFFLINE state
24/04/20 21:49:10 DEBUG zookeeper.ZKAssign: MockServer,123,-1-0xff8efd7c10b40001 Attempting to transition node 075fe9ff0738185be69f5bc496dd93fc from M_ZK_ENTITYGROUP_OFFLINE to FSERVER_ZK_ENTITYGROUP_OPENING
24/04/20 21:49:10 DEBUG zookeeper.ZKUtil: MockServer,123,-1-0xff8efd7c10b40001 Retrieved 118 byte(s) of data from znode /wasp/unassigned/075fe9ff0738185be69f5bc496dd93fc; data=entityGroup=TestCloseEntityGroupHandler,\x00\x00\x00\x00,1713649750253.075fe9ff0738185be69f5bc496dd93fc., state=M_ZK_ENTITYGROUP_OFFLINE, servername=MockServer,123,-1, createTime=1713649750260, payload.length=0
24/04/20 21:49:10 DEBUG zookeeper.ZooKeeperWatcher: MockServer,123,-1-0xff8efd7c10b40001 Received ZooKeeper Event, type=NodeDataChanged, state=SyncConnected, path=/wasp/unassigned/075fe9ff0738185be69f5bc496dd93fc
24/04/20 21:49:10 DEBUG zookeeper.ZKAssign: MockServer,123,-1-0xff8efd7c10b40001 Successfully transitioned node 075fe9ff0738185be69f5bc496dd93fc from M_ZK_ENTITYGROUP_OFFLINE to FSERVER_ZK_ENTITYGROUP_OPENING
24/04/20 21:49:10 INFO fserver.EntityGroup: EntityGroup.openEntityGroup EntityGroup name ==TestCloseEntityGroupHandler,\x00\x00\x00\x00,1713649750253.075fe9ff0738185be69f5bc496dd93fc.
24/04/20 21:49:10 DEBUG fserver.EntityGroup: Opening EntityGroup: {NAME => 'TestCloseEntityGroupHandler,\x00\x00\x00\x00,1713649750253.075fe9ff0738185be69f5bc496dd93fc.', STARTKEY => '\x00\x00\x00\x00', ENDKEY => '\x00\x00\x00\x01', ENCODED => 075fe9ff0738185be69f5bc496dd93fc,}
24/04/20 21:49:10 DEBUG fserver.MetricsEntityGroupSourceImpl: Creating new MetricsEntityGroupSourceImpl for table TestCloseEntityGroupHandler 075fe9ff0738185be69f5bc496dd93fc
24/04/20 21:49:10 DEBUG fserver.EntityGroup: Instantiated TestCloseEntityGroupHandler,\x00\x00\x00\x00,1713649750253.075fe9ff0738185be69f5bc496dd93fc.
24/04/20 21:49:10 DEBUG zookeeper.ZKAssign: MockServer,123,-1-0xff8efd7c10b40001 Attempting to transition node 075fe9ff0738185be69f5bc496dd93fc from FSERVER_ZK_ENTITYGROUP_OPENING to FSERVER_ZK_ENTITYGROUP_OPENING
24/04/20 21:49:10 ERROR server.NIOServerCnxnFactory: Thread Thread[Thread-256,5,main] died
java.lang.NullPointerException
	at com.alibaba.wasp.fserver.EntityGroup.run(EntityGroup.java:1264)
	at java.lang.Thread.run(Thread.java:748)
24/04/20 21:49:10 DEBUG zookeeper.ZKUtil: MockServer,123,-1-0xff8efd7c10b40001 Retrieved 118 byte(s) of data from znode /wasp/unassigned/075fe9ff0738185be69f5bc496dd93fc; data=entityGroup=TestCloseEntityGroupHandler,\x00\x00\x00\x00,1713649750253.075fe9ff0738185be69f5bc496dd93fc., state=FSERVER_ZK_ENTITYGROUP_OPENING, servername=MockServer,123,-1, createTime=1713649750264, payload.length=0
24/04/20 21:49:10 DEBUG zookeeper.ZKAssign: MockServer,123,-1-0xff8efd7c10b40001 Successfully transitioned node 075fe9ff0738185be69f5bc496dd93fc from FSERVER_ZK_ENTITYGROUP_OPENING to FSERVER_ZK_ENTITYGROUP_OPENING
24/04/20 21:49:10 DEBUG zookeeper.ZKAssign: MockServer,123,-1-0xff8efd7c10b40001 Attempting to transition node 075fe9ff0738185be69f5bc496dd93fc from FSERVER_ZK_ENTITYGROUP_OPENING to FSERVER_ZK_ENTITYGROUP_OPENED
24/04/20 21:49:10 DEBUG zookeeper.ZKUtil: MockServer,123,-1-0xff8efd7c10b40001 Retrieved 118 byte(s) of data from znode /wasp/unassigned/075fe9ff0738185be69f5bc496dd93fc; data=entityGroup=TestCloseEntityGroupHandler,\x00\x00\x00\x00,1713649750253.075fe9ff0738185be69f5bc496dd93fc., state=FSERVER_ZK_ENTITYGROUP_OPENING, servername=MockServer,123,-1, createTime=1713649750268, payload.length=0
24/04/20 21:49:10 DEBUG zookeeper.ZKAssign: MockServer,123,-1-0xff8efd7c10b40001 Successfully transitioned node 075fe9ff0738185be69f5bc496dd93fc from FSERVER_ZK_ENTITYGROUP_OPENING to FSERVER_ZK_ENTITYGROUP_OPENED
24/04/20 21:49:10 DEBUG handler.OpenEntityGroupHandler: entityGroup transitioned to opened in zookeeper: {NAME => 'TestCloseEntityGroupHandler,\x00\x00\x00\x00,1713649750253.075fe9ff0738185be69f5bc496dd93fc.', STARTKEY => '\x00\x00\x00\x00', ENDKEY => '\x00\x00\x00\x01', ENCODED => 075fe9ff0738185be69f5bc496dd93fc,}, server: MockServer,123,-1
24/04/20 21:49:10 DEBUG handler.OpenEntityGroupHandler: Opened TestCloseEntityGroupHandler,\x00\x00\x00\x00,1713649750253.075fe9ff0738185be69f5bc496dd93fc. on server:MockServer,123,-1
24/04/20 21:49:10 DEBUG zookeeper.ZKUtil: MockServer,123,-1-0xff8efd7c10b40001 Retrieved 118 byte(s) of data from znode /wasp/unassigned/075fe9ff0738185be69f5bc496dd93fc and set watcher; entityGroup=TestCloseEntityGroupHandler,\x00\x00\x00\x00,1713649750253.075fe9ff0738185be69f5bc496dd93fc., state=FSERVER_ZK_ENTITYGROUP_OPENED, servername=MockServer,123,-1, createTime=1713649750272, payload.length=0
24/04/20 21:49:10 DEBUG zookeeper.ZKAssign: MockServer,123,-1-0xff8efd7c10b40001 Deleting existing unassigned node for 075fe9ff0738185be69f5bc496dd93fc that is in expected state FSERVER_ZK_ENTITYGROUP_OPENED
24/04/20 21:49:10 DEBUG zookeeper.ZKUtil: MockServer,123,-1-0xff8efd7c10b40001 Retrieved 118 byte(s) of data from znode /wasp/unassigned/075fe9ff0738185be69f5bc496dd93fc; data=entityGroup=TestCloseEntityGroupHandler,\x00\x00\x00\x00,1713649750253.075fe9ff0738185be69f5bc496dd93fc., state=FSERVER_ZK_ENTITYGROUP_OPENED, servername=MockServer,123,-1, createTime=1713649750272, payload.length=0
24/04/20 21:49:10 DEBUG zookeeper.ZooKeeperWatcher: MockServer,123,-1-0xff8efd7c10b40001 Received ZooKeeper Event, type=NodeDeleted, state=SyncConnected, path=/wasp/unassigned/075fe9ff0738185be69f5bc496dd93fc
24/04/20 21:49:10 DEBUG zookeeper.ZKAssign: MockServer,123,-1-0xff8efd7c10b40001 Successfully deleted unassigned node for entityGroup 075fe9ff0738185be69f5bc496dd93fc in expected state FSERVER_ZK_ENTITYGROUP_OPENED
24/04/20 21:49:10 DEBUG zookeeper.ZKAssign: MockServer,123,-1-0xff8efd7c10b40001 Creating unassigned node for 075fe9ff0738185be69f5bc496dd93fc in a CLOSING state
24/04/20 21:49:10 DEBUG handler.CloseEntityGroupHandler: Processing close of TestCloseEntityGroupHandler,\x00\x00\x00\x00,1713649750253.075fe9ff0738185be69f5bc496dd93fc.
24/04/20 21:49:10 DEBUG fserver.EntityGroup: Closing TestCloseEntityGroupHandler,\x00\x00\x00\x00,1713649750253.075fe9ff0738185be69f5bc496dd93fc.
24/04/20 21:49:10 DEBUG fserver.EntityGroup: Updates disabled for entityGroup TestCloseEntityGroupHandler,\x00\x00\x00\x00,1713649750253.075fe9ff0738185be69f5bc496dd93fc.
24/04/20 21:49:10 INFO fserver.EntityGroup: Running commit transaction of TestCloseEntityGroupHandler,\x00\x00\x00\x00,1713649750253.075fe9ff0738185be69f5bc496dd93fc. before close
24/04/20 21:49:10 INFO fserver.EntityGroup: Closed TestCloseEntityGroupHandler,\x00\x00\x00\x00,1713649750253.075fe9ff0738185be69f5bc496dd93fc.
24/04/20 21:49:10 DEBUG zookeeper.ZKAssign: MockServer,123,-1-0xff8efd7c10b40001 Attempting to transition node 075fe9ff0738185be69f5bc496dd93fc from M_ZK_ENTITYGROUP_CLOSING to FSERVER_ZK_ENTITYGROUP_CLOSED
24/04/20 21:49:10 DEBUG zookeeper.ZKUtil: MockServer,123,-1-0xff8efd7c10b40001 Retrieved 120 byte(s) of data from znode /wasp/unassigned/075fe9ff0738185be69f5bc496dd93fc; data=entityGroup=TestCloseEntityGroupHandler,\x00\x00\x00\x00,1713649750253.075fe9ff0738185be69f5bc496dd93fc., state=M_ZK_ENTITYGROUP_CLOSING, servername=MockServer,123,-1, createTime=1713649750277, payload.length=0
24/04/20 21:49:10 DEBUG zookeeper.ZKAssign: MockServer,123,-1-0xff8efd7c10b40001 Successfully transitioned node 075fe9ff0738185be69f5bc496dd93fc from M_ZK_ENTITYGROUP_CLOSING to FSERVER_ZK_ENTITYGROUP_CLOSED
24/04/20 21:49:10 DEBUG zookeeper.ZooKeeperWatcher: MockServer,123,-1-0xff8efd7c10b40001 Received ZooKeeper Event, type=NodeDataChanged, state=SyncConnected, path=/wasp/unassigned/075fe9ff0738185be69f5bc496dd93fc
24/04/20 21:49:10 DEBUG handler.CloseEntityGroupHandler: set entityGroup closed state in zk successfully for entityGroup TestCloseEntityGroupHandler,\x00\x00\x00\x00,1713649750253.075fe9ff0738185be69f5bc496dd93fc. sn name: MockServer,123,-1
24/04/20 21:49:10 DEBUG handler.CloseEntityGroupHandler: Closed entityGroup TestCloseEntityGroupHandler,\x00\x00\x00\x00,1713649750253.075fe9ff0738185be69f5bc496dd93fc.
24/04/20 21:49:10 DEBUG zookeeper.ZKUtil: MockServer,123,-1-0xff8efd7c10b40001 Retrieved 118 byte(s) of data from znode /wasp/unassigned/075fe9ff0738185be69f5bc496dd93fc and set watcher; entityGroup=TestCloseEntityGroupHandler,\x00\x00\x00\x00,1713649750253.075fe9ff0738185be69f5bc496dd93fc., state=FSERVER_ZK_ENTITYGROUP_CLOSED, servername=MockServer,123,-1, createTime=1713649750281, payload.length=0
24/04/20 21:49:10 INFO fserver.EntityGroup: creating EntityGroup TestCloseEntityGroupHandler Table == CREATE TABLE TestCloseEntityGroupHandler { 
  REQUIRED INT32 column1 COLUMNFAMILY d;
  REQUIRED INT64 column2 COLUMNFAMILY d;
  REQUIRED STRING column3 COLUMNFAMILY d;
  OPTIONAL FLOAT column4 COLUMNFAMILY d;
  OPTIONAL DOUBLE column5 COLUMNFAMILY d;
  OPTIONAL DATETIME column6 COLUMNFAMILY d;
  REPEATED PROTOBUF column7 COLUMNFAMILY d;
  OPTIONAL STRING column8 COLUMNFAMILY d;
} 
PRIMARY KEY(column1),
ENTITY GROUP ROOT,
ENTITY GROUP KEY(column1);
 Table name == TestCloseEntityGroupHandler
24/04/20 21:49:10 DEBUG fserver.MetricsEntityGroupSourceImpl: Creating new MetricsEntityGroupSourceImpl for table TestCloseEntityGroupHandler 7af7a98140baa605c7b3519ae515e539
24/04/20 21:49:10 DEBUG fserver.EntityGroup: Instantiated TestCloseEntityGroupHandler,,1713649750285.7af7a98140baa605c7b3519ae515e539.
24/04/20 21:49:10 ERROR server.NIOServerCnxnFactory: Thread Thread[Thread-259,5,main] died
java.lang.NullPointerException
	at com.alibaba.wasp.fserver.EntityGroup.run(EntityGroup.java:1264)
	at java.lang.Thread.run(Thread.java:748)
24/04/20 21:49:10 DEBUG fserver.EntityGroup: Closing TestCloseEntityGroupHandler,,1713649750285.7af7a98140baa605c7b3519ae515e539.
24/04/20 21:49:10 DEBUG fserver.EntityGroup: Updates disabled for entityGroup TestCloseEntityGroupHandler,,1713649750285.7af7a98140baa605c7b3519ae515e539.
24/04/20 21:49:10 INFO fserver.EntityGroup: Running commit transaction of TestCloseEntityGroupHandler,,1713649750285.7af7a98140baa605c7b3519ae515e539. before close
24/04/20 21:49:10 INFO fserver.EntityGroup: Closed TestCloseEntityGroupHandler,,1713649750285.7af7a98140baa605c7b3519ae515e539.
24/04/20 21:49:10 DEBUG handler.CloseEntityGroupHandler: Processing close of TestCloseEntityGroupHandler,,1713649750285.7af7a98140baa605c7b3519ae515e539.
24/04/20 21:49:10 FATAL util.MockServer: Abort why=Unrecoverable exception while closing entityGroup TestCloseEntityGroupHandler,,1713649750285.7af7a98140baa605c7b3519ae515e539., still finishing close
java.lang.RuntimeException: Mocked failed close!
	at com.alibaba.wasp.fserver.handler.CloseEntityGroupHandler.process(CloseEntityGroupHandler.java:103)
	at com.alibaba.wasp.fserver.handler.TestCloseEntityGroupHandler.testFailedCommitAborts(TestCloseEntityGroupHandler.java:122)
	at sun.reflect.NativeMethodAccessorImpl.invoke0(Native Method)
	at sun.reflect.NativeMethodAccessorImpl.invoke(NativeMethodAccessorImpl.java:62)
	at sun.reflect.DelegatingMethodAccessorImpl.invoke(DelegatingMethodAccessorImpl.java:43)
	at java.lang.reflect.Method.invoke(Method.java:498)
	at org.junit.runners.model.FrameworkMethod$1.runReflectiveCall(FrameworkMethod.java:45)
	at org.junit.internal.runners.model.ReflectiveCallable.run(ReflectiveCallable.java:15)
	at org.junit.runners.model.FrameworkMethod.invokeExplosively(FrameworkMethod.java:42)
	at org.junit.internal.runners.statements.InvokeMethod.evaluate(InvokeMethod.java:20)
	at org.junit.internal.runners.statements.RunBefores.evaluate(RunBefores.java:28)
	at org.junit.runners.ParentRunner.runLeaf(ParentRunner.java:263)
	at org.junit.runners.BlockJUnit4ClassRunner.runChild(BlockJUnit4ClassRunner.java:68)
	at org.junit.runners.BlockJUnit4ClassRunner.runChild(BlockJUnit4ClassRunner.java:47)
	at org.junit.runners.ParentRunner$3.run(ParentRunner.java:231)
	at org.junit.runners.ParentRunner$1.schedule(ParentRunner.java:60)
	at org.junit.runners.ParentRunner.runChildren(ParentRunner.java:229)
	at org.junit.runners.ParentRunner.access$000(ParentRunner.java:50)
	at org.junit.runners.ParentRunner$2.evaluate(ParentRunner.java:222)
	at org.junit.internal.runners.statements.RunBefores.evaluate(RunBefores.java:28)
	at org.junit.internal.runners.statements.RunAfters.evaluate(RunAfters.java:30)
	at org.junit.runners.ParentRunner.run(ParentRunner.java:300)
	at org.junit.runners.Suite.runChild(Suite.java:128)
	at org.junit.runners.Suite.runChild(Suite.java:24)
	at org.junit.runners.ParentRunner$3.run(ParentRunner.java:231)
	at org.junit.runners.ParentRunner$1.schedule(ParentRunner.java:60)
	at org.junit.runners.ParentRunner.runChildren(ParentRunner.java:229)
	at org.junit.runners.ParentRunner.access$000(ParentRunner.java:50)
	at org.junit.runners.ParentRunner$2.evaluate(ParentRunner.java:222)
	at org.junit.runners.ParentRunner.run(ParentRunner.java:300)
	at org.junit.runner.JUnitCore.run(JUnitCore.java:157)
	at org.junit.runner.JUnitCore.run(JUnitCore.java:136)
	at edu.illinois.cs.testrunner.execution.JUnitTestExecutor.execute(JUnitTestExecutor.java:246)
	at edu.illinois.cs.testrunner.execution.JUnitTestExecutor.executeWithJUnit4Runner(JUnitTestExecutor.java:315)
	at edu.illinois.cs.testrunner.execution.JUnitTestExecutor.runOrder(JUnitTestExecutor.java:46)
	at edu.illinois.cs.testrunner.execution.Executor$.$anonfun$run$1(Executor.scala:30)
	at scala.runtime.java8.JFunction0$mcV$sp.apply(JFunction0$mcV$sp.java:12)
	at scala.util.Try$.apply(Try.scala:209)
	at edu.illinois.cs.testrunner.execution.Executor$.run(Executor.scala:28)
	at edu.illinois.cs.testrunner.execution.Executor$.main(Executor.scala:18)
	at edu.illinois.cs.testrunner.execution.Executor.main(Executor.scala)
24/04/20 21:49:10 DEBUG util.MockServer: Stop why=Unrecoverable exception while closing entityGroup TestCloseEntityGroupHandler,,1713649750285.7af7a98140baa605c7b3519ae515e539., still finishing close
24/04/20 21:49:10 WARN fserver.EntityGroup: EntityGroup TestCloseEntityGroupHandler,,1713649750285.7af7a98140baa605c7b3519ae515e539. already closed
24/04/20 21:49:10 INFO server.NIOServerCnxn: Closed socket connection for client /127.0.0.1:47196 which had sessionid 0xff8efd7c10b40001
24/04/20 21:49:10 INFO server.NIOServerCnxn: Closed socket connection for client /127.0.0.1:47188 which had sessionid 0xff8efd7c10b40000
24/04/20 21:49:10 INFO server.NIOServerCnxnFactory: NIOServerCnxn factory exited run method
24/04/20 21:49:10 INFO server.ZooKeeperServer: shutting down
24/04/20 21:49:10 INFO server.SessionTrackerImpl: Shutting down
24/04/20 21:49:10 INFO server.PrepRequestProcessor: Shutting down
24/04/20 21:49:10 INFO server.SyncRequestProcessor: Shutting down
24/04/20 21:49:10 INFO server.PrepRequestProcessor: PrepRequestProcessor exited loop!
24/04/20 21:49:10 INFO server.SyncRequestProcessor: SyncRequestProcessor exited!
24/04/20 21:49:10 INFO server.FinalRequestProcessor: shutdown of request processor complete
java.lang.NullPointerException
	at com.alibaba.wasp.protobuf.generated.MetaProtos$GetActionProto$Builder.setSessionId(MetaProtos.java:6187)
	at com.alibaba.wasp.plan.action.GetAction.convert(GetAction.java:97)
	at com.alibaba.wasp.protobuf.ProtobufUtil.toGetActionProto(ProtobufUtil.java:466)
	at com.alibaba.wasp.protobuf.TestProtobufUtil.testGet(TestProtobufUtil.java:103)
	at sun.reflect.NativeMethodAccessorImpl.invoke0(Native Method)
	at sun.reflect.NativeMethodAccessorImpl.invoke(NativeMethodAccessorImpl.java:62)
	at sun.reflect.DelegatingMethodAccessorImpl.invoke(DelegatingMethodAccessorImpl.java:43)
	at java.lang.reflect.Method.invoke(Method.java:498)
	at org.junit.runners.model.FrameworkMethod$1.runReflectiveCall(FrameworkMethod.java:45)
	at org.junit.internal.runners.model.ReflectiveCallable.run(ReflectiveCallable.java:15)
	at org.junit.runners.model.FrameworkMethod.invokeExplosively(FrameworkMethod.java:42)
	at org.junit.internal.runners.statements.InvokeMethod.evaluate(InvokeMethod.java:20)
	at org.junit.runners.ParentRunner.runLeaf(ParentRunner.java:263)
	at org.junit.runners.BlockJUnit4ClassRunner.runChild(BlockJUnit4ClassRunner.java:68)
	at org.junit.runners.BlockJUnit4ClassRunner.runChild(BlockJUnit4ClassRunner.java:47)
	at org.junit.runners.ParentRunner$3.run(ParentRunner.java:231)
	at org.junit.runners.ParentRunner$1.schedule(ParentRunner.java:60)
	at org.junit.runners.ParentRunner.runChildren(ParentRunner.java:229)
	at org.junit.runners.ParentRunner.access$000(ParentRunner.java:50)
	at org.junit.runners.ParentRunner$2.evaluate(ParentRunner.java:222)
	at org.junit.runners.ParentRunner.run(ParentRunner.java:300)
	at org.junit.runners.Suite.runChild(Suite.java:128)
	at org.junit.runners.Suite.runChild(Suite.java:24)
	at org.junit.runners.ParentRunner$3.run(ParentRunner.java:231)
	at org.junit.runners.ParentRunner$1.schedule(ParentRunner.java:60)
	at org.junit.runners.ParentRunner.runChildren(ParentRunner.java:229)
	at org.junit.runners.ParentRunner.access$000(ParentRunner.java:50)
	at org.junit.runners.ParentRunner$2.evaluate(ParentRunner.java:222)
	at org.junit.runners.ParentRunner.run(ParentRunner.java:300)
	at org.junit.runner.JUnitCore.run(JUnitCore.java:157)
	at org.junit.runner.JUnitCore.run(JUnitCore.java:136)
	at edu.illinois.cs.testrunner.execution.JUnitTestExecutor.execute(JUnitTestExecutor.java:246)
	at edu.illinois.cs.testrunner.execution.JUnitTestExecutor.executeWithJUnit4Runner(JUnitTestExecutor.java:315)
	at edu.illinois.cs.testrunner.execution.JUnitTestExecutor.runOrder(JUnitTestExecutor.java:46)
	at edu.illinois.cs.testrunner.execution.Executor$.$anonfun$run$1(Executor.scala:30)
	at scala.runtime.java8.JFunction0$mcV$sp.apply(JFunction0$mcV$sp.java:12)
	at scala.util.Try$.apply(Try.scala:209)
	at edu.illinois.cs.testrunner.execution.Executor$.run(Executor.scala:28)
	at edu.illinois.cs.testrunner.execution.Executor$.main(Executor.scala:18)
	at edu.illinois.cs.testrunner.execution.Executor.main(Executor.scala)
java.lang.NullPointerException
	at com.alibaba.wasp.protobuf.generated.MetaProtos$UpdateActionProto$Builder.setSessionId(MetaProtos.java:10088)
	at com.alibaba.wasp.plan.action.UpdateAction.convert(UpdateAction.java:113)
	at com.alibaba.wasp.protobuf.ProtobufUtil.convertUpdateAction(ProtobufUtil.java:559)
	at com.alibaba.wasp.protobuf.TestProtobufUtil.testUpdate(TestProtobufUtil.java:83)
	at sun.reflect.NativeMethodAccessorImpl.invoke0(Native Method)
	at sun.reflect.NativeMethodAccessorImpl.invoke(NativeMethodAccessorImpl.java:62)
	at sun.reflect.DelegatingMethodAccessorImpl.invoke(DelegatingMethodAccessorImpl.java:43)
	at java.lang.reflect.Method.invoke(Method.java:498)
	at org.junit.runners.model.FrameworkMethod$1.runReflectiveCall(FrameworkMethod.java:45)
	at org.junit.internal.runners.model.ReflectiveCallable.run(ReflectiveCallable.java:15)
	at org.junit.runners.model.FrameworkMethod.invokeExplosively(FrameworkMethod.java:42)
	at org.junit.internal.runners.statements.InvokeMethod.evaluate(InvokeMethod.java:20)
	at org.junit.runners.ParentRunner.runLeaf(ParentRunner.java:263)
	at org.junit.runners.BlockJUnit4ClassRunner.runChild(BlockJUnit4ClassRunner.java:68)
	at org.junit.runners.BlockJUnit4ClassRunner.runChild(BlockJUnit4ClassRunner.java:47)
	at org.junit.runners.ParentRunner$3.run(ParentRunner.java:231)
	at org.junit.runners.ParentRunner$1.schedule(ParentRunner.java:60)
	at org.junit.runners.ParentRunner.runChildren(ParentRunner.java:229)
	at org.junit.runners.ParentRunner.access$000(ParentRunner.java:50)
	at org.junit.runners.ParentRunner$2.evaluate(ParentRunner.java:222)
	at org.junit.runners.ParentRunner.run(ParentRunner.java:300)
	at org.junit.runners.Suite.runChild(Suite.java:128)
	at org.junit.runners.Suite.runChild(Suite.java:24)
	at org.junit.runners.ParentRunner$3.run(ParentRunner.java:231)
	at org.junit.runners.ParentRunner$1.schedule(ParentRunner.java:60)
	at org.junit.runners.ParentRunner.runChildren(ParentRunner.java:229)
	at org.junit.runners.ParentRunner.access$000(ParentRunner.java:50)
	at org.junit.runners.ParentRunner$2.evaluate(ParentRunner.java:222)
	at org.junit.runners.ParentRunner.run(ParentRunner.java:300)
	at org.junit.runner.JUnitCore.run(JUnitCore.java:157)
	at org.junit.runner.JUnitCore.run(JUnitCore.java:136)
	at edu.illinois.cs.testrunner.execution.JUnitTestExecutor.execute(JUnitTestExecutor.java:246)
	at edu.illinois.cs.testrunner.execution.JUnitTestExecutor.executeWithJUnit4Runner(JUnitTestExecutor.java:315)
	at edu.illinois.cs.testrunner.execution.JUnitTestExecutor.runOrder(JUnitTestExecutor.java:46)
	at edu.illinois.cs.testrunner.execution.Executor$.$anonfun$run$1(Executor.scala:30)
	at scala.runtime.java8.JFunction0$mcV$sp.apply(JFunction0$mcV$sp.java:12)
	at scala.util.Try$.apply(Try.scala:209)
	at edu.illinois.cs.testrunner.execution.Executor$.run(Executor.scala:28)
	at edu.illinois.cs.testrunner.execution.Executor$.main(Executor.scala:18)
	at edu.illinois.cs.testrunner.execution.Executor.main(Executor.scala)
24/04/20 21:49:10 INFO wasp.WaspTestingUtility: Starting up minicluster with 1 master(s) and 3 fserver(s) 
24/04/20 21:49:10 DEBUG zookeeper.ZooKeeperWatcher: MockServer,123,-1-0xff8efd7c10b40000 Received ZooKeeper Event, type=None, state=Disconnected, path=null
24/04/20 21:49:10 DEBUG zookeeper.ZooKeeperWatcher: MockServer,123,-1-0xff8efd7c10b40001 Received ZooKeeper Event, type=None, state=Disconnected, path=null
24/04/20 21:49:10 DEBUG zookeeper.ZooKeeperWatcher: MockServer,123,-1-0xff8efd7c10b40001 Received Disconnected from ZooKeeper, ignoring
24/04/20 21:49:10 DEBUG zookeeper.ZooKeeperWatcher: MockServer,123,-1-0xff8efd7c10b40000 Received Disconnected from ZooKeeper, ignoring
Starting DataNode 0 with dfs.data.dir: /home/idflakies/alibaba/wasp/target/test-data/6397aa3c-9669-4b4f-9cf2-ea6fd29cfc9f/dfscluster_bbfade9e-666a-41a8-bb6b-8b21f5dea5e5/dfs/data/data1,/home/idflakies/alibaba/wasp/target/test-data/6397aa3c-9669-4b4f-9cf2-ea6fd29cfc9f/dfscluster_bbfade9e-666a-41a8-bb6b-8b21f5dea5e5/dfs/data/data2
24/04/20 21:49:10 ERROR datanode.DataNode: All directories in dfs.data.dir are invalid.
24/04/20 21:49:10 INFO wasp.WaspTestingUtility: Shutting down mini wasp cluster
24/04/20 21:49:10 INFO wasp.WaspTestingUtility: Minicluster is down
java.lang.NullPointerException
	at org.apache.hadoop.hdfs.MiniDFSCluster.startDataNodes(MiniDFSCluster.java:422)
	at org.apache.hadoop.hdfs.MiniDFSCluster.<init>(MiniDFSCluster.java:280)
	at org.apache.hadoop.hbase.HBaseTestingUtility.startMiniDFSCluster(HBaseTestingUtility.java:451)
	at org.apache.hadoop.hbase.HBaseTestingUtility.startMiniCluster(HBaseTestingUtility.java:619)
	at org.apache.hadoop.hbase.HBaseTestingUtility.startMiniCluster(HBaseTestingUtility.java:575)
	at com.alibaba.wasp.WaspTestingUtility.startMiniCluster(WaspTestingUtility.java:172)
	at com.alibaba.wasp.WaspTestingUtility.startMiniCluster(WaspTestingUtility.java:144)
	at com.alibaba.wasp.client.TestAdmin.setUpBeforeClass(TestAdmin.java:91)
	at sun.reflect.NativeMethodAccessorImpl.invoke0(Native Method)
	at sun.reflect.NativeMethodAccessorImpl.invoke(NativeMethodAccessorImpl.java:62)
	at sun.reflect.DelegatingMethodAccessorImpl.invoke(DelegatingMethodAccessorImpl.java:43)
	at java.lang.reflect.Method.invoke(Method.java:498)
	at org.junit.runners.model.FrameworkMethod$1.runReflectiveCall(FrameworkMethod.java:45)
	at org.junit.internal.runners.model.ReflectiveCallable.run(ReflectiveCallable.java:15)
	at org.junit.runners.model.FrameworkMethod.invokeExplosively(FrameworkMethod.java:42)
	at org.junit.internal.runners.statements.RunBefores.evaluate(RunBefores.java:27)
	at org.junit.internal.runners.statements.RunAfters.evaluate(RunAfters.java:30)
	at org.junit.runners.ParentRunner.run(ParentRunner.java:300)
	at org.junit.runners.Suite.runChild(Suite.java:128)
	at org.junit.runners.Suite.runChild(Suite.java:24)
	at org.junit.runners.ParentRunner$3.run(ParentRunner.java:231)
	at org.junit.runners.ParentRunner$1.schedule(ParentRunner.java:60)
	at org.junit.runners.ParentRunner.runChildren(ParentRunner.java:229)
	at org.junit.runners.ParentRunner.access$000(ParentRunner.java:50)
	at org.junit.runners.ParentRunner$2.evaluate(ParentRunner.java:222)
	at org.junit.runners.ParentRunner.run(ParentRunner.java:300)
	at org.junit.runner.JUnitCore.run(JUnitCore.java:157)
	at org.junit.runner.JUnitCore.run(JUnitCore.java:136)
	at edu.illinois.cs.testrunner.execution.JUnitTestExecutor.execute(JUnitTestExecutor.java:246)
	at edu.illinois.cs.testrunner.execution.JUnitTestExecutor.executeWithJUnit4Runner(JUnitTestExecutor.java:315)
	at edu.illinois.cs.testrunner.execution.JUnitTestExecutor.runOrder(JUnitTestExecutor.java:46)
	at edu.illinois.cs.testrunner.execution.Executor$.$anonfun$run$1(Executor.scala:30)
	at scala.runtime.java8.JFunction0$mcV$sp.apply(JFunction0$mcV$sp.java:12)
	at scala.util.Try$.apply(Try.scala:209)
	at edu.illinois.cs.testrunner.execution.Executor$.run(Executor.scala:28)
	at edu.illinois.cs.testrunner.execution.Executor$.main(Executor.scala:18)
	at edu.illinois.cs.testrunner.execution.Executor.main(Executor.scala)
