abr 19, 2024 4:46:41 PM de.strullerbaumann.visualee.logging.LogProvider error
SEVERE: ParallelDataCollectionExecutor parallelExecutor;
abr 19, 2024 4:46:41 PM de.strullerbaumann.visualee.logging.LogProvider error
SEVERE: @SnapshotDataCollector
abr 19, 2024 4:46:41 PM de.strullerbaumann.visualee.logging.LogProvider error
SEVERE: Not valid encoding is configured in the pom.
java.nio.charset.UnsupportedCharsetException: SimplifiedMessageReceiver
	at java.nio.charset.Charset.forName(Charset.java:531)
	at de.strullerbaumann.visualee.source.boundary.JavaSourceContainer.getEncoding(JavaSourceContainer.java:86)
	at de.strullerbaumann.visualee.source.entity.JavaSource.loadSourceCode(JavaSource.java:170)
	at de.strullerbaumann.visualee.source.entity.JavaSource.<init>(JavaSource.java:54)
	at de.strullerbaumann.visualee.source.entity.JavaSourceFactory.newJavaSourceByFilename(JavaSourceFactory.java:67)
	at de.strullerbaumann.visualee.source.boundary.JavaSourceContainer.loadJavaFiles(JavaSourceContainer.java:78)
	at de.strullerbaumann.visualee.examiner.cdi.TestGroup100Case0.test141(TestGroup100Case0.java:2048)
	at sun.reflect.NativeMethodAccessorImpl.invoke0(Native Method)
	at sun.reflect.NativeMethodAccessorImpl.invoke(NativeMethodAccessorImpl.java:62)
	at sun.reflect.DelegatingMethodAccessorImpl.invoke(DelegatingMethodAccessorImpl.java:43)
	at java.lang.reflect.Method.invoke(Method.java:498)
	at org.junit.runners.model.FrameworkMethod$1.runReflectiveCall(FrameworkMethod.java:50)
	at org.junit.internal.runners.model.ReflectiveCallable.run(ReflectiveCallable.java:12)
	at org.junit.runners.model.FrameworkMethod.invokeExplosively(FrameworkMethod.java:47)
	at org.junit.internal.runners.statements.InvokeMethod.evaluate(InvokeMethod.java:17)
	at edu.illinois.cs.testrunner.execution.JUnitTestRunner.runChild(JUnitTestRunner.java:323)
	at edu.illinois.cs.testrunner.execution.JUnitTestRunner.run(JUnitTestRunner.java:102)
	at org.junit.runner.JUnitCore.run(JUnitCore.java:137)
	at edu.illinois.cs.testrunner.execution.JUnitTestExecutor.execute(JUnitTestExecutor.java:248)
	at edu.illinois.cs.testrunner.execution.JUnitTestExecutor.executeWithJUnit4Runner(JUnitTestExecutor.java:325)
	at edu.illinois.cs.testrunner.execution.JUnitTestExecutor.runOrder(JUnitTestExecutor.java:46)
	at edu.illinois.cs.testrunner.execution.Executor$.$anonfun$run$1(Executor.scala:30)
	at scala.runtime.java8.JFunction0$mcV$sp.apply(JFunction0$mcV$sp.java:12)
	at scala.util.Try$.apply(Try.scala:209)
	at edu.illinois.cs.testrunner.execution.Executor$.run(Executor.scala:28)
	at edu.illinois.cs.testrunner.execution.Executor$.main(Executor.scala:18)
	at edu.illinois.cs.testrunner.execution.Executor.main(Executor.scala)

abr 19, 2024 4:46:41 PM de.strullerbaumann.visualee.logging.LogProvider error
SEVERE: Not valid encoding is configured in the pom.
java.nio.charset.UnsupportedCharsetException: SimplifiedMessageReceiver
	at java.nio.charset.Charset.forName(Charset.java:531)
	at de.strullerbaumann.visualee.source.boundary.JavaSourceContainer.getEncoding(JavaSourceContainer.java:86)
	at de.strullerbaumann.visualee.source.entity.JavaSource.loadSourceCode(JavaSource.java:170)
	at de.strullerbaumann.visualee.source.entity.JavaSource.<init>(JavaSource.java:54)
	at de.strullerbaumann.visualee.source.entity.JavaSourceFactory.newJavaSourceByFilename(JavaSourceFactory.java:67)
	at de.strullerbaumann.visualee.source.boundary.JavaSourceContainer.loadJavaFiles(JavaSourceContainer.java:78)
	at de.strullerbaumann.visualee.examiner.cdi.TestGroup100Case0.test141(TestGroup100Case0.java:2048)
	at sun.reflect.NativeMethodAccessorImpl.invoke0(Native Method)
	at sun.reflect.NativeMethodAccessorImpl.invoke(NativeMethodAccessorImpl.java:62)
	at sun.reflect.DelegatingMethodAccessorImpl.invoke(DelegatingMethodAccessorImpl.java:43)
	at java.lang.reflect.Method.invoke(Method.java:498)
	at org.junit.runners.model.FrameworkMethod$1.runReflectiveCall(FrameworkMethod.java:50)
	at org.junit.internal.runners.model.ReflectiveCallable.run(ReflectiveCallable.java:12)
	at org.junit.runners.model.FrameworkMethod.invokeExplosively(FrameworkMethod.java:47)
	at org.junit.internal.runners.statements.InvokeMethod.evaluate(InvokeMethod.java:17)
	at edu.illinois.cs.testrunner.execution.JUnitTestRunner.runChild(JUnitTestRunner.java:323)
	at edu.illinois.cs.testrunner.execution.JUnitTestRunner.run(JUnitTestRunner.java:102)
	at org.junit.runner.JUnitCore.run(JUnitCore.java:137)
	at edu.illinois.cs.testrunner.execution.JUnitTestExecutor.execute(JUnitTestExecutor.java:248)
	at edu.illinois.cs.testrunner.execution.JUnitTestExecutor.executeWithJUnit4Runner(JUnitTestExecutor.java:325)
	at edu.illinois.cs.testrunner.execution.JUnitTestExecutor.runOrder(JUnitTestExecutor.java:46)
	at edu.illinois.cs.testrunner.execution.Executor$.$anonfun$run$1(Executor.scala:30)
	at scala.runtime.java8.JFunction0$mcV$sp.apply(JFunction0$mcV$sp.java:12)
	at scala.util.Try$.apply(Try.scala:209)
	at edu.illinois.cs.testrunner.execution.Executor$.run(Executor.scala:28)
	at edu.illinois.cs.testrunner.execution.Executor$.main(Executor.scala:18)
	at edu.illinois.cs.testrunner.execution.Executor.main(Executor.scala)

abr 19, 2024 4:46:41 PM de.strullerbaumann.visualee.logging.LogProvider error
SEVERE: Not valid encoding is configured in the pom.
java.nio.charset.UnsupportedCharsetException: SimplifiedMessageReceiver
	at java.nio.charset.Charset.forName(Charset.java:531)
	at de.strullerbaumann.visualee.source.boundary.JavaSourceContainer.getEncoding(JavaSourceContainer.java:86)
	at de.strullerbaumann.visualee.source.entity.JavaSource.loadSourceCode(JavaSource.java:170)
	at de.strullerbaumann.visualee.source.entity.JavaSource.<init>(JavaSource.java:54)
	at de.strullerbaumann.visualee.source.entity.JavaSourceFactory.newJavaSourceByFilename(JavaSourceFactory.java:67)
	at de.strullerbaumann.visualee.source.boundary.JavaSourceContainer.loadJavaFiles(JavaSourceContainer.java:78)
	at de.strullerbaumann.visualee.examiner.cdi.TestGroup100Case0.test141(TestGroup100Case0.java:2048)
	at sun.reflect.NativeMethodAccessorImpl.invoke0(Native Method)
	at sun.reflect.NativeMethodAccessorImpl.invoke(NativeMethodAccessorImpl.java:62)
	at sun.reflect.DelegatingMethodAccessorImpl.invoke(DelegatingMethodAccessorImpl.java:43)
	at java.lang.reflect.Method.invoke(Method.java:498)
	at org.junit.runners.model.FrameworkMethod$1.runReflectiveCall(FrameworkMethod.java:50)
	at org.junit.internal.runners.model.ReflectiveCallable.run(ReflectiveCallable.java:12)
	at org.junit.runners.model.FrameworkMethod.invokeExplosively(FrameworkMethod.java:47)
	at org.junit.internal.runners.statements.InvokeMethod.evaluate(InvokeMethod.java:17)
	at edu.illinois.cs.testrunner.execution.JUnitTestRunner.runChild(JUnitTestRunner.java:323)
	at edu.illinois.cs.testrunner.execution.JUnitTestRunner.run(JUnitTestRunner.java:102)
	at org.junit.runner.JUnitCore.run(JUnitCore.java:137)
	at edu.illinois.cs.testrunner.execution.JUnitTestExecutor.execute(JUnitTestExecutor.java:248)
	at edu.illinois.cs.testrunner.execution.JUnitTestExecutor.executeWithJUnit4Runner(JUnitTestExecutor.java:325)
	at edu.illinois.cs.testrunner.execution.JUnitTestExecutor.runOrder(JUnitTestExecutor.java:46)
	at edu.illinois.cs.testrunner.execution.Executor$.$anonfun$run$1(Executor.scala:30)
	at scala.runtime.java8.JFunction0$mcV$sp.apply(JFunction0$mcV$sp.java:12)
	at scala.util.Try$.apply(Try.scala:209)
	at edu.illinois.cs.testrunner.execution.Executor$.run(Executor.scala:28)
	at edu.illinois.cs.testrunner.execution.Executor$.main(Executor.scala:18)
	at edu.illinois.cs.testrunner.execution.Executor.main(Executor.scala)

abr 19, 2024 4:46:41 PM de.strullerbaumann.visualee.logging.LogProvider error
SEVERE: Not valid encoding is configured in the pom.
java.nio.charset.UnsupportedCharsetException: SimplifiedMessageReceiver
	at java.nio.charset.Charset.forName(Charset.java:531)
	at de.strullerbaumann.visualee.source.boundary.JavaSourceContainer.getEncoding(JavaSourceContainer.java:86)
	at de.strullerbaumann.visualee.source.entity.JavaSource.loadSourceCode(JavaSource.java:170)
	at de.strullerbaumann.visualee.source.entity.JavaSource.<init>(JavaSource.java:54)
	at de.strullerbaumann.visualee.source.entity.JavaSourceFactory.newJavaSourceByFilename(JavaSourceFactory.java:67)
	at de.strullerbaumann.visualee.source.boundary.JavaSourceContainer.loadJavaFiles(JavaSourceContainer.java:78)
	at de.strullerbaumann.visualee.examiner.cdi.TestGroup100Case0.test141(TestGroup100Case0.java:2048)
	at sun.reflect.NativeMethodAccessorImpl.invoke0(Native Method)
	at sun.reflect.NativeMethodAccessorImpl.invoke(NativeMethodAccessorImpl.java:62)
	at sun.reflect.DelegatingMethodAccessorImpl.invoke(DelegatingMethodAccessorImpl.java:43)
	at java.lang.reflect.Method.invoke(Method.java:498)
	at org.junit.runners.model.FrameworkMethod$1.runReflectiveCall(FrameworkMethod.java:50)
	at org.junit.internal.runners.model.ReflectiveCallable.run(ReflectiveCallable.java:12)
	at org.junit.runners.model.FrameworkMethod.invokeExplosively(FrameworkMethod.java:47)
	at org.junit.internal.runners.statements.InvokeMethod.evaluate(InvokeMethod.java:17)
	at edu.illinois.cs.testrunner.execution.JUnitTestRunner.runChild(JUnitTestRunner.java:323)
	at edu.illinois.cs.testrunner.execution.JUnitTestRunner.run(JUnitTestRunner.java:102)
	at org.junit.runner.JUnitCore.run(JUnitCore.java:137)
	at edu.illinois.cs.testrunner.execution.JUnitTestExecutor.execute(JUnitTestExecutor.java:248)
	at edu.illinois.cs.testrunner.execution.JUnitTestExecutor.executeWithJUnit4Runner(JUnitTestExecutor.java:325)
	at edu.illinois.cs.testrunner.execution.JUnitTestExecutor.runOrder(JUnitTestExecutor.java:46)
	at edu.illinois.cs.testrunner.execution.Executor$.$anonfun$run$1(Executor.scala:30)
	at scala.runtime.java8.JFunction0$mcV$sp.apply(JFunction0$mcV$sp.java:12)
	at scala.util.Try$.apply(Try.scala:209)
	at edu.illinois.cs.testrunner.execution.Executor$.run(Executor.scala:28)
	at edu.illinois.cs.testrunner.execution.Executor$.main(Executor.scala:18)
	at edu.illinois.cs.testrunner.execution.Executor.main(Executor.scala)

abr 19, 2024 4:46:41 PM de.strullerbaumann.visualee.logging.LogProvider error
SEVERE: Not valid encoding is configured in the pom.
java.nio.charset.UnsupportedCharsetException: SimplifiedMessageReceiver
	at java.nio.charset.Charset.forName(Charset.java:531)
	at de.strullerbaumann.visualee.source.boundary.JavaSourceContainer.getEncoding(JavaSourceContainer.java:86)
	at de.strullerbaumann.visualee.source.entity.JavaSource.loadSourceCode(JavaSource.java:170)
	at de.strullerbaumann.visualee.source.entity.JavaSource.<init>(JavaSource.java:54)
	at de.strullerbaumann.visualee.source.entity.JavaSourceFactory.newJavaSourceByFilename(JavaSourceFactory.java:67)
	at de.strullerbaumann.visualee.source.boundary.JavaSourceContainer.loadJavaFiles(JavaSourceContainer.java:78)
	at de.strullerbaumann.visualee.examiner.cdi.TestGroup100Case0.test141(TestGroup100Case0.java:2048)
	at sun.reflect.NativeMethodAccessorImpl.invoke0(Native Method)
	at sun.reflect.NativeMethodAccessorImpl.invoke(NativeMethodAccessorImpl.java:62)
	at sun.reflect.DelegatingMethodAccessorImpl.invoke(DelegatingMethodAccessorImpl.java:43)
	at java.lang.reflect.Method.invoke(Method.java:498)
	at org.junit.runners.model.FrameworkMethod$1.runReflectiveCall(FrameworkMethod.java:50)
	at org.junit.internal.runners.model.ReflectiveCallable.run(ReflectiveCallable.java:12)
	at org.junit.runners.model.FrameworkMethod.invokeExplosively(FrameworkMethod.java:47)
	at org.junit.internal.runners.statements.InvokeMethod.evaluate(InvokeMethod.java:17)
	at edu.illinois.cs.testrunner.execution.JUnitTestRunner.runChild(JUnitTestRunner.java:323)
	at edu.illinois.cs.testrunner.execution.JUnitTestRunner.run(JUnitTestRunner.java:102)
	at org.junit.runner.JUnitCore.run(JUnitCore.java:137)
	at edu.illinois.cs.testrunner.execution.JUnitTestExecutor.execute(JUnitTestExecutor.java:248)
	at edu.illinois.cs.testrunner.execution.JUnitTestExecutor.executeWithJUnit4Runner(JUnitTestExecutor.java:325)
	at edu.illinois.cs.testrunner.execution.JUnitTestExecutor.runOrder(JUnitTestExecutor.java:46)
	at edu.illinois.cs.testrunner.execution.Executor$.$anonfun$run$1(Executor.scala:30)
	at scala.runtime.java8.JFunction0$mcV$sp.apply(JFunction0$mcV$sp.java:12)
	at scala.util.Try$.apply(Try.scala:209)
	at edu.illinois.cs.testrunner.execution.Executor$.run(Executor.scala:28)
	at edu.illinois.cs.testrunner.execution.Executor$.main(Executor.scala:18)
	at edu.illinois.cs.testrunner.execution.Executor.main(Executor.scala)

abr 19, 2024 4:46:41 PM de.strullerbaumann.visualee.logging.LogProvider error
SEVERE: Not valid encoding is configured in the pom.
java.nio.charset.UnsupportedCharsetException: SimplifiedMessageReceiver
	at java.nio.charset.Charset.forName(Charset.java:531)
	at de.strullerbaumann.visualee.source.boundary.JavaSourceContainer.getEncoding(JavaSourceContainer.java:86)
	at de.strullerbaumann.visualee.source.entity.JavaSource.loadSourceCode(JavaSource.java:170)
	at de.strullerbaumann.visualee.source.entity.JavaSource.<init>(JavaSource.java:54)
	at de.strullerbaumann.visualee.source.entity.JavaSourceFactory.newJavaSourceByFilename(JavaSourceFactory.java:67)
	at de.strullerbaumann.visualee.source.boundary.JavaSourceContainer.loadJavaFiles(JavaSourceContainer.java:78)
	at de.strullerbaumann.visualee.examiner.cdi.TestGroup100Case0.test141(TestGroup100Case0.java:2048)
	at sun.reflect.NativeMethodAccessorImpl.invoke0(Native Method)
	at sun.reflect.NativeMethodAccessorImpl.invoke(NativeMethodAccessorImpl.java:62)
	at sun.reflect.DelegatingMethodAccessorImpl.invoke(DelegatingMethodAccessorImpl.java:43)
	at java.lang.reflect.Method.invoke(Method.java:498)
	at org.junit.runners.model.FrameworkMethod$1.runReflectiveCall(FrameworkMethod.java:50)
	at org.junit.internal.runners.model.ReflectiveCallable.run(ReflectiveCallable.java:12)
	at org.junit.runners.model.FrameworkMethod.invokeExplosively(FrameworkMethod.java:47)
	at org.junit.internal.runners.statements.InvokeMethod.evaluate(InvokeMethod.java:17)
	at edu.illinois.cs.testrunner.execution.JUnitTestRunner.runChild(JUnitTestRunner.java:323)
	at edu.illinois.cs.testrunner.execution.JUnitTestRunner.run(JUnitTestRunner.java:102)
	at org.junit.runner.JUnitCore.run(JUnitCore.java:137)
	at edu.illinois.cs.testrunner.execution.JUnitTestExecutor.execute(JUnitTestExecutor.java:248)
	at edu.illinois.cs.testrunner.execution.JUnitTestExecutor.executeWithJUnit4Runner(JUnitTestExecutor.java:325)
	at edu.illinois.cs.testrunner.execution.JUnitTestExecutor.runOrder(JUnitTestExecutor.java:46)
	at edu.illinois.cs.testrunner.execution.Executor$.$anonfun$run$1(Executor.scala:30)
	at scala.runtime.java8.JFunction0$mcV$sp.apply(JFunction0$mcV$sp.java:12)
	at scala.util.Try$.apply(Try.scala:209)
	at edu.illinois.cs.testrunner.execution.Executor$.run(Executor.scala:28)
	at edu.illinois.cs.testrunner.execution.Executor$.main(Executor.scala:18)
	at edu.illinois.cs.testrunner.execution.Executor.main(Executor.scala)

abr 19, 2024 4:46:41 PM de.strullerbaumann.visualee.logging.LogProvider error
SEVERE: Not valid encoding is configured in the pom.
java.nio.charset.UnsupportedCharsetException: SimplifiedMessageReceiver
	at java.nio.charset.Charset.forName(Charset.java:531)
	at de.strullerbaumann.visualee.source.boundary.JavaSourceContainer.getEncoding(JavaSourceContainer.java:86)
	at de.strullerbaumann.visualee.source.entity.JavaSource.loadSourceCode(JavaSource.java:170)
	at de.strullerbaumann.visualee.source.entity.JavaSource.<init>(JavaSource.java:54)
	at de.strullerbaumann.visualee.source.entity.JavaSourceFactory.newJavaSourceByFilename(JavaSourceFactory.java:67)
	at de.strullerbaumann.visualee.source.boundary.JavaSourceContainer.loadJavaFiles(JavaSourceContainer.java:78)
	at de.strullerbaumann.visualee.examiner.cdi.TestGroup100Case0.test141(TestGroup100Case0.java:2048)
	at sun.reflect.NativeMethodAccessorImpl.invoke0(Native Method)
	at sun.reflect.NativeMethodAccessorImpl.invoke(NativeMethodAccessorImpl.java:62)
	at sun.reflect.DelegatingMethodAccessorImpl.invoke(DelegatingMethodAccessorImpl.java:43)
	at java.lang.reflect.Method.invoke(Method.java:498)
	at org.junit.runners.model.FrameworkMethod$1.runReflectiveCall(FrameworkMethod.java:50)
	at org.junit.internal.runners.model.ReflectiveCallable.run(ReflectiveCallable.java:12)
	at org.junit.runners.model.FrameworkMethod.invokeExplosively(FrameworkMethod.java:47)
	at org.junit.internal.runners.statements.InvokeMethod.evaluate(InvokeMethod.java:17)
	at edu.illinois.cs.testrunner.execution.JUnitTestRunner.runChild(JUnitTestRunner.java:323)
	at edu.illinois.cs.testrunner.execution.JUnitTestRunner.run(JUnitTestRunner.java:102)
	at org.junit.runner.JUnitCore.run(JUnitCore.java:137)
	at edu.illinois.cs.testrunner.execution.JUnitTestExecutor.execute(JUnitTestExecutor.java:248)
	at edu.illinois.cs.testrunner.execution.JUnitTestExecutor.executeWithJUnit4Runner(JUnitTestExecutor.java:325)
	at edu.illinois.cs.testrunner.execution.JUnitTestExecutor.runOrder(JUnitTestExecutor.java:46)
	at edu.illinois.cs.testrunner.execution.Executor$.$anonfun$run$1(Executor.scala:30)
	at scala.runtime.java8.JFunction0$mcV$sp.apply(JFunction0$mcV$sp.java:12)
	at scala.util.Try$.apply(Try.scala:209)
	at edu.illinois.cs.testrunner.execution.Executor$.run(Executor.scala:28)
	at edu.illinois.cs.testrunner.execution.Executor$.main(Executor.scala:18)
	at edu.illinois.cs.testrunner.execution.Executor.main(Executor.scala)

abr 19, 2024 4:46:41 PM de.strullerbaumann.visualee.logging.LogProvider error
SEVERE: Not valid encoding is configured in the pom.
java.nio.charset.UnsupportedCharsetException: SimplifiedMessageReceiver
	at java.nio.charset.Charset.forName(Charset.java:531)
	at de.strullerbaumann.visualee.source.boundary.JavaSourceContainer.getEncoding(JavaSourceContainer.java:86)
	at de.strullerbaumann.visualee.source.entity.JavaSource.loadSourceCode(JavaSource.java:170)
	at de.strullerbaumann.visualee.source.entity.JavaSource.<init>(JavaSource.java:54)
	at de.strullerbaumann.visualee.source.entity.JavaSourceFactory.newJavaSourceByFilename(JavaSourceFactory.java:67)
	at de.strullerbaumann.visualee.source.boundary.JavaSourceContainer.loadJavaFiles(JavaSourceContainer.java:78)
	at de.strullerbaumann.visualee.examiner.cdi.TestGroup100Case0.test141(TestGroup100Case0.java:2048)
	at sun.reflect.NativeMethodAccessorImpl.invoke0(Native Method)
	at sun.reflect.NativeMethodAccessorImpl.invoke(NativeMethodAccessorImpl.java:62)
	at sun.reflect.DelegatingMethodAccessorImpl.invoke(DelegatingMethodAccessorImpl.java:43)
	at java.lang.reflect.Method.invoke(Method.java:498)
	at org.junit.runners.model.FrameworkMethod$1.runReflectiveCall(FrameworkMethod.java:50)
	at org.junit.internal.runners.model.ReflectiveCallable.run(ReflectiveCallable.java:12)
	at org.junit.runners.model.FrameworkMethod.invokeExplosively(FrameworkMethod.java:47)
	at org.junit.internal.runners.statements.InvokeMethod.evaluate(InvokeMethod.java:17)
	at edu.illinois.cs.testrunner.execution.JUnitTestRunner.runChild(JUnitTestRunner.java:323)
	at edu.illinois.cs.testrunner.execution.JUnitTestRunner.run(JUnitTestRunner.java:102)
	at org.junit.runner.JUnitCore.run(JUnitCore.java:137)
	at edu.illinois.cs.testrunner.execution.JUnitTestExecutor.execute(JUnitTestExecutor.java:248)
	at edu.illinois.cs.testrunner.execution.JUnitTestExecutor.executeWithJUnit4Runner(JUnitTestExecutor.java:325)
	at edu.illinois.cs.testrunner.execution.JUnitTestExecutor.runOrder(JUnitTestExecutor.java:46)
	at edu.illinois.cs.testrunner.execution.Executor$.$anonfun$run$1(Executor.scala:30)
	at scala.runtime.java8.JFunction0$mcV$sp.apply(JFunction0$mcV$sp.java:12)
	at scala.util.Try$.apply(Try.scala:209)
	at edu.illinois.cs.testrunner.execution.Executor$.run(Executor.scala:28)
	at edu.illinois.cs.testrunner.execution.Executor$.main(Executor.scala:18)
	at edu.illinois.cs.testrunner.execution.Executor.main(Executor.scala)

abr 19, 2024 4:46:41 PM de.strullerbaumann.visualee.logging.LogProvider error
SEVERE: Not valid encoding is configured in the pom.
java.nio.charset.UnsupportedCharsetException: SimplifiedMessageReceiver
	at java.nio.charset.Charset.forName(Charset.java:531)
	at de.strullerbaumann.visualee.source.boundary.JavaSourceContainer.getEncoding(JavaSourceContainer.java:86)
	at de.strullerbaumann.visualee.source.entity.JavaSource.loadSourceCode(JavaSource.java:170)
	at de.strullerbaumann.visualee.source.entity.JavaSource.<init>(JavaSource.java:54)
	at de.strullerbaumann.visualee.source.entity.JavaSourceFactory.newJavaSourceByFilename(JavaSourceFactory.java:67)
	at de.strullerbaumann.visualee.source.boundary.JavaSourceContainer.loadJavaFiles(JavaSourceContainer.java:78)
	at de.strullerbaumann.visualee.examiner.cdi.TestGroup100Case0.test141(TestGroup100Case0.java:2048)
	at sun.reflect.NativeMethodAccessorImpl.invoke0(Native Method)
	at sun.reflect.NativeMethodAccessorImpl.invoke(NativeMethodAccessorImpl.java:62)
	at sun.reflect.DelegatingMethodAccessorImpl.invoke(DelegatingMethodAccessorImpl.java:43)
	at java.lang.reflect.Method.invoke(Method.java:498)
	at org.junit.runners.model.FrameworkMethod$1.runReflectiveCall(FrameworkMethod.java:50)
	at org.junit.internal.runners.model.ReflectiveCallable.run(ReflectiveCallable.java:12)
	at org.junit.runners.model.FrameworkMethod.invokeExplosively(FrameworkMethod.java:47)
	at org.junit.internal.runners.statements.InvokeMethod.evaluate(InvokeMethod.java:17)
	at edu.illinois.cs.testrunner.execution.JUnitTestRunner.runChild(JUnitTestRunner.java:323)
	at edu.illinois.cs.testrunner.execution.JUnitTestRunner.run(JUnitTestRunner.java:102)
	at org.junit.runner.JUnitCore.run(JUnitCore.java:137)
	at edu.illinois.cs.testrunner.execution.JUnitTestExecutor.execute(JUnitTestExecutor.java:248)
	at edu.illinois.cs.testrunner.execution.JUnitTestExecutor.executeWithJUnit4Runner(JUnitTestExecutor.java:325)
	at edu.illinois.cs.testrunner.execution.JUnitTestExecutor.runOrder(JUnitTestExecutor.java:46)
	at edu.illinois.cs.testrunner.execution.Executor$.$anonfun$run$1(Executor.scala:30)
	at scala.runtime.java8.JFunction0$mcV$sp.apply(JFunction0$mcV$sp.java:12)
	at scala.util.Try$.apply(Try.scala:209)
	at edu.illinois.cs.testrunner.execution.Executor$.run(Executor.scala:28)
	at edu.illinois.cs.testrunner.execution.Executor$.main(Executor.scala:18)
	at edu.illinois.cs.testrunner.execution.Executor.main(Executor.scala)

abr 19, 2024 4:46:41 PM de.strullerbaumann.visualee.logging.LogProvider error
SEVERE: Not valid encoding is configured in the pom.
java.nio.charset.UnsupportedCharsetException: SimplifiedMessageReceiver
	at java.nio.charset.Charset.forName(Charset.java:531)
	at de.strullerbaumann.visualee.source.boundary.JavaSourceContainer.getEncoding(JavaSourceContainer.java:86)
	at de.strullerbaumann.visualee.source.entity.JavaSource.loadSourceCode(JavaSource.java:170)
	at de.strullerbaumann.visualee.source.entity.JavaSource.<init>(JavaSource.java:54)
	at de.strullerbaumann.visualee.source.entity.JavaSourceFactory.newJavaSourceByFilename(JavaSourceFactory.java:67)
	at de.strullerbaumann.visualee.source.boundary.JavaSourceContainer.loadJavaFiles(JavaSourceContainer.java:78)
	at de.strullerbaumann.visualee.examiner.cdi.TestGroup100Case0.test141(TestGroup100Case0.java:2048)
	at sun.reflect.NativeMethodAccessorImpl.invoke0(Native Method)
	at sun.reflect.NativeMethodAccessorImpl.invoke(NativeMethodAccessorImpl.java:62)
	at sun.reflect.DelegatingMethodAccessorImpl.invoke(DelegatingMethodAccessorImpl.java:43)
	at java.lang.reflect.Method.invoke(Method.java:498)
	at org.junit.runners.model.FrameworkMethod$1.runReflectiveCall(FrameworkMethod.java:50)
	at org.junit.internal.runners.model.ReflectiveCallable.run(ReflectiveCallable.java:12)
	at org.junit.runners.model.FrameworkMethod.invokeExplosively(FrameworkMethod.java:47)
	at org.junit.internal.runners.statements.InvokeMethod.evaluate(InvokeMethod.java:17)
	at edu.illinois.cs.testrunner.execution.JUnitTestRunner.runChild(JUnitTestRunner.java:323)
	at edu.illinois.cs.testrunner.execution.JUnitTestRunner.run(JUnitTestRunner.java:102)
	at org.junit.runner.JUnitCore.run(JUnitCore.java:137)
	at edu.illinois.cs.testrunner.execution.JUnitTestExecutor.execute(JUnitTestExecutor.java:248)
	at edu.illinois.cs.testrunner.execution.JUnitTestExecutor.executeWithJUnit4Runner(JUnitTestExecutor.java:325)
	at edu.illinois.cs.testrunner.execution.JUnitTestExecutor.runOrder(JUnitTestExecutor.java:46)
	at edu.illinois.cs.testrunner.execution.Executor$.$anonfun$run$1(Executor.scala:30)
	at scala.runtime.java8.JFunction0$mcV$sp.apply(JFunction0$mcV$sp.java:12)
	at scala.util.Try$.apply(Try.scala:209)
	at edu.illinois.cs.testrunner.execution.Executor$.run(Executor.scala:28)
	at edu.illinois.cs.testrunner.execution.Executor$.main(Executor.scala:18)
	at edu.illinois.cs.testrunner.execution.Executor.main(Executor.scala)

abr 19, 2024 4:46:41 PM de.strullerbaumann.visualee.logging.LogProvider error
SEVERE: Not valid encoding is configured in the pom.
java.nio.charset.UnsupportedCharsetException: SimplifiedMessageReceiver
	at java.nio.charset.Charset.forName(Charset.java:531)
	at de.strullerbaumann.visualee.source.boundary.JavaSourceContainer.getEncoding(JavaSourceContainer.java:86)
	at de.strullerbaumann.visualee.source.entity.JavaSource.loadSourceCode(JavaSource.java:170)
	at de.strullerbaumann.visualee.source.entity.JavaSource.<init>(JavaSource.java:54)
	at de.strullerbaumann.visualee.source.entity.JavaSourceFactory.newJavaSourceByFilename(JavaSourceFactory.java:67)
	at de.strullerbaumann.visualee.source.boundary.JavaSourceContainer.loadJavaFiles(JavaSourceContainer.java:78)
	at de.strullerbaumann.visualee.examiner.cdi.TestGroup100Case0.test141(TestGroup100Case0.java:2048)
	at sun.reflect.NativeMethodAccessorImpl.invoke0(Native Method)
	at sun.reflect.NativeMethodAccessorImpl.invoke(NativeMethodAccessorImpl.java:62)
	at sun.reflect.DelegatingMethodAccessorImpl.invoke(DelegatingMethodAccessorImpl.java:43)
	at java.lang.reflect.Method.invoke(Method.java:498)
	at org.junit.runners.model.FrameworkMethod$1.runReflectiveCall(FrameworkMethod.java:50)
	at org.junit.internal.runners.model.ReflectiveCallable.run(ReflectiveCallable.java:12)
	at org.junit.runners.model.FrameworkMethod.invokeExplosively(FrameworkMethod.java:47)
	at org.junit.internal.runners.statements.InvokeMethod.evaluate(InvokeMethod.java:17)
	at edu.illinois.cs.testrunner.execution.JUnitTestRunner.runChild(JUnitTestRunner.java:323)
	at edu.illinois.cs.testrunner.execution.JUnitTestRunner.run(JUnitTestRunner.java:102)
	at org.junit.runner.JUnitCore.run(JUnitCore.java:137)
	at edu.illinois.cs.testrunner.execution.JUnitTestExecutor.execute(JUnitTestExecutor.java:248)
	at edu.illinois.cs.testrunner.execution.JUnitTestExecutor.executeWithJUnit4Runner(JUnitTestExecutor.java:325)
	at edu.illinois.cs.testrunner.execution.JUnitTestExecutor.runOrder(JUnitTestExecutor.java:46)
	at edu.illinois.cs.testrunner.execution.Executor$.$anonfun$run$1(Executor.scala:30)
	at scala.runtime.java8.JFunction0$mcV$sp.apply(JFunction0$mcV$sp.java:12)
	at scala.util.Try$.apply(Try.scala:209)
	at edu.illinois.cs.testrunner.execution.Executor$.run(Executor.scala:28)
	at edu.illinois.cs.testrunner.execution.Executor$.main(Executor.scala:18)
	at edu.illinois.cs.testrunner.execution.Executor.main(Executor.scala)

abr 19, 2024 4:46:41 PM de.strullerbaumann.visualee.logging.LogProvider error
SEVERE: Not valid encoding is configured in the pom.
java.nio.charset.UnsupportedCharsetException: SimplifiedMessageReceiver
	at java.nio.charset.Charset.forName(Charset.java:531)
	at de.strullerbaumann.visualee.source.boundary.JavaSourceContainer.getEncoding(JavaSourceContainer.java:86)
	at de.strullerbaumann.visualee.source.entity.JavaSource.loadSourceCode(JavaSource.java:170)
	at de.strullerbaumann.visualee.source.entity.JavaSource.<init>(JavaSource.java:54)
	at de.strullerbaumann.visualee.source.entity.JavaSourceFactory.newJavaSourceByFilename(JavaSourceFactory.java:67)
	at de.strullerbaumann.visualee.source.boundary.JavaSourceContainer.loadJavaFiles(JavaSourceContainer.java:78)
	at de.strullerbaumann.visualee.examiner.cdi.TestGroup100Case0.test141(TestGroup100Case0.java:2048)
	at sun.reflect.NativeMethodAccessorImpl.invoke0(Native Method)
	at sun.reflect.NativeMethodAccessorImpl.invoke(NativeMethodAccessorImpl.java:62)
	at sun.reflect.DelegatingMethodAccessorImpl.invoke(DelegatingMethodAccessorImpl.java:43)
	at java.lang.reflect.Method.invoke(Method.java:498)
	at org.junit.runners.model.FrameworkMethod$1.runReflectiveCall(FrameworkMethod.java:50)
	at org.junit.internal.runners.model.ReflectiveCallable.run(ReflectiveCallable.java:12)
	at org.junit.runners.model.FrameworkMethod.invokeExplosively(FrameworkMethod.java:47)
	at org.junit.internal.runners.statements.InvokeMethod.evaluate(InvokeMethod.java:17)
	at edu.illinois.cs.testrunner.execution.JUnitTestRunner.runChild(JUnitTestRunner.java:323)
	at edu.illinois.cs.testrunner.execution.JUnitTestRunner.run(JUnitTestRunner.java:102)
	at org.junit.runner.JUnitCore.run(JUnitCore.java:137)
	at edu.illinois.cs.testrunner.execution.JUnitTestExecutor.execute(JUnitTestExecutor.java:248)
	at edu.illinois.cs.testrunner.execution.JUnitTestExecutor.executeWithJUnit4Runner(JUnitTestExecutor.java:325)
	at edu.illinois.cs.testrunner.execution.JUnitTestExecutor.runOrder(JUnitTestExecutor.java:46)
	at edu.illinois.cs.testrunner.execution.Executor$.$anonfun$run$1(Executor.scala:30)
	at scala.runtime.java8.JFunction0$mcV$sp.apply(JFunction0$mcV$sp.java:12)
	at scala.util.Try$.apply(Try.scala:209)
	at edu.illinois.cs.testrunner.execution.Executor$.run(Executor.scala:28)
	at edu.illinois.cs.testrunner.execution.Executor$.main(Executor.scala:18)
	at edu.illinois.cs.testrunner.execution.Executor.main(Executor.scala)

abr 19, 2024 4:46:41 PM de.strullerbaumann.visualee.logging.LogProvider error
SEVERE: Not valid encoding is configured in the pom.
java.nio.charset.UnsupportedCharsetException: SimplifiedMessageReceiver
	at java.nio.charset.Charset.forName(Charset.java:531)
	at de.strullerbaumann.visualee.source.boundary.JavaSourceContainer.getEncoding(JavaSourceContainer.java:86)
	at de.strullerbaumann.visualee.source.entity.JavaSource.loadSourceCode(JavaSource.java:170)
	at de.strullerbaumann.visualee.source.entity.JavaSource.<init>(JavaSource.java:54)
	at de.strullerbaumann.visualee.source.entity.JavaSourceFactory.newJavaSourceByFilename(JavaSourceFactory.java:67)
	at de.strullerbaumann.visualee.source.boundary.JavaSourceContainer.loadJavaFiles(JavaSourceContainer.java:78)
	at de.strullerbaumann.visualee.examiner.cdi.TestGroup100Case0.test141(TestGroup100Case0.java:2048)
	at sun.reflect.NativeMethodAccessorImpl.invoke0(Native Method)
	at sun.reflect.NativeMethodAccessorImpl.invoke(NativeMethodAccessorImpl.java:62)
	at sun.reflect.DelegatingMethodAccessorImpl.invoke(DelegatingMethodAccessorImpl.java:43)
	at java.lang.reflect.Method.invoke(Method.java:498)
	at org.junit.runners.model.FrameworkMethod$1.runReflectiveCall(FrameworkMethod.java:50)
	at org.junit.internal.runners.model.ReflectiveCallable.run(ReflectiveCallable.java:12)
	at org.junit.runners.model.FrameworkMethod.invokeExplosively(FrameworkMethod.java:47)
	at org.junit.internal.runners.statements.InvokeMethod.evaluate(InvokeMethod.java:17)
	at edu.illinois.cs.testrunner.execution.JUnitTestRunner.runChild(JUnitTestRunner.java:323)
	at edu.illinois.cs.testrunner.execution.JUnitTestRunner.run(JUnitTestRunner.java:102)
	at org.junit.runner.JUnitCore.run(JUnitCore.java:137)
	at edu.illinois.cs.testrunner.execution.JUnitTestExecutor.execute(JUnitTestExecutor.java:248)
	at edu.illinois.cs.testrunner.execution.JUnitTestExecutor.executeWithJUnit4Runner(JUnitTestExecutor.java:325)
	at edu.illinois.cs.testrunner.execution.JUnitTestExecutor.runOrder(JUnitTestExecutor.java:46)
	at edu.illinois.cs.testrunner.execution.Executor$.$anonfun$run$1(Executor.scala:30)
	at scala.runtime.java8.JFunction0$mcV$sp.apply(JFunction0$mcV$sp.java:12)
	at scala.util.Try$.apply(Try.scala:209)
	at edu.illinois.cs.testrunner.execution.Executor$.run(Executor.scala:28)
	at edu.illinois.cs.testrunner.execution.Executor$.main(Executor.scala:18)
	at edu.illinois.cs.testrunner.execution.Executor.main(Executor.scala)

abr 19, 2024 4:46:41 PM de.strullerbaumann.visualee.logging.LogProvider error
SEVERE: Not valid encoding is configured in the pom.
java.nio.charset.UnsupportedCharsetException: SimplifiedMessageReceiver
	at java.nio.charset.Charset.forName(Charset.java:531)
	at de.strullerbaumann.visualee.source.boundary.JavaSourceContainer.getEncoding(JavaSourceContainer.java:86)
	at de.strullerbaumann.visualee.source.entity.JavaSource.loadSourceCode(JavaSource.java:170)
	at de.strullerbaumann.visualee.source.entity.JavaSource.<init>(JavaSource.java:54)
	at de.strullerbaumann.visualee.source.entity.JavaSourceFactory.newJavaSourceByFilename(JavaSourceFactory.java:67)
	at de.strullerbaumann.visualee.source.boundary.JavaSourceContainer.loadJavaFiles(JavaSourceContainer.java:78)
	at de.strullerbaumann.visualee.examiner.cdi.TestGroup100Case0.test141(TestGroup100Case0.java:2048)
	at sun.reflect.NativeMethodAccessorImpl.invoke0(Native Method)
	at sun.reflect.NativeMethodAccessorImpl.invoke(NativeMethodAccessorImpl.java:62)
	at sun.reflect.DelegatingMethodAccessorImpl.invoke(DelegatingMethodAccessorImpl.java:43)
	at java.lang.reflect.Method.invoke(Method.java:498)
	at org.junit.runners.model.FrameworkMethod$1.runReflectiveCall(FrameworkMethod.java:50)
	at org.junit.internal.runners.model.ReflectiveCallable.run(ReflectiveCallable.java:12)
	at org.junit.runners.model.FrameworkMethod.invokeExplosively(FrameworkMethod.java:47)
	at org.junit.internal.runners.statements.InvokeMethod.evaluate(InvokeMethod.java:17)
	at edu.illinois.cs.testrunner.execution.JUnitTestRunner.runChild(JUnitTestRunner.java:323)
	at edu.illinois.cs.testrunner.execution.JUnitTestRunner.run(JUnitTestRunner.java:102)
	at org.junit.runner.JUnitCore.run(JUnitCore.java:137)
	at edu.illinois.cs.testrunner.execution.JUnitTestExecutor.execute(JUnitTestExecutor.java:248)
	at edu.illinois.cs.testrunner.execution.JUnitTestExecutor.executeWithJUnit4Runner(JUnitTestExecutor.java:325)
	at edu.illinois.cs.testrunner.execution.JUnitTestExecutor.runOrder(JUnitTestExecutor.java:46)
	at edu.illinois.cs.testrunner.execution.Executor$.$anonfun$run$1(Executor.scala:30)
	at scala.runtime.java8.JFunction0$mcV$sp.apply(JFunction0$mcV$sp.java:12)
	at scala.util.Try$.apply(Try.scala:209)
	at edu.illinois.cs.testrunner.execution.Executor$.run(Executor.scala:28)
	at edu.illinois.cs.testrunner.execution.Executor$.main(Executor.scala:18)
	at edu.illinois.cs.testrunner.execution.Executor.main(Executor.scala)

abr 19, 2024 4:46:41 PM de.strullerbaumann.visualee.logging.LogProvider error
SEVERE: Not valid encoding is configured in the pom.
java.nio.charset.UnsupportedCharsetException: SimplifiedMessageReceiver
	at java.nio.charset.Charset.forName(Charset.java:531)
	at de.strullerbaumann.visualee.source.boundary.JavaSourceContainer.getEncoding(JavaSourceContainer.java:86)
	at de.strullerbaumann.visualee.source.entity.JavaSource.loadSourceCode(JavaSource.java:170)
	at de.strullerbaumann.visualee.source.entity.JavaSource.<init>(JavaSource.java:54)
	at de.strullerbaumann.visualee.source.entity.JavaSourceFactory.newJavaSourceByFilename(JavaSourceFactory.java:67)
	at de.strullerbaumann.visualee.source.boundary.JavaSourceContainer.loadJavaFiles(JavaSourceContainer.java:78)
	at de.strullerbaumann.visualee.examiner.cdi.TestGroup100Case0.test141(TestGroup100Case0.java:2048)
	at sun.reflect.NativeMethodAccessorImpl.invoke0(Native Method)
	at sun.reflect.NativeMethodAccessorImpl.invoke(NativeMethodAccessorImpl.java:62)
	at sun.reflect.DelegatingMethodAccessorImpl.invoke(DelegatingMethodAccessorImpl.java:43)
	at java.lang.reflect.Method.invoke(Method.java:498)
	at org.junit.runners.model.FrameworkMethod$1.runReflectiveCall(FrameworkMethod.java:50)
	at org.junit.internal.runners.model.ReflectiveCallable.run(ReflectiveCallable.java:12)
	at org.junit.runners.model.FrameworkMethod.invokeExplosively(FrameworkMethod.java:47)
	at org.junit.internal.runners.statements.InvokeMethod.evaluate(InvokeMethod.java:17)
	at edu.illinois.cs.testrunner.execution.JUnitTestRunner.runChild(JUnitTestRunner.java:323)
	at edu.illinois.cs.testrunner.execution.JUnitTestRunner.run(JUnitTestRunner.java:102)
	at org.junit.runner.JUnitCore.run(JUnitCore.java:137)
	at edu.illinois.cs.testrunner.execution.JUnitTestExecutor.execute(JUnitTestExecutor.java:248)
	at edu.illinois.cs.testrunner.execution.JUnitTestExecutor.executeWithJUnit4Runner(JUnitTestExecutor.java:325)
	at edu.illinois.cs.testrunner.execution.JUnitTestExecutor.runOrder(JUnitTestExecutor.java:46)
	at edu.illinois.cs.testrunner.execution.Executor$.$anonfun$run$1(Executor.scala:30)
	at scala.runtime.java8.JFunction0$mcV$sp.apply(JFunction0$mcV$sp.java:12)
	at scala.util.Try$.apply(Try.scala:209)
	at edu.illinois.cs.testrunner.execution.Executor$.run(Executor.scala:28)
	at edu.illinois.cs.testrunner.execution.Executor$.main(Executor.scala:18)
	at edu.illinois.cs.testrunner.execution.Executor.main(Executor.scala)

abr 19, 2024 4:46:41 PM de.strullerbaumann.visualee.logging.LogProvider error
SEVERE: Not valid encoding is configured in the pom.
java.nio.charset.UnsupportedCharsetException: SimplifiedMessageReceiver
	at java.nio.charset.Charset.forName(Charset.java:531)
	at de.strullerbaumann.visualee.source.boundary.JavaSourceContainer.getEncoding(JavaSourceContainer.java:86)
	at de.strullerbaumann.visualee.source.entity.JavaSource.loadSourceCode(JavaSource.java:170)
	at de.strullerbaumann.visualee.source.entity.JavaSource.<init>(JavaSource.java:54)
	at de.strullerbaumann.visualee.source.entity.JavaSourceFactory.newJavaSourceByFilename(JavaSourceFactory.java:67)
	at de.strullerbaumann.visualee.source.boundary.JavaSourceContainer.loadJavaFiles(JavaSourceContainer.java:78)
	at de.strullerbaumann.visualee.examiner.cdi.TestGroup100Case0.test141(TestGroup100Case0.java:2048)
	at sun.reflect.NativeMethodAccessorImpl.invoke0(Native Method)
	at sun.reflect.NativeMethodAccessorImpl.invoke(NativeMethodAccessorImpl.java:62)
	at sun.reflect.DelegatingMethodAccessorImpl.invoke(DelegatingMethodAccessorImpl.java:43)
	at java.lang.reflect.Method.invoke(Method.java:498)
	at org.junit.runners.model.FrameworkMethod$1.runReflectiveCall(FrameworkMethod.java:50)
	at org.junit.internal.runners.model.ReflectiveCallable.run(ReflectiveCallable.java:12)
	at org.junit.runners.model.FrameworkMethod.invokeExplosively(FrameworkMethod.java:47)
	at org.junit.internal.runners.statements.InvokeMethod.evaluate(InvokeMethod.java:17)
	at edu.illinois.cs.testrunner.execution.JUnitTestRunner.runChild(JUnitTestRunner.java:323)
	at edu.illinois.cs.testrunner.execution.JUnitTestRunner.run(JUnitTestRunner.java:102)
	at org.junit.runner.JUnitCore.run(JUnitCore.java:137)
	at edu.illinois.cs.testrunner.execution.JUnitTestExecutor.execute(JUnitTestExecutor.java:248)
	at edu.illinois.cs.testrunner.execution.JUnitTestExecutor.executeWithJUnit4Runner(JUnitTestExecutor.java:325)
	at edu.illinois.cs.testrunner.execution.JUnitTestExecutor.runOrder(JUnitTestExecutor.java:46)
	at edu.illinois.cs.testrunner.execution.Executor$.$anonfun$run$1(Executor.scala:30)
	at scala.runtime.java8.JFunction0$mcV$sp.apply(JFunction0$mcV$sp.java:12)
	at scala.util.Try$.apply(Try.scala:209)
	at edu.illinois.cs.testrunner.execution.Executor$.run(Executor.scala:28)
	at edu.illinois.cs.testrunner.execution.Executor$.main(Executor.scala:18)
	at edu.illinois.cs.testrunner.execution.Executor.main(Executor.scala)

abr 19, 2024 4:46:41 PM de.strullerbaumann.visualee.logging.LogProvider error
SEVERE: Not valid encoding is configured in the pom.
java.nio.charset.UnsupportedCharsetException: SimplifiedMessageReceiver
	at java.nio.charset.Charset.forName(Charset.java:531)
	at de.strullerbaumann.visualee.source.boundary.JavaSourceContainer.getEncoding(JavaSourceContainer.java:86)
	at de.strullerbaumann.visualee.source.entity.JavaSource.loadSourceCode(JavaSource.java:170)
	at de.strullerbaumann.visualee.source.entity.JavaSource.<init>(JavaSource.java:54)
	at de.strullerbaumann.visualee.source.entity.JavaSourceFactory.newJavaSourceByFilename(JavaSourceFactory.java:67)
	at de.strullerbaumann.visualee.source.boundary.JavaSourceContainer.loadJavaFiles(JavaSourceContainer.java:78)
	at de.strullerbaumann.visualee.examiner.cdi.TestGroup100Case0.test141(TestGroup100Case0.java:2048)
	at sun.reflect.NativeMethodAccessorImpl.invoke0(Native Method)
	at sun.reflect.NativeMethodAccessorImpl.invoke(NativeMethodAccessorImpl.java:62)
	at sun.reflect.DelegatingMethodAccessorImpl.invoke(DelegatingMethodAccessorImpl.java:43)
	at java.lang.reflect.Method.invoke(Method.java:498)
	at org.junit.runners.model.FrameworkMethod$1.runReflectiveCall(FrameworkMethod.java:50)
	at org.junit.internal.runners.model.ReflectiveCallable.run(ReflectiveCallable.java:12)
	at org.junit.runners.model.FrameworkMethod.invokeExplosively(FrameworkMethod.java:47)
	at org.junit.internal.runners.statements.InvokeMethod.evaluate(InvokeMethod.java:17)
	at edu.illinois.cs.testrunner.execution.JUnitTestRunner.runChild(JUnitTestRunner.java:323)
	at edu.illinois.cs.testrunner.execution.JUnitTestRunner.run(JUnitTestRunner.java:102)
	at org.junit.runner.JUnitCore.run(JUnitCore.java:137)
	at edu.illinois.cs.testrunner.execution.JUnitTestExecutor.execute(JUnitTestExecutor.java:248)
	at edu.illinois.cs.testrunner.execution.JUnitTestExecutor.executeWithJUnit4Runner(JUnitTestExecutor.java:325)
	at edu.illinois.cs.testrunner.execution.JUnitTestExecutor.runOrder(JUnitTestExecutor.java:46)
	at edu.illinois.cs.testrunner.execution.Executor$.$anonfun$run$1(Executor.scala:30)
	at scala.runtime.java8.JFunction0$mcV$sp.apply(JFunction0$mcV$sp.java:12)
	at scala.util.Try$.apply(Try.scala:209)
	at edu.illinois.cs.testrunner.execution.Executor$.run(Executor.scala:28)
	at edu.illinois.cs.testrunner.execution.Executor$.main(Executor.scala:18)
	at edu.illinois.cs.testrunner.execution.Executor.main(Executor.scala)

abr 19, 2024 4:46:41 PM de.strullerbaumann.visualee.logging.LogProvider error
SEVERE: Not valid encoding is configured in the pom.
java.nio.charset.UnsupportedCharsetException: SimplifiedMessageReceiver
	at java.nio.charset.Charset.forName(Charset.java:531)
	at de.strullerbaumann.visualee.source.boundary.JavaSourceContainer.getEncoding(JavaSourceContainer.java:86)
	at de.strullerbaumann.visualee.source.entity.JavaSource.loadSourceCode(JavaSource.java:170)
	at de.strullerbaumann.visualee.source.entity.JavaSource.<init>(JavaSource.java:54)
	at de.strullerbaumann.visualee.source.entity.JavaSourceFactory.newJavaSourceByFilename(JavaSourceFactory.java:67)
	at de.strullerbaumann.visualee.source.boundary.JavaSourceContainer.loadJavaFiles(JavaSourceContainer.java:78)
	at de.strullerbaumann.visualee.examiner.cdi.TestGroup100Case0.test141(TestGroup100Case0.java:2048)
	at sun.reflect.NativeMethodAccessorImpl.invoke0(Native Method)
	at sun.reflect.NativeMethodAccessorImpl.invoke(NativeMethodAccessorImpl.java:62)
	at sun.reflect.DelegatingMethodAccessorImpl.invoke(DelegatingMethodAccessorImpl.java:43)
	at java.lang.reflect.Method.invoke(Method.java:498)
	at org.junit.runners.model.FrameworkMethod$1.runReflectiveCall(FrameworkMethod.java:50)
	at org.junit.internal.runners.model.ReflectiveCallable.run(ReflectiveCallable.java:12)
	at org.junit.runners.model.FrameworkMethod.invokeExplosively(FrameworkMethod.java:47)
	at org.junit.internal.runners.statements.InvokeMethod.evaluate(InvokeMethod.java:17)
	at edu.illinois.cs.testrunner.execution.JUnitTestRunner.runChild(JUnitTestRunner.java:323)
	at edu.illinois.cs.testrunner.execution.JUnitTestRunner.run(JUnitTestRunner.java:102)
	at org.junit.runner.JUnitCore.run(JUnitCore.java:137)
	at edu.illinois.cs.testrunner.execution.JUnitTestExecutor.execute(JUnitTestExecutor.java:248)
	at edu.illinois.cs.testrunner.execution.JUnitTestExecutor.executeWithJUnit4Runner(JUnitTestExecutor.java:325)
	at edu.illinois.cs.testrunner.execution.JUnitTestExecutor.runOrder(JUnitTestExecutor.java:46)
	at edu.illinois.cs.testrunner.execution.Executor$.$anonfun$run$1(Executor.scala:30)
	at scala.runtime.java8.JFunction0$mcV$sp.apply(JFunction0$mcV$sp.java:12)
	at scala.util.Try$.apply(Try.scala:209)
	at edu.illinois.cs.testrunner.execution.Executor$.run(Executor.scala:28)
	at edu.illinois.cs.testrunner.execution.Executor$.main(Executor.scala:18)
	at edu.illinois.cs.testrunner.execution.Executor.main(Executor.scala)

abr 19, 2024 4:46:41 PM de.strullerbaumann.visualee.logging.LogProvider error
SEVERE: Not valid encoding is configured in the pom.
java.nio.charset.UnsupportedCharsetException: SimplifiedMessageReceiver
	at java.nio.charset.Charset.forName(Charset.java:531)
	at de.strullerbaumann.visualee.source.boundary.JavaSourceContainer.getEncoding(JavaSourceContainer.java:86)
	at de.strullerbaumann.visualee.source.entity.JavaSource.loadSourceCode(JavaSource.java:170)
	at de.strullerbaumann.visualee.source.entity.JavaSource.<init>(JavaSource.java:54)
	at de.strullerbaumann.visualee.source.entity.JavaSourceFactory.newJavaSourceByFilename(JavaSourceFactory.java:67)
	at de.strullerbaumann.visualee.source.boundary.JavaSourceContainer.loadJavaFiles(JavaSourceContainer.java:78)
	at de.strullerbaumann.visualee.examiner.cdi.TestGroup100Case0.test141(TestGroup100Case0.java:2048)
	at sun.reflect.NativeMethodAccessorImpl.invoke0(Native Method)
	at sun.reflect.NativeMethodAccessorImpl.invoke(NativeMethodAccessorImpl.java:62)
	at sun.reflect.DelegatingMethodAccessorImpl.invoke(DelegatingMethodAccessorImpl.java:43)
	at java.lang.reflect.Method.invoke(Method.java:498)
	at org.junit.runners.model.FrameworkMethod$1.runReflectiveCall(FrameworkMethod.java:50)
	at org.junit.internal.runners.model.ReflectiveCallable.run(ReflectiveCallable.java:12)
	at org.junit.runners.model.FrameworkMethod.invokeExplosively(FrameworkMethod.java:47)
	at org.junit.internal.runners.statements.InvokeMethod.evaluate(InvokeMethod.java:17)
	at edu.illinois.cs.testrunner.execution.JUnitTestRunner.runChild(JUnitTestRunner.java:323)
	at edu.illinois.cs.testrunner.execution.JUnitTestRunner.run(JUnitTestRunner.java:102)
	at org.junit.runner.JUnitCore.run(JUnitCore.java:137)
	at edu.illinois.cs.testrunner.execution.JUnitTestExecutor.execute(JUnitTestExecutor.java:248)
	at edu.illinois.cs.testrunner.execution.JUnitTestExecutor.executeWithJUnit4Runner(JUnitTestExecutor.java:325)
	at edu.illinois.cs.testrunner.execution.JUnitTestExecutor.runOrder(JUnitTestExecutor.java:46)
	at edu.illinois.cs.testrunner.execution.Executor$.$anonfun$run$1(Executor.scala:30)
	at scala.runtime.java8.JFunction0$mcV$sp.apply(JFunction0$mcV$sp.java:12)
	at scala.util.Try$.apply(Try.scala:209)
	at edu.illinois.cs.testrunner.execution.Executor$.run(Executor.scala:28)
	at edu.illinois.cs.testrunner.execution.Executor$.main(Executor.scala:18)
	at edu.illinois.cs.testrunner.execution.Executor.main(Executor.scala)

abr 19, 2024 4:46:41 PM de.strullerbaumann.visualee.logging.LogProvider error
SEVERE: Not valid encoding is configured in the pom.
java.nio.charset.UnsupportedCharsetException: SimplifiedMessageReceiver
	at java.nio.charset.Charset.forName(Charset.java:531)
	at de.strullerbaumann.visualee.source.boundary.JavaSourceContainer.getEncoding(JavaSourceContainer.java:86)
	at de.strullerbaumann.visualee.source.entity.JavaSource.loadSourceCode(JavaSource.java:170)
	at de.strullerbaumann.visualee.source.entity.JavaSource.<init>(JavaSource.java:54)
	at de.strullerbaumann.visualee.source.entity.JavaSourceFactory.newJavaSourceByFilename(JavaSourceFactory.java:67)
	at de.strullerbaumann.visualee.source.boundary.JavaSourceContainer.loadJavaFiles(JavaSourceContainer.java:78)
	at de.strullerbaumann.visualee.examiner.cdi.TestGroup100Case0.test141(TestGroup100Case0.java:2048)
	at sun.reflect.NativeMethodAccessorImpl.invoke0(Native Method)
	at sun.reflect.NativeMethodAccessorImpl.invoke(NativeMethodAccessorImpl.java:62)
	at sun.reflect.DelegatingMethodAccessorImpl.invoke(DelegatingMethodAccessorImpl.java:43)
	at java.lang.reflect.Method.invoke(Method.java:498)
	at org.junit.runners.model.FrameworkMethod$1.runReflectiveCall(FrameworkMethod.java:50)
	at org.junit.internal.runners.model.ReflectiveCallable.run(ReflectiveCallable.java:12)
	at org.junit.runners.model.FrameworkMethod.invokeExplosively(FrameworkMethod.java:47)
	at org.junit.internal.runners.statements.InvokeMethod.evaluate(InvokeMethod.java:17)
	at edu.illinois.cs.testrunner.execution.JUnitTestRunner.runChild(JUnitTestRunner.java:323)
	at edu.illinois.cs.testrunner.execution.JUnitTestRunner.run(JUnitTestRunner.java:102)
	at org.junit.runner.JUnitCore.run(JUnitCore.java:137)
	at edu.illinois.cs.testrunner.execution.JUnitTestExecutor.execute(JUnitTestExecutor.java:248)
	at edu.illinois.cs.testrunner.execution.JUnitTestExecutor.executeWithJUnit4Runner(JUnitTestExecutor.java:325)
	at edu.illinois.cs.testrunner.execution.JUnitTestExecutor.runOrder(JUnitTestExecutor.java:46)
	at edu.illinois.cs.testrunner.execution.Executor$.$anonfun$run$1(Executor.scala:30)
	at scala.runtime.java8.JFunction0$mcV$sp.apply(JFunction0$mcV$sp.java:12)
	at scala.util.Try$.apply(Try.scala:209)
	at edu.illinois.cs.testrunner.execution.Executor$.run(Executor.scala:28)
	at edu.illinois.cs.testrunner.execution.Executor$.main(Executor.scala:18)
	at edu.illinois.cs.testrunner.execution.Executor.main(Executor.scala)

abr 19, 2024 4:46:41 PM de.strullerbaumann.visualee.logging.LogProvider error
SEVERE: Not valid encoding is configured in the pom.
java.nio.charset.UnsupportedCharsetException: SimplifiedMessageReceiver
	at java.nio.charset.Charset.forName(Charset.java:531)
	at de.strullerbaumann.visualee.source.boundary.JavaSourceContainer.getEncoding(JavaSourceContainer.java:86)
	at de.strullerbaumann.visualee.source.entity.JavaSource.loadSourceCode(JavaSource.java:170)
	at de.strullerbaumann.visualee.source.entity.JavaSource.<init>(JavaSource.java:54)
	at de.strullerbaumann.visualee.source.entity.JavaSourceFactory.newJavaSourceByFilename(JavaSourceFactory.java:67)
	at de.strullerbaumann.visualee.source.boundary.JavaSourceContainer.loadJavaFiles(JavaSourceContainer.java:78)
	at de.strullerbaumann.visualee.examiner.cdi.TestGroup100Case0.test141(TestGroup100Case0.java:2048)
	at sun.reflect.NativeMethodAccessorImpl.invoke0(Native Method)
	at sun.reflect.NativeMethodAccessorImpl.invoke(NativeMethodAccessorImpl.java:62)
	at sun.reflect.DelegatingMethodAccessorImpl.invoke(DelegatingMethodAccessorImpl.java:43)
	at java.lang.reflect.Method.invoke(Method.java:498)
	at org.junit.runners.model.FrameworkMethod$1.runReflectiveCall(FrameworkMethod.java:50)
	at org.junit.internal.runners.model.ReflectiveCallable.run(ReflectiveCallable.java:12)
	at org.junit.runners.model.FrameworkMethod.invokeExplosively(FrameworkMethod.java:47)
	at org.junit.internal.runners.statements.InvokeMethod.evaluate(InvokeMethod.java:17)
	at edu.illinois.cs.testrunner.execution.JUnitTestRunner.runChild(JUnitTestRunner.java:323)
	at edu.illinois.cs.testrunner.execution.JUnitTestRunner.run(JUnitTestRunner.java:102)
	at org.junit.runner.JUnitCore.run(JUnitCore.java:137)
	at edu.illinois.cs.testrunner.execution.JUnitTestExecutor.execute(JUnitTestExecutor.java:248)
	at edu.illinois.cs.testrunner.execution.JUnitTestExecutor.executeWithJUnit4Runner(JUnitTestExecutor.java:325)
	at edu.illinois.cs.testrunner.execution.JUnitTestExecutor.runOrder(JUnitTestExecutor.java:46)
	at edu.illinois.cs.testrunner.execution.Executor$.$anonfun$run$1(Executor.scala:30)
	at scala.runtime.java8.JFunction0$mcV$sp.apply(JFunction0$mcV$sp.java:12)
	at scala.util.Try$.apply(Try.scala:209)
	at edu.illinois.cs.testrunner.execution.Executor$.run(Executor.scala:28)
	at edu.illinois.cs.testrunner.execution.Executor$.main(Executor.scala:18)
	at edu.illinois.cs.testrunner.execution.Executor.main(Executor.scala)

abr 19, 2024 4:46:41 PM de.strullerbaumann.visualee.logging.LogProvider error
SEVERE: Not valid encoding is configured in the pom.
java.nio.charset.UnsupportedCharsetException: SimplifiedMessageReceiver
	at java.nio.charset.Charset.forName(Charset.java:531)
	at de.strullerbaumann.visualee.source.boundary.JavaSourceContainer.getEncoding(JavaSourceContainer.java:86)
	at de.strullerbaumann.visualee.source.entity.JavaSource.loadSourceCode(JavaSource.java:170)
	at de.strullerbaumann.visualee.source.entity.JavaSource.<init>(JavaSource.java:54)
	at de.strullerbaumann.visualee.source.entity.JavaSourceFactory.newJavaSourceByFilename(JavaSourceFactory.java:67)
	at de.strullerbaumann.visualee.source.boundary.JavaSourceContainer.loadJavaFiles(JavaSourceContainer.java:78)
	at de.strullerbaumann.visualee.examiner.cdi.TestGroup100Case0.test141(TestGroup100Case0.java:2048)
	at sun.reflect.NativeMethodAccessorImpl.invoke0(Native Method)
	at sun.reflect.NativeMethodAccessorImpl.invoke(NativeMethodAccessorImpl.java:62)
	at sun.reflect.DelegatingMethodAccessorImpl.invoke(DelegatingMethodAccessorImpl.java:43)
	at java.lang.reflect.Method.invoke(Method.java:498)
	at org.junit.runners.model.FrameworkMethod$1.runReflectiveCall(FrameworkMethod.java:50)
	at org.junit.internal.runners.model.ReflectiveCallable.run(ReflectiveCallable.java:12)
	at org.junit.runners.model.FrameworkMethod.invokeExplosively(FrameworkMethod.java:47)
	at org.junit.internal.runners.statements.InvokeMethod.evaluate(InvokeMethod.java:17)
	at edu.illinois.cs.testrunner.execution.JUnitTestRunner.runChild(JUnitTestRunner.java:323)
	at edu.illinois.cs.testrunner.execution.JUnitTestRunner.run(JUnitTestRunner.java:102)
	at org.junit.runner.JUnitCore.run(JUnitCore.java:137)
	at edu.illinois.cs.testrunner.execution.JUnitTestExecutor.execute(JUnitTestExecutor.java:248)
	at edu.illinois.cs.testrunner.execution.JUnitTestExecutor.executeWithJUnit4Runner(JUnitTestExecutor.java:325)
	at edu.illinois.cs.testrunner.execution.JUnitTestExecutor.runOrder(JUnitTestExecutor.java:46)
	at edu.illinois.cs.testrunner.execution.Executor$.$anonfun$run$1(Executor.scala:30)
	at scala.runtime.java8.JFunction0$mcV$sp.apply(JFunction0$mcV$sp.java:12)
	at scala.util.Try$.apply(Try.scala:209)
	at edu.illinois.cs.testrunner.execution.Executor$.run(Executor.scala:28)
	at edu.illinois.cs.testrunner.execution.Executor$.main(Executor.scala:18)
	at edu.illinois.cs.testrunner.execution.Executor.main(Executor.scala)

abr 19, 2024 4:46:41 PM de.strullerbaumann.visualee.logging.LogProvider error
SEVERE: Not valid encoding is configured in the pom.
java.nio.charset.UnsupportedCharsetException: SimplifiedMessageReceiver
	at java.nio.charset.Charset.forName(Charset.java:531)
	at de.strullerbaumann.visualee.source.boundary.JavaSourceContainer.getEncoding(JavaSourceContainer.java:86)
	at de.strullerbaumann.visualee.source.entity.JavaSource.loadSourceCode(JavaSource.java:170)
	at de.strullerbaumann.visualee.source.entity.JavaSource.<init>(JavaSource.java:54)
	at de.strullerbaumann.visualee.source.entity.JavaSourceFactory.newJavaSourceByFilename(JavaSourceFactory.java:67)
	at de.strullerbaumann.visualee.source.boundary.JavaSourceContainer.loadJavaFiles(JavaSourceContainer.java:78)
	at de.strullerbaumann.visualee.examiner.cdi.TestGroup100Case0.test141(TestGroup100Case0.java:2048)
	at sun.reflect.NativeMethodAccessorImpl.invoke0(Native Method)
	at sun.reflect.NativeMethodAccessorImpl.invoke(NativeMethodAccessorImpl.java:62)
	at sun.reflect.DelegatingMethodAccessorImpl.invoke(DelegatingMethodAccessorImpl.java:43)
	at java.lang.reflect.Method.invoke(Method.java:498)
	at org.junit.runners.model.FrameworkMethod$1.runReflectiveCall(FrameworkMethod.java:50)
	at org.junit.internal.runners.model.ReflectiveCallable.run(ReflectiveCallable.java:12)
	at org.junit.runners.model.FrameworkMethod.invokeExplosively(FrameworkMethod.java:47)
	at org.junit.internal.runners.statements.InvokeMethod.evaluate(InvokeMethod.java:17)
	at edu.illinois.cs.testrunner.execution.JUnitTestRunner.runChild(JUnitTestRunner.java:323)
	at edu.illinois.cs.testrunner.execution.JUnitTestRunner.run(JUnitTestRunner.java:102)
	at org.junit.runner.JUnitCore.run(JUnitCore.java:137)
	at edu.illinois.cs.testrunner.execution.JUnitTestExecutor.execute(JUnitTestExecutor.java:248)
	at edu.illinois.cs.testrunner.execution.JUnitTestExecutor.executeWithJUnit4Runner(JUnitTestExecutor.java:325)
	at edu.illinois.cs.testrunner.execution.JUnitTestExecutor.runOrder(JUnitTestExecutor.java:46)
	at edu.illinois.cs.testrunner.execution.Executor$.$anonfun$run$1(Executor.scala:30)
	at scala.runtime.java8.JFunction0$mcV$sp.apply(JFunction0$mcV$sp.java:12)
	at scala.util.Try$.apply(Try.scala:209)
	at edu.illinois.cs.testrunner.execution.Executor$.run(Executor.scala:28)
	at edu.illinois.cs.testrunner.execution.Executor$.main(Executor.scala:18)
	at edu.illinois.cs.testrunner.execution.Executor.main(Executor.scala)

abr 19, 2024 4:46:41 PM de.strullerbaumann.visualee.logging.LogProvider error
SEVERE: Not valid encoding is configured in the pom.
java.nio.charset.UnsupportedCharsetException: SimplifiedMessageReceiver
	at java.nio.charset.Charset.forName(Charset.java:531)
	at de.strullerbaumann.visualee.source.boundary.JavaSourceContainer.getEncoding(JavaSourceContainer.java:86)
	at de.strullerbaumann.visualee.source.entity.JavaSource.loadSourceCode(JavaSource.java:170)
	at de.strullerbaumann.visualee.source.entity.JavaSource.<init>(JavaSource.java:54)
	at de.strullerbaumann.visualee.source.entity.JavaSourceFactory.newJavaSourceByFilename(JavaSourceFactory.java:67)
	at de.strullerbaumann.visualee.source.boundary.JavaSourceContainer.loadJavaFiles(JavaSourceContainer.java:78)
	at de.strullerbaumann.visualee.examiner.cdi.TestGroup100Case0.test141(TestGroup100Case0.java:2048)
	at sun.reflect.NativeMethodAccessorImpl.invoke0(Native Method)
	at sun.reflect.NativeMethodAccessorImpl.invoke(NativeMethodAccessorImpl.java:62)
	at sun.reflect.DelegatingMethodAccessorImpl.invoke(DelegatingMethodAccessorImpl.java:43)
	at java.lang.reflect.Method.invoke(Method.java:498)
	at org.junit.runners.model.FrameworkMethod$1.runReflectiveCall(FrameworkMethod.java:50)
	at org.junit.internal.runners.model.ReflectiveCallable.run(ReflectiveCallable.java:12)
	at org.junit.runners.model.FrameworkMethod.invokeExplosively(FrameworkMethod.java:47)
	at org.junit.internal.runners.statements.InvokeMethod.evaluate(InvokeMethod.java:17)
	at edu.illinois.cs.testrunner.execution.JUnitTestRunner.runChild(JUnitTestRunner.java:323)
	at edu.illinois.cs.testrunner.execution.JUnitTestRunner.run(JUnitTestRunner.java:102)
	at org.junit.runner.JUnitCore.run(JUnitCore.java:137)
	at edu.illinois.cs.testrunner.execution.JUnitTestExecutor.execute(JUnitTestExecutor.java:248)
	at edu.illinois.cs.testrunner.execution.JUnitTestExecutor.executeWithJUnit4Runner(JUnitTestExecutor.java:325)
	at edu.illinois.cs.testrunner.execution.JUnitTestExecutor.runOrder(JUnitTestExecutor.java:46)
	at edu.illinois.cs.testrunner.execution.Executor$.$anonfun$run$1(Executor.scala:30)
	at scala.runtime.java8.JFunction0$mcV$sp.apply(JFunction0$mcV$sp.java:12)
	at scala.util.Try$.apply(Try.scala:209)
	at edu.illinois.cs.testrunner.execution.Executor$.run(Executor.scala:28)
	at edu.illinois.cs.testrunner.execution.Executor$.main(Executor.scala:18)
	at edu.illinois.cs.testrunner.execution.Executor.main(Executor.scala)

abr 19, 2024 4:46:41 PM de.strullerbaumann.visualee.logging.LogProvider error
SEVERE: Not valid encoding is configured in the pom.
java.nio.charset.UnsupportedCharsetException: SimplifiedMessageReceiver
	at java.nio.charset.Charset.forName(Charset.java:531)
	at de.strullerbaumann.visualee.source.boundary.JavaSourceContainer.getEncoding(JavaSourceContainer.java:86)
	at de.strullerbaumann.visualee.source.entity.JavaSource.loadSourceCode(JavaSource.java:170)
	at de.strullerbaumann.visualee.source.entity.JavaSource.<init>(JavaSource.java:54)
	at de.strullerbaumann.visualee.source.entity.JavaSourceFactory.newJavaSourceByFilename(JavaSourceFactory.java:67)
	at de.strullerbaumann.visualee.source.boundary.JavaSourceContainer.loadJavaFiles(JavaSourceContainer.java:78)
	at de.strullerbaumann.visualee.examiner.cdi.TestGroup100Case0.test141(TestGroup100Case0.java:2048)
	at sun.reflect.NativeMethodAccessorImpl.invoke0(Native Method)
	at sun.reflect.NativeMethodAccessorImpl.invoke(NativeMethodAccessorImpl.java:62)
	at sun.reflect.DelegatingMethodAccessorImpl.invoke(DelegatingMethodAccessorImpl.java:43)
	at java.lang.reflect.Method.invoke(Method.java:498)
	at org.junit.runners.model.FrameworkMethod$1.runReflectiveCall(FrameworkMethod.java:50)
	at org.junit.internal.runners.model.ReflectiveCallable.run(ReflectiveCallable.java:12)
	at org.junit.runners.model.FrameworkMethod.invokeExplosively(FrameworkMethod.java:47)
	at org.junit.internal.runners.statements.InvokeMethod.evaluate(InvokeMethod.java:17)
	at edu.illinois.cs.testrunner.execution.JUnitTestRunner.runChild(JUnitTestRunner.java:323)
	at edu.illinois.cs.testrunner.execution.JUnitTestRunner.run(JUnitTestRunner.java:102)
	at org.junit.runner.JUnitCore.run(JUnitCore.java:137)
	at edu.illinois.cs.testrunner.execution.JUnitTestExecutor.execute(JUnitTestExecutor.java:248)
	at edu.illinois.cs.testrunner.execution.JUnitTestExecutor.executeWithJUnit4Runner(JUnitTestExecutor.java:325)
	at edu.illinois.cs.testrunner.execution.JUnitTestExecutor.runOrder(JUnitTestExecutor.java:46)
	at edu.illinois.cs.testrunner.execution.Executor$.$anonfun$run$1(Executor.scala:30)
	at scala.runtime.java8.JFunction0$mcV$sp.apply(JFunction0$mcV$sp.java:12)
	at scala.util.Try$.apply(Try.scala:209)
	at edu.illinois.cs.testrunner.execution.Executor$.run(Executor.scala:28)
	at edu.illinois.cs.testrunner.execution.Executor$.main(Executor.scala:18)
	at edu.illinois.cs.testrunner.execution.Executor.main(Executor.scala)

abr 19, 2024 4:46:41 PM de.strullerbaumann.visualee.logging.LogProvider error
SEVERE: Not valid encoding is configured in the pom.
java.nio.charset.UnsupportedCharsetException: SimplifiedMessageReceiver
	at java.nio.charset.Charset.forName(Charset.java:531)
	at de.strullerbaumann.visualee.source.boundary.JavaSourceContainer.getEncoding(JavaSourceContainer.java:86)
	at de.strullerbaumann.visualee.source.entity.JavaSource.loadSourceCode(JavaSource.java:170)
	at de.strullerbaumann.visualee.source.entity.JavaSource.<init>(JavaSource.java:54)
	at de.strullerbaumann.visualee.source.entity.JavaSourceFactory.newJavaSourceByFilename(JavaSourceFactory.java:67)
	at de.strullerbaumann.visualee.source.boundary.JavaSourceContainer.loadJavaFiles(JavaSourceContainer.java:78)
	at de.strullerbaumann.visualee.examiner.cdi.TestGroup100Case0.test141(TestGroup100Case0.java:2048)
	at sun.reflect.NativeMethodAccessorImpl.invoke0(Native Method)
	at sun.reflect.NativeMethodAccessorImpl.invoke(NativeMethodAccessorImpl.java:62)
	at sun.reflect.DelegatingMethodAccessorImpl.invoke(DelegatingMethodAccessorImpl.java:43)
	at java.lang.reflect.Method.invoke(Method.java:498)
	at org.junit.runners.model.FrameworkMethod$1.runReflectiveCall(FrameworkMethod.java:50)
	at org.junit.internal.runners.model.ReflectiveCallable.run(ReflectiveCallable.java:12)
	at org.junit.runners.model.FrameworkMethod.invokeExplosively(FrameworkMethod.java:47)
	at org.junit.internal.runners.statements.InvokeMethod.evaluate(InvokeMethod.java:17)
	at edu.illinois.cs.testrunner.execution.JUnitTestRunner.runChild(JUnitTestRunner.java:323)
	at edu.illinois.cs.testrunner.execution.JUnitTestRunner.run(JUnitTestRunner.java:102)
	at org.junit.runner.JUnitCore.run(JUnitCore.java:137)
	at edu.illinois.cs.testrunner.execution.JUnitTestExecutor.execute(JUnitTestExecutor.java:248)
	at edu.illinois.cs.testrunner.execution.JUnitTestExecutor.executeWithJUnit4Runner(JUnitTestExecutor.java:325)
	at edu.illinois.cs.testrunner.execution.JUnitTestExecutor.runOrder(JUnitTestExecutor.java:46)
	at edu.illinois.cs.testrunner.execution.Executor$.$anonfun$run$1(Executor.scala:30)
	at scala.runtime.java8.JFunction0$mcV$sp.apply(JFunction0$mcV$sp.java:12)
	at scala.util.Try$.apply(Try.scala:209)
	at edu.illinois.cs.testrunner.execution.Executor$.run(Executor.scala:28)
	at edu.illinois.cs.testrunner.execution.Executor$.main(Executor.scala:18)
	at edu.illinois.cs.testrunner.execution.Executor.main(Executor.scala)

abr 19, 2024 4:46:41 PM de.strullerbaumann.visualee.logging.LogProvider error
SEVERE: Not valid encoding is configured in the pom.
java.nio.charset.UnsupportedCharsetException: SimplifiedMessageReceiver
	at java.nio.charset.Charset.forName(Charset.java:531)
	at de.strullerbaumann.visualee.source.boundary.JavaSourceContainer.getEncoding(JavaSourceContainer.java:86)
	at de.strullerbaumann.visualee.source.entity.JavaSource.loadSourceCode(JavaSource.java:170)
	at de.strullerbaumann.visualee.source.entity.JavaSource.<init>(JavaSource.java:54)
	at de.strullerbaumann.visualee.source.entity.JavaSourceFactory.newJavaSourceByFilename(JavaSourceFactory.java:67)
	at de.strullerbaumann.visualee.source.boundary.JavaSourceContainer.loadJavaFiles(JavaSourceContainer.java:78)
	at de.strullerbaumann.visualee.examiner.cdi.TestGroup100Case0.test141(TestGroup100Case0.java:2048)
	at sun.reflect.NativeMethodAccessorImpl.invoke0(Native Method)
	at sun.reflect.NativeMethodAccessorImpl.invoke(NativeMethodAccessorImpl.java:62)
	at sun.reflect.DelegatingMethodAccessorImpl.invoke(DelegatingMethodAccessorImpl.java:43)
	at java.lang.reflect.Method.invoke(Method.java:498)
	at org.junit.runners.model.FrameworkMethod$1.runReflectiveCall(FrameworkMethod.java:50)
	at org.junit.internal.runners.model.ReflectiveCallable.run(ReflectiveCallable.java:12)
	at org.junit.runners.model.FrameworkMethod.invokeExplosively(FrameworkMethod.java:47)
	at org.junit.internal.runners.statements.InvokeMethod.evaluate(InvokeMethod.java:17)
	at edu.illinois.cs.testrunner.execution.JUnitTestRunner.runChild(JUnitTestRunner.java:323)
	at edu.illinois.cs.testrunner.execution.JUnitTestRunner.run(JUnitTestRunner.java:102)
	at org.junit.runner.JUnitCore.run(JUnitCore.java:137)
	at edu.illinois.cs.testrunner.execution.JUnitTestExecutor.execute(JUnitTestExecutor.java:248)
	at edu.illinois.cs.testrunner.execution.JUnitTestExecutor.executeWithJUnit4Runner(JUnitTestExecutor.java:325)
	at edu.illinois.cs.testrunner.execution.JUnitTestExecutor.runOrder(JUnitTestExecutor.java:46)
	at edu.illinois.cs.testrunner.execution.Executor$.$anonfun$run$1(Executor.scala:30)
	at scala.runtime.java8.JFunction0$mcV$sp.apply(JFunction0$mcV$sp.java:12)
	at scala.util.Try$.apply(Try.scala:209)
	at edu.illinois.cs.testrunner.execution.Executor$.run(Executor.scala:28)
	at edu.illinois.cs.testrunner.execution.Executor$.main(Executor.scala:18)
	at edu.illinois.cs.testrunner.execution.Executor.main(Executor.scala)

abr 19, 2024 4:46:41 PM de.strullerbaumann.visualee.logging.LogProvider error
SEVERE: Not valid encoding is configured in the pom.
java.nio.charset.UnsupportedCharsetException: SimplifiedMessageReceiver
	at java.nio.charset.Charset.forName(Charset.java:531)
	at de.strullerbaumann.visualee.source.boundary.JavaSourceContainer.getEncoding(JavaSourceContainer.java:86)
	at de.strullerbaumann.visualee.source.entity.JavaSource.loadSourceCode(JavaSource.java:170)
	at de.strullerbaumann.visualee.source.entity.JavaSource.<init>(JavaSource.java:54)
	at de.strullerbaumann.visualee.source.entity.JavaSourceFactory.newJavaSourceByFilename(JavaSourceFactory.java:67)
	at de.strullerbaumann.visualee.source.boundary.JavaSourceContainer.loadJavaFiles(JavaSourceContainer.java:78)
	at de.strullerbaumann.visualee.examiner.cdi.TestGroup100Case0.test141(TestGroup100Case0.java:2048)
	at sun.reflect.NativeMethodAccessorImpl.invoke0(Native Method)
	at sun.reflect.NativeMethodAccessorImpl.invoke(NativeMethodAccessorImpl.java:62)
	at sun.reflect.DelegatingMethodAccessorImpl.invoke(DelegatingMethodAccessorImpl.java:43)
	at java.lang.reflect.Method.invoke(Method.java:498)
	at org.junit.runners.model.FrameworkMethod$1.runReflectiveCall(FrameworkMethod.java:50)
	at org.junit.internal.runners.model.ReflectiveCallable.run(ReflectiveCallable.java:12)
	at org.junit.runners.model.FrameworkMethod.invokeExplosively(FrameworkMethod.java:47)
	at org.junit.internal.runners.statements.InvokeMethod.evaluate(InvokeMethod.java:17)
	at edu.illinois.cs.testrunner.execution.JUnitTestRunner.runChild(JUnitTestRunner.java:323)
	at edu.illinois.cs.testrunner.execution.JUnitTestRunner.run(JUnitTestRunner.java:102)
	at org.junit.runner.JUnitCore.run(JUnitCore.java:137)
	at edu.illinois.cs.testrunner.execution.JUnitTestExecutor.execute(JUnitTestExecutor.java:248)
	at edu.illinois.cs.testrunner.execution.JUnitTestExecutor.executeWithJUnit4Runner(JUnitTestExecutor.java:325)
	at edu.illinois.cs.testrunner.execution.JUnitTestExecutor.runOrder(JUnitTestExecutor.java:46)
	at edu.illinois.cs.testrunner.execution.Executor$.$anonfun$run$1(Executor.scala:30)
	at scala.runtime.java8.JFunction0$mcV$sp.apply(JFunction0$mcV$sp.java:12)
	at scala.util.Try$.apply(Try.scala:209)
	at edu.illinois.cs.testrunner.execution.Executor$.run(Executor.scala:28)
	at edu.illinois.cs.testrunner.execution.Executor$.main(Executor.scala:18)
	at edu.illinois.cs.testrunner.execution.Executor.main(Executor.scala)

abr 19, 2024 4:46:41 PM de.strullerbaumann.visualee.logging.LogProvider error
SEVERE: Not valid encoding is configured in the pom.
java.nio.charset.UnsupportedCharsetException: SimplifiedMessageReceiver
	at java.nio.charset.Charset.forName(Charset.java:531)
	at de.strullerbaumann.visualee.source.boundary.JavaSourceContainer.getEncoding(JavaSourceContainer.java:86)
	at de.strullerbaumann.visualee.source.entity.JavaSource.loadSourceCode(JavaSource.java:170)
	at de.strullerbaumann.visualee.source.entity.JavaSource.<init>(JavaSource.java:54)
	at de.strullerbaumann.visualee.source.entity.JavaSourceFactory.newJavaSourceByFilename(JavaSourceFactory.java:67)
	at de.strullerbaumann.visualee.source.boundary.JavaSourceContainer.loadJavaFiles(JavaSourceContainer.java:78)
	at de.strullerbaumann.visualee.examiner.cdi.TestGroup100Case0.test141(TestGroup100Case0.java:2048)
	at sun.reflect.NativeMethodAccessorImpl.invoke0(Native Method)
	at sun.reflect.NativeMethodAccessorImpl.invoke(NativeMethodAccessorImpl.java:62)
	at sun.reflect.DelegatingMethodAccessorImpl.invoke(DelegatingMethodAccessorImpl.java:43)
	at java.lang.reflect.Method.invoke(Method.java:498)
	at org.junit.runners.model.FrameworkMethod$1.runReflectiveCall(FrameworkMethod.java:50)
	at org.junit.internal.runners.model.ReflectiveCallable.run(ReflectiveCallable.java:12)
	at org.junit.runners.model.FrameworkMethod.invokeExplosively(FrameworkMethod.java:47)
	at org.junit.internal.runners.statements.InvokeMethod.evaluate(InvokeMethod.java:17)
	at edu.illinois.cs.testrunner.execution.JUnitTestRunner.runChild(JUnitTestRunner.java:323)
	at edu.illinois.cs.testrunner.execution.JUnitTestRunner.run(JUnitTestRunner.java:102)
	at org.junit.runner.JUnitCore.run(JUnitCore.java:137)
	at edu.illinois.cs.testrunner.execution.JUnitTestExecutor.execute(JUnitTestExecutor.java:248)
	at edu.illinois.cs.testrunner.execution.JUnitTestExecutor.executeWithJUnit4Runner(JUnitTestExecutor.java:325)
	at edu.illinois.cs.testrunner.execution.JUnitTestExecutor.runOrder(JUnitTestExecutor.java:46)
	at edu.illinois.cs.testrunner.execution.Executor$.$anonfun$run$1(Executor.scala:30)
	at scala.runtime.java8.JFunction0$mcV$sp.apply(JFunction0$mcV$sp.java:12)
	at scala.util.Try$.apply(Try.scala:209)
	at edu.illinois.cs.testrunner.execution.Executor$.run(Executor.scala:28)
	at edu.illinois.cs.testrunner.execution.Executor$.main(Executor.scala:18)
	at edu.illinois.cs.testrunner.execution.Executor.main(Executor.scala)

abr 19, 2024 4:46:41 PM de.strullerbaumann.visualee.logging.LogProvider error
SEVERE: Not valid encoding is configured in the pom.
java.nio.charset.UnsupportedCharsetException: SimplifiedMessageReceiver
	at java.nio.charset.Charset.forName(Charset.java:531)
	at de.strullerbaumann.visualee.source.boundary.JavaSourceContainer.getEncoding(JavaSourceContainer.java:86)
	at de.strullerbaumann.visualee.source.entity.JavaSource.loadSourceCode(JavaSource.java:170)
	at de.strullerbaumann.visualee.source.entity.JavaSource.<init>(JavaSource.java:54)
	at de.strullerbaumann.visualee.source.entity.JavaSourceFactory.newJavaSourceByFilename(JavaSourceFactory.java:67)
	at de.strullerbaumann.visualee.source.boundary.JavaSourceContainer.loadJavaFiles(JavaSourceContainer.java:78)
	at de.strullerbaumann.visualee.examiner.cdi.TestGroup100Case0.test141(TestGroup100Case0.java:2048)
	at sun.reflect.NativeMethodAccessorImpl.invoke0(Native Method)
	at sun.reflect.NativeMethodAccessorImpl.invoke(NativeMethodAccessorImpl.java:62)
	at sun.reflect.DelegatingMethodAccessorImpl.invoke(DelegatingMethodAccessorImpl.java:43)
	at java.lang.reflect.Method.invoke(Method.java:498)
	at org.junit.runners.model.FrameworkMethod$1.runReflectiveCall(FrameworkMethod.java:50)
	at org.junit.internal.runners.model.ReflectiveCallable.run(ReflectiveCallable.java:12)
	at org.junit.runners.model.FrameworkMethod.invokeExplosively(FrameworkMethod.java:47)
	at org.junit.internal.runners.statements.InvokeMethod.evaluate(InvokeMethod.java:17)
	at edu.illinois.cs.testrunner.execution.JUnitTestRunner.runChild(JUnitTestRunner.java:323)
	at edu.illinois.cs.testrunner.execution.JUnitTestRunner.run(JUnitTestRunner.java:102)
	at org.junit.runner.JUnitCore.run(JUnitCore.java:137)
	at edu.illinois.cs.testrunner.execution.JUnitTestExecutor.execute(JUnitTestExecutor.java:248)
	at edu.illinois.cs.testrunner.execution.JUnitTestExecutor.executeWithJUnit4Runner(JUnitTestExecutor.java:325)
	at edu.illinois.cs.testrunner.execution.JUnitTestExecutor.runOrder(JUnitTestExecutor.java:46)
	at edu.illinois.cs.testrunner.execution.Executor$.$anonfun$run$1(Executor.scala:30)
	at scala.runtime.java8.JFunction0$mcV$sp.apply(JFunction0$mcV$sp.java:12)
	at scala.util.Try$.apply(Try.scala:209)
	at edu.illinois.cs.testrunner.execution.Executor$.run(Executor.scala:28)
	at edu.illinois.cs.testrunner.execution.Executor$.main(Executor.scala:18)
	at edu.illinois.cs.testrunner.execution.Executor.main(Executor.scala)

abr 19, 2024 4:46:41 PM de.strullerbaumann.visualee.logging.LogProvider error
SEVERE: Not valid encoding is configured in the pom.
java.nio.charset.UnsupportedCharsetException: SimplifiedMessageReceiver
	at java.nio.charset.Charset.forName(Charset.java:531)
	at de.strullerbaumann.visualee.source.boundary.JavaSourceContainer.getEncoding(JavaSourceContainer.java:86)
	at de.strullerbaumann.visualee.source.entity.JavaSource.loadSourceCode(JavaSource.java:170)
	at de.strullerbaumann.visualee.source.entity.JavaSource.<init>(JavaSource.java:54)
	at de.strullerbaumann.visualee.source.entity.JavaSourceFactory.newJavaSourceByFilename(JavaSourceFactory.java:67)
	at de.strullerbaumann.visualee.source.boundary.JavaSourceContainer.loadJavaFiles(JavaSourceContainer.java:78)
	at de.strullerbaumann.visualee.examiner.cdi.TestGroup100Case0.test141(TestGroup100Case0.java:2048)
	at sun.reflect.NativeMethodAccessorImpl.invoke0(Native Method)
	at sun.reflect.NativeMethodAccessorImpl.invoke(NativeMethodAccessorImpl.java:62)
	at sun.reflect.DelegatingMethodAccessorImpl.invoke(DelegatingMethodAccessorImpl.java:43)
	at java.lang.reflect.Method.invoke(Method.java:498)
	at org.junit.runners.model.FrameworkMethod$1.runReflectiveCall(FrameworkMethod.java:50)
	at org.junit.internal.runners.model.ReflectiveCallable.run(ReflectiveCallable.java:12)
	at org.junit.runners.model.FrameworkMethod.invokeExplosively(FrameworkMethod.java:47)
	at org.junit.internal.runners.statements.InvokeMethod.evaluate(InvokeMethod.java:17)
	at edu.illinois.cs.testrunner.execution.JUnitTestRunner.runChild(JUnitTestRunner.java:323)
	at edu.illinois.cs.testrunner.execution.JUnitTestRunner.run(JUnitTestRunner.java:102)
	at org.junit.runner.JUnitCore.run(JUnitCore.java:137)
	at edu.illinois.cs.testrunner.execution.JUnitTestExecutor.execute(JUnitTestExecutor.java:248)
	at edu.illinois.cs.testrunner.execution.JUnitTestExecutor.executeWithJUnit4Runner(JUnitTestExecutor.java:325)
	at edu.illinois.cs.testrunner.execution.JUnitTestExecutor.runOrder(JUnitTestExecutor.java:46)
	at edu.illinois.cs.testrunner.execution.Executor$.$anonfun$run$1(Executor.scala:30)
	at scala.runtime.java8.JFunction0$mcV$sp.apply(JFunction0$mcV$sp.java:12)
	at scala.util.Try$.apply(Try.scala:209)
	at edu.illinois.cs.testrunner.execution.Executor$.run(Executor.scala:28)
	at edu.illinois.cs.testrunner.execution.Executor$.main(Executor.scala:18)
	at edu.illinois.cs.testrunner.execution.Executor.main(Executor.scala)

abr 19, 2024 4:46:41 PM de.strullerbaumann.visualee.logging.LogProvider error
SEVERE: Not valid encoding is configured in the pom.
java.nio.charset.UnsupportedCharsetException: SimplifiedMessageReceiver
	at java.nio.charset.Charset.forName(Charset.java:531)
	at de.strullerbaumann.visualee.source.boundary.JavaSourceContainer.getEncoding(JavaSourceContainer.java:86)
	at de.strullerbaumann.visualee.source.entity.JavaSource.loadSourceCode(JavaSource.java:170)
	at de.strullerbaumann.visualee.source.entity.JavaSource.<init>(JavaSource.java:54)
	at de.strullerbaumann.visualee.source.entity.JavaSourceFactory.newJavaSourceByFilename(JavaSourceFactory.java:67)
	at de.strullerbaumann.visualee.source.boundary.JavaSourceContainer.loadJavaFiles(JavaSourceContainer.java:78)
	at de.strullerbaumann.visualee.examiner.cdi.TestGroup100Case0.test141(TestGroup100Case0.java:2048)
	at sun.reflect.NativeMethodAccessorImpl.invoke0(Native Method)
	at sun.reflect.NativeMethodAccessorImpl.invoke(NativeMethodAccessorImpl.java:62)
	at sun.reflect.DelegatingMethodAccessorImpl.invoke(DelegatingMethodAccessorImpl.java:43)
	at java.lang.reflect.Method.invoke(Method.java:498)
	at org.junit.runners.model.FrameworkMethod$1.runReflectiveCall(FrameworkMethod.java:50)
	at org.junit.internal.runners.model.ReflectiveCallable.run(ReflectiveCallable.java:12)
	at org.junit.runners.model.FrameworkMethod.invokeExplosively(FrameworkMethod.java:47)
	at org.junit.internal.runners.statements.InvokeMethod.evaluate(InvokeMethod.java:17)
	at edu.illinois.cs.testrunner.execution.JUnitTestRunner.runChild(JUnitTestRunner.java:323)
	at edu.illinois.cs.testrunner.execution.JUnitTestRunner.run(JUnitTestRunner.java:102)
	at org.junit.runner.JUnitCore.run(JUnitCore.java:137)
	at edu.illinois.cs.testrunner.execution.JUnitTestExecutor.execute(JUnitTestExecutor.java:248)
	at edu.illinois.cs.testrunner.execution.JUnitTestExecutor.executeWithJUnit4Runner(JUnitTestExecutor.java:325)
	at edu.illinois.cs.testrunner.execution.JUnitTestExecutor.runOrder(JUnitTestExecutor.java:46)
	at edu.illinois.cs.testrunner.execution.Executor$.$anonfun$run$1(Executor.scala:30)
	at scala.runtime.java8.JFunction0$mcV$sp.apply(JFunction0$mcV$sp.java:12)
	at scala.util.Try$.apply(Try.scala:209)
	at edu.illinois.cs.testrunner.execution.Executor$.run(Executor.scala:28)
	at edu.illinois.cs.testrunner.execution.Executor$.main(Executor.scala:18)
	at edu.illinois.cs.testrunner.execution.Executor.main(Executor.scala)

abr 19, 2024 4:46:41 PM de.strullerbaumann.visualee.logging.LogProvider error
SEVERE: Not valid encoding is configured in the pom.
java.nio.charset.UnsupportedCharsetException: SimplifiedMessageReceiver
	at java.nio.charset.Charset.forName(Charset.java:531)
	at de.strullerbaumann.visualee.source.boundary.JavaSourceContainer.getEncoding(JavaSourceContainer.java:86)
	at de.strullerbaumann.visualee.source.entity.JavaSource.loadSourceCode(JavaSource.java:170)
	at de.strullerbaumann.visualee.source.entity.JavaSource.<init>(JavaSource.java:54)
	at de.strullerbaumann.visualee.source.entity.JavaSourceFactory.newJavaSourceByFilename(JavaSourceFactory.java:67)
	at de.strullerbaumann.visualee.source.boundary.JavaSourceContainer.loadJavaFiles(JavaSourceContainer.java:78)
	at de.strullerbaumann.visualee.examiner.cdi.TestGroup100Case0.test141(TestGroup100Case0.java:2048)
	at sun.reflect.NativeMethodAccessorImpl.invoke0(Native Method)
	at sun.reflect.NativeMethodAccessorImpl.invoke(NativeMethodAccessorImpl.java:62)
	at sun.reflect.DelegatingMethodAccessorImpl.invoke(DelegatingMethodAccessorImpl.java:43)
	at java.lang.reflect.Method.invoke(Method.java:498)
	at org.junit.runners.model.FrameworkMethod$1.runReflectiveCall(FrameworkMethod.java:50)
	at org.junit.internal.runners.model.ReflectiveCallable.run(ReflectiveCallable.java:12)
	at org.junit.runners.model.FrameworkMethod.invokeExplosively(FrameworkMethod.java:47)
	at org.junit.internal.runners.statements.InvokeMethod.evaluate(InvokeMethod.java:17)
	at edu.illinois.cs.testrunner.execution.JUnitTestRunner.runChild(JUnitTestRunner.java:323)
	at edu.illinois.cs.testrunner.execution.JUnitTestRunner.run(JUnitTestRunner.java:102)
	at org.junit.runner.JUnitCore.run(JUnitCore.java:137)
	at edu.illinois.cs.testrunner.execution.JUnitTestExecutor.execute(JUnitTestExecutor.java:248)
	at edu.illinois.cs.testrunner.execution.JUnitTestExecutor.executeWithJUnit4Runner(JUnitTestExecutor.java:325)
	at edu.illinois.cs.testrunner.execution.JUnitTestExecutor.runOrder(JUnitTestExecutor.java:46)
	at edu.illinois.cs.testrunner.execution.Executor$.$anonfun$run$1(Executor.scala:30)
	at scala.runtime.java8.JFunction0$mcV$sp.apply(JFunction0$mcV$sp.java:12)
	at scala.util.Try$.apply(Try.scala:209)
	at edu.illinois.cs.testrunner.execution.Executor$.run(Executor.scala:28)
	at edu.illinois.cs.testrunner.execution.Executor$.main(Executor.scala:18)
	at edu.illinois.cs.testrunner.execution.Executor.main(Executor.scala)

abr 19, 2024 4:46:41 PM de.strullerbaumann.visualee.logging.LogProvider error
SEVERE: Not valid encoding is configured in the pom.
java.nio.charset.UnsupportedCharsetException: SimplifiedMessageReceiver
	at java.nio.charset.Charset.forName(Charset.java:531)
	at de.strullerbaumann.visualee.source.boundary.JavaSourceContainer.getEncoding(JavaSourceContainer.java:86)
	at de.strullerbaumann.visualee.source.entity.JavaSource.loadSourceCode(JavaSource.java:170)
	at de.strullerbaumann.visualee.source.entity.JavaSource.<init>(JavaSource.java:54)
	at de.strullerbaumann.visualee.source.entity.JavaSourceFactory.newJavaSourceByFilename(JavaSourceFactory.java:67)
	at de.strullerbaumann.visualee.source.boundary.JavaSourceContainer.loadJavaFiles(JavaSourceContainer.java:78)
	at de.strullerbaumann.visualee.examiner.cdi.TestGroup100Case0.test141(TestGroup100Case0.java:2048)
	at sun.reflect.NativeMethodAccessorImpl.invoke0(Native Method)
	at sun.reflect.NativeMethodAccessorImpl.invoke(NativeMethodAccessorImpl.java:62)
	at sun.reflect.DelegatingMethodAccessorImpl.invoke(DelegatingMethodAccessorImpl.java:43)
	at java.lang.reflect.Method.invoke(Method.java:498)
	at org.junit.runners.model.FrameworkMethod$1.runReflectiveCall(FrameworkMethod.java:50)
	at org.junit.internal.runners.model.ReflectiveCallable.run(ReflectiveCallable.java:12)
	at org.junit.runners.model.FrameworkMethod.invokeExplosively(FrameworkMethod.java:47)
	at org.junit.internal.runners.statements.InvokeMethod.evaluate(InvokeMethod.java:17)
	at edu.illinois.cs.testrunner.execution.JUnitTestRunner.runChild(JUnitTestRunner.java:323)
	at edu.illinois.cs.testrunner.execution.JUnitTestRunner.run(JUnitTestRunner.java:102)
	at org.junit.runner.JUnitCore.run(JUnitCore.java:137)
	at edu.illinois.cs.testrunner.execution.JUnitTestExecutor.execute(JUnitTestExecutor.java:248)
	at edu.illinois.cs.testrunner.execution.JUnitTestExecutor.executeWithJUnit4Runner(JUnitTestExecutor.java:325)
	at edu.illinois.cs.testrunner.execution.JUnitTestExecutor.runOrder(JUnitTestExecutor.java:46)
	at edu.illinois.cs.testrunner.execution.Executor$.$anonfun$run$1(Executor.scala:30)
	at scala.runtime.java8.JFunction0$mcV$sp.apply(JFunction0$mcV$sp.java:12)
	at scala.util.Try$.apply(Try.scala:209)
	at edu.illinois.cs.testrunner.execution.Executor$.run(Executor.scala:28)
	at edu.illinois.cs.testrunner.execution.Executor$.main(Executor.scala:18)
	at edu.illinois.cs.testrunner.execution.Executor.main(Executor.scala)

abr 19, 2024 4:46:41 PM de.strullerbaumann.visualee.logging.LogProvider error
SEVERE: Not valid encoding is configured in the pom.
java.nio.charset.UnsupportedCharsetException: SimplifiedMessageReceiver
	at java.nio.charset.Charset.forName(Charset.java:531)
	at de.strullerbaumann.visualee.source.boundary.JavaSourceContainer.getEncoding(JavaSourceContainer.java:86)
	at de.strullerbaumann.visualee.source.entity.JavaSource.loadSourceCode(JavaSource.java:170)
	at de.strullerbaumann.visualee.source.entity.JavaSource.<init>(JavaSource.java:54)
	at de.strullerbaumann.visualee.source.entity.JavaSourceFactory.newJavaSourceByFilename(JavaSourceFactory.java:67)
	at de.strullerbaumann.visualee.source.boundary.JavaSourceContainer.loadJavaFiles(JavaSourceContainer.java:78)
	at de.strullerbaumann.visualee.examiner.cdi.TestGroup100Case0.test141(TestGroup100Case0.java:2048)
	at sun.reflect.NativeMethodAccessorImpl.invoke0(Native Method)
	at sun.reflect.NativeMethodAccessorImpl.invoke(NativeMethodAccessorImpl.java:62)
	at sun.reflect.DelegatingMethodAccessorImpl.invoke(DelegatingMethodAccessorImpl.java:43)
	at java.lang.reflect.Method.invoke(Method.java:498)
	at org.junit.runners.model.FrameworkMethod$1.runReflectiveCall(FrameworkMethod.java:50)
	at org.junit.internal.runners.model.ReflectiveCallable.run(ReflectiveCallable.java:12)
	at org.junit.runners.model.FrameworkMethod.invokeExplosively(FrameworkMethod.java:47)
	at org.junit.internal.runners.statements.InvokeMethod.evaluate(InvokeMethod.java:17)
	at edu.illinois.cs.testrunner.execution.JUnitTestRunner.runChild(JUnitTestRunner.java:323)
	at edu.illinois.cs.testrunner.execution.JUnitTestRunner.run(JUnitTestRunner.java:102)
	at org.junit.runner.JUnitCore.run(JUnitCore.java:137)
	at edu.illinois.cs.testrunner.execution.JUnitTestExecutor.execute(JUnitTestExecutor.java:248)
	at edu.illinois.cs.testrunner.execution.JUnitTestExecutor.executeWithJUnit4Runner(JUnitTestExecutor.java:325)
	at edu.illinois.cs.testrunner.execution.JUnitTestExecutor.runOrder(JUnitTestExecutor.java:46)
	at edu.illinois.cs.testrunner.execution.Executor$.$anonfun$run$1(Executor.scala:30)
	at scala.runtime.java8.JFunction0$mcV$sp.apply(JFunction0$mcV$sp.java:12)
	at scala.util.Try$.apply(Try.scala:209)
	at edu.illinois.cs.testrunner.execution.Executor$.run(Executor.scala:28)
	at edu.illinois.cs.testrunner.execution.Executor$.main(Executor.scala:18)
	at edu.illinois.cs.testrunner.execution.Executor.main(Executor.scala)

abr 19, 2024 4:46:41 PM de.strullerbaumann.visualee.logging.LogProvider error
SEVERE: Not valid encoding is configured in the pom.
java.nio.charset.UnsupportedCharsetException: SimplifiedMessageReceiver
	at java.nio.charset.Charset.forName(Charset.java:531)
	at de.strullerbaumann.visualee.source.boundary.JavaSourceContainer.getEncoding(JavaSourceContainer.java:86)
	at de.strullerbaumann.visualee.source.entity.JavaSource.loadSourceCode(JavaSource.java:170)
	at de.strullerbaumann.visualee.source.entity.JavaSource.<init>(JavaSource.java:54)
	at de.strullerbaumann.visualee.source.entity.JavaSourceFactory.newJavaSourceByFilename(JavaSourceFactory.java:67)
	at de.strullerbaumann.visualee.source.boundary.JavaSourceContainer.loadJavaFiles(JavaSourceContainer.java:78)
	at de.strullerbaumann.visualee.examiner.cdi.TestGroup100Case0.test141(TestGroup100Case0.java:2048)
	at sun.reflect.NativeMethodAccessorImpl.invoke0(Native Method)
	at sun.reflect.NativeMethodAccessorImpl.invoke(NativeMethodAccessorImpl.java:62)
	at sun.reflect.DelegatingMethodAccessorImpl.invoke(DelegatingMethodAccessorImpl.java:43)
	at java.lang.reflect.Method.invoke(Method.java:498)
	at org.junit.runners.model.FrameworkMethod$1.runReflectiveCall(FrameworkMethod.java:50)
	at org.junit.internal.runners.model.ReflectiveCallable.run(ReflectiveCallable.java:12)
	at org.junit.runners.model.FrameworkMethod.invokeExplosively(FrameworkMethod.java:47)
	at org.junit.internal.runners.statements.InvokeMethod.evaluate(InvokeMethod.java:17)
	at edu.illinois.cs.testrunner.execution.JUnitTestRunner.runChild(JUnitTestRunner.java:323)
	at edu.illinois.cs.testrunner.execution.JUnitTestRunner.run(JUnitTestRunner.java:102)
	at org.junit.runner.JUnitCore.run(JUnitCore.java:137)
	at edu.illinois.cs.testrunner.execution.JUnitTestExecutor.execute(JUnitTestExecutor.java:248)
	at edu.illinois.cs.testrunner.execution.JUnitTestExecutor.executeWithJUnit4Runner(JUnitTestExecutor.java:325)
	at edu.illinois.cs.testrunner.execution.JUnitTestExecutor.runOrder(JUnitTestExecutor.java:46)
	at edu.illinois.cs.testrunner.execution.Executor$.$anonfun$run$1(Executor.scala:30)
	at scala.runtime.java8.JFunction0$mcV$sp.apply(JFunction0$mcV$sp.java:12)
	at scala.util.Try$.apply(Try.scala:209)
	at edu.illinois.cs.testrunner.execution.Executor$.run(Executor.scala:28)
	at edu.illinois.cs.testrunner.execution.Executor$.main(Executor.scala:18)
	at edu.illinois.cs.testrunner.execution.Executor.main(Executor.scala)

abr 19, 2024 4:46:41 PM de.strullerbaumann.visualee.logging.LogProvider error
SEVERE: Not valid encoding is configured in the pom.
java.nio.charset.UnsupportedCharsetException: SimplifiedMessageReceiver
	at java.nio.charset.Charset.forName(Charset.java:531)
	at de.strullerbaumann.visualee.source.boundary.JavaSourceContainer.getEncoding(JavaSourceContainer.java:86)
	at de.strullerbaumann.visualee.source.entity.JavaSource.loadSourceCode(JavaSource.java:170)
	at de.strullerbaumann.visualee.source.entity.JavaSource.<init>(JavaSource.java:54)
	at de.strullerbaumann.visualee.source.entity.JavaSourceFactory.newJavaSourceByFilename(JavaSourceFactory.java:67)
	at de.strullerbaumann.visualee.source.boundary.JavaSourceContainer.loadJavaFiles(JavaSourceContainer.java:78)
	at de.strullerbaumann.visualee.examiner.cdi.TestGroup100Case0.test141(TestGroup100Case0.java:2048)
	at sun.reflect.NativeMethodAccessorImpl.invoke0(Native Method)
	at sun.reflect.NativeMethodAccessorImpl.invoke(NativeMethodAccessorImpl.java:62)
	at sun.reflect.DelegatingMethodAccessorImpl.invoke(DelegatingMethodAccessorImpl.java:43)
	at java.lang.reflect.Method.invoke(Method.java:498)
	at org.junit.runners.model.FrameworkMethod$1.runReflectiveCall(FrameworkMethod.java:50)
	at org.junit.internal.runners.model.ReflectiveCallable.run(ReflectiveCallable.java:12)
	at org.junit.runners.model.FrameworkMethod.invokeExplosively(FrameworkMethod.java:47)
	at org.junit.internal.runners.statements.InvokeMethod.evaluate(InvokeMethod.java:17)
	at edu.illinois.cs.testrunner.execution.JUnitTestRunner.runChild(JUnitTestRunner.java:323)
	at edu.illinois.cs.testrunner.execution.JUnitTestRunner.run(JUnitTestRunner.java:102)
	at org.junit.runner.JUnitCore.run(JUnitCore.java:137)
	at edu.illinois.cs.testrunner.execution.JUnitTestExecutor.execute(JUnitTestExecutor.java:248)
	at edu.illinois.cs.testrunner.execution.JUnitTestExecutor.executeWithJUnit4Runner(JUnitTestExecutor.java:325)
	at edu.illinois.cs.testrunner.execution.JUnitTestExecutor.runOrder(JUnitTestExecutor.java:46)
	at edu.illinois.cs.testrunner.execution.Executor$.$anonfun$run$1(Executor.scala:30)
	at scala.runtime.java8.JFunction0$mcV$sp.apply(JFunction0$mcV$sp.java:12)
	at scala.util.Try$.apply(Try.scala:209)
	at edu.illinois.cs.testrunner.execution.Executor$.run(Executor.scala:28)
	at edu.illinois.cs.testrunner.execution.Executor$.main(Executor.scala:18)
	at edu.illinois.cs.testrunner.execution.Executor.main(Executor.scala)

abr 19, 2024 4:46:41 PM de.strullerbaumann.visualee.logging.LogProvider error
SEVERE: Not valid encoding is configured in the pom.
java.nio.charset.UnsupportedCharsetException: SimplifiedMessageReceiver
	at java.nio.charset.Charset.forName(Charset.java:531)
	at de.strullerbaumann.visualee.source.boundary.JavaSourceContainer.getEncoding(JavaSourceContainer.java:86)
	at de.strullerbaumann.visualee.source.entity.JavaSource.loadSourceCode(JavaSource.java:170)
	at de.strullerbaumann.visualee.source.entity.JavaSource.<init>(JavaSource.java:54)
	at de.strullerbaumann.visualee.source.entity.JavaSourceFactory.newJavaSourceByFilename(JavaSourceFactory.java:67)
	at de.strullerbaumann.visualee.source.boundary.JavaSourceContainer.loadJavaFiles(JavaSourceContainer.java:78)
	at de.strullerbaumann.visualee.examiner.cdi.TestGroup100Case0.test141(TestGroup100Case0.java:2048)
	at sun.reflect.NativeMethodAccessorImpl.invoke0(Native Method)
	at sun.reflect.NativeMethodAccessorImpl.invoke(NativeMethodAccessorImpl.java:62)
	at sun.reflect.DelegatingMethodAccessorImpl.invoke(DelegatingMethodAccessorImpl.java:43)
	at java.lang.reflect.Method.invoke(Method.java:498)
	at org.junit.runners.model.FrameworkMethod$1.runReflectiveCall(FrameworkMethod.java:50)
	at org.junit.internal.runners.model.ReflectiveCallable.run(ReflectiveCallable.java:12)
	at org.junit.runners.model.FrameworkMethod.invokeExplosively(FrameworkMethod.java:47)
	at org.junit.internal.runners.statements.InvokeMethod.evaluate(InvokeMethod.java:17)
	at edu.illinois.cs.testrunner.execution.JUnitTestRunner.runChild(JUnitTestRunner.java:323)
	at edu.illinois.cs.testrunner.execution.JUnitTestRunner.run(JUnitTestRunner.java:102)
	at org.junit.runner.JUnitCore.run(JUnitCore.java:137)
	at edu.illinois.cs.testrunner.execution.JUnitTestExecutor.execute(JUnitTestExecutor.java:248)
	at edu.illinois.cs.testrunner.execution.JUnitTestExecutor.executeWithJUnit4Runner(JUnitTestExecutor.java:325)
	at edu.illinois.cs.testrunner.execution.JUnitTestExecutor.runOrder(JUnitTestExecutor.java:46)
	at edu.illinois.cs.testrunner.execution.Executor$.$anonfun$run$1(Executor.scala:30)
	at scala.runtime.java8.JFunction0$mcV$sp.apply(JFunction0$mcV$sp.java:12)
	at scala.util.Try$.apply(Try.scala:209)
	at edu.illinois.cs.testrunner.execution.Executor$.run(Executor.scala:28)
	at edu.illinois.cs.testrunner.execution.Executor$.main(Executor.scala:18)
	at edu.illinois.cs.testrunner.execution.Executor.main(Executor.scala)

abr 19, 2024 4:46:41 PM de.strullerbaumann.visualee.logging.LogProvider error
SEVERE: Not valid encoding is configured in the pom.
java.nio.charset.UnsupportedCharsetException: SimplifiedMessageReceiver
	at java.nio.charset.Charset.forName(Charset.java:531)
	at de.strullerbaumann.visualee.source.boundary.JavaSourceContainer.getEncoding(JavaSourceContainer.java:86)
	at de.strullerbaumann.visualee.source.entity.JavaSource.loadSourceCode(JavaSource.java:170)
	at de.strullerbaumann.visualee.source.entity.JavaSource.<init>(JavaSource.java:54)
	at de.strullerbaumann.visualee.source.entity.JavaSourceFactory.newJavaSourceByFilename(JavaSourceFactory.java:67)
	at de.strullerbaumann.visualee.source.boundary.JavaSourceContainer.loadJavaFiles(JavaSourceContainer.java:78)
	at de.strullerbaumann.visualee.examiner.cdi.TestGroup100Case0.test141(TestGroup100Case0.java:2048)
	at sun.reflect.NativeMethodAccessorImpl.invoke0(Native Method)
	at sun.reflect.NativeMethodAccessorImpl.invoke(NativeMethodAccessorImpl.java:62)
	at sun.reflect.DelegatingMethodAccessorImpl.invoke(DelegatingMethodAccessorImpl.java:43)
	at java.lang.reflect.Method.invoke(Method.java:498)
	at org.junit.runners.model.FrameworkMethod$1.runReflectiveCall(FrameworkMethod.java:50)
	at org.junit.internal.runners.model.ReflectiveCallable.run(ReflectiveCallable.java:12)
	at org.junit.runners.model.FrameworkMethod.invokeExplosively(FrameworkMethod.java:47)
	at org.junit.internal.runners.statements.InvokeMethod.evaluate(InvokeMethod.java:17)
	at edu.illinois.cs.testrunner.execution.JUnitTestRunner.runChild(JUnitTestRunner.java:323)
	at edu.illinois.cs.testrunner.execution.JUnitTestRunner.run(JUnitTestRunner.java:102)
	at org.junit.runner.JUnitCore.run(JUnitCore.java:137)
	at edu.illinois.cs.testrunner.execution.JUnitTestExecutor.execute(JUnitTestExecutor.java:248)
	at edu.illinois.cs.testrunner.execution.JUnitTestExecutor.executeWithJUnit4Runner(JUnitTestExecutor.java:325)
	at edu.illinois.cs.testrunner.execution.JUnitTestExecutor.runOrder(JUnitTestExecutor.java:46)
	at edu.illinois.cs.testrunner.execution.Executor$.$anonfun$run$1(Executor.scala:30)
	at scala.runtime.java8.JFunction0$mcV$sp.apply(JFunction0$mcV$sp.java:12)
	at scala.util.Try$.apply(Try.scala:209)
	at edu.illinois.cs.testrunner.execution.Executor$.run(Executor.scala:28)
	at edu.illinois.cs.testrunner.execution.Executor$.main(Executor.scala:18)
	at edu.illinois.cs.testrunner.execution.Executor.main(Executor.scala)

abr 19, 2024 4:46:41 PM de.strullerbaumann.visualee.logging.LogProvider error
SEVERE: Not valid encoding is configured in the pom.
java.nio.charset.UnsupportedCharsetException: SimplifiedMessageReceiver
	at java.nio.charset.Charset.forName(Charset.java:531)
	at de.strullerbaumann.visualee.source.boundary.JavaSourceContainer.getEncoding(JavaSourceContainer.java:86)
	at de.strullerbaumann.visualee.source.entity.JavaSource.loadSourceCode(JavaSource.java:170)
	at de.strullerbaumann.visualee.source.entity.JavaSource.<init>(JavaSource.java:54)
	at de.strullerbaumann.visualee.source.entity.JavaSourceFactory.newJavaSourceByFilename(JavaSourceFactory.java:67)
	at de.strullerbaumann.visualee.source.boundary.JavaSourceContainer.loadJavaFiles(JavaSourceContainer.java:78)
	at de.strullerbaumann.visualee.examiner.cdi.TestGroup100Case0.test141(TestGroup100Case0.java:2048)
	at sun.reflect.NativeMethodAccessorImpl.invoke0(Native Method)
	at sun.reflect.NativeMethodAccessorImpl.invoke(NativeMethodAccessorImpl.java:62)
	at sun.reflect.DelegatingMethodAccessorImpl.invoke(DelegatingMethodAccessorImpl.java:43)
	at java.lang.reflect.Method.invoke(Method.java:498)
	at org.junit.runners.model.FrameworkMethod$1.runReflectiveCall(FrameworkMethod.java:50)
	at org.junit.internal.runners.model.ReflectiveCallable.run(ReflectiveCallable.java:12)
	at org.junit.runners.model.FrameworkMethod.invokeExplosively(FrameworkMethod.java:47)
	at org.junit.internal.runners.statements.InvokeMethod.evaluate(InvokeMethod.java:17)
	at edu.illinois.cs.testrunner.execution.JUnitTestRunner.runChild(JUnitTestRunner.java:323)
	at edu.illinois.cs.testrunner.execution.JUnitTestRunner.run(JUnitTestRunner.java:102)
	at org.junit.runner.JUnitCore.run(JUnitCore.java:137)
	at edu.illinois.cs.testrunner.execution.JUnitTestExecutor.execute(JUnitTestExecutor.java:248)
	at edu.illinois.cs.testrunner.execution.JUnitTestExecutor.executeWithJUnit4Runner(JUnitTestExecutor.java:325)
	at edu.illinois.cs.testrunner.execution.JUnitTestExecutor.runOrder(JUnitTestExecutor.java:46)
	at edu.illinois.cs.testrunner.execution.Executor$.$anonfun$run$1(Executor.scala:30)
	at scala.runtime.java8.JFunction0$mcV$sp.apply(JFunction0$mcV$sp.java:12)
	at scala.util.Try$.apply(Try.scala:209)
	at edu.illinois.cs.testrunner.execution.Executor$.run(Executor.scala:28)
	at edu.illinois.cs.testrunner.execution.Executor$.main(Executor.scala:18)
	at edu.illinois.cs.testrunner.execution.Executor.main(Executor.scala)

abr 19, 2024 4:46:41 PM de.strullerbaumann.visualee.logging.LogProvider error
SEVERE: Not valid encoding is configured in the pom.
java.nio.charset.UnsupportedCharsetException: SimplifiedMessageReceiver
	at java.nio.charset.Charset.forName(Charset.java:531)
	at de.strullerbaumann.visualee.source.boundary.JavaSourceContainer.getEncoding(JavaSourceContainer.java:86)
	at de.strullerbaumann.visualee.source.entity.JavaSource.loadSourceCode(JavaSource.java:170)
	at de.strullerbaumann.visualee.source.entity.JavaSource.<init>(JavaSource.java:54)
	at de.strullerbaumann.visualee.source.entity.JavaSourceFactory.newJavaSourceByFilename(JavaSourceFactory.java:67)
	at de.strullerbaumann.visualee.source.boundary.JavaSourceContainer.loadJavaFiles(JavaSourceContainer.java:78)
	at de.strullerbaumann.visualee.examiner.cdi.TestGroup100Case0.test141(TestGroup100Case0.java:2048)
	at sun.reflect.NativeMethodAccessorImpl.invoke0(Native Method)
	at sun.reflect.NativeMethodAccessorImpl.invoke(NativeMethodAccessorImpl.java:62)
	at sun.reflect.DelegatingMethodAccessorImpl.invoke(DelegatingMethodAccessorImpl.java:43)
	at java.lang.reflect.Method.invoke(Method.java:498)
	at org.junit.runners.model.FrameworkMethod$1.runReflectiveCall(FrameworkMethod.java:50)
	at org.junit.internal.runners.model.ReflectiveCallable.run(ReflectiveCallable.java:12)
	at org.junit.runners.model.FrameworkMethod.invokeExplosively(FrameworkMethod.java:47)
	at org.junit.internal.runners.statements.InvokeMethod.evaluate(InvokeMethod.java:17)
	at edu.illinois.cs.testrunner.execution.JUnitTestRunner.runChild(JUnitTestRunner.java:323)
	at edu.illinois.cs.testrunner.execution.JUnitTestRunner.run(JUnitTestRunner.java:102)
	at org.junit.runner.JUnitCore.run(JUnitCore.java:137)
	at edu.illinois.cs.testrunner.execution.JUnitTestExecutor.execute(JUnitTestExecutor.java:248)
	at edu.illinois.cs.testrunner.execution.JUnitTestExecutor.executeWithJUnit4Runner(JUnitTestExecutor.java:325)
	at edu.illinois.cs.testrunner.execution.JUnitTestExecutor.runOrder(JUnitTestExecutor.java:46)
	at edu.illinois.cs.testrunner.execution.Executor$.$anonfun$run$1(Executor.scala:30)
	at scala.runtime.java8.JFunction0$mcV$sp.apply(JFunction0$mcV$sp.java:12)
	at scala.util.Try$.apply(Try.scala:209)
	at edu.illinois.cs.testrunner.execution.Executor$.run(Executor.scala:28)
	at edu.illinois.cs.testrunner.execution.Executor$.main(Executor.scala:18)
	at edu.illinois.cs.testrunner.execution.Executor.main(Executor.scala)

abr 19, 2024 4:46:41 PM de.strullerbaumann.visualee.logging.LogProvider error
SEVERE: Not valid encoding is configured in the pom.
java.nio.charset.UnsupportedCharsetException: SimplifiedMessageReceiver
	at java.nio.charset.Charset.forName(Charset.java:531)
	at de.strullerbaumann.visualee.source.boundary.JavaSourceContainer.getEncoding(JavaSourceContainer.java:86)
	at de.strullerbaumann.visualee.source.entity.JavaSource.loadSourceCode(JavaSource.java:170)
	at de.strullerbaumann.visualee.source.entity.JavaSource.<init>(JavaSource.java:54)
	at de.strullerbaumann.visualee.source.entity.JavaSourceFactory.newJavaSourceByFilename(JavaSourceFactory.java:67)
	at de.strullerbaumann.visualee.source.boundary.JavaSourceContainer.loadJavaFiles(JavaSourceContainer.java:78)
	at de.strullerbaumann.visualee.examiner.cdi.TestGroup100Case0.test141(TestGroup100Case0.java:2048)
	at sun.reflect.NativeMethodAccessorImpl.invoke0(Native Method)
	at sun.reflect.NativeMethodAccessorImpl.invoke(NativeMethodAccessorImpl.java:62)
	at sun.reflect.DelegatingMethodAccessorImpl.invoke(DelegatingMethodAccessorImpl.java:43)
	at java.lang.reflect.Method.invoke(Method.java:498)
	at org.junit.runners.model.FrameworkMethod$1.runReflectiveCall(FrameworkMethod.java:50)
	at org.junit.internal.runners.model.ReflectiveCallable.run(ReflectiveCallable.java:12)
	at org.junit.runners.model.FrameworkMethod.invokeExplosively(FrameworkMethod.java:47)
	at org.junit.internal.runners.statements.InvokeMethod.evaluate(InvokeMethod.java:17)
	at edu.illinois.cs.testrunner.execution.JUnitTestRunner.runChild(JUnitTestRunner.java:323)
	at edu.illinois.cs.testrunner.execution.JUnitTestRunner.run(JUnitTestRunner.java:102)
	at org.junit.runner.JUnitCore.run(JUnitCore.java:137)
	at edu.illinois.cs.testrunner.execution.JUnitTestExecutor.execute(JUnitTestExecutor.java:248)
	at edu.illinois.cs.testrunner.execution.JUnitTestExecutor.executeWithJUnit4Runner(JUnitTestExecutor.java:325)
	at edu.illinois.cs.testrunner.execution.JUnitTestExecutor.runOrder(JUnitTestExecutor.java:46)
	at edu.illinois.cs.testrunner.execution.Executor$.$anonfun$run$1(Executor.scala:30)
	at scala.runtime.java8.JFunction0$mcV$sp.apply(JFunction0$mcV$sp.java:12)
	at scala.util.Try$.apply(Try.scala:209)
	at edu.illinois.cs.testrunner.execution.Executor$.run(Executor.scala:28)
	at edu.illinois.cs.testrunner.execution.Executor$.main(Executor.scala:18)
	at edu.illinois.cs.testrunner.execution.Executor.main(Executor.scala)

abr 19, 2024 4:46:41 PM de.strullerbaumann.visualee.logging.LogProvider error
SEVERE: Not valid encoding is configured in the pom.
java.nio.charset.UnsupportedCharsetException: SimplifiedMessageReceiver
	at java.nio.charset.Charset.forName(Charset.java:531)
	at de.strullerbaumann.visualee.source.boundary.JavaSourceContainer.getEncoding(JavaSourceContainer.java:86)
	at de.strullerbaumann.visualee.source.entity.JavaSource.loadSourceCode(JavaSource.java:170)
	at de.strullerbaumann.visualee.source.entity.JavaSource.<init>(JavaSource.java:54)
	at de.strullerbaumann.visualee.source.entity.JavaSourceFactory.newJavaSourceByFilename(JavaSourceFactory.java:67)
	at de.strullerbaumann.visualee.source.boundary.JavaSourceContainer.loadJavaFiles(JavaSourceContainer.java:78)
	at de.strullerbaumann.visualee.examiner.cdi.TestGroup100Case0.test141(TestGroup100Case0.java:2048)
	at sun.reflect.NativeMethodAccessorImpl.invoke0(Native Method)
	at sun.reflect.NativeMethodAccessorImpl.invoke(NativeMethodAccessorImpl.java:62)
	at sun.reflect.DelegatingMethodAccessorImpl.invoke(DelegatingMethodAccessorImpl.java:43)
	at java.lang.reflect.Method.invoke(Method.java:498)
	at org.junit.runners.model.FrameworkMethod$1.runReflectiveCall(FrameworkMethod.java:50)
	at org.junit.internal.runners.model.ReflectiveCallable.run(ReflectiveCallable.java:12)
	at org.junit.runners.model.FrameworkMethod.invokeExplosively(FrameworkMethod.java:47)
	at org.junit.internal.runners.statements.InvokeMethod.evaluate(InvokeMethod.java:17)
	at edu.illinois.cs.testrunner.execution.JUnitTestRunner.runChild(JUnitTestRunner.java:323)
	at edu.illinois.cs.testrunner.execution.JUnitTestRunner.run(JUnitTestRunner.java:102)
	at org.junit.runner.JUnitCore.run(JUnitCore.java:137)
	at edu.illinois.cs.testrunner.execution.JUnitTestExecutor.execute(JUnitTestExecutor.java:248)
	at edu.illinois.cs.testrunner.execution.JUnitTestExecutor.executeWithJUnit4Runner(JUnitTestExecutor.java:325)
	at edu.illinois.cs.testrunner.execution.JUnitTestExecutor.runOrder(JUnitTestExecutor.java:46)
	at edu.illinois.cs.testrunner.execution.Executor$.$anonfun$run$1(Executor.scala:30)
	at scala.runtime.java8.JFunction0$mcV$sp.apply(JFunction0$mcV$sp.java:12)
	at scala.util.Try$.apply(Try.scala:209)
	at edu.illinois.cs.testrunner.execution.Executor$.run(Executor.scala:28)
	at edu.illinois.cs.testrunner.execution.Executor$.main(Executor.scala:18)
	at edu.illinois.cs.testrunner.execution.Executor.main(Executor.scala)

abr 19, 2024 4:46:41 PM de.strullerbaumann.visualee.logging.LogProvider error
SEVERE: Not valid encoding is configured in the pom.
java.nio.charset.UnsupportedCharsetException: SimplifiedMessageReceiver
	at java.nio.charset.Charset.forName(Charset.java:531)
	at de.strullerbaumann.visualee.source.boundary.JavaSourceContainer.getEncoding(JavaSourceContainer.java:86)
	at de.strullerbaumann.visualee.source.entity.JavaSource.loadSourceCode(JavaSource.java:170)
	at de.strullerbaumann.visualee.source.entity.JavaSource.<init>(JavaSource.java:54)
	at de.strullerbaumann.visualee.source.entity.JavaSourceFactory.newJavaSourceByFilename(JavaSourceFactory.java:67)
	at de.strullerbaumann.visualee.source.boundary.JavaSourceContainer.loadJavaFiles(JavaSourceContainer.java:78)
	at de.strullerbaumann.visualee.examiner.cdi.TestGroup100Case0.test141(TestGroup100Case0.java:2048)
	at sun.reflect.NativeMethodAccessorImpl.invoke0(Native Method)
	at sun.reflect.NativeMethodAccessorImpl.invoke(NativeMethodAccessorImpl.java:62)
	at sun.reflect.DelegatingMethodAccessorImpl.invoke(DelegatingMethodAccessorImpl.java:43)
	at java.lang.reflect.Method.invoke(Method.java:498)
	at org.junit.runners.model.FrameworkMethod$1.runReflectiveCall(FrameworkMethod.java:50)
	at org.junit.internal.runners.model.ReflectiveCallable.run(ReflectiveCallable.java:12)
	at org.junit.runners.model.FrameworkMethod.invokeExplosively(FrameworkMethod.java:47)
	at org.junit.internal.runners.statements.InvokeMethod.evaluate(InvokeMethod.java:17)
	at edu.illinois.cs.testrunner.execution.JUnitTestRunner.runChild(JUnitTestRunner.java:323)
	at edu.illinois.cs.testrunner.execution.JUnitTestRunner.run(JUnitTestRunner.java:102)
	at org.junit.runner.JUnitCore.run(JUnitCore.java:137)
	at edu.illinois.cs.testrunner.execution.JUnitTestExecutor.execute(JUnitTestExecutor.java:248)
	at edu.illinois.cs.testrunner.execution.JUnitTestExecutor.executeWithJUnit4Runner(JUnitTestExecutor.java:325)
	at edu.illinois.cs.testrunner.execution.JUnitTestExecutor.runOrder(JUnitTestExecutor.java:46)
	at edu.illinois.cs.testrunner.execution.Executor$.$anonfun$run$1(Executor.scala:30)
	at scala.runtime.java8.JFunction0$mcV$sp.apply(JFunction0$mcV$sp.java:12)
	at scala.util.Try$.apply(Try.scala:209)
	at edu.illinois.cs.testrunner.execution.Executor$.run(Executor.scala:28)
	at edu.illinois.cs.testrunner.execution.Executor$.main(Executor.scala:18)
	at edu.illinois.cs.testrunner.execution.Executor.main(Executor.scala)

abr 19, 2024 4:46:41 PM de.strullerbaumann.visualee.logging.LogProvider error
SEVERE: Not valid encoding is configured in the pom.
java.nio.charset.UnsupportedCharsetException: SimplifiedMessageReceiver
	at java.nio.charset.Charset.forName(Charset.java:531)
	at de.strullerbaumann.visualee.source.boundary.JavaSourceContainer.getEncoding(JavaSourceContainer.java:86)
	at de.strullerbaumann.visualee.source.entity.JavaSource.loadSourceCode(JavaSource.java:170)
	at de.strullerbaumann.visualee.source.entity.JavaSource.<init>(JavaSource.java:54)
	at de.strullerbaumann.visualee.source.entity.JavaSourceFactory.newJavaSourceByFilename(JavaSourceFactory.java:67)
	at de.strullerbaumann.visualee.source.boundary.JavaSourceContainer.loadJavaFiles(JavaSourceContainer.java:78)
	at de.strullerbaumann.visualee.examiner.cdi.TestGroup100Case0.test141(TestGroup100Case0.java:2048)
	at sun.reflect.NativeMethodAccessorImpl.invoke0(Native Method)
	at sun.reflect.NativeMethodAccessorImpl.invoke(NativeMethodAccessorImpl.java:62)
	at sun.reflect.DelegatingMethodAccessorImpl.invoke(DelegatingMethodAccessorImpl.java:43)
	at java.lang.reflect.Method.invoke(Method.java:498)
	at org.junit.runners.model.FrameworkMethod$1.runReflectiveCall(FrameworkMethod.java:50)
	at org.junit.internal.runners.model.ReflectiveCallable.run(ReflectiveCallable.java:12)
	at org.junit.runners.model.FrameworkMethod.invokeExplosively(FrameworkMethod.java:47)
	at org.junit.internal.runners.statements.InvokeMethod.evaluate(InvokeMethod.java:17)
	at edu.illinois.cs.testrunner.execution.JUnitTestRunner.runChild(JUnitTestRunner.java:323)
	at edu.illinois.cs.testrunner.execution.JUnitTestRunner.run(JUnitTestRunner.java:102)
	at org.junit.runner.JUnitCore.run(JUnitCore.java:137)
	at edu.illinois.cs.testrunner.execution.JUnitTestExecutor.execute(JUnitTestExecutor.java:248)
	at edu.illinois.cs.testrunner.execution.JUnitTestExecutor.executeWithJUnit4Runner(JUnitTestExecutor.java:325)
	at edu.illinois.cs.testrunner.execution.JUnitTestExecutor.runOrder(JUnitTestExecutor.java:46)
	at edu.illinois.cs.testrunner.execution.Executor$.$anonfun$run$1(Executor.scala:30)
	at scala.runtime.java8.JFunction0$mcV$sp.apply(JFunction0$mcV$sp.java:12)
	at scala.util.Try$.apply(Try.scala:209)
	at edu.illinois.cs.testrunner.execution.Executor$.run(Executor.scala:28)
	at edu.illinois.cs.testrunner.execution.Executor$.main(Executor.scala:18)
	at edu.illinois.cs.testrunner.execution.Executor.main(Executor.scala)

abr 19, 2024 4:46:41 PM de.strullerbaumann.visualee.logging.LogProvider error
SEVERE: Not valid encoding is configured in the pom.
java.nio.charset.UnsupportedCharsetException: SimplifiedMessageReceiver
	at java.nio.charset.Charset.forName(Charset.java:531)
	at de.strullerbaumann.visualee.source.boundary.JavaSourceContainer.getEncoding(JavaSourceContainer.java:86)
	at de.strullerbaumann.visualee.source.entity.JavaSource.loadSourceCode(JavaSource.java:170)
	at de.strullerbaumann.visualee.source.entity.JavaSource.<init>(JavaSource.java:54)
	at de.strullerbaumann.visualee.source.entity.JavaSourceFactory.newJavaSourceByFilename(JavaSourceFactory.java:67)
	at de.strullerbaumann.visualee.source.boundary.JavaSourceContainer.loadJavaFiles(JavaSourceContainer.java:78)
	at de.strullerbaumann.visualee.examiner.cdi.TestGroup100Case0.test141(TestGroup100Case0.java:2048)
	at sun.reflect.NativeMethodAccessorImpl.invoke0(Native Method)
	at sun.reflect.NativeMethodAccessorImpl.invoke(NativeMethodAccessorImpl.java:62)
	at sun.reflect.DelegatingMethodAccessorImpl.invoke(DelegatingMethodAccessorImpl.java:43)
	at java.lang.reflect.Method.invoke(Method.java:498)
	at org.junit.runners.model.FrameworkMethod$1.runReflectiveCall(FrameworkMethod.java:50)
	at org.junit.internal.runners.model.ReflectiveCallable.run(ReflectiveCallable.java:12)
	at org.junit.runners.model.FrameworkMethod.invokeExplosively(FrameworkMethod.java:47)
	at org.junit.internal.runners.statements.InvokeMethod.evaluate(InvokeMethod.java:17)
	at edu.illinois.cs.testrunner.execution.JUnitTestRunner.runChild(JUnitTestRunner.java:323)
	at edu.illinois.cs.testrunner.execution.JUnitTestRunner.run(JUnitTestRunner.java:102)
	at org.junit.runner.JUnitCore.run(JUnitCore.java:137)
	at edu.illinois.cs.testrunner.execution.JUnitTestExecutor.execute(JUnitTestExecutor.java:248)
	at edu.illinois.cs.testrunner.execution.JUnitTestExecutor.executeWithJUnit4Runner(JUnitTestExecutor.java:325)
	at edu.illinois.cs.testrunner.execution.JUnitTestExecutor.runOrder(JUnitTestExecutor.java:46)
	at edu.illinois.cs.testrunner.execution.Executor$.$anonfun$run$1(Executor.scala:30)
	at scala.runtime.java8.JFunction0$mcV$sp.apply(JFunction0$mcV$sp.java:12)
	at scala.util.Try$.apply(Try.scala:209)
	at edu.illinois.cs.testrunner.execution.Executor$.run(Executor.scala:28)
	at edu.illinois.cs.testrunner.execution.Executor$.main(Executor.scala:18)
	at edu.illinois.cs.testrunner.execution.Executor.main(Executor.scala)

abr 19, 2024 4:46:41 PM de.strullerbaumann.visualee.logging.LogProvider error
SEVERE: Not valid encoding is configured in the pom.
java.nio.charset.UnsupportedCharsetException: SimplifiedMessageReceiver
	at java.nio.charset.Charset.forName(Charset.java:531)
	at de.strullerbaumann.visualee.source.boundary.JavaSourceContainer.getEncoding(JavaSourceContainer.java:86)
	at de.strullerbaumann.visualee.source.entity.JavaSource.loadSourceCode(JavaSource.java:170)
	at de.strullerbaumann.visualee.source.entity.JavaSource.<init>(JavaSource.java:54)
	at de.strullerbaumann.visualee.source.entity.JavaSourceFactory.newJavaSourceByFilename(JavaSourceFactory.java:67)
	at de.strullerbaumann.visualee.source.boundary.JavaSourceContainer.loadJavaFiles(JavaSourceContainer.java:78)
	at de.strullerbaumann.visualee.examiner.cdi.TestGroup100Case0.test141(TestGroup100Case0.java:2048)
	at sun.reflect.NativeMethodAccessorImpl.invoke0(Native Method)
	at sun.reflect.NativeMethodAccessorImpl.invoke(NativeMethodAccessorImpl.java:62)
	at sun.reflect.DelegatingMethodAccessorImpl.invoke(DelegatingMethodAccessorImpl.java:43)
	at java.lang.reflect.Method.invoke(Method.java:498)
	at org.junit.runners.model.FrameworkMethod$1.runReflectiveCall(FrameworkMethod.java:50)
	at org.junit.internal.runners.model.ReflectiveCallable.run(ReflectiveCallable.java:12)
	at org.junit.runners.model.FrameworkMethod.invokeExplosively(FrameworkMethod.java:47)
	at org.junit.internal.runners.statements.InvokeMethod.evaluate(InvokeMethod.java:17)
	at edu.illinois.cs.testrunner.execution.JUnitTestRunner.runChild(JUnitTestRunner.java:323)
	at edu.illinois.cs.testrunner.execution.JUnitTestRunner.run(JUnitTestRunner.java:102)
	at org.junit.runner.JUnitCore.run(JUnitCore.java:137)
	at edu.illinois.cs.testrunner.execution.JUnitTestExecutor.execute(JUnitTestExecutor.java:248)
	at edu.illinois.cs.testrunner.execution.JUnitTestExecutor.executeWithJUnit4Runner(JUnitTestExecutor.java:325)
	at edu.illinois.cs.testrunner.execution.JUnitTestExecutor.runOrder(JUnitTestExecutor.java:46)
	at edu.illinois.cs.testrunner.execution.Executor$.$anonfun$run$1(Executor.scala:30)
	at scala.runtime.java8.JFunction0$mcV$sp.apply(JFunction0$mcV$sp.java:12)
	at scala.util.Try$.apply(Try.scala:209)
	at edu.illinois.cs.testrunner.execution.Executor$.run(Executor.scala:28)
	at edu.illinois.cs.testrunner.execution.Executor$.main(Executor.scala:18)
	at edu.illinois.cs.testrunner.execution.Executor.main(Executor.scala)

abr 19, 2024 4:46:41 PM de.strullerbaumann.visualee.logging.LogProvider error
SEVERE: Not valid encoding is configured in the pom.
java.nio.charset.UnsupportedCharsetException: SimplifiedMessageReceiver
	at java.nio.charset.Charset.forName(Charset.java:531)
	at de.strullerbaumann.visualee.source.boundary.JavaSourceContainer.getEncoding(JavaSourceContainer.java:86)
	at de.strullerbaumann.visualee.source.entity.JavaSource.loadSourceCode(JavaSource.java:170)
	at de.strullerbaumann.visualee.source.entity.JavaSource.<init>(JavaSource.java:54)
	at de.strullerbaumann.visualee.source.entity.JavaSourceFactory.newJavaSourceByFilename(JavaSourceFactory.java:67)
	at de.strullerbaumann.visualee.source.boundary.JavaSourceContainer.loadJavaFiles(JavaSourceContainer.java:78)
	at de.strullerbaumann.visualee.examiner.cdi.TestGroup100Case0.test141(TestGroup100Case0.java:2048)
	at sun.reflect.NativeMethodAccessorImpl.invoke0(Native Method)
	at sun.reflect.NativeMethodAccessorImpl.invoke(NativeMethodAccessorImpl.java:62)
	at sun.reflect.DelegatingMethodAccessorImpl.invoke(DelegatingMethodAccessorImpl.java:43)
	at java.lang.reflect.Method.invoke(Method.java:498)
	at org.junit.runners.model.FrameworkMethod$1.runReflectiveCall(FrameworkMethod.java:50)
	at org.junit.internal.runners.model.ReflectiveCallable.run(ReflectiveCallable.java:12)
	at org.junit.runners.model.FrameworkMethod.invokeExplosively(FrameworkMethod.java:47)
	at org.junit.internal.runners.statements.InvokeMethod.evaluate(InvokeMethod.java:17)
	at edu.illinois.cs.testrunner.execution.JUnitTestRunner.runChild(JUnitTestRunner.java:323)
	at edu.illinois.cs.testrunner.execution.JUnitTestRunner.run(JUnitTestRunner.java:102)
	at org.junit.runner.JUnitCore.run(JUnitCore.java:137)
	at edu.illinois.cs.testrunner.execution.JUnitTestExecutor.execute(JUnitTestExecutor.java:248)
	at edu.illinois.cs.testrunner.execution.JUnitTestExecutor.executeWithJUnit4Runner(JUnitTestExecutor.java:325)
	at edu.illinois.cs.testrunner.execution.JUnitTestExecutor.runOrder(JUnitTestExecutor.java:46)
	at edu.illinois.cs.testrunner.execution.Executor$.$anonfun$run$1(Executor.scala:30)
	at scala.runtime.java8.JFunction0$mcV$sp.apply(JFunction0$mcV$sp.java:12)
	at scala.util.Try$.apply(Try.scala:209)
	at edu.illinois.cs.testrunner.execution.Executor$.run(Executor.scala:28)
	at edu.illinois.cs.testrunner.execution.Executor$.main(Executor.scala:18)
	at edu.illinois.cs.testrunner.execution.Executor.main(Executor.scala)

abr 19, 2024 4:46:41 PM de.strullerbaumann.visualee.logging.LogProvider error
SEVERE: Not valid encoding is configured in the pom.
java.nio.charset.UnsupportedCharsetException: SimplifiedMessageReceiver
	at java.nio.charset.Charset.forName(Charset.java:531)
	at de.strullerbaumann.visualee.source.boundary.JavaSourceContainer.getEncoding(JavaSourceContainer.java:86)
	at de.strullerbaumann.visualee.source.entity.JavaSource.loadSourceCode(JavaSource.java:170)
	at de.strullerbaumann.visualee.source.entity.JavaSource.<init>(JavaSource.java:54)
	at de.strullerbaumann.visualee.source.entity.JavaSourceFactory.newJavaSourceByFilename(JavaSourceFactory.java:67)
	at de.strullerbaumann.visualee.source.boundary.JavaSourceContainer.loadJavaFiles(JavaSourceContainer.java:78)
	at de.strullerbaumann.visualee.examiner.cdi.TestGroup100Case0.test141(TestGroup100Case0.java:2048)
	at sun.reflect.NativeMethodAccessorImpl.invoke0(Native Method)
	at sun.reflect.NativeMethodAccessorImpl.invoke(NativeMethodAccessorImpl.java:62)
	at sun.reflect.DelegatingMethodAccessorImpl.invoke(DelegatingMethodAccessorImpl.java:43)
	at java.lang.reflect.Method.invoke(Method.java:498)
	at org.junit.runners.model.FrameworkMethod$1.runReflectiveCall(FrameworkMethod.java:50)
	at org.junit.internal.runners.model.ReflectiveCallable.run(ReflectiveCallable.java:12)
	at org.junit.runners.model.FrameworkMethod.invokeExplosively(FrameworkMethod.java:47)
	at org.junit.internal.runners.statements.InvokeMethod.evaluate(InvokeMethod.java:17)
	at edu.illinois.cs.testrunner.execution.JUnitTestRunner.runChild(JUnitTestRunner.java:323)
	at edu.illinois.cs.testrunner.execution.JUnitTestRunner.run(JUnitTestRunner.java:102)
	at org.junit.runner.JUnitCore.run(JUnitCore.java:137)
	at edu.illinois.cs.testrunner.execution.JUnitTestExecutor.execute(JUnitTestExecutor.java:248)
	at edu.illinois.cs.testrunner.execution.JUnitTestExecutor.executeWithJUnit4Runner(JUnitTestExecutor.java:325)
	at edu.illinois.cs.testrunner.execution.JUnitTestExecutor.runOrder(JUnitTestExecutor.java:46)
	at edu.illinois.cs.testrunner.execution.Executor$.$anonfun$run$1(Executor.scala:30)
	at scala.runtime.java8.JFunction0$mcV$sp.apply(JFunction0$mcV$sp.java:12)
	at scala.util.Try$.apply(Try.scala:209)
	at edu.illinois.cs.testrunner.execution.Executor$.run(Executor.scala:28)
	at edu.illinois.cs.testrunner.execution.Executor$.main(Executor.scala:18)
	at edu.illinois.cs.testrunner.execution.Executor.main(Executor.scala)

abr 19, 2024 4:46:41 PM de.strullerbaumann.visualee.logging.LogProvider error
SEVERE: Not valid encoding is configured in the pom.
java.nio.charset.UnsupportedCharsetException: SimplifiedMessageReceiver
	at java.nio.charset.Charset.forName(Charset.java:531)
	at de.strullerbaumann.visualee.source.boundary.JavaSourceContainer.getEncoding(JavaSourceContainer.java:86)
	at de.strullerbaumann.visualee.source.entity.JavaSource.loadSourceCode(JavaSource.java:170)
	at de.strullerbaumann.visualee.source.entity.JavaSource.<init>(JavaSource.java:54)
	at de.strullerbaumann.visualee.source.entity.JavaSourceFactory.newJavaSourceByFilename(JavaSourceFactory.java:67)
	at de.strullerbaumann.visualee.source.boundary.JavaSourceContainer.loadJavaFiles(JavaSourceContainer.java:78)
	at de.strullerbaumann.visualee.examiner.cdi.TestGroup100Case0.test141(TestGroup100Case0.java:2048)
	at sun.reflect.NativeMethodAccessorImpl.invoke0(Native Method)
	at sun.reflect.NativeMethodAccessorImpl.invoke(NativeMethodAccessorImpl.java:62)
	at sun.reflect.DelegatingMethodAccessorImpl.invoke(DelegatingMethodAccessorImpl.java:43)
	at java.lang.reflect.Method.invoke(Method.java:498)
	at org.junit.runners.model.FrameworkMethod$1.runReflectiveCall(FrameworkMethod.java:50)
	at org.junit.internal.runners.model.ReflectiveCallable.run(ReflectiveCallable.java:12)
	at org.junit.runners.model.FrameworkMethod.invokeExplosively(FrameworkMethod.java:47)
	at org.junit.internal.runners.statements.InvokeMethod.evaluate(InvokeMethod.java:17)
	at edu.illinois.cs.testrunner.execution.JUnitTestRunner.runChild(JUnitTestRunner.java:323)
	at edu.illinois.cs.testrunner.execution.JUnitTestRunner.run(JUnitTestRunner.java:102)
	at org.junit.runner.JUnitCore.run(JUnitCore.java:137)
	at edu.illinois.cs.testrunner.execution.JUnitTestExecutor.execute(JUnitTestExecutor.java:248)
	at edu.illinois.cs.testrunner.execution.JUnitTestExecutor.executeWithJUnit4Runner(JUnitTestExecutor.java:325)
	at edu.illinois.cs.testrunner.execution.JUnitTestExecutor.runOrder(JUnitTestExecutor.java:46)
	at edu.illinois.cs.testrunner.execution.Executor$.$anonfun$run$1(Executor.scala:30)
	at scala.runtime.java8.JFunction0$mcV$sp.apply(JFunction0$mcV$sp.java:12)
	at scala.util.Try$.apply(Try.scala:209)
	at edu.illinois.cs.testrunner.execution.Executor$.run(Executor.scala:28)
	at edu.illinois.cs.testrunner.execution.Executor$.main(Executor.scala:18)
	at edu.illinois.cs.testrunner.execution.Executor.main(Executor.scala)

abr 19, 2024 4:46:41 PM de.strullerbaumann.visualee.logging.LogProvider error
SEVERE: Not valid encoding is configured in the pom.
java.nio.charset.UnsupportedCharsetException: SimplifiedMessageReceiver
	at java.nio.charset.Charset.forName(Charset.java:531)
	at de.strullerbaumann.visualee.source.boundary.JavaSourceContainer.getEncoding(JavaSourceContainer.java:86)
	at de.strullerbaumann.visualee.source.entity.JavaSource.loadSourceCode(JavaSource.java:170)
	at de.strullerbaumann.visualee.source.entity.JavaSource.<init>(JavaSource.java:54)
	at de.strullerbaumann.visualee.source.entity.JavaSourceFactory.newJavaSourceByFilename(JavaSourceFactory.java:67)
	at de.strullerbaumann.visualee.source.boundary.JavaSourceContainer.loadJavaFiles(JavaSourceContainer.java:78)
	at de.strullerbaumann.visualee.examiner.cdi.TestGroup100Case0.test141(TestGroup100Case0.java:2048)
	at sun.reflect.NativeMethodAccessorImpl.invoke0(Native Method)
	at sun.reflect.NativeMethodAccessorImpl.invoke(NativeMethodAccessorImpl.java:62)
	at sun.reflect.DelegatingMethodAccessorImpl.invoke(DelegatingMethodAccessorImpl.java:43)
	at java.lang.reflect.Method.invoke(Method.java:498)
	at org.junit.runners.model.FrameworkMethod$1.runReflectiveCall(FrameworkMethod.java:50)
	at org.junit.internal.runners.model.ReflectiveCallable.run(ReflectiveCallable.java:12)
	at org.junit.runners.model.FrameworkMethod.invokeExplosively(FrameworkMethod.java:47)
	at org.junit.internal.runners.statements.InvokeMethod.evaluate(InvokeMethod.java:17)
	at edu.illinois.cs.testrunner.execution.JUnitTestRunner.runChild(JUnitTestRunner.java:323)
	at edu.illinois.cs.testrunner.execution.JUnitTestRunner.run(JUnitTestRunner.java:102)
	at org.junit.runner.JUnitCore.run(JUnitCore.java:137)
	at edu.illinois.cs.testrunner.execution.JUnitTestExecutor.execute(JUnitTestExecutor.java:248)
	at edu.illinois.cs.testrunner.execution.JUnitTestExecutor.executeWithJUnit4Runner(JUnitTestExecutor.java:325)
	at edu.illinois.cs.testrunner.execution.JUnitTestExecutor.runOrder(JUnitTestExecutor.java:46)
	at edu.illinois.cs.testrunner.execution.Executor$.$anonfun$run$1(Executor.scala:30)
	at scala.runtime.java8.JFunction0$mcV$sp.apply(JFunction0$mcV$sp.java:12)
	at scala.util.Try$.apply(Try.scala:209)
	at edu.illinois.cs.testrunner.execution.Executor$.run(Executor.scala:28)
	at edu.illinois.cs.testrunner.execution.Executor$.main(Executor.scala:18)
	at edu.illinois.cs.testrunner.execution.Executor.main(Executor.scala)

abr 19, 2024 4:46:41 PM de.strullerbaumann.visualee.logging.LogProvider error
SEVERE: Not valid encoding is configured in the pom.
java.nio.charset.UnsupportedCharsetException: SimplifiedMessageReceiver
	at java.nio.charset.Charset.forName(Charset.java:531)
	at de.strullerbaumann.visualee.source.boundary.JavaSourceContainer.getEncoding(JavaSourceContainer.java:86)
	at de.strullerbaumann.visualee.source.entity.JavaSource.loadSourceCode(JavaSource.java:170)
	at de.strullerbaumann.visualee.source.entity.JavaSource.<init>(JavaSource.java:54)
	at de.strullerbaumann.visualee.source.entity.JavaSourceFactory.newJavaSourceByFilename(JavaSourceFactory.java:67)
	at de.strullerbaumann.visualee.source.boundary.JavaSourceContainer.loadJavaFiles(JavaSourceContainer.java:78)
	at de.strullerbaumann.visualee.examiner.cdi.TestGroup100Case0.test141(TestGroup100Case0.java:2048)
	at sun.reflect.NativeMethodAccessorImpl.invoke0(Native Method)
	at sun.reflect.NativeMethodAccessorImpl.invoke(NativeMethodAccessorImpl.java:62)
	at sun.reflect.DelegatingMethodAccessorImpl.invoke(DelegatingMethodAccessorImpl.java:43)
	at java.lang.reflect.Method.invoke(Method.java:498)
	at org.junit.runners.model.FrameworkMethod$1.runReflectiveCall(FrameworkMethod.java:50)
	at org.junit.internal.runners.model.ReflectiveCallable.run(ReflectiveCallable.java:12)
	at org.junit.runners.model.FrameworkMethod.invokeExplosively(FrameworkMethod.java:47)
	at org.junit.internal.runners.statements.InvokeMethod.evaluate(InvokeMethod.java:17)
	at edu.illinois.cs.testrunner.execution.JUnitTestRunner.runChild(JUnitTestRunner.java:323)
	at edu.illinois.cs.testrunner.execution.JUnitTestRunner.run(JUnitTestRunner.java:102)
	at org.junit.runner.JUnitCore.run(JUnitCore.java:137)
	at edu.illinois.cs.testrunner.execution.JUnitTestExecutor.execute(JUnitTestExecutor.java:248)
	at edu.illinois.cs.testrunner.execution.JUnitTestExecutor.executeWithJUnit4Runner(JUnitTestExecutor.java:325)
	at edu.illinois.cs.testrunner.execution.JUnitTestExecutor.runOrder(JUnitTestExecutor.java:46)
	at edu.illinois.cs.testrunner.execution.Executor$.$anonfun$run$1(Executor.scala:30)
	at scala.runtime.java8.JFunction0$mcV$sp.apply(JFunction0$mcV$sp.java:12)
	at scala.util.Try$.apply(Try.scala:209)
	at edu.illinois.cs.testrunner.execution.Executor$.run(Executor.scala:28)
	at edu.illinois.cs.testrunner.execution.Executor$.main(Executor.scala:18)
	at edu.illinois.cs.testrunner.execution.Executor.main(Executor.scala)

abr 19, 2024 4:46:41 PM de.strullerbaumann.visualee.logging.LogProvider error
SEVERE: Not valid encoding is configured in the pom.
java.nio.charset.UnsupportedCharsetException: SimplifiedMessageReceiver
	at java.nio.charset.Charset.forName(Charset.java:531)
	at de.strullerbaumann.visualee.source.boundary.JavaSourceContainer.getEncoding(JavaSourceContainer.java:86)
	at de.strullerbaumann.visualee.source.entity.JavaSource.loadSourceCode(JavaSource.java:170)
	at de.strullerbaumann.visualee.source.entity.JavaSource.<init>(JavaSource.java:54)
	at de.strullerbaumann.visualee.source.entity.JavaSourceFactory.newJavaSourceByFilename(JavaSourceFactory.java:67)
	at de.strullerbaumann.visualee.source.boundary.JavaSourceContainer.loadJavaFiles(JavaSourceContainer.java:78)
	at de.strullerbaumann.visualee.examiner.cdi.TestGroup100Case0.test141(TestGroup100Case0.java:2048)
	at sun.reflect.NativeMethodAccessorImpl.invoke0(Native Method)
	at sun.reflect.NativeMethodAccessorImpl.invoke(NativeMethodAccessorImpl.java:62)
	at sun.reflect.DelegatingMethodAccessorImpl.invoke(DelegatingMethodAccessorImpl.java:43)
	at java.lang.reflect.Method.invoke(Method.java:498)
	at org.junit.runners.model.FrameworkMethod$1.runReflectiveCall(FrameworkMethod.java:50)
	at org.junit.internal.runners.model.ReflectiveCallable.run(ReflectiveCallable.java:12)
	at org.junit.runners.model.FrameworkMethod.invokeExplosively(FrameworkMethod.java:47)
	at org.junit.internal.runners.statements.InvokeMethod.evaluate(InvokeMethod.java:17)
	at edu.illinois.cs.testrunner.execution.JUnitTestRunner.runChild(JUnitTestRunner.java:323)
	at edu.illinois.cs.testrunner.execution.JUnitTestRunner.run(JUnitTestRunner.java:102)
	at org.junit.runner.JUnitCore.run(JUnitCore.java:137)
	at edu.illinois.cs.testrunner.execution.JUnitTestExecutor.execute(JUnitTestExecutor.java:248)
	at edu.illinois.cs.testrunner.execution.JUnitTestExecutor.executeWithJUnit4Runner(JUnitTestExecutor.java:325)
	at edu.illinois.cs.testrunner.execution.JUnitTestExecutor.runOrder(JUnitTestExecutor.java:46)
	at edu.illinois.cs.testrunner.execution.Executor$.$anonfun$run$1(Executor.scala:30)
	at scala.runtime.java8.JFunction0$mcV$sp.apply(JFunction0$mcV$sp.java:12)
	at scala.util.Try$.apply(Try.scala:209)
	at edu.illinois.cs.testrunner.execution.Executor$.run(Executor.scala:28)
	at edu.illinois.cs.testrunner.execution.Executor$.main(Executor.scala:18)
	at edu.illinois.cs.testrunner.execution.Executor.main(Executor.scala)

abr 19, 2024 4:46:41 PM de.strullerbaumann.visualee.logging.LogProvider error
SEVERE: Not valid encoding is configured in the pom.
java.nio.charset.UnsupportedCharsetException: SimplifiedMessageReceiver
	at java.nio.charset.Charset.forName(Charset.java:531)
	at de.strullerbaumann.visualee.source.boundary.JavaSourceContainer.getEncoding(JavaSourceContainer.java:86)
	at de.strullerbaumann.visualee.source.entity.JavaSource.loadSourceCode(JavaSource.java:170)
	at de.strullerbaumann.visualee.source.entity.JavaSource.<init>(JavaSource.java:54)
	at de.strullerbaumann.visualee.source.entity.JavaSourceFactory.newJavaSourceByFilename(JavaSourceFactory.java:67)
	at de.strullerbaumann.visualee.source.boundary.JavaSourceContainer.loadJavaFiles(JavaSourceContainer.java:78)
	at de.strullerbaumann.visualee.examiner.cdi.TestGroup100Case0.test141(TestGroup100Case0.java:2048)
	at sun.reflect.NativeMethodAccessorImpl.invoke0(Native Method)
	at sun.reflect.NativeMethodAccessorImpl.invoke(NativeMethodAccessorImpl.java:62)
	at sun.reflect.DelegatingMethodAccessorImpl.invoke(DelegatingMethodAccessorImpl.java:43)
	at java.lang.reflect.Method.invoke(Method.java:498)
	at org.junit.runners.model.FrameworkMethod$1.runReflectiveCall(FrameworkMethod.java:50)
	at org.junit.internal.runners.model.ReflectiveCallable.run(ReflectiveCallable.java:12)
	at org.junit.runners.model.FrameworkMethod.invokeExplosively(FrameworkMethod.java:47)
	at org.junit.internal.runners.statements.InvokeMethod.evaluate(InvokeMethod.java:17)
	at edu.illinois.cs.testrunner.execution.JUnitTestRunner.runChild(JUnitTestRunner.java:323)
	at edu.illinois.cs.testrunner.execution.JUnitTestRunner.run(JUnitTestRunner.java:102)
	at org.junit.runner.JUnitCore.run(JUnitCore.java:137)
	at edu.illinois.cs.testrunner.execution.JUnitTestExecutor.execute(JUnitTestExecutor.java:248)
	at edu.illinois.cs.testrunner.execution.JUnitTestExecutor.executeWithJUnit4Runner(JUnitTestExecutor.java:325)
	at edu.illinois.cs.testrunner.execution.JUnitTestExecutor.runOrder(JUnitTestExecutor.java:46)
	at edu.illinois.cs.testrunner.execution.Executor$.$anonfun$run$1(Executor.scala:30)
	at scala.runtime.java8.JFunction0$mcV$sp.apply(JFunction0$mcV$sp.java:12)
	at scala.util.Try$.apply(Try.scala:209)
	at edu.illinois.cs.testrunner.execution.Executor$.run(Executor.scala:28)
	at edu.illinois.cs.testrunner.execution.Executor$.main(Executor.scala:18)
	at edu.illinois.cs.testrunner.execution.Executor.main(Executor.scala)

abr 19, 2024 4:46:41 PM de.strullerbaumann.visualee.logging.LogProvider error
SEVERE: Not valid encoding is configured in the pom.
java.nio.charset.UnsupportedCharsetException: SimplifiedMessageReceiver
	at java.nio.charset.Charset.forName(Charset.java:531)
	at de.strullerbaumann.visualee.source.boundary.JavaSourceContainer.getEncoding(JavaSourceContainer.java:86)
	at de.strullerbaumann.visualee.source.entity.JavaSource.loadSourceCode(JavaSource.java:170)
	at de.strullerbaumann.visualee.source.entity.JavaSource.<init>(JavaSource.java:54)
	at de.strullerbaumann.visualee.source.entity.JavaSourceFactory.newJavaSourceByFilename(JavaSourceFactory.java:67)
	at de.strullerbaumann.visualee.source.boundary.JavaSourceContainer.loadJavaFiles(JavaSourceContainer.java:78)
	at de.strullerbaumann.visualee.examiner.cdi.TestGroup100Case0.test141(TestGroup100Case0.java:2048)
	at sun.reflect.NativeMethodAccessorImpl.invoke0(Native Method)
	at sun.reflect.NativeMethodAccessorImpl.invoke(NativeMethodAccessorImpl.java:62)
	at sun.reflect.DelegatingMethodAccessorImpl.invoke(DelegatingMethodAccessorImpl.java:43)
	at java.lang.reflect.Method.invoke(Method.java:498)
	at org.junit.runners.model.FrameworkMethod$1.runReflectiveCall(FrameworkMethod.java:50)
	at org.junit.internal.runners.model.ReflectiveCallable.run(ReflectiveCallable.java:12)
	at org.junit.runners.model.FrameworkMethod.invokeExplosively(FrameworkMethod.java:47)
	at org.junit.internal.runners.statements.InvokeMethod.evaluate(InvokeMethod.java:17)
	at edu.illinois.cs.testrunner.execution.JUnitTestRunner.runChild(JUnitTestRunner.java:323)
	at edu.illinois.cs.testrunner.execution.JUnitTestRunner.run(JUnitTestRunner.java:102)
	at org.junit.runner.JUnitCore.run(JUnitCore.java:137)
	at edu.illinois.cs.testrunner.execution.JUnitTestExecutor.execute(JUnitTestExecutor.java:248)
	at edu.illinois.cs.testrunner.execution.JUnitTestExecutor.executeWithJUnit4Runner(JUnitTestExecutor.java:325)
	at edu.illinois.cs.testrunner.execution.JUnitTestExecutor.runOrder(JUnitTestExecutor.java:46)
	at edu.illinois.cs.testrunner.execution.Executor$.$anonfun$run$1(Executor.scala:30)
	at scala.runtime.java8.JFunction0$mcV$sp.apply(JFunction0$mcV$sp.java:12)
	at scala.util.Try$.apply(Try.scala:209)
	at edu.illinois.cs.testrunner.execution.Executor$.run(Executor.scala:28)
	at edu.illinois.cs.testrunner.execution.Executor$.main(Executor.scala:18)
	at edu.illinois.cs.testrunner.execution.Executor.main(Executor.scala)

abr 19, 2024 4:46:41 PM de.strullerbaumann.visualee.logging.LogProvider error
SEVERE: Not valid encoding is configured in the pom.
java.nio.charset.UnsupportedCharsetException: SimplifiedMessageReceiver
	at java.nio.charset.Charset.forName(Charset.java:531)
	at de.strullerbaumann.visualee.source.boundary.JavaSourceContainer.getEncoding(JavaSourceContainer.java:86)
	at de.strullerbaumann.visualee.source.entity.JavaSource.loadSourceCode(JavaSource.java:170)
	at de.strullerbaumann.visualee.source.entity.JavaSource.<init>(JavaSource.java:54)
	at de.strullerbaumann.visualee.source.entity.JavaSourceFactory.newJavaSourceByFilename(JavaSourceFactory.java:67)
	at de.strullerbaumann.visualee.source.boundary.JavaSourceContainer.loadJavaFiles(JavaSourceContainer.java:78)
	at de.strullerbaumann.visualee.examiner.cdi.TestGroup100Case0.test141(TestGroup100Case0.java:2048)
	at sun.reflect.NativeMethodAccessorImpl.invoke0(Native Method)
	at sun.reflect.NativeMethodAccessorImpl.invoke(NativeMethodAccessorImpl.java:62)
	at sun.reflect.DelegatingMethodAccessorImpl.invoke(DelegatingMethodAccessorImpl.java:43)
	at java.lang.reflect.Method.invoke(Method.java:498)
	at org.junit.runners.model.FrameworkMethod$1.runReflectiveCall(FrameworkMethod.java:50)
	at org.junit.internal.runners.model.ReflectiveCallable.run(ReflectiveCallable.java:12)
	at org.junit.runners.model.FrameworkMethod.invokeExplosively(FrameworkMethod.java:47)
	at org.junit.internal.runners.statements.InvokeMethod.evaluate(InvokeMethod.java:17)
	at edu.illinois.cs.testrunner.execution.JUnitTestRunner.runChild(JUnitTestRunner.java:323)
	at edu.illinois.cs.testrunner.execution.JUnitTestRunner.run(JUnitTestRunner.java:102)
	at org.junit.runner.JUnitCore.run(JUnitCore.java:137)
	at edu.illinois.cs.testrunner.execution.JUnitTestExecutor.execute(JUnitTestExecutor.java:248)
	at edu.illinois.cs.testrunner.execution.JUnitTestExecutor.executeWithJUnit4Runner(JUnitTestExecutor.java:325)
	at edu.illinois.cs.testrunner.execution.JUnitTestExecutor.runOrder(JUnitTestExecutor.java:46)
	at edu.illinois.cs.testrunner.execution.Executor$.$anonfun$run$1(Executor.scala:30)
	at scala.runtime.java8.JFunction0$mcV$sp.apply(JFunction0$mcV$sp.java:12)
	at scala.util.Try$.apply(Try.scala:209)
	at edu.illinois.cs.testrunner.execution.Executor$.run(Executor.scala:28)
	at edu.illinois.cs.testrunner.execution.Executor$.main(Executor.scala:18)
	at edu.illinois.cs.testrunner.execution.Executor.main(Executor.scala)

abr 19, 2024 4:46:41 PM de.strullerbaumann.visualee.logging.LogProvider error
SEVERE: Not valid encoding is configured in the pom.
java.nio.charset.UnsupportedCharsetException: SimplifiedMessageReceiver
	at java.nio.charset.Charset.forName(Charset.java:531)
	at de.strullerbaumann.visualee.source.boundary.JavaSourceContainer.getEncoding(JavaSourceContainer.java:86)
	at de.strullerbaumann.visualee.source.entity.JavaSource.loadSourceCode(JavaSource.java:170)
	at de.strullerbaumann.visualee.source.entity.JavaSource.<init>(JavaSource.java:54)
	at de.strullerbaumann.visualee.source.entity.JavaSourceFactory.newJavaSourceByFilename(JavaSourceFactory.java:67)
	at de.strullerbaumann.visualee.source.boundary.JavaSourceContainer.loadJavaFiles(JavaSourceContainer.java:78)
	at de.strullerbaumann.visualee.examiner.cdi.TestGroup100Case0.test141(TestGroup100Case0.java:2048)
	at sun.reflect.NativeMethodAccessorImpl.invoke0(Native Method)
	at sun.reflect.NativeMethodAccessorImpl.invoke(NativeMethodAccessorImpl.java:62)
	at sun.reflect.DelegatingMethodAccessorImpl.invoke(DelegatingMethodAccessorImpl.java:43)
	at java.lang.reflect.Method.invoke(Method.java:498)
	at org.junit.runners.model.FrameworkMethod$1.runReflectiveCall(FrameworkMethod.java:50)
	at org.junit.internal.runners.model.ReflectiveCallable.run(ReflectiveCallable.java:12)
	at org.junit.runners.model.FrameworkMethod.invokeExplosively(FrameworkMethod.java:47)
	at org.junit.internal.runners.statements.InvokeMethod.evaluate(InvokeMethod.java:17)
	at edu.illinois.cs.testrunner.execution.JUnitTestRunner.runChild(JUnitTestRunner.java:323)
	at edu.illinois.cs.testrunner.execution.JUnitTestRunner.run(JUnitTestRunner.java:102)
	at org.junit.runner.JUnitCore.run(JUnitCore.java:137)
	at edu.illinois.cs.testrunner.execution.JUnitTestExecutor.execute(JUnitTestExecutor.java:248)
	at edu.illinois.cs.testrunner.execution.JUnitTestExecutor.executeWithJUnit4Runner(JUnitTestExecutor.java:325)
	at edu.illinois.cs.testrunner.execution.JUnitTestExecutor.runOrder(JUnitTestExecutor.java:46)
	at edu.illinois.cs.testrunner.execution.Executor$.$anonfun$run$1(Executor.scala:30)
	at scala.runtime.java8.JFunction0$mcV$sp.apply(JFunction0$mcV$sp.java:12)
	at scala.util.Try$.apply(Try.scala:209)
	at edu.illinois.cs.testrunner.execution.Executor$.run(Executor.scala:28)
	at edu.illinois.cs.testrunner.execution.Executor$.main(Executor.scala:18)
	at edu.illinois.cs.testrunner.execution.Executor.main(Executor.scala)

abr 19, 2024 4:46:41 PM de.strullerbaumann.visualee.logging.LogProvider error
SEVERE: Not valid encoding is configured in the pom.
java.nio.charset.UnsupportedCharsetException: SimplifiedMessageReceiver
	at java.nio.charset.Charset.forName(Charset.java:531)
	at de.strullerbaumann.visualee.source.boundary.JavaSourceContainer.getEncoding(JavaSourceContainer.java:86)
	at de.strullerbaumann.visualee.source.entity.JavaSource.loadSourceCode(JavaSource.java:170)
	at de.strullerbaumann.visualee.source.entity.JavaSource.<init>(JavaSource.java:54)
	at de.strullerbaumann.visualee.source.entity.JavaSourceFactory.newJavaSourceByFilename(JavaSourceFactory.java:67)
	at de.strullerbaumann.visualee.source.boundary.JavaSourceContainer.loadJavaFiles(JavaSourceContainer.java:78)
	at de.strullerbaumann.visualee.examiner.cdi.TestGroup100Case0.test141(TestGroup100Case0.java:2048)
	at sun.reflect.NativeMethodAccessorImpl.invoke0(Native Method)
	at sun.reflect.NativeMethodAccessorImpl.invoke(NativeMethodAccessorImpl.java:62)
	at sun.reflect.DelegatingMethodAccessorImpl.invoke(DelegatingMethodAccessorImpl.java:43)
	at java.lang.reflect.Method.invoke(Method.java:498)
	at org.junit.runners.model.FrameworkMethod$1.runReflectiveCall(FrameworkMethod.java:50)
	at org.junit.internal.runners.model.ReflectiveCallable.run(ReflectiveCallable.java:12)
	at org.junit.runners.model.FrameworkMethod.invokeExplosively(FrameworkMethod.java:47)
	at org.junit.internal.runners.statements.InvokeMethod.evaluate(InvokeMethod.java:17)
	at edu.illinois.cs.testrunner.execution.JUnitTestRunner.runChild(JUnitTestRunner.java:323)
	at edu.illinois.cs.testrunner.execution.JUnitTestRunner.run(JUnitTestRunner.java:102)
	at org.junit.runner.JUnitCore.run(JUnitCore.java:137)
	at edu.illinois.cs.testrunner.execution.JUnitTestExecutor.execute(JUnitTestExecutor.java:248)
	at edu.illinois.cs.testrunner.execution.JUnitTestExecutor.executeWithJUnit4Runner(JUnitTestExecutor.java:325)
	at edu.illinois.cs.testrunner.execution.JUnitTestExecutor.runOrder(JUnitTestExecutor.java:46)
	at edu.illinois.cs.testrunner.execution.Executor$.$anonfun$run$1(Executor.scala:30)
	at scala.runtime.java8.JFunction0$mcV$sp.apply(JFunction0$mcV$sp.java:12)
	at scala.util.Try$.apply(Try.scala:209)
	at edu.illinois.cs.testrunner.execution.Executor$.run(Executor.scala:28)
	at edu.illinois.cs.testrunner.execution.Executor$.main(Executor.scala:18)
	at edu.illinois.cs.testrunner.execution.Executor.main(Executor.scala)

abr 19, 2024 4:46:41 PM de.strullerbaumann.visualee.logging.LogProvider error
SEVERE: Not valid encoding is configured in the pom.
java.nio.charset.UnsupportedCharsetException: SimplifiedMessageReceiver
	at java.nio.charset.Charset.forName(Charset.java:531)
	at de.strullerbaumann.visualee.source.boundary.JavaSourceContainer.getEncoding(JavaSourceContainer.java:86)
	at de.strullerbaumann.visualee.source.entity.JavaSource.loadSourceCode(JavaSource.java:170)
	at de.strullerbaumann.visualee.source.entity.JavaSource.<init>(JavaSource.java:54)
	at de.strullerbaumann.visualee.source.entity.JavaSourceFactory.newJavaSourceByFilename(JavaSourceFactory.java:67)
	at de.strullerbaumann.visualee.source.boundary.JavaSourceContainer.loadJavaFiles(JavaSourceContainer.java:78)
	at de.strullerbaumann.visualee.examiner.cdi.TestGroup100Case0.test141(TestGroup100Case0.java:2048)
	at sun.reflect.NativeMethodAccessorImpl.invoke0(Native Method)
	at sun.reflect.NativeMethodAccessorImpl.invoke(NativeMethodAccessorImpl.java:62)
	at sun.reflect.DelegatingMethodAccessorImpl.invoke(DelegatingMethodAccessorImpl.java:43)
	at java.lang.reflect.Method.invoke(Method.java:498)
	at org.junit.runners.model.FrameworkMethod$1.runReflectiveCall(FrameworkMethod.java:50)
	at org.junit.internal.runners.model.ReflectiveCallable.run(ReflectiveCallable.java:12)
	at org.junit.runners.model.FrameworkMethod.invokeExplosively(FrameworkMethod.java:47)
	at org.junit.internal.runners.statements.InvokeMethod.evaluate(InvokeMethod.java:17)
	at edu.illinois.cs.testrunner.execution.JUnitTestRunner.runChild(JUnitTestRunner.java:323)
	at edu.illinois.cs.testrunner.execution.JUnitTestRunner.run(JUnitTestRunner.java:102)
	at org.junit.runner.JUnitCore.run(JUnitCore.java:137)
	at edu.illinois.cs.testrunner.execution.JUnitTestExecutor.execute(JUnitTestExecutor.java:248)
	at edu.illinois.cs.testrunner.execution.JUnitTestExecutor.executeWithJUnit4Runner(JUnitTestExecutor.java:325)
	at edu.illinois.cs.testrunner.execution.JUnitTestExecutor.runOrder(JUnitTestExecutor.java:46)
	at edu.illinois.cs.testrunner.execution.Executor$.$anonfun$run$1(Executor.scala:30)
	at scala.runtime.java8.JFunction0$mcV$sp.apply(JFunction0$mcV$sp.java:12)
	at scala.util.Try$.apply(Try.scala:209)
	at edu.illinois.cs.testrunner.execution.Executor$.run(Executor.scala:28)
	at edu.illinois.cs.testrunner.execution.Executor$.main(Executor.scala:18)
	at edu.illinois.cs.testrunner.execution.Executor.main(Executor.scala)

abr 19, 2024 4:46:41 PM de.strullerbaumann.visualee.logging.LogProvider error
SEVERE: Not valid encoding is configured in the pom.
java.nio.charset.UnsupportedCharsetException: SimplifiedMessageReceiver
	at java.nio.charset.Charset.forName(Charset.java:531)
	at de.strullerbaumann.visualee.source.boundary.JavaSourceContainer.getEncoding(JavaSourceContainer.java:86)
	at de.strullerbaumann.visualee.source.entity.JavaSource.loadSourceCode(JavaSource.java:170)
	at de.strullerbaumann.visualee.source.entity.JavaSource.<init>(JavaSource.java:54)
	at de.strullerbaumann.visualee.source.entity.JavaSourceFactory.newJavaSourceByFilename(JavaSourceFactory.java:67)
	at de.strullerbaumann.visualee.source.boundary.JavaSourceContainer.loadJavaFiles(JavaSourceContainer.java:78)
	at de.strullerbaumann.visualee.examiner.cdi.TestGroup100Case0.test141(TestGroup100Case0.java:2048)
	at sun.reflect.NativeMethodAccessorImpl.invoke0(Native Method)
	at sun.reflect.NativeMethodAccessorImpl.invoke(NativeMethodAccessorImpl.java:62)
	at sun.reflect.DelegatingMethodAccessorImpl.invoke(DelegatingMethodAccessorImpl.java:43)
	at java.lang.reflect.Method.invoke(Method.java:498)
	at org.junit.runners.model.FrameworkMethod$1.runReflectiveCall(FrameworkMethod.java:50)
	at org.junit.internal.runners.model.ReflectiveCallable.run(ReflectiveCallable.java:12)
	at org.junit.runners.model.FrameworkMethod.invokeExplosively(FrameworkMethod.java:47)
	at org.junit.internal.runners.statements.InvokeMethod.evaluate(InvokeMethod.java:17)
	at edu.illinois.cs.testrunner.execution.JUnitTestRunner.runChild(JUnitTestRunner.java:323)
	at edu.illinois.cs.testrunner.execution.JUnitTestRunner.run(JUnitTestRunner.java:102)
	at org.junit.runner.JUnitCore.run(JUnitCore.java:137)
	at edu.illinois.cs.testrunner.execution.JUnitTestExecutor.execute(JUnitTestExecutor.java:248)
	at edu.illinois.cs.testrunner.execution.JUnitTestExecutor.executeWithJUnit4Runner(JUnitTestExecutor.java:325)
	at edu.illinois.cs.testrunner.execution.JUnitTestExecutor.runOrder(JUnitTestExecutor.java:46)
	at edu.illinois.cs.testrunner.execution.Executor$.$anonfun$run$1(Executor.scala:30)
	at scala.runtime.java8.JFunction0$mcV$sp.apply(JFunction0$mcV$sp.java:12)
	at scala.util.Try$.apply(Try.scala:209)
	at edu.illinois.cs.testrunner.execution.Executor$.run(Executor.scala:28)
	at edu.illinois.cs.testrunner.execution.Executor$.main(Executor.scala:18)
	at edu.illinois.cs.testrunner.execution.Executor.main(Executor.scala)

abr 19, 2024 4:46:41 PM de.strullerbaumann.visualee.logging.LogProvider error
SEVERE: Not valid encoding is configured in the pom.
java.nio.charset.UnsupportedCharsetException: SimplifiedMessageReceiver
	at java.nio.charset.Charset.forName(Charset.java:531)
	at de.strullerbaumann.visualee.source.boundary.JavaSourceContainer.getEncoding(JavaSourceContainer.java:86)
	at de.strullerbaumann.visualee.source.entity.JavaSource.loadSourceCode(JavaSource.java:170)
	at de.strullerbaumann.visualee.source.entity.JavaSource.<init>(JavaSource.java:54)
	at de.strullerbaumann.visualee.source.entity.JavaSourceFactory.newJavaSourceByFilename(JavaSourceFactory.java:67)
	at de.strullerbaumann.visualee.source.boundary.JavaSourceContainer.loadJavaFiles(JavaSourceContainer.java:78)
	at de.strullerbaumann.visualee.examiner.cdi.TestGroup100Case0.test141(TestGroup100Case0.java:2048)
	at sun.reflect.NativeMethodAccessorImpl.invoke0(Native Method)
	at sun.reflect.NativeMethodAccessorImpl.invoke(NativeMethodAccessorImpl.java:62)
	at sun.reflect.DelegatingMethodAccessorImpl.invoke(DelegatingMethodAccessorImpl.java:43)
	at java.lang.reflect.Method.invoke(Method.java:498)
	at org.junit.runners.model.FrameworkMethod$1.runReflectiveCall(FrameworkMethod.java:50)
	at org.junit.internal.runners.model.ReflectiveCallable.run(ReflectiveCallable.java:12)
	at org.junit.runners.model.FrameworkMethod.invokeExplosively(FrameworkMethod.java:47)
	at org.junit.internal.runners.statements.InvokeMethod.evaluate(InvokeMethod.java:17)
	at edu.illinois.cs.testrunner.execution.JUnitTestRunner.runChild(JUnitTestRunner.java:323)
	at edu.illinois.cs.testrunner.execution.JUnitTestRunner.run(JUnitTestRunner.java:102)
	at org.junit.runner.JUnitCore.run(JUnitCore.java:137)
	at edu.illinois.cs.testrunner.execution.JUnitTestExecutor.execute(JUnitTestExecutor.java:248)
	at edu.illinois.cs.testrunner.execution.JUnitTestExecutor.executeWithJUnit4Runner(JUnitTestExecutor.java:325)
	at edu.illinois.cs.testrunner.execution.JUnitTestExecutor.runOrder(JUnitTestExecutor.java:46)
	at edu.illinois.cs.testrunner.execution.Executor$.$anonfun$run$1(Executor.scala:30)
	at scala.runtime.java8.JFunction0$mcV$sp.apply(JFunction0$mcV$sp.java:12)
	at scala.util.Try$.apply(Try.scala:209)
	at edu.illinois.cs.testrunner.execution.Executor$.run(Executor.scala:28)
	at edu.illinois.cs.testrunner.execution.Executor$.main(Executor.scala:18)
	at edu.illinois.cs.testrunner.execution.Executor.main(Executor.scala)

abr 19, 2024 4:46:41 PM de.strullerbaumann.visualee.logging.LogProvider error
SEVERE: Not valid encoding is configured in the pom.
java.nio.charset.UnsupportedCharsetException: SimplifiedMessageReceiver
	at java.nio.charset.Charset.forName(Charset.java:531)
	at de.strullerbaumann.visualee.source.boundary.JavaSourceContainer.getEncoding(JavaSourceContainer.java:86)
	at de.strullerbaumann.visualee.source.entity.JavaSource.loadSourceCode(JavaSource.java:170)
	at de.strullerbaumann.visualee.source.entity.JavaSource.<init>(JavaSource.java:54)
	at de.strullerbaumann.visualee.source.entity.JavaSourceFactory.newJavaSourceByFilename(JavaSourceFactory.java:67)
	at de.strullerbaumann.visualee.source.boundary.JavaSourceContainer.loadJavaFiles(JavaSourceContainer.java:78)
	at de.strullerbaumann.visualee.examiner.cdi.TestGroup100Case0.test141(TestGroup100Case0.java:2048)
	at sun.reflect.NativeMethodAccessorImpl.invoke0(Native Method)
	at sun.reflect.NativeMethodAccessorImpl.invoke(NativeMethodAccessorImpl.java:62)
	at sun.reflect.DelegatingMethodAccessorImpl.invoke(DelegatingMethodAccessorImpl.java:43)
	at java.lang.reflect.Method.invoke(Method.java:498)
	at org.junit.runners.model.FrameworkMethod$1.runReflectiveCall(FrameworkMethod.java:50)
	at org.junit.internal.runners.model.ReflectiveCallable.run(ReflectiveCallable.java:12)
	at org.junit.runners.model.FrameworkMethod.invokeExplosively(FrameworkMethod.java:47)
	at org.junit.internal.runners.statements.InvokeMethod.evaluate(InvokeMethod.java:17)
	at edu.illinois.cs.testrunner.execution.JUnitTestRunner.runChild(JUnitTestRunner.java:323)
	at edu.illinois.cs.testrunner.execution.JUnitTestRunner.run(JUnitTestRunner.java:102)
	at org.junit.runner.JUnitCore.run(JUnitCore.java:137)
	at edu.illinois.cs.testrunner.execution.JUnitTestExecutor.execute(JUnitTestExecutor.java:248)
	at edu.illinois.cs.testrunner.execution.JUnitTestExecutor.executeWithJUnit4Runner(JUnitTestExecutor.java:325)
	at edu.illinois.cs.testrunner.execution.JUnitTestExecutor.runOrder(JUnitTestExecutor.java:46)
	at edu.illinois.cs.testrunner.execution.Executor$.$anonfun$run$1(Executor.scala:30)
	at scala.runtime.java8.JFunction0$mcV$sp.apply(JFunction0$mcV$sp.java:12)
	at scala.util.Try$.apply(Try.scala:209)
	at edu.illinois.cs.testrunner.execution.Executor$.run(Executor.scala:28)
	at edu.illinois.cs.testrunner.execution.Executor$.main(Executor.scala:18)
	at edu.illinois.cs.testrunner.execution.Executor.main(Executor.scala)

abr 19, 2024 4:46:41 PM de.strullerbaumann.visualee.logging.LogProvider warn
WARNING: Queue
abr 19, 2024 4:46:41 PM de.strullerbaumann.visualee.logging.LogProvider info
INFO: @SnapshotDataCollector
abr 19, 2024 4:46:41 PM de.strullerbaumann.visualee.logging.LogProvider error
SEVERE: @Resource
abr 19, 2024 4:46:41 PM de.strullerbaumann.visualee.logging.LogProvider info
INFO: Filtered
abr 19, 2024 4:46:41 PM de.strullerbaumann.visualee.logging.LogProvider info
INFO: private static final String RESOURCES = "resources";
abr 19, 2024 4:46:41 PM de.strullerbaumann.visualee.logging.LogProvider error
SEVERE: @SnapshotDataCollector
abr 19, 2024 4:46:41 PM de.strullerbaumann.visualee.logging.LogProvider error
SEVERE: private static final String RESOURCES = "resources";
abr 19, 2024 4:46:41 PM de.strullerbaumann.visualee.logging.LogProvider warn
WARNING: 
abr 19, 2024 4:46:41 PM de.strullerbaumann.visualee.logging.LogProvider error
SEVERE: hi!
abr 19, 2024 4:46:41 PM de.strullerbaumann.visualee.logging.LogProvider warn
WARNING: Queue
abr 19, 2024 4:46:41 PM de.strullerbaumann.visualee.logging.LogProvider info
INFO: @SnapshotDataCollector
abr 19, 2024 4:46:41 PM de.strullerbaumann.visualee.logging.LogProvider info
INFO: TimerService timerService;
abr 19, 2024 4:46:41 PM de.strullerbaumann.visualee.logging.LogProvider warn
WARNING: My test sourcecode
abr 19, 2024 4:46:41 PM de.strullerbaumann.visualee.resources.FileManager searchFiles
SEVERE: null
java.nio.file.NoSuchFileException: because of
	at sun.nio.fs.UnixException.translateToIOException(UnixException.java:86)
	at sun.nio.fs.UnixException.rethrowAsIOException(UnixException.java:102)
	at sun.nio.fs.UnixException.rethrowAsIOException(UnixException.java:107)
	at sun.nio.fs.UnixFileAttributeViews$Basic.readAttributes(UnixFileAttributeViews.java:55)
	at sun.nio.fs.UnixFileSystemProvider.readAttributes(UnixFileSystemProvider.java:144)
	at sun.nio.fs.LinuxFileSystemProvider.readAttributes(LinuxFileSystemProvider.java:99)
	at java.nio.file.Files.readAttributes(Files.java:1737)
	at java.nio.file.FileTreeWalker.getAttributes(FileTreeWalker.java:219)
	at java.nio.file.FileTreeWalker.visit(FileTreeWalker.java:276)
	at java.nio.file.FileTreeWalker.walk(FileTreeWalker.java:322)
	at java.nio.file.Files.walkFileTree(Files.java:2662)
	at java.nio.file.Files.walkFileTree(Files.java:2742)
	at de.strullerbaumann.visualee.resources.FileManager.searchFiles(FileManager.java:57)
	at de.strullerbaumann.visualee.source.boundary.JavaSourceContainer.loadJavaFiles(JavaSourceContainer.java:76)
	at de.strullerbaumann.visualee.examiner.cdi.TestGroup100Case0.test150(TestGroup100Case0.java:2203)
	at sun.reflect.NativeMethodAccessorImpl.invoke0(Native Method)
	at sun.reflect.NativeMethodAccessorImpl.invoke(NativeMethodAccessorImpl.java:62)
	at sun.reflect.DelegatingMethodAccessorImpl.invoke(DelegatingMethodAccessorImpl.java:43)
	at java.lang.reflect.Method.invoke(Method.java:498)
	at org.junit.runners.model.FrameworkMethod$1.runReflectiveCall(FrameworkMethod.java:50)
	at org.junit.internal.runners.model.ReflectiveCallable.run(ReflectiveCallable.java:12)
	at org.junit.runners.model.FrameworkMethod.invokeExplosively(FrameworkMethod.java:47)
	at org.junit.internal.runners.statements.InvokeMethod.evaluate(InvokeMethod.java:17)
	at edu.illinois.cs.testrunner.execution.JUnitTestRunner.runChild(JUnitTestRunner.java:323)
	at edu.illinois.cs.testrunner.execution.JUnitTestRunner.run(JUnitTestRunner.java:102)
	at org.junit.runner.JUnitCore.run(JUnitCore.java:137)
	at edu.illinois.cs.testrunner.execution.JUnitTestExecutor.execute(JUnitTestExecutor.java:248)
	at edu.illinois.cs.testrunner.execution.JUnitTestExecutor.executeWithJUnit4Runner(JUnitTestExecutor.java:325)
	at edu.illinois.cs.testrunner.execution.JUnitTestExecutor.runOrder(JUnitTestExecutor.java:46)
	at edu.illinois.cs.testrunner.execution.Executor$.$anonfun$run$1(Executor.scala:30)
	at scala.runtime.java8.JFunction0$mcV$sp.apply(JFunction0$mcV$sp.java:12)
	at scala.util.Try$.apply(Try.scala:209)
	at edu.illinois.cs.testrunner.execution.Executor$.run(Executor.scala:28)
	at edu.illinois.cs.testrunner.execution.Executor$.main(Executor.scala:18)
	at edu.illinois.cs.testrunner.execution.Executor.main(Executor.scala)

abr 19, 2024 4:46:41 PM de.strullerbaumann.visualee.resources.FileManager searchFiles
SEVERE: null
java.nio.file.NoSuchFileException: @SnapshotDataCollector
	at sun.nio.fs.UnixException.translateToIOException(UnixException.java:86)
	at sun.nio.fs.UnixException.rethrowAsIOException(UnixException.java:102)
	at sun.nio.fs.UnixException.rethrowAsIOException(UnixException.java:107)
	at sun.nio.fs.UnixFileAttributeViews$Basic.readAttributes(UnixFileAttributeViews.java:55)
	at sun.nio.fs.UnixFileSystemProvider.readAttributes(UnixFileSystemProvider.java:144)
	at sun.nio.fs.LinuxFileSystemProvider.readAttributes(LinuxFileSystemProvider.java:99)
	at java.nio.file.Files.readAttributes(Files.java:1737)
	at java.nio.file.FileTreeWalker.getAttributes(FileTreeWalker.java:219)
	at java.nio.file.FileTreeWalker.visit(FileTreeWalker.java:276)
	at java.nio.file.FileTreeWalker.walk(FileTreeWalker.java:322)
	at java.nio.file.Files.walkFileTree(Files.java:2662)
	at java.nio.file.Files.walkFileTree(Files.java:2742)
	at de.strullerbaumann.visualee.resources.FileManager.searchFiles(FileManager.java:57)
	at de.strullerbaumann.visualee.source.boundary.JavaSourceContainer.loadJavaFiles(JavaSourceContainer.java:76)
	at de.strullerbaumann.visualee.examiner.cdi.TestGroup100Case0.test150(TestGroup100Case0.java:2204)
	at sun.reflect.NativeMethodAccessorImpl.invoke0(Native Method)
	at sun.reflect.NativeMethodAccessorImpl.invoke(NativeMethodAccessorImpl.java:62)
	at sun.reflect.DelegatingMethodAccessorImpl.invoke(DelegatingMethodAccessorImpl.java:43)
	at java.lang.reflect.Method.invoke(Method.java:498)
	at org.junit.runners.model.FrameworkMethod$1.runReflectiveCall(FrameworkMethod.java:50)
	at org.junit.internal.runners.model.ReflectiveCallable.run(ReflectiveCallable.java:12)
	at org.junit.runners.model.FrameworkMethod.invokeExplosively(FrameworkMethod.java:47)
	at org.junit.internal.runners.statements.InvokeMethod.evaluate(InvokeMethod.java:17)
	at edu.illinois.cs.testrunner.execution.JUnitTestRunner.runChild(JUnitTestRunner.java:323)
	at edu.illinois.cs.testrunner.execution.JUnitTestRunner.run(JUnitTestRunner.java:102)
	at org.junit.runner.JUnitCore.run(JUnitCore.java:137)
	at edu.illinois.cs.testrunner.execution.JUnitTestExecutor.execute(JUnitTestExecutor.java:248)
	at edu.illinois.cs.testrunner.execution.JUnitTestExecutor.executeWithJUnit4Runner(JUnitTestExecutor.java:325)
	at edu.illinois.cs.testrunner.execution.JUnitTestExecutor.runOrder(JUnitTestExecutor.java:46)
	at edu.illinois.cs.testrunner.execution.Executor$.$anonfun$run$1(Executor.scala:30)
	at scala.runtime.java8.JFunction0$mcV$sp.apply(JFunction0$mcV$sp.java:12)
	at scala.util.Try$.apply(Try.scala:209)
	at edu.illinois.cs.testrunner.execution.Executor$.run(Executor.scala:28)
	at edu.illinois.cs.testrunner.execution.Executor$.main(Executor.scala:18)
	at edu.illinois.cs.testrunner.execution.Executor.main(Executor.scala)

abr 19, 2024 4:46:41 PM de.strullerbaumann.visualee.logging.LogProvider warn
WARNING: Queue
abr 19, 2024 4:46:41 PM de.strullerbaumann.visualee.logging.LogProvider warn
WARNING: Queue
abr 19, 2024 4:46:41 PM de.strullerbaumann.visualee.logging.LogProvider info
INFO: DataSource
abr 19, 2024 4:46:41 PM de.strullerbaumann.visualee.logging.LogProvider info
INFO: Filtered
abr 19, 2024 4:46:41 PM de.strullerbaumann.visualee.logging.LogProvider warn
WARNING: Queue
abr 19, 2024 4:46:41 PM de.strullerbaumann.visualee.logging.LogProvider info
INFO: @SnapshotDataCollector
abr 19, 2024 4:46:41 PM de.strullerbaumann.visualee.logging.LogProvider warn
WARNING: @ResourceDataCollector
abr 19, 2024 4:46:41 PM de.strullerbaumann.visualee.resources.FileManager searchFiles
SEVERE: null
java.nio.file.NoSuchFileException: DatabaseConnectionProducer
	at sun.nio.fs.UnixException.translateToIOException(UnixException.java:86)
	at sun.nio.fs.UnixException.rethrowAsIOException(UnixException.java:102)
	at sun.nio.fs.UnixException.rethrowAsIOException(UnixException.java:107)
	at sun.nio.fs.UnixFileAttributeViews$Basic.readAttributes(UnixFileAttributeViews.java:55)
	at sun.nio.fs.UnixFileSystemProvider.readAttributes(UnixFileSystemProvider.java:144)
	at sun.nio.fs.LinuxFileSystemProvider.readAttributes(LinuxFileSystemProvider.java:99)
	at java.nio.file.Files.readAttributes(Files.java:1737)
	at java.nio.file.FileTreeWalker.getAttributes(FileTreeWalker.java:219)
	at java.nio.file.FileTreeWalker.visit(FileTreeWalker.java:276)
	at java.nio.file.FileTreeWalker.walk(FileTreeWalker.java:322)
	at java.nio.file.Files.walkFileTree(Files.java:2662)
	at java.nio.file.Files.walkFileTree(Files.java:2742)
	at de.strullerbaumann.visualee.resources.FileManager.searchFiles(FileManager.java:57)
	at de.strullerbaumann.visualee.source.boundary.JavaSourceContainer.loadJavaFiles(JavaSourceContainer.java:76)
	at de.strullerbaumann.visualee.examiner.cdi.TestGroup100Case0.test163(TestGroup100Case0.java:2402)
	at sun.reflect.NativeMethodAccessorImpl.invoke0(Native Method)
	at sun.reflect.NativeMethodAccessorImpl.invoke(NativeMethodAccessorImpl.java:62)
	at sun.reflect.DelegatingMethodAccessorImpl.invoke(DelegatingMethodAccessorImpl.java:43)
	at java.lang.reflect.Method.invoke(Method.java:498)
	at org.junit.runners.model.FrameworkMethod$1.runReflectiveCall(FrameworkMethod.java:50)
	at org.junit.internal.runners.model.ReflectiveCallable.run(ReflectiveCallable.java:12)
	at org.junit.runners.model.FrameworkMethod.invokeExplosively(FrameworkMethod.java:47)
	at org.junit.internal.runners.statements.InvokeMethod.evaluate(InvokeMethod.java:17)
	at edu.illinois.cs.testrunner.execution.JUnitTestRunner.runChild(JUnitTestRunner.java:323)
	at edu.illinois.cs.testrunner.execution.JUnitTestRunner.run(JUnitTestRunner.java:102)
	at org.junit.runner.JUnitCore.run(JUnitCore.java:137)
	at edu.illinois.cs.testrunner.execution.JUnitTestExecutor.execute(JUnitTestExecutor.java:248)
	at edu.illinois.cs.testrunner.execution.JUnitTestExecutor.executeWithJUnit4Runner(JUnitTestExecutor.java:325)
	at edu.illinois.cs.testrunner.execution.JUnitTestExecutor.runOrder(JUnitTestExecutor.java:46)
	at edu.illinois.cs.testrunner.execution.Executor$.$anonfun$run$1(Executor.scala:30)
	at scala.runtime.java8.JFunction0$mcV$sp.apply(JFunction0$mcV$sp.java:12)
	at scala.util.Try$.apply(Try.scala:209)
	at edu.illinois.cs.testrunner.execution.Executor$.run(Executor.scala:28)
	at edu.illinois.cs.testrunner.execution.Executor$.main(Executor.scala:18)
	at edu.illinois.cs.testrunner.execution.Executor.main(Executor.scala)

abr 19, 2024 4:46:41 PM de.strullerbaumann.visualee.logging.LogProvider warn
WARNING: Queue
abr 19, 2024 4:46:41 PM de.strullerbaumann.visualee.logging.LogProvider info
INFO: @SnapshotDataCollector
abr 19, 2024 4:46:41 PM de.strullerbaumann.visualee.logging.LogProvider error
SEVERE: DatabaseConnectionProducer
abr 19, 2024 4:46:41 PM de.strullerbaumann.visualee.logging.LogProvider error
SEVERE: Queue
abr 19, 2024 4:46:41 PM de.strullerbaumann.visualee.logging.LogProvider warn
WARNING: Queue
abr 19, 2024 4:46:41 PM de.strullerbaumann.visualee.logging.LogProvider error
SEVERE: @SnapshotDataCollector
abr 19, 2024 4:46:41 PM de.strullerbaumann.visualee.logging.LogProvider info
INFO: Queue
abr 19, 2024 4:46:41 PM de.strullerbaumann.visualee.logging.LogProvider warn
WARNING: because of
abr 19, 2024 4:46:41 PM de.strullerbaumann.visualee.resources.FileManager searchFiles
SEVERE: null
java.nio.file.NoSuchFileException: DatabaseConnectionProducer
	at sun.nio.fs.UnixException.translateToIOException(UnixException.java:86)
	at sun.nio.fs.UnixException.rethrowAsIOException(UnixException.java:102)
	at sun.nio.fs.UnixException.rethrowAsIOException(UnixException.java:107)
	at sun.nio.fs.UnixFileAttributeViews$Basic.readAttributes(UnixFileAttributeViews.java:55)
	at sun.nio.fs.UnixFileSystemProvider.readAttributes(UnixFileSystemProvider.java:144)
	at sun.nio.fs.LinuxFileSystemProvider.readAttributes(LinuxFileSystemProvider.java:99)
	at java.nio.file.Files.readAttributes(Files.java:1737)
	at java.nio.file.FileTreeWalker.getAttributes(FileTreeWalker.java:219)
	at java.nio.file.FileTreeWalker.visit(FileTreeWalker.java:276)
	at java.nio.file.FileTreeWalker.walk(FileTreeWalker.java:322)
	at java.nio.file.Files.walkFileTree(Files.java:2662)
	at java.nio.file.Files.walkFileTree(Files.java:2742)
	at de.strullerbaumann.visualee.resources.FileManager.searchFiles(FileManager.java:57)
	at de.strullerbaumann.visualee.source.boundary.JavaSourceContainer.loadJavaFiles(JavaSourceContainer.java:76)
	at de.strullerbaumann.visualee.examiner.cdi.TestGroup100Case0.test168(TestGroup100Case0.java:2478)
	at sun.reflect.NativeMethodAccessorImpl.invoke0(Native Method)
	at sun.reflect.NativeMethodAccessorImpl.invoke(NativeMethodAccessorImpl.java:62)
	at sun.reflect.DelegatingMethodAccessorImpl.invoke(DelegatingMethodAccessorImpl.java:43)
	at java.lang.reflect.Method.invoke(Method.java:498)
	at org.junit.runners.model.FrameworkMethod$1.runReflectiveCall(FrameworkMethod.java:50)
	at org.junit.internal.runners.model.ReflectiveCallable.run(ReflectiveCallable.java:12)
	at org.junit.runners.model.FrameworkMethod.invokeExplosively(FrameworkMethod.java:47)
	at org.junit.internal.runners.statements.InvokeMethod.evaluate(InvokeMethod.java:17)
	at edu.illinois.cs.testrunner.execution.JUnitTestRunner.runChild(JUnitTestRunner.java:323)
	at edu.illinois.cs.testrunner.execution.JUnitTestRunner.run(JUnitTestRunner.java:102)
	at org.junit.runner.JUnitCore.run(JUnitCore.java:137)
	at edu.illinois.cs.testrunner.execution.JUnitTestExecutor.execute(JUnitTestExecutor.java:248)
	at edu.illinois.cs.testrunner.execution.JUnitTestExecutor.executeWithJUnit4Runner(JUnitTestExecutor.java:325)
	at edu.illinois.cs.testrunner.execution.JUnitTestExecutor.runOrder(JUnitTestExecutor.java:46)
	at edu.illinois.cs.testrunner.execution.Executor$.$anonfun$run$1(Executor.scala:30)
	at scala.runtime.java8.JFunction0$mcV$sp.apply(JFunction0$mcV$sp.java:12)
	at scala.util.Try$.apply(Try.scala:209)
	at edu.illinois.cs.testrunner.execution.Executor$.run(Executor.scala:28)
	at edu.illinois.cs.testrunner.execution.Executor$.main(Executor.scala:18)
	at edu.illinois.cs.testrunner.execution.Executor.main(Executor.scala)

abr 19, 2024 4:46:41 PM de.strullerbaumann.visualee.resources.FileManager searchFiles
SEVERE: null
java.nio.file.NoSuchFileException: because of
	at sun.nio.fs.UnixException.translateToIOException(UnixException.java:86)
	at sun.nio.fs.UnixException.rethrowAsIOException(UnixException.java:102)
	at sun.nio.fs.UnixException.rethrowAsIOException(UnixException.java:107)
	at sun.nio.fs.UnixFileAttributeViews$Basic.readAttributes(UnixFileAttributeViews.java:55)
	at sun.nio.fs.UnixFileSystemProvider.readAttributes(UnixFileSystemProvider.java:144)
	at sun.nio.fs.LinuxFileSystemProvider.readAttributes(LinuxFileSystemProvider.java:99)
	at java.nio.file.Files.readAttributes(Files.java:1737)
	at java.nio.file.FileTreeWalker.getAttributes(FileTreeWalker.java:219)
	at java.nio.file.FileTreeWalker.visit(FileTreeWalker.java:276)
	at java.nio.file.FileTreeWalker.walk(FileTreeWalker.java:322)
	at java.nio.file.Files.walkFileTree(Files.java:2662)
	at java.nio.file.Files.walkFileTree(Files.java:2742)
	at de.strullerbaumann.visualee.resources.FileManager.searchFiles(FileManager.java:57)
	at de.strullerbaumann.visualee.source.boundary.JavaSourceContainer.loadJavaFiles(JavaSourceContainer.java:76)
	at de.strullerbaumann.visualee.examiner.cdi.TestGroup100Case0.test171(TestGroup100Case0.java:2542)
	at sun.reflect.NativeMethodAccessorImpl.invoke0(Native Method)
	at sun.reflect.NativeMethodAccessorImpl.invoke(NativeMethodAccessorImpl.java:62)
	at sun.reflect.DelegatingMethodAccessorImpl.invoke(DelegatingMethodAccessorImpl.java:43)
	at java.lang.reflect.Method.invoke(Method.java:498)
	at org.junit.runners.model.FrameworkMethod$1.runReflectiveCall(FrameworkMethod.java:50)
	at org.junit.internal.runners.model.ReflectiveCallable.run(ReflectiveCallable.java:12)
	at org.junit.runners.model.FrameworkMethod.invokeExplosively(FrameworkMethod.java:47)
	at org.junit.internal.runners.statements.InvokeMethod.evaluate(InvokeMethod.java:17)
	at edu.illinois.cs.testrunner.execution.JUnitTestRunner.runChild(JUnitTestRunner.java:323)
	at edu.illinois.cs.testrunner.execution.JUnitTestRunner.run(JUnitTestRunner.java:102)
	at org.junit.runner.JUnitCore.run(JUnitCore.java:137)
	at edu.illinois.cs.testrunner.execution.JUnitTestExecutor.execute(JUnitTestExecutor.java:248)
	at edu.illinois.cs.testrunner.execution.JUnitTestExecutor.executeWithJUnit4Runner(JUnitTestExecutor.java:325)
	at edu.illinois.cs.testrunner.execution.JUnitTestExecutor.runOrder(JUnitTestExecutor.java:46)
	at edu.illinois.cs.testrunner.execution.Executor$.$anonfun$run$1(Executor.scala:30)
	at scala.runtime.java8.JFunction0$mcV$sp.apply(JFunction0$mcV$sp.java:12)
	at scala.util.Try$.apply(Try.scala:209)
	at edu.illinois.cs.testrunner.execution.Executor$.run(Executor.scala:28)
	at edu.illinois.cs.testrunner.execution.Executor$.main(Executor.scala:18)
	at edu.illinois.cs.testrunner.execution.Executor.main(Executor.scala)

abr 19, 2024 4:46:41 PM de.strullerbaumann.visualee.resources.FileManager searchFiles
SEVERE: null
java.nio.file.NoSuchFileException: Filtered
	at sun.nio.fs.UnixException.translateToIOException(UnixException.java:86)
	at sun.nio.fs.UnixException.rethrowAsIOException(UnixException.java:102)
	at sun.nio.fs.UnixException.rethrowAsIOException(UnixException.java:107)
	at sun.nio.fs.UnixFileAttributeViews$Basic.readAttributes(UnixFileAttributeViews.java:55)
	at sun.nio.fs.UnixFileSystemProvider.readAttributes(UnixFileSystemProvider.java:144)
	at sun.nio.fs.LinuxFileSystemProvider.readAttributes(LinuxFileSystemProvider.java:99)
	at java.nio.file.Files.readAttributes(Files.java:1737)
	at java.nio.file.FileTreeWalker.getAttributes(FileTreeWalker.java:219)
	at java.nio.file.FileTreeWalker.visit(FileTreeWalker.java:276)
	at java.nio.file.FileTreeWalker.walk(FileTreeWalker.java:322)
	at java.nio.file.Files.walkFileTree(Files.java:2662)
	at java.nio.file.Files.walkFileTree(Files.java:2742)
	at de.strullerbaumann.visualee.resources.FileManager.searchFiles(FileManager.java:57)
	at de.strullerbaumann.visualee.source.boundary.JavaSourceContainer.loadJavaFiles(JavaSourceContainer.java:76)
	at de.strullerbaumann.visualee.examiner.cdi.TestGroup100Case0.test171(TestGroup100Case0.java:2543)
	at sun.reflect.NativeMethodAccessorImpl.invoke0(Native Method)
	at sun.reflect.NativeMethodAccessorImpl.invoke(NativeMethodAccessorImpl.java:62)
	at sun.reflect.DelegatingMethodAccessorImpl.invoke(DelegatingMethodAccessorImpl.java:43)
	at java.lang.reflect.Method.invoke(Method.java:498)
	at org.junit.runners.model.FrameworkMethod$1.runReflectiveCall(FrameworkMethod.java:50)
	at org.junit.internal.runners.model.ReflectiveCallable.run(ReflectiveCallable.java:12)
	at org.junit.runners.model.FrameworkMethod.invokeExplosively(FrameworkMethod.java:47)
	at org.junit.internal.runners.statements.InvokeMethod.evaluate(InvokeMethod.java:17)
	at edu.illinois.cs.testrunner.execution.JUnitTestRunner.runChild(JUnitTestRunner.java:323)
	at edu.illinois.cs.testrunner.execution.JUnitTestRunner.run(JUnitTestRunner.java:102)
	at org.junit.runner.JUnitCore.run(JUnitCore.java:137)
	at edu.illinois.cs.testrunner.execution.JUnitTestExecutor.execute(JUnitTestExecutor.java:248)
	at edu.illinois.cs.testrunner.execution.JUnitTestExecutor.executeWithJUnit4Runner(JUnitTestExecutor.java:325)
	at edu.illinois.cs.testrunner.execution.JUnitTestExecutor.runOrder(JUnitTestExecutor.java:46)
	at edu.illinois.cs.testrunner.execution.Executor$.$anonfun$run$1(Executor.scala:30)
	at scala.runtime.java8.JFunction0$mcV$sp.apply(JFunction0$mcV$sp.java:12)
	at scala.util.Try$.apply(Try.scala:209)
	at edu.illinois.cs.testrunner.execution.Executor$.run(Executor.scala:28)
	at edu.illinois.cs.testrunner.execution.Executor$.main(Executor.scala:18)
	at edu.illinois.cs.testrunner.execution.Executor.main(Executor.scala)

abr 19, 2024 4:46:41 PM de.strullerbaumann.visualee.resources.FileManager searchFiles
SEVERE: null
java.nio.file.NoSuchFileException: because of
	at sun.nio.fs.UnixException.translateToIOException(UnixException.java:86)
	at sun.nio.fs.UnixException.rethrowAsIOException(UnixException.java:102)
	at sun.nio.fs.UnixException.rethrowAsIOException(UnixException.java:107)
	at sun.nio.fs.UnixFileAttributeViews$Basic.readAttributes(UnixFileAttributeViews.java:55)
	at sun.nio.fs.UnixFileSystemProvider.readAttributes(UnixFileSystemProvider.java:144)
	at sun.nio.fs.LinuxFileSystemProvider.readAttributes(LinuxFileSystemProvider.java:99)
	at java.nio.file.Files.readAttributes(Files.java:1737)
	at java.nio.file.FileTreeWalker.getAttributes(FileTreeWalker.java:219)
	at java.nio.file.FileTreeWalker.visit(FileTreeWalker.java:276)
	at java.nio.file.FileTreeWalker.walk(FileTreeWalker.java:322)
	at java.nio.file.Files.walkFileTree(Files.java:2662)
	at java.nio.file.Files.walkFileTree(Files.java:2742)
	at de.strullerbaumann.visualee.resources.FileManager.searchFiles(FileManager.java:57)
	at de.strullerbaumann.visualee.source.boundary.JavaSourceContainer.loadJavaFiles(JavaSourceContainer.java:76)
	at de.strullerbaumann.visualee.examiner.cdi.TestGroup100Case0.test174(TestGroup100Case0.java:2604)
	at sun.reflect.NativeMethodAccessorImpl.invoke0(Native Method)
	at sun.reflect.NativeMethodAccessorImpl.invoke(NativeMethodAccessorImpl.java:62)
	at sun.reflect.DelegatingMethodAccessorImpl.invoke(DelegatingMethodAccessorImpl.java:43)
	at java.lang.reflect.Method.invoke(Method.java:498)
	at org.junit.runners.model.FrameworkMethod$1.runReflectiveCall(FrameworkMethod.java:50)
	at org.junit.internal.runners.model.ReflectiveCallable.run(ReflectiveCallable.java:12)
	at org.junit.runners.model.FrameworkMethod.invokeExplosively(FrameworkMethod.java:47)
	at org.junit.internal.runners.statements.InvokeMethod.evaluate(InvokeMethod.java:17)
	at edu.illinois.cs.testrunner.execution.JUnitTestRunner.runChild(JUnitTestRunner.java:323)
	at edu.illinois.cs.testrunner.execution.JUnitTestRunner.run(JUnitTestRunner.java:102)
	at org.junit.runner.JUnitCore.run(JUnitCore.java:137)
	at edu.illinois.cs.testrunner.execution.JUnitTestExecutor.execute(JUnitTestExecutor.java:248)
	at edu.illinois.cs.testrunner.execution.JUnitTestExecutor.executeWithJUnit4Runner(JUnitTestExecutor.java:325)
	at edu.illinois.cs.testrunner.execution.JUnitTestExecutor.runOrder(JUnitTestExecutor.java:46)
	at edu.illinois.cs.testrunner.execution.Executor$.$anonfun$run$1(Executor.scala:30)
	at scala.runtime.java8.JFunction0$mcV$sp.apply(JFunction0$mcV$sp.java:12)
	at scala.util.Try$.apply(Try.scala:209)
	at edu.illinois.cs.testrunner.execution.Executor$.run(Executor.scala:28)
	at edu.illinois.cs.testrunner.execution.Executor$.main(Executor.scala:18)
	at edu.illinois.cs.testrunner.execution.Executor.main(Executor.scala)

abr 19, 2024 4:46:41 PM de.strullerbaumann.visualee.logging.LogProvider warn
WARNING: Queue
abr 19, 2024 4:46:41 PM de.strullerbaumann.visualee.logging.LogProvider info
INFO: 
abr 19, 2024 4:46:41 PM de.strullerbaumann.visualee.logging.LogProvider error
SEVERE: SimplifiedMessageReceiver
abr 19, 2024 4:46:41 PM de.strullerbaumann.visualee.logging.LogProvider warn
WARNING: because of
abr 19, 2024 4:46:41 PM de.strullerbaumann.visualee.logging.LogProvider info
INFO: SimplifiedMessageReceiver
abr 19, 2024 4:46:41 PM de.strullerbaumann.visualee.logging.LogProvider warn
WARNING: ParallelDataCollectionExecutor parallelExecutor;
abr 19, 2024 4:46:41 PM de.strullerbaumann.visualee.resources.FileManager searchFiles
SEVERE: null
java.nio.file.NoSuchFileException: @ResourceDataCollector
	at sun.nio.fs.UnixException.translateToIOException(UnixException.java:86)
	at sun.nio.fs.UnixException.rethrowAsIOException(UnixException.java:102)
	at sun.nio.fs.UnixException.rethrowAsIOException(UnixException.java:107)
	at sun.nio.fs.UnixFileAttributeViews$Basic.readAttributes(UnixFileAttributeViews.java:55)
	at sun.nio.fs.UnixFileSystemProvider.readAttributes(UnixFileSystemProvider.java:144)
	at sun.nio.fs.LinuxFileSystemProvider.readAttributes(LinuxFileSystemProvider.java:99)
	at java.nio.file.Files.readAttributes(Files.java:1737)
	at java.nio.file.FileTreeWalker.getAttributes(FileTreeWalker.java:219)
	at java.nio.file.FileTreeWalker.visit(FileTreeWalker.java:276)
	at java.nio.file.FileTreeWalker.walk(FileTreeWalker.java:322)
	at java.nio.file.Files.walkFileTree(Files.java:2662)
	at java.nio.file.Files.walkFileTree(Files.java:2742)
	at de.strullerbaumann.visualee.resources.FileManager.searchFiles(FileManager.java:57)
	at de.strullerbaumann.visualee.source.boundary.JavaSourceContainer.loadJavaFiles(JavaSourceContainer.java:76)
	at de.strullerbaumann.visualee.examiner.cdi.TestGroup100Case0.test178(TestGroup100Case0.java:2667)
	at sun.reflect.NativeMethodAccessorImpl.invoke0(Native Method)
	at sun.reflect.NativeMethodAccessorImpl.invoke(NativeMethodAccessorImpl.java:62)
	at sun.reflect.DelegatingMethodAccessorImpl.invoke(DelegatingMethodAccessorImpl.java:43)
	at java.lang.reflect.Method.invoke(Method.java:498)
	at org.junit.runners.model.FrameworkMethod$1.runReflectiveCall(FrameworkMethod.java:50)
	at org.junit.internal.runners.model.ReflectiveCallable.run(ReflectiveCallable.java:12)
	at org.junit.runners.model.FrameworkMethod.invokeExplosively(FrameworkMethod.java:47)
	at org.junit.internal.runners.statements.InvokeMethod.evaluate(InvokeMethod.java:17)
	at edu.illinois.cs.testrunner.execution.JUnitTestRunner.runChild(JUnitTestRunner.java:323)
	at edu.illinois.cs.testrunner.execution.JUnitTestRunner.run(JUnitTestRunner.java:102)
	at org.junit.runner.JUnitCore.run(JUnitCore.java:137)
	at edu.illinois.cs.testrunner.execution.JUnitTestExecutor.execute(JUnitTestExecutor.java:248)
	at edu.illinois.cs.testrunner.execution.JUnitTestExecutor.executeWithJUnit4Runner(JUnitTestExecutor.java:325)
	at edu.illinois.cs.testrunner.execution.JUnitTestExecutor.runOrder(JUnitTestExecutor.java:46)
	at edu.illinois.cs.testrunner.execution.Executor$.$anonfun$run$1(Executor.scala:30)
	at scala.runtime.java8.JFunction0$mcV$sp.apply(JFunction0$mcV$sp.java:12)
	at scala.util.Try$.apply(Try.scala:209)
	at edu.illinois.cs.testrunner.execution.Executor$.run(Executor.scala:28)
	at edu.illinois.cs.testrunner.execution.Executor$.main(Executor.scala:18)
	at edu.illinois.cs.testrunner.execution.Executor.main(Executor.scala)

abr 19, 2024 4:46:41 PM de.strullerbaumann.visualee.resources.FileManager searchFiles
SEVERE: null
java.nio.file.NoSuchFileException: DatabaseConnectionProducer
	at sun.nio.fs.UnixException.translateToIOException(UnixException.java:86)
	at sun.nio.fs.UnixException.rethrowAsIOException(UnixException.java:102)
	at sun.nio.fs.UnixException.rethrowAsIOException(UnixException.java:107)
	at sun.nio.fs.UnixFileAttributeViews$Basic.readAttributes(UnixFileAttributeViews.java:55)
	at sun.nio.fs.UnixFileSystemProvider.readAttributes(UnixFileSystemProvider.java:144)
	at sun.nio.fs.LinuxFileSystemProvider.readAttributes(LinuxFileSystemProvider.java:99)
	at java.nio.file.Files.readAttributes(Files.java:1737)
	at java.nio.file.FileTreeWalker.getAttributes(FileTreeWalker.java:219)
	at java.nio.file.FileTreeWalker.visit(FileTreeWalker.java:276)
	at java.nio.file.FileTreeWalker.walk(FileTreeWalker.java:322)
	at java.nio.file.Files.walkFileTree(Files.java:2662)
	at java.nio.file.Files.walkFileTree(Files.java:2742)
	at de.strullerbaumann.visualee.resources.FileManager.searchFiles(FileManager.java:57)
	at de.strullerbaumann.visualee.source.boundary.JavaSourceContainer.loadJavaFiles(JavaSourceContainer.java:76)
	at de.strullerbaumann.visualee.examiner.cdi.TestGroup100Case0.test178(TestGroup100Case0.java:2674)
	at sun.reflect.NativeMethodAccessorImpl.invoke0(Native Method)
	at sun.reflect.NativeMethodAccessorImpl.invoke(NativeMethodAccessorImpl.java:62)
	at sun.reflect.DelegatingMethodAccessorImpl.invoke(DelegatingMethodAccessorImpl.java:43)
	at java.lang.reflect.Method.invoke(Method.java:498)
	at org.junit.runners.model.FrameworkMethod$1.runReflectiveCall(FrameworkMethod.java:50)
	at org.junit.internal.runners.model.ReflectiveCallable.run(ReflectiveCallable.java:12)
	at org.junit.runners.model.FrameworkMethod.invokeExplosively(FrameworkMethod.java:47)
	at org.junit.internal.runners.statements.InvokeMethod.evaluate(InvokeMethod.java:17)
	at edu.illinois.cs.testrunner.execution.JUnitTestRunner.runChild(JUnitTestRunner.java:323)
	at edu.illinois.cs.testrunner.execution.JUnitTestRunner.run(JUnitTestRunner.java:102)
	at org.junit.runner.JUnitCore.run(JUnitCore.java:137)
	at edu.illinois.cs.testrunner.execution.JUnitTestExecutor.execute(JUnitTestExecutor.java:248)
	at edu.illinois.cs.testrunner.execution.JUnitTestExecutor.executeWithJUnit4Runner(JUnitTestExecutor.java:325)
	at edu.illinois.cs.testrunner.execution.JUnitTestExecutor.runOrder(JUnitTestExecutor.java:46)
	at edu.illinois.cs.testrunner.execution.Executor$.$anonfun$run$1(Executor.scala:30)
	at scala.runtime.java8.JFunction0$mcV$sp.apply(JFunction0$mcV$sp.java:12)
	at scala.util.Try$.apply(Try.scala:209)
	at edu.illinois.cs.testrunner.execution.Executor$.run(Executor.scala:28)
	at edu.illinois.cs.testrunner.execution.Executor$.main(Executor.scala:18)
	at edu.illinois.cs.testrunner.execution.Executor.main(Executor.scala)

abr 19, 2024 4:46:41 PM de.strullerbaumann.visualee.logging.LogProvider error
SEVERE: @SnapshotDataCollector
abr 19, 2024 4:46:41 PM de.strullerbaumann.visualee.logging.LogProvider error
SEVERE: private static final String RESOURCES = "resources";
abr 19, 2024 4:46:41 PM de.strullerbaumann.visualee.logging.LogProvider error
SEVERE: Instance<SpecificResourceCollector> specificCollector;
abr 19, 2024 4:46:41 PM de.strullerbaumann.visualee.logging.LogProvider error
SEVERE: DatabaseConnectionProducer
abr 19, 2024 4:46:41 PM de.strullerbaumann.visualee.logging.LogProvider error
SEVERE: @SnapshotDataCollector
abr 19, 2024 4:46:41 PM de.strullerbaumann.visualee.logging.LogProvider warn
WARNING: Instance<Boolean> parallelDataCollection;
abr 19, 2024 4:46:41 PM de.strullerbaumann.visualee.logging.LogProvider warn
WARNING: Queue
abr 19, 2024 4:46:41 PM de.strullerbaumann.visualee.logging.LogProvider info
INFO: 
abr 19, 2024 4:46:41 PM de.strullerbaumann.visualee.logging.LogProvider info
INFO: because of
abr 19, 2024 4:46:41 PM de.strullerbaumann.visualee.logging.LogProvider warn
WARNING: Queue
abr 19, 2024 4:46:41 PM de.strullerbaumann.visualee.logging.LogProvider info
INFO: 
abr 19, 2024 4:46:41 PM de.strullerbaumann.visualee.logging.LogProvider error
SEVERE: My test sourcecode
abr 19, 2024 4:46:41 PM de.strullerbaumann.visualee.resources.FileManager searchFiles
SEVERE: null
java.nio.file.NoSuchFileException: @ResourceDataCollector
	at sun.nio.fs.UnixException.translateToIOException(UnixException.java:86)
	at sun.nio.fs.UnixException.rethrowAsIOException(UnixException.java:102)
	at sun.nio.fs.UnixException.rethrowAsIOException(UnixException.java:107)
	at sun.nio.fs.UnixFileAttributeViews$Basic.readAttributes(UnixFileAttributeViews.java:55)
	at sun.nio.fs.UnixFileSystemProvider.readAttributes(UnixFileSystemProvider.java:144)
	at sun.nio.fs.LinuxFileSystemProvider.readAttributes(LinuxFileSystemProvider.java:99)
	at java.nio.file.Files.readAttributes(Files.java:1737)
	at java.nio.file.FileTreeWalker.getAttributes(FileTreeWalker.java:219)
	at java.nio.file.FileTreeWalker.visit(FileTreeWalker.java:276)
	at java.nio.file.FileTreeWalker.walk(FileTreeWalker.java:322)
	at java.nio.file.Files.walkFileTree(Files.java:2662)
	at java.nio.file.Files.walkFileTree(Files.java:2742)
	at de.strullerbaumann.visualee.resources.FileManager.searchFiles(FileManager.java:57)
	at de.strullerbaumann.visualee.source.boundary.JavaSourceContainer.loadJavaFiles(JavaSourceContainer.java:76)
	at de.strullerbaumann.visualee.examiner.cdi.TestGroup100Case0.test186(TestGroup100Case0.java:2810)
	at sun.reflect.NativeMethodAccessorImpl.invoke0(Native Method)
	at sun.reflect.NativeMethodAccessorImpl.invoke(NativeMethodAccessorImpl.java:62)
	at sun.reflect.DelegatingMethodAccessorImpl.invoke(DelegatingMethodAccessorImpl.java:43)
	at java.lang.reflect.Method.invoke(Method.java:498)
	at org.junit.runners.model.FrameworkMethod$1.runReflectiveCall(FrameworkMethod.java:50)
	at org.junit.internal.runners.model.ReflectiveCallable.run(ReflectiveCallable.java:12)
	at org.junit.runners.model.FrameworkMethod.invokeExplosively(FrameworkMethod.java:47)
	at org.junit.internal.runners.statements.InvokeMethod.evaluate(InvokeMethod.java:17)
	at edu.illinois.cs.testrunner.execution.JUnitTestRunner.runChild(JUnitTestRunner.java:323)
	at edu.illinois.cs.testrunner.execution.JUnitTestRunner.run(JUnitTestRunner.java:102)
	at org.junit.runner.JUnitCore.run(JUnitCore.java:137)
	at edu.illinois.cs.testrunner.execution.JUnitTestExecutor.execute(JUnitTestExecutor.java:248)
	at edu.illinois.cs.testrunner.execution.JUnitTestExecutor.executeWithJUnit4Runner(JUnitTestExecutor.java:325)
	at edu.illinois.cs.testrunner.execution.JUnitTestExecutor.runOrder(JUnitTestExecutor.java:46)
	at edu.illinois.cs.testrunner.execution.Executor$.$anonfun$run$1(Executor.scala:30)
	at scala.runtime.java8.JFunction0$mcV$sp.apply(JFunction0$mcV$sp.java:12)
	at scala.util.Try$.apply(Try.scala:209)
	at edu.illinois.cs.testrunner.execution.Executor$.run(Executor.scala:28)
	at edu.illinois.cs.testrunner.execution.Executor$.main(Executor.scala:18)
	at edu.illinois.cs.testrunner.execution.Executor.main(Executor.scala)

abr 19, 2024 4:46:41 PM de.strullerbaumann.visualee.logging.LogProvider warn
WARNING: Queue
abr 19, 2024 4:46:41 PM de.strullerbaumann.visualee.logging.LogProvider info
INFO: @SnapshotDataCollector
abr 19, 2024 4:46:41 PM de.strullerbaumann.visualee.logging.LogProvider warn
WARNING: TimerService timerService;
abr 19, 2024 4:46:41 PM de.strullerbaumann.visualee.logging.LogProvider warn
WARNING: Instance<SpecificResourceCollector> specificCollector;
abr 19, 2024 4:46:41 PM de.strullerbaumann.visualee.logging.LogProvider error
SEVERE: @SnapshotDataCollector
abr 19, 2024 4:46:41 PM de.strullerbaumann.visualee.logging.LogProvider warn
WARNING: DatabaseConnectionProducer
abr 19, 2024 4:46:41 PM de.strullerbaumann.visualee.resources.FileManager searchFiles
SEVERE: null
java.nio.file.NoSuchFileException: public class ResourceCollector extends AbstractRestDataCollector<List<ConnectionPool>> {
	at sun.nio.fs.UnixException.translateToIOException(UnixException.java:86)
	at sun.nio.fs.UnixException.rethrowAsIOException(UnixException.java:102)
	at sun.nio.fs.UnixException.rethrowAsIOException(UnixException.java:107)
	at sun.nio.fs.UnixFileAttributeViews$Basic.readAttributes(UnixFileAttributeViews.java:55)
	at sun.nio.fs.UnixFileSystemProvider.readAttributes(UnixFileSystemProvider.java:144)
	at sun.nio.fs.LinuxFileSystemProvider.readAttributes(LinuxFileSystemProvider.java:99)
	at java.nio.file.Files.readAttributes(Files.java:1737)
	at java.nio.file.FileTreeWalker.getAttributes(FileTreeWalker.java:219)
	at java.nio.file.FileTreeWalker.visit(FileTreeWalker.java:276)
	at java.nio.file.FileTreeWalker.walk(FileTreeWalker.java:322)
	at java.nio.file.Files.walkFileTree(Files.java:2662)
	at java.nio.file.Files.walkFileTree(Files.java:2742)
	at de.strullerbaumann.visualee.resources.FileManager.searchFiles(FileManager.java:57)
	at de.strullerbaumann.visualee.source.boundary.JavaSourceContainer.loadJavaFiles(JavaSourceContainer.java:76)
	at de.strullerbaumann.visualee.examiner.cdi.TestGroup100Case0.test194(TestGroup100Case0.java:2958)
	at sun.reflect.NativeMethodAccessorImpl.invoke0(Native Method)
	at sun.reflect.NativeMethodAccessorImpl.invoke(NativeMethodAccessorImpl.java:62)
	at sun.reflect.DelegatingMethodAccessorImpl.invoke(DelegatingMethodAccessorImpl.java:43)
	at java.lang.reflect.Method.invoke(Method.java:498)
	at org.junit.runners.model.FrameworkMethod$1.runReflectiveCall(FrameworkMethod.java:50)
	at org.junit.internal.runners.model.ReflectiveCallable.run(ReflectiveCallable.java:12)
	at org.junit.runners.model.FrameworkMethod.invokeExplosively(FrameworkMethod.java:47)
	at org.junit.internal.runners.statements.InvokeMethod.evaluate(InvokeMethod.java:17)
	at edu.illinois.cs.testrunner.execution.JUnitTestRunner.runChild(JUnitTestRunner.java:323)
	at edu.illinois.cs.testrunner.execution.JUnitTestRunner.run(JUnitTestRunner.java:102)
	at org.junit.runner.JUnitCore.run(JUnitCore.java:137)
	at edu.illinois.cs.testrunner.execution.JUnitTestExecutor.execute(JUnitTestExecutor.java:248)
	at edu.illinois.cs.testrunner.execution.JUnitTestExecutor.executeWithJUnit4Runner(JUnitTestExecutor.java:325)
	at edu.illinois.cs.testrunner.execution.JUnitTestExecutor.runOrder(JUnitTestExecutor.java:46)
	at edu.illinois.cs.testrunner.execution.Executor$.$anonfun$run$1(Executor.scala:30)
	at scala.runtime.java8.JFunction0$mcV$sp.apply(JFunction0$mcV$sp.java:12)
	at scala.util.Try$.apply(Try.scala:209)
	at edu.illinois.cs.testrunner.execution.Executor$.run(Executor.scala:28)
	at edu.illinois.cs.testrunner.execution.Executor$.main(Executor.scala:18)
	at edu.illinois.cs.testrunner.execution.Executor.main(Executor.scala)

abr 19, 2024 4:46:41 PM de.strullerbaumann.visualee.logging.LogProvider error
SEVERE: @SnapshotDataCollector
abr 19, 2024 4:46:41 PM de.strullerbaumann.visualee.logging.LogProvider error
SEVERE: private static final String RESOURCES = "resources";
abr 19, 2024 4:46:41 PM de.strullerbaumann.visualee.logging.LogProvider warn
WARNING: 
abr 19, 2024 4:46:41 PM de.strullerbaumann.visualee.logging.LogProvider info
INFO: @ResourceDataCollector
abr 19, 2024 4:46:41 PM de.strullerbaumann.visualee.resources.FileManager searchFiles
SEVERE: null
java.nio.file.NoSuchFileException: @ResourceDataCollector
	at sun.nio.fs.UnixException.translateToIOException(UnixException.java:86)
	at sun.nio.fs.UnixException.rethrowAsIOException(UnixException.java:102)
	at sun.nio.fs.UnixException.rethrowAsIOException(UnixException.java:107)
	at sun.nio.fs.UnixFileAttributeViews$Basic.readAttributes(UnixFileAttributeViews.java:55)
	at sun.nio.fs.UnixFileSystemProvider.readAttributes(UnixFileSystemProvider.java:144)
	at sun.nio.fs.LinuxFileSystemProvider.readAttributes(LinuxFileSystemProvider.java:99)
	at java.nio.file.Files.readAttributes(Files.java:1737)
	at java.nio.file.FileTreeWalker.getAttributes(FileTreeWalker.java:219)
	at java.nio.file.FileTreeWalker.visit(FileTreeWalker.java:276)
	at java.nio.file.FileTreeWalker.walk(FileTreeWalker.java:322)
	at java.nio.file.Files.walkFileTree(Files.java:2662)
	at java.nio.file.Files.walkFileTree(Files.java:2742)
	at de.strullerbaumann.visualee.resources.FileManager.searchFiles(FileManager.java:57)
	at de.strullerbaumann.visualee.source.boundary.JavaSourceContainer.loadJavaFiles(JavaSourceContainer.java:76)
	at de.strullerbaumann.visualee.examiner.cdi.TestGroup100Case0.test197(TestGroup100Case0.java:3006)
	at sun.reflect.NativeMethodAccessorImpl.invoke0(Native Method)
	at sun.reflect.NativeMethodAccessorImpl.invoke(NativeMethodAccessorImpl.java:62)
	at sun.reflect.DelegatingMethodAccessorImpl.invoke(DelegatingMethodAccessorImpl.java:43)
	at java.lang.reflect.Method.invoke(Method.java:498)
	at org.junit.runners.model.FrameworkMethod$1.runReflectiveCall(FrameworkMethod.java:50)
	at org.junit.internal.runners.model.ReflectiveCallable.run(ReflectiveCallable.java:12)
	at org.junit.runners.model.FrameworkMethod.invokeExplosively(FrameworkMethod.java:47)
	at org.junit.internal.runners.statements.InvokeMethod.evaluate(InvokeMethod.java:17)
	at edu.illinois.cs.testrunner.execution.JUnitTestRunner.runChild(JUnitTestRunner.java:323)
	at edu.illinois.cs.testrunner.execution.JUnitTestRunner.run(JUnitTestRunner.java:102)
	at org.junit.runner.JUnitCore.run(JUnitCore.java:137)
	at edu.illinois.cs.testrunner.execution.JUnitTestExecutor.execute(JUnitTestExecutor.java:248)
	at edu.illinois.cs.testrunner.execution.JUnitTestExecutor.executeWithJUnit4Runner(JUnitTestExecutor.java:325)
	at edu.illinois.cs.testrunner.execution.JUnitTestExecutor.runOrder(JUnitTestExecutor.java:46)
	at edu.illinois.cs.testrunner.execution.Executor$.$anonfun$run$1(Executor.scala:30)
	at scala.runtime.java8.JFunction0$mcV$sp.apply(JFunction0$mcV$sp.java:12)
	at scala.util.Try$.apply(Try.scala:209)
	at edu.illinois.cs.testrunner.execution.Executor$.run(Executor.scala:28)
	at edu.illinois.cs.testrunner.execution.Executor$.main(Executor.scala:18)
	at edu.illinois.cs.testrunner.execution.Executor.main(Executor.scala)

abr 19, 2024 4:46:41 PM de.strullerbaumann.visualee.logging.LogProvider warn
WARNING: Queue
abr 19, 2024 4:46:41 PM de.strullerbaumann.visualee.logging.LogProvider info
INFO: 
abr 19, 2024 4:46:41 PM de.strullerbaumann.visualee.logging.LogProvider info
INFO: because of
abr 19, 2024 4:46:41 PM de.strullerbaumann.visualee.logging.LogProvider error
SEVERE: @SnapshotDataCollector
abr 19, 2024 4:46:41 PM de.strullerbaumann.visualee.logging.LogProvider error
SEVERE: Instance<Boolean> parallelDataCollection;
abr 19, 2024 4:46:41 PM de.strullerbaumann.visualee.logging.LogProvider info
INFO: public class ResourceCollector extends AbstractRestDataCollector<List<ConnectionPool>> {
abr 19, 2024 4:46:41 PM de.strullerbaumann.visualee.logging.LogProvider warn
WARNING: Queue
abr 19, 2024 4:46:41 PM de.strullerbaumann.visualee.logging.LogProvider info
INFO: @SnapshotDataCollector
abr 19, 2024 4:46:41 PM de.strullerbaumann.visualee.logging.LogProvider error
SEVERE: @Resource
abr 19, 2024 4:46:41 PM de.strullerbaumann.visualee.logging.LogProvider info
INFO: Queue
abr 19, 2024 4:46:41 PM de.strullerbaumann.visualee.logging.LogProvider info
INFO: private static final String RESOURCES = "resources";
abr 19, 2024 4:46:41 PM de.strullerbaumann.visualee.logging.LogProvider warn
WARNING: Queue
abr 19, 2024 4:46:41 PM de.strullerbaumann.visualee.logging.LogProvider info
INFO: @SnapshotDataCollector
abr 19, 2024 4:46:41 PM de.strullerbaumann.visualee.logging.LogProvider error
SEVERE: DatabaseConnectionProducer
abr 19, 2024 4:46:41 PM de.strullerbaumann.visualee.logging.LogProvider error
SEVERE: Queue
abr 19, 2024 4:46:41 PM de.strullerbaumann.visualee.logging.LogProvider error
SEVERE: DatabaseConnectionProducer
abr 19, 2024 4:46:41 PM de.strullerbaumann.visualee.logging.LogProvider info
INFO: Instance<SpecificResourceCollector> specificCollector;
abr 19, 2024 4:46:41 PM de.strullerbaumann.visualee.logging.LogProvider warn
WARNING: Queue
abr 19, 2024 4:46:41 PM de.strullerbaumann.visualee.logging.LogProvider info
INFO: 
abr 19, 2024 4:46:41 PM de.strullerbaumann.visualee.logging.LogProvider error
SEVERE: SimplifiedMessageReceiver
abr 19, 2024 4:46:41 PM de.strullerbaumann.visualee.logging.LogProvider error
SEVERE: My test sourcecode
abr 19, 2024 4:46:41 PM de.strullerbaumann.visualee.resources.FileManager searchFiles
SEVERE: null
java.nio.file.NoSuchFileException: because of
	at sun.nio.fs.UnixException.translateToIOException(UnixException.java:86)
	at sun.nio.fs.UnixException.rethrowAsIOException(UnixException.java:102)
	at sun.nio.fs.UnixException.rethrowAsIOException(UnixException.java:107)
	at sun.nio.fs.UnixFileAttributeViews$Basic.readAttributes(UnixFileAttributeViews.java:55)
	at sun.nio.fs.UnixFileSystemProvider.readAttributes(UnixFileSystemProvider.java:144)
	at sun.nio.fs.LinuxFileSystemProvider.readAttributes(LinuxFileSystemProvider.java:99)
	at java.nio.file.Files.readAttributes(Files.java:1737)
	at java.nio.file.FileTreeWalker.getAttributes(FileTreeWalker.java:219)
	at java.nio.file.FileTreeWalker.visit(FileTreeWalker.java:276)
	at java.nio.file.FileTreeWalker.walk(FileTreeWalker.java:322)
	at java.nio.file.Files.walkFileTree(Files.java:2662)
	at java.nio.file.Files.walkFileTree(Files.java:2742)
	at de.strullerbaumann.visualee.resources.FileManager.searchFiles(FileManager.java:57)
	at de.strullerbaumann.visualee.source.boundary.JavaSourceContainer.loadJavaFiles(JavaSourceContainer.java:76)
	at de.strullerbaumann.visualee.examiner.cdi.TestGroup100Case0.test207(TestGroup100Case0.java:3182)
	at sun.reflect.NativeMethodAccessorImpl.invoke0(Native Method)
	at sun.reflect.NativeMethodAccessorImpl.invoke(NativeMethodAccessorImpl.java:62)
	at sun.reflect.DelegatingMethodAccessorImpl.invoke(DelegatingMethodAccessorImpl.java:43)
	at java.lang.reflect.Method.invoke(Method.java:498)
	at org.junit.runners.model.FrameworkMethod$1.runReflectiveCall(FrameworkMethod.java:50)
	at org.junit.internal.runners.model.ReflectiveCallable.run(ReflectiveCallable.java:12)
	at org.junit.runners.model.FrameworkMethod.invokeExplosively(FrameworkMethod.java:47)
	at org.junit.internal.runners.statements.InvokeMethod.evaluate(InvokeMethod.java:17)
	at edu.illinois.cs.testrunner.execution.JUnitTestRunner.runChild(JUnitTestRunner.java:323)
	at edu.illinois.cs.testrunner.execution.JUnitTestRunner.run(JUnitTestRunner.java:102)
	at org.junit.runner.JUnitCore.run(JUnitCore.java:137)
	at edu.illinois.cs.testrunner.execution.JUnitTestExecutor.execute(JUnitTestExecutor.java:248)
	at edu.illinois.cs.testrunner.execution.JUnitTestExecutor.executeWithJUnit4Runner(JUnitTestExecutor.java:325)
	at edu.illinois.cs.testrunner.execution.JUnitTestExecutor.runOrder(JUnitTestExecutor.java:46)
	at edu.illinois.cs.testrunner.execution.Executor$.$anonfun$run$1(Executor.scala:30)
	at scala.runtime.java8.JFunction0$mcV$sp.apply(JFunction0$mcV$sp.java:12)
	at scala.util.Try$.apply(Try.scala:209)
	at edu.illinois.cs.testrunner.execution.Executor$.run(Executor.scala:28)
	at edu.illinois.cs.testrunner.execution.Executor$.main(Executor.scala:18)
	at edu.illinois.cs.testrunner.execution.Executor.main(Executor.scala)

abr 19, 2024 4:46:41 PM de.strullerbaumann.visualee.resources.FileManager searchFiles
SEVERE: null
java.nio.file.NoSuchFileException: Instance<Boolean> parallelDataCollection;
	at sun.nio.fs.UnixException.translateToIOException(UnixException.java:86)
	at sun.nio.fs.UnixException.rethrowAsIOException(UnixException.java:102)
	at sun.nio.fs.UnixException.rethrowAsIOException(UnixException.java:107)
	at sun.nio.fs.UnixFileAttributeViews$Basic.readAttributes(UnixFileAttributeViews.java:55)
	at sun.nio.fs.UnixFileSystemProvider.readAttributes(UnixFileSystemProvider.java:144)
	at sun.nio.fs.LinuxFileSystemProvider.readAttributes(LinuxFileSystemProvider.java:99)
	at java.nio.file.Files.readAttributes(Files.java:1737)
	at java.nio.file.FileTreeWalker.getAttributes(FileTreeWalker.java:219)
	at java.nio.file.FileTreeWalker.visit(FileTreeWalker.java:276)
	at java.nio.file.FileTreeWalker.walk(FileTreeWalker.java:322)
	at java.nio.file.Files.walkFileTree(Files.java:2662)
	at java.nio.file.Files.walkFileTree(Files.java:2742)
	at de.strullerbaumann.visualee.resources.FileManager.searchFiles(FileManager.java:57)
	at de.strullerbaumann.visualee.source.boundary.JavaSourceContainer.loadJavaFiles(JavaSourceContainer.java:76)
	at de.strullerbaumann.visualee.examiner.cdi.TestGroup100Case0.test207(TestGroup100Case0.java:3184)
	at sun.reflect.NativeMethodAccessorImpl.invoke0(Native Method)
	at sun.reflect.NativeMethodAccessorImpl.invoke(NativeMethodAccessorImpl.java:62)
	at sun.reflect.DelegatingMethodAccessorImpl.invoke(DelegatingMethodAccessorImpl.java:43)
	at java.lang.reflect.Method.invoke(Method.java:498)
	at org.junit.runners.model.FrameworkMethod$1.runReflectiveCall(FrameworkMethod.java:50)
	at org.junit.internal.runners.model.ReflectiveCallable.run(ReflectiveCallable.java:12)
	at org.junit.runners.model.FrameworkMethod.invokeExplosively(FrameworkMethod.java:47)
	at org.junit.internal.runners.statements.InvokeMethod.evaluate(InvokeMethod.java:17)
	at edu.illinois.cs.testrunner.execution.JUnitTestRunner.runChild(JUnitTestRunner.java:323)
	at edu.illinois.cs.testrunner.execution.JUnitTestRunner.run(JUnitTestRunner.java:102)
	at org.junit.runner.JUnitCore.run(JUnitCore.java:137)
	at edu.illinois.cs.testrunner.execution.JUnitTestExecutor.execute(JUnitTestExecutor.java:248)
	at edu.illinois.cs.testrunner.execution.JUnitTestExecutor.executeWithJUnit4Runner(JUnitTestExecutor.java:325)
	at edu.illinois.cs.testrunner.execution.JUnitTestExecutor.runOrder(JUnitTestExecutor.java:46)
	at edu.illinois.cs.testrunner.execution.Executor$.$anonfun$run$1(Executor.scala:30)
	at scala.runtime.java8.JFunction0$mcV$sp.apply(JFunction0$mcV$sp.java:12)
	at scala.util.Try$.apply(Try.scala:209)
	at edu.illinois.cs.testrunner.execution.Executor$.run(Executor.scala:28)
	at edu.illinois.cs.testrunner.execution.Executor$.main(Executor.scala:18)
	at edu.illinois.cs.testrunner.execution.Executor.main(Executor.scala)

abr 19, 2024 4:46:41 PM de.strullerbaumann.visualee.resources.FileManager searchFiles
SEVERE: null
java.nio.file.NoSuchFileException: My test sourcecode
	at sun.nio.fs.UnixException.translateToIOException(UnixException.java:86)
	at sun.nio.fs.UnixException.rethrowAsIOException(UnixException.java:102)
	at sun.nio.fs.UnixException.rethrowAsIOException(UnixException.java:107)
	at sun.nio.fs.UnixFileAttributeViews$Basic.readAttributes(UnixFileAttributeViews.java:55)
	at sun.nio.fs.UnixFileSystemProvider.readAttributes(UnixFileSystemProvider.java:144)
	at sun.nio.fs.LinuxFileSystemProvider.readAttributes(LinuxFileSystemProvider.java:99)
	at java.nio.file.Files.readAttributes(Files.java:1737)
	at java.nio.file.FileTreeWalker.getAttributes(FileTreeWalker.java:219)
	at java.nio.file.FileTreeWalker.visit(FileTreeWalker.java:276)
	at java.nio.file.FileTreeWalker.walk(FileTreeWalker.java:322)
	at java.nio.file.Files.walkFileTree(Files.java:2662)
	at java.nio.file.Files.walkFileTree(Files.java:2742)
	at de.strullerbaumann.visualee.resources.FileManager.searchFiles(FileManager.java:57)
	at de.strullerbaumann.visualee.source.boundary.JavaSourceContainer.loadJavaFiles(JavaSourceContainer.java:76)
	at de.strullerbaumann.visualee.examiner.cdi.TestGroup100Case0.test210(TestGroup100Case0.java:3235)
	at sun.reflect.NativeMethodAccessorImpl.invoke0(Native Method)
	at sun.reflect.NativeMethodAccessorImpl.invoke(NativeMethodAccessorImpl.java:62)
	at sun.reflect.DelegatingMethodAccessorImpl.invoke(DelegatingMethodAccessorImpl.java:43)
	at java.lang.reflect.Method.invoke(Method.java:498)
	at org.junit.runners.model.FrameworkMethod$1.runReflectiveCall(FrameworkMethod.java:50)
	at org.junit.internal.runners.model.ReflectiveCallable.run(ReflectiveCallable.java:12)
	at org.junit.runners.model.FrameworkMethod.invokeExplosively(FrameworkMethod.java:47)
	at org.junit.internal.runners.statements.InvokeMethod.evaluate(InvokeMethod.java:17)
	at edu.illinois.cs.testrunner.execution.JUnitTestRunner.runChild(JUnitTestRunner.java:323)
	at edu.illinois.cs.testrunner.execution.JUnitTestRunner.run(JUnitTestRunner.java:102)
	at org.junit.runner.JUnitCore.run(JUnitCore.java:137)
	at edu.illinois.cs.testrunner.execution.JUnitTestExecutor.execute(JUnitTestExecutor.java:248)
	at edu.illinois.cs.testrunner.execution.JUnitTestExecutor.executeWithJUnit4Runner(JUnitTestExecutor.java:325)
	at edu.illinois.cs.testrunner.execution.JUnitTestExecutor.runOrder(JUnitTestExecutor.java:46)
	at edu.illinois.cs.testrunner.execution.Executor$.$anonfun$run$1(Executor.scala:30)
	at scala.runtime.java8.JFunction0$mcV$sp.apply(JFunction0$mcV$sp.java:12)
	at scala.util.Try$.apply(Try.scala:209)
	at edu.illinois.cs.testrunner.execution.Executor$.run(Executor.scala:28)
	at edu.illinois.cs.testrunner.execution.Executor$.main(Executor.scala:18)
	at edu.illinois.cs.testrunner.execution.Executor.main(Executor.scala)

abr 19, 2024 4:46:41 PM de.strullerbaumann.visualee.logging.LogProvider error
SEVERE: @SnapshotDataCollector
abr 19, 2024 4:46:41 PM de.strullerbaumann.visualee.logging.LogProvider warn
WARNING: Queue
abr 19, 2024 4:46:41 PM de.strullerbaumann.visualee.logging.LogProvider info
INFO: ParallelDataCollectionExecutor parallelExecutor;
abr 19, 2024 4:46:41 PM de.strullerbaumann.visualee.logging.LogProvider warn
WARNING: Queue
abr 19, 2024 4:46:41 PM de.strullerbaumann.visualee.logging.LogProvider info
INFO: @SnapshotDataCollector
abr 19, 2024 4:46:41 PM de.strullerbaumann.visualee.logging.LogProvider error
SEVERE: Instance<Boolean> parallelDataCollection;
abr 19, 2024 4:46:41 PM de.strullerbaumann.visualee.logging.LogProvider info
INFO: TimerService
abr 19, 2024 4:46:41 PM de.strullerbaumann.visualee.logging.LogProvider warn
WARNING: Queue
abr 19, 2024 4:46:41 PM de.strullerbaumann.visualee.logging.LogProvider info
INFO: ParallelDataCollectionExecutor parallelExecutor;
abr 19, 2024 4:46:41 PM de.strullerbaumann.visualee.logging.LogProvider error
SEVERE: }
abr 19, 2024 4:46:41 PM de.strullerbaumann.visualee.resources.FileManager searchFiles
SEVERE: null
java.nio.file.NoSuchFileException: TimerService timerService;
	at sun.nio.fs.UnixException.translateToIOException(UnixException.java:86)
	at sun.nio.fs.UnixException.rethrowAsIOException(UnixException.java:102)
	at sun.nio.fs.UnixException.rethrowAsIOException(UnixException.java:107)
	at sun.nio.fs.UnixFileAttributeViews$Basic.readAttributes(UnixFileAttributeViews.java:55)
	at sun.nio.fs.UnixFileSystemProvider.readAttributes(UnixFileSystemProvider.java:144)
	at sun.nio.fs.LinuxFileSystemProvider.readAttributes(LinuxFileSystemProvider.java:99)
	at java.nio.file.Files.readAttributes(Files.java:1737)
	at java.nio.file.FileTreeWalker.getAttributes(FileTreeWalker.java:219)
	at java.nio.file.FileTreeWalker.visit(FileTreeWalker.java:276)
	at java.nio.file.FileTreeWalker.walk(FileTreeWalker.java:322)
	at java.nio.file.Files.walkFileTree(Files.java:2662)
	at java.nio.file.Files.walkFileTree(Files.java:2742)
	at de.strullerbaumann.visualee.resources.FileManager.searchFiles(FileManager.java:57)
	at de.strullerbaumann.visualee.source.boundary.JavaSourceContainer.loadJavaFiles(JavaSourceContainer.java:76)
	at de.strullerbaumann.visualee.examiner.cdi.TestGroup100Case0.test218(TestGroup100Case0.java:3373)
	at sun.reflect.NativeMethodAccessorImpl.invoke0(Native Method)
	at sun.reflect.NativeMethodAccessorImpl.invoke(NativeMethodAccessorImpl.java:62)
	at sun.reflect.DelegatingMethodAccessorImpl.invoke(DelegatingMethodAccessorImpl.java:43)
	at java.lang.reflect.Method.invoke(Method.java:498)
	at org.junit.runners.model.FrameworkMethod$1.runReflectiveCall(FrameworkMethod.java:50)
	at org.junit.internal.runners.model.ReflectiveCallable.run(ReflectiveCallable.java:12)
	at org.junit.runners.model.FrameworkMethod.invokeExplosively(FrameworkMethod.java:47)
	at org.junit.internal.runners.statements.InvokeMethod.evaluate(InvokeMethod.java:17)
	at edu.illinois.cs.testrunner.execution.JUnitTestRunner.runChild(JUnitTestRunner.java:323)
	at edu.illinois.cs.testrunner.execution.JUnitTestRunner.run(JUnitTestRunner.java:102)
	at org.junit.runner.JUnitCore.run(JUnitCore.java:137)
	at edu.illinois.cs.testrunner.execution.JUnitTestExecutor.execute(JUnitTestExecutor.java:248)
	at edu.illinois.cs.testrunner.execution.JUnitTestExecutor.executeWithJUnit4Runner(JUnitTestExecutor.java:325)
	at edu.illinois.cs.testrunner.execution.JUnitTestExecutor.runOrder(JUnitTestExecutor.java:46)
	at edu.illinois.cs.testrunner.execution.Executor$.$anonfun$run$1(Executor.scala:30)
	at scala.runtime.java8.JFunction0$mcV$sp.apply(JFunction0$mcV$sp.java:12)
	at scala.util.Try$.apply(Try.scala:209)
	at edu.illinois.cs.testrunner.execution.Executor$.run(Executor.scala:28)
	at edu.illinois.cs.testrunner.execution.Executor$.main(Executor.scala:18)
	at edu.illinois.cs.testrunner.execution.Executor.main(Executor.scala)

abr 19, 2024 4:46:41 PM de.strullerbaumann.visualee.logging.LogProvider error
SEVERE: @SnapshotDataCollector
abr 19, 2024 4:46:41 PM de.strullerbaumann.visualee.resources.FileManager searchFiles
SEVERE: null
java.nio.file.NoSuchFileException: @ResourceDataCollector
	at sun.nio.fs.UnixException.translateToIOException(UnixException.java:86)
	at sun.nio.fs.UnixException.rethrowAsIOException(UnixException.java:102)
	at sun.nio.fs.UnixException.rethrowAsIOException(UnixException.java:107)
	at sun.nio.fs.UnixFileAttributeViews$Basic.readAttributes(UnixFileAttributeViews.java:55)
	at sun.nio.fs.UnixFileSystemProvider.readAttributes(UnixFileSystemProvider.java:144)
	at sun.nio.fs.LinuxFileSystemProvider.readAttributes(LinuxFileSystemProvider.java:99)
	at java.nio.file.Files.readAttributes(Files.java:1737)
	at java.nio.file.FileTreeWalker.getAttributes(FileTreeWalker.java:219)
	at java.nio.file.FileTreeWalker.visit(FileTreeWalker.java:276)
	at java.nio.file.FileTreeWalker.walk(FileTreeWalker.java:322)
	at java.nio.file.Files.walkFileTree(Files.java:2662)
	at java.nio.file.Files.walkFileTree(Files.java:2742)
	at de.strullerbaumann.visualee.resources.FileManager.searchFiles(FileManager.java:57)
	at de.strullerbaumann.visualee.source.boundary.JavaSourceContainer.loadJavaFiles(JavaSourceContainer.java:76)
	at de.strullerbaumann.visualee.examiner.cdi.TestGroup100Case0.test222(TestGroup100Case0.java:3438)
	at sun.reflect.NativeMethodAccessorImpl.invoke0(Native Method)
	at sun.reflect.NativeMethodAccessorImpl.invoke(NativeMethodAccessorImpl.java:62)
	at sun.reflect.DelegatingMethodAccessorImpl.invoke(DelegatingMethodAccessorImpl.java:43)
	at java.lang.reflect.Method.invoke(Method.java:498)
	at org.junit.runners.model.FrameworkMethod$1.runReflectiveCall(FrameworkMethod.java:50)
	at org.junit.internal.runners.model.ReflectiveCallable.run(ReflectiveCallable.java:12)
	at org.junit.runners.model.FrameworkMethod.invokeExplosively(FrameworkMethod.java:47)
	at org.junit.internal.runners.statements.InvokeMethod.evaluate(InvokeMethod.java:17)
	at edu.illinois.cs.testrunner.execution.JUnitTestRunner.runChild(JUnitTestRunner.java:323)
	at edu.illinois.cs.testrunner.execution.JUnitTestRunner.run(JUnitTestRunner.java:102)
	at org.junit.runner.JUnitCore.run(JUnitCore.java:137)
	at edu.illinois.cs.testrunner.execution.JUnitTestExecutor.execute(JUnitTestExecutor.java:248)
	at edu.illinois.cs.testrunner.execution.JUnitTestExecutor.executeWithJUnit4Runner(JUnitTestExecutor.java:325)
	at edu.illinois.cs.testrunner.execution.JUnitTestExecutor.runOrder(JUnitTestExecutor.java:46)
	at edu.illinois.cs.testrunner.execution.Executor$.$anonfun$run$1(Executor.scala:30)
	at scala.runtime.java8.JFunction0$mcV$sp.apply(JFunction0$mcV$sp.java:12)
	at scala.util.Try$.apply(Try.scala:209)
	at edu.illinois.cs.testrunner.execution.Executor$.run(Executor.scala:28)
	at edu.illinois.cs.testrunner.execution.Executor$.main(Executor.scala:18)
	at edu.illinois.cs.testrunner.execution.Executor.main(Executor.scala)

abr 19, 2024 4:46:41 PM de.strullerbaumann.visualee.resources.FileManager searchFiles
SEVERE: null
java.nio.file.NoSuchFileException: SimplifiedMessageReceiver
	at sun.nio.fs.UnixException.translateToIOException(UnixException.java:86)
	at sun.nio.fs.UnixException.rethrowAsIOException(UnixException.java:102)
	at sun.nio.fs.UnixException.rethrowAsIOException(UnixException.java:107)
	at sun.nio.fs.UnixFileAttributeViews$Basic.readAttributes(UnixFileAttributeViews.java:55)
	at sun.nio.fs.UnixFileSystemProvider.readAttributes(UnixFileSystemProvider.java:144)
	at sun.nio.fs.LinuxFileSystemProvider.readAttributes(LinuxFileSystemProvider.java:99)
	at java.nio.file.Files.readAttributes(Files.java:1737)
	at java.nio.file.FileTreeWalker.getAttributes(FileTreeWalker.java:219)
	at java.nio.file.FileTreeWalker.visit(FileTreeWalker.java:276)
	at java.nio.file.FileTreeWalker.walk(FileTreeWalker.java:322)
	at java.nio.file.Files.walkFileTree(Files.java:2662)
	at java.nio.file.Files.walkFileTree(Files.java:2742)
	at de.strullerbaumann.visualee.resources.FileManager.searchFiles(FileManager.java:57)
	at de.strullerbaumann.visualee.source.boundary.JavaSourceContainer.loadJavaFiles(JavaSourceContainer.java:76)
	at de.strullerbaumann.visualee.examiner.cdi.TestGroup100Case0.test222(TestGroup100Case0.java:3439)
	at sun.reflect.NativeMethodAccessorImpl.invoke0(Native Method)
	at sun.reflect.NativeMethodAccessorImpl.invoke(NativeMethodAccessorImpl.java:62)
	at sun.reflect.DelegatingMethodAccessorImpl.invoke(DelegatingMethodAccessorImpl.java:43)
	at java.lang.reflect.Method.invoke(Method.java:498)
	at org.junit.runners.model.FrameworkMethod$1.runReflectiveCall(FrameworkMethod.java:50)
	at org.junit.internal.runners.model.ReflectiveCallable.run(ReflectiveCallable.java:12)
	at org.junit.runners.model.FrameworkMethod.invokeExplosively(FrameworkMethod.java:47)
	at org.junit.internal.runners.statements.InvokeMethod.evaluate(InvokeMethod.java:17)
	at edu.illinois.cs.testrunner.execution.JUnitTestRunner.runChild(JUnitTestRunner.java:323)
	at edu.illinois.cs.testrunner.execution.JUnitTestRunner.run(JUnitTestRunner.java:102)
	at org.junit.runner.JUnitCore.run(JUnitCore.java:137)
	at edu.illinois.cs.testrunner.execution.JUnitTestExecutor.execute(JUnitTestExecutor.java:248)
	at edu.illinois.cs.testrunner.execution.JUnitTestExecutor.executeWithJUnit4Runner(JUnitTestExecutor.java:325)
	at edu.illinois.cs.testrunner.execution.JUnitTestExecutor.runOrder(JUnitTestExecutor.java:46)
	at edu.illinois.cs.testrunner.execution.Executor$.$anonfun$run$1(Executor.scala:30)
	at scala.runtime.java8.JFunction0$mcV$sp.apply(JFunction0$mcV$sp.java:12)
	at scala.util.Try$.apply(Try.scala:209)
	at edu.illinois.cs.testrunner.execution.Executor$.run(Executor.scala:28)
	at edu.illinois.cs.testrunner.execution.Executor$.main(Executor.scala:18)
	at edu.illinois.cs.testrunner.execution.Executor.main(Executor.scala)

abr 19, 2024 4:46:41 PM de.strullerbaumann.visualee.logging.LogProvider warn
WARNING: Queue
abr 19, 2024 4:46:41 PM de.strullerbaumann.visualee.logging.LogProvider info
INFO: @SnapshotDataCollector
abr 19, 2024 4:46:41 PM de.strullerbaumann.visualee.logging.LogProvider error
SEVERE: @Resource
abr 19, 2024 4:46:41 PM de.strullerbaumann.visualee.logging.LogProvider info
INFO: Filtered
abr 19, 2024 4:46:41 PM de.strullerbaumann.visualee.logging.LogProvider warn
WARNING: hi!
abr 19, 2024 4:46:41 PM de.strullerbaumann.visualee.logging.LogProvider error
SEVERE: public class ResourceCollector extends AbstractRestDataCollector<List<ConnectionPool>> {
abr 19, 2024 4:46:41 PM de.strullerbaumann.visualee.logging.LogProvider warn
WARNING: Queue
abr 19, 2024 4:46:41 PM de.strullerbaumann.visualee.logging.LogProvider info
INFO: 
abr 19, 2024 4:46:41 PM de.strullerbaumann.visualee.logging.LogProvider info
INFO: because of
abr 19, 2024 4:46:41 PM de.strullerbaumann.visualee.logging.LogProvider warn
WARNING: Queue
abr 19, 2024 4:46:41 PM de.strullerbaumann.visualee.logging.LogProvider info
INFO: DataSource
abr 19, 2024 4:46:41 PM de.strullerbaumann.visualee.logging.LogProvider warn
WARNING: SimplifiedMessageReceiver
abr 19, 2024 4:46:41 PM de.strullerbaumann.visualee.resources.FileManager searchFiles
SEVERE: null
java.nio.file.NoSuchFileException: Instance<Boolean> parallelDataCollection;
	at sun.nio.fs.UnixException.translateToIOException(UnixException.java:86)
	at sun.nio.fs.UnixException.rethrowAsIOException(UnixException.java:102)
	at sun.nio.fs.UnixException.rethrowAsIOException(UnixException.java:107)
	at sun.nio.fs.UnixFileAttributeViews$Basic.readAttributes(UnixFileAttributeViews.java:55)
	at sun.nio.fs.UnixFileSystemProvider.readAttributes(UnixFileSystemProvider.java:144)
	at sun.nio.fs.LinuxFileSystemProvider.readAttributes(LinuxFileSystemProvider.java:99)
	at java.nio.file.Files.readAttributes(Files.java:1737)
	at java.nio.file.FileTreeWalker.getAttributes(FileTreeWalker.java:219)
	at java.nio.file.FileTreeWalker.visit(FileTreeWalker.java:276)
	at java.nio.file.FileTreeWalker.walk(FileTreeWalker.java:322)
	at java.nio.file.Files.walkFileTree(Files.java:2662)
	at java.nio.file.Files.walkFileTree(Files.java:2742)
	at de.strullerbaumann.visualee.resources.FileManager.searchFiles(FileManager.java:57)
	at de.strullerbaumann.visualee.source.boundary.JavaSourceContainer.loadJavaFiles(JavaSourceContainer.java:76)
	at de.strullerbaumann.visualee.examiner.cdi.TestGroup100Case0.test232(TestGroup100Case0.java:3605)
	at sun.reflect.NativeMethodAccessorImpl.invoke0(Native Method)
	at sun.reflect.NativeMethodAccessorImpl.invoke(NativeMethodAccessorImpl.java:62)
	at sun.reflect.DelegatingMethodAccessorImpl.invoke(DelegatingMethodAccessorImpl.java:43)
	at java.lang.reflect.Method.invoke(Method.java:498)
	at org.junit.runners.model.FrameworkMethod$1.runReflectiveCall(FrameworkMethod.java:50)
	at org.junit.internal.runners.model.ReflectiveCallable.run(ReflectiveCallable.java:12)
	at org.junit.runners.model.FrameworkMethod.invokeExplosively(FrameworkMethod.java:47)
	at org.junit.internal.runners.statements.InvokeMethod.evaluate(InvokeMethod.java:17)
	at edu.illinois.cs.testrunner.execution.JUnitTestRunner.runChild(JUnitTestRunner.java:323)
	at edu.illinois.cs.testrunner.execution.JUnitTestRunner.run(JUnitTestRunner.java:102)
	at org.junit.runner.JUnitCore.run(JUnitCore.java:137)
	at edu.illinois.cs.testrunner.execution.JUnitTestExecutor.execute(JUnitTestExecutor.java:248)
	at edu.illinois.cs.testrunner.execution.JUnitTestExecutor.executeWithJUnit4Runner(JUnitTestExecutor.java:325)
	at edu.illinois.cs.testrunner.execution.JUnitTestExecutor.runOrder(JUnitTestExecutor.java:46)
	at edu.illinois.cs.testrunner.execution.Executor$.$anonfun$run$1(Executor.scala:30)
	at scala.runtime.java8.JFunction0$mcV$sp.apply(JFunction0$mcV$sp.java:12)
	at scala.util.Try$.apply(Try.scala:209)
	at edu.illinois.cs.testrunner.execution.Executor$.run(Executor.scala:28)
	at edu.illinois.cs.testrunner.execution.Executor$.main(Executor.scala:18)
	at edu.illinois.cs.testrunner.execution.Executor.main(Executor.scala)

abr 19, 2024 4:46:41 PM de.strullerbaumann.visualee.logging.LogProvider warn
WARNING: Queue
abr 19, 2024 4:46:41 PM de.strullerbaumann.visualee.logging.LogProvider info
INFO: DataSource
abr 19, 2024 4:46:41 PM de.strullerbaumann.visualee.logging.LogProvider warn
WARNING: private static final String RESOURCES = "resources";
abr 19, 2024 4:46:41 PM de.strullerbaumann.visualee.logging.LogProvider warn
WARNING: Queue
abr 19, 2024 4:46:41 PM de.strullerbaumann.visualee.logging.LogProvider info
INFO: 
abr 19, 2024 4:46:41 PM de.strullerbaumann.visualee.logging.LogProvider info
INFO: because of
abr 19, 2024 4:46:41 PM de.strullerbaumann.visualee.logging.LogProvider warn
WARNING: Instance<SpecificResourceCollector> specificCollector;
abr 19, 2024 4:46:41 PM de.strullerbaumann.visualee.logging.LogProvider warn
WARNING: Queue
abr 19, 2024 4:46:41 PM de.strullerbaumann.visualee.logging.LogProvider info
INFO: 
abr 19, 2024 4:46:41 PM de.strullerbaumann.visualee.logging.LogProvider error
SEVERE: SimplifiedMessageReceiver
abr 19, 2024 4:46:41 PM de.strullerbaumann.visualee.logging.LogProvider warn
WARNING: because of
abr 19, 2024 4:46:41 PM de.strullerbaumann.visualee.logging.LogProvider info
INFO: 
abr 19, 2024 4:46:41 PM de.strullerbaumann.visualee.logging.LogProvider warn
WARNING: Queue
abr 19, 2024 4:46:41 PM de.strullerbaumann.visualee.logging.LogProvider info
INFO: Instance<SpecificResourceCollector> specificCollector;
abr 19, 2024 4:46:41 PM de.strullerbaumann.visualee.logging.LogProvider warn
WARNING: Queue
abr 19, 2024 4:46:41 PM de.strullerbaumann.visualee.logging.LogProvider info
INFO: 
abr 19, 2024 4:46:41 PM de.strullerbaumann.visualee.logging.LogProvider info
INFO: because of
abr 19, 2024 4:46:41 PM de.strullerbaumann.visualee.logging.LogProvider info
INFO: public class ResourceCollector extends AbstractRestDataCollector<List<ConnectionPool>> {
abr 19, 2024 4:46:41 PM de.strullerbaumann.visualee.logging.LogProvider info
INFO: ResourceCollector
abr 19, 2024 4:46:41 PM de.strullerbaumann.visualee.logging.LogProvider error
SEVERE: @SnapshotDataCollector
abr 19, 2024 4:46:41 PM de.strullerbaumann.visualee.logging.LogProvider error
SEVERE: Instance<Boolean> parallelDataCollection;
abr 19, 2024 4:46:41 PM de.strullerbaumann.visualee.resources.FileManager searchFiles
SEVERE: null
java.nio.file.NoSuchFileException: private static final String RESOURCES = "resources";
	at sun.nio.fs.UnixException.translateToIOException(UnixException.java:86)
	at sun.nio.fs.UnixException.rethrowAsIOException(UnixException.java:102)
	at sun.nio.fs.UnixException.rethrowAsIOException(UnixException.java:107)
	at sun.nio.fs.UnixFileAttributeViews$Basic.readAttributes(UnixFileAttributeViews.java:55)
	at sun.nio.fs.UnixFileSystemProvider.readAttributes(UnixFileSystemProvider.java:144)
	at sun.nio.fs.LinuxFileSystemProvider.readAttributes(LinuxFileSystemProvider.java:99)
	at java.nio.file.Files.readAttributes(Files.java:1737)
	at java.nio.file.FileTreeWalker.getAttributes(FileTreeWalker.java:219)
	at java.nio.file.FileTreeWalker.visit(FileTreeWalker.java:276)
	at java.nio.file.FileTreeWalker.walk(FileTreeWalker.java:322)
	at java.nio.file.Files.walkFileTree(Files.java:2662)
	at java.nio.file.Files.walkFileTree(Files.java:2742)
	at de.strullerbaumann.visualee.resources.FileManager.searchFiles(FileManager.java:57)
	at de.strullerbaumann.visualee.source.boundary.JavaSourceContainer.loadJavaFiles(JavaSourceContainer.java:76)
	at de.strullerbaumann.visualee.examiner.cdi.TestGroup100Case0.test250(TestGroup100Case0.java:3935)
	at sun.reflect.NativeMethodAccessorImpl.invoke0(Native Method)
	at sun.reflect.NativeMethodAccessorImpl.invoke(NativeMethodAccessorImpl.java:62)
	at sun.reflect.DelegatingMethodAccessorImpl.invoke(DelegatingMethodAccessorImpl.java:43)
	at java.lang.reflect.Method.invoke(Method.java:498)
	at org.junit.runners.model.FrameworkMethod$1.runReflectiveCall(FrameworkMethod.java:50)
	at org.junit.internal.runners.model.ReflectiveCallable.run(ReflectiveCallable.java:12)
	at org.junit.runners.model.FrameworkMethod.invokeExplosively(FrameworkMethod.java:47)
	at org.junit.internal.runners.statements.InvokeMethod.evaluate(InvokeMethod.java:17)
	at edu.illinois.cs.testrunner.execution.JUnitTestRunner.runChild(JUnitTestRunner.java:323)
	at edu.illinois.cs.testrunner.execution.JUnitTestRunner.run(JUnitTestRunner.java:102)
	at org.junit.runner.JUnitCore.run(JUnitCore.java:137)
	at edu.illinois.cs.testrunner.execution.JUnitTestExecutor.execute(JUnitTestExecutor.java:248)
	at edu.illinois.cs.testrunner.execution.JUnitTestExecutor.executeWithJUnit4Runner(JUnitTestExecutor.java:325)
	at edu.illinois.cs.testrunner.execution.JUnitTestExecutor.runOrder(JUnitTestExecutor.java:46)
	at edu.illinois.cs.testrunner.execution.Executor$.$anonfun$run$1(Executor.scala:30)
	at scala.runtime.java8.JFunction0$mcV$sp.apply(JFunction0$mcV$sp.java:12)
	at scala.util.Try$.apply(Try.scala:209)
	at edu.illinois.cs.testrunner.execution.Executor$.run(Executor.scala:28)
	at edu.illinois.cs.testrunner.execution.Executor$.main(Executor.scala:18)
	at edu.illinois.cs.testrunner.execution.Executor.main(Executor.scala)

abr 19, 2024 4:46:41 PM de.strullerbaumann.visualee.logging.LogProvider warn
WARNING: Queue
abr 19, 2024 4:46:41 PM de.strullerbaumann.visualee.logging.LogProvider info
INFO: @ResourceDataCollector
abr 19, 2024 4:46:41 PM de.strullerbaumann.visualee.logging.LogProvider error
SEVERE: Instance<Boolean> parallelDataCollection;
abr 19, 2024 4:46:41 PM de.strullerbaumann.visualee.logging.LogProvider info
INFO: TimerService timerService;
abr 19, 2024 4:46:41 PM de.strullerbaumann.visualee.logging.LogProvider warn
WARNING: SimplifiedMessageReceiver
abr 19, 2024 4:46:41 PM de.strullerbaumann.visualee.resources.FileManager searchFiles
SEVERE: null
java.nio.file.NoSuchFileException: DatabaseConnectionProducer
	at sun.nio.fs.UnixException.translateToIOException(UnixException.java:86)
	at sun.nio.fs.UnixException.rethrowAsIOException(UnixException.java:102)
	at sun.nio.fs.UnixException.rethrowAsIOException(UnixException.java:107)
	at sun.nio.fs.UnixFileAttributeViews$Basic.readAttributes(UnixFileAttributeViews.java:55)
	at sun.nio.fs.UnixFileSystemProvider.readAttributes(UnixFileSystemProvider.java:144)
	at sun.nio.fs.LinuxFileSystemProvider.readAttributes(LinuxFileSystemProvider.java:99)
	at java.nio.file.Files.readAttributes(Files.java:1737)
	at java.nio.file.FileTreeWalker.getAttributes(FileTreeWalker.java:219)
	at java.nio.file.FileTreeWalker.visit(FileTreeWalker.java:276)
	at java.nio.file.FileTreeWalker.walk(FileTreeWalker.java:322)
	at java.nio.file.Files.walkFileTree(Files.java:2662)
	at java.nio.file.Files.walkFileTree(Files.java:2742)
	at de.strullerbaumann.visualee.resources.FileManager.searchFiles(FileManager.java:57)
	at de.strullerbaumann.visualee.source.boundary.JavaSourceContainer.loadJavaFiles(JavaSourceContainer.java:76)
	at de.strullerbaumann.visualee.examiner.cdi.TestGroup100Case0.test254(TestGroup100Case0.java:4000)
	at sun.reflect.NativeMethodAccessorImpl.invoke0(Native Method)
	at sun.reflect.NativeMethodAccessorImpl.invoke(NativeMethodAccessorImpl.java:62)
	at sun.reflect.DelegatingMethodAccessorImpl.invoke(DelegatingMethodAccessorImpl.java:43)
	at java.lang.reflect.Method.invoke(Method.java:498)
	at org.junit.runners.model.FrameworkMethod$1.runReflectiveCall(FrameworkMethod.java:50)
	at org.junit.internal.runners.model.ReflectiveCallable.run(ReflectiveCallable.java:12)
	at org.junit.runners.model.FrameworkMethod.invokeExplosively(FrameworkMethod.java:47)
	at org.junit.internal.runners.statements.InvokeMethod.evaluate(InvokeMethod.java:17)
	at edu.illinois.cs.testrunner.execution.JUnitTestRunner.runChild(JUnitTestRunner.java:323)
	at edu.illinois.cs.testrunner.execution.JUnitTestRunner.run(JUnitTestRunner.java:102)
	at org.junit.runner.JUnitCore.run(JUnitCore.java:137)
	at edu.illinois.cs.testrunner.execution.JUnitTestExecutor.execute(JUnitTestExecutor.java:248)
	at edu.illinois.cs.testrunner.execution.JUnitTestExecutor.executeWithJUnit4Runner(JUnitTestExecutor.java:325)
	at edu.illinois.cs.testrunner.execution.JUnitTestExecutor.runOrder(JUnitTestExecutor.java:46)
	at edu.illinois.cs.testrunner.execution.Executor$.$anonfun$run$1(Executor.scala:30)
	at scala.runtime.java8.JFunction0$mcV$sp.apply(JFunction0$mcV$sp.java:12)
	at scala.util.Try$.apply(Try.scala:209)
	at edu.illinois.cs.testrunner.execution.Executor$.run(Executor.scala:28)
	at edu.illinois.cs.testrunner.execution.Executor$.main(Executor.scala:18)
	at edu.illinois.cs.testrunner.execution.Executor.main(Executor.scala)

abr 19, 2024 4:46:41 PM de.strullerbaumann.visualee.resources.FileManager searchFiles
SEVERE: null
java.nio.file.NoSuchFileException: ResourceCollector
	at sun.nio.fs.UnixException.translateToIOException(UnixException.java:86)
	at sun.nio.fs.UnixException.rethrowAsIOException(UnixException.java:102)
	at sun.nio.fs.UnixException.rethrowAsIOException(UnixException.java:107)
	at sun.nio.fs.UnixFileAttributeViews$Basic.readAttributes(UnixFileAttributeViews.java:55)
	at sun.nio.fs.UnixFileSystemProvider.readAttributes(UnixFileSystemProvider.java:144)
	at sun.nio.fs.LinuxFileSystemProvider.readAttributes(LinuxFileSystemProvider.java:99)
	at java.nio.file.Files.readAttributes(Files.java:1737)
	at java.nio.file.FileTreeWalker.getAttributes(FileTreeWalker.java:219)
	at java.nio.file.FileTreeWalker.visit(FileTreeWalker.java:276)
	at java.nio.file.FileTreeWalker.walk(FileTreeWalker.java:322)
	at java.nio.file.Files.walkFileTree(Files.java:2662)
	at java.nio.file.Files.walkFileTree(Files.java:2742)
	at de.strullerbaumann.visualee.resources.FileManager.searchFiles(FileManager.java:57)
	at de.strullerbaumann.visualee.source.boundary.JavaSourceContainer.loadJavaFiles(JavaSourceContainer.java:76)
	at de.strullerbaumann.visualee.examiner.cdi.TestGroup100Case0.test254(TestGroup100Case0.java:4001)
	at sun.reflect.NativeMethodAccessorImpl.invoke0(Native Method)
	at sun.reflect.NativeMethodAccessorImpl.invoke(NativeMethodAccessorImpl.java:62)
	at sun.reflect.DelegatingMethodAccessorImpl.invoke(DelegatingMethodAccessorImpl.java:43)
	at java.lang.reflect.Method.invoke(Method.java:498)
	at org.junit.runners.model.FrameworkMethod$1.runReflectiveCall(FrameworkMethod.java:50)
	at org.junit.internal.runners.model.ReflectiveCallable.run(ReflectiveCallable.java:12)
	at org.junit.runners.model.FrameworkMethod.invokeExplosively(FrameworkMethod.java:47)
	at org.junit.internal.runners.statements.InvokeMethod.evaluate(InvokeMethod.java:17)
	at edu.illinois.cs.testrunner.execution.JUnitTestRunner.runChild(JUnitTestRunner.java:323)
	at edu.illinois.cs.testrunner.execution.JUnitTestRunner.run(JUnitTestRunner.java:102)
	at org.junit.runner.JUnitCore.run(JUnitCore.java:137)
	at edu.illinois.cs.testrunner.execution.JUnitTestExecutor.execute(JUnitTestExecutor.java:248)
	at edu.illinois.cs.testrunner.execution.JUnitTestExecutor.executeWithJUnit4Runner(JUnitTestExecutor.java:325)
	at edu.illinois.cs.testrunner.execution.JUnitTestExecutor.runOrder(JUnitTestExecutor.java:46)
	at edu.illinois.cs.testrunner.execution.Executor$.$anonfun$run$1(Executor.scala:30)
	at scala.runtime.java8.JFunction0$mcV$sp.apply(JFunction0$mcV$sp.java:12)
	at scala.util.Try$.apply(Try.scala:209)
	at edu.illinois.cs.testrunner.execution.Executor$.run(Executor.scala:28)
	at edu.illinois.cs.testrunner.execution.Executor$.main(Executor.scala:18)
	at edu.illinois.cs.testrunner.execution.Executor.main(Executor.scala)

abr 19, 2024 4:46:41 PM de.strullerbaumann.visualee.logging.LogProvider warn
WARNING: Queue
abr 19, 2024 4:46:41 PM de.strullerbaumann.visualee.logging.LogProvider info
INFO: @SnapshotDataCollector
abr 19, 2024 4:46:41 PM de.strullerbaumann.visualee.logging.LogProvider warn
WARNING: SimplifiedMessageReceiver
abr 19, 2024 4:46:41 PM de.strullerbaumann.visualee.resources.FileManager searchFiles
SEVERE: null
java.nio.file.NoSuchFileException: @SnapshotDataCollector
	at sun.nio.fs.UnixException.translateToIOException(UnixException.java:86)
	at sun.nio.fs.UnixException.rethrowAsIOException(UnixException.java:102)
	at sun.nio.fs.UnixException.rethrowAsIOException(UnixException.java:107)
	at sun.nio.fs.UnixFileAttributeViews$Basic.readAttributes(UnixFileAttributeViews.java:55)
	at sun.nio.fs.UnixFileSystemProvider.readAttributes(UnixFileSystemProvider.java:144)
	at sun.nio.fs.LinuxFileSystemProvider.readAttributes(LinuxFileSystemProvider.java:99)
	at java.nio.file.Files.readAttributes(Files.java:1737)
	at java.nio.file.FileTreeWalker.getAttributes(FileTreeWalker.java:219)
	at java.nio.file.FileTreeWalker.visit(FileTreeWalker.java:276)
	at java.nio.file.FileTreeWalker.walk(FileTreeWalker.java:322)
	at java.nio.file.Files.walkFileTree(Files.java:2662)
	at java.nio.file.Files.walkFileTree(Files.java:2742)
	at de.strullerbaumann.visualee.resources.FileManager.searchFiles(FileManager.java:57)
	at de.strullerbaumann.visualee.source.boundary.JavaSourceContainer.loadJavaFiles(JavaSourceContainer.java:76)
	at de.strullerbaumann.visualee.examiner.cdi.TestGroup100Case0.test257(TestGroup100Case0.java:4054)
	at sun.reflect.NativeMethodAccessorImpl.invoke0(Native Method)
	at sun.reflect.NativeMethodAccessorImpl.invoke(NativeMethodAccessorImpl.java:62)
	at sun.reflect.DelegatingMethodAccessorImpl.invoke(DelegatingMethodAccessorImpl.java:43)
	at java.lang.reflect.Method.invoke(Method.java:498)
	at org.junit.runners.model.FrameworkMethod$1.runReflectiveCall(FrameworkMethod.java:50)
	at org.junit.internal.runners.model.ReflectiveCallable.run(ReflectiveCallable.java:12)
	at org.junit.runners.model.FrameworkMethod.invokeExplosively(FrameworkMethod.java:47)
	at org.junit.internal.runners.statements.InvokeMethod.evaluate(InvokeMethod.java:17)
	at edu.illinois.cs.testrunner.execution.JUnitTestRunner.runChild(JUnitTestRunner.java:323)
	at edu.illinois.cs.testrunner.execution.JUnitTestRunner.run(JUnitTestRunner.java:102)
	at org.junit.runner.JUnitCore.run(JUnitCore.java:137)
	at edu.illinois.cs.testrunner.execution.JUnitTestExecutor.execute(JUnitTestExecutor.java:248)
	at edu.illinois.cs.testrunner.execution.JUnitTestExecutor.executeWithJUnit4Runner(JUnitTestExecutor.java:325)
	at edu.illinois.cs.testrunner.execution.JUnitTestExecutor.runOrder(JUnitTestExecutor.java:46)
	at edu.illinois.cs.testrunner.execution.Executor$.$anonfun$run$1(Executor.scala:30)
	at scala.runtime.java8.JFunction0$mcV$sp.apply(JFunction0$mcV$sp.java:12)
	at scala.util.Try$.apply(Try.scala:209)
	at edu.illinois.cs.testrunner.execution.Executor$.run(Executor.scala:28)
	at edu.illinois.cs.testrunner.execution.Executor$.main(Executor.scala:18)
	at edu.illinois.cs.testrunner.execution.Executor.main(Executor.scala)

abr 19, 2024 4:46:41 PM de.strullerbaumann.visualee.logging.LogProvider error
SEVERE: }
abr 19, 2024 4:46:41 PM de.strullerbaumann.visualee.logging.LogProvider warn
WARNING: DataSource
abr 19, 2024 4:46:41 PM de.strullerbaumann.visualee.logging.LogProvider error
SEVERE: ParallelDataCollectionExecutor parallelExecutor;
abr 19, 2024 4:46:41 PM de.strullerbaumann.visualee.logging.LogProvider warn
WARNING: Filtered
abr 19, 2024 4:46:41 PM de.strullerbaumann.visualee.logging.LogProvider warn
WARNING: My test sourcecode
abr 19, 2024 4:46:41 PM de.strullerbaumann.visualee.logging.LogProvider warn
WARNING: Queue
abr 19, 2024 4:46:41 PM de.strullerbaumann.visualee.logging.LogProvider info
INFO: 
abr 19, 2024 4:46:41 PM de.strullerbaumann.visualee.logging.LogProvider error
SEVERE: SimplifiedMessageReceiver
abr 19, 2024 4:46:41 PM de.strullerbaumann.visualee.logging.LogProvider warn
WARNING: because of
abr 19, 2024 4:46:41 PM de.strullerbaumann.visualee.logging.LogProvider info
INFO: SimplifiedMessageReceiver
abr 19, 2024 4:46:41 PM de.strullerbaumann.visualee.resources.FileManager searchFiles
SEVERE: null
java.nio.file.NoSuchFileException: SimplifiedMessageReceiver
	at sun.nio.fs.UnixException.translateToIOException(UnixException.java:86)
	at sun.nio.fs.UnixException.rethrowAsIOException(UnixException.java:102)
	at sun.nio.fs.UnixException.rethrowAsIOException(UnixException.java:107)
	at sun.nio.fs.UnixFileAttributeViews$Basic.readAttributes(UnixFileAttributeViews.java:55)
	at sun.nio.fs.UnixFileSystemProvider.readAttributes(UnixFileSystemProvider.java:144)
	at sun.nio.fs.LinuxFileSystemProvider.readAttributes(LinuxFileSystemProvider.java:99)
	at java.nio.file.Files.readAttributes(Files.java:1737)
	at java.nio.file.FileTreeWalker.getAttributes(FileTreeWalker.java:219)
	at java.nio.file.FileTreeWalker.visit(FileTreeWalker.java:276)
	at java.nio.file.FileTreeWalker.walk(FileTreeWalker.java:322)
	at java.nio.file.Files.walkFileTree(Files.java:2662)
	at java.nio.file.Files.walkFileTree(Files.java:2742)
	at de.strullerbaumann.visualee.resources.FileManager.searchFiles(FileManager.java:57)
	at de.strullerbaumann.visualee.source.boundary.JavaSourceContainer.loadJavaFiles(JavaSourceContainer.java:76)
	at de.strullerbaumann.visualee.examiner.cdi.TestGroup100Case0.test261(TestGroup100Case0.java:4127)
	at sun.reflect.NativeMethodAccessorImpl.invoke0(Native Method)
	at sun.reflect.NativeMethodAccessorImpl.invoke(NativeMethodAccessorImpl.java:62)
	at sun.reflect.DelegatingMethodAccessorImpl.invoke(DelegatingMethodAccessorImpl.java:43)
	at java.lang.reflect.Method.invoke(Method.java:498)
	at org.junit.runners.model.FrameworkMethod$1.runReflectiveCall(FrameworkMethod.java:50)
	at org.junit.internal.runners.model.ReflectiveCallable.run(ReflectiveCallable.java:12)
	at org.junit.runners.model.FrameworkMethod.invokeExplosively(FrameworkMethod.java:47)
	at org.junit.internal.runners.statements.InvokeMethod.evaluate(InvokeMethod.java:17)
	at edu.illinois.cs.testrunner.execution.JUnitTestRunner.runChild(JUnitTestRunner.java:323)
	at edu.illinois.cs.testrunner.execution.JUnitTestRunner.run(JUnitTestRunner.java:102)
	at org.junit.runner.JUnitCore.run(JUnitCore.java:137)
	at edu.illinois.cs.testrunner.execution.JUnitTestExecutor.execute(JUnitTestExecutor.java:248)
	at edu.illinois.cs.testrunner.execution.JUnitTestExecutor.executeWithJUnit4Runner(JUnitTestExecutor.java:325)
	at edu.illinois.cs.testrunner.execution.JUnitTestExecutor.runOrder(JUnitTestExecutor.java:46)
	at edu.illinois.cs.testrunner.execution.Executor$.$anonfun$run$1(Executor.scala:30)
	at scala.runtime.java8.JFunction0$mcV$sp.apply(JFunction0$mcV$sp.java:12)
	at scala.util.Try$.apply(Try.scala:209)
	at edu.illinois.cs.testrunner.execution.Executor$.run(Executor.scala:28)
	at edu.illinois.cs.testrunner.execution.Executor$.main(Executor.scala:18)
	at edu.illinois.cs.testrunner.execution.Executor.main(Executor.scala)

