24/04/26 01:46:38 INFO executor.TestExecutorService: Running process #2, threadName=MASTER_SERVER_OPERATIONS-unit_test-0
24/04/26 01:46:38 INFO executor.TestExecutorService: Running process #5, threadName=MASTER_SERVER_OPERATIONS-unit_test-4
24/04/26 01:46:38 INFO executor.TestExecutorService: Waiting for all event handlers to start...
24/04/26 01:46:38 INFO executor.TestExecutorService: Running process #4, threadName=MASTER_SERVER_OPERATIONS-unit_test-3
24/04/26 01:46:38 INFO executor.TestExecutorService: Running process #3, threadName=MASTER_SERVER_OPERATIONS-unit_test-1
24/04/26 01:46:38 INFO executor.TestExecutorService: Running process #1, threadName=MASTER_SERVER_OPERATIONS-unit_test-2
24/04/26 01:46:38 INFO executor.TestExecutorService: Got status dump:
Status for executor: Executor-1-MASTER_SERVER_OPERATIONS-unit_test
=======================================
0 events queued, 5 running
Running:
  Running on thread 'MASTER_SERVER_OPERATIONS-unit_test-4': Event #5 of type M_SERVER_SHUTDOWN (class com.alibaba.wasp.executor.TestExecutorService$TestEventHandler)
  Thread 14 (MASTER_SERVER_OPERATIONS-unit_test-4):
    State: WAITING
    Blocked count: 2
    Waited count: 1
    Waiting on java.util.concurrent.atomic.AtomicBoolean@7f3b84b8
    Stack:
      java.lang.Object.wait(Native Method)
      java.lang.Object.wait(Object.java:502)
      com.alibaba.wasp.executor.TestExecutorService$TestEventHandler.process(TestExecutorService.java:167)
      com.alibaba.wasp.executor.EventHandler.run(EventHandler.java:198)
Waiting for all event handlers to finish...
      java.util.concurrent.ThreadPoolExecutor.runWorker(ThreadPoolExecutor.java:1149)
      java.util.concurrent.ThreadPoolExecutor$Worker.run(ThreadPoolExecutor.java:624)
      java.lang.Thread.run(Thread.java:750)

  Running on thread 'MASTER_SERVER_OPERATIONS-unit_test-0': Event #1 of type M_SERVER_SHUTDOWN (class com.alibaba.wasp.executor.TestExecutorService$TestEventHandler)
  Thread 10 (MASTER_SERVER_OPERATIONS-unit_test-0):
    State: WAITING
    Blocked count: 0
    Waited count: 1
    Waiting on java.util.concurrent.atomic.AtomicBoolean@7f3b84b8
    Stack:
      java.lang.Object.wait(Native Method)
      java.lang.Object.wait(Object.java:502)
      com.alibaba.wasp.executor.TestExecutorService$TestEventHandler.process(TestExecutorService.java:167)
      com.alibaba.wasp.executor.EventHandler.run(EventHandler.java:198)
      java.util.concurrent.ThreadPoolExecutor.runWorker(ThreadPoolExecutor.java:1149)
      java.util.concurrent.ThreadPoolExecutor$Worker.run(ThreadPoolExecutor.java:624)
      java.lang.Thread.run(Thread.java:750)

  Running on thread 'MASTER_SERVER_OPERATIONS-unit_test-1': Event #2 of type M_SERVER_SHUTDOWN (class com.alibaba.wasp.executor.TestExecutorService$TestEventHandler)
  Thread 11 (MASTER_SERVER_OPERATIONS-unit_test-1):
    State: WAITING
    Blocked count: 3
    Waited count: 1
    Waiting on java.util.concurrent.atomic.AtomicBoolean@7f3b84b8
    Stack:
      java.lang.Object.wait(Native Method)
      java.lang.Object.wait(Object.java:502)
      com.alibaba.wasp.executor.TestExecutorService$TestEventHandler.process(TestExecutorService.java:167)
      com.alibaba.wasp.executor.EventHandler.run(EventHandler.java:198)
      java.util.concurrent.ThreadPoolExecutor.runWorker(ThreadPoolExecutor.java:1149)
      java.util.concurrent.ThreadPoolExecutor$Worker.run(ThreadPoolExecutor.java:624)
      java.lang.Thread.run(Thread.java:750)

  Running on thread 'MASTER_SERVER_OPERATIONS-unit_test-3': Event #4 of type M_SERVER_SHUTDOWN (class com.alibaba.wasp.executor.TestExecutorService$TestEventHandler)
  Thread 13 (MASTER_SERVER_OPERATIONS-unit_test-3):
    State: WAITING
    Blocked count: 3
    Waited count: 1
    Waiting on java.util.concurrent.atomic.AtomicBoolean@7f3b84b8
    Stack:
      java.lang.Object.wait(Native Method)
      java.lang.Object.wait(Object.java:502)
      com.alibaba.wasp.executor.TestExecutorService$TestEventHandler.process(TestExecutorService.java:167)
      com.alibaba.wasp.executor.EventHandler.run(EventHandler.java:198)
      java.util.concurrent.ThreadPoolExecutor.runWorker(ThreadPoolExecutor.java:1149)
      java.util.concurrent.ThreadPoolExecutor$Worker.run(ThreadPoolExecutor.java:624)
      java.lang.Thread.run(Thread.java:750)

  Running on thread 'MASTER_SERVER_OPERATIONS-unit_test-2': Event #3 of type M_SERVER_SHUTDOWN (class com.alibaba.wasp.executor.TestExecutorService$TestEventHandler)
  Thread 12 (MASTER_SERVER_OPERATIONS-unit_test-2):
    State: WAITING
    Blocked count: 3
    Waited count: 1
    Waiting on java.util.concurrent.atomic.AtomicBoolean@7f3b84b8
    Stack:
      java.lang.Object.wait(Native Method)
      java.lang.Object.wait(Object.java:502)
      com.alibaba.wasp.executor.TestExecutorService$TestEventHandler.process(TestExecutorService.java:167)
      com.alibaba.wasp.executor.EventHandler.run(EventHandler.java:198)
      java.util.concurrent.ThreadPoolExecutor.runWorker(ThreadPoolExecutor.java:1149)
      java.util.concurrent.ThreadPoolExecutor$Worker.run(ThreadPoolExecutor.java:624)
      java.lang.Thread.run(Thread.java:750)


24/04/26 01:46:38 INFO executor.TestExecutorService: Running process #11, threadName=MASTER_SERVER_OPERATIONS-unit_test-2
24/04/26 01:46:38 INFO executor.TestExecutorService: Running process #12, threadName=MASTER_SERVER_OPERATIONS-unit_test-4
24/04/26 01:46:38 INFO executor.TestExecutorService: Running process #14, threadName=MASTER_SERVER_OPERATIONS-unit_test-2
24/04/26 01:46:38 INFO executor.TestExecutorService: Running process #16, threadName=MASTER_SERVER_OPERATIONS-unit_test-1
24/04/26 01:46:38 INFO executor.TestExecutorService: Running process #19, threadName=MASTER_SERVER_OPERATIONS-unit_test-3
24/04/26 01:46:38 INFO executor.TestExecutorService: Running process #21, threadName=MASTER_SERVER_OPERATIONS-unit_test-0
24/04/26 01:46:38 INFO executor.TestExecutorService: Running process #23, threadName=MASTER_SERVER_OPERATIONS-unit_test-0
24/04/26 01:46:38 INFO executor.TestExecutorService: Running process #25, threadName=MASTER_SERVER_OPERATIONS-unit_test-0
24/04/26 01:46:38 INFO executor.TestExecutorService: Running process #27, threadName=MASTER_SERVER_OPERATIONS-unit_test-0
24/04/26 01:46:38 INFO executor.TestExecutorService: Running process #29, threadName=MASTER_SERVER_OPERATIONS-unit_test-0
24/04/26 01:46:40 ERROR executor.ExecutorService: Cannot submit [Event #16 of type M_SERVER_SHUTDOWN (class com.alibaba.wasp.executor.TestExecutorService$TestEventHandler)] because the executor is missing. Is this process shutting down?
24/04/26 01:46:40 INFO wasp.WaspTestingUtility: Starting up minicluster with 1 master(s) and 3 fserver(s) 
Starting DataNode 0 with dfs.data.dir: /home/alex/Repositories/wasp/target/test-data/abf37e4b-e951-4db3-a4ac-1e60579fb5d5/dfscluster_03793b0d-5b6b-4b35-bc76-e7cad9e1663b/dfs/data/data1,/home/alex/Repositories/wasp/target/test-data/abf37e4b-e951-4db3-a4ac-1e60579fb5d5/dfscluster_03793b0d-5b6b-4b35-bc76-e7cad9e1663b/dfs/data/data2
24/04/26 01:46:41 ERROR datanode.DataNode: All directories in dfs.data.dir are invalid.
24/04/26 01:46:41 INFO wasp.WaspTestingUtility: Shutting down mini wasp cluster
24/04/26 01:46:41 INFO wasp.WaspTestingUtility: Minicluster is down
java.lang.NullPointerException
	at org.apache.hadoop.hdfs.MiniDFSCluster.startDataNodes(MiniDFSCluster.java:422)
	at org.apache.hadoop.hdfs.MiniDFSCluster.<init>(MiniDFSCluster.java:280)
	at org.apache.hadoop.hbase.HBaseTestingUtility.startMiniDFSCluster(HBaseTestingUtility.java:451)
	at org.apache.hadoop.hbase.HBaseTestingUtility.startMiniCluster(HBaseTestingUtility.java:619)
	at org.apache.hadoop.hbase.HBaseTestingUtility.startMiniCluster(HBaseTestingUtility.java:575)
	at com.alibaba.wasp.WaspTestingUtility.startMiniCluster(WaspTestingUtility.java:172)
	at com.alibaba.wasp.WaspTestingUtility.startMiniCluster(WaspTestingUtility.java:144)
	at com.alibaba.wasp.fserver.TestEntityGroup.setUpBeforeClass(TestEntityGroup.java:97)
	at sun.reflect.NativeMethodAccessorImpl.invoke0(Native Method)
	at sun.reflect.NativeMethodAccessorImpl.invoke(NativeMethodAccessorImpl.java:62)
	at sun.reflect.DelegatingMethodAccessorImpl.invoke(DelegatingMethodAccessorImpl.java:43)
	at java.lang.reflect.Method.invoke(Method.java:498)
	at org.junit.runners.model.FrameworkMethod$1.runReflectiveCall(FrameworkMethod.java:45)
	at org.junit.internal.runners.model.ReflectiveCallable.run(ReflectiveCallable.java:15)
	at org.junit.runners.model.FrameworkMethod.invokeExplosively(FrameworkMethod.java:42)
	at org.junit.internal.runners.statements.RunBefores.evaluate(RunBefores.java:27)
	at org.junit.internal.runners.statements.RunAfters.evaluate(RunAfters.java:30)
	at org.junit.runners.ParentRunner.run(ParentRunner.java:300)
	at org.junit.runners.Suite.runChild(Suite.java:128)
	at org.junit.runners.Suite.runChild(Suite.java:24)
	at org.junit.runners.ParentRunner$3.run(ParentRunner.java:231)
	at org.junit.runners.ParentRunner$1.schedule(ParentRunner.java:60)
	at org.junit.runners.ParentRunner.runChildren(ParentRunner.java:229)
	at org.junit.runners.ParentRunner.access$000(ParentRunner.java:50)
	at org.junit.runners.ParentRunner$2.evaluate(ParentRunner.java:222)
	at org.junit.runners.ParentRunner.run(ParentRunner.java:300)
	at org.junit.runner.JUnitCore.run(JUnitCore.java:157)
	at org.junit.runner.JUnitCore.run(JUnitCore.java:136)
	at edu.illinois.cs.testrunner.execution.JUnitTestExecutor.execute(JUnitTestExecutor.java:259)
	at edu.illinois.cs.testrunner.execution.JUnitTestExecutor.executeWithJUnit4Runner(JUnitTestExecutor.java:327)
	at edu.illinois.cs.testrunner.execution.JUnitTestExecutor.runOrder(JUnitTestExecutor.java:49)
	at edu.illinois.cs.testrunner.execution.Executor$.$anonfun$run$1(Executor.scala:30)
	at scala.runtime.java8.JFunction0$mcV$sp.apply(JFunction0$mcV$sp.java:12)
	at scala.util.Try$.apply(Try.scala:209)
	at edu.illinois.cs.testrunner.execution.Executor$.run(Executor.scala:28)
	at edu.illinois.cs.testrunner.execution.Executor$.main(Executor.scala:18)
	at edu.illinois.cs.testrunner.execution.Executor.main(Executor.scala)
24/04/26 01:46:41 DEBUG druid.DruidParser: Parsing SQL CREATE TABLE User { Required Int64 user_id; Required String name; Optional DOUBLE value; }  primary key(user_id),  entity group root, entity group key(user_id);
24/04/26 01:46:41 DEBUG druid.DruidDDLParser: CreateTablePlan CreateTablePlan [table=CREATE TABLE User { 
  REQUIRED INT64 user_id COLUMNFAMILY d;
  REQUIRED STRING name COLUMNFAMILY d;
  OPTIONAL DOUBLE value COLUMNFAMILY d;
} 
PRIMARY KEY(user_id),
ENTITY GROUP ROOT,
ENTITY GROUP KEY(user_id);
, splitKeys=null]
24/04/26 01:46:41 DEBUG fserver.MetricsEntityGroupSourceImpl: Creating new MetricsEntityGroupSourceImpl for table User 3df264a98c8ed6eac517f9dbd5763691
24/04/26 01:46:41 DEBUG fserver.EntityGroup: Instantiated User,,1714092401345.3df264a98c8ed6eac517f9dbd5763691.
Exception in thread "Thread-28" java.lang.NullPointerException
	at com.alibaba.wasp.fserver.EntityGroup.run(EntityGroup.java:1264)
	at java.lang.Thread.run(Thread.java:750)
24/04/26 01:46:41 DEBUG druid.DruidParser: Parsing SQL DELETE FROM User WHERE user_id = 123;
24/04/26 01:46:41 DEBUG druid.DruidDMLParser: UPDATE SQL From clause User
24/04/26 01:46:41 DEBUG druid.DruidDMLParser: UPDATE SQL where user_id = 123
24/04/26 01:46:41 DEBUG druid.DruidDMLParser: DeletePlan DeletePlan [actions=[DeleteAction [tableName=User, primayKey=[0, 0, 0, 0, 0, 0, 0, 123]]]]
24/04/26 01:46:41 ERROR fserver.EntityGroup: PrepareDeleteEntity failed.
java.lang.NullPointerException
	at com.alibaba.wasp.storage.StorageServicesImpl.getRowBeforeDelete(StorageServicesImpl.java:90)
	at com.alibaba.wasp.fserver.EntityGroup.prepareDeleteEntity(EntityGroup.java:800)
	at com.alibaba.wasp.fserver.EntityGroup.delete(EntityGroup.java:769)
	at com.alibaba.wasp.fserver.TestEntityGroupAlone.testDelete(TestEntityGroupAlone.java:147)
	at sun.reflect.NativeMethodAccessorImpl.invoke0(Native Method)
	at sun.reflect.NativeMethodAccessorImpl.invoke(NativeMethodAccessorImpl.java:62)
	at sun.reflect.DelegatingMethodAccessorImpl.invoke(DelegatingMethodAccessorImpl.java:43)
	at java.lang.reflect.Method.invoke(Method.java:498)
	at org.junit.runners.model.FrameworkMethod$1.runReflectiveCall(FrameworkMethod.java:45)
	at org.junit.internal.runners.model.ReflectiveCallable.run(ReflectiveCallable.java:15)
	at org.junit.runners.model.FrameworkMethod.invokeExplosively(FrameworkMethod.java:42)
	at org.junit.internal.runners.statements.InvokeMethod.evaluate(InvokeMethod.java:20)
	at org.junit.internal.runners.statements.RunBefores.evaluate(RunBefores.java:28)
	at org.junit.internal.runners.statements.RunAfters.evaluate(RunAfters.java:30)
	at org.junit.runners.ParentRunner.runLeaf(ParentRunner.java:263)
	at org.junit.runners.BlockJUnit4ClassRunner.runChild(BlockJUnit4ClassRunner.java:68)
	at org.junit.runners.BlockJUnit4ClassRunner.runChild(BlockJUnit4ClassRunner.java:47)
	at org.junit.runners.ParentRunner$3.run(ParentRunner.java:231)
	at org.junit.runners.ParentRunner$1.schedule(ParentRunner.java:60)
	at org.junit.runners.ParentRunner.runChildren(ParentRunner.java:229)
	at org.junit.runners.ParentRunner.access$000(ParentRunner.java:50)
	at org.junit.runners.ParentRunner$2.evaluate(ParentRunner.java:222)
	at org.junit.internal.runners.statements.RunBefores.evaluate(RunBefores.java:28)
	at org.junit.internal.runners.statements.RunAfters.evaluate(RunAfters.java:30)
	at org.junit.runners.ParentRunner.run(ParentRunner.java:300)
	at org.junit.runners.Suite.runChild(Suite.java:128)
	at org.junit.runners.Suite.runChild(Suite.java:24)
	at org.junit.runners.ParentRunner$3.run(ParentRunner.java:231)
	at org.junit.runners.ParentRunner$1.schedule(ParentRunner.java:60)
	at org.junit.runners.ParentRunner.runChildren(ParentRunner.java:229)
	at org.junit.runners.ParentRunner.access$000(ParentRunner.java:50)
	at org.junit.runners.ParentRunner$2.evaluate(ParentRunner.java:222)
	at org.junit.runners.ParentRunner.run(ParentRunner.java:300)
	at org.junit.runner.JUnitCore.run(JUnitCore.java:157)
	at org.junit.runner.JUnitCore.run(JUnitCore.java:136)
	at edu.illinois.cs.testrunner.execution.JUnitTestExecutor.execute(JUnitTestExecutor.java:259)
	at edu.illinois.cs.testrunner.execution.JUnitTestExecutor.executeWithJUnit4Runner(JUnitTestExecutor.java:327)
	at edu.illinois.cs.testrunner.execution.JUnitTestExecutor.runOrder(JUnitTestExecutor.java:49)
	at edu.illinois.cs.testrunner.execution.Executor$.$anonfun$run$1(Executor.scala:30)
	at scala.runtime.java8.JFunction0$mcV$sp.apply(JFunction0$mcV$sp.java:12)
	at scala.util.Try$.apply(Try.scala:209)
	at edu.illinois.cs.testrunner.execution.Executor$.run(Executor.scala:28)
	at edu.illinois.cs.testrunner.execution.Executor$.main(Executor.scala:18)
	at edu.illinois.cs.testrunner.execution.Executor.main(Executor.scala)
24/04/26 01:46:41 DEBUG druid.DruidParser: Parsing SQL Insert into User(user_id,name) values(1,'binlijin');
24/04/26 01:46:41 DEBUG druid.DruidDMLParser: INSERT SQL TableSource User
24/04/26 01:46:41 DEBUG druid.DruidDMLParser: From table User
24/04/26 01:46:41 DEBUG druid.DruidDMLParser:  SQLInsertItem user_id
24/04/26 01:46:41 DEBUG druid.DruidDMLParser:  SQLInsertItem name
24/04/26 01:46:41 DEBUG druid.DruidDMLParser: INSERT SQL Insert columns [user_id, name]
24/04/26 01:46:41 DEBUG druid.DruidDMLParser: INSERT SQL Insert Values List [ VALUES (1, 'binlijin')]
24/04/26 01:46:41 DEBUG druid.DruidDMLParser: InsertPlan InsertPlan [actions=[InsertAction [tableName=User, primayKey=[0, 0, 0, 0, 0, 0, 0, 1], columns=[ColumnAction [tableName=User, familyName=d, columnName=user_id, value=[0, 0, 0, 0, 0, 0, 0, 1], isIndex=false], ColumnAction [tableName=User, familyName=d, columnName=name, value=[98, 105, 110, 108, 105, 106, 105, 110], isIndex=false]]]]]
24/04/26 01:46:41 DEBUG fserver.EntityGroup: prepareInsertEntity indexs:[]
24/04/26 01:46:41 ERROR fserver.EntityGroup: PrepareInsertEntity failed.
java.lang.NullPointerException
	at com.alibaba.wasp.storage.StorageServicesImpl.checkRowExistsBeforeInsert(StorageServicesImpl.java:66)
	at com.alibaba.wasp.fserver.EntityGroup.prepareInsertEntity(EntityGroup.java:548)
	at com.alibaba.wasp.fserver.EntityGroup.insert(EntityGroup.java:412)
	at com.alibaba.wasp.fserver.TestEntityGroupAlone.testInsert(TestEntityGroupAlone.java:105)
	at sun.reflect.NativeMethodAccessorImpl.invoke0(Native Method)
	at sun.reflect.NativeMethodAccessorImpl.invoke(NativeMethodAccessorImpl.java:62)
	at sun.reflect.DelegatingMethodAccessorImpl.invoke(DelegatingMethodAccessorImpl.java:43)
	at java.lang.reflect.Method.invoke(Method.java:498)
	at org.junit.runners.model.FrameworkMethod$1.runReflectiveCall(FrameworkMethod.java:45)
	at org.junit.internal.runners.model.ReflectiveCallable.run(ReflectiveCallable.java:15)
	at org.junit.runners.model.FrameworkMethod.invokeExplosively(FrameworkMethod.java:42)
	at org.junit.internal.runners.statements.InvokeMethod.evaluate(InvokeMethod.java:20)
	at org.junit.internal.runners.statements.RunBefores.evaluate(RunBefores.java:28)
	at org.junit.internal.runners.statements.RunAfters.evaluate(RunAfters.java:30)
	at org.junit.runners.ParentRunner.runLeaf(ParentRunner.java:263)
	at org.junit.runners.BlockJUnit4ClassRunner.runChild(BlockJUnit4ClassRunner.java:68)
	at org.junit.runners.BlockJUnit4ClassRunner.runChild(BlockJUnit4ClassRunner.java:47)
	at org.junit.runners.ParentRunner$3.run(ParentRunner.java:231)
	at org.junit.runners.ParentRunner$1.schedule(ParentRunner.java:60)
	at org.junit.runners.ParentRunner.runChildren(ParentRunner.java:229)
	at org.junit.runners.ParentRunner.access$000(ParentRunner.java:50)
	at org.junit.runners.ParentRunner$2.evaluate(ParentRunner.java:222)
	at org.junit.internal.runners.statements.RunBefores.evaluate(RunBefores.java:28)
	at org.junit.internal.runners.statements.RunAfters.evaluate(RunAfters.java:30)
	at org.junit.runners.ParentRunner.run(ParentRunner.java:300)
	at org.junit.runners.Suite.runChild(Suite.java:128)
	at org.junit.runners.Suite.runChild(Suite.java:24)
	at org.junit.runners.ParentRunner$3.run(ParentRunner.java:231)
	at org.junit.runners.ParentRunner$1.schedule(ParentRunner.java:60)
	at org.junit.runners.ParentRunner.runChildren(ParentRunner.java:229)
	at org.junit.runners.ParentRunner.access$000(ParentRunner.java:50)
	at org.junit.runners.ParentRunner$2.evaluate(ParentRunner.java:222)
	at org.junit.runners.ParentRunner.run(ParentRunner.java:300)
	at org.junit.runner.JUnitCore.run(JUnitCore.java:157)
	at org.junit.runner.JUnitCore.run(JUnitCore.java:136)
	at edu.illinois.cs.testrunner.execution.JUnitTestExecutor.execute(JUnitTestExecutor.java:259)
	at edu.illinois.cs.testrunner.execution.JUnitTestExecutor.executeWithJUnit4Runner(JUnitTestExecutor.java:327)
	at edu.illinois.cs.testrunner.execution.JUnitTestExecutor.runOrder(JUnitTestExecutor.java:49)
	at edu.illinois.cs.testrunner.execution.Executor$.$anonfun$run$1(Executor.scala:30)
	at scala.runtime.java8.JFunction0$mcV$sp.apply(JFunction0$mcV$sp.java:12)
	at scala.util.Try$.apply(Try.scala:209)
	at edu.illinois.cs.testrunner.execution.Executor$.run(Executor.scala:28)
	at edu.illinois.cs.testrunner.execution.Executor$.main(Executor.scala:18)
	at edu.illinois.cs.testrunner.execution.Executor.main(Executor.scala)
24/04/26 01:46:41 DEBUG druid.DruidParser: Parsing SQL UPDATE User SET name = 'Mike' WHERE user_id = 123;
24/04/26 01:46:41 DEBUG druid.DruidDMLParser: UPDATE SQL From clause User
24/04/26 01:46:41 DEBUG druid.DruidDMLParser: UPDATE SQL where user_id = 123
24/04/26 01:46:41 DEBUG druid.DruidDMLParser: UpdatePlan UpdatePlan [actions=[UpdateAction [primayKey=[0, 0, 0, 0, 0, 0, 0, 123], tableName=User, columns=[ColumnAction [tableName=User, familyName=d, columnName=name, value=[77, 105, 107, 101], isIndex=false]]]]]
24/04/26 01:46:41 ERROR fserver.EntityGroup: PrepareUpdateEntity failed.
java.lang.NullPointerException
	at com.alibaba.wasp.storage.StorageServicesImpl.getRowBeforeUpdate(StorageServicesImpl.java:75)
	at com.alibaba.wasp.fserver.EntityGroup.prepareUpdateEntity(EntityGroup.java:674)
	at com.alibaba.wasp.fserver.EntityGroup.update(EntityGroup.java:607)
	at com.alibaba.wasp.fserver.TestEntityGroupAlone.testUpdate(TestEntityGroupAlone.java:126)
	at sun.reflect.NativeMethodAccessorImpl.invoke0(Native Method)
	at sun.reflect.NativeMethodAccessorImpl.invoke(NativeMethodAccessorImpl.java:62)
	at sun.reflect.DelegatingMethodAccessorImpl.invoke(DelegatingMethodAccessorImpl.java:43)
	at java.lang.reflect.Method.invoke(Method.java:498)
	at org.junit.runners.model.FrameworkMethod$1.runReflectiveCall(FrameworkMethod.java:45)
	at org.junit.internal.runners.model.ReflectiveCallable.run(ReflectiveCallable.java:15)
	at org.junit.runners.model.FrameworkMethod.invokeExplosively(FrameworkMethod.java:42)
	at org.junit.internal.runners.statements.InvokeMethod.evaluate(InvokeMethod.java:20)
	at org.junit.internal.runners.statements.RunBefores.evaluate(RunBefores.java:28)
	at org.junit.internal.runners.statements.RunAfters.evaluate(RunAfters.java:30)
	at org.junit.runners.ParentRunner.runLeaf(ParentRunner.java:263)
	at org.junit.runners.BlockJUnit4ClassRunner.runChild(BlockJUnit4ClassRunner.java:68)
	at org.junit.runners.BlockJUnit4ClassRunner.runChild(BlockJUnit4ClassRunner.java:47)
	at org.junit.runners.ParentRunner$3.run(ParentRunner.java:231)
	at org.junit.runners.ParentRunner$1.schedule(ParentRunner.java:60)
	at org.junit.runners.ParentRunner.runChildren(ParentRunner.java:229)
	at org.junit.runners.ParentRunner.access$000(ParentRunner.java:50)
	at org.junit.runners.ParentRunner$2.evaluate(ParentRunner.java:222)
	at org.junit.internal.runners.statements.RunBefores.evaluate(RunBefores.java:28)
	at org.junit.internal.runners.statements.RunAfters.evaluate(RunAfters.java:30)
	at org.junit.runners.ParentRunner.run(ParentRunner.java:300)
	at org.junit.runners.Suite.runChild(Suite.java:128)
	at org.junit.runners.Suite.runChild(Suite.java:24)
	at org.junit.runners.ParentRunner$3.run(ParentRunner.java:231)
	at org.junit.runners.ParentRunner$1.schedule(ParentRunner.java:60)
	at org.junit.runners.ParentRunner.runChildren(ParentRunner.java:229)
	at org.junit.runners.ParentRunner.access$000(ParentRunner.java:50)
	at org.junit.runners.ParentRunner$2.evaluate(ParentRunner.java:222)
	at org.junit.runners.ParentRunner.run(ParentRunner.java:300)
	at org.junit.runner.JUnitCore.run(JUnitCore.java:157)
	at org.junit.runner.JUnitCore.run(JUnitCore.java:136)
	at edu.illinois.cs.testrunner.execution.JUnitTestExecutor.execute(JUnitTestExecutor.java:259)
	at edu.illinois.cs.testrunner.execution.JUnitTestExecutor.executeWithJUnit4Runner(JUnitTestExecutor.java:327)
	at edu.illinois.cs.testrunner.execution.JUnitTestExecutor.runOrder(JUnitTestExecutor.java:49)
	at edu.illinois.cs.testrunner.execution.Executor$.$anonfun$run$1(Executor.scala:30)
	at scala.runtime.java8.JFunction0$mcV$sp.apply(JFunction0$mcV$sp.java:12)
	at scala.util.Try$.apply(Try.scala:209)
	at edu.illinois.cs.testrunner.execution.Executor$.run(Executor.scala:28)
	at edu.illinois.cs.testrunner.execution.Executor$.main(Executor.scala:18)
	at edu.illinois.cs.testrunner.execution.Executor.main(Executor.scala)



Before setUpBeforeClass



24/04/26 01:46:41 INFO wasp.WaspTestingUtility: Starting up minicluster with 1 master(s) and 3 fserver(s) 
Starting DataNode 0 with dfs.data.dir: /home/alex/Repositories/wasp/target/test-data/b6bedcec-b803-4c14-8eb7-437a03d3eb68/dfscluster_4c6eb850-ea7a-4430-8ed3-52cc425e9566/dfs/data/data1,/home/alex/Repositories/wasp/target/test-data/b6bedcec-b803-4c14-8eb7-437a03d3eb68/dfscluster_4c6eb850-ea7a-4430-8ed3-52cc425e9566/dfs/data/data2
24/04/26 01:46:41 ERROR datanode.DataNode: All directories in dfs.data.dir are invalid.
24/04/26 01:46:41 INFO wasp.WaspTestingUtility: Shutting down mini wasp cluster
24/04/26 01:46:41 INFO wasp.WaspTestingUtility: Minicluster is down
java.lang.NullPointerException
	at org.apache.hadoop.hdfs.MiniDFSCluster.startDataNodes(MiniDFSCluster.java:422)
	at org.apache.hadoop.hdfs.MiniDFSCluster.<init>(MiniDFSCluster.java:280)
	at org.apache.hadoop.hbase.HBaseTestingUtility.startMiniDFSCluster(HBaseTestingUtility.java:451)
	at org.apache.hadoop.hbase.HBaseTestingUtility.startMiniCluster(HBaseTestingUtility.java:619)
	at org.apache.hadoop.hbase.HBaseTestingUtility.startMiniCluster(HBaseTestingUtility.java:575)
	at com.alibaba.wasp.WaspTestingUtility.startMiniCluster(WaspTestingUtility.java:172)
	at com.alibaba.wasp.WaspTestingUtility.startMiniCluster(WaspTestingUtility.java:144)
	at com.alibaba.wasp.fserver.TestEntityGroupOnCluster.setUpBeforeClass(TestEntityGroupOnCluster.java:90)
	at sun.reflect.NativeMethodAccessorImpl.invoke0(Native Method)
	at sun.reflect.NativeMethodAccessorImpl.invoke(NativeMethodAccessorImpl.java:62)
	at sun.reflect.DelegatingMethodAccessorImpl.invoke(DelegatingMethodAccessorImpl.java:43)
	at java.lang.reflect.Method.invoke(Method.java:498)
	at org.junit.runners.model.FrameworkMethod$1.runReflectiveCall(FrameworkMethod.java:45)
	at org.junit.internal.runners.model.ReflectiveCallable.run(ReflectiveCallable.java:15)
	at org.junit.runners.model.FrameworkMethod.invokeExplosively(FrameworkMethod.java:42)
	at org.junit.internal.runners.statements.RunBefores.evaluate(RunBefores.java:27)
	at org.junit.internal.runners.statements.RunAfters.evaluate(RunAfters.java:30)
	at org.junit.runners.ParentRunner.run(ParentRunner.java:300)
	at org.junit.runners.Suite.runChild(Suite.java:128)
	at org.junit.runners.Suite.runChild(Suite.java:24)
	at org.junit.runners.ParentRunner$3.run(ParentRunner.java:231)
	at org.junit.runners.ParentRunner$1.schedule(ParentRunner.java:60)
	at org.junit.runners.ParentRunner.runChildren(ParentRunner.java:229)
	at org.junit.runners.ParentRunner.access$000(ParentRunner.java:50)
	at org.junit.runners.ParentRunner$2.evaluate(ParentRunner.java:222)
	at org.junit.runners.ParentRunner.run(ParentRunner.java:300)
	at org.junit.runner.JUnitCore.run(JUnitCore.java:157)
	at org.junit.runner.JUnitCore.run(JUnitCore.java:136)
	at edu.illinois.cs.testrunner.execution.JUnitTestExecutor.execute(JUnitTestExecutor.java:259)
	at edu.illinois.cs.testrunner.execution.JUnitTestExecutor.executeWithJUnit4Runner(JUnitTestExecutor.java:327)
	at edu.illinois.cs.testrunner.execution.JUnitTestExecutor.runOrder(JUnitTestExecutor.java:49)
	at edu.illinois.cs.testrunner.execution.Executor$.$anonfun$run$1(Executor.scala:30)
	at scala.runtime.java8.JFunction0$mcV$sp.apply(JFunction0$mcV$sp.java:12)
	at scala.util.Try$.apply(Try.scala:209)
	at edu.illinois.cs.testrunner.execution.Executor$.run(Executor.scala:28)
	at edu.illinois.cs.testrunner.execution.Executor$.main(Executor.scala:18)
	at edu.illinois.cs.testrunner.execution.Executor.main(Executor.scala)
24/04/26 01:46:41 INFO wasp.WaspTestingUtility: Starting up minicluster with 1 master(s) and 1 fserver(s) 
Starting DataNode 0 with dfs.data.dir: /home/alex/Repositories/wasp/target/test-data/16319812-5b93-4e8f-936a-ba995f417544/dfscluster_51c566d4-597e-4d16-b511-555f95956be8/dfs/data/data1,/home/alex/Repositories/wasp/target/test-data/16319812-5b93-4e8f-936a-ba995f417544/dfscluster_51c566d4-597e-4d16-b511-555f95956be8/dfs/data/data2
24/04/26 01:46:42 ERROR datanode.DataNode: All directories in dfs.data.dir are invalid.
24/04/26 01:46:42 INFO wasp.WaspTestingUtility: Shutting down mini wasp cluster
24/04/26 01:46:42 INFO wasp.WaspTestingUtility: Minicluster is down
java.lang.NullPointerException
	at org.apache.hadoop.hdfs.MiniDFSCluster.startDataNodes(MiniDFSCluster.java:422)
	at org.apache.hadoop.hdfs.MiniDFSCluster.<init>(MiniDFSCluster.java:280)
	at org.apache.hadoop.hbase.HBaseTestingUtility.startMiniDFSCluster(HBaseTestingUtility.java:451)
	at org.apache.hadoop.hbase.HBaseTestingUtility.startMiniCluster(HBaseTestingUtility.java:619)
	at org.apache.hadoop.hbase.HBaseTestingUtility.startMiniCluster(HBaseTestingUtility.java:575)
	at com.alibaba.wasp.WaspTestingUtility.startMiniCluster(WaspTestingUtility.java:172)
	at com.alibaba.wasp.WaspTestingUtility.startMiniCluster(WaspTestingUtility.java:144)
	at com.alibaba.wasp.fserver.TestSplitTransaction.before(TestSplitTransaction.java:67)
	at sun.reflect.NativeMethodAccessorImpl.invoke0(Native Method)
	at sun.reflect.NativeMethodAccessorImpl.invoke(NativeMethodAccessorImpl.java:62)
	at sun.reflect.DelegatingMethodAccessorImpl.invoke(DelegatingMethodAccessorImpl.java:43)
	at java.lang.reflect.Method.invoke(Method.java:498)
	at org.junit.runners.model.FrameworkMethod$1.runReflectiveCall(FrameworkMethod.java:45)
	at org.junit.internal.runners.model.ReflectiveCallable.run(ReflectiveCallable.java:15)
	at org.junit.runners.model.FrameworkMethod.invokeExplosively(FrameworkMethod.java:42)
	at org.junit.internal.runners.statements.RunBefores.evaluate(RunBefores.java:27)
	at org.junit.internal.runners.statements.RunAfters.evaluate(RunAfters.java:30)
	at org.junit.runners.ParentRunner.run(ParentRunner.java:300)
	at org.junit.runners.Suite.runChild(Suite.java:128)
	at org.junit.runners.Suite.runChild(Suite.java:24)
	at org.junit.runners.ParentRunner$3.run(ParentRunner.java:231)
	at org.junit.runners.ParentRunner$1.schedule(ParentRunner.java:60)
	at org.junit.runners.ParentRunner.runChildren(ParentRunner.java:229)
	at org.junit.runners.ParentRunner.access$000(ParentRunner.java:50)
	at org.junit.runners.ParentRunner$2.evaluate(ParentRunner.java:222)
	at org.junit.runners.ParentRunner.run(ParentRunner.java:300)
	at org.junit.runner.JUnitCore.run(JUnitCore.java:157)
	at org.junit.runner.JUnitCore.run(JUnitCore.java:136)
	at edu.illinois.cs.testrunner.execution.JUnitTestExecutor.execute(JUnitTestExecutor.java:259)
	at edu.illinois.cs.testrunner.execution.JUnitTestExecutor.executeWithJUnit4Runner(JUnitTestExecutor.java:327)
	at edu.illinois.cs.testrunner.execution.JUnitTestExecutor.runOrder(JUnitTestExecutor.java:49)
	at edu.illinois.cs.testrunner.execution.Executor$.$anonfun$run$1(Executor.scala:30)
	at scala.runtime.java8.JFunction0$mcV$sp.apply(JFunction0$mcV$sp.java:12)
	at scala.util.Try$.apply(Try.scala:209)
	at edu.illinois.cs.testrunner.execution.Executor$.run(Executor.scala:28)
	at edu.illinois.cs.testrunner.execution.Executor$.main(Executor.scala:18)
	at edu.illinois.cs.testrunner.execution.Executor.main(Executor.scala)
24/04/26 01:46:42 INFO wasp.WaspTestingUtility: Starting up minicluster with 1 master(s) and 5 fserver(s) 
Starting DataNode 0 with dfs.data.dir: /home/alex/Repositories/wasp/target/test-data/4d6b0440-4ba7-4805-86bf-e1adda791c11/dfscluster_61586b29-f01d-4f84-ae78-aa27d4e5f7b1/dfs/data/data1,/home/alex/Repositories/wasp/target/test-data/4d6b0440-4ba7-4805-86bf-e1adda791c11/dfscluster_61586b29-f01d-4f84-ae78-aa27d4e5f7b1/dfs/data/data2
24/04/26 01:46:42 ERROR datanode.DataNode: All directories in dfs.data.dir are invalid.
24/04/26 01:46:42 INFO wasp.WaspTestingUtility: Shutting down mini wasp cluster
24/04/26 01:46:42 INFO wasp.WaspTestingUtility: Minicluster is down
java.lang.NullPointerException
	at org.apache.hadoop.hdfs.MiniDFSCluster.startDataNodes(MiniDFSCluster.java:422)
	at org.apache.hadoop.hdfs.MiniDFSCluster.<init>(MiniDFSCluster.java:280)
	at org.apache.hadoop.hbase.HBaseTestingUtility.startMiniDFSCluster(HBaseTestingUtility.java:451)
	at org.apache.hadoop.hbase.HBaseTestingUtility.startMiniCluster(HBaseTestingUtility.java:619)
	at org.apache.hadoop.hbase.HBaseTestingUtility.startMiniCluster(HBaseTestingUtility.java:575)
	at com.alibaba.wasp.WaspTestingUtility.startMiniCluster(WaspTestingUtility.java:172)
	at com.alibaba.wasp.WaspTestingUtility.startMiniCluster(WaspTestingUtility.java:144)
	at com.alibaba.wasp.fserver.TestSplitTransactionOnCluster.before(TestSplitTransactionOnCluster.java:95)
	at sun.reflect.NativeMethodAccessorImpl.invoke0(Native Method)
	at sun.reflect.NativeMethodAccessorImpl.invoke(NativeMethodAccessorImpl.java:62)
	at sun.reflect.DelegatingMethodAccessorImpl.invoke(DelegatingMethodAccessorImpl.java:43)
	at java.lang.reflect.Method.invoke(Method.java:498)
	at org.junit.runners.model.FrameworkMethod$1.runReflectiveCall(FrameworkMethod.java:45)
	at org.junit.internal.runners.model.ReflectiveCallable.run(ReflectiveCallable.java:15)
	at org.junit.runners.model.FrameworkMethod.invokeExplosively(FrameworkMethod.java:42)
	at org.junit.internal.runners.statements.RunBefores.evaluate(RunBefores.java:27)
	at org.junit.internal.runners.statements.RunAfters.evaluate(RunAfters.java:30)
	at org.junit.runners.ParentRunner.run(ParentRunner.java:300)
	at org.junit.runners.Suite.runChild(Suite.java:128)
	at org.junit.runners.Suite.runChild(Suite.java:24)
	at org.junit.runners.ParentRunner$3.run(ParentRunner.java:231)
	at org.junit.runners.ParentRunner$1.schedule(ParentRunner.java:60)
	at org.junit.runners.ParentRunner.runChildren(ParentRunner.java:229)
	at org.junit.runners.ParentRunner.access$000(ParentRunner.java:50)
	at org.junit.runners.ParentRunner$2.evaluate(ParentRunner.java:222)
	at org.junit.runners.ParentRunner.run(ParentRunner.java:300)
	at org.junit.runner.JUnitCore.run(JUnitCore.java:157)
	at org.junit.runner.JUnitCore.run(JUnitCore.java:136)
	at edu.illinois.cs.testrunner.execution.JUnitTestExecutor.execute(JUnitTestExecutor.java:259)
	at edu.illinois.cs.testrunner.execution.JUnitTestExecutor.executeWithJUnit4Runner(JUnitTestExecutor.java:327)
	at edu.illinois.cs.testrunner.execution.JUnitTestExecutor.runOrder(JUnitTestExecutor.java:49)
	at edu.illinois.cs.testrunner.execution.Executor$.$anonfun$run$1(Executor.scala:30)
	at scala.runtime.java8.JFunction0$mcV$sp.apply(JFunction0$mcV$sp.java:12)
	at scala.util.Try$.apply(Try.scala:209)
	at edu.illinois.cs.testrunner.execution.Executor$.run(Executor.scala:28)
	at edu.illinois.cs.testrunner.execution.Executor$.main(Executor.scala:18)
	at edu.illinois.cs.testrunner.execution.Executor.main(Executor.scala)
24/04/26 01:46:42 INFO wasp.WaspTestingUtility: Starting up minicluster with 1 master(s) and 3 fserver(s) 
Starting DataNode 0 with dfs.data.dir: /home/alex/Repositories/wasp/target/test-data/5517370e-9b72-4377-b52f-8e862393466d/dfscluster_9be1923f-23b9-408a-a1c1-310d59f7dcef/dfs/data/data1,/home/alex/Repositories/wasp/target/test-data/5517370e-9b72-4377-b52f-8e862393466d/dfscluster_9be1923f-23b9-408a-a1c1-310d59f7dcef/dfs/data/data2
24/04/26 01:46:42 ERROR datanode.DataNode: All directories in dfs.data.dir are invalid.
24/04/26 01:46:42 INFO wasp.WaspTestingUtility: Shutting down mini wasp cluster
24/04/26 01:46:42 INFO wasp.WaspTestingUtility: Minicluster is down
java.lang.NullPointerException
	at org.apache.hadoop.hdfs.MiniDFSCluster.startDataNodes(MiniDFSCluster.java:422)
	at org.apache.hadoop.hdfs.MiniDFSCluster.<init>(MiniDFSCluster.java:280)
	at org.apache.hadoop.hbase.HBaseTestingUtility.startMiniDFSCluster(HBaseTestingUtility.java:451)
	at org.apache.hadoop.hbase.HBaseTestingUtility.startMiniCluster(HBaseTestingUtility.java:619)
	at org.apache.hadoop.hbase.HBaseTestingUtility.startMiniCluster(HBaseTestingUtility.java:575)
	at com.alibaba.wasp.WaspTestingUtility.startMiniCluster(WaspTestingUtility.java:172)
	at com.alibaba.wasp.WaspTestingUtility.startMiniCluster(WaspTestingUtility.java:144)
	at com.alibaba.wasp.fserver.TestTwoPhaseCommit.setUpBeforeClass(TestTwoPhaseCommit.java:73)
	at sun.reflect.NativeMethodAccessorImpl.invoke0(Native Method)
	at sun.reflect.NativeMethodAccessorImpl.invoke(NativeMethodAccessorImpl.java:62)
	at sun.reflect.DelegatingMethodAccessorImpl.invoke(DelegatingMethodAccessorImpl.java:43)
	at java.lang.reflect.Method.invoke(Method.java:498)
	at org.junit.runners.model.FrameworkMethod$1.runReflectiveCall(FrameworkMethod.java:45)
	at org.junit.internal.runners.model.ReflectiveCallable.run(ReflectiveCallable.java:15)
	at org.junit.runners.model.FrameworkMethod.invokeExplosively(FrameworkMethod.java:42)
	at org.junit.internal.runners.statements.RunBefores.evaluate(RunBefores.java:27)
	at org.junit.internal.runners.statements.RunAfters.evaluate(RunAfters.java:30)
	at org.junit.runners.ParentRunner.run(ParentRunner.java:300)
	at org.junit.runners.Suite.runChild(Suite.java:128)
	at org.junit.runners.Suite.runChild(Suite.java:24)
	at org.junit.runners.ParentRunner$3.run(ParentRunner.java:231)
	at org.junit.runners.ParentRunner$1.schedule(ParentRunner.java:60)
	at org.junit.runners.ParentRunner.runChildren(ParentRunner.java:229)
	at org.junit.runners.ParentRunner.access$000(ParentRunner.java:50)
	at org.junit.runners.ParentRunner$2.evaluate(ParentRunner.java:222)
	at org.junit.runners.ParentRunner.run(ParentRunner.java:300)
	at org.junit.runner.JUnitCore.run(JUnitCore.java:157)
	at org.junit.runner.JUnitCore.run(JUnitCore.java:136)
	at edu.illinois.cs.testrunner.execution.JUnitTestExecutor.execute(JUnitTestExecutor.java:259)
	at edu.illinois.cs.testrunner.execution.JUnitTestExecutor.executeWithJUnit4Runner(JUnitTestExecutor.java:327)
	at edu.illinois.cs.testrunner.execution.JUnitTestExecutor.runOrder(JUnitTestExecutor.java:49)
	at edu.illinois.cs.testrunner.execution.Executor$.$anonfun$run$1(Executor.scala:30)
	at scala.runtime.java8.JFunction0$mcV$sp.apply(JFunction0$mcV$sp.java:12)
	at scala.util.Try$.apply(Try.scala:209)
	at edu.illinois.cs.testrunner.execution.Executor$.run(Executor.scala:28)
	at edu.illinois.cs.testrunner.execution.Executor$.main(Executor.scala:18)
	at edu.illinois.cs.testrunner.execution.Executor.main(Executor.scala)
24/04/26 01:46:42 INFO server.NIOServerCnxnFactory: binding to port 0.0.0.0/0.0.0.0:54627
24/04/26 01:46:42 INFO persistence.FileTxnSnapLog: Snapshotting: 0x0 to /home/alex/Repositories/wasp/target/test-data/b606ab7d-2817-42a2-b68c-e1b8a01ab167/dfscluster_5a2c206a-52c7-43bd-8545-38f7e375af18/zookeeper_0/version-2/snapshot.0
24/04/26 01:46:42 INFO server.NIOServerCnxnFactory: Accepted socket connection from /127.0.0.1:56166
24/04/26 01:46:42 DEBUG zookeeper.ZKUtil: MockServer,123,-1 opening connection to ZooKeeper with ensemble (localhost:54627)
24/04/26 01:46:42 INFO zookeeper.RecoverableZooKeeper: The identifier of this process is 36941@Lenovo-Bot
24/04/26 01:46:42 INFO server.NIOServerCnxnFactory: Accepted socket connection from /127.0.0.1:56182
24/04/26 01:46:42 INFO persistence.FileTxnLog: Creating new log file: log.1
24/04/26 01:46:42 DEBUG zookeeper.ZooKeeperWatcher: MockServer,123,-1 Received ZooKeeper Event, type=None, state=SyncConnected, path=null
24/04/26 01:46:42 DEBUG zookeeper.ZooKeeperWatcher: MockServer,123,-1-0xff8f17de67ef0000 connected
24/04/26 01:46:42 DEBUG zookeeper.ZKAssign: MockServer,123,-1-0xff8f17de67ef0000 Creating unassigned node for 95e0d0a8a9c9f1e441c72828da27cf25 in OFFLINE state
24/04/26 01:46:42 DEBUG zookeeper.ZKAssign: MockServer,123,-1-0xff8f17de67ef0000 Attempting to transition node 95e0d0a8a9c9f1e441c72828da27cf25 from M_ZK_ENTITYGROUP_OFFLINE to FSERVER_ZK_ENTITYGROUP_OPENING
24/04/26 01:46:42 DEBUG zookeeper.ZKUtil: MockServer,123,-1-0xff8f17de67ef0000 Retrieved 118 byte(s) of data from znode /wasp/unassigned/95e0d0a8a9c9f1e441c72828da27cf25; data=entityGroup=TestCloseEntityGroupHandler,\x00\x00\x00\x00,1714092402686.95e0d0a8a9c9f1e441c72828da27cf25., state=M_ZK_ENTITYGROUP_OFFLINE, servername=MockServer,123,-1, createTime=1714092402731, payload.length=0
24/04/26 01:46:42 DEBUG zookeeper.ZooKeeperWatcher: MockServer,123,-1-0xff8f17de67ef0000 Received ZooKeeper Event, type=NodeDataChanged, state=SyncConnected, path=/wasp/unassigned/95e0d0a8a9c9f1e441c72828da27cf25
24/04/26 01:46:42 DEBUG zookeeper.ZKAssign: MockServer,123,-1-0xff8f17de67ef0000 Successfully transitioned node 95e0d0a8a9c9f1e441c72828da27cf25 from M_ZK_ENTITYGROUP_OFFLINE to FSERVER_ZK_ENTITYGROUP_OPENING
24/04/26 01:46:42 INFO fserver.EntityGroup: EntityGroup.openEntityGroup EntityGroup name ==TestCloseEntityGroupHandler,\x00\x00\x00\x00,1714092402686.95e0d0a8a9c9f1e441c72828da27cf25.
24/04/26 01:46:42 DEBUG fserver.EntityGroup: Opening EntityGroup: {NAME => 'TestCloseEntityGroupHandler,\x00\x00\x00\x00,1714092402686.95e0d0a8a9c9f1e441c72828da27cf25.', STARTKEY => '\x00\x00\x00\x00', ENDKEY => '\x00\x00\x00\x01', ENCODED => 95e0d0a8a9c9f1e441c72828da27cf25,}
24/04/26 01:46:42 DEBUG fserver.MetricsEntityGroupSourceImpl: Creating new MetricsEntityGroupSourceImpl for table TestCloseEntityGroupHandler 95e0d0a8a9c9f1e441c72828da27cf25
24/04/26 01:46:42 DEBUG fserver.EntityGroup: Instantiated TestCloseEntityGroupHandler,\x00\x00\x00\x00,1714092402686.95e0d0a8a9c9f1e441c72828da27cf25.
24/04/26 01:46:42 DEBUG zookeeper.ZKAssign: MockServer,123,-1-0xff8f17de67ef0000 Attempting to transition node 95e0d0a8a9c9f1e441c72828da27cf25 from FSERVER_ZK_ENTITYGROUP_OPENING to FSERVER_ZK_ENTITYGROUP_OPENING
24/04/26 01:46:42 ERROR server.NIOServerCnxnFactory: Thread Thread[Thread-124,5,main] died
java.lang.NullPointerException
	at com.alibaba.wasp.fserver.EntityGroup.run(EntityGroup.java:1264)
	at java.lang.Thread.run(Thread.java:750)
24/04/26 01:46:42 DEBUG zookeeper.ZKUtil: MockServer,123,-1-0xff8f17de67ef0000 Retrieved 118 byte(s) of data from znode /wasp/unassigned/95e0d0a8a9c9f1e441c72828da27cf25; data=entityGroup=TestCloseEntityGroupHandler,\x00\x00\x00\x00,1714092402686.95e0d0a8a9c9f1e441c72828da27cf25., state=FSERVER_ZK_ENTITYGROUP_OPENING, servername=MockServer,123,-1, createTime=1714092402741, payload.length=0
24/04/26 01:46:42 DEBUG zookeeper.ZKAssign: MockServer,123,-1-0xff8f17de67ef0000 Successfully transitioned node 95e0d0a8a9c9f1e441c72828da27cf25 from FSERVER_ZK_ENTITYGROUP_OPENING to FSERVER_ZK_ENTITYGROUP_OPENING
24/04/26 01:46:42 DEBUG zookeeper.ZKAssign: MockServer,123,-1-0xff8f17de67ef0000 Attempting to transition node 95e0d0a8a9c9f1e441c72828da27cf25 from FSERVER_ZK_ENTITYGROUP_OPENING to FSERVER_ZK_ENTITYGROUP_OPENED
24/04/26 01:46:42 DEBUG zookeeper.ZKUtil: MockServer,123,-1-0xff8f17de67ef0000 Retrieved 118 byte(s) of data from znode /wasp/unassigned/95e0d0a8a9c9f1e441c72828da27cf25; data=entityGroup=TestCloseEntityGroupHandler,\x00\x00\x00\x00,1714092402686.95e0d0a8a9c9f1e441c72828da27cf25., state=FSERVER_ZK_ENTITYGROUP_OPENING, servername=MockServer,123,-1, createTime=1714092402746, payload.length=0
24/04/26 01:46:42 DEBUG zookeeper.ZKAssign: MockServer,123,-1-0xff8f17de67ef0000 Successfully transitioned node 95e0d0a8a9c9f1e441c72828da27cf25 from FSERVER_ZK_ENTITYGROUP_OPENING to FSERVER_ZK_ENTITYGROUP_OPENED
24/04/26 01:46:42 DEBUG handler.OpenEntityGroupHandler: entityGroup transitioned to opened in zookeeper: {NAME => 'TestCloseEntityGroupHandler,\x00\x00\x00\x00,1714092402686.95e0d0a8a9c9f1e441c72828da27cf25.', STARTKEY => '\x00\x00\x00\x00', ENDKEY => '\x00\x00\x00\x01', ENCODED => 95e0d0a8a9c9f1e441c72828da27cf25,}, server: MockServer,123,-1
24/04/26 01:46:42 DEBUG handler.OpenEntityGroupHandler: Opened TestCloseEntityGroupHandler,\x00\x00\x00\x00,1714092402686.95e0d0a8a9c9f1e441c72828da27cf25. on server:MockServer,123,-1
24/04/26 01:46:42 DEBUG zookeeper.ZKUtil: MockServer,123,-1-0xff8f17de67ef0000 Retrieved 118 byte(s) of data from znode /wasp/unassigned/95e0d0a8a9c9f1e441c72828da27cf25 and set watcher; entityGroup=TestCloseEntityGroupHandler,\x00\x00\x00\x00,1714092402686.95e0d0a8a9c9f1e441c72828da27cf25., state=FSERVER_ZK_ENTITYGROUP_OPENED, servername=MockServer,123,-1, createTime=1714092402750, payload.length=0
24/04/26 01:46:42 DEBUG zookeeper.ZKAssign: MockServer,123,-1-0xff8f17de67ef0000 Deleting existing unassigned node for 95e0d0a8a9c9f1e441c72828da27cf25 that is in expected state FSERVER_ZK_ENTITYGROUP_OPENED
24/04/26 01:46:42 DEBUG zookeeper.ZKUtil: MockServer,123,-1-0xff8f17de67ef0000 Retrieved 118 byte(s) of data from znode /wasp/unassigned/95e0d0a8a9c9f1e441c72828da27cf25; data=entityGroup=TestCloseEntityGroupHandler,\x00\x00\x00\x00,1714092402686.95e0d0a8a9c9f1e441c72828da27cf25., state=FSERVER_ZK_ENTITYGROUP_OPENED, servername=MockServer,123,-1, createTime=1714092402750, payload.length=0
24/04/26 01:46:42 DEBUG zookeeper.ZooKeeperWatcher: MockServer,123,-1-0xff8f17de67ef0000 Received ZooKeeper Event, type=NodeDeleted, state=SyncConnected, path=/wasp/unassigned/95e0d0a8a9c9f1e441c72828da27cf25
24/04/26 01:46:42 DEBUG zookeeper.ZKAssign: MockServer,123,-1-0xff8f17de67ef0000 Successfully deleted unassigned node for entityGroup 95e0d0a8a9c9f1e441c72828da27cf25 in expected state FSERVER_ZK_ENTITYGROUP_OPENED
24/04/26 01:46:42 DEBUG zookeeper.ZKAssign: MockServer,123,-1-0xff8f17de67ef0000 Creating unassigned node for 95e0d0a8a9c9f1e441c72828da27cf25 in a CLOSING state
24/04/26 01:46:42 DEBUG handler.CloseEntityGroupHandler: Processing close of TestCloseEntityGroupHandler,\x00\x00\x00\x00,1714092402686.95e0d0a8a9c9f1e441c72828da27cf25.
24/04/26 01:46:42 DEBUG fserver.EntityGroup: Closing TestCloseEntityGroupHandler,\x00\x00\x00\x00,1714092402686.95e0d0a8a9c9f1e441c72828da27cf25.
24/04/26 01:46:42 DEBUG fserver.EntityGroup: Updates disabled for entityGroup TestCloseEntityGroupHandler,\x00\x00\x00\x00,1714092402686.95e0d0a8a9c9f1e441c72828da27cf25.
24/04/26 01:46:42 INFO fserver.EntityGroup: Running commit transaction of TestCloseEntityGroupHandler,\x00\x00\x00\x00,1714092402686.95e0d0a8a9c9f1e441c72828da27cf25. before close
24/04/26 01:46:42 INFO fserver.EntityGroup: Closed TestCloseEntityGroupHandler,\x00\x00\x00\x00,1714092402686.95e0d0a8a9c9f1e441c72828da27cf25.
24/04/26 01:46:42 DEBUG zookeeper.ZKAssign: MockServer,123,-1-0xff8f17de67ef0000 Attempting to transition node 95e0d0a8a9c9f1e441c72828da27cf25 from M_ZK_ENTITYGROUP_CLOSING to FSERVER_ZK_ENTITYGROUP_CLOSED
24/04/26 01:46:42 DEBUG zookeeper.ZKUtil: MockServer,123,-1-0xff8f17de67ef0000 Retrieved 120 byte(s) of data from znode /wasp/unassigned/95e0d0a8a9c9f1e441c72828da27cf25; data=entityGroup=TestCloseEntityGroupHandler,\x00\x00\x00\x00,1714092402686.95e0d0a8a9c9f1e441c72828da27cf25., state=M_ZK_ENTITYGROUP_CLOSING, servername=MockServer,123,-1, createTime=1714092402755, payload.length=0
24/04/26 01:46:42 DEBUG zookeeper.ZooKeeperWatcher: MockServer,123,-1-0xff8f17de67ef0000 Received ZooKeeper Event, type=NodeDataChanged, state=SyncConnected, path=/wasp/unassigned/95e0d0a8a9c9f1e441c72828da27cf25
24/04/26 01:46:42 DEBUG zookeeper.ZKAssign: MockServer,123,-1-0xff8f17de67ef0000 Successfully transitioned node 95e0d0a8a9c9f1e441c72828da27cf25 from M_ZK_ENTITYGROUP_CLOSING to FSERVER_ZK_ENTITYGROUP_CLOSED
24/04/26 01:46:42 DEBUG handler.CloseEntityGroupHandler: set entityGroup closed state in zk successfully for entityGroup TestCloseEntityGroupHandler,\x00\x00\x00\x00,1714092402686.95e0d0a8a9c9f1e441c72828da27cf25. sn name: MockServer,123,-1
24/04/26 01:46:42 DEBUG handler.CloseEntityGroupHandler: Closed entityGroup TestCloseEntityGroupHandler,\x00\x00\x00\x00,1714092402686.95e0d0a8a9c9f1e441c72828da27cf25.
24/04/26 01:46:42 DEBUG zookeeper.ZKUtil: MockServer,123,-1-0xff8f17de67ef0000 Retrieved 118 byte(s) of data from znode /wasp/unassigned/95e0d0a8a9c9f1e441c72828da27cf25 and set watcher; entityGroup=TestCloseEntityGroupHandler,\x00\x00\x00\x00,1714092402686.95e0d0a8a9c9f1e441c72828da27cf25., state=FSERVER_ZK_ENTITYGROUP_CLOSED, servername=MockServer,123,-1, createTime=1714092402761, payload.length=0
24/04/26 01:46:42 INFO fserver.EntityGroup: creating EntityGroup TestCloseEntityGroupHandler Table == CREATE TABLE TestCloseEntityGroupHandler { 
  REQUIRED INT32 column1 COLUMNFAMILY d;
  REQUIRED INT64 column2 COLUMNFAMILY d;
  REQUIRED STRING column3 COLUMNFAMILY d;
  OPTIONAL FLOAT column4 COLUMNFAMILY d;
  OPTIONAL DOUBLE column5 COLUMNFAMILY d;
  OPTIONAL DATETIME column6 COLUMNFAMILY d;
  REPEATED PROTOBUF column7 COLUMNFAMILY d;
  OPTIONAL STRING column8 COLUMNFAMILY d;
} 
PRIMARY KEY(column1),
ENTITY GROUP ROOT,
ENTITY GROUP KEY(column1);
 Table name == TestCloseEntityGroupHandler
24/04/26 01:46:42 DEBUG fserver.MetricsEntityGroupSourceImpl: Creating new MetricsEntityGroupSourceImpl for table TestCloseEntityGroupHandler 75abc74ee201056394a35503674b963d
24/04/26 01:46:42 DEBUG fserver.EntityGroup: Instantiated TestCloseEntityGroupHandler,,1714092402764.75abc74ee201056394a35503674b963d.
24/04/26 01:46:42 ERROR server.NIOServerCnxnFactory: Thread Thread[Thread-127,5,main] died
java.lang.NullPointerException
	at com.alibaba.wasp.fserver.EntityGroup.run(EntityGroup.java:1264)
	at java.lang.Thread.run(Thread.java:750)
24/04/26 01:46:42 DEBUG fserver.EntityGroup: Closing TestCloseEntityGroupHandler,,1714092402764.75abc74ee201056394a35503674b963d.
24/04/26 01:46:42 DEBUG fserver.EntityGroup: Updates disabled for entityGroup TestCloseEntityGroupHandler,,1714092402764.75abc74ee201056394a35503674b963d.
24/04/26 01:46:42 INFO fserver.EntityGroup: Running commit transaction of TestCloseEntityGroupHandler,,1714092402764.75abc74ee201056394a35503674b963d. before close
24/04/26 01:46:42 INFO fserver.EntityGroup: Closed TestCloseEntityGroupHandler,,1714092402764.75abc74ee201056394a35503674b963d.
24/04/26 01:46:42 DEBUG handler.CloseEntityGroupHandler: Processing close of TestCloseEntityGroupHandler,,1714092402764.75abc74ee201056394a35503674b963d.
24/04/26 01:46:42 FATAL util.MockServer: Abort why=Unrecoverable exception while closing entityGroup TestCloseEntityGroupHandler,,1714092402764.75abc74ee201056394a35503674b963d., still finishing close
java.lang.RuntimeException: Mocked failed close!
	at com.alibaba.wasp.fserver.handler.CloseEntityGroupHandler.process(CloseEntityGroupHandler.java:103)
	at com.alibaba.wasp.fserver.handler.TestCloseEntityGroupHandler.testFailedCommitAborts(TestCloseEntityGroupHandler.java:122)
	at sun.reflect.NativeMethodAccessorImpl.invoke0(Native Method)
	at sun.reflect.NativeMethodAccessorImpl.invoke(NativeMethodAccessorImpl.java:62)
	at sun.reflect.DelegatingMethodAccessorImpl.invoke(DelegatingMethodAccessorImpl.java:43)
	at java.lang.reflect.Method.invoke(Method.java:498)
	at org.junit.runners.model.FrameworkMethod$1.runReflectiveCall(FrameworkMethod.java:45)
	at org.junit.internal.runners.model.ReflectiveCallable.run(ReflectiveCallable.java:15)
	at org.junit.runners.model.FrameworkMethod.invokeExplosively(FrameworkMethod.java:42)
	at org.junit.internal.runners.statements.InvokeMethod.evaluate(InvokeMethod.java:20)
	at org.junit.internal.runners.statements.RunBefores.evaluate(RunBefores.java:28)
	at org.junit.runners.ParentRunner.runLeaf(ParentRunner.java:263)
	at org.junit.runners.BlockJUnit4ClassRunner.runChild(BlockJUnit4ClassRunner.java:68)
	at org.junit.runners.BlockJUnit4ClassRunner.runChild(BlockJUnit4ClassRunner.java:47)
	at org.junit.runners.ParentRunner$3.run(ParentRunner.java:231)
	at org.junit.runners.ParentRunner$1.schedule(ParentRunner.java:60)
	at org.junit.runners.ParentRunner.runChildren(ParentRunner.java:229)
	at org.junit.runners.ParentRunner.access$000(ParentRunner.java:50)
	at org.junit.runners.ParentRunner$2.evaluate(ParentRunner.java:222)
	at org.junit.internal.runners.statements.RunBefores.evaluate(RunBefores.java:28)
	at org.junit.internal.runners.statements.RunAfters.evaluate(RunAfters.java:30)
	at org.junit.runners.ParentRunner.run(ParentRunner.java:300)
	at org.junit.runners.Suite.runChild(Suite.java:128)
	at org.junit.runners.Suite.runChild(Suite.java:24)
	at org.junit.runners.ParentRunner$3.run(ParentRunner.java:231)
	at org.junit.runners.ParentRunner$1.schedule(ParentRunner.java:60)
	at org.junit.runners.ParentRunner.runChildren(ParentRunner.java:229)
	at org.junit.runners.ParentRunner.access$000(ParentRunner.java:50)
	at org.junit.runners.ParentRunner$2.evaluate(ParentRunner.java:222)
	at org.junit.runners.ParentRunner.run(ParentRunner.java:300)
	at org.junit.runner.JUnitCore.run(JUnitCore.java:157)
	at org.junit.runner.JUnitCore.run(JUnitCore.java:136)
	at edu.illinois.cs.testrunner.execution.JUnitTestExecutor.execute(JUnitTestExecutor.java:259)
	at edu.illinois.cs.testrunner.execution.JUnitTestExecutor.executeWithJUnit4Runner(JUnitTestExecutor.java:327)
	at edu.illinois.cs.testrunner.execution.JUnitTestExecutor.runOrder(JUnitTestExecutor.java:49)
	at edu.illinois.cs.testrunner.execution.Executor$.$anonfun$run$1(Executor.scala:30)
	at scala.runtime.java8.JFunction0$mcV$sp.apply(JFunction0$mcV$sp.java:12)
	at scala.util.Try$.apply(Try.scala:209)
	at edu.illinois.cs.testrunner.execution.Executor$.run(Executor.scala:28)
	at edu.illinois.cs.testrunner.execution.Executor$.main(Executor.scala:18)
	at edu.illinois.cs.testrunner.execution.Executor.main(Executor.scala)
24/04/26 01:46:42 DEBUG util.MockServer: Stop why=Unrecoverable exception while closing entityGroup TestCloseEntityGroupHandler,,1714092402764.75abc74ee201056394a35503674b963d., still finishing close
24/04/26 01:46:42 WARN fserver.EntityGroup: EntityGroup TestCloseEntityGroupHandler,,1714092402764.75abc74ee201056394a35503674b963d. already closed
24/04/26 01:46:42 DEBUG zookeeper.ZKUtil: MockServer,123,-1 opening connection to ZooKeeper with ensemble (localhost:54627)
24/04/26 01:46:42 INFO zookeeper.RecoverableZooKeeper: The identifier of this process is 36941@Lenovo-Bot
24/04/26 01:46:42 INFO server.NIOServerCnxnFactory: Accepted socket connection from /127.0.0.1:56188
24/04/26 01:46:42 DEBUG zookeeper.ZooKeeperWatcher: MockServer,123,-1 Received ZooKeeper Event, type=None, state=SyncConnected, path=null
24/04/26 01:46:42 DEBUG zookeeper.ZooKeeperWatcher: MockServer,123,-1-0xff8f17de67ef0001 connected
24/04/26 01:46:42 DEBUG zookeeper.ZKAssign: MockServer,123,-1-0xff8f17de67ef0001 Creating unassigned node for 37d291e31520b35b88f0d913c1659adf in OFFLINE state
24/04/26 01:46:42 DEBUG zookeeper.ZKAssign: MockServer,123,-1-0xff8f17de67ef0001 Attempting to transition node 37d291e31520b35b88f0d913c1659adf from M_ZK_ENTITYGROUP_OFFLINE to FSERVER_ZK_ENTITYGROUP_OPENING
24/04/26 01:46:42 DEBUG zookeeper.ZKUtil: MockServer,123,-1-0xff8f17de67ef0001 Retrieved 118 byte(s) of data from znode /wasp/unassigned/37d291e31520b35b88f0d913c1659adf; data=entityGroup=TestCloseEntityGroupHandler,\x00\x00\x00\x00,1714092402796.37d291e31520b35b88f0d913c1659adf., state=M_ZK_ENTITYGROUP_OFFLINE, servername=MockServer,123,-1, createTime=1714092402802, payload.length=0
24/04/26 01:46:42 DEBUG zookeeper.ZooKeeperWatcher: MockServer,123,-1-0xff8f17de67ef0001 Received ZooKeeper Event, type=NodeDataChanged, state=SyncConnected, path=/wasp/unassigned/37d291e31520b35b88f0d913c1659adf
24/04/26 01:46:42 DEBUG zookeeper.ZKAssign: MockServer,123,-1-0xff8f17de67ef0001 Successfully transitioned node 37d291e31520b35b88f0d913c1659adf from M_ZK_ENTITYGROUP_OFFLINE to FSERVER_ZK_ENTITYGROUP_OPENING
24/04/26 01:46:42 INFO fserver.EntityGroup: EntityGroup.openEntityGroup EntityGroup name ==TestCloseEntityGroupHandler,\x00\x00\x00\x00,1714092402796.37d291e31520b35b88f0d913c1659adf.
24/04/26 01:46:42 DEBUG fserver.EntityGroup: Opening EntityGroup: {NAME => 'TestCloseEntityGroupHandler,\x00\x00\x00\x00,1714092402796.37d291e31520b35b88f0d913c1659adf.', STARTKEY => '\x00\x00\x00\x00', ENDKEY => '\x00\x00\x00\x01', ENCODED => 37d291e31520b35b88f0d913c1659adf,}
24/04/26 01:46:42 DEBUG fserver.MetricsEntityGroupSourceImpl: Creating new MetricsEntityGroupSourceImpl for table TestCloseEntityGroupHandler 37d291e31520b35b88f0d913c1659adf
24/04/26 01:46:42 DEBUG fserver.EntityGroup: Instantiated TestCloseEntityGroupHandler,\x00\x00\x00\x00,1714092402796.37d291e31520b35b88f0d913c1659adf.
24/04/26 01:46:42 DEBUG zookeeper.ZKAssign: MockServer,123,-1-0xff8f17de67ef0001 Attempting to transition node 37d291e31520b35b88f0d913c1659adf from FSERVER_ZK_ENTITYGROUP_OPENING to FSERVER_ZK_ENTITYGROUP_OPENING
24/04/26 01:46:42 ERROR server.NIOServerCnxnFactory: Thread Thread[Thread-130,5,main] died
java.lang.NullPointerException
	at com.alibaba.wasp.fserver.EntityGroup.run(EntityGroup.java:1264)
	at java.lang.Thread.run(Thread.java:750)
24/04/26 01:46:42 DEBUG zookeeper.ZKUtil: MockServer,123,-1-0xff8f17de67ef0001 Retrieved 118 byte(s) of data from znode /wasp/unassigned/37d291e31520b35b88f0d913c1659adf; data=entityGroup=TestCloseEntityGroupHandler,\x00\x00\x00\x00,1714092402796.37d291e31520b35b88f0d913c1659adf., state=FSERVER_ZK_ENTITYGROUP_OPENING, servername=MockServer,123,-1, createTime=1714092402806, payload.length=0
24/04/26 01:46:42 DEBUG zookeeper.ZKAssign: MockServer,123,-1-0xff8f17de67ef0001 Successfully transitioned node 37d291e31520b35b88f0d913c1659adf from FSERVER_ZK_ENTITYGROUP_OPENING to FSERVER_ZK_ENTITYGROUP_OPENING
24/04/26 01:46:42 DEBUG zookeeper.ZKAssign: MockServer,123,-1-0xff8f17de67ef0001 Attempting to transition node 37d291e31520b35b88f0d913c1659adf from FSERVER_ZK_ENTITYGROUP_OPENING to FSERVER_ZK_ENTITYGROUP_OPENED
24/04/26 01:46:42 DEBUG zookeeper.ZKUtil: MockServer,123,-1-0xff8f17de67ef0001 Retrieved 118 byte(s) of data from znode /wasp/unassigned/37d291e31520b35b88f0d913c1659adf; data=entityGroup=TestCloseEntityGroupHandler,\x00\x00\x00\x00,1714092402796.37d291e31520b35b88f0d913c1659adf., state=FSERVER_ZK_ENTITYGROUP_OPENING, servername=MockServer,123,-1, createTime=1714092402809, payload.length=0
24/04/26 01:46:42 DEBUG zookeeper.ZKAssign: MockServer,123,-1-0xff8f17de67ef0001 Successfully transitioned node 37d291e31520b35b88f0d913c1659adf from FSERVER_ZK_ENTITYGROUP_OPENING to FSERVER_ZK_ENTITYGROUP_OPENED
24/04/26 01:46:42 DEBUG handler.OpenEntityGroupHandler: entityGroup transitioned to opened in zookeeper: {NAME => 'TestCloseEntityGroupHandler,\x00\x00\x00\x00,1714092402796.37d291e31520b35b88f0d913c1659adf.', STARTKEY => '\x00\x00\x00\x00', ENDKEY => '\x00\x00\x00\x01', ENCODED => 37d291e31520b35b88f0d913c1659adf,}, server: MockServer,123,-1
24/04/26 01:46:42 DEBUG handler.OpenEntityGroupHandler: Opened TestCloseEntityGroupHandler,\x00\x00\x00\x00,1714092402796.37d291e31520b35b88f0d913c1659adf. on server:MockServer,123,-1
24/04/26 01:46:42 DEBUG zookeeper.ZKUtil: MockServer,123,-1-0xff8f17de67ef0001 Retrieved 118 byte(s) of data from znode /wasp/unassigned/37d291e31520b35b88f0d913c1659adf and set watcher; entityGroup=TestCloseEntityGroupHandler,\x00\x00\x00\x00,1714092402796.37d291e31520b35b88f0d913c1659adf., state=FSERVER_ZK_ENTITYGROUP_OPENED, servername=MockServer,123,-1, createTime=1714092402812, payload.length=0
24/04/26 01:46:42 DEBUG zookeeper.ZKAssign: MockServer,123,-1-0xff8f17de67ef0001 Deleting existing unassigned node for 37d291e31520b35b88f0d913c1659adf that is in expected state FSERVER_ZK_ENTITYGROUP_OPENED
24/04/26 01:46:42 DEBUG zookeeper.ZKUtil: MockServer,123,-1-0xff8f17de67ef0001 Retrieved 118 byte(s) of data from znode /wasp/unassigned/37d291e31520b35b88f0d913c1659adf; data=entityGroup=TestCloseEntityGroupHandler,\x00\x00\x00\x00,1714092402796.37d291e31520b35b88f0d913c1659adf., state=FSERVER_ZK_ENTITYGROUP_OPENED, servername=MockServer,123,-1, createTime=1714092402812, payload.length=0
24/04/26 01:46:42 DEBUG zookeeper.ZooKeeperWatcher: MockServer,123,-1-0xff8f17de67ef0001 Received ZooKeeper Event, type=NodeDeleted, state=SyncConnected, path=/wasp/unassigned/37d291e31520b35b88f0d913c1659adf
24/04/26 01:46:42 DEBUG zookeeper.ZKAssign: MockServer,123,-1-0xff8f17de67ef0001 Successfully deleted unassigned node for entityGroup 37d291e31520b35b88f0d913c1659adf in expected state FSERVER_ZK_ENTITYGROUP_OPENED
24/04/26 01:46:42 DEBUG zookeeper.ZKAssign: MockServer,123,-1-0xff8f17de67ef0001 Creating unassigned node for 37d291e31520b35b88f0d913c1659adf in a CLOSING state
24/04/26 01:46:42 DEBUG handler.CloseEntityGroupHandler: Processing close of TestCloseEntityGroupHandler,\x00\x00\x00\x00,1714092402796.37d291e31520b35b88f0d913c1659adf.
24/04/26 01:46:42 DEBUG fserver.EntityGroup: Closing TestCloseEntityGroupHandler,\x00\x00\x00\x00,1714092402796.37d291e31520b35b88f0d913c1659adf.
24/04/26 01:46:42 DEBUG fserver.EntityGroup: Updates disabled for entityGroup TestCloseEntityGroupHandler,\x00\x00\x00\x00,1714092402796.37d291e31520b35b88f0d913c1659adf.
24/04/26 01:46:42 INFO fserver.EntityGroup: Running commit transaction of TestCloseEntityGroupHandler,\x00\x00\x00\x00,1714092402796.37d291e31520b35b88f0d913c1659adf. before close
24/04/26 01:46:42 INFO fserver.EntityGroup: Closed TestCloseEntityGroupHandler,\x00\x00\x00\x00,1714092402796.37d291e31520b35b88f0d913c1659adf.
24/04/26 01:46:42 DEBUG zookeeper.ZKAssign: MockServer,123,-1-0xff8f17de67ef0001 Attempting to transition node 37d291e31520b35b88f0d913c1659adf from M_ZK_ENTITYGROUP_CLOSING to FSERVER_ZK_ENTITYGROUP_CLOSED
24/04/26 01:46:42 DEBUG zookeeper.ZKUtil: MockServer,123,-1-0xff8f17de67ef0001 Retrieved 120 byte(s) of data from znode /wasp/unassigned/37d291e31520b35b88f0d913c1659adf; data=entityGroup=TestCloseEntityGroupHandler,\x00\x00\x00\x00,1714092402796.37d291e31520b35b88f0d913c1659adf., state=M_ZK_ENTITYGROUP_CLOSING, servername=MockServer,123,-1, createTime=1714092402816, payload.length=0
24/04/26 01:46:42 WARN zookeeper.ZKAssign: MockServer,123,-1-0xff8f17de67ef0001 Attempt to transition the unassigned node for 37d291e31520b35b88f0d913c1659adf from M_ZK_ENTITYGROUP_CLOSING to FSERVER_ZK_ENTITYGROUP_CLOSED failed, the node existed but was version 0 not the expected version 1
24/04/26 01:46:42 WARN handler.CloseEntityGroupHandler: Completed the CLOSE of a entityGroup but when transitioning from  CLOSING to CLOSED got a version mismatch, someone else clashed so now unassigning
24/04/26 01:46:42 WARN fserver.EntityGroup: EntityGroup TestCloseEntityGroupHandler,\x00\x00\x00\x00,1714092402796.37d291e31520b35b88f0d913c1659adf. already closed
24/04/26 01:46:42 DEBUG handler.CloseEntityGroupHandler: set entityGroup closed state in zk unsuccessfully for entityGroup TestCloseEntityGroupHandler,\x00\x00\x00\x00,1714092402796.37d291e31520b35b88f0d913c1659adf. sn name: MockServer,123,-1
24/04/26 01:46:42 DEBUG handler.CloseEntityGroupHandler: Closed entityGroup TestCloseEntityGroupHandler,\x00\x00\x00\x00,1714092402796.37d291e31520b35b88f0d913c1659adf.
24/04/26 01:46:42 DEBUG zookeeper.ZKUtil: MockServer,123,-1-0xff8f17de67ef0001 Retrieved 120 byte(s) of data from znode /wasp/unassigned/37d291e31520b35b88f0d913c1659adf and set watcher; entityGroup=TestCloseEntityGroupHandler,\x00\x00\x00\x00,1714092402796.37d291e31520b35b88f0d913c1659adf., state=M_ZK_ENTITYGROUP_CLOSING, servername=MockServer,123,-1, createTime=1714092402816, payload.length=0
24/04/26 01:46:42 INFO server.NIOServerCnxnFactory: NIOServerCnxn factory exited run method
24/04/26 01:46:42 INFO server.SessionTrackerImpl: Shutting down
24/04/26 01:46:42 INFO server.SyncRequestProcessor: Shutting down
24/04/26 01:46:42 INFO server.SyncRequestProcessor: SyncRequestProcessor exited!
24/04/26 01:46:42 INFO server.FinalRequestProcessor: shutdown of request processor complete
24/04/26 01:46:42 INFO server.NIOServerCnxnFactory: binding to port 0.0.0.0/0.0.0.0:52536
24/04/26 01:46:42 INFO persistence.FileTxnSnapLog: Snapshotting: 0x0 to /home/alex/Repositories/wasp/target/test-data/20f81ffe-9068-491b-9c3b-e99b93c2cf34/dfscluster_03f91b5d-1904-4842-bd1b-c3af2e5a92a1/zookeeper_0/version-2/snapshot.0
24/04/26 01:46:42 INFO server.NIOServerCnxnFactory: Accepted socket connection from /127.0.0.1:57370
24/04/26 01:46:42 DEBUG zookeeper.ZKUtil: MockServer,123,-1 opening connection to ZooKeeper with ensemble (localhost:52536)
24/04/26 01:46:42 INFO zookeeper.RecoverableZooKeeper: The identifier of this process is 36941@Lenovo-Bot
24/04/26 01:46:42 INFO server.NIOServerCnxnFactory: Accepted socket connection from /127.0.0.1:57378
24/04/26 01:46:42 INFO persistence.FileTxnLog: Creating new log file: log.1
24/04/26 01:46:42 DEBUG zookeeper.ZooKeeperWatcher: MockServer,123,-1 Received ZooKeeper Event, type=None, state=SyncConnected, path=null
24/04/26 01:46:42 DEBUG zookeeper.ZooKeeperWatcher: MockServer,123,-1-0xff8f17de688d0000 connected
24/04/26 01:46:42 DEBUG zookeeper.ZKAssign: MockServer,123,-1-0xff8f17de688d0000 Creating unassigned node for 6eedf0fa8f11b287bb2c6fe2c4b2372b in OFFLINE state
24/04/26 01:46:42 DEBUG zookeeper.ZKAssign: MockServer,123,-1-0xff8f17de688d0000 Attempting to transition node 6eedf0fa8f11b287bb2c6fe2c4b2372b from M_ZK_ENTITYGROUP_OFFLINE to FSERVER_ZK_ENTITYGROUP_OPENING
24/04/26 01:46:42 DEBUG zookeeper.ZKUtil: MockServer,123,-1-0xff8f17de688d0000 Retrieved 117 byte(s) of data from znode /wasp/unassigned/6eedf0fa8f11b287bb2c6fe2c4b2372b; data=entityGroup=TestOpenEntityGroupHandler,\x00\x00\x00\x00,1714092402832.6eedf0fa8f11b287bb2c6fe2c4b2372b., state=M_ZK_ENTITYGROUP_OFFLINE, servername=MockServer,123,-1, createTime=1714092402849, payload.length=0
24/04/26 01:46:42 DEBUG zookeeper.ZooKeeperWatcher: MockServer,123,-1-0xff8f17de688d0000 Received ZooKeeper Event, type=NodeDataChanged, state=SyncConnected, path=/wasp/unassigned/6eedf0fa8f11b287bb2c6fe2c4b2372b
24/04/26 01:46:42 DEBUG zookeeper.ZKAssign: MockServer,123,-1-0xff8f17de688d0000 Successfully transitioned node 6eedf0fa8f11b287bb2c6fe2c4b2372b from M_ZK_ENTITYGROUP_OFFLINE to FSERVER_ZK_ENTITYGROUP_OPENING
24/04/26 01:46:42 INFO handler.OpenEntityGroupHandler: Opening of entityGroup {NAME => 'TestOpenEntityGroupHandler,\x00\x00\x00\x00,1714092402832.6eedf0fa8f11b287bb2c6fe2c4b2372b.', STARTKEY => '\x00\x00\x00\x00', ENDKEY => '\x00\x00\x00\x01', ENCODED => 6eedf0fa8f11b287bb2c6fe2c4b2372b,} failed, marking as FAILED_OPEN in ZK
24/04/26 01:46:42 DEBUG zookeeper.ZKAssign: MockServer,123,-1-0xff8f17de688d0000 Attempting to transition node 6eedf0fa8f11b287bb2c6fe2c4b2372b from FSERVER_ZK_ENTITYGROUP_OPENING to FSERVER_ZK_ENTITYGROUP_FAILED_OPEN
24/04/26 01:46:42 DEBUG zookeeper.ZKUtil: MockServer,123,-1-0xff8f17de688d0000 Retrieved 117 byte(s) of data from znode /wasp/unassigned/6eedf0fa8f11b287bb2c6fe2c4b2372b; data=entityGroup=TestOpenEntityGroupHandler,\x00\x00\x00\x00,1714092402832.6eedf0fa8f11b287bb2c6fe2c4b2372b., state=FSERVER_ZK_ENTITYGROUP_OPENING, servername=MockServer,123,-1, createTime=1714092402852, payload.length=0
24/04/26 01:46:42 DEBUG zookeeper.ZKAssign: MockServer,123,-1-0xff8f17de688d0000 Successfully transitioned node 6eedf0fa8f11b287bb2c6fe2c4b2372b from FSERVER_ZK_ENTITYGROUP_OPENING to FSERVER_ZK_ENTITYGROUP_FAILED_OPEN
24/04/26 01:46:42 DEBUG zookeeper.ZKUtil: MockServer,123,-1-0xff8f17de688d0000 Retrieved 117 byte(s) of data from znode /wasp/unassigned/6eedf0fa8f11b287bb2c6fe2c4b2372b and set watcher; entityGroup=TestOpenEntityGroupHandler,\x00\x00\x00\x00,1714092402832.6eedf0fa8f11b287bb2c6fe2c4b2372b., state=FSERVER_ZK_ENTITYGROUP_FAILED_OPEN, servername=MockServer,123,-1, createTime=1714092402855, payload.length=0
24/04/26 01:46:42 DEBUG zookeeper.ZKUtil: MockServer,123,-1 opening connection to ZooKeeper with ensemble (localhost:52536)
24/04/26 01:46:42 INFO zookeeper.RecoverableZooKeeper: The identifier of this process is 36941@Lenovo-Bot
24/04/26 01:46:42 INFO server.NIOServerCnxnFactory: Accepted socket connection from /127.0.0.1:57392
24/04/26 01:46:42 DEBUG zookeeper.ZooKeeperWatcher: MockServer,123,-1 Received ZooKeeper Event, type=None, state=SyncConnected, path=null
24/04/26 01:46:42 DEBUG zookeeper.ZooKeeperWatcher: MockServer,123,-1-0xff8f17de688d0001 connected
24/04/26 01:46:42 DEBUG zookeeper.ZKAssign: MockServer,123,-1-0xff8f17de688d0001 Creating unassigned node for 959f054854a54ac8d4929c8ce54c2e7a in OFFLINE state
24/04/26 01:46:42 DEBUG zookeeper.ZKAssign: MockServer,123,-1-0xff8f17de688d0001 Attempting to transition node 959f054854a54ac8d4929c8ce54c2e7a from M_ZK_ENTITYGROUP_OFFLINE to FSERVER_ZK_ENTITYGROUP_OPENING
24/04/26 01:46:42 DEBUG zookeeper.ZKUtil: MockServer,123,-1-0xff8f17de688d0001 Retrieved 117 byte(s) of data from znode /wasp/unassigned/959f054854a54ac8d4929c8ce54c2e7a; data=entityGroup=TestOpenEntityGroupHandler,\x00\x00\x00\x00,1714092402857.959f054854a54ac8d4929c8ce54c2e7a., state=M_ZK_ENTITYGROUP_OFFLINE, servername=MockServer,123,-1, createTime=1714092402862, payload.length=0
24/04/26 01:46:42 DEBUG zookeeper.ZooKeeperWatcher: MockServer,123,-1-0xff8f17de688d0001 Received ZooKeeper Event, type=NodeDataChanged, state=SyncConnected, path=/wasp/unassigned/959f054854a54ac8d4929c8ce54c2e7a
24/04/26 01:46:42 DEBUG zookeeper.ZKAssign: MockServer,123,-1-0xff8f17de688d0001 Successfully transitioned node 959f054854a54ac8d4929c8ce54c2e7a from M_ZK_ENTITYGROUP_OFFLINE to FSERVER_ZK_ENTITYGROUP_OPENING
24/04/26 01:46:42 INFO fserver.EntityGroup: EntityGroup.openEntityGroup EntityGroup name ==TestOpenEntityGroupHandler,\x00\x00\x00\x00,1714092402857.959f054854a54ac8d4929c8ce54c2e7a.
24/04/26 01:46:42 DEBUG fserver.EntityGroup: Opening EntityGroup: {NAME => 'TestOpenEntityGroupHandler,\x00\x00\x00\x00,1714092402857.959f054854a54ac8d4929c8ce54c2e7a.', STARTKEY => '\x00\x00\x00\x00', ENDKEY => '\x00\x00\x00\x01', ENCODED => 959f054854a54ac8d4929c8ce54c2e7a,}
24/04/26 01:46:42 DEBUG fserver.MetricsEntityGroupSourceImpl: Creating new MetricsEntityGroupSourceImpl for table TestOpenEntityGroupHandler 959f054854a54ac8d4929c8ce54c2e7a
24/04/26 01:46:42 DEBUG fserver.EntityGroup: Instantiated TestOpenEntityGroupHandler,\x00\x00\x00\x00,1714092402857.959f054854a54ac8d4929c8ce54c2e7a.
24/04/26 01:46:42 DEBUG zookeeper.ZKAssign: MockServer,123,-1-0xff8f17de688d0001 Attempting to transition node 959f054854a54ac8d4929c8ce54c2e7a from FSERVER_ZK_ENTITYGROUP_OPENING to FSERVER_ZK_ENTITYGROUP_OPENING
24/04/26 01:46:42 ERROR server.NIOServerCnxnFactory: Thread Thread[Thread-134,5,main] died
java.lang.NullPointerException
	at com.alibaba.wasp.fserver.EntityGroup.run(EntityGroup.java:1264)
	at java.lang.Thread.run(Thread.java:750)
24/04/26 01:46:42 DEBUG zookeeper.ZKUtil: MockServer,123,-1-0xff8f17de688d0001 Retrieved 117 byte(s) of data from znode /wasp/unassigned/959f054854a54ac8d4929c8ce54c2e7a; data=entityGroup=TestOpenEntityGroupHandler,\x00\x00\x00\x00,1714092402857.959f054854a54ac8d4929c8ce54c2e7a., state=FSERVER_ZK_ENTITYGROUP_OPENING, servername=MockServer,123,-1, createTime=1714092402865, payload.length=0
24/04/26 01:46:42 DEBUG zookeeper.ZKAssign: MockServer,123,-1-0xff8f17de688d0001 Successfully transitioned node 959f054854a54ac8d4929c8ce54c2e7a from FSERVER_ZK_ENTITYGROUP_OPENING to FSERVER_ZK_ENTITYGROUP_OPENING
24/04/26 01:46:42 DEBUG fserver.EntityGroup: Closing TestOpenEntityGroupHandler,\x00\x00\x00\x00,1714092402857.959f054854a54ac8d4929c8ce54c2e7a.
24/04/26 01:46:42 DEBUG fserver.EntityGroup: Updates disabled for entityGroup TestOpenEntityGroupHandler,\x00\x00\x00\x00,1714092402857.959f054854a54ac8d4929c8ce54c2e7a.
24/04/26 01:46:42 INFO fserver.EntityGroup: Running commit transaction of TestOpenEntityGroupHandler,\x00\x00\x00\x00,1714092402857.959f054854a54ac8d4929c8ce54c2e7a. before close
24/04/26 01:46:42 INFO fserver.EntityGroup: Closed TestOpenEntityGroupHandler,\x00\x00\x00\x00,1714092402857.959f054854a54ac8d4929c8ce54c2e7a.
24/04/26 01:46:42 INFO handler.OpenEntityGroupHandler: Opening of entityGroup {NAME => 'TestOpenEntityGroupHandler,\x00\x00\x00\x00,1714092402857.959f054854a54ac8d4929c8ce54c2e7a.', STARTKEY => '\x00\x00\x00\x00', ENDKEY => '\x00\x00\x00\x01', ENCODED => 959f054854a54ac8d4929c8ce54c2e7a,} failed, marking as FAILED_OPEN in ZK
24/04/26 01:46:42 DEBUG zookeeper.ZKAssign: MockServer,123,-1-0xff8f17de688d0001 Attempting to transition node 959f054854a54ac8d4929c8ce54c2e7a from FSERVER_ZK_ENTITYGROUP_OPENING to FSERVER_ZK_ENTITYGROUP_FAILED_OPEN
24/04/26 01:46:42 DEBUG zookeeper.ZKUtil: MockServer,123,-1-0xff8f17de688d0001 Retrieved 117 byte(s) of data from znode /wasp/unassigned/959f054854a54ac8d4929c8ce54c2e7a; data=entityGroup=TestOpenEntityGroupHandler,\x00\x00\x00\x00,1714092402857.959f054854a54ac8d4929c8ce54c2e7a., state=FSERVER_ZK_ENTITYGROUP_OPENING, servername=MockServer,123,-1, createTime=1714092402867, payload.length=0
24/04/26 01:46:42 DEBUG zookeeper.ZKAssign: MockServer,123,-1-0xff8f17de688d0001 Successfully transitioned node 959f054854a54ac8d4929c8ce54c2e7a from FSERVER_ZK_ENTITYGROUP_OPENING to FSERVER_ZK_ENTITYGROUP_FAILED_OPEN
24/04/26 01:46:42 DEBUG zookeeper.ZKUtil: MockServer,123,-1-0xff8f17de688d0001 Retrieved 117 byte(s) of data from znode /wasp/unassigned/959f054854a54ac8d4929c8ce54c2e7a and set watcher; entityGroup=TestOpenEntityGroupHandler,\x00\x00\x00\x00,1714092402857.959f054854a54ac8d4929c8ce54c2e7a., state=FSERVER_ZK_ENTITYGROUP_FAILED_OPEN, servername=MockServer,123,-1, createTime=1714092402869, payload.length=0
24/04/26 01:46:42 DEBUG zookeeper.ZKUtil: MockServer,123,-1 opening connection to ZooKeeper with ensemble (localhost:52536)
24/04/26 01:46:42 INFO zookeeper.RecoverableZooKeeper: The identifier of this process is 36941@Lenovo-Bot
24/04/26 01:46:42 INFO server.NIOServerCnxnFactory: Accepted socket connection from /127.0.0.1:57406
24/04/26 01:46:42 DEBUG zookeeper.ZooKeeperWatcher: MockServer,123,-1 Received ZooKeeper Event, type=None, state=SyncConnected, path=null
24/04/26 01:46:42 DEBUG zookeeper.ZooKeeperWatcher: MockServer,123,-1-0xff8f17de688d0002 connected
24/04/26 01:46:42 INFO fserver.EntityGroup: creating EntityGroup TestOpenEntityGroupHandler Table == CREATE TABLE TestOpenEntityGroupHandler { 
  REQUIRED INT32 column1 COLUMNFAMILY d;
  REQUIRED INT64 column2 COLUMNFAMILY d;
  REQUIRED STRING column3 COLUMNFAMILY d;
  OPTIONAL FLOAT column4 COLUMNFAMILY d;
  OPTIONAL DOUBLE column5 COLUMNFAMILY d;
  OPTIONAL DATETIME column6 COLUMNFAMILY d;
  REPEATED PROTOBUF column7 COLUMNFAMILY d;
  OPTIONAL STRING column8 COLUMNFAMILY d;
} 
PRIMARY KEY(column1),
ENTITY GROUP ROOT,
ENTITY GROUP KEY(column1);
 Table name == TestOpenEntityGroupHandler
24/04/26 01:46:42 DEBUG fserver.MetricsEntityGroupSourceImpl: Creating new MetricsEntityGroupSourceImpl for table TestOpenEntityGroupHandler 7c7d8884647a26d4d82db49c99be4707
24/04/26 01:46:42 DEBUG fserver.EntityGroup: Instantiated TestOpenEntityGroupHandler,\x00\x00\x00\x00,1714092402871.7c7d8884647a26d4d82db49c99be4707.
24/04/26 01:46:42 DEBUG zookeeper.ZKAssign: MockServer,123,-1-0xff8f17de688d0002 Attempting to transition node 7c7d8884647a26d4d82db49c99be4707 from M_ZK_ENTITYGROUP_OFFLINE to FSERVER_ZK_ENTITYGROUP_OPENING
24/04/26 01:46:42 ERROR server.NIOServerCnxnFactory: Thread Thread[Thread-137,5,main] died
java.lang.NullPointerException
	at com.alibaba.wasp.fserver.EntityGroup.run(EntityGroup.java:1264)
	at java.lang.Thread.run(Thread.java:750)
24/04/26 01:46:42 DEBUG zookeeper.ZKUtil: MockServer,123,-1-0xff8f17de688d0002 Unable to get data of znode /wasp/unassigned/7c7d8884647a26d4d82db49c99be4707 because node does not exist (not necessarily an error)
24/04/26 01:46:42 WARN handler.OpenEntityGroupHandler: Failed transition from OFFLINE to OPENING for entityGroup=7c7d8884647a26d4d82db49c99be4707
24/04/26 01:46:42 WARN handler.OpenEntityGroupHandler: EntityGroup was hijacked? It no longer exists, encodedName=7c7d8884647a26d4d82db49c99be4707
24/04/26 01:46:42 DEBUG zookeeper.ZKAssign: MockServer,123,-1-0xff8f17de688d0002 Creating unassigned node for 7c7d8884647a26d4d82db49c99be4707 in OFFLINE state
24/04/26 01:46:42 DEBUG zookeeper.ZKAssign: MockServer,123,-1-0xff8f17de688d0002 Attempting to transition node 7c7d8884647a26d4d82db49c99be4707 from M_ZK_ENTITYGROUP_OFFLINE to FSERVER_ZK_ENTITYGROUP_OPENING
24/04/26 01:46:42 DEBUG zookeeper.ZKUtil: MockServer,123,-1-0xff8f17de688d0002 Retrieved 117 byte(s) of data from znode /wasp/unassigned/7c7d8884647a26d4d82db49c99be4707; data=entityGroup=TestOpenEntityGroupHandler,\x00\x00\x00\x00,1714092402871.7c7d8884647a26d4d82db49c99be4707., state=M_ZK_ENTITYGROUP_OFFLINE, servername=MockServer,123,-1, createTime=1714092402879, payload.length=0
24/04/26 01:46:42 DEBUG zookeeper.ZooKeeperWatcher: MockServer,123,-1-0xff8f17de688d0002 Received ZooKeeper Event, type=NodeDataChanged, state=SyncConnected, path=/wasp/unassigned/7c7d8884647a26d4d82db49c99be4707
24/04/26 01:46:42 DEBUG zookeeper.ZKAssign: MockServer,123,-1-0xff8f17de688d0002 Successfully transitioned node 7c7d8884647a26d4d82db49c99be4707 from M_ZK_ENTITYGROUP_OFFLINE to FSERVER_ZK_ENTITYGROUP_OPENING
24/04/26 01:46:42 INFO fserver.EntityGroup: EntityGroup.openEntityGroup EntityGroup name ==TestOpenEntityGroupHandler,\x00\x00\x00\x00,1714092402871.7c7d8884647a26d4d82db49c99be4707.
24/04/26 01:46:42 DEBUG fserver.EntityGroup: Opening EntityGroup: {NAME => 'TestOpenEntityGroupHandler,\x00\x00\x00\x00,1714092402871.7c7d8884647a26d4d82db49c99be4707.', STARTKEY => '\x00\x00\x00\x00', ENDKEY => '\x00\x00\x00\x01', ENCODED => 7c7d8884647a26d4d82db49c99be4707,}
24/04/26 01:46:42 DEBUG fserver.MetricsEntityGroupSourceImpl: Creating new MetricsEntityGroupSourceImpl for table TestOpenEntityGroupHandler 7c7d8884647a26d4d82db49c99be4707
24/04/26 01:46:42 DEBUG fserver.EntityGroup: Instantiated TestOpenEntityGroupHandler,\x00\x00\x00\x00,1714092402871.7c7d8884647a26d4d82db49c99be4707.
24/04/26 01:46:42 ERROR server.NIOServerCnxnFactory: Thread Thread[Thread-140,5,main] died
java.lang.NullPointerException
	at com.alibaba.wasp.fserver.EntityGroup.run(EntityGroup.java:1264)
	at java.lang.Thread.run(Thread.java:750)
24/04/26 01:46:42 DEBUG zookeeper.ZKAssign: MockServer,123,-1-0xff8f17de688d0002 Attempting to transition node 7c7d8884647a26d4d82db49c99be4707 from FSERVER_ZK_ENTITYGROUP_OPENING to FSERVER_ZK_ENTITYGROUP_OPENING
24/04/26 01:46:42 DEBUG zookeeper.ZKUtil: MockServer,123,-1-0xff8f17de688d0002 Unable to get data of znode /wasp/unassigned/7c7d8884647a26d4d82db49c99be4707 because node does not exist (not necessarily an error)
24/04/26 01:46:42 WARN handler.OpenEntityGroupHandler: Failed refreshing OPENING; entityGroup=7c7d8884647a26d4d82db49c99be4707, context=post_entitygroup_open
24/04/26 01:46:42 DEBUG fserver.EntityGroup: Closing TestOpenEntityGroupHandler,\x00\x00\x00\x00,1714092402871.7c7d8884647a26d4d82db49c99be4707.
24/04/26 01:46:42 DEBUG fserver.EntityGroup: Updates disabled for entityGroup TestOpenEntityGroupHandler,\x00\x00\x00\x00,1714092402871.7c7d8884647a26d4d82db49c99be4707.
24/04/26 01:46:42 INFO fserver.EntityGroup: Running commit transaction of TestOpenEntityGroupHandler,\x00\x00\x00\x00,1714092402871.7c7d8884647a26d4d82db49c99be4707. before close
24/04/26 01:46:42 INFO fserver.EntityGroup: Closed TestOpenEntityGroupHandler,\x00\x00\x00\x00,1714092402871.7c7d8884647a26d4d82db49c99be4707.
24/04/26 01:46:42 INFO handler.OpenEntityGroupHandler: Opening of entityGroup {NAME => 'TestOpenEntityGroupHandler,\x00\x00\x00\x00,1714092402871.7c7d8884647a26d4d82db49c99be4707.', STARTKEY => '\x00\x00\x00\x00', ENDKEY => '\x00\x00\x00\x01', ENCODED => 7c7d8884647a26d4d82db49c99be4707,} failed, marking as FAILED_OPEN in ZK
24/04/26 01:46:42 DEBUG zookeeper.ZKAssign: MockServer,123,-1-0xff8f17de688d0002 Attempting to transition node 7c7d8884647a26d4d82db49c99be4707 from FSERVER_ZK_ENTITYGROUP_OPENING to FSERVER_ZK_ENTITYGROUP_FAILED_OPEN
24/04/26 01:46:42 DEBUG zookeeper.ZKUtil: MockServer,123,-1-0xff8f17de688d0002 Unable to get data of znode /wasp/unassigned/7c7d8884647a26d4d82db49c99be4707 because node does not exist (not necessarily an error)
24/04/26 01:46:42 WARN handler.OpenEntityGroupHandler: Unable to mark entityGroup {NAME => 'TestOpenEntityGroupHandler,\x00\x00\x00\x00,1714092402871.7c7d8884647a26d4d82db49c99be4707.', STARTKEY => '\x00\x00\x00\x00', ENDKEY => '\x00\x00\x00\x01', ENCODED => 7c7d8884647a26d4d82db49c99be4707,} as FAILED_OPEN. It's likely that the master already timed out this open attempt, and thus another RS already has the entityGroup.
24/04/26 01:46:42 DEBUG fserver.EntityGroup: Closing TestOpenEntityGroupHandler,\x00\x00\x00\x00,1714092402871.7c7d8884647a26d4d82db49c99be4707.
24/04/26 01:46:42 DEBUG fserver.EntityGroup: Updates disabled for entityGroup TestOpenEntityGroupHandler,\x00\x00\x00\x00,1714092402871.7c7d8884647a26d4d82db49c99be4707.
24/04/26 01:46:42 INFO fserver.EntityGroup: Running commit transaction of TestOpenEntityGroupHandler,\x00\x00\x00\x00,1714092402871.7c7d8884647a26d4d82db49c99be4707. before close
24/04/26 01:46:42 INFO fserver.EntityGroup: Closed TestOpenEntityGroupHandler,\x00\x00\x00\x00,1714092402871.7c7d8884647a26d4d82db49c99be4707.
24/04/26 01:46:42 INFO server.NIOServerCnxnFactory: NIOServerCnxn factory exited run method
24/04/26 01:46:42 INFO server.SessionTrackerImpl: Shutting down
24/04/26 01:46:42 INFO server.SyncRequestProcessor: Shutting down
24/04/26 01:46:42 INFO server.SyncRequestProcessor: SyncRequestProcessor exited!
24/04/26 01:46:42 INFO server.FinalRequestProcessor: shutdown of request processor complete
24/04/26 01:46:42 DEBUG fserver.MetricsEntityGroupSourceImpl: Creating new MetricsEntityGroupSourceImpl for table MetricsEntityGroupWrapperStub DEADBEEF001
24/04/26 01:46:42 DEBUG fserver.MetricsEntityGroupSourceImpl: Creating new MetricsEntityGroupSourceImpl for table null TEST
24/04/26 01:46:42 DEBUG fserver.MetricsEntityGroupSourceImpl: Creating new MetricsEntityGroupSourceImpl for table null TEST
24/04/26 01:46:42 DEBUG fserver.MetricsEntityGroupSourceImpl: Creating new MetricsEntityGroupSourceImpl for table null TWO
24/04/26 01:46:42 INFO wasp.WaspTestingUtility: Starting up minicluster with 1 master(s) and 3 fserver(s) 
24/04/26 01:46:42 DEBUG zookeeper.ZooKeeperWatcher: MockServer,123,-1-0xff8f17de67ef0000 Received ZooKeeper Event, type=None, state=Disconnected, path=null
24/04/26 01:46:42 DEBUG zookeeper.ZooKeeperWatcher: MockServer,123,-1-0xff8f17de67ef0001 Received ZooKeeper Event, type=None, state=Disconnected, path=null
24/04/26 01:46:42 DEBUG zookeeper.ZooKeeperWatcher: MockServer,123,-1-0xff8f17de67ef0001 Received Disconnected from ZooKeeper, ignoring
24/04/26 01:46:42 DEBUG zookeeper.ZooKeeperWatcher: MockServer,123,-1-0xff8f17de67ef0000 Received Disconnected from ZooKeeper, ignoring
24/04/26 01:46:42 DEBUG zookeeper.ZooKeeperWatcher: MockServer,123,-1-0xff8f17de688d0000 Received ZooKeeper Event, type=None, state=Disconnected, path=null
24/04/26 01:46:42 DEBUG zookeeper.ZooKeeperWatcher: MockServer,123,-1-0xff8f17de688d0000 Received Disconnected from ZooKeeper, ignoring
24/04/26 01:46:42 DEBUG zookeeper.ZooKeeperWatcher: MockServer,123,-1-0xff8f17de688d0002 Received ZooKeeper Event, type=None, state=Disconnected, path=null
24/04/26 01:46:42 DEBUG zookeeper.ZooKeeperWatcher: MockServer,123,-1-0xff8f17de688d0002 Received Disconnected from ZooKeeper, ignoring
24/04/26 01:46:42 DEBUG zookeeper.ZooKeeperWatcher: MockServer,123,-1-0xff8f17de688d0001 Received ZooKeeper Event, type=None, state=Disconnected, path=null
24/04/26 01:46:42 DEBUG zookeeper.ZooKeeperWatcher: MockServer,123,-1-0xff8f17de688d0001 Received Disconnected from ZooKeeper, ignoring
Starting DataNode 0 with dfs.data.dir: /home/alex/Repositories/wasp/target/test-data/5bdacad6-d2fd-4df7-8c6b-0e0289bb5776/dfscluster_325d6756-40d5-4a94-93c1-12b6fe379403/dfs/data/data1,/home/alex/Repositories/wasp/target/test-data/5bdacad6-d2fd-4df7-8c6b-0e0289bb5776/dfscluster_325d6756-40d5-4a94-93c1-12b6fe379403/dfs/data/data2
24/04/26 01:46:43 ERROR datanode.DataNode: All directories in dfs.data.dir are invalid.
24/04/26 01:46:43 INFO wasp.WaspTestingUtility: Shutting down mini wasp cluster
24/04/26 01:46:43 INFO wasp.WaspTestingUtility: Minicluster is down
java.lang.NullPointerException
	at org.apache.hadoop.hdfs.MiniDFSCluster.startDataNodes(MiniDFSCluster.java:422)
	at org.apache.hadoop.hdfs.MiniDFSCluster.<init>(MiniDFSCluster.java:280)
	at org.apache.hadoop.hbase.HBaseTestingUtility.startMiniDFSCluster(HBaseTestingUtility.java:451)
	at org.apache.hadoop.hbase.HBaseTestingUtility.startMiniCluster(HBaseTestingUtility.java:619)
	at org.apache.hadoop.hbase.HBaseTestingUtility.startMiniCluster(HBaseTestingUtility.java:575)
	at com.alibaba.wasp.WaspTestingUtility.startMiniCluster(WaspTestingUtility.java:172)
	at com.alibaba.wasp.WaspTestingUtility.startMiniCluster(WaspTestingUtility.java:144)
	at com.alibaba.wasp.fserver.redo.TestRedoLog.before(TestRedoLog.java:51)
	at sun.reflect.NativeMethodAccessorImpl.invoke0(Native Method)
	at sun.reflect.NativeMethodAccessorImpl.invoke(NativeMethodAccessorImpl.java:62)
	at sun.reflect.DelegatingMethodAccessorImpl.invoke(DelegatingMethodAccessorImpl.java:43)
	at java.lang.reflect.Method.invoke(Method.java:498)
	at org.junit.runners.model.FrameworkMethod$1.runReflectiveCall(FrameworkMethod.java:45)
	at org.junit.internal.runners.model.ReflectiveCallable.run(ReflectiveCallable.java:15)
	at org.junit.runners.model.FrameworkMethod.invokeExplosively(FrameworkMethod.java:42)
	at org.junit.internal.runners.statements.RunBefores.evaluate(RunBefores.java:27)
	at org.junit.internal.runners.statements.RunAfters.evaluate(RunAfters.java:30)
	at org.junit.runners.ParentRunner.run(ParentRunner.java:300)
	at org.junit.runners.Suite.runChild(Suite.java:128)
	at org.junit.runners.Suite.runChild(Suite.java:24)
	at org.junit.runners.ParentRunner$3.run(ParentRunner.java:231)
	at org.junit.runners.ParentRunner$1.schedule(ParentRunner.java:60)
	at org.junit.runners.ParentRunner.runChildren(ParentRunner.java:229)
	at org.junit.runners.ParentRunner.access$000(ParentRunner.java:50)
	at org.junit.runners.ParentRunner$2.evaluate(ParentRunner.java:222)
	at org.junit.runners.ParentRunner.run(ParentRunner.java:300)
	at org.junit.runner.JUnitCore.run(JUnitCore.java:157)
	at org.junit.runner.JUnitCore.run(JUnitCore.java:136)
	at edu.illinois.cs.testrunner.execution.JUnitTestExecutor.execute(JUnitTestExecutor.java:259)
	at edu.illinois.cs.testrunner.execution.JUnitTestExecutor.executeWithJUnit4Runner(JUnitTestExecutor.java:327)
	at edu.illinois.cs.testrunner.execution.JUnitTestExecutor.runOrder(JUnitTestExecutor.java:49)
	at edu.illinois.cs.testrunner.execution.Executor$.$anonfun$run$1(Executor.scala:30)
	at scala.runtime.java8.JFunction0$mcV$sp.apply(JFunction0$mcV$sp.java:12)
	at scala.util.Try$.apply(Try.scala:209)
	at edu.illinois.cs.testrunner.execution.Executor$.run(Executor.scala:28)
	at edu.illinois.cs.testrunner.execution.Executor$.main(Executor.scala:18)
	at edu.illinois.cs.testrunner.execution.Executor.main(Executor.scala)
24/04/26 01:46:43 DEBUG ipc.WaspRPC: Using com.alibaba.wasp.ipc.ProtobufRpcEngine for com.alibaba.wasp.ipc.TestProtoBufRpc$TestRpcService
24/04/26 01:46:43 DEBUG ipc.NettyTransceiver: Using Netty bootstrap options: {connectTimeoutMillis=3000, tcpNoDelay=true}
24/04/26 01:46:43 DEBUG ipc.NettyTransceiver: Connecting to /0.0.0.0:43303
24/04/26 01:46:43 DEBUG ipc.NettyTransceiver: [id: 0x515f4131] OPEN
24/04/26 01:46:43 INFO ipc.NettyTransceiver: Successfully connected to bookie: /0.0.0.0:43303
24/04/26 01:46:43 DEBUG ipc.NettyTransceiver: [id: 0x515f4131, /127.0.0.1:40664 => /0.0.0.0:43303] BOUND: /127.0.0.1:40664
24/04/26 01:46:43 DEBUG ipc.NettyTransceiver: [id: 0x515f4131, /127.0.0.1:40664 => /0.0.0.0:43303] CONNECTED: /0.0.0.0:43303
24/04/26 01:46:43 DEBUG ipc.NettyServer: [id: 0x018f6622, /127.0.0.1:40664 => /127.0.1.1:43303] OPEN
24/04/26 01:46:43 DEBUG ipc.NettyServer: [id: 0x018f6622, /127.0.0.1:40664 => /127.0.1.1:43303] BOUND: /127.0.1.1:43303
24/04/26 01:46:43 DEBUG ipc.NettyServer: [id: 0x018f6622, /127.0.0.1:40664 => /127.0.1.1:43303] CONNECTED: /127.0.0.1:40664
24/04/26 01:46:43 ERROR ipc.NettyServer: pool-11-thread-8, call methodName: "error"
clientProtocolVersion: 1
request: ""
requestClassName: "com.alibaba.wasp.ipc.protobuf.generated.TestProtos$EmptyRequestProto"
: error: 
java.io.IOException: error
	at com.alibaba.wasp.ipc.TestProtoBufRpc$PBServerImpl.error(TestProtoBufRpc.java:68)
	at sun.reflect.NativeMethodAccessorImpl.invoke0(Native Method)
	at sun.reflect.NativeMethodAccessorImpl.invoke(NativeMethodAccessorImpl.java:62)
	at sun.reflect.DelegatingMethodAccessorImpl.invoke(DelegatingMethodAccessorImpl.java:43)
	at java.lang.reflect.Method.invoke(Method.java:498)
	at com.alibaba.wasp.ipc.ProtobufRpcEngine$Server.call(ProtobufRpcEngine.java:270)
	at com.alibaba.wasp.ipc.NettyServer$NettyServerWaspHandler.messageReceived(NettyServer.java:234)
	at org.jboss.netty.channel.SimpleChannelUpstreamHandler.handleUpstream(SimpleChannelUpstreamHandler.java:75)
	at com.alibaba.wasp.ipc.NettyServer$NettyServerWaspHandler.handleUpstream(NettyServer.java:171)
	at org.jboss.netty.channel.DefaultChannelPipeline.sendUpstream(DefaultChannelPipeline.java:563)
	at org.jboss.netty.channel.DefaultChannelPipeline$DefaultChannelHandlerContext.sendUpstream(DefaultChannelPipeline.java:791)
	at org.jboss.netty.handler.execution.ChannelUpstreamEventRunnable.doRun(ChannelUpstreamEventRunnable.java:45)
	at org.jboss.netty.handler.execution.ChannelEventRunnable.run(ChannelEventRunnable.java:64)
	at java.util.concurrent.ThreadPoolExecutor.runWorker(ThreadPoolExecutor.java:1149)
	at java.util.concurrent.ThreadPoolExecutor$Worker.run(ThreadPoolExecutor.java:624)
	at java.lang.Thread.run(Thread.java:750)
24/04/26 01:46:43 INFO ipc.NettyServer: Stopping server on 0
24/04/26 01:46:43 DEBUG ipc.NettyTransceiver: [id: 0x515f4131, /127.0.0.1:40664 :> /0.0.0.0:43303] DISCONNECTED
24/04/26 01:46:43 DEBUG ipc.NettyTransceiver: [id: 0x515f4131, /127.0.0.1:40664 :> /0.0.0.0:43303] UNBOUND
24/04/26 01:46:43 DEBUG ipc.NettyTransceiver: [id: 0x515f4131, /127.0.0.1:40664 :> /0.0.0.0:43303] CLOSED
24/04/26 01:46:43 DEBUG ipc.NettyTransceiver: Remote peer /0.0.0.0:43303 closed connection.
24/04/26 01:46:43 DEBUG ipc.NettyTransceiver: Disconnecting from /0.0.0.0:43303
24/04/26 01:46:43 DEBUG ipc.NettyServer: [id: 0x018f6622, /127.0.0.1:40664 :> /127.0.1.1:43303] DISCONNECTED
24/04/26 01:46:43 DEBUG ipc.NettyServer: [id: 0x018f6622, /127.0.0.1:40664 :> /127.0.1.1:43303] UNBOUND
24/04/26 01:46:43 DEBUG ipc.NettyServer: [id: 0x018f6622, /127.0.0.1:40664 :> /127.0.1.1:43303] CLOSED
24/04/26 01:46:43 INFO wasp.WaspTestingUtility: Starting up minicluster with 1 master(s) and 3 fserver(s) 
Starting DataNode 0 with dfs.data.dir: /home/alex/Repositories/wasp/target/test-data/0f9af63f-2c7f-4a1a-abd7-3b410561f797/dfscluster_76452335-9080-444b-bb9c-a01ee1db02a5/dfs/data/data1,/home/alex/Repositories/wasp/target/test-data/0f9af63f-2c7f-4a1a-abd7-3b410561f797/dfscluster_76452335-9080-444b-bb9c-a01ee1db02a5/dfs/data/data2
24/04/26 01:46:43 ERROR datanode.DataNode: All directories in dfs.data.dir are invalid.
24/04/26 01:46:43 INFO wasp.WaspTestingUtility: Shutting down mini wasp cluster
24/04/26 01:46:43 INFO wasp.WaspTestingUtility: Minicluster is down
java.lang.NullPointerException
	at org.apache.hadoop.hdfs.MiniDFSCluster.startDataNodes(MiniDFSCluster.java:422)
	at org.apache.hadoop.hdfs.MiniDFSCluster.<init>(MiniDFSCluster.java:280)
	at org.apache.hadoop.hbase.HBaseTestingUtility.startMiniDFSCluster(HBaseTestingUtility.java:451)
	at org.apache.hadoop.hbase.HBaseTestingUtility.startMiniCluster(HBaseTestingUtility.java:619)
	at org.apache.hadoop.hbase.HBaseTestingUtility.startMiniCluster(HBaseTestingUtility.java:575)
	at com.alibaba.wasp.WaspTestingUtility.startMiniCluster(WaspTestingUtility.java:172)
	at com.alibaba.wasp.WaspTestingUtility.startMiniCluster(WaspTestingUtility.java:144)
	at com.alibaba.wasp.jdbc.TestAtomicOperation.setUpBeforeClass(TestAtomicOperation.java:64)
	at sun.reflect.NativeMethodAccessorImpl.invoke0(Native Method)
	at sun.reflect.NativeMethodAccessorImpl.invoke(NativeMethodAccessorImpl.java:62)
	at sun.reflect.DelegatingMethodAccessorImpl.invoke(DelegatingMethodAccessorImpl.java:43)
	at java.lang.reflect.Method.invoke(Method.java:498)
	at org.junit.runners.model.FrameworkMethod$1.runReflectiveCall(FrameworkMethod.java:45)
	at org.junit.internal.runners.model.ReflectiveCallable.run(ReflectiveCallable.java:15)
	at org.junit.runners.model.FrameworkMethod.invokeExplosively(FrameworkMethod.java:42)
	at org.junit.internal.runners.statements.RunBefores.evaluate(RunBefores.java:27)
	at org.junit.internal.runners.statements.RunAfters.evaluate(RunAfters.java:30)
	at org.junit.runners.ParentRunner.run(ParentRunner.java:300)
	at org.junit.runners.Suite.runChild(Suite.java:128)
	at org.junit.runners.Suite.runChild(Suite.java:24)
	at org.junit.runners.ParentRunner$3.run(ParentRunner.java:231)
	at org.junit.runners.ParentRunner$1.schedule(ParentRunner.java:60)
	at org.junit.runners.ParentRunner.runChildren(ParentRunner.java:229)
	at org.junit.runners.ParentRunner.access$000(ParentRunner.java:50)
	at org.junit.runners.ParentRunner$2.evaluate(ParentRunner.java:222)
	at org.junit.runners.ParentRunner.run(ParentRunner.java:300)
	at org.junit.runner.JUnitCore.run(JUnitCore.java:157)
	at org.junit.runner.JUnitCore.run(JUnitCore.java:136)
	at edu.illinois.cs.testrunner.execution.JUnitTestExecutor.execute(JUnitTestExecutor.java:259)
	at edu.illinois.cs.testrunner.execution.JUnitTestExecutor.executeWithJUnit4Runner(JUnitTestExecutor.java:327)
	at edu.illinois.cs.testrunner.execution.JUnitTestExecutor.runOrder(JUnitTestExecutor.java:49)
	at edu.illinois.cs.testrunner.execution.Executor$.$anonfun$run$1(Executor.scala:30)
	at scala.runtime.java8.JFunction0$mcV$sp.apply(JFunction0$mcV$sp.java:12)
	at scala.util.Try$.apply(Try.scala:209)
	at edu.illinois.cs.testrunner.execution.Executor$.run(Executor.scala:28)
	at edu.illinois.cs.testrunner.execution.Executor$.main(Executor.scala:18)
	at edu.illinois.cs.testrunner.execution.Executor.main(Executor.scala)
java.lang.NullPointerException
	at com.alibaba.wasp.jdbc.TestAtomicOperation.tearDownAfterClass(TestAtomicOperation.java:86)
	at sun.reflect.NativeMethodAccessorImpl.invoke0(Native Method)
	at sun.reflect.NativeMethodAccessorImpl.invoke(NativeMethodAccessorImpl.java:62)
	at sun.reflect.DelegatingMethodAccessorImpl.invoke(DelegatingMethodAccessorImpl.java:43)
	at java.lang.reflect.Method.invoke(Method.java:498)
	at org.junit.runners.model.FrameworkMethod$1.runReflectiveCall(FrameworkMethod.java:45)
	at org.junit.internal.runners.model.ReflectiveCallable.run(ReflectiveCallable.java:15)
	at org.junit.runners.model.FrameworkMethod.invokeExplosively(FrameworkMethod.java:42)
	at org.junit.internal.runners.statements.RunAfters.evaluate(RunAfters.java:36)
	at org.junit.runners.ParentRunner.run(ParentRunner.java:300)
	at org.junit.runners.Suite.runChild(Suite.java:128)
	at org.junit.runners.Suite.runChild(Suite.java:24)
	at org.junit.runners.ParentRunner$3.run(ParentRunner.java:231)
	at org.junit.runners.ParentRunner$1.schedule(ParentRunner.java:60)
	at org.junit.runners.ParentRunner.runChildren(ParentRunner.java:229)
	at org.junit.runners.ParentRunner.access$000(ParentRunner.java:50)
	at org.junit.runners.ParentRunner$2.evaluate(ParentRunner.java:222)
	at org.junit.runners.ParentRunner.run(ParentRunner.java:300)
	at org.junit.runner.JUnitCore.run(JUnitCore.java:157)
	at org.junit.runner.JUnitCore.run(JUnitCore.java:136)
	at edu.illinois.cs.testrunner.execution.JUnitTestExecutor.execute(JUnitTestExecutor.java:259)
	at edu.illinois.cs.testrunner.execution.JUnitTestExecutor.executeWithJUnit4Runner(JUnitTestExecutor.java:327)
	at edu.illinois.cs.testrunner.execution.JUnitTestExecutor.runOrder(JUnitTestExecutor.java:49)
	at edu.illinois.cs.testrunner.execution.Executor$.$anonfun$run$1(Executor.scala:30)
	at scala.runtime.java8.JFunction0$mcV$sp.apply(JFunction0$mcV$sp.java:12)
	at scala.util.Try$.apply(Try.scala:209)
	at edu.illinois.cs.testrunner.execution.Executor$.run(Executor.scala:28)
	at edu.illinois.cs.testrunner.execution.Executor$.main(Executor.scala:18)
	at edu.illinois.cs.testrunner.execution.Executor.main(Executor.scala)
24/04/26 01:46:43 INFO wasp.WaspTestingUtility: Starting up minicluster with 1 master(s) and 3 fserver(s) 
Starting DataNode 0 with dfs.data.dir: /home/alex/Repositories/wasp/target/test-data/712888ee-b421-4275-9c4c-ae34fa0669bd/dfscluster_0605911e-8ca0-4713-bb81-eaf25dcc4e05/dfs/data/data1,/home/alex/Repositories/wasp/target/test-data/712888ee-b421-4275-9c4c-ae34fa0669bd/dfscluster_0605911e-8ca0-4713-bb81-eaf25dcc4e05/dfs/data/data2
24/04/26 01:46:43 ERROR datanode.DataNode: All directories in dfs.data.dir are invalid.
24/04/26 01:46:43 INFO wasp.WaspTestingUtility: Shutting down mini wasp cluster
24/04/26 01:46:43 INFO wasp.WaspTestingUtility: Minicluster is down
java.lang.NullPointerException
	at org.apache.hadoop.hdfs.MiniDFSCluster.startDataNodes(MiniDFSCluster.java:422)
	at org.apache.hadoop.hdfs.MiniDFSCluster.<init>(MiniDFSCluster.java:280)
	at org.apache.hadoop.hbase.HBaseTestingUtility.startMiniDFSCluster(HBaseTestingUtility.java:451)
	at org.apache.hadoop.hbase.HBaseTestingUtility.startMiniCluster(HBaseTestingUtility.java:619)
	at org.apache.hadoop.hbase.HBaseTestingUtility.startMiniCluster(HBaseTestingUtility.java:575)
	at com.alibaba.wasp.WaspTestingUtility.startMiniCluster(WaspTestingUtility.java:172)
	at com.alibaba.wasp.WaspTestingUtility.startMiniCluster(WaspTestingUtility.java:144)
	at com.alibaba.wasp.jdbc.TestJdbcConnectionPool.setUpBeforeClass(TestJdbcConnectionPool.java:54)
	at sun.reflect.NativeMethodAccessorImpl.invoke0(Native Method)
	at sun.reflect.NativeMethodAccessorImpl.invoke(NativeMethodAccessorImpl.java:62)
	at sun.reflect.DelegatingMethodAccessorImpl.invoke(DelegatingMethodAccessorImpl.java:43)
	at java.lang.reflect.Method.invoke(Method.java:498)
	at org.junit.runners.model.FrameworkMethod$1.runReflectiveCall(FrameworkMethod.java:45)
	at org.junit.internal.runners.model.ReflectiveCallable.run(ReflectiveCallable.java:15)
	at org.junit.runners.model.FrameworkMethod.invokeExplosively(FrameworkMethod.java:42)
	at org.junit.internal.runners.statements.RunBefores.evaluate(RunBefores.java:27)
	at org.junit.internal.runners.statements.RunAfters.evaluate(RunAfters.java:30)
	at org.junit.runners.ParentRunner.run(ParentRunner.java:300)
	at org.junit.runners.Suite.runChild(Suite.java:128)
	at org.junit.runners.Suite.runChild(Suite.java:24)
	at org.junit.runners.ParentRunner$3.run(ParentRunner.java:231)
	at org.junit.runners.ParentRunner$1.schedule(ParentRunner.java:60)
	at org.junit.runners.ParentRunner.runChildren(ParentRunner.java:229)
	at org.junit.runners.ParentRunner.access$000(ParentRunner.java:50)
	at org.junit.runners.ParentRunner$2.evaluate(ParentRunner.java:222)
	at org.junit.runners.ParentRunner.run(ParentRunner.java:300)
	at org.junit.runner.JUnitCore.run(JUnitCore.java:157)
	at org.junit.runner.JUnitCore.run(JUnitCore.java:136)
	at edu.illinois.cs.testrunner.execution.JUnitTestExecutor.execute(JUnitTestExecutor.java:259)
	at edu.illinois.cs.testrunner.execution.JUnitTestExecutor.executeWithJUnit4Runner(JUnitTestExecutor.java:327)
	at edu.illinois.cs.testrunner.execution.JUnitTestExecutor.runOrder(JUnitTestExecutor.java:49)
	at edu.illinois.cs.testrunner.execution.Executor$.$anonfun$run$1(Executor.scala:30)
	at scala.runtime.java8.JFunction0$mcV$sp.apply(JFunction0$mcV$sp.java:12)
	at scala.util.Try$.apply(Try.scala:209)
	at edu.illinois.cs.testrunner.execution.Executor$.run(Executor.scala:28)
	at edu.illinois.cs.testrunner.execution.Executor$.main(Executor.scala:18)
	at edu.illinois.cs.testrunner.execution.Executor.main(Executor.scala)
24/04/26 01:46:43 INFO wasp.WaspTestingUtility: Starting up minicluster with 1 master(s) and 3 fserver(s) 
24/04/26 01:46:44 INFO server.SessionTrackerImpl: SessionTrackerImpl exited loop!
24/04/26 01:46:44 INFO server.SessionTrackerImpl: SessionTrackerImpl exited loop!
Starting DataNode 0 with dfs.data.dir: /home/alex/Repositories/wasp/target/test-data/04efc949-0234-4c63-b0b9-3aac58b784f5/dfscluster_75049298-ab28-44ff-b797-1ef32d172090/dfs/data/data1,/home/alex/Repositories/wasp/target/test-data/04efc949-0234-4c63-b0b9-3aac58b784f5/dfscluster_75049298-ab28-44ff-b797-1ef32d172090/dfs/data/data2
24/04/26 01:46:44 ERROR datanode.DataNode: All directories in dfs.data.dir are invalid.
24/04/26 01:46:44 INFO wasp.WaspTestingUtility: Shutting down mini wasp cluster
24/04/26 01:46:44 INFO wasp.WaspTestingUtility: Minicluster is down
java.lang.NullPointerException
	at org.apache.hadoop.hdfs.MiniDFSCluster.startDataNodes(MiniDFSCluster.java:422)
	at org.apache.hadoop.hdfs.MiniDFSCluster.<init>(MiniDFSCluster.java:280)
	at org.apache.hadoop.hbase.HBaseTestingUtility.startMiniDFSCluster(HBaseTestingUtility.java:451)
	at org.apache.hadoop.hbase.HBaseTestingUtility.startMiniCluster(HBaseTestingUtility.java:619)
	at org.apache.hadoop.hbase.HBaseTestingUtility.startMiniCluster(HBaseTestingUtility.java:575)
	at com.alibaba.wasp.WaspTestingUtility.startMiniCluster(WaspTestingUtility.java:172)
	at com.alibaba.wasp.WaspTestingUtility.startMiniCluster(WaspTestingUtility.java:144)
	at com.alibaba.wasp.jdbc.TestJdbcResultFormatter.setUpBeforeClass(TestJdbcResultFormatter.java:51)
	at sun.reflect.NativeMethodAccessorImpl.invoke0(Native Method)
	at sun.reflect.NativeMethodAccessorImpl.invoke(NativeMethodAccessorImpl.java:62)
	at sun.reflect.DelegatingMethodAccessorImpl.invoke(DelegatingMethodAccessorImpl.java:43)
	at java.lang.reflect.Method.invoke(Method.java:498)
	at org.junit.runners.model.FrameworkMethod$1.runReflectiveCall(FrameworkMethod.java:45)
	at org.junit.internal.runners.model.ReflectiveCallable.run(ReflectiveCallable.java:15)
	at org.junit.runners.model.FrameworkMethod.invokeExplosively(FrameworkMethod.java:42)
	at org.junit.internal.runners.statements.RunBefores.evaluate(RunBefores.java:27)
	at org.junit.internal.runners.statements.RunAfters.evaluate(RunAfters.java:30)
	at org.junit.runners.ParentRunner.run(ParentRunner.java:300)
	at org.junit.runners.Suite.runChild(Suite.java:128)
	at org.junit.runners.Suite.runChild(Suite.java:24)
	at org.junit.runners.ParentRunner$3.run(ParentRunner.java:231)
	at org.junit.runners.ParentRunner$1.schedule(ParentRunner.java:60)
	at org.junit.runners.ParentRunner.runChildren(ParentRunner.java:229)
	at org.junit.runners.ParentRunner.access$000(ParentRunner.java:50)
	at org.junit.runners.ParentRunner$2.evaluate(ParentRunner.java:222)
	at org.junit.runners.ParentRunner.run(ParentRunner.java:300)
	at org.junit.runner.JUnitCore.run(JUnitCore.java:157)
	at org.junit.runner.JUnitCore.run(JUnitCore.java:136)
	at edu.illinois.cs.testrunner.execution.JUnitTestExecutor.execute(JUnitTestExecutor.java:259)
	at edu.illinois.cs.testrunner.execution.JUnitTestExecutor.executeWithJUnit4Runner(JUnitTestExecutor.java:327)
	at edu.illinois.cs.testrunner.execution.JUnitTestExecutor.runOrder(JUnitTestExecutor.java:49)
	at edu.illinois.cs.testrunner.execution.Executor$.$anonfun$run$1(Executor.scala:30)
	at scala.runtime.java8.JFunction0$mcV$sp.apply(JFunction0$mcV$sp.java:12)
	at scala.util.Try$.apply(Try.scala:209)
	at edu.illinois.cs.testrunner.execution.Executor$.run(Executor.scala:28)
	at edu.illinois.cs.testrunner.execution.Executor$.main(Executor.scala:18)
	at edu.illinois.cs.testrunner.execution.Executor.main(Executor.scala)
java.lang.NullPointerException
	at com.alibaba.wasp.jdbc.TestJdbcResultFormatter.tearDownAfterClass(TestJdbcResultFormatter.java:71)
	at sun.reflect.NativeMethodAccessorImpl.invoke0(Native Method)
	at sun.reflect.NativeMethodAccessorImpl.invoke(NativeMethodAccessorImpl.java:62)
	at sun.reflect.DelegatingMethodAccessorImpl.invoke(DelegatingMethodAccessorImpl.java:43)
	at java.lang.reflect.Method.invoke(Method.java:498)
	at org.junit.runners.model.FrameworkMethod$1.runReflectiveCall(FrameworkMethod.java:45)
	at org.junit.internal.runners.model.ReflectiveCallable.run(ReflectiveCallable.java:15)
	at org.junit.runners.model.FrameworkMethod.invokeExplosively(FrameworkMethod.java:42)
	at org.junit.internal.runners.statements.RunAfters.evaluate(RunAfters.java:36)
	at org.junit.runners.ParentRunner.run(ParentRunner.java:300)
	at org.junit.runners.Suite.runChild(Suite.java:128)
	at org.junit.runners.Suite.runChild(Suite.java:24)
	at org.junit.runners.ParentRunner$3.run(ParentRunner.java:231)
	at org.junit.runners.ParentRunner$1.schedule(ParentRunner.java:60)
	at org.junit.runners.ParentRunner.runChildren(ParentRunner.java:229)
	at org.junit.runners.ParentRunner.access$000(ParentRunner.java:50)
	at org.junit.runners.ParentRunner$2.evaluate(ParentRunner.java:222)
	at org.junit.runners.ParentRunner.run(ParentRunner.java:300)
	at org.junit.runner.JUnitCore.run(JUnitCore.java:157)
	at org.junit.runner.JUnitCore.run(JUnitCore.java:136)
	at edu.illinois.cs.testrunner.execution.JUnitTestExecutor.execute(JUnitTestExecutor.java:259)
	at edu.illinois.cs.testrunner.execution.JUnitTestExecutor.executeWithJUnit4Runner(JUnitTestExecutor.java:327)
	at edu.illinois.cs.testrunner.execution.JUnitTestExecutor.runOrder(JUnitTestExecutor.java:49)
	at edu.illinois.cs.testrunner.execution.Executor$.$anonfun$run$1(Executor.scala:30)
	at scala.runtime.java8.JFunction0$mcV$sp.apply(JFunction0$mcV$sp.java:12)
	at scala.util.Try$.apply(Try.scala:209)
	at edu.illinois.cs.testrunner.execution.Executor$.run(Executor.scala:28)
	at edu.illinois.cs.testrunner.execution.Executor$.main(Executor.scala:18)
	at edu.illinois.cs.testrunner.execution.Executor.main(Executor.scala)
24/04/26 01:46:44 INFO wasp.WaspTestingUtility: Starting up minicluster with 1 master(s) and 3 fserver(s) 
Starting DataNode 0 with dfs.data.dir: /home/alex/Repositories/wasp/target/test-data/12d92732-f436-4b53-89a4-2a98dfbf4531/dfscluster_80df0671-2c65-46c2-bf72-17c60f0b258d/dfs/data/data1,/home/alex/Repositories/wasp/target/test-data/12d92732-f436-4b53-89a4-2a98dfbf4531/dfscluster_80df0671-2c65-46c2-bf72-17c60f0b258d/dfs/data/data2
24/04/26 01:46:44 ERROR datanode.DataNode: All directories in dfs.data.dir are invalid.
java.lang.NullPointerException
	at org.apache.hadoop.hdfs.MiniDFSCluster.startDataNodes(MiniDFSCluster.java:422)
	at org.apache.hadoop.hdfs.MiniDFSCluster.<init>(MiniDFSCluster.java:280)
	at org.apache.hadoop.hbase.HBaseTestingUtility.startMiniDFSCluster(HBaseTestingUtility.java:451)
	at org.apache.hadoop.hbase.HBaseTestingUtility.startMiniCluster(HBaseTestingUtility.java:619)
	at org.apache.hadoop.hbase.HBaseTestingUtility.startMiniCluster(HBaseTestingUtility.java:575)
	at com.alibaba.wasp.WaspTestingUtility.startMiniCluster(WaspTestingUtility.java:172)
	at com.alibaba.wasp.WaspTestingUtility.startMiniCluster(WaspTestingUtility.java:144)
	at com.alibaba.wasp.jdbc.TestJdbcResultSet.setUpBeforeClass(TestJdbcResultSet.java:71)
	at sun.reflect.NativeMethodAccessorImpl.invoke0(Native Method)
	at sun.reflect.NativeMethodAccessorImpl.invoke(NativeMethodAccessorImpl.java:62)
	at sun.reflect.DelegatingMethodAccessorImpl.invoke(DelegatingMethodAccessorImpl.java:43)
	at java.lang.reflect.Method.invoke(Method.java:498)
	at org.junit.runners.model.FrameworkMethod$1.runReflectiveCall(FrameworkMethod.java:45)
	at org.junit.internal.runners.model.ReflectiveCallable.run(ReflectiveCallable.java:15)
	at org.junit.runners.model.FrameworkMethod.invokeExplosively(FrameworkMethod.java:42)
	at org.junit.internal.runners.statements.RunBefores.evaluate(RunBefores.java:27)
	at org.junit.internal.runners.statements.RunAfters.evaluate(RunAfters.java:30)
	at org.junit.runners.ParentRunner.run(ParentRunner.java:300)
	at org.junit.runners.Suite.runChild(Suite.java:128)
	at org.junit.runners.Suite.runChild(Suite.java:24)
	at org.junit.runners.ParentRunner$3.run(ParentRunner.java:231)
	at org.junit.runners.ParentRunner$1.schedule(ParentRunner.java:60)
	at org.junit.runners.ParentRunner.runChildren(ParentRunner.java:229)
	at org.junit.runners.ParentRunner.access$000(ParentRunner.java:50)
	at org.junit.runners.ParentRunner$2.evaluate(ParentRunner.java:222)
	at org.junit.runners.ParentRunner.run(ParentRunner.java:300)
	at org.junit.runner.JUnitCore.run(JUnitCore.java:157)
	at org.junit.runner.JUnitCore.run(JUnitCore.java:136)
	at edu.illinois.cs.testrunner.execution.JUnitTestExecutor.execute(JUnitTestExecutor.java:259)
	at edu.illinois.cs.testrunner.execution.JUnitTestExecutor.executeWithJUnit4Runner(JUnitTestExecutor.java:327)
	at edu.illinois.cs.testrunner.execution.JUnitTestExecutor.runOrder(JUnitTestExecutor.java:49)
	at edu.illinois.cs.testrunner.execution.Executor$.$anonfun$run$1(Executor.scala:30)
	at scala.runtime.java8.JFunction0$mcV$sp.apply(JFunction0$mcV$sp.java:12)
	at scala.util.Try$.apply(Try.scala:209)
	at edu.illinois.cs.testrunner.execution.Executor$.run(Executor.scala:28)
	at edu.illinois.cs.testrunner.execution.Executor$.main(Executor.scala:18)
	at edu.illinois.cs.testrunner.execution.Executor.main(Executor.scala)
java.lang.NullPointerException
	at com.alibaba.wasp.jdbc.TestJdbcResultSet.tearDownAfterClass(TestJdbcResultSet.java:100)
	at sun.reflect.NativeMethodAccessorImpl.invoke0(Native Method)
	at sun.reflect.NativeMethodAccessorImpl.invoke(NativeMethodAccessorImpl.java:62)
	at sun.reflect.DelegatingMethodAccessorImpl.invoke(DelegatingMethodAccessorImpl.java:43)
	at java.lang.reflect.Method.invoke(Method.java:498)
	at org.junit.runners.model.FrameworkMethod$1.runReflectiveCall(FrameworkMethod.java:45)
	at org.junit.internal.runners.model.ReflectiveCallable.run(ReflectiveCallable.java:15)
	at org.junit.runners.model.FrameworkMethod.invokeExplosively(FrameworkMethod.java:42)
	at org.junit.internal.runners.statements.RunAfters.evaluate(RunAfters.java:36)
	at org.junit.runners.ParentRunner.run(ParentRunner.java:300)
	at org.junit.runners.Suite.runChild(Suite.java:128)
	at org.junit.runners.Suite.runChild(Suite.java:24)
	at org.junit.runners.ParentRunner$3.run(ParentRunner.java:231)
	at org.junit.runners.ParentRunner$1.schedule(ParentRunner.java:60)
	at org.junit.runners.ParentRunner.runChildren(ParentRunner.java:229)
	at org.junit.runners.ParentRunner.access$000(ParentRunner.java:50)
	at org.junit.runners.ParentRunner$2.evaluate(ParentRunner.java:222)
	at org.junit.runners.ParentRunner.run(ParentRunner.java:300)
	at org.junit.runner.JUnitCore.run(JUnitCore.java:157)
	at org.junit.runner.JUnitCore.run(JUnitCore.java:136)
	at edu.illinois.cs.testrunner.execution.JUnitTestExecutor.execute(JUnitTestExecutor.java:259)
	at edu.illinois.cs.testrunner.execution.JUnitTestExecutor.executeWithJUnit4Runner(JUnitTestExecutor.java:327)
	at edu.illinois.cs.testrunner.execution.JUnitTestExecutor.runOrder(JUnitTestExecutor.java:49)
	at edu.illinois.cs.testrunner.execution.Executor$.$anonfun$run$1(Executor.scala:30)
	at scala.runtime.java8.JFunction0$mcV$sp.apply(JFunction0$mcV$sp.java:12)
	at scala.util.Try$.apply(Try.scala:209)
	at edu.illinois.cs.testrunner.execution.Executor$.run(Executor.scala:28)
	at edu.illinois.cs.testrunner.execution.Executor$.main(Executor.scala:18)
	at edu.illinois.cs.testrunner.execution.Executor.main(Executor.scala)
