24/04/26 01:58:56 INFO wasp.WaspTestingUtility: Starting up minicluster with 1 master(s) and 3 fserver(s) 
Starting DataNode 0 with dfs.data.dir: /home/alex/Repositories/wasp/target/test-data/17df754d-279b-4381-a992-45f1f3e990a2/dfscluster_0fde2e44-802d-4197-b945-e69a1ac95054/dfs/data/data1,/home/alex/Repositories/wasp/target/test-data/17df754d-279b-4381-a992-45f1f3e990a2/dfscluster_0fde2e44-802d-4197-b945-e69a1ac95054/dfs/data/data2
24/04/26 01:58:57 ERROR datanode.DataNode: All directories in dfs.data.dir are invalid.
24/04/26 01:58:57 INFO wasp.WaspTestingUtility: Shutting down mini wasp cluster
24/04/26 01:58:57 INFO wasp.WaspTestingUtility: Minicluster is down
java.lang.NullPointerException
	at org.apache.hadoop.hdfs.MiniDFSCluster.startDataNodes(MiniDFSCluster.java:422)
	at org.apache.hadoop.hdfs.MiniDFSCluster.<init>(MiniDFSCluster.java:280)
	at org.apache.hadoop.hbase.HBaseTestingUtility.startMiniDFSCluster(HBaseTestingUtility.java:451)
	at org.apache.hadoop.hbase.HBaseTestingUtility.startMiniCluster(HBaseTestingUtility.java:619)
	at org.apache.hadoop.hbase.HBaseTestingUtility.startMiniCluster(HBaseTestingUtility.java:575)
	at com.alibaba.wasp.WaspTestingUtility.startMiniCluster(WaspTestingUtility.java:172)
	at com.alibaba.wasp.WaspTestingUtility.startMiniCluster(WaspTestingUtility.java:144)
	at com.alibaba.wasp.client.TestFromClientSide.setUpBeforeClass(TestFromClientSide.java:83)
	at sun.reflect.NativeMethodAccessorImpl.invoke0(Native Method)
	at sun.reflect.NativeMethodAccessorImpl.invoke(NativeMethodAccessorImpl.java:62)
	at sun.reflect.DelegatingMethodAccessorImpl.invoke(DelegatingMethodAccessorImpl.java:43)
	at java.lang.reflect.Method.invoke(Method.java:498)
	at org.junit.runners.model.FrameworkMethod$1.runReflectiveCall(FrameworkMethod.java:45)
	at org.junit.internal.runners.model.ReflectiveCallable.run(ReflectiveCallable.java:15)
	at org.junit.runners.model.FrameworkMethod.invokeExplosively(FrameworkMethod.java:42)
	at org.junit.internal.runners.statements.RunBefores.evaluate(RunBefores.java:27)
	at org.junit.internal.runners.statements.RunAfters.evaluate(RunAfters.java:30)
	at org.junit.runners.ParentRunner.run(ParentRunner.java:300)
	at org.junit.runners.Suite.runChild(Suite.java:128)
	at org.junit.runners.Suite.runChild(Suite.java:24)
	at org.junit.runners.ParentRunner$3.run(ParentRunner.java:231)
	at org.junit.runners.ParentRunner$1.schedule(ParentRunner.java:60)
	at org.junit.runners.ParentRunner.runChildren(ParentRunner.java:229)
	at org.junit.runners.ParentRunner.access$000(ParentRunner.java:50)
	at org.junit.runners.ParentRunner$2.evaluate(ParentRunner.java:222)
	at org.junit.runners.ParentRunner.run(ParentRunner.java:300)
	at org.junit.runner.JUnitCore.run(JUnitCore.java:157)
	at org.junit.runner.JUnitCore.run(JUnitCore.java:136)
	at edu.illinois.cs.testrunner.execution.JUnitTestExecutor.execute(JUnitTestExecutor.java:259)
	at edu.illinois.cs.testrunner.execution.JUnitTestExecutor.executeWithJUnit4Runner(JUnitTestExecutor.java:327)
	at edu.illinois.cs.testrunner.execution.JUnitTestExecutor.runOrder(JUnitTestExecutor.java:49)
	at edu.illinois.cs.testrunner.execution.Executor$.$anonfun$run$1(Executor.scala:30)
	at scala.runtime.java8.JFunction0$mcV$sp.apply(JFunction0$mcV$sp.java:12)
	at scala.util.Try$.apply(Try.scala:209)
	at edu.illinois.cs.testrunner.execution.Executor$.run(Executor.scala:28)
	at edu.illinois.cs.testrunner.execution.Executor$.main(Executor.scala:18)
	at edu.illinois.cs.testrunner.execution.Executor.main(Executor.scala)
24/04/26 01:58:57 DEBUG executor.ExecutorService: Starting executor service name=MASTER_SERVER_OPERATIONS-unit_test, corePoolSize=5, maxPoolSize=5
24/04/26 01:58:57 INFO executor.TestExecutorService: Running process #1, threadName=MASTER_SERVER_OPERATIONS-unit_test-0
24/04/26 01:58:57 INFO executor.TestExecutorService: Running process #2, threadName=MASTER_SERVER_OPERATIONS-unit_test-1
24/04/26 01:58:57 INFO executor.TestExecutorService: Running process #3, threadName=MASTER_SERVER_OPERATIONS-unit_test-2
24/04/26 01:58:57 INFO executor.TestExecutorService: Running process #4, threadName=MASTER_SERVER_OPERATIONS-unit_test-3
24/04/26 01:58:57 INFO executor.TestExecutorService: Waiting for all event handlers to start...
24/04/26 01:58:57 INFO executor.TestExecutorService: Running process #5, threadName=MASTER_SERVER_OPERATIONS-unit_test-4
24/04/26 01:58:57 INFO executor.TestExecutorService: Got status dump:
Status for executor: Executor-1-MASTER_SERVER_OPERATIONS-unit_test
=======================================
Waiting for all event handlers to finish...
0 events queued, 5 running
Running:
  Running on thread 'MASTER_SERVER_OPERATIONS-unit_test-2': Event #3 of type M_SERVER_SHUTDOWN (class com.alibaba.wasp.executor.TestExecutorService$TestEventHandler)
  Thread 41 (MASTER_SERVER_OPERATIONS-unit_test-2):
    State: WAITING
    Blocked count: 1
    Waited count: 1
    Waiting on java.util.concurrent.atomic.AtomicBoolean@66c92293
    Stack:
      java.lang.Object.wait(Native Method)
      java.lang.Object.wait(Object.java:502)
      com.alibaba.wasp.executor.TestExecutorService$TestEventHandler.process(TestExecutorService.java:167)
      com.alibaba.wasp.executor.EventHandler.run(EventHandler.java:198)
      java.util.concurrent.ThreadPoolExecutor.runWorker(ThreadPoolExecutor.java:1149)
      java.util.concurrent.ThreadPoolExecutor$Worker.run(ThreadPoolExecutor.java:624)
      java.lang.Thread.run(Thread.java:750)

  Running on thread 'MASTER_SERVER_OPERATIONS-unit_test-4': Event #5 of type M_SERVER_SHUTDOWN (class com.alibaba.wasp.executor.TestExecutorService$TestEventHandler)
  Thread 43 (MASTER_SERVER_OPERATIONS-unit_test-4):
    State: WAITING
    Blocked count: 0
    Waited count: 1
    Waiting on java.util.concurrent.atomic.AtomicBoolean@66c92293
    Stack:
      java.lang.Object.wait(Native Method)
      java.lang.Object.wait(Object.java:502)
      com.alibaba.wasp.executor.TestExecutorService$TestEventHandler.process(TestExecutorService.java:167)
      com.alibaba.wasp.executor.EventHandler.run(EventHandler.java:198)
      java.util.concurrent.ThreadPoolExecutor.runWorker(ThreadPoolExecutor.java:1149)
      java.util.concurrent.ThreadPoolExecutor$Worker.run(ThreadPoolExecutor.java:624)
      java.lang.Thread.run(Thread.java:750)

  Running on thread 'MASTER_SERVER_OPERATIONS-unit_test-1': Event #2 of type M_SERVER_SHUTDOWN (class com.alibaba.wasp.executor.TestExecutorService$TestEventHandler)
  Thread 40 (MASTER_SERVER_OPERATIONS-unit_test-1):
    State: WAITING
    Blocked count: 2
    Waited count: 1
    Waiting on java.util.concurrent.atomic.AtomicBoolean@66c92293
    Stack:
      java.lang.Object.wait(Native Method)
      java.lang.Object.wait(Object.java:502)
      com.alibaba.wasp.executor.TestExecutorService$TestEventHandler.process(TestExecutorService.java:167)
      com.alibaba.wasp.executor.EventHandler.run(EventHandler.java:198)
      java.util.concurrent.ThreadPoolExecutor.runWorker(ThreadPoolExecutor.java:1149)
      java.util.concurrent.ThreadPoolExecutor$Worker.run(ThreadPoolExecutor.java:624)
      java.lang.Thread.run(Thread.java:750)

  Running on thread 'MASTER_SERVER_OPERATIONS-unit_test-0': Event #1 of type M_SERVER_SHUTDOWN (class com.alibaba.wasp.executor.TestExecutorService$TestEventHandler)
  Thread 39 (MASTER_SERVER_OPERATIONS-unit_test-0):
    State: WAITING
    Blocked count: 0
    Waited count: 1
    Waiting on java.util.concurrent.atomic.AtomicBoolean@66c92293
    Stack:
      java.lang.Object.wait(Native Method)
      java.lang.Object.wait(Object.java:502)
      com.alibaba.wasp.executor.TestExecutorService$TestEventHandler.process(TestExecutorService.java:167)
      com.alibaba.wasp.executor.EventHandler.run(EventHandler.java:198)
      java.util.concurrent.ThreadPoolExecutor.runWorker(ThreadPoolExecutor.java:1149)
      java.util.concurrent.ThreadPoolExecutor$Worker.run(ThreadPoolExecutor.java:624)
      java.lang.Thread.run(Thread.java:750)

  Running on thread 'MASTER_SERVER_OPERATIONS-unit_test-3': Event #4 of type M_SERVER_SHUTDOWN (class com.alibaba.wasp.executor.TestExecutorService$TestEventHandler)
  Thread 42 (MASTER_SERVER_OPERATIONS-unit_test-3):
    State: WAITING
    Blocked count: 0
    Waited count: 1
    Waiting on java.util.concurrent.atomic.AtomicBoolean@66c92293
    Stack:
      java.lang.Object.wait(Native Method)
      java.lang.Object.wait(Object.java:502)
      com.alibaba.wasp.executor.TestExecutorService$TestEventHandler.process(TestExecutorService.java:167)
      com.alibaba.wasp.executor.EventHandler.run(EventHandler.java:198)
      java.util.concurrent.ThreadPoolExecutor.runWorker(ThreadPoolExecutor.java:1149)
      java.util.concurrent.ThreadPoolExecutor$Worker.run(ThreadPoolExecutor.java:624)
      java.lang.Thread.run(Thread.java:750)


24/04/26 01:58:57 INFO executor.TestExecutorService: Running process #11, threadName=MASTER_SERVER_OPERATIONS-unit_test-3
24/04/26 01:58:57 INFO executor.TestExecutorService: Running process #12, threadName=MASTER_SERVER_OPERATIONS-unit_test-2
24/04/26 01:58:57 INFO executor.TestExecutorService: Running process #15, threadName=MASTER_SERVER_OPERATIONS-unit_test-1
24/04/26 01:58:57 INFO executor.TestExecutorService: Running process #16, threadName=MASTER_SERVER_OPERATIONS-unit_test-0
24/04/26 01:58:57 INFO executor.TestExecutorService: Running process #18, threadName=MASTER_SERVER_OPERATIONS-unit_test-1
24/04/26 01:58:57 INFO executor.TestExecutorService: Running process #21, threadName=MASTER_SERVER_OPERATIONS-unit_test-2
24/04/26 01:58:57 INFO executor.TestExecutorService: Running process #23, threadName=MASTER_SERVER_OPERATIONS-unit_test-4
24/04/26 01:58:57 INFO executor.TestExecutorService: Running process #20, threadName=MASTER_SERVER_OPERATIONS-unit_test-3
24/04/26 01:58:57 INFO executor.TestExecutorService: Running process #26, threadName=MASTER_SERVER_OPERATIONS-unit_test-0
24/04/26 01:58:57 INFO executor.TestExecutorService: Running process #29, threadName=MASTER_SERVER_OPERATIONS-unit_test-0
24/04/26 01:58:59 ERROR executor.ExecutorService: Cannot submit [Event #16 of type M_SERVER_SHUTDOWN (class com.alibaba.wasp.executor.TestExecutorService$TestEventHandler)] because the executor is missing. Is this process shutting down?
24/04/26 01:58:59 INFO wasp.WaspTestingUtility: Starting up minicluster with 1 master(s) and 3 fserver(s) 
Starting DataNode 0 with dfs.data.dir: /home/alex/Repositories/wasp/target/test-data/6c63e1ba-f7fb-4d03-af25-c6461c43abe9/dfscluster_68a5bef5-b77f-437a-b1fc-3c376cad3aca/dfs/data/data1,/home/alex/Repositories/wasp/target/test-data/6c63e1ba-f7fb-4d03-af25-c6461c43abe9/dfscluster_68a5bef5-b77f-437a-b1fc-3c376cad3aca/dfs/data/data2
24/04/26 01:59:00 ERROR datanode.DataNode: All directories in dfs.data.dir are invalid.
24/04/26 01:59:00 INFO wasp.WaspTestingUtility: Shutting down mini wasp cluster
24/04/26 01:59:00 INFO wasp.WaspTestingUtility: Minicluster is down
java.lang.NullPointerException
	at org.apache.hadoop.hdfs.MiniDFSCluster.startDataNodes(MiniDFSCluster.java:422)
	at org.apache.hadoop.hdfs.MiniDFSCluster.<init>(MiniDFSCluster.java:280)
	at org.apache.hadoop.hbase.HBaseTestingUtility.startMiniDFSCluster(HBaseTestingUtility.java:451)
	at org.apache.hadoop.hbase.HBaseTestingUtility.startMiniCluster(HBaseTestingUtility.java:619)
	at org.apache.hadoop.hbase.HBaseTestingUtility.startMiniCluster(HBaseTestingUtility.java:575)
	at com.alibaba.wasp.WaspTestingUtility.startMiniCluster(WaspTestingUtility.java:172)
	at com.alibaba.wasp.WaspTestingUtility.startMiniCluster(WaspTestingUtility.java:144)
	at com.alibaba.wasp.fserver.TestEntityGroup.setUpBeforeClass(TestEntityGroup.java:97)
	at sun.reflect.NativeMethodAccessorImpl.invoke0(Native Method)
	at sun.reflect.NativeMethodAccessorImpl.invoke(NativeMethodAccessorImpl.java:62)
	at sun.reflect.DelegatingMethodAccessorImpl.invoke(DelegatingMethodAccessorImpl.java:43)
	at java.lang.reflect.Method.invoke(Method.java:498)
	at org.junit.runners.model.FrameworkMethod$1.runReflectiveCall(FrameworkMethod.java:45)
	at org.junit.internal.runners.model.ReflectiveCallable.run(ReflectiveCallable.java:15)
	at org.junit.runners.model.FrameworkMethod.invokeExplosively(FrameworkMethod.java:42)
	at org.junit.internal.runners.statements.RunBefores.evaluate(RunBefores.java:27)
	at org.junit.internal.runners.statements.RunAfters.evaluate(RunAfters.java:30)
	at org.junit.runners.ParentRunner.run(ParentRunner.java:300)
	at org.junit.runners.Suite.runChild(Suite.java:128)
	at org.junit.runners.Suite.runChild(Suite.java:24)
	at org.junit.runners.ParentRunner$3.run(ParentRunner.java:231)
	at org.junit.runners.ParentRunner$1.schedule(ParentRunner.java:60)
	at org.junit.runners.ParentRunner.runChildren(ParentRunner.java:229)
	at org.junit.runners.ParentRunner.access$000(ParentRunner.java:50)
	at org.junit.runners.ParentRunner$2.evaluate(ParentRunner.java:222)
	at org.junit.runners.ParentRunner.run(ParentRunner.java:300)
	at org.junit.runner.JUnitCore.run(JUnitCore.java:157)
	at org.junit.runner.JUnitCore.run(JUnitCore.java:136)
	at edu.illinois.cs.testrunner.execution.JUnitTestExecutor.execute(JUnitTestExecutor.java:259)
	at edu.illinois.cs.testrunner.execution.JUnitTestExecutor.executeWithJUnit4Runner(JUnitTestExecutor.java:327)
	at edu.illinois.cs.testrunner.execution.JUnitTestExecutor.runOrder(JUnitTestExecutor.java:49)
	at edu.illinois.cs.testrunner.execution.Executor$.$anonfun$run$1(Executor.scala:30)
	at scala.runtime.java8.JFunction0$mcV$sp.apply(JFunction0$mcV$sp.java:12)
	at scala.util.Try$.apply(Try.scala:209)
	at edu.illinois.cs.testrunner.execution.Executor$.run(Executor.scala:28)
	at edu.illinois.cs.testrunner.execution.Executor$.main(Executor.scala:18)
	at edu.illinois.cs.testrunner.execution.Executor.main(Executor.scala)
24/04/26 01:59:00 DEBUG druid.DruidParser: Parsing SQL CREATE TABLE User { Required Int64 user_id; Required String name; Optional DOUBLE value; }  primary key(user_id),  entity group root, entity group key(user_id);
24/04/26 01:59:00 DEBUG druid.DruidDDLParser: CreateTablePlan CreateTablePlan [table=CREATE TABLE User { 
  REQUIRED INT64 user_id COLUMNFAMILY d;
  REQUIRED STRING name COLUMNFAMILY d;
  OPTIONAL DOUBLE value COLUMNFAMILY d;
} 
PRIMARY KEY(user_id),
ENTITY GROUP ROOT,
ENTITY GROUP KEY(user_id);
, splitKeys=null]
24/04/26 01:59:00 DEBUG fserver.MetricsEntityGroupSourceImpl: Creating new MetricsEntityGroupSourceImpl for table User 84c8af103c5b81a19d00a58cb3c70533
24/04/26 01:59:00 DEBUG fserver.EntityGroup: Instantiated User,,1714093140208.84c8af103c5b81a19d00a58cb3c70533.
Exception in thread "Thread-51" java.lang.NullPointerException
	at com.alibaba.wasp.fserver.EntityGroup.run(EntityGroup.java:1264)
	at java.lang.Thread.run(Thread.java:750)
24/04/26 01:59:00 DEBUG druid.DruidParser: Parsing SQL DELETE FROM User WHERE user_id = 123;
24/04/26 01:59:00 DEBUG druid.DruidDMLParser: UPDATE SQL From clause User
24/04/26 01:59:00 DEBUG druid.DruidDMLParser: UPDATE SQL where user_id = 123
24/04/26 01:59:00 DEBUG druid.DruidDMLParser: DeletePlan DeletePlan [actions=[DeleteAction [tableName=User, primayKey=[0, 0, 0, 0, 0, 0, 0, 123]]]]
24/04/26 01:59:00 ERROR fserver.EntityGroup: PrepareDeleteEntity failed.
java.lang.NullPointerException
	at com.alibaba.wasp.storage.StorageServicesImpl.getRowBeforeDelete(StorageServicesImpl.java:90)
	at com.alibaba.wasp.fserver.EntityGroup.prepareDeleteEntity(EntityGroup.java:800)
	at com.alibaba.wasp.fserver.EntityGroup.delete(EntityGroup.java:769)
	at com.alibaba.wasp.fserver.TestEntityGroupAlone.testDelete(TestEntityGroupAlone.java:147)
	at sun.reflect.NativeMethodAccessorImpl.invoke0(Native Method)
	at sun.reflect.NativeMethodAccessorImpl.invoke(NativeMethodAccessorImpl.java:62)
	at sun.reflect.DelegatingMethodAccessorImpl.invoke(DelegatingMethodAccessorImpl.java:43)
	at java.lang.reflect.Method.invoke(Method.java:498)
	at org.junit.runners.model.FrameworkMethod$1.runReflectiveCall(FrameworkMethod.java:45)
	at org.junit.internal.runners.model.ReflectiveCallable.run(ReflectiveCallable.java:15)
	at org.junit.runners.model.FrameworkMethod.invokeExplosively(FrameworkMethod.java:42)
	at org.junit.internal.runners.statements.InvokeMethod.evaluate(InvokeMethod.java:20)
	at org.junit.internal.runners.statements.RunBefores.evaluate(RunBefores.java:28)
	at org.junit.internal.runners.statements.RunAfters.evaluate(RunAfters.java:30)
	at org.junit.runners.ParentRunner.runLeaf(ParentRunner.java:263)
	at org.junit.runners.BlockJUnit4ClassRunner.runChild(BlockJUnit4ClassRunner.java:68)
	at org.junit.runners.BlockJUnit4ClassRunner.runChild(BlockJUnit4ClassRunner.java:47)
	at org.junit.runners.ParentRunner$3.run(ParentRunner.java:231)
	at org.junit.runners.ParentRunner$1.schedule(ParentRunner.java:60)
	at org.junit.runners.ParentRunner.runChildren(ParentRunner.java:229)
	at org.junit.runners.ParentRunner.access$000(ParentRunner.java:50)
	at org.junit.runners.ParentRunner$2.evaluate(ParentRunner.java:222)
	at org.junit.internal.runners.statements.RunBefores.evaluate(RunBefores.java:28)
	at org.junit.internal.runners.statements.RunAfters.evaluate(RunAfters.java:30)
	at org.junit.runners.ParentRunner.run(ParentRunner.java:300)
	at org.junit.runners.Suite.runChild(Suite.java:128)
	at org.junit.runners.Suite.runChild(Suite.java:24)
	at org.junit.runners.ParentRunner$3.run(ParentRunner.java:231)
	at org.junit.runners.ParentRunner$1.schedule(ParentRunner.java:60)
	at org.junit.runners.ParentRunner.runChildren(ParentRunner.java:229)
	at org.junit.runners.ParentRunner.access$000(ParentRunner.java:50)
	at org.junit.runners.ParentRunner$2.evaluate(ParentRunner.java:222)
	at org.junit.runners.ParentRunner.run(ParentRunner.java:300)
	at org.junit.runner.JUnitCore.run(JUnitCore.java:157)
	at org.junit.runner.JUnitCore.run(JUnitCore.java:136)
	at edu.illinois.cs.testrunner.execution.JUnitTestExecutor.execute(JUnitTestExecutor.java:259)
	at edu.illinois.cs.testrunner.execution.JUnitTestExecutor.executeWithJUnit4Runner(JUnitTestExecutor.java:327)
	at edu.illinois.cs.testrunner.execution.JUnitTestExecutor.runOrder(JUnitTestExecutor.java:49)
	at edu.illinois.cs.testrunner.execution.Executor$.$anonfun$run$1(Executor.scala:30)
	at scala.runtime.java8.JFunction0$mcV$sp.apply(JFunction0$mcV$sp.java:12)
	at scala.util.Try$.apply(Try.scala:209)
	at edu.illinois.cs.testrunner.execution.Executor$.run(Executor.scala:28)
	at edu.illinois.cs.testrunner.execution.Executor$.main(Executor.scala:18)
	at edu.illinois.cs.testrunner.execution.Executor.main(Executor.scala)
24/04/26 01:59:00 DEBUG druid.DruidParser: Parsing SQL Insert into User(user_id,name) values(1,'binlijin');
24/04/26 01:59:00 DEBUG druid.DruidDMLParser: INSERT SQL TableSource User
24/04/26 01:59:00 DEBUG druid.DruidDMLParser: From table User
24/04/26 01:59:00 DEBUG druid.DruidDMLParser:  SQLInsertItem user_id
24/04/26 01:59:00 DEBUG druid.DruidDMLParser:  SQLInsertItem name
24/04/26 01:59:00 DEBUG druid.DruidDMLParser: INSERT SQL Insert columns [user_id, name]
24/04/26 01:59:00 DEBUG druid.DruidDMLParser: INSERT SQL Insert Values List [ VALUES (1, 'binlijin')]
24/04/26 01:59:00 DEBUG druid.DruidDMLParser: InsertPlan InsertPlan [actions=[InsertAction [tableName=User, primayKey=[0, 0, 0, 0, 0, 0, 0, 1], columns=[ColumnAction [tableName=User, familyName=d, columnName=user_id, value=[0, 0, 0, 0, 0, 0, 0, 1], isIndex=false], ColumnAction [tableName=User, familyName=d, columnName=name, value=[98, 105, 110, 108, 105, 106, 105, 110], isIndex=false]]]]]
24/04/26 01:59:00 DEBUG fserver.EntityGroup: prepareInsertEntity indexs:[]
24/04/26 01:59:00 ERROR fserver.EntityGroup: PrepareInsertEntity failed.
java.lang.NullPointerException
	at com.alibaba.wasp.storage.StorageServicesImpl.checkRowExistsBeforeInsert(StorageServicesImpl.java:66)
	at com.alibaba.wasp.fserver.EntityGroup.prepareInsertEntity(EntityGroup.java:548)
	at com.alibaba.wasp.fserver.EntityGroup.insert(EntityGroup.java:412)
	at com.alibaba.wasp.fserver.TestEntityGroupAlone.testInsert(TestEntityGroupAlone.java:105)
	at sun.reflect.NativeMethodAccessorImpl.invoke0(Native Method)
	at sun.reflect.NativeMethodAccessorImpl.invoke(NativeMethodAccessorImpl.java:62)
	at sun.reflect.DelegatingMethodAccessorImpl.invoke(DelegatingMethodAccessorImpl.java:43)
	at java.lang.reflect.Method.invoke(Method.java:498)
	at org.junit.runners.model.FrameworkMethod$1.runReflectiveCall(FrameworkMethod.java:45)
	at org.junit.internal.runners.model.ReflectiveCallable.run(ReflectiveCallable.java:15)
	at org.junit.runners.model.FrameworkMethod.invokeExplosively(FrameworkMethod.java:42)
	at org.junit.internal.runners.statements.InvokeMethod.evaluate(InvokeMethod.java:20)
	at org.junit.internal.runners.statements.RunBefores.evaluate(RunBefores.java:28)
	at org.junit.internal.runners.statements.RunAfters.evaluate(RunAfters.java:30)
	at org.junit.runners.ParentRunner.runLeaf(ParentRunner.java:263)
	at org.junit.runners.BlockJUnit4ClassRunner.runChild(BlockJUnit4ClassRunner.java:68)
	at org.junit.runners.BlockJUnit4ClassRunner.runChild(BlockJUnit4ClassRunner.java:47)
	at org.junit.runners.ParentRunner$3.run(ParentRunner.java:231)
	at org.junit.runners.ParentRunner$1.schedule(ParentRunner.java:60)
	at org.junit.runners.ParentRunner.runChildren(ParentRunner.java:229)
	at org.junit.runners.ParentRunner.access$000(ParentRunner.java:50)
	at org.junit.runners.ParentRunner$2.evaluate(ParentRunner.java:222)
	at org.junit.internal.runners.statements.RunBefores.evaluate(RunBefores.java:28)
	at org.junit.internal.runners.statements.RunAfters.evaluate(RunAfters.java:30)
	at org.junit.runners.ParentRunner.run(ParentRunner.java:300)
	at org.junit.runners.Suite.runChild(Suite.java:128)
	at org.junit.runners.Suite.runChild(Suite.java:24)
	at org.junit.runners.ParentRunner$3.run(ParentRunner.java:231)
	at org.junit.runners.ParentRunner$1.schedule(ParentRunner.java:60)
	at org.junit.runners.ParentRunner.runChildren(ParentRunner.java:229)
	at org.junit.runners.ParentRunner.access$000(ParentRunner.java:50)
	at org.junit.runners.ParentRunner$2.evaluate(ParentRunner.java:222)
	at org.junit.runners.ParentRunner.run(ParentRunner.java:300)
	at org.junit.runner.JUnitCore.run(JUnitCore.java:157)
	at org.junit.runner.JUnitCore.run(JUnitCore.java:136)
	at edu.illinois.cs.testrunner.execution.JUnitTestExecutor.execute(JUnitTestExecutor.java:259)
	at edu.illinois.cs.testrunner.execution.JUnitTestExecutor.executeWithJUnit4Runner(JUnitTestExecutor.java:327)
	at edu.illinois.cs.testrunner.execution.JUnitTestExecutor.runOrder(JUnitTestExecutor.java:49)
	at edu.illinois.cs.testrunner.execution.Executor$.$anonfun$run$1(Executor.scala:30)
	at scala.runtime.java8.JFunction0$mcV$sp.apply(JFunction0$mcV$sp.java:12)
	at scala.util.Try$.apply(Try.scala:209)
	at edu.illinois.cs.testrunner.execution.Executor$.run(Executor.scala:28)
	at edu.illinois.cs.testrunner.execution.Executor$.main(Executor.scala:18)
	at edu.illinois.cs.testrunner.execution.Executor.main(Executor.scala)
24/04/26 01:59:00 DEBUG druid.DruidParser: Parsing SQL UPDATE User SET name = 'Mike' WHERE user_id = 123;
24/04/26 01:59:00 DEBUG druid.DruidDMLParser: UPDATE SQL From clause User
24/04/26 01:59:00 DEBUG druid.DruidDMLParser: UPDATE SQL where user_id = 123
24/04/26 01:59:00 DEBUG druid.DruidDMLParser: UpdatePlan UpdatePlan [actions=[UpdateAction [primayKey=[0, 0, 0, 0, 0, 0, 0, 123], tableName=User, columns=[ColumnAction [tableName=User, familyName=d, columnName=name, value=[77, 105, 107, 101], isIndex=false]]]]]
24/04/26 01:59:00 ERROR fserver.EntityGroup: PrepareUpdateEntity failed.
java.lang.NullPointerException
	at com.alibaba.wasp.storage.StorageServicesImpl.getRowBeforeUpdate(StorageServicesImpl.java:75)
	at com.alibaba.wasp.fserver.EntityGroup.prepareUpdateEntity(EntityGroup.java:674)
	at com.alibaba.wasp.fserver.EntityGroup.update(EntityGroup.java:607)
	at com.alibaba.wasp.fserver.TestEntityGroupAlone.testUpdate(TestEntityGroupAlone.java:126)
	at sun.reflect.NativeMethodAccessorImpl.invoke0(Native Method)
	at sun.reflect.NativeMethodAccessorImpl.invoke(NativeMethodAccessorImpl.java:62)
	at sun.reflect.DelegatingMethodAccessorImpl.invoke(DelegatingMethodAccessorImpl.java:43)
	at java.lang.reflect.Method.invoke(Method.java:498)
	at org.junit.runners.model.FrameworkMethod$1.runReflectiveCall(FrameworkMethod.java:45)
	at org.junit.internal.runners.model.ReflectiveCallable.run(ReflectiveCallable.java:15)
	at org.junit.runners.model.FrameworkMethod.invokeExplosively(FrameworkMethod.java:42)
	at org.junit.internal.runners.statements.InvokeMethod.evaluate(InvokeMethod.java:20)
	at org.junit.internal.runners.statements.RunBefores.evaluate(RunBefores.java:28)
	at org.junit.internal.runners.statements.RunAfters.evaluate(RunAfters.java:30)
	at org.junit.runners.ParentRunner.runLeaf(ParentRunner.java:263)
	at org.junit.runners.BlockJUnit4ClassRunner.runChild(BlockJUnit4ClassRunner.java:68)
	at org.junit.runners.BlockJUnit4ClassRunner.runChild(BlockJUnit4ClassRunner.java:47)
	at org.junit.runners.ParentRunner$3.run(ParentRunner.java:231)
	at org.junit.runners.ParentRunner$1.schedule(ParentRunner.java:60)
	at org.junit.runners.ParentRunner.runChildren(ParentRunner.java:229)
	at org.junit.runners.ParentRunner.access$000(ParentRunner.java:50)
	at org.junit.runners.ParentRunner$2.evaluate(ParentRunner.java:222)
	at org.junit.internal.runners.statements.RunBefores.evaluate(RunBefores.java:28)
	at org.junit.internal.runners.statements.RunAfters.evaluate(RunAfters.java:30)
	at org.junit.runners.ParentRunner.run(ParentRunner.java:300)
	at org.junit.runners.Suite.runChild(Suite.java:128)
	at org.junit.runners.Suite.runChild(Suite.java:24)
	at org.junit.runners.ParentRunner$3.run(ParentRunner.java:231)
	at org.junit.runners.ParentRunner$1.schedule(ParentRunner.java:60)
	at org.junit.runners.ParentRunner.runChildren(ParentRunner.java:229)
	at org.junit.runners.ParentRunner.access$000(ParentRunner.java:50)
	at org.junit.runners.ParentRunner$2.evaluate(ParentRunner.java:222)
	at org.junit.runners.ParentRunner.run(ParentRunner.java:300)
	at org.junit.runner.JUnitCore.run(JUnitCore.java:157)
	at org.junit.runner.JUnitCore.run(JUnitCore.java:136)
	at edu.illinois.cs.testrunner.execution.JUnitTestExecutor.execute(JUnitTestExecutor.java:259)
	at edu.illinois.cs.testrunner.execution.JUnitTestExecutor.executeWithJUnit4Runner(JUnitTestExecutor.java:327)
	at edu.illinois.cs.testrunner.execution.JUnitTestExecutor.runOrder(JUnitTestExecutor.java:49)
	at edu.illinois.cs.testrunner.execution.Executor$.$anonfun$run$1(Executor.scala:30)
	at scala.runtime.java8.JFunction0$mcV$sp.apply(JFunction0$mcV$sp.java:12)
	at scala.util.Try$.apply(Try.scala:209)
	at edu.illinois.cs.testrunner.execution.Executor$.run(Executor.scala:28)
	at edu.illinois.cs.testrunner.execution.Executor$.main(Executor.scala:18)
	at edu.illinois.cs.testrunner.execution.Executor.main(Executor.scala)



Before setUpBeforeClass



24/04/26 01:59:00 INFO wasp.WaspTestingUtility: Starting up minicluster with 1 master(s) and 3 fserver(s) 
Starting DataNode 0 with dfs.data.dir: /home/alex/Repositories/wasp/target/test-data/62be6d66-7c24-485a-b38f-7f8ed72838c7/dfscluster_9e648027-9808-46ea-bc4c-9b0db3750d00/dfs/data/data1,/home/alex/Repositories/wasp/target/test-data/62be6d66-7c24-485a-b38f-7f8ed72838c7/dfscluster_9e648027-9808-46ea-bc4c-9b0db3750d00/dfs/data/data2
24/04/26 01:59:00 ERROR datanode.DataNode: All directories in dfs.data.dir are invalid.
24/04/26 01:59:00 INFO wasp.WaspTestingUtility: Shutting down mini wasp cluster
24/04/26 01:59:00 INFO wasp.WaspTestingUtility: Minicluster is down
java.lang.NullPointerException
	at org.apache.hadoop.hdfs.MiniDFSCluster.startDataNodes(MiniDFSCluster.java:422)
	at org.apache.hadoop.hdfs.MiniDFSCluster.<init>(MiniDFSCluster.java:280)
	at org.apache.hadoop.hbase.HBaseTestingUtility.startMiniDFSCluster(HBaseTestingUtility.java:451)
	at org.apache.hadoop.hbase.HBaseTestingUtility.startMiniCluster(HBaseTestingUtility.java:619)
	at org.apache.hadoop.hbase.HBaseTestingUtility.startMiniCluster(HBaseTestingUtility.java:575)
	at com.alibaba.wasp.WaspTestingUtility.startMiniCluster(WaspTestingUtility.java:172)
	at com.alibaba.wasp.WaspTestingUtility.startMiniCluster(WaspTestingUtility.java:144)
	at com.alibaba.wasp.fserver.TestEntityGroupOnCluster.setUpBeforeClass(TestEntityGroupOnCluster.java:90)
	at sun.reflect.NativeMethodAccessorImpl.invoke0(Native Method)
	at sun.reflect.NativeMethodAccessorImpl.invoke(NativeMethodAccessorImpl.java:62)
	at sun.reflect.DelegatingMethodAccessorImpl.invoke(DelegatingMethodAccessorImpl.java:43)
	at java.lang.reflect.Method.invoke(Method.java:498)
	at org.junit.runners.model.FrameworkMethod$1.runReflectiveCall(FrameworkMethod.java:45)
	at org.junit.internal.runners.model.ReflectiveCallable.run(ReflectiveCallable.java:15)
	at org.junit.runners.model.FrameworkMethod.invokeExplosively(FrameworkMethod.java:42)
	at org.junit.internal.runners.statements.RunBefores.evaluate(RunBefores.java:27)
	at org.junit.internal.runners.statements.RunAfters.evaluate(RunAfters.java:30)
	at org.junit.runners.ParentRunner.run(ParentRunner.java:300)
	at org.junit.runners.Suite.runChild(Suite.java:128)
	at org.junit.runners.Suite.runChild(Suite.java:24)
	at org.junit.runners.ParentRunner$3.run(ParentRunner.java:231)
	at org.junit.runners.ParentRunner$1.schedule(ParentRunner.java:60)
	at org.junit.runners.ParentRunner.runChildren(ParentRunner.java:229)
	at org.junit.runners.ParentRunner.access$000(ParentRunner.java:50)
	at org.junit.runners.ParentRunner$2.evaluate(ParentRunner.java:222)
	at org.junit.runners.ParentRunner.run(ParentRunner.java:300)
	at org.junit.runner.JUnitCore.run(JUnitCore.java:157)
	at org.junit.runner.JUnitCore.run(JUnitCore.java:136)
	at edu.illinois.cs.testrunner.execution.JUnitTestExecutor.execute(JUnitTestExecutor.java:259)
	at edu.illinois.cs.testrunner.execution.JUnitTestExecutor.executeWithJUnit4Runner(JUnitTestExecutor.java:327)
	at edu.illinois.cs.testrunner.execution.JUnitTestExecutor.runOrder(JUnitTestExecutor.java:49)
	at edu.illinois.cs.testrunner.execution.Executor$.$anonfun$run$1(Executor.scala:30)
	at scala.runtime.java8.JFunction0$mcV$sp.apply(JFunction0$mcV$sp.java:12)
	at scala.util.Try$.apply(Try.scala:209)
	at edu.illinois.cs.testrunner.execution.Executor$.run(Executor.scala:28)
	at edu.illinois.cs.testrunner.execution.Executor$.main(Executor.scala:18)
	at edu.illinois.cs.testrunner.execution.Executor.main(Executor.scala)
24/04/26 01:59:00 INFO wasp.WaspTestingUtility: Starting up minicluster with 1 master(s) and 1 fserver(s) 
Starting DataNode 0 with dfs.data.dir: /home/alex/Repositories/wasp/target/test-data/de194448-9c32-48fb-ace5-5e0be97068d1/dfscluster_ac3ee720-6505-4975-a751-e5fc8f3e8c3e/dfs/data/data1,/home/alex/Repositories/wasp/target/test-data/de194448-9c32-48fb-ace5-5e0be97068d1/dfscluster_ac3ee720-6505-4975-a751-e5fc8f3e8c3e/dfs/data/data2
24/04/26 01:59:00 ERROR datanode.DataNode: All directories in dfs.data.dir are invalid.
24/04/26 01:59:00 INFO wasp.WaspTestingUtility: Shutting down mini wasp cluster
24/04/26 01:59:00 INFO wasp.WaspTestingUtility: Minicluster is down
java.lang.NullPointerException
	at org.apache.hadoop.hdfs.MiniDFSCluster.startDataNodes(MiniDFSCluster.java:422)
	at org.apache.hadoop.hdfs.MiniDFSCluster.<init>(MiniDFSCluster.java:280)
	at org.apache.hadoop.hbase.HBaseTestingUtility.startMiniDFSCluster(HBaseTestingUtility.java:451)
	at org.apache.hadoop.hbase.HBaseTestingUtility.startMiniCluster(HBaseTestingUtility.java:619)
	at org.apache.hadoop.hbase.HBaseTestingUtility.startMiniCluster(HBaseTestingUtility.java:575)
	at com.alibaba.wasp.WaspTestingUtility.startMiniCluster(WaspTestingUtility.java:172)
	at com.alibaba.wasp.WaspTestingUtility.startMiniCluster(WaspTestingUtility.java:144)
	at com.alibaba.wasp.fserver.TestSplitTransaction.before(TestSplitTransaction.java:67)
	at sun.reflect.NativeMethodAccessorImpl.invoke0(Native Method)
	at sun.reflect.NativeMethodAccessorImpl.invoke(NativeMethodAccessorImpl.java:62)
	at sun.reflect.DelegatingMethodAccessorImpl.invoke(DelegatingMethodAccessorImpl.java:43)
	at java.lang.reflect.Method.invoke(Method.java:498)
	at org.junit.runners.model.FrameworkMethod$1.runReflectiveCall(FrameworkMethod.java:45)
	at org.junit.internal.runners.model.ReflectiveCallable.run(ReflectiveCallable.java:15)
	at org.junit.runners.model.FrameworkMethod.invokeExplosively(FrameworkMethod.java:42)
	at org.junit.internal.runners.statements.RunBefores.evaluate(RunBefores.java:27)
	at org.junit.internal.runners.statements.RunAfters.evaluate(RunAfters.java:30)
	at org.junit.runners.ParentRunner.run(ParentRunner.java:300)
	at org.junit.runners.Suite.runChild(Suite.java:128)
	at org.junit.runners.Suite.runChild(Suite.java:24)
	at org.junit.runners.ParentRunner$3.run(ParentRunner.java:231)
	at org.junit.runners.ParentRunner$1.schedule(ParentRunner.java:60)
	at org.junit.runners.ParentRunner.runChildren(ParentRunner.java:229)
	at org.junit.runners.ParentRunner.access$000(ParentRunner.java:50)
	at org.junit.runners.ParentRunner$2.evaluate(ParentRunner.java:222)
	at org.junit.runners.ParentRunner.run(ParentRunner.java:300)
	at org.junit.runner.JUnitCore.run(JUnitCore.java:157)
	at org.junit.runner.JUnitCore.run(JUnitCore.java:136)
	at edu.illinois.cs.testrunner.execution.JUnitTestExecutor.execute(JUnitTestExecutor.java:259)
	at edu.illinois.cs.testrunner.execution.JUnitTestExecutor.executeWithJUnit4Runner(JUnitTestExecutor.java:327)
	at edu.illinois.cs.testrunner.execution.JUnitTestExecutor.runOrder(JUnitTestExecutor.java:49)
	at edu.illinois.cs.testrunner.execution.Executor$.$anonfun$run$1(Executor.scala:30)
	at scala.runtime.java8.JFunction0$mcV$sp.apply(JFunction0$mcV$sp.java:12)
	at scala.util.Try$.apply(Try.scala:209)
	at edu.illinois.cs.testrunner.execution.Executor$.run(Executor.scala:28)
	at edu.illinois.cs.testrunner.execution.Executor$.main(Executor.scala:18)
	at edu.illinois.cs.testrunner.execution.Executor.main(Executor.scala)
24/04/26 01:59:00 INFO wasp.WaspTestingUtility: Starting up minicluster with 1 master(s) and 5 fserver(s) 
Starting DataNode 0 with dfs.data.dir: /home/alex/Repositories/wasp/target/test-data/639d1d3f-8164-4ac5-9fe8-00eb8fcebf61/dfscluster_97e16ca5-ca0c-4e8a-8276-71ddc8b2fbd3/dfs/data/data1,/home/alex/Repositories/wasp/target/test-data/639d1d3f-8164-4ac5-9fe8-00eb8fcebf61/dfscluster_97e16ca5-ca0c-4e8a-8276-71ddc8b2fbd3/dfs/data/data2
24/04/26 01:59:01 ERROR datanode.DataNode: All directories in dfs.data.dir are invalid.
24/04/26 01:59:01 INFO wasp.WaspTestingUtility: Shutting down mini wasp cluster
24/04/26 01:59:01 INFO wasp.WaspTestingUtility: Minicluster is down
java.lang.NullPointerException
	at org.apache.hadoop.hdfs.MiniDFSCluster.startDataNodes(MiniDFSCluster.java:422)
	at org.apache.hadoop.hdfs.MiniDFSCluster.<init>(MiniDFSCluster.java:280)
	at org.apache.hadoop.hbase.HBaseTestingUtility.startMiniDFSCluster(HBaseTestingUtility.java:451)
	at org.apache.hadoop.hbase.HBaseTestingUtility.startMiniCluster(HBaseTestingUtility.java:619)
	at org.apache.hadoop.hbase.HBaseTestingUtility.startMiniCluster(HBaseTestingUtility.java:575)
	at com.alibaba.wasp.WaspTestingUtility.startMiniCluster(WaspTestingUtility.java:172)
	at com.alibaba.wasp.WaspTestingUtility.startMiniCluster(WaspTestingUtility.java:144)
	at com.alibaba.wasp.fserver.TestSplitTransactionOnCluster.before(TestSplitTransactionOnCluster.java:95)
	at sun.reflect.NativeMethodAccessorImpl.invoke0(Native Method)
	at sun.reflect.NativeMethodAccessorImpl.invoke(NativeMethodAccessorImpl.java:62)
	at sun.reflect.DelegatingMethodAccessorImpl.invoke(DelegatingMethodAccessorImpl.java:43)
	at java.lang.reflect.Method.invoke(Method.java:498)
	at org.junit.runners.model.FrameworkMethod$1.runReflectiveCall(FrameworkMethod.java:45)
	at org.junit.internal.runners.model.ReflectiveCallable.run(ReflectiveCallable.java:15)
	at org.junit.runners.model.FrameworkMethod.invokeExplosively(FrameworkMethod.java:42)
	at org.junit.internal.runners.statements.RunBefores.evaluate(RunBefores.java:27)
	at org.junit.internal.runners.statements.RunAfters.evaluate(RunAfters.java:30)
	at org.junit.runners.ParentRunner.run(ParentRunner.java:300)
	at org.junit.runners.Suite.runChild(Suite.java:128)
	at org.junit.runners.Suite.runChild(Suite.java:24)
	at org.junit.runners.ParentRunner$3.run(ParentRunner.java:231)
	at org.junit.runners.ParentRunner$1.schedule(ParentRunner.java:60)
	at org.junit.runners.ParentRunner.runChildren(ParentRunner.java:229)
	at org.junit.runners.ParentRunner.access$000(ParentRunner.java:50)
	at org.junit.runners.ParentRunner$2.evaluate(ParentRunner.java:222)
	at org.junit.runners.ParentRunner.run(ParentRunner.java:300)
	at org.junit.runner.JUnitCore.run(JUnitCore.java:157)
	at org.junit.runner.JUnitCore.run(JUnitCore.java:136)
	at edu.illinois.cs.testrunner.execution.JUnitTestExecutor.execute(JUnitTestExecutor.java:259)
	at edu.illinois.cs.testrunner.execution.JUnitTestExecutor.executeWithJUnit4Runner(JUnitTestExecutor.java:327)
	at edu.illinois.cs.testrunner.execution.JUnitTestExecutor.runOrder(JUnitTestExecutor.java:49)
	at edu.illinois.cs.testrunner.execution.Executor$.$anonfun$run$1(Executor.scala:30)
	at scala.runtime.java8.JFunction0$mcV$sp.apply(JFunction0$mcV$sp.java:12)
	at scala.util.Try$.apply(Try.scala:209)
	at edu.illinois.cs.testrunner.execution.Executor$.run(Executor.scala:28)
	at edu.illinois.cs.testrunner.execution.Executor$.main(Executor.scala:18)
	at edu.illinois.cs.testrunner.execution.Executor.main(Executor.scala)
24/04/26 01:59:01 INFO wasp.WaspTestingUtility: Starting up minicluster with 1 master(s) and 3 fserver(s) 
Starting DataNode 0 with dfs.data.dir: /home/alex/Repositories/wasp/target/test-data/4a136d9d-9766-4812-a44d-57556c9a26c5/dfscluster_f97032d6-8506-4fbc-8ac8-9cb6a8b3ce74/dfs/data/data1,/home/alex/Repositories/wasp/target/test-data/4a136d9d-9766-4812-a44d-57556c9a26c5/dfscluster_f97032d6-8506-4fbc-8ac8-9cb6a8b3ce74/dfs/data/data2
24/04/26 01:59:01 ERROR datanode.DataNode: All directories in dfs.data.dir are invalid.
24/04/26 01:59:01 INFO wasp.WaspTestingUtility: Shutting down mini wasp cluster
24/04/26 01:59:01 INFO wasp.WaspTestingUtility: Minicluster is down
java.lang.NullPointerException
	at org.apache.hadoop.hdfs.MiniDFSCluster.startDataNodes(MiniDFSCluster.java:422)
	at org.apache.hadoop.hdfs.MiniDFSCluster.<init>(MiniDFSCluster.java:280)
	at org.apache.hadoop.hbase.HBaseTestingUtility.startMiniDFSCluster(HBaseTestingUtility.java:451)
	at org.apache.hadoop.hbase.HBaseTestingUtility.startMiniCluster(HBaseTestingUtility.java:619)
	at org.apache.hadoop.hbase.HBaseTestingUtility.startMiniCluster(HBaseTestingUtility.java:575)
	at com.alibaba.wasp.WaspTestingUtility.startMiniCluster(WaspTestingUtility.java:172)
	at com.alibaba.wasp.WaspTestingUtility.startMiniCluster(WaspTestingUtility.java:144)
	at com.alibaba.wasp.fserver.TestTwoPhaseCommit.setUpBeforeClass(TestTwoPhaseCommit.java:73)
	at sun.reflect.NativeMethodAccessorImpl.invoke0(Native Method)
	at sun.reflect.NativeMethodAccessorImpl.invoke(NativeMethodAccessorImpl.java:62)
	at sun.reflect.DelegatingMethodAccessorImpl.invoke(DelegatingMethodAccessorImpl.java:43)
	at java.lang.reflect.Method.invoke(Method.java:498)
	at org.junit.runners.model.FrameworkMethod$1.runReflectiveCall(FrameworkMethod.java:45)
	at org.junit.internal.runners.model.ReflectiveCallable.run(ReflectiveCallable.java:15)
	at org.junit.runners.model.FrameworkMethod.invokeExplosively(FrameworkMethod.java:42)
	at org.junit.internal.runners.statements.RunBefores.evaluate(RunBefores.java:27)
	at org.junit.internal.runners.statements.RunAfters.evaluate(RunAfters.java:30)
	at org.junit.runners.ParentRunner.run(ParentRunner.java:300)
	at org.junit.runners.Suite.runChild(Suite.java:128)
	at org.junit.runners.Suite.runChild(Suite.java:24)
	at org.junit.runners.ParentRunner$3.run(ParentRunner.java:231)
	at org.junit.runners.ParentRunner$1.schedule(ParentRunner.java:60)
	at org.junit.runners.ParentRunner.runChildren(ParentRunner.java:229)
	at org.junit.runners.ParentRunner.access$000(ParentRunner.java:50)
	at org.junit.runners.ParentRunner$2.evaluate(ParentRunner.java:222)
	at org.junit.runners.ParentRunner.run(ParentRunner.java:300)
	at org.junit.runner.JUnitCore.run(JUnitCore.java:157)
	at org.junit.runner.JUnitCore.run(JUnitCore.java:136)
	at edu.illinois.cs.testrunner.execution.JUnitTestExecutor.execute(JUnitTestExecutor.java:259)
	at edu.illinois.cs.testrunner.execution.JUnitTestExecutor.executeWithJUnit4Runner(JUnitTestExecutor.java:327)
	at edu.illinois.cs.testrunner.execution.JUnitTestExecutor.runOrder(JUnitTestExecutor.java:49)
	at edu.illinois.cs.testrunner.execution.Executor$.$anonfun$run$1(Executor.scala:30)
	at scala.runtime.java8.JFunction0$mcV$sp.apply(JFunction0$mcV$sp.java:12)
	at scala.util.Try$.apply(Try.scala:209)
	at edu.illinois.cs.testrunner.execution.Executor$.run(Executor.scala:28)
	at edu.illinois.cs.testrunner.execution.Executor$.main(Executor.scala:18)
	at edu.illinois.cs.testrunner.execution.Executor.main(Executor.scala)
24/04/26 01:59:01 INFO server.NIOServerCnxnFactory: binding to port 0.0.0.0/0.0.0.0:49744
24/04/26 01:59:01 INFO persistence.FileTxnSnapLog: Snapshotting: 0x0 to /home/alex/Repositories/wasp/target/test-data/c9033f37-af06-4db2-9778-90260e25c17f/dfscluster_bc7ac011-d47a-4549-90dc-43494429afb0/zookeeper_0/version-2/snapshot.0
24/04/26 01:59:01 INFO server.NIOServerCnxnFactory: Accepted socket connection from /127.0.0.1:58474
24/04/26 01:59:01 DEBUG zookeeper.ZKUtil: MockServer,123,-1 opening connection to ZooKeeper with ensemble (localhost:49744)
24/04/26 01:59:01 INFO zookeeper.RecoverableZooKeeper: The identifier of this process is 64493@Lenovo-Bot
24/04/26 01:59:01 INFO server.NIOServerCnxnFactory: Accepted socket connection from /127.0.0.1:58480
24/04/26 01:59:01 INFO persistence.FileTxnLog: Creating new log file: log.1
24/04/26 01:59:01 DEBUG zookeeper.ZooKeeperWatcher: MockServer,123,-1 Received ZooKeeper Event, type=None, state=SyncConnected, path=null
24/04/26 01:59:01 DEBUG zookeeper.ZooKeeperWatcher: MockServer,123,-1-0xff8f17e9ad900000 connected
24/04/26 01:59:01 DEBUG zookeeper.ZKAssign: MockServer,123,-1-0xff8f17e9ad900000 Creating unassigned node for 1acca95c2819396c2dd3eef0e2254ee6 in OFFLINE state
24/04/26 01:59:01 DEBUG zookeeper.ZKAssign: MockServer,123,-1-0xff8f17e9ad900000 Attempting to transition node 1acca95c2819396c2dd3eef0e2254ee6 from M_ZK_ENTITYGROUP_OFFLINE to FSERVER_ZK_ENTITYGROUP_OPENING
24/04/26 01:59:01 DEBUG zookeeper.ZKUtil: MockServer,123,-1-0xff8f17e9ad900000 Retrieved 118 byte(s) of data from znode /wasp/unassigned/1acca95c2819396c2dd3eef0e2254ee6; data=entityGroup=TestCloseEntityGroupHandler,\x00\x00\x00\x00,1714093141406.1acca95c2819396c2dd3eef0e2254ee6., state=M_ZK_ENTITYGROUP_OFFLINE, servername=MockServer,123,-1, createTime=1714093141454, payload.length=0
24/04/26 01:59:01 DEBUG zookeeper.ZooKeeperWatcher: MockServer,123,-1-0xff8f17e9ad900000 Received ZooKeeper Event, type=NodeDataChanged, state=SyncConnected, path=/wasp/unassigned/1acca95c2819396c2dd3eef0e2254ee6
24/04/26 01:59:01 DEBUG zookeeper.ZKAssign: MockServer,123,-1-0xff8f17e9ad900000 Successfully transitioned node 1acca95c2819396c2dd3eef0e2254ee6 from M_ZK_ENTITYGROUP_OFFLINE to FSERVER_ZK_ENTITYGROUP_OPENING
24/04/26 01:59:01 INFO fserver.EntityGroup: EntityGroup.openEntityGroup EntityGroup name ==TestCloseEntityGroupHandler,\x00\x00\x00\x00,1714093141406.1acca95c2819396c2dd3eef0e2254ee6.
24/04/26 01:59:01 DEBUG fserver.EntityGroup: Opening EntityGroup: {NAME => 'TestCloseEntityGroupHandler,\x00\x00\x00\x00,1714093141406.1acca95c2819396c2dd3eef0e2254ee6.', STARTKEY => '\x00\x00\x00\x00', ENDKEY => '\x00\x00\x00\x01', ENCODED => 1acca95c2819396c2dd3eef0e2254ee6,}
24/04/26 01:59:01 DEBUG fserver.MetricsEntityGroupSourceImpl: Creating new MetricsEntityGroupSourceImpl for table TestCloseEntityGroupHandler 1acca95c2819396c2dd3eef0e2254ee6
24/04/26 01:59:01 DEBUG fserver.EntityGroup: Instantiated TestCloseEntityGroupHandler,\x00\x00\x00\x00,1714093141406.1acca95c2819396c2dd3eef0e2254ee6.
24/04/26 01:59:01 DEBUG zookeeper.ZKAssign: MockServer,123,-1-0xff8f17e9ad900000 Attempting to transition node 1acca95c2819396c2dd3eef0e2254ee6 from FSERVER_ZK_ENTITYGROUP_OPENING to FSERVER_ZK_ENTITYGROUP_OPENING
24/04/26 01:59:01 ERROR server.NIOServerCnxnFactory: Thread Thread[Thread-147,5,main] died
java.lang.NullPointerException
	at com.alibaba.wasp.fserver.EntityGroup.run(EntityGroup.java:1264)
	at java.lang.Thread.run(Thread.java:750)
24/04/26 01:59:01 DEBUG zookeeper.ZKUtil: MockServer,123,-1-0xff8f17e9ad900000 Retrieved 118 byte(s) of data from znode /wasp/unassigned/1acca95c2819396c2dd3eef0e2254ee6; data=entityGroup=TestCloseEntityGroupHandler,\x00\x00\x00\x00,1714093141406.1acca95c2819396c2dd3eef0e2254ee6., state=FSERVER_ZK_ENTITYGROUP_OPENING, servername=MockServer,123,-1, createTime=1714093141462, payload.length=0
24/04/26 01:59:01 DEBUG zookeeper.ZKAssign: MockServer,123,-1-0xff8f17e9ad900000 Successfully transitioned node 1acca95c2819396c2dd3eef0e2254ee6 from FSERVER_ZK_ENTITYGROUP_OPENING to FSERVER_ZK_ENTITYGROUP_OPENING
24/04/26 01:59:01 DEBUG zookeeper.ZKAssign: MockServer,123,-1-0xff8f17e9ad900000 Attempting to transition node 1acca95c2819396c2dd3eef0e2254ee6 from FSERVER_ZK_ENTITYGROUP_OPENING to FSERVER_ZK_ENTITYGROUP_OPENED
24/04/26 01:59:01 DEBUG zookeeper.ZKUtil: MockServer,123,-1-0xff8f17e9ad900000 Retrieved 118 byte(s) of data from znode /wasp/unassigned/1acca95c2819396c2dd3eef0e2254ee6; data=entityGroup=TestCloseEntityGroupHandler,\x00\x00\x00\x00,1714093141406.1acca95c2819396c2dd3eef0e2254ee6., state=FSERVER_ZK_ENTITYGROUP_OPENING, servername=MockServer,123,-1, createTime=1714093141468, payload.length=0
24/04/26 01:59:01 DEBUG zookeeper.ZKAssign: MockServer,123,-1-0xff8f17e9ad900000 Successfully transitioned node 1acca95c2819396c2dd3eef0e2254ee6 from FSERVER_ZK_ENTITYGROUP_OPENING to FSERVER_ZK_ENTITYGROUP_OPENED
24/04/26 01:59:01 DEBUG handler.OpenEntityGroupHandler: entityGroup transitioned to opened in zookeeper: {NAME => 'TestCloseEntityGroupHandler,\x00\x00\x00\x00,1714093141406.1acca95c2819396c2dd3eef0e2254ee6.', STARTKEY => '\x00\x00\x00\x00', ENDKEY => '\x00\x00\x00\x01', ENCODED => 1acca95c2819396c2dd3eef0e2254ee6,}, server: MockServer,123,-1
24/04/26 01:59:01 DEBUG handler.OpenEntityGroupHandler: Opened TestCloseEntityGroupHandler,\x00\x00\x00\x00,1714093141406.1acca95c2819396c2dd3eef0e2254ee6. on server:MockServer,123,-1
24/04/26 01:59:01 DEBUG zookeeper.ZKUtil: MockServer,123,-1-0xff8f17e9ad900000 Retrieved 118 byte(s) of data from znode /wasp/unassigned/1acca95c2819396c2dd3eef0e2254ee6 and set watcher; entityGroup=TestCloseEntityGroupHandler,\x00\x00\x00\x00,1714093141406.1acca95c2819396c2dd3eef0e2254ee6., state=FSERVER_ZK_ENTITYGROUP_OPENED, servername=MockServer,123,-1, createTime=1714093141472, payload.length=0
24/04/26 01:59:01 DEBUG zookeeper.ZKAssign: MockServer,123,-1-0xff8f17e9ad900000 Deleting existing unassigned node for 1acca95c2819396c2dd3eef0e2254ee6 that is in expected state FSERVER_ZK_ENTITYGROUP_OPENED
24/04/26 01:59:01 DEBUG zookeeper.ZKUtil: MockServer,123,-1-0xff8f17e9ad900000 Retrieved 118 byte(s) of data from znode /wasp/unassigned/1acca95c2819396c2dd3eef0e2254ee6; data=entityGroup=TestCloseEntityGroupHandler,\x00\x00\x00\x00,1714093141406.1acca95c2819396c2dd3eef0e2254ee6., state=FSERVER_ZK_ENTITYGROUP_OPENED, servername=MockServer,123,-1, createTime=1714093141472, payload.length=0
24/04/26 01:59:01 DEBUG zookeeper.ZooKeeperWatcher: MockServer,123,-1-0xff8f17e9ad900000 Received ZooKeeper Event, type=NodeDeleted, state=SyncConnected, path=/wasp/unassigned/1acca95c2819396c2dd3eef0e2254ee6
24/04/26 01:59:01 DEBUG zookeeper.ZKAssign: MockServer,123,-1-0xff8f17e9ad900000 Successfully deleted unassigned node for entityGroup 1acca95c2819396c2dd3eef0e2254ee6 in expected state FSERVER_ZK_ENTITYGROUP_OPENED
24/04/26 01:59:01 DEBUG zookeeper.ZKAssign: MockServer,123,-1-0xff8f17e9ad900000 Creating unassigned node for 1acca95c2819396c2dd3eef0e2254ee6 in a CLOSING state
24/04/26 01:59:01 DEBUG handler.CloseEntityGroupHandler: Processing close of TestCloseEntityGroupHandler,\x00\x00\x00\x00,1714093141406.1acca95c2819396c2dd3eef0e2254ee6.
24/04/26 01:59:01 DEBUG fserver.EntityGroup: Closing TestCloseEntityGroupHandler,\x00\x00\x00\x00,1714093141406.1acca95c2819396c2dd3eef0e2254ee6.
24/04/26 01:59:01 DEBUG fserver.EntityGroup: Updates disabled for entityGroup TestCloseEntityGroupHandler,\x00\x00\x00\x00,1714093141406.1acca95c2819396c2dd3eef0e2254ee6.
24/04/26 01:59:01 INFO fserver.EntityGroup: Running commit transaction of TestCloseEntityGroupHandler,\x00\x00\x00\x00,1714093141406.1acca95c2819396c2dd3eef0e2254ee6. before close
24/04/26 01:59:01 INFO fserver.EntityGroup: Closed TestCloseEntityGroupHandler,\x00\x00\x00\x00,1714093141406.1acca95c2819396c2dd3eef0e2254ee6.
24/04/26 01:59:01 DEBUG zookeeper.ZKAssign: MockServer,123,-1-0xff8f17e9ad900000 Attempting to transition node 1acca95c2819396c2dd3eef0e2254ee6 from M_ZK_ENTITYGROUP_CLOSING to FSERVER_ZK_ENTITYGROUP_CLOSED
24/04/26 01:59:01 DEBUG zookeeper.ZKUtil: MockServer,123,-1-0xff8f17e9ad900000 Retrieved 120 byte(s) of data from znode /wasp/unassigned/1acca95c2819396c2dd3eef0e2254ee6; data=entityGroup=TestCloseEntityGroupHandler,\x00\x00\x00\x00,1714093141406.1acca95c2819396c2dd3eef0e2254ee6., state=M_ZK_ENTITYGROUP_CLOSING, servername=MockServer,123,-1, createTime=1714093141477, payload.length=0
24/04/26 01:59:01 DEBUG zookeeper.ZooKeeperWatcher: MockServer,123,-1-0xff8f17e9ad900000 Received ZooKeeper Event, type=NodeDataChanged, state=SyncConnected, path=/wasp/unassigned/1acca95c2819396c2dd3eef0e2254ee6
24/04/26 01:59:01 DEBUG zookeeper.ZKAssign: MockServer,123,-1-0xff8f17e9ad900000 Successfully transitioned node 1acca95c2819396c2dd3eef0e2254ee6 from M_ZK_ENTITYGROUP_CLOSING to FSERVER_ZK_ENTITYGROUP_CLOSED
24/04/26 01:59:01 DEBUG handler.CloseEntityGroupHandler: set entityGroup closed state in zk successfully for entityGroup TestCloseEntityGroupHandler,\x00\x00\x00\x00,1714093141406.1acca95c2819396c2dd3eef0e2254ee6. sn name: MockServer,123,-1
24/04/26 01:59:01 DEBUG handler.CloseEntityGroupHandler: Closed entityGroup TestCloseEntityGroupHandler,\x00\x00\x00\x00,1714093141406.1acca95c2819396c2dd3eef0e2254ee6.
24/04/26 01:59:01 DEBUG zookeeper.ZKUtil: MockServer,123,-1-0xff8f17e9ad900000 Retrieved 118 byte(s) of data from znode /wasp/unassigned/1acca95c2819396c2dd3eef0e2254ee6 and set watcher; entityGroup=TestCloseEntityGroupHandler,\x00\x00\x00\x00,1714093141406.1acca95c2819396c2dd3eef0e2254ee6., state=FSERVER_ZK_ENTITYGROUP_CLOSED, servername=MockServer,123,-1, createTime=1714093141484, payload.length=0
24/04/26 01:59:01 INFO fserver.EntityGroup: creating EntityGroup TestCloseEntityGroupHandler Table == CREATE TABLE TestCloseEntityGroupHandler { 
  REQUIRED INT32 column1 COLUMNFAMILY d;
  REQUIRED INT64 column2 COLUMNFAMILY d;
  REQUIRED STRING column3 COLUMNFAMILY d;
  OPTIONAL FLOAT column4 COLUMNFAMILY d;
  OPTIONAL DOUBLE column5 COLUMNFAMILY d;
  OPTIONAL DATETIME column6 COLUMNFAMILY d;
  REPEATED PROTOBUF column7 COLUMNFAMILY d;
  OPTIONAL STRING column8 COLUMNFAMILY d;
} 
PRIMARY KEY(column1),
ENTITY GROUP ROOT,
ENTITY GROUP KEY(column1);
 Table name == TestCloseEntityGroupHandler
24/04/26 01:59:01 DEBUG fserver.MetricsEntityGroupSourceImpl: Creating new MetricsEntityGroupSourceImpl for table TestCloseEntityGroupHandler a19bb3d3164a88ea38e7a8528c96f354
24/04/26 01:59:01 DEBUG fserver.EntityGroup: Instantiated TestCloseEntityGroupHandler,,1714093141487.a19bb3d3164a88ea38e7a8528c96f354.
24/04/26 01:59:01 ERROR server.NIOServerCnxnFactory: Thread Thread[Thread-150,5,main] died
java.lang.NullPointerException
	at com.alibaba.wasp.fserver.EntityGroup.run(EntityGroup.java:1264)
	at java.lang.Thread.run(Thread.java:750)
24/04/26 01:59:01 DEBUG fserver.EntityGroup: Closing TestCloseEntityGroupHandler,,1714093141487.a19bb3d3164a88ea38e7a8528c96f354.
24/04/26 01:59:01 DEBUG fserver.EntityGroup: Updates disabled for entityGroup TestCloseEntityGroupHandler,,1714093141487.a19bb3d3164a88ea38e7a8528c96f354.
24/04/26 01:59:01 INFO fserver.EntityGroup: Running commit transaction of TestCloseEntityGroupHandler,,1714093141487.a19bb3d3164a88ea38e7a8528c96f354. before close
24/04/26 01:59:01 INFO fserver.EntityGroup: Closed TestCloseEntityGroupHandler,,1714093141487.a19bb3d3164a88ea38e7a8528c96f354.
24/04/26 01:59:01 DEBUG handler.CloseEntityGroupHandler: Processing close of TestCloseEntityGroupHandler,,1714093141487.a19bb3d3164a88ea38e7a8528c96f354.
24/04/26 01:59:01 FATAL util.MockServer: Abort why=Unrecoverable exception while closing entityGroup TestCloseEntityGroupHandler,,1714093141487.a19bb3d3164a88ea38e7a8528c96f354., still finishing close
java.lang.RuntimeException: Mocked failed close!
	at com.alibaba.wasp.fserver.handler.CloseEntityGroupHandler.process(CloseEntityGroupHandler.java:103)
	at com.alibaba.wasp.fserver.handler.TestCloseEntityGroupHandler.testFailedCommitAborts(TestCloseEntityGroupHandler.java:122)
	at sun.reflect.NativeMethodAccessorImpl.invoke0(Native Method)
	at sun.reflect.NativeMethodAccessorImpl.invoke(NativeMethodAccessorImpl.java:62)
	at sun.reflect.DelegatingMethodAccessorImpl.invoke(DelegatingMethodAccessorImpl.java:43)
	at java.lang.reflect.Method.invoke(Method.java:498)
	at org.junit.runners.model.FrameworkMethod$1.runReflectiveCall(FrameworkMethod.java:45)
	at org.junit.internal.runners.model.ReflectiveCallable.run(ReflectiveCallable.java:15)
	at org.junit.runners.model.FrameworkMethod.invokeExplosively(FrameworkMethod.java:42)
	at org.junit.internal.runners.statements.InvokeMethod.evaluate(InvokeMethod.java:20)
	at org.junit.internal.runners.statements.RunBefores.evaluate(RunBefores.java:28)
	at org.junit.runners.ParentRunner.runLeaf(ParentRunner.java:263)
	at org.junit.runners.BlockJUnit4ClassRunner.runChild(BlockJUnit4ClassRunner.java:68)
	at org.junit.runners.BlockJUnit4ClassRunner.runChild(BlockJUnit4ClassRunner.java:47)
	at org.junit.runners.ParentRunner$3.run(ParentRunner.java:231)
	at org.junit.runners.ParentRunner$1.schedule(ParentRunner.java:60)
	at org.junit.runners.ParentRunner.runChildren(ParentRunner.java:229)
	at org.junit.runners.ParentRunner.access$000(ParentRunner.java:50)
	at org.junit.runners.ParentRunner$2.evaluate(ParentRunner.java:222)
	at org.junit.internal.runners.statements.RunBefores.evaluate(RunBefores.java:28)
	at org.junit.internal.runners.statements.RunAfters.evaluate(RunAfters.java:30)
	at org.junit.runners.ParentRunner.run(ParentRunner.java:300)
	at org.junit.runners.Suite.runChild(Suite.java:128)
	at org.junit.runners.Suite.runChild(Suite.java:24)
	at org.junit.runners.ParentRunner$3.run(ParentRunner.java:231)
	at org.junit.runners.ParentRunner$1.schedule(ParentRunner.java:60)
	at org.junit.runners.ParentRunner.runChildren(ParentRunner.java:229)
	at org.junit.runners.ParentRunner.access$000(ParentRunner.java:50)
	at org.junit.runners.ParentRunner$2.evaluate(ParentRunner.java:222)
	at org.junit.runners.ParentRunner.run(ParentRunner.java:300)
	at org.junit.runner.JUnitCore.run(JUnitCore.java:157)
	at org.junit.runner.JUnitCore.run(JUnitCore.java:136)
	at edu.illinois.cs.testrunner.execution.JUnitTestExecutor.execute(JUnitTestExecutor.java:259)
	at edu.illinois.cs.testrunner.execution.JUnitTestExecutor.executeWithJUnit4Runner(JUnitTestExecutor.java:327)
	at edu.illinois.cs.testrunner.execution.JUnitTestExecutor.runOrder(JUnitTestExecutor.java:49)
	at edu.illinois.cs.testrunner.execution.Executor$.$anonfun$run$1(Executor.scala:30)
	at scala.runtime.java8.JFunction0$mcV$sp.apply(JFunction0$mcV$sp.java:12)
	at scala.util.Try$.apply(Try.scala:209)
	at edu.illinois.cs.testrunner.execution.Executor$.run(Executor.scala:28)
	at edu.illinois.cs.testrunner.execution.Executor$.main(Executor.scala:18)
	at edu.illinois.cs.testrunner.execution.Executor.main(Executor.scala)
24/04/26 01:59:01 DEBUG util.MockServer: Stop why=Unrecoverable exception while closing entityGroup TestCloseEntityGroupHandler,,1714093141487.a19bb3d3164a88ea38e7a8528c96f354., still finishing close
24/04/26 01:59:01 WARN fserver.EntityGroup: EntityGroup TestCloseEntityGroupHandler,,1714093141487.a19bb3d3164a88ea38e7a8528c96f354. already closed
24/04/26 01:59:01 DEBUG zookeeper.ZKUtil: MockServer,123,-1 opening connection to ZooKeeper with ensemble (localhost:49744)
24/04/26 01:59:01 INFO zookeeper.RecoverableZooKeeper: The identifier of this process is 64493@Lenovo-Bot
24/04/26 01:59:01 INFO server.NIOServerCnxnFactory: Accepted socket connection from /127.0.0.1:58482
24/04/26 01:59:01 DEBUG zookeeper.ZooKeeperWatcher: MockServer,123,-1 Received ZooKeeper Event, type=None, state=SyncConnected, path=null
24/04/26 01:59:01 DEBUG zookeeper.ZooKeeperWatcher: MockServer,123,-1-0xff8f17e9ad900001 connected
24/04/26 01:59:01 DEBUG zookeeper.ZKAssign: MockServer,123,-1-0xff8f17e9ad900001 Creating unassigned node for 5e4e889870a25557d6978d2c166d1b1c in OFFLINE state
24/04/26 01:59:01 DEBUG zookeeper.ZKAssign: MockServer,123,-1-0xff8f17e9ad900001 Attempting to transition node 5e4e889870a25557d6978d2c166d1b1c from M_ZK_ENTITYGROUP_OFFLINE to FSERVER_ZK_ENTITYGROUP_OPENING
24/04/26 01:59:01 DEBUG zookeeper.ZKUtil: MockServer,123,-1-0xff8f17e9ad900001 Retrieved 118 byte(s) of data from znode /wasp/unassigned/5e4e889870a25557d6978d2c166d1b1c; data=entityGroup=TestCloseEntityGroupHandler,\x00\x00\x00\x00,1714093141530.5e4e889870a25557d6978d2c166d1b1c., state=M_ZK_ENTITYGROUP_OFFLINE, servername=MockServer,123,-1, createTime=1714093141536, payload.length=0
24/04/26 01:59:01 DEBUG zookeeper.ZooKeeperWatcher: MockServer,123,-1-0xff8f17e9ad900001 Received ZooKeeper Event, type=NodeDataChanged, state=SyncConnected, path=/wasp/unassigned/5e4e889870a25557d6978d2c166d1b1c
24/04/26 01:59:01 DEBUG zookeeper.ZKAssign: MockServer,123,-1-0xff8f17e9ad900001 Successfully transitioned node 5e4e889870a25557d6978d2c166d1b1c from M_ZK_ENTITYGROUP_OFFLINE to FSERVER_ZK_ENTITYGROUP_OPENING
24/04/26 01:59:01 INFO fserver.EntityGroup: EntityGroup.openEntityGroup EntityGroup name ==TestCloseEntityGroupHandler,\x00\x00\x00\x00,1714093141530.5e4e889870a25557d6978d2c166d1b1c.
24/04/26 01:59:01 DEBUG fserver.EntityGroup: Opening EntityGroup: {NAME => 'TestCloseEntityGroupHandler,\x00\x00\x00\x00,1714093141530.5e4e889870a25557d6978d2c166d1b1c.', STARTKEY => '\x00\x00\x00\x00', ENDKEY => '\x00\x00\x00\x01', ENCODED => 5e4e889870a25557d6978d2c166d1b1c,}
24/04/26 01:59:01 DEBUG fserver.MetricsEntityGroupSourceImpl: Creating new MetricsEntityGroupSourceImpl for table TestCloseEntityGroupHandler 5e4e889870a25557d6978d2c166d1b1c
24/04/26 01:59:01 DEBUG fserver.EntityGroup: Instantiated TestCloseEntityGroupHandler,\x00\x00\x00\x00,1714093141530.5e4e889870a25557d6978d2c166d1b1c.
24/04/26 01:59:01 DEBUG zookeeper.ZKAssign: MockServer,123,-1-0xff8f17e9ad900001 Attempting to transition node 5e4e889870a25557d6978d2c166d1b1c from FSERVER_ZK_ENTITYGROUP_OPENING to FSERVER_ZK_ENTITYGROUP_OPENING
24/04/26 01:59:01 ERROR server.NIOServerCnxnFactory: Thread Thread[Thread-153,5,main] died
java.lang.NullPointerException
	at com.alibaba.wasp.fserver.EntityGroup.run(EntityGroup.java:1264)
	at java.lang.Thread.run(Thread.java:750)
24/04/26 01:59:01 DEBUG zookeeper.ZKUtil: MockServer,123,-1-0xff8f17e9ad900001 Retrieved 118 byte(s) of data from znode /wasp/unassigned/5e4e889870a25557d6978d2c166d1b1c; data=entityGroup=TestCloseEntityGroupHandler,\x00\x00\x00\x00,1714093141530.5e4e889870a25557d6978d2c166d1b1c., state=FSERVER_ZK_ENTITYGROUP_OPENING, servername=MockServer,123,-1, createTime=1714093141539, payload.length=0
24/04/26 01:59:01 DEBUG zookeeper.ZKAssign: MockServer,123,-1-0xff8f17e9ad900001 Successfully transitioned node 5e4e889870a25557d6978d2c166d1b1c from FSERVER_ZK_ENTITYGROUP_OPENING to FSERVER_ZK_ENTITYGROUP_OPENING
24/04/26 01:59:01 DEBUG zookeeper.ZKAssign: MockServer,123,-1-0xff8f17e9ad900001 Attempting to transition node 5e4e889870a25557d6978d2c166d1b1c from FSERVER_ZK_ENTITYGROUP_OPENING to FSERVER_ZK_ENTITYGROUP_OPENED
24/04/26 01:59:01 DEBUG zookeeper.ZKUtil: MockServer,123,-1-0xff8f17e9ad900001 Retrieved 118 byte(s) of data from znode /wasp/unassigned/5e4e889870a25557d6978d2c166d1b1c; data=entityGroup=TestCloseEntityGroupHandler,\x00\x00\x00\x00,1714093141530.5e4e889870a25557d6978d2c166d1b1c., state=FSERVER_ZK_ENTITYGROUP_OPENING, servername=MockServer,123,-1, createTime=1714093141543, payload.length=0
24/04/26 01:59:01 DEBUG zookeeper.ZKAssign: MockServer,123,-1-0xff8f17e9ad900001 Successfully transitioned node 5e4e889870a25557d6978d2c166d1b1c from FSERVER_ZK_ENTITYGROUP_OPENING to FSERVER_ZK_ENTITYGROUP_OPENED
24/04/26 01:59:01 DEBUG handler.OpenEntityGroupHandler: entityGroup transitioned to opened in zookeeper: {NAME => 'TestCloseEntityGroupHandler,\x00\x00\x00\x00,1714093141530.5e4e889870a25557d6978d2c166d1b1c.', STARTKEY => '\x00\x00\x00\x00', ENDKEY => '\x00\x00\x00\x01', ENCODED => 5e4e889870a25557d6978d2c166d1b1c,}, server: MockServer,123,-1
24/04/26 01:59:01 DEBUG handler.OpenEntityGroupHandler: Opened TestCloseEntityGroupHandler,\x00\x00\x00\x00,1714093141530.5e4e889870a25557d6978d2c166d1b1c. on server:MockServer,123,-1
24/04/26 01:59:01 DEBUG zookeeper.ZKUtil: MockServer,123,-1-0xff8f17e9ad900001 Retrieved 118 byte(s) of data from znode /wasp/unassigned/5e4e889870a25557d6978d2c166d1b1c and set watcher; entityGroup=TestCloseEntityGroupHandler,\x00\x00\x00\x00,1714093141530.5e4e889870a25557d6978d2c166d1b1c., state=FSERVER_ZK_ENTITYGROUP_OPENED, servername=MockServer,123,-1, createTime=1714093141546, payload.length=0
24/04/26 01:59:01 DEBUG zookeeper.ZKAssign: MockServer,123,-1-0xff8f17e9ad900001 Deleting existing unassigned node for 5e4e889870a25557d6978d2c166d1b1c that is in expected state FSERVER_ZK_ENTITYGROUP_OPENED
24/04/26 01:59:01 DEBUG zookeeper.ZKUtil: MockServer,123,-1-0xff8f17e9ad900001 Retrieved 118 byte(s) of data from znode /wasp/unassigned/5e4e889870a25557d6978d2c166d1b1c; data=entityGroup=TestCloseEntityGroupHandler,\x00\x00\x00\x00,1714093141530.5e4e889870a25557d6978d2c166d1b1c., state=FSERVER_ZK_ENTITYGROUP_OPENED, servername=MockServer,123,-1, createTime=1714093141546, payload.length=0
24/04/26 01:59:01 DEBUG zookeeper.ZooKeeperWatcher: MockServer,123,-1-0xff8f17e9ad900001 Received ZooKeeper Event, type=NodeDeleted, state=SyncConnected, path=/wasp/unassigned/5e4e889870a25557d6978d2c166d1b1c
24/04/26 01:59:01 DEBUG zookeeper.ZKAssign: MockServer,123,-1-0xff8f17e9ad900001 Successfully deleted unassigned node for entityGroup 5e4e889870a25557d6978d2c166d1b1c in expected state FSERVER_ZK_ENTITYGROUP_OPENED
24/04/26 01:59:01 DEBUG zookeeper.ZKAssign: MockServer,123,-1-0xff8f17e9ad900001 Creating unassigned node for 5e4e889870a25557d6978d2c166d1b1c in a CLOSING state
24/04/26 01:59:01 DEBUG handler.CloseEntityGroupHandler: Processing close of TestCloseEntityGroupHandler,\x00\x00\x00\x00,1714093141530.5e4e889870a25557d6978d2c166d1b1c.
24/04/26 01:59:01 DEBUG fserver.EntityGroup: Closing TestCloseEntityGroupHandler,\x00\x00\x00\x00,1714093141530.5e4e889870a25557d6978d2c166d1b1c.
24/04/26 01:59:01 DEBUG fserver.EntityGroup: Updates disabled for entityGroup TestCloseEntityGroupHandler,\x00\x00\x00\x00,1714093141530.5e4e889870a25557d6978d2c166d1b1c.
24/04/26 01:59:01 INFO fserver.EntityGroup: Running commit transaction of TestCloseEntityGroupHandler,\x00\x00\x00\x00,1714093141530.5e4e889870a25557d6978d2c166d1b1c. before close
24/04/26 01:59:01 INFO fserver.EntityGroup: Closed TestCloseEntityGroupHandler,\x00\x00\x00\x00,1714093141530.5e4e889870a25557d6978d2c166d1b1c.
24/04/26 01:59:01 DEBUG zookeeper.ZKAssign: MockServer,123,-1-0xff8f17e9ad900001 Attempting to transition node 5e4e889870a25557d6978d2c166d1b1c from M_ZK_ENTITYGROUP_CLOSING to FSERVER_ZK_ENTITYGROUP_CLOSED
24/04/26 01:59:01 DEBUG zookeeper.ZKUtil: MockServer,123,-1-0xff8f17e9ad900001 Retrieved 120 byte(s) of data from znode /wasp/unassigned/5e4e889870a25557d6978d2c166d1b1c; data=entityGroup=TestCloseEntityGroupHandler,\x00\x00\x00\x00,1714093141530.5e4e889870a25557d6978d2c166d1b1c., state=M_ZK_ENTITYGROUP_CLOSING, servername=MockServer,123,-1, createTime=1714093141551, payload.length=0
24/04/26 01:59:01 WARN zookeeper.ZKAssign: MockServer,123,-1-0xff8f17e9ad900001 Attempt to transition the unassigned node for 5e4e889870a25557d6978d2c166d1b1c from M_ZK_ENTITYGROUP_CLOSING to FSERVER_ZK_ENTITYGROUP_CLOSED failed, the node existed but was version 0 not the expected version 1
24/04/26 01:59:01 WARN handler.CloseEntityGroupHandler: Completed the CLOSE of a entityGroup but when transitioning from  CLOSING to CLOSED got a version mismatch, someone else clashed so now unassigning
24/04/26 01:59:01 WARN fserver.EntityGroup: EntityGroup TestCloseEntityGroupHandler,\x00\x00\x00\x00,1714093141530.5e4e889870a25557d6978d2c166d1b1c. already closed
24/04/26 01:59:01 DEBUG handler.CloseEntityGroupHandler: set entityGroup closed state in zk unsuccessfully for entityGroup TestCloseEntityGroupHandler,\x00\x00\x00\x00,1714093141530.5e4e889870a25557d6978d2c166d1b1c. sn name: MockServer,123,-1
24/04/26 01:59:01 DEBUG handler.CloseEntityGroupHandler: Closed entityGroup TestCloseEntityGroupHandler,\x00\x00\x00\x00,1714093141530.5e4e889870a25557d6978d2c166d1b1c.
24/04/26 01:59:01 DEBUG zookeeper.ZKUtil: MockServer,123,-1-0xff8f17e9ad900001 Retrieved 120 byte(s) of data from znode /wasp/unassigned/5e4e889870a25557d6978d2c166d1b1c and set watcher; entityGroup=TestCloseEntityGroupHandler,\x00\x00\x00\x00,1714093141530.5e4e889870a25557d6978d2c166d1b1c., state=M_ZK_ENTITYGROUP_CLOSING, servername=MockServer,123,-1, createTime=1714093141551, payload.length=0
24/04/26 01:59:01 INFO server.NIOServerCnxnFactory: NIOServerCnxn factory exited run method
24/04/26 01:59:01 INFO server.SessionTrackerImpl: Shutting down
24/04/26 01:59:01 INFO server.SyncRequestProcessor: Shutting down
24/04/26 01:59:01 INFO server.SyncRequestProcessor: SyncRequestProcessor exited!
24/04/26 01:59:01 INFO server.FinalRequestProcessor: shutdown of request processor complete
24/04/26 01:59:01 INFO server.NIOServerCnxnFactory: binding to port 0.0.0.0/0.0.0.0:61252
24/04/26 01:59:01 INFO persistence.FileTxnSnapLog: Snapshotting: 0x0 to /home/alex/Repositories/wasp/target/test-data/49bb36bf-f511-4ad9-8144-f78d1e6ef320/dfscluster_0ed796f5-cf5d-407a-904e-8da15cecbe40/zookeeper_0/version-2/snapshot.0
24/04/26 01:59:01 INFO server.NIOServerCnxnFactory: Accepted socket connection from /127.0.0.1:46192
24/04/26 01:59:01 DEBUG zookeeper.ZKUtil: MockServer,123,-1 opening connection to ZooKeeper with ensemble (localhost:61252)
24/04/26 01:59:01 INFO zookeeper.RecoverableZooKeeper: The identifier of this process is 64493@Lenovo-Bot
24/04/26 01:59:01 INFO server.NIOServerCnxnFactory: Accepted socket connection from /127.0.0.1:46204
24/04/26 01:59:01 INFO persistence.FileTxnLog: Creating new log file: log.1
24/04/26 01:59:01 DEBUG zookeeper.ZooKeeperWatcher: MockServer,123,-1 Received ZooKeeper Event, type=None, state=SyncConnected, path=null
24/04/26 01:59:01 DEBUG zookeeper.ZooKeeperWatcher: MockServer,123,-1-0xff8f17e9ae3d0000 connected
24/04/26 01:59:01 DEBUG zookeeper.ZKAssign: MockServer,123,-1-0xff8f17e9ae3d0000 Creating unassigned node for a4de58a0bc935173eb0df1a6bf87e64d in OFFLINE state
24/04/26 01:59:01 DEBUG zookeeper.ZKAssign: MockServer,123,-1-0xff8f17e9ae3d0000 Attempting to transition node a4de58a0bc935173eb0df1a6bf87e64d from M_ZK_ENTITYGROUP_OFFLINE to FSERVER_ZK_ENTITYGROUP_OPENING
24/04/26 01:59:01 DEBUG zookeeper.ZKUtil: MockServer,123,-1-0xff8f17e9ae3d0000 Retrieved 117 byte(s) of data from znode /wasp/unassigned/a4de58a0bc935173eb0df1a6bf87e64d; data=entityGroup=TestOpenEntityGroupHandler,\x00\x00\x00\x00,1714093141568.a4de58a0bc935173eb0df1a6bf87e64d., state=M_ZK_ENTITYGROUP_OFFLINE, servername=MockServer,123,-1, createTime=1714093141585, payload.length=0
24/04/26 01:59:01 DEBUG zookeeper.ZooKeeperWatcher: MockServer,123,-1-0xff8f17e9ae3d0000 Received ZooKeeper Event, type=NodeDataChanged, state=SyncConnected, path=/wasp/unassigned/a4de58a0bc935173eb0df1a6bf87e64d
24/04/26 01:59:01 DEBUG zookeeper.ZKAssign: MockServer,123,-1-0xff8f17e9ae3d0000 Successfully transitioned node a4de58a0bc935173eb0df1a6bf87e64d from M_ZK_ENTITYGROUP_OFFLINE to FSERVER_ZK_ENTITYGROUP_OPENING
24/04/26 01:59:01 INFO handler.OpenEntityGroupHandler: Opening of entityGroup {NAME => 'TestOpenEntityGroupHandler,\x00\x00\x00\x00,1714093141568.a4de58a0bc935173eb0df1a6bf87e64d.', STARTKEY => '\x00\x00\x00\x00', ENDKEY => '\x00\x00\x00\x01', ENCODED => a4de58a0bc935173eb0df1a6bf87e64d,} failed, marking as FAILED_OPEN in ZK
24/04/26 01:59:01 DEBUG zookeeper.ZKAssign: MockServer,123,-1-0xff8f17e9ae3d0000 Attempting to transition node a4de58a0bc935173eb0df1a6bf87e64d from FSERVER_ZK_ENTITYGROUP_OPENING to FSERVER_ZK_ENTITYGROUP_FAILED_OPEN
24/04/26 01:59:01 DEBUG zookeeper.ZKUtil: MockServer,123,-1-0xff8f17e9ae3d0000 Retrieved 117 byte(s) of data from znode /wasp/unassigned/a4de58a0bc935173eb0df1a6bf87e64d; data=entityGroup=TestOpenEntityGroupHandler,\x00\x00\x00\x00,1714093141568.a4de58a0bc935173eb0df1a6bf87e64d., state=FSERVER_ZK_ENTITYGROUP_OPENING, servername=MockServer,123,-1, createTime=1714093141588, payload.length=0
24/04/26 01:59:01 DEBUG zookeeper.ZKAssign: MockServer,123,-1-0xff8f17e9ae3d0000 Successfully transitioned node a4de58a0bc935173eb0df1a6bf87e64d from FSERVER_ZK_ENTITYGROUP_OPENING to FSERVER_ZK_ENTITYGROUP_FAILED_OPEN
24/04/26 01:59:01 DEBUG zookeeper.ZKUtil: MockServer,123,-1-0xff8f17e9ae3d0000 Retrieved 117 byte(s) of data from znode /wasp/unassigned/a4de58a0bc935173eb0df1a6bf87e64d and set watcher; entityGroup=TestOpenEntityGroupHandler,\x00\x00\x00\x00,1714093141568.a4de58a0bc935173eb0df1a6bf87e64d., state=FSERVER_ZK_ENTITYGROUP_FAILED_OPEN, servername=MockServer,123,-1, createTime=1714093141590, payload.length=0
24/04/26 01:59:01 DEBUG zookeeper.ZKUtil: MockServer,123,-1 opening connection to ZooKeeper with ensemble (localhost:61252)
24/04/26 01:59:01 INFO zookeeper.RecoverableZooKeeper: The identifier of this process is 64493@Lenovo-Bot
24/04/26 01:59:01 INFO server.NIOServerCnxnFactory: Accepted socket connection from /127.0.0.1:46212
24/04/26 01:59:01 DEBUG zookeeper.ZooKeeperWatcher: MockServer,123,-1 Received ZooKeeper Event, type=None, state=SyncConnected, path=null
24/04/26 01:59:01 DEBUG zookeeper.ZooKeeperWatcher: MockServer,123,-1-0xff8f17e9ae3d0001 connected
24/04/26 01:59:01 DEBUG zookeeper.ZKAssign: MockServer,123,-1-0xff8f17e9ae3d0001 Creating unassigned node for 6024122489b2ab573383ec23a88c8497 in OFFLINE state
24/04/26 01:59:01 DEBUG zookeeper.ZKAssign: MockServer,123,-1-0xff8f17e9ae3d0001 Attempting to transition node 6024122489b2ab573383ec23a88c8497 from M_ZK_ENTITYGROUP_OFFLINE to FSERVER_ZK_ENTITYGROUP_OPENING
24/04/26 01:59:01 DEBUG zookeeper.ZKUtil: MockServer,123,-1-0xff8f17e9ae3d0001 Retrieved 117 byte(s) of data from znode /wasp/unassigned/6024122489b2ab573383ec23a88c8497; data=entityGroup=TestOpenEntityGroupHandler,\x00\x00\x00\x00,1714093141592.6024122489b2ab573383ec23a88c8497., state=M_ZK_ENTITYGROUP_OFFLINE, servername=MockServer,123,-1, createTime=1714093141598, payload.length=0
24/04/26 01:59:01 DEBUG zookeeper.ZooKeeperWatcher: MockServer,123,-1-0xff8f17e9ae3d0001 Received ZooKeeper Event, type=NodeDataChanged, state=SyncConnected, path=/wasp/unassigned/6024122489b2ab573383ec23a88c8497
24/04/26 01:59:01 DEBUG zookeeper.ZKAssign: MockServer,123,-1-0xff8f17e9ae3d0001 Successfully transitioned node 6024122489b2ab573383ec23a88c8497 from M_ZK_ENTITYGROUP_OFFLINE to FSERVER_ZK_ENTITYGROUP_OPENING
24/04/26 01:59:01 INFO fserver.EntityGroup: EntityGroup.openEntityGroup EntityGroup name ==TestOpenEntityGroupHandler,\x00\x00\x00\x00,1714093141592.6024122489b2ab573383ec23a88c8497.
24/04/26 01:59:01 DEBUG fserver.EntityGroup: Opening EntityGroup: {NAME => 'TestOpenEntityGroupHandler,\x00\x00\x00\x00,1714093141592.6024122489b2ab573383ec23a88c8497.', STARTKEY => '\x00\x00\x00\x00', ENDKEY => '\x00\x00\x00\x01', ENCODED => 6024122489b2ab573383ec23a88c8497,}
24/04/26 01:59:01 DEBUG fserver.MetricsEntityGroupSourceImpl: Creating new MetricsEntityGroupSourceImpl for table TestOpenEntityGroupHandler 6024122489b2ab573383ec23a88c8497
24/04/26 01:59:01 DEBUG fserver.EntityGroup: Instantiated TestOpenEntityGroupHandler,\x00\x00\x00\x00,1714093141592.6024122489b2ab573383ec23a88c8497.
24/04/26 01:59:01 DEBUG zookeeper.ZKAssign: MockServer,123,-1-0xff8f17e9ae3d0001 Attempting to transition node 6024122489b2ab573383ec23a88c8497 from FSERVER_ZK_ENTITYGROUP_OPENING to FSERVER_ZK_ENTITYGROUP_OPENING
24/04/26 01:59:01 ERROR server.NIOServerCnxnFactory: Thread Thread[Thread-157,5,main] died
java.lang.NullPointerException
	at com.alibaba.wasp.fserver.EntityGroup.run(EntityGroup.java:1264)
	at java.lang.Thread.run(Thread.java:750)
24/04/26 01:59:01 DEBUG zookeeper.ZKUtil: MockServer,123,-1-0xff8f17e9ae3d0001 Retrieved 117 byte(s) of data from znode /wasp/unassigned/6024122489b2ab573383ec23a88c8497; data=entityGroup=TestOpenEntityGroupHandler,\x00\x00\x00\x00,1714093141592.6024122489b2ab573383ec23a88c8497., state=FSERVER_ZK_ENTITYGROUP_OPENING, servername=MockServer,123,-1, createTime=1714093141601, payload.length=0
24/04/26 01:59:01 DEBUG zookeeper.ZKAssign: MockServer,123,-1-0xff8f17e9ae3d0001 Successfully transitioned node 6024122489b2ab573383ec23a88c8497 from FSERVER_ZK_ENTITYGROUP_OPENING to FSERVER_ZK_ENTITYGROUP_OPENING
24/04/26 01:59:01 DEBUG fserver.EntityGroup: Closing TestOpenEntityGroupHandler,\x00\x00\x00\x00,1714093141592.6024122489b2ab573383ec23a88c8497.
24/04/26 01:59:01 DEBUG fserver.EntityGroup: Updates disabled for entityGroup TestOpenEntityGroupHandler,\x00\x00\x00\x00,1714093141592.6024122489b2ab573383ec23a88c8497.
24/04/26 01:59:01 INFO fserver.EntityGroup: Running commit transaction of TestOpenEntityGroupHandler,\x00\x00\x00\x00,1714093141592.6024122489b2ab573383ec23a88c8497. before close
24/04/26 01:59:01 INFO fserver.EntityGroup: Closed TestOpenEntityGroupHandler,\x00\x00\x00\x00,1714093141592.6024122489b2ab573383ec23a88c8497.
24/04/26 01:59:01 INFO handler.OpenEntityGroupHandler: Opening of entityGroup {NAME => 'TestOpenEntityGroupHandler,\x00\x00\x00\x00,1714093141592.6024122489b2ab573383ec23a88c8497.', STARTKEY => '\x00\x00\x00\x00', ENDKEY => '\x00\x00\x00\x01', ENCODED => 6024122489b2ab573383ec23a88c8497,} failed, marking as FAILED_OPEN in ZK
24/04/26 01:59:01 DEBUG zookeeper.ZKAssign: MockServer,123,-1-0xff8f17e9ae3d0001 Attempting to transition node 6024122489b2ab573383ec23a88c8497 from FSERVER_ZK_ENTITYGROUP_OPENING to FSERVER_ZK_ENTITYGROUP_FAILED_OPEN
24/04/26 01:59:01 DEBUG zookeeper.ZKUtil: MockServer,123,-1-0xff8f17e9ae3d0001 Retrieved 117 byte(s) of data from znode /wasp/unassigned/6024122489b2ab573383ec23a88c8497; data=entityGroup=TestOpenEntityGroupHandler,\x00\x00\x00\x00,1714093141592.6024122489b2ab573383ec23a88c8497., state=FSERVER_ZK_ENTITYGROUP_OPENING, servername=MockServer,123,-1, createTime=1714093141604, payload.length=0
24/04/26 01:59:01 DEBUG zookeeper.ZKAssign: MockServer,123,-1-0xff8f17e9ae3d0001 Successfully transitioned node 6024122489b2ab573383ec23a88c8497 from FSERVER_ZK_ENTITYGROUP_OPENING to FSERVER_ZK_ENTITYGROUP_FAILED_OPEN
24/04/26 01:59:01 DEBUG zookeeper.ZKUtil: MockServer,123,-1-0xff8f17e9ae3d0001 Retrieved 117 byte(s) of data from znode /wasp/unassigned/6024122489b2ab573383ec23a88c8497 and set watcher; entityGroup=TestOpenEntityGroupHandler,\x00\x00\x00\x00,1714093141592.6024122489b2ab573383ec23a88c8497., state=FSERVER_ZK_ENTITYGROUP_FAILED_OPEN, servername=MockServer,123,-1, createTime=1714093141606, payload.length=0
24/04/26 01:59:01 DEBUG zookeeper.ZKUtil: MockServer,123,-1 opening connection to ZooKeeper with ensemble (localhost:61252)
24/04/26 01:59:01 INFO zookeeper.RecoverableZooKeeper: The identifier of this process is 64493@Lenovo-Bot
24/04/26 01:59:01 INFO server.NIOServerCnxnFactory: Accepted socket connection from /127.0.0.1:46216
24/04/26 01:59:01 DEBUG zookeeper.ZooKeeperWatcher: MockServer,123,-1 Received ZooKeeper Event, type=None, state=SyncConnected, path=null
24/04/26 01:59:01 DEBUG zookeeper.ZooKeeperWatcher: MockServer,123,-1-0xff8f17e9ae3d0002 connected
24/04/26 01:59:01 INFO fserver.EntityGroup: creating EntityGroup TestOpenEntityGroupHandler Table == CREATE TABLE TestOpenEntityGroupHandler { 
  REQUIRED INT32 column1 COLUMNFAMILY d;
  REQUIRED INT64 column2 COLUMNFAMILY d;
  REQUIRED STRING column3 COLUMNFAMILY d;
  OPTIONAL FLOAT column4 COLUMNFAMILY d;
  OPTIONAL DOUBLE column5 COLUMNFAMILY d;
  OPTIONAL DATETIME column6 COLUMNFAMILY d;
  REPEATED PROTOBUF column7 COLUMNFAMILY d;
  OPTIONAL STRING column8 COLUMNFAMILY d;
} 
PRIMARY KEY(column1),
ENTITY GROUP ROOT,
ENTITY GROUP KEY(column1);
 Table name == TestOpenEntityGroupHandler
24/04/26 01:59:01 DEBUG fserver.MetricsEntityGroupSourceImpl: Creating new MetricsEntityGroupSourceImpl for table TestOpenEntityGroupHandler f38bd966a527684de0aa101be023d82e
24/04/26 01:59:01 DEBUG fserver.EntityGroup: Instantiated TestOpenEntityGroupHandler,\x00\x00\x00\x00,1714093141608.f38bd966a527684de0aa101be023d82e.
24/04/26 01:59:01 ERROR server.NIOServerCnxnFactory: Thread Thread[Thread-160,5,main] died
java.lang.NullPointerException
	at com.alibaba.wasp.fserver.EntityGroup.run(EntityGroup.java:1264)
	at java.lang.Thread.run(Thread.java:750)
24/04/26 01:59:01 DEBUG zookeeper.ZKAssign: MockServer,123,-1-0xff8f17e9ae3d0002 Attempting to transition node f38bd966a527684de0aa101be023d82e from M_ZK_ENTITYGROUP_OFFLINE to FSERVER_ZK_ENTITYGROUP_OPENING
24/04/26 01:59:01 DEBUG zookeeper.ZKUtil: MockServer,123,-1-0xff8f17e9ae3d0002 Unable to get data of znode /wasp/unassigned/f38bd966a527684de0aa101be023d82e because node does not exist (not necessarily an error)
24/04/26 01:59:01 WARN handler.OpenEntityGroupHandler: Failed transition from OFFLINE to OPENING for entityGroup=f38bd966a527684de0aa101be023d82e
24/04/26 01:59:01 WARN handler.OpenEntityGroupHandler: EntityGroup was hijacked? It no longer exists, encodedName=f38bd966a527684de0aa101be023d82e
24/04/26 01:59:01 DEBUG zookeeper.ZKAssign: MockServer,123,-1-0xff8f17e9ae3d0002 Creating unassigned node for f38bd966a527684de0aa101be023d82e in OFFLINE state
24/04/26 01:59:01 DEBUG zookeeper.ZKAssign: MockServer,123,-1-0xff8f17e9ae3d0002 Attempting to transition node f38bd966a527684de0aa101be023d82e from M_ZK_ENTITYGROUP_OFFLINE to FSERVER_ZK_ENTITYGROUP_OPENING
24/04/26 01:59:01 DEBUG zookeeper.ZKUtil: MockServer,123,-1-0xff8f17e9ae3d0002 Retrieved 117 byte(s) of data from znode /wasp/unassigned/f38bd966a527684de0aa101be023d82e; data=entityGroup=TestOpenEntityGroupHandler,\x00\x00\x00\x00,1714093141608.f38bd966a527684de0aa101be023d82e., state=M_ZK_ENTITYGROUP_OFFLINE, servername=MockServer,123,-1, createTime=1714093141616, payload.length=0
24/04/26 01:59:01 DEBUG zookeeper.ZooKeeperWatcher: MockServer,123,-1-0xff8f17e9ae3d0002 Received ZooKeeper Event, type=NodeDataChanged, state=SyncConnected, path=/wasp/unassigned/f38bd966a527684de0aa101be023d82e
24/04/26 01:59:01 DEBUG zookeeper.ZKAssign: MockServer,123,-1-0xff8f17e9ae3d0002 Successfully transitioned node f38bd966a527684de0aa101be023d82e from M_ZK_ENTITYGROUP_OFFLINE to FSERVER_ZK_ENTITYGROUP_OPENING
24/04/26 01:59:01 INFO fserver.EntityGroup: EntityGroup.openEntityGroup EntityGroup name ==TestOpenEntityGroupHandler,\x00\x00\x00\x00,1714093141608.f38bd966a527684de0aa101be023d82e.
24/04/26 01:59:01 DEBUG fserver.EntityGroup: Opening EntityGroup: {NAME => 'TestOpenEntityGroupHandler,\x00\x00\x00\x00,1714093141608.f38bd966a527684de0aa101be023d82e.', STARTKEY => '\x00\x00\x00\x00', ENDKEY => '\x00\x00\x00\x01', ENCODED => f38bd966a527684de0aa101be023d82e,}
24/04/26 01:59:01 DEBUG fserver.MetricsEntityGroupSourceImpl: Creating new MetricsEntityGroupSourceImpl for table TestOpenEntityGroupHandler f38bd966a527684de0aa101be023d82e
24/04/26 01:59:01 DEBUG fserver.EntityGroup: Instantiated TestOpenEntityGroupHandler,\x00\x00\x00\x00,1714093141608.f38bd966a527684de0aa101be023d82e.
24/04/26 01:59:01 ERROR server.NIOServerCnxnFactory: Thread Thread[Thread-163,5,main] died
java.lang.NullPointerException
	at com.alibaba.wasp.fserver.EntityGroup.run(EntityGroup.java:1264)
	at java.lang.Thread.run(Thread.java:750)
24/04/26 01:59:01 DEBUG zookeeper.ZKAssign: MockServer,123,-1-0xff8f17e9ae3d0002 Attempting to transition node f38bd966a527684de0aa101be023d82e from FSERVER_ZK_ENTITYGROUP_OPENING to FSERVER_ZK_ENTITYGROUP_OPENING
24/04/26 01:59:01 DEBUG zookeeper.ZKUtil: MockServer,123,-1-0xff8f17e9ae3d0002 Unable to get data of znode /wasp/unassigned/f38bd966a527684de0aa101be023d82e because node does not exist (not necessarily an error)
24/04/26 01:59:01 WARN handler.OpenEntityGroupHandler: Failed refreshing OPENING; entityGroup=f38bd966a527684de0aa101be023d82e, context=post_entitygroup_open
24/04/26 01:59:01 DEBUG fserver.EntityGroup: Closing TestOpenEntityGroupHandler,\x00\x00\x00\x00,1714093141608.f38bd966a527684de0aa101be023d82e.
24/04/26 01:59:01 DEBUG fserver.EntityGroup: Updates disabled for entityGroup TestOpenEntityGroupHandler,\x00\x00\x00\x00,1714093141608.f38bd966a527684de0aa101be023d82e.
24/04/26 01:59:01 INFO fserver.EntityGroup: Running commit transaction of TestOpenEntityGroupHandler,\x00\x00\x00\x00,1714093141608.f38bd966a527684de0aa101be023d82e. before close
24/04/26 01:59:01 INFO fserver.EntityGroup: Closed TestOpenEntityGroupHandler,\x00\x00\x00\x00,1714093141608.f38bd966a527684de0aa101be023d82e.
24/04/26 01:59:01 INFO handler.OpenEntityGroupHandler: Opening of entityGroup {NAME => 'TestOpenEntityGroupHandler,\x00\x00\x00\x00,1714093141608.f38bd966a527684de0aa101be023d82e.', STARTKEY => '\x00\x00\x00\x00', ENDKEY => '\x00\x00\x00\x01', ENCODED => f38bd966a527684de0aa101be023d82e,} failed, marking as FAILED_OPEN in ZK
24/04/26 01:59:01 DEBUG zookeeper.ZKAssign: MockServer,123,-1-0xff8f17e9ae3d0002 Attempting to transition node f38bd966a527684de0aa101be023d82e from FSERVER_ZK_ENTITYGROUP_OPENING to FSERVER_ZK_ENTITYGROUP_FAILED_OPEN
24/04/26 01:59:01 DEBUG zookeeper.ZKUtil: MockServer,123,-1-0xff8f17e9ae3d0002 Unable to get data of znode /wasp/unassigned/f38bd966a527684de0aa101be023d82e because node does not exist (not necessarily an error)
24/04/26 01:59:01 WARN handler.OpenEntityGroupHandler: Unable to mark entityGroup {NAME => 'TestOpenEntityGroupHandler,\x00\x00\x00\x00,1714093141608.f38bd966a527684de0aa101be023d82e.', STARTKEY => '\x00\x00\x00\x00', ENDKEY => '\x00\x00\x00\x01', ENCODED => f38bd966a527684de0aa101be023d82e,} as FAILED_OPEN. It's likely that the master already timed out this open attempt, and thus another RS already has the entityGroup.
24/04/26 01:59:01 DEBUG fserver.EntityGroup: Closing TestOpenEntityGroupHandler,\x00\x00\x00\x00,1714093141608.f38bd966a527684de0aa101be023d82e.
24/04/26 01:59:01 DEBUG fserver.EntityGroup: Updates disabled for entityGroup TestOpenEntityGroupHandler,\x00\x00\x00\x00,1714093141608.f38bd966a527684de0aa101be023d82e.
24/04/26 01:59:01 INFO fserver.EntityGroup: Running commit transaction of TestOpenEntityGroupHandler,\x00\x00\x00\x00,1714093141608.f38bd966a527684de0aa101be023d82e. before close
24/04/26 01:59:01 INFO fserver.EntityGroup: Closed TestOpenEntityGroupHandler,\x00\x00\x00\x00,1714093141608.f38bd966a527684de0aa101be023d82e.
24/04/26 01:59:01 INFO server.NIOServerCnxnFactory: NIOServerCnxn factory exited run method
24/04/26 01:59:01 INFO server.SessionTrackerImpl: Shutting down
24/04/26 01:59:01 INFO server.SyncRequestProcessor: Shutting down
24/04/26 01:59:01 INFO server.SyncRequestProcessor: SyncRequestProcessor exited!
24/04/26 01:59:01 INFO server.FinalRequestProcessor: shutdown of request processor complete
24/04/26 01:59:01 DEBUG fserver.MetricsEntityGroupSourceImpl: Creating new MetricsEntityGroupSourceImpl for table MetricsEntityGroupWrapperStub DEADBEEF001
24/04/26 01:59:01 DEBUG fserver.MetricsEntityGroupSourceImpl: Creating new MetricsEntityGroupSourceImpl for table null TEST
24/04/26 01:59:01 DEBUG fserver.MetricsEntityGroupSourceImpl: Creating new MetricsEntityGroupSourceImpl for table null TEST
24/04/26 01:59:01 DEBUG fserver.MetricsEntityGroupSourceImpl: Creating new MetricsEntityGroupSourceImpl for table null TWO
24/04/26 01:59:01 INFO wasp.WaspTestingUtility: Starting up minicluster with 1 master(s) and 3 fserver(s) 
24/04/26 01:59:01 DEBUG zookeeper.ZooKeeperWatcher: MockServer,123,-1-0xff8f17e9ad900000 Received ZooKeeper Event, type=None, state=Disconnected, path=null
24/04/26 01:59:01 DEBUG zookeeper.ZooKeeperWatcher: MockServer,123,-1-0xff8f17e9ad900001 Received ZooKeeper Event, type=None, state=Disconnected, path=null
24/04/26 01:59:01 DEBUG zookeeper.ZooKeeperWatcher: MockServer,123,-1-0xff8f17e9ad900001 Received Disconnected from ZooKeeper, ignoring
24/04/26 01:59:01 DEBUG zookeeper.ZooKeeperWatcher: MockServer,123,-1-0xff8f17e9ad900000 Received Disconnected from ZooKeeper, ignoring
24/04/26 01:59:01 DEBUG zookeeper.ZooKeeperWatcher: MockServer,123,-1-0xff8f17e9ae3d0002 Received ZooKeeper Event, type=None, state=Disconnected, path=null
24/04/26 01:59:01 DEBUG zookeeper.ZooKeeperWatcher: MockServer,123,-1-0xff8f17e9ae3d0002 Received Disconnected from ZooKeeper, ignoring
24/04/26 01:59:01 DEBUG zookeeper.ZooKeeperWatcher: MockServer,123,-1-0xff8f17e9ae3d0000 Received ZooKeeper Event, type=None, state=Disconnected, path=null
24/04/26 01:59:01 DEBUG zookeeper.ZooKeeperWatcher: MockServer,123,-1-0xff8f17e9ae3d0000 Received Disconnected from ZooKeeper, ignoring
24/04/26 01:59:01 DEBUG zookeeper.ZooKeeperWatcher: MockServer,123,-1-0xff8f17e9ae3d0001 Received ZooKeeper Event, type=None, state=Disconnected, path=null
24/04/26 01:59:01 DEBUG zookeeper.ZooKeeperWatcher: MockServer,123,-1-0xff8f17e9ae3d0001 Received Disconnected from ZooKeeper, ignoring
Starting DataNode 0 with dfs.data.dir: /home/alex/Repositories/wasp/target/test-data/7eb79e49-3ca8-4f02-ac60-8f8b86a68312/dfscluster_0eacdf20-ea8a-42e7-93a7-b8028fe65bff/dfs/data/data1,/home/alex/Repositories/wasp/target/test-data/7eb79e49-3ca8-4f02-ac60-8f8b86a68312/dfscluster_0eacdf20-ea8a-42e7-93a7-b8028fe65bff/dfs/data/data2
24/04/26 01:59:01 ERROR datanode.DataNode: All directories in dfs.data.dir are invalid.
24/04/26 01:59:01 INFO wasp.WaspTestingUtility: Shutting down mini wasp cluster
24/04/26 01:59:01 INFO wasp.WaspTestingUtility: Minicluster is down
java.lang.NullPointerException
	at org.apache.hadoop.hdfs.MiniDFSCluster.startDataNodes(MiniDFSCluster.java:422)
	at org.apache.hadoop.hdfs.MiniDFSCluster.<init>(MiniDFSCluster.java:280)
	at org.apache.hadoop.hbase.HBaseTestingUtility.startMiniDFSCluster(HBaseTestingUtility.java:451)
	at org.apache.hadoop.hbase.HBaseTestingUtility.startMiniCluster(HBaseTestingUtility.java:619)
	at org.apache.hadoop.hbase.HBaseTestingUtility.startMiniCluster(HBaseTestingUtility.java:575)
	at com.alibaba.wasp.WaspTestingUtility.startMiniCluster(WaspTestingUtility.java:172)
	at com.alibaba.wasp.WaspTestingUtility.startMiniCluster(WaspTestingUtility.java:144)
	at com.alibaba.wasp.fserver.redo.TestRedoLog.before(TestRedoLog.java:51)
	at sun.reflect.NativeMethodAccessorImpl.invoke0(Native Method)
	at sun.reflect.NativeMethodAccessorImpl.invoke(NativeMethodAccessorImpl.java:62)
	at sun.reflect.DelegatingMethodAccessorImpl.invoke(DelegatingMethodAccessorImpl.java:43)
	at java.lang.reflect.Method.invoke(Method.java:498)
	at org.junit.runners.model.FrameworkMethod$1.runReflectiveCall(FrameworkMethod.java:45)
	at org.junit.internal.runners.model.ReflectiveCallable.run(ReflectiveCallable.java:15)
	at org.junit.runners.model.FrameworkMethod.invokeExplosively(FrameworkMethod.java:42)
	at org.junit.internal.runners.statements.RunBefores.evaluate(RunBefores.java:27)
	at org.junit.internal.runners.statements.RunAfters.evaluate(RunAfters.java:30)
	at org.junit.runners.ParentRunner.run(ParentRunner.java:300)
	at org.junit.runners.Suite.runChild(Suite.java:128)
	at org.junit.runners.Suite.runChild(Suite.java:24)
	at org.junit.runners.ParentRunner$3.run(ParentRunner.java:231)
	at org.junit.runners.ParentRunner$1.schedule(ParentRunner.java:60)
	at org.junit.runners.ParentRunner.runChildren(ParentRunner.java:229)
	at org.junit.runners.ParentRunner.access$000(ParentRunner.java:50)
	at org.junit.runners.ParentRunner$2.evaluate(ParentRunner.java:222)
	at org.junit.runners.ParentRunner.run(ParentRunner.java:300)
	at org.junit.runner.JUnitCore.run(JUnitCore.java:157)
	at org.junit.runner.JUnitCore.run(JUnitCore.java:136)
	at edu.illinois.cs.testrunner.execution.JUnitTestExecutor.execute(JUnitTestExecutor.java:259)
	at edu.illinois.cs.testrunner.execution.JUnitTestExecutor.executeWithJUnit4Runner(JUnitTestExecutor.java:327)
	at edu.illinois.cs.testrunner.execution.JUnitTestExecutor.runOrder(JUnitTestExecutor.java:49)
	at edu.illinois.cs.testrunner.execution.Executor$.$anonfun$run$1(Executor.scala:30)
	at scala.runtime.java8.JFunction0$mcV$sp.apply(JFunction0$mcV$sp.java:12)
	at scala.util.Try$.apply(Try.scala:209)
	at edu.illinois.cs.testrunner.execution.Executor$.run(Executor.scala:28)
	at edu.illinois.cs.testrunner.execution.Executor$.main(Executor.scala:18)
	at edu.illinois.cs.testrunner.execution.Executor.main(Executor.scala)
24/04/26 01:59:01 DEBUG ipc.WaspRPC: Using com.alibaba.wasp.ipc.ProtobufRpcEngine for com.alibaba.wasp.ipc.TestProtoBufRpc$TestRpcService
24/04/26 01:59:01 DEBUG ipc.NettyTransceiver: Using Netty bootstrap options: {connectTimeoutMillis=3000, tcpNoDelay=true}
24/04/26 01:59:01 DEBUG ipc.NettyTransceiver: Connecting to /0.0.0.0:46227
24/04/26 01:59:02 INFO server.SessionTrackerImpl: SessionTrackerImpl exited loop!
24/04/26 01:59:02 INFO server.SessionTrackerImpl: SessionTrackerImpl exited loop!
24/04/26 01:59:02 DEBUG ipc.NettyTransceiver: [id: 0x4925f4f5] OPEN
24/04/26 01:59:02 INFO ipc.NettyTransceiver: Successfully connected to bookie: /0.0.0.0:46227
24/04/26 01:59:02 DEBUG ipc.NettyTransceiver: [id: 0x4925f4f5, /127.0.0.1:54290 => /0.0.0.0:46227] BOUND: /127.0.0.1:54290
24/04/26 01:59:02 DEBUG ipc.NettyTransceiver: [id: 0x4925f4f5, /127.0.0.1:54290 => /0.0.0.0:46227] CONNECTED: /0.0.0.0:46227
24/04/26 01:59:02 DEBUG ipc.NettyServer: [id: 0x2f8f547a, /127.0.0.1:54290 => /127.0.1.1:46227] OPEN
24/04/26 01:59:02 DEBUG ipc.NettyServer: [id: 0x2f8f547a, /127.0.0.1:54290 => /127.0.1.1:46227] BOUND: /127.0.1.1:46227
24/04/26 01:59:02 DEBUG ipc.NettyServer: [id: 0x2f8f547a, /127.0.0.1:54290 => /127.0.1.1:46227] CONNECTED: /127.0.0.1:54290
24/04/26 01:59:02 ERROR ipc.NettyServer: pool-12-thread-8, call methodName: "error"
clientProtocolVersion: 1
request: ""
requestClassName: "com.alibaba.wasp.ipc.protobuf.generated.TestProtos$EmptyRequestProto"
: error: 
java.io.IOException: error
	at com.alibaba.wasp.ipc.TestProtoBufRpc$PBServerImpl.error(TestProtoBufRpc.java:68)
	at sun.reflect.NativeMethodAccessorImpl.invoke0(Native Method)
	at sun.reflect.NativeMethodAccessorImpl.invoke(NativeMethodAccessorImpl.java:62)
	at sun.reflect.DelegatingMethodAccessorImpl.invoke(DelegatingMethodAccessorImpl.java:43)
	at java.lang.reflect.Method.invoke(Method.java:498)
	at com.alibaba.wasp.ipc.ProtobufRpcEngine$Server.call(ProtobufRpcEngine.java:270)
	at com.alibaba.wasp.ipc.NettyServer$NettyServerWaspHandler.messageReceived(NettyServer.java:234)
	at org.jboss.netty.channel.SimpleChannelUpstreamHandler.handleUpstream(SimpleChannelUpstreamHandler.java:75)
	at com.alibaba.wasp.ipc.NettyServer$NettyServerWaspHandler.handleUpstream(NettyServer.java:171)
	at org.jboss.netty.channel.DefaultChannelPipeline.sendUpstream(DefaultChannelPipeline.java:563)
	at org.jboss.netty.channel.DefaultChannelPipeline$DefaultChannelHandlerContext.sendUpstream(DefaultChannelPipeline.java:791)
	at org.jboss.netty.handler.execution.ChannelUpstreamEventRunnable.doRun(ChannelUpstreamEventRunnable.java:45)
	at org.jboss.netty.handler.execution.ChannelEventRunnable.run(ChannelEventRunnable.java:64)
	at java.util.concurrent.ThreadPoolExecutor.runWorker(ThreadPoolExecutor.java:1149)
	at java.util.concurrent.ThreadPoolExecutor$Worker.run(ThreadPoolExecutor.java:624)
	at java.lang.Thread.run(Thread.java:750)
24/04/26 01:59:02 INFO ipc.NettyServer: Stopping server on 0
24/04/26 01:59:02 DEBUG ipc.NettyTransceiver: [id: 0x4925f4f5, /127.0.0.1:54290 :> /0.0.0.0:46227] DISCONNECTED
24/04/26 01:59:02 DEBUG ipc.NettyTransceiver: [id: 0x4925f4f5, /127.0.0.1:54290 :> /0.0.0.0:46227] UNBOUND
24/04/26 01:59:02 DEBUG ipc.NettyTransceiver: [id: 0x4925f4f5, /127.0.0.1:54290 :> /0.0.0.0:46227] CLOSED
24/04/26 01:59:02 DEBUG ipc.NettyTransceiver: Remote peer /0.0.0.0:46227 closed connection.
24/04/26 01:59:02 DEBUG ipc.NettyTransceiver: Disconnecting from /0.0.0.0:46227
24/04/26 01:59:02 DEBUG ipc.NettyServer: [id: 0x2f8f547a, /127.0.0.1:54290 :> /127.0.1.1:46227] DISCONNECTED
24/04/26 01:59:02 DEBUG ipc.NettyServer: [id: 0x2f8f547a, /127.0.0.1:54290 :> /127.0.1.1:46227] UNBOUND
24/04/26 01:59:02 DEBUG ipc.NettyServer: [id: 0x2f8f547a, /127.0.0.1:54290 :> /127.0.1.1:46227] CLOSED
24/04/26 01:59:02 INFO wasp.WaspTestingUtility: Starting up minicluster with 1 master(s) and 3 fserver(s) 
Starting DataNode 0 with dfs.data.dir: /home/alex/Repositories/wasp/target/test-data/6b708ce1-e0e3-4a2a-af27-df75611a18cb/dfscluster_a4b92489-2485-4369-a98c-6cda8302ff78/dfs/data/data1,/home/alex/Repositories/wasp/target/test-data/6b708ce1-e0e3-4a2a-af27-df75611a18cb/dfscluster_a4b92489-2485-4369-a98c-6cda8302ff78/dfs/data/data2
24/04/26 01:59:02 ERROR datanode.DataNode: All directories in dfs.data.dir are invalid.
24/04/26 01:59:02 INFO wasp.WaspTestingUtility: Shutting down mini wasp cluster
24/04/26 01:59:02 INFO wasp.WaspTestingUtility: Minicluster is down
java.lang.NullPointerException
	at org.apache.hadoop.hdfs.MiniDFSCluster.startDataNodes(MiniDFSCluster.java:422)
	at org.apache.hadoop.hdfs.MiniDFSCluster.<init>(MiniDFSCluster.java:280)
	at org.apache.hadoop.hbase.HBaseTestingUtility.startMiniDFSCluster(HBaseTestingUtility.java:451)
	at org.apache.hadoop.hbase.HBaseTestingUtility.startMiniCluster(HBaseTestingUtility.java:619)
	at org.apache.hadoop.hbase.HBaseTestingUtility.startMiniCluster(HBaseTestingUtility.java:575)
	at com.alibaba.wasp.WaspTestingUtility.startMiniCluster(WaspTestingUtility.java:172)
	at com.alibaba.wasp.WaspTestingUtility.startMiniCluster(WaspTestingUtility.java:144)
	at com.alibaba.wasp.jdbc.TestAtomicOperation.setUpBeforeClass(TestAtomicOperation.java:64)
	at sun.reflect.NativeMethodAccessorImpl.invoke0(Native Method)
	at sun.reflect.NativeMethodAccessorImpl.invoke(NativeMethodAccessorImpl.java:62)
	at sun.reflect.DelegatingMethodAccessorImpl.invoke(DelegatingMethodAccessorImpl.java:43)
	at java.lang.reflect.Method.invoke(Method.java:498)
	at org.junit.runners.model.FrameworkMethod$1.runReflectiveCall(FrameworkMethod.java:45)
	at org.junit.internal.runners.model.ReflectiveCallable.run(ReflectiveCallable.java:15)
	at org.junit.runners.model.FrameworkMethod.invokeExplosively(FrameworkMethod.java:42)
	at org.junit.internal.runners.statements.RunBefores.evaluate(RunBefores.java:27)
	at org.junit.internal.runners.statements.RunAfters.evaluate(RunAfters.java:30)
	at org.junit.runners.ParentRunner.run(ParentRunner.java:300)
	at org.junit.runners.Suite.runChild(Suite.java:128)
	at org.junit.runners.Suite.runChild(Suite.java:24)
	at org.junit.runners.ParentRunner$3.run(ParentRunner.java:231)
	at org.junit.runners.ParentRunner$1.schedule(ParentRunner.java:60)
	at org.junit.runners.ParentRunner.runChildren(ParentRunner.java:229)
	at org.junit.runners.ParentRunner.access$000(ParentRunner.java:50)
	at org.junit.runners.ParentRunner$2.evaluate(ParentRunner.java:222)
	at org.junit.runners.ParentRunner.run(ParentRunner.java:300)
	at org.junit.runner.JUnitCore.run(JUnitCore.java:157)
	at org.junit.runner.JUnitCore.run(JUnitCore.java:136)
	at edu.illinois.cs.testrunner.execution.JUnitTestExecutor.execute(JUnitTestExecutor.java:259)
	at edu.illinois.cs.testrunner.execution.JUnitTestExecutor.executeWithJUnit4Runner(JUnitTestExecutor.java:327)
	at edu.illinois.cs.testrunner.execution.JUnitTestExecutor.runOrder(JUnitTestExecutor.java:49)
	at edu.illinois.cs.testrunner.execution.Executor$.$anonfun$run$1(Executor.scala:30)
	at scala.runtime.java8.JFunction0$mcV$sp.apply(JFunction0$mcV$sp.java:12)
	at scala.util.Try$.apply(Try.scala:209)
	at edu.illinois.cs.testrunner.execution.Executor$.run(Executor.scala:28)
	at edu.illinois.cs.testrunner.execution.Executor$.main(Executor.scala:18)
	at edu.illinois.cs.testrunner.execution.Executor.main(Executor.scala)
java.lang.NullPointerException
	at com.alibaba.wasp.jdbc.TestAtomicOperation.tearDownAfterClass(TestAtomicOperation.java:86)
	at sun.reflect.NativeMethodAccessorImpl.invoke0(Native Method)
	at sun.reflect.NativeMethodAccessorImpl.invoke(NativeMethodAccessorImpl.java:62)
	at sun.reflect.DelegatingMethodAccessorImpl.invoke(DelegatingMethodAccessorImpl.java:43)
	at java.lang.reflect.Method.invoke(Method.java:498)
	at org.junit.runners.model.FrameworkMethod$1.runReflectiveCall(FrameworkMethod.java:45)
	at org.junit.internal.runners.model.ReflectiveCallable.run(ReflectiveCallable.java:15)
	at org.junit.runners.model.FrameworkMethod.invokeExplosively(FrameworkMethod.java:42)
	at org.junit.internal.runners.statements.RunAfters.evaluate(RunAfters.java:36)
	at org.junit.runners.ParentRunner.run(ParentRunner.java:300)
	at org.junit.runners.Suite.runChild(Suite.java:128)
	at org.junit.runners.Suite.runChild(Suite.java:24)
	at org.junit.runners.ParentRunner$3.run(ParentRunner.java:231)
	at org.junit.runners.ParentRunner$1.schedule(ParentRunner.java:60)
	at org.junit.runners.ParentRunner.runChildren(ParentRunner.java:229)
	at org.junit.runners.ParentRunner.access$000(ParentRunner.java:50)
	at org.junit.runners.ParentRunner$2.evaluate(ParentRunner.java:222)
	at org.junit.runners.ParentRunner.run(ParentRunner.java:300)
	at org.junit.runner.JUnitCore.run(JUnitCore.java:157)
	at org.junit.runner.JUnitCore.run(JUnitCore.java:136)
	at edu.illinois.cs.testrunner.execution.JUnitTestExecutor.execute(JUnitTestExecutor.java:259)
	at edu.illinois.cs.testrunner.execution.JUnitTestExecutor.executeWithJUnit4Runner(JUnitTestExecutor.java:327)
	at edu.illinois.cs.testrunner.execution.JUnitTestExecutor.runOrder(JUnitTestExecutor.java:49)
	at edu.illinois.cs.testrunner.execution.Executor$.$anonfun$run$1(Executor.scala:30)
	at scala.runtime.java8.JFunction0$mcV$sp.apply(JFunction0$mcV$sp.java:12)
	at scala.util.Try$.apply(Try.scala:209)
	at edu.illinois.cs.testrunner.execution.Executor$.run(Executor.scala:28)
	at edu.illinois.cs.testrunner.execution.Executor$.main(Executor.scala:18)
	at edu.illinois.cs.testrunner.execution.Executor.main(Executor.scala)
24/04/26 01:59:02 INFO wasp.WaspTestingUtility: Starting up minicluster with 1 master(s) and 3 fserver(s) 
Starting DataNode 0 with dfs.data.dir: /home/alex/Repositories/wasp/target/test-data/8fc7a26a-8bf1-4161-b48c-ff81b30e8be7/dfscluster_ba87f599-2e11-44f2-ae7d-75b0f49947d9/dfs/data/data1,/home/alex/Repositories/wasp/target/test-data/8fc7a26a-8bf1-4161-b48c-ff81b30e8be7/dfscluster_ba87f599-2e11-44f2-ae7d-75b0f49947d9/dfs/data/data2
24/04/26 01:59:02 ERROR datanode.DataNode: All directories in dfs.data.dir are invalid.
24/04/26 01:59:02 INFO wasp.WaspTestingUtility: Shutting down mini wasp cluster
24/04/26 01:59:02 INFO wasp.WaspTestingUtility: Minicluster is down
java.lang.NullPointerException
	at org.apache.hadoop.hdfs.MiniDFSCluster.startDataNodes(MiniDFSCluster.java:422)
	at org.apache.hadoop.hdfs.MiniDFSCluster.<init>(MiniDFSCluster.java:280)
	at org.apache.hadoop.hbase.HBaseTestingUtility.startMiniDFSCluster(HBaseTestingUtility.java:451)
	at org.apache.hadoop.hbase.HBaseTestingUtility.startMiniCluster(HBaseTestingUtility.java:619)
	at org.apache.hadoop.hbase.HBaseTestingUtility.startMiniCluster(HBaseTestingUtility.java:575)
	at com.alibaba.wasp.WaspTestingUtility.startMiniCluster(WaspTestingUtility.java:172)
	at com.alibaba.wasp.WaspTestingUtility.startMiniCluster(WaspTestingUtility.java:144)
	at com.alibaba.wasp.jdbc.TestJdbcConnectionPool.setUpBeforeClass(TestJdbcConnectionPool.java:54)
	at sun.reflect.NativeMethodAccessorImpl.invoke0(Native Method)
	at sun.reflect.NativeMethodAccessorImpl.invoke(NativeMethodAccessorImpl.java:62)
	at sun.reflect.DelegatingMethodAccessorImpl.invoke(DelegatingMethodAccessorImpl.java:43)
	at java.lang.reflect.Method.invoke(Method.java:498)
	at org.junit.runners.model.FrameworkMethod$1.runReflectiveCall(FrameworkMethod.java:45)
	at org.junit.internal.runners.model.ReflectiveCallable.run(ReflectiveCallable.java:15)
	at org.junit.runners.model.FrameworkMethod.invokeExplosively(FrameworkMethod.java:42)
	at org.junit.internal.runners.statements.RunBefores.evaluate(RunBefores.java:27)
	at org.junit.internal.runners.statements.RunAfters.evaluate(RunAfters.java:30)
	at org.junit.runners.ParentRunner.run(ParentRunner.java:300)
	at org.junit.runners.Suite.runChild(Suite.java:128)
	at org.junit.runners.Suite.runChild(Suite.java:24)
	at org.junit.runners.ParentRunner$3.run(ParentRunner.java:231)
	at org.junit.runners.ParentRunner$1.schedule(ParentRunner.java:60)
	at org.junit.runners.ParentRunner.runChildren(ParentRunner.java:229)
	at org.junit.runners.ParentRunner.access$000(ParentRunner.java:50)
	at org.junit.runners.ParentRunner$2.evaluate(ParentRunner.java:222)
	at org.junit.runners.ParentRunner.run(ParentRunner.java:300)
	at org.junit.runner.JUnitCore.run(JUnitCore.java:157)
	at org.junit.runner.JUnitCore.run(JUnitCore.java:136)
	at edu.illinois.cs.testrunner.execution.JUnitTestExecutor.execute(JUnitTestExecutor.java:259)
	at edu.illinois.cs.testrunner.execution.JUnitTestExecutor.executeWithJUnit4Runner(JUnitTestExecutor.java:327)
	at edu.illinois.cs.testrunner.execution.JUnitTestExecutor.runOrder(JUnitTestExecutor.java:49)
	at edu.illinois.cs.testrunner.execution.Executor$.$anonfun$run$1(Executor.scala:30)
	at scala.runtime.java8.JFunction0$mcV$sp.apply(JFunction0$mcV$sp.java:12)
	at scala.util.Try$.apply(Try.scala:209)
	at edu.illinois.cs.testrunner.execution.Executor$.run(Executor.scala:28)
	at edu.illinois.cs.testrunner.execution.Executor$.main(Executor.scala:18)
	at edu.illinois.cs.testrunner.execution.Executor.main(Executor.scala)
24/04/26 01:59:02 INFO wasp.WaspTestingUtility: Starting up minicluster with 1 master(s) and 3 fserver(s) 
Starting DataNode 0 with dfs.data.dir: /home/alex/Repositories/wasp/target/test-data/e0975ecc-6120-417d-a330-69cdca6d9427/dfscluster_285c4ebe-8c03-41ec-a76d-653b9d4dabc3/dfs/data/data1,/home/alex/Repositories/wasp/target/test-data/e0975ecc-6120-417d-a330-69cdca6d9427/dfscluster_285c4ebe-8c03-41ec-a76d-653b9d4dabc3/dfs/data/data2
24/04/26 01:59:03 ERROR datanode.DataNode: All directories in dfs.data.dir are invalid.
24/04/26 01:59:03 INFO wasp.WaspTestingUtility: Shutting down mini wasp cluster
24/04/26 01:59:03 INFO wasp.WaspTestingUtility: Minicluster is down
java.lang.NullPointerException
	at org.apache.hadoop.hdfs.MiniDFSCluster.startDataNodes(MiniDFSCluster.java:422)
	at org.apache.hadoop.hdfs.MiniDFSCluster.<init>(MiniDFSCluster.java:280)
	at org.apache.hadoop.hbase.HBaseTestingUtility.startMiniDFSCluster(HBaseTestingUtility.java:451)
	at org.apache.hadoop.hbase.HBaseTestingUtility.startMiniCluster(HBaseTestingUtility.java:619)
	at org.apache.hadoop.hbase.HBaseTestingUtility.startMiniCluster(HBaseTestingUtility.java:575)
	at com.alibaba.wasp.WaspTestingUtility.startMiniCluster(WaspTestingUtility.java:172)
	at com.alibaba.wasp.WaspTestingUtility.startMiniCluster(WaspTestingUtility.java:144)
	at com.alibaba.wasp.jdbc.TestJdbcResultFormatter.setUpBeforeClass(TestJdbcResultFormatter.java:51)
	at sun.reflect.NativeMethodAccessorImpl.invoke0(Native Method)
	at sun.reflect.NativeMethodAccessorImpl.invoke(NativeMethodAccessorImpl.java:62)
	at sun.reflect.DelegatingMethodAccessorImpl.invoke(DelegatingMethodAccessorImpl.java:43)
	at java.lang.reflect.Method.invoke(Method.java:498)
	at org.junit.runners.model.FrameworkMethod$1.runReflectiveCall(FrameworkMethod.java:45)
	at org.junit.internal.runners.model.ReflectiveCallable.run(ReflectiveCallable.java:15)
	at org.junit.runners.model.FrameworkMethod.invokeExplosively(FrameworkMethod.java:42)
	at org.junit.internal.runners.statements.RunBefores.evaluate(RunBefores.java:27)
	at org.junit.internal.runners.statements.RunAfters.evaluate(RunAfters.java:30)
	at org.junit.runners.ParentRunner.run(ParentRunner.java:300)
	at org.junit.runners.Suite.runChild(Suite.java:128)
	at org.junit.runners.Suite.runChild(Suite.java:24)
	at org.junit.runners.ParentRunner$3.run(ParentRunner.java:231)
	at org.junit.runners.ParentRunner$1.schedule(ParentRunner.java:60)
	at org.junit.runners.ParentRunner.runChildren(ParentRunner.java:229)
	at org.junit.runners.ParentRunner.access$000(ParentRunner.java:50)
	at org.junit.runners.ParentRunner$2.evaluate(ParentRunner.java:222)
	at org.junit.runners.ParentRunner.run(ParentRunner.java:300)
	at org.junit.runner.JUnitCore.run(JUnitCore.java:157)
	at org.junit.runner.JUnitCore.run(JUnitCore.java:136)
	at edu.illinois.cs.testrunner.execution.JUnitTestExecutor.execute(JUnitTestExecutor.java:259)
	at edu.illinois.cs.testrunner.execution.JUnitTestExecutor.executeWithJUnit4Runner(JUnitTestExecutor.java:327)
	at edu.illinois.cs.testrunner.execution.JUnitTestExecutor.runOrder(JUnitTestExecutor.java:49)
	at edu.illinois.cs.testrunner.execution.Executor$.$anonfun$run$1(Executor.scala:30)
	at scala.runtime.java8.JFunction0$mcV$sp.apply(JFunction0$mcV$sp.java:12)
	at scala.util.Try$.apply(Try.scala:209)
	at edu.illinois.cs.testrunner.execution.Executor$.run(Executor.scala:28)
	at edu.illinois.cs.testrunner.execution.Executor$.main(Executor.scala:18)
	at edu.illinois.cs.testrunner.execution.Executor.main(Executor.scala)
java.lang.NullPointerException
	at com.alibaba.wasp.jdbc.TestJdbcResultFormatter.tearDownAfterClass(TestJdbcResultFormatter.java:71)
	at sun.reflect.NativeMethodAccessorImpl.invoke0(Native Method)
	at sun.reflect.NativeMethodAccessorImpl.invoke(NativeMethodAccessorImpl.java:62)
	at sun.reflect.DelegatingMethodAccessorImpl.invoke(DelegatingMethodAccessorImpl.java:43)
	at java.lang.reflect.Method.invoke(Method.java:498)
	at org.junit.runners.model.FrameworkMethod$1.runReflectiveCall(FrameworkMethod.java:45)
	at org.junit.internal.runners.model.ReflectiveCallable.run(ReflectiveCallable.java:15)
	at org.junit.runners.model.FrameworkMethod.invokeExplosively(FrameworkMethod.java:42)
	at org.junit.internal.runners.statements.RunAfters.evaluate(RunAfters.java:36)
	at org.junit.runners.ParentRunner.run(ParentRunner.java:300)
	at org.junit.runners.Suite.runChild(Suite.java:128)
	at org.junit.runners.Suite.runChild(Suite.java:24)
	at org.junit.runners.ParentRunner$3.run(ParentRunner.java:231)
	at org.junit.runners.ParentRunner$1.schedule(ParentRunner.java:60)
	at org.junit.runners.ParentRunner.runChildren(ParentRunner.java:229)
	at org.junit.runners.ParentRunner.access$000(ParentRunner.java:50)
	at org.junit.runners.ParentRunner$2.evaluate(ParentRunner.java:222)
	at org.junit.runners.ParentRunner.run(ParentRunner.java:300)
	at org.junit.runner.JUnitCore.run(JUnitCore.java:157)
	at org.junit.runner.JUnitCore.run(JUnitCore.java:136)
	at edu.illinois.cs.testrunner.execution.JUnitTestExecutor.execute(JUnitTestExecutor.java:259)
	at edu.illinois.cs.testrunner.execution.JUnitTestExecutor.executeWithJUnit4Runner(JUnitTestExecutor.java:327)
	at edu.illinois.cs.testrunner.execution.JUnitTestExecutor.runOrder(JUnitTestExecutor.java:49)
	at edu.illinois.cs.testrunner.execution.Executor$.$anonfun$run$1(Executor.scala:30)
	at scala.runtime.java8.JFunction0$mcV$sp.apply(JFunction0$mcV$sp.java:12)
	at scala.util.Try$.apply(Try.scala:209)
	at edu.illinois.cs.testrunner.execution.Executor$.run(Executor.scala:28)
	at edu.illinois.cs.testrunner.execution.Executor$.main(Executor.scala:18)
	at edu.illinois.cs.testrunner.execution.Executor.main(Executor.scala)
24/04/26 01:59:03 INFO wasp.WaspTestingUtility: Starting up minicluster with 1 master(s) and 3 fserver(s) 
Starting DataNode 0 with dfs.data.dir: /home/alex/Repositories/wasp/target/test-data/ac2085eb-cd30-4432-80ed-d19e30ac6025/dfscluster_e4403968-067d-48b6-a761-b6e8fe7ec4c2/dfs/data/data1,/home/alex/Repositories/wasp/target/test-data/ac2085eb-cd30-4432-80ed-d19e30ac6025/dfscluster_e4403968-067d-48b6-a761-b6e8fe7ec4c2/dfs/data/data2
24/04/26 01:59:03 ERROR datanode.DataNode: All directories in dfs.data.dir are invalid.
java.lang.NullPointerException
	at org.apache.hadoop.hdfs.MiniDFSCluster.startDataNodes(MiniDFSCluster.java:422)
	at org.apache.hadoop.hdfs.MiniDFSCluster.<init>(MiniDFSCluster.java:280)
	at org.apache.hadoop.hbase.HBaseTestingUtility.startMiniDFSCluster(HBaseTestingUtility.java:451)
	at org.apache.hadoop.hbase.HBaseTestingUtility.startMiniCluster(HBaseTestingUtility.java:619)
	at org.apache.hadoop.hbase.HBaseTestingUtility.startMiniCluster(HBaseTestingUtility.java:575)
	at com.alibaba.wasp.WaspTestingUtility.startMiniCluster(WaspTestingUtility.java:172)
	at com.alibaba.wasp.WaspTestingUtility.startMiniCluster(WaspTestingUtility.java:144)
	at com.alibaba.wasp.jdbc.TestJdbcResultSet.setUpBeforeClass(TestJdbcResultSet.java:71)
	at sun.reflect.NativeMethodAccessorImpl.invoke0(Native Method)
	at sun.reflect.NativeMethodAccessorImpl.invoke(NativeMethodAccessorImpl.java:62)
	at sun.reflect.DelegatingMethodAccessorImpl.invoke(DelegatingMethodAccessorImpl.java:43)
	at java.lang.reflect.Method.invoke(Method.java:498)
	at org.junit.runners.model.FrameworkMethod$1.runReflectiveCall(FrameworkMethod.java:45)
	at org.junit.internal.runners.model.ReflectiveCallable.run(ReflectiveCallable.java:15)
	at org.junit.runners.model.FrameworkMethod.invokeExplosively(FrameworkMethod.java:42)
	at org.junit.internal.runners.statements.RunBefores.evaluate(RunBefores.java:27)
	at org.junit.internal.runners.statements.RunAfters.evaluate(RunAfters.java:30)
	at org.junit.runners.ParentRunner.run(ParentRunner.java:300)
	at org.junit.runners.Suite.runChild(Suite.java:128)
	at org.junit.runners.Suite.runChild(Suite.java:24)
	at org.junit.runners.ParentRunner$3.run(ParentRunner.java:231)
	at org.junit.runners.ParentRunner$1.schedule(ParentRunner.java:60)
	at org.junit.runners.ParentRunner.runChildren(ParentRunner.java:229)
	at org.junit.runners.ParentRunner.access$000(ParentRunner.java:50)
	at org.junit.runners.ParentRunner$2.evaluate(ParentRunner.java:222)
	at org.junit.runners.ParentRunner.run(ParentRunner.java:300)
	at org.junit.runner.JUnitCore.run(JUnitCore.java:157)
	at org.junit.runner.JUnitCore.run(JUnitCore.java:136)
	at edu.illinois.cs.testrunner.execution.JUnitTestExecutor.execute(JUnitTestExecutor.java:259)
	at edu.illinois.cs.testrunner.execution.JUnitTestExecutor.executeWithJUnit4Runner(JUnitTestExecutor.java:327)
	at edu.illinois.cs.testrunner.execution.JUnitTestExecutor.runOrder(JUnitTestExecutor.java:49)
	at edu.illinois.cs.testrunner.execution.Executor$.$anonfun$run$1(Executor.scala:30)
	at scala.runtime.java8.JFunction0$mcV$sp.apply(JFunction0$mcV$sp.java:12)
	at scala.util.Try$.apply(Try.scala:209)
	at edu.illinois.cs.testrunner.execution.Executor$.run(Executor.scala:28)
	at edu.illinois.cs.testrunner.execution.Executor$.main(Executor.scala:18)
	at edu.illinois.cs.testrunner.execution.Executor.main(Executor.scala)
java.lang.NullPointerException
	at com.alibaba.wasp.jdbc.TestJdbcResultSet.tearDownAfterClass(TestJdbcResultSet.java:100)
	at sun.reflect.NativeMethodAccessorImpl.invoke0(Native Method)
	at sun.reflect.NativeMethodAccessorImpl.invoke(NativeMethodAccessorImpl.java:62)
	at sun.reflect.DelegatingMethodAccessorImpl.invoke(DelegatingMethodAccessorImpl.java:43)
	at java.lang.reflect.Method.invoke(Method.java:498)
	at org.junit.runners.model.FrameworkMethod$1.runReflectiveCall(FrameworkMethod.java:45)
	at org.junit.internal.runners.model.ReflectiveCallable.run(ReflectiveCallable.java:15)
	at org.junit.runners.model.FrameworkMethod.invokeExplosively(FrameworkMethod.java:42)
	at org.junit.internal.runners.statements.RunAfters.evaluate(RunAfters.java:36)
	at org.junit.runners.ParentRunner.run(ParentRunner.java:300)
	at org.junit.runners.Suite.runChild(Suite.java:128)
	at org.junit.runners.Suite.runChild(Suite.java:24)
	at org.junit.runners.ParentRunner$3.run(ParentRunner.java:231)
	at org.junit.runners.ParentRunner$1.schedule(ParentRunner.java:60)
	at org.junit.runners.ParentRunner.runChildren(ParentRunner.java:229)
	at org.junit.runners.ParentRunner.access$000(ParentRunner.java:50)
	at org.junit.runners.ParentRunner$2.evaluate(ParentRunner.java:222)
	at org.junit.runners.ParentRunner.run(ParentRunner.java:300)
	at org.junit.runner.JUnitCore.run(JUnitCore.java:157)
	at org.junit.runner.JUnitCore.run(JUnitCore.java:136)
	at edu.illinois.cs.testrunner.execution.JUnitTestExecutor.execute(JUnitTestExecutor.java:259)
	at edu.illinois.cs.testrunner.execution.JUnitTestExecutor.executeWithJUnit4Runner(JUnitTestExecutor.java:327)
	at edu.illinois.cs.testrunner.execution.JUnitTestExecutor.runOrder(JUnitTestExecutor.java:49)
	at edu.illinois.cs.testrunner.execution.Executor$.$anonfun$run$1(Executor.scala:30)
	at scala.runtime.java8.JFunction0$mcV$sp.apply(JFunction0$mcV$sp.java:12)
	at scala.util.Try$.apply(Try.scala:209)
	at edu.illinois.cs.testrunner.execution.Executor$.run(Executor.scala:28)
	at edu.illinois.cs.testrunner.execution.Executor$.main(Executor.scala:18)
	at edu.illinois.cs.testrunner.execution.Executor.main(Executor.scala)
