24/04/26 01:48:16 INFO wasp.WaspTestingUtility: Starting up minicluster with 1 master(s) and 3 fserver(s) 
Starting DataNode 0 with dfs.data.dir: /home/alex/Repositories/wasp/target/test-data/bd336fa0-51cf-4a49-aaf9-947bf2e9b954/dfscluster_603e6d04-66a4-49d2-a3fe-88f0078356e2/dfs/data/data1,/home/alex/Repositories/wasp/target/test-data/bd336fa0-51cf-4a49-aaf9-947bf2e9b954/dfscluster_603e6d04-66a4-49d2-a3fe-88f0078356e2/dfs/data/data2
24/04/26 01:48:17 ERROR datanode.DataNode: All directories in dfs.data.dir are invalid.
24/04/26 01:48:17 INFO wasp.WaspTestingUtility: Shutting down mini wasp cluster
24/04/26 01:48:17 INFO wasp.WaspTestingUtility: Minicluster is down
java.lang.NullPointerException
	at org.apache.hadoop.hdfs.MiniDFSCluster.startDataNodes(MiniDFSCluster.java:422)
	at org.apache.hadoop.hdfs.MiniDFSCluster.<init>(MiniDFSCluster.java:280)
	at org.apache.hadoop.hbase.HBaseTestingUtility.startMiniDFSCluster(HBaseTestingUtility.java:451)
	at org.apache.hadoop.hbase.HBaseTestingUtility.startMiniCluster(HBaseTestingUtility.java:619)
	at org.apache.hadoop.hbase.HBaseTestingUtility.startMiniCluster(HBaseTestingUtility.java:575)
	at com.alibaba.wasp.WaspTestingUtility.startMiniCluster(WaspTestingUtility.java:172)
	at com.alibaba.wasp.WaspTestingUtility.startMiniCluster(WaspTestingUtility.java:144)
	at com.alibaba.wasp.client.TestFromClientSide.setUpBeforeClass(TestFromClientSide.java:83)
	at sun.reflect.NativeMethodAccessorImpl.invoke0(Native Method)
	at sun.reflect.NativeMethodAccessorImpl.invoke(NativeMethodAccessorImpl.java:62)
	at sun.reflect.DelegatingMethodAccessorImpl.invoke(DelegatingMethodAccessorImpl.java:43)
	at java.lang.reflect.Method.invoke(Method.java:498)
	at org.junit.runners.model.FrameworkMethod$1.runReflectiveCall(FrameworkMethod.java:45)
	at org.junit.internal.runners.model.ReflectiveCallable.run(ReflectiveCallable.java:15)
	at org.junit.runners.model.FrameworkMethod.invokeExplosively(FrameworkMethod.java:42)
	at org.junit.internal.runners.statements.RunBefores.evaluate(RunBefores.java:27)
	at org.junit.internal.runners.statements.RunAfters.evaluate(RunAfters.java:30)
	at org.junit.runners.ParentRunner.run(ParentRunner.java:300)
	at org.junit.runners.Suite.runChild(Suite.java:128)
	at org.junit.runners.Suite.runChild(Suite.java:24)
	at org.junit.runners.ParentRunner$3.run(ParentRunner.java:231)
	at org.junit.runners.ParentRunner$1.schedule(ParentRunner.java:60)
	at org.junit.runners.ParentRunner.runChildren(ParentRunner.java:229)
	at org.junit.runners.ParentRunner.access$000(ParentRunner.java:50)
	at org.junit.runners.ParentRunner$2.evaluate(ParentRunner.java:222)
	at org.junit.runners.ParentRunner.run(ParentRunner.java:300)
	at org.junit.runner.JUnitCore.run(JUnitCore.java:157)
	at org.junit.runner.JUnitCore.run(JUnitCore.java:136)
	at edu.illinois.cs.testrunner.execution.JUnitTestExecutor.execute(JUnitTestExecutor.java:259)
	at edu.illinois.cs.testrunner.execution.JUnitTestExecutor.executeWithJUnit4Runner(JUnitTestExecutor.java:327)
	at edu.illinois.cs.testrunner.execution.JUnitTestExecutor.runOrder(JUnitTestExecutor.java:49)
	at edu.illinois.cs.testrunner.execution.Executor$.$anonfun$run$1(Executor.scala:30)
	at scala.runtime.java8.JFunction0$mcV$sp.apply(JFunction0$mcV$sp.java:12)
	at scala.util.Try$.apply(Try.scala:209)
	at edu.illinois.cs.testrunner.execution.Executor$.run(Executor.scala:28)
	at edu.illinois.cs.testrunner.execution.Executor$.main(Executor.scala:18)
	at edu.illinois.cs.testrunner.execution.Executor.main(Executor.scala)
24/04/26 01:48:17 INFO wasp.WaspTestingUtility: Starting up minicluster with 1 master(s) and 3 fserver(s) 
Starting DataNode 0 with dfs.data.dir: /home/alex/Repositories/wasp/target/test-data/0edfd79b-5250-44ec-a1de-5337b0d222f9/dfscluster_dd2b74e3-dac2-4cab-8153-a717ff5990f2/dfs/data/data1,/home/alex/Repositories/wasp/target/test-data/0edfd79b-5250-44ec-a1de-5337b0d222f9/dfscluster_dd2b74e3-dac2-4cab-8153-a717ff5990f2/dfs/data/data2
24/04/26 01:48:17 ERROR datanode.DataNode: All directories in dfs.data.dir are invalid.
java.lang.NullPointerException
	at org.apache.hadoop.hdfs.MiniDFSCluster.startDataNodes(MiniDFSCluster.java:422)
	at org.apache.hadoop.hdfs.MiniDFSCluster.<init>(MiniDFSCluster.java:280)
	at org.apache.hadoop.hbase.HBaseTestingUtility.startMiniDFSCluster(HBaseTestingUtility.java:451)
	at org.apache.hadoop.hbase.HBaseTestingUtility.startMiniCluster(HBaseTestingUtility.java:619)
	at org.apache.hadoop.hbase.HBaseTestingUtility.startMiniCluster(HBaseTestingUtility.java:575)
	at com.alibaba.wasp.WaspTestingUtility.startMiniCluster(WaspTestingUtility.java:172)
	at com.alibaba.wasp.WaspTestingUtility.startMiniCluster(WaspTestingUtility.java:144)
	at com.alibaba.wasp.jdbc.TestJdbcResultSet.setUpBeforeClass(TestJdbcResultSet.java:71)
	at sun.reflect.NativeMethodAccessorImpl.invoke0(Native Method)
	at sun.reflect.NativeMethodAccessorImpl.invoke(NativeMethodAccessorImpl.java:62)
	at sun.reflect.DelegatingMethodAccessorImpl.invoke(DelegatingMethodAccessorImpl.java:43)
	at java.lang.reflect.Method.invoke(Method.java:498)
	at org.junit.runners.model.FrameworkMethod$1.runReflectiveCall(FrameworkMethod.java:45)
	at org.junit.internal.runners.model.ReflectiveCallable.run(ReflectiveCallable.java:15)
	at org.junit.runners.model.FrameworkMethod.invokeExplosively(FrameworkMethod.java:42)
	at org.junit.internal.runners.statements.RunBefores.evaluate(RunBefores.java:27)
	at org.junit.internal.runners.statements.RunAfters.evaluate(RunAfters.java:30)
	at org.junit.runners.ParentRunner.run(ParentRunner.java:300)
	at org.junit.runners.Suite.runChild(Suite.java:128)
	at org.junit.runners.Suite.runChild(Suite.java:24)
	at org.junit.runners.ParentRunner$3.run(ParentRunner.java:231)
	at org.junit.runners.ParentRunner$1.schedule(ParentRunner.java:60)
	at org.junit.runners.ParentRunner.runChildren(ParentRunner.java:229)
	at org.junit.runners.ParentRunner.access$000(ParentRunner.java:50)
	at org.junit.runners.ParentRunner$2.evaluate(ParentRunner.java:222)
	at org.junit.runners.ParentRunner.run(ParentRunner.java:300)
	at org.junit.runner.JUnitCore.run(JUnitCore.java:157)
	at org.junit.runner.JUnitCore.run(JUnitCore.java:136)
	at edu.illinois.cs.testrunner.execution.JUnitTestExecutor.execute(JUnitTestExecutor.java:259)
	at edu.illinois.cs.testrunner.execution.JUnitTestExecutor.executeWithJUnit4Runner(JUnitTestExecutor.java:327)
	at edu.illinois.cs.testrunner.execution.JUnitTestExecutor.runOrder(JUnitTestExecutor.java:49)
	at edu.illinois.cs.testrunner.execution.Executor$.$anonfun$run$1(Executor.scala:30)
	at scala.runtime.java8.JFunction0$mcV$sp.apply(JFunction0$mcV$sp.java:12)
	at scala.util.Try$.apply(Try.scala:209)
	at edu.illinois.cs.testrunner.execution.Executor$.run(Executor.scala:28)
	at edu.illinois.cs.testrunner.execution.Executor$.main(Executor.scala:18)
	at edu.illinois.cs.testrunner.execution.Executor.main(Executor.scala)
java.lang.NullPointerException
	at com.alibaba.wasp.jdbc.TestJdbcResultSet.tearDownAfterClass(TestJdbcResultSet.java:100)
	at sun.reflect.NativeMethodAccessorImpl.invoke0(Native Method)
	at sun.reflect.NativeMethodAccessorImpl.invoke(NativeMethodAccessorImpl.java:62)
	at sun.reflect.DelegatingMethodAccessorImpl.invoke(DelegatingMethodAccessorImpl.java:43)
	at java.lang.reflect.Method.invoke(Method.java:498)
	at org.junit.runners.model.FrameworkMethod$1.runReflectiveCall(FrameworkMethod.java:45)
	at org.junit.internal.runners.model.ReflectiveCallable.run(ReflectiveCallable.java:15)
	at org.junit.runners.model.FrameworkMethod.invokeExplosively(FrameworkMethod.java:42)
	at org.junit.internal.runners.statements.RunAfters.evaluate(RunAfters.java:36)
	at org.junit.runners.ParentRunner.run(ParentRunner.java:300)
	at org.junit.runners.Suite.runChild(Suite.java:128)
	at org.junit.runners.Suite.runChild(Suite.java:24)
	at org.junit.runners.ParentRunner$3.run(ParentRunner.java:231)
	at org.junit.runners.ParentRunner$1.schedule(ParentRunner.java:60)
	at org.junit.runners.ParentRunner.runChildren(ParentRunner.java:229)
	at org.junit.runners.ParentRunner.access$000(ParentRunner.java:50)
	at org.junit.runners.ParentRunner$2.evaluate(ParentRunner.java:222)
	at org.junit.runners.ParentRunner.run(ParentRunner.java:300)
	at org.junit.runner.JUnitCore.run(JUnitCore.java:157)
	at org.junit.runner.JUnitCore.run(JUnitCore.java:136)
	at edu.illinois.cs.testrunner.execution.JUnitTestExecutor.execute(JUnitTestExecutor.java:259)
	at edu.illinois.cs.testrunner.execution.JUnitTestExecutor.executeWithJUnit4Runner(JUnitTestExecutor.java:327)
	at edu.illinois.cs.testrunner.execution.JUnitTestExecutor.runOrder(JUnitTestExecutor.java:49)
	at edu.illinois.cs.testrunner.execution.Executor$.$anonfun$run$1(Executor.scala:30)
	at scala.runtime.java8.JFunction0$mcV$sp.apply(JFunction0$mcV$sp.java:12)
	at scala.util.Try$.apply(Try.scala:209)
	at edu.illinois.cs.testrunner.execution.Executor$.run(Executor.scala:28)
	at edu.illinois.cs.testrunner.execution.Executor$.main(Executor.scala:18)
	at edu.illinois.cs.testrunner.execution.Executor.main(Executor.scala)
24/04/26 01:48:17 INFO wasp.WaspTestingUtility: Starting up minicluster with 1 master(s) and 3 fserver(s) 
Starting DataNode 0 with dfs.data.dir: /home/alex/Repositories/wasp/target/test-data/9cc5eece-168e-4b15-af76-c2190112b56a/dfscluster_11128cf6-4ad0-42dd-be85-7dbc8eb7b4e3/dfs/data/data1,/home/alex/Repositories/wasp/target/test-data/9cc5eece-168e-4b15-af76-c2190112b56a/dfscluster_11128cf6-4ad0-42dd-be85-7dbc8eb7b4e3/dfs/data/data2
24/04/26 01:48:18 ERROR datanode.DataNode: All directories in dfs.data.dir are invalid.
java.lang.NullPointerException
	at org.apache.hadoop.hdfs.MiniDFSCluster.startDataNodes(MiniDFSCluster.java:422)
	at org.apache.hadoop.hdfs.MiniDFSCluster.<init>(MiniDFSCluster.java:280)
	at org.apache.hadoop.hbase.HBaseTestingUtility.startMiniDFSCluster(HBaseTestingUtility.java:451)
	at org.apache.hadoop.hbase.HBaseTestingUtility.startMiniCluster(HBaseTestingUtility.java:619)
	at org.apache.hadoop.hbase.HBaseTestingUtility.startMiniCluster(HBaseTestingUtility.java:575)
	at com.alibaba.wasp.WaspTestingUtility.startMiniCluster(WaspTestingUtility.java:172)
	at com.alibaba.wasp.WaspTestingUtility.startMiniCluster(WaspTestingUtility.java:144)
	at com.alibaba.wasp.jdbc.TestPreparedStatement.beforeClass(TestPreparedStatement.java:60)
	at sun.reflect.NativeMethodAccessorImpl.invoke0(Native Method)
	at sun.reflect.NativeMethodAccessorImpl.invoke(NativeMethodAccessorImpl.java:62)
	at sun.reflect.DelegatingMethodAccessorImpl.invoke(DelegatingMethodAccessorImpl.java:43)
	at java.lang.reflect.Method.invoke(Method.java:498)
	at org.junit.runners.model.FrameworkMethod$1.runReflectiveCall(FrameworkMethod.java:45)
	at org.junit.internal.runners.model.ReflectiveCallable.run(ReflectiveCallable.java:15)
	at org.junit.runners.model.FrameworkMethod.invokeExplosively(FrameworkMethod.java:42)
	at org.junit.internal.runners.statements.RunBefores.evaluate(RunBefores.java:27)
	at org.junit.internal.runners.statements.RunAfters.evaluate(RunAfters.java:30)
	at org.junit.runners.ParentRunner.run(ParentRunner.java:300)
	at org.junit.runners.Suite.runChild(Suite.java:128)
	at org.junit.runners.Suite.runChild(Suite.java:24)
	at org.junit.runners.ParentRunner$3.run(ParentRunner.java:231)
	at org.junit.runners.ParentRunner$1.schedule(ParentRunner.java:60)
	at org.junit.runners.ParentRunner.runChildren(ParentRunner.java:229)
	at org.junit.runners.ParentRunner.access$000(ParentRunner.java:50)
	at org.junit.runners.ParentRunner$2.evaluate(ParentRunner.java:222)
	at org.junit.runners.ParentRunner.run(ParentRunner.java:300)
	at org.junit.runner.JUnitCore.run(JUnitCore.java:157)
	at org.junit.runner.JUnitCore.run(JUnitCore.java:136)
	at edu.illinois.cs.testrunner.execution.JUnitTestExecutor.execute(JUnitTestExecutor.java:259)
	at edu.illinois.cs.testrunner.execution.JUnitTestExecutor.executeWithJUnit4Runner(JUnitTestExecutor.java:327)
	at edu.illinois.cs.testrunner.execution.JUnitTestExecutor.runOrder(JUnitTestExecutor.java:49)
	at edu.illinois.cs.testrunner.execution.Executor$.$anonfun$run$1(Executor.scala:30)
	at scala.runtime.java8.JFunction0$mcV$sp.apply(JFunction0$mcV$sp.java:12)
	at scala.util.Try$.apply(Try.scala:209)
	at edu.illinois.cs.testrunner.execution.Executor$.run(Executor.scala:28)
	at edu.illinois.cs.testrunner.execution.Executor$.main(Executor.scala:18)
	at edu.illinois.cs.testrunner.execution.Executor.main(Executor.scala)
java.lang.NullPointerException
	at com.alibaba.wasp.jdbc.TestPreparedStatement.afterClass(TestPreparedStatement.java:82)
	at sun.reflect.NativeMethodAccessorImpl.invoke0(Native Method)
	at sun.reflect.NativeMethodAccessorImpl.invoke(NativeMethodAccessorImpl.java:62)
	at sun.reflect.DelegatingMethodAccessorImpl.invoke(DelegatingMethodAccessorImpl.java:43)
	at java.lang.reflect.Method.invoke(Method.java:498)
	at org.junit.runners.model.FrameworkMethod$1.runReflectiveCall(FrameworkMethod.java:45)
	at org.junit.internal.runners.model.ReflectiveCallable.run(ReflectiveCallable.java:15)
	at org.junit.runners.model.FrameworkMethod.invokeExplosively(FrameworkMethod.java:42)
	at org.junit.internal.runners.statements.RunAfters.evaluate(RunAfters.java:36)
	at org.junit.runners.ParentRunner.run(ParentRunner.java:300)
	at org.junit.runners.Suite.runChild(Suite.java:128)
	at org.junit.runners.Suite.runChild(Suite.java:24)
	at org.junit.runners.ParentRunner$3.run(ParentRunner.java:231)
	at org.junit.runners.ParentRunner$1.schedule(ParentRunner.java:60)
	at org.junit.runners.ParentRunner.runChildren(ParentRunner.java:229)
	at org.junit.runners.ParentRunner.access$000(ParentRunner.java:50)
	at org.junit.runners.ParentRunner$2.evaluate(ParentRunner.java:222)
	at org.junit.runners.ParentRunner.run(ParentRunner.java:300)
	at org.junit.runner.JUnitCore.run(JUnitCore.java:157)
	at org.junit.runner.JUnitCore.run(JUnitCore.java:136)
	at edu.illinois.cs.testrunner.execution.JUnitTestExecutor.execute(JUnitTestExecutor.java:259)
	at edu.illinois.cs.testrunner.execution.JUnitTestExecutor.executeWithJUnit4Runner(JUnitTestExecutor.java:327)
	at edu.illinois.cs.testrunner.execution.JUnitTestExecutor.runOrder(JUnitTestExecutor.java:49)
	at edu.illinois.cs.testrunner.execution.Executor$.$anonfun$run$1(Executor.scala:30)
	at scala.runtime.java8.JFunction0$mcV$sp.apply(JFunction0$mcV$sp.java:12)
	at scala.util.Try$.apply(Try.scala:209)
	at edu.illinois.cs.testrunner.execution.Executor$.run(Executor.scala:28)
	at edu.illinois.cs.testrunner.execution.Executor$.main(Executor.scala:18)
	at edu.illinois.cs.testrunner.execution.Executor.main(Executor.scala)
24/04/26 01:48:18 INFO server.NIOServerCnxnFactory: binding to port 0.0.0.0/0.0.0.0:64267
24/04/26 01:48:18 INFO persistence.FileTxnSnapLog: Snapshotting: 0x0 to /home/alex/Repositories/wasp/target/test-data/1e4c5904-6950-4759-888e-7ea74b55e0d1/dfscluster_5a132386-5852-47c6-91d8-c8ab39afe35b/zookeeper_0/version-2/snapshot.0
24/04/26 01:48:18 INFO server.NIOServerCnxnFactory: Accepted socket connection from /127.0.0.1:41534
24/04/26 01:48:18 DEBUG zookeeper.ZKUtil: MockServer,123,-1 opening connection to ZooKeeper with ensemble (localhost:64267)
24/04/26 01:48:18 INFO zookeeper.RecoverableZooKeeper: The identifier of this process is 41120@Lenovo-Bot
24/04/26 01:48:18 INFO server.NIOServerCnxnFactory: Accepted socket connection from /127.0.0.1:41546
24/04/26 01:48:18 INFO persistence.FileTxnLog: Creating new log file: log.1
24/04/26 01:48:18 DEBUG zookeeper.ZooKeeperWatcher: MockServer,123,-1 Received ZooKeeper Event, type=None, state=SyncConnected, path=null
24/04/26 01:48:18 DEBUG zookeeper.ZooKeeperWatcher: MockServer,123,-1-0xff8f17dfdc8d0000 connected
24/04/26 01:48:18 INFO fserver.EntityGroup: creating EntityGroup TestOpenEntityGroupHandler Table == CREATE TABLE TestOpenEntityGroupHandler { 
  REQUIRED INT32 column1 COLUMNFAMILY d;
  REQUIRED INT64 column2 COLUMNFAMILY d;
  REQUIRED STRING column3 COLUMNFAMILY d;
  OPTIONAL FLOAT column4 COLUMNFAMILY d;
  OPTIONAL DOUBLE column5 COLUMNFAMILY d;
  OPTIONAL DATETIME column6 COLUMNFAMILY d;
  REPEATED PROTOBUF column7 COLUMNFAMILY d;
  OPTIONAL STRING column8 COLUMNFAMILY d;
} 
PRIMARY KEY(column1),
ENTITY GROUP ROOT,
ENTITY GROUP KEY(column1);
 Table name == TestOpenEntityGroupHandler
24/04/26 01:48:18 DEBUG fserver.MetricsEntityGroupSourceImpl: Creating new MetricsEntityGroupSourceImpl for table TestOpenEntityGroupHandler f5a005138daa4e3caf0b7450343b6be2
24/04/26 01:48:18 DEBUG fserver.EntityGroup: Instantiated TestOpenEntityGroupHandler,\x00\x00\x00\x00,1714092498080.f5a005138daa4e3caf0b7450343b6be2.
24/04/26 01:48:18 ERROR server.NIOServerCnxnFactory: Thread Thread[Thread-75,5,main] died
java.lang.NullPointerException
	at com.alibaba.wasp.fserver.EntityGroup.run(EntityGroup.java:1264)
	at java.lang.Thread.run(Thread.java:750)
24/04/26 01:48:18 DEBUG zookeeper.ZKAssign: MockServer,123,-1-0xff8f17dfdc8d0000 Attempting to transition node f5a005138daa4e3caf0b7450343b6be2 from M_ZK_ENTITYGROUP_OFFLINE to FSERVER_ZK_ENTITYGROUP_OPENING
24/04/26 01:48:18 DEBUG zookeeper.ZKUtil: MockServer,123,-1-0xff8f17dfdc8d0000 Unable to get data of znode /wasp/unassigned/f5a005138daa4e3caf0b7450343b6be2 because node does not exist (not necessarily an error)
24/04/26 01:48:18 WARN handler.OpenEntityGroupHandler: Failed transition from OFFLINE to OPENING for entityGroup=f5a005138daa4e3caf0b7450343b6be2
24/04/26 01:48:18 WARN handler.OpenEntityGroupHandler: EntityGroup was hijacked? It no longer exists, encodedName=f5a005138daa4e3caf0b7450343b6be2
24/04/26 01:48:18 DEBUG zookeeper.ZKAssign: MockServer,123,-1-0xff8f17dfdc8d0000 Creating unassigned node for f5a005138daa4e3caf0b7450343b6be2 in OFFLINE state
24/04/26 01:48:18 DEBUG zookeeper.ZKAssign: MockServer,123,-1-0xff8f17dfdc8d0000 Attempting to transition node f5a005138daa4e3caf0b7450343b6be2 from M_ZK_ENTITYGROUP_OFFLINE to FSERVER_ZK_ENTITYGROUP_OPENING
24/04/26 01:48:18 DEBUG zookeeper.ZKUtil: MockServer,123,-1-0xff8f17dfdc8d0000 Retrieved 117 byte(s) of data from znode /wasp/unassigned/f5a005138daa4e3caf0b7450343b6be2; data=entityGroup=TestOpenEntityGroupHandler,\x00\x00\x00\x00,1714092498080.f5a005138daa4e3caf0b7450343b6be2., state=M_ZK_ENTITYGROUP_OFFLINE, servername=MockServer,123,-1, createTime=1714092498151, payload.length=0
24/04/26 01:48:18 DEBUG zookeeper.ZooKeeperWatcher: MockServer,123,-1-0xff8f17dfdc8d0000 Received ZooKeeper Event, type=NodeDataChanged, state=SyncConnected, path=/wasp/unassigned/f5a005138daa4e3caf0b7450343b6be2
24/04/26 01:48:18 DEBUG zookeeper.ZKAssign: MockServer,123,-1-0xff8f17dfdc8d0000 Successfully transitioned node f5a005138daa4e3caf0b7450343b6be2 from M_ZK_ENTITYGROUP_OFFLINE to FSERVER_ZK_ENTITYGROUP_OPENING
24/04/26 01:48:18 INFO fserver.EntityGroup: EntityGroup.openEntityGroup EntityGroup name ==TestOpenEntityGroupHandler,\x00\x00\x00\x00,1714092498080.f5a005138daa4e3caf0b7450343b6be2.
24/04/26 01:48:18 DEBUG fserver.EntityGroup: Opening EntityGroup: {NAME => 'TestOpenEntityGroupHandler,\x00\x00\x00\x00,1714092498080.f5a005138daa4e3caf0b7450343b6be2.', STARTKEY => '\x00\x00\x00\x00', ENDKEY => '\x00\x00\x00\x01', ENCODED => f5a005138daa4e3caf0b7450343b6be2,}
24/04/26 01:48:18 DEBUG fserver.MetricsEntityGroupSourceImpl: Creating new MetricsEntityGroupSourceImpl for table TestOpenEntityGroupHandler f5a005138daa4e3caf0b7450343b6be2
24/04/26 01:48:18 DEBUG fserver.EntityGroup: Instantiated TestOpenEntityGroupHandler,\x00\x00\x00\x00,1714092498080.f5a005138daa4e3caf0b7450343b6be2.
24/04/26 01:48:18 ERROR server.NIOServerCnxnFactory: Thread Thread[Thread-78,5,main] died
java.lang.NullPointerException
	at com.alibaba.wasp.fserver.EntityGroup.run(EntityGroup.java:1264)
	at java.lang.Thread.run(Thread.java:750)
24/04/26 01:48:18 DEBUG zookeeper.ZKAssign: MockServer,123,-1-0xff8f17dfdc8d0000 Attempting to transition node f5a005138daa4e3caf0b7450343b6be2 from FSERVER_ZK_ENTITYGROUP_OPENING to FSERVER_ZK_ENTITYGROUP_OPENING
24/04/26 01:48:18 DEBUG zookeeper.ZKUtil: MockServer,123,-1-0xff8f17dfdc8d0000 Unable to get data of znode /wasp/unassigned/f5a005138daa4e3caf0b7450343b6be2 because node does not exist (not necessarily an error)
24/04/26 01:48:18 WARN handler.OpenEntityGroupHandler: Failed refreshing OPENING; entityGroup=f5a005138daa4e3caf0b7450343b6be2, context=post_entitygroup_open
24/04/26 01:48:18 DEBUG fserver.EntityGroup: Closing TestOpenEntityGroupHandler,\x00\x00\x00\x00,1714092498080.f5a005138daa4e3caf0b7450343b6be2.
24/04/26 01:48:18 DEBUG fserver.EntityGroup: Updates disabled for entityGroup TestOpenEntityGroupHandler,\x00\x00\x00\x00,1714092498080.f5a005138daa4e3caf0b7450343b6be2.
24/04/26 01:48:18 INFO fserver.EntityGroup: Running commit transaction of TestOpenEntityGroupHandler,\x00\x00\x00\x00,1714092498080.f5a005138daa4e3caf0b7450343b6be2. before close
24/04/26 01:48:18 INFO fserver.EntityGroup: Closed TestOpenEntityGroupHandler,\x00\x00\x00\x00,1714092498080.f5a005138daa4e3caf0b7450343b6be2.
24/04/26 01:48:18 INFO handler.OpenEntityGroupHandler: Opening of entityGroup {NAME => 'TestOpenEntityGroupHandler,\x00\x00\x00\x00,1714092498080.f5a005138daa4e3caf0b7450343b6be2.', STARTKEY => '\x00\x00\x00\x00', ENDKEY => '\x00\x00\x00\x01', ENCODED => f5a005138daa4e3caf0b7450343b6be2,} failed, marking as FAILED_OPEN in ZK
24/04/26 01:48:18 DEBUG zookeeper.ZKAssign: MockServer,123,-1-0xff8f17dfdc8d0000 Attempting to transition node f5a005138daa4e3caf0b7450343b6be2 from FSERVER_ZK_ENTITYGROUP_OPENING to FSERVER_ZK_ENTITYGROUP_FAILED_OPEN
24/04/26 01:48:18 DEBUG zookeeper.ZKUtil: MockServer,123,-1-0xff8f17dfdc8d0000 Unable to get data of znode /wasp/unassigned/f5a005138daa4e3caf0b7450343b6be2 because node does not exist (not necessarily an error)
24/04/26 01:48:18 WARN handler.OpenEntityGroupHandler: Unable to mark entityGroup {NAME => 'TestOpenEntityGroupHandler,\x00\x00\x00\x00,1714092498080.f5a005138daa4e3caf0b7450343b6be2.', STARTKEY => '\x00\x00\x00\x00', ENDKEY => '\x00\x00\x00\x01', ENCODED => f5a005138daa4e3caf0b7450343b6be2,} as FAILED_OPEN. It's likely that the master already timed out this open attempt, and thus another RS already has the entityGroup.
24/04/26 01:48:18 DEBUG fserver.EntityGroup: Closing TestOpenEntityGroupHandler,\x00\x00\x00\x00,1714092498080.f5a005138daa4e3caf0b7450343b6be2.
24/04/26 01:48:18 DEBUG fserver.EntityGroup: Updates disabled for entityGroup TestOpenEntityGroupHandler,\x00\x00\x00\x00,1714092498080.f5a005138daa4e3caf0b7450343b6be2.
24/04/26 01:48:18 INFO fserver.EntityGroup: Running commit transaction of TestOpenEntityGroupHandler,\x00\x00\x00\x00,1714092498080.f5a005138daa4e3caf0b7450343b6be2. before close
24/04/26 01:48:18 INFO fserver.EntityGroup: Closed TestOpenEntityGroupHandler,\x00\x00\x00\x00,1714092498080.f5a005138daa4e3caf0b7450343b6be2.
24/04/26 01:48:18 DEBUG zookeeper.ZKUtil: MockServer,123,-1 opening connection to ZooKeeper with ensemble (localhost:64267)
24/04/26 01:48:18 INFO zookeeper.RecoverableZooKeeper: The identifier of this process is 41120@Lenovo-Bot
24/04/26 01:48:18 INFO server.NIOServerCnxnFactory: Accepted socket connection from /127.0.0.1:41554
24/04/26 01:48:18 DEBUG zookeeper.ZooKeeperWatcher: MockServer,123,-1 Received ZooKeeper Event, type=None, state=SyncConnected, path=null
24/04/26 01:48:18 DEBUG zookeeper.ZooKeeperWatcher: MockServer,123,-1-0xff8f17dfdc8d0001 connected
24/04/26 01:48:18 DEBUG zookeeper.ZKAssign: MockServer,123,-1-0xff8f17dfdc8d0001 Creating unassigned node for 5083d23250d0650f9b889d76a5386e6d in OFFLINE state
24/04/26 01:48:18 DEBUG zookeeper.ZKAssign: MockServer,123,-1-0xff8f17dfdc8d0001 Attempting to transition node 5083d23250d0650f9b889d76a5386e6d from M_ZK_ENTITYGROUP_OFFLINE to FSERVER_ZK_ENTITYGROUP_OPENING
24/04/26 01:48:18 DEBUG zookeeper.ZKUtil: MockServer,123,-1-0xff8f17dfdc8d0001 Retrieved 117 byte(s) of data from znode /wasp/unassigned/5083d23250d0650f9b889d76a5386e6d; data=entityGroup=TestOpenEntityGroupHandler,\x00\x00\x00\x00,1714092498175.5083d23250d0650f9b889d76a5386e6d., state=M_ZK_ENTITYGROUP_OFFLINE, servername=MockServer,123,-1, createTime=1714092498181, payload.length=0
24/04/26 01:48:18 DEBUG zookeeper.ZooKeeperWatcher: MockServer,123,-1-0xff8f17dfdc8d0001 Received ZooKeeper Event, type=NodeDataChanged, state=SyncConnected, path=/wasp/unassigned/5083d23250d0650f9b889d76a5386e6d
24/04/26 01:48:18 DEBUG zookeeper.ZKAssign: MockServer,123,-1-0xff8f17dfdc8d0001 Successfully transitioned node 5083d23250d0650f9b889d76a5386e6d from M_ZK_ENTITYGROUP_OFFLINE to FSERVER_ZK_ENTITYGROUP_OPENING
24/04/26 01:48:18 INFO handler.OpenEntityGroupHandler: Opening of entityGroup {NAME => 'TestOpenEntityGroupHandler,\x00\x00\x00\x00,1714092498175.5083d23250d0650f9b889d76a5386e6d.', STARTKEY => '\x00\x00\x00\x00', ENDKEY => '\x00\x00\x00\x01', ENCODED => 5083d23250d0650f9b889d76a5386e6d,} failed, marking as FAILED_OPEN in ZK
24/04/26 01:48:18 DEBUG zookeeper.ZKAssign: MockServer,123,-1-0xff8f17dfdc8d0001 Attempting to transition node 5083d23250d0650f9b889d76a5386e6d from FSERVER_ZK_ENTITYGROUP_OPENING to FSERVER_ZK_ENTITYGROUP_FAILED_OPEN
24/04/26 01:48:18 DEBUG zookeeper.ZKUtil: MockServer,123,-1-0xff8f17dfdc8d0001 Retrieved 117 byte(s) of data from znode /wasp/unassigned/5083d23250d0650f9b889d76a5386e6d; data=entityGroup=TestOpenEntityGroupHandler,\x00\x00\x00\x00,1714092498175.5083d23250d0650f9b889d76a5386e6d., state=FSERVER_ZK_ENTITYGROUP_OPENING, servername=MockServer,123,-1, createTime=1714092498184, payload.length=0
24/04/26 01:48:18 DEBUG zookeeper.ZKAssign: MockServer,123,-1-0xff8f17dfdc8d0001 Successfully transitioned node 5083d23250d0650f9b889d76a5386e6d from FSERVER_ZK_ENTITYGROUP_OPENING to FSERVER_ZK_ENTITYGROUP_FAILED_OPEN
24/04/26 01:48:18 DEBUG zookeeper.ZKUtil: MockServer,123,-1-0xff8f17dfdc8d0001 Retrieved 117 byte(s) of data from znode /wasp/unassigned/5083d23250d0650f9b889d76a5386e6d and set watcher; entityGroup=TestOpenEntityGroupHandler,\x00\x00\x00\x00,1714092498175.5083d23250d0650f9b889d76a5386e6d., state=FSERVER_ZK_ENTITYGROUP_FAILED_OPEN, servername=MockServer,123,-1, createTime=1714092498186, payload.length=0
24/04/26 01:48:18 DEBUG zookeeper.ZKUtil: MockServer,123,-1 opening connection to ZooKeeper with ensemble (localhost:64267)
24/04/26 01:48:18 INFO zookeeper.RecoverableZooKeeper: The identifier of this process is 41120@Lenovo-Bot
24/04/26 01:48:18 INFO server.NIOServerCnxnFactory: Accepted socket connection from /127.0.0.1:41568
24/04/26 01:48:18 DEBUG zookeeper.ZooKeeperWatcher: MockServer,123,-1 Received ZooKeeper Event, type=None, state=SyncConnected, path=null
24/04/26 01:48:18 DEBUG zookeeper.ZooKeeperWatcher: MockServer,123,-1-0xff8f17dfdc8d0002 connected
24/04/26 01:48:18 DEBUG zookeeper.ZKAssign: MockServer,123,-1-0xff8f17dfdc8d0002 Creating unassigned node for 08c544f3942f7480758ded7b69b66ac4 in OFFLINE state
24/04/26 01:48:18 DEBUG zookeeper.ZKAssign: MockServer,123,-1-0xff8f17dfdc8d0002 Attempting to transition node 08c544f3942f7480758ded7b69b66ac4 from M_ZK_ENTITYGROUP_OFFLINE to FSERVER_ZK_ENTITYGROUP_OPENING
24/04/26 01:48:18 DEBUG zookeeper.ZKUtil: MockServer,123,-1-0xff8f17dfdc8d0002 Retrieved 117 byte(s) of data from znode /wasp/unassigned/08c544f3942f7480758ded7b69b66ac4; data=entityGroup=TestOpenEntityGroupHandler,\x00\x00\x00\x00,1714092498189.08c544f3942f7480758ded7b69b66ac4., state=M_ZK_ENTITYGROUP_OFFLINE, servername=MockServer,123,-1, createTime=1714092498194, payload.length=0
24/04/26 01:48:18 DEBUG zookeeper.ZooKeeperWatcher: MockServer,123,-1-0xff8f17dfdc8d0002 Received ZooKeeper Event, type=NodeDataChanged, state=SyncConnected, path=/wasp/unassigned/08c544f3942f7480758ded7b69b66ac4
24/04/26 01:48:18 DEBUG zookeeper.ZKAssign: MockServer,123,-1-0xff8f17dfdc8d0002 Successfully transitioned node 08c544f3942f7480758ded7b69b66ac4 from M_ZK_ENTITYGROUP_OFFLINE to FSERVER_ZK_ENTITYGROUP_OPENING
24/04/26 01:48:18 INFO fserver.EntityGroup: EntityGroup.openEntityGroup EntityGroup name ==TestOpenEntityGroupHandler,\x00\x00\x00\x00,1714092498189.08c544f3942f7480758ded7b69b66ac4.
24/04/26 01:48:18 DEBUG fserver.EntityGroup: Opening EntityGroup: {NAME => 'TestOpenEntityGroupHandler,\x00\x00\x00\x00,1714092498189.08c544f3942f7480758ded7b69b66ac4.', STARTKEY => '\x00\x00\x00\x00', ENDKEY => '\x00\x00\x00\x01', ENCODED => 08c544f3942f7480758ded7b69b66ac4,}
24/04/26 01:48:18 DEBUG fserver.MetricsEntityGroupSourceImpl: Creating new MetricsEntityGroupSourceImpl for table TestOpenEntityGroupHandler 08c544f3942f7480758ded7b69b66ac4
24/04/26 01:48:18 DEBUG fserver.EntityGroup: Instantiated TestOpenEntityGroupHandler,\x00\x00\x00\x00,1714092498189.08c544f3942f7480758ded7b69b66ac4.
24/04/26 01:48:18 DEBUG zookeeper.ZKAssign: MockServer,123,-1-0xff8f17dfdc8d0002 Attempting to transition node 08c544f3942f7480758ded7b69b66ac4 from FSERVER_ZK_ENTITYGROUP_OPENING to FSERVER_ZK_ENTITYGROUP_OPENING
24/04/26 01:48:18 ERROR server.NIOServerCnxnFactory: Thread Thread[Thread-81,5,main] died
java.lang.NullPointerException
	at com.alibaba.wasp.fserver.EntityGroup.run(EntityGroup.java:1264)
	at java.lang.Thread.run(Thread.java:750)
24/04/26 01:48:18 DEBUG zookeeper.ZKUtil: MockServer,123,-1-0xff8f17dfdc8d0002 Retrieved 117 byte(s) of data from znode /wasp/unassigned/08c544f3942f7480758ded7b69b66ac4; data=entityGroup=TestOpenEntityGroupHandler,\x00\x00\x00\x00,1714092498189.08c544f3942f7480758ded7b69b66ac4., state=FSERVER_ZK_ENTITYGROUP_OPENING, servername=MockServer,123,-1, createTime=1714092498197, payload.length=0
24/04/26 01:48:18 DEBUG zookeeper.ZKAssign: MockServer,123,-1-0xff8f17dfdc8d0002 Successfully transitioned node 08c544f3942f7480758ded7b69b66ac4 from FSERVER_ZK_ENTITYGROUP_OPENING to FSERVER_ZK_ENTITYGROUP_OPENING
24/04/26 01:48:18 DEBUG fserver.EntityGroup: Closing TestOpenEntityGroupHandler,\x00\x00\x00\x00,1714092498189.08c544f3942f7480758ded7b69b66ac4.
24/04/26 01:48:18 DEBUG fserver.EntityGroup: Updates disabled for entityGroup TestOpenEntityGroupHandler,\x00\x00\x00\x00,1714092498189.08c544f3942f7480758ded7b69b66ac4.
24/04/26 01:48:18 INFO fserver.EntityGroup: Running commit transaction of TestOpenEntityGroupHandler,\x00\x00\x00\x00,1714092498189.08c544f3942f7480758ded7b69b66ac4. before close
24/04/26 01:48:18 INFO fserver.EntityGroup: Closed TestOpenEntityGroupHandler,\x00\x00\x00\x00,1714092498189.08c544f3942f7480758ded7b69b66ac4.
24/04/26 01:48:18 INFO handler.OpenEntityGroupHandler: Opening of entityGroup {NAME => 'TestOpenEntityGroupHandler,\x00\x00\x00\x00,1714092498189.08c544f3942f7480758ded7b69b66ac4.', STARTKEY => '\x00\x00\x00\x00', ENDKEY => '\x00\x00\x00\x01', ENCODED => 08c544f3942f7480758ded7b69b66ac4,} failed, marking as FAILED_OPEN in ZK
24/04/26 01:48:18 DEBUG zookeeper.ZKAssign: MockServer,123,-1-0xff8f17dfdc8d0002 Attempting to transition node 08c544f3942f7480758ded7b69b66ac4 from FSERVER_ZK_ENTITYGROUP_OPENING to FSERVER_ZK_ENTITYGROUP_FAILED_OPEN
24/04/26 01:48:18 DEBUG zookeeper.ZKUtil: MockServer,123,-1-0xff8f17dfdc8d0002 Retrieved 117 byte(s) of data from znode /wasp/unassigned/08c544f3942f7480758ded7b69b66ac4; data=entityGroup=TestOpenEntityGroupHandler,\x00\x00\x00\x00,1714092498189.08c544f3942f7480758ded7b69b66ac4., state=FSERVER_ZK_ENTITYGROUP_OPENING, servername=MockServer,123,-1, createTime=1714092498200, payload.length=0
24/04/26 01:48:18 DEBUG zookeeper.ZKAssign: MockServer,123,-1-0xff8f17dfdc8d0002 Successfully transitioned node 08c544f3942f7480758ded7b69b66ac4 from FSERVER_ZK_ENTITYGROUP_OPENING to FSERVER_ZK_ENTITYGROUP_FAILED_OPEN
24/04/26 01:48:18 DEBUG zookeeper.ZKUtil: MockServer,123,-1-0xff8f17dfdc8d0002 Retrieved 117 byte(s) of data from znode /wasp/unassigned/08c544f3942f7480758ded7b69b66ac4 and set watcher; entityGroup=TestOpenEntityGroupHandler,\x00\x00\x00\x00,1714092498189.08c544f3942f7480758ded7b69b66ac4., state=FSERVER_ZK_ENTITYGROUP_FAILED_OPEN, servername=MockServer,123,-1, createTime=1714092498203, payload.length=0
24/04/26 01:48:18 INFO server.NIOServerCnxnFactory: NIOServerCnxn factory exited run method
24/04/26 01:48:18 INFO server.SessionTrackerImpl: Shutting down
24/04/26 01:48:18 INFO server.SyncRequestProcessor: Shutting down
24/04/26 01:48:18 INFO server.SyncRequestProcessor: SyncRequestProcessor exited!
24/04/26 01:48:18 INFO server.FinalRequestProcessor: shutdown of request processor complete
24/04/26 01:48:18 INFO wasp.WaspTestingUtility: Starting up minicluster with 1 master(s) and 3 fserver(s) 
24/04/26 01:48:18 DEBUG zookeeper.ZooKeeperWatcher: MockServer,123,-1-0xff8f17dfdc8d0001 Received ZooKeeper Event, type=None, state=Disconnected, path=null
24/04/26 01:48:18 DEBUG zookeeper.ZooKeeperWatcher: MockServer,123,-1-0xff8f17dfdc8d0000 Received ZooKeeper Event, type=None, state=Disconnected, path=null
24/04/26 01:48:18 DEBUG zookeeper.ZooKeeperWatcher: MockServer,123,-1-0xff8f17dfdc8d0000 Received Disconnected from ZooKeeper, ignoring
24/04/26 01:48:18 DEBUG zookeeper.ZooKeeperWatcher: MockServer,123,-1-0xff8f17dfdc8d0002 Received ZooKeeper Event, type=None, state=Disconnected, path=null
24/04/26 01:48:18 DEBUG zookeeper.ZooKeeperWatcher: MockServer,123,-1-0xff8f17dfdc8d0002 Received Disconnected from ZooKeeper, ignoring
24/04/26 01:48:18 DEBUG zookeeper.ZooKeeperWatcher: MockServer,123,-1-0xff8f17dfdc8d0001 Received Disconnected from ZooKeeper, ignoring
Starting DataNode 0 with dfs.data.dir: /home/alex/Repositories/wasp/target/test-data/2cb85fdf-1e8a-4c8d-ac95-80fa84a18427/dfscluster_a3c602d3-9c1d-4f7f-8ce0-c5cc654378ce/dfs/data/data1,/home/alex/Repositories/wasp/target/test-data/2cb85fdf-1e8a-4c8d-ac95-80fa84a18427/dfscluster_a3c602d3-9c1d-4f7f-8ce0-c5cc654378ce/dfs/data/data2
24/04/26 01:48:18 ERROR datanode.DataNode: All directories in dfs.data.dir are invalid.
24/04/26 01:48:18 INFO wasp.WaspTestingUtility: Shutting down mini wasp cluster
24/04/26 01:48:18 INFO wasp.WaspTestingUtility: Minicluster is down
java.lang.NullPointerException
	at org.apache.hadoop.hdfs.MiniDFSCluster.startDataNodes(MiniDFSCluster.java:422)
	at org.apache.hadoop.hdfs.MiniDFSCluster.<init>(MiniDFSCluster.java:280)
	at org.apache.hadoop.hbase.HBaseTestingUtility.startMiniDFSCluster(HBaseTestingUtility.java:451)
	at org.apache.hadoop.hbase.HBaseTestingUtility.startMiniCluster(HBaseTestingUtility.java:619)
	at org.apache.hadoop.hbase.HBaseTestingUtility.startMiniCluster(HBaseTestingUtility.java:575)
	at com.alibaba.wasp.WaspTestingUtility.startMiniCluster(WaspTestingUtility.java:172)
	at com.alibaba.wasp.WaspTestingUtility.startMiniCluster(WaspTestingUtility.java:144)
	at com.alibaba.wasp.messagequeue.TestSubscriber.setUpBeforeClass(TestSubscriber.java:71)
	at sun.reflect.NativeMethodAccessorImpl.invoke0(Native Method)
	at sun.reflect.NativeMethodAccessorImpl.invoke(NativeMethodAccessorImpl.java:62)
	at sun.reflect.DelegatingMethodAccessorImpl.invoke(DelegatingMethodAccessorImpl.java:43)
	at java.lang.reflect.Method.invoke(Method.java:498)
	at org.junit.runners.model.FrameworkMethod$1.runReflectiveCall(FrameworkMethod.java:45)
	at org.junit.internal.runners.model.ReflectiveCallable.run(ReflectiveCallable.java:15)
	at org.junit.runners.model.FrameworkMethod.invokeExplosively(FrameworkMethod.java:42)
	at org.junit.internal.runners.statements.RunBefores.evaluate(RunBefores.java:27)
	at org.junit.internal.runners.statements.RunAfters.evaluate(RunAfters.java:30)
	at org.junit.runners.ParentRunner.run(ParentRunner.java:300)
	at org.junit.runners.Suite.runChild(Suite.java:128)
	at org.junit.runners.Suite.runChild(Suite.java:24)
	at org.junit.runners.ParentRunner$3.run(ParentRunner.java:231)
	at org.junit.runners.ParentRunner$1.schedule(ParentRunner.java:60)
	at org.junit.runners.ParentRunner.runChildren(ParentRunner.java:229)
	at org.junit.runners.ParentRunner.access$000(ParentRunner.java:50)
	at org.junit.runners.ParentRunner$2.evaluate(ParentRunner.java:222)
	at org.junit.runners.ParentRunner.run(ParentRunner.java:300)
	at org.junit.runner.JUnitCore.run(JUnitCore.java:157)
	at org.junit.runner.JUnitCore.run(JUnitCore.java:136)
	at edu.illinois.cs.testrunner.execution.JUnitTestExecutor.execute(JUnitTestExecutor.java:259)
	at edu.illinois.cs.testrunner.execution.JUnitTestExecutor.executeWithJUnit4Runner(JUnitTestExecutor.java:327)
	at edu.illinois.cs.testrunner.execution.JUnitTestExecutor.runOrder(JUnitTestExecutor.java:49)
	at edu.illinois.cs.testrunner.execution.Executor$.$anonfun$run$1(Executor.scala:30)
	at scala.runtime.java8.JFunction0$mcV$sp.apply(JFunction0$mcV$sp.java:12)
	at scala.util.Try$.apply(Try.scala:209)
	at edu.illinois.cs.testrunner.execution.Executor$.run(Executor.scala:28)
	at edu.illinois.cs.testrunner.execution.Executor$.main(Executor.scala:18)
	at edu.illinois.cs.testrunner.execution.Executor.main(Executor.scala)
24/04/26 01:48:18 DEBUG master.TestOpenedEntityGroupHandler: 

TRR: Starting cluster

24/04/26 01:48:18 INFO wasp.WaspTestingUtility: Starting up minicluster with 1 master(s) and 1 fserver(s) 
Starting DataNode 0 with dfs.data.dir: /home/alex/Repositories/wasp/target/test-data/065f8d4c-914e-4327-920f-a8f732b5e3f5/dfscluster_ec07d30a-be21-4db8-867a-735921b1411d/dfs/data/data1,/home/alex/Repositories/wasp/target/test-data/065f8d4c-914e-4327-920f-a8f732b5e3f5/dfscluster_ec07d30a-be21-4db8-867a-735921b1411d/dfs/data/data2
24/04/26 01:48:18 ERROR datanode.DataNode: All directories in dfs.data.dir are invalid.
24/04/26 01:48:18 INFO wasp.WaspTestingUtility: Shutting down mini wasp cluster
24/04/26 01:48:18 INFO wasp.WaspTestingUtility: Minicluster is down
java.lang.NullPointerException
	at org.apache.hadoop.hdfs.MiniDFSCluster.startDataNodes(MiniDFSCluster.java:422)
	at org.apache.hadoop.hdfs.MiniDFSCluster.<init>(MiniDFSCluster.java:280)
	at org.apache.hadoop.hbase.HBaseTestingUtility.startMiniDFSCluster(HBaseTestingUtility.java:451)
	at org.apache.hadoop.hbase.HBaseTestingUtility.startMiniCluster(HBaseTestingUtility.java:619)
	at org.apache.hadoop.hbase.HBaseTestingUtility.startMiniCluster(HBaseTestingUtility.java:575)
	at com.alibaba.wasp.WaspTestingUtility.startMiniCluster(WaspTestingUtility.java:172)
	at com.alibaba.wasp.master.TestOpenedEntityGroupHandler.testOpenedEntityGroupHandlerOnMasterRestart(TestOpenedEntityGroupHandler.java:93)
	at sun.reflect.NativeMethodAccessorImpl.invoke0(Native Method)
	at sun.reflect.NativeMethodAccessorImpl.invoke(NativeMethodAccessorImpl.java:62)
	at sun.reflect.DelegatingMethodAccessorImpl.invoke(DelegatingMethodAccessorImpl.java:43)
	at java.lang.reflect.Method.invoke(Method.java:498)
	at org.junit.runners.model.FrameworkMethod$1.runReflectiveCall(FrameworkMethod.java:45)
	at org.junit.internal.runners.model.ReflectiveCallable.run(ReflectiveCallable.java:15)
	at org.junit.runners.model.FrameworkMethod.invokeExplosively(FrameworkMethod.java:42)
	at org.junit.internal.runners.statements.InvokeMethod.evaluate(InvokeMethod.java:20)
	at org.junit.internal.runners.statements.RunBefores.evaluate(RunBefores.java:28)
	at org.junit.internal.runners.statements.RunAfters.evaluate(RunAfters.java:30)
	at org.junit.runners.ParentRunner.runLeaf(ParentRunner.java:263)
	at org.junit.runners.BlockJUnit4ClassRunner.runChild(BlockJUnit4ClassRunner.java:68)
	at org.junit.runners.BlockJUnit4ClassRunner.runChild(BlockJUnit4ClassRunner.java:47)
	at org.junit.runners.ParentRunner$3.run(ParentRunner.java:231)
	at org.junit.runners.ParentRunner$1.schedule(ParentRunner.java:60)
	at org.junit.runners.ParentRunner.runChildren(ParentRunner.java:229)
	at org.junit.runners.ParentRunner.access$000(ParentRunner.java:50)
	at org.junit.runners.ParentRunner$2.evaluate(ParentRunner.java:222)
	at org.junit.runners.ParentRunner.run(ParentRunner.java:300)
	at org.junit.runners.Suite.runChild(Suite.java:128)
	at org.junit.runners.Suite.runChild(Suite.java:24)
	at org.junit.runners.ParentRunner$3.run(ParentRunner.java:231)
	at org.junit.runners.ParentRunner$1.schedule(ParentRunner.java:60)
	at org.junit.runners.ParentRunner.runChildren(ParentRunner.java:229)
	at org.junit.runners.ParentRunner.access$000(ParentRunner.java:50)
	at org.junit.runners.ParentRunner$2.evaluate(ParentRunner.java:222)
	at org.junit.runners.ParentRunner.run(ParentRunner.java:300)
	at org.junit.runner.JUnitCore.run(JUnitCore.java:157)
	at org.junit.runner.JUnitCore.run(JUnitCore.java:136)
	at edu.illinois.cs.testrunner.execution.JUnitTestExecutor.execute(JUnitTestExecutor.java:259)
	at edu.illinois.cs.testrunner.execution.JUnitTestExecutor.executeWithJUnit4Runner(JUnitTestExecutor.java:327)
	at edu.illinois.cs.testrunner.execution.JUnitTestExecutor.runOrder(JUnitTestExecutor.java:49)
	at edu.illinois.cs.testrunner.execution.Executor$.$anonfun$run$1(Executor.scala:30)
	at scala.runtime.java8.JFunction0$mcV$sp.apply(JFunction0$mcV$sp.java:12)
	at scala.util.Try$.apply(Try.scala:209)
	at edu.illinois.cs.testrunner.execution.Executor$.run(Executor.scala:28)
	at edu.illinois.cs.testrunner.execution.Executor$.main(Executor.scala:18)
	at edu.illinois.cs.testrunner.execution.Executor.main(Executor.scala)
24/04/26 01:48:18 INFO server.NIOServerCnxnFactory: binding to port 0.0.0.0/0.0.0.0:58296
24/04/26 01:48:18 INFO persistence.FileTxnSnapLog: Snapshotting: 0x0 to /home/alex/Repositories/wasp/target/test-data/932ec881-681c-486e-a06f-196c978e8d88/dfscluster_92bdd44d-c0df-4554-8920-61f40f43c4fa/zookeeper_0/version-2/snapshot.0
24/04/26 01:48:18 INFO server.NIOServerCnxnFactory: Accepted socket connection from /127.0.0.1:37204
24/04/26 01:48:18 DEBUG zookeeper.ZKUtil: MockServer,123,-1 opening connection to ZooKeeper with ensemble (localhost:58296)
24/04/26 01:48:18 INFO zookeeper.RecoverableZooKeeper: The identifier of this process is 41120@Lenovo-Bot
24/04/26 01:48:18 INFO server.NIOServerCnxnFactory: Accepted socket connection from /127.0.0.1:37212
24/04/26 01:48:18 INFO persistence.FileTxnLog: Creating new log file: log.1
24/04/26 01:48:18 DEBUG zookeeper.ZooKeeperWatcher: MockServer,123,-1 Received ZooKeeper Event, type=None, state=SyncConnected, path=null
24/04/26 01:48:18 DEBUG zookeeper.ZooKeeperWatcher: MockServer,123,-1-0xff8f17dfdf890000 connected
24/04/26 01:48:18 INFO fserver.EntityGroup: creating EntityGroup testShouldNotCompeleteOpenedEntityGroupSuccessfullyIfVersionMismatches Table == CREATE TABLE testShouldNotCompeleteOpenedEntityGroupSuccessfullyIfVersionMismatches { 
  REQUIRED INT32 column1 COLUMNFAMILY d;
  REQUIRED INT64 column2 COLUMNFAMILY d;
  REQUIRED STRING column3 COLUMNFAMILY d;
  OPTIONAL FLOAT column4 COLUMNFAMILY d;
  OPTIONAL DOUBLE column5 COLUMNFAMILY d;
  OPTIONAL DATETIME column6 COLUMNFAMILY d;
  REPEATED PROTOBUF column7 COLUMNFAMILY d;
  OPTIONAL STRING column8 COLUMNFAMILY d;
} 
PRIMARY KEY(column1),
ENTITY GROUP ROOT,
ENTITY GROUP KEY(column1);
 Table name == testShouldNotCompeleteOpenedEntityGroupSuccessfullyIfVersionMismatches
24/04/26 01:48:18 DEBUG fserver.EntityGroup: Instantiated testShouldNotCompeleteOpenedEntityGroupSuccessfullyIfVersionMismatches,\x00\x00\x00\x00,1714092498841.c1385463e6b64da31989be8aa23e4cc9.
24/04/26 01:48:18 ERROR server.NIOServerCnxnFactory: Thread Thread[Thread-131,5,main] died
java.lang.NullPointerException
	at com.alibaba.wasp.fserver.EntityGroup.run(EntityGroup.java:1264)
	at java.lang.Thread.run(Thread.java:750)
24/04/26 01:48:18 DEBUG zookeeper.ZKUtil: unittest opening connection to ZooKeeper with ensemble (localhost:58296)
24/04/26 01:48:18 INFO zookeeper.RecoverableZooKeeper: The identifier of this process is 41120@Lenovo-Bot
24/04/26 01:48:18 DEBUG zookeeper.ZKAssign: unittest Creating unassigned node for c1385463e6b64da31989be8aa23e4cc9 in OFFLINE state
24/04/26 01:48:18 INFO server.NIOServerCnxnFactory: Accepted socket connection from /127.0.0.1:37226
24/04/26 01:48:18 DEBUG zookeeper.ZooKeeperWatcher: unittest Received ZooKeeper Event, type=None, state=SyncConnected, path=null
24/04/26 01:48:18 DEBUG zookeeper.ZooKeeperWatcher: unittest-0xff8f17dfdf890001 connected
24/04/26 01:48:18 DEBUG zookeeper.ZKAssign: unittest-0xff8f17dfdf890001 Attempting to transition node c1385463e6b64da31989be8aa23e4cc9 from M_ZK_ENTITYGROUP_OFFLINE to FSERVER_ZK_ENTITYGROUP_OPENING
24/04/26 01:48:18 DEBUG zookeeper.ZKUtil: unittest-0xff8f17dfdf890001 Retrieved 161 byte(s) of data from znode /wasp/unassigned/c1385463e6b64da31989be8aa23e4cc9; data=entityGroup=testShouldNotCompeleteOpenedEntityGroupSuccessfullyIfVersionMismatches,\x00\x00\x00\x00,1714092498841.c1385463e6b64da31989be8aa23e4cc9., state=M_ZK_ENTITYGROUP_OFFLINE, servername=MockServer,123,-1, createTime=1714092498923, payload.length=0
24/04/26 01:48:18 DEBUG zookeeper.ZooKeeperWatcher: unittest-0xff8f17dfdf890001 Received ZooKeeper Event, type=NodeDataChanged, state=SyncConnected, path=/wasp/unassigned/c1385463e6b64da31989be8aa23e4cc9
24/04/26 01:48:18 DEBUG zookeeper.ZKAssign: unittest-0xff8f17dfdf890001 Successfully transitioned node c1385463e6b64da31989be8aa23e4cc9 from M_ZK_ENTITYGROUP_OFFLINE to FSERVER_ZK_ENTITYGROUP_OPENING
24/04/26 01:48:18 DEBUG zookeeper.ZKAssign: unittest-0xff8f17dfdf890001 Attempting to transition node c1385463e6b64da31989be8aa23e4cc9 from FSERVER_ZK_ENTITYGROUP_OPENING to FSERVER_ZK_ENTITYGROUP_OPENED
24/04/26 01:48:18 DEBUG zookeeper.ZKUtil: unittest-0xff8f17dfdf890001 Retrieved 161 byte(s) of data from znode /wasp/unassigned/c1385463e6b64da31989be8aa23e4cc9; data=entityGroup=testShouldNotCompeleteOpenedEntityGroupSuccessfullyIfVersionMismatches,\x00\x00\x00\x00,1714092498841.c1385463e6b64da31989be8aa23e4cc9., state=FSERVER_ZK_ENTITYGROUP_OPENING, servername=MockServer,123,-1, createTime=1714092498928, payload.length=0
24/04/26 01:48:18 DEBUG zookeeper.ZKAssign: unittest-0xff8f17dfdf890001 Successfully transitioned node c1385463e6b64da31989be8aa23e4cc9 from FSERVER_ZK_ENTITYGROUP_OPENING to FSERVER_ZK_ENTITYGROUP_OPENED
24/04/26 01:48:18 DEBUG zookeeper.ZKUtil: unittest-0xff8f17dfdf890001 Retrieved 161 byte(s) of data from znode /wasp/unassigned/c1385463e6b64da31989be8aa23e4cc9 and set watcher; entityGroup=testShouldNotCompeleteOpenedEntityGroupSuccessfullyIfVersionMismatches,\x00\x00\x00\x00,1714092498841.c1385463e6b64da31989be8aa23e4cc9., state=FSERVER_ZK_ENTITYGROUP_OPENED, servername=MockServer,123,-1, createTime=1714092498930, payload.length=0
24/04/26 01:48:18 DEBUG zookeeper.ZKAssign: unittest-0xff8f17dfdf890001 Attempting to transition node c1385463e6b64da31989be8aa23e4cc9 from FSERVER_ZK_ENTITYGROUP_OPENED to FSERVER_ZK_ENTITYGROUP_OPENED
24/04/26 01:48:18 DEBUG zookeeper.ZKUtil: unittest-0xff8f17dfdf890001 Retrieved 161 byte(s) of data from znode /wasp/unassigned/c1385463e6b64da31989be8aa23e4cc9; data=entityGroup=testShouldNotCompeleteOpenedEntityGroupSuccessfullyIfVersionMismatches,\x00\x00\x00\x00,1714092498841.c1385463e6b64da31989be8aa23e4cc9., state=FSERVER_ZK_ENTITYGROUP_OPENED, servername=MockServer,123,-1, createTime=1714092498930, payload.length=0
24/04/26 01:48:18 DEBUG zookeeper.ZKAssign: unittest-0xff8f17dfdf890001 Successfully transitioned node c1385463e6b64da31989be8aa23e4cc9 from FSERVER_ZK_ENTITYGROUP_OPENED to FSERVER_ZK_ENTITYGROUP_OPENED
24/04/26 01:48:18 DEBUG zookeeper.ZooKeeperWatcher: unittest-0xff8f17dfdf890001 Received ZooKeeper Event, type=NodeDataChanged, state=SyncConnected, path=/wasp/unassigned/c1385463e6b64da31989be8aa23e4cc9
24/04/26 01:48:18 WARN handler.OpenedEntityGroupHandler: Skipping the onlining of testShouldNotCompeleteOpenedEntityGroupSuccessfullyIfVersionMismatches,\x00\x00\x00\x00,1714092498841.c1385463e6b64da31989be8aa23e4cc9. because entityGroups is NOT in EGIT -- presuming this is because it SPLIT
24/04/26 01:48:18 DEBUG fserver.EntityGroup: Closing testShouldNotCompeleteOpenedEntityGroupSuccessfullyIfVersionMismatches,\x00\x00\x00\x00,1714092498841.c1385463e6b64da31989be8aa23e4cc9.
24/04/26 01:48:18 DEBUG fserver.EntityGroup: Updates disabled for entityGroup testShouldNotCompeleteOpenedEntityGroupSuccessfullyIfVersionMismatches,\x00\x00\x00\x00,1714092498841.c1385463e6b64da31989be8aa23e4cc9.
24/04/26 01:48:18 INFO fserver.EntityGroup: Running commit transaction of testShouldNotCompeleteOpenedEntityGroupSuccessfullyIfVersionMismatches,\x00\x00\x00\x00,1714092498841.c1385463e6b64da31989be8aa23e4cc9. before close
24/04/26 01:48:18 INFO fserver.EntityGroup: Closed testShouldNotCompeleteOpenedEntityGroupSuccessfullyIfVersionMismatches,\x00\x00\x00\x00,1714092498841.c1385463e6b64da31989be8aa23e4cc9.
24/04/26 01:48:18 INFO server.NIOServerCnxnFactory: NIOServerCnxn factory exited run method
24/04/26 01:48:18 INFO server.SessionTrackerImpl: Shutting down
24/04/26 01:48:18 INFO server.SyncRequestProcessor: Shutting down
24/04/26 01:48:18 INFO server.SyncRequestProcessor: SyncRequestProcessor exited!
24/04/26 01:48:18 INFO server.FinalRequestProcessor: shutdown of request processor complete
24/04/26 01:48:18 INFO wasp.WaspTestingUtility: Shutting down mini wasp cluster
24/04/26 01:48:18 INFO wasp.WaspTestingUtility: Minicluster is down
24/04/26 01:48:18 DEBUG fserver.MetricsEntityGroupSourceImpl: Creating new MetricsEntityGroupSourceImpl for table MetricsEntityGroupWrapperStub DEADBEEF001
24/04/26 01:48:18 INFO wasp.WaspTestingUtility: Starting up minicluster with 1 master(s) and 3 fserver(s) 
24/04/26 01:48:19 DEBUG zookeeper.ZooKeeperWatcher: MockServer,123,-1-0xff8f17dfdf890000 Received ZooKeeper Event, type=None, state=Disconnected, path=null
24/04/26 01:48:19 DEBUG zookeeper.ZooKeeperWatcher: MockServer,123,-1-0xff8f17dfdf890000 Received Disconnected from ZooKeeper, ignoring
24/04/26 01:48:19 DEBUG zookeeper.ZooKeeperWatcher: unittest-0xff8f17dfdf890001 Received ZooKeeper Event, type=None, state=Disconnected, path=null
24/04/26 01:48:19 DEBUG zookeeper.ZooKeeperWatcher: unittest-0xff8f17dfdf890001 Received Disconnected from ZooKeeper, ignoring
Starting DataNode 0 with dfs.data.dir: /home/alex/Repositories/wasp/target/test-data/559f5564-c483-4bb6-98ea-2d39a09aee73/dfscluster_bb18d8c6-7729-443a-8dbe-29e01a59ea6f/dfs/data/data1,/home/alex/Repositories/wasp/target/test-data/559f5564-c483-4bb6-98ea-2d39a09aee73/dfscluster_bb18d8c6-7729-443a-8dbe-29e01a59ea6f/dfs/data/data2
24/04/26 01:48:19 ERROR datanode.DataNode: All directories in dfs.data.dir are invalid.
24/04/26 01:48:19 INFO wasp.WaspTestingUtility: Shutting down mini wasp cluster
24/04/26 01:48:19 INFO wasp.WaspTestingUtility: Minicluster is down
java.lang.NullPointerException
	at org.apache.hadoop.hdfs.MiniDFSCluster.startDataNodes(MiniDFSCluster.java:422)
	at org.apache.hadoop.hdfs.MiniDFSCluster.<init>(MiniDFSCluster.java:280)
	at org.apache.hadoop.hbase.HBaseTestingUtility.startMiniDFSCluster(HBaseTestingUtility.java:451)
	at org.apache.hadoop.hbase.HBaseTestingUtility.startMiniCluster(HBaseTestingUtility.java:619)
	at org.apache.hadoop.hbase.HBaseTestingUtility.startMiniCluster(HBaseTestingUtility.java:575)
	at com.alibaba.wasp.WaspTestingUtility.startMiniCluster(WaspTestingUtility.java:172)
	at com.alibaba.wasp.WaspTestingUtility.startMiniCluster(WaspTestingUtility.java:144)
	at com.alibaba.wasp.jdbc.TestJdbcResultFormatter.setUpBeforeClass(TestJdbcResultFormatter.java:51)
	at sun.reflect.NativeMethodAccessorImpl.invoke0(Native Method)
	at sun.reflect.NativeMethodAccessorImpl.invoke(NativeMethodAccessorImpl.java:62)
	at sun.reflect.DelegatingMethodAccessorImpl.invoke(DelegatingMethodAccessorImpl.java:43)
	at java.lang.reflect.Method.invoke(Method.java:498)
	at org.junit.runners.model.FrameworkMethod$1.runReflectiveCall(FrameworkMethod.java:45)
	at org.junit.internal.runners.model.ReflectiveCallable.run(ReflectiveCallable.java:15)
	at org.junit.runners.model.FrameworkMethod.invokeExplosively(FrameworkMethod.java:42)
	at org.junit.internal.runners.statements.RunBefores.evaluate(RunBefores.java:27)
	at org.junit.internal.runners.statements.RunAfters.evaluate(RunAfters.java:30)
	at org.junit.runners.ParentRunner.run(ParentRunner.java:300)
	at org.junit.runners.Suite.runChild(Suite.java:128)
	at org.junit.runners.Suite.runChild(Suite.java:24)
	at org.junit.runners.ParentRunner$3.run(ParentRunner.java:231)
	at org.junit.runners.ParentRunner$1.schedule(ParentRunner.java:60)
	at org.junit.runners.ParentRunner.runChildren(ParentRunner.java:229)
	at org.junit.runners.ParentRunner.access$000(ParentRunner.java:50)
	at org.junit.runners.ParentRunner$2.evaluate(ParentRunner.java:222)
	at org.junit.runners.ParentRunner.run(ParentRunner.java:300)
	at org.junit.runner.JUnitCore.run(JUnitCore.java:157)
	at org.junit.runner.JUnitCore.run(JUnitCore.java:136)
	at edu.illinois.cs.testrunner.execution.JUnitTestExecutor.execute(JUnitTestExecutor.java:259)
	at edu.illinois.cs.testrunner.execution.JUnitTestExecutor.executeWithJUnit4Runner(JUnitTestExecutor.java:327)
	at edu.illinois.cs.testrunner.execution.JUnitTestExecutor.runOrder(JUnitTestExecutor.java:49)
	at edu.illinois.cs.testrunner.execution.Executor$.$anonfun$run$1(Executor.scala:30)
	at scala.runtime.java8.JFunction0$mcV$sp.apply(JFunction0$mcV$sp.java:12)
	at scala.util.Try$.apply(Try.scala:209)
	at edu.illinois.cs.testrunner.execution.Executor$.run(Executor.scala:28)
	at edu.illinois.cs.testrunner.execution.Executor$.main(Executor.scala:18)
	at edu.illinois.cs.testrunner.execution.Executor.main(Executor.scala)
java.lang.NullPointerException
	at com.alibaba.wasp.jdbc.TestJdbcResultFormatter.tearDownAfterClass(TestJdbcResultFormatter.java:71)
	at sun.reflect.NativeMethodAccessorImpl.invoke0(Native Method)
	at sun.reflect.NativeMethodAccessorImpl.invoke(NativeMethodAccessorImpl.java:62)
	at sun.reflect.DelegatingMethodAccessorImpl.invoke(DelegatingMethodAccessorImpl.java:43)
	at java.lang.reflect.Method.invoke(Method.java:498)
	at org.junit.runners.model.FrameworkMethod$1.runReflectiveCall(FrameworkMethod.java:45)
	at org.junit.internal.runners.model.ReflectiveCallable.run(ReflectiveCallable.java:15)
	at org.junit.runners.model.FrameworkMethod.invokeExplosively(FrameworkMethod.java:42)
	at org.junit.internal.runners.statements.RunAfters.evaluate(RunAfters.java:36)
	at org.junit.runners.ParentRunner.run(ParentRunner.java:300)
	at org.junit.runners.Suite.runChild(Suite.java:128)
	at org.junit.runners.Suite.runChild(Suite.java:24)
	at org.junit.runners.ParentRunner$3.run(ParentRunner.java:231)
	at org.junit.runners.ParentRunner$1.schedule(ParentRunner.java:60)
	at org.junit.runners.ParentRunner.runChildren(ParentRunner.java:229)
	at org.junit.runners.ParentRunner.access$000(ParentRunner.java:50)
	at org.junit.runners.ParentRunner$2.evaluate(ParentRunner.java:222)
	at org.junit.runners.ParentRunner.run(ParentRunner.java:300)
	at org.junit.runner.JUnitCore.run(JUnitCore.java:157)
	at org.junit.runner.JUnitCore.run(JUnitCore.java:136)
	at edu.illinois.cs.testrunner.execution.JUnitTestExecutor.execute(JUnitTestExecutor.java:259)
	at edu.illinois.cs.testrunner.execution.JUnitTestExecutor.executeWithJUnit4Runner(JUnitTestExecutor.java:327)
	at edu.illinois.cs.testrunner.execution.JUnitTestExecutor.runOrder(JUnitTestExecutor.java:49)
	at edu.illinois.cs.testrunner.execution.Executor$.$anonfun$run$1(Executor.scala:30)
	at scala.runtime.java8.JFunction0$mcV$sp.apply(JFunction0$mcV$sp.java:12)
	at scala.util.Try$.apply(Try.scala:209)
	at edu.illinois.cs.testrunner.execution.Executor$.run(Executor.scala:28)
	at edu.illinois.cs.testrunner.execution.Executor$.main(Executor.scala:18)
	at edu.illinois.cs.testrunner.execution.Executor.main(Executor.scala)
24/04/26 01:48:19 DEBUG druid.DruidParser: Parsing SQL CREATE TABLE User { Required Int64 user_id; Required String name; Optional DOUBLE value; }  primary key(user_id),  entity group root, entity group key(user_id);
24/04/26 01:48:19 DEBUG druid.DruidDDLParser: CreateTablePlan CreateTablePlan [table=CREATE TABLE User { 
  REQUIRED INT64 user_id COLUMNFAMILY d;
  REQUIRED STRING name COLUMNFAMILY d;
  OPTIONAL DOUBLE value COLUMNFAMILY d;
} 
PRIMARY KEY(user_id),
ENTITY GROUP ROOT,
ENTITY GROUP KEY(user_id);
, splitKeys=null]
24/04/26 01:48:19 DEBUG druid.DruidParser: Parsing SQL CREATE TABLE Photo { Required Int64 user_id columnfamily cf comment 'aaa';  Required Int32 photo_id comment 'child primary key';  Optional Int64 time; Optional String full_url;  Optional String thumbnail_url; Optional string tag; Optional DATETIME date; Optional Int32 int32Type; }  primary key(user_id,photo_id),  in table User,  Entity Group Key(user_id) references User; 
24/04/26 01:48:19 DEBUG druid.DruidDDLParser: CreateTablePlan CreateTablePlan [table=CREATE TABLE Photo { 
  REQUIRED INT64 user_id COLUMNFAMILY cf;
  REQUIRED INT32 photo_id COLUMNFAMILY d;
  OPTIONAL INT64 time COLUMNFAMILY d;
  OPTIONAL STRING full_url COLUMNFAMILY d;
  OPTIONAL STRING thumbnail_url COLUMNFAMILY d;
  OPTIONAL STRING tag COLUMNFAMILY d;
  OPTIONAL DATETIME date COLUMNFAMILY d;
  OPTIONAL INT32 int32Type COLUMNFAMILY d;
} 
CREATE TABLE User { 
  REQUIRED INT64 user_id COLUMNFAMILY d;
  REQUIRED STRING name COLUMNFAMILY d;
} 
PRIMARY KEY(user_id),
ENTITY GROUP ROOT,
ENTITY GROUP KEY(user_id);



CREATE TABLE Photo { 
  REQUIRED INT64 user_id COLUMNFAMILY d;
PRIMARY KEY(user_id, photo_id, ),
 IN TABLE User,
 ENTITY GROUP KEY(user_id) REFERENCES User;
, splitKeys=null]
  REQUIRED INT32 photo_id COLUMNFAMILY d;
  REQUIRED INT64 time COLUMNFAMILY d;
  REQUIRED STRING full_url COLUMNFAMILY d;
  OPTIONAL STRING thumbnail_url COLUMNFAMILY d;
  REPEATED STRING tag COLUMNFAMILY d;
} 
PRIMARY KEY(user_id, photo_id, ),
 IN TABLE User,
 ENTITY GROUP KEY(user_id) REFERENCES User;

24/04/26 01:48:19 DEBUG druid.DruidParser: Parsing SQL CREATE TABLE User { Required Int64 user_id; Required String name; Optional DOUBLE value; }  primary key(user_id),  entity group root, entity group key(user_id);
24/04/26 01:48:19 DEBUG druid.DruidDDLParser: CreateTablePlan CreateTablePlan [table=CREATE TABLE User { 
  REQUIRED INT64 user_id COLUMNFAMILY d;
  REQUIRED STRING name COLUMNFAMILY d;
  OPTIONAL DOUBLE value COLUMNFAMILY d;
} 
PRIMARY KEY(user_id),
ENTITY GROUP ROOT,
ENTITY GROUP KEY(user_id);
, splitKeys=null]
24/04/26 01:48:19 DEBUG druid.DruidParser: Parsing SQL CREATE TABLE Photo { Required Int64 user_id columnfamily cf comment 'aaa';  Required Int32 photo_id comment 'child primary key';  Optional Int64 time; Optional String full_url;  Optional String thumbnail_url; Optional string tag; Optional DATETIME date; Optional Int32 int32Type; }  primary key(user_id,photo_id),  in table User,  Entity Group Key(user_id) references User; 
24/04/26 01:48:19 DEBUG druid.DruidDDLParser: CreateTablePlan CreateTablePlan [table=CREATE TABLE Photo { 
  REQUIRED INT64 user_id COLUMNFAMILY cf;
  REQUIRED INT32 photo_id COLUMNFAMILY d;
  OPTIONAL INT64 time COLUMNFAMILY d;
  OPTIONAL STRING full_url COLUMNFAMILY d;
  OPTIONAL STRING thumbnail_url COLUMNFAMILY d;
  OPTIONAL STRING tag COLUMNFAMILY d;
  OPTIONAL DATETIME date COLUMNFAMILY d;
  OPTIONAL INT32 int32Type COLUMNFAMILY d;
} 
PRIMARY KEY(user_id, photo_id, ),
 IN TABLE User,
 ENTITY GROUP KEY(user_id) REFERENCES User;
, splitKeys=null]
24/04/26 01:48:19 DEBUG druid.DruidParser: Parsing SQL DELETE FROM User1 WHERE user_id = 123;
24/04/26 01:48:19 DEBUG druid.DruidDMLParser: UPDATE SQL From clause User1
24/04/26 01:48:19 ERROR druid.DruidParserTestUtil: execute
com.alibaba.wasp.TableNotFoundException: User1 not exists!
	at com.alibaba.wasp.plan.parser.druid.FMetaEventOperation.checkAndGetTable(FMetaEventOperation.java:79)
	at com.alibaba.wasp.plan.parser.druid.DruidDMLParser.getDeletePlan(DruidDMLParser.java:200)
	at com.alibaba.wasp.plan.parser.druid.DruidDMLParser.generatePlan(DruidDMLParser.java:108)
	at com.alibaba.wasp.plan.parser.druid.DruidParserTestUtil.execute(DruidParserTestUtil.java:104)
	at com.alibaba.wasp.plan.parser.druid.TestDruidDMLFailParser.getDeleteFailedPlan(TestDruidDMLFailParser.java:142)
	at sun.reflect.NativeMethodAccessorImpl.invoke0(Native Method)
	at sun.reflect.NativeMethodAccessorImpl.invoke(NativeMethodAccessorImpl.java:62)
	at sun.reflect.DelegatingMethodAccessorImpl.invoke(DelegatingMethodAccessorImpl.java:43)
	at java.lang.reflect.Method.invoke(Method.java:498)
	at org.junit.runners.model.FrameworkMethod$1.runReflectiveCall(FrameworkMethod.java:45)
	at org.junit.internal.runners.model.ReflectiveCallable.run(ReflectiveCallable.java:15)
	at org.junit.runners.model.FrameworkMethod.invokeExplosively(FrameworkMethod.java:42)
	at org.junit.internal.runners.statements.InvokeMethod.evaluate(InvokeMethod.java:20)
	at org.junit.internal.runners.statements.RunBefores.evaluate(RunBefores.java:28)
	at org.junit.internal.runners.statements.RunAfters.evaluate(RunAfters.java:30)
	at org.junit.runners.ParentRunner.runLeaf(ParentRunner.java:263)
	at org.junit.runners.BlockJUnit4ClassRunner.runChild(BlockJUnit4ClassRunner.java:68)
	at org.junit.runners.BlockJUnit4ClassRunner.runChild(BlockJUnit4ClassRunner.java:47)
	at org.junit.runners.ParentRunner$3.run(ParentRunner.java:231)
	at org.junit.runners.ParentRunner$1.schedule(ParentRunner.java:60)
	at org.junit.runners.ParentRunner.runChildren(ParentRunner.java:229)
	at org.junit.runners.ParentRunner.access$000(ParentRunner.java:50)
	at org.junit.runners.ParentRunner$2.evaluate(ParentRunner.java:222)
	at org.junit.internal.runners.statements.RunBefores.evaluate(RunBefores.java:28)
	at org.junit.internal.runners.statements.RunAfters.evaluate(RunAfters.java:30)
	at org.junit.runners.ParentRunner.run(ParentRunner.java:300)
	at org.junit.runners.Suite.runChild(Suite.java:128)
	at org.junit.runners.Suite.runChild(Suite.java:24)
	at org.junit.runners.ParentRunner$3.run(ParentRunner.java:231)
	at org.junit.runners.ParentRunner$1.schedule(ParentRunner.java:60)
	at org.junit.runners.ParentRunner.runChildren(ParentRunner.java:229)
	at org.junit.runners.ParentRunner.access$000(ParentRunner.java:50)
	at org.junit.runners.ParentRunner$2.evaluate(ParentRunner.java:222)
	at org.junit.runners.ParentRunner.run(ParentRunner.java:300)
	at org.junit.runner.JUnitCore.run(JUnitCore.java:157)
	at org.junit.runner.JUnitCore.run(JUnitCore.java:136)
	at edu.illinois.cs.testrunner.execution.JUnitTestExecutor.execute(JUnitTestExecutor.java:259)
	at edu.illinois.cs.testrunner.execution.JUnitTestExecutor.executeWithJUnit4Runner(JUnitTestExecutor.java:327)
	at edu.illinois.cs.testrunner.execution.JUnitTestExecutor.runOrder(JUnitTestExecutor.java:49)
	at edu.illinois.cs.testrunner.execution.Executor$.$anonfun$run$1(Executor.scala:30)
	at scala.runtime.java8.JFunction0$mcV$sp.apply(JFunction0$mcV$sp.java:12)
	at scala.util.Try$.apply(Try.scala:209)
	at edu.illinois.cs.testrunner.execution.Executor$.run(Executor.scala:28)
	at edu.illinois.cs.testrunner.execution.Executor$.main(Executor.scala:18)
	at edu.illinois.cs.testrunner.execution.Executor.main(Executor.scala)
24/04/26 01:48:19 DEBUG druid.DruidParser: Parsing SQL DELETE FROM User WHERE user_id2 = 123;
24/04/26 01:48:19 DEBUG druid.DruidDMLParser: UPDATE SQL From clause User
24/04/26 01:48:19 DEBUG druid.DruidDMLParser: UPDATE SQL where user_id2 = 123
24/04/26 01:48:19 ERROR druid.DruidParserTestUtil: execute
com.alibaba.wasp.plan.parser.UnsupportedException: User does not have column 'user_id2'!
	at com.alibaba.wasp.plan.parser.druid.FMetaEventOperation.checkAndGetFields(FMetaEventOperation.java:114)
	at com.alibaba.wasp.plan.parser.druid.DruidDMLParser.getDeletePlan(DruidDMLParser.java:213)
	at com.alibaba.wasp.plan.parser.druid.DruidDMLParser.generatePlan(DruidDMLParser.java:108)
	at com.alibaba.wasp.plan.parser.druid.DruidParserTestUtil.execute(DruidParserTestUtil.java:104)
	at com.alibaba.wasp.plan.parser.druid.TestDruidDMLFailParser.getDeleteFailedPlan(TestDruidDMLFailParser.java:142)
	at sun.reflect.NativeMethodAccessorImpl.invoke0(Native Method)
	at sun.reflect.NativeMethodAccessorImpl.invoke(NativeMethodAccessorImpl.java:62)
	at sun.reflect.DelegatingMethodAccessorImpl.invoke(DelegatingMethodAccessorImpl.java:43)
	at java.lang.reflect.Method.invoke(Method.java:498)
	at org.junit.runners.model.FrameworkMethod$1.runReflectiveCall(FrameworkMethod.java:45)
	at org.junit.internal.runners.model.ReflectiveCallable.run(ReflectiveCallable.java:15)
	at org.junit.runners.model.FrameworkMethod.invokeExplosively(FrameworkMethod.java:42)
	at org.junit.internal.runners.statements.InvokeMethod.evaluate(InvokeMethod.java:20)
	at org.junit.internal.runners.statements.RunBefores.evaluate(RunBefores.java:28)
	at org.junit.internal.runners.statements.RunAfters.evaluate(RunAfters.java:30)
	at org.junit.runners.ParentRunner.runLeaf(ParentRunner.java:263)
	at org.junit.runners.BlockJUnit4ClassRunner.runChild(BlockJUnit4ClassRunner.java:68)
	at org.junit.runners.BlockJUnit4ClassRunner.runChild(BlockJUnit4ClassRunner.java:47)
	at org.junit.runners.ParentRunner$3.run(ParentRunner.java:231)
	at org.junit.runners.ParentRunner$1.schedule(ParentRunner.java:60)
	at org.junit.runners.ParentRunner.runChildren(ParentRunner.java:229)
	at org.junit.runners.ParentRunner.access$000(ParentRunner.java:50)
	at org.junit.runners.ParentRunner$2.evaluate(ParentRunner.java:222)
	at org.junit.internal.runners.statements.RunBefores.evaluate(RunBefores.java:28)
	at org.junit.internal.runners.statements.RunAfters.evaluate(RunAfters.java:30)
	at org.junit.runners.ParentRunner.run(ParentRunner.java:300)
	at org.junit.runners.Suite.runChild(Suite.java:128)
	at org.junit.runners.Suite.runChild(Suite.java:24)
	at org.junit.runners.ParentRunner$3.run(ParentRunner.java:231)
	at org.junit.runners.ParentRunner$1.schedule(ParentRunner.java:60)
	at org.junit.runners.ParentRunner.runChildren(ParentRunner.java:229)
	at org.junit.runners.ParentRunner.access$000(ParentRunner.java:50)
	at org.junit.runners.ParentRunner$2.evaluate(ParentRunner.java:222)
	at org.junit.runners.ParentRunner.run(ParentRunner.java:300)
	at org.junit.runner.JUnitCore.run(JUnitCore.java:157)
	at org.junit.runner.JUnitCore.run(JUnitCore.java:136)
	at edu.illinois.cs.testrunner.execution.JUnitTestExecutor.execute(JUnitTestExecutor.java:259)
	at edu.illinois.cs.testrunner.execution.JUnitTestExecutor.executeWithJUnit4Runner(JUnitTestExecutor.java:327)
	at edu.illinois.cs.testrunner.execution.JUnitTestExecutor.runOrder(JUnitTestExecutor.java:49)
	at edu.illinois.cs.testrunner.execution.Executor$.$anonfun$run$1(Executor.scala:30)
	at scala.runtime.java8.JFunction0$mcV$sp.apply(JFunction0$mcV$sp.java:12)
	at scala.util.Try$.apply(Try.scala:209)
	at edu.illinois.cs.testrunner.execution.Executor$.run(Executor.scala:28)
	at edu.illinois.cs.testrunner.execution.Executor$.main(Executor.scala:18)
	at edu.illinois.cs.testrunner.execution.Executor.main(Executor.scala)
24/04/26 01:48:19 DEBUG druid.DruidParser: Parsing SQL DELETE FROM Photo WHERE photo_id = 123;
24/04/26 01:48:19 DEBUG druid.DruidDMLParser: UPDATE SQL From clause Photo
24/04/26 01:48:19 DEBUG druid.DruidDMLParser: UPDATE SQL where photo_id = 123
24/04/26 01:48:19 ERROR druid.DruidParserTestUtil: execute
com.alibaba.wasp.NotMatchPrimaryKeyException: Not match primary key.
	at com.alibaba.wasp.plan.parser.druid.DruidDMLParser.getDeletePlan(DruidDMLParser.java:218)
	at com.alibaba.wasp.plan.parser.druid.DruidDMLParser.generatePlan(DruidDMLParser.java:108)
	at com.alibaba.wasp.plan.parser.druid.DruidParserTestUtil.execute(DruidParserTestUtil.java:104)
	at com.alibaba.wasp.plan.parser.druid.TestDruidDMLFailParser.getDeleteFailedPlan(TestDruidDMLFailParser.java:142)
	at sun.reflect.NativeMethodAccessorImpl.invoke0(Native Method)
	at sun.reflect.NativeMethodAccessorImpl.invoke(NativeMethodAccessorImpl.java:62)
	at sun.reflect.DelegatingMethodAccessorImpl.invoke(DelegatingMethodAccessorImpl.java:43)
	at java.lang.reflect.Method.invoke(Method.java:498)
	at org.junit.runners.model.FrameworkMethod$1.runReflectiveCall(FrameworkMethod.java:45)
	at org.junit.internal.runners.model.ReflectiveCallable.run(ReflectiveCallable.java:15)
	at org.junit.runners.model.FrameworkMethod.invokeExplosively(FrameworkMethod.java:42)
	at org.junit.internal.runners.statements.InvokeMethod.evaluate(InvokeMethod.java:20)
	at org.junit.internal.runners.statements.RunBefores.evaluate(RunBefores.java:28)
	at org.junit.internal.runners.statements.RunAfters.evaluate(RunAfters.java:30)
	at org.junit.runners.ParentRunner.runLeaf(ParentRunner.java:263)
	at org.junit.runners.BlockJUnit4ClassRunner.runChild(BlockJUnit4ClassRunner.java:68)
	at org.junit.runners.BlockJUnit4ClassRunner.runChild(BlockJUnit4ClassRunner.java:47)
	at org.junit.runners.ParentRunner$3.run(ParentRunner.java:231)
	at org.junit.runners.ParentRunner$1.schedule(ParentRunner.java:60)
	at org.junit.runners.ParentRunner.runChildren(ParentRunner.java:229)
	at org.junit.runners.ParentRunner.access$000(ParentRunner.java:50)
	at org.junit.runners.ParentRunner$2.evaluate(ParentRunner.java:222)
	at org.junit.internal.runners.statements.RunBefores.evaluate(RunBefores.java:28)
	at org.junit.internal.runners.statements.RunAfters.evaluate(RunAfters.java:30)
	at org.junit.runners.ParentRunner.run(ParentRunner.java:300)
	at org.junit.runners.Suite.runChild(Suite.java:128)
	at org.junit.runners.Suite.runChild(Suite.java:24)
	at org.junit.runners.ParentRunner$3.run(ParentRunner.java:231)
	at org.junit.runners.ParentRunner$1.schedule(ParentRunner.java:60)
	at org.junit.runners.ParentRunner.runChildren(ParentRunner.java:229)
	at org.junit.runners.ParentRunner.access$000(ParentRunner.java:50)
	at org.junit.runners.ParentRunner$2.evaluate(ParentRunner.java:222)
	at org.junit.runners.ParentRunner.run(ParentRunner.java:300)
	at org.junit.runner.JUnitCore.run(JUnitCore.java:157)
	at org.junit.runner.JUnitCore.run(JUnitCore.java:136)
	at edu.illinois.cs.testrunner.execution.JUnitTestExecutor.execute(JUnitTestExecutor.java:259)
	at edu.illinois.cs.testrunner.execution.JUnitTestExecutor.executeWithJUnit4Runner(JUnitTestExecutor.java:327)
	at edu.illinois.cs.testrunner.execution.JUnitTestExecutor.runOrder(JUnitTestExecutor.java:49)
	at edu.illinois.cs.testrunner.execution.Executor$.$anonfun$run$1(Executor.scala:30)
	at scala.runtime.java8.JFunction0$mcV$sp.apply(JFunction0$mcV$sp.java:12)
	at scala.util.Try$.apply(Try.scala:209)
	at edu.illinois.cs.testrunner.execution.Executor$.run(Executor.scala:28)
	at edu.illinois.cs.testrunner.execution.Executor$.main(Executor.scala:18)
	at edu.illinois.cs.testrunner.execution.Executor.main(Executor.scala)
24/04/26 01:48:19 DEBUG druid.DruidParser: Parsing SQL DELETE FROM User WHERE user_id >= 123;
24/04/26 01:48:19 DEBUG druid.DruidDMLParser: UPDATE SQL From clause User
24/04/26 01:48:19 DEBUG druid.DruidDMLParser: UPDATE SQL where user_id >= 123
24/04/26 01:48:19 ERROR druid.DruidParserTestUtil: execute
com.alibaba.wasp.plan.parser.UnsupportedException: RANGE is not supported!
	at com.alibaba.wasp.plan.parser.druid.DruidDMLParser.getDeletePlan(DruidDMLParser.java:209)
	at com.alibaba.wasp.plan.parser.druid.DruidDMLParser.generatePlan(DruidDMLParser.java:108)
	at com.alibaba.wasp.plan.parser.druid.DruidParserTestUtil.execute(DruidParserTestUtil.java:104)
	at com.alibaba.wasp.plan.parser.druid.TestDruidDMLFailParser.getDeleteFailedPlan(TestDruidDMLFailParser.java:142)
	at sun.reflect.NativeMethodAccessorImpl.invoke0(Native Method)
	at sun.reflect.NativeMethodAccessorImpl.invoke(NativeMethodAccessorImpl.java:62)
	at sun.reflect.DelegatingMethodAccessorImpl.invoke(DelegatingMethodAccessorImpl.java:43)
	at java.lang.reflect.Method.invoke(Method.java:498)
	at org.junit.runners.model.FrameworkMethod$1.runReflectiveCall(FrameworkMethod.java:45)
	at org.junit.internal.runners.model.ReflectiveCallable.run(ReflectiveCallable.java:15)
	at org.junit.runners.model.FrameworkMethod.invokeExplosively(FrameworkMethod.java:42)
	at org.junit.internal.runners.statements.InvokeMethod.evaluate(InvokeMethod.java:20)
	at org.junit.internal.runners.statements.RunBefores.evaluate(RunBefores.java:28)
	at org.junit.internal.runners.statements.RunAfters.evaluate(RunAfters.java:30)
	at org.junit.runners.ParentRunner.runLeaf(ParentRunner.java:263)
	at org.junit.runners.BlockJUnit4ClassRunner.runChild(BlockJUnit4ClassRunner.java:68)
	at org.junit.runners.BlockJUnit4ClassRunner.runChild(BlockJUnit4ClassRunner.java:47)
	at org.junit.runners.ParentRunner$3.run(ParentRunner.java:231)
	at org.junit.runners.ParentRunner$1.schedule(ParentRunner.java:60)
	at org.junit.runners.ParentRunner.runChildren(ParentRunner.java:229)
	at org.junit.runners.ParentRunner.access$000(ParentRunner.java:50)
	at org.junit.runners.ParentRunner$2.evaluate(ParentRunner.java:222)
	at org.junit.internal.runners.statements.RunBefores.evaluate(RunBefores.java:28)
	at org.junit.internal.runners.statements.RunAfters.evaluate(RunAfters.java:30)
	at org.junit.runners.ParentRunner.run(ParentRunner.java:300)
	at org.junit.runners.Suite.runChild(Suite.java:128)
	at org.junit.runners.Suite.runChild(Suite.java:24)
	at org.junit.runners.ParentRunner$3.run(ParentRunner.java:231)
	at org.junit.runners.ParentRunner$1.schedule(ParentRunner.java:60)
	at org.junit.runners.ParentRunner.runChildren(ParentRunner.java:229)
	at org.junit.runners.ParentRunner.access$000(ParentRunner.java:50)
	at org.junit.runners.ParentRunner$2.evaluate(ParentRunner.java:222)
	at org.junit.runners.ParentRunner.run(ParentRunner.java:300)
	at org.junit.runner.JUnitCore.run(JUnitCore.java:157)
	at org.junit.runner.JUnitCore.run(JUnitCore.java:136)
	at edu.illinois.cs.testrunner.execution.JUnitTestExecutor.execute(JUnitTestExecutor.java:259)
	at edu.illinois.cs.testrunner.execution.JUnitTestExecutor.executeWithJUnit4Runner(JUnitTestExecutor.java:327)
	at edu.illinois.cs.testrunner.execution.JUnitTestExecutor.runOrder(JUnitTestExecutor.java:49)
	at edu.illinois.cs.testrunner.execution.Executor$.$anonfun$run$1(Executor.scala:30)
	at scala.runtime.java8.JFunction0$mcV$sp.apply(JFunction0$mcV$sp.java:12)
	at scala.util.Try$.apply(Try.scala:209)
	at edu.illinois.cs.testrunner.execution.Executor$.run(Executor.scala:28)
	at edu.illinois.cs.testrunner.execution.Executor$.main(Executor.scala:18)
	at edu.illinois.cs.testrunner.execution.Executor.main(Executor.scala)
24/04/26 01:48:19 DEBUG druid.DruidParser: Parsing SQL CREATE TABLE User { Required Int64 user_id; Required String name; Optional DOUBLE value; }  primary key(user_id),  entity group root, entity group key(user_id);
24/04/26 01:48:19 DEBUG druid.DruidDDLParser: CreateTablePlan CreateTablePlan [table=CREATE TABLE User { 
  REQUIRED INT64 user_id COLUMNFAMILY d;
  REQUIRED STRING name COLUMNFAMILY d;
  OPTIONAL DOUBLE value COLUMNFAMILY d;
} 
PRIMARY KEY(user_id),
ENTITY GROUP ROOT,
ENTITY GROUP KEY(user_id);
, splitKeys=null]
24/04/26 01:48:19 DEBUG druid.DruidParser: Parsing SQL CREATE TABLE Photo { Required Int64 user_id columnfamily cf comment 'aaa';  Required Int32 photo_id comment 'child primary key';  Optional Int64 time; Optional String full_url;  Optional String thumbnail_url; Optional string tag; Optional DATETIME date; Optional Int32 int32Type; }  primary key(user_id,photo_id),  in table User,  Entity Group Key(user_id) references User; 
24/04/26 01:48:19 DEBUG druid.DruidDDLParser: CreateTablePlan CreateTablePlan [table=CREATE TABLE Photo { 
  REQUIRED INT64 user_id COLUMNFAMILY cf;
  REQUIRED INT32 photo_id COLUMNFAMILY d;
  OPTIONAL INT64 time COLUMNFAMILY d;
  OPTIONAL STRING full_url COLUMNFAMILY d;
  OPTIONAL STRING thumbnail_url COLUMNFAMILY d;
  OPTIONAL STRING tag COLUMNFAMILY d;
  OPTIONAL DATETIME date COLUMNFAMILY d;
  OPTIONAL INT32 int32Type COLUMNFAMILY d;
} 
PRIMARY KEY(user_id, photo_id, ),
 IN TABLE User,
 ENTITY GROUP KEY(user_id) REFERENCES User;
, splitKeys=null]
24/04/26 01:48:19 DEBUG druid.DruidParser: Parsing SQL UPDATE User1 SET name = 'Mike' WHERE user_id = 123;
24/04/26 01:48:19 DEBUG druid.DruidDMLParser: UPDATE SQL From clause User1
24/04/26 01:48:19 ERROR druid.DruidParserTestUtil: execute
com.alibaba.wasp.TableNotFoundException: User1 not exists!
	at com.alibaba.wasp.plan.parser.druid.FMetaEventOperation.checkAndGetTable(FMetaEventOperation.java:79)
	at com.alibaba.wasp.plan.parser.druid.DruidDMLParser.getUpdatePlan(DruidDMLParser.java:253)
	at com.alibaba.wasp.plan.parser.druid.DruidDMLParser.generatePlan(DruidDMLParser.java:102)
	at com.alibaba.wasp.plan.parser.druid.DruidParserTestUtil.execute(DruidParserTestUtil.java:104)
	at com.alibaba.wasp.plan.parser.druid.TestDruidDMLFailParser.getUpdateFailedPlan(TestDruidDMLFailParser.java:124)
	at sun.reflect.NativeMethodAccessorImpl.invoke0(Native Method)
	at sun.reflect.NativeMethodAccessorImpl.invoke(NativeMethodAccessorImpl.java:62)
	at sun.reflect.DelegatingMethodAccessorImpl.invoke(DelegatingMethodAccessorImpl.java:43)
	at java.lang.reflect.Method.invoke(Method.java:498)
	at org.junit.runners.model.FrameworkMethod$1.runReflectiveCall(FrameworkMethod.java:45)
	at org.junit.internal.runners.model.ReflectiveCallable.run(ReflectiveCallable.java:15)
	at org.junit.runners.model.FrameworkMethod.invokeExplosively(FrameworkMethod.java:42)
	at org.junit.internal.runners.statements.InvokeMethod.evaluate(InvokeMethod.java:20)
	at org.junit.internal.runners.statements.RunBefores.evaluate(RunBefores.java:28)
	at org.junit.internal.runners.statements.RunAfters.evaluate(RunAfters.java:30)
	at org.junit.runners.ParentRunner.runLeaf(ParentRunner.java:263)
	at org.junit.runners.BlockJUnit4ClassRunner.runChild(BlockJUnit4ClassRunner.java:68)
	at org.junit.runners.BlockJUnit4ClassRunner.runChild(BlockJUnit4ClassRunner.java:47)
	at org.junit.runners.ParentRunner$3.run(ParentRunner.java:231)
	at org.junit.runners.ParentRunner$1.schedule(ParentRunner.java:60)
	at org.junit.runners.ParentRunner.runChildren(ParentRunner.java:229)
	at org.junit.runners.ParentRunner.access$000(ParentRunner.java:50)
	at org.junit.runners.ParentRunner$2.evaluate(ParentRunner.java:222)
	at org.junit.internal.runners.statements.RunBefores.evaluate(RunBefores.java:28)
	at org.junit.internal.runners.statements.RunAfters.evaluate(RunAfters.java:30)
	at org.junit.runners.ParentRunner.run(ParentRunner.java:300)
	at org.junit.runners.Suite.runChild(Suite.java:128)
	at org.junit.runners.Suite.runChild(Suite.java:24)
	at org.junit.runners.ParentRunner$3.run(ParentRunner.java:231)
	at org.junit.runners.ParentRunner$1.schedule(ParentRunner.java:60)
	at org.junit.runners.ParentRunner.runChildren(ParentRunner.java:229)
	at org.junit.runners.ParentRunner.access$000(ParentRunner.java:50)
	at org.junit.runners.ParentRunner$2.evaluate(ParentRunner.java:222)
	at org.junit.runners.ParentRunner.run(ParentRunner.java:300)
	at org.junit.runner.JUnitCore.run(JUnitCore.java:157)
	at org.junit.runner.JUnitCore.run(JUnitCore.java:136)
	at edu.illinois.cs.testrunner.execution.JUnitTestExecutor.execute(JUnitTestExecutor.java:259)
	at edu.illinois.cs.testrunner.execution.JUnitTestExecutor.executeWithJUnit4Runner(JUnitTestExecutor.java:327)
	at edu.illinois.cs.testrunner.execution.JUnitTestExecutor.runOrder(JUnitTestExecutor.java:49)
	at edu.illinois.cs.testrunner.execution.Executor$.$anonfun$run$1(Executor.scala:30)
	at scala.runtime.java8.JFunction0$mcV$sp.apply(JFunction0$mcV$sp.java:12)
	at scala.util.Try$.apply(Try.scala:209)
	at edu.illinois.cs.testrunner.execution.Executor$.run(Executor.scala:28)
	at edu.illinois.cs.testrunner.execution.Executor$.main(Executor.scala:18)
	at edu.illinois.cs.testrunner.execution.Executor.main(Executor.scala)
24/04/26 01:48:19 DEBUG druid.DruidParser: Parsing SQL UPDATE User SET name2 = 'Mike' WHERE user_id = 123;
24/04/26 01:48:19 DEBUG druid.DruidDMLParser: UPDATE SQL From clause User
24/04/26 01:48:19 DEBUG druid.DruidDMLParser: UPDATE SQL where user_id = 123
24/04/26 01:48:19 ERROR druid.DruidParserTestUtil: execute
java.lang.NullPointerException
	at com.alibaba.wasp.plan.parser.druid.DruidParser.checkType(DruidParser.java:238)
	at com.alibaba.wasp.plan.parser.druid.DruidDMLParser.getUpdatePlan(DruidDMLParser.java:290)
	at com.alibaba.wasp.plan.parser.druid.DruidDMLParser.generatePlan(DruidDMLParser.java:102)
	at com.alibaba.wasp.plan.parser.druid.DruidParserTestUtil.execute(DruidParserTestUtil.java:104)
	at com.alibaba.wasp.plan.parser.druid.TestDruidDMLFailParser.getUpdateFailedPlan(TestDruidDMLFailParser.java:124)
	at sun.reflect.NativeMethodAccessorImpl.invoke0(Native Method)
	at sun.reflect.NativeMethodAccessorImpl.invoke(NativeMethodAccessorImpl.java:62)
	at sun.reflect.DelegatingMethodAccessorImpl.invoke(DelegatingMethodAccessorImpl.java:43)
	at java.lang.reflect.Method.invoke(Method.java:498)
	at org.junit.runners.model.FrameworkMethod$1.runReflectiveCall(FrameworkMethod.java:45)
	at org.junit.internal.runners.model.ReflectiveCallable.run(ReflectiveCallable.java:15)
	at org.junit.runners.model.FrameworkMethod.invokeExplosively(FrameworkMethod.java:42)
	at org.junit.internal.runners.statements.InvokeMethod.evaluate(InvokeMethod.java:20)
	at org.junit.internal.runners.statements.RunBefores.evaluate(RunBefores.java:28)
	at org.junit.internal.runners.statements.RunAfters.evaluate(RunAfters.java:30)
	at org.junit.runners.ParentRunner.runLeaf(ParentRunner.java:263)
	at org.junit.runners.BlockJUnit4ClassRunner.runChild(BlockJUnit4ClassRunner.java:68)
	at org.junit.runners.BlockJUnit4ClassRunner.runChild(BlockJUnit4ClassRunner.java:47)
	at org.junit.runners.ParentRunner$3.run(ParentRunner.java:231)
	at org.junit.runners.ParentRunner$1.schedule(ParentRunner.java:60)
	at org.junit.runners.ParentRunner.runChildren(ParentRunner.java:229)
	at org.junit.runners.ParentRunner.access$000(ParentRunner.java:50)
	at org.junit.runners.ParentRunner$2.evaluate(ParentRunner.java:222)
	at org.junit.internal.runners.statements.RunBefores.evaluate(RunBefores.java:28)
	at org.junit.internal.runners.statements.RunAfters.evaluate(RunAfters.java:30)
	at org.junit.runners.ParentRunner.run(ParentRunner.java:300)
	at org.junit.runners.Suite.runChild(Suite.java:128)
	at org.junit.runners.Suite.runChild(Suite.java:24)
	at org.junit.runners.ParentRunner$3.run(ParentRunner.java:231)
	at org.junit.runners.ParentRunner$1.schedule(ParentRunner.java:60)
	at org.junit.runners.ParentRunner.runChildren(ParentRunner.java:229)
	at org.junit.runners.ParentRunner.access$000(ParentRunner.java:50)
	at org.junit.runners.ParentRunner$2.evaluate(ParentRunner.java:222)
	at org.junit.runners.ParentRunner.run(ParentRunner.java:300)
	at org.junit.runner.JUnitCore.run(JUnitCore.java:157)
	at org.junit.runner.JUnitCore.run(JUnitCore.java:136)
	at edu.illinois.cs.testrunner.execution.JUnitTestExecutor.execute(JUnitTestExecutor.java:259)
	at edu.illinois.cs.testrunner.execution.JUnitTestExecutor.executeWithJUnit4Runner(JUnitTestExecutor.java:327)
	at edu.illinois.cs.testrunner.execution.JUnitTestExecutor.runOrder(JUnitTestExecutor.java:49)
	at edu.illinois.cs.testrunner.execution.Executor$.$anonfun$run$1(Executor.scala:30)
	at scala.runtime.java8.JFunction0$mcV$sp.apply(JFunction0$mcV$sp.java:12)
	at scala.util.Try$.apply(Try.scala:209)
	at edu.illinois.cs.testrunner.execution.Executor$.run(Executor.scala:28)
	at edu.illinois.cs.testrunner.execution.Executor$.main(Executor.scala:18)
	at edu.illinois.cs.testrunner.execution.Executor.main(Executor.scala)
24/04/26 01:48:19 DEBUG druid.DruidParser: Parsing SQL UPDATE Photo SET time=2000 WHERE photo_id = 123
24/04/26 01:48:19 DEBUG druid.DruidDMLParser: UPDATE SQL From clause Photo
24/04/26 01:48:19 DEBUG druid.DruidDMLParser: UPDATE SQL where photo_id = 123
24/04/26 01:48:19 ERROR druid.DruidParserTestUtil: execute
com.alibaba.wasp.plan.parser.UnsupportedException: [photo_id] is not Primary Key !
	at com.alibaba.wasp.plan.parser.druid.FMetaEventOperation.checkIsPrimaryKey(FMetaEventOperation.java:152)
	at com.alibaba.wasp.plan.parser.druid.DruidDMLParser.getUpdatePlan(DruidDMLParser.java:271)
	at com.alibaba.wasp.plan.parser.druid.DruidDMLParser.generatePlan(DruidDMLParser.java:102)
	at com.alibaba.wasp.plan.parser.druid.DruidParserTestUtil.execute(DruidParserTestUtil.java:104)
	at com.alibaba.wasp.plan.parser.druid.TestDruidDMLFailParser.getUpdateFailedPlan(TestDruidDMLFailParser.java:124)
	at sun.reflect.NativeMethodAccessorImpl.invoke0(Native Method)
	at sun.reflect.NativeMethodAccessorImpl.invoke(NativeMethodAccessorImpl.java:62)
	at sun.reflect.DelegatingMethodAccessorImpl.invoke(DelegatingMethodAccessorImpl.java:43)
	at java.lang.reflect.Method.invoke(Method.java:498)
	at org.junit.runners.model.FrameworkMethod$1.runReflectiveCall(FrameworkMethod.java:45)
	at org.junit.internal.runners.model.ReflectiveCallable.run(ReflectiveCallable.java:15)
	at org.junit.runners.model.FrameworkMethod.invokeExplosively(FrameworkMethod.java:42)
	at org.junit.internal.runners.statements.InvokeMethod.evaluate(InvokeMethod.java:20)
	at org.junit.internal.runners.statements.RunBefores.evaluate(RunBefores.java:28)
	at org.junit.internal.runners.statements.RunAfters.evaluate(RunAfters.java:30)
	at org.junit.runners.ParentRunner.runLeaf(ParentRunner.java:263)
	at org.junit.runners.BlockJUnit4ClassRunner.runChild(BlockJUnit4ClassRunner.java:68)
	at org.junit.runners.BlockJUnit4ClassRunner.runChild(BlockJUnit4ClassRunner.java:47)
	at org.junit.runners.ParentRunner$3.run(ParentRunner.java:231)
	at org.junit.runners.ParentRunner$1.schedule(ParentRunner.java:60)
	at org.junit.runners.ParentRunner.runChildren(ParentRunner.java:229)
	at org.junit.runners.ParentRunner.access$000(ParentRunner.java:50)
	at org.junit.runners.ParentRunner$2.evaluate(ParentRunner.java:222)
	at org.junit.internal.runners.statements.RunBefores.evaluate(RunBefores.java:28)
	at org.junit.internal.runners.statements.RunAfters.evaluate(RunAfters.java:30)
	at org.junit.runners.ParentRunner.run(ParentRunner.java:300)
	at org.junit.runners.Suite.runChild(Suite.java:128)
	at org.junit.runners.Suite.runChild(Suite.java:24)
	at org.junit.runners.ParentRunner$3.run(ParentRunner.java:231)
	at org.junit.runners.ParentRunner$1.schedule(ParentRunner.java:60)
	at org.junit.runners.ParentRunner.runChildren(ParentRunner.java:229)
	at org.junit.runners.ParentRunner.access$000(ParentRunner.java:50)
	at org.junit.runners.ParentRunner$2.evaluate(ParentRunner.java:222)
	at org.junit.runners.ParentRunner.run(ParentRunner.java:300)
	at org.junit.runner.JUnitCore.run(JUnitCore.java:157)
	at org.junit.runner.JUnitCore.run(JUnitCore.java:136)
	at edu.illinois.cs.testrunner.execution.JUnitTestExecutor.execute(JUnitTestExecutor.java:259)
	at edu.illinois.cs.testrunner.execution.JUnitTestExecutor.executeWithJUnit4Runner(JUnitTestExecutor.java:327)
	at edu.illinois.cs.testrunner.execution.JUnitTestExecutor.runOrder(JUnitTestExecutor.java:49)
	at edu.illinois.cs.testrunner.execution.Executor$.$anonfun$run$1(Executor.scala:30)
	at scala.runtime.java8.JFunction0$mcV$sp.apply(JFunction0$mcV$sp.java:12)
	at scala.util.Try$.apply(Try.scala:209)
	at edu.illinois.cs.testrunner.execution.Executor$.run(Executor.scala:28)
	at edu.illinois.cs.testrunner.execution.Executor$.main(Executor.scala:18)
	at edu.illinois.cs.testrunner.execution.Executor.main(Executor.scala)
24/04/26 01:48:19 DEBUG druid.DruidParser: Parsing SQL UPDATE User SET name = 'Mike' WHERE user_id22 = 123;
24/04/26 01:48:19 DEBUG druid.DruidDMLParser: UPDATE SQL From clause User
24/04/26 01:48:19 DEBUG druid.DruidDMLParser: UPDATE SQL where user_id22 = 123
24/04/26 01:48:19 ERROR druid.DruidParserTestUtil: execute
com.alibaba.wasp.plan.parser.UnsupportedException: User does not have column 'user_id22'!
	at com.alibaba.wasp.plan.parser.druid.FMetaEventOperation.checkAndGetFields(FMetaEventOperation.java:114)
	at com.alibaba.wasp.plan.parser.druid.DruidDMLParser.getUpdatePlan(DruidDMLParser.java:269)
	at com.alibaba.wasp.plan.parser.druid.DruidDMLParser.generatePlan(DruidDMLParser.java:102)
	at com.alibaba.wasp.plan.parser.druid.DruidParserTestUtil.execute(DruidParserTestUtil.java:104)
	at com.alibaba.wasp.plan.parser.druid.TestDruidDMLFailParser.getUpdateFailedPlan(TestDruidDMLFailParser.java:124)
	at sun.reflect.NativeMethodAccessorImpl.invoke0(Native Method)
	at sun.reflect.NativeMethodAccessorImpl.invoke(NativeMethodAccessorImpl.java:62)
	at sun.reflect.DelegatingMethodAccessorImpl.invoke(DelegatingMethodAccessorImpl.java:43)
	at java.lang.reflect.Method.invoke(Method.java:498)
	at org.junit.runners.model.FrameworkMethod$1.runReflectiveCall(FrameworkMethod.java:45)
	at org.junit.internal.runners.model.ReflectiveCallable.run(ReflectiveCallable.java:15)
	at org.junit.runners.model.FrameworkMethod.invokeExplosively(FrameworkMethod.java:42)
	at org.junit.internal.runners.statements.InvokeMethod.evaluate(InvokeMethod.java:20)
	at org.junit.internal.runners.statements.RunBefores.evaluate(RunBefores.java:28)
	at org.junit.internal.runners.statements.RunAfters.evaluate(RunAfters.java:30)
	at org.junit.runners.ParentRunner.runLeaf(ParentRunner.java:263)
	at org.junit.runners.BlockJUnit4ClassRunner.runChild(BlockJUnit4ClassRunner.java:68)
	at org.junit.runners.BlockJUnit4ClassRunner.runChild(BlockJUnit4ClassRunner.java:47)
	at org.junit.runners.ParentRunner$3.run(ParentRunner.java:231)
	at org.junit.runners.ParentRunner$1.schedule(ParentRunner.java:60)
	at org.junit.runners.ParentRunner.runChildren(ParentRunner.java:229)
	at org.junit.runners.ParentRunner.access$000(ParentRunner.java:50)
	at org.junit.runners.ParentRunner$2.evaluate(ParentRunner.java:222)
	at org.junit.internal.runners.statements.RunBefores.evaluate(RunBefores.java:28)
	at org.junit.internal.runners.statements.RunAfters.evaluate(RunAfters.java:30)
	at org.junit.runners.ParentRunner.run(ParentRunner.java:300)
	at org.junit.runners.Suite.runChild(Suite.java:128)
	at org.junit.runners.Suite.runChild(Suite.java:24)
	at org.junit.runners.ParentRunner$3.run(ParentRunner.java:231)
	at org.junit.runners.ParentRunner$1.schedule(ParentRunner.java:60)
	at org.junit.runners.ParentRunner.runChildren(ParentRunner.java:229)
	at org.junit.runners.ParentRunner.access$000(ParentRunner.java:50)
	at org.junit.runners.ParentRunner$2.evaluate(ParentRunner.java:222)
	at org.junit.runners.ParentRunner.run(ParentRunner.java:300)
	at org.junit.runner.JUnitCore.run(JUnitCore.java:157)
	at org.junit.runner.JUnitCore.run(JUnitCore.java:136)
	at edu.illinois.cs.testrunner.execution.JUnitTestExecutor.execute(JUnitTestExecutor.java:259)
	at edu.illinois.cs.testrunner.execution.JUnitTestExecutor.executeWithJUnit4Runner(JUnitTestExecutor.java:327)
	at edu.illinois.cs.testrunner.execution.JUnitTestExecutor.runOrder(JUnitTestExecutor.java:49)
	at edu.illinois.cs.testrunner.execution.Executor$.$anonfun$run$1(Executor.scala:30)
	at scala.runtime.java8.JFunction0$mcV$sp.apply(JFunction0$mcV$sp.java:12)
	at scala.util.Try$.apply(Try.scala:209)
	at edu.illinois.cs.testrunner.execution.Executor$.run(Executor.scala:28)
	at edu.illinois.cs.testrunner.execution.Executor$.main(Executor.scala:18)
	at edu.illinois.cs.testrunner.execution.Executor.main(Executor.scala)
24/04/26 01:48:19 DEBUG druid.DruidParser: Parsing SQL UPDATE User SET name = 'Mike' WHERE user_id >= 123;
24/04/26 01:48:19 DEBUG druid.DruidDMLParser: UPDATE SQL From clause User
24/04/26 01:48:19 DEBUG druid.DruidDMLParser: UPDATE SQL where user_id >= 123
24/04/26 01:48:19 ERROR druid.DruidParserTestUtil: execute
com.alibaba.wasp.plan.parser.UnsupportedException: RANGE is not supported by update operation!
	at com.alibaba.wasp.plan.parser.druid.DruidDMLParser.getUpdatePlan(DruidDMLParser.java:263)
	at com.alibaba.wasp.plan.parser.druid.DruidDMLParser.generatePlan(DruidDMLParser.java:102)
	at com.alibaba.wasp.plan.parser.druid.DruidParserTestUtil.execute(DruidParserTestUtil.java:104)
	at com.alibaba.wasp.plan.parser.druid.TestDruidDMLFailParser.getUpdateFailedPlan(TestDruidDMLFailParser.java:124)
	at sun.reflect.NativeMethodAccessorImpl.invoke0(Native Method)
	at sun.reflect.NativeMethodAccessorImpl.invoke(NativeMethodAccessorImpl.java:62)
	at sun.reflect.DelegatingMethodAccessorImpl.invoke(DelegatingMethodAccessorImpl.java:43)
	at java.lang.reflect.Method.invoke(Method.java:498)
	at org.junit.runners.model.FrameworkMethod$1.runReflectiveCall(FrameworkMethod.java:45)
	at org.junit.internal.runners.model.ReflectiveCallable.run(ReflectiveCallable.java:15)
	at org.junit.runners.model.FrameworkMethod.invokeExplosively(FrameworkMethod.java:42)
	at org.junit.internal.runners.statements.InvokeMethod.evaluate(InvokeMethod.java:20)
	at org.junit.internal.runners.statements.RunBefores.evaluate(RunBefores.java:28)
	at org.junit.internal.runners.statements.RunAfters.evaluate(RunAfters.java:30)
	at org.junit.runners.ParentRunner.runLeaf(ParentRunner.java:263)
	at org.junit.runners.BlockJUnit4ClassRunner.runChild(BlockJUnit4ClassRunner.java:68)
	at org.junit.runners.BlockJUnit4ClassRunner.runChild(BlockJUnit4ClassRunner.java:47)
	at org.junit.runners.ParentRunner$3.run(ParentRunner.java:231)
	at org.junit.runners.ParentRunner$1.schedule(ParentRunner.java:60)
	at org.junit.runners.ParentRunner.runChildren(ParentRunner.java:229)
	at org.junit.runners.ParentRunner.access$000(ParentRunner.java:50)
	at org.junit.runners.ParentRunner$2.evaluate(ParentRunner.java:222)
	at org.junit.internal.runners.statements.RunBefores.evaluate(RunBefores.java:28)
	at org.junit.internal.runners.statements.RunAfters.evaluate(RunAfters.java:30)
	at org.junit.runners.ParentRunner.run(ParentRunner.java:300)
	at org.junit.runners.Suite.runChild(Suite.java:128)
	at org.junit.runners.Suite.runChild(Suite.java:24)
	at org.junit.runners.ParentRunner$3.run(ParentRunner.java:231)
	at org.junit.runners.ParentRunner$1.schedule(ParentRunner.java:60)
	at org.junit.runners.ParentRunner.runChildren(ParentRunner.java:229)
	at org.junit.runners.ParentRunner.access$000(ParentRunner.java:50)
	at org.junit.runners.ParentRunner$2.evaluate(ParentRunner.java:222)
	at org.junit.runners.ParentRunner.run(ParentRunner.java:300)
	at org.junit.runner.JUnitCore.run(JUnitCore.java:157)
	at org.junit.runner.JUnitCore.run(JUnitCore.java:136)
	at edu.illinois.cs.testrunner.execution.JUnitTestExecutor.execute(JUnitTestExecutor.java:259)
	at edu.illinois.cs.testrunner.execution.JUnitTestExecutor.executeWithJUnit4Runner(JUnitTestExecutor.java:327)
	at edu.illinois.cs.testrunner.execution.JUnitTestExecutor.runOrder(JUnitTestExecutor.java:49)
	at edu.illinois.cs.testrunner.execution.Executor$.$anonfun$run$1(Executor.scala:30)
	at scala.runtime.java8.JFunction0$mcV$sp.apply(JFunction0$mcV$sp.java:12)
	at scala.util.Try$.apply(Try.scala:209)
	at edu.illinois.cs.testrunner.execution.Executor$.run(Executor.scala:28)
	at edu.illinois.cs.testrunner.execution.Executor$.main(Executor.scala:18)
	at edu.illinois.cs.testrunner.execution.Executor.main(Executor.scala)
24/04/26 01:48:19 DEBUG druid.DruidParser: Parsing SQL UPDATE Photo SET photo_id=2000 WHERE user_id = 321 and photo_id = 123
24/04/26 01:48:19 DEBUG druid.DruidDMLParser: UPDATE SQL From clause Photo
24/04/26 01:48:19 DEBUG druid.DruidDMLParser: UPDATE SQL where user_id = 321 AND photo_id = 123
24/04/26 01:48:19 ERROR druid.DruidParserTestUtil: execute
com.alibaba.wasp.plan.parser.UnsupportedException: photo_id is primary key!
	at com.alibaba.wasp.plan.parser.druid.FMetaEventOperation.checkFieldNotInPrimaryKeys(FMetaEventOperation.java:195)
	at com.alibaba.wasp.plan.parser.druid.DruidDMLParser.getUpdatePlan(DruidDMLParser.java:287)
	at com.alibaba.wasp.plan.parser.druid.DruidDMLParser.generatePlan(DruidDMLParser.java:102)
	at com.alibaba.wasp.plan.parser.druid.DruidParserTestUtil.execute(DruidParserTestUtil.java:104)
	at com.alibaba.wasp.plan.parser.druid.TestDruidDMLFailParser.getUpdateFailedPlan(TestDruidDMLFailParser.java:124)
	at sun.reflect.NativeMethodAccessorImpl.invoke0(Native Method)
	at sun.reflect.NativeMethodAccessorImpl.invoke(NativeMethodAccessorImpl.java:62)
	at sun.reflect.DelegatingMethodAccessorImpl.invoke(DelegatingMethodAccessorImpl.java:43)
	at java.lang.reflect.Method.invoke(Method.java:498)
	at org.junit.runners.model.FrameworkMethod$1.runReflectiveCall(FrameworkMethod.java:45)
	at org.junit.internal.runners.model.ReflectiveCallable.run(ReflectiveCallable.java:15)
	at org.junit.runners.model.FrameworkMethod.invokeExplosively(FrameworkMethod.java:42)
	at org.junit.internal.runners.statements.InvokeMethod.evaluate(InvokeMethod.java:20)
	at org.junit.internal.runners.statements.RunBefores.evaluate(RunBefores.java:28)
	at org.junit.internal.runners.statements.RunAfters.evaluate(RunAfters.java:30)
	at org.junit.runners.ParentRunner.runLeaf(ParentRunner.java:263)
	at org.junit.runners.BlockJUnit4ClassRunner.runChild(BlockJUnit4ClassRunner.java:68)
	at org.junit.runners.BlockJUnit4ClassRunner.runChild(BlockJUnit4ClassRunner.java:47)
	at org.junit.runners.ParentRunner$3.run(ParentRunner.java:231)
	at org.junit.runners.ParentRunner$1.schedule(ParentRunner.java:60)
	at org.junit.runners.ParentRunner.runChildren(ParentRunner.java:229)
	at org.junit.runners.ParentRunner.access$000(ParentRunner.java:50)
	at org.junit.runners.ParentRunner$2.evaluate(ParentRunner.java:222)
	at org.junit.internal.runners.statements.RunBefores.evaluate(RunBefores.java:28)
	at org.junit.internal.runners.statements.RunAfters.evaluate(RunAfters.java:30)
	at org.junit.runners.ParentRunner.run(ParentRunner.java:300)
	at org.junit.runners.Suite.runChild(Suite.java:128)
	at org.junit.runners.Suite.runChild(Suite.java:24)
	at org.junit.runners.ParentRunner$3.run(ParentRunner.java:231)
	at org.junit.runners.ParentRunner$1.schedule(ParentRunner.java:60)
	at org.junit.runners.ParentRunner.runChildren(ParentRunner.java:229)
	at org.junit.runners.ParentRunner.access$000(ParentRunner.java:50)
	at org.junit.runners.ParentRunner$2.evaluate(ParentRunner.java:222)
	at org.junit.runners.ParentRunner.run(ParentRunner.java:300)
	at org.junit.runner.JUnitCore.run(JUnitCore.java:157)
	at org.junit.runner.JUnitCore.run(JUnitCore.java:136)
	at edu.illinois.cs.testrunner.execution.JUnitTestExecutor.execute(JUnitTestExecutor.java:259)
	at edu.illinois.cs.testrunner.execution.JUnitTestExecutor.executeWithJUnit4Runner(JUnitTestExecutor.java:327)
	at edu.illinois.cs.testrunner.execution.JUnitTestExecutor.runOrder(JUnitTestExecutor.java:49)
	at edu.illinois.cs.testrunner.execution.Executor$.$anonfun$run$1(Executor.scala:30)
	at scala.runtime.java8.JFunction0$mcV$sp.apply(JFunction0$mcV$sp.java:12)
	at scala.util.Try$.apply(Try.scala:209)
	at edu.illinois.cs.testrunner.execution.Executor$.run(Executor.scala:28)
	at edu.illinois.cs.testrunner.execution.Executor$.main(Executor.scala:18)
	at edu.illinois.cs.testrunner.execution.Executor.main(Executor.scala)
24/04/26 01:48:19 DEBUG druid.DruidParser: Parsing SQL UPDATE Photo SET int32Type = '22' WHERE user_id = 123 and photo_id=123;
24/04/26 01:48:19 DEBUG druid.DruidDMLParser: UPDATE SQL From clause Photo
24/04/26 01:48:19 DEBUG druid.DruidDMLParser: UPDATE SQL where user_id = 123 AND photo_id = 123
24/04/26 01:48:19 ERROR druid.DruidParserTestUtil: execute
com.alibaba.wasp.plan.parser.UnsupportedException: Unsupported DataType INT32, input is '22'
	at com.alibaba.wasp.plan.parser.druid.DruidParser.checkType(DruidParser.java:258)
	at com.alibaba.wasp.plan.parser.druid.DruidDMLParser.getUpdatePlan(DruidDMLParser.java:290)
	at com.alibaba.wasp.plan.parser.druid.DruidDMLParser.generatePlan(DruidDMLParser.java:102)
	at com.alibaba.wasp.plan.parser.druid.DruidParserTestUtil.execute(DruidParserTestUtil.java:104)
	at com.alibaba.wasp.plan.parser.druid.TestDruidDMLFailParser.getUpdateFailedPlan(TestDruidDMLFailParser.java:124)
	at sun.reflect.NativeMethodAccessorImpl.invoke0(Native Method)
	at sun.reflect.NativeMethodAccessorImpl.invoke(NativeMethodAccessorImpl.java:62)
	at sun.reflect.DelegatingMethodAccessorImpl.invoke(DelegatingMethodAccessorImpl.java:43)
	at java.lang.reflect.Method.invoke(Method.java:498)
	at org.junit.runners.model.FrameworkMethod$1.runReflectiveCall(FrameworkMethod.java:45)
	at org.junit.internal.runners.model.ReflectiveCallable.run(ReflectiveCallable.java:15)
	at org.junit.runners.model.FrameworkMethod.invokeExplosively(FrameworkMethod.java:42)
	at org.junit.internal.runners.statements.InvokeMethod.evaluate(InvokeMethod.java:20)
	at org.junit.internal.runners.statements.RunBefores.evaluate(RunBefores.java:28)
	at org.junit.internal.runners.statements.RunAfters.evaluate(RunAfters.java:30)
	at org.junit.runners.ParentRunner.runLeaf(ParentRunner.java:263)
	at org.junit.runners.BlockJUnit4ClassRunner.runChild(BlockJUnit4ClassRunner.java:68)
	at org.junit.runners.BlockJUnit4ClassRunner.runChild(BlockJUnit4ClassRunner.java:47)
	at org.junit.runners.ParentRunner$3.run(ParentRunner.java:231)
	at org.junit.runners.ParentRunner$1.schedule(ParentRunner.java:60)
	at org.junit.runners.ParentRunner.runChildren(ParentRunner.java:229)
	at org.junit.runners.ParentRunner.access$000(ParentRunner.java:50)
	at org.junit.runners.ParentRunner$2.evaluate(ParentRunner.java:222)
	at org.junit.internal.runners.statements.RunBefores.evaluate(RunBefores.java:28)
	at org.junit.internal.runners.statements.RunAfters.evaluate(RunAfters.java:30)
	at org.junit.runners.ParentRunner.run(ParentRunner.java:300)
	at org.junit.runners.Suite.runChild(Suite.java:128)
	at org.junit.runners.Suite.runChild(Suite.java:24)
	at org.junit.runners.ParentRunner$3.run(ParentRunner.java:231)
	at org.junit.runners.ParentRunner$1.schedule(ParentRunner.java:60)
	at org.junit.runners.ParentRunner.runChildren(ParentRunner.java:229)
	at org.junit.runners.ParentRunner.access$000(ParentRunner.java:50)
	at org.junit.runners.ParentRunner$2.evaluate(ParentRunner.java:222)
	at org.junit.runners.ParentRunner.run(ParentRunner.java:300)
	at org.junit.runner.JUnitCore.run(JUnitCore.java:157)
	at org.junit.runner.JUnitCore.run(JUnitCore.java:136)
	at edu.illinois.cs.testrunner.execution.JUnitTestExecutor.execute(JUnitTestExecutor.java:259)
	at edu.illinois.cs.testrunner.execution.JUnitTestExecutor.executeWithJUnit4Runner(JUnitTestExecutor.java:327)
	at edu.illinois.cs.testrunner.execution.JUnitTestExecutor.runOrder(JUnitTestExecutor.java:49)
	at edu.illinois.cs.testrunner.execution.Executor$.$anonfun$run$1(Executor.scala:30)
	at scala.runtime.java8.JFunction0$mcV$sp.apply(JFunction0$mcV$sp.java:12)
	at scala.util.Try$.apply(Try.scala:209)
	at edu.illinois.cs.testrunner.execution.Executor$.run(Executor.scala:28)
	at edu.illinois.cs.testrunner.execution.Executor$.main(Executor.scala:18)
	at edu.illinois.cs.testrunner.execution.Executor.main(Executor.scala)
24/04/26 01:48:19 DEBUG druid.DruidParser: Parsing SQL CREATE TABLE User { Required Int64 user_id; Required String name; Optional DOUBLE value; }  primary key(user_id),  entity group root, entity group key(user_id);
24/04/26 01:48:19 DEBUG druid.DruidDDLParser: CreateTablePlan CreateTablePlan [table=CREATE TABLE User { 
  REQUIRED INT64 user_id COLUMNFAMILY d;
  REQUIRED STRING name COLUMNFAMILY d;
  OPTIONAL DOUBLE value COLUMNFAMILY d;
} 
PRIMARY KEY(user_id),
ENTITY GROUP ROOT,
ENTITY GROUP KEY(user_id);
, splitKeys=null]
24/04/26 01:48:19 DEBUG druid.DruidParser: Parsing SQL CREATE TABLE Photo { Required Int64 user_id columnfamily cf comment 'aaa';  Required Int32 photo_id comment 'child primary key';  Optional Int64 time; Optional String full_url;  Optional String thumbnail_url; Optional string tag; Optional DATETIME date; Optional Int32 int32Type; }  primary key(user_id,photo_id),  in table User,  Entity Group Key(user_id) references User; 
24/04/26 01:48:19 DEBUG druid.DruidDDLParser: CreateTablePlan CreateTablePlan [table=CREATE TABLE Photo { 
  REQUIRED INT64 user_id COLUMNFAMILY cf;
  REQUIRED INT32 photo_id COLUMNFAMILY d;
  OPTIONAL INT64 time COLUMNFAMILY d;
  OPTIONAL STRING full_url COLUMNFAMILY d;
  OPTIONAL STRING thumbnail_url COLUMNFAMILY d;
  OPTIONAL STRING tag COLUMNFAMILY d;
  OPTIONAL DATETIME date COLUMNFAMILY d;
  OPTIONAL INT32 int32Type COLUMNFAMILY d;
} 
PRIMARY KEY(user_id, photo_id, ),
 IN TABLE User,
 ENTITY GROUP KEY(user_id) REFERENCES User;
, splitKeys=null]
24/04/26 01:48:19 DEBUG druid.DruidParser: Parsing SQL Insert into User1(ID,NAME) values(1,'binlijin');
24/04/26 01:48:19 DEBUG druid.DruidDMLParser: INSERT SQL TableSource User1
24/04/26 01:48:19 DEBUG druid.DruidDMLParser: From table User1
24/04/26 01:48:19 ERROR druid.DruidParserTestUtil: execute
com.alibaba.wasp.TableNotFoundException: User1 not exists!
	at com.alibaba.wasp.plan.parser.druid.FMetaEventOperation.checkAndGetTable(FMetaEventOperation.java:79)
	at com.alibaba.wasp.plan.parser.druid.DruidDMLParser.getInsertPlan(DruidDMLParser.java:129)
	at com.alibaba.wasp.plan.parser.druid.DruidDMLParser.generatePlan(DruidDMLParser.java:105)
	at com.alibaba.wasp.plan.parser.druid.DruidParserTestUtil.execute(DruidParserTestUtil.java:104)
	at com.alibaba.wasp.plan.parser.druid.TestDruidDMLFailParser.getInsertFailedPlan(TestDruidDMLFailParser.java:97)
	at sun.reflect.NativeMethodAccessorImpl.invoke0(Native Method)
	at sun.reflect.NativeMethodAccessorImpl.invoke(NativeMethodAccessorImpl.java:62)
	at sun.reflect.DelegatingMethodAccessorImpl.invoke(DelegatingMethodAccessorImpl.java:43)
	at java.lang.reflect.Method.invoke(Method.java:498)
	at org.junit.runners.model.FrameworkMethod$1.runReflectiveCall(FrameworkMethod.java:45)
	at org.junit.internal.runners.model.ReflectiveCallable.run(ReflectiveCallable.java:15)
	at org.junit.runners.model.FrameworkMethod.invokeExplosively(FrameworkMethod.java:42)
	at org.junit.internal.runners.statements.InvokeMethod.evaluate(InvokeMethod.java:20)
	at org.junit.internal.runners.statements.RunBefores.evaluate(RunBefores.java:28)
	at org.junit.internal.runners.statements.RunAfters.evaluate(RunAfters.java:30)
	at org.junit.runners.ParentRunner.runLeaf(ParentRunner.java:263)
	at org.junit.runners.BlockJUnit4ClassRunner.runChild(BlockJUnit4ClassRunner.java:68)
	at org.junit.runners.BlockJUnit4ClassRunner.runChild(BlockJUnit4ClassRunner.java:47)
	at org.junit.runners.ParentRunner$3.run(ParentRunner.java:231)
	at org.junit.runners.ParentRunner$1.schedule(ParentRunner.java:60)
	at org.junit.runners.ParentRunner.runChildren(ParentRunner.java:229)
	at org.junit.runners.ParentRunner.access$000(ParentRunner.java:50)
	at org.junit.runners.ParentRunner$2.evaluate(ParentRunner.java:222)
	at org.junit.internal.runners.statements.RunBefores.evaluate(RunBefores.java:28)
	at org.junit.internal.runners.statements.RunAfters.evaluate(RunAfters.java:30)
	at org.junit.runners.ParentRunner.run(ParentRunner.java:300)
	at org.junit.runners.Suite.runChild(Suite.java:128)
	at org.junit.runners.Suite.runChild(Suite.java:24)
	at org.junit.runners.ParentRunner$3.run(ParentRunner.java:231)
	at org.junit.runners.ParentRunner$1.schedule(ParentRunner.java:60)
	at org.junit.runners.ParentRunner.runChildren(ParentRunner.java:229)
	at org.junit.runners.ParentRunner.access$000(ParentRunner.java:50)
	at org.junit.runners.ParentRunner$2.evaluate(ParentRunner.java:222)
	at org.junit.runners.ParentRunner.run(ParentRunner.java:300)
	at org.junit.runner.JUnitCore.run(JUnitCore.java:157)
	at org.junit.runner.JUnitCore.run(JUnitCore.java:136)
	at edu.illinois.cs.testrunner.execution.JUnitTestExecutor.execute(JUnitTestExecutor.java:259)
	at edu.illinois.cs.testrunner.execution.JUnitTestExecutor.executeWithJUnit4Runner(JUnitTestExecutor.java:327)
	at edu.illinois.cs.testrunner.execution.JUnitTestExecutor.runOrder(JUnitTestExecutor.java:49)
	at edu.illinois.cs.testrunner.execution.Executor$.$anonfun$run$1(Executor.scala:30)
	at scala.runtime.java8.JFunction0$mcV$sp.apply(JFunction0$mcV$sp.java:12)
	at scala.util.Try$.apply(Try.scala:209)
	at edu.illinois.cs.testrunner.execution.Executor$.run(Executor.scala:28)
	at edu.illinois.cs.testrunner.execution.Executor$.main(Executor.scala:18)
	at edu.illinois.cs.testrunner.execution.Executor.main(Executor.scala)
24/04/26 01:48:19 DEBUG druid.DruidParser: Parsing SQL Insert into User(ID,NAME2) values(1,'binlijin'),(2,'lars');
24/04/26 01:48:19 DEBUG druid.DruidDMLParser: INSERT SQL TableSource User
24/04/26 01:48:19 DEBUG druid.DruidDMLParser: From table User
24/04/26 01:48:19 DEBUG druid.DruidDMLParser:  SQLInsertItem ID
24/04/26 01:48:19 DEBUG druid.DruidDMLParser:  SQLInsertItem NAME2
24/04/26 01:48:19 DEBUG druid.DruidDMLParser: INSERT SQL Insert columns [ID, NAME2]
24/04/26 01:48:19 ERROR druid.DruidParserTestUtil: execute
com.alibaba.wasp.plan.parser.UnsupportedException: User does not have column 'ID'!
	at com.alibaba.wasp.plan.parser.druid.FMetaEventOperation.checkAndGetFields(FMetaEventOperation.java:114)
	at com.alibaba.wasp.plan.parser.druid.DruidDMLParser.getInsertPlan(DruidDMLParser.java:136)
	at com.alibaba.wasp.plan.parser.druid.DruidDMLParser.generatePlan(DruidDMLParser.java:105)
	at com.alibaba.wasp.plan.parser.druid.DruidParserTestUtil.execute(DruidParserTestUtil.java:104)
	at com.alibaba.wasp.plan.parser.druid.TestDruidDMLFailParser.getInsertFailedPlan(TestDruidDMLFailParser.java:97)
	at sun.reflect.NativeMethodAccessorImpl.invoke0(Native Method)
	at sun.reflect.NativeMethodAccessorImpl.invoke(NativeMethodAccessorImpl.java:62)
	at sun.reflect.DelegatingMethodAccessorImpl.invoke(DelegatingMethodAccessorImpl.java:43)
	at java.lang.reflect.Method.invoke(Method.java:498)
	at org.junit.runners.model.FrameworkMethod$1.runReflectiveCall(FrameworkMethod.java:45)
	at org.junit.internal.runners.model.ReflectiveCallable.run(ReflectiveCallable.java:15)
	at org.junit.runners.model.FrameworkMethod.invokeExplosively(FrameworkMethod.java:42)
	at org.junit.internal.runners.statements.InvokeMethod.evaluate(InvokeMethod.java:20)
	at org.junit.internal.runners.statements.RunBefores.evaluate(RunBefores.java:28)
	at org.junit.internal.runners.statements.RunAfters.evaluate(RunAfters.java:30)
	at org.junit.runners.ParentRunner.runLeaf(ParentRunner.java:263)
	at org.junit.runners.BlockJUnit4ClassRunner.runChild(BlockJUnit4ClassRunner.java:68)
	at org.junit.runners.BlockJUnit4ClassRunner.runChild(BlockJUnit4ClassRunner.java:47)
	at org.junit.runners.ParentRunner$3.run(ParentRunner.java:231)
	at org.junit.runners.ParentRunner$1.schedule(ParentRunner.java:60)
	at org.junit.runners.ParentRunner.runChildren(ParentRunner.java:229)
	at org.junit.runners.ParentRunner.access$000(ParentRunner.java:50)
	at org.junit.runners.ParentRunner$2.evaluate(ParentRunner.java:222)
	at org.junit.internal.runners.statements.RunBefores.evaluate(RunBefores.java:28)
	at org.junit.internal.runners.statements.RunAfters.evaluate(RunAfters.java:30)
	at org.junit.runners.ParentRunner.run(ParentRunner.java:300)
	at org.junit.runners.Suite.runChild(Suite.java:128)
	at org.junit.runners.Suite.runChild(Suite.java:24)
	at org.junit.runners.ParentRunner$3.run(ParentRunner.java:231)
	at org.junit.runners.ParentRunner$1.schedule(ParentRunner.java:60)
	at org.junit.runners.ParentRunner.runChildren(ParentRunner.java:229)
	at org.junit.runners.ParentRunner.access$000(ParentRunner.java:50)
	at org.junit.runners.ParentRunner$2.evaluate(ParentRunner.java:222)
	at org.junit.runners.ParentRunner.run(ParentRunner.java:300)
	at org.junit.runner.JUnitCore.run(JUnitCore.java:157)
	at org.junit.runner.JUnitCore.run(JUnitCore.java:136)
	at edu.illinois.cs.testrunner.execution.JUnitTestExecutor.execute(JUnitTestExecutor.java:259)
	at edu.illinois.cs.testrunner.execution.JUnitTestExecutor.executeWithJUnit4Runner(JUnitTestExecutor.java:327)
	at edu.illinois.cs.testrunner.execution.JUnitTestExecutor.runOrder(JUnitTestExecutor.java:49)
	at edu.illinois.cs.testrunner.execution.Executor$.$anonfun$run$1(Executor.scala:30)
	at scala.runtime.java8.JFunction0$mcV$sp.apply(JFunction0$mcV$sp.java:12)
	at scala.util.Try$.apply(Try.scala:209)
	at edu.illinois.cs.testrunner.execution.Executor$.run(Executor.scala:28)
	at edu.illinois.cs.testrunner.execution.Executor$.main(Executor.scala:18)
	at edu.illinois.cs.testrunner.execution.Executor.main(Executor.scala)
24/04/26 01:48:19 DEBUG druid.DruidParser: Parsing SQL Insert into Photo(photo_id,time) values(1, 10000),(2,20000);
24/04/26 01:48:19 DEBUG druid.DruidDMLParser: INSERT SQL TableSource Photo
24/04/26 01:48:19 DEBUG druid.DruidDMLParser: From table Photo
24/04/26 01:48:19 DEBUG druid.DruidDMLParser:  SQLInsertItem photo_id
24/04/26 01:48:19 DEBUG druid.DruidDMLParser:  SQLInsertItem time
24/04/26 01:48:19 DEBUG druid.DruidDMLParser: INSERT SQL Insert columns [photo_id, time]
24/04/26 01:48:19 ERROR druid.DruidParserTestUtil: execute
com.alibaba.wasp.plan.parser.UnsupportedException: PrimaryKeys have 2 Fields, but only find 1 Fields
	at com.alibaba.wasp.plan.parser.druid.FMetaEventOperation.checkRequiredFields(FMetaEventOperation.java:378)
	at com.alibaba.wasp.plan.parser.druid.DruidDMLParser.getInsertPlan(DruidDMLParser.java:137)
	at com.alibaba.wasp.plan.parser.druid.DruidDMLParser.generatePlan(DruidDMLParser.java:105)
	at com.alibaba.wasp.plan.parser.druid.DruidParserTestUtil.execute(DruidParserTestUtil.java:104)
	at com.alibaba.wasp.plan.parser.druid.TestDruidDMLFailParser.getInsertFailedPlan(TestDruidDMLFailParser.java:97)
	at sun.reflect.NativeMethodAccessorImpl.invoke0(Native Method)
	at sun.reflect.NativeMethodAccessorImpl.invoke(NativeMethodAccessorImpl.java:62)
	at sun.reflect.DelegatingMethodAccessorImpl.invoke(DelegatingMethodAccessorImpl.java:43)
	at java.lang.reflect.Method.invoke(Method.java:498)
	at org.junit.runners.model.FrameworkMethod$1.runReflectiveCall(FrameworkMethod.java:45)
	at org.junit.internal.runners.model.ReflectiveCallable.run(ReflectiveCallable.java:15)
	at org.junit.runners.model.FrameworkMethod.invokeExplosively(FrameworkMethod.java:42)
	at org.junit.internal.runners.statements.InvokeMethod.evaluate(InvokeMethod.java:20)
	at org.junit.internal.runners.statements.RunBefores.evaluate(RunBefores.java:28)
	at org.junit.internal.runners.statements.RunAfters.evaluate(RunAfters.java:30)
	at org.junit.runners.ParentRunner.runLeaf(ParentRunner.java:263)
	at org.junit.runners.BlockJUnit4ClassRunner.runChild(BlockJUnit4ClassRunner.java:68)
	at org.junit.runners.BlockJUnit4ClassRunner.runChild(BlockJUnit4ClassRunner.java:47)
	at org.junit.runners.ParentRunner$3.run(ParentRunner.java:231)
	at org.junit.runners.ParentRunner$1.schedule(ParentRunner.java:60)
	at org.junit.runners.ParentRunner.runChildren(ParentRunner.java:229)
	at org.junit.runners.ParentRunner.access$000(ParentRunner.java:50)
	at org.junit.runners.ParentRunner$2.evaluate(ParentRunner.java:222)
	at org.junit.internal.runners.statements.RunBefores.evaluate(RunBefores.java:28)
	at org.junit.internal.runners.statements.RunAfters.evaluate(RunAfters.java:30)
	at org.junit.runners.ParentRunner.run(ParentRunner.java:300)
	at org.junit.runners.Suite.runChild(Suite.java:128)
	at org.junit.runners.Suite.runChild(Suite.java:24)
	at org.junit.runners.ParentRunner$3.run(ParentRunner.java:231)
	at org.junit.runners.ParentRunner$1.schedule(ParentRunner.java:60)
	at org.junit.runners.ParentRunner.runChildren(ParentRunner.java:229)
	at org.junit.runners.ParentRunner.access$000(ParentRunner.java:50)
	at org.junit.runners.ParentRunner$2.evaluate(ParentRunner.java:222)
	at org.junit.runners.ParentRunner.run(ParentRunner.java:300)
	at org.junit.runner.JUnitCore.run(JUnitCore.java:157)
	at org.junit.runner.JUnitCore.run(JUnitCore.java:136)
	at edu.illinois.cs.testrunner.execution.JUnitTestExecutor.execute(JUnitTestExecutor.java:259)
	at edu.illinois.cs.testrunner.execution.JUnitTestExecutor.executeWithJUnit4Runner(JUnitTestExecutor.java:327)
	at edu.illinois.cs.testrunner.execution.JUnitTestExecutor.runOrder(JUnitTestExecutor.java:49)
	at edu.illinois.cs.testrunner.execution.Executor$.$anonfun$run$1(Executor.scala:30)
	at scala.runtime.java8.JFunction0$mcV$sp.apply(JFunction0$mcV$sp.java:12)
	at scala.util.Try$.apply(Try.scala:209)
	at edu.illinois.cs.testrunner.execution.Executor$.run(Executor.scala:28)
	at edu.illinois.cs.testrunner.execution.Executor$.main(Executor.scala:18)
	at edu.illinois.cs.testrunner.execution.Executor.main(Executor.scala)
24/04/26 01:48:19 DEBUG druid.DruidParser: Parsing SQL Insert into User(user_id,name,value) values(1,'binlijin',1.,'aa');
24/04/26 01:48:19 DEBUG druid.DruidDMLParser: INSERT SQL TableSource User
24/04/26 01:48:19 DEBUG druid.DruidDMLParser: From table User
24/04/26 01:48:19 DEBUG druid.DruidDMLParser:  SQLInsertItem user_id
24/04/26 01:48:19 DEBUG druid.DruidDMLParser:  SQLInsertItem name
24/04/26 01:48:19 DEBUG druid.DruidDMLParser:  SQLInsertItem value
24/04/26 01:48:19 DEBUG druid.DruidDMLParser: INSERT SQL Insert columns [user_id, name, value]
24/04/26 01:48:19 DEBUG druid.DruidDMLParser: INSERT SQL Insert Values List [ VALUES (1, 'binlijin', 1, 'aa')]
24/04/26 01:48:19 ERROR druid.DruidParserTestUtil: execute
java.io.IOException: Insert clause 3 columns  not match 4 values 
	at com.alibaba.wasp.plan.parser.druid.DruidDMLParser.buildFieldsPair(DruidDMLParser.java:334)
	at com.alibaba.wasp.plan.parser.druid.DruidDMLParser.genInsertAction(DruidDMLParser.java:180)
	at com.alibaba.wasp.plan.parser.druid.DruidDMLParser.getInsertPlan(DruidDMLParser.java:152)
	at com.alibaba.wasp.plan.parser.druid.DruidDMLParser.generatePlan(DruidDMLParser.java:105)
	at com.alibaba.wasp.plan.parser.druid.DruidParserTestUtil.execute(DruidParserTestUtil.java:104)
	at com.alibaba.wasp.plan.parser.druid.TestDruidDMLFailParser.getInsertFailedPlan(TestDruidDMLFailParser.java:97)
	at sun.reflect.NativeMethodAccessorImpl.invoke0(Native Method)
	at sun.reflect.NativeMethodAccessorImpl.invoke(NativeMethodAccessorImpl.java:62)
	at sun.reflect.DelegatingMethodAccessorImpl.invoke(DelegatingMethodAccessorImpl.java:43)
	at java.lang.reflect.Method.invoke(Method.java:498)
	at org.junit.runners.model.FrameworkMethod$1.runReflectiveCall(FrameworkMethod.java:45)
	at org.junit.internal.runners.model.ReflectiveCallable.run(ReflectiveCallable.java:15)
	at org.junit.runners.model.FrameworkMethod.invokeExplosively(FrameworkMethod.java:42)
	at org.junit.internal.runners.statements.InvokeMethod.evaluate(InvokeMethod.java:20)
	at org.junit.internal.runners.statements.RunBefores.evaluate(RunBefores.java:28)
	at org.junit.internal.runners.statements.RunAfters.evaluate(RunAfters.java:30)
	at org.junit.runners.ParentRunner.runLeaf(ParentRunner.java:263)
	at org.junit.runners.BlockJUnit4ClassRunner.runChild(BlockJUnit4ClassRunner.java:68)
	at org.junit.runners.BlockJUnit4ClassRunner.runChild(BlockJUnit4ClassRunner.java:47)
	at org.junit.runners.ParentRunner$3.run(ParentRunner.java:231)
	at org.junit.runners.ParentRunner$1.schedule(ParentRunner.java:60)
	at org.junit.runners.ParentRunner.runChildren(ParentRunner.java:229)
	at org.junit.runners.ParentRunner.access$000(ParentRunner.java:50)
	at org.junit.runners.ParentRunner$2.evaluate(ParentRunner.java:222)
	at org.junit.internal.runners.statements.RunBefores.evaluate(RunBefores.java:28)
	at org.junit.internal.runners.statements.RunAfters.evaluate(RunAfters.java:30)
	at org.junit.runners.ParentRunner.run(ParentRunner.java:300)
	at org.junit.runners.Suite.runChild(Suite.java:128)
	at org.junit.runners.Suite.runChild(Suite.java:24)
	at org.junit.runners.ParentRunner$3.run(ParentRunner.java:231)
	at org.junit.runners.ParentRunner$1.schedule(ParentRunner.java:60)
	at org.junit.runners.ParentRunner.runChildren(ParentRunner.java:229)
	at org.junit.runners.ParentRunner.access$000(ParentRunner.java:50)
	at org.junit.runners.ParentRunner$2.evaluate(ParentRunner.java:222)
	at org.junit.runners.ParentRunner.run(ParentRunner.java:300)
	at org.junit.runner.JUnitCore.run(JUnitCore.java:157)
	at org.junit.runner.JUnitCore.run(JUnitCore.java:136)
	at edu.illinois.cs.testrunner.execution.JUnitTestExecutor.execute(JUnitTestExecutor.java:259)
	at edu.illinois.cs.testrunner.execution.JUnitTestExecutor.executeWithJUnit4Runner(JUnitTestExecutor.java:327)
	at edu.illinois.cs.testrunner.execution.JUnitTestExecutor.runOrder(JUnitTestExecutor.java:49)
	at edu.illinois.cs.testrunner.execution.Executor$.$anonfun$run$1(Executor.scala:30)
	at scala.runtime.java8.JFunction0$mcV$sp.apply(JFunction0$mcV$sp.java:12)
	at scala.util.Try$.apply(Try.scala:209)
	at edu.illinois.cs.testrunner.execution.Executor$.run(Executor.scala:28)
	at edu.illinois.cs.testrunner.execution.Executor$.main(Executor.scala:18)
	at edu.illinois.cs.testrunner.execution.Executor.main(Executor.scala)
24/04/26 01:48:19 DEBUG druid.DruidParser: Parsing SQL Insert into User(user_id,name,value) values(1,'binlijin');
24/04/26 01:48:19 DEBUG druid.DruidDMLParser: INSERT SQL TableSource User
24/04/26 01:48:19 DEBUG druid.DruidDMLParser: From table User
24/04/26 01:48:19 DEBUG druid.DruidDMLParser:  SQLInsertItem user_id
24/04/26 01:48:19 DEBUG druid.DruidDMLParser:  SQLInsertItem name
24/04/26 01:48:19 DEBUG druid.DruidDMLParser:  SQLInsertItem value
24/04/26 01:48:19 DEBUG druid.DruidDMLParser: INSERT SQL Insert columns [user_id, name, value]
24/04/26 01:48:19 DEBUG druid.DruidDMLParser: INSERT SQL Insert Values List [ VALUES (1, 'binlijin')]
24/04/26 01:48:19 ERROR druid.DruidParserTestUtil: execute
java.io.IOException: Insert clause 3 columns  not match 2 values 
	at com.alibaba.wasp.plan.parser.druid.DruidDMLParser.buildFieldsPair(DruidDMLParser.java:334)
	at com.alibaba.wasp.plan.parser.druid.DruidDMLParser.genInsertAction(DruidDMLParser.java:180)
	at com.alibaba.wasp.plan.parser.druid.DruidDMLParser.getInsertPlan(DruidDMLParser.java:152)
	at com.alibaba.wasp.plan.parser.druid.DruidDMLParser.generatePlan(DruidDMLParser.java:105)
	at com.alibaba.wasp.plan.parser.druid.DruidParserTestUtil.execute(DruidParserTestUtil.java:104)
	at com.alibaba.wasp.plan.parser.druid.TestDruidDMLFailParser.getInsertFailedPlan(TestDruidDMLFailParser.java:97)
	at sun.reflect.NativeMethodAccessorImpl.invoke0(Native Method)
	at sun.reflect.NativeMethodAccessorImpl.invoke(NativeMethodAccessorImpl.java:62)
	at sun.reflect.DelegatingMethodAccessorImpl.invoke(DelegatingMethodAccessorImpl.java:43)
	at java.lang.reflect.Method.invoke(Method.java:498)
	at org.junit.runners.model.FrameworkMethod$1.runReflectiveCall(FrameworkMethod.java:45)
	at org.junit.internal.runners.model.ReflectiveCallable.run(ReflectiveCallable.java:15)
	at org.junit.runners.model.FrameworkMethod.invokeExplosively(FrameworkMethod.java:42)
	at org.junit.internal.runners.statements.InvokeMethod.evaluate(InvokeMethod.java:20)
	at org.junit.internal.runners.statements.RunBefores.evaluate(RunBefores.java:28)
	at org.junit.internal.runners.statements.RunAfters.evaluate(RunAfters.java:30)
	at org.junit.runners.ParentRunner.runLeaf(ParentRunner.java:263)
	at org.junit.runners.BlockJUnit4ClassRunner.runChild(BlockJUnit4ClassRunner.java:68)
	at org.junit.runners.BlockJUnit4ClassRunner.runChild(BlockJUnit4ClassRunner.java:47)
	at org.junit.runners.ParentRunner$3.run(ParentRunner.java:231)
	at org.junit.runners.ParentRunner$1.schedule(ParentRunner.java:60)
	at org.junit.runners.ParentRunner.runChildren(ParentRunner.java:229)
	at org.junit.runners.ParentRunner.access$000(ParentRunner.java:50)
	at org.junit.runners.ParentRunner$2.evaluate(ParentRunner.java:222)
	at org.junit.internal.runners.statements.RunBefores.evaluate(RunBefores.java:28)
	at org.junit.internal.runners.statements.RunAfters.evaluate(RunAfters.java:30)
	at org.junit.runners.ParentRunner.run(ParentRunner.java:300)
	at org.junit.runners.Suite.runChild(Suite.java:128)
	at org.junit.runners.Suite.runChild(Suite.java:24)
	at org.junit.runners.ParentRunner$3.run(ParentRunner.java:231)
	at org.junit.runners.ParentRunner$1.schedule(ParentRunner.java:60)
	at org.junit.runners.ParentRunner.runChildren(ParentRunner.java:229)
	at org.junit.runners.ParentRunner.access$000(ParentRunner.java:50)
	at org.junit.runners.ParentRunner$2.evaluate(ParentRunner.java:222)
	at org.junit.runners.ParentRunner.run(ParentRunner.java:300)
	at org.junit.runner.JUnitCore.run(JUnitCore.java:157)
	at org.junit.runner.JUnitCore.run(JUnitCore.java:136)
	at edu.illinois.cs.testrunner.execution.JUnitTestExecutor.execute(JUnitTestExecutor.java:259)
	at edu.illinois.cs.testrunner.execution.JUnitTestExecutor.executeWithJUnit4Runner(JUnitTestExecutor.java:327)
	at edu.illinois.cs.testrunner.execution.JUnitTestExecutor.runOrder(JUnitTestExecutor.java:49)
	at edu.illinois.cs.testrunner.execution.Executor$.$anonfun$run$1(Executor.scala:30)
	at scala.runtime.java8.JFunction0$mcV$sp.apply(JFunction0$mcV$sp.java:12)
	at scala.util.Try$.apply(Try.scala:209)
	at edu.illinois.cs.testrunner.execution.Executor$.run(Executor.scala:28)
	at edu.illinois.cs.testrunner.execution.Executor$.main(Executor.scala:18)
	at edu.illinois.cs.testrunner.execution.Executor.main(Executor.scala)
24/04/26 01:48:19 DEBUG fserver.MetricsEntityGroupSourceImpl: Creating new MetricsEntityGroupSourceImpl for table null TEST
24/04/26 01:48:19 DEBUG fserver.MetricsEntityGroupSourceImpl: Creating new MetricsEntityGroupSourceImpl for table null TEST
24/04/26 01:48:19 DEBUG fserver.MetricsEntityGroupSourceImpl: Creating new MetricsEntityGroupSourceImpl for table null TWO
Starting DataNode 0 with dfs.data.dir: /home/alex/Repositories/wasp/target/test-data/4c4b36a9-6e81-4e6d-84bd-1f409677a431/dfscluster_b0b8e78e-d2ca-436b-b950-8f323af7707b/dfs/data/data1,/home/alex/Repositories/wasp/target/test-data/4c4b36a9-6e81-4e6d-84bd-1f409677a431/dfscluster_b0b8e78e-d2ca-436b-b950-8f323af7707b/dfs/data/data2
24/04/26 01:48:19 ERROR datanode.DataNode: All directories in dfs.data.dir are invalid.
java.lang.NullPointerException
	at org.apache.hadoop.hdfs.MiniDFSCluster.startDataNodes(MiniDFSCluster.java:422)
	at org.apache.hadoop.hdfs.MiniDFSCluster.<init>(MiniDFSCluster.java:280)
	at org.apache.hadoop.hbase.HBaseTestingUtility.startMiniDFSCluster(HBaseTestingUtility.java:451)
	at org.apache.hadoop.hbase.HBaseTestingUtility.startMiniCluster(HBaseTestingUtility.java:619)
	at org.apache.hadoop.hbase.HBaseTestingUtility.startMiniCluster(HBaseTestingUtility.java:575)
	at org.apache.hadoop.hbase.HBaseTestingUtility.startMiniCluster(HBaseTestingUtility.java:562)
	at com.alibaba.wasp.meta.TestFMetaStore.setUpBeforeClass(TestFMetaStore.java:73)
	at sun.reflect.NativeMethodAccessorImpl.invoke0(Native Method)
	at sun.reflect.NativeMethodAccessorImpl.invoke(NativeMethodAccessorImpl.java:62)
	at sun.reflect.DelegatingMethodAccessorImpl.invoke(DelegatingMethodAccessorImpl.java:43)
	at java.lang.reflect.Method.invoke(Method.java:498)
	at org.junit.runners.model.FrameworkMethod$1.runReflectiveCall(FrameworkMethod.java:45)
	at org.junit.internal.runners.model.ReflectiveCallable.run(ReflectiveCallable.java:15)
	at org.junit.runners.model.FrameworkMethod.invokeExplosively(FrameworkMethod.java:42)
	at org.junit.internal.runners.statements.RunBefores.evaluate(RunBefores.java:27)
	at org.junit.internal.runners.statements.RunAfters.evaluate(RunAfters.java:30)
	at org.junit.runners.ParentRunner.run(ParentRunner.java:300)
	at org.junit.runners.Suite.runChild(Suite.java:128)
	at org.junit.runners.Suite.runChild(Suite.java:24)
	at org.junit.runners.ParentRunner$3.run(ParentRunner.java:231)
	at org.junit.runners.ParentRunner$1.schedule(ParentRunner.java:60)
	at org.junit.runners.ParentRunner.runChildren(ParentRunner.java:229)
	at org.junit.runners.ParentRunner.access$000(ParentRunner.java:50)
	at org.junit.runners.ParentRunner$2.evaluate(ParentRunner.java:222)
	at org.junit.runners.ParentRunner.run(ParentRunner.java:300)
	at org.junit.runner.JUnitCore.run(JUnitCore.java:157)
	at org.junit.runner.JUnitCore.run(JUnitCore.java:136)
	at edu.illinois.cs.testrunner.execution.JUnitTestExecutor.execute(JUnitTestExecutor.java:259)
	at edu.illinois.cs.testrunner.execution.JUnitTestExecutor.executeWithJUnit4Runner(JUnitTestExecutor.java:327)
	at edu.illinois.cs.testrunner.execution.JUnitTestExecutor.runOrder(JUnitTestExecutor.java:49)
	at edu.illinois.cs.testrunner.execution.Executor$.$anonfun$run$1(Executor.scala:30)
	at scala.runtime.java8.JFunction0$mcV$sp.apply(JFunction0$mcV$sp.java:12)
	at scala.util.Try$.apply(Try.scala:209)
	at edu.illinois.cs.testrunner.execution.Executor$.run(Executor.scala:28)
	at edu.illinois.cs.testrunner.execution.Executor$.main(Executor.scala:18)
	at edu.illinois.cs.testrunner.execution.Executor.main(Executor.scala)
24/04/26 01:48:19 INFO balancer.TestDefaultLoadBalancer: Mock Cluster : { srv94043:0 } [srvr=1 rgns=0 avg=0.0 max=0 min=0]
24/04/26 01:48:19 INFO balancer.DefaultLoadBalancer: Skipping load balancing because balanced cluster; servers=1 entityGroups=0 average=0.0 mostloaded=0 leastloaded=0
24/04/26 01:48:19 INFO balancer.TestDefaultLoadBalancer: Mock Balance : {  }
24/04/26 01:48:19 INFO balancer.TestDefaultLoadBalancer: Mock Cluster : { srv94043:1 } [srvr=1 rgns=1 avg=1.0 max=1 min=1]
24/04/26 01:48:19 INFO balancer.DefaultLoadBalancer: Skipping load balancing because balanced cluster; servers=1 entityGroups=1 average=1.0 mostloaded=1 leastloaded=1
24/04/26 01:48:19 INFO balancer.TestDefaultLoadBalancer: Mock Balance : {  }
24/04/26 01:48:19 INFO balancer.TestDefaultLoadBalancer: Mock Cluster : { srv94043:10 } [srvr=1 rgns=10 avg=10.0 max=10 min=10]
24/04/26 01:48:19 INFO balancer.DefaultLoadBalancer: Skipping load balancing because balanced cluster; servers=1 entityGroups=10 average=10.0 mostloaded=10 leastloaded=10
24/04/26 01:48:19 INFO balancer.TestDefaultLoadBalancer: Mock Balance : {  }
24/04/26 01:48:19 INFO balancer.TestDefaultLoadBalancer: Mock Cluster : { srv26920:0 , srv94043:0 } [srvr=2 rgns=0 avg=0.0 max=0 min=0]
24/04/26 01:48:19 INFO balancer.DefaultLoadBalancer: Skipping load balancing because balanced cluster; servers=2 entityGroups=0 average=0.0 mostloaded=0 leastloaded=0
24/04/26 01:48:19 INFO balancer.TestDefaultLoadBalancer: Mock Balance : {  }
24/04/26 01:48:19 INFO balancer.TestDefaultLoadBalancer: Mock Cluster : { srv94043:0 , srv26920:2 } [srvr=2 rgns=2 avg=1.0 max=1 min=1]
24/04/26 01:48:19 DEBUG balancer.DefaultLoadBalancer: Balance parameter: numEntityGroups=2, numServers=2, max=1, min=1
24/04/26 01:48:19 INFO balancer.DefaultLoadBalancer: Calculated a load balance in 5ms. Moving 1 entityGroups off of 1 overloaded servers onto 1 less loaded servers
24/04/26 01:48:19 INFO balancer.TestDefaultLoadBalancer: Mock Balance : { srv26920:1 , srv94043:1 }
24/04/26 01:48:19 INFO balancer.TestDefaultLoadBalancer: Mock Cluster : { srv94043:1 , srv26920:2 } [srvr=2 rgns=3 avg=1.5 max=2 min=1]
24/04/26 01:48:19 INFO balancer.DefaultLoadBalancer: Skipping load balancing because balanced cluster; servers=2 entityGroups=3 average=1.5 mostloaded=2 leastloaded=1
24/04/26 01:48:19 INFO balancer.TestDefaultLoadBalancer: Mock Balance : {  }
24/04/26 01:48:19 INFO balancer.TestDefaultLoadBalancer: Mock Cluster : { srv26920:2 , srv94043:2 } [srvr=2 rgns=4 avg=2.0 max=2 min=2]
24/04/26 01:48:19 INFO balancer.DefaultLoadBalancer: Skipping load balancing because balanced cluster; servers=2 entityGroups=4 average=2.0 mostloaded=2 leastloaded=2
24/04/26 01:48:19 INFO balancer.TestDefaultLoadBalancer: Mock Balance : {  }
24/04/26 01:48:19 INFO balancer.TestDefaultLoadBalancer: Mock Cluster : { srv26920:2 , srv94043:3 } [srvr=2 rgns=5 avg=2.5 max=3 min=2]
24/04/26 01:48:19 INFO balancer.DefaultLoadBalancer: Skipping load balancing because balanced cluster; servers=2 entityGroups=5 average=2.5 mostloaded=3 leastloaded=2
24/04/26 01:48:19 INFO balancer.TestDefaultLoadBalancer: Mock Balance : {  }
24/04/26 01:48:19 INFO balancer.TestDefaultLoadBalancer: Mock Cluster : { srv26920:2 , srv94043:4 } [srvr=2 rgns=6 avg=3.0 max=3 min=3]
24/04/26 01:48:19 DEBUG balancer.DefaultLoadBalancer: Balance parameter: numEntityGroups=6, numServers=2, max=3, min=3
24/04/26 01:48:19 INFO balancer.DefaultLoadBalancer: Calculated a load balance in 0ms. Moving 1 entityGroups off of 1 overloaded servers onto 1 less loaded servers
24/04/26 01:48:19 INFO balancer.TestDefaultLoadBalancer: Mock Balance : { srv26920:3 , srv94043:3 }
24/04/26 01:48:19 INFO balancer.TestDefaultLoadBalancer: Mock Cluster : { srv26920:1 , srv94043:1 } [srvr=2 rgns=2 avg=1.0 max=1 min=1]
24/04/26 01:48:19 INFO balancer.DefaultLoadBalancer: Skipping load balancing because balanced cluster; servers=2 entityGroups=2 average=1.0 mostloaded=1 leastloaded=1
24/04/26 01:48:19 INFO balancer.TestDefaultLoadBalancer: Mock Balance : {  }
24/04/26 01:48:19 INFO balancer.TestDefaultLoadBalancer: Mock Cluster : { srv26920:0 , srv94043:1 } [srvr=2 rgns=1 avg=0.5 max=1 min=0]
24/04/26 01:48:19 INFO balancer.DefaultLoadBalancer: Skipping load balancing because balanced cluster; servers=2 entityGroups=1 average=0.5 mostloaded=1 leastloaded=0
24/04/26 01:48:19 INFO balancer.TestDefaultLoadBalancer: Mock Balance : {  }
24/04/26 01:48:19 INFO balancer.TestDefaultLoadBalancer: Mock Cluster : { srv94043:1 , srv26920:10 } [srvr=2 rgns=11 avg=5.5 max=6 min=5]
24/04/26 01:48:19 DEBUG balancer.DefaultLoadBalancer: Balance parameter: numEntityGroups=11, numServers=2, max=6, min=5
24/04/26 01:48:19 INFO balancer.DefaultLoadBalancer: Calculated a load balance in 0ms. Moving 4 entityGroups off of 1 overloaded servers onto 1 less loaded servers
24/04/26 01:48:19 INFO balancer.TestDefaultLoadBalancer: Mock Balance : { srv94043:5 , srv26920:6 }
24/04/26 01:48:19 INFO balancer.TestDefaultLoadBalancer: Mock Cluster : { srv26920:14 , srv94043:1432 } [srvr=2 rgns=1446 avg=723.0 max=723 min=723]
24/04/26 01:48:19 DEBUG balancer.DefaultLoadBalancer: Balance parameter: numEntityGroups=1446, numServers=2, max=723, min=723
24/04/26 01:48:19 INFO balancer.DefaultLoadBalancer: Calculated a load balance in 6ms. Moving 709 entityGroups off of 1 overloaded servers onto 1 less loaded servers
24/04/26 01:48:19 INFO balancer.TestDefaultLoadBalancer: Mock Balance : { srv26920:723 , srv94043:723 }
24/04/26 01:48:19 INFO balancer.TestDefaultLoadBalancer: Mock Cluster : { srv26920:47 , srv94043:53 } [srvr=2 rgns=100 avg=50.0 max=50 min=50]
24/04/26 01:48:19 DEBUG balancer.DefaultLoadBalancer: Balance parameter: numEntityGroups=100, numServers=2, max=50, min=50
24/04/26 01:48:19 INFO balancer.DefaultLoadBalancer: Calculated a load balance in 0ms. Moving 3 entityGroups off of 1 overloaded servers onto 1 less loaded servers
24/04/26 01:48:19 INFO balancer.TestDefaultLoadBalancer: Mock Balance : { srv26920:50 , srv94043:50 }
24/04/26 01:48:19 INFO balancer.TestDefaultLoadBalancer: Mock Cluster : { srv26920:0 , srv94043:1 , srv3816:2 } [srvr=3 rgns=3 avg=1.0 max=1 min=1]
24/04/26 01:48:19 DEBUG balancer.DefaultLoadBalancer: Balance parameter: numEntityGroups=3, numServers=3, max=1, min=1
24/04/26 01:48:19 INFO balancer.DefaultLoadBalancer: Calculated a load balance in 0ms. Moving 1 entityGroups off of 1 overloaded servers onto 1 less loaded servers
24/04/26 01:48:19 INFO balancer.TestDefaultLoadBalancer: Mock Balance : { srv26920:1 , srv3816:1 , srv94043:1 }
24/04/26 01:48:19 INFO balancer.TestDefaultLoadBalancer: Mock Cluster : { srv26920:1 , srv3816:2 , srv94043:3 } [srvr=3 rgns=6 avg=2.0 max=2 min=2]
24/04/26 01:48:19 DEBUG balancer.DefaultLoadBalancer: Balance parameter: numEntityGroups=6, numServers=3, max=2, min=2
24/04/26 01:48:19 INFO balancer.DefaultLoadBalancer: Calculated a load balance in 0ms. Moving 1 entityGroups off of 1 overloaded servers onto 1 less loaded servers
24/04/26 01:48:19 INFO balancer.TestDefaultLoadBalancer: Mock Balance : { srv26920:2 , srv3816:2 , srv94043:2 }
24/04/26 01:48:19 INFO balancer.TestDefaultLoadBalancer: Mock Cluster : { srv26920:0 , srv3816:2 , srv94043:2 } [srvr=3 rgns=4 avg=1.3333334 max=2 min=1]
24/04/26 01:48:19 DEBUG balancer.DefaultLoadBalancer: Balance parameter: numEntityGroups=4, numServers=3, max=2, min=1
24/04/26 01:48:19 INFO balancer.DefaultLoadBalancer: Done. Calculated a load balance in 0ms. Moving 1 entityGroups off of 0 overloaded servers onto 1 less loaded servers
24/04/26 01:48:19 INFO balancer.TestDefaultLoadBalancer: Mock Balance : { srv26920:1 , srv94043:1 , srv3816:2 }
24/04/26 01:48:19 INFO balancer.TestDefaultLoadBalancer: Mock Cluster : { srv26920:0 , srv94043:0 , srv3816:3 } [srvr=3 rgns=3 avg=1.0 max=1 min=1]
24/04/26 01:48:19 DEBUG balancer.DefaultLoadBalancer: Balance parameter: numEntityGroups=3, numServers=3, max=1, min=1
24/04/26 01:48:19 INFO balancer.DefaultLoadBalancer: Calculated a load balance in 0ms. Moving 2 entityGroups off of 1 overloaded servers onto 2 less loaded servers
24/04/26 01:48:19 INFO balancer.TestDefaultLoadBalancer: Mock Balance : { srv26920:1 , srv3816:1 , srv94043:1 }
24/04/26 01:48:19 INFO balancer.TestDefaultLoadBalancer: Mock Cluster : { srv26920:0 , srv94043:0 , srv3816:4 } [srvr=3 rgns=4 avg=1.3333334 max=2 min=1]
24/04/26 01:48:19 DEBUG balancer.DefaultLoadBalancer: Balance parameter: numEntityGroups=4, numServers=3, max=2, min=1
24/04/26 01:48:19 INFO balancer.DefaultLoadBalancer: Calculated a load balance in 0ms. Moving 2 entityGroups off of 1 overloaded servers onto 2 less loaded servers
24/04/26 01:48:19 INFO balancer.TestDefaultLoadBalancer: Mock Balance : { srv26920:1 , srv94043:1 , srv3816:2 }
24/04/26 01:48:19 INFO balancer.TestDefaultLoadBalancer: Mock Cluster : { srv94043:0 , srv26920:20 , srv3816:20 } [srvr=3 rgns=40 avg=13.333333 max=14 min=13]
24/04/26 01:48:19 DEBUG balancer.DefaultLoadBalancer: Balance parameter: numEntityGroups=40, numServers=3, max=14, min=13
24/04/26 01:48:19 INFO balancer.DefaultLoadBalancer: Done. Calculated a load balance in 1ms. Moving 13 entityGroups off of 2 overloaded servers onto 1 less loaded servers
24/04/26 01:48:19 INFO balancer.TestDefaultLoadBalancer: Mock Balance : { srv3816:13 , srv94043:13 , srv26920:14 }
24/04/26 01:48:19 INFO balancer.TestDefaultLoadBalancer: Mock Cluster : { srv26920:0 , srv3816:1 , srv94043:2 , srv50910:3 } [srvr=4 rgns=6 avg=1.5 max=2 min=1]
24/04/26 01:48:19 DEBUG balancer.DefaultLoadBalancer: Balance parameter: numEntityGroups=6, numServers=4, max=2, min=1
24/04/26 01:48:19 INFO balancer.DefaultLoadBalancer: Calculated a load balance in 0ms. Moving 1 entityGroups off of 1 overloaded servers onto 1 less loaded servers
24/04/26 01:48:19 INFO balancer.TestDefaultLoadBalancer: Mock Balance : { srv26920:1 , srv3816:1 , srv50910:2 , srv94043:2 }
24/04/26 01:48:19 INFO balancer.TestDefaultLoadBalancer: Mock Cluster : { srv3816:0 , srv50910:0 , srv94043:0 , srv26920:4 } [srvr=4 rgns=4 avg=1.0 max=1 min=1]
24/04/26 01:48:19 DEBUG balancer.DefaultLoadBalancer: Balance parameter: numEntityGroups=4, numServers=4, max=1, min=1
24/04/26 01:48:19 INFO balancer.DefaultLoadBalancer: Calculated a load balance in 0ms. Moving 3 entityGroups off of 1 overloaded servers onto 3 less loaded servers
24/04/26 01:48:19 INFO balancer.TestDefaultLoadBalancer: Mock Balance : { srv26920:1 , srv3816:1 , srv50910:1 , srv94043:1 }
24/04/26 01:48:19 INFO balancer.TestDefaultLoadBalancer: Mock Cluster : { srv3816:0 , srv50910:0 , srv94043:0 , srv26920:5 } [srvr=4 rgns=5 avg=1.25 max=2 min=1]
24/04/26 01:48:19 DEBUG balancer.DefaultLoadBalancer: Balance parameter: numEntityGroups=5, numServers=4, max=2, min=1
24/04/26 01:48:19 INFO balancer.DefaultLoadBalancer: Calculated a load balance in 0ms. Moving 3 entityGroups off of 1 overloaded servers onto 3 less loaded servers
24/04/26 01:48:19 INFO balancer.TestDefaultLoadBalancer: Mock Balance : { srv3816:1 , srv50910:1 , srv94043:1 , srv26920:2 }
24/04/26 01:48:19 INFO balancer.TestDefaultLoadBalancer: Mock Cluster : { srv50910:0 , srv94043:0 , srv26920:6 , srv3816:6 } [srvr=4 rgns=12 avg=3.0 max=3 min=3]
24/04/26 01:48:19 DEBUG balancer.DefaultLoadBalancer: Balance parameter: numEntityGroups=12, numServers=4, max=3, min=3
24/04/26 01:48:19 INFO balancer.DefaultLoadBalancer: Calculated a load balance in 0ms. Moving 6 entityGroups off of 2 overloaded servers onto 2 less loaded servers
24/04/26 01:48:19 INFO balancer.TestDefaultLoadBalancer: Mock Balance : { srv26920:3 , srv3816:3 , srv50910:3 , srv94043:3 }
24/04/26 01:48:19 INFO balancer.TestDefaultLoadBalancer: Mock Cluster : { srv50910:0 , srv94043:0 , srv3816:2 , srv26920:6 } [srvr=4 rgns=8 avg=2.0 max=2 min=2]
24/04/26 01:48:19 DEBUG balancer.DefaultLoadBalancer: Balance parameter: numEntityGroups=8, numServers=4, max=2, min=2
24/04/26 01:48:19 INFO balancer.DefaultLoadBalancer: Calculated a load balance in 0ms. Moving 4 entityGroups off of 1 overloaded servers onto 2 less loaded servers
24/04/26 01:48:19 INFO balancer.TestDefaultLoadBalancer: Mock Balance : { srv26920:2 , srv3816:2 , srv50910:2 , srv94043:2 }
24/04/26 01:48:19 INFO balancer.TestDefaultLoadBalancer: Mock Cluster : { srv50910:0 , srv94043:0 , srv3816:1 , srv26920:6 } [srvr=4 rgns=7 avg=1.75 max=2 min=1]
24/04/26 01:48:19 DEBUG balancer.DefaultLoadBalancer: Balance parameter: numEntityGroups=7, numServers=4, max=2, min=1
24/04/26 01:48:19 INFO balancer.DefaultLoadBalancer: Done. Calculated a load balance in 0ms. Moving 4 entityGroups off of 1 overloaded servers onto 2 less loaded servers
24/04/26 01:48:19 INFO balancer.TestDefaultLoadBalancer: Mock Balance : { srv3816:1 , srv26920:2 , srv50910:2 , srv94043:2 }
24/04/26 01:48:19 INFO balancer.TestDefaultLoadBalancer: Mock Cluster : { srv3816:0 , srv50910:0 , srv94043:0 , srv26920:6 } [srvr=4 rgns=6 avg=1.5 max=2 min=1]
24/04/26 01:48:19 DEBUG balancer.DefaultLoadBalancer: Balance parameter: numEntityGroups=6, numServers=4, max=2, min=1
24/04/26 01:48:19 INFO balancer.DefaultLoadBalancer: Done. Calculated a load balance in 0ms. Moving 4 entityGroups off of 1 overloaded servers onto 3 less loaded servers
24/04/26 01:48:19 INFO balancer.TestDefaultLoadBalancer: Mock Balance : { srv50910:1 , srv94043:1 , srv26920:2 , srv3816:2 }
24/04/26 01:48:19 INFO balancer.TestDefaultLoadBalancer: Mock Cluster : { srv26920:4 , srv3816:4 , srv50910:4 , srv94043:7 } [srvr=4 rgns=19 avg=4.75 max=5 min=4]
24/04/26 01:48:19 DEBUG balancer.DefaultLoadBalancer: Balance parameter: numEntityGroups=19, numServers=4, max=5, min=4
24/04/26 01:48:19 INFO balancer.DefaultLoadBalancer: Done. Calculated a load balance in 0ms. Moving 2 entityGroups off of 1 overloaded servers onto 0 less loaded servers
24/04/26 01:48:19 INFO balancer.TestDefaultLoadBalancer: Mock Balance : { srv50910:4 , srv26920:5 , srv3816:5 , srv94043:5 }
24/04/26 01:48:19 INFO balancer.TestDefaultLoadBalancer: Mock Cluster : { srv26920:4 , srv3816:4 , srv50910:4 , srv94043:8 } [srvr=4 rgns=20 avg=5.0 max=5 min=5]
24/04/26 01:48:19 DEBUG balancer.DefaultLoadBalancer: Balance parameter: numEntityGroups=20, numServers=4, max=5, min=5
24/04/26 01:48:19 INFO balancer.DefaultLoadBalancer: Calculated a load balance in 0ms. Moving 3 entityGroups off of 1 overloaded servers onto 3 less loaded servers
24/04/26 01:48:19 INFO balancer.TestDefaultLoadBalancer: Mock Balance : { srv26920:5 , srv3816:5 , srv50910:5 , srv94043:5 }
24/04/26 01:48:19 INFO balancer.TestDefaultLoadBalancer: Mock Cluster : { srv26920:0 , srv3816:0 , srv50910:0 , srv94043:7 } [srvr=4 rgns=7 avg=1.75 max=2 min=1]
24/04/26 01:48:19 DEBUG balancer.DefaultLoadBalancer: Balance parameter: numEntityGroups=7, numServers=4, max=2, min=1
24/04/26 01:48:19 INFO balancer.DefaultLoadBalancer: Done. Calculated a load balance in 0ms. Moving 5 entityGroups off of 1 overloaded servers onto 3 less loaded servers
24/04/26 01:48:19 INFO balancer.TestDefaultLoadBalancer: Mock Balance : { srv50910:1 , srv26920:2 , srv3816:2 , srv94043:2 }
24/04/26 01:48:19 INFO balancer.TestDefaultLoadBalancer: Mock Cluster : { srv26920:1 , srv3816:1 , srv50910:1 , srv94043:1 , srv6633:4 } [srvr=5 rgns=8 avg=1.6 max=2 min=1]
24/04/26 01:48:19 DEBUG balancer.DefaultLoadBalancer: Balance parameter: numEntityGroups=8, numServers=5, max=2, min=1
24/04/26 01:48:19 INFO balancer.DefaultLoadBalancer: Done. Calculated a load balance in 0ms. Moving 2 entityGroups off of 1 overloaded servers onto 0 less loaded servers
24/04/26 01:48:19 INFO balancer.TestDefaultLoadBalancer: Mock Balance : { srv50910:1 , srv94043:1 , srv26920:2 , srv3816:2 , srv6633:2 }
24/04/26 01:48:19 INFO balancer.TestDefaultLoadBalancer: Mock Cluster : { srv26920:1 , srv3816:2 , srv50910:3 , srv6633:4 , srv94043:5 , srv97836:6 , srv55230:7 , srv9536:8 , srv95653:9 , srv76316:10 , srv54281:11 , srv13733:12 , srv63613:13 , srv58059:14 , srv26395:15 } [srvr=15 rgns=120 avg=8.0 max=8 min=8]
24/04/26 01:48:19 DEBUG balancer.DefaultLoadBalancer: Balance parameter: numEntityGroups=120, numServers=15, max=8, min=8
24/04/26 01:48:19 INFO balancer.DefaultLoadBalancer: Calculated a load balance in 0ms. Moving 28 entityGroups off of 7 overloaded servers onto 7 less loaded servers
24/04/26 01:48:19 INFO balancer.TestDefaultLoadBalancer: Mock Balance : { srv13733:8 , srv26395:8 , srv26920:8 , srv3816:8 , srv50910:8 , srv54281:8 , srv55230:8 , srv58059:8 , srv63613:8 , srv6633:8 , srv76316:8 , srv94043:8 , srv9536:8 , srv95653:8 , srv97836:8 }
24/04/26 01:48:19 INFO balancer.TestDefaultLoadBalancer: Mock Cluster : { srv13733:0 , srv26395:0 , srv26920:0 , srv3816:0 , srv50910:0 , srv54281:0 , srv55230:0 , srv58059:0 , srv63613:0 , srv6633:10 } [srvr=10 rgns=10 avg=1.0 max=1 min=1]
24/04/26 01:48:19 DEBUG balancer.DefaultLoadBalancer: Balance parameter: numEntityGroups=10, numServers=10, max=1, min=1
24/04/26 01:48:19 INFO balancer.DefaultLoadBalancer: Calculated a load balance in 0ms. Moving 9 entityGroups off of 1 overloaded servers onto 9 less loaded servers
24/04/26 01:48:19 INFO balancer.TestDefaultLoadBalancer: Mock Balance : { srv13733:1 , srv26395:1 , srv26920:1 , srv3816:1 , srv50910:1 , srv54281:1 , srv55230:1 , srv58059:1 , srv63613:1 , srv6633:1 }
24/04/26 01:48:19 INFO balancer.TestDefaultLoadBalancer: Mock Cluster : { srv50910:1 , srv9536:5 , srv13733:6 , srv26395:6 , srv26920:6 , srv3816:6 , srv76316:6 , srv94043:6 , srv95653:6 , srv97836:6 } [srvr=10 rgns=54 avg=5.4 max=6 min=5]
24/04/26 01:48:19 DEBUG balancer.DefaultLoadBalancer: Balance parameter: numEntityGroups=54, numServers=10, max=6, min=5
24/04/26 01:48:19 INFO balancer.DefaultLoadBalancer: Done. Calculated a load balance in 0ms. Moving 4 entityGroups off of 0 overloaded servers onto 1 less loaded servers
24/04/26 01:48:19 INFO balancer.TestDefaultLoadBalancer: Mock Balance : { srv50910:5 , srv76316:5 , srv94043:5 , srv9536:5 , srv95653:5 , srv97836:5 , srv13733:6 , srv26395:6 , srv26920:6 , srv3816:6 }
24/04/26 01:48:19 INFO balancer.TestDefaultLoadBalancer: Mock Cluster : { srv13733:0 , srv26395:0 , srv26920:0 , srv3816:0 , srv54281:0 , srv55230:0 , srv58059:0 , srv63613:0 , srv6633:0 , srv50910:54 } [srvr=10 rgns=54 avg=5.4 max=6 min=5]
24/04/26 01:48:19 DEBUG balancer.DefaultLoadBalancer: Balance parameter: numEntityGroups=54, numServers=10, max=6, min=5
24/04/26 01:48:19 INFO balancer.DefaultLoadBalancer: Done. Calculated a load balance in 1ms. Moving 48 entityGroups off of 1 overloaded servers onto 9 less loaded servers
24/04/26 01:48:19 INFO balancer.TestDefaultLoadBalancer: Mock Balance : { srv3816:5 , srv54281:5 , srv55230:5 , srv58059:5 , srv63613:5 , srv6633:5 , srv13733:6 , srv26395:6 , srv26920:6 , srv50910:6 }
24/04/26 01:48:19 INFO balancer.TestDefaultLoadBalancer: Mock Cluster : { srv13733:0 , srv26395:0 , srv26920:0 , srv3816:0 , srv76316:0 , srv94043:0 , srv9536:0 , srv95653:0 , srv97836:0 , srv50910:55 } [srvr=10 rgns=55 avg=5.5 max=6 min=5]
24/04/26 01:48:19 DEBUG balancer.DefaultLoadBalancer: Balance parameter: numEntityGroups=55, numServers=10, max=6, min=5
24/04/26 01:48:19 INFO balancer.DefaultLoadBalancer: Done. Calculated a load balance in 0ms. Moving 49 entityGroups off of 1 overloaded servers onto 9 less loaded servers
24/04/26 01:48:19 INFO balancer.TestDefaultLoadBalancer: Mock Balance : { srv76316:5 , srv94043:5 , srv9536:5 , srv95653:5 , srv97836:5 , srv13733:6 , srv26395:6 , srv26920:6 , srv3816:6 , srv50910:6 }
24/04/26 01:48:19 INFO balancer.TestDefaultLoadBalancer: Mock Cluster : { srv13733:0 , srv26395:0 , srv26920:0 , srv3816:0 , srv54281:0 , srv55230:0 , srv58059:0 , srv63613:0 , srv6633:0 , srv50910:56 } [srvr=10 rgns=56 avg=5.6 max=6 min=5]
24/04/26 01:48:19 DEBUG balancer.DefaultLoadBalancer: Balance parameter: numEntityGroups=56, numServers=10, max=6, min=5
24/04/26 01:48:19 INFO balancer.DefaultLoadBalancer: Done. Calculated a load balance in 0ms. Moving 50 entityGroups off of 1 overloaded servers onto 9 less loaded servers
24/04/26 01:48:19 INFO balancer.TestDefaultLoadBalancer: Mock Balance : { srv55230:5 , srv58059:5 , srv63613:5 , srv6633:5 , srv13733:6 , srv26395:6 , srv26920:6 , srv3816:6 , srv50910:6 , srv54281:6 }
24/04/26 01:48:19 INFO balancer.TestDefaultLoadBalancer: Mock Cluster : { srv13733:0 , srv26395:0 , srv26920:0 , srv3816:0 , srv76316:0 , srv94043:0 , srv9536:0 , srv95653:0 , srv97836:0 , srv50910:16 } [srvr=10 rgns=16 avg=1.6 max=2 min=1]
24/04/26 01:48:19 DEBUG balancer.DefaultLoadBalancer: Balance parameter: numEntityGroups=16, numServers=10, max=2, min=1
24/04/26 01:48:19 INFO balancer.DefaultLoadBalancer: Done. Calculated a load balance in 0ms. Moving 14 entityGroups off of 1 overloaded servers onto 9 less loaded servers
24/04/26 01:48:19 INFO balancer.TestDefaultLoadBalancer: Mock Balance : { srv94043:1 , srv9536:1 , srv95653:1 , srv97836:1 , srv13733:2 , srv26395:2 , srv26920:2 , srv3816:2 , srv50910:2 , srv76316:2 }
24/04/26 01:48:19 INFO balancer.TestDefaultLoadBalancer: Mock Cluster : { srv13733:1 , srv26395:1 , srv26920:1 , srv3816:1 , srv54281:1 , srv55230:1 , srv58059:1 , srv63613:1 , srv6633:1 , srv50910:8 } [srvr=10 rgns=17 avg=1.7 max=2 min=1]
24/04/26 01:48:19 DEBUG balancer.DefaultLoadBalancer: Balance parameter: numEntityGroups=17, numServers=10, max=2, min=1
24/04/26 01:48:19 INFO balancer.DefaultLoadBalancer: Done. Calculated a load balance in 0ms. Moving 6 entityGroups off of 1 overloaded servers onto 0 less loaded servers
24/04/26 01:48:19 INFO balancer.TestDefaultLoadBalancer: Mock Balance : { srv58059:1 , srv63613:1 , srv6633:1 , srv13733:2 , srv26395:2 , srv26920:2 , srv3816:2 , srv50910:2 , srv54281:2 , srv55230:2 }
24/04/26 01:48:19 INFO balancer.TestDefaultLoadBalancer: Mock Cluster : { srv13733:1 , srv26395:1 , srv26920:1 , srv3816:1 , srv76316:1 , srv94043:1 , srv9536:1 , srv95653:1 , srv97836:1 , srv50910:9 } [srvr=10 rgns=18 avg=1.8 max=2 min=1]
24/04/26 01:48:19 DEBUG balancer.DefaultLoadBalancer: Balance parameter: numEntityGroups=18, numServers=10, max=2, min=1
24/04/26 01:48:19 INFO balancer.DefaultLoadBalancer: Done. Calculated a load balance in 0ms. Moving 7 entityGroups off of 1 overloaded servers onto 0 less loaded servers
24/04/26 01:48:19 INFO balancer.TestDefaultLoadBalancer: Mock Balance : { srv95653:1 , srv97836:1 , srv13733:2 , srv26395:2 , srv26920:2 , srv3816:2 , srv50910:2 , srv76316:2 , srv94043:2 , srv9536:2 }
24/04/26 01:48:19 INFO balancer.TestDefaultLoadBalancer: Mock Cluster : { srv13733:1 , srv26395:1 , srv26920:1 , srv3816:1 , srv54281:1 , srv55230:1 , srv58059:1 , srv63613:1 , srv6633:1 , srv50910:10 } [srvr=10 rgns=19 avg=1.9 max=2 min=1]
24/04/26 01:48:19 DEBUG balancer.DefaultLoadBalancer: Balance parameter: numEntityGroups=19, numServers=10, max=2, min=1
24/04/26 01:48:19 INFO balancer.DefaultLoadBalancer: Done. Calculated a load balance in 0ms. Moving 8 entityGroups off of 1 overloaded servers onto 0 less loaded servers
24/04/26 01:48:19 INFO balancer.TestDefaultLoadBalancer: Mock Balance : { srv6633:1 , srv13733:2 , srv26395:2 , srv26920:2 , srv3816:2 , srv50910:2 , srv54281:2 , srv55230:2 , srv58059:2 , srv63613:2 }
24/04/26 01:48:19 INFO balancer.TestDefaultLoadBalancer: Mock Cluster : { srv13733:1 , srv26395:1 , srv26920:1 , srv3816:1 , srv76316:1 , srv94043:1 , srv9536:1 , srv95653:1 , srv97836:1 , srv50910:123 } [srvr=10 rgns=132 avg=13.2 max=14 min=13]
24/04/26 01:48:19 DEBUG balancer.DefaultLoadBalancer: Balance parameter: numEntityGroups=132, numServers=10, max=14, min=13
24/04/26 01:48:19 INFO balancer.DefaultLoadBalancer: Done. Calculated a load balance in 1ms. Moving 109 entityGroups off of 1 overloaded servers onto 9 less loaded servers
24/04/26 01:48:19 INFO balancer.TestDefaultLoadBalancer: Mock Balance : { srv26395:13 , srv26920:13 , srv3816:13 , srv76316:13 , srv94043:13 , srv9536:13 , srv95653:13 , srv97836:13 , srv13733:14 , srv50910:14 }
24/04/26 01:48:19 INFO balancer.TestDefaultLoadBalancer: Mock Cluster : { srv13733:1 , srv26395:1 , srv26920:1 , srv3816:1 , srv54281:1 , srv55230:1 , srv58059:1 , srv63613:1 , srv6633:1 , srv50910:155 } [srvr=10 rgns=164 avg=16.4 max=17 min=16]
24/04/26 01:48:19 DEBUG balancer.DefaultLoadBalancer: Balance parameter: numEntityGroups=164, numServers=10, max=17, min=16
24/04/26 01:48:19 INFO balancer.DefaultLoadBalancer: Done. Calculated a load balance in 0ms. Moving 138 entityGroups off of 1 overloaded servers onto 9 less loaded servers
24/04/26 01:48:19 INFO balancer.TestDefaultLoadBalancer: Mock Balance : { srv3816:16 , srv54281:16 , srv55230:16 , srv58059:16 , srv63613:16 , srv6633:16 , srv13733:17 , srv26395:17 , srv26920:17 , srv50910:17 }
24/04/26 01:48:19 INFO balancer.TestDefaultLoadBalancer: Mock Cluster : { srv76316:0 , srv94043:0 , srv13733:1 , srv26395:1 , srv95653:1 , srv97836:1 , srv54281:12 , srv3816:133 , srv50910:138 , srv9536:144 , srv26920:1123 , srv55230:1444 } [srvr=12 rgns=2998 avg=249.83333 max=250 min=249]
24/04/26 01:48:19 DEBUG balancer.DefaultLoadBalancer: Balance parameter: numEntityGroups=2998, numServers=12, max=250, min=249
24/04/26 01:48:19 INFO balancer.DefaultLoadBalancer: Done. Calculated a load balance in 3ms. Moving 2067 entityGroups off of 2 overloaded servers onto 10 less loaded servers
24/04/26 01:48:19 INFO balancer.TestDefaultLoadBalancer: Mock Balance : { srv50910:249 , srv9536:249 , srv13733:250 , srv26395:250 , srv26920:250 , srv3816:250 , srv54281:250 , srv55230:250 , srv76316:250 , srv94043:250 , srv95653:250 , srv97836:250 }
24/04/26 01:48:19 INFO balancer.TestDefaultLoadBalancer: Mock Cluster : { srv26395:0 , srv58059:0 , srv63613:0 , srv13733:1 , srv3816:1 , srv26920:4 , srv76316:12 , srv54281:133 , srv55230:138 , srv6633:144 , srv50910:1123 , srv94043:1444 } [srvr=12 rgns=3000 avg=250.0 max=250 min=250]
24/04/26 01:48:19 DEBUG balancer.DefaultLoadBalancer: Balance parameter: numEntityGroups=3000, numServers=12, max=250, min=250
24/04/26 01:48:19 INFO balancer.DefaultLoadBalancer: Calculated a load balance in 3ms. Moving 2067 entityGroups off of 2 overloaded servers onto 10 less loaded servers
24/04/26 01:48:19 INFO balancer.TestDefaultLoadBalancer: Mock Balance : { srv13733:250 , srv26395:250 , srv26920:250 , srv3816:250 , srv50910:250 , srv54281:250 , srv55230:250 , srv58059:250 , srv63613:250 , srv6633:250 , srv76316:250 , srv94043:250 }
24/04/26 01:48:19 INFO balancer.TestDefaultLoadBalancer: Mock Cluster : { srv3816:1385 , srv95653:1392 , srv26395:1535 , srv9536:1538 , srv50910:1542 , srv26920:1553 , srv13733:1557 , srv97836:1561 , srv54281:1619 } [srvr=9 rgns=13682 avg=1520.2222 max=1521 min=1520]
24/04/26 01:48:19 DEBUG balancer.DefaultLoadBalancer: Balance parameter: numEntityGroups=13682, numServers=9, max=1521, min=1520
24/04/26 01:48:19 INFO balancer.DefaultLoadBalancer: Done. Calculated a load balance in 1ms. Moving 263 entityGroups off of 7 overloaded servers onto 2 less loaded servers
24/04/26 01:48:19 INFO balancer.TestDefaultLoadBalancer: Mock Balance : { srv13733:1520 , srv26920:1520 , srv3816:1520 , srv50910:1520 , srv54281:1520 , srv95653:1520 , srv97836:1520 , srv26395:1521 , srv9536:1521 }
24/04/26 01:48:19 INFO wasp.WaspTestingUtility: Starting up minicluster with 1 master(s) and 2 fserver(s) 
24/04/26 01:48:20 INFO server.SessionTrackerImpl: SessionTrackerImpl exited loop!
24/04/26 01:48:20 INFO server.SessionTrackerImpl: SessionTrackerImpl exited loop!
Starting DataNode 0 with dfs.data.dir: /home/alex/Repositories/wasp/target/test-data/6b4a7b6c-2539-47fd-bbb2-ac3cbf9db3b7/dfscluster_85b5c074-5c8a-46d1-abc6-2f84d1a8df17/dfs/data/data1,/home/alex/Repositories/wasp/target/test-data/6b4a7b6c-2539-47fd-bbb2-ac3cbf9db3b7/dfscluster_85b5c074-5c8a-46d1-abc6-2f84d1a8df17/dfs/data/data2
24/04/26 01:48:20 ERROR datanode.DataNode: All directories in dfs.data.dir are invalid.
24/04/26 01:48:20 INFO wasp.WaspTestingUtility: Shutting down mini wasp cluster
24/04/26 01:48:20 INFO wasp.WaspTestingUtility: Minicluster is down
java.lang.NullPointerException
	at org.apache.hadoop.hdfs.MiniDFSCluster.startDataNodes(MiniDFSCluster.java:422)
	at org.apache.hadoop.hdfs.MiniDFSCluster.<init>(MiniDFSCluster.java:280)
	at org.apache.hadoop.hbase.HBaseTestingUtility.startMiniDFSCluster(HBaseTestingUtility.java:451)
	at org.apache.hadoop.hbase.HBaseTestingUtility.startMiniCluster(HBaseTestingUtility.java:619)
	at org.apache.hadoop.hbase.HBaseTestingUtility.startMiniCluster(HBaseTestingUtility.java:575)
	at com.alibaba.wasp.WaspTestingUtility.startMiniCluster(WaspTestingUtility.java:172)
	at com.alibaba.wasp.WaspTestingUtility.startMiniCluster(WaspTestingUtility.java:144)
	at com.alibaba.wasp.master.TestMaster.beforeAllTests(TestMaster.java:60)
	at sun.reflect.NativeMethodAccessorImpl.invoke0(Native Method)
	at sun.reflect.NativeMethodAccessorImpl.invoke(NativeMethodAccessorImpl.java:62)
	at sun.reflect.DelegatingMethodAccessorImpl.invoke(DelegatingMethodAccessorImpl.java:43)
	at java.lang.reflect.Method.invoke(Method.java:498)
	at org.junit.runners.model.FrameworkMethod$1.runReflectiveCall(FrameworkMethod.java:45)
	at org.junit.internal.runners.model.ReflectiveCallable.run(ReflectiveCallable.java:15)
	at org.junit.runners.model.FrameworkMethod.invokeExplosively(FrameworkMethod.java:42)
	at org.junit.internal.runners.statements.RunBefores.evaluate(RunBefores.java:27)
	at org.junit.internal.runners.statements.RunAfters.evaluate(RunAfters.java:30)
	at org.junit.runners.ParentRunner.run(ParentRunner.java:300)
	at org.junit.runners.Suite.runChild(Suite.java:128)
	at org.junit.runners.Suite.runChild(Suite.java:24)
	at org.junit.runners.ParentRunner$3.run(ParentRunner.java:231)
	at org.junit.runners.ParentRunner$1.schedule(ParentRunner.java:60)
	at org.junit.runners.ParentRunner.runChildren(ParentRunner.java:229)
	at org.junit.runners.ParentRunner.access$000(ParentRunner.java:50)
	at org.junit.runners.ParentRunner$2.evaluate(ParentRunner.java:222)
	at org.junit.runners.ParentRunner.run(ParentRunner.java:300)
	at org.junit.runner.JUnitCore.run(JUnitCore.java:157)
	at org.junit.runner.JUnitCore.run(JUnitCore.java:136)
	at edu.illinois.cs.testrunner.execution.JUnitTestExecutor.execute(JUnitTestExecutor.java:259)
	at edu.illinois.cs.testrunner.execution.JUnitTestExecutor.executeWithJUnit4Runner(JUnitTestExecutor.java:327)
	at edu.illinois.cs.testrunner.execution.JUnitTestExecutor.runOrder(JUnitTestExecutor.java:49)
	at edu.illinois.cs.testrunner.execution.Executor$.$anonfun$run$1(Executor.scala:30)
	at scala.runtime.java8.JFunction0$mcV$sp.apply(JFunction0$mcV$sp.java:12)
	at scala.util.Try$.apply(Try.scala:209)
	at edu.illinois.cs.testrunner.execution.Executor$.run(Executor.scala:28)
	at edu.illinois.cs.testrunner.execution.Executor$.main(Executor.scala:18)
	at edu.illinois.cs.testrunner.execution.Executor.main(Executor.scala)
24/04/26 01:48:20 DEBUG ipc.WaspRPC: Using com.alibaba.wasp.ipc.ProtobufRpcEngine for com.alibaba.wasp.ipc.TestProtoBufRpc$TestRpcService
24/04/26 01:48:20 DEBUG ipc.NettyTransceiver: Using Netty bootstrap options: {connectTimeoutMillis=3000, tcpNoDelay=true}
24/04/26 01:48:20 DEBUG ipc.NettyTransceiver: Connecting to /0.0.0.0:33129
24/04/26 01:48:20 DEBUG ipc.NettyTransceiver: [id: 0x591fd34d] OPEN
24/04/26 01:48:20 INFO ipc.NettyTransceiver: Successfully connected to bookie: /0.0.0.0:33129
24/04/26 01:48:20 DEBUG ipc.NettyTransceiver: [id: 0x591fd34d, /127.0.0.1:43564 => /0.0.0.0:33129] BOUND: /127.0.0.1:43564
24/04/26 01:48:20 DEBUG ipc.NettyTransceiver: [id: 0x591fd34d, /127.0.0.1:43564 => /0.0.0.0:33129] CONNECTED: /0.0.0.0:33129
24/04/26 01:48:20 DEBUG ipc.NettyServer: [id: 0x1f383d0d, /127.0.0.1:43564 => /127.0.1.1:33129] OPEN
24/04/26 01:48:20 DEBUG ipc.NettyServer: [id: 0x1f383d0d, /127.0.0.1:43564 => /127.0.1.1:33129] BOUND: /127.0.1.1:33129
24/04/26 01:48:20 DEBUG ipc.NettyServer: [id: 0x1f383d0d, /127.0.0.1:43564 => /127.0.1.1:33129] CONNECTED: /127.0.0.1:43564
24/04/26 01:48:20 ERROR ipc.NettyServer: pool-11-thread-8, call methodName: "error"
clientProtocolVersion: 1
request: ""
requestClassName: "com.alibaba.wasp.ipc.protobuf.generated.TestProtos$EmptyRequestProto"
: error: 
java.io.IOException: error
	at com.alibaba.wasp.ipc.TestProtoBufRpc$PBServerImpl.error(TestProtoBufRpc.java:68)
	at sun.reflect.NativeMethodAccessorImpl.invoke0(Native Method)
	at sun.reflect.NativeMethodAccessorImpl.invoke(NativeMethodAccessorImpl.java:62)
	at sun.reflect.DelegatingMethodAccessorImpl.invoke(DelegatingMethodAccessorImpl.java:43)
	at java.lang.reflect.Method.invoke(Method.java:498)
	at com.alibaba.wasp.ipc.ProtobufRpcEngine$Server.call(ProtobufRpcEngine.java:270)
	at com.alibaba.wasp.ipc.NettyServer$NettyServerWaspHandler.messageReceived(NettyServer.java:234)
	at org.jboss.netty.channel.SimpleChannelUpstreamHandler.handleUpstream(SimpleChannelUpstreamHandler.java:75)
	at com.alibaba.wasp.ipc.NettyServer$NettyServerWaspHandler.handleUpstream(NettyServer.java:171)
	at org.jboss.netty.channel.DefaultChannelPipeline.sendUpstream(DefaultChannelPipeline.java:563)
	at org.jboss.netty.channel.DefaultChannelPipeline$DefaultChannelHandlerContext.sendUpstream(DefaultChannelPipeline.java:791)
	at org.jboss.netty.handler.execution.ChannelUpstreamEventRunnable.doRun(ChannelUpstreamEventRunnable.java:45)
	at org.jboss.netty.handler.execution.ChannelEventRunnable.run(ChannelEventRunnable.java:64)
	at java.util.concurrent.ThreadPoolExecutor.runWorker(ThreadPoolExecutor.java:1149)
	at java.util.concurrent.ThreadPoolExecutor$Worker.run(ThreadPoolExecutor.java:624)
	at java.lang.Thread.run(Thread.java:750)
24/04/26 01:48:20 INFO ipc.NettyServer: Stopping server on 0
24/04/26 01:48:20 DEBUG ipc.NettyTransceiver: [id: 0x591fd34d, /127.0.0.1:43564 :> /0.0.0.0:33129] DISCONNECTED
24/04/26 01:48:20 DEBUG ipc.NettyTransceiver: [id: 0x591fd34d, /127.0.0.1:43564 :> /0.0.0.0:33129] UNBOUND
24/04/26 01:48:20 DEBUG ipc.NettyTransceiver: [id: 0x591fd34d, /127.0.0.1:43564 :> /0.0.0.0:33129] CLOSED
24/04/26 01:48:20 DEBUG ipc.NettyTransceiver: Remote peer /0.0.0.0:33129 closed connection.
24/04/26 01:48:20 DEBUG ipc.NettyTransceiver: Disconnecting from /0.0.0.0:33129
24/04/26 01:48:20 DEBUG ipc.NettyServer: [id: 0x1f383d0d, /127.0.0.1:43564 :> /127.0.1.1:33129] DISCONNECTED
24/04/26 01:48:20 DEBUG ipc.NettyServer: [id: 0x1f383d0d, /127.0.0.1:43564 :> /127.0.1.1:33129] UNBOUND
24/04/26 01:48:20 DEBUG ipc.NettyServer: [id: 0x1f383d0d, /127.0.0.1:43564 :> /127.0.1.1:33129] CLOSED
24/04/26 01:48:20 INFO wasp.WaspTestingUtility: Starting up minicluster with 1 master(s) and 1 fserver(s) 
Starting DataNode 0 with dfs.data.dir: /home/alex/Repositories/wasp/target/test-data/3ea9dd54-cce6-4a05-b7d0-6e1ac3e9466c/dfscluster_aa4b8a66-78d3-4d82-8982-08b848cf1dda/dfs/data/data1,/home/alex/Repositories/wasp/target/test-data/3ea9dd54-cce6-4a05-b7d0-6e1ac3e9466c/dfscluster_aa4b8a66-78d3-4d82-8982-08b848cf1dda/dfs/data/data2
24/04/26 01:48:20 ERROR datanode.DataNode: All directories in dfs.data.dir are invalid.
24/04/26 01:48:20 INFO wasp.WaspTestingUtility: Shutting down mini wasp cluster
24/04/26 01:48:20 INFO wasp.WaspTestingUtility: Minicluster is down
java.lang.NullPointerException
	at org.apache.hadoop.hdfs.MiniDFSCluster.startDataNodes(MiniDFSCluster.java:422)
	at org.apache.hadoop.hdfs.MiniDFSCluster.<init>(MiniDFSCluster.java:280)
	at org.apache.hadoop.hbase.HBaseTestingUtility.startMiniDFSCluster(HBaseTestingUtility.java:451)
	at org.apache.hadoop.hbase.HBaseTestingUtility.startMiniCluster(HBaseTestingUtility.java:619)
	at org.apache.hadoop.hbase.HBaseTestingUtility.startMiniCluster(HBaseTestingUtility.java:575)
	at com.alibaba.wasp.WaspTestingUtility.startMiniCluster(WaspTestingUtility.java:172)
	at com.alibaba.wasp.WaspTestingUtility.startMiniCluster(WaspTestingUtility.java:144)
	at com.alibaba.wasp.plan.execute.TestExecutionEngine.before(TestExecutionEngine.java:89)
	at sun.reflect.NativeMethodAccessorImpl.invoke0(Native Method)
	at sun.reflect.NativeMethodAccessorImpl.invoke(NativeMethodAccessorImpl.java:62)
	at sun.reflect.DelegatingMethodAccessorImpl.invoke(DelegatingMethodAccessorImpl.java:43)
	at java.lang.reflect.Method.invoke(Method.java:498)
	at org.junit.runners.model.FrameworkMethod$1.runReflectiveCall(FrameworkMethod.java:45)
	at org.junit.internal.runners.model.ReflectiveCallable.run(ReflectiveCallable.java:15)
	at org.junit.runners.model.FrameworkMethod.invokeExplosively(FrameworkMethod.java:42)
	at org.junit.internal.runners.statements.RunBefores.evaluate(RunBefores.java:27)
	at org.junit.internal.runners.statements.RunAfters.evaluate(RunAfters.java:30)
	at org.junit.runners.ParentRunner.run(ParentRunner.java:300)
	at org.junit.runners.Suite.runChild(Suite.java:128)
	at org.junit.runners.Suite.runChild(Suite.java:24)
	at org.junit.runners.ParentRunner$3.run(ParentRunner.java:231)
	at org.junit.runners.ParentRunner$1.schedule(ParentRunner.java:60)
	at org.junit.runners.ParentRunner.runChildren(ParentRunner.java:229)
	at org.junit.runners.ParentRunner.access$000(ParentRunner.java:50)
	at org.junit.runners.ParentRunner$2.evaluate(ParentRunner.java:222)
	at org.junit.runners.ParentRunner.run(ParentRunner.java:300)
	at org.junit.runner.JUnitCore.run(JUnitCore.java:157)
	at org.junit.runner.JUnitCore.run(JUnitCore.java:136)
	at edu.illinois.cs.testrunner.execution.JUnitTestExecutor.execute(JUnitTestExecutor.java:259)
	at edu.illinois.cs.testrunner.execution.JUnitTestExecutor.executeWithJUnit4Runner(JUnitTestExecutor.java:327)
	at edu.illinois.cs.testrunner.execution.JUnitTestExecutor.runOrder(JUnitTestExecutor.java:49)
	at edu.illinois.cs.testrunner.execution.Executor$.$anonfun$run$1(Executor.scala:30)
	at scala.runtime.java8.JFunction0$mcV$sp.apply(JFunction0$mcV$sp.java:12)
	at scala.util.Try$.apply(Try.scala:209)
	at edu.illinois.cs.testrunner.execution.Executor$.run(Executor.scala:28)
	at edu.illinois.cs.testrunner.execution.Executor$.main(Executor.scala:18)
	at edu.illinois.cs.testrunner.execution.Executor.main(Executor.scala)
24/04/26 01:48:20 INFO wasp.WaspTestingUtility: Starting up minicluster with 3 master(s) and 3 fserver(s) 
Starting DataNode 0 with dfs.data.dir: /home/alex/Repositories/wasp/target/test-data/cd95f6be-e04d-41c5-ae33-36664498feb0/dfscluster_51f65026-b6f3-4d57-ac07-cb64ab60a3f5/dfs/data/data1,/home/alex/Repositories/wasp/target/test-data/cd95f6be-e04d-41c5-ae33-36664498feb0/dfscluster_51f65026-b6f3-4d57-ac07-cb64ab60a3f5/dfs/data/data2
24/04/26 01:48:20 ERROR datanode.DataNode: All directories in dfs.data.dir are invalid.
java.lang.NullPointerException
	at org.apache.hadoop.hdfs.MiniDFSCluster.startDataNodes(MiniDFSCluster.java:422)
	at org.apache.hadoop.hdfs.MiniDFSCluster.<init>(MiniDFSCluster.java:280)
	at org.apache.hadoop.hbase.HBaseTestingUtility.startMiniDFSCluster(HBaseTestingUtility.java:451)
	at org.apache.hadoop.hbase.HBaseTestingUtility.startMiniCluster(HBaseTestingUtility.java:619)
	at org.apache.hadoop.hbase.HBaseTestingUtility.startMiniCluster(HBaseTestingUtility.java:575)
	at com.alibaba.wasp.WaspTestingUtility.startMiniCluster(WaspTestingUtility.java:172)
	at com.alibaba.wasp.master.TestMasterShutdown.testMasterShutdown(TestMasterShutdown.java:57)
	at sun.reflect.NativeMethodAccessorImpl.invoke0(Native Method)
	at sun.reflect.NativeMethodAccessorImpl.invoke(NativeMethodAccessorImpl.java:62)
	at sun.reflect.DelegatingMethodAccessorImpl.invoke(DelegatingMethodAccessorImpl.java:43)
	at java.lang.reflect.Method.invoke(Method.java:498)
	at org.junit.runners.model.FrameworkMethod$1.runReflectiveCall(FrameworkMethod.java:45)
	at org.junit.internal.runners.model.ReflectiveCallable.run(ReflectiveCallable.java:15)
	at org.junit.runners.model.FrameworkMethod.invokeExplosively(FrameworkMethod.java:42)
	at org.junit.internal.runners.statements.InvokeMethod.evaluate(InvokeMethod.java:20)
	at org.junit.internal.runners.statements.FailOnTimeout$StatementThread.run(FailOnTimeout.java:62)
24/04/26 01:48:20 DEBUG druid.DruidParser: Parsing SQL CREATE TABLE User { Required Int64 user_id; Required String name; Optional DOUBLE value; }  primary key(user_id),  entity group root, entity group key(user_id);
24/04/26 01:48:20 DEBUG druid.DruidDDLParser: CreateTablePlan CreateTablePlan [table=CREATE TABLE User { 
  REQUIRED INT64 user_id COLUMNFAMILY d;
  REQUIRED STRING name COLUMNFAMILY d;
  OPTIONAL DOUBLE value COLUMNFAMILY d;
} 
PRIMARY KEY(user_id),
ENTITY GROUP ROOT,
ENTITY GROUP KEY(user_id);
, splitKeys=null]
24/04/26 01:48:20 DEBUG druid.DruidParser: Parsing SQL CREATE TABLE Photo { Required Int64 user_id columnfamily cf comment 'aaa';  Required Int32 photo_id comment 'child primary key';  Optional Int64 time; Optional String full_url;  Optional String thumbnail_url; Optional string tag; Optional DATETIME date; Optional Int32 int32Type; }  primary key(user_id,photo_id),  in table User,  Entity Group Key(user_id) references User; 
24/04/26 01:48:20 DEBUG druid.DruidDDLParser: CreateTablePlan CreateTablePlan [table=CREATE TABLE Photo { 
  REQUIRED INT64 user_id COLUMNFAMILY cf;
  REQUIRED INT32 photo_id COLUMNFAMILY d;
  OPTIONAL INT64 time COLUMNFAMILY d;
  OPTIONAL STRING full_url COLUMNFAMILY d;
  OPTIONAL STRING thumbnail_url COLUMNFAMILY d;
  OPTIONAL STRING tag COLUMNFAMILY d;
  OPTIONAL DATETIME date COLUMNFAMILY d;
  OPTIONAL INT32 int32Type COLUMNFAMILY d;
} 
PRIMARY KEY(user_id, photo_id, ),
 IN TABLE User,
 ENTITY GROUP KEY(user_id) REFERENCES User;
, splitKeys=null]
24/04/26 01:48:20 DEBUG druid.DruidParser: Parsing SQL Insert into User(user_id,name) values(1,'binlijin');
24/04/26 01:48:20 DEBUG druid.DruidDMLParser: INSERT SQL TableSource User
24/04/26 01:48:20 DEBUG druid.DruidDMLParser: From table User
24/04/26 01:48:20 DEBUG druid.DruidDMLParser:  SQLInsertItem user_id
24/04/26 01:48:20 DEBUG druid.DruidDMLParser:  SQLInsertItem name
24/04/26 01:48:20 DEBUG druid.DruidDMLParser: INSERT SQL Insert columns [user_id, name]
24/04/26 01:48:20 DEBUG druid.DruidDMLParser: INSERT SQL Insert Values List [ VALUES (1, 'binlijin')]
24/04/26 01:48:20 DEBUG druid.DruidDMLParser: InsertPlan InsertPlan [actions=[InsertAction [tableName=User, primayKey=[0, 0, 0, 0, 0, 0, 0, 1], columns=[ColumnAction [tableName=User, familyName=d, columnName=user_id, value=[0, 0, 0, 0, 0, 0, 0, 1], isIndex=false], ColumnAction [tableName=User, familyName=d, columnName=name, value=[98, 105, 110, 108, 105, 106, 105, 110], isIndex=false]]]]]
24/04/26 01:48:20 DEBUG druid.DruidParser: Parsing SQL Insert into Photo(user_id,photo_id,tag) values(1,1,'tag');
24/04/26 01:48:20 DEBUG druid.DruidDMLParser: INSERT SQL TableSource Photo
24/04/26 01:48:20 DEBUG druid.DruidDMLParser: From table Photo
24/04/26 01:48:20 DEBUG druid.DruidDMLParser:  SQLInsertItem user_id
24/04/26 01:48:20 DEBUG druid.DruidDMLParser:  SQLInsertItem photo_id
24/04/26 01:48:20 DEBUG druid.DruidDMLParser:  SQLInsertItem tag
24/04/26 01:48:20 DEBUG druid.DruidDMLParser: INSERT SQL Insert columns [user_id, photo_id, tag]
24/04/26 01:48:20 DEBUG druid.DruidDMLParser: INSERT SQL Insert Values List [ VALUES (1, 1, 'tag')]
24/04/26 01:48:20 DEBUG druid.DruidDMLParser: InsertPlan InsertPlan [actions=[InsertAction [tableName=Photo, primayKey=[0, 0, 0, 0, 0, 0, 0, 1, 0, 0, 0, 0, 1], columns=[ColumnAction [tableName=Photo, familyName=cf, columnName=user_id, value=[0, 0, 0, 0, 0, 0, 0, 1], isIndex=false], ColumnAction [tableName=Photo, familyName=d, columnName=photo_id, value=[0, 0, 0, 1], isIndex=false], ColumnAction [tableName=Photo, familyName=d, columnName=tag, value=[116, 97, 103], isIndex=false]]]]]
24/04/26 01:48:20 INFO server.ZooKeeperServer: Created server with tickTime 2000 minSessionTimeout 4000 maxSessionTimeout 40000 datadir /home/alex/Repositories/wasp/target/test-data/d3627e51-d2fa-4cc6-a8f3-daf48e9a9890/dfscluster_2047cf60-0b2d-4590-91e7-49f2541d16a7/zookeeper_0/version-2 snapdir /home/alex/Repositories/wasp/target/test-data/d3627e51-d2fa-4cc6-a8f3-daf48e9a9890/dfscluster_2047cf60-0b2d-4590-91e7-49f2541d16a7/zookeeper_0/version-2
24/04/26 01:48:20 INFO server.NIOServerCnxnFactory: binding to port 0.0.0.0/0.0.0.0:59511
24/04/26 01:48:20 INFO persistence.FileTxnSnapLog: Snapshotting: 0x0 to /home/alex/Repositories/wasp/target/test-data/d3627e51-d2fa-4cc6-a8f3-daf48e9a9890/dfscluster_2047cf60-0b2d-4590-91e7-49f2541d16a7/zookeeper_0/version-2/snapshot.0
24/04/26 01:48:20 INFO server.NIOServerCnxnFactory: Accepted socket connection from /127.0.0.1:54244
24/04/26 01:48:20 INFO server.NIOServerCnxn: Processing stat command from /127.0.0.1:54244
24/04/26 01:48:20 INFO server.NIOServerCnxn: Stat command output
24/04/26 01:48:20 INFO server.NIOServerCnxn: Closed socket connection for client /127.0.0.1:54244 (no session established for client)
24/04/26 01:48:20 DEBUG zookeeper.ZKUtil: MockServer,123,-1 opening connection to ZooKeeper with ensemble (localhost:59511)
24/04/26 01:48:20 INFO zookeeper.ZooKeeper: Initiating client connection, connectString=localhost:59511 sessionTimeout=180000 watcher=MockServer,123,-1
24/04/26 01:48:20 INFO zookeeper.RecoverableZooKeeper: The identifier of this process is 41120@Lenovo-Bot
24/04/26 01:48:20 INFO server.NIOServerCnxnFactory: Accepted socket connection from /127.0.0.1:54256
24/04/26 01:48:20 DEBUG server.ZooKeeperServer: Session establishment request from client /127.0.0.1:54256 client's lastZxid is 0x0
24/04/26 01:48:20 INFO server.ZooKeeperServer: Client attempting to establish new session at /127.0.0.1:54256
24/04/26 01:48:20 INFO persistence.FileTxnLog: Creating new log file: log.1
24/04/26 01:48:20 INFO server.ZooKeeperServer: Established session 0xff8f17dfe7c10000 with negotiated timeout 40000 for client /127.0.0.1:54256
24/04/26 01:48:20 DEBUG zookeeper.ZooKeeperWatcher: MockServer,123,-1 Received ZooKeeper Event, type=None, state=SyncConnected, path=null
24/04/26 01:48:20 DEBUG zookeeper.ZooKeeperWatcher: MockServer,123,-1-0xff8f17dfe7c10000 connected
24/04/26 01:48:20 DEBUG zookeeper.ZKAssign: MockServer,123,-1-0xff8f17dfe7c10000 Creating unassigned node for 8914197a33d5eec34adecf5fbc3c1a66 in OFFLINE state
24/04/26 01:48:20 DEBUG zookeeper.ZKAssign: MockServer,123,-1-0xff8f17dfe7c10000 Attempting to transition node 8914197a33d5eec34adecf5fbc3c1a66 from M_ZK_ENTITYGROUP_OFFLINE to FSERVER_ZK_ENTITYGROUP_OPENING
24/04/26 01:48:20 DEBUG zookeeper.ZKUtil: MockServer,123,-1-0xff8f17dfe7c10000 Retrieved 118 byte(s) of data from znode /wasp/unassigned/8914197a33d5eec34adecf5fbc3c1a66; data=entityGroup=TestCloseEntityGroupHandler,\x00\x00\x00\x00,1714092500933.8914197a33d5eec34adecf5fbc3c1a66., state=M_ZK_ENTITYGROUP_OFFLINE, servername=MockServer,123,-1, createTime=1714092500951, payload.length=0
24/04/26 01:48:20 DEBUG zookeeper.ZooKeeperWatcher: MockServer,123,-1-0xff8f17dfe7c10000 Received ZooKeeper Event, type=NodeDataChanged, state=SyncConnected, path=/wasp/unassigned/8914197a33d5eec34adecf5fbc3c1a66
24/04/26 01:48:20 DEBUG zookeeper.ZKAssign: MockServer,123,-1-0xff8f17dfe7c10000 Successfully transitioned node 8914197a33d5eec34adecf5fbc3c1a66 from M_ZK_ENTITYGROUP_OFFLINE to FSERVER_ZK_ENTITYGROUP_OPENING
24/04/26 01:48:20 INFO fserver.EntityGroup: EntityGroup.openEntityGroup EntityGroup name ==TestCloseEntityGroupHandler,\x00\x00\x00\x00,1714092500933.8914197a33d5eec34adecf5fbc3c1a66.
24/04/26 01:48:20 DEBUG fserver.EntityGroup: Opening EntityGroup: {NAME => 'TestCloseEntityGroupHandler,\x00\x00\x00\x00,1714092500933.8914197a33d5eec34adecf5fbc3c1a66.', STARTKEY => '\x00\x00\x00\x00', ENDKEY => '\x00\x00\x00\x01', ENCODED => 8914197a33d5eec34adecf5fbc3c1a66,}
24/04/26 01:48:20 DEBUG fserver.MetricsEntityGroupSourceImpl: Creating new MetricsEntityGroupSourceImpl for table TestCloseEntityGroupHandler 8914197a33d5eec34adecf5fbc3c1a66
24/04/26 01:48:20 DEBUG fserver.EntityGroup: Instantiated TestCloseEntityGroupHandler,\x00\x00\x00\x00,1714092500933.8914197a33d5eec34adecf5fbc3c1a66.
24/04/26 01:48:20 DEBUG zookeeper.ZKAssign: MockServer,123,-1-0xff8f17dfe7c10000 Attempting to transition node 8914197a33d5eec34adecf5fbc3c1a66 from FSERVER_ZK_ENTITYGROUP_OPENING to FSERVER_ZK_ENTITYGROUP_OPENING
24/04/26 01:48:20 ERROR server.NIOServerCnxnFactory: Thread Thread[Thread-253,5,main] died
java.lang.NullPointerException
	at com.alibaba.wasp.fserver.EntityGroup.run(EntityGroup.java:1264)
	at java.lang.Thread.run(Thread.java:750)
24/04/26 01:48:20 DEBUG zookeeper.ZKUtil: MockServer,123,-1-0xff8f17dfe7c10000 Retrieved 118 byte(s) of data from znode /wasp/unassigned/8914197a33d5eec34adecf5fbc3c1a66; data=entityGroup=TestCloseEntityGroupHandler,\x00\x00\x00\x00,1714092500933.8914197a33d5eec34adecf5fbc3c1a66., state=FSERVER_ZK_ENTITYGROUP_OPENING, servername=MockServer,123,-1, createTime=1714092500954, payload.length=0
24/04/26 01:48:20 DEBUG zookeeper.ZKAssign: MockServer,123,-1-0xff8f17dfe7c10000 Successfully transitioned node 8914197a33d5eec34adecf5fbc3c1a66 from FSERVER_ZK_ENTITYGROUP_OPENING to FSERVER_ZK_ENTITYGROUP_OPENING
24/04/26 01:48:20 DEBUG zookeeper.ZKAssign: MockServer,123,-1-0xff8f17dfe7c10000 Attempting to transition node 8914197a33d5eec34adecf5fbc3c1a66 from FSERVER_ZK_ENTITYGROUP_OPENING to FSERVER_ZK_ENTITYGROUP_OPENED
24/04/26 01:48:20 DEBUG zookeeper.ZKUtil: MockServer,123,-1-0xff8f17dfe7c10000 Retrieved 118 byte(s) of data from znode /wasp/unassigned/8914197a33d5eec34adecf5fbc3c1a66; data=entityGroup=TestCloseEntityGroupHandler,\x00\x00\x00\x00,1714092500933.8914197a33d5eec34adecf5fbc3c1a66., state=FSERVER_ZK_ENTITYGROUP_OPENING, servername=MockServer,123,-1, createTime=1714092500956, payload.length=0
24/04/26 01:48:20 DEBUG zookeeper.ZKAssign: MockServer,123,-1-0xff8f17dfe7c10000 Successfully transitioned node 8914197a33d5eec34adecf5fbc3c1a66 from FSERVER_ZK_ENTITYGROUP_OPENING to FSERVER_ZK_ENTITYGROUP_OPENED
24/04/26 01:48:20 DEBUG handler.OpenEntityGroupHandler: entityGroup transitioned to opened in zookeeper: {NAME => 'TestCloseEntityGroupHandler,\x00\x00\x00\x00,1714092500933.8914197a33d5eec34adecf5fbc3c1a66.', STARTKEY => '\x00\x00\x00\x00', ENDKEY => '\x00\x00\x00\x01', ENCODED => 8914197a33d5eec34adecf5fbc3c1a66,}, server: MockServer,123,-1
24/04/26 01:48:20 DEBUG handler.OpenEntityGroupHandler: Opened TestCloseEntityGroupHandler,\x00\x00\x00\x00,1714092500933.8914197a33d5eec34adecf5fbc3c1a66. on server:MockServer,123,-1
24/04/26 01:48:20 DEBUG zookeeper.ZKUtil: MockServer,123,-1-0xff8f17dfe7c10000 Retrieved 118 byte(s) of data from znode /wasp/unassigned/8914197a33d5eec34adecf5fbc3c1a66 and set watcher; entityGroup=TestCloseEntityGroupHandler,\x00\x00\x00\x00,1714092500933.8914197a33d5eec34adecf5fbc3c1a66., state=FSERVER_ZK_ENTITYGROUP_OPENED, servername=MockServer,123,-1, createTime=1714092500961, payload.length=0
24/04/26 01:48:20 DEBUG zookeeper.ZKAssign: MockServer,123,-1-0xff8f17dfe7c10000 Deleting existing unassigned node for 8914197a33d5eec34adecf5fbc3c1a66 that is in expected state FSERVER_ZK_ENTITYGROUP_OPENED
24/04/26 01:48:20 DEBUG zookeeper.ZKUtil: MockServer,123,-1-0xff8f17dfe7c10000 Retrieved 118 byte(s) of data from znode /wasp/unassigned/8914197a33d5eec34adecf5fbc3c1a66; data=entityGroup=TestCloseEntityGroupHandler,\x00\x00\x00\x00,1714092500933.8914197a33d5eec34adecf5fbc3c1a66., state=FSERVER_ZK_ENTITYGROUP_OPENED, servername=MockServer,123,-1, createTime=1714092500961, payload.length=0
24/04/26 01:48:20 DEBUG zookeeper.ZKAssign: MockServer,123,-1-0xff8f17dfe7c10000 Successfully deleted unassigned node for entityGroup 8914197a33d5eec34adecf5fbc3c1a66 in expected state FSERVER_ZK_ENTITYGROUP_OPENED
24/04/26 01:48:20 DEBUG zookeeper.ZooKeeperWatcher: MockServer,123,-1-0xff8f17dfe7c10000 Received ZooKeeper Event, type=NodeDeleted, state=SyncConnected, path=/wasp/unassigned/8914197a33d5eec34adecf5fbc3c1a66
24/04/26 01:48:20 DEBUG zookeeper.ZKAssign: MockServer,123,-1-0xff8f17dfe7c10000 Creating unassigned node for 8914197a33d5eec34adecf5fbc3c1a66 in a CLOSING state
24/04/26 01:48:20 DEBUG handler.CloseEntityGroupHandler: Processing close of TestCloseEntityGroupHandler,\x00\x00\x00\x00,1714092500933.8914197a33d5eec34adecf5fbc3c1a66.
24/04/26 01:48:20 DEBUG fserver.EntityGroup: Closing TestCloseEntityGroupHandler,\x00\x00\x00\x00,1714092500933.8914197a33d5eec34adecf5fbc3c1a66.
24/04/26 01:48:20 DEBUG fserver.EntityGroup: Updates disabled for entityGroup TestCloseEntityGroupHandler,\x00\x00\x00\x00,1714092500933.8914197a33d5eec34adecf5fbc3c1a66.
24/04/26 01:48:20 INFO fserver.EntityGroup: Running commit transaction of TestCloseEntityGroupHandler,\x00\x00\x00\x00,1714092500933.8914197a33d5eec34adecf5fbc3c1a66. before close
24/04/26 01:48:20 INFO fserver.EntityGroup: Closed TestCloseEntityGroupHandler,\x00\x00\x00\x00,1714092500933.8914197a33d5eec34adecf5fbc3c1a66.
24/04/26 01:48:20 DEBUG zookeeper.ZKAssign: MockServer,123,-1-0xff8f17dfe7c10000 Attempting to transition node 8914197a33d5eec34adecf5fbc3c1a66 from M_ZK_ENTITYGROUP_CLOSING to FSERVER_ZK_ENTITYGROUP_CLOSED
24/04/26 01:48:20 DEBUG zookeeper.ZKUtil: MockServer,123,-1-0xff8f17dfe7c10000 Retrieved 120 byte(s) of data from znode /wasp/unassigned/8914197a33d5eec34adecf5fbc3c1a66; data=entityGroup=TestCloseEntityGroupHandler,\x00\x00\x00\x00,1714092500933.8914197a33d5eec34adecf5fbc3c1a66., state=M_ZK_ENTITYGROUP_CLOSING, servername=MockServer,123,-1, createTime=1714092500964, payload.length=0
24/04/26 01:48:20 WARN zookeeper.ZKAssign: MockServer,123,-1-0xff8f17dfe7c10000 Attempt to transition the unassigned node for 8914197a33d5eec34adecf5fbc3c1a66 from M_ZK_ENTITYGROUP_CLOSING to FSERVER_ZK_ENTITYGROUP_CLOSED failed, the node existed but was version 0 not the expected version 1
24/04/26 01:48:20 WARN handler.CloseEntityGroupHandler: Completed the CLOSE of a entityGroup but when transitioning from  CLOSING to CLOSED got a version mismatch, someone else clashed so now unassigning
24/04/26 01:48:20 WARN fserver.EntityGroup: EntityGroup TestCloseEntityGroupHandler,\x00\x00\x00\x00,1714092500933.8914197a33d5eec34adecf5fbc3c1a66. already closed
24/04/26 01:48:20 DEBUG handler.CloseEntityGroupHandler: set entityGroup closed state in zk unsuccessfully for entityGroup TestCloseEntityGroupHandler,\x00\x00\x00\x00,1714092500933.8914197a33d5eec34adecf5fbc3c1a66. sn name: MockServer,123,-1
24/04/26 01:48:20 DEBUG handler.CloseEntityGroupHandler: Closed entityGroup TestCloseEntityGroupHandler,\x00\x00\x00\x00,1714092500933.8914197a33d5eec34adecf5fbc3c1a66.
24/04/26 01:48:20 DEBUG zookeeper.ZKUtil: MockServer,123,-1-0xff8f17dfe7c10000 Retrieved 120 byte(s) of data from znode /wasp/unassigned/8914197a33d5eec34adecf5fbc3c1a66 and set watcher; entityGroup=TestCloseEntityGroupHandler,\x00\x00\x00\x00,1714092500933.8914197a33d5eec34adecf5fbc3c1a66., state=M_ZK_ENTITYGROUP_CLOSING, servername=MockServer,123,-1, createTime=1714092500964, payload.length=0
24/04/26 01:48:20 DEBUG zookeeper.ZKUtil: MockServer,123,-1 opening connection to ZooKeeper with ensemble (localhost:59511)
24/04/26 01:48:20 INFO zookeeper.ZooKeeper: Initiating client connection, connectString=localhost:59511 sessionTimeout=180000 watcher=MockServer,123,-1
24/04/26 01:48:20 INFO zookeeper.RecoverableZooKeeper: The identifier of this process is 41120@Lenovo-Bot
24/04/26 01:48:20 INFO server.NIOServerCnxnFactory: Accepted socket connection from /127.0.0.1:54264
24/04/26 01:48:20 DEBUG server.ZooKeeperServer: Session establishment request from client /127.0.0.1:54264 client's lastZxid is 0x0
24/04/26 01:48:20 INFO server.ZooKeeperServer: Client attempting to establish new session at /127.0.0.1:54264
24/04/26 01:48:20 INFO server.ZooKeeperServer: Established session 0xff8f17dfe7c10001 with negotiated timeout 40000 for client /127.0.0.1:54264
24/04/26 01:48:20 DEBUG zookeeper.ZooKeeperWatcher: MockServer,123,-1 Received ZooKeeper Event, type=None, state=SyncConnected, path=null
24/04/26 01:48:20 DEBUG zookeeper.ZooKeeperWatcher: MockServer,123,-1-0xff8f17dfe7c10001 connected
24/04/26 01:48:20 DEBUG zookeeper.ZKAssign: MockServer,123,-1-0xff8f17dfe7c10001 Creating unassigned node for 034abb361779964e264f833881c74398 in OFFLINE state
24/04/26 01:48:20 DEBUG zookeeper.ZKAssign: MockServer,123,-1-0xff8f17dfe7c10001 Attempting to transition node 034abb361779964e264f833881c74398 from M_ZK_ENTITYGROUP_OFFLINE to FSERVER_ZK_ENTITYGROUP_OPENING
24/04/26 01:48:20 DEBUG zookeeper.ZKUtil: MockServer,123,-1-0xff8f17dfe7c10001 Retrieved 118 byte(s) of data from znode /wasp/unassigned/034abb361779964e264f833881c74398; data=entityGroup=TestCloseEntityGroupHandler,\x00\x00\x00\x00,1714092500968.034abb361779964e264f833881c74398., state=M_ZK_ENTITYGROUP_OFFLINE, servername=MockServer,123,-1, createTime=1714092500973, payload.length=0
24/04/26 01:48:20 DEBUG zookeeper.ZKAssign: MockServer,123,-1-0xff8f17dfe7c10001 Successfully transitioned node 034abb361779964e264f833881c74398 from M_ZK_ENTITYGROUP_OFFLINE to FSERVER_ZK_ENTITYGROUP_OPENING
24/04/26 01:48:20 DEBUG zookeeper.ZooKeeperWatcher: MockServer,123,-1-0xff8f17dfe7c10001 Received ZooKeeper Event, type=NodeDataChanged, state=SyncConnected, path=/wasp/unassigned/034abb361779964e264f833881c74398
24/04/26 01:48:20 INFO fserver.EntityGroup: EntityGroup.openEntityGroup EntityGroup name ==TestCloseEntityGroupHandler,\x00\x00\x00\x00,1714092500968.034abb361779964e264f833881c74398.
24/04/26 01:48:20 DEBUG fserver.EntityGroup: Opening EntityGroup: {NAME => 'TestCloseEntityGroupHandler,\x00\x00\x00\x00,1714092500968.034abb361779964e264f833881c74398.', STARTKEY => '\x00\x00\x00\x00', ENDKEY => '\x00\x00\x00\x01', ENCODED => 034abb361779964e264f833881c74398,}
24/04/26 01:48:20 DEBUG fserver.MetricsEntityGroupSourceImpl: Creating new MetricsEntityGroupSourceImpl for table TestCloseEntityGroupHandler 034abb361779964e264f833881c74398
24/04/26 01:48:20 DEBUG fserver.EntityGroup: Instantiated TestCloseEntityGroupHandler,\x00\x00\x00\x00,1714092500968.034abb361779964e264f833881c74398.
24/04/26 01:48:20 DEBUG zookeeper.ZKAssign: MockServer,123,-1-0xff8f17dfe7c10001 Attempting to transition node 034abb361779964e264f833881c74398 from FSERVER_ZK_ENTITYGROUP_OPENING to FSERVER_ZK_ENTITYGROUP_OPENING
24/04/26 01:48:20 ERROR server.NIOServerCnxnFactory: Thread Thread[Thread-256,5,main] died
java.lang.NullPointerException
	at com.alibaba.wasp.fserver.EntityGroup.run(EntityGroup.java:1264)
	at java.lang.Thread.run(Thread.java:750)
24/04/26 01:48:20 DEBUG zookeeper.ZKUtil: MockServer,123,-1-0xff8f17dfe7c10001 Retrieved 118 byte(s) of data from znode /wasp/unassigned/034abb361779964e264f833881c74398; data=entityGroup=TestCloseEntityGroupHandler,\x00\x00\x00\x00,1714092500968.034abb361779964e264f833881c74398., state=FSERVER_ZK_ENTITYGROUP_OPENING, servername=MockServer,123,-1, createTime=1714092500975, payload.length=0
24/04/26 01:48:20 DEBUG zookeeper.ZKAssign: MockServer,123,-1-0xff8f17dfe7c10001 Successfully transitioned node 034abb361779964e264f833881c74398 from FSERVER_ZK_ENTITYGROUP_OPENING to FSERVER_ZK_ENTITYGROUP_OPENING
24/04/26 01:48:20 DEBUG zookeeper.ZKAssign: MockServer,123,-1-0xff8f17dfe7c10001 Attempting to transition node 034abb361779964e264f833881c74398 from FSERVER_ZK_ENTITYGROUP_OPENING to FSERVER_ZK_ENTITYGROUP_OPENED
24/04/26 01:48:20 DEBUG zookeeper.ZKUtil: MockServer,123,-1-0xff8f17dfe7c10001 Retrieved 118 byte(s) of data from znode /wasp/unassigned/034abb361779964e264f833881c74398; data=entityGroup=TestCloseEntityGroupHandler,\x00\x00\x00\x00,1714092500968.034abb361779964e264f833881c74398., state=FSERVER_ZK_ENTITYGROUP_OPENING, servername=MockServer,123,-1, createTime=1714092500978, payload.length=0
24/04/26 01:48:20 DEBUG zookeeper.ZKAssign: MockServer,123,-1-0xff8f17dfe7c10001 Successfully transitioned node 034abb361779964e264f833881c74398 from FSERVER_ZK_ENTITYGROUP_OPENING to FSERVER_ZK_ENTITYGROUP_OPENED
24/04/26 01:48:20 DEBUG handler.OpenEntityGroupHandler: entityGroup transitioned to opened in zookeeper: {NAME => 'TestCloseEntityGroupHandler,\x00\x00\x00\x00,1714092500968.034abb361779964e264f833881c74398.', STARTKEY => '\x00\x00\x00\x00', ENDKEY => '\x00\x00\x00\x01', ENCODED => 034abb361779964e264f833881c74398,}, server: MockServer,123,-1
24/04/26 01:48:20 DEBUG handler.OpenEntityGroupHandler: Opened TestCloseEntityGroupHandler,\x00\x00\x00\x00,1714092500968.034abb361779964e264f833881c74398. on server:MockServer,123,-1
24/04/26 01:48:20 DEBUG zookeeper.ZKUtil: MockServer,123,-1-0xff8f17dfe7c10001 Retrieved 118 byte(s) of data from znode /wasp/unassigned/034abb361779964e264f833881c74398 and set watcher; entityGroup=TestCloseEntityGroupHandler,\x00\x00\x00\x00,1714092500968.034abb361779964e264f833881c74398., state=FSERVER_ZK_ENTITYGROUP_OPENED, servername=MockServer,123,-1, createTime=1714092500981, payload.length=0
24/04/26 01:48:20 DEBUG zookeeper.ZKAssign: MockServer,123,-1-0xff8f17dfe7c10001 Deleting existing unassigned node for 034abb361779964e264f833881c74398 that is in expected state FSERVER_ZK_ENTITYGROUP_OPENED
24/04/26 01:48:20 DEBUG zookeeper.ZKUtil: MockServer,123,-1-0xff8f17dfe7c10001 Retrieved 118 byte(s) of data from znode /wasp/unassigned/034abb361779964e264f833881c74398; data=entityGroup=TestCloseEntityGroupHandler,\x00\x00\x00\x00,1714092500968.034abb361779964e264f833881c74398., state=FSERVER_ZK_ENTITYGROUP_OPENED, servername=MockServer,123,-1, createTime=1714092500981, payload.length=0
24/04/26 01:48:20 DEBUG zookeeper.ZooKeeperWatcher: MockServer,123,-1-0xff8f17dfe7c10001 Received ZooKeeper Event, type=NodeDeleted, state=SyncConnected, path=/wasp/unassigned/034abb361779964e264f833881c74398
24/04/26 01:48:20 DEBUG zookeeper.ZKAssign: MockServer,123,-1-0xff8f17dfe7c10001 Successfully deleted unassigned node for entityGroup 034abb361779964e264f833881c74398 in expected state FSERVER_ZK_ENTITYGROUP_OPENED
24/04/26 01:48:20 DEBUG zookeeper.ZKAssign: MockServer,123,-1-0xff8f17dfe7c10001 Creating unassigned node for 034abb361779964e264f833881c74398 in a CLOSING state
24/04/26 01:48:20 DEBUG handler.CloseEntityGroupHandler: Processing close of TestCloseEntityGroupHandler,\x00\x00\x00\x00,1714092500968.034abb361779964e264f833881c74398.
24/04/26 01:48:20 DEBUG fserver.EntityGroup: Closing TestCloseEntityGroupHandler,\x00\x00\x00\x00,1714092500968.034abb361779964e264f833881c74398.
24/04/26 01:48:20 DEBUG fserver.EntityGroup: Updates disabled for entityGroup TestCloseEntityGroupHandler,\x00\x00\x00\x00,1714092500968.034abb361779964e264f833881c74398.
24/04/26 01:48:20 INFO fserver.EntityGroup: Running commit transaction of TestCloseEntityGroupHandler,\x00\x00\x00\x00,1714092500968.034abb361779964e264f833881c74398. before close
24/04/26 01:48:20 INFO fserver.EntityGroup: Closed TestCloseEntityGroupHandler,\x00\x00\x00\x00,1714092500968.034abb361779964e264f833881c74398.
24/04/26 01:48:20 DEBUG zookeeper.ZKAssign: MockServer,123,-1-0xff8f17dfe7c10001 Attempting to transition node 034abb361779964e264f833881c74398 from M_ZK_ENTITYGROUP_CLOSING to FSERVER_ZK_ENTITYGROUP_CLOSED
24/04/26 01:48:20 DEBUG zookeeper.ZKUtil: MockServer,123,-1-0xff8f17dfe7c10001 Retrieved 120 byte(s) of data from znode /wasp/unassigned/034abb361779964e264f833881c74398; data=entityGroup=TestCloseEntityGroupHandler,\x00\x00\x00\x00,1714092500968.034abb361779964e264f833881c74398., state=M_ZK_ENTITYGROUP_CLOSING, servername=MockServer,123,-1, createTime=1714092500984, payload.length=0
24/04/26 01:48:20 DEBUG zookeeper.ZooKeeperWatcher: MockServer,123,-1-0xff8f17dfe7c10001 Received ZooKeeper Event, type=NodeDataChanged, state=SyncConnected, path=/wasp/unassigned/034abb361779964e264f833881c74398
24/04/26 01:48:20 DEBUG zookeeper.ZKAssign: MockServer,123,-1-0xff8f17dfe7c10001 Successfully transitioned node 034abb361779964e264f833881c74398 from M_ZK_ENTITYGROUP_CLOSING to FSERVER_ZK_ENTITYGROUP_CLOSED
24/04/26 01:48:20 DEBUG handler.CloseEntityGroupHandler: set entityGroup closed state in zk successfully for entityGroup TestCloseEntityGroupHandler,\x00\x00\x00\x00,1714092500968.034abb361779964e264f833881c74398. sn name: MockServer,123,-1
24/04/26 01:48:20 DEBUG handler.CloseEntityGroupHandler: Closed entityGroup TestCloseEntityGroupHandler,\x00\x00\x00\x00,1714092500968.034abb361779964e264f833881c74398.
24/04/26 01:48:20 DEBUG zookeeper.ZKUtil: MockServer,123,-1-0xff8f17dfe7c10001 Retrieved 118 byte(s) of data from znode /wasp/unassigned/034abb361779964e264f833881c74398 and set watcher; entityGroup=TestCloseEntityGroupHandler,\x00\x00\x00\x00,1714092500968.034abb361779964e264f833881c74398., state=FSERVER_ZK_ENTITYGROUP_CLOSED, servername=MockServer,123,-1, createTime=1714092500987, payload.length=0
24/04/26 01:48:20 INFO fserver.EntityGroup: creating EntityGroup TestCloseEntityGroupHandler Table == CREATE TABLE TestCloseEntityGroupHandler { 
  REQUIRED INT32 column1 COLUMNFAMILY d;
  REQUIRED INT64 column2 COLUMNFAMILY d;
  REQUIRED STRING column3 COLUMNFAMILY d;
  OPTIONAL FLOAT column4 COLUMNFAMILY d;
  OPTIONAL DOUBLE column5 COLUMNFAMILY d;
  OPTIONAL DATETIME column6 COLUMNFAMILY d;
  REPEATED PROTOBUF column7 COLUMNFAMILY d;
  OPTIONAL STRING column8 COLUMNFAMILY d;
} 
PRIMARY KEY(column1),
ENTITY GROUP ROOT,
ENTITY GROUP KEY(column1);
 Table name == TestCloseEntityGroupHandler
24/04/26 01:48:20 DEBUG fserver.MetricsEntityGroupSourceImpl: Creating new MetricsEntityGroupSourceImpl for table TestCloseEntityGroupHandler 1fe9162414e63380f66d84371d2758a0
24/04/26 01:48:20 DEBUG fserver.EntityGroup: Instantiated TestCloseEntityGroupHandler,,1714092500989.1fe9162414e63380f66d84371d2758a0.
24/04/26 01:48:20 ERROR server.NIOServerCnxnFactory: Thread Thread[Thread-259,5,main] died
java.lang.NullPointerException
	at com.alibaba.wasp.fserver.EntityGroup.run(EntityGroup.java:1264)
	at java.lang.Thread.run(Thread.java:750)
24/04/26 01:48:21 DEBUG fserver.EntityGroup: Closing TestCloseEntityGroupHandler,,1714092500989.1fe9162414e63380f66d84371d2758a0.
24/04/26 01:48:21 DEBUG fserver.EntityGroup: Updates disabled for entityGroup TestCloseEntityGroupHandler,,1714092500989.1fe9162414e63380f66d84371d2758a0.
24/04/26 01:48:21 INFO fserver.EntityGroup: Running commit transaction of TestCloseEntityGroupHandler,,1714092500989.1fe9162414e63380f66d84371d2758a0. before close
24/04/26 01:48:21 INFO fserver.EntityGroup: Closed TestCloseEntityGroupHandler,,1714092500989.1fe9162414e63380f66d84371d2758a0.
24/04/26 01:48:21 DEBUG handler.CloseEntityGroupHandler: Processing close of TestCloseEntityGroupHandler,,1714092500989.1fe9162414e63380f66d84371d2758a0.
24/04/26 01:48:21 FATAL util.MockServer: Abort why=Unrecoverable exception while closing entityGroup TestCloseEntityGroupHandler,,1714092500989.1fe9162414e63380f66d84371d2758a0., still finishing close
java.lang.RuntimeException: Mocked failed close!
	at com.alibaba.wasp.fserver.handler.CloseEntityGroupHandler.process(CloseEntityGroupHandler.java:103)
	at com.alibaba.wasp.fserver.handler.TestCloseEntityGroupHandler.testFailedCommitAborts(TestCloseEntityGroupHandler.java:122)
	at sun.reflect.NativeMethodAccessorImpl.invoke0(Native Method)
	at sun.reflect.NativeMethodAccessorImpl.invoke(NativeMethodAccessorImpl.java:62)
	at sun.reflect.DelegatingMethodAccessorImpl.invoke(DelegatingMethodAccessorImpl.java:43)
	at java.lang.reflect.Method.invoke(Method.java:498)
	at org.junit.runners.model.FrameworkMethod$1.runReflectiveCall(FrameworkMethod.java:45)
	at org.junit.internal.runners.model.ReflectiveCallable.run(ReflectiveCallable.java:15)
	at org.junit.runners.model.FrameworkMethod.invokeExplosively(FrameworkMethod.java:42)
	at org.junit.internal.runners.statements.InvokeMethod.evaluate(InvokeMethod.java:20)
	at org.junit.internal.runners.statements.RunBefores.evaluate(RunBefores.java:28)
	at org.junit.runners.ParentRunner.runLeaf(ParentRunner.java:263)
	at org.junit.runners.BlockJUnit4ClassRunner.runChild(BlockJUnit4ClassRunner.java:68)
	at org.junit.runners.BlockJUnit4ClassRunner.runChild(BlockJUnit4ClassRunner.java:47)
	at org.junit.runners.ParentRunner$3.run(ParentRunner.java:231)
	at org.junit.runners.ParentRunner$1.schedule(ParentRunner.java:60)
	at org.junit.runners.ParentRunner.runChildren(ParentRunner.java:229)
	at org.junit.runners.ParentRunner.access$000(ParentRunner.java:50)
	at org.junit.runners.ParentRunner$2.evaluate(ParentRunner.java:222)
	at org.junit.internal.runners.statements.RunBefores.evaluate(RunBefores.java:28)
	at org.junit.internal.runners.statements.RunAfters.evaluate(RunAfters.java:30)
	at org.junit.runners.ParentRunner.run(ParentRunner.java:300)
	at org.junit.runners.Suite.runChild(Suite.java:128)
	at org.junit.runners.Suite.runChild(Suite.java:24)
	at org.junit.runners.ParentRunner$3.run(ParentRunner.java:231)
	at org.junit.runners.ParentRunner$1.schedule(ParentRunner.java:60)
	at org.junit.runners.ParentRunner.runChildren(ParentRunner.java:229)
	at org.junit.runners.ParentRunner.access$000(ParentRunner.java:50)
	at org.junit.runners.ParentRunner$2.evaluate(ParentRunner.java:222)
	at org.junit.runners.ParentRunner.run(ParentRunner.java:300)
	at org.junit.runner.JUnitCore.run(JUnitCore.java:157)
	at org.junit.runner.JUnitCore.run(JUnitCore.java:136)
	at edu.illinois.cs.testrunner.execution.JUnitTestExecutor.execute(JUnitTestExecutor.java:259)
	at edu.illinois.cs.testrunner.execution.JUnitTestExecutor.executeWithJUnit4Runner(JUnitTestExecutor.java:327)
	at edu.illinois.cs.testrunner.execution.JUnitTestExecutor.runOrder(JUnitTestExecutor.java:49)
	at edu.illinois.cs.testrunner.execution.Executor$.$anonfun$run$1(Executor.scala:30)
	at scala.runtime.java8.JFunction0$mcV$sp.apply(JFunction0$mcV$sp.java:12)
	at scala.util.Try$.apply(Try.scala:209)
	at edu.illinois.cs.testrunner.execution.Executor$.run(Executor.scala:28)
	at edu.illinois.cs.testrunner.execution.Executor$.main(Executor.scala:18)
	at edu.illinois.cs.testrunner.execution.Executor.main(Executor.scala)
24/04/26 01:48:21 DEBUG util.MockServer: Stop why=Unrecoverable exception while closing entityGroup TestCloseEntityGroupHandler,,1714092500989.1fe9162414e63380f66d84371d2758a0., still finishing close
24/04/26 01:48:21 WARN fserver.EntityGroup: EntityGroup TestCloseEntityGroupHandler,,1714092500989.1fe9162414e63380f66d84371d2758a0. already closed
24/04/26 01:48:21 INFO server.NIOServerCnxn: Closed socket connection for client /127.0.0.1:54264 which had sessionid 0xff8f17dfe7c10001
24/04/26 01:48:21 INFO server.NIOServerCnxn: Closed socket connection for client /127.0.0.1:54256 which had sessionid 0xff8f17dfe7c10000
24/04/26 01:48:21 INFO server.NIOServerCnxnFactory: NIOServerCnxn factory exited run method
24/04/26 01:48:21 INFO server.ZooKeeperServer: shutting down
24/04/26 01:48:21 INFO server.SessionTrackerImpl: Shutting down
24/04/26 01:48:21 INFO server.PrepRequestProcessor: Shutting down
24/04/26 01:48:21 INFO server.SyncRequestProcessor: Shutting down
24/04/26 01:48:21 INFO server.PrepRequestProcessor: PrepRequestProcessor exited loop!
24/04/26 01:48:21 INFO server.SyncRequestProcessor: SyncRequestProcessor exited!
24/04/26 01:48:21 INFO server.FinalRequestProcessor: shutdown of request processor complete
java.lang.NullPointerException
	at com.alibaba.wasp.protobuf.generated.MetaProtos$GetActionProto$Builder.setSessionId(MetaProtos.java:6187)
	at com.alibaba.wasp.plan.action.GetAction.convert(GetAction.java:97)
	at com.alibaba.wasp.protobuf.ProtobufUtil.toGetActionProto(ProtobufUtil.java:466)
	at com.alibaba.wasp.protobuf.TestProtobufUtil.testGet(TestProtobufUtil.java:103)
	at sun.reflect.NativeMethodAccessorImpl.invoke0(Native Method)
	at sun.reflect.NativeMethodAccessorImpl.invoke(NativeMethodAccessorImpl.java:62)
	at sun.reflect.DelegatingMethodAccessorImpl.invoke(DelegatingMethodAccessorImpl.java:43)
	at java.lang.reflect.Method.invoke(Method.java:498)
	at org.junit.runners.model.FrameworkMethod$1.runReflectiveCall(FrameworkMethod.java:45)
	at org.junit.internal.runners.model.ReflectiveCallable.run(ReflectiveCallable.java:15)
	at org.junit.runners.model.FrameworkMethod.invokeExplosively(FrameworkMethod.java:42)
	at org.junit.internal.runners.statements.InvokeMethod.evaluate(InvokeMethod.java:20)
	at org.junit.runners.ParentRunner.runLeaf(ParentRunner.java:263)
	at org.junit.runners.BlockJUnit4ClassRunner.runChild(BlockJUnit4ClassRunner.java:68)
	at org.junit.runners.BlockJUnit4ClassRunner.runChild(BlockJUnit4ClassRunner.java:47)
	at org.junit.runners.ParentRunner$3.run(ParentRunner.java:231)
	at org.junit.runners.ParentRunner$1.schedule(ParentRunner.java:60)
	at org.junit.runners.ParentRunner.runChildren(ParentRunner.java:229)
	at org.junit.runners.ParentRunner.access$000(ParentRunner.java:50)
	at org.junit.runners.ParentRunner$2.evaluate(ParentRunner.java:222)
	at org.junit.runners.ParentRunner.run(ParentRunner.java:300)
	at org.junit.runners.Suite.runChild(Suite.java:128)
	at org.junit.runners.Suite.runChild(Suite.java:24)
	at org.junit.runners.ParentRunner$3.run(ParentRunner.java:231)
	at org.junit.runners.ParentRunner$1.schedule(ParentRunner.java:60)
	at org.junit.runners.ParentRunner.runChildren(ParentRunner.java:229)
	at org.junit.runners.ParentRunner.access$000(ParentRunner.java:50)
	at org.junit.runners.ParentRunner$2.evaluate(ParentRunner.java:222)
	at org.junit.runners.ParentRunner.run(ParentRunner.java:300)
	at org.junit.runner.JUnitCore.run(JUnitCore.java:157)
	at org.junit.runner.JUnitCore.run(JUnitCore.java:136)
	at edu.illinois.cs.testrunner.execution.JUnitTestExecutor.execute(JUnitTestExecutor.java:259)
	at edu.illinois.cs.testrunner.execution.JUnitTestExecutor.executeWithJUnit4Runner(JUnitTestExecutor.java:327)
	at edu.illinois.cs.testrunner.execution.JUnitTestExecutor.runOrder(JUnitTestExecutor.java:49)
	at edu.illinois.cs.testrunner.execution.Executor$.$anonfun$run$1(Executor.scala:30)
	at scala.runtime.java8.JFunction0$mcV$sp.apply(JFunction0$mcV$sp.java:12)
	at scala.util.Try$.apply(Try.scala:209)
	at edu.illinois.cs.testrunner.execution.Executor$.run(Executor.scala:28)
	at edu.illinois.cs.testrunner.execution.Executor$.main(Executor.scala:18)
	at edu.illinois.cs.testrunner.execution.Executor.main(Executor.scala)
java.lang.NullPointerException
	at com.alibaba.wasp.protobuf.generated.MetaProtos$UpdateActionProto$Builder.setSessionId(MetaProtos.java:10088)
	at com.alibaba.wasp.plan.action.UpdateAction.convert(UpdateAction.java:113)
	at com.alibaba.wasp.protobuf.ProtobufUtil.convertUpdateAction(ProtobufUtil.java:559)
	at com.alibaba.wasp.protobuf.TestProtobufUtil.testUpdate(TestProtobufUtil.java:83)
	at sun.reflect.NativeMethodAccessorImpl.invoke0(Native Method)
	at sun.reflect.NativeMethodAccessorImpl.invoke(NativeMethodAccessorImpl.java:62)
	at sun.reflect.DelegatingMethodAccessorImpl.invoke(DelegatingMethodAccessorImpl.java:43)
	at java.lang.reflect.Method.invoke(Method.java:498)
	at org.junit.runners.model.FrameworkMethod$1.runReflectiveCall(FrameworkMethod.java:45)
	at org.junit.internal.runners.model.ReflectiveCallable.run(ReflectiveCallable.java:15)
	at org.junit.runners.model.FrameworkMethod.invokeExplosively(FrameworkMethod.java:42)
	at org.junit.internal.runners.statements.InvokeMethod.evaluate(InvokeMethod.java:20)
	at org.junit.runners.ParentRunner.runLeaf(ParentRunner.java:263)
	at org.junit.runners.BlockJUnit4ClassRunner.runChild(BlockJUnit4ClassRunner.java:68)
	at org.junit.runners.BlockJUnit4ClassRunner.runChild(BlockJUnit4ClassRunner.java:47)
	at org.junit.runners.ParentRunner$3.run(ParentRunner.java:231)
	at org.junit.runners.ParentRunner$1.schedule(ParentRunner.java:60)
	at org.junit.runners.ParentRunner.runChildren(ParentRunner.java:229)
	at org.junit.runners.ParentRunner.access$000(ParentRunner.java:50)
	at org.junit.runners.ParentRunner$2.evaluate(ParentRunner.java:222)
	at org.junit.runners.ParentRunner.run(ParentRunner.java:300)
	at org.junit.runners.Suite.runChild(Suite.java:128)
	at org.junit.runners.Suite.runChild(Suite.java:24)
	at org.junit.runners.ParentRunner$3.run(ParentRunner.java:231)
	at org.junit.runners.ParentRunner$1.schedule(ParentRunner.java:60)
	at org.junit.runners.ParentRunner.runChildren(ParentRunner.java:229)
	at org.junit.runners.ParentRunner.access$000(ParentRunner.java:50)
	at org.junit.runners.ParentRunner$2.evaluate(ParentRunner.java:222)
	at org.junit.runners.ParentRunner.run(ParentRunner.java:300)
	at org.junit.runner.JUnitCore.run(JUnitCore.java:157)
	at org.junit.runner.JUnitCore.run(JUnitCore.java:136)
	at edu.illinois.cs.testrunner.execution.JUnitTestExecutor.execute(JUnitTestExecutor.java:259)
	at edu.illinois.cs.testrunner.execution.JUnitTestExecutor.executeWithJUnit4Runner(JUnitTestExecutor.java:327)
	at edu.illinois.cs.testrunner.execution.JUnitTestExecutor.runOrder(JUnitTestExecutor.java:49)
	at edu.illinois.cs.testrunner.execution.Executor$.$anonfun$run$1(Executor.scala:30)
	at scala.runtime.java8.JFunction0$mcV$sp.apply(JFunction0$mcV$sp.java:12)
	at scala.util.Try$.apply(Try.scala:209)
	at edu.illinois.cs.testrunner.execution.Executor$.run(Executor.scala:28)
	at edu.illinois.cs.testrunner.execution.Executor$.main(Executor.scala:18)
	at edu.illinois.cs.testrunner.execution.Executor.main(Executor.scala)
24/04/26 01:48:21 INFO wasp.WaspTestingUtility: Starting up minicluster with 1 master(s) and 3 fserver(s) 
24/04/26 01:48:21 DEBUG zookeeper.ZooKeeperWatcher: MockServer,123,-1-0xff8f17dfe7c10000 Received ZooKeeper Event, type=None, state=Disconnected, path=null
24/04/26 01:48:21 DEBUG zookeeper.ZooKeeperWatcher: MockServer,123,-1-0xff8f17dfe7c10000 Received Disconnected from ZooKeeper, ignoring
24/04/26 01:48:21 DEBUG zookeeper.ZooKeeperWatcher: MockServer,123,-1-0xff8f17dfe7c10001 Received ZooKeeper Event, type=None, state=Disconnected, path=null
24/04/26 01:48:21 DEBUG zookeeper.ZooKeeperWatcher: MockServer,123,-1-0xff8f17dfe7c10001 Received Disconnected from ZooKeeper, ignoring
Starting DataNode 0 with dfs.data.dir: /home/alex/Repositories/wasp/target/test-data/eb0eaecf-11ff-4b26-8161-4543b4494578/dfscluster_25a4654f-c094-4e4c-ae67-53ea39b7fc91/dfs/data/data1,/home/alex/Repositories/wasp/target/test-data/eb0eaecf-11ff-4b26-8161-4543b4494578/dfscluster_25a4654f-c094-4e4c-ae67-53ea39b7fc91/dfs/data/data2
24/04/26 01:48:21 ERROR datanode.DataNode: All directories in dfs.data.dir are invalid.
24/04/26 01:48:21 INFO wasp.WaspTestingUtility: Shutting down mini wasp cluster
24/04/26 01:48:21 INFO wasp.WaspTestingUtility: Minicluster is down
java.lang.NullPointerException
	at org.apache.hadoop.hdfs.MiniDFSCluster.startDataNodes(MiniDFSCluster.java:422)
	at org.apache.hadoop.hdfs.MiniDFSCluster.<init>(MiniDFSCluster.java:280)
	at org.apache.hadoop.hbase.HBaseTestingUtility.startMiniDFSCluster(HBaseTestingUtility.java:451)
	at org.apache.hadoop.hbase.HBaseTestingUtility.startMiniCluster(HBaseTestingUtility.java:619)
	at org.apache.hadoop.hbase.HBaseTestingUtility.startMiniCluster(HBaseTestingUtility.java:575)
	at com.alibaba.wasp.WaspTestingUtility.startMiniCluster(WaspTestingUtility.java:172)
	at com.alibaba.wasp.WaspTestingUtility.startMiniCluster(WaspTestingUtility.java:144)
	at com.alibaba.wasp.client.TestAdmin.setUpBeforeClass(TestAdmin.java:91)
	at sun.reflect.NativeMethodAccessorImpl.invoke0(Native Method)
	at sun.reflect.NativeMethodAccessorImpl.invoke(NativeMethodAccessorImpl.java:62)
	at sun.reflect.DelegatingMethodAccessorImpl.invoke(DelegatingMethodAccessorImpl.java:43)
	at java.lang.reflect.Method.invoke(Method.java:498)
	at org.junit.runners.model.FrameworkMethod$1.runReflectiveCall(FrameworkMethod.java:45)
	at org.junit.internal.runners.model.ReflectiveCallable.run(ReflectiveCallable.java:15)
	at org.junit.runners.model.FrameworkMethod.invokeExplosively(FrameworkMethod.java:42)
	at org.junit.internal.runners.statements.RunBefores.evaluate(RunBefores.java:27)
	at org.junit.internal.runners.statements.RunAfters.evaluate(RunAfters.java:30)
	at org.junit.runners.ParentRunner.run(ParentRunner.java:300)
	at org.junit.runners.Suite.runChild(Suite.java:128)
	at org.junit.runners.Suite.runChild(Suite.java:24)
	at org.junit.runners.ParentRunner$3.run(ParentRunner.java:231)
	at org.junit.runners.ParentRunner$1.schedule(ParentRunner.java:60)
	at org.junit.runners.ParentRunner.runChildren(ParentRunner.java:229)
	at org.junit.runners.ParentRunner.access$000(ParentRunner.java:50)
	at org.junit.runners.ParentRunner$2.evaluate(ParentRunner.java:222)
	at org.junit.runners.ParentRunner.run(ParentRunner.java:300)
	at org.junit.runner.JUnitCore.run(JUnitCore.java:157)
	at org.junit.runner.JUnitCore.run(JUnitCore.java:136)
	at edu.illinois.cs.testrunner.execution.JUnitTestExecutor.execute(JUnitTestExecutor.java:259)
	at edu.illinois.cs.testrunner.execution.JUnitTestExecutor.executeWithJUnit4Runner(JUnitTestExecutor.java:327)
	at edu.illinois.cs.testrunner.execution.JUnitTestExecutor.runOrder(JUnitTestExecutor.java:49)
	at edu.illinois.cs.testrunner.execution.Executor$.$anonfun$run$1(Executor.scala:30)
	at scala.runtime.java8.JFunction0$mcV$sp.apply(JFunction0$mcV$sp.java:12)
	at scala.util.Try$.apply(Try.scala:209)
	at edu.illinois.cs.testrunner.execution.Executor$.run(Executor.scala:28)
	at edu.illinois.cs.testrunner.execution.Executor$.main(Executor.scala:18)
	at edu.illinois.cs.testrunner.execution.Executor.main(Executor.scala)
