24/04/26 02:14:41 INFO wasp.WaspTestingUtility: Starting up minicluster with 1 master(s) and 3 fserver(s) 
Starting DataNode 0 with dfs.data.dir: /home/alex/Repositories/wasp/target/test-data/89ab62e0-f8c0-425c-adb8-766d83a86bb9/dfscluster_b8ab79f3-5a72-433b-a663-fba485a7c195/dfs/data/data1,/home/alex/Repositories/wasp/target/test-data/89ab62e0-f8c0-425c-adb8-766d83a86bb9/dfscluster_b8ab79f3-5a72-433b-a663-fba485a7c195/dfs/data/data2
24/04/26 02:14:42 ERROR datanode.DataNode: All directories in dfs.data.dir are invalid.
24/04/26 02:14:42 INFO wasp.WaspTestingUtility: Shutting down mini wasp cluster
24/04/26 02:14:42 INFO wasp.WaspTestingUtility: Minicluster is down
java.lang.NullPointerException
	at org.apache.hadoop.hdfs.MiniDFSCluster.startDataNodes(MiniDFSCluster.java:422)
	at org.apache.hadoop.hdfs.MiniDFSCluster.<init>(MiniDFSCluster.java:280)
	at org.apache.hadoop.hbase.HBaseTestingUtility.startMiniDFSCluster(HBaseTestingUtility.java:451)
	at org.apache.hadoop.hbase.HBaseTestingUtility.startMiniCluster(HBaseTestingUtility.java:619)
	at org.apache.hadoop.hbase.HBaseTestingUtility.startMiniCluster(HBaseTestingUtility.java:575)
	at com.alibaba.wasp.WaspTestingUtility.startMiniCluster(WaspTestingUtility.java:172)
	at com.alibaba.wasp.WaspTestingUtility.startMiniCluster(WaspTestingUtility.java:144)
	at com.alibaba.wasp.client.TestFromClientSide.setUpBeforeClass(TestFromClientSide.java:83)
	at sun.reflect.NativeMethodAccessorImpl.invoke0(Native Method)
	at sun.reflect.NativeMethodAccessorImpl.invoke(NativeMethodAccessorImpl.java:62)
	at sun.reflect.DelegatingMethodAccessorImpl.invoke(DelegatingMethodAccessorImpl.java:43)
	at java.lang.reflect.Method.invoke(Method.java:498)
	at org.junit.runners.model.FrameworkMethod$1.runReflectiveCall(FrameworkMethod.java:45)
	at org.junit.internal.runners.model.ReflectiveCallable.run(ReflectiveCallable.java:15)
	at org.junit.runners.model.FrameworkMethod.invokeExplosively(FrameworkMethod.java:42)
	at org.junit.internal.runners.statements.RunBefores.evaluate(RunBefores.java:27)
	at org.junit.internal.runners.statements.RunAfters.evaluate(RunAfters.java:30)
	at org.junit.runners.ParentRunner.run(ParentRunner.java:300)
	at org.junit.runners.Suite.runChild(Suite.java:128)
	at org.junit.runners.Suite.runChild(Suite.java:24)
	at org.junit.runners.ParentRunner$3.run(ParentRunner.java:231)
	at org.junit.runners.ParentRunner$1.schedule(ParentRunner.java:60)
	at org.junit.runners.ParentRunner.runChildren(ParentRunner.java:229)
	at org.junit.runners.ParentRunner.access$000(ParentRunner.java:50)
	at org.junit.runners.ParentRunner$2.evaluate(ParentRunner.java:222)
	at org.junit.runners.ParentRunner.run(ParentRunner.java:300)
	at org.junit.runner.JUnitCore.run(JUnitCore.java:157)
	at org.junit.runner.JUnitCore.run(JUnitCore.java:136)
	at edu.illinois.cs.testrunner.execution.JUnitTestExecutor.execute(JUnitTestExecutor.java:259)
	at edu.illinois.cs.testrunner.execution.JUnitTestExecutor.executeWithJUnit4Runner(JUnitTestExecutor.java:327)
	at edu.illinois.cs.testrunner.execution.JUnitTestExecutor.runOrder(JUnitTestExecutor.java:49)
	at edu.illinois.cs.testrunner.execution.Executor$.$anonfun$run$1(Executor.scala:30)
	at scala.runtime.java8.JFunction0$mcV$sp.apply(JFunction0$mcV$sp.java:12)
	at scala.util.Try$.apply(Try.scala:209)
	at edu.illinois.cs.testrunner.execution.Executor$.run(Executor.scala:28)
	at edu.illinois.cs.testrunner.execution.Executor$.main(Executor.scala:18)
	at edu.illinois.cs.testrunner.execution.Executor.main(Executor.scala)
24/04/26 02:14:42 INFO wasp.WaspTestingUtility: Starting up minicluster with 1 master(s) and 3 fserver(s) 
Starting DataNode 0 with dfs.data.dir: /home/alex/Repositories/wasp/target/test-data/89639270-e4a1-4e19-ae33-13219043fb7b/dfscluster_d0bf08c6-c979-4f64-9850-b1d8a2e5a886/dfs/data/data1,/home/alex/Repositories/wasp/target/test-data/89639270-e4a1-4e19-ae33-13219043fb7b/dfscluster_d0bf08c6-c979-4f64-9850-b1d8a2e5a886/dfs/data/data2
24/04/26 02:14:43 ERROR datanode.DataNode: All directories in dfs.data.dir are invalid.
java.lang.NullPointerException
	at org.apache.hadoop.hdfs.MiniDFSCluster.startDataNodes(MiniDFSCluster.java:422)
	at org.apache.hadoop.hdfs.MiniDFSCluster.<init>(MiniDFSCluster.java:280)
	at org.apache.hadoop.hbase.HBaseTestingUtility.startMiniDFSCluster(HBaseTestingUtility.java:451)
	at org.apache.hadoop.hbase.HBaseTestingUtility.startMiniCluster(HBaseTestingUtility.java:619)
	at org.apache.hadoop.hbase.HBaseTestingUtility.startMiniCluster(HBaseTestingUtility.java:575)
	at com.alibaba.wasp.WaspTestingUtility.startMiniCluster(WaspTestingUtility.java:172)
	at com.alibaba.wasp.WaspTestingUtility.startMiniCluster(WaspTestingUtility.java:144)
	at com.alibaba.wasp.jdbc.TestJdbcResultSet.setUpBeforeClass(TestJdbcResultSet.java:71)
	at sun.reflect.NativeMethodAccessorImpl.invoke0(Native Method)
	at sun.reflect.NativeMethodAccessorImpl.invoke(NativeMethodAccessorImpl.java:62)
	at sun.reflect.DelegatingMethodAccessorImpl.invoke(DelegatingMethodAccessorImpl.java:43)
	at java.lang.reflect.Method.invoke(Method.java:498)
	at org.junit.runners.model.FrameworkMethod$1.runReflectiveCall(FrameworkMethod.java:45)
	at org.junit.internal.runners.model.ReflectiveCallable.run(ReflectiveCallable.java:15)
	at org.junit.runners.model.FrameworkMethod.invokeExplosively(FrameworkMethod.java:42)
	at org.junit.internal.runners.statements.RunBefores.evaluate(RunBefores.java:27)
	at org.junit.internal.runners.statements.RunAfters.evaluate(RunAfters.java:30)
	at org.junit.runners.ParentRunner.run(ParentRunner.java:300)
	at org.junit.runners.Suite.runChild(Suite.java:128)
	at org.junit.runners.Suite.runChild(Suite.java:24)
	at org.junit.runners.ParentRunner$3.run(ParentRunner.java:231)
	at org.junit.runners.ParentRunner$1.schedule(ParentRunner.java:60)
	at org.junit.runners.ParentRunner.runChildren(ParentRunner.java:229)
	at org.junit.runners.ParentRunner.access$000(ParentRunner.java:50)
	at org.junit.runners.ParentRunner$2.evaluate(ParentRunner.java:222)
	at org.junit.runners.ParentRunner.run(ParentRunner.java:300)
	at org.junit.runner.JUnitCore.run(JUnitCore.java:157)
	at org.junit.runner.JUnitCore.run(JUnitCore.java:136)
	at edu.illinois.cs.testrunner.execution.JUnitTestExecutor.execute(JUnitTestExecutor.java:259)
	at edu.illinois.cs.testrunner.execution.JUnitTestExecutor.executeWithJUnit4Runner(JUnitTestExecutor.java:327)
	at edu.illinois.cs.testrunner.execution.JUnitTestExecutor.runOrder(JUnitTestExecutor.java:49)
	at edu.illinois.cs.testrunner.execution.Executor$.$anonfun$run$1(Executor.scala:30)
	at scala.runtime.java8.JFunction0$mcV$sp.apply(JFunction0$mcV$sp.java:12)
	at scala.util.Try$.apply(Try.scala:209)
	at edu.illinois.cs.testrunner.execution.Executor$.run(Executor.scala:28)
	at edu.illinois.cs.testrunner.execution.Executor$.main(Executor.scala:18)
	at edu.illinois.cs.testrunner.execution.Executor.main(Executor.scala)
java.lang.NullPointerException
	at com.alibaba.wasp.jdbc.TestJdbcResultSet.tearDownAfterClass(TestJdbcResultSet.java:100)
	at sun.reflect.NativeMethodAccessorImpl.invoke0(Native Method)
	at sun.reflect.NativeMethodAccessorImpl.invoke(NativeMethodAccessorImpl.java:62)
	at sun.reflect.DelegatingMethodAccessorImpl.invoke(DelegatingMethodAccessorImpl.java:43)
	at java.lang.reflect.Method.invoke(Method.java:498)
	at org.junit.runners.model.FrameworkMethod$1.runReflectiveCall(FrameworkMethod.java:45)
	at org.junit.internal.runners.model.ReflectiveCallable.run(ReflectiveCallable.java:15)
	at org.junit.runners.model.FrameworkMethod.invokeExplosively(FrameworkMethod.java:42)
	at org.junit.internal.runners.statements.RunAfters.evaluate(RunAfters.java:36)
	at org.junit.runners.ParentRunner.run(ParentRunner.java:300)
	at org.junit.runners.Suite.runChild(Suite.java:128)
	at org.junit.runners.Suite.runChild(Suite.java:24)
	at org.junit.runners.ParentRunner$3.run(ParentRunner.java:231)
	at org.junit.runners.ParentRunner$1.schedule(ParentRunner.java:60)
	at org.junit.runners.ParentRunner.runChildren(ParentRunner.java:229)
	at org.junit.runners.ParentRunner.access$000(ParentRunner.java:50)
	at org.junit.runners.ParentRunner$2.evaluate(ParentRunner.java:222)
	at org.junit.runners.ParentRunner.run(ParentRunner.java:300)
	at org.junit.runner.JUnitCore.run(JUnitCore.java:157)
	at org.junit.runner.JUnitCore.run(JUnitCore.java:136)
	at edu.illinois.cs.testrunner.execution.JUnitTestExecutor.execute(JUnitTestExecutor.java:259)
	at edu.illinois.cs.testrunner.execution.JUnitTestExecutor.executeWithJUnit4Runner(JUnitTestExecutor.java:327)
	at edu.illinois.cs.testrunner.execution.JUnitTestExecutor.runOrder(JUnitTestExecutor.java:49)
	at edu.illinois.cs.testrunner.execution.Executor$.$anonfun$run$1(Executor.scala:30)
	at scala.runtime.java8.JFunction0$mcV$sp.apply(JFunction0$mcV$sp.java:12)
	at scala.util.Try$.apply(Try.scala:209)
	at edu.illinois.cs.testrunner.execution.Executor$.run(Executor.scala:28)
	at edu.illinois.cs.testrunner.execution.Executor$.main(Executor.scala:18)
	at edu.illinois.cs.testrunner.execution.Executor.main(Executor.scala)
24/04/26 02:14:43 INFO wasp.WaspTestingUtility: Starting up minicluster with 1 master(s) and 3 fserver(s) 
Starting DataNode 0 with dfs.data.dir: /home/alex/Repositories/wasp/target/test-data/430e069a-633b-4231-8f9d-91af252e90c2/dfscluster_12245df7-111c-4084-bc81-650720e94761/dfs/data/data1,/home/alex/Repositories/wasp/target/test-data/430e069a-633b-4231-8f9d-91af252e90c2/dfscluster_12245df7-111c-4084-bc81-650720e94761/dfs/data/data2
24/04/26 02:14:43 ERROR datanode.DataNode: All directories in dfs.data.dir are invalid.
java.lang.NullPointerException
	at org.apache.hadoop.hdfs.MiniDFSCluster.startDataNodes(MiniDFSCluster.java:422)
	at org.apache.hadoop.hdfs.MiniDFSCluster.<init>(MiniDFSCluster.java:280)
	at org.apache.hadoop.hbase.HBaseTestingUtility.startMiniDFSCluster(HBaseTestingUtility.java:451)
	at org.apache.hadoop.hbase.HBaseTestingUtility.startMiniCluster(HBaseTestingUtility.java:619)
	at org.apache.hadoop.hbase.HBaseTestingUtility.startMiniCluster(HBaseTestingUtility.java:575)
	at com.alibaba.wasp.WaspTestingUtility.startMiniCluster(WaspTestingUtility.java:172)
	at com.alibaba.wasp.WaspTestingUtility.startMiniCluster(WaspTestingUtility.java:144)
	at com.alibaba.wasp.jdbc.TestPreparedStatement.beforeClass(TestPreparedStatement.java:60)
	at sun.reflect.NativeMethodAccessorImpl.invoke0(Native Method)
	at sun.reflect.NativeMethodAccessorImpl.invoke(NativeMethodAccessorImpl.java:62)
	at sun.reflect.DelegatingMethodAccessorImpl.invoke(DelegatingMethodAccessorImpl.java:43)
	at java.lang.reflect.Method.invoke(Method.java:498)
	at org.junit.runners.model.FrameworkMethod$1.runReflectiveCall(FrameworkMethod.java:45)
	at org.junit.internal.runners.model.ReflectiveCallable.run(ReflectiveCallable.java:15)
	at org.junit.runners.model.FrameworkMethod.invokeExplosively(FrameworkMethod.java:42)
	at org.junit.internal.runners.statements.RunBefores.evaluate(RunBefores.java:27)
	at org.junit.internal.runners.statements.RunAfters.evaluate(RunAfters.java:30)
	at org.junit.runners.ParentRunner.run(ParentRunner.java:300)
	at org.junit.runners.Suite.runChild(Suite.java:128)
	at org.junit.runners.Suite.runChild(Suite.java:24)
	at org.junit.runners.ParentRunner$3.run(ParentRunner.java:231)
	at org.junit.runners.ParentRunner$1.schedule(ParentRunner.java:60)
	at org.junit.runners.ParentRunner.runChildren(ParentRunner.java:229)
	at org.junit.runners.ParentRunner.access$000(ParentRunner.java:50)
	at org.junit.runners.ParentRunner$2.evaluate(ParentRunner.java:222)
	at org.junit.runners.ParentRunner.run(ParentRunner.java:300)
	at org.junit.runner.JUnitCore.run(JUnitCore.java:157)
	at org.junit.runner.JUnitCore.run(JUnitCore.java:136)
	at edu.illinois.cs.testrunner.execution.JUnitTestExecutor.execute(JUnitTestExecutor.java:259)
	at edu.illinois.cs.testrunner.execution.JUnitTestExecutor.executeWithJUnit4Runner(JUnitTestExecutor.java:327)
	at edu.illinois.cs.testrunner.execution.JUnitTestExecutor.runOrder(JUnitTestExecutor.java:49)
	at edu.illinois.cs.testrunner.execution.Executor$.$anonfun$run$1(Executor.scala:30)
	at scala.runtime.java8.JFunction0$mcV$sp.apply(JFunction0$mcV$sp.java:12)
	at scala.util.Try$.apply(Try.scala:209)
	at edu.illinois.cs.testrunner.execution.Executor$.run(Executor.scala:28)
	at edu.illinois.cs.testrunner.execution.Executor$.main(Executor.scala:18)
	at edu.illinois.cs.testrunner.execution.Executor.main(Executor.scala)
java.lang.NullPointerException
	at com.alibaba.wasp.jdbc.TestPreparedStatement.afterClass(TestPreparedStatement.java:82)
	at sun.reflect.NativeMethodAccessorImpl.invoke0(Native Method)
	at sun.reflect.NativeMethodAccessorImpl.invoke(NativeMethodAccessorImpl.java:62)
	at sun.reflect.DelegatingMethodAccessorImpl.invoke(DelegatingMethodAccessorImpl.java:43)
	at java.lang.reflect.Method.invoke(Method.java:498)
	at org.junit.runners.model.FrameworkMethod$1.runReflectiveCall(FrameworkMethod.java:45)
	at org.junit.internal.runners.model.ReflectiveCallable.run(ReflectiveCallable.java:15)
	at org.junit.runners.model.FrameworkMethod.invokeExplosively(FrameworkMethod.java:42)
	at org.junit.internal.runners.statements.RunAfters.evaluate(RunAfters.java:36)
	at org.junit.runners.ParentRunner.run(ParentRunner.java:300)
	at org.junit.runners.Suite.runChild(Suite.java:128)
	at org.junit.runners.Suite.runChild(Suite.java:24)
	at org.junit.runners.ParentRunner$3.run(ParentRunner.java:231)
	at org.junit.runners.ParentRunner$1.schedule(ParentRunner.java:60)
	at org.junit.runners.ParentRunner.runChildren(ParentRunner.java:229)
	at org.junit.runners.ParentRunner.access$000(ParentRunner.java:50)
	at org.junit.runners.ParentRunner$2.evaluate(ParentRunner.java:222)
	at org.junit.runners.ParentRunner.run(ParentRunner.java:300)
	at org.junit.runner.JUnitCore.run(JUnitCore.java:157)
	at org.junit.runner.JUnitCore.run(JUnitCore.java:136)
	at edu.illinois.cs.testrunner.execution.JUnitTestExecutor.execute(JUnitTestExecutor.java:259)
	at edu.illinois.cs.testrunner.execution.JUnitTestExecutor.executeWithJUnit4Runner(JUnitTestExecutor.java:327)
	at edu.illinois.cs.testrunner.execution.JUnitTestExecutor.runOrder(JUnitTestExecutor.java:49)
	at edu.illinois.cs.testrunner.execution.Executor$.$anonfun$run$1(Executor.scala:30)
	at scala.runtime.java8.JFunction0$mcV$sp.apply(JFunction0$mcV$sp.java:12)
	at scala.util.Try$.apply(Try.scala:209)
	at edu.illinois.cs.testrunner.execution.Executor$.run(Executor.scala:28)
	at edu.illinois.cs.testrunner.execution.Executor$.main(Executor.scala:18)
	at edu.illinois.cs.testrunner.execution.Executor.main(Executor.scala)
24/04/26 02:14:43 INFO server.NIOServerCnxnFactory: binding to port 0.0.0.0/0.0.0.0:58452
24/04/26 02:14:43 INFO persistence.FileTxnSnapLog: Snapshotting: 0x0 to /home/alex/Repositories/wasp/target/test-data/2d76edac-bfb0-4c6e-a0b2-abff094a04ea/dfscluster_03c999c8-3ec5-45ff-8e3d-8c697f6a5003/zookeeper_0/version-2/snapshot.0
24/04/26 02:14:43 INFO server.NIOServerCnxnFactory: Accepted socket connection from /127.0.0.1:41918
24/04/26 02:14:43 DEBUG zookeeper.ZKUtil: MockServer,123,-1 opening connection to ZooKeeper with ensemble (localhost:58452)
24/04/26 02:14:43 INFO zookeeper.RecoverableZooKeeper: The identifier of this process is 105530@Lenovo-Bot
24/04/26 02:14:43 INFO server.NIOServerCnxnFactory: Accepted socket connection from /127.0.0.1:41934
24/04/26 02:14:43 INFO persistence.FileTxnLog: Creating new log file: log.1
24/04/26 02:14:43 DEBUG zookeeper.ZooKeeperWatcher: MockServer,123,-1 Received ZooKeeper Event, type=None, state=SyncConnected, path=null
24/04/26 02:14:43 DEBUG zookeeper.ZooKeeperWatcher: MockServer,123,-1-0xff8f17f80d0e0000 connected
24/04/26 02:14:43 INFO fserver.EntityGroup: creating EntityGroup TestOpenEntityGroupHandler Table == CREATE TABLE TestOpenEntityGroupHandler { 
  REQUIRED INT32 column1 COLUMNFAMILY d;
  REQUIRED INT64 column2 COLUMNFAMILY d;
  REQUIRED STRING column3 COLUMNFAMILY d;
  OPTIONAL FLOAT column4 COLUMNFAMILY d;
  OPTIONAL DOUBLE column5 COLUMNFAMILY d;
  OPTIONAL DATETIME column6 COLUMNFAMILY d;
  REPEATED PROTOBUF column7 COLUMNFAMILY d;
  OPTIONAL STRING column8 COLUMNFAMILY d;
} 
PRIMARY KEY(column1),
ENTITY GROUP ROOT,
ENTITY GROUP KEY(column1);
 Table name == TestOpenEntityGroupHandler
24/04/26 02:14:43 DEBUG fserver.MetricsEntityGroupSourceImpl: Creating new MetricsEntityGroupSourceImpl for table TestOpenEntityGroupHandler 6807ae545715cf1391b29f7506895cee
24/04/26 02:14:43 DEBUG fserver.EntityGroup: Instantiated TestOpenEntityGroupHandler,\x00\x00\x00\x00,1714094083365.6807ae545715cf1391b29f7506895cee.
24/04/26 02:14:43 ERROR server.NIOServerCnxnFactory: Thread Thread[Thread-75,5,main] died
java.lang.NullPointerException
	at com.alibaba.wasp.fserver.EntityGroup.run(EntityGroup.java:1264)
	at java.lang.Thread.run(Thread.java:750)
24/04/26 02:14:43 DEBUG zookeeper.ZKAssign: MockServer,123,-1-0xff8f17f80d0e0000 Attempting to transition node 6807ae545715cf1391b29f7506895cee from M_ZK_ENTITYGROUP_OFFLINE to FSERVER_ZK_ENTITYGROUP_OPENING
24/04/26 02:14:43 DEBUG zookeeper.ZKUtil: MockServer,123,-1-0xff8f17f80d0e0000 Unable to get data of znode /wasp/unassigned/6807ae545715cf1391b29f7506895cee because node does not exist (not necessarily an error)
24/04/26 02:14:43 WARN handler.OpenEntityGroupHandler: Failed transition from OFFLINE to OPENING for entityGroup=6807ae545715cf1391b29f7506895cee
24/04/26 02:14:43 WARN handler.OpenEntityGroupHandler: EntityGroup was hijacked? It no longer exists, encodedName=6807ae545715cf1391b29f7506895cee
24/04/26 02:14:43 DEBUG zookeeper.ZKAssign: MockServer,123,-1-0xff8f17f80d0e0000 Creating unassigned node for 6807ae545715cf1391b29f7506895cee in OFFLINE state
24/04/26 02:14:43 DEBUG zookeeper.ZKAssign: MockServer,123,-1-0xff8f17f80d0e0000 Attempting to transition node 6807ae545715cf1391b29f7506895cee from M_ZK_ENTITYGROUP_OFFLINE to FSERVER_ZK_ENTITYGROUP_OPENING
24/04/26 02:14:43 DEBUG zookeeper.ZKUtil: MockServer,123,-1-0xff8f17f80d0e0000 Retrieved 117 byte(s) of data from znode /wasp/unassigned/6807ae545715cf1391b29f7506895cee; data=entityGroup=TestOpenEntityGroupHandler,\x00\x00\x00\x00,1714094083365.6807ae545715cf1391b29f7506895cee., state=M_ZK_ENTITYGROUP_OFFLINE, servername=MockServer,123,-1, createTime=1714094083437, payload.length=0
24/04/26 02:14:43 DEBUG zookeeper.ZooKeeperWatcher: MockServer,123,-1-0xff8f17f80d0e0000 Received ZooKeeper Event, type=NodeDataChanged, state=SyncConnected, path=/wasp/unassigned/6807ae545715cf1391b29f7506895cee
24/04/26 02:14:43 DEBUG zookeeper.ZKAssign: MockServer,123,-1-0xff8f17f80d0e0000 Successfully transitioned node 6807ae545715cf1391b29f7506895cee from M_ZK_ENTITYGROUP_OFFLINE to FSERVER_ZK_ENTITYGROUP_OPENING
24/04/26 02:14:43 INFO fserver.EntityGroup: EntityGroup.openEntityGroup EntityGroup name ==TestOpenEntityGroupHandler,\x00\x00\x00\x00,1714094083365.6807ae545715cf1391b29f7506895cee.
24/04/26 02:14:43 DEBUG fserver.EntityGroup: Opening EntityGroup: {NAME => 'TestOpenEntityGroupHandler,\x00\x00\x00\x00,1714094083365.6807ae545715cf1391b29f7506895cee.', STARTKEY => '\x00\x00\x00\x00', ENDKEY => '\x00\x00\x00\x01', ENCODED => 6807ae545715cf1391b29f7506895cee,}
24/04/26 02:14:43 DEBUG fserver.MetricsEntityGroupSourceImpl: Creating new MetricsEntityGroupSourceImpl for table TestOpenEntityGroupHandler 6807ae545715cf1391b29f7506895cee
24/04/26 02:14:43 DEBUG fserver.EntityGroup: Instantiated TestOpenEntityGroupHandler,\x00\x00\x00\x00,1714094083365.6807ae545715cf1391b29f7506895cee.
24/04/26 02:14:43 ERROR server.NIOServerCnxnFactory: Thread Thread[Thread-78,5,main] died
java.lang.NullPointerException
	at com.alibaba.wasp.fserver.EntityGroup.run(EntityGroup.java:1264)
	at java.lang.Thread.run(Thread.java:750)
24/04/26 02:14:43 DEBUG zookeeper.ZKAssign: MockServer,123,-1-0xff8f17f80d0e0000 Attempting to transition node 6807ae545715cf1391b29f7506895cee from FSERVER_ZK_ENTITYGROUP_OPENING to FSERVER_ZK_ENTITYGROUP_OPENING
24/04/26 02:14:43 DEBUG zookeeper.ZKUtil: MockServer,123,-1-0xff8f17f80d0e0000 Unable to get data of znode /wasp/unassigned/6807ae545715cf1391b29f7506895cee because node does not exist (not necessarily an error)
24/04/26 02:14:43 WARN handler.OpenEntityGroupHandler: Failed refreshing OPENING; entityGroup=6807ae545715cf1391b29f7506895cee, context=post_entitygroup_open
24/04/26 02:14:43 DEBUG fserver.EntityGroup: Closing TestOpenEntityGroupHandler,\x00\x00\x00\x00,1714094083365.6807ae545715cf1391b29f7506895cee.
24/04/26 02:14:43 DEBUG fserver.EntityGroup: Updates disabled for entityGroup TestOpenEntityGroupHandler,\x00\x00\x00\x00,1714094083365.6807ae545715cf1391b29f7506895cee.
24/04/26 02:14:43 INFO fserver.EntityGroup: Running commit transaction of TestOpenEntityGroupHandler,\x00\x00\x00\x00,1714094083365.6807ae545715cf1391b29f7506895cee. before close
24/04/26 02:14:43 INFO fserver.EntityGroup: Closed TestOpenEntityGroupHandler,\x00\x00\x00\x00,1714094083365.6807ae545715cf1391b29f7506895cee.
24/04/26 02:14:43 INFO handler.OpenEntityGroupHandler: Opening of entityGroup {NAME => 'TestOpenEntityGroupHandler,\x00\x00\x00\x00,1714094083365.6807ae545715cf1391b29f7506895cee.', STARTKEY => '\x00\x00\x00\x00', ENDKEY => '\x00\x00\x00\x01', ENCODED => 6807ae545715cf1391b29f7506895cee,} failed, marking as FAILED_OPEN in ZK
24/04/26 02:14:43 DEBUG zookeeper.ZKAssign: MockServer,123,-1-0xff8f17f80d0e0000 Attempting to transition node 6807ae545715cf1391b29f7506895cee from FSERVER_ZK_ENTITYGROUP_OPENING to FSERVER_ZK_ENTITYGROUP_FAILED_OPEN
24/04/26 02:14:43 DEBUG zookeeper.ZKUtil: MockServer,123,-1-0xff8f17f80d0e0000 Unable to get data of znode /wasp/unassigned/6807ae545715cf1391b29f7506895cee because node does not exist (not necessarily an error)
24/04/26 02:14:43 WARN handler.OpenEntityGroupHandler: Unable to mark entityGroup {NAME => 'TestOpenEntityGroupHandler,\x00\x00\x00\x00,1714094083365.6807ae545715cf1391b29f7506895cee.', STARTKEY => '\x00\x00\x00\x00', ENDKEY => '\x00\x00\x00\x01', ENCODED => 6807ae545715cf1391b29f7506895cee,} as FAILED_OPEN. It's likely that the master already timed out this open attempt, and thus another RS already has the entityGroup.
24/04/26 02:14:43 DEBUG fserver.EntityGroup: Closing TestOpenEntityGroupHandler,\x00\x00\x00\x00,1714094083365.6807ae545715cf1391b29f7506895cee.
24/04/26 02:14:43 DEBUG fserver.EntityGroup: Updates disabled for entityGroup TestOpenEntityGroupHandler,\x00\x00\x00\x00,1714094083365.6807ae545715cf1391b29f7506895cee.
24/04/26 02:14:43 INFO fserver.EntityGroup: Running commit transaction of TestOpenEntityGroupHandler,\x00\x00\x00\x00,1714094083365.6807ae545715cf1391b29f7506895cee. before close
24/04/26 02:14:43 INFO fserver.EntityGroup: Closed TestOpenEntityGroupHandler,\x00\x00\x00\x00,1714094083365.6807ae545715cf1391b29f7506895cee.
24/04/26 02:14:43 DEBUG zookeeper.ZKUtil: MockServer,123,-1 opening connection to ZooKeeper with ensemble (localhost:58452)
24/04/26 02:14:43 INFO zookeeper.RecoverableZooKeeper: The identifier of this process is 105530@Lenovo-Bot
24/04/26 02:14:43 INFO server.NIOServerCnxnFactory: Accepted socket connection from /127.0.0.1:41942
24/04/26 02:14:43 DEBUG zookeeper.ZooKeeperWatcher: MockServer,123,-1 Received ZooKeeper Event, type=None, state=SyncConnected, path=null
24/04/26 02:14:43 DEBUG zookeeper.ZooKeeperWatcher: MockServer,123,-1-0xff8f17f80d0e0001 connected
24/04/26 02:14:43 DEBUG zookeeper.ZKAssign: MockServer,123,-1-0xff8f17f80d0e0001 Creating unassigned node for 89705977cfc8fcfc8a56b53fac7ff543 in OFFLINE state
24/04/26 02:14:43 DEBUG zookeeper.ZKAssign: MockServer,123,-1-0xff8f17f80d0e0001 Attempting to transition node 89705977cfc8fcfc8a56b53fac7ff543 from M_ZK_ENTITYGROUP_OFFLINE to FSERVER_ZK_ENTITYGROUP_OPENING
24/04/26 02:14:43 DEBUG zookeeper.ZKUtil: MockServer,123,-1-0xff8f17f80d0e0001 Retrieved 117 byte(s) of data from znode /wasp/unassigned/89705977cfc8fcfc8a56b53fac7ff543; data=entityGroup=TestOpenEntityGroupHandler,\x00\x00\x00\x00,1714094083464.89705977cfc8fcfc8a56b53fac7ff543., state=M_ZK_ENTITYGROUP_OFFLINE, servername=MockServer,123,-1, createTime=1714094083469, payload.length=0
24/04/26 02:14:43 DEBUG zookeeper.ZooKeeperWatcher: MockServer,123,-1-0xff8f17f80d0e0001 Received ZooKeeper Event, type=NodeDataChanged, state=SyncConnected, path=/wasp/unassigned/89705977cfc8fcfc8a56b53fac7ff543
24/04/26 02:14:43 DEBUG zookeeper.ZKAssign: MockServer,123,-1-0xff8f17f80d0e0001 Successfully transitioned node 89705977cfc8fcfc8a56b53fac7ff543 from M_ZK_ENTITYGROUP_OFFLINE to FSERVER_ZK_ENTITYGROUP_OPENING
24/04/26 02:14:43 INFO handler.OpenEntityGroupHandler: Opening of entityGroup {NAME => 'TestOpenEntityGroupHandler,\x00\x00\x00\x00,1714094083464.89705977cfc8fcfc8a56b53fac7ff543.', STARTKEY => '\x00\x00\x00\x00', ENDKEY => '\x00\x00\x00\x01', ENCODED => 89705977cfc8fcfc8a56b53fac7ff543,} failed, marking as FAILED_OPEN in ZK
24/04/26 02:14:43 DEBUG zookeeper.ZKAssign: MockServer,123,-1-0xff8f17f80d0e0001 Attempting to transition node 89705977cfc8fcfc8a56b53fac7ff543 from FSERVER_ZK_ENTITYGROUP_OPENING to FSERVER_ZK_ENTITYGROUP_FAILED_OPEN
24/04/26 02:14:43 DEBUG zookeeper.ZKUtil: MockServer,123,-1-0xff8f17f80d0e0001 Retrieved 117 byte(s) of data from znode /wasp/unassigned/89705977cfc8fcfc8a56b53fac7ff543; data=entityGroup=TestOpenEntityGroupHandler,\x00\x00\x00\x00,1714094083464.89705977cfc8fcfc8a56b53fac7ff543., state=FSERVER_ZK_ENTITYGROUP_OPENING, servername=MockServer,123,-1, createTime=1714094083472, payload.length=0
24/04/26 02:14:43 DEBUG zookeeper.ZKAssign: MockServer,123,-1-0xff8f17f80d0e0001 Successfully transitioned node 89705977cfc8fcfc8a56b53fac7ff543 from FSERVER_ZK_ENTITYGROUP_OPENING to FSERVER_ZK_ENTITYGROUP_FAILED_OPEN
24/04/26 02:14:43 DEBUG zookeeper.ZKUtil: MockServer,123,-1-0xff8f17f80d0e0001 Retrieved 117 byte(s) of data from znode /wasp/unassigned/89705977cfc8fcfc8a56b53fac7ff543 and set watcher; entityGroup=TestOpenEntityGroupHandler,\x00\x00\x00\x00,1714094083464.89705977cfc8fcfc8a56b53fac7ff543., state=FSERVER_ZK_ENTITYGROUP_FAILED_OPEN, servername=MockServer,123,-1, createTime=1714094083475, payload.length=0
24/04/26 02:14:43 DEBUG zookeeper.ZKUtil: MockServer,123,-1 opening connection to ZooKeeper with ensemble (localhost:58452)
24/04/26 02:14:43 INFO zookeeper.RecoverableZooKeeper: The identifier of this process is 105530@Lenovo-Bot
24/04/26 02:14:43 INFO server.NIOServerCnxnFactory: Accepted socket connection from /127.0.0.1:41946
24/04/26 02:14:43 DEBUG zookeeper.ZooKeeperWatcher: MockServer,123,-1 Received ZooKeeper Event, type=None, state=SyncConnected, path=null
24/04/26 02:14:43 DEBUG zookeeper.ZooKeeperWatcher: MockServer,123,-1-0xff8f17f80d0e0002 connected
24/04/26 02:14:43 DEBUG zookeeper.ZKAssign: MockServer,123,-1-0xff8f17f80d0e0002 Creating unassigned node for 422c73460d4f1734c0a606b3636c294e in OFFLINE state
24/04/26 02:14:43 DEBUG zookeeper.ZKAssign: MockServer,123,-1-0xff8f17f80d0e0002 Attempting to transition node 422c73460d4f1734c0a606b3636c294e from M_ZK_ENTITYGROUP_OFFLINE to FSERVER_ZK_ENTITYGROUP_OPENING
24/04/26 02:14:43 DEBUG zookeeper.ZKUtil: MockServer,123,-1-0xff8f17f80d0e0002 Retrieved 117 byte(s) of data from znode /wasp/unassigned/422c73460d4f1734c0a606b3636c294e; data=entityGroup=TestOpenEntityGroupHandler,\x00\x00\x00\x00,1714094083478.422c73460d4f1734c0a606b3636c294e., state=M_ZK_ENTITYGROUP_OFFLINE, servername=MockServer,123,-1, createTime=1714094083483, payload.length=0
24/04/26 02:14:43 DEBUG zookeeper.ZooKeeperWatcher: MockServer,123,-1-0xff8f17f80d0e0002 Received ZooKeeper Event, type=NodeDataChanged, state=SyncConnected, path=/wasp/unassigned/422c73460d4f1734c0a606b3636c294e
24/04/26 02:14:43 DEBUG zookeeper.ZKAssign: MockServer,123,-1-0xff8f17f80d0e0002 Successfully transitioned node 422c73460d4f1734c0a606b3636c294e from M_ZK_ENTITYGROUP_OFFLINE to FSERVER_ZK_ENTITYGROUP_OPENING
24/04/26 02:14:43 INFO fserver.EntityGroup: EntityGroup.openEntityGroup EntityGroup name ==TestOpenEntityGroupHandler,\x00\x00\x00\x00,1714094083478.422c73460d4f1734c0a606b3636c294e.
24/04/26 02:14:43 DEBUG fserver.EntityGroup: Opening EntityGroup: {NAME => 'TestOpenEntityGroupHandler,\x00\x00\x00\x00,1714094083478.422c73460d4f1734c0a606b3636c294e.', STARTKEY => '\x00\x00\x00\x00', ENDKEY => '\x00\x00\x00\x01', ENCODED => 422c73460d4f1734c0a606b3636c294e,}
24/04/26 02:14:43 DEBUG fserver.MetricsEntityGroupSourceImpl: Creating new MetricsEntityGroupSourceImpl for table TestOpenEntityGroupHandler 422c73460d4f1734c0a606b3636c294e
24/04/26 02:14:43 DEBUG fserver.EntityGroup: Instantiated TestOpenEntityGroupHandler,\x00\x00\x00\x00,1714094083478.422c73460d4f1734c0a606b3636c294e.
24/04/26 02:14:43 DEBUG zookeeper.ZKAssign: MockServer,123,-1-0xff8f17f80d0e0002 Attempting to transition node 422c73460d4f1734c0a606b3636c294e from FSERVER_ZK_ENTITYGROUP_OPENING to FSERVER_ZK_ENTITYGROUP_OPENING
24/04/26 02:14:43 ERROR server.NIOServerCnxnFactory: Thread Thread[Thread-81,5,main] died
java.lang.NullPointerException
	at com.alibaba.wasp.fserver.EntityGroup.run(EntityGroup.java:1264)
	at java.lang.Thread.run(Thread.java:750)
24/04/26 02:14:43 DEBUG zookeeper.ZKUtil: MockServer,123,-1-0xff8f17f80d0e0002 Retrieved 117 byte(s) of data from znode /wasp/unassigned/422c73460d4f1734c0a606b3636c294e; data=entityGroup=TestOpenEntityGroupHandler,\x00\x00\x00\x00,1714094083478.422c73460d4f1734c0a606b3636c294e., state=FSERVER_ZK_ENTITYGROUP_OPENING, servername=MockServer,123,-1, createTime=1714094083486, payload.length=0
24/04/26 02:14:43 DEBUG zookeeper.ZKAssign: MockServer,123,-1-0xff8f17f80d0e0002 Successfully transitioned node 422c73460d4f1734c0a606b3636c294e from FSERVER_ZK_ENTITYGROUP_OPENING to FSERVER_ZK_ENTITYGROUP_OPENING
24/04/26 02:14:43 DEBUG fserver.EntityGroup: Closing TestOpenEntityGroupHandler,\x00\x00\x00\x00,1714094083478.422c73460d4f1734c0a606b3636c294e.
24/04/26 02:14:43 DEBUG fserver.EntityGroup: Updates disabled for entityGroup TestOpenEntityGroupHandler,\x00\x00\x00\x00,1714094083478.422c73460d4f1734c0a606b3636c294e.
24/04/26 02:14:43 INFO fserver.EntityGroup: Running commit transaction of TestOpenEntityGroupHandler,\x00\x00\x00\x00,1714094083478.422c73460d4f1734c0a606b3636c294e. before close
24/04/26 02:14:43 INFO fserver.EntityGroup: Closed TestOpenEntityGroupHandler,\x00\x00\x00\x00,1714094083478.422c73460d4f1734c0a606b3636c294e.
24/04/26 02:14:43 INFO handler.OpenEntityGroupHandler: Opening of entityGroup {NAME => 'TestOpenEntityGroupHandler,\x00\x00\x00\x00,1714094083478.422c73460d4f1734c0a606b3636c294e.', STARTKEY => '\x00\x00\x00\x00', ENDKEY => '\x00\x00\x00\x01', ENCODED => 422c73460d4f1734c0a606b3636c294e,} failed, marking as FAILED_OPEN in ZK
24/04/26 02:14:43 DEBUG zookeeper.ZKAssign: MockServer,123,-1-0xff8f17f80d0e0002 Attempting to transition node 422c73460d4f1734c0a606b3636c294e from FSERVER_ZK_ENTITYGROUP_OPENING to FSERVER_ZK_ENTITYGROUP_FAILED_OPEN
24/04/26 02:14:43 DEBUG zookeeper.ZKUtil: MockServer,123,-1-0xff8f17f80d0e0002 Retrieved 117 byte(s) of data from znode /wasp/unassigned/422c73460d4f1734c0a606b3636c294e; data=entityGroup=TestOpenEntityGroupHandler,\x00\x00\x00\x00,1714094083478.422c73460d4f1734c0a606b3636c294e., state=FSERVER_ZK_ENTITYGROUP_OPENING, servername=MockServer,123,-1, createTime=1714094083489, payload.length=0
24/04/26 02:14:43 DEBUG zookeeper.ZKAssign: MockServer,123,-1-0xff8f17f80d0e0002 Successfully transitioned node 422c73460d4f1734c0a606b3636c294e from FSERVER_ZK_ENTITYGROUP_OPENING to FSERVER_ZK_ENTITYGROUP_FAILED_OPEN
24/04/26 02:14:43 DEBUG zookeeper.ZKUtil: MockServer,123,-1-0xff8f17f80d0e0002 Retrieved 117 byte(s) of data from znode /wasp/unassigned/422c73460d4f1734c0a606b3636c294e and set watcher; entityGroup=TestOpenEntityGroupHandler,\x00\x00\x00\x00,1714094083478.422c73460d4f1734c0a606b3636c294e., state=FSERVER_ZK_ENTITYGROUP_FAILED_OPEN, servername=MockServer,123,-1, createTime=1714094083492, payload.length=0
24/04/26 02:14:43 INFO server.NIOServerCnxnFactory: NIOServerCnxn factory exited run method
24/04/26 02:14:43 INFO server.SessionTrackerImpl: Shutting down
24/04/26 02:14:43 INFO server.SyncRequestProcessor: Shutting down
24/04/26 02:14:43 INFO server.SyncRequestProcessor: SyncRequestProcessor exited!
24/04/26 02:14:43 INFO server.FinalRequestProcessor: shutdown of request processor complete
24/04/26 02:14:43 INFO wasp.WaspTestingUtility: Starting up minicluster with 1 master(s) and 3 fserver(s) 
24/04/26 02:14:43 DEBUG zookeeper.ZooKeeperWatcher: MockServer,123,-1-0xff8f17f80d0e0001 Received ZooKeeper Event, type=None, state=Disconnected, path=null
24/04/26 02:14:43 DEBUG zookeeper.ZooKeeperWatcher: MockServer,123,-1-0xff8f17f80d0e0000 Received ZooKeeper Event, type=None, state=Disconnected, path=null
24/04/26 02:14:43 DEBUG zookeeper.ZooKeeperWatcher: MockServer,123,-1-0xff8f17f80d0e0000 Received Disconnected from ZooKeeper, ignoring
24/04/26 02:14:43 DEBUG zookeeper.ZooKeeperWatcher: MockServer,123,-1-0xff8f17f80d0e0002 Received ZooKeeper Event, type=None, state=Disconnected, path=null
24/04/26 02:14:43 DEBUG zookeeper.ZooKeeperWatcher: MockServer,123,-1-0xff8f17f80d0e0002 Received Disconnected from ZooKeeper, ignoring
24/04/26 02:14:43 DEBUG zookeeper.ZooKeeperWatcher: MockServer,123,-1-0xff8f17f80d0e0001 Received Disconnected from ZooKeeper, ignoring
Starting DataNode 0 with dfs.data.dir: /home/alex/Repositories/wasp/target/test-data/99b8c250-b6fa-48fa-8c0f-04285e1c2c42/dfscluster_a9cbfc3c-161e-4cbd-9b05-bcdf79ced324/dfs/data/data1,/home/alex/Repositories/wasp/target/test-data/99b8c250-b6fa-48fa-8c0f-04285e1c2c42/dfscluster_a9cbfc3c-161e-4cbd-9b05-bcdf79ced324/dfs/data/data2
24/04/26 02:14:43 ERROR datanode.DataNode: All directories in dfs.data.dir are invalid.
24/04/26 02:14:43 INFO wasp.WaspTestingUtility: Shutting down mini wasp cluster
24/04/26 02:14:43 INFO wasp.WaspTestingUtility: Minicluster is down
java.lang.NullPointerException
	at org.apache.hadoop.hdfs.MiniDFSCluster.startDataNodes(MiniDFSCluster.java:422)
	at org.apache.hadoop.hdfs.MiniDFSCluster.<init>(MiniDFSCluster.java:280)
	at org.apache.hadoop.hbase.HBaseTestingUtility.startMiniDFSCluster(HBaseTestingUtility.java:451)
	at org.apache.hadoop.hbase.HBaseTestingUtility.startMiniCluster(HBaseTestingUtility.java:619)
	at org.apache.hadoop.hbase.HBaseTestingUtility.startMiniCluster(HBaseTestingUtility.java:575)
	at com.alibaba.wasp.WaspTestingUtility.startMiniCluster(WaspTestingUtility.java:172)
	at com.alibaba.wasp.WaspTestingUtility.startMiniCluster(WaspTestingUtility.java:144)
	at com.alibaba.wasp.messagequeue.TestSubscriber.setUpBeforeClass(TestSubscriber.java:71)
	at sun.reflect.NativeMethodAccessorImpl.invoke0(Native Method)
	at sun.reflect.NativeMethodAccessorImpl.invoke(NativeMethodAccessorImpl.java:62)
	at sun.reflect.DelegatingMethodAccessorImpl.invoke(DelegatingMethodAccessorImpl.java:43)
	at java.lang.reflect.Method.invoke(Method.java:498)
	at org.junit.runners.model.FrameworkMethod$1.runReflectiveCall(FrameworkMethod.java:45)
	at org.junit.internal.runners.model.ReflectiveCallable.run(ReflectiveCallable.java:15)
	at org.junit.runners.model.FrameworkMethod.invokeExplosively(FrameworkMethod.java:42)
	at org.junit.internal.runners.statements.RunBefores.evaluate(RunBefores.java:27)
	at org.junit.internal.runners.statements.RunAfters.evaluate(RunAfters.java:30)
	at org.junit.runners.ParentRunner.run(ParentRunner.java:300)
	at org.junit.runners.Suite.runChild(Suite.java:128)
	at org.junit.runners.Suite.runChild(Suite.java:24)
	at org.junit.runners.ParentRunner$3.run(ParentRunner.java:231)
	at org.junit.runners.ParentRunner$1.schedule(ParentRunner.java:60)
	at org.junit.runners.ParentRunner.runChildren(ParentRunner.java:229)
	at org.junit.runners.ParentRunner.access$000(ParentRunner.java:50)
	at org.junit.runners.ParentRunner$2.evaluate(ParentRunner.java:222)
	at org.junit.runners.ParentRunner.run(ParentRunner.java:300)
	at org.junit.runner.JUnitCore.run(JUnitCore.java:157)
	at org.junit.runner.JUnitCore.run(JUnitCore.java:136)
	at edu.illinois.cs.testrunner.execution.JUnitTestExecutor.execute(JUnitTestExecutor.java:259)
	at edu.illinois.cs.testrunner.execution.JUnitTestExecutor.executeWithJUnit4Runner(JUnitTestExecutor.java:327)
	at edu.illinois.cs.testrunner.execution.JUnitTestExecutor.runOrder(JUnitTestExecutor.java:49)
	at edu.illinois.cs.testrunner.execution.Executor$.$anonfun$run$1(Executor.scala:30)
	at scala.runtime.java8.JFunction0$mcV$sp.apply(JFunction0$mcV$sp.java:12)
	at scala.util.Try$.apply(Try.scala:209)
	at edu.illinois.cs.testrunner.execution.Executor$.run(Executor.scala:28)
	at edu.illinois.cs.testrunner.execution.Executor$.main(Executor.scala:18)
	at edu.illinois.cs.testrunner.execution.Executor.main(Executor.scala)
24/04/26 02:14:43 DEBUG master.TestOpenedEntityGroupHandler: 

TRR: Starting cluster

24/04/26 02:14:43 INFO wasp.WaspTestingUtility: Starting up minicluster with 1 master(s) and 1 fserver(s) 
24/04/26 02:14:44 INFO server.SessionTrackerImpl: SessionTrackerImpl exited loop!
Starting DataNode 0 with dfs.data.dir: /home/alex/Repositories/wasp/target/test-data/0dcf5c0f-636e-4db2-9423-67e980d7249f/dfscluster_cd81a3da-a71f-40e4-9e12-003be194b901/dfs/data/data1,/home/alex/Repositories/wasp/target/test-data/0dcf5c0f-636e-4db2-9423-67e980d7249f/dfscluster_cd81a3da-a71f-40e4-9e12-003be194b901/dfs/data/data2
24/04/26 02:14:44 ERROR datanode.DataNode: All directories in dfs.data.dir are invalid.
24/04/26 02:14:44 INFO wasp.WaspTestingUtility: Shutting down mini wasp cluster
24/04/26 02:14:44 INFO wasp.WaspTestingUtility: Minicluster is down
java.lang.NullPointerException
	at org.apache.hadoop.hdfs.MiniDFSCluster.startDataNodes(MiniDFSCluster.java:422)
	at org.apache.hadoop.hdfs.MiniDFSCluster.<init>(MiniDFSCluster.java:280)
	at org.apache.hadoop.hbase.HBaseTestingUtility.startMiniDFSCluster(HBaseTestingUtility.java:451)
	at org.apache.hadoop.hbase.HBaseTestingUtility.startMiniCluster(HBaseTestingUtility.java:619)
	at org.apache.hadoop.hbase.HBaseTestingUtility.startMiniCluster(HBaseTestingUtility.java:575)
	at com.alibaba.wasp.WaspTestingUtility.startMiniCluster(WaspTestingUtility.java:172)
	at com.alibaba.wasp.master.TestOpenedEntityGroupHandler.testOpenedEntityGroupHandlerOnMasterRestart(TestOpenedEntityGroupHandler.java:93)
	at sun.reflect.NativeMethodAccessorImpl.invoke0(Native Method)
	at sun.reflect.NativeMethodAccessorImpl.invoke(NativeMethodAccessorImpl.java:62)
	at sun.reflect.DelegatingMethodAccessorImpl.invoke(DelegatingMethodAccessorImpl.java:43)
	at java.lang.reflect.Method.invoke(Method.java:498)
	at org.junit.runners.model.FrameworkMethod$1.runReflectiveCall(FrameworkMethod.java:45)
	at org.junit.internal.runners.model.ReflectiveCallable.run(ReflectiveCallable.java:15)
	at org.junit.runners.model.FrameworkMethod.invokeExplosively(FrameworkMethod.java:42)
	at org.junit.internal.runners.statements.InvokeMethod.evaluate(InvokeMethod.java:20)
	at org.junit.internal.runners.statements.RunBefores.evaluate(RunBefores.java:28)
	at org.junit.internal.runners.statements.RunAfters.evaluate(RunAfters.java:30)
	at org.junit.runners.ParentRunner.runLeaf(ParentRunner.java:263)
	at org.junit.runners.BlockJUnit4ClassRunner.runChild(BlockJUnit4ClassRunner.java:68)
	at org.junit.runners.BlockJUnit4ClassRunner.runChild(BlockJUnit4ClassRunner.java:47)
	at org.junit.runners.ParentRunner$3.run(ParentRunner.java:231)
	at org.junit.runners.ParentRunner$1.schedule(ParentRunner.java:60)
	at org.junit.runners.ParentRunner.runChildren(ParentRunner.java:229)
	at org.junit.runners.ParentRunner.access$000(ParentRunner.java:50)
	at org.junit.runners.ParentRunner$2.evaluate(ParentRunner.java:222)
	at org.junit.runners.ParentRunner.run(ParentRunner.java:300)
	at org.junit.runners.Suite.runChild(Suite.java:128)
	at org.junit.runners.Suite.runChild(Suite.java:24)
	at org.junit.runners.ParentRunner$3.run(ParentRunner.java:231)
	at org.junit.runners.ParentRunner$1.schedule(ParentRunner.java:60)
	at org.junit.runners.ParentRunner.runChildren(ParentRunner.java:229)
	at org.junit.runners.ParentRunner.access$000(ParentRunner.java:50)
	at org.junit.runners.ParentRunner$2.evaluate(ParentRunner.java:222)
	at org.junit.runners.ParentRunner.run(ParentRunner.java:300)
	at org.junit.runner.JUnitCore.run(JUnitCore.java:157)
	at org.junit.runner.JUnitCore.run(JUnitCore.java:136)
	at edu.illinois.cs.testrunner.execution.JUnitTestExecutor.execute(JUnitTestExecutor.java:259)
	at edu.illinois.cs.testrunner.execution.JUnitTestExecutor.executeWithJUnit4Runner(JUnitTestExecutor.java:327)
	at edu.illinois.cs.testrunner.execution.JUnitTestExecutor.runOrder(JUnitTestExecutor.java:49)
	at edu.illinois.cs.testrunner.execution.Executor$.$anonfun$run$1(Executor.scala:30)
	at scala.runtime.java8.JFunction0$mcV$sp.apply(JFunction0$mcV$sp.java:12)
	at scala.util.Try$.apply(Try.scala:209)
	at edu.illinois.cs.testrunner.execution.Executor$.run(Executor.scala:28)
	at edu.illinois.cs.testrunner.execution.Executor$.main(Executor.scala:18)
	at edu.illinois.cs.testrunner.execution.Executor.main(Executor.scala)
24/04/26 02:14:44 INFO server.NIOServerCnxnFactory: binding to port 0.0.0.0/0.0.0.0:56945
24/04/26 02:14:44 INFO persistence.FileTxnSnapLog: Snapshotting: 0x0 to /home/alex/Repositories/wasp/target/test-data/53907531-296e-4a9c-a5c6-4147465316e4/dfscluster_a31b3c2a-5f5f-47ea-ba9c-f0bc8e87baee/zookeeper_0/version-2/snapshot.0
24/04/26 02:14:44 INFO server.NIOServerCnxnFactory: Accepted socket connection from /127.0.0.1:32880
24/04/26 02:14:44 DEBUG zookeeper.ZKUtil: MockServer,123,-1 opening connection to ZooKeeper with ensemble (localhost:56945)
24/04/26 02:14:44 INFO zookeeper.RecoverableZooKeeper: The identifier of this process is 105530@Lenovo-Bot
24/04/26 02:14:44 INFO server.NIOServerCnxnFactory: Accepted socket connection from /127.0.0.1:32890
24/04/26 02:14:44 INFO persistence.FileTxnLog: Creating new log file: log.1
24/04/26 02:14:44 DEBUG zookeeper.ZooKeeperWatcher: MockServer,123,-1 Received ZooKeeper Event, type=None, state=SyncConnected, path=null
24/04/26 02:14:44 DEBUG zookeeper.ZooKeeperWatcher: MockServer,123,-1-0xff8f17f810390000 connected
24/04/26 02:14:44 INFO fserver.EntityGroup: creating EntityGroup testShouldNotCompeleteOpenedEntityGroupSuccessfullyIfVersionMismatches Table == CREATE TABLE testShouldNotCompeleteOpenedEntityGroupSuccessfullyIfVersionMismatches { 
  REQUIRED INT32 column1 COLUMNFAMILY d;
  REQUIRED INT64 column2 COLUMNFAMILY d;
  REQUIRED STRING column3 COLUMNFAMILY d;
  OPTIONAL FLOAT column4 COLUMNFAMILY d;
  OPTIONAL DOUBLE column5 COLUMNFAMILY d;
  OPTIONAL DATETIME column6 COLUMNFAMILY d;
  REPEATED PROTOBUF column7 COLUMNFAMILY d;
  OPTIONAL STRING column8 COLUMNFAMILY d;
} 
PRIMARY KEY(column1),
ENTITY GROUP ROOT,
ENTITY GROUP KEY(column1);
 Table name == testShouldNotCompeleteOpenedEntityGroupSuccessfullyIfVersionMismatches
24/04/26 02:14:44 DEBUG fserver.EntityGroup: Instantiated testShouldNotCompeleteOpenedEntityGroupSuccessfullyIfVersionMismatches,\x00\x00\x00\x00,1714094084169.af89eac26e4672645db7dc890efda70d.
24/04/26 02:14:44 ERROR server.NIOServerCnxnFactory: Thread Thread[Thread-131,5,main] died
java.lang.NullPointerException
	at com.alibaba.wasp.fserver.EntityGroup.run(EntityGroup.java:1264)
	at java.lang.Thread.run(Thread.java:750)
24/04/26 02:14:44 DEBUG zookeeper.ZKUtil: unittest opening connection to ZooKeeper with ensemble (localhost:56945)
24/04/26 02:14:44 INFO zookeeper.RecoverableZooKeeper: The identifier of this process is 105530@Lenovo-Bot
24/04/26 02:14:44 DEBUG zookeeper.ZKAssign: unittest Creating unassigned node for af89eac26e4672645db7dc890efda70d in OFFLINE state
24/04/26 02:14:44 INFO server.NIOServerCnxnFactory: Accepted socket connection from /127.0.0.1:32892
24/04/26 02:14:44 DEBUG zookeeper.ZooKeeperWatcher: unittest Received ZooKeeper Event, type=None, state=SyncConnected, path=null
24/04/26 02:14:44 DEBUG zookeeper.ZooKeeperWatcher: unittest-0xff8f17f810390001 connected
24/04/26 02:14:44 DEBUG zookeeper.ZKAssign: unittest-0xff8f17f810390001 Attempting to transition node af89eac26e4672645db7dc890efda70d from M_ZK_ENTITYGROUP_OFFLINE to FSERVER_ZK_ENTITYGROUP_OPENING
24/04/26 02:14:44 DEBUG zookeeper.ZKUtil: unittest-0xff8f17f810390001 Retrieved 161 byte(s) of data from znode /wasp/unassigned/af89eac26e4672645db7dc890efda70d; data=entityGroup=testShouldNotCompeleteOpenedEntityGroupSuccessfullyIfVersionMismatches,\x00\x00\x00\x00,1714094084169.af89eac26e4672645db7dc890efda70d., state=M_ZK_ENTITYGROUP_OFFLINE, servername=MockServer,123,-1, createTime=1714094084257, payload.length=0
24/04/26 02:14:44 DEBUG zookeeper.ZooKeeperWatcher: unittest-0xff8f17f810390001 Received ZooKeeper Event, type=NodeDataChanged, state=SyncConnected, path=/wasp/unassigned/af89eac26e4672645db7dc890efda70d
24/04/26 02:14:44 DEBUG zookeeper.ZKAssign: unittest-0xff8f17f810390001 Successfully transitioned node af89eac26e4672645db7dc890efda70d from M_ZK_ENTITYGROUP_OFFLINE to FSERVER_ZK_ENTITYGROUP_OPENING
24/04/26 02:14:44 DEBUG zookeeper.ZKAssign: unittest-0xff8f17f810390001 Attempting to transition node af89eac26e4672645db7dc890efda70d from FSERVER_ZK_ENTITYGROUP_OPENING to FSERVER_ZK_ENTITYGROUP_OPENED
24/04/26 02:14:44 DEBUG zookeeper.ZKUtil: unittest-0xff8f17f810390001 Retrieved 161 byte(s) of data from znode /wasp/unassigned/af89eac26e4672645db7dc890efda70d; data=entityGroup=testShouldNotCompeleteOpenedEntityGroupSuccessfullyIfVersionMismatches,\x00\x00\x00\x00,1714094084169.af89eac26e4672645db7dc890efda70d., state=FSERVER_ZK_ENTITYGROUP_OPENING, servername=MockServer,123,-1, createTime=1714094084261, payload.length=0
24/04/26 02:14:44 DEBUG zookeeper.ZKAssign: unittest-0xff8f17f810390001 Successfully transitioned node af89eac26e4672645db7dc890efda70d from FSERVER_ZK_ENTITYGROUP_OPENING to FSERVER_ZK_ENTITYGROUP_OPENED
24/04/26 02:14:44 DEBUG zookeeper.ZKUtil: unittest-0xff8f17f810390001 Retrieved 161 byte(s) of data from znode /wasp/unassigned/af89eac26e4672645db7dc890efda70d and set watcher; entityGroup=testShouldNotCompeleteOpenedEntityGroupSuccessfullyIfVersionMismatches,\x00\x00\x00\x00,1714094084169.af89eac26e4672645db7dc890efda70d., state=FSERVER_ZK_ENTITYGROUP_OPENED, servername=MockServer,123,-1, createTime=1714094084263, payload.length=0
24/04/26 02:14:44 DEBUG zookeeper.ZKAssign: unittest-0xff8f17f810390001 Attempting to transition node af89eac26e4672645db7dc890efda70d from FSERVER_ZK_ENTITYGROUP_OPENED to FSERVER_ZK_ENTITYGROUP_OPENED
24/04/26 02:14:44 DEBUG zookeeper.ZKUtil: unittest-0xff8f17f810390001 Retrieved 161 byte(s) of data from znode /wasp/unassigned/af89eac26e4672645db7dc890efda70d; data=entityGroup=testShouldNotCompeleteOpenedEntityGroupSuccessfullyIfVersionMismatches,\x00\x00\x00\x00,1714094084169.af89eac26e4672645db7dc890efda70d., state=FSERVER_ZK_ENTITYGROUP_OPENED, servername=MockServer,123,-1, createTime=1714094084263, payload.length=0
24/04/26 02:14:44 DEBUG zookeeper.ZooKeeperWatcher: unittest-0xff8f17f810390001 Received ZooKeeper Event, type=NodeDataChanged, state=SyncConnected, path=/wasp/unassigned/af89eac26e4672645db7dc890efda70d
24/04/26 02:14:44 DEBUG zookeeper.ZKAssign: unittest-0xff8f17f810390001 Successfully transitioned node af89eac26e4672645db7dc890efda70d from FSERVER_ZK_ENTITYGROUP_OPENED to FSERVER_ZK_ENTITYGROUP_OPENED
24/04/26 02:14:44 WARN handler.OpenedEntityGroupHandler: Skipping the onlining of testShouldNotCompeleteOpenedEntityGroupSuccessfullyIfVersionMismatches,\x00\x00\x00\x00,1714094084169.af89eac26e4672645db7dc890efda70d. because entityGroups is NOT in EGIT -- presuming this is because it SPLIT
24/04/26 02:14:44 DEBUG fserver.EntityGroup: Closing testShouldNotCompeleteOpenedEntityGroupSuccessfullyIfVersionMismatches,\x00\x00\x00\x00,1714094084169.af89eac26e4672645db7dc890efda70d.
24/04/26 02:14:44 DEBUG fserver.EntityGroup: Updates disabled for entityGroup testShouldNotCompeleteOpenedEntityGroupSuccessfullyIfVersionMismatches,\x00\x00\x00\x00,1714094084169.af89eac26e4672645db7dc890efda70d.
24/04/26 02:14:44 INFO fserver.EntityGroup: Running commit transaction of testShouldNotCompeleteOpenedEntityGroupSuccessfullyIfVersionMismatches,\x00\x00\x00\x00,1714094084169.af89eac26e4672645db7dc890efda70d. before close
24/04/26 02:14:44 INFO fserver.EntityGroup: Closed testShouldNotCompeleteOpenedEntityGroupSuccessfullyIfVersionMismatches,\x00\x00\x00\x00,1714094084169.af89eac26e4672645db7dc890efda70d.
24/04/26 02:14:44 INFO server.NIOServerCnxnFactory: NIOServerCnxn factory exited run method
24/04/26 02:14:44 INFO server.SessionTrackerImpl: Shutting down
24/04/26 02:14:44 INFO server.SyncRequestProcessor: Shutting down
24/04/26 02:14:44 INFO server.SyncRequestProcessor: SyncRequestProcessor exited!
24/04/26 02:14:44 INFO server.FinalRequestProcessor: shutdown of request processor complete
24/04/26 02:14:44 INFO wasp.WaspTestingUtility: Shutting down mini wasp cluster
24/04/26 02:14:44 INFO wasp.WaspTestingUtility: Minicluster is down
24/04/26 02:14:44 DEBUG fserver.MetricsEntityGroupSourceImpl: Creating new MetricsEntityGroupSourceImpl for table MetricsEntityGroupWrapperStub DEADBEEF001
24/04/26 02:14:44 INFO wasp.WaspTestingUtility: Starting up minicluster with 1 master(s) and 3 fserver(s) 
24/04/26 02:14:44 DEBUG zookeeper.ZooKeeperWatcher: unittest-0xff8f17f810390001 Received ZooKeeper Event, type=None, state=Disconnected, path=null
24/04/26 02:14:44 DEBUG zookeeper.ZooKeeperWatcher: unittest-0xff8f17f810390001 Received Disconnected from ZooKeeper, ignoring
24/04/26 02:14:44 DEBUG zookeeper.ZooKeeperWatcher: MockServer,123,-1-0xff8f17f810390000 Received ZooKeeper Event, type=None, state=Disconnected, path=null
24/04/26 02:14:44 DEBUG zookeeper.ZooKeeperWatcher: MockServer,123,-1-0xff8f17f810390000 Received Disconnected from ZooKeeper, ignoring
Starting DataNode 0 with dfs.data.dir: /home/alex/Repositories/wasp/target/test-data/078bf966-2164-44e8-a5bb-c64265f12423/dfscluster_7afcec67-c4ae-4a9d-a684-7033966dccc9/dfs/data/data1,/home/alex/Repositories/wasp/target/test-data/078bf966-2164-44e8-a5bb-c64265f12423/dfscluster_7afcec67-c4ae-4a9d-a684-7033966dccc9/dfs/data/data2
24/04/26 02:14:44 ERROR datanode.DataNode: All directories in dfs.data.dir are invalid.
24/04/26 02:14:44 INFO wasp.WaspTestingUtility: Shutting down mini wasp cluster
24/04/26 02:14:44 INFO wasp.WaspTestingUtility: Minicluster is down
java.lang.NullPointerException
	at org.apache.hadoop.hdfs.MiniDFSCluster.startDataNodes(MiniDFSCluster.java:422)
	at org.apache.hadoop.hdfs.MiniDFSCluster.<init>(MiniDFSCluster.java:280)
	at org.apache.hadoop.hbase.HBaseTestingUtility.startMiniDFSCluster(HBaseTestingUtility.java:451)
	at org.apache.hadoop.hbase.HBaseTestingUtility.startMiniCluster(HBaseTestingUtility.java:619)
	at org.apache.hadoop.hbase.HBaseTestingUtility.startMiniCluster(HBaseTestingUtility.java:575)
	at com.alibaba.wasp.WaspTestingUtility.startMiniCluster(WaspTestingUtility.java:172)
	at com.alibaba.wasp.WaspTestingUtility.startMiniCluster(WaspTestingUtility.java:144)
	at com.alibaba.wasp.jdbc.TestJdbcResultFormatter.setUpBeforeClass(TestJdbcResultFormatter.java:51)
	at sun.reflect.NativeMethodAccessorImpl.invoke0(Native Method)
	at sun.reflect.NativeMethodAccessorImpl.invoke(NativeMethodAccessorImpl.java:62)
	at sun.reflect.DelegatingMethodAccessorImpl.invoke(DelegatingMethodAccessorImpl.java:43)
	at java.lang.reflect.Method.invoke(Method.java:498)
	at org.junit.runners.model.FrameworkMethod$1.runReflectiveCall(FrameworkMethod.java:45)
	at org.junit.internal.runners.model.ReflectiveCallable.run(ReflectiveCallable.java:15)
	at org.junit.runners.model.FrameworkMethod.invokeExplosively(FrameworkMethod.java:42)
	at org.junit.internal.runners.statements.RunBefores.evaluate(RunBefores.java:27)
	at org.junit.internal.runners.statements.RunAfters.evaluate(RunAfters.java:30)
	at org.junit.runners.ParentRunner.run(ParentRunner.java:300)
	at org.junit.runners.Suite.runChild(Suite.java:128)
	at org.junit.runners.Suite.runChild(Suite.java:24)
	at org.junit.runners.ParentRunner$3.run(ParentRunner.java:231)
	at org.junit.runners.ParentRunner$1.schedule(ParentRunner.java:60)
	at org.junit.runners.ParentRunner.runChildren(ParentRunner.java:229)
	at org.junit.runners.ParentRunner.access$000(ParentRunner.java:50)
	at org.junit.runners.ParentRunner$2.evaluate(ParentRunner.java:222)
	at org.junit.runners.ParentRunner.run(ParentRunner.java:300)
	at org.junit.runner.JUnitCore.run(JUnitCore.java:157)
	at org.junit.runner.JUnitCore.run(JUnitCore.java:136)
	at edu.illinois.cs.testrunner.execution.JUnitTestExecutor.execute(JUnitTestExecutor.java:259)
	at edu.illinois.cs.testrunner.execution.JUnitTestExecutor.executeWithJUnit4Runner(JUnitTestExecutor.java:327)
	at edu.illinois.cs.testrunner.execution.JUnitTestExecutor.runOrder(JUnitTestExecutor.java:49)
	at edu.illinois.cs.testrunner.execution.Executor$.$anonfun$run$1(Executor.scala:30)
	at scala.runtime.java8.JFunction0$mcV$sp.apply(JFunction0$mcV$sp.java:12)
	at scala.util.Try$.apply(Try.scala:209)
	at edu.illinois.cs.testrunner.execution.Executor$.run(Executor.scala:28)
	at edu.illinois.cs.testrunner.execution.Executor$.main(Executor.scala:18)
	at edu.illinois.cs.testrunner.execution.Executor.main(Executor.scala)
java.lang.NullPointerException
	at com.alibaba.wasp.jdbc.TestJdbcResultFormatter.tearDownAfterClass(TestJdbcResultFormatter.java:71)
	at sun.reflect.NativeMethodAccessorImpl.invoke0(Native Method)
	at sun.reflect.NativeMethodAccessorImpl.invoke(NativeMethodAccessorImpl.java:62)
	at sun.reflect.DelegatingMethodAccessorImpl.invoke(DelegatingMethodAccessorImpl.java:43)
	at java.lang.reflect.Method.invoke(Method.java:498)
	at org.junit.runners.model.FrameworkMethod$1.runReflectiveCall(FrameworkMethod.java:45)
	at org.junit.internal.runners.model.ReflectiveCallable.run(ReflectiveCallable.java:15)
	at org.junit.runners.model.FrameworkMethod.invokeExplosively(FrameworkMethod.java:42)
	at org.junit.internal.runners.statements.RunAfters.evaluate(RunAfters.java:36)
	at org.junit.runners.ParentRunner.run(ParentRunner.java:300)
	at org.junit.runners.Suite.runChild(Suite.java:128)
	at org.junit.runners.Suite.runChild(Suite.java:24)
	at org.junit.runners.ParentRunner$3.run(ParentRunner.java:231)
	at org.junit.runners.ParentRunner$1.schedule(ParentRunner.java:60)
	at org.junit.runners.ParentRunner.runChildren(ParentRunner.java:229)
	at org.junit.runners.ParentRunner.access$000(ParentRunner.java:50)
	at org.junit.runners.ParentRunner$2.evaluate(ParentRunner.java:222)
	at org.junit.runners.ParentRunner.run(ParentRunner.java:300)
	at org.junit.runner.JUnitCore.run(JUnitCore.java:157)
	at org.junit.runner.JUnitCore.run(JUnitCore.java:136)
	at edu.illinois.cs.testrunner.execution.JUnitTestExecutor.execute(JUnitTestExecutor.java:259)
	at edu.illinois.cs.testrunner.execution.JUnitTestExecutor.executeWithJUnit4Runner(JUnitTestExecutor.java:327)
	at edu.illinois.cs.testrunner.execution.JUnitTestExecutor.runOrder(JUnitTestExecutor.java:49)
	at edu.illinois.cs.testrunner.execution.Executor$.$anonfun$run$1(Executor.scala:30)
	at scala.runtime.java8.JFunction0$mcV$sp.apply(JFunction0$mcV$sp.java:12)
	at scala.util.Try$.apply(Try.scala:209)
	at edu.illinois.cs.testrunner.execution.Executor$.run(Executor.scala:28)
	at edu.illinois.cs.testrunner.execution.Executor$.main(Executor.scala:18)
	at edu.illinois.cs.testrunner.execution.Executor.main(Executor.scala)
24/04/26 02:14:44 DEBUG druid.DruidParser: Parsing SQL CREATE TABLE User { Required Int64 user_id; Required String name; Optional DOUBLE value; }  primary key(user_id),  entity group root, entity group key(user_id);
24/04/26 02:14:44 DEBUG druid.DruidDDLParser: CreateTablePlan CreateTablePlan [table=CREATE TABLE User { 
  REQUIRED INT64 user_id COLUMNFAMILY d;
  REQUIRED STRING name COLUMNFAMILY d;
  OPTIONAL DOUBLE value COLUMNFAMILY d;
} 
PRIMARY KEY(user_id),
ENTITY GROUP ROOT,
ENTITY GROUP KEY(user_id);
, splitKeys=null]
24/04/26 02:14:44 DEBUG druid.DruidParser: Parsing SQL CREATE TABLE Photo { Required Int64 user_id columnfamily cf comment 'aaa';  Required Int32 photo_id comment 'child primary key';  Optional Int64 time; Optional String full_url;  Optional String thumbnail_url; Optional string tag; Optional DATETIME date; Optional Int32 int32Type; }  primary key(user_id,photo_id),  in table User,  Entity Group Key(user_id) references User; 
24/04/26 02:14:44 DEBUG druid.DruidDDLParser: CreateTablePlan CreateTablePlan [table=CREATE TABLE Photo { 
  REQUIRED INT64 user_id COLUMNFAMILY cf;
  REQUIRED INT32 photo_id COLUMNFAMILY d;
  OPTIONAL INT64 time COLUMNFAMILY d;
  OPTIONAL STRING full_url COLUMNFAMILY d;
  OPTIONAL STRING thumbnail_url COLUMNFAMILY d;
  OPTIONAL STRING tag COLUMNFAMILY d;
  OPTIONAL DATETIME date COLUMNFAMILY d;
  OPTIONAL INT32 int32Type COLUMNFAMILY d;
} 
PRIMARY KEY(user_id, photo_id, ),
 IN TABLE User,
 ENTITY GROUP KEY(user_id) REFERENCES User;
, splitKeys=null]
CREATE TABLE User { 
  REQUIRED INT64 user_id COLUMNFAMILY d;
  REQUIRED STRING name COLUMNFAMILY d;
} 
PRIMARY KEY(user_id),
ENTITY GROUP ROOT,
ENTITY GROUP KEY(user_id);



CREATE TABLE Photo { 
  REQUIRED INT64 user_id COLUMNFAMILY d;
  REQUIRED INT32 photo_id COLUMNFAMILY d;
  REQUIRED INT64 time COLUMNFAMILY d;
  REQUIRED STRING full_url COLUMNFAMILY d;
  OPTIONAL STRING thumbnail_url COLUMNFAMILY d;
  REPEATED STRING tag COLUMNFAMILY d;
} 
PRIMARY KEY(user_id, photo_id, ),
 IN TABLE User,
 ENTITY GROUP KEY(user_id) REFERENCES User;

24/04/26 02:14:44 DEBUG druid.DruidParser: Parsing SQL CREATE TABLE User { Required Int64 user_id; Required String name; Optional DOUBLE value; }  primary key(user_id),  entity group root, entity group key(user_id);
24/04/26 02:14:44 DEBUG druid.DruidDDLParser: CreateTablePlan CreateTablePlan [table=CREATE TABLE User { 
  REQUIRED INT64 user_id COLUMNFAMILY d;
  REQUIRED STRING name COLUMNFAMILY d;
  OPTIONAL DOUBLE value COLUMNFAMILY d;
} 
PRIMARY KEY(user_id),
ENTITY GROUP ROOT,
ENTITY GROUP KEY(user_id);
, splitKeys=null]
24/04/26 02:14:44 DEBUG druid.DruidParser: Parsing SQL CREATE TABLE Photo { Required Int64 user_id columnfamily cf comment 'aaa';  Required Int32 photo_id comment 'child primary key';  Optional Int64 time; Optional String full_url;  Optional String thumbnail_url; Optional string tag; Optional DATETIME date; Optional Int32 int32Type; }  primary key(user_id,photo_id),  in table User,  Entity Group Key(user_id) references User; 
24/04/26 02:14:44 DEBUG druid.DruidDDLParser: CreateTablePlan CreateTablePlan [table=CREATE TABLE Photo { 
  REQUIRED INT64 user_id COLUMNFAMILY cf;
  REQUIRED INT32 photo_id COLUMNFAMILY d;
  OPTIONAL INT64 time COLUMNFAMILY d;
  OPTIONAL STRING full_url COLUMNFAMILY d;
  OPTIONAL STRING thumbnail_url COLUMNFAMILY d;
  OPTIONAL STRING tag COLUMNFAMILY d;
  OPTIONAL DATETIME date COLUMNFAMILY d;
  OPTIONAL INT32 int32Type COLUMNFAMILY d;
} 
PRIMARY KEY(user_id, photo_id, ),
 IN TABLE User,
 ENTITY GROUP KEY(user_id) REFERENCES User;
, splitKeys=null]
24/04/26 02:14:44 DEBUG druid.DruidParser: Parsing SQL DELETE FROM User1 WHERE user_id = 123;
24/04/26 02:14:44 DEBUG druid.DruidDMLParser: UPDATE SQL From clause User1
24/04/26 02:14:44 ERROR druid.DruidParserTestUtil: execute
com.alibaba.wasp.TableNotFoundException: User1 not exists!
	at com.alibaba.wasp.plan.parser.druid.FMetaEventOperation.checkAndGetTable(FMetaEventOperation.java:79)
	at com.alibaba.wasp.plan.parser.druid.DruidDMLParser.getDeletePlan(DruidDMLParser.java:200)
	at com.alibaba.wasp.plan.parser.druid.DruidDMLParser.generatePlan(DruidDMLParser.java:108)
	at com.alibaba.wasp.plan.parser.druid.DruidParserTestUtil.execute(DruidParserTestUtil.java:104)
	at com.alibaba.wasp.plan.parser.druid.TestDruidDMLFailParser.getDeleteFailedPlan(TestDruidDMLFailParser.java:142)
	at sun.reflect.NativeMethodAccessorImpl.invoke0(Native Method)
	at sun.reflect.NativeMethodAccessorImpl.invoke(NativeMethodAccessorImpl.java:62)
	at sun.reflect.DelegatingMethodAccessorImpl.invoke(DelegatingMethodAccessorImpl.java:43)
	at java.lang.reflect.Method.invoke(Method.java:498)
	at org.junit.runners.model.FrameworkMethod$1.runReflectiveCall(FrameworkMethod.java:45)
	at org.junit.internal.runners.model.ReflectiveCallable.run(ReflectiveCallable.java:15)
	at org.junit.runners.model.FrameworkMethod.invokeExplosively(FrameworkMethod.java:42)
	at org.junit.internal.runners.statements.InvokeMethod.evaluate(InvokeMethod.java:20)
	at org.junit.internal.runners.statements.RunBefores.evaluate(RunBefores.java:28)
	at org.junit.internal.runners.statements.RunAfters.evaluate(RunAfters.java:30)
	at org.junit.runners.ParentRunner.runLeaf(ParentRunner.java:263)
	at org.junit.runners.BlockJUnit4ClassRunner.runChild(BlockJUnit4ClassRunner.java:68)
	at org.junit.runners.BlockJUnit4ClassRunner.runChild(BlockJUnit4ClassRunner.java:47)
	at org.junit.runners.ParentRunner$3.run(ParentRunner.java:231)
	at org.junit.runners.ParentRunner$1.schedule(ParentRunner.java:60)
	at org.junit.runners.ParentRunner.runChildren(ParentRunner.java:229)
	at org.junit.runners.ParentRunner.access$000(ParentRunner.java:50)
	at org.junit.runners.ParentRunner$2.evaluate(ParentRunner.java:222)
	at org.junit.internal.runners.statements.RunBefores.evaluate(RunBefores.java:28)
	at org.junit.internal.runners.statements.RunAfters.evaluate(RunAfters.java:30)
	at org.junit.runners.ParentRunner.run(ParentRunner.java:300)
	at org.junit.runners.Suite.runChild(Suite.java:128)
	at org.junit.runners.Suite.runChild(Suite.java:24)
	at org.junit.runners.ParentRunner$3.run(ParentRunner.java:231)
	at org.junit.runners.ParentRunner$1.schedule(ParentRunner.java:60)
	at org.junit.runners.ParentRunner.runChildren(ParentRunner.java:229)
	at org.junit.runners.ParentRunner.access$000(ParentRunner.java:50)
	at org.junit.runners.ParentRunner$2.evaluate(ParentRunner.java:222)
	at org.junit.runners.ParentRunner.run(ParentRunner.java:300)
	at org.junit.runner.JUnitCore.run(JUnitCore.java:157)
	at org.junit.runner.JUnitCore.run(JUnitCore.java:136)
	at edu.illinois.cs.testrunner.execution.JUnitTestExecutor.execute(JUnitTestExecutor.java:259)
	at edu.illinois.cs.testrunner.execution.JUnitTestExecutor.executeWithJUnit4Runner(JUnitTestExecutor.java:327)
	at edu.illinois.cs.testrunner.execution.JUnitTestExecutor.runOrder(JUnitTestExecutor.java:49)
	at edu.illinois.cs.testrunner.execution.Executor$.$anonfun$run$1(Executor.scala:30)
	at scala.runtime.java8.JFunction0$mcV$sp.apply(JFunction0$mcV$sp.java:12)
	at scala.util.Try$.apply(Try.scala:209)
	at edu.illinois.cs.testrunner.execution.Executor$.run(Executor.scala:28)
	at edu.illinois.cs.testrunner.execution.Executor$.main(Executor.scala:18)
	at edu.illinois.cs.testrunner.execution.Executor.main(Executor.scala)
24/04/26 02:14:44 DEBUG druid.DruidParser: Parsing SQL DELETE FROM User WHERE user_id2 = 123;
24/04/26 02:14:44 DEBUG druid.DruidDMLParser: UPDATE SQL From clause User
24/04/26 02:14:44 DEBUG druid.DruidDMLParser: UPDATE SQL where user_id2 = 123
24/04/26 02:14:44 ERROR druid.DruidParserTestUtil: execute
com.alibaba.wasp.plan.parser.UnsupportedException: User does not have column 'user_id2'!
	at com.alibaba.wasp.plan.parser.druid.FMetaEventOperation.checkAndGetFields(FMetaEventOperation.java:114)
	at com.alibaba.wasp.plan.parser.druid.DruidDMLParser.getDeletePlan(DruidDMLParser.java:213)
	at com.alibaba.wasp.plan.parser.druid.DruidDMLParser.generatePlan(DruidDMLParser.java:108)
	at com.alibaba.wasp.plan.parser.druid.DruidParserTestUtil.execute(DruidParserTestUtil.java:104)
	at com.alibaba.wasp.plan.parser.druid.TestDruidDMLFailParser.getDeleteFailedPlan(TestDruidDMLFailParser.java:142)
	at sun.reflect.NativeMethodAccessorImpl.invoke0(Native Method)
	at sun.reflect.NativeMethodAccessorImpl.invoke(NativeMethodAccessorImpl.java:62)
	at sun.reflect.DelegatingMethodAccessorImpl.invoke(DelegatingMethodAccessorImpl.java:43)
	at java.lang.reflect.Method.invoke(Method.java:498)
	at org.junit.runners.model.FrameworkMethod$1.runReflectiveCall(FrameworkMethod.java:45)
	at org.junit.internal.runners.model.ReflectiveCallable.run(ReflectiveCallable.java:15)
	at org.junit.runners.model.FrameworkMethod.invokeExplosively(FrameworkMethod.java:42)
	at org.junit.internal.runners.statements.InvokeMethod.evaluate(InvokeMethod.java:20)
	at org.junit.internal.runners.statements.RunBefores.evaluate(RunBefores.java:28)
	at org.junit.internal.runners.statements.RunAfters.evaluate(RunAfters.java:30)
	at org.junit.runners.ParentRunner.runLeaf(ParentRunner.java:263)
	at org.junit.runners.BlockJUnit4ClassRunner.runChild(BlockJUnit4ClassRunner.java:68)
	at org.junit.runners.BlockJUnit4ClassRunner.runChild(BlockJUnit4ClassRunner.java:47)
	at org.junit.runners.ParentRunner$3.run(ParentRunner.java:231)
	at org.junit.runners.ParentRunner$1.schedule(ParentRunner.java:60)
	at org.junit.runners.ParentRunner.runChildren(ParentRunner.java:229)
	at org.junit.runners.ParentRunner.access$000(ParentRunner.java:50)
	at org.junit.runners.ParentRunner$2.evaluate(ParentRunner.java:222)
	at org.junit.internal.runners.statements.RunBefores.evaluate(RunBefores.java:28)
	at org.junit.internal.runners.statements.RunAfters.evaluate(RunAfters.java:30)
	at org.junit.runners.ParentRunner.run(ParentRunner.java:300)
	at org.junit.runners.Suite.runChild(Suite.java:128)
	at org.junit.runners.Suite.runChild(Suite.java:24)
	at org.junit.runners.ParentRunner$3.run(ParentRunner.java:231)
	at org.junit.runners.ParentRunner$1.schedule(ParentRunner.java:60)
	at org.junit.runners.ParentRunner.runChildren(ParentRunner.java:229)
	at org.junit.runners.ParentRunner.access$000(ParentRunner.java:50)
	at org.junit.runners.ParentRunner$2.evaluate(ParentRunner.java:222)
	at org.junit.runners.ParentRunner.run(ParentRunner.java:300)
	at org.junit.runner.JUnitCore.run(JUnitCore.java:157)
	at org.junit.runner.JUnitCore.run(JUnitCore.java:136)
	at edu.illinois.cs.testrunner.execution.JUnitTestExecutor.execute(JUnitTestExecutor.java:259)
	at edu.illinois.cs.testrunner.execution.JUnitTestExecutor.executeWithJUnit4Runner(JUnitTestExecutor.java:327)
	at edu.illinois.cs.testrunner.execution.JUnitTestExecutor.runOrder(JUnitTestExecutor.java:49)
	at edu.illinois.cs.testrunner.execution.Executor$.$anonfun$run$1(Executor.scala:30)
	at scala.runtime.java8.JFunction0$mcV$sp.apply(JFunction0$mcV$sp.java:12)
	at scala.util.Try$.apply(Try.scala:209)
	at edu.illinois.cs.testrunner.execution.Executor$.run(Executor.scala:28)
	at edu.illinois.cs.testrunner.execution.Executor$.main(Executor.scala:18)
	at edu.illinois.cs.testrunner.execution.Executor.main(Executor.scala)
24/04/26 02:14:44 DEBUG druid.DruidParser: Parsing SQL DELETE FROM Photo WHERE photo_id = 123;
24/04/26 02:14:44 DEBUG druid.DruidDMLParser: UPDATE SQL From clause Photo
24/04/26 02:14:44 DEBUG druid.DruidDMLParser: UPDATE SQL where photo_id = 123
24/04/26 02:14:44 ERROR druid.DruidParserTestUtil: execute
com.alibaba.wasp.NotMatchPrimaryKeyException: Not match primary key.
	at com.alibaba.wasp.plan.parser.druid.DruidDMLParser.getDeletePlan(DruidDMLParser.java:218)
	at com.alibaba.wasp.plan.parser.druid.DruidDMLParser.generatePlan(DruidDMLParser.java:108)
	at com.alibaba.wasp.plan.parser.druid.DruidParserTestUtil.execute(DruidParserTestUtil.java:104)
	at com.alibaba.wasp.plan.parser.druid.TestDruidDMLFailParser.getDeleteFailedPlan(TestDruidDMLFailParser.java:142)
	at sun.reflect.NativeMethodAccessorImpl.invoke0(Native Method)
	at sun.reflect.NativeMethodAccessorImpl.invoke(NativeMethodAccessorImpl.java:62)
	at sun.reflect.DelegatingMethodAccessorImpl.invoke(DelegatingMethodAccessorImpl.java:43)
	at java.lang.reflect.Method.invoke(Method.java:498)
	at org.junit.runners.model.FrameworkMethod$1.runReflectiveCall(FrameworkMethod.java:45)
	at org.junit.internal.runners.model.ReflectiveCallable.run(ReflectiveCallable.java:15)
	at org.junit.runners.model.FrameworkMethod.invokeExplosively(FrameworkMethod.java:42)
	at org.junit.internal.runners.statements.InvokeMethod.evaluate(InvokeMethod.java:20)
	at org.junit.internal.runners.statements.RunBefores.evaluate(RunBefores.java:28)
	at org.junit.internal.runners.statements.RunAfters.evaluate(RunAfters.java:30)
	at org.junit.runners.ParentRunner.runLeaf(ParentRunner.java:263)
	at org.junit.runners.BlockJUnit4ClassRunner.runChild(BlockJUnit4ClassRunner.java:68)
	at org.junit.runners.BlockJUnit4ClassRunner.runChild(BlockJUnit4ClassRunner.java:47)
	at org.junit.runners.ParentRunner$3.run(ParentRunner.java:231)
	at org.junit.runners.ParentRunner$1.schedule(ParentRunner.java:60)
	at org.junit.runners.ParentRunner.runChildren(ParentRunner.java:229)
	at org.junit.runners.ParentRunner.access$000(ParentRunner.java:50)
	at org.junit.runners.ParentRunner$2.evaluate(ParentRunner.java:222)
	at org.junit.internal.runners.statements.RunBefores.evaluate(RunBefores.java:28)
	at org.junit.internal.runners.statements.RunAfters.evaluate(RunAfters.java:30)
	at org.junit.runners.ParentRunner.run(ParentRunner.java:300)
	at org.junit.runners.Suite.runChild(Suite.java:128)
	at org.junit.runners.Suite.runChild(Suite.java:24)
	at org.junit.runners.ParentRunner$3.run(ParentRunner.java:231)
	at org.junit.runners.ParentRunner$1.schedule(ParentRunner.java:60)
	at org.junit.runners.ParentRunner.runChildren(ParentRunner.java:229)
	at org.junit.runners.ParentRunner.access$000(ParentRunner.java:50)
	at org.junit.runners.ParentRunner$2.evaluate(ParentRunner.java:222)
	at org.junit.runners.ParentRunner.run(ParentRunner.java:300)
	at org.junit.runner.JUnitCore.run(JUnitCore.java:157)
	at org.junit.runner.JUnitCore.run(JUnitCore.java:136)
	at edu.illinois.cs.testrunner.execution.JUnitTestExecutor.execute(JUnitTestExecutor.java:259)
	at edu.illinois.cs.testrunner.execution.JUnitTestExecutor.executeWithJUnit4Runner(JUnitTestExecutor.java:327)
	at edu.illinois.cs.testrunner.execution.JUnitTestExecutor.runOrder(JUnitTestExecutor.java:49)
	at edu.illinois.cs.testrunner.execution.Executor$.$anonfun$run$1(Executor.scala:30)
	at scala.runtime.java8.JFunction0$mcV$sp.apply(JFunction0$mcV$sp.java:12)
	at scala.util.Try$.apply(Try.scala:209)
	at edu.illinois.cs.testrunner.execution.Executor$.run(Executor.scala:28)
	at edu.illinois.cs.testrunner.execution.Executor$.main(Executor.scala:18)
	at edu.illinois.cs.testrunner.execution.Executor.main(Executor.scala)
24/04/26 02:14:44 DEBUG druid.DruidParser: Parsing SQL DELETE FROM User WHERE user_id >= 123;
24/04/26 02:14:44 DEBUG druid.DruidDMLParser: UPDATE SQL From clause User
24/04/26 02:14:44 DEBUG druid.DruidDMLParser: UPDATE SQL where user_id >= 123
24/04/26 02:14:44 ERROR druid.DruidParserTestUtil: execute
com.alibaba.wasp.plan.parser.UnsupportedException: RANGE is not supported!
	at com.alibaba.wasp.plan.parser.druid.DruidDMLParser.getDeletePlan(DruidDMLParser.java:209)
	at com.alibaba.wasp.plan.parser.druid.DruidDMLParser.generatePlan(DruidDMLParser.java:108)
	at com.alibaba.wasp.plan.parser.druid.DruidParserTestUtil.execute(DruidParserTestUtil.java:104)
	at com.alibaba.wasp.plan.parser.druid.TestDruidDMLFailParser.getDeleteFailedPlan(TestDruidDMLFailParser.java:142)
	at sun.reflect.NativeMethodAccessorImpl.invoke0(Native Method)
	at sun.reflect.NativeMethodAccessorImpl.invoke(NativeMethodAccessorImpl.java:62)
	at sun.reflect.DelegatingMethodAccessorImpl.invoke(DelegatingMethodAccessorImpl.java:43)
	at java.lang.reflect.Method.invoke(Method.java:498)
	at org.junit.runners.model.FrameworkMethod$1.runReflectiveCall(FrameworkMethod.java:45)
	at org.junit.internal.runners.model.ReflectiveCallable.run(ReflectiveCallable.java:15)
	at org.junit.runners.model.FrameworkMethod.invokeExplosively(FrameworkMethod.java:42)
	at org.junit.internal.runners.statements.InvokeMethod.evaluate(InvokeMethod.java:20)
	at org.junit.internal.runners.statements.RunBefores.evaluate(RunBefores.java:28)
	at org.junit.internal.runners.statements.RunAfters.evaluate(RunAfters.java:30)
	at org.junit.runners.ParentRunner.runLeaf(ParentRunner.java:263)
	at org.junit.runners.BlockJUnit4ClassRunner.runChild(BlockJUnit4ClassRunner.java:68)
	at org.junit.runners.BlockJUnit4ClassRunner.runChild(BlockJUnit4ClassRunner.java:47)
	at org.junit.runners.ParentRunner$3.run(ParentRunner.java:231)
	at org.junit.runners.ParentRunner$1.schedule(ParentRunner.java:60)
	at org.junit.runners.ParentRunner.runChildren(ParentRunner.java:229)
	at org.junit.runners.ParentRunner.access$000(ParentRunner.java:50)
	at org.junit.runners.ParentRunner$2.evaluate(ParentRunner.java:222)
	at org.junit.internal.runners.statements.RunBefores.evaluate(RunBefores.java:28)
	at org.junit.internal.runners.statements.RunAfters.evaluate(RunAfters.java:30)
	at org.junit.runners.ParentRunner.run(ParentRunner.java:300)
	at org.junit.runners.Suite.runChild(Suite.java:128)
	at org.junit.runners.Suite.runChild(Suite.java:24)
	at org.junit.runners.ParentRunner$3.run(ParentRunner.java:231)
	at org.junit.runners.ParentRunner$1.schedule(ParentRunner.java:60)
	at org.junit.runners.ParentRunner.runChildren(ParentRunner.java:229)
	at org.junit.runners.ParentRunner.access$000(ParentRunner.java:50)
	at org.junit.runners.ParentRunner$2.evaluate(ParentRunner.java:222)
	at org.junit.runners.ParentRunner.run(ParentRunner.java:300)
	at org.junit.runner.JUnitCore.run(JUnitCore.java:157)
	at org.junit.runner.JUnitCore.run(JUnitCore.java:136)
	at edu.illinois.cs.testrunner.execution.JUnitTestExecutor.execute(JUnitTestExecutor.java:259)
	at edu.illinois.cs.testrunner.execution.JUnitTestExecutor.executeWithJUnit4Runner(JUnitTestExecutor.java:327)
	at edu.illinois.cs.testrunner.execution.JUnitTestExecutor.runOrder(JUnitTestExecutor.java:49)
	at edu.illinois.cs.testrunner.execution.Executor$.$anonfun$run$1(Executor.scala:30)
	at scala.runtime.java8.JFunction0$mcV$sp.apply(JFunction0$mcV$sp.java:12)
	at scala.util.Try$.apply(Try.scala:209)
	at edu.illinois.cs.testrunner.execution.Executor$.run(Executor.scala:28)
	at edu.illinois.cs.testrunner.execution.Executor$.main(Executor.scala:18)
	at edu.illinois.cs.testrunner.execution.Executor.main(Executor.scala)
24/04/26 02:14:44 DEBUG druid.DruidParser: Parsing SQL CREATE TABLE User { Required Int64 user_id; Required String name; Optional DOUBLE value; }  primary key(user_id),  entity group root, entity group key(user_id);
24/04/26 02:14:44 DEBUG druid.DruidDDLParser: CreateTablePlan CreateTablePlan [table=CREATE TABLE User { 
  REQUIRED INT64 user_id COLUMNFAMILY d;
  REQUIRED STRING name COLUMNFAMILY d;
  OPTIONAL DOUBLE value COLUMNFAMILY d;
} 
PRIMARY KEY(user_id),
ENTITY GROUP ROOT,
ENTITY GROUP KEY(user_id);
, splitKeys=null]
24/04/26 02:14:44 DEBUG druid.DruidParser: Parsing SQL CREATE TABLE Photo { Required Int64 user_id columnfamily cf comment 'aaa';  Required Int32 photo_id comment 'child primary key';  Optional Int64 time; Optional String full_url;  Optional String thumbnail_url; Optional string tag; Optional DATETIME date; Optional Int32 int32Type; }  primary key(user_id,photo_id),  in table User,  Entity Group Key(user_id) references User; 
24/04/26 02:14:44 DEBUG druid.DruidDDLParser: CreateTablePlan CreateTablePlan [table=CREATE TABLE Photo { 
  REQUIRED INT64 user_id COLUMNFAMILY cf;
  REQUIRED INT32 photo_id COLUMNFAMILY d;
  OPTIONAL INT64 time COLUMNFAMILY d;
  OPTIONAL STRING full_url COLUMNFAMILY d;
  OPTIONAL STRING thumbnail_url COLUMNFAMILY d;
  OPTIONAL STRING tag COLUMNFAMILY d;
  OPTIONAL DATETIME date COLUMNFAMILY d;
  OPTIONAL INT32 int32Type COLUMNFAMILY d;
} 
PRIMARY KEY(user_id, photo_id, ),
 IN TABLE User,
 ENTITY GROUP KEY(user_id) REFERENCES User;
, splitKeys=null]
24/04/26 02:14:44 DEBUG druid.DruidParser: Parsing SQL UPDATE User1 SET name = 'Mike' WHERE user_id = 123;
24/04/26 02:14:44 DEBUG druid.DruidDMLParser: UPDATE SQL From clause User1
24/04/26 02:14:44 ERROR druid.DruidParserTestUtil: execute
com.alibaba.wasp.TableNotFoundException: User1 not exists!
	at com.alibaba.wasp.plan.parser.druid.FMetaEventOperation.checkAndGetTable(FMetaEventOperation.java:79)
	at com.alibaba.wasp.plan.parser.druid.DruidDMLParser.getUpdatePlan(DruidDMLParser.java:253)
	at com.alibaba.wasp.plan.parser.druid.DruidDMLParser.generatePlan(DruidDMLParser.java:102)
	at com.alibaba.wasp.plan.parser.druid.DruidParserTestUtil.execute(DruidParserTestUtil.java:104)
	at com.alibaba.wasp.plan.parser.druid.TestDruidDMLFailParser.getUpdateFailedPlan(TestDruidDMLFailParser.java:124)
	at sun.reflect.NativeMethodAccessorImpl.invoke0(Native Method)
	at sun.reflect.NativeMethodAccessorImpl.invoke(NativeMethodAccessorImpl.java:62)
	at sun.reflect.DelegatingMethodAccessorImpl.invoke(DelegatingMethodAccessorImpl.java:43)
	at java.lang.reflect.Method.invoke(Method.java:498)
	at org.junit.runners.model.FrameworkMethod$1.runReflectiveCall(FrameworkMethod.java:45)
	at org.junit.internal.runners.model.ReflectiveCallable.run(ReflectiveCallable.java:15)
	at org.junit.runners.model.FrameworkMethod.invokeExplosively(FrameworkMethod.java:42)
	at org.junit.internal.runners.statements.InvokeMethod.evaluate(InvokeMethod.java:20)
	at org.junit.internal.runners.statements.RunBefores.evaluate(RunBefores.java:28)
	at org.junit.internal.runners.statements.RunAfters.evaluate(RunAfters.java:30)
	at org.junit.runners.ParentRunner.runLeaf(ParentRunner.java:263)
	at org.junit.runners.BlockJUnit4ClassRunner.runChild(BlockJUnit4ClassRunner.java:68)
	at org.junit.runners.BlockJUnit4ClassRunner.runChild(BlockJUnit4ClassRunner.java:47)
	at org.junit.runners.ParentRunner$3.run(ParentRunner.java:231)
	at org.junit.runners.ParentRunner$1.schedule(ParentRunner.java:60)
	at org.junit.runners.ParentRunner.runChildren(ParentRunner.java:229)
	at org.junit.runners.ParentRunner.access$000(ParentRunner.java:50)
	at org.junit.runners.ParentRunner$2.evaluate(ParentRunner.java:222)
	at org.junit.internal.runners.statements.RunBefores.evaluate(RunBefores.java:28)
	at org.junit.internal.runners.statements.RunAfters.evaluate(RunAfters.java:30)
	at org.junit.runners.ParentRunner.run(ParentRunner.java:300)
	at org.junit.runners.Suite.runChild(Suite.java:128)
	at org.junit.runners.Suite.runChild(Suite.java:24)
	at org.junit.runners.ParentRunner$3.run(ParentRunner.java:231)
	at org.junit.runners.ParentRunner$1.schedule(ParentRunner.java:60)
	at org.junit.runners.ParentRunner.runChildren(ParentRunner.java:229)
	at org.junit.runners.ParentRunner.access$000(ParentRunner.java:50)
	at org.junit.runners.ParentRunner$2.evaluate(ParentRunner.java:222)
	at org.junit.runners.ParentRunner.run(ParentRunner.java:300)
	at org.junit.runner.JUnitCore.run(JUnitCore.java:157)
	at org.junit.runner.JUnitCore.run(JUnitCore.java:136)
	at edu.illinois.cs.testrunner.execution.JUnitTestExecutor.execute(JUnitTestExecutor.java:259)
	at edu.illinois.cs.testrunner.execution.JUnitTestExecutor.executeWithJUnit4Runner(JUnitTestExecutor.java:327)
	at edu.illinois.cs.testrunner.execution.JUnitTestExecutor.runOrder(JUnitTestExecutor.java:49)
	at edu.illinois.cs.testrunner.execution.Executor$.$anonfun$run$1(Executor.scala:30)
	at scala.runtime.java8.JFunction0$mcV$sp.apply(JFunction0$mcV$sp.java:12)
	at scala.util.Try$.apply(Try.scala:209)
	at edu.illinois.cs.testrunner.execution.Executor$.run(Executor.scala:28)
	at edu.illinois.cs.testrunner.execution.Executor$.main(Executor.scala:18)
	at edu.illinois.cs.testrunner.execution.Executor.main(Executor.scala)
24/04/26 02:14:44 DEBUG druid.DruidParser: Parsing SQL UPDATE User SET name2 = 'Mike' WHERE user_id = 123;
24/04/26 02:14:44 DEBUG druid.DruidDMLParser: UPDATE SQL From clause User
24/04/26 02:14:44 DEBUG druid.DruidDMLParser: UPDATE SQL where user_id = 123
24/04/26 02:14:44 ERROR druid.DruidParserTestUtil: execute
java.lang.NullPointerException
	at com.alibaba.wasp.plan.parser.druid.DruidParser.checkType(DruidParser.java:238)
	at com.alibaba.wasp.plan.parser.druid.DruidDMLParser.getUpdatePlan(DruidDMLParser.java:290)
	at com.alibaba.wasp.plan.parser.druid.DruidDMLParser.generatePlan(DruidDMLParser.java:102)
	at com.alibaba.wasp.plan.parser.druid.DruidParserTestUtil.execute(DruidParserTestUtil.java:104)
	at com.alibaba.wasp.plan.parser.druid.TestDruidDMLFailParser.getUpdateFailedPlan(TestDruidDMLFailParser.java:124)
	at sun.reflect.NativeMethodAccessorImpl.invoke0(Native Method)
	at sun.reflect.NativeMethodAccessorImpl.invoke(NativeMethodAccessorImpl.java:62)
	at sun.reflect.DelegatingMethodAccessorImpl.invoke(DelegatingMethodAccessorImpl.java:43)
	at java.lang.reflect.Method.invoke(Method.java:498)
	at org.junit.runners.model.FrameworkMethod$1.runReflectiveCall(FrameworkMethod.java:45)
	at org.junit.internal.runners.model.ReflectiveCallable.run(ReflectiveCallable.java:15)
	at org.junit.runners.model.FrameworkMethod.invokeExplosively(FrameworkMethod.java:42)
	at org.junit.internal.runners.statements.InvokeMethod.evaluate(InvokeMethod.java:20)
	at org.junit.internal.runners.statements.RunBefores.evaluate(RunBefores.java:28)
	at org.junit.internal.runners.statements.RunAfters.evaluate(RunAfters.java:30)
	at org.junit.runners.ParentRunner.runLeaf(ParentRunner.java:263)
	at org.junit.runners.BlockJUnit4ClassRunner.runChild(BlockJUnit4ClassRunner.java:68)
	at org.junit.runners.BlockJUnit4ClassRunner.runChild(BlockJUnit4ClassRunner.java:47)
	at org.junit.runners.ParentRunner$3.run(ParentRunner.java:231)
	at org.junit.runners.ParentRunner$1.schedule(ParentRunner.java:60)
	at org.junit.runners.ParentRunner.runChildren(ParentRunner.java:229)
	at org.junit.runners.ParentRunner.access$000(ParentRunner.java:50)
	at org.junit.runners.ParentRunner$2.evaluate(ParentRunner.java:222)
	at org.junit.internal.runners.statements.RunBefores.evaluate(RunBefores.java:28)
	at org.junit.internal.runners.statements.RunAfters.evaluate(RunAfters.java:30)
	at org.junit.runners.ParentRunner.run(ParentRunner.java:300)
	at org.junit.runners.Suite.runChild(Suite.java:128)
	at org.junit.runners.Suite.runChild(Suite.java:24)
	at org.junit.runners.ParentRunner$3.run(ParentRunner.java:231)
	at org.junit.runners.ParentRunner$1.schedule(ParentRunner.java:60)
	at org.junit.runners.ParentRunner.runChildren(ParentRunner.java:229)
	at org.junit.runners.ParentRunner.access$000(ParentRunner.java:50)
	at org.junit.runners.ParentRunner$2.evaluate(ParentRunner.java:222)
	at org.junit.runners.ParentRunner.run(ParentRunner.java:300)
	at org.junit.runner.JUnitCore.run(JUnitCore.java:157)
	at org.junit.runner.JUnitCore.run(JUnitCore.java:136)
	at edu.illinois.cs.testrunner.execution.JUnitTestExecutor.execute(JUnitTestExecutor.java:259)
	at edu.illinois.cs.testrunner.execution.JUnitTestExecutor.executeWithJUnit4Runner(JUnitTestExecutor.java:327)
	at edu.illinois.cs.testrunner.execution.JUnitTestExecutor.runOrder(JUnitTestExecutor.java:49)
	at edu.illinois.cs.testrunner.execution.Executor$.$anonfun$run$1(Executor.scala:30)
	at scala.runtime.java8.JFunction0$mcV$sp.apply(JFunction0$mcV$sp.java:12)
	at scala.util.Try$.apply(Try.scala:209)
	at edu.illinois.cs.testrunner.execution.Executor$.run(Executor.scala:28)
	at edu.illinois.cs.testrunner.execution.Executor$.main(Executor.scala:18)
	at edu.illinois.cs.testrunner.execution.Executor.main(Executor.scala)
24/04/26 02:14:44 DEBUG druid.DruidParser: Parsing SQL UPDATE Photo SET time=2000 WHERE photo_id = 123
24/04/26 02:14:44 DEBUG druid.DruidDMLParser: UPDATE SQL From clause Photo
24/04/26 02:14:44 DEBUG druid.DruidDMLParser: UPDATE SQL where photo_id = 123
24/04/26 02:14:44 ERROR druid.DruidParserTestUtil: execute
com.alibaba.wasp.plan.parser.UnsupportedException: [photo_id] is not Primary Key !
	at com.alibaba.wasp.plan.parser.druid.FMetaEventOperation.checkIsPrimaryKey(FMetaEventOperation.java:152)
	at com.alibaba.wasp.plan.parser.druid.DruidDMLParser.getUpdatePlan(DruidDMLParser.java:271)
	at com.alibaba.wasp.plan.parser.druid.DruidDMLParser.generatePlan(DruidDMLParser.java:102)
	at com.alibaba.wasp.plan.parser.druid.DruidParserTestUtil.execute(DruidParserTestUtil.java:104)
	at com.alibaba.wasp.plan.parser.druid.TestDruidDMLFailParser.getUpdateFailedPlan(TestDruidDMLFailParser.java:124)
	at sun.reflect.NativeMethodAccessorImpl.invoke0(Native Method)
	at sun.reflect.NativeMethodAccessorImpl.invoke(NativeMethodAccessorImpl.java:62)
	at sun.reflect.DelegatingMethodAccessorImpl.invoke(DelegatingMethodAccessorImpl.java:43)
	at java.lang.reflect.Method.invoke(Method.java:498)
	at org.junit.runners.model.FrameworkMethod$1.runReflectiveCall(FrameworkMethod.java:45)
	at org.junit.internal.runners.model.ReflectiveCallable.run(ReflectiveCallable.java:15)
	at org.junit.runners.model.FrameworkMethod.invokeExplosively(FrameworkMethod.java:42)
	at org.junit.internal.runners.statements.InvokeMethod.evaluate(InvokeMethod.java:20)
	at org.junit.internal.runners.statements.RunBefores.evaluate(RunBefores.java:28)
	at org.junit.internal.runners.statements.RunAfters.evaluate(RunAfters.java:30)
	at org.junit.runners.ParentRunner.runLeaf(ParentRunner.java:263)
	at org.junit.runners.BlockJUnit4ClassRunner.runChild(BlockJUnit4ClassRunner.java:68)
	at org.junit.runners.BlockJUnit4ClassRunner.runChild(BlockJUnit4ClassRunner.java:47)
	at org.junit.runners.ParentRunner$3.run(ParentRunner.java:231)
	at org.junit.runners.ParentRunner$1.schedule(ParentRunner.java:60)
	at org.junit.runners.ParentRunner.runChildren(ParentRunner.java:229)
	at org.junit.runners.ParentRunner.access$000(ParentRunner.java:50)
	at org.junit.runners.ParentRunner$2.evaluate(ParentRunner.java:222)
	at org.junit.internal.runners.statements.RunBefores.evaluate(RunBefores.java:28)
	at org.junit.internal.runners.statements.RunAfters.evaluate(RunAfters.java:30)
	at org.junit.runners.ParentRunner.run(ParentRunner.java:300)
	at org.junit.runners.Suite.runChild(Suite.java:128)
	at org.junit.runners.Suite.runChild(Suite.java:24)
	at org.junit.runners.ParentRunner$3.run(ParentRunner.java:231)
	at org.junit.runners.ParentRunner$1.schedule(ParentRunner.java:60)
	at org.junit.runners.ParentRunner.runChildren(ParentRunner.java:229)
	at org.junit.runners.ParentRunner.access$000(ParentRunner.java:50)
	at org.junit.runners.ParentRunner$2.evaluate(ParentRunner.java:222)
	at org.junit.runners.ParentRunner.run(ParentRunner.java:300)
	at org.junit.runner.JUnitCore.run(JUnitCore.java:157)
	at org.junit.runner.JUnitCore.run(JUnitCore.java:136)
	at edu.illinois.cs.testrunner.execution.JUnitTestExecutor.execute(JUnitTestExecutor.java:259)
	at edu.illinois.cs.testrunner.execution.JUnitTestExecutor.executeWithJUnit4Runner(JUnitTestExecutor.java:327)
	at edu.illinois.cs.testrunner.execution.JUnitTestExecutor.runOrder(JUnitTestExecutor.java:49)
	at edu.illinois.cs.testrunner.execution.Executor$.$anonfun$run$1(Executor.scala:30)
	at scala.runtime.java8.JFunction0$mcV$sp.apply(JFunction0$mcV$sp.java:12)
	at scala.util.Try$.apply(Try.scala:209)
	at edu.illinois.cs.testrunner.execution.Executor$.run(Executor.scala:28)
	at edu.illinois.cs.testrunner.execution.Executor$.main(Executor.scala:18)
	at edu.illinois.cs.testrunner.execution.Executor.main(Executor.scala)
24/04/26 02:14:44 DEBUG druid.DruidParser: Parsing SQL UPDATE User SET name = 'Mike' WHERE user_id22 = 123;
24/04/26 02:14:44 DEBUG druid.DruidDMLParser: UPDATE SQL From clause User
24/04/26 02:14:44 DEBUG druid.DruidDMLParser: UPDATE SQL where user_id22 = 123
24/04/26 02:14:44 ERROR druid.DruidParserTestUtil: execute
com.alibaba.wasp.plan.parser.UnsupportedException: User does not have column 'user_id22'!
	at com.alibaba.wasp.plan.parser.druid.FMetaEventOperation.checkAndGetFields(FMetaEventOperation.java:114)
	at com.alibaba.wasp.plan.parser.druid.DruidDMLParser.getUpdatePlan(DruidDMLParser.java:269)
	at com.alibaba.wasp.plan.parser.druid.DruidDMLParser.generatePlan(DruidDMLParser.java:102)
	at com.alibaba.wasp.plan.parser.druid.DruidParserTestUtil.execute(DruidParserTestUtil.java:104)
	at com.alibaba.wasp.plan.parser.druid.TestDruidDMLFailParser.getUpdateFailedPlan(TestDruidDMLFailParser.java:124)
	at sun.reflect.NativeMethodAccessorImpl.invoke0(Native Method)
	at sun.reflect.NativeMethodAccessorImpl.invoke(NativeMethodAccessorImpl.java:62)
	at sun.reflect.DelegatingMethodAccessorImpl.invoke(DelegatingMethodAccessorImpl.java:43)
	at java.lang.reflect.Method.invoke(Method.java:498)
	at org.junit.runners.model.FrameworkMethod$1.runReflectiveCall(FrameworkMethod.java:45)
	at org.junit.internal.runners.model.ReflectiveCallable.run(ReflectiveCallable.java:15)
	at org.junit.runners.model.FrameworkMethod.invokeExplosively(FrameworkMethod.java:42)
	at org.junit.internal.runners.statements.InvokeMethod.evaluate(InvokeMethod.java:20)
	at org.junit.internal.runners.statements.RunBefores.evaluate(RunBefores.java:28)
	at org.junit.internal.runners.statements.RunAfters.evaluate(RunAfters.java:30)
	at org.junit.runners.ParentRunner.runLeaf(ParentRunner.java:263)
	at org.junit.runners.BlockJUnit4ClassRunner.runChild(BlockJUnit4ClassRunner.java:68)
	at org.junit.runners.BlockJUnit4ClassRunner.runChild(BlockJUnit4ClassRunner.java:47)
	at org.junit.runners.ParentRunner$3.run(ParentRunner.java:231)
	at org.junit.runners.ParentRunner$1.schedule(ParentRunner.java:60)
	at org.junit.runners.ParentRunner.runChildren(ParentRunner.java:229)
	at org.junit.runners.ParentRunner.access$000(ParentRunner.java:50)
	at org.junit.runners.ParentRunner$2.evaluate(ParentRunner.java:222)
	at org.junit.internal.runners.statements.RunBefores.evaluate(RunBefores.java:28)
	at org.junit.internal.runners.statements.RunAfters.evaluate(RunAfters.java:30)
	at org.junit.runners.ParentRunner.run(ParentRunner.java:300)
	at org.junit.runners.Suite.runChild(Suite.java:128)
	at org.junit.runners.Suite.runChild(Suite.java:24)
	at org.junit.runners.ParentRunner$3.run(ParentRunner.java:231)
	at org.junit.runners.ParentRunner$1.schedule(ParentRunner.java:60)
	at org.junit.runners.ParentRunner.runChildren(ParentRunner.java:229)
	at org.junit.runners.ParentRunner.access$000(ParentRunner.java:50)
	at org.junit.runners.ParentRunner$2.evaluate(ParentRunner.java:222)
	at org.junit.runners.ParentRunner.run(ParentRunner.java:300)
	at org.junit.runner.JUnitCore.run(JUnitCore.java:157)
	at org.junit.runner.JUnitCore.run(JUnitCore.java:136)
	at edu.illinois.cs.testrunner.execution.JUnitTestExecutor.execute(JUnitTestExecutor.java:259)
	at edu.illinois.cs.testrunner.execution.JUnitTestExecutor.executeWithJUnit4Runner(JUnitTestExecutor.java:327)
	at edu.illinois.cs.testrunner.execution.JUnitTestExecutor.runOrder(JUnitTestExecutor.java:49)
	at edu.illinois.cs.testrunner.execution.Executor$.$anonfun$run$1(Executor.scala:30)
	at scala.runtime.java8.JFunction0$mcV$sp.apply(JFunction0$mcV$sp.java:12)
	at scala.util.Try$.apply(Try.scala:209)
	at edu.illinois.cs.testrunner.execution.Executor$.run(Executor.scala:28)
	at edu.illinois.cs.testrunner.execution.Executor$.main(Executor.scala:18)
	at edu.illinois.cs.testrunner.execution.Executor.main(Executor.scala)
24/04/26 02:14:44 DEBUG druid.DruidParser: Parsing SQL UPDATE User SET name = 'Mike' WHERE user_id >= 123;
24/04/26 02:14:44 DEBUG druid.DruidDMLParser: UPDATE SQL From clause User
24/04/26 02:14:44 DEBUG druid.DruidDMLParser: UPDATE SQL where user_id >= 123
24/04/26 02:14:44 ERROR druid.DruidParserTestUtil: execute
com.alibaba.wasp.plan.parser.UnsupportedException: RANGE is not supported by update operation!
	at com.alibaba.wasp.plan.parser.druid.DruidDMLParser.getUpdatePlan(DruidDMLParser.java:263)
	at com.alibaba.wasp.plan.parser.druid.DruidDMLParser.generatePlan(DruidDMLParser.java:102)
	at com.alibaba.wasp.plan.parser.druid.DruidParserTestUtil.execute(DruidParserTestUtil.java:104)
	at com.alibaba.wasp.plan.parser.druid.TestDruidDMLFailParser.getUpdateFailedPlan(TestDruidDMLFailParser.java:124)
	at sun.reflect.NativeMethodAccessorImpl.invoke0(Native Method)
	at sun.reflect.NativeMethodAccessorImpl.invoke(NativeMethodAccessorImpl.java:62)
	at sun.reflect.DelegatingMethodAccessorImpl.invoke(DelegatingMethodAccessorImpl.java:43)
	at java.lang.reflect.Method.invoke(Method.java:498)
	at org.junit.runners.model.FrameworkMethod$1.runReflectiveCall(FrameworkMethod.java:45)
	at org.junit.internal.runners.model.ReflectiveCallable.run(ReflectiveCallable.java:15)
	at org.junit.runners.model.FrameworkMethod.invokeExplosively(FrameworkMethod.java:42)
	at org.junit.internal.runners.statements.InvokeMethod.evaluate(InvokeMethod.java:20)
	at org.junit.internal.runners.statements.RunBefores.evaluate(RunBefores.java:28)
	at org.junit.internal.runners.statements.RunAfters.evaluate(RunAfters.java:30)
	at org.junit.runners.ParentRunner.runLeaf(ParentRunner.java:263)
	at org.junit.runners.BlockJUnit4ClassRunner.runChild(BlockJUnit4ClassRunner.java:68)
	at org.junit.runners.BlockJUnit4ClassRunner.runChild(BlockJUnit4ClassRunner.java:47)
	at org.junit.runners.ParentRunner$3.run(ParentRunner.java:231)
	at org.junit.runners.ParentRunner$1.schedule(ParentRunner.java:60)
	at org.junit.runners.ParentRunner.runChildren(ParentRunner.java:229)
	at org.junit.runners.ParentRunner.access$000(ParentRunner.java:50)
	at org.junit.runners.ParentRunner$2.evaluate(ParentRunner.java:222)
	at org.junit.internal.runners.statements.RunBefores.evaluate(RunBefores.java:28)
	at org.junit.internal.runners.statements.RunAfters.evaluate(RunAfters.java:30)
	at org.junit.runners.ParentRunner.run(ParentRunner.java:300)
	at org.junit.runners.Suite.runChild(Suite.java:128)
	at org.junit.runners.Suite.runChild(Suite.java:24)
	at org.junit.runners.ParentRunner$3.run(ParentRunner.java:231)
	at org.junit.runners.ParentRunner$1.schedule(ParentRunner.java:60)
	at org.junit.runners.ParentRunner.runChildren(ParentRunner.java:229)
	at org.junit.runners.ParentRunner.access$000(ParentRunner.java:50)
	at org.junit.runners.ParentRunner$2.evaluate(ParentRunner.java:222)
	at org.junit.runners.ParentRunner.run(ParentRunner.java:300)
	at org.junit.runner.JUnitCore.run(JUnitCore.java:157)
	at org.junit.runner.JUnitCore.run(JUnitCore.java:136)
	at edu.illinois.cs.testrunner.execution.JUnitTestExecutor.execute(JUnitTestExecutor.java:259)
	at edu.illinois.cs.testrunner.execution.JUnitTestExecutor.executeWithJUnit4Runner(JUnitTestExecutor.java:327)
	at edu.illinois.cs.testrunner.execution.JUnitTestExecutor.runOrder(JUnitTestExecutor.java:49)
	at edu.illinois.cs.testrunner.execution.Executor$.$anonfun$run$1(Executor.scala:30)
	at scala.runtime.java8.JFunction0$mcV$sp.apply(JFunction0$mcV$sp.java:12)
	at scala.util.Try$.apply(Try.scala:209)
	at edu.illinois.cs.testrunner.execution.Executor$.run(Executor.scala:28)
	at edu.illinois.cs.testrunner.execution.Executor$.main(Executor.scala:18)
	at edu.illinois.cs.testrunner.execution.Executor.main(Executor.scala)
24/04/26 02:14:44 DEBUG druid.DruidParser: Parsing SQL UPDATE Photo SET photo_id=2000 WHERE user_id = 321 and photo_id = 123
24/04/26 02:14:44 DEBUG druid.DruidDMLParser: UPDATE SQL From clause Photo
24/04/26 02:14:44 DEBUG druid.DruidDMLParser: UPDATE SQL where user_id = 321 AND photo_id = 123
24/04/26 02:14:44 ERROR druid.DruidParserTestUtil: execute
com.alibaba.wasp.plan.parser.UnsupportedException: photo_id is primary key!
	at com.alibaba.wasp.plan.parser.druid.FMetaEventOperation.checkFieldNotInPrimaryKeys(FMetaEventOperation.java:195)
	at com.alibaba.wasp.plan.parser.druid.DruidDMLParser.getUpdatePlan(DruidDMLParser.java:287)
	at com.alibaba.wasp.plan.parser.druid.DruidDMLParser.generatePlan(DruidDMLParser.java:102)
	at com.alibaba.wasp.plan.parser.druid.DruidParserTestUtil.execute(DruidParserTestUtil.java:104)
	at com.alibaba.wasp.plan.parser.druid.TestDruidDMLFailParser.getUpdateFailedPlan(TestDruidDMLFailParser.java:124)
	at sun.reflect.NativeMethodAccessorImpl.invoke0(Native Method)
	at sun.reflect.NativeMethodAccessorImpl.invoke(NativeMethodAccessorImpl.java:62)
	at sun.reflect.DelegatingMethodAccessorImpl.invoke(DelegatingMethodAccessorImpl.java:43)
	at java.lang.reflect.Method.invoke(Method.java:498)
	at org.junit.runners.model.FrameworkMethod$1.runReflectiveCall(FrameworkMethod.java:45)
	at org.junit.internal.runners.model.ReflectiveCallable.run(ReflectiveCallable.java:15)
	at org.junit.runners.model.FrameworkMethod.invokeExplosively(FrameworkMethod.java:42)
	at org.junit.internal.runners.statements.InvokeMethod.evaluate(InvokeMethod.java:20)
	at org.junit.internal.runners.statements.RunBefores.evaluate(RunBefores.java:28)
	at org.junit.internal.runners.statements.RunAfters.evaluate(RunAfters.java:30)
	at org.junit.runners.ParentRunner.runLeaf(ParentRunner.java:263)
	at org.junit.runners.BlockJUnit4ClassRunner.runChild(BlockJUnit4ClassRunner.java:68)
	at org.junit.runners.BlockJUnit4ClassRunner.runChild(BlockJUnit4ClassRunner.java:47)
	at org.junit.runners.ParentRunner$3.run(ParentRunner.java:231)
	at org.junit.runners.ParentRunner$1.schedule(ParentRunner.java:60)
	at org.junit.runners.ParentRunner.runChildren(ParentRunner.java:229)
	at org.junit.runners.ParentRunner.access$000(ParentRunner.java:50)
	at org.junit.runners.ParentRunner$2.evaluate(ParentRunner.java:222)
	at org.junit.internal.runners.statements.RunBefores.evaluate(RunBefores.java:28)
	at org.junit.internal.runners.statements.RunAfters.evaluate(RunAfters.java:30)
	at org.junit.runners.ParentRunner.run(ParentRunner.java:300)
	at org.junit.runners.Suite.runChild(Suite.java:128)
	at org.junit.runners.Suite.runChild(Suite.java:24)
	at org.junit.runners.ParentRunner$3.run(ParentRunner.java:231)
	at org.junit.runners.ParentRunner$1.schedule(ParentRunner.java:60)
	at org.junit.runners.ParentRunner.runChildren(ParentRunner.java:229)
	at org.junit.runners.ParentRunner.access$000(ParentRunner.java:50)
	at org.junit.runners.ParentRunner$2.evaluate(ParentRunner.java:222)
	at org.junit.runners.ParentRunner.run(ParentRunner.java:300)
	at org.junit.runner.JUnitCore.run(JUnitCore.java:157)
	at org.junit.runner.JUnitCore.run(JUnitCore.java:136)
	at edu.illinois.cs.testrunner.execution.JUnitTestExecutor.execute(JUnitTestExecutor.java:259)
	at edu.illinois.cs.testrunner.execution.JUnitTestExecutor.executeWithJUnit4Runner(JUnitTestExecutor.java:327)
	at edu.illinois.cs.testrunner.execution.JUnitTestExecutor.runOrder(JUnitTestExecutor.java:49)
	at edu.illinois.cs.testrunner.execution.Executor$.$anonfun$run$1(Executor.scala:30)
	at scala.runtime.java8.JFunction0$mcV$sp.apply(JFunction0$mcV$sp.java:12)
	at scala.util.Try$.apply(Try.scala:209)
	at edu.illinois.cs.testrunner.execution.Executor$.run(Executor.scala:28)
	at edu.illinois.cs.testrunner.execution.Executor$.main(Executor.scala:18)
	at edu.illinois.cs.testrunner.execution.Executor.main(Executor.scala)
24/04/26 02:14:44 DEBUG druid.DruidParser: Parsing SQL UPDATE Photo SET int32Type = '22' WHERE user_id = 123 and photo_id=123;
24/04/26 02:14:44 DEBUG druid.DruidDMLParser: UPDATE SQL From clause Photo
24/04/26 02:14:44 DEBUG druid.DruidDMLParser: UPDATE SQL where user_id = 123 AND photo_id = 123
24/04/26 02:14:44 ERROR druid.DruidParserTestUtil: execute
com.alibaba.wasp.plan.parser.UnsupportedException: Unsupported DataType INT32, input is '22'
	at com.alibaba.wasp.plan.parser.druid.DruidParser.checkType(DruidParser.java:258)
	at com.alibaba.wasp.plan.parser.druid.DruidDMLParser.getUpdatePlan(DruidDMLParser.java:290)
	at com.alibaba.wasp.plan.parser.druid.DruidDMLParser.generatePlan(DruidDMLParser.java:102)
	at com.alibaba.wasp.plan.parser.druid.DruidParserTestUtil.execute(DruidParserTestUtil.java:104)
	at com.alibaba.wasp.plan.parser.druid.TestDruidDMLFailParser.getUpdateFailedPlan(TestDruidDMLFailParser.java:124)
	at sun.reflect.NativeMethodAccessorImpl.invoke0(Native Method)
	at sun.reflect.NativeMethodAccessorImpl.invoke(NativeMethodAccessorImpl.java:62)
	at sun.reflect.DelegatingMethodAccessorImpl.invoke(DelegatingMethodAccessorImpl.java:43)
	at java.lang.reflect.Method.invoke(Method.java:498)
	at org.junit.runners.model.FrameworkMethod$1.runReflectiveCall(FrameworkMethod.java:45)
	at org.junit.internal.runners.model.ReflectiveCallable.run(ReflectiveCallable.java:15)
	at org.junit.runners.model.FrameworkMethod.invokeExplosively(FrameworkMethod.java:42)
	at org.junit.internal.runners.statements.InvokeMethod.evaluate(InvokeMethod.java:20)
	at org.junit.internal.runners.statements.RunBefores.evaluate(RunBefores.java:28)
	at org.junit.internal.runners.statements.RunAfters.evaluate(RunAfters.java:30)
	at org.junit.runners.ParentRunner.runLeaf(ParentRunner.java:263)
	at org.junit.runners.BlockJUnit4ClassRunner.runChild(BlockJUnit4ClassRunner.java:68)
	at org.junit.runners.BlockJUnit4ClassRunner.runChild(BlockJUnit4ClassRunner.java:47)
	at org.junit.runners.ParentRunner$3.run(ParentRunner.java:231)
	at org.junit.runners.ParentRunner$1.schedule(ParentRunner.java:60)
	at org.junit.runners.ParentRunner.runChildren(ParentRunner.java:229)
	at org.junit.runners.ParentRunner.access$000(ParentRunner.java:50)
	at org.junit.runners.ParentRunner$2.evaluate(ParentRunner.java:222)
	at org.junit.internal.runners.statements.RunBefores.evaluate(RunBefores.java:28)
	at org.junit.internal.runners.statements.RunAfters.evaluate(RunAfters.java:30)
	at org.junit.runners.ParentRunner.run(ParentRunner.java:300)
	at org.junit.runners.Suite.runChild(Suite.java:128)
	at org.junit.runners.Suite.runChild(Suite.java:24)
	at org.junit.runners.ParentRunner$3.run(ParentRunner.java:231)
	at org.junit.runners.ParentRunner$1.schedule(ParentRunner.java:60)
	at org.junit.runners.ParentRunner.runChildren(ParentRunner.java:229)
	at org.junit.runners.ParentRunner.access$000(ParentRunner.java:50)
	at org.junit.runners.ParentRunner$2.evaluate(ParentRunner.java:222)
	at org.junit.runners.ParentRunner.run(ParentRunner.java:300)
	at org.junit.runner.JUnitCore.run(JUnitCore.java:157)
	at org.junit.runner.JUnitCore.run(JUnitCore.java:136)
	at edu.illinois.cs.testrunner.execution.JUnitTestExecutor.execute(JUnitTestExecutor.java:259)
	at edu.illinois.cs.testrunner.execution.JUnitTestExecutor.executeWithJUnit4Runner(JUnitTestExecutor.java:327)
	at edu.illinois.cs.testrunner.execution.JUnitTestExecutor.runOrder(JUnitTestExecutor.java:49)
	at edu.illinois.cs.testrunner.execution.Executor$.$anonfun$run$1(Executor.scala:30)
	at scala.runtime.java8.JFunction0$mcV$sp.apply(JFunction0$mcV$sp.java:12)
	at scala.util.Try$.apply(Try.scala:209)
	at edu.illinois.cs.testrunner.execution.Executor$.run(Executor.scala:28)
	at edu.illinois.cs.testrunner.execution.Executor$.main(Executor.scala:18)
	at edu.illinois.cs.testrunner.execution.Executor.main(Executor.scala)
24/04/26 02:14:44 DEBUG druid.DruidParser: Parsing SQL CREATE TABLE User { Required Int64 user_id; Required String name; Optional DOUBLE value; }  primary key(user_id),  entity group root, entity group key(user_id);
24/04/26 02:14:44 DEBUG druid.DruidDDLParser: CreateTablePlan CreateTablePlan [table=CREATE TABLE User { 
  REQUIRED INT64 user_id COLUMNFAMILY d;
  REQUIRED STRING name COLUMNFAMILY d;
  OPTIONAL DOUBLE value COLUMNFAMILY d;
} 
PRIMARY KEY(user_id),
ENTITY GROUP ROOT,
ENTITY GROUP KEY(user_id);
, splitKeys=null]
24/04/26 02:14:44 DEBUG druid.DruidParser: Parsing SQL CREATE TABLE Photo { Required Int64 user_id columnfamily cf comment 'aaa';  Required Int32 photo_id comment 'child primary key';  Optional Int64 time; Optional String full_url;  Optional String thumbnail_url; Optional string tag; Optional DATETIME date; Optional Int32 int32Type; }  primary key(user_id,photo_id),  in table User,  Entity Group Key(user_id) references User; 
24/04/26 02:14:44 DEBUG druid.DruidDDLParser: CreateTablePlan CreateTablePlan [table=CREATE TABLE Photo { 
  REQUIRED INT64 user_id COLUMNFAMILY cf;
  REQUIRED INT32 photo_id COLUMNFAMILY d;
  OPTIONAL INT64 time COLUMNFAMILY d;
  OPTIONAL STRING full_url COLUMNFAMILY d;
  OPTIONAL STRING thumbnail_url COLUMNFAMILY d;
  OPTIONAL STRING tag COLUMNFAMILY d;
  OPTIONAL DATETIME date COLUMNFAMILY d;
  OPTIONAL INT32 int32Type COLUMNFAMILY d;
} 
PRIMARY KEY(user_id, photo_id, ),
 IN TABLE User,
 ENTITY GROUP KEY(user_id) REFERENCES User;
, splitKeys=null]
24/04/26 02:14:44 DEBUG druid.DruidParser: Parsing SQL Insert into User1(ID,NAME) values(1,'binlijin');
24/04/26 02:14:44 DEBUG druid.DruidDMLParser: INSERT SQL TableSource User1
24/04/26 02:14:44 DEBUG druid.DruidDMLParser: From table User1
24/04/26 02:14:44 ERROR druid.DruidParserTestUtil: execute
com.alibaba.wasp.TableNotFoundException: User1 not exists!
	at com.alibaba.wasp.plan.parser.druid.FMetaEventOperation.checkAndGetTable(FMetaEventOperation.java:79)
	at com.alibaba.wasp.plan.parser.druid.DruidDMLParser.getInsertPlan(DruidDMLParser.java:129)
	at com.alibaba.wasp.plan.parser.druid.DruidDMLParser.generatePlan(DruidDMLParser.java:105)
	at com.alibaba.wasp.plan.parser.druid.DruidParserTestUtil.execute(DruidParserTestUtil.java:104)
	at com.alibaba.wasp.plan.parser.druid.TestDruidDMLFailParser.getInsertFailedPlan(TestDruidDMLFailParser.java:97)
	at sun.reflect.NativeMethodAccessorImpl.invoke0(Native Method)
	at sun.reflect.NativeMethodAccessorImpl.invoke(NativeMethodAccessorImpl.java:62)
	at sun.reflect.DelegatingMethodAccessorImpl.invoke(DelegatingMethodAccessorImpl.java:43)
	at java.lang.reflect.Method.invoke(Method.java:498)
	at org.junit.runners.model.FrameworkMethod$1.runReflectiveCall(FrameworkMethod.java:45)
	at org.junit.internal.runners.model.ReflectiveCallable.run(ReflectiveCallable.java:15)
	at org.junit.runners.model.FrameworkMethod.invokeExplosively(FrameworkMethod.java:42)
	at org.junit.internal.runners.statements.InvokeMethod.evaluate(InvokeMethod.java:20)
	at org.junit.internal.runners.statements.RunBefores.evaluate(RunBefores.java:28)
	at org.junit.internal.runners.statements.RunAfters.evaluate(RunAfters.java:30)
	at org.junit.runners.ParentRunner.runLeaf(ParentRunner.java:263)
	at org.junit.runners.BlockJUnit4ClassRunner.runChild(BlockJUnit4ClassRunner.java:68)
	at org.junit.runners.BlockJUnit4ClassRunner.runChild(BlockJUnit4ClassRunner.java:47)
	at org.junit.runners.ParentRunner$3.run(ParentRunner.java:231)
	at org.junit.runners.ParentRunner$1.schedule(ParentRunner.java:60)
	at org.junit.runners.ParentRunner.runChildren(ParentRunner.java:229)
	at org.junit.runners.ParentRunner.access$000(ParentRunner.java:50)
	at org.junit.runners.ParentRunner$2.evaluate(ParentRunner.java:222)
	at org.junit.internal.runners.statements.RunBefores.evaluate(RunBefores.java:28)
	at org.junit.internal.runners.statements.RunAfters.evaluate(RunAfters.java:30)
	at org.junit.runners.ParentRunner.run(ParentRunner.java:300)
	at org.junit.runners.Suite.runChild(Suite.java:128)
	at org.junit.runners.Suite.runChild(Suite.java:24)
	at org.junit.runners.ParentRunner$3.run(ParentRunner.java:231)
	at org.junit.runners.ParentRunner$1.schedule(ParentRunner.java:60)
	at org.junit.runners.ParentRunner.runChildren(ParentRunner.java:229)
	at org.junit.runners.ParentRunner.access$000(ParentRunner.java:50)
	at org.junit.runners.ParentRunner$2.evaluate(ParentRunner.java:222)
	at org.junit.runners.ParentRunner.run(ParentRunner.java:300)
	at org.junit.runner.JUnitCore.run(JUnitCore.java:157)
	at org.junit.runner.JUnitCore.run(JUnitCore.java:136)
	at edu.illinois.cs.testrunner.execution.JUnitTestExecutor.execute(JUnitTestExecutor.java:259)
	at edu.illinois.cs.testrunner.execution.JUnitTestExecutor.executeWithJUnit4Runner(JUnitTestExecutor.java:327)
	at edu.illinois.cs.testrunner.execution.JUnitTestExecutor.runOrder(JUnitTestExecutor.java:49)
	at edu.illinois.cs.testrunner.execution.Executor$.$anonfun$run$1(Executor.scala:30)
	at scala.runtime.java8.JFunction0$mcV$sp.apply(JFunction0$mcV$sp.java:12)
	at scala.util.Try$.apply(Try.scala:209)
	at edu.illinois.cs.testrunner.execution.Executor$.run(Executor.scala:28)
	at edu.illinois.cs.testrunner.execution.Executor$.main(Executor.scala:18)
	at edu.illinois.cs.testrunner.execution.Executor.main(Executor.scala)
24/04/26 02:14:44 DEBUG druid.DruidParser: Parsing SQL Insert into User(ID,NAME2) values(1,'binlijin'),(2,'lars');
24/04/26 02:14:44 DEBUG druid.DruidDMLParser: INSERT SQL TableSource User
24/04/26 02:14:44 DEBUG druid.DruidDMLParser: From table User
24/04/26 02:14:44 DEBUG druid.DruidDMLParser:  SQLInsertItem ID
24/04/26 02:14:44 DEBUG druid.DruidDMLParser:  SQLInsertItem NAME2
24/04/26 02:14:44 DEBUG druid.DruidDMLParser: INSERT SQL Insert columns [ID, NAME2]
24/04/26 02:14:44 ERROR druid.DruidParserTestUtil: execute
com.alibaba.wasp.plan.parser.UnsupportedException: User does not have column 'ID'!
	at com.alibaba.wasp.plan.parser.druid.FMetaEventOperation.checkAndGetFields(FMetaEventOperation.java:114)
	at com.alibaba.wasp.plan.parser.druid.DruidDMLParser.getInsertPlan(DruidDMLParser.java:136)
	at com.alibaba.wasp.plan.parser.druid.DruidDMLParser.generatePlan(DruidDMLParser.java:105)
	at com.alibaba.wasp.plan.parser.druid.DruidParserTestUtil.execute(DruidParserTestUtil.java:104)
	at com.alibaba.wasp.plan.parser.druid.TestDruidDMLFailParser.getInsertFailedPlan(TestDruidDMLFailParser.java:97)
	at sun.reflect.NativeMethodAccessorImpl.invoke0(Native Method)
	at sun.reflect.NativeMethodAccessorImpl.invoke(NativeMethodAccessorImpl.java:62)
	at sun.reflect.DelegatingMethodAccessorImpl.invoke(DelegatingMethodAccessorImpl.java:43)
	at java.lang.reflect.Method.invoke(Method.java:498)
	at org.junit.runners.model.FrameworkMethod$1.runReflectiveCall(FrameworkMethod.java:45)
	at org.junit.internal.runners.model.ReflectiveCallable.run(ReflectiveCallable.java:15)
	at org.junit.runners.model.FrameworkMethod.invokeExplosively(FrameworkMethod.java:42)
	at org.junit.internal.runners.statements.InvokeMethod.evaluate(InvokeMethod.java:20)
	at org.junit.internal.runners.statements.RunBefores.evaluate(RunBefores.java:28)
	at org.junit.internal.runners.statements.RunAfters.evaluate(RunAfters.java:30)
	at org.junit.runners.ParentRunner.runLeaf(ParentRunner.java:263)
	at org.junit.runners.BlockJUnit4ClassRunner.runChild(BlockJUnit4ClassRunner.java:68)
	at org.junit.runners.BlockJUnit4ClassRunner.runChild(BlockJUnit4ClassRunner.java:47)
	at org.junit.runners.ParentRunner$3.run(ParentRunner.java:231)
	at org.junit.runners.ParentRunner$1.schedule(ParentRunner.java:60)
	at org.junit.runners.ParentRunner.runChildren(ParentRunner.java:229)
	at org.junit.runners.ParentRunner.access$000(ParentRunner.java:50)
	at org.junit.runners.ParentRunner$2.evaluate(ParentRunner.java:222)
	at org.junit.internal.runners.statements.RunBefores.evaluate(RunBefores.java:28)
	at org.junit.internal.runners.statements.RunAfters.evaluate(RunAfters.java:30)
	at org.junit.runners.ParentRunner.run(ParentRunner.java:300)
	at org.junit.runners.Suite.runChild(Suite.java:128)
	at org.junit.runners.Suite.runChild(Suite.java:24)
	at org.junit.runners.ParentRunner$3.run(ParentRunner.java:231)
	at org.junit.runners.ParentRunner$1.schedule(ParentRunner.java:60)
	at org.junit.runners.ParentRunner.runChildren(ParentRunner.java:229)
	at org.junit.runners.ParentRunner.access$000(ParentRunner.java:50)
	at org.junit.runners.ParentRunner$2.evaluate(ParentRunner.java:222)
	at org.junit.runners.ParentRunner.run(ParentRunner.java:300)
	at org.junit.runner.JUnitCore.run(JUnitCore.java:157)
	at org.junit.runner.JUnitCore.run(JUnitCore.java:136)
	at edu.illinois.cs.testrunner.execution.JUnitTestExecutor.execute(JUnitTestExecutor.java:259)
	at edu.illinois.cs.testrunner.execution.JUnitTestExecutor.executeWithJUnit4Runner(JUnitTestExecutor.java:327)
	at edu.illinois.cs.testrunner.execution.JUnitTestExecutor.runOrder(JUnitTestExecutor.java:49)
	at edu.illinois.cs.testrunner.execution.Executor$.$anonfun$run$1(Executor.scala:30)
	at scala.runtime.java8.JFunction0$mcV$sp.apply(JFunction0$mcV$sp.java:12)
	at scala.util.Try$.apply(Try.scala:209)
	at edu.illinois.cs.testrunner.execution.Executor$.run(Executor.scala:28)
	at edu.illinois.cs.testrunner.execution.Executor$.main(Executor.scala:18)
	at edu.illinois.cs.testrunner.execution.Executor.main(Executor.scala)
24/04/26 02:14:44 DEBUG druid.DruidParser: Parsing SQL Insert into Photo(photo_id,time) values(1, 10000),(2,20000);
24/04/26 02:14:44 DEBUG druid.DruidDMLParser: INSERT SQL TableSource Photo
24/04/26 02:14:44 DEBUG druid.DruidDMLParser: From table Photo
24/04/26 02:14:44 DEBUG druid.DruidDMLParser:  SQLInsertItem photo_id
24/04/26 02:14:44 DEBUG druid.DruidDMLParser:  SQLInsertItem time
24/04/26 02:14:44 DEBUG druid.DruidDMLParser: INSERT SQL Insert columns [photo_id, time]
24/04/26 02:14:44 ERROR druid.DruidParserTestUtil: execute
com.alibaba.wasp.plan.parser.UnsupportedException: PrimaryKeys have 2 Fields, but only find 1 Fields
	at com.alibaba.wasp.plan.parser.druid.FMetaEventOperation.checkRequiredFields(FMetaEventOperation.java:378)
	at com.alibaba.wasp.plan.parser.druid.DruidDMLParser.getInsertPlan(DruidDMLParser.java:137)
	at com.alibaba.wasp.plan.parser.druid.DruidDMLParser.generatePlan(DruidDMLParser.java:105)
	at com.alibaba.wasp.plan.parser.druid.DruidParserTestUtil.execute(DruidParserTestUtil.java:104)
	at com.alibaba.wasp.plan.parser.druid.TestDruidDMLFailParser.getInsertFailedPlan(TestDruidDMLFailParser.java:97)
	at sun.reflect.NativeMethodAccessorImpl.invoke0(Native Method)
	at sun.reflect.NativeMethodAccessorImpl.invoke(NativeMethodAccessorImpl.java:62)
	at sun.reflect.DelegatingMethodAccessorImpl.invoke(DelegatingMethodAccessorImpl.java:43)
	at java.lang.reflect.Method.invoke(Method.java:498)
	at org.junit.runners.model.FrameworkMethod$1.runReflectiveCall(FrameworkMethod.java:45)
	at org.junit.internal.runners.model.ReflectiveCallable.run(ReflectiveCallable.java:15)
	at org.junit.runners.model.FrameworkMethod.invokeExplosively(FrameworkMethod.java:42)
	at org.junit.internal.runners.statements.InvokeMethod.evaluate(InvokeMethod.java:20)
	at org.junit.internal.runners.statements.RunBefores.evaluate(RunBefores.java:28)
	at org.junit.internal.runners.statements.RunAfters.evaluate(RunAfters.java:30)
	at org.junit.runners.ParentRunner.runLeaf(ParentRunner.java:263)
	at org.junit.runners.BlockJUnit4ClassRunner.runChild(BlockJUnit4ClassRunner.java:68)
	at org.junit.runners.BlockJUnit4ClassRunner.runChild(BlockJUnit4ClassRunner.java:47)
	at org.junit.runners.ParentRunner$3.run(ParentRunner.java:231)
	at org.junit.runners.ParentRunner$1.schedule(ParentRunner.java:60)
	at org.junit.runners.ParentRunner.runChildren(ParentRunner.java:229)
	at org.junit.runners.ParentRunner.access$000(ParentRunner.java:50)
	at org.junit.runners.ParentRunner$2.evaluate(ParentRunner.java:222)
	at org.junit.internal.runners.statements.RunBefores.evaluate(RunBefores.java:28)
	at org.junit.internal.runners.statements.RunAfters.evaluate(RunAfters.java:30)
	at org.junit.runners.ParentRunner.run(ParentRunner.java:300)
	at org.junit.runners.Suite.runChild(Suite.java:128)
	at org.junit.runners.Suite.runChild(Suite.java:24)
	at org.junit.runners.ParentRunner$3.run(ParentRunner.java:231)
	at org.junit.runners.ParentRunner$1.schedule(ParentRunner.java:60)
	at org.junit.runners.ParentRunner.runChildren(ParentRunner.java:229)
	at org.junit.runners.ParentRunner.access$000(ParentRunner.java:50)
	at org.junit.runners.ParentRunner$2.evaluate(ParentRunner.java:222)
	at org.junit.runners.ParentRunner.run(ParentRunner.java:300)
	at org.junit.runner.JUnitCore.run(JUnitCore.java:157)
	at org.junit.runner.JUnitCore.run(JUnitCore.java:136)
	at edu.illinois.cs.testrunner.execution.JUnitTestExecutor.execute(JUnitTestExecutor.java:259)
	at edu.illinois.cs.testrunner.execution.JUnitTestExecutor.executeWithJUnit4Runner(JUnitTestExecutor.java:327)
	at edu.illinois.cs.testrunner.execution.JUnitTestExecutor.runOrder(JUnitTestExecutor.java:49)
	at edu.illinois.cs.testrunner.execution.Executor$.$anonfun$run$1(Executor.scala:30)
	at scala.runtime.java8.JFunction0$mcV$sp.apply(JFunction0$mcV$sp.java:12)
	at scala.util.Try$.apply(Try.scala:209)
	at edu.illinois.cs.testrunner.execution.Executor$.run(Executor.scala:28)
	at edu.illinois.cs.testrunner.execution.Executor$.main(Executor.scala:18)
	at edu.illinois.cs.testrunner.execution.Executor.main(Executor.scala)
24/04/26 02:14:44 DEBUG druid.DruidParser: Parsing SQL Insert into User(user_id,name,value) values(1,'binlijin',1.,'aa');
24/04/26 02:14:44 DEBUG druid.DruidDMLParser: INSERT SQL TableSource User
24/04/26 02:14:44 DEBUG druid.DruidDMLParser: From table User
24/04/26 02:14:44 DEBUG druid.DruidDMLParser:  SQLInsertItem user_id
24/04/26 02:14:44 DEBUG druid.DruidDMLParser:  SQLInsertItem name
24/04/26 02:14:44 DEBUG druid.DruidDMLParser:  SQLInsertItem value
24/04/26 02:14:44 DEBUG druid.DruidDMLParser: INSERT SQL Insert columns [user_id, name, value]
24/04/26 02:14:44 DEBUG druid.DruidDMLParser: INSERT SQL Insert Values List [ VALUES (1, 'binlijin', 1, 'aa')]
24/04/26 02:14:44 ERROR druid.DruidParserTestUtil: execute
java.io.IOException: Insert clause 3 columns  not match 4 values 
	at com.alibaba.wasp.plan.parser.druid.DruidDMLParser.buildFieldsPair(DruidDMLParser.java:334)
	at com.alibaba.wasp.plan.parser.druid.DruidDMLParser.genInsertAction(DruidDMLParser.java:180)
	at com.alibaba.wasp.plan.parser.druid.DruidDMLParser.getInsertPlan(DruidDMLParser.java:152)
	at com.alibaba.wasp.plan.parser.druid.DruidDMLParser.generatePlan(DruidDMLParser.java:105)
	at com.alibaba.wasp.plan.parser.druid.DruidParserTestUtil.execute(DruidParserTestUtil.java:104)
	at com.alibaba.wasp.plan.parser.druid.TestDruidDMLFailParser.getInsertFailedPlan(TestDruidDMLFailParser.java:97)
	at sun.reflect.NativeMethodAccessorImpl.invoke0(Native Method)
	at sun.reflect.NativeMethodAccessorImpl.invoke(NativeMethodAccessorImpl.java:62)
	at sun.reflect.DelegatingMethodAccessorImpl.invoke(DelegatingMethodAccessorImpl.java:43)
	at java.lang.reflect.Method.invoke(Method.java:498)
	at org.junit.runners.model.FrameworkMethod$1.runReflectiveCall(FrameworkMethod.java:45)
	at org.junit.internal.runners.model.ReflectiveCallable.run(ReflectiveCallable.java:15)
	at org.junit.runners.model.FrameworkMethod.invokeExplosively(FrameworkMethod.java:42)
	at org.junit.internal.runners.statements.InvokeMethod.evaluate(InvokeMethod.java:20)
	at org.junit.internal.runners.statements.RunBefores.evaluate(RunBefores.java:28)
	at org.junit.internal.runners.statements.RunAfters.evaluate(RunAfters.java:30)
	at org.junit.runners.ParentRunner.runLeaf(ParentRunner.java:263)
	at org.junit.runners.BlockJUnit4ClassRunner.runChild(BlockJUnit4ClassRunner.java:68)
	at org.junit.runners.BlockJUnit4ClassRunner.runChild(BlockJUnit4ClassRunner.java:47)
	at org.junit.runners.ParentRunner$3.run(ParentRunner.java:231)
	at org.junit.runners.ParentRunner$1.schedule(ParentRunner.java:60)
	at org.junit.runners.ParentRunner.runChildren(ParentRunner.java:229)
	at org.junit.runners.ParentRunner.access$000(ParentRunner.java:50)
	at org.junit.runners.ParentRunner$2.evaluate(ParentRunner.java:222)
	at org.junit.internal.runners.statements.RunBefores.evaluate(RunBefores.java:28)
	at org.junit.internal.runners.statements.RunAfters.evaluate(RunAfters.java:30)
	at org.junit.runners.ParentRunner.run(ParentRunner.java:300)
	at org.junit.runners.Suite.runChild(Suite.java:128)
	at org.junit.runners.Suite.runChild(Suite.java:24)
	at org.junit.runners.ParentRunner$3.run(ParentRunner.java:231)
	at org.junit.runners.ParentRunner$1.schedule(ParentRunner.java:60)
	at org.junit.runners.ParentRunner.runChildren(ParentRunner.java:229)
	at org.junit.runners.ParentRunner.access$000(ParentRunner.java:50)
	at org.junit.runners.ParentRunner$2.evaluate(ParentRunner.java:222)
	at org.junit.runners.ParentRunner.run(ParentRunner.java:300)
	at org.junit.runner.JUnitCore.run(JUnitCore.java:157)
	at org.junit.runner.JUnitCore.run(JUnitCore.java:136)
	at edu.illinois.cs.testrunner.execution.JUnitTestExecutor.execute(JUnitTestExecutor.java:259)
	at edu.illinois.cs.testrunner.execution.JUnitTestExecutor.executeWithJUnit4Runner(JUnitTestExecutor.java:327)
	at edu.illinois.cs.testrunner.execution.JUnitTestExecutor.runOrder(JUnitTestExecutor.java:49)
	at edu.illinois.cs.testrunner.execution.Executor$.$anonfun$run$1(Executor.scala:30)
	at scala.runtime.java8.JFunction0$mcV$sp.apply(JFunction0$mcV$sp.java:12)
	at scala.util.Try$.apply(Try.scala:209)
	at edu.illinois.cs.testrunner.execution.Executor$.run(Executor.scala:28)
	at edu.illinois.cs.testrunner.execution.Executor$.main(Executor.scala:18)
	at edu.illinois.cs.testrunner.execution.Executor.main(Executor.scala)
24/04/26 02:14:44 DEBUG druid.DruidParser: Parsing SQL Insert into User(user_id,name,value) values(1,'binlijin');
24/04/26 02:14:44 DEBUG druid.DruidDMLParser: INSERT SQL TableSource User
24/04/26 02:14:44 DEBUG druid.DruidDMLParser: From table User
24/04/26 02:14:44 DEBUG druid.DruidDMLParser:  SQLInsertItem user_id
24/04/26 02:14:44 DEBUG druid.DruidDMLParser:  SQLInsertItem name
24/04/26 02:14:44 DEBUG druid.DruidDMLParser:  SQLInsertItem value
24/04/26 02:14:44 DEBUG druid.DruidDMLParser: INSERT SQL Insert columns [user_id, name, value]
24/04/26 02:14:44 DEBUG druid.DruidDMLParser: INSERT SQL Insert Values List [ VALUES (1, 'binlijin')]
24/04/26 02:14:44 ERROR druid.DruidParserTestUtil: execute
java.io.IOException: Insert clause 3 columns  not match 2 values 
	at com.alibaba.wasp.plan.parser.druid.DruidDMLParser.buildFieldsPair(DruidDMLParser.java:334)
	at com.alibaba.wasp.plan.parser.druid.DruidDMLParser.genInsertAction(DruidDMLParser.java:180)
	at com.alibaba.wasp.plan.parser.druid.DruidDMLParser.getInsertPlan(DruidDMLParser.java:152)
	at com.alibaba.wasp.plan.parser.druid.DruidDMLParser.generatePlan(DruidDMLParser.java:105)
	at com.alibaba.wasp.plan.parser.druid.DruidParserTestUtil.execute(DruidParserTestUtil.java:104)
	at com.alibaba.wasp.plan.parser.druid.TestDruidDMLFailParser.getInsertFailedPlan(TestDruidDMLFailParser.java:97)
	at sun.reflect.NativeMethodAccessorImpl.invoke0(Native Method)
	at sun.reflect.NativeMethodAccessorImpl.invoke(NativeMethodAccessorImpl.java:62)
	at sun.reflect.DelegatingMethodAccessorImpl.invoke(DelegatingMethodAccessorImpl.java:43)
	at java.lang.reflect.Method.invoke(Method.java:498)
	at org.junit.runners.model.FrameworkMethod$1.runReflectiveCall(FrameworkMethod.java:45)
	at org.junit.internal.runners.model.ReflectiveCallable.run(ReflectiveCallable.java:15)
	at org.junit.runners.model.FrameworkMethod.invokeExplosively(FrameworkMethod.java:42)
	at org.junit.internal.runners.statements.InvokeMethod.evaluate(InvokeMethod.java:20)
	at org.junit.internal.runners.statements.RunBefores.evaluate(RunBefores.java:28)
	at org.junit.internal.runners.statements.RunAfters.evaluate(RunAfters.java:30)
	at org.junit.runners.ParentRunner.runLeaf(ParentRunner.java:263)
	at org.junit.runners.BlockJUnit4ClassRunner.runChild(BlockJUnit4ClassRunner.java:68)
	at org.junit.runners.BlockJUnit4ClassRunner.runChild(BlockJUnit4ClassRunner.java:47)
	at org.junit.runners.ParentRunner$3.run(ParentRunner.java:231)
	at org.junit.runners.ParentRunner$1.schedule(ParentRunner.java:60)
	at org.junit.runners.ParentRunner.runChildren(ParentRunner.java:229)
	at org.junit.runners.ParentRunner.access$000(ParentRunner.java:50)
	at org.junit.runners.ParentRunner$2.evaluate(ParentRunner.java:222)
	at org.junit.internal.runners.statements.RunBefores.evaluate(RunBefores.java:28)
	at org.junit.internal.runners.statements.RunAfters.evaluate(RunAfters.java:30)
	at org.junit.runners.ParentRunner.run(ParentRunner.java:300)
	at org.junit.runners.Suite.runChild(Suite.java:128)
	at org.junit.runners.Suite.runChild(Suite.java:24)
	at org.junit.runners.ParentRunner$3.run(ParentRunner.java:231)
	at org.junit.runners.ParentRunner$1.schedule(ParentRunner.java:60)
	at org.junit.runners.ParentRunner.runChildren(ParentRunner.java:229)
	at org.junit.runners.ParentRunner.access$000(ParentRunner.java:50)
	at org.junit.runners.ParentRunner$2.evaluate(ParentRunner.java:222)
	at org.junit.runners.ParentRunner.run(ParentRunner.java:300)
	at org.junit.runner.JUnitCore.run(JUnitCore.java:157)
	at org.junit.runner.JUnitCore.run(JUnitCore.java:136)
	at edu.illinois.cs.testrunner.execution.JUnitTestExecutor.execute(JUnitTestExecutor.java:259)
	at edu.illinois.cs.testrunner.execution.JUnitTestExecutor.executeWithJUnit4Runner(JUnitTestExecutor.java:327)
	at edu.illinois.cs.testrunner.execution.JUnitTestExecutor.runOrder(JUnitTestExecutor.java:49)
	at edu.illinois.cs.testrunner.execution.Executor$.$anonfun$run$1(Executor.scala:30)
	at scala.runtime.java8.JFunction0$mcV$sp.apply(JFunction0$mcV$sp.java:12)
	at scala.util.Try$.apply(Try.scala:209)
	at edu.illinois.cs.testrunner.execution.Executor$.run(Executor.scala:28)
	at edu.illinois.cs.testrunner.execution.Executor$.main(Executor.scala:18)
	at edu.illinois.cs.testrunner.execution.Executor.main(Executor.scala)
24/04/26 02:14:44 DEBUG fserver.MetricsEntityGroupSourceImpl: Creating new MetricsEntityGroupSourceImpl for table null TEST
24/04/26 02:14:44 DEBUG fserver.MetricsEntityGroupSourceImpl: Creating new MetricsEntityGroupSourceImpl for table null TEST
24/04/26 02:14:44 DEBUG fserver.MetricsEntityGroupSourceImpl: Creating new MetricsEntityGroupSourceImpl for table null TWO
Starting DataNode 0 with dfs.data.dir: /home/alex/Repositories/wasp/target/test-data/9f8f83b7-c24f-4cb8-8d5b-1c1258d6ba1e/dfscluster_1183464c-cc81-4f96-aa99-09ca5b86ae3e/dfs/data/data1,/home/alex/Repositories/wasp/target/test-data/9f8f83b7-c24f-4cb8-8d5b-1c1258d6ba1e/dfscluster_1183464c-cc81-4f96-aa99-09ca5b86ae3e/dfs/data/data2
24/04/26 02:14:44 ERROR datanode.DataNode: All directories in dfs.data.dir are invalid.
java.lang.NullPointerException
	at org.apache.hadoop.hdfs.MiniDFSCluster.startDataNodes(MiniDFSCluster.java:422)
	at org.apache.hadoop.hdfs.MiniDFSCluster.<init>(MiniDFSCluster.java:280)
	at org.apache.hadoop.hbase.HBaseTestingUtility.startMiniDFSCluster(HBaseTestingUtility.java:451)
	at org.apache.hadoop.hbase.HBaseTestingUtility.startMiniCluster(HBaseTestingUtility.java:619)
	at org.apache.hadoop.hbase.HBaseTestingUtility.startMiniCluster(HBaseTestingUtility.java:575)
	at org.apache.hadoop.hbase.HBaseTestingUtility.startMiniCluster(HBaseTestingUtility.java:562)
	at com.alibaba.wasp.meta.TestFMetaStore.setUpBeforeClass(TestFMetaStore.java:73)
	at sun.reflect.NativeMethodAccessorImpl.invoke0(Native Method)
	at sun.reflect.NativeMethodAccessorImpl.invoke(NativeMethodAccessorImpl.java:62)
	at sun.reflect.DelegatingMethodAccessorImpl.invoke(DelegatingMethodAccessorImpl.java:43)
	at java.lang.reflect.Method.invoke(Method.java:498)
	at org.junit.runners.model.FrameworkMethod$1.runReflectiveCall(FrameworkMethod.java:45)
	at org.junit.internal.runners.model.ReflectiveCallable.run(ReflectiveCallable.java:15)
	at org.junit.runners.model.FrameworkMethod.invokeExplosively(FrameworkMethod.java:42)
	at org.junit.internal.runners.statements.RunBefores.evaluate(RunBefores.java:27)
	at org.junit.internal.runners.statements.RunAfters.evaluate(RunAfters.java:30)
	at org.junit.runners.ParentRunner.run(ParentRunner.java:300)
	at org.junit.runners.Suite.runChild(Suite.java:128)
	at org.junit.runners.Suite.runChild(Suite.java:24)
	at org.junit.runners.ParentRunner$3.run(ParentRunner.java:231)
	at org.junit.runners.ParentRunner$1.schedule(ParentRunner.java:60)
	at org.junit.runners.ParentRunner.runChildren(ParentRunner.java:229)
	at org.junit.runners.ParentRunner.access$000(ParentRunner.java:50)
	at org.junit.runners.ParentRunner$2.evaluate(ParentRunner.java:222)
	at org.junit.runners.ParentRunner.run(ParentRunner.java:300)
	at org.junit.runner.JUnitCore.run(JUnitCore.java:157)
	at org.junit.runner.JUnitCore.run(JUnitCore.java:136)
	at edu.illinois.cs.testrunner.execution.JUnitTestExecutor.execute(JUnitTestExecutor.java:259)
	at edu.illinois.cs.testrunner.execution.JUnitTestExecutor.executeWithJUnit4Runner(JUnitTestExecutor.java:327)
	at edu.illinois.cs.testrunner.execution.JUnitTestExecutor.runOrder(JUnitTestExecutor.java:49)
	at edu.illinois.cs.testrunner.execution.Executor$.$anonfun$run$1(Executor.scala:30)
	at scala.runtime.java8.JFunction0$mcV$sp.apply(JFunction0$mcV$sp.java:12)
	at scala.util.Try$.apply(Try.scala:209)
	at edu.illinois.cs.testrunner.execution.Executor$.run(Executor.scala:28)
	at edu.illinois.cs.testrunner.execution.Executor$.main(Executor.scala:18)
	at edu.illinois.cs.testrunner.execution.Executor.main(Executor.scala)
24/04/26 02:14:44 INFO balancer.TestDefaultLoadBalancer: Mock Cluster : { srv60187:0 } [srvr=1 rgns=0 avg=0.0 max=0 min=0]
24/04/26 02:14:44 INFO balancer.DefaultLoadBalancer: Skipping load balancing because balanced cluster; servers=1 entityGroups=0 average=0.0 mostloaded=0 leastloaded=0
24/04/26 02:14:44 INFO balancer.TestDefaultLoadBalancer: Mock Balance : {  }
24/04/26 02:14:44 INFO balancer.TestDefaultLoadBalancer: Mock Cluster : { srv60187:1 } [srvr=1 rgns=1 avg=1.0 max=1 min=1]
24/04/26 02:14:44 INFO balancer.DefaultLoadBalancer: Skipping load balancing because balanced cluster; servers=1 entityGroups=1 average=1.0 mostloaded=1 leastloaded=1
24/04/26 02:14:44 INFO balancer.TestDefaultLoadBalancer: Mock Balance : {  }
24/04/26 02:14:44 INFO balancer.TestDefaultLoadBalancer: Mock Cluster : { srv60187:10 } [srvr=1 rgns=10 avg=10.0 max=10 min=10]
24/04/26 02:14:44 INFO balancer.DefaultLoadBalancer: Skipping load balancing because balanced cluster; servers=1 entityGroups=10 average=10.0 mostloaded=10 leastloaded=10
24/04/26 02:14:44 INFO balancer.TestDefaultLoadBalancer: Mock Balance : {  }
24/04/26 02:14:44 INFO balancer.TestDefaultLoadBalancer: Mock Cluster : { srv36270:0 , srv60187:0 } [srvr=2 rgns=0 avg=0.0 max=0 min=0]
24/04/26 02:14:44 INFO balancer.DefaultLoadBalancer: Skipping load balancing because balanced cluster; servers=2 entityGroups=0 average=0.0 mostloaded=0 leastloaded=0
24/04/26 02:14:44 INFO balancer.TestDefaultLoadBalancer: Mock Balance : {  }
24/04/26 02:14:44 INFO balancer.TestDefaultLoadBalancer: Mock Cluster : { srv60187:0 , srv36270:2 } [srvr=2 rgns=2 avg=1.0 max=1 min=1]
24/04/26 02:14:44 DEBUG balancer.DefaultLoadBalancer: Balance parameter: numEntityGroups=2, numServers=2, max=1, min=1
24/04/26 02:14:44 INFO balancer.DefaultLoadBalancer: Calculated a load balance in 4ms. Moving 1 entityGroups off of 1 overloaded servers onto 1 less loaded servers
24/04/26 02:14:44 INFO balancer.TestDefaultLoadBalancer: Mock Balance : { srv36270:1 , srv60187:1 }
24/04/26 02:14:44 INFO balancer.TestDefaultLoadBalancer: Mock Cluster : { srv60187:1 , srv36270:2 } [srvr=2 rgns=3 avg=1.5 max=2 min=1]
24/04/26 02:14:44 INFO balancer.DefaultLoadBalancer: Skipping load balancing because balanced cluster; servers=2 entityGroups=3 average=1.5 mostloaded=2 leastloaded=1
24/04/26 02:14:44 INFO balancer.TestDefaultLoadBalancer: Mock Balance : {  }
24/04/26 02:14:44 INFO balancer.TestDefaultLoadBalancer: Mock Cluster : { srv36270:2 , srv60187:2 } [srvr=2 rgns=4 avg=2.0 max=2 min=2]
24/04/26 02:14:44 INFO balancer.DefaultLoadBalancer: Skipping load balancing because balanced cluster; servers=2 entityGroups=4 average=2.0 mostloaded=2 leastloaded=2
24/04/26 02:14:44 INFO balancer.TestDefaultLoadBalancer: Mock Balance : {  }
24/04/26 02:14:44 INFO balancer.TestDefaultLoadBalancer: Mock Cluster : { srv36270:2 , srv60187:3 } [srvr=2 rgns=5 avg=2.5 max=3 min=2]
24/04/26 02:14:44 INFO balancer.DefaultLoadBalancer: Skipping load balancing because balanced cluster; servers=2 entityGroups=5 average=2.5 mostloaded=3 leastloaded=2
24/04/26 02:14:44 INFO balancer.TestDefaultLoadBalancer: Mock Balance : {  }
24/04/26 02:14:44 INFO balancer.TestDefaultLoadBalancer: Mock Cluster : { srv36270:2 , srv60187:4 } [srvr=2 rgns=6 avg=3.0 max=3 min=3]
24/04/26 02:14:44 DEBUG balancer.DefaultLoadBalancer: Balance parameter: numEntityGroups=6, numServers=2, max=3, min=3
24/04/26 02:14:44 INFO balancer.DefaultLoadBalancer: Calculated a load balance in 0ms. Moving 1 entityGroups off of 1 overloaded servers onto 1 less loaded servers
24/04/26 02:14:44 INFO balancer.TestDefaultLoadBalancer: Mock Balance : { srv36270:3 , srv60187:3 }
24/04/26 02:14:44 INFO balancer.TestDefaultLoadBalancer: Mock Cluster : { srv36270:1 , srv60187:1 } [srvr=2 rgns=2 avg=1.0 max=1 min=1]
24/04/26 02:14:44 INFO balancer.DefaultLoadBalancer: Skipping load balancing because balanced cluster; servers=2 entityGroups=2 average=1.0 mostloaded=1 leastloaded=1
24/04/26 02:14:44 INFO balancer.TestDefaultLoadBalancer: Mock Balance : {  }
24/04/26 02:14:44 INFO balancer.TestDefaultLoadBalancer: Mock Cluster : { srv36270:0 , srv60187:1 } [srvr=2 rgns=1 avg=0.5 max=1 min=0]
24/04/26 02:14:44 INFO balancer.DefaultLoadBalancer: Skipping load balancing because balanced cluster; servers=2 entityGroups=1 average=0.5 mostloaded=1 leastloaded=0
24/04/26 02:14:44 INFO balancer.TestDefaultLoadBalancer: Mock Balance : {  }
24/04/26 02:14:44 INFO balancer.TestDefaultLoadBalancer: Mock Cluster : { srv60187:1 , srv36270:10 } [srvr=2 rgns=11 avg=5.5 max=6 min=5]
24/04/26 02:14:44 DEBUG balancer.DefaultLoadBalancer: Balance parameter: numEntityGroups=11, numServers=2, max=6, min=5
24/04/26 02:14:44 INFO balancer.DefaultLoadBalancer: Calculated a load balance in 0ms. Moving 4 entityGroups off of 1 overloaded servers onto 1 less loaded servers
24/04/26 02:14:44 INFO balancer.TestDefaultLoadBalancer: Mock Balance : { srv60187:5 , srv36270:6 }
24/04/26 02:14:44 INFO balancer.TestDefaultLoadBalancer: Mock Cluster : { srv36270:14 , srv60187:1432 } [srvr=2 rgns=1446 avg=723.0 max=723 min=723]
24/04/26 02:14:44 DEBUG balancer.DefaultLoadBalancer: Balance parameter: numEntityGroups=1446, numServers=2, max=723, min=723
24/04/26 02:14:44 INFO balancer.DefaultLoadBalancer: Calculated a load balance in 7ms. Moving 709 entityGroups off of 1 overloaded servers onto 1 less loaded servers
24/04/26 02:14:44 INFO balancer.TestDefaultLoadBalancer: Mock Balance : { srv36270:723 , srv60187:723 }
24/04/26 02:14:44 INFO balancer.TestDefaultLoadBalancer: Mock Cluster : { srv36270:47 , srv60187:53 } [srvr=2 rgns=100 avg=50.0 max=50 min=50]
24/04/26 02:14:44 DEBUG balancer.DefaultLoadBalancer: Balance parameter: numEntityGroups=100, numServers=2, max=50, min=50
24/04/26 02:14:44 INFO balancer.DefaultLoadBalancer: Calculated a load balance in 0ms. Moving 3 entityGroups off of 1 overloaded servers onto 1 less loaded servers
24/04/26 02:14:44 INFO balancer.TestDefaultLoadBalancer: Mock Balance : { srv36270:50 , srv60187:50 }
24/04/26 02:14:44 INFO balancer.TestDefaultLoadBalancer: Mock Cluster : { srv36270:0 , srv60187:1 , srv53837:2 } [srvr=3 rgns=3 avg=1.0 max=1 min=1]
24/04/26 02:14:44 DEBUG balancer.DefaultLoadBalancer: Balance parameter: numEntityGroups=3, numServers=3, max=1, min=1
24/04/26 02:14:44 INFO balancer.DefaultLoadBalancer: Calculated a load balance in 1ms. Moving 1 entityGroups off of 1 overloaded servers onto 1 less loaded servers
24/04/26 02:14:44 INFO balancer.TestDefaultLoadBalancer: Mock Balance : { srv36270:1 , srv53837:1 , srv60187:1 }
24/04/26 02:14:44 INFO balancer.TestDefaultLoadBalancer: Mock Cluster : { srv36270:1 , srv53837:2 , srv60187:3 } [srvr=3 rgns=6 avg=2.0 max=2 min=2]
24/04/26 02:14:44 DEBUG balancer.DefaultLoadBalancer: Balance parameter: numEntityGroups=6, numServers=3, max=2, min=2
24/04/26 02:14:44 INFO balancer.DefaultLoadBalancer: Calculated a load balance in 0ms. Moving 1 entityGroups off of 1 overloaded servers onto 1 less loaded servers
24/04/26 02:14:44 INFO balancer.TestDefaultLoadBalancer: Mock Balance : { srv36270:2 , srv53837:2 , srv60187:2 }
24/04/26 02:14:44 INFO balancer.TestDefaultLoadBalancer: Mock Cluster : { srv36270:0 , srv53837:2 , srv60187:2 } [srvr=3 rgns=4 avg=1.3333334 max=2 min=1]
24/04/26 02:14:44 DEBUG balancer.DefaultLoadBalancer: Balance parameter: numEntityGroups=4, numServers=3, max=2, min=1
24/04/26 02:14:44 INFO balancer.DefaultLoadBalancer: Done. Calculated a load balance in 0ms. Moving 1 entityGroups off of 0 overloaded servers onto 1 less loaded servers
24/04/26 02:14:44 INFO balancer.TestDefaultLoadBalancer: Mock Balance : { srv36270:1 , srv60187:1 , srv53837:2 }
24/04/26 02:14:44 INFO balancer.TestDefaultLoadBalancer: Mock Cluster : { srv36270:0 , srv60187:0 , srv53837:3 } [srvr=3 rgns=3 avg=1.0 max=1 min=1]
24/04/26 02:14:44 DEBUG balancer.DefaultLoadBalancer: Balance parameter: numEntityGroups=3, numServers=3, max=1, min=1
24/04/26 02:14:44 INFO balancer.DefaultLoadBalancer: Calculated a load balance in 0ms. Moving 2 entityGroups off of 1 overloaded servers onto 2 less loaded servers
24/04/26 02:14:44 INFO balancer.TestDefaultLoadBalancer: Mock Balance : { srv36270:1 , srv53837:1 , srv60187:1 }
24/04/26 02:14:44 INFO balancer.TestDefaultLoadBalancer: Mock Cluster : { srv36270:0 , srv60187:0 , srv53837:4 } [srvr=3 rgns=4 avg=1.3333334 max=2 min=1]
24/04/26 02:14:44 DEBUG balancer.DefaultLoadBalancer: Balance parameter: numEntityGroups=4, numServers=3, max=2, min=1
24/04/26 02:14:44 INFO balancer.DefaultLoadBalancer: Calculated a load balance in 0ms. Moving 2 entityGroups off of 1 overloaded servers onto 2 less loaded servers
24/04/26 02:14:44 INFO balancer.TestDefaultLoadBalancer: Mock Balance : { srv36270:1 , srv60187:1 , srv53837:2 }
24/04/26 02:14:44 INFO balancer.TestDefaultLoadBalancer: Mock Cluster : { srv60187:0 , srv36270:20 , srv53837:20 } [srvr=3 rgns=40 avg=13.333333 max=14 min=13]
24/04/26 02:14:44 DEBUG balancer.DefaultLoadBalancer: Balance parameter: numEntityGroups=40, numServers=3, max=14, min=13
24/04/26 02:14:44 INFO balancer.DefaultLoadBalancer: Done. Calculated a load balance in 0ms. Moving 13 entityGroups off of 2 overloaded servers onto 1 less loaded servers
24/04/26 02:14:44 INFO balancer.TestDefaultLoadBalancer: Mock Balance : { srv53837:13 , srv60187:13 , srv36270:14 }
24/04/26 02:14:44 INFO balancer.TestDefaultLoadBalancer: Mock Cluster : { srv36270:0 , srv53837:1 , srv60187:2 , srv47777:3 } [srvr=4 rgns=6 avg=1.5 max=2 min=1]
24/04/26 02:14:44 DEBUG balancer.DefaultLoadBalancer: Balance parameter: numEntityGroups=6, numServers=4, max=2, min=1
24/04/26 02:14:44 INFO balancer.DefaultLoadBalancer: Calculated a load balance in 0ms. Moving 1 entityGroups off of 1 overloaded servers onto 1 less loaded servers
24/04/26 02:14:44 INFO balancer.TestDefaultLoadBalancer: Mock Balance : { srv36270:1 , srv53837:1 , srv47777:2 , srv60187:2 }
24/04/26 02:14:44 INFO balancer.TestDefaultLoadBalancer: Mock Cluster : { srv47777:0 , srv53837:0 , srv60187:0 , srv36270:4 } [srvr=4 rgns=4 avg=1.0 max=1 min=1]
24/04/26 02:14:44 DEBUG balancer.DefaultLoadBalancer: Balance parameter: numEntityGroups=4, numServers=4, max=1, min=1
24/04/26 02:14:44 INFO balancer.DefaultLoadBalancer: Calculated a load balance in 0ms. Moving 3 entityGroups off of 1 overloaded servers onto 3 less loaded servers
24/04/26 02:14:44 INFO balancer.TestDefaultLoadBalancer: Mock Balance : { srv36270:1 , srv47777:1 , srv53837:1 , srv60187:1 }
24/04/26 02:14:44 INFO balancer.TestDefaultLoadBalancer: Mock Cluster : { srv47777:0 , srv53837:0 , srv60187:0 , srv36270:5 } [srvr=4 rgns=5 avg=1.25 max=2 min=1]
24/04/26 02:14:44 DEBUG balancer.DefaultLoadBalancer: Balance parameter: numEntityGroups=5, numServers=4, max=2, min=1
24/04/26 02:14:44 INFO balancer.DefaultLoadBalancer: Calculated a load balance in 0ms. Moving 3 entityGroups off of 1 overloaded servers onto 3 less loaded servers
24/04/26 02:14:44 INFO balancer.TestDefaultLoadBalancer: Mock Balance : { srv47777:1 , srv53837:1 , srv60187:1 , srv36270:2 }
24/04/26 02:14:44 INFO balancer.TestDefaultLoadBalancer: Mock Cluster : { srv53837:0 , srv60187:0 , srv36270:6 , srv47777:6 } [srvr=4 rgns=12 avg=3.0 max=3 min=3]
24/04/26 02:14:44 DEBUG balancer.DefaultLoadBalancer: Balance parameter: numEntityGroups=12, numServers=4, max=3, min=3
24/04/26 02:14:44 INFO balancer.DefaultLoadBalancer: Calculated a load balance in 1ms. Moving 6 entityGroups off of 2 overloaded servers onto 2 less loaded servers
24/04/26 02:14:44 INFO balancer.TestDefaultLoadBalancer: Mock Balance : { srv36270:3 , srv47777:3 , srv53837:3 , srv60187:3 }
24/04/26 02:14:44 INFO balancer.TestDefaultLoadBalancer: Mock Cluster : { srv53837:0 , srv60187:0 , srv47777:2 , srv36270:6 } [srvr=4 rgns=8 avg=2.0 max=2 min=2]
24/04/26 02:14:44 DEBUG balancer.DefaultLoadBalancer: Balance parameter: numEntityGroups=8, numServers=4, max=2, min=2
24/04/26 02:14:44 INFO balancer.DefaultLoadBalancer: Calculated a load balance in 0ms. Moving 4 entityGroups off of 1 overloaded servers onto 2 less loaded servers
24/04/26 02:14:44 INFO balancer.TestDefaultLoadBalancer: Mock Balance : { srv36270:2 , srv47777:2 , srv53837:2 , srv60187:2 }
24/04/26 02:14:44 INFO balancer.TestDefaultLoadBalancer: Mock Cluster : { srv53837:0 , srv60187:0 , srv47777:1 , srv36270:6 } [srvr=4 rgns=7 avg=1.75 max=2 min=1]
24/04/26 02:14:44 DEBUG balancer.DefaultLoadBalancer: Balance parameter: numEntityGroups=7, numServers=4, max=2, min=1
24/04/26 02:14:44 INFO balancer.DefaultLoadBalancer: Done. Calculated a load balance in 0ms. Moving 4 entityGroups off of 1 overloaded servers onto 2 less loaded servers
24/04/26 02:14:44 INFO balancer.TestDefaultLoadBalancer: Mock Balance : { srv47777:1 , srv36270:2 , srv53837:2 , srv60187:2 }
24/04/26 02:14:44 INFO balancer.TestDefaultLoadBalancer: Mock Cluster : { srv47777:0 , srv53837:0 , srv60187:0 , srv36270:6 } [srvr=4 rgns=6 avg=1.5 max=2 min=1]
24/04/26 02:14:44 DEBUG balancer.DefaultLoadBalancer: Balance parameter: numEntityGroups=6, numServers=4, max=2, min=1
24/04/26 02:14:44 INFO balancer.DefaultLoadBalancer: Done. Calculated a load balance in 0ms. Moving 4 entityGroups off of 1 overloaded servers onto 3 less loaded servers
24/04/26 02:14:44 INFO balancer.TestDefaultLoadBalancer: Mock Balance : { srv53837:1 , srv60187:1 , srv36270:2 , srv47777:2 }
24/04/26 02:14:44 INFO balancer.TestDefaultLoadBalancer: Mock Cluster : { srv36270:4 , srv47777:4 , srv53837:4 , srv60187:7 } [srvr=4 rgns=19 avg=4.75 max=5 min=4]
24/04/26 02:14:44 DEBUG balancer.DefaultLoadBalancer: Balance parameter: numEntityGroups=19, numServers=4, max=5, min=4
24/04/26 02:14:44 INFO balancer.DefaultLoadBalancer: Done. Calculated a load balance in 0ms. Moving 2 entityGroups off of 1 overloaded servers onto 0 less loaded servers
24/04/26 02:14:44 INFO balancer.TestDefaultLoadBalancer: Mock Balance : { srv53837:4 , srv36270:5 , srv47777:5 , srv60187:5 }
24/04/26 02:14:44 INFO balancer.TestDefaultLoadBalancer: Mock Cluster : { srv36270:4 , srv47777:4 , srv53837:4 , srv60187:8 } [srvr=4 rgns=20 avg=5.0 max=5 min=5]
24/04/26 02:14:44 DEBUG balancer.DefaultLoadBalancer: Balance parameter: numEntityGroups=20, numServers=4, max=5, min=5
24/04/26 02:14:44 INFO balancer.DefaultLoadBalancer: Calculated a load balance in 1ms. Moving 3 entityGroups off of 1 overloaded servers onto 3 less loaded servers
24/04/26 02:14:44 INFO balancer.TestDefaultLoadBalancer: Mock Balance : { srv36270:5 , srv47777:5 , srv53837:5 , srv60187:5 }
24/04/26 02:14:44 INFO balancer.TestDefaultLoadBalancer: Mock Cluster : { srv36270:0 , srv47777:0 , srv53837:0 , srv60187:7 } [srvr=4 rgns=7 avg=1.75 max=2 min=1]
24/04/26 02:14:44 DEBUG balancer.DefaultLoadBalancer: Balance parameter: numEntityGroups=7, numServers=4, max=2, min=1
24/04/26 02:14:44 INFO balancer.DefaultLoadBalancer: Done. Calculated a load balance in 0ms. Moving 5 entityGroups off of 1 overloaded servers onto 3 less loaded servers
24/04/26 02:14:44 INFO balancer.TestDefaultLoadBalancer: Mock Balance : { srv53837:1 , srv36270:2 , srv47777:2 , srv60187:2 }
24/04/26 02:14:44 INFO balancer.TestDefaultLoadBalancer: Mock Cluster : { srv36270:1 , srv47777:1 , srv53837:1 , srv60187:1 , srv57712:4 } [srvr=5 rgns=8 avg=1.6 max=2 min=1]
24/04/26 02:14:44 DEBUG balancer.DefaultLoadBalancer: Balance parameter: numEntityGroups=8, numServers=5, max=2, min=1
24/04/26 02:14:44 INFO balancer.DefaultLoadBalancer: Done. Calculated a load balance in 0ms. Moving 2 entityGroups off of 1 overloaded servers onto 0 less loaded servers
24/04/26 02:14:44 INFO balancer.TestDefaultLoadBalancer: Mock Balance : { srv53837:1 , srv60187:1 , srv36270:2 , srv47777:2 , srv57712:2 }
24/04/26 02:14:44 INFO balancer.TestDefaultLoadBalancer: Mock Cluster : { srv36270:1 , srv47777:2 , srv53837:3 , srv57712:4 , srv60187:5 , srv38003:6 , srv48181:7 , srv74493:8 , srv80790:9 , srv71001:10 , srv39036:11 , srv31452:12 , srv81713:13 , srv41300:14 , srv79703:15 } [srvr=15 rgns=120 avg=8.0 max=8 min=8]
24/04/26 02:14:44 DEBUG balancer.DefaultLoadBalancer: Balance parameter: numEntityGroups=120, numServers=15, max=8, min=8
24/04/26 02:14:44 INFO balancer.DefaultLoadBalancer: Calculated a load balance in 0ms. Moving 28 entityGroups off of 7 overloaded servers onto 7 less loaded servers
24/04/26 02:14:44 INFO balancer.TestDefaultLoadBalancer: Mock Balance : { srv31452:8 , srv36270:8 , srv38003:8 , srv39036:8 , srv41300:8 , srv47777:8 , srv48181:8 , srv53837:8 , srv57712:8 , srv60187:8 , srv71001:8 , srv74493:8 , srv79703:8 , srv80790:8 , srv81713:8 }
24/04/26 02:14:45 INFO balancer.TestDefaultLoadBalancer: Mock Cluster : { srv31452:0 , srv36270:0 , srv38003:0 , srv39036:0 , srv41300:0 , srv47777:0 , srv48181:0 , srv53837:0 , srv57712:0 , srv60187:10 } [srvr=10 rgns=10 avg=1.0 max=1 min=1]
24/04/26 02:14:45 DEBUG balancer.DefaultLoadBalancer: Balance parameter: numEntityGroups=10, numServers=10, max=1, min=1
24/04/26 02:14:45 INFO balancer.DefaultLoadBalancer: Calculated a load balance in 0ms. Moving 9 entityGroups off of 1 overloaded servers onto 9 less loaded servers
24/04/26 02:14:45 INFO balancer.TestDefaultLoadBalancer: Mock Balance : { srv31452:1 , srv36270:1 , srv38003:1 , srv39036:1 , srv41300:1 , srv47777:1 , srv48181:1 , srv53837:1 , srv57712:1 , srv60187:1 }
24/04/26 02:14:45 INFO balancer.TestDefaultLoadBalancer: Mock Cluster : { srv41300:1 , srv79703:5 , srv31452:6 , srv36270:6 , srv38003:6 , srv39036:6 , srv71001:6 , srv74493:6 , srv80790:6 , srv81713:6 } [srvr=10 rgns=54 avg=5.4 max=6 min=5]
24/04/26 02:14:45 DEBUG balancer.DefaultLoadBalancer: Balance parameter: numEntityGroups=54, numServers=10, max=6, min=5
24/04/26 02:14:45 INFO balancer.DefaultLoadBalancer: Done. Calculated a load balance in 0ms. Moving 4 entityGroups off of 0 overloaded servers onto 1 less loaded servers
24/04/26 02:14:45 INFO balancer.TestDefaultLoadBalancer: Mock Balance : { srv41300:5 , srv71001:5 , srv74493:5 , srv79703:5 , srv80790:5 , srv81713:5 , srv31452:6 , srv36270:6 , srv38003:6 , srv39036:6 }
24/04/26 02:14:45 INFO balancer.TestDefaultLoadBalancer: Mock Cluster : { srv31452:0 , srv36270:0 , srv38003:0 , srv39036:0 , srv47777:0 , srv48181:0 , srv53837:0 , srv57712:0 , srv60187:0 , srv41300:54 } [srvr=10 rgns=54 avg=5.4 max=6 min=5]
24/04/26 02:14:45 DEBUG balancer.DefaultLoadBalancer: Balance parameter: numEntityGroups=54, numServers=10, max=6, min=5
24/04/26 02:14:45 INFO balancer.DefaultLoadBalancer: Done. Calculated a load balance in 0ms. Moving 48 entityGroups off of 1 overloaded servers onto 9 less loaded servers
24/04/26 02:14:45 INFO balancer.TestDefaultLoadBalancer: Mock Balance : { srv39036:5 , srv47777:5 , srv48181:5 , srv53837:5 , srv57712:5 , srv60187:5 , srv31452:6 , srv36270:6 , srv38003:6 , srv41300:6 }
24/04/26 02:14:45 INFO balancer.TestDefaultLoadBalancer: Mock Cluster : { srv31452:0 , srv36270:0 , srv38003:0 , srv39036:0 , srv71001:0 , srv74493:0 , srv79703:0 , srv80790:0 , srv81713:0 , srv41300:55 } [srvr=10 rgns=55 avg=5.5 max=6 min=5]
24/04/26 02:14:45 DEBUG balancer.DefaultLoadBalancer: Balance parameter: numEntityGroups=55, numServers=10, max=6, min=5
24/04/26 02:14:45 INFO balancer.DefaultLoadBalancer: Done. Calculated a load balance in 1ms. Moving 49 entityGroups off of 1 overloaded servers onto 9 less loaded servers
24/04/26 02:14:45 INFO balancer.TestDefaultLoadBalancer: Mock Balance : { srv71001:5 , srv74493:5 , srv79703:5 , srv80790:5 , srv81713:5 , srv31452:6 , srv36270:6 , srv38003:6 , srv39036:6 , srv41300:6 }
24/04/26 02:14:45 INFO balancer.TestDefaultLoadBalancer: Mock Cluster : { srv31452:0 , srv36270:0 , srv38003:0 , srv39036:0 , srv47777:0 , srv48181:0 , srv53837:0 , srv57712:0 , srv60187:0 , srv41300:56 } [srvr=10 rgns=56 avg=5.6 max=6 min=5]
24/04/26 02:14:45 DEBUG balancer.DefaultLoadBalancer: Balance parameter: numEntityGroups=56, numServers=10, max=6, min=5
24/04/26 02:14:45 INFO balancer.DefaultLoadBalancer: Done. Calculated a load balance in 0ms. Moving 50 entityGroups off of 1 overloaded servers onto 9 less loaded servers
24/04/26 02:14:45 INFO balancer.TestDefaultLoadBalancer: Mock Balance : { srv48181:5 , srv53837:5 , srv57712:5 , srv60187:5 , srv31452:6 , srv36270:6 , srv38003:6 , srv39036:6 , srv41300:6 , srv47777:6 }
24/04/26 02:14:45 INFO balancer.TestDefaultLoadBalancer: Mock Cluster : { srv31452:0 , srv36270:0 , srv38003:0 , srv39036:0 , srv71001:0 , srv74493:0 , srv79703:0 , srv80790:0 , srv81713:0 , srv41300:16 } [srvr=10 rgns=16 avg=1.6 max=2 min=1]
24/04/26 02:14:45 DEBUG balancer.DefaultLoadBalancer: Balance parameter: numEntityGroups=16, numServers=10, max=2, min=1
24/04/26 02:14:45 INFO balancer.DefaultLoadBalancer: Done. Calculated a load balance in 0ms. Moving 14 entityGroups off of 1 overloaded servers onto 9 less loaded servers
24/04/26 02:14:45 INFO balancer.TestDefaultLoadBalancer: Mock Balance : { srv74493:1 , srv79703:1 , srv80790:1 , srv81713:1 , srv31452:2 , srv36270:2 , srv38003:2 , srv39036:2 , srv41300:2 , srv71001:2 }
24/04/26 02:14:45 INFO balancer.TestDefaultLoadBalancer: Mock Cluster : { srv31452:1 , srv36270:1 , srv38003:1 , srv39036:1 , srv47777:1 , srv48181:1 , srv53837:1 , srv57712:1 , srv60187:1 , srv41300:8 } [srvr=10 rgns=17 avg=1.7 max=2 min=1]
24/04/26 02:14:45 DEBUG balancer.DefaultLoadBalancer: Balance parameter: numEntityGroups=17, numServers=10, max=2, min=1
24/04/26 02:14:45 INFO balancer.DefaultLoadBalancer: Done. Calculated a load balance in 0ms. Moving 6 entityGroups off of 1 overloaded servers onto 0 less loaded servers
24/04/26 02:14:45 INFO balancer.TestDefaultLoadBalancer: Mock Balance : { srv53837:1 , srv57712:1 , srv60187:1 , srv31452:2 , srv36270:2 , srv38003:2 , srv39036:2 , srv41300:2 , srv47777:2 , srv48181:2 }
24/04/26 02:14:45 INFO balancer.TestDefaultLoadBalancer: Mock Cluster : { srv31452:1 , srv36270:1 , srv38003:1 , srv39036:1 , srv71001:1 , srv74493:1 , srv79703:1 , srv80790:1 , srv81713:1 , srv41300:9 } [srvr=10 rgns=18 avg=1.8 max=2 min=1]
24/04/26 02:14:45 DEBUG balancer.DefaultLoadBalancer: Balance parameter: numEntityGroups=18, numServers=10, max=2, min=1
24/04/26 02:14:45 INFO balancer.DefaultLoadBalancer: Done. Calculated a load balance in 0ms. Moving 7 entityGroups off of 1 overloaded servers onto 0 less loaded servers
24/04/26 02:14:45 INFO balancer.TestDefaultLoadBalancer: Mock Balance : { srv80790:1 , srv81713:1 , srv31452:2 , srv36270:2 , srv38003:2 , srv39036:2 , srv41300:2 , srv71001:2 , srv74493:2 , srv79703:2 }
24/04/26 02:14:45 INFO balancer.TestDefaultLoadBalancer: Mock Cluster : { srv31452:1 , srv36270:1 , srv38003:1 , srv39036:1 , srv47777:1 , srv48181:1 , srv53837:1 , srv57712:1 , srv60187:1 , srv41300:10 } [srvr=10 rgns=19 avg=1.9 max=2 min=1]
24/04/26 02:14:45 DEBUG balancer.DefaultLoadBalancer: Balance parameter: numEntityGroups=19, numServers=10, max=2, min=1
24/04/26 02:14:45 INFO balancer.DefaultLoadBalancer: Done. Calculated a load balance in 0ms. Moving 8 entityGroups off of 1 overloaded servers onto 0 less loaded servers
24/04/26 02:14:45 INFO balancer.TestDefaultLoadBalancer: Mock Balance : { srv60187:1 , srv31452:2 , srv36270:2 , srv38003:2 , srv39036:2 , srv41300:2 , srv47777:2 , srv48181:2 , srv53837:2 , srv57712:2 }
24/04/26 02:14:45 INFO balancer.TestDefaultLoadBalancer: Mock Cluster : { srv31452:1 , srv36270:1 , srv38003:1 , srv39036:1 , srv71001:1 , srv74493:1 , srv79703:1 , srv80790:1 , srv81713:1 , srv41300:123 } [srvr=10 rgns=132 avg=13.2 max=14 min=13]
24/04/26 02:14:45 DEBUG balancer.DefaultLoadBalancer: Balance parameter: numEntityGroups=132, numServers=10, max=14, min=13
24/04/26 02:14:45 INFO balancer.DefaultLoadBalancer: Done. Calculated a load balance in 1ms. Moving 109 entityGroups off of 1 overloaded servers onto 9 less loaded servers
24/04/26 02:14:45 INFO balancer.TestDefaultLoadBalancer: Mock Balance : { srv36270:13 , srv38003:13 , srv39036:13 , srv71001:13 , srv74493:13 , srv79703:13 , srv80790:13 , srv81713:13 , srv31452:14 , srv41300:14 }
24/04/26 02:14:45 INFO balancer.TestDefaultLoadBalancer: Mock Cluster : { srv31452:1 , srv36270:1 , srv38003:1 , srv39036:1 , srv47777:1 , srv48181:1 , srv53837:1 , srv57712:1 , srv60187:1 , srv41300:155 } [srvr=10 rgns=164 avg=16.4 max=17 min=16]
24/04/26 02:14:45 DEBUG balancer.DefaultLoadBalancer: Balance parameter: numEntityGroups=164, numServers=10, max=17, min=16
24/04/26 02:14:45 INFO balancer.DefaultLoadBalancer: Done. Calculated a load balance in 0ms. Moving 138 entityGroups off of 1 overloaded servers onto 9 less loaded servers
24/04/26 02:14:45 INFO balancer.TestDefaultLoadBalancer: Mock Balance : { srv39036:16 , srv47777:16 , srv48181:16 , srv53837:16 , srv57712:16 , srv60187:16 , srv31452:17 , srv36270:17 , srv38003:17 , srv41300:17 }
24/04/26 02:14:45 INFO balancer.TestDefaultLoadBalancer: Mock Cluster : { srv71001:0 , srv74493:0 , srv31452:1 , srv36270:1 , srv80790:1 , srv81713:1 , srv47777:12 , srv39036:133 , srv41300:138 , srv79703:144 , srv38003:1123 , srv48181:1444 } [srvr=12 rgns=2998 avg=249.83333 max=250 min=249]
24/04/26 02:14:45 DEBUG balancer.DefaultLoadBalancer: Balance parameter: numEntityGroups=2998, numServers=12, max=250, min=249
24/04/26 02:14:45 INFO balancer.DefaultLoadBalancer: Done. Calculated a load balance in 5ms. Moving 2067 entityGroups off of 2 overloaded servers onto 10 less loaded servers
24/04/26 02:14:45 INFO balancer.TestDefaultLoadBalancer: Mock Balance : { srv41300:249 , srv79703:249 , srv31452:250 , srv36270:250 , srv38003:250 , srv39036:250 , srv47777:250 , srv48181:250 , srv71001:250 , srv74493:250 , srv80790:250 , srv81713:250 }
24/04/26 02:14:45 INFO balancer.TestDefaultLoadBalancer: Mock Cluster : { srv36270:0 , srv53837:0 , srv57712:0 , srv31452:1 , srv39036:1 , srv38003:4 , srv71001:12 , srv47777:133 , srv48181:138 , srv60187:144 , srv41300:1123 , srv74493:1444 } [srvr=12 rgns=3000 avg=250.0 max=250 min=250]
24/04/26 02:14:45 DEBUG balancer.DefaultLoadBalancer: Balance parameter: numEntityGroups=3000, numServers=12, max=250, min=250
24/04/26 02:14:45 INFO balancer.DefaultLoadBalancer: Calculated a load balance in 5ms. Moving 2067 entityGroups off of 2 overloaded servers onto 10 less loaded servers
24/04/26 02:14:45 INFO balancer.TestDefaultLoadBalancer: Mock Balance : { srv31452:250 , srv36270:250 , srv38003:250 , srv39036:250 , srv41300:250 , srv47777:250 , srv48181:250 , srv53837:250 , srv57712:250 , srv60187:250 , srv71001:250 , srv74493:250 }
24/04/26 02:14:45 INFO balancer.TestDefaultLoadBalancer: Mock Cluster : { srv39036:1385 , srv80790:1392 , srv36270:1535 , srv79703:1538 , srv41300:1542 , srv38003:1553 , srv31452:1557 , srv81713:1561 , srv47777:1619 } [srvr=9 rgns=13682 avg=1520.2222 max=1521 min=1520]
24/04/26 02:14:45 DEBUG balancer.DefaultLoadBalancer: Balance parameter: numEntityGroups=13682, numServers=9, max=1521, min=1520
24/04/26 02:14:45 INFO balancer.DefaultLoadBalancer: Done. Calculated a load balance in 1ms. Moving 263 entityGroups off of 7 overloaded servers onto 2 less loaded servers
24/04/26 02:14:45 INFO balancer.TestDefaultLoadBalancer: Mock Balance : { srv31452:1520 , srv38003:1520 , srv39036:1520 , srv41300:1520 , srv47777:1520 , srv80790:1520 , srv81713:1520 , srv36270:1521 , srv79703:1521 }
24/04/26 02:14:45 INFO wasp.WaspTestingUtility: Starting up minicluster with 1 master(s) and 2 fserver(s) 
Starting DataNode 0 with dfs.data.dir: /home/alex/Repositories/wasp/target/test-data/115ee8d6-1661-46b8-a69e-7253a1fb4571/dfscluster_f7107ffd-2640-42bc-bc54-b89c6028f046/dfs/data/data1,/home/alex/Repositories/wasp/target/test-data/115ee8d6-1661-46b8-a69e-7253a1fb4571/dfscluster_f7107ffd-2640-42bc-bc54-b89c6028f046/dfs/data/data2
24/04/26 02:14:45 ERROR datanode.DataNode: All directories in dfs.data.dir are invalid.
24/04/26 02:14:45 INFO wasp.WaspTestingUtility: Shutting down mini wasp cluster
24/04/26 02:14:45 INFO wasp.WaspTestingUtility: Minicluster is down
java.lang.NullPointerException
	at org.apache.hadoop.hdfs.MiniDFSCluster.startDataNodes(MiniDFSCluster.java:422)
	at org.apache.hadoop.hdfs.MiniDFSCluster.<init>(MiniDFSCluster.java:280)
	at org.apache.hadoop.hbase.HBaseTestingUtility.startMiniDFSCluster(HBaseTestingUtility.java:451)
	at org.apache.hadoop.hbase.HBaseTestingUtility.startMiniCluster(HBaseTestingUtility.java:619)
	at org.apache.hadoop.hbase.HBaseTestingUtility.startMiniCluster(HBaseTestingUtility.java:575)
	at com.alibaba.wasp.WaspTestingUtility.startMiniCluster(WaspTestingUtility.java:172)
	at com.alibaba.wasp.WaspTestingUtility.startMiniCluster(WaspTestingUtility.java:144)
	at com.alibaba.wasp.master.TestMaster.beforeAllTests(TestMaster.java:60)
	at sun.reflect.NativeMethodAccessorImpl.invoke0(Native Method)
	at sun.reflect.NativeMethodAccessorImpl.invoke(NativeMethodAccessorImpl.java:62)
	at sun.reflect.DelegatingMethodAccessorImpl.invoke(DelegatingMethodAccessorImpl.java:43)
	at java.lang.reflect.Method.invoke(Method.java:498)
	at org.junit.runners.model.FrameworkMethod$1.runReflectiveCall(FrameworkMethod.java:45)
	at org.junit.internal.runners.model.ReflectiveCallable.run(ReflectiveCallable.java:15)
	at org.junit.runners.model.FrameworkMethod.invokeExplosively(FrameworkMethod.java:42)
	at org.junit.internal.runners.statements.RunBefores.evaluate(RunBefores.java:27)
	at org.junit.internal.runners.statements.RunAfters.evaluate(RunAfters.java:30)
	at org.junit.runners.ParentRunner.run(ParentRunner.java:300)
	at org.junit.runners.Suite.runChild(Suite.java:128)
	at org.junit.runners.Suite.runChild(Suite.java:24)
	at org.junit.runners.ParentRunner$3.run(ParentRunner.java:231)
	at org.junit.runners.ParentRunner$1.schedule(ParentRunner.java:60)
	at org.junit.runners.ParentRunner.runChildren(ParentRunner.java:229)
	at org.junit.runners.ParentRunner.access$000(ParentRunner.java:50)
	at org.junit.runners.ParentRunner$2.evaluate(ParentRunner.java:222)
	at org.junit.runners.ParentRunner.run(ParentRunner.java:300)
	at org.junit.runner.JUnitCore.run(JUnitCore.java:157)
	at org.junit.runner.JUnitCore.run(JUnitCore.java:136)
	at edu.illinois.cs.testrunner.execution.JUnitTestExecutor.execute(JUnitTestExecutor.java:259)
	at edu.illinois.cs.testrunner.execution.JUnitTestExecutor.executeWithJUnit4Runner(JUnitTestExecutor.java:327)
	at edu.illinois.cs.testrunner.execution.JUnitTestExecutor.runOrder(JUnitTestExecutor.java:49)
	at edu.illinois.cs.testrunner.execution.Executor$.$anonfun$run$1(Executor.scala:30)
	at scala.runtime.java8.JFunction0$mcV$sp.apply(JFunction0$mcV$sp.java:12)
	at scala.util.Try$.apply(Try.scala:209)
	at edu.illinois.cs.testrunner.execution.Executor$.run(Executor.scala:28)
	at edu.illinois.cs.testrunner.execution.Executor$.main(Executor.scala:18)
	at edu.illinois.cs.testrunner.execution.Executor.main(Executor.scala)
24/04/26 02:14:45 DEBUG ipc.WaspRPC: Using com.alibaba.wasp.ipc.ProtobufRpcEngine for com.alibaba.wasp.ipc.TestProtoBufRpc$TestRpcService
24/04/26 02:14:45 DEBUG ipc.NettyTransceiver: Using Netty bootstrap options: {connectTimeoutMillis=3000, tcpNoDelay=true}
24/04/26 02:14:45 DEBUG ipc.NettyTransceiver: Connecting to /0.0.0.0:46485
24/04/26 02:14:45 DEBUG ipc.NettyTransceiver: [id: 0x779de014] OPEN
24/04/26 02:14:45 INFO ipc.NettyTransceiver: Successfully connected to bookie: /0.0.0.0:46485
24/04/26 02:14:45 DEBUG ipc.NettyTransceiver: [id: 0x779de014, /127.0.0.1:55960 => /0.0.0.0:46485] BOUND: /127.0.0.1:55960
24/04/26 02:14:45 DEBUG ipc.NettyTransceiver: [id: 0x779de014, /127.0.0.1:55960 => /0.0.0.0:46485] CONNECTED: /0.0.0.0:46485
24/04/26 02:14:45 DEBUG ipc.NettyServer: [id: 0x2507ec12, /127.0.0.1:55960 => /127.0.1.1:46485] OPEN
24/04/26 02:14:45 DEBUG ipc.NettyServer: [id: 0x2507ec12, /127.0.0.1:55960 => /127.0.1.1:46485] BOUND: /127.0.1.1:46485
24/04/26 02:14:45 DEBUG ipc.NettyServer: [id: 0x2507ec12, /127.0.0.1:55960 => /127.0.1.1:46485] CONNECTED: /127.0.0.1:55960
24/04/26 02:14:45 ERROR ipc.NettyServer: pool-11-thread-8, call methodName: "error"
clientProtocolVersion: 1
request: ""
requestClassName: "com.alibaba.wasp.ipc.protobuf.generated.TestProtos$EmptyRequestProto"
: error: 
java.io.IOException: error
	at com.alibaba.wasp.ipc.TestProtoBufRpc$PBServerImpl.error(TestProtoBufRpc.java:68)
	at sun.reflect.NativeMethodAccessorImpl.invoke0(Native Method)
	at sun.reflect.NativeMethodAccessorImpl.invoke(NativeMethodAccessorImpl.java:62)
	at sun.reflect.DelegatingMethodAccessorImpl.invoke(DelegatingMethodAccessorImpl.java:43)
	at java.lang.reflect.Method.invoke(Method.java:498)
	at com.alibaba.wasp.ipc.ProtobufRpcEngine$Server.call(ProtobufRpcEngine.java:270)
	at com.alibaba.wasp.ipc.NettyServer$NettyServerWaspHandler.messageReceived(NettyServer.java:234)
	at org.jboss.netty.channel.SimpleChannelUpstreamHandler.handleUpstream(SimpleChannelUpstreamHandler.java:75)
	at com.alibaba.wasp.ipc.NettyServer$NettyServerWaspHandler.handleUpstream(NettyServer.java:171)
	at org.jboss.netty.channel.DefaultChannelPipeline.sendUpstream(DefaultChannelPipeline.java:563)
	at org.jboss.netty.channel.DefaultChannelPipeline$DefaultChannelHandlerContext.sendUpstream(DefaultChannelPipeline.java:791)
	at org.jboss.netty.handler.execution.ChannelUpstreamEventRunnable.doRun(ChannelUpstreamEventRunnable.java:45)
	at org.jboss.netty.handler.execution.ChannelEventRunnable.run(ChannelEventRunnable.java:64)
	at java.util.concurrent.ThreadPoolExecutor.runWorker(ThreadPoolExecutor.java:1149)
	at java.util.concurrent.ThreadPoolExecutor$Worker.run(ThreadPoolExecutor.java:624)
	at java.lang.Thread.run(Thread.java:750)
24/04/26 02:14:45 INFO ipc.NettyServer: Stopping server on 0
24/04/26 02:14:45 DEBUG ipc.NettyTransceiver: [id: 0x779de014, /127.0.0.1:55960 :> /0.0.0.0:46485] DISCONNECTED
24/04/26 02:14:45 DEBUG ipc.NettyTransceiver: [id: 0x779de014, /127.0.0.1:55960 :> /0.0.0.0:46485] UNBOUND
24/04/26 02:14:45 DEBUG ipc.NettyTransceiver: [id: 0x779de014, /127.0.0.1:55960 :> /0.0.0.0:46485] CLOSED
24/04/26 02:14:45 DEBUG ipc.NettyTransceiver: Remote peer /0.0.0.0:46485 closed connection.
24/04/26 02:14:45 DEBUG ipc.NettyTransceiver: Disconnecting from /0.0.0.0:46485
24/04/26 02:14:45 DEBUG ipc.NettyServer: [id: 0x2507ec12, /127.0.0.1:55960 :> /127.0.1.1:46485] DISCONNECTED
24/04/26 02:14:45 DEBUG ipc.NettyServer: [id: 0x2507ec12, /127.0.0.1:55960 :> /127.0.1.1:46485] UNBOUND
24/04/26 02:14:45 DEBUG ipc.NettyServer: [id: 0x2507ec12, /127.0.0.1:55960 :> /127.0.1.1:46485] CLOSED
24/04/26 02:14:45 INFO wasp.WaspTestingUtility: Starting up minicluster with 1 master(s) and 1 fserver(s) 
Starting DataNode 0 with dfs.data.dir: /home/alex/Repositories/wasp/target/test-data/238033d2-4c97-4890-a629-9ed205331033/dfscluster_857a5120-a9f1-46d0-b342-1f532a4f3818/dfs/data/data1,/home/alex/Repositories/wasp/target/test-data/238033d2-4c97-4890-a629-9ed205331033/dfscluster_857a5120-a9f1-46d0-b342-1f532a4f3818/dfs/data/data2
24/04/26 02:14:45 ERROR datanode.DataNode: All directories in dfs.data.dir are invalid.
24/04/26 02:14:45 INFO wasp.WaspTestingUtility: Shutting down mini wasp cluster
24/04/26 02:14:45 INFO wasp.WaspTestingUtility: Minicluster is down
java.lang.NullPointerException
	at org.apache.hadoop.hdfs.MiniDFSCluster.startDataNodes(MiniDFSCluster.java:422)
	at org.apache.hadoop.hdfs.MiniDFSCluster.<init>(MiniDFSCluster.java:280)
	at org.apache.hadoop.hbase.HBaseTestingUtility.startMiniDFSCluster(HBaseTestingUtility.java:451)
	at org.apache.hadoop.hbase.HBaseTestingUtility.startMiniCluster(HBaseTestingUtility.java:619)
	at org.apache.hadoop.hbase.HBaseTestingUtility.startMiniCluster(HBaseTestingUtility.java:575)
	at com.alibaba.wasp.WaspTestingUtility.startMiniCluster(WaspTestingUtility.java:172)
	at com.alibaba.wasp.WaspTestingUtility.startMiniCluster(WaspTestingUtility.java:144)
	at com.alibaba.wasp.plan.execute.TestExecutionEngine.before(TestExecutionEngine.java:89)
	at sun.reflect.NativeMethodAccessorImpl.invoke0(Native Method)
	at sun.reflect.NativeMethodAccessorImpl.invoke(NativeMethodAccessorImpl.java:62)
	at sun.reflect.DelegatingMethodAccessorImpl.invoke(DelegatingMethodAccessorImpl.java:43)
	at java.lang.reflect.Method.invoke(Method.java:498)
	at org.junit.runners.model.FrameworkMethod$1.runReflectiveCall(FrameworkMethod.java:45)
	at org.junit.internal.runners.model.ReflectiveCallable.run(ReflectiveCallable.java:15)
	at org.junit.runners.model.FrameworkMethod.invokeExplosively(FrameworkMethod.java:42)
	at org.junit.internal.runners.statements.RunBefores.evaluate(RunBefores.java:27)
	at org.junit.internal.runners.statements.RunAfters.evaluate(RunAfters.java:30)
	at org.junit.runners.ParentRunner.run(ParentRunner.java:300)
	at org.junit.runners.Suite.runChild(Suite.java:128)
	at org.junit.runners.Suite.runChild(Suite.java:24)
	at org.junit.runners.ParentRunner$3.run(ParentRunner.java:231)
	at org.junit.runners.ParentRunner$1.schedule(ParentRunner.java:60)
	at org.junit.runners.ParentRunner.runChildren(ParentRunner.java:229)
	at org.junit.runners.ParentRunner.access$000(ParentRunner.java:50)
	at org.junit.runners.ParentRunner$2.evaluate(ParentRunner.java:222)
	at org.junit.runners.ParentRunner.run(ParentRunner.java:300)
	at org.junit.runner.JUnitCore.run(JUnitCore.java:157)
	at org.junit.runner.JUnitCore.run(JUnitCore.java:136)
	at edu.illinois.cs.testrunner.execution.JUnitTestExecutor.execute(JUnitTestExecutor.java:259)
	at edu.illinois.cs.testrunner.execution.JUnitTestExecutor.executeWithJUnit4Runner(JUnitTestExecutor.java:327)
	at edu.illinois.cs.testrunner.execution.JUnitTestExecutor.runOrder(JUnitTestExecutor.java:49)
	at edu.illinois.cs.testrunner.execution.Executor$.$anonfun$run$1(Executor.scala:30)
	at scala.runtime.java8.JFunction0$mcV$sp.apply(JFunction0$mcV$sp.java:12)
	at scala.util.Try$.apply(Try.scala:209)
	at edu.illinois.cs.testrunner.execution.Executor$.run(Executor.scala:28)
	at edu.illinois.cs.testrunner.execution.Executor$.main(Executor.scala:18)
	at edu.illinois.cs.testrunner.execution.Executor.main(Executor.scala)
24/04/26 02:14:46 INFO server.SessionTrackerImpl: SessionTrackerImpl exited loop!
