24/04/26 01:56:07 INFO wasp.WaspTestingUtility: Starting up minicluster with 1 master(s) and 3 fserver(s) 
Starting DataNode 0 with dfs.data.dir: /home/alex/Repositories/wasp/target/test-data/ef0dc868-6943-425b-96f9-cb9b0161b269/dfscluster_56d39c22-d43f-475e-a018-54e4f8fdd64b/dfs/data/data1,/home/alex/Repositories/wasp/target/test-data/ef0dc868-6943-425b-96f9-cb9b0161b269/dfscluster_56d39c22-d43f-475e-a018-54e4f8fdd64b/dfs/data/data2
24/04/26 01:56:08 ERROR datanode.DataNode: All directories in dfs.data.dir are invalid.
24/04/26 01:56:08 INFO wasp.WaspTestingUtility: Shutting down mini wasp cluster
24/04/26 01:56:08 INFO wasp.WaspTestingUtility: Minicluster is down
java.lang.NullPointerException
	at org.apache.hadoop.hdfs.MiniDFSCluster.startDataNodes(MiniDFSCluster.java:422)
	at org.apache.hadoop.hdfs.MiniDFSCluster.<init>(MiniDFSCluster.java:280)
	at org.apache.hadoop.hbase.HBaseTestingUtility.startMiniDFSCluster(HBaseTestingUtility.java:451)
	at org.apache.hadoop.hbase.HBaseTestingUtility.startMiniCluster(HBaseTestingUtility.java:619)
	at org.apache.hadoop.hbase.HBaseTestingUtility.startMiniCluster(HBaseTestingUtility.java:575)
	at com.alibaba.wasp.WaspTestingUtility.startMiniCluster(WaspTestingUtility.java:172)
	at com.alibaba.wasp.WaspTestingUtility.startMiniCluster(WaspTestingUtility.java:144)
	at com.alibaba.wasp.client.TestFromClientSide.setUpBeforeClass(TestFromClientSide.java:83)
	at sun.reflect.NativeMethodAccessorImpl.invoke0(Native Method)
	at sun.reflect.NativeMethodAccessorImpl.invoke(NativeMethodAccessorImpl.java:62)
	at sun.reflect.DelegatingMethodAccessorImpl.invoke(DelegatingMethodAccessorImpl.java:43)
	at java.lang.reflect.Method.invoke(Method.java:498)
	at org.junit.runners.model.FrameworkMethod$1.runReflectiveCall(FrameworkMethod.java:45)
	at org.junit.internal.runners.model.ReflectiveCallable.run(ReflectiveCallable.java:15)
	at org.junit.runners.model.FrameworkMethod.invokeExplosively(FrameworkMethod.java:42)
	at org.junit.internal.runners.statements.RunBefores.evaluate(RunBefores.java:27)
	at org.junit.internal.runners.statements.RunAfters.evaluate(RunAfters.java:30)
	at org.junit.runners.ParentRunner.run(ParentRunner.java:300)
	at org.junit.runners.Suite.runChild(Suite.java:128)
	at org.junit.runners.Suite.runChild(Suite.java:24)
	at org.junit.runners.ParentRunner$3.run(ParentRunner.java:231)
	at org.junit.runners.ParentRunner$1.schedule(ParentRunner.java:60)
	at org.junit.runners.ParentRunner.runChildren(ParentRunner.java:229)
	at org.junit.runners.ParentRunner.access$000(ParentRunner.java:50)
	at org.junit.runners.ParentRunner$2.evaluate(ParentRunner.java:222)
	at org.junit.runners.ParentRunner.run(ParentRunner.java:300)
	at org.junit.runner.JUnitCore.run(JUnitCore.java:157)
	at org.junit.runner.JUnitCore.run(JUnitCore.java:136)
	at edu.illinois.cs.testrunner.execution.JUnitTestExecutor.execute(JUnitTestExecutor.java:259)
	at edu.illinois.cs.testrunner.execution.JUnitTestExecutor.executeWithJUnit4Runner(JUnitTestExecutor.java:327)
	at edu.illinois.cs.testrunner.execution.JUnitTestExecutor.runOrder(JUnitTestExecutor.java:49)
	at edu.illinois.cs.testrunner.execution.Executor$.$anonfun$run$1(Executor.scala:30)
	at scala.runtime.java8.JFunction0$mcV$sp.apply(JFunction0$mcV$sp.java:12)
	at scala.util.Try$.apply(Try.scala:209)
	at edu.illinois.cs.testrunner.execution.Executor$.run(Executor.scala:28)
	at edu.illinois.cs.testrunner.execution.Executor$.main(Executor.scala:18)
	at edu.illinois.cs.testrunner.execution.Executor.main(Executor.scala)
24/04/26 01:56:08 DEBUG executor.ExecutorService: Starting executor service name=MASTER_SERVER_OPERATIONS-unit_test, corePoolSize=5, maxPoolSize=5
24/04/26 01:56:08 INFO executor.TestExecutorService: Running process #1, threadName=MASTER_SERVER_OPERATIONS-unit_test-0
24/04/26 01:56:08 INFO executor.TestExecutorService: Waiting for all event handlers to start...
24/04/26 01:56:08 INFO executor.TestExecutorService: Running process #2, threadName=MASTER_SERVER_OPERATIONS-unit_test-2
24/04/26 01:56:08 INFO executor.TestExecutorService: Running process #3, threadName=MASTER_SERVER_OPERATIONS-unit_test-3
24/04/26 01:56:08 INFO executor.TestExecutorService: Running process #4, threadName=MASTER_SERVER_OPERATIONS-unit_test-1
24/04/26 01:56:08 INFO executor.TestExecutorService: Running process #5, threadName=MASTER_SERVER_OPERATIONS-unit_test-4
24/04/26 01:56:08 INFO executor.TestExecutorService: Got status dump:
Status for executor: Executor-1-MASTER_SERVER_OPERATIONS-unit_test
=======================================
0 events queued, 5 running
Running:
  Running on thread 'MASTER_SERVER_OPERATIONS-unit_test-2': Event #3 of type M_SERVER_SHUTDOWN (class com.alibaba.wasp.executor.TestExecutorService$TestEventHandler)
  Thread 41 (MASTER_SERVER_OPERATIONS-unit_test-2):
    State: WAITING
    Blocked count: 2
    Waited count: 1
    Waiting on java.util.concurrent.atomic.AtomicBoolean@6ccdb29f
    Stack:
      java.lang.Object.wait(Native Method)
      java.lang.Object.wait(Object.java:502)
      com.alibaba.wasp.executor.TestExecutorService$TestEventHandler.process(TestExecutorService.java:167)
      com.alibaba.wasp.executor.EventHandler.run(EventHandler.java:198)
      java.util.concurrent.ThreadPoolExecutor.runWorker(ThreadPoolExecutor.java:1149)
      java.util.concurrent.ThreadPoolExecutor$Worker.run(ThreadPoolExecutor.java:624)
      java.lang.Thread.run(Thread.java:750)

  Running on thread 'MASTER_SERVER_OPERATIONS-unit_test-0': Event #1 of type M_SERVER_SHUTDOWN (class com.alibaba.wasp.executor.TestExecutorService$TestEventHandler)
  Thread 39 (MASTER_SERVER_OPERATIONS-unit_test-0):
    State: WAITING
    Blocked count: 0
    Waited count: 1
    Waiting on java.util.concurrent.atomic.AtomicBoolean@6ccdb29f
    Stack:
      java.lang.Object.wait(Native Method)
      java.lang.Object.wait(Object.java:502)
      com.alibaba.wasp.executor.TestExecutorService$TestEventHandler.process(TestExecutorService.java:167)
      com.alibaba.wasp.executor.EventHandler.run(EventHandler.java:198)
      java.util.concurrent.ThreadPoolExecutor.runWorker(ThreadPoolExecutor.java:1149)
      java.util.concurrent.ThreadPoolExecutor$Worker.run(ThreadPoolExecutor.java:624)
      java.lang.Thread.run(Thread.java:750)

Waiting for all event handlers to finish...
  Running on thread 'MASTER_SERVER_OPERATIONS-unit_test-1': Event #2 of type M_SERVER_SHUTDOWN (class com.alibaba.wasp.executor.TestExecutorService$TestEventHandler)
  Thread 40 (MASTER_SERVER_OPERATIONS-unit_test-1):
    State: WAITING
    Blocked count: 2
    Waited count: 1
    Waiting on java.util.concurrent.atomic.AtomicBoolean@6ccdb29f
    Stack:
      java.lang.Object.wait(Native Method)
      java.lang.Object.wait(Object.java:502)
      com.alibaba.wasp.executor.TestExecutorService$TestEventHandler.process(TestExecutorService.java:167)
      com.alibaba.wasp.executor.EventHandler.run(EventHandler.java:198)
      java.util.concurrent.ThreadPoolExecutor.runWorker(ThreadPoolExecutor.java:1149)
      java.util.concurrent.ThreadPoolExecutor$Worker.run(ThreadPoolExecutor.java:624)
      java.lang.Thread.run(Thread.java:750)

  Running on thread 'MASTER_SERVER_OPERATIONS-unit_test-3': Event #4 of type M_SERVER_SHUTDOWN (class com.alibaba.wasp.executor.TestExecutorService$TestEventHandler)
  Thread 42 (MASTER_SERVER_OPERATIONS-unit_test-3):
    State: WAITING
    Blocked count: 1
    Waited count: 1
    Waiting on java.util.concurrent.atomic.AtomicBoolean@6ccdb29f
    Stack:
      java.lang.Object.wait(Native Method)
      java.lang.Object.wait(Object.java:502)
      com.alibaba.wasp.executor.TestExecutorService$TestEventHandler.process(TestExecutorService.java:167)
      com.alibaba.wasp.executor.EventHandler.run(EventHandler.java:198)
      java.util.concurrent.ThreadPoolExecutor.runWorker(ThreadPoolExecutor.java:1149)
      java.util.concurrent.ThreadPoolExecutor$Worker.run(ThreadPoolExecutor.java:624)
      java.lang.Thread.run(Thread.java:750)

  Running on thread 'MASTER_SERVER_OPERATIONS-unit_test-4': Event #5 of type M_SERVER_SHUTDOWN (class com.alibaba.wasp.executor.TestExecutorService$TestEventHandler)
  Thread 43 (MASTER_SERVER_OPERATIONS-unit_test-4):
    State: WAITING
    Blocked count: 1
    Waited count: 1
    Waiting on java.util.concurrent.atomic.AtomicBoolean@6ccdb29f
    Stack:
      java.lang.Object.wait(Native Method)
      java.lang.Object.wait(Object.java:502)
      com.alibaba.wasp.executor.TestExecutorService$TestEventHandler.process(TestExecutorService.java:167)
      com.alibaba.wasp.executor.EventHandler.run(EventHandler.java:198)
      java.util.concurrent.ThreadPoolExecutor.runWorker(ThreadPoolExecutor.java:1149)
      java.util.concurrent.ThreadPoolExecutor$Worker.run(ThreadPoolExecutor.java:624)
      java.lang.Thread.run(Thread.java:750)


24/04/26 01:56:08 INFO executor.TestExecutorService: Running process #11, threadName=MASTER_SERVER_OPERATIONS-unit_test-1
24/04/26 01:56:08 INFO executor.TestExecutorService: Running process #13, threadName=MASTER_SERVER_OPERATIONS-unit_test-2
24/04/26 01:56:08 INFO executor.TestExecutorService: Running process #15, threadName=MASTER_SERVER_OPERATIONS-unit_test-4
24/04/26 01:56:08 INFO executor.TestExecutorService: Running process #17, threadName=MASTER_SERVER_OPERATIONS-unit_test-3
24/04/26 01:56:08 INFO executor.TestExecutorService: Running process #18, threadName=MASTER_SERVER_OPERATIONS-unit_test-0
24/04/26 01:56:08 INFO executor.TestExecutorService: Running process #20, threadName=MASTER_SERVER_OPERATIONS-unit_test-3
24/04/26 01:56:08 INFO executor.TestExecutorService: Running process #22, threadName=MASTER_SERVER_OPERATIONS-unit_test-0
24/04/26 01:56:08 INFO executor.TestExecutorService: Running process #24, threadName=MASTER_SERVER_OPERATIONS-unit_test-3
24/04/26 01:56:08 INFO executor.TestExecutorService: Running process #26, threadName=MASTER_SERVER_OPERATIONS-unit_test-1
24/04/26 01:56:08 INFO executor.TestExecutorService: Running process #28, threadName=MASTER_SERVER_OPERATIONS-unit_test-2
24/04/26 01:56:10 ERROR executor.ExecutorService: Cannot submit [Event #16 of type M_SERVER_SHUTDOWN (class com.alibaba.wasp.executor.TestExecutorService$TestEventHandler)] because the executor is missing. Is this process shutting down?
24/04/26 01:56:10 INFO wasp.WaspTestingUtility: Starting up minicluster with 1 master(s) and 3 fserver(s) 
Starting DataNode 0 with dfs.data.dir: /home/alex/Repositories/wasp/target/test-data/33b4d10a-c377-42bd-b002-8c7770142b35/dfscluster_1ee349cd-944d-47e8-836e-808e636afb87/dfs/data/data1,/home/alex/Repositories/wasp/target/test-data/33b4d10a-c377-42bd-b002-8c7770142b35/dfscluster_1ee349cd-944d-47e8-836e-808e636afb87/dfs/data/data2
24/04/26 01:56:10 ERROR datanode.DataNode: All directories in dfs.data.dir are invalid.
24/04/26 01:56:10 INFO wasp.WaspTestingUtility: Shutting down mini wasp cluster
24/04/26 01:56:10 INFO wasp.WaspTestingUtility: Minicluster is down
java.lang.NullPointerException
	at org.apache.hadoop.hdfs.MiniDFSCluster.startDataNodes(MiniDFSCluster.java:422)
	at org.apache.hadoop.hdfs.MiniDFSCluster.<init>(MiniDFSCluster.java:280)
	at org.apache.hadoop.hbase.HBaseTestingUtility.startMiniDFSCluster(HBaseTestingUtility.java:451)
	at org.apache.hadoop.hbase.HBaseTestingUtility.startMiniCluster(HBaseTestingUtility.java:619)
	at org.apache.hadoop.hbase.HBaseTestingUtility.startMiniCluster(HBaseTestingUtility.java:575)
	at com.alibaba.wasp.WaspTestingUtility.startMiniCluster(WaspTestingUtility.java:172)
	at com.alibaba.wasp.WaspTestingUtility.startMiniCluster(WaspTestingUtility.java:144)
	at com.alibaba.wasp.fserver.TestEntityGroup.setUpBeforeClass(TestEntityGroup.java:97)
	at sun.reflect.NativeMethodAccessorImpl.invoke0(Native Method)
	at sun.reflect.NativeMethodAccessorImpl.invoke(NativeMethodAccessorImpl.java:62)
	at sun.reflect.DelegatingMethodAccessorImpl.invoke(DelegatingMethodAccessorImpl.java:43)
	at java.lang.reflect.Method.invoke(Method.java:498)
	at org.junit.runners.model.FrameworkMethod$1.runReflectiveCall(FrameworkMethod.java:45)
	at org.junit.internal.runners.model.ReflectiveCallable.run(ReflectiveCallable.java:15)
	at org.junit.runners.model.FrameworkMethod.invokeExplosively(FrameworkMethod.java:42)
	at org.junit.internal.runners.statements.RunBefores.evaluate(RunBefores.java:27)
	at org.junit.internal.runners.statements.RunAfters.evaluate(RunAfters.java:30)
	at org.junit.runners.ParentRunner.run(ParentRunner.java:300)
	at org.junit.runners.Suite.runChild(Suite.java:128)
	at org.junit.runners.Suite.runChild(Suite.java:24)
	at org.junit.runners.ParentRunner$3.run(ParentRunner.java:231)
	at org.junit.runners.ParentRunner$1.schedule(ParentRunner.java:60)
	at org.junit.runners.ParentRunner.runChildren(ParentRunner.java:229)
	at org.junit.runners.ParentRunner.access$000(ParentRunner.java:50)
	at org.junit.runners.ParentRunner$2.evaluate(ParentRunner.java:222)
	at org.junit.runners.ParentRunner.run(ParentRunner.java:300)
	at org.junit.runner.JUnitCore.run(JUnitCore.java:157)
	at org.junit.runner.JUnitCore.run(JUnitCore.java:136)
	at edu.illinois.cs.testrunner.execution.JUnitTestExecutor.execute(JUnitTestExecutor.java:259)
	at edu.illinois.cs.testrunner.execution.JUnitTestExecutor.executeWithJUnit4Runner(JUnitTestExecutor.java:327)
	at edu.illinois.cs.testrunner.execution.JUnitTestExecutor.runOrder(JUnitTestExecutor.java:49)
	at edu.illinois.cs.testrunner.execution.Executor$.$anonfun$run$1(Executor.scala:30)
	at scala.runtime.java8.JFunction0$mcV$sp.apply(JFunction0$mcV$sp.java:12)
	at scala.util.Try$.apply(Try.scala:209)
	at edu.illinois.cs.testrunner.execution.Executor$.run(Executor.scala:28)
	at edu.illinois.cs.testrunner.execution.Executor$.main(Executor.scala:18)
	at edu.illinois.cs.testrunner.execution.Executor.main(Executor.scala)
24/04/26 01:56:10 DEBUG druid.DruidParser: Parsing SQL CREATE TABLE User { Required Int64 user_id; Required String name; Optional DOUBLE value; }  primary key(user_id),  entity group root, entity group key(user_id);
24/04/26 01:56:11 DEBUG druid.DruidDDLParser: CreateTablePlan CreateTablePlan [table=CREATE TABLE User { 
  REQUIRED INT64 user_id COLUMNFAMILY d;
  REQUIRED STRING name COLUMNFAMILY d;
  OPTIONAL DOUBLE value COLUMNFAMILY d;
} 
PRIMARY KEY(user_id),
ENTITY GROUP ROOT,
ENTITY GROUP KEY(user_id);
, splitKeys=null]
24/04/26 01:56:11 DEBUG fserver.MetricsEntityGroupSourceImpl: Creating new MetricsEntityGroupSourceImpl for table User ceee552e02fb432d09b9d2f9de56f0f8
24/04/26 01:56:11 DEBUG fserver.EntityGroup: Instantiated User,,1714092971025.ceee552e02fb432d09b9d2f9de56f0f8.
Exception in thread "Thread-51" java.lang.NullPointerException
	at com.alibaba.wasp.fserver.EntityGroup.run(EntityGroup.java:1264)
	at java.lang.Thread.run(Thread.java:750)
24/04/26 01:56:11 DEBUG druid.DruidParser: Parsing SQL DELETE FROM User WHERE user_id = 123;
24/04/26 01:56:11 DEBUG druid.DruidDMLParser: UPDATE SQL From clause User
24/04/26 01:56:11 DEBUG druid.DruidDMLParser: UPDATE SQL where user_id = 123
24/04/26 01:56:11 DEBUG druid.DruidDMLParser: DeletePlan DeletePlan [actions=[DeleteAction [tableName=User, primayKey=[0, 0, 0, 0, 0, 0, 0, 123]]]]
24/04/26 01:56:11 ERROR fserver.EntityGroup: PrepareDeleteEntity failed.
java.lang.NullPointerException
	at com.alibaba.wasp.storage.StorageServicesImpl.getRowBeforeDelete(StorageServicesImpl.java:90)
	at com.alibaba.wasp.fserver.EntityGroup.prepareDeleteEntity(EntityGroup.java:800)
	at com.alibaba.wasp.fserver.EntityGroup.delete(EntityGroup.java:769)
	at com.alibaba.wasp.fserver.TestEntityGroupAlone.testDelete(TestEntityGroupAlone.java:147)
	at sun.reflect.NativeMethodAccessorImpl.invoke0(Native Method)
	at sun.reflect.NativeMethodAccessorImpl.invoke(NativeMethodAccessorImpl.java:62)
	at sun.reflect.DelegatingMethodAccessorImpl.invoke(DelegatingMethodAccessorImpl.java:43)
	at java.lang.reflect.Method.invoke(Method.java:498)
	at org.junit.runners.model.FrameworkMethod$1.runReflectiveCall(FrameworkMethod.java:45)
	at org.junit.internal.runners.model.ReflectiveCallable.run(ReflectiveCallable.java:15)
	at org.junit.runners.model.FrameworkMethod.invokeExplosively(FrameworkMethod.java:42)
	at org.junit.internal.runners.statements.InvokeMethod.evaluate(InvokeMethod.java:20)
	at org.junit.internal.runners.statements.RunBefores.evaluate(RunBefores.java:28)
	at org.junit.internal.runners.statements.RunAfters.evaluate(RunAfters.java:30)
	at org.junit.runners.ParentRunner.runLeaf(ParentRunner.java:263)
	at org.junit.runners.BlockJUnit4ClassRunner.runChild(BlockJUnit4ClassRunner.java:68)
	at org.junit.runners.BlockJUnit4ClassRunner.runChild(BlockJUnit4ClassRunner.java:47)
	at org.junit.runners.ParentRunner$3.run(ParentRunner.java:231)
	at org.junit.runners.ParentRunner$1.schedule(ParentRunner.java:60)
	at org.junit.runners.ParentRunner.runChildren(ParentRunner.java:229)
	at org.junit.runners.ParentRunner.access$000(ParentRunner.java:50)
	at org.junit.runners.ParentRunner$2.evaluate(ParentRunner.java:222)
	at org.junit.internal.runners.statements.RunBefores.evaluate(RunBefores.java:28)
	at org.junit.internal.runners.statements.RunAfters.evaluate(RunAfters.java:30)
	at org.junit.runners.ParentRunner.run(ParentRunner.java:300)
	at org.junit.runners.Suite.runChild(Suite.java:128)
	at org.junit.runners.Suite.runChild(Suite.java:24)
	at org.junit.runners.ParentRunner$3.run(ParentRunner.java:231)
	at org.junit.runners.ParentRunner$1.schedule(ParentRunner.java:60)
	at org.junit.runners.ParentRunner.runChildren(ParentRunner.java:229)
	at org.junit.runners.ParentRunner.access$000(ParentRunner.java:50)
	at org.junit.runners.ParentRunner$2.evaluate(ParentRunner.java:222)
	at org.junit.runners.ParentRunner.run(ParentRunner.java:300)
	at org.junit.runner.JUnitCore.run(JUnitCore.java:157)
	at org.junit.runner.JUnitCore.run(JUnitCore.java:136)
	at edu.illinois.cs.testrunner.execution.JUnitTestExecutor.execute(JUnitTestExecutor.java:259)
	at edu.illinois.cs.testrunner.execution.JUnitTestExecutor.executeWithJUnit4Runner(JUnitTestExecutor.java:327)
	at edu.illinois.cs.testrunner.execution.JUnitTestExecutor.runOrder(JUnitTestExecutor.java:49)
	at edu.illinois.cs.testrunner.execution.Executor$.$anonfun$run$1(Executor.scala:30)
	at scala.runtime.java8.JFunction0$mcV$sp.apply(JFunction0$mcV$sp.java:12)
	at scala.util.Try$.apply(Try.scala:209)
	at edu.illinois.cs.testrunner.execution.Executor$.run(Executor.scala:28)
	at edu.illinois.cs.testrunner.execution.Executor$.main(Executor.scala:18)
	at edu.illinois.cs.testrunner.execution.Executor.main(Executor.scala)
24/04/26 01:56:11 DEBUG druid.DruidParser: Parsing SQL Insert into User(user_id,name) values(1,'binlijin');
24/04/26 01:56:11 DEBUG druid.DruidDMLParser: INSERT SQL TableSource User
24/04/26 01:56:11 DEBUG druid.DruidDMLParser: From table User
24/04/26 01:56:11 DEBUG druid.DruidDMLParser:  SQLInsertItem user_id
24/04/26 01:56:11 DEBUG druid.DruidDMLParser:  SQLInsertItem name
24/04/26 01:56:11 DEBUG druid.DruidDMLParser: INSERT SQL Insert columns [user_id, name]
24/04/26 01:56:11 DEBUG druid.DruidDMLParser: INSERT SQL Insert Values List [ VALUES (1, 'binlijin')]
24/04/26 01:56:11 DEBUG druid.DruidDMLParser: InsertPlan InsertPlan [actions=[InsertAction [tableName=User, primayKey=[0, 0, 0, 0, 0, 0, 0, 1], columns=[ColumnAction [tableName=User, familyName=d, columnName=user_id, value=[0, 0, 0, 0, 0, 0, 0, 1], isIndex=false], ColumnAction [tableName=User, familyName=d, columnName=name, value=[98, 105, 110, 108, 105, 106, 105, 110], isIndex=false]]]]]
24/04/26 01:56:11 DEBUG fserver.EntityGroup: prepareInsertEntity indexs:[]
24/04/26 01:56:11 ERROR fserver.EntityGroup: PrepareInsertEntity failed.
java.lang.NullPointerException
	at com.alibaba.wasp.storage.StorageServicesImpl.checkRowExistsBeforeInsert(StorageServicesImpl.java:66)
	at com.alibaba.wasp.fserver.EntityGroup.prepareInsertEntity(EntityGroup.java:548)
	at com.alibaba.wasp.fserver.EntityGroup.insert(EntityGroup.java:412)
	at com.alibaba.wasp.fserver.TestEntityGroupAlone.testInsert(TestEntityGroupAlone.java:105)
	at sun.reflect.NativeMethodAccessorImpl.invoke0(Native Method)
	at sun.reflect.NativeMethodAccessorImpl.invoke(NativeMethodAccessorImpl.java:62)
	at sun.reflect.DelegatingMethodAccessorImpl.invoke(DelegatingMethodAccessorImpl.java:43)
	at java.lang.reflect.Method.invoke(Method.java:498)
	at org.junit.runners.model.FrameworkMethod$1.runReflectiveCall(FrameworkMethod.java:45)
	at org.junit.internal.runners.model.ReflectiveCallable.run(ReflectiveCallable.java:15)
	at org.junit.runners.model.FrameworkMethod.invokeExplosively(FrameworkMethod.java:42)
	at org.junit.internal.runners.statements.InvokeMethod.evaluate(InvokeMethod.java:20)
	at org.junit.internal.runners.statements.RunBefores.evaluate(RunBefores.java:28)
	at org.junit.internal.runners.statements.RunAfters.evaluate(RunAfters.java:30)
	at org.junit.runners.ParentRunner.runLeaf(ParentRunner.java:263)
	at org.junit.runners.BlockJUnit4ClassRunner.runChild(BlockJUnit4ClassRunner.java:68)
	at org.junit.runners.BlockJUnit4ClassRunner.runChild(BlockJUnit4ClassRunner.java:47)
	at org.junit.runners.ParentRunner$3.run(ParentRunner.java:231)
	at org.junit.runners.ParentRunner$1.schedule(ParentRunner.java:60)
	at org.junit.runners.ParentRunner.runChildren(ParentRunner.java:229)
	at org.junit.runners.ParentRunner.access$000(ParentRunner.java:50)
	at org.junit.runners.ParentRunner$2.evaluate(ParentRunner.java:222)
	at org.junit.internal.runners.statements.RunBefores.evaluate(RunBefores.java:28)
	at org.junit.internal.runners.statements.RunAfters.evaluate(RunAfters.java:30)
	at org.junit.runners.ParentRunner.run(ParentRunner.java:300)
	at org.junit.runners.Suite.runChild(Suite.java:128)
	at org.junit.runners.Suite.runChild(Suite.java:24)
	at org.junit.runners.ParentRunner$3.run(ParentRunner.java:231)
	at org.junit.runners.ParentRunner$1.schedule(ParentRunner.java:60)
	at org.junit.runners.ParentRunner.runChildren(ParentRunner.java:229)
	at org.junit.runners.ParentRunner.access$000(ParentRunner.java:50)
	at org.junit.runners.ParentRunner$2.evaluate(ParentRunner.java:222)
	at org.junit.runners.ParentRunner.run(ParentRunner.java:300)
	at org.junit.runner.JUnitCore.run(JUnitCore.java:157)
	at org.junit.runner.JUnitCore.run(JUnitCore.java:136)
	at edu.illinois.cs.testrunner.execution.JUnitTestExecutor.execute(JUnitTestExecutor.java:259)
	at edu.illinois.cs.testrunner.execution.JUnitTestExecutor.executeWithJUnit4Runner(JUnitTestExecutor.java:327)
	at edu.illinois.cs.testrunner.execution.JUnitTestExecutor.runOrder(JUnitTestExecutor.java:49)
	at edu.illinois.cs.testrunner.execution.Executor$.$anonfun$run$1(Executor.scala:30)
	at scala.runtime.java8.JFunction0$mcV$sp.apply(JFunction0$mcV$sp.java:12)
	at scala.util.Try$.apply(Try.scala:209)
	at edu.illinois.cs.testrunner.execution.Executor$.run(Executor.scala:28)
	at edu.illinois.cs.testrunner.execution.Executor$.main(Executor.scala:18)
	at edu.illinois.cs.testrunner.execution.Executor.main(Executor.scala)
24/04/26 01:56:11 DEBUG druid.DruidParser: Parsing SQL UPDATE User SET name = 'Mike' WHERE user_id = 123;
24/04/26 01:56:11 DEBUG druid.DruidDMLParser: UPDATE SQL From clause User
24/04/26 01:56:11 DEBUG druid.DruidDMLParser: UPDATE SQL where user_id = 123
24/04/26 01:56:11 DEBUG druid.DruidDMLParser: UpdatePlan UpdatePlan [actions=[UpdateAction [primayKey=[0, 0, 0, 0, 0, 0, 0, 123], tableName=User, columns=[ColumnAction [tableName=User, familyName=d, columnName=name, value=[77, 105, 107, 101], isIndex=false]]]]]
24/04/26 01:56:11 ERROR fserver.EntityGroup: PrepareUpdateEntity failed.
java.lang.NullPointerException
	at com.alibaba.wasp.storage.StorageServicesImpl.getRowBeforeUpdate(StorageServicesImpl.java:75)
	at com.alibaba.wasp.fserver.EntityGroup.prepareUpdateEntity(EntityGroup.java:674)
	at com.alibaba.wasp.fserver.EntityGroup.update(EntityGroup.java:607)
	at com.alibaba.wasp.fserver.TestEntityGroupAlone.testUpdate(TestEntityGroupAlone.java:126)
	at sun.reflect.NativeMethodAccessorImpl.invoke0(Native Method)
	at sun.reflect.NativeMethodAccessorImpl.invoke(NativeMethodAccessorImpl.java:62)
	at sun.reflect.DelegatingMethodAccessorImpl.invoke(DelegatingMethodAccessorImpl.java:43)
	at java.lang.reflect.Method.invoke(Method.java:498)
	at org.junit.runners.model.FrameworkMethod$1.runReflectiveCall(FrameworkMethod.java:45)
	at org.junit.internal.runners.model.ReflectiveCallable.run(ReflectiveCallable.java:15)
	at org.junit.runners.model.FrameworkMethod.invokeExplosively(FrameworkMethod.java:42)
	at org.junit.internal.runners.statements.InvokeMethod.evaluate(InvokeMethod.java:20)
	at org.junit.internal.runners.statements.RunBefores.evaluate(RunBefores.java:28)
	at org.junit.internal.runners.statements.RunAfters.evaluate(RunAfters.java:30)
	at org.junit.runners.ParentRunner.runLeaf(ParentRunner.java:263)
	at org.junit.runners.BlockJUnit4ClassRunner.runChild(BlockJUnit4ClassRunner.java:68)
	at org.junit.runners.BlockJUnit4ClassRunner.runChild(BlockJUnit4ClassRunner.java:47)
	at org.junit.runners.ParentRunner$3.run(ParentRunner.java:231)
	at org.junit.runners.ParentRunner$1.schedule(ParentRunner.java:60)
	at org.junit.runners.ParentRunner.runChildren(ParentRunner.java:229)
	at org.junit.runners.ParentRunner.access$000(ParentRunner.java:50)
	at org.junit.runners.ParentRunner$2.evaluate(ParentRunner.java:222)
	at org.junit.internal.runners.statements.RunBefores.evaluate(RunBefores.java:28)
	at org.junit.internal.runners.statements.RunAfters.evaluate(RunAfters.java:30)
	at org.junit.runners.ParentRunner.run(ParentRunner.java:300)
	at org.junit.runners.Suite.runChild(Suite.java:128)
	at org.junit.runners.Suite.runChild(Suite.java:24)
	at org.junit.runners.ParentRunner$3.run(ParentRunner.java:231)
	at org.junit.runners.ParentRunner$1.schedule(ParentRunner.java:60)
	at org.junit.runners.ParentRunner.runChildren(ParentRunner.java:229)
	at org.junit.runners.ParentRunner.access$000(ParentRunner.java:50)
	at org.junit.runners.ParentRunner$2.evaluate(ParentRunner.java:222)
	at org.junit.runners.ParentRunner.run(ParentRunner.java:300)
	at org.junit.runner.JUnitCore.run(JUnitCore.java:157)
	at org.junit.runner.JUnitCore.run(JUnitCore.java:136)
	at edu.illinois.cs.testrunner.execution.JUnitTestExecutor.execute(JUnitTestExecutor.java:259)
	at edu.illinois.cs.testrunner.execution.JUnitTestExecutor.executeWithJUnit4Runner(JUnitTestExecutor.java:327)
	at edu.illinois.cs.testrunner.execution.JUnitTestExecutor.runOrder(JUnitTestExecutor.java:49)
	at edu.illinois.cs.testrunner.execution.Executor$.$anonfun$run$1(Executor.scala:30)
	at scala.runtime.java8.JFunction0$mcV$sp.apply(JFunction0$mcV$sp.java:12)
	at scala.util.Try$.apply(Try.scala:209)
	at edu.illinois.cs.testrunner.execution.Executor$.run(Executor.scala:28)
	at edu.illinois.cs.testrunner.execution.Executor$.main(Executor.scala:18)
	at edu.illinois.cs.testrunner.execution.Executor.main(Executor.scala)



Before setUpBeforeClass



24/04/26 01:56:11 INFO wasp.WaspTestingUtility: Starting up minicluster with 1 master(s) and 3 fserver(s) 
Starting DataNode 0 with dfs.data.dir: /home/alex/Repositories/wasp/target/test-data/12b30201-c44c-4980-a173-e7b7d017cf8f/dfscluster_0ea4f59f-c7f3-49ac-8410-a9ad859aeb00/dfs/data/data1,/home/alex/Repositories/wasp/target/test-data/12b30201-c44c-4980-a173-e7b7d017cf8f/dfscluster_0ea4f59f-c7f3-49ac-8410-a9ad859aeb00/dfs/data/data2
24/04/26 01:56:11 ERROR datanode.DataNode: All directories in dfs.data.dir are invalid.
24/04/26 01:56:11 INFO wasp.WaspTestingUtility: Shutting down mini wasp cluster
24/04/26 01:56:11 INFO wasp.WaspTestingUtility: Minicluster is down
java.lang.NullPointerException
	at org.apache.hadoop.hdfs.MiniDFSCluster.startDataNodes(MiniDFSCluster.java:422)
	at org.apache.hadoop.hdfs.MiniDFSCluster.<init>(MiniDFSCluster.java:280)
	at org.apache.hadoop.hbase.HBaseTestingUtility.startMiniDFSCluster(HBaseTestingUtility.java:451)
	at org.apache.hadoop.hbase.HBaseTestingUtility.startMiniCluster(HBaseTestingUtility.java:619)
	at org.apache.hadoop.hbase.HBaseTestingUtility.startMiniCluster(HBaseTestingUtility.java:575)
	at com.alibaba.wasp.WaspTestingUtility.startMiniCluster(WaspTestingUtility.java:172)
	at com.alibaba.wasp.WaspTestingUtility.startMiniCluster(WaspTestingUtility.java:144)
	at com.alibaba.wasp.fserver.TestEntityGroupOnCluster.setUpBeforeClass(TestEntityGroupOnCluster.java:90)
	at sun.reflect.NativeMethodAccessorImpl.invoke0(Native Method)
	at sun.reflect.NativeMethodAccessorImpl.invoke(NativeMethodAccessorImpl.java:62)
	at sun.reflect.DelegatingMethodAccessorImpl.invoke(DelegatingMethodAccessorImpl.java:43)
	at java.lang.reflect.Method.invoke(Method.java:498)
	at org.junit.runners.model.FrameworkMethod$1.runReflectiveCall(FrameworkMethod.java:45)
	at org.junit.internal.runners.model.ReflectiveCallable.run(ReflectiveCallable.java:15)
	at org.junit.runners.model.FrameworkMethod.invokeExplosively(FrameworkMethod.java:42)
	at org.junit.internal.runners.statements.RunBefores.evaluate(RunBefores.java:27)
	at org.junit.internal.runners.statements.RunAfters.evaluate(RunAfters.java:30)
	at org.junit.runners.ParentRunner.run(ParentRunner.java:300)
	at org.junit.runners.Suite.runChild(Suite.java:128)
	at org.junit.runners.Suite.runChild(Suite.java:24)
	at org.junit.runners.ParentRunner$3.run(ParentRunner.java:231)
	at org.junit.runners.ParentRunner$1.schedule(ParentRunner.java:60)
	at org.junit.runners.ParentRunner.runChildren(ParentRunner.java:229)
	at org.junit.runners.ParentRunner.access$000(ParentRunner.java:50)
	at org.junit.runners.ParentRunner$2.evaluate(ParentRunner.java:222)
	at org.junit.runners.ParentRunner.run(ParentRunner.java:300)
	at org.junit.runner.JUnitCore.run(JUnitCore.java:157)
	at org.junit.runner.JUnitCore.run(JUnitCore.java:136)
	at edu.illinois.cs.testrunner.execution.JUnitTestExecutor.execute(JUnitTestExecutor.java:259)
	at edu.illinois.cs.testrunner.execution.JUnitTestExecutor.executeWithJUnit4Runner(JUnitTestExecutor.java:327)
	at edu.illinois.cs.testrunner.execution.JUnitTestExecutor.runOrder(JUnitTestExecutor.java:49)
	at edu.illinois.cs.testrunner.execution.Executor$.$anonfun$run$1(Executor.scala:30)
	at scala.runtime.java8.JFunction0$mcV$sp.apply(JFunction0$mcV$sp.java:12)
	at scala.util.Try$.apply(Try.scala:209)
	at edu.illinois.cs.testrunner.execution.Executor$.run(Executor.scala:28)
	at edu.illinois.cs.testrunner.execution.Executor$.main(Executor.scala:18)
	at edu.illinois.cs.testrunner.execution.Executor.main(Executor.scala)
24/04/26 01:56:11 INFO wasp.WaspTestingUtility: Starting up minicluster with 1 master(s) and 1 fserver(s) 
Starting DataNode 0 with dfs.data.dir: /home/alex/Repositories/wasp/target/test-data/0f5125ed-563d-4d31-a255-4e61e8999c43/dfscluster_422467c0-8d1c-4b32-b9ed-17e200256bb5/dfs/data/data1,/home/alex/Repositories/wasp/target/test-data/0f5125ed-563d-4d31-a255-4e61e8999c43/dfscluster_422467c0-8d1c-4b32-b9ed-17e200256bb5/dfs/data/data2
24/04/26 01:56:11 ERROR datanode.DataNode: All directories in dfs.data.dir are invalid.
24/04/26 01:56:11 INFO wasp.WaspTestingUtility: Shutting down mini wasp cluster
24/04/26 01:56:11 INFO wasp.WaspTestingUtility: Minicluster is down
java.lang.NullPointerException
	at org.apache.hadoop.hdfs.MiniDFSCluster.startDataNodes(MiniDFSCluster.java:422)
	at org.apache.hadoop.hdfs.MiniDFSCluster.<init>(MiniDFSCluster.java:280)
	at org.apache.hadoop.hbase.HBaseTestingUtility.startMiniDFSCluster(HBaseTestingUtility.java:451)
	at org.apache.hadoop.hbase.HBaseTestingUtility.startMiniCluster(HBaseTestingUtility.java:619)
	at org.apache.hadoop.hbase.HBaseTestingUtility.startMiniCluster(HBaseTestingUtility.java:575)
	at com.alibaba.wasp.WaspTestingUtility.startMiniCluster(WaspTestingUtility.java:172)
	at com.alibaba.wasp.WaspTestingUtility.startMiniCluster(WaspTestingUtility.java:144)
	at com.alibaba.wasp.fserver.TestSplitTransaction.before(TestSplitTransaction.java:67)
	at sun.reflect.NativeMethodAccessorImpl.invoke0(Native Method)
	at sun.reflect.NativeMethodAccessorImpl.invoke(NativeMethodAccessorImpl.java:62)
	at sun.reflect.DelegatingMethodAccessorImpl.invoke(DelegatingMethodAccessorImpl.java:43)
	at java.lang.reflect.Method.invoke(Method.java:498)
	at org.junit.runners.model.FrameworkMethod$1.runReflectiveCall(FrameworkMethod.java:45)
	at org.junit.internal.runners.model.ReflectiveCallable.run(ReflectiveCallable.java:15)
	at org.junit.runners.model.FrameworkMethod.invokeExplosively(FrameworkMethod.java:42)
	at org.junit.internal.runners.statements.RunBefores.evaluate(RunBefores.java:27)
	at org.junit.internal.runners.statements.RunAfters.evaluate(RunAfters.java:30)
	at org.junit.runners.ParentRunner.run(ParentRunner.java:300)
	at org.junit.runners.Suite.runChild(Suite.java:128)
	at org.junit.runners.Suite.runChild(Suite.java:24)
	at org.junit.runners.ParentRunner$3.run(ParentRunner.java:231)
	at org.junit.runners.ParentRunner$1.schedule(ParentRunner.java:60)
	at org.junit.runners.ParentRunner.runChildren(ParentRunner.java:229)
	at org.junit.runners.ParentRunner.access$000(ParentRunner.java:50)
	at org.junit.runners.ParentRunner$2.evaluate(ParentRunner.java:222)
	at org.junit.runners.ParentRunner.run(ParentRunner.java:300)
	at org.junit.runner.JUnitCore.run(JUnitCore.java:157)
	at org.junit.runner.JUnitCore.run(JUnitCore.java:136)
	at edu.illinois.cs.testrunner.execution.JUnitTestExecutor.execute(JUnitTestExecutor.java:259)
	at edu.illinois.cs.testrunner.execution.JUnitTestExecutor.executeWithJUnit4Runner(JUnitTestExecutor.java:327)
	at edu.illinois.cs.testrunner.execution.JUnitTestExecutor.runOrder(JUnitTestExecutor.java:49)
	at edu.illinois.cs.testrunner.execution.Executor$.$anonfun$run$1(Executor.scala:30)
	at scala.runtime.java8.JFunction0$mcV$sp.apply(JFunction0$mcV$sp.java:12)
	at scala.util.Try$.apply(Try.scala:209)
	at edu.illinois.cs.testrunner.execution.Executor$.run(Executor.scala:28)
	at edu.illinois.cs.testrunner.execution.Executor$.main(Executor.scala:18)
	at edu.illinois.cs.testrunner.execution.Executor.main(Executor.scala)
24/04/26 01:56:11 INFO wasp.WaspTestingUtility: Starting up minicluster with 1 master(s) and 5 fserver(s) 
Starting DataNode 0 with dfs.data.dir: /home/alex/Repositories/wasp/target/test-data/d48c2f32-41c3-4c43-b1de-120bfd501626/dfscluster_0bd064b7-e250-4c3d-8d02-0a1baff0588b/dfs/data/data1,/home/alex/Repositories/wasp/target/test-data/d48c2f32-41c3-4c43-b1de-120bfd501626/dfscluster_0bd064b7-e250-4c3d-8d02-0a1baff0588b/dfs/data/data2
24/04/26 01:56:12 ERROR datanode.DataNode: All directories in dfs.data.dir are invalid.
24/04/26 01:56:12 INFO wasp.WaspTestingUtility: Shutting down mini wasp cluster
24/04/26 01:56:12 INFO wasp.WaspTestingUtility: Minicluster is down
java.lang.NullPointerException
	at org.apache.hadoop.hdfs.MiniDFSCluster.startDataNodes(MiniDFSCluster.java:422)
	at org.apache.hadoop.hdfs.MiniDFSCluster.<init>(MiniDFSCluster.java:280)
	at org.apache.hadoop.hbase.HBaseTestingUtility.startMiniDFSCluster(HBaseTestingUtility.java:451)
	at org.apache.hadoop.hbase.HBaseTestingUtility.startMiniCluster(HBaseTestingUtility.java:619)
	at org.apache.hadoop.hbase.HBaseTestingUtility.startMiniCluster(HBaseTestingUtility.java:575)
	at com.alibaba.wasp.WaspTestingUtility.startMiniCluster(WaspTestingUtility.java:172)
	at com.alibaba.wasp.WaspTestingUtility.startMiniCluster(WaspTestingUtility.java:144)
	at com.alibaba.wasp.fserver.TestSplitTransactionOnCluster.before(TestSplitTransactionOnCluster.java:95)
	at sun.reflect.NativeMethodAccessorImpl.invoke0(Native Method)
	at sun.reflect.NativeMethodAccessorImpl.invoke(NativeMethodAccessorImpl.java:62)
	at sun.reflect.DelegatingMethodAccessorImpl.invoke(DelegatingMethodAccessorImpl.java:43)
	at java.lang.reflect.Method.invoke(Method.java:498)
	at org.junit.runners.model.FrameworkMethod$1.runReflectiveCall(FrameworkMethod.java:45)
	at org.junit.internal.runners.model.ReflectiveCallable.run(ReflectiveCallable.java:15)
	at org.junit.runners.model.FrameworkMethod.invokeExplosively(FrameworkMethod.java:42)
	at org.junit.internal.runners.statements.RunBefores.evaluate(RunBefores.java:27)
	at org.junit.internal.runners.statements.RunAfters.evaluate(RunAfters.java:30)
	at org.junit.runners.ParentRunner.run(ParentRunner.java:300)
	at org.junit.runners.Suite.runChild(Suite.java:128)
	at org.junit.runners.Suite.runChild(Suite.java:24)
	at org.junit.runners.ParentRunner$3.run(ParentRunner.java:231)
	at org.junit.runners.ParentRunner$1.schedule(ParentRunner.java:60)
	at org.junit.runners.ParentRunner.runChildren(ParentRunner.java:229)
	at org.junit.runners.ParentRunner.access$000(ParentRunner.java:50)
	at org.junit.runners.ParentRunner$2.evaluate(ParentRunner.java:222)
	at org.junit.runners.ParentRunner.run(ParentRunner.java:300)
	at org.junit.runner.JUnitCore.run(JUnitCore.java:157)
	at org.junit.runner.JUnitCore.run(JUnitCore.java:136)
	at edu.illinois.cs.testrunner.execution.JUnitTestExecutor.execute(JUnitTestExecutor.java:259)
	at edu.illinois.cs.testrunner.execution.JUnitTestExecutor.executeWithJUnit4Runner(JUnitTestExecutor.java:327)
	at edu.illinois.cs.testrunner.execution.JUnitTestExecutor.runOrder(JUnitTestExecutor.java:49)
	at edu.illinois.cs.testrunner.execution.Executor$.$anonfun$run$1(Executor.scala:30)
	at scala.runtime.java8.JFunction0$mcV$sp.apply(JFunction0$mcV$sp.java:12)
	at scala.util.Try$.apply(Try.scala:209)
	at edu.illinois.cs.testrunner.execution.Executor$.run(Executor.scala:28)
	at edu.illinois.cs.testrunner.execution.Executor$.main(Executor.scala:18)
	at edu.illinois.cs.testrunner.execution.Executor.main(Executor.scala)
24/04/26 01:56:12 INFO wasp.WaspTestingUtility: Starting up minicluster with 1 master(s) and 3 fserver(s) 
Starting DataNode 0 with dfs.data.dir: /home/alex/Repositories/wasp/target/test-data/8e0e8cf3-a843-4b4d-ade6-e2cc9119736c/dfscluster_b24b484d-2561-4c76-b171-c4c146c33d4a/dfs/data/data1,/home/alex/Repositories/wasp/target/test-data/8e0e8cf3-a843-4b4d-ade6-e2cc9119736c/dfscluster_b24b484d-2561-4c76-b171-c4c146c33d4a/dfs/data/data2
24/04/26 01:56:12 ERROR datanode.DataNode: All directories in dfs.data.dir are invalid.
24/04/26 01:56:12 INFO wasp.WaspTestingUtility: Shutting down mini wasp cluster
24/04/26 01:56:12 INFO wasp.WaspTestingUtility: Minicluster is down
java.lang.NullPointerException
	at org.apache.hadoop.hdfs.MiniDFSCluster.startDataNodes(MiniDFSCluster.java:422)
	at org.apache.hadoop.hdfs.MiniDFSCluster.<init>(MiniDFSCluster.java:280)
	at org.apache.hadoop.hbase.HBaseTestingUtility.startMiniDFSCluster(HBaseTestingUtility.java:451)
	at org.apache.hadoop.hbase.HBaseTestingUtility.startMiniCluster(HBaseTestingUtility.java:619)
	at org.apache.hadoop.hbase.HBaseTestingUtility.startMiniCluster(HBaseTestingUtility.java:575)
	at com.alibaba.wasp.WaspTestingUtility.startMiniCluster(WaspTestingUtility.java:172)
	at com.alibaba.wasp.WaspTestingUtility.startMiniCluster(WaspTestingUtility.java:144)
	at com.alibaba.wasp.fserver.TestTwoPhaseCommit.setUpBeforeClass(TestTwoPhaseCommit.java:73)
	at sun.reflect.NativeMethodAccessorImpl.invoke0(Native Method)
	at sun.reflect.NativeMethodAccessorImpl.invoke(NativeMethodAccessorImpl.java:62)
	at sun.reflect.DelegatingMethodAccessorImpl.invoke(DelegatingMethodAccessorImpl.java:43)
	at java.lang.reflect.Method.invoke(Method.java:498)
	at org.junit.runners.model.FrameworkMethod$1.runReflectiveCall(FrameworkMethod.java:45)
	at org.junit.internal.runners.model.ReflectiveCallable.run(ReflectiveCallable.java:15)
	at org.junit.runners.model.FrameworkMethod.invokeExplosively(FrameworkMethod.java:42)
	at org.junit.internal.runners.statements.RunBefores.evaluate(RunBefores.java:27)
	at org.junit.internal.runners.statements.RunAfters.evaluate(RunAfters.java:30)
	at org.junit.runners.ParentRunner.run(ParentRunner.java:300)
	at org.junit.runners.Suite.runChild(Suite.java:128)
	at org.junit.runners.Suite.runChild(Suite.java:24)
	at org.junit.runners.ParentRunner$3.run(ParentRunner.java:231)
	at org.junit.runners.ParentRunner$1.schedule(ParentRunner.java:60)
	at org.junit.runners.ParentRunner.runChildren(ParentRunner.java:229)
	at org.junit.runners.ParentRunner.access$000(ParentRunner.java:50)
	at org.junit.runners.ParentRunner$2.evaluate(ParentRunner.java:222)
	at org.junit.runners.ParentRunner.run(ParentRunner.java:300)
	at org.junit.runner.JUnitCore.run(JUnitCore.java:157)
	at org.junit.runner.JUnitCore.run(JUnitCore.java:136)
	at edu.illinois.cs.testrunner.execution.JUnitTestExecutor.execute(JUnitTestExecutor.java:259)
	at edu.illinois.cs.testrunner.execution.JUnitTestExecutor.executeWithJUnit4Runner(JUnitTestExecutor.java:327)
	at edu.illinois.cs.testrunner.execution.JUnitTestExecutor.runOrder(JUnitTestExecutor.java:49)
	at edu.illinois.cs.testrunner.execution.Executor$.$anonfun$run$1(Executor.scala:30)
	at scala.runtime.java8.JFunction0$mcV$sp.apply(JFunction0$mcV$sp.java:12)
	at scala.util.Try$.apply(Try.scala:209)
	at edu.illinois.cs.testrunner.execution.Executor$.run(Executor.scala:28)
	at edu.illinois.cs.testrunner.execution.Executor$.main(Executor.scala:18)
	at edu.illinois.cs.testrunner.execution.Executor.main(Executor.scala)
24/04/26 01:56:12 INFO server.NIOServerCnxnFactory: binding to port 0.0.0.0/0.0.0.0:58114
24/04/26 01:56:12 INFO persistence.FileTxnSnapLog: Snapshotting: 0x0 to /home/alex/Repositories/wasp/target/test-data/6b8a9bdc-2e42-40f5-8fc8-ce64a4aa4308/dfscluster_dc8118df-6a2c-440a-8c2f-c77ffebf8fc2/zookeeper_0/version-2/snapshot.0
24/04/26 01:56:12 INFO server.NIOServerCnxnFactory: Accepted socket connection from /127.0.0.1:56050
24/04/26 01:56:12 DEBUG zookeeper.ZKUtil: MockServer,123,-1 opening connection to ZooKeeper with ensemble (localhost:58114)
24/04/26 01:56:12 INFO zookeeper.RecoverableZooKeeper: The identifier of this process is 57982@Lenovo-Bot
24/04/26 01:56:12 INFO server.NIOServerCnxnFactory: Accepted socket connection from /127.0.0.1:56054
24/04/26 01:56:12 INFO persistence.FileTxnLog: Creating new log file: log.1
24/04/26 01:56:12 DEBUG zookeeper.ZooKeeperWatcher: MockServer,123,-1 Received ZooKeeper Event, type=None, state=SyncConnected, path=null
24/04/26 01:56:12 DEBUG zookeeper.ZooKeeperWatcher: MockServer,123,-1-0xff8f17e7191c0000 connected
24/04/26 01:56:12 DEBUG zookeeper.ZKAssign: MockServer,123,-1-0xff8f17e7191c0000 Creating unassigned node for 91346779ed0dcc74f93c1306ae9e549f in OFFLINE state
24/04/26 01:56:12 DEBUG zookeeper.ZKAssign: MockServer,123,-1-0xff8f17e7191c0000 Attempting to transition node 91346779ed0dcc74f93c1306ae9e549f from M_ZK_ENTITYGROUP_OFFLINE to FSERVER_ZK_ENTITYGROUP_OPENING
24/04/26 01:56:12 DEBUG zookeeper.ZKUtil: MockServer,123,-1-0xff8f17e7191c0000 Retrieved 118 byte(s) of data from znode /wasp/unassigned/91346779ed0dcc74f93c1306ae9e549f; data=entityGroup=TestCloseEntityGroupHandler,\x00\x00\x00\x00,1714092972332.91346779ed0dcc74f93c1306ae9e549f., state=M_ZK_ENTITYGROUP_OFFLINE, servername=MockServer,123,-1, createTime=1714092972380, payload.length=0
24/04/26 01:56:12 DEBUG zookeeper.ZooKeeperWatcher: MockServer,123,-1-0xff8f17e7191c0000 Received ZooKeeper Event, type=NodeDataChanged, state=SyncConnected, path=/wasp/unassigned/91346779ed0dcc74f93c1306ae9e549f
24/04/26 01:56:12 DEBUG zookeeper.ZKAssign: MockServer,123,-1-0xff8f17e7191c0000 Successfully transitioned node 91346779ed0dcc74f93c1306ae9e549f from M_ZK_ENTITYGROUP_OFFLINE to FSERVER_ZK_ENTITYGROUP_OPENING
24/04/26 01:56:12 INFO fserver.EntityGroup: EntityGroup.openEntityGroup EntityGroup name ==TestCloseEntityGroupHandler,\x00\x00\x00\x00,1714092972332.91346779ed0dcc74f93c1306ae9e549f.
24/04/26 01:56:12 DEBUG fserver.EntityGroup: Opening EntityGroup: {NAME => 'TestCloseEntityGroupHandler,\x00\x00\x00\x00,1714092972332.91346779ed0dcc74f93c1306ae9e549f.', STARTKEY => '\x00\x00\x00\x00', ENDKEY => '\x00\x00\x00\x01', ENCODED => 91346779ed0dcc74f93c1306ae9e549f,}
24/04/26 01:56:12 DEBUG fserver.MetricsEntityGroupSourceImpl: Creating new MetricsEntityGroupSourceImpl for table TestCloseEntityGroupHandler 91346779ed0dcc74f93c1306ae9e549f
24/04/26 01:56:12 DEBUG fserver.EntityGroup: Instantiated TestCloseEntityGroupHandler,\x00\x00\x00\x00,1714092972332.91346779ed0dcc74f93c1306ae9e549f.
24/04/26 01:56:12 DEBUG zookeeper.ZKAssign: MockServer,123,-1-0xff8f17e7191c0000 Attempting to transition node 91346779ed0dcc74f93c1306ae9e549f from FSERVER_ZK_ENTITYGROUP_OPENING to FSERVER_ZK_ENTITYGROUP_OPENING
24/04/26 01:56:12 ERROR server.NIOServerCnxnFactory: Thread Thread[Thread-147,5,main] died
java.lang.NullPointerException
	at com.alibaba.wasp.fserver.EntityGroup.run(EntityGroup.java:1264)
	at java.lang.Thread.run(Thread.java:750)
24/04/26 01:56:12 DEBUG zookeeper.ZKUtil: MockServer,123,-1-0xff8f17e7191c0000 Retrieved 118 byte(s) of data from znode /wasp/unassigned/91346779ed0dcc74f93c1306ae9e549f; data=entityGroup=TestCloseEntityGroupHandler,\x00\x00\x00\x00,1714092972332.91346779ed0dcc74f93c1306ae9e549f., state=FSERVER_ZK_ENTITYGROUP_OPENING, servername=MockServer,123,-1, createTime=1714092972389, payload.length=0
24/04/26 01:56:12 DEBUG zookeeper.ZKAssign: MockServer,123,-1-0xff8f17e7191c0000 Successfully transitioned node 91346779ed0dcc74f93c1306ae9e549f from FSERVER_ZK_ENTITYGROUP_OPENING to FSERVER_ZK_ENTITYGROUP_OPENING
24/04/26 01:56:12 DEBUG zookeeper.ZKAssign: MockServer,123,-1-0xff8f17e7191c0000 Attempting to transition node 91346779ed0dcc74f93c1306ae9e549f from FSERVER_ZK_ENTITYGROUP_OPENING to FSERVER_ZK_ENTITYGROUP_OPENED
24/04/26 01:56:12 DEBUG zookeeper.ZKUtil: MockServer,123,-1-0xff8f17e7191c0000 Retrieved 118 byte(s) of data from znode /wasp/unassigned/91346779ed0dcc74f93c1306ae9e549f; data=entityGroup=TestCloseEntityGroupHandler,\x00\x00\x00\x00,1714092972332.91346779ed0dcc74f93c1306ae9e549f., state=FSERVER_ZK_ENTITYGROUP_OPENING, servername=MockServer,123,-1, createTime=1714092972395, payload.length=0
24/04/26 01:56:12 DEBUG zookeeper.ZKAssign: MockServer,123,-1-0xff8f17e7191c0000 Successfully transitioned node 91346779ed0dcc74f93c1306ae9e549f from FSERVER_ZK_ENTITYGROUP_OPENING to FSERVER_ZK_ENTITYGROUP_OPENED
24/04/26 01:56:12 DEBUG handler.OpenEntityGroupHandler: entityGroup transitioned to opened in zookeeper: {NAME => 'TestCloseEntityGroupHandler,\x00\x00\x00\x00,1714092972332.91346779ed0dcc74f93c1306ae9e549f.', STARTKEY => '\x00\x00\x00\x00', ENDKEY => '\x00\x00\x00\x01', ENCODED => 91346779ed0dcc74f93c1306ae9e549f,}, server: MockServer,123,-1
24/04/26 01:56:12 DEBUG handler.OpenEntityGroupHandler: Opened TestCloseEntityGroupHandler,\x00\x00\x00\x00,1714092972332.91346779ed0dcc74f93c1306ae9e549f. on server:MockServer,123,-1
24/04/26 01:56:12 DEBUG zookeeper.ZKUtil: MockServer,123,-1-0xff8f17e7191c0000 Retrieved 118 byte(s) of data from znode /wasp/unassigned/91346779ed0dcc74f93c1306ae9e549f and set watcher; entityGroup=TestCloseEntityGroupHandler,\x00\x00\x00\x00,1714092972332.91346779ed0dcc74f93c1306ae9e549f., state=FSERVER_ZK_ENTITYGROUP_OPENED, servername=MockServer,123,-1, createTime=1714092972400, payload.length=0
24/04/26 01:56:12 DEBUG zookeeper.ZKAssign: MockServer,123,-1-0xff8f17e7191c0000 Deleting existing unassigned node for 91346779ed0dcc74f93c1306ae9e549f that is in expected state FSERVER_ZK_ENTITYGROUP_OPENED
24/04/26 01:56:12 DEBUG zookeeper.ZKUtil: MockServer,123,-1-0xff8f17e7191c0000 Retrieved 118 byte(s) of data from znode /wasp/unassigned/91346779ed0dcc74f93c1306ae9e549f; data=entityGroup=TestCloseEntityGroupHandler,\x00\x00\x00\x00,1714092972332.91346779ed0dcc74f93c1306ae9e549f., state=FSERVER_ZK_ENTITYGROUP_OPENED, servername=MockServer,123,-1, createTime=1714092972400, payload.length=0
24/04/26 01:56:12 DEBUG zookeeper.ZooKeeperWatcher: MockServer,123,-1-0xff8f17e7191c0000 Received ZooKeeper Event, type=NodeDeleted, state=SyncConnected, path=/wasp/unassigned/91346779ed0dcc74f93c1306ae9e549f
24/04/26 01:56:12 DEBUG zookeeper.ZKAssign: MockServer,123,-1-0xff8f17e7191c0000 Successfully deleted unassigned node for entityGroup 91346779ed0dcc74f93c1306ae9e549f in expected state FSERVER_ZK_ENTITYGROUP_OPENED
24/04/26 01:56:12 DEBUG zookeeper.ZKAssign: MockServer,123,-1-0xff8f17e7191c0000 Creating unassigned node for 91346779ed0dcc74f93c1306ae9e549f in a CLOSING state
24/04/26 01:56:12 DEBUG handler.CloseEntityGroupHandler: Processing close of TestCloseEntityGroupHandler,\x00\x00\x00\x00,1714092972332.91346779ed0dcc74f93c1306ae9e549f.
24/04/26 01:56:12 DEBUG fserver.EntityGroup: Closing TestCloseEntityGroupHandler,\x00\x00\x00\x00,1714092972332.91346779ed0dcc74f93c1306ae9e549f.
24/04/26 01:56:12 DEBUG fserver.EntityGroup: Updates disabled for entityGroup TestCloseEntityGroupHandler,\x00\x00\x00\x00,1714092972332.91346779ed0dcc74f93c1306ae9e549f.
24/04/26 01:56:12 INFO fserver.EntityGroup: Running commit transaction of TestCloseEntityGroupHandler,\x00\x00\x00\x00,1714092972332.91346779ed0dcc74f93c1306ae9e549f. before close
24/04/26 01:56:12 INFO fserver.EntityGroup: Closed TestCloseEntityGroupHandler,\x00\x00\x00\x00,1714092972332.91346779ed0dcc74f93c1306ae9e549f.
24/04/26 01:56:12 DEBUG zookeeper.ZKAssign: MockServer,123,-1-0xff8f17e7191c0000 Attempting to transition node 91346779ed0dcc74f93c1306ae9e549f from M_ZK_ENTITYGROUP_CLOSING to FSERVER_ZK_ENTITYGROUP_CLOSED
24/04/26 01:56:12 DEBUG zookeeper.ZKUtil: MockServer,123,-1-0xff8f17e7191c0000 Retrieved 120 byte(s) of data from znode /wasp/unassigned/91346779ed0dcc74f93c1306ae9e549f; data=entityGroup=TestCloseEntityGroupHandler,\x00\x00\x00\x00,1714092972332.91346779ed0dcc74f93c1306ae9e549f., state=M_ZK_ENTITYGROUP_CLOSING, servername=MockServer,123,-1, createTime=1714092972405, payload.length=0
24/04/26 01:56:12 DEBUG zookeeper.ZooKeeperWatcher: MockServer,123,-1-0xff8f17e7191c0000 Received ZooKeeper Event, type=NodeDataChanged, state=SyncConnected, path=/wasp/unassigned/91346779ed0dcc74f93c1306ae9e549f
24/04/26 01:56:12 DEBUG zookeeper.ZKAssign: MockServer,123,-1-0xff8f17e7191c0000 Successfully transitioned node 91346779ed0dcc74f93c1306ae9e549f from M_ZK_ENTITYGROUP_CLOSING to FSERVER_ZK_ENTITYGROUP_CLOSED
24/04/26 01:56:12 DEBUG handler.CloseEntityGroupHandler: set entityGroup closed state in zk successfully for entityGroup TestCloseEntityGroupHandler,\x00\x00\x00\x00,1714092972332.91346779ed0dcc74f93c1306ae9e549f. sn name: MockServer,123,-1
24/04/26 01:56:12 DEBUG handler.CloseEntityGroupHandler: Closed entityGroup TestCloseEntityGroupHandler,\x00\x00\x00\x00,1714092972332.91346779ed0dcc74f93c1306ae9e549f.
24/04/26 01:56:12 DEBUG zookeeper.ZKUtil: MockServer,123,-1-0xff8f17e7191c0000 Retrieved 118 byte(s) of data from znode /wasp/unassigned/91346779ed0dcc74f93c1306ae9e549f and set watcher; entityGroup=TestCloseEntityGroupHandler,\x00\x00\x00\x00,1714092972332.91346779ed0dcc74f93c1306ae9e549f., state=FSERVER_ZK_ENTITYGROUP_CLOSED, servername=MockServer,123,-1, createTime=1714092972412, payload.length=0
24/04/26 01:56:12 INFO fserver.EntityGroup: creating EntityGroup TestCloseEntityGroupHandler Table == CREATE TABLE TestCloseEntityGroupHandler { 
  REQUIRED INT32 column1 COLUMNFAMILY d;
  REQUIRED INT64 column2 COLUMNFAMILY d;
  REQUIRED STRING column3 COLUMNFAMILY d;
  OPTIONAL FLOAT column4 COLUMNFAMILY d;
  OPTIONAL DOUBLE column5 COLUMNFAMILY d;
  OPTIONAL DATETIME column6 COLUMNFAMILY d;
  REPEATED PROTOBUF column7 COLUMNFAMILY d;
  OPTIONAL STRING column8 COLUMNFAMILY d;
} 
PRIMARY KEY(column1),
ENTITY GROUP ROOT,
ENTITY GROUP KEY(column1);
 Table name == TestCloseEntityGroupHandler
24/04/26 01:56:12 DEBUG fserver.MetricsEntityGroupSourceImpl: Creating new MetricsEntityGroupSourceImpl for table TestCloseEntityGroupHandler eaa12a87a247c0fc9152d685e7868a38
24/04/26 01:56:12 DEBUG fserver.EntityGroup: Instantiated TestCloseEntityGroupHandler,,1714092972415.eaa12a87a247c0fc9152d685e7868a38.
24/04/26 01:56:12 ERROR server.NIOServerCnxnFactory: Thread Thread[Thread-150,5,main] died
java.lang.NullPointerException
	at com.alibaba.wasp.fserver.EntityGroup.run(EntityGroup.java:1264)
	at java.lang.Thread.run(Thread.java:750)
24/04/26 01:56:12 DEBUG fserver.EntityGroup: Closing TestCloseEntityGroupHandler,,1714092972415.eaa12a87a247c0fc9152d685e7868a38.
24/04/26 01:56:12 DEBUG fserver.EntityGroup: Updates disabled for entityGroup TestCloseEntityGroupHandler,,1714092972415.eaa12a87a247c0fc9152d685e7868a38.
24/04/26 01:56:12 INFO fserver.EntityGroup: Running commit transaction of TestCloseEntityGroupHandler,,1714092972415.eaa12a87a247c0fc9152d685e7868a38. before close
24/04/26 01:56:12 INFO fserver.EntityGroup: Closed TestCloseEntityGroupHandler,,1714092972415.eaa12a87a247c0fc9152d685e7868a38.
24/04/26 01:56:12 DEBUG handler.CloseEntityGroupHandler: Processing close of TestCloseEntityGroupHandler,,1714092972415.eaa12a87a247c0fc9152d685e7868a38.
24/04/26 01:56:12 FATAL util.MockServer: Abort why=Unrecoverable exception while closing entityGroup TestCloseEntityGroupHandler,,1714092972415.eaa12a87a247c0fc9152d685e7868a38., still finishing close
java.lang.RuntimeException: Mocked failed close!
	at com.alibaba.wasp.fserver.handler.CloseEntityGroupHandler.process(CloseEntityGroupHandler.java:103)
	at com.alibaba.wasp.fserver.handler.TestCloseEntityGroupHandler.testFailedCommitAborts(TestCloseEntityGroupHandler.java:122)
	at sun.reflect.NativeMethodAccessorImpl.invoke0(Native Method)
	at sun.reflect.NativeMethodAccessorImpl.invoke(NativeMethodAccessorImpl.java:62)
	at sun.reflect.DelegatingMethodAccessorImpl.invoke(DelegatingMethodAccessorImpl.java:43)
	at java.lang.reflect.Method.invoke(Method.java:498)
	at org.junit.runners.model.FrameworkMethod$1.runReflectiveCall(FrameworkMethod.java:45)
	at org.junit.internal.runners.model.ReflectiveCallable.run(ReflectiveCallable.java:15)
	at org.junit.runners.model.FrameworkMethod.invokeExplosively(FrameworkMethod.java:42)
	at org.junit.internal.runners.statements.InvokeMethod.evaluate(InvokeMethod.java:20)
	at org.junit.internal.runners.statements.RunBefores.evaluate(RunBefores.java:28)
	at org.junit.runners.ParentRunner.runLeaf(ParentRunner.java:263)
	at org.junit.runners.BlockJUnit4ClassRunner.runChild(BlockJUnit4ClassRunner.java:68)
	at org.junit.runners.BlockJUnit4ClassRunner.runChild(BlockJUnit4ClassRunner.java:47)
	at org.junit.runners.ParentRunner$3.run(ParentRunner.java:231)
	at org.junit.runners.ParentRunner$1.schedule(ParentRunner.java:60)
	at org.junit.runners.ParentRunner.runChildren(ParentRunner.java:229)
	at org.junit.runners.ParentRunner.access$000(ParentRunner.java:50)
	at org.junit.runners.ParentRunner$2.evaluate(ParentRunner.java:222)
	at org.junit.internal.runners.statements.RunBefores.evaluate(RunBefores.java:28)
	at org.junit.internal.runners.statements.RunAfters.evaluate(RunAfters.java:30)
	at org.junit.runners.ParentRunner.run(ParentRunner.java:300)
	at org.junit.runners.Suite.runChild(Suite.java:128)
	at org.junit.runners.Suite.runChild(Suite.java:24)
	at org.junit.runners.ParentRunner$3.run(ParentRunner.java:231)
	at org.junit.runners.ParentRunner$1.schedule(ParentRunner.java:60)
	at org.junit.runners.ParentRunner.runChildren(ParentRunner.java:229)
	at org.junit.runners.ParentRunner.access$000(ParentRunner.java:50)
	at org.junit.runners.ParentRunner$2.evaluate(ParentRunner.java:222)
	at org.junit.runners.ParentRunner.run(ParentRunner.java:300)
	at org.junit.runner.JUnitCore.run(JUnitCore.java:157)
	at org.junit.runner.JUnitCore.run(JUnitCore.java:136)
	at edu.illinois.cs.testrunner.execution.JUnitTestExecutor.execute(JUnitTestExecutor.java:259)
	at edu.illinois.cs.testrunner.execution.JUnitTestExecutor.executeWithJUnit4Runner(JUnitTestExecutor.java:327)
	at edu.illinois.cs.testrunner.execution.JUnitTestExecutor.runOrder(JUnitTestExecutor.java:49)
	at edu.illinois.cs.testrunner.execution.Executor$.$anonfun$run$1(Executor.scala:30)
	at scala.runtime.java8.JFunction0$mcV$sp.apply(JFunction0$mcV$sp.java:12)
	at scala.util.Try$.apply(Try.scala:209)
	at edu.illinois.cs.testrunner.execution.Executor$.run(Executor.scala:28)
	at edu.illinois.cs.testrunner.execution.Executor$.main(Executor.scala:18)
	at edu.illinois.cs.testrunner.execution.Executor.main(Executor.scala)
24/04/26 01:56:12 DEBUG util.MockServer: Stop why=Unrecoverable exception while closing entityGroup TestCloseEntityGroupHandler,,1714092972415.eaa12a87a247c0fc9152d685e7868a38., still finishing close
24/04/26 01:56:12 WARN fserver.EntityGroup: EntityGroup TestCloseEntityGroupHandler,,1714092972415.eaa12a87a247c0fc9152d685e7868a38. already closed
24/04/26 01:56:12 DEBUG zookeeper.ZKUtil: MockServer,123,-1 opening connection to ZooKeeper with ensemble (localhost:58114)
24/04/26 01:56:12 INFO zookeeper.RecoverableZooKeeper: The identifier of this process is 57982@Lenovo-Bot
24/04/26 01:56:12 INFO server.NIOServerCnxnFactory: Accepted socket connection from /127.0.0.1:56058
24/04/26 01:56:12 DEBUG zookeeper.ZooKeeperWatcher: MockServer,123,-1 Received ZooKeeper Event, type=None, state=SyncConnected, path=null
24/04/26 01:56:12 DEBUG zookeeper.ZooKeeperWatcher: MockServer,123,-1-0xff8f17e7191c0001 connected
24/04/26 01:56:12 DEBUG zookeeper.ZKAssign: MockServer,123,-1-0xff8f17e7191c0001 Creating unassigned node for 7ac875c4a5091c2621d1c596d186bd8a in OFFLINE state
24/04/26 01:56:12 DEBUG zookeeper.ZKAssign: MockServer,123,-1-0xff8f17e7191c0001 Attempting to transition node 7ac875c4a5091c2621d1c596d186bd8a from M_ZK_ENTITYGROUP_OFFLINE to FSERVER_ZK_ENTITYGROUP_OPENING
24/04/26 01:56:12 DEBUG zookeeper.ZKUtil: MockServer,123,-1-0xff8f17e7191c0001 Retrieved 118 byte(s) of data from znode /wasp/unassigned/7ac875c4a5091c2621d1c596d186bd8a; data=entityGroup=TestCloseEntityGroupHandler,\x00\x00\x00\x00,1714092972449.7ac875c4a5091c2621d1c596d186bd8a., state=M_ZK_ENTITYGROUP_OFFLINE, servername=MockServer,123,-1, createTime=1714092972455, payload.length=0
24/04/26 01:56:12 DEBUG zookeeper.ZooKeeperWatcher: MockServer,123,-1-0xff8f17e7191c0001 Received ZooKeeper Event, type=NodeDataChanged, state=SyncConnected, path=/wasp/unassigned/7ac875c4a5091c2621d1c596d186bd8a
24/04/26 01:56:12 DEBUG zookeeper.ZKAssign: MockServer,123,-1-0xff8f17e7191c0001 Successfully transitioned node 7ac875c4a5091c2621d1c596d186bd8a from M_ZK_ENTITYGROUP_OFFLINE to FSERVER_ZK_ENTITYGROUP_OPENING
24/04/26 01:56:12 INFO fserver.EntityGroup: EntityGroup.openEntityGroup EntityGroup name ==TestCloseEntityGroupHandler,\x00\x00\x00\x00,1714092972449.7ac875c4a5091c2621d1c596d186bd8a.
24/04/26 01:56:12 DEBUG fserver.EntityGroup: Opening EntityGroup: {NAME => 'TestCloseEntityGroupHandler,\x00\x00\x00\x00,1714092972449.7ac875c4a5091c2621d1c596d186bd8a.', STARTKEY => '\x00\x00\x00\x00', ENDKEY => '\x00\x00\x00\x01', ENCODED => 7ac875c4a5091c2621d1c596d186bd8a,}
24/04/26 01:56:12 DEBUG fserver.MetricsEntityGroupSourceImpl: Creating new MetricsEntityGroupSourceImpl for table TestCloseEntityGroupHandler 7ac875c4a5091c2621d1c596d186bd8a
24/04/26 01:56:12 DEBUG fserver.EntityGroup: Instantiated TestCloseEntityGroupHandler,\x00\x00\x00\x00,1714092972449.7ac875c4a5091c2621d1c596d186bd8a.
24/04/26 01:56:12 DEBUG zookeeper.ZKAssign: MockServer,123,-1-0xff8f17e7191c0001 Attempting to transition node 7ac875c4a5091c2621d1c596d186bd8a from FSERVER_ZK_ENTITYGROUP_OPENING to FSERVER_ZK_ENTITYGROUP_OPENING
24/04/26 01:56:12 ERROR server.NIOServerCnxnFactory: Thread Thread[Thread-153,5,main] died
java.lang.NullPointerException
	at com.alibaba.wasp.fserver.EntityGroup.run(EntityGroup.java:1264)
	at java.lang.Thread.run(Thread.java:750)
24/04/26 01:56:12 DEBUG zookeeper.ZKUtil: MockServer,123,-1-0xff8f17e7191c0001 Retrieved 118 byte(s) of data from znode /wasp/unassigned/7ac875c4a5091c2621d1c596d186bd8a; data=entityGroup=TestCloseEntityGroupHandler,\x00\x00\x00\x00,1714092972449.7ac875c4a5091c2621d1c596d186bd8a., state=FSERVER_ZK_ENTITYGROUP_OPENING, servername=MockServer,123,-1, createTime=1714092972458, payload.length=0
24/04/26 01:56:12 DEBUG zookeeper.ZKAssign: MockServer,123,-1-0xff8f17e7191c0001 Successfully transitioned node 7ac875c4a5091c2621d1c596d186bd8a from FSERVER_ZK_ENTITYGROUP_OPENING to FSERVER_ZK_ENTITYGROUP_OPENING
24/04/26 01:56:12 DEBUG zookeeper.ZKAssign: MockServer,123,-1-0xff8f17e7191c0001 Attempting to transition node 7ac875c4a5091c2621d1c596d186bd8a from FSERVER_ZK_ENTITYGROUP_OPENING to FSERVER_ZK_ENTITYGROUP_OPENED
24/04/26 01:56:12 DEBUG zookeeper.ZKUtil: MockServer,123,-1-0xff8f17e7191c0001 Retrieved 118 byte(s) of data from znode /wasp/unassigned/7ac875c4a5091c2621d1c596d186bd8a; data=entityGroup=TestCloseEntityGroupHandler,\x00\x00\x00\x00,1714092972449.7ac875c4a5091c2621d1c596d186bd8a., state=FSERVER_ZK_ENTITYGROUP_OPENING, servername=MockServer,123,-1, createTime=1714092972462, payload.length=0
24/04/26 01:56:12 DEBUG zookeeper.ZKAssign: MockServer,123,-1-0xff8f17e7191c0001 Successfully transitioned node 7ac875c4a5091c2621d1c596d186bd8a from FSERVER_ZK_ENTITYGROUP_OPENING to FSERVER_ZK_ENTITYGROUP_OPENED
24/04/26 01:56:12 DEBUG handler.OpenEntityGroupHandler: entityGroup transitioned to opened in zookeeper: {NAME => 'TestCloseEntityGroupHandler,\x00\x00\x00\x00,1714092972449.7ac875c4a5091c2621d1c596d186bd8a.', STARTKEY => '\x00\x00\x00\x00', ENDKEY => '\x00\x00\x00\x01', ENCODED => 7ac875c4a5091c2621d1c596d186bd8a,}, server: MockServer,123,-1
24/04/26 01:56:12 DEBUG handler.OpenEntityGroupHandler: Opened TestCloseEntityGroupHandler,\x00\x00\x00\x00,1714092972449.7ac875c4a5091c2621d1c596d186bd8a. on server:MockServer,123,-1
24/04/26 01:56:12 DEBUG zookeeper.ZKUtil: MockServer,123,-1-0xff8f17e7191c0001 Retrieved 118 byte(s) of data from znode /wasp/unassigned/7ac875c4a5091c2621d1c596d186bd8a and set watcher; entityGroup=TestCloseEntityGroupHandler,\x00\x00\x00\x00,1714092972449.7ac875c4a5091c2621d1c596d186bd8a., state=FSERVER_ZK_ENTITYGROUP_OPENED, servername=MockServer,123,-1, createTime=1714092972465, payload.length=0
24/04/26 01:56:12 DEBUG zookeeper.ZKAssign: MockServer,123,-1-0xff8f17e7191c0001 Deleting existing unassigned node for 7ac875c4a5091c2621d1c596d186bd8a that is in expected state FSERVER_ZK_ENTITYGROUP_OPENED
24/04/26 01:56:12 DEBUG zookeeper.ZKUtil: MockServer,123,-1-0xff8f17e7191c0001 Retrieved 118 byte(s) of data from znode /wasp/unassigned/7ac875c4a5091c2621d1c596d186bd8a; data=entityGroup=TestCloseEntityGroupHandler,\x00\x00\x00\x00,1714092972449.7ac875c4a5091c2621d1c596d186bd8a., state=FSERVER_ZK_ENTITYGROUP_OPENED, servername=MockServer,123,-1, createTime=1714092972465, payload.length=0
24/04/26 01:56:12 DEBUG zookeeper.ZooKeeperWatcher: MockServer,123,-1-0xff8f17e7191c0001 Received ZooKeeper Event, type=NodeDeleted, state=SyncConnected, path=/wasp/unassigned/7ac875c4a5091c2621d1c596d186bd8a
24/04/26 01:56:12 DEBUG zookeeper.ZKAssign: MockServer,123,-1-0xff8f17e7191c0001 Successfully deleted unassigned node for entityGroup 7ac875c4a5091c2621d1c596d186bd8a in expected state FSERVER_ZK_ENTITYGROUP_OPENED
24/04/26 01:56:12 DEBUG zookeeper.ZKAssign: MockServer,123,-1-0xff8f17e7191c0001 Creating unassigned node for 7ac875c4a5091c2621d1c596d186bd8a in a CLOSING state
24/04/26 01:56:12 DEBUG handler.CloseEntityGroupHandler: Processing close of TestCloseEntityGroupHandler,\x00\x00\x00\x00,1714092972449.7ac875c4a5091c2621d1c596d186bd8a.
24/04/26 01:56:12 DEBUG fserver.EntityGroup: Closing TestCloseEntityGroupHandler,\x00\x00\x00\x00,1714092972449.7ac875c4a5091c2621d1c596d186bd8a.
24/04/26 01:56:12 DEBUG fserver.EntityGroup: Updates disabled for entityGroup TestCloseEntityGroupHandler,\x00\x00\x00\x00,1714092972449.7ac875c4a5091c2621d1c596d186bd8a.
24/04/26 01:56:12 INFO fserver.EntityGroup: Running commit transaction of TestCloseEntityGroupHandler,\x00\x00\x00\x00,1714092972449.7ac875c4a5091c2621d1c596d186bd8a. before close
24/04/26 01:56:12 INFO fserver.EntityGroup: Closed TestCloseEntityGroupHandler,\x00\x00\x00\x00,1714092972449.7ac875c4a5091c2621d1c596d186bd8a.
24/04/26 01:56:12 DEBUG zookeeper.ZKAssign: MockServer,123,-1-0xff8f17e7191c0001 Attempting to transition node 7ac875c4a5091c2621d1c596d186bd8a from M_ZK_ENTITYGROUP_CLOSING to FSERVER_ZK_ENTITYGROUP_CLOSED
24/04/26 01:56:12 DEBUG zookeeper.ZKUtil: MockServer,123,-1-0xff8f17e7191c0001 Retrieved 120 byte(s) of data from znode /wasp/unassigned/7ac875c4a5091c2621d1c596d186bd8a; data=entityGroup=TestCloseEntityGroupHandler,\x00\x00\x00\x00,1714092972449.7ac875c4a5091c2621d1c596d186bd8a., state=M_ZK_ENTITYGROUP_CLOSING, servername=MockServer,123,-1, createTime=1714092972469, payload.length=0
24/04/26 01:56:12 WARN zookeeper.ZKAssign: MockServer,123,-1-0xff8f17e7191c0001 Attempt to transition the unassigned node for 7ac875c4a5091c2621d1c596d186bd8a from M_ZK_ENTITYGROUP_CLOSING to FSERVER_ZK_ENTITYGROUP_CLOSED failed, the node existed but was version 0 not the expected version 1
24/04/26 01:56:12 WARN handler.CloseEntityGroupHandler: Completed the CLOSE of a entityGroup but when transitioning from  CLOSING to CLOSED got a version mismatch, someone else clashed so now unassigning
24/04/26 01:56:12 WARN fserver.EntityGroup: EntityGroup TestCloseEntityGroupHandler,\x00\x00\x00\x00,1714092972449.7ac875c4a5091c2621d1c596d186bd8a. already closed
24/04/26 01:56:12 DEBUG handler.CloseEntityGroupHandler: set entityGroup closed state in zk unsuccessfully for entityGroup TestCloseEntityGroupHandler,\x00\x00\x00\x00,1714092972449.7ac875c4a5091c2621d1c596d186bd8a. sn name: MockServer,123,-1
24/04/26 01:56:12 DEBUG handler.CloseEntityGroupHandler: Closed entityGroup TestCloseEntityGroupHandler,\x00\x00\x00\x00,1714092972449.7ac875c4a5091c2621d1c596d186bd8a.
24/04/26 01:56:12 DEBUG zookeeper.ZKUtil: MockServer,123,-1-0xff8f17e7191c0001 Retrieved 120 byte(s) of data from znode /wasp/unassigned/7ac875c4a5091c2621d1c596d186bd8a and set watcher; entityGroup=TestCloseEntityGroupHandler,\x00\x00\x00\x00,1714092972449.7ac875c4a5091c2621d1c596d186bd8a., state=M_ZK_ENTITYGROUP_CLOSING, servername=MockServer,123,-1, createTime=1714092972469, payload.length=0
24/04/26 01:56:12 INFO server.NIOServerCnxnFactory: NIOServerCnxn factory exited run method
24/04/26 01:56:12 INFO server.SessionTrackerImpl: Shutting down
24/04/26 01:56:12 INFO server.SyncRequestProcessor: Shutting down
24/04/26 01:56:12 INFO server.SyncRequestProcessor: SyncRequestProcessor exited!
24/04/26 01:56:12 INFO server.FinalRequestProcessor: shutdown of request processor complete
24/04/26 01:56:12 INFO server.NIOServerCnxnFactory: binding to port 0.0.0.0/0.0.0.0:60902
24/04/26 01:56:12 INFO persistence.FileTxnSnapLog: Snapshotting: 0x0 to /home/alex/Repositories/wasp/target/test-data/807cd5e2-9faf-4e78-97c5-5560be0a3578/dfscluster_0b64e547-bf7d-4df0-91af-b07b948db1e4/zookeeper_0/version-2/snapshot.0
24/04/26 01:56:12 INFO server.NIOServerCnxnFactory: Accepted socket connection from /127.0.0.1:42542
24/04/26 01:56:12 DEBUG zookeeper.ZKUtil: MockServer,123,-1 opening connection to ZooKeeper with ensemble (localhost:60902)
24/04/26 01:56:12 INFO zookeeper.RecoverableZooKeeper: The identifier of this process is 57982@Lenovo-Bot
24/04/26 01:56:12 INFO server.NIOServerCnxnFactory: Accepted socket connection from /127.0.0.1:42556
24/04/26 01:56:12 INFO persistence.FileTxnLog: Creating new log file: log.1
24/04/26 01:56:12 DEBUG zookeeper.ZooKeeperWatcher: MockServer,123,-1 Received ZooKeeper Event, type=None, state=SyncConnected, path=null
24/04/26 01:56:12 DEBUG zookeeper.ZooKeeperWatcher: MockServer,123,-1-0xff8f17e719c30000 connected
24/04/26 01:56:12 DEBUG zookeeper.ZKAssign: MockServer,123,-1-0xff8f17e719c30000 Creating unassigned node for 0f8131421f36ace25eea1e3b7d4c1e10 in OFFLINE state
24/04/26 01:56:12 DEBUG zookeeper.ZKAssign: MockServer,123,-1-0xff8f17e719c30000 Attempting to transition node 0f8131421f36ace25eea1e3b7d4c1e10 from M_ZK_ENTITYGROUP_OFFLINE to FSERVER_ZK_ENTITYGROUP_OPENING
24/04/26 01:56:12 DEBUG zookeeper.ZKUtil: MockServer,123,-1-0xff8f17e719c30000 Retrieved 117 byte(s) of data from znode /wasp/unassigned/0f8131421f36ace25eea1e3b7d4c1e10; data=entityGroup=TestOpenEntityGroupHandler,\x00\x00\x00\x00,1714092972485.0f8131421f36ace25eea1e3b7d4c1e10., state=M_ZK_ENTITYGROUP_OFFLINE, servername=MockServer,123,-1, createTime=1714092972501, payload.length=0
24/04/26 01:56:12 DEBUG zookeeper.ZooKeeperWatcher: MockServer,123,-1-0xff8f17e719c30000 Received ZooKeeper Event, type=NodeDataChanged, state=SyncConnected, path=/wasp/unassigned/0f8131421f36ace25eea1e3b7d4c1e10
24/04/26 01:56:12 DEBUG zookeeper.ZKAssign: MockServer,123,-1-0xff8f17e719c30000 Successfully transitioned node 0f8131421f36ace25eea1e3b7d4c1e10 from M_ZK_ENTITYGROUP_OFFLINE to FSERVER_ZK_ENTITYGROUP_OPENING
24/04/26 01:56:12 INFO handler.OpenEntityGroupHandler: Opening of entityGroup {NAME => 'TestOpenEntityGroupHandler,\x00\x00\x00\x00,1714092972485.0f8131421f36ace25eea1e3b7d4c1e10.', STARTKEY => '\x00\x00\x00\x00', ENDKEY => '\x00\x00\x00\x01', ENCODED => 0f8131421f36ace25eea1e3b7d4c1e10,} failed, marking as FAILED_OPEN in ZK
24/04/26 01:56:12 DEBUG zookeeper.ZKAssign: MockServer,123,-1-0xff8f17e719c30000 Attempting to transition node 0f8131421f36ace25eea1e3b7d4c1e10 from FSERVER_ZK_ENTITYGROUP_OPENING to FSERVER_ZK_ENTITYGROUP_FAILED_OPEN
24/04/26 01:56:12 DEBUG zookeeper.ZKUtil: MockServer,123,-1-0xff8f17e719c30000 Retrieved 117 byte(s) of data from znode /wasp/unassigned/0f8131421f36ace25eea1e3b7d4c1e10; data=entityGroup=TestOpenEntityGroupHandler,\x00\x00\x00\x00,1714092972485.0f8131421f36ace25eea1e3b7d4c1e10., state=FSERVER_ZK_ENTITYGROUP_OPENING, servername=MockServer,123,-1, createTime=1714092972504, payload.length=0
24/04/26 01:56:12 DEBUG zookeeper.ZKAssign: MockServer,123,-1-0xff8f17e719c30000 Successfully transitioned node 0f8131421f36ace25eea1e3b7d4c1e10 from FSERVER_ZK_ENTITYGROUP_OPENING to FSERVER_ZK_ENTITYGROUP_FAILED_OPEN
24/04/26 01:56:12 DEBUG zookeeper.ZKUtil: MockServer,123,-1-0xff8f17e719c30000 Retrieved 117 byte(s) of data from znode /wasp/unassigned/0f8131421f36ace25eea1e3b7d4c1e10 and set watcher; entityGroup=TestOpenEntityGroupHandler,\x00\x00\x00\x00,1714092972485.0f8131421f36ace25eea1e3b7d4c1e10., state=FSERVER_ZK_ENTITYGROUP_FAILED_OPEN, servername=MockServer,123,-1, createTime=1714092972506, payload.length=0
24/04/26 01:56:12 DEBUG zookeeper.ZKUtil: MockServer,123,-1 opening connection to ZooKeeper with ensemble (localhost:60902)
24/04/26 01:56:12 INFO zookeeper.RecoverableZooKeeper: The identifier of this process is 57982@Lenovo-Bot
24/04/26 01:56:12 INFO server.NIOServerCnxnFactory: Accepted socket connection from /127.0.0.1:42570
24/04/26 01:56:12 DEBUG zookeeper.ZooKeeperWatcher: MockServer,123,-1 Received ZooKeeper Event, type=None, state=SyncConnected, path=null
24/04/26 01:56:12 DEBUG zookeeper.ZooKeeperWatcher: MockServer,123,-1-0xff8f17e719c30001 connected
24/04/26 01:56:12 DEBUG zookeeper.ZKAssign: MockServer,123,-1-0xff8f17e719c30001 Creating unassigned node for 9cd9cb0f3e8dc38a756fcf5b81b668a1 in OFFLINE state
24/04/26 01:56:12 DEBUG zookeeper.ZKAssign: MockServer,123,-1-0xff8f17e719c30001 Attempting to transition node 9cd9cb0f3e8dc38a756fcf5b81b668a1 from M_ZK_ENTITYGROUP_OFFLINE to FSERVER_ZK_ENTITYGROUP_OPENING
24/04/26 01:56:12 DEBUG zookeeper.ZKUtil: MockServer,123,-1-0xff8f17e719c30001 Retrieved 117 byte(s) of data from znode /wasp/unassigned/9cd9cb0f3e8dc38a756fcf5b81b668a1; data=entityGroup=TestOpenEntityGroupHandler,\x00\x00\x00\x00,1714092972508.9cd9cb0f3e8dc38a756fcf5b81b668a1., state=M_ZK_ENTITYGROUP_OFFLINE, servername=MockServer,123,-1, createTime=1714092972514, payload.length=0
24/04/26 01:56:12 DEBUG zookeeper.ZooKeeperWatcher: MockServer,123,-1-0xff8f17e719c30001 Received ZooKeeper Event, type=NodeDataChanged, state=SyncConnected, path=/wasp/unassigned/9cd9cb0f3e8dc38a756fcf5b81b668a1
24/04/26 01:56:12 DEBUG zookeeper.ZKAssign: MockServer,123,-1-0xff8f17e719c30001 Successfully transitioned node 9cd9cb0f3e8dc38a756fcf5b81b668a1 from M_ZK_ENTITYGROUP_OFFLINE to FSERVER_ZK_ENTITYGROUP_OPENING
24/04/26 01:56:12 INFO fserver.EntityGroup: EntityGroup.openEntityGroup EntityGroup name ==TestOpenEntityGroupHandler,\x00\x00\x00\x00,1714092972508.9cd9cb0f3e8dc38a756fcf5b81b668a1.
24/04/26 01:56:12 DEBUG fserver.EntityGroup: Opening EntityGroup: {NAME => 'TestOpenEntityGroupHandler,\x00\x00\x00\x00,1714092972508.9cd9cb0f3e8dc38a756fcf5b81b668a1.', STARTKEY => '\x00\x00\x00\x00', ENDKEY => '\x00\x00\x00\x01', ENCODED => 9cd9cb0f3e8dc38a756fcf5b81b668a1,}
24/04/26 01:56:12 DEBUG fserver.MetricsEntityGroupSourceImpl: Creating new MetricsEntityGroupSourceImpl for table TestOpenEntityGroupHandler 9cd9cb0f3e8dc38a756fcf5b81b668a1
24/04/26 01:56:12 DEBUG fserver.EntityGroup: Instantiated TestOpenEntityGroupHandler,\x00\x00\x00\x00,1714092972508.9cd9cb0f3e8dc38a756fcf5b81b668a1.
24/04/26 01:56:12 DEBUG zookeeper.ZKAssign: MockServer,123,-1-0xff8f17e719c30001 Attempting to transition node 9cd9cb0f3e8dc38a756fcf5b81b668a1 from FSERVER_ZK_ENTITYGROUP_OPENING to FSERVER_ZK_ENTITYGROUP_OPENING
24/04/26 01:56:12 ERROR server.NIOServerCnxnFactory: Thread Thread[Thread-157,5,main] died
java.lang.NullPointerException
	at com.alibaba.wasp.fserver.EntityGroup.run(EntityGroup.java:1264)
	at java.lang.Thread.run(Thread.java:750)
24/04/26 01:56:12 DEBUG zookeeper.ZKUtil: MockServer,123,-1-0xff8f17e719c30001 Retrieved 117 byte(s) of data from znode /wasp/unassigned/9cd9cb0f3e8dc38a756fcf5b81b668a1; data=entityGroup=TestOpenEntityGroupHandler,\x00\x00\x00\x00,1714092972508.9cd9cb0f3e8dc38a756fcf5b81b668a1., state=FSERVER_ZK_ENTITYGROUP_OPENING, servername=MockServer,123,-1, createTime=1714092972516, payload.length=0
24/04/26 01:56:12 DEBUG zookeeper.ZKAssign: MockServer,123,-1-0xff8f17e719c30001 Successfully transitioned node 9cd9cb0f3e8dc38a756fcf5b81b668a1 from FSERVER_ZK_ENTITYGROUP_OPENING to FSERVER_ZK_ENTITYGROUP_OPENING
24/04/26 01:56:12 DEBUG fserver.EntityGroup: Closing TestOpenEntityGroupHandler,\x00\x00\x00\x00,1714092972508.9cd9cb0f3e8dc38a756fcf5b81b668a1.
24/04/26 01:56:12 DEBUG fserver.EntityGroup: Updates disabled for entityGroup TestOpenEntityGroupHandler,\x00\x00\x00\x00,1714092972508.9cd9cb0f3e8dc38a756fcf5b81b668a1.
24/04/26 01:56:12 INFO fserver.EntityGroup: Running commit transaction of TestOpenEntityGroupHandler,\x00\x00\x00\x00,1714092972508.9cd9cb0f3e8dc38a756fcf5b81b668a1. before close
24/04/26 01:56:12 INFO fserver.EntityGroup: Closed TestOpenEntityGroupHandler,\x00\x00\x00\x00,1714092972508.9cd9cb0f3e8dc38a756fcf5b81b668a1.
24/04/26 01:56:12 INFO handler.OpenEntityGroupHandler: Opening of entityGroup {NAME => 'TestOpenEntityGroupHandler,\x00\x00\x00\x00,1714092972508.9cd9cb0f3e8dc38a756fcf5b81b668a1.', STARTKEY => '\x00\x00\x00\x00', ENDKEY => '\x00\x00\x00\x01', ENCODED => 9cd9cb0f3e8dc38a756fcf5b81b668a1,} failed, marking as FAILED_OPEN in ZK
24/04/26 01:56:12 DEBUG zookeeper.ZKAssign: MockServer,123,-1-0xff8f17e719c30001 Attempting to transition node 9cd9cb0f3e8dc38a756fcf5b81b668a1 from FSERVER_ZK_ENTITYGROUP_OPENING to FSERVER_ZK_ENTITYGROUP_FAILED_OPEN
24/04/26 01:56:12 DEBUG zookeeper.ZKUtil: MockServer,123,-1-0xff8f17e719c30001 Retrieved 117 byte(s) of data from znode /wasp/unassigned/9cd9cb0f3e8dc38a756fcf5b81b668a1; data=entityGroup=TestOpenEntityGroupHandler,\x00\x00\x00\x00,1714092972508.9cd9cb0f3e8dc38a756fcf5b81b668a1., state=FSERVER_ZK_ENTITYGROUP_OPENING, servername=MockServer,123,-1, createTime=1714092972520, payload.length=0
24/04/26 01:56:12 DEBUG zookeeper.ZKAssign: MockServer,123,-1-0xff8f17e719c30001 Successfully transitioned node 9cd9cb0f3e8dc38a756fcf5b81b668a1 from FSERVER_ZK_ENTITYGROUP_OPENING to FSERVER_ZK_ENTITYGROUP_FAILED_OPEN
24/04/26 01:56:12 DEBUG zookeeper.ZKUtil: MockServer,123,-1-0xff8f17e719c30001 Retrieved 117 byte(s) of data from znode /wasp/unassigned/9cd9cb0f3e8dc38a756fcf5b81b668a1 and set watcher; entityGroup=TestOpenEntityGroupHandler,\x00\x00\x00\x00,1714092972508.9cd9cb0f3e8dc38a756fcf5b81b668a1., state=FSERVER_ZK_ENTITYGROUP_FAILED_OPEN, servername=MockServer,123,-1, createTime=1714092972522, payload.length=0
24/04/26 01:56:12 DEBUG zookeeper.ZKUtil: MockServer,123,-1 opening connection to ZooKeeper with ensemble (localhost:60902)
24/04/26 01:56:12 INFO zookeeper.RecoverableZooKeeper: The identifier of this process is 57982@Lenovo-Bot
24/04/26 01:56:12 INFO server.NIOServerCnxnFactory: Accepted socket connection from /127.0.0.1:42574
24/04/26 01:56:12 DEBUG zookeeper.ZooKeeperWatcher: MockServer,123,-1 Received ZooKeeper Event, type=None, state=SyncConnected, path=null
24/04/26 01:56:12 DEBUG zookeeper.ZooKeeperWatcher: MockServer,123,-1-0xff8f17e719c30002 connected
24/04/26 01:56:12 INFO fserver.EntityGroup: creating EntityGroup TestOpenEntityGroupHandler Table == CREATE TABLE TestOpenEntityGroupHandler { 
  REQUIRED INT32 column1 COLUMNFAMILY d;
  REQUIRED INT64 column2 COLUMNFAMILY d;
  REQUIRED STRING column3 COLUMNFAMILY d;
  OPTIONAL FLOAT column4 COLUMNFAMILY d;
  OPTIONAL DOUBLE column5 COLUMNFAMILY d;
  OPTIONAL DATETIME column6 COLUMNFAMILY d;
  REPEATED PROTOBUF column7 COLUMNFAMILY d;
  OPTIONAL STRING column8 COLUMNFAMILY d;
} 
PRIMARY KEY(column1),
ENTITY GROUP ROOT,
ENTITY GROUP KEY(column1);
 Table name == TestOpenEntityGroupHandler
24/04/26 01:56:12 DEBUG fserver.MetricsEntityGroupSourceImpl: Creating new MetricsEntityGroupSourceImpl for table TestOpenEntityGroupHandler 0a21c9039bf5cf4f4f2b01b3b8de5040
24/04/26 01:56:12 DEBUG fserver.EntityGroup: Instantiated TestOpenEntityGroupHandler,\x00\x00\x00\x00,1714092972524.0a21c9039bf5cf4f4f2b01b3b8de5040.
24/04/26 01:56:12 ERROR server.NIOServerCnxnFactory: Thread Thread[Thread-160,5,main] died
java.lang.NullPointerException
	at com.alibaba.wasp.fserver.EntityGroup.run(EntityGroup.java:1264)
	at java.lang.Thread.run(Thread.java:750)
24/04/26 01:56:12 DEBUG zookeeper.ZKAssign: MockServer,123,-1-0xff8f17e719c30002 Attempting to transition node 0a21c9039bf5cf4f4f2b01b3b8de5040 from M_ZK_ENTITYGROUP_OFFLINE to FSERVER_ZK_ENTITYGROUP_OPENING
24/04/26 01:56:12 DEBUG zookeeper.ZKUtil: MockServer,123,-1-0xff8f17e719c30002 Unable to get data of znode /wasp/unassigned/0a21c9039bf5cf4f4f2b01b3b8de5040 because node does not exist (not necessarily an error)
24/04/26 01:56:12 WARN handler.OpenEntityGroupHandler: Failed transition from OFFLINE to OPENING for entityGroup=0a21c9039bf5cf4f4f2b01b3b8de5040
24/04/26 01:56:12 WARN handler.OpenEntityGroupHandler: EntityGroup was hijacked? It no longer exists, encodedName=0a21c9039bf5cf4f4f2b01b3b8de5040
24/04/26 01:56:12 DEBUG zookeeper.ZKAssign: MockServer,123,-1-0xff8f17e719c30002 Creating unassigned node for 0a21c9039bf5cf4f4f2b01b3b8de5040 in OFFLINE state
24/04/26 01:56:12 DEBUG zookeeper.ZKAssign: MockServer,123,-1-0xff8f17e719c30002 Attempting to transition node 0a21c9039bf5cf4f4f2b01b3b8de5040 from M_ZK_ENTITYGROUP_OFFLINE to FSERVER_ZK_ENTITYGROUP_OPENING
24/04/26 01:56:12 DEBUG zookeeper.ZKUtil: MockServer,123,-1-0xff8f17e719c30002 Retrieved 117 byte(s) of data from znode /wasp/unassigned/0a21c9039bf5cf4f4f2b01b3b8de5040; data=entityGroup=TestOpenEntityGroupHandler,\x00\x00\x00\x00,1714092972524.0a21c9039bf5cf4f4f2b01b3b8de5040., state=M_ZK_ENTITYGROUP_OFFLINE, servername=MockServer,123,-1, createTime=1714092972532, payload.length=0
24/04/26 01:56:12 DEBUG zookeeper.ZooKeeperWatcher: MockServer,123,-1-0xff8f17e719c30002 Received ZooKeeper Event, type=NodeDataChanged, state=SyncConnected, path=/wasp/unassigned/0a21c9039bf5cf4f4f2b01b3b8de5040
24/04/26 01:56:12 DEBUG zookeeper.ZKAssign: MockServer,123,-1-0xff8f17e719c30002 Successfully transitioned node 0a21c9039bf5cf4f4f2b01b3b8de5040 from M_ZK_ENTITYGROUP_OFFLINE to FSERVER_ZK_ENTITYGROUP_OPENING
24/04/26 01:56:12 INFO fserver.EntityGroup: EntityGroup.openEntityGroup EntityGroup name ==TestOpenEntityGroupHandler,\x00\x00\x00\x00,1714092972524.0a21c9039bf5cf4f4f2b01b3b8de5040.
24/04/26 01:56:12 DEBUG fserver.EntityGroup: Opening EntityGroup: {NAME => 'TestOpenEntityGroupHandler,\x00\x00\x00\x00,1714092972524.0a21c9039bf5cf4f4f2b01b3b8de5040.', STARTKEY => '\x00\x00\x00\x00', ENDKEY => '\x00\x00\x00\x01', ENCODED => 0a21c9039bf5cf4f4f2b01b3b8de5040,}
24/04/26 01:56:12 DEBUG fserver.MetricsEntityGroupSourceImpl: Creating new MetricsEntityGroupSourceImpl for table TestOpenEntityGroupHandler 0a21c9039bf5cf4f4f2b01b3b8de5040
24/04/26 01:56:12 DEBUG fserver.EntityGroup: Instantiated TestOpenEntityGroupHandler,\x00\x00\x00\x00,1714092972524.0a21c9039bf5cf4f4f2b01b3b8de5040.
24/04/26 01:56:12 ERROR server.NIOServerCnxnFactory: Thread Thread[Thread-163,5,main] died
java.lang.NullPointerException
	at com.alibaba.wasp.fserver.EntityGroup.run(EntityGroup.java:1264)
	at java.lang.Thread.run(Thread.java:750)
24/04/26 01:56:12 DEBUG zookeeper.ZKAssign: MockServer,123,-1-0xff8f17e719c30002 Attempting to transition node 0a21c9039bf5cf4f4f2b01b3b8de5040 from FSERVER_ZK_ENTITYGROUP_OPENING to FSERVER_ZK_ENTITYGROUP_OPENING
24/04/26 01:56:12 DEBUG zookeeper.ZKUtil: MockServer,123,-1-0xff8f17e719c30002 Unable to get data of znode /wasp/unassigned/0a21c9039bf5cf4f4f2b01b3b8de5040 because node does not exist (not necessarily an error)
24/04/26 01:56:12 WARN handler.OpenEntityGroupHandler: Failed refreshing OPENING; entityGroup=0a21c9039bf5cf4f4f2b01b3b8de5040, context=post_entitygroup_open
24/04/26 01:56:12 DEBUG fserver.EntityGroup: Closing TestOpenEntityGroupHandler,\x00\x00\x00\x00,1714092972524.0a21c9039bf5cf4f4f2b01b3b8de5040.
24/04/26 01:56:12 DEBUG fserver.EntityGroup: Updates disabled for entityGroup TestOpenEntityGroupHandler,\x00\x00\x00\x00,1714092972524.0a21c9039bf5cf4f4f2b01b3b8de5040.
24/04/26 01:56:12 INFO fserver.EntityGroup: Running commit transaction of TestOpenEntityGroupHandler,\x00\x00\x00\x00,1714092972524.0a21c9039bf5cf4f4f2b01b3b8de5040. before close
24/04/26 01:56:12 INFO fserver.EntityGroup: Closed TestOpenEntityGroupHandler,\x00\x00\x00\x00,1714092972524.0a21c9039bf5cf4f4f2b01b3b8de5040.
24/04/26 01:56:12 INFO handler.OpenEntityGroupHandler: Opening of entityGroup {NAME => 'TestOpenEntityGroupHandler,\x00\x00\x00\x00,1714092972524.0a21c9039bf5cf4f4f2b01b3b8de5040.', STARTKEY => '\x00\x00\x00\x00', ENDKEY => '\x00\x00\x00\x01', ENCODED => 0a21c9039bf5cf4f4f2b01b3b8de5040,} failed, marking as FAILED_OPEN in ZK
24/04/26 01:56:12 DEBUG zookeeper.ZKAssign: MockServer,123,-1-0xff8f17e719c30002 Attempting to transition node 0a21c9039bf5cf4f4f2b01b3b8de5040 from FSERVER_ZK_ENTITYGROUP_OPENING to FSERVER_ZK_ENTITYGROUP_FAILED_OPEN
24/04/26 01:56:12 DEBUG zookeeper.ZKUtil: MockServer,123,-1-0xff8f17e719c30002 Unable to get data of znode /wasp/unassigned/0a21c9039bf5cf4f4f2b01b3b8de5040 because node does not exist (not necessarily an error)
24/04/26 01:56:12 WARN handler.OpenEntityGroupHandler: Unable to mark entityGroup {NAME => 'TestOpenEntityGroupHandler,\x00\x00\x00\x00,1714092972524.0a21c9039bf5cf4f4f2b01b3b8de5040.', STARTKEY => '\x00\x00\x00\x00', ENDKEY => '\x00\x00\x00\x01', ENCODED => 0a21c9039bf5cf4f4f2b01b3b8de5040,} as FAILED_OPEN. It's likely that the master already timed out this open attempt, and thus another RS already has the entityGroup.
24/04/26 01:56:12 DEBUG fserver.EntityGroup: Closing TestOpenEntityGroupHandler,\x00\x00\x00\x00,1714092972524.0a21c9039bf5cf4f4f2b01b3b8de5040.
24/04/26 01:56:12 DEBUG fserver.EntityGroup: Updates disabled for entityGroup TestOpenEntityGroupHandler,\x00\x00\x00\x00,1714092972524.0a21c9039bf5cf4f4f2b01b3b8de5040.
24/04/26 01:56:12 INFO fserver.EntityGroup: Running commit transaction of TestOpenEntityGroupHandler,\x00\x00\x00\x00,1714092972524.0a21c9039bf5cf4f4f2b01b3b8de5040. before close
24/04/26 01:56:12 INFO fserver.EntityGroup: Closed TestOpenEntityGroupHandler,\x00\x00\x00\x00,1714092972524.0a21c9039bf5cf4f4f2b01b3b8de5040.
24/04/26 01:56:12 INFO server.NIOServerCnxnFactory: NIOServerCnxn factory exited run method
24/04/26 01:56:12 INFO server.SessionTrackerImpl: Shutting down
24/04/26 01:56:12 INFO server.SyncRequestProcessor: Shutting down
24/04/26 01:56:12 INFO server.SyncRequestProcessor: SyncRequestProcessor exited!
24/04/26 01:56:12 INFO server.FinalRequestProcessor: shutdown of request processor complete
24/04/26 01:56:12 DEBUG fserver.MetricsEntityGroupSourceImpl: Creating new MetricsEntityGroupSourceImpl for table MetricsEntityGroupWrapperStub DEADBEEF001
24/04/26 01:56:12 DEBUG fserver.MetricsEntityGroupSourceImpl: Creating new MetricsEntityGroupSourceImpl for table null TEST
24/04/26 01:56:12 DEBUG fserver.MetricsEntityGroupSourceImpl: Creating new MetricsEntityGroupSourceImpl for table null TEST
24/04/26 01:56:12 DEBUG fserver.MetricsEntityGroupSourceImpl: Creating new MetricsEntityGroupSourceImpl for table null TWO
24/04/26 01:56:12 INFO wasp.WaspTestingUtility: Starting up minicluster with 1 master(s) and 3 fserver(s) 
24/04/26 01:56:12 DEBUG zookeeper.ZooKeeperWatcher: MockServer,123,-1-0xff8f17e7191c0001 Received ZooKeeper Event, type=None, state=Disconnected, path=null
24/04/26 01:56:12 DEBUG zookeeper.ZooKeeperWatcher: MockServer,123,-1-0xff8f17e7191c0000 Received ZooKeeper Event, type=None, state=Disconnected, path=null
24/04/26 01:56:12 DEBUG zookeeper.ZooKeeperWatcher: MockServer,123,-1-0xff8f17e7191c0000 Received Disconnected from ZooKeeper, ignoring
24/04/26 01:56:12 DEBUG zookeeper.ZooKeeperWatcher: MockServer,123,-1-0xff8f17e7191c0001 Received Disconnected from ZooKeeper, ignoring
24/04/26 01:56:12 DEBUG zookeeper.ZooKeeperWatcher: MockServer,123,-1-0xff8f17e719c30002 Received ZooKeeper Event, type=None, state=Disconnected, path=null
24/04/26 01:56:12 DEBUG zookeeper.ZooKeeperWatcher: MockServer,123,-1-0xff8f17e719c30002 Received Disconnected from ZooKeeper, ignoring
24/04/26 01:56:12 DEBUG zookeeper.ZooKeeperWatcher: MockServer,123,-1-0xff8f17e719c30000 Received ZooKeeper Event, type=None, state=Disconnected, path=null
24/04/26 01:56:12 DEBUG zookeeper.ZooKeeperWatcher: MockServer,123,-1-0xff8f17e719c30001 Received ZooKeeper Event, type=None, state=Disconnected, path=null
24/04/26 01:56:12 DEBUG zookeeper.ZooKeeperWatcher: MockServer,123,-1-0xff8f17e719c30000 Received Disconnected from ZooKeeper, ignoring
24/04/26 01:56:12 DEBUG zookeeper.ZooKeeperWatcher: MockServer,123,-1-0xff8f17e719c30001 Received Disconnected from ZooKeeper, ignoring
Starting DataNode 0 with dfs.data.dir: /home/alex/Repositories/wasp/target/test-data/d572918f-79e1-4fe3-98d4-90fa925e12aa/dfscluster_42808049-7e00-496a-b5b7-9acc9962d676/dfs/data/data1,/home/alex/Repositories/wasp/target/test-data/d572918f-79e1-4fe3-98d4-90fa925e12aa/dfscluster_42808049-7e00-496a-b5b7-9acc9962d676/dfs/data/data2
24/04/26 01:56:12 ERROR datanode.DataNode: All directories in dfs.data.dir are invalid.
24/04/26 01:56:12 INFO wasp.WaspTestingUtility: Shutting down mini wasp cluster
24/04/26 01:56:12 INFO wasp.WaspTestingUtility: Minicluster is down
java.lang.NullPointerException
	at org.apache.hadoop.hdfs.MiniDFSCluster.startDataNodes(MiniDFSCluster.java:422)
	at org.apache.hadoop.hdfs.MiniDFSCluster.<init>(MiniDFSCluster.java:280)
	at org.apache.hadoop.hbase.HBaseTestingUtility.startMiniDFSCluster(HBaseTestingUtility.java:451)
	at org.apache.hadoop.hbase.HBaseTestingUtility.startMiniCluster(HBaseTestingUtility.java:619)
	at org.apache.hadoop.hbase.HBaseTestingUtility.startMiniCluster(HBaseTestingUtility.java:575)
	at com.alibaba.wasp.WaspTestingUtility.startMiniCluster(WaspTestingUtility.java:172)
	at com.alibaba.wasp.WaspTestingUtility.startMiniCluster(WaspTestingUtility.java:144)
	at com.alibaba.wasp.fserver.redo.TestRedoLog.before(TestRedoLog.java:51)
	at sun.reflect.NativeMethodAccessorImpl.invoke0(Native Method)
	at sun.reflect.NativeMethodAccessorImpl.invoke(NativeMethodAccessorImpl.java:62)
	at sun.reflect.DelegatingMethodAccessorImpl.invoke(DelegatingMethodAccessorImpl.java:43)
	at java.lang.reflect.Method.invoke(Method.java:498)
	at org.junit.runners.model.FrameworkMethod$1.runReflectiveCall(FrameworkMethod.java:45)
	at org.junit.internal.runners.model.ReflectiveCallable.run(ReflectiveCallable.java:15)
	at org.junit.runners.model.FrameworkMethod.invokeExplosively(FrameworkMethod.java:42)
	at org.junit.internal.runners.statements.RunBefores.evaluate(RunBefores.java:27)
	at org.junit.internal.runners.statements.RunAfters.evaluate(RunAfters.java:30)
	at org.junit.runners.ParentRunner.run(ParentRunner.java:300)
	at org.junit.runners.Suite.runChild(Suite.java:128)
	at org.junit.runners.Suite.runChild(Suite.java:24)
	at org.junit.runners.ParentRunner$3.run(ParentRunner.java:231)
	at org.junit.runners.ParentRunner$1.schedule(ParentRunner.java:60)
	at org.junit.runners.ParentRunner.runChildren(ParentRunner.java:229)
	at org.junit.runners.ParentRunner.access$000(ParentRunner.java:50)
	at org.junit.runners.ParentRunner$2.evaluate(ParentRunner.java:222)
	at org.junit.runners.ParentRunner.run(ParentRunner.java:300)
	at org.junit.runner.JUnitCore.run(JUnitCore.java:157)
	at org.junit.runner.JUnitCore.run(JUnitCore.java:136)
	at edu.illinois.cs.testrunner.execution.JUnitTestExecutor.execute(JUnitTestExecutor.java:259)
	at edu.illinois.cs.testrunner.execution.JUnitTestExecutor.executeWithJUnit4Runner(JUnitTestExecutor.java:327)
	at edu.illinois.cs.testrunner.execution.JUnitTestExecutor.runOrder(JUnitTestExecutor.java:49)
	at edu.illinois.cs.testrunner.execution.Executor$.$anonfun$run$1(Executor.scala:30)
	at scala.runtime.java8.JFunction0$mcV$sp.apply(JFunction0$mcV$sp.java:12)
	at scala.util.Try$.apply(Try.scala:209)
	at edu.illinois.cs.testrunner.execution.Executor$.run(Executor.scala:28)
	at edu.illinois.cs.testrunner.execution.Executor$.main(Executor.scala:18)
	at edu.illinois.cs.testrunner.execution.Executor.main(Executor.scala)
24/04/26 01:56:12 DEBUG ipc.WaspRPC: Using com.alibaba.wasp.ipc.ProtobufRpcEngine for com.alibaba.wasp.ipc.TestProtoBufRpc$TestRpcService
24/04/26 01:56:12 DEBUG ipc.NettyTransceiver: Using Netty bootstrap options: {connectTimeoutMillis=3000, tcpNoDelay=true}
24/04/26 01:56:12 DEBUG ipc.NettyTransceiver: Connecting to /0.0.0.0:46489
24/04/26 01:56:12 DEBUG ipc.NettyTransceiver: [id: 0x304b9f1a] OPEN
24/04/26 01:56:12 INFO ipc.NettyTransceiver: Successfully connected to bookie: /0.0.0.0:46489
24/04/26 01:56:12 DEBUG ipc.NettyTransceiver: [id: 0x304b9f1a, /127.0.0.1:58924 => /0.0.0.0:46489] BOUND: /127.0.0.1:58924
24/04/26 01:56:12 DEBUG ipc.NettyTransceiver: [id: 0x304b9f1a, /127.0.0.1:58924 => /0.0.0.0:46489] CONNECTED: /0.0.0.0:46489
24/04/26 01:56:12 DEBUG ipc.NettyServer: [id: 0x67a157f4, /127.0.0.1:58924 => /127.0.1.1:46489] OPEN
24/04/26 01:56:12 DEBUG ipc.NettyServer: [id: 0x67a157f4, /127.0.0.1:58924 => /127.0.1.1:46489] BOUND: /127.0.1.1:46489
24/04/26 01:56:12 DEBUG ipc.NettyServer: [id: 0x67a157f4, /127.0.0.1:58924 => /127.0.1.1:46489] CONNECTED: /127.0.0.1:58924
24/04/26 01:56:12 ERROR ipc.NettyServer: pool-12-thread-8, call methodName: "error"
clientProtocolVersion: 1
request: ""
requestClassName: "com.alibaba.wasp.ipc.protobuf.generated.TestProtos$EmptyRequestProto"
: error: 
java.io.IOException: error
	at com.alibaba.wasp.ipc.TestProtoBufRpc$PBServerImpl.error(TestProtoBufRpc.java:68)
	at sun.reflect.NativeMethodAccessorImpl.invoke0(Native Method)
	at sun.reflect.NativeMethodAccessorImpl.invoke(NativeMethodAccessorImpl.java:62)
	at sun.reflect.DelegatingMethodAccessorImpl.invoke(DelegatingMethodAccessorImpl.java:43)
	at java.lang.reflect.Method.invoke(Method.java:498)
	at com.alibaba.wasp.ipc.ProtobufRpcEngine$Server.call(ProtobufRpcEngine.java:270)
	at com.alibaba.wasp.ipc.NettyServer$NettyServerWaspHandler.messageReceived(NettyServer.java:234)
	at org.jboss.netty.channel.SimpleChannelUpstreamHandler.handleUpstream(SimpleChannelUpstreamHandler.java:75)
	at com.alibaba.wasp.ipc.NettyServer$NettyServerWaspHandler.handleUpstream(NettyServer.java:171)
	at org.jboss.netty.channel.DefaultChannelPipeline.sendUpstream(DefaultChannelPipeline.java:563)
	at org.jboss.netty.channel.DefaultChannelPipeline$DefaultChannelHandlerContext.sendUpstream(DefaultChannelPipeline.java:791)
	at org.jboss.netty.handler.execution.ChannelUpstreamEventRunnable.doRun(ChannelUpstreamEventRunnable.java:45)
	at org.jboss.netty.handler.execution.ChannelEventRunnable.run(ChannelEventRunnable.java:64)
	at java.util.concurrent.ThreadPoolExecutor.runWorker(ThreadPoolExecutor.java:1149)
	at java.util.concurrent.ThreadPoolExecutor$Worker.run(ThreadPoolExecutor.java:624)
	at java.lang.Thread.run(Thread.java:750)
24/04/26 01:56:12 INFO ipc.NettyServer: Stopping server on 0
24/04/26 01:56:12 DEBUG ipc.NettyTransceiver: [id: 0x304b9f1a, /127.0.0.1:58924 :> /0.0.0.0:46489] DISCONNECTED
24/04/26 01:56:12 DEBUG ipc.NettyTransceiver: [id: 0x304b9f1a, /127.0.0.1:58924 :> /0.0.0.0:46489] UNBOUND
24/04/26 01:56:12 DEBUG ipc.NettyTransceiver: [id: 0x304b9f1a, /127.0.0.1:58924 :> /0.0.0.0:46489] CLOSED
24/04/26 01:56:12 DEBUG ipc.NettyTransceiver: Remote peer /0.0.0.0:46489 closed connection.
24/04/26 01:56:12 DEBUG ipc.NettyTransceiver: Disconnecting from /0.0.0.0:46489
24/04/26 01:56:12 DEBUG ipc.NettyServer: [id: 0x67a157f4, /127.0.0.1:58924 :> /127.0.1.1:46489] DISCONNECTED
24/04/26 01:56:12 DEBUG ipc.NettyServer: [id: 0x67a157f4, /127.0.0.1:58924 :> /127.0.1.1:46489] UNBOUND
24/04/26 01:56:12 INFO wasp.WaspTestingUtility: Starting up minicluster with 1 master(s) and 3 fserver(s) 
Starting DataNode 0 with dfs.data.dir: /home/alex/Repositories/wasp/target/test-data/61381770-ec1a-4750-b0cd-1de116add2e5/dfscluster_6552365f-527c-4d08-8995-0afa8d727f66/dfs/data/data1,/home/alex/Repositories/wasp/target/test-data/61381770-ec1a-4750-b0cd-1de116add2e5/dfscluster_6552365f-527c-4d08-8995-0afa8d727f66/dfs/data/data2
24/04/26 01:56:13 ERROR datanode.DataNode: All directories in dfs.data.dir are invalid.
24/04/26 01:56:13 INFO wasp.WaspTestingUtility: Shutting down mini wasp cluster
24/04/26 01:56:13 INFO wasp.WaspTestingUtility: Minicluster is down
java.lang.NullPointerException
	at org.apache.hadoop.hdfs.MiniDFSCluster.startDataNodes(MiniDFSCluster.java:422)
	at org.apache.hadoop.hdfs.MiniDFSCluster.<init>(MiniDFSCluster.java:280)
	at org.apache.hadoop.hbase.HBaseTestingUtility.startMiniDFSCluster(HBaseTestingUtility.java:451)
	at org.apache.hadoop.hbase.HBaseTestingUtility.startMiniCluster(HBaseTestingUtility.java:619)
	at org.apache.hadoop.hbase.HBaseTestingUtility.startMiniCluster(HBaseTestingUtility.java:575)
	at com.alibaba.wasp.WaspTestingUtility.startMiniCluster(WaspTestingUtility.java:172)
	at com.alibaba.wasp.WaspTestingUtility.startMiniCluster(WaspTestingUtility.java:144)
	at com.alibaba.wasp.jdbc.TestAtomicOperation.setUpBeforeClass(TestAtomicOperation.java:64)
	at sun.reflect.NativeMethodAccessorImpl.invoke0(Native Method)
	at sun.reflect.NativeMethodAccessorImpl.invoke(NativeMethodAccessorImpl.java:62)
	at sun.reflect.DelegatingMethodAccessorImpl.invoke(DelegatingMethodAccessorImpl.java:43)
	at java.lang.reflect.Method.invoke(Method.java:498)
	at org.junit.runners.model.FrameworkMethod$1.runReflectiveCall(FrameworkMethod.java:45)
	at org.junit.internal.runners.model.ReflectiveCallable.run(ReflectiveCallable.java:15)
	at org.junit.runners.model.FrameworkMethod.invokeExplosively(FrameworkMethod.java:42)
	at org.junit.internal.runners.statements.RunBefores.evaluate(RunBefores.java:27)
	at org.junit.internal.runners.statements.RunAfters.evaluate(RunAfters.java:30)
	at org.junit.runners.ParentRunner.run(ParentRunner.java:300)
	at org.junit.runners.Suite.runChild(Suite.java:128)
	at org.junit.runners.Suite.runChild(Suite.java:24)
	at org.junit.runners.ParentRunner$3.run(ParentRunner.java:231)
	at org.junit.runners.ParentRunner$1.schedule(ParentRunner.java:60)
	at org.junit.runners.ParentRunner.runChildren(ParentRunner.java:229)
	at org.junit.runners.ParentRunner.access$000(ParentRunner.java:50)
	at org.junit.runners.ParentRunner$2.evaluate(ParentRunner.java:222)
	at org.junit.runners.ParentRunner.run(ParentRunner.java:300)
	at org.junit.runner.JUnitCore.run(JUnitCore.java:157)
	at org.junit.runner.JUnitCore.run(JUnitCore.java:136)
	at edu.illinois.cs.testrunner.execution.JUnitTestExecutor.execute(JUnitTestExecutor.java:259)
	at edu.illinois.cs.testrunner.execution.JUnitTestExecutor.executeWithJUnit4Runner(JUnitTestExecutor.java:327)
	at edu.illinois.cs.testrunner.execution.JUnitTestExecutor.runOrder(JUnitTestExecutor.java:49)
	at edu.illinois.cs.testrunner.execution.Executor$.$anonfun$run$1(Executor.scala:30)
	at scala.runtime.java8.JFunction0$mcV$sp.apply(JFunction0$mcV$sp.java:12)
	at scala.util.Try$.apply(Try.scala:209)
	at edu.illinois.cs.testrunner.execution.Executor$.run(Executor.scala:28)
	at edu.illinois.cs.testrunner.execution.Executor$.main(Executor.scala:18)
	at edu.illinois.cs.testrunner.execution.Executor.main(Executor.scala)
java.lang.NullPointerException
	at com.alibaba.wasp.jdbc.TestAtomicOperation.tearDownAfterClass(TestAtomicOperation.java:86)
	at sun.reflect.NativeMethodAccessorImpl.invoke0(Native Method)
	at sun.reflect.NativeMethodAccessorImpl.invoke(NativeMethodAccessorImpl.java:62)
	at sun.reflect.DelegatingMethodAccessorImpl.invoke(DelegatingMethodAccessorImpl.java:43)
	at java.lang.reflect.Method.invoke(Method.java:498)
	at org.junit.runners.model.FrameworkMethod$1.runReflectiveCall(FrameworkMethod.java:45)
	at org.junit.internal.runners.model.ReflectiveCallable.run(ReflectiveCallable.java:15)
	at org.junit.runners.model.FrameworkMethod.invokeExplosively(FrameworkMethod.java:42)
	at org.junit.internal.runners.statements.RunAfters.evaluate(RunAfters.java:36)
	at org.junit.runners.ParentRunner.run(ParentRunner.java:300)
	at org.junit.runners.Suite.runChild(Suite.java:128)
	at org.junit.runners.Suite.runChild(Suite.java:24)
	at org.junit.runners.ParentRunner$3.run(ParentRunner.java:231)
	at org.junit.runners.ParentRunner$1.schedule(ParentRunner.java:60)
	at org.junit.runners.ParentRunner.runChildren(ParentRunner.java:229)
	at org.junit.runners.ParentRunner.access$000(ParentRunner.java:50)
	at org.junit.runners.ParentRunner$2.evaluate(ParentRunner.java:222)
	at org.junit.runners.ParentRunner.run(ParentRunner.java:300)
	at org.junit.runner.JUnitCore.run(JUnitCore.java:157)
	at org.junit.runner.JUnitCore.run(JUnitCore.java:136)
	at edu.illinois.cs.testrunner.execution.JUnitTestExecutor.execute(JUnitTestExecutor.java:259)
	at edu.illinois.cs.testrunner.execution.JUnitTestExecutor.executeWithJUnit4Runner(JUnitTestExecutor.java:327)
	at edu.illinois.cs.testrunner.execution.JUnitTestExecutor.runOrder(JUnitTestExecutor.java:49)
	at edu.illinois.cs.testrunner.execution.Executor$.$anonfun$run$1(Executor.scala:30)
	at scala.runtime.java8.JFunction0$mcV$sp.apply(JFunction0$mcV$sp.java:12)
	at scala.util.Try$.apply(Try.scala:209)
	at edu.illinois.cs.testrunner.execution.Executor$.run(Executor.scala:28)
	at edu.illinois.cs.testrunner.execution.Executor$.main(Executor.scala:18)
	at edu.illinois.cs.testrunner.execution.Executor.main(Executor.scala)
24/04/26 01:56:13 INFO wasp.WaspTestingUtility: Starting up minicluster with 1 master(s) and 3 fserver(s) 
Starting DataNode 0 with dfs.data.dir: /home/alex/Repositories/wasp/target/test-data/91f9d294-8f7f-4065-8708-b63e92dab4bb/dfscluster_6e108123-7def-46d9-aa00-738be9ad9af3/dfs/data/data1,/home/alex/Repositories/wasp/target/test-data/91f9d294-8f7f-4065-8708-b63e92dab4bb/dfscluster_6e108123-7def-46d9-aa00-738be9ad9af3/dfs/data/data2
24/04/26 01:56:13 ERROR datanode.DataNode: All directories in dfs.data.dir are invalid.
24/04/26 01:56:13 INFO wasp.WaspTestingUtility: Shutting down mini wasp cluster
24/04/26 01:56:13 INFO wasp.WaspTestingUtility: Minicluster is down
java.lang.NullPointerException
	at org.apache.hadoop.hdfs.MiniDFSCluster.startDataNodes(MiniDFSCluster.java:422)
	at org.apache.hadoop.hdfs.MiniDFSCluster.<init>(MiniDFSCluster.java:280)
	at org.apache.hadoop.hbase.HBaseTestingUtility.startMiniDFSCluster(HBaseTestingUtility.java:451)
	at org.apache.hadoop.hbase.HBaseTestingUtility.startMiniCluster(HBaseTestingUtility.java:619)
	at org.apache.hadoop.hbase.HBaseTestingUtility.startMiniCluster(HBaseTestingUtility.java:575)
	at com.alibaba.wasp.WaspTestingUtility.startMiniCluster(WaspTestingUtility.java:172)
	at com.alibaba.wasp.WaspTestingUtility.startMiniCluster(WaspTestingUtility.java:144)
	at com.alibaba.wasp.jdbc.TestJdbcConnectionPool.setUpBeforeClass(TestJdbcConnectionPool.java:54)
	at sun.reflect.NativeMethodAccessorImpl.invoke0(Native Method)
	at sun.reflect.NativeMethodAccessorImpl.invoke(NativeMethodAccessorImpl.java:62)
	at sun.reflect.DelegatingMethodAccessorImpl.invoke(DelegatingMethodAccessorImpl.java:43)
	at java.lang.reflect.Method.invoke(Method.java:498)
	at org.junit.runners.model.FrameworkMethod$1.runReflectiveCall(FrameworkMethod.java:45)
	at org.junit.internal.runners.model.ReflectiveCallable.run(ReflectiveCallable.java:15)
	at org.junit.runners.model.FrameworkMethod.invokeExplosively(FrameworkMethod.java:42)
	at org.junit.internal.runners.statements.RunBefores.evaluate(RunBefores.java:27)
	at org.junit.internal.runners.statements.RunAfters.evaluate(RunAfters.java:30)
	at org.junit.runners.ParentRunner.run(ParentRunner.java:300)
	at org.junit.runners.Suite.runChild(Suite.java:128)
	at org.junit.runners.Suite.runChild(Suite.java:24)
	at org.junit.runners.ParentRunner$3.run(ParentRunner.java:231)
	at org.junit.runners.ParentRunner$1.schedule(ParentRunner.java:60)
	at org.junit.runners.ParentRunner.runChildren(ParentRunner.java:229)
	at org.junit.runners.ParentRunner.access$000(ParentRunner.java:50)
	at org.junit.runners.ParentRunner$2.evaluate(ParentRunner.java:222)
	at org.junit.runners.ParentRunner.run(ParentRunner.java:300)
	at org.junit.runner.JUnitCore.run(JUnitCore.java:157)
	at org.junit.runner.JUnitCore.run(JUnitCore.java:136)
	at edu.illinois.cs.testrunner.execution.JUnitTestExecutor.execute(JUnitTestExecutor.java:259)
	at edu.illinois.cs.testrunner.execution.JUnitTestExecutor.executeWithJUnit4Runner(JUnitTestExecutor.java:327)
	at edu.illinois.cs.testrunner.execution.JUnitTestExecutor.runOrder(JUnitTestExecutor.java:49)
	at edu.illinois.cs.testrunner.execution.Executor$.$anonfun$run$1(Executor.scala:30)
	at scala.runtime.java8.JFunction0$mcV$sp.apply(JFunction0$mcV$sp.java:12)
	at scala.util.Try$.apply(Try.scala:209)
	at edu.illinois.cs.testrunner.execution.Executor$.run(Executor.scala:28)
	at edu.illinois.cs.testrunner.execution.Executor$.main(Executor.scala:18)
	at edu.illinois.cs.testrunner.execution.Executor.main(Executor.scala)
