24/04/26 02:20:41 INFO wasp.WaspTestingUtility: Starting up minicluster with 1 master(s) and 3 fserver(s) 
Starting DataNode 0 with dfs.data.dir: /home/alex/Repositories/wasp/target/test-data/e985dced-5160-4a30-92a1-b7220243e5df/dfscluster_36d4a8e0-8020-47a6-9f04-224d6bc4fd84/dfs/data/data1,/home/alex/Repositories/wasp/target/test-data/e985dced-5160-4a30-92a1-b7220243e5df/dfscluster_36d4a8e0-8020-47a6-9f04-224d6bc4fd84/dfs/data/data2
24/04/26 02:20:42 ERROR datanode.DataNode: All directories in dfs.data.dir are invalid.
24/04/26 02:20:42 INFO wasp.WaspTestingUtility: Shutting down mini wasp cluster
24/04/26 02:20:42 INFO wasp.WaspTestingUtility: Minicluster is down
java.lang.NullPointerException
	at org.apache.hadoop.hdfs.MiniDFSCluster.startDataNodes(MiniDFSCluster.java:422)
	at org.apache.hadoop.hdfs.MiniDFSCluster.<init>(MiniDFSCluster.java:280)
	at org.apache.hadoop.hbase.HBaseTestingUtility.startMiniDFSCluster(HBaseTestingUtility.java:451)
	at org.apache.hadoop.hbase.HBaseTestingUtility.startMiniCluster(HBaseTestingUtility.java:619)
	at org.apache.hadoop.hbase.HBaseTestingUtility.startMiniCluster(HBaseTestingUtility.java:575)
	at com.alibaba.wasp.WaspTestingUtility.startMiniCluster(WaspTestingUtility.java:172)
	at com.alibaba.wasp.WaspTestingUtility.startMiniCluster(WaspTestingUtility.java:144)
	at com.alibaba.wasp.client.TestFromClientSide.setUpBeforeClass(TestFromClientSide.java:83)
	at sun.reflect.NativeMethodAccessorImpl.invoke0(Native Method)
	at sun.reflect.NativeMethodAccessorImpl.invoke(NativeMethodAccessorImpl.java:62)
	at sun.reflect.DelegatingMethodAccessorImpl.invoke(DelegatingMethodAccessorImpl.java:43)
	at java.lang.reflect.Method.invoke(Method.java:498)
	at org.junit.runners.model.FrameworkMethod$1.runReflectiveCall(FrameworkMethod.java:45)
	at org.junit.internal.runners.model.ReflectiveCallable.run(ReflectiveCallable.java:15)
	at org.junit.runners.model.FrameworkMethod.invokeExplosively(FrameworkMethod.java:42)
	at org.junit.internal.runners.statements.RunBefores.evaluate(RunBefores.java:27)
	at org.junit.internal.runners.statements.RunAfters.evaluate(RunAfters.java:30)
	at org.junit.runners.ParentRunner.run(ParentRunner.java:300)
	at org.junit.runners.Suite.runChild(Suite.java:128)
	at org.junit.runners.Suite.runChild(Suite.java:24)
	at org.junit.runners.ParentRunner$3.run(ParentRunner.java:231)
	at org.junit.runners.ParentRunner$1.schedule(ParentRunner.java:60)
	at org.junit.runners.ParentRunner.runChildren(ParentRunner.java:229)
	at org.junit.runners.ParentRunner.access$000(ParentRunner.java:50)
	at org.junit.runners.ParentRunner$2.evaluate(ParentRunner.java:222)
	at org.junit.runners.ParentRunner.run(ParentRunner.java:300)
	at org.junit.runner.JUnitCore.run(JUnitCore.java:157)
	at org.junit.runner.JUnitCore.run(JUnitCore.java:136)
	at edu.illinois.cs.testrunner.execution.JUnitTestExecutor.execute(JUnitTestExecutor.java:259)
	at edu.illinois.cs.testrunner.execution.JUnitTestExecutor.executeWithJUnit4Runner(JUnitTestExecutor.java:327)
	at edu.illinois.cs.testrunner.execution.JUnitTestExecutor.runOrder(JUnitTestExecutor.java:49)
	at edu.illinois.cs.testrunner.execution.Executor$.$anonfun$run$1(Executor.scala:30)
	at scala.runtime.java8.JFunction0$mcV$sp.apply(JFunction0$mcV$sp.java:12)
	at scala.util.Try$.apply(Try.scala:209)
	at edu.illinois.cs.testrunner.execution.Executor$.run(Executor.scala:28)
	at edu.illinois.cs.testrunner.execution.Executor$.main(Executor.scala:18)
	at edu.illinois.cs.testrunner.execution.Executor.main(Executor.scala)
24/04/26 02:20:42 INFO wasp.WaspTestingUtility: Starting up minicluster with 1 master(s) and 3 fserver(s) 
Starting DataNode 0 with dfs.data.dir: /home/alex/Repositories/wasp/target/test-data/702e3053-0bbb-4df8-8873-a6ecf6f22ac1/dfscluster_d8a79da2-620c-4d4a-b43e-435368585ec2/dfs/data/data1,/home/alex/Repositories/wasp/target/test-data/702e3053-0bbb-4df8-8873-a6ecf6f22ac1/dfscluster_d8a79da2-620c-4d4a-b43e-435368585ec2/dfs/data/data2
24/04/26 02:20:42 ERROR datanode.DataNode: All directories in dfs.data.dir are invalid.
java.lang.NullPointerException
	at org.apache.hadoop.hdfs.MiniDFSCluster.startDataNodes(MiniDFSCluster.java:422)
	at org.apache.hadoop.hdfs.MiniDFSCluster.<init>(MiniDFSCluster.java:280)
	at org.apache.hadoop.hbase.HBaseTestingUtility.startMiniDFSCluster(HBaseTestingUtility.java:451)
	at org.apache.hadoop.hbase.HBaseTestingUtility.startMiniCluster(HBaseTestingUtility.java:619)
	at org.apache.hadoop.hbase.HBaseTestingUtility.startMiniCluster(HBaseTestingUtility.java:575)
	at com.alibaba.wasp.WaspTestingUtility.startMiniCluster(WaspTestingUtility.java:172)
	at com.alibaba.wasp.WaspTestingUtility.startMiniCluster(WaspTestingUtility.java:144)
	at com.alibaba.wasp.jdbc.TestJdbcResultSet.setUpBeforeClass(TestJdbcResultSet.java:71)
	at sun.reflect.NativeMethodAccessorImpl.invoke0(Native Method)
	at sun.reflect.NativeMethodAccessorImpl.invoke(NativeMethodAccessorImpl.java:62)
	at sun.reflect.DelegatingMethodAccessorImpl.invoke(DelegatingMethodAccessorImpl.java:43)
	at java.lang.reflect.Method.invoke(Method.java:498)
	at org.junit.runners.model.FrameworkMethod$1.runReflectiveCall(FrameworkMethod.java:45)
	at org.junit.internal.runners.model.ReflectiveCallable.run(ReflectiveCallable.java:15)
	at org.junit.runners.model.FrameworkMethod.invokeExplosively(FrameworkMethod.java:42)
	at org.junit.internal.runners.statements.RunBefores.evaluate(RunBefores.java:27)
	at org.junit.internal.runners.statements.RunAfters.evaluate(RunAfters.java:30)
	at org.junit.runners.ParentRunner.run(ParentRunner.java:300)
	at org.junit.runners.Suite.runChild(Suite.java:128)
	at org.junit.runners.Suite.runChild(Suite.java:24)
	at org.junit.runners.ParentRunner$3.run(ParentRunner.java:231)
	at org.junit.runners.ParentRunner$1.schedule(ParentRunner.java:60)
	at org.junit.runners.ParentRunner.runChildren(ParentRunner.java:229)
	at org.junit.runners.ParentRunner.access$000(ParentRunner.java:50)
	at org.junit.runners.ParentRunner$2.evaluate(ParentRunner.java:222)
	at org.junit.runners.ParentRunner.run(ParentRunner.java:300)
	at org.junit.runner.JUnitCore.run(JUnitCore.java:157)
	at org.junit.runner.JUnitCore.run(JUnitCore.java:136)
	at edu.illinois.cs.testrunner.execution.JUnitTestExecutor.execute(JUnitTestExecutor.java:259)
	at edu.illinois.cs.testrunner.execution.JUnitTestExecutor.executeWithJUnit4Runner(JUnitTestExecutor.java:327)
	at edu.illinois.cs.testrunner.execution.JUnitTestExecutor.runOrder(JUnitTestExecutor.java:49)
	at edu.illinois.cs.testrunner.execution.Executor$.$anonfun$run$1(Executor.scala:30)
	at scala.runtime.java8.JFunction0$mcV$sp.apply(JFunction0$mcV$sp.java:12)
	at scala.util.Try$.apply(Try.scala:209)
	at edu.illinois.cs.testrunner.execution.Executor$.run(Executor.scala:28)
	at edu.illinois.cs.testrunner.execution.Executor$.main(Executor.scala:18)
	at edu.illinois.cs.testrunner.execution.Executor.main(Executor.scala)
java.lang.NullPointerException
	at com.alibaba.wasp.jdbc.TestJdbcResultSet.tearDownAfterClass(TestJdbcResultSet.java:100)
	at sun.reflect.NativeMethodAccessorImpl.invoke0(Native Method)
	at sun.reflect.NativeMethodAccessorImpl.invoke(NativeMethodAccessorImpl.java:62)
	at sun.reflect.DelegatingMethodAccessorImpl.invoke(DelegatingMethodAccessorImpl.java:43)
	at java.lang.reflect.Method.invoke(Method.java:498)
	at org.junit.runners.model.FrameworkMethod$1.runReflectiveCall(FrameworkMethod.java:45)
	at org.junit.internal.runners.model.ReflectiveCallable.run(ReflectiveCallable.java:15)
	at org.junit.runners.model.FrameworkMethod.invokeExplosively(FrameworkMethod.java:42)
	at org.junit.internal.runners.statements.RunAfters.evaluate(RunAfters.java:36)
	at org.junit.runners.ParentRunner.run(ParentRunner.java:300)
	at org.junit.runners.Suite.runChild(Suite.java:128)
	at org.junit.runners.Suite.runChild(Suite.java:24)
	at org.junit.runners.ParentRunner$3.run(ParentRunner.java:231)
	at org.junit.runners.ParentRunner$1.schedule(ParentRunner.java:60)
	at org.junit.runners.ParentRunner.runChildren(ParentRunner.java:229)
	at org.junit.runners.ParentRunner.access$000(ParentRunner.java:50)
	at org.junit.runners.ParentRunner$2.evaluate(ParentRunner.java:222)
	at org.junit.runners.ParentRunner.run(ParentRunner.java:300)
	at org.junit.runner.JUnitCore.run(JUnitCore.java:157)
	at org.junit.runner.JUnitCore.run(JUnitCore.java:136)
	at edu.illinois.cs.testrunner.execution.JUnitTestExecutor.execute(JUnitTestExecutor.java:259)
	at edu.illinois.cs.testrunner.execution.JUnitTestExecutor.executeWithJUnit4Runner(JUnitTestExecutor.java:327)
	at edu.illinois.cs.testrunner.execution.JUnitTestExecutor.runOrder(JUnitTestExecutor.java:49)
	at edu.illinois.cs.testrunner.execution.Executor$.$anonfun$run$1(Executor.scala:30)
	at scala.runtime.java8.JFunction0$mcV$sp.apply(JFunction0$mcV$sp.java:12)
	at scala.util.Try$.apply(Try.scala:209)
	at edu.illinois.cs.testrunner.execution.Executor$.run(Executor.scala:28)
	at edu.illinois.cs.testrunner.execution.Executor$.main(Executor.scala:18)
	at edu.illinois.cs.testrunner.execution.Executor.main(Executor.scala)
24/04/26 02:20:42 INFO wasp.WaspTestingUtility: Starting up minicluster with 1 master(s) and 3 fserver(s) 
Starting DataNode 0 with dfs.data.dir: /home/alex/Repositories/wasp/target/test-data/a525f78f-92fb-4d38-921c-9694c4437e8c/dfscluster_d9a388ac-99ff-4de8-affb-18e6441944ac/dfs/data/data1,/home/alex/Repositories/wasp/target/test-data/a525f78f-92fb-4d38-921c-9694c4437e8c/dfscluster_d9a388ac-99ff-4de8-affb-18e6441944ac/dfs/data/data2
24/04/26 02:20:43 ERROR datanode.DataNode: All directories in dfs.data.dir are invalid.
java.lang.NullPointerException
	at org.apache.hadoop.hdfs.MiniDFSCluster.startDataNodes(MiniDFSCluster.java:422)
	at org.apache.hadoop.hdfs.MiniDFSCluster.<init>(MiniDFSCluster.java:280)
	at org.apache.hadoop.hbase.HBaseTestingUtility.startMiniDFSCluster(HBaseTestingUtility.java:451)
	at org.apache.hadoop.hbase.HBaseTestingUtility.startMiniCluster(HBaseTestingUtility.java:619)
	at org.apache.hadoop.hbase.HBaseTestingUtility.startMiniCluster(HBaseTestingUtility.java:575)
	at com.alibaba.wasp.WaspTestingUtility.startMiniCluster(WaspTestingUtility.java:172)
	at com.alibaba.wasp.WaspTestingUtility.startMiniCluster(WaspTestingUtility.java:144)
	at com.alibaba.wasp.jdbc.TestPreparedStatement.beforeClass(TestPreparedStatement.java:60)
	at sun.reflect.NativeMethodAccessorImpl.invoke0(Native Method)
	at sun.reflect.NativeMethodAccessorImpl.invoke(NativeMethodAccessorImpl.java:62)
	at sun.reflect.DelegatingMethodAccessorImpl.invoke(DelegatingMethodAccessorImpl.java:43)
	at java.lang.reflect.Method.invoke(Method.java:498)
	at org.junit.runners.model.FrameworkMethod$1.runReflectiveCall(FrameworkMethod.java:45)
	at org.junit.internal.runners.model.ReflectiveCallable.run(ReflectiveCallable.java:15)
	at org.junit.runners.model.FrameworkMethod.invokeExplosively(FrameworkMethod.java:42)
	at org.junit.internal.runners.statements.RunBefores.evaluate(RunBefores.java:27)
	at org.junit.internal.runners.statements.RunAfters.evaluate(RunAfters.java:30)
	at org.junit.runners.ParentRunner.run(ParentRunner.java:300)
	at org.junit.runners.Suite.runChild(Suite.java:128)
	at org.junit.runners.Suite.runChild(Suite.java:24)
	at org.junit.runners.ParentRunner$3.run(ParentRunner.java:231)
	at org.junit.runners.ParentRunner$1.schedule(ParentRunner.java:60)
	at org.junit.runners.ParentRunner.runChildren(ParentRunner.java:229)
	at org.junit.runners.ParentRunner.access$000(ParentRunner.java:50)
	at org.junit.runners.ParentRunner$2.evaluate(ParentRunner.java:222)
	at org.junit.runners.ParentRunner.run(ParentRunner.java:300)
	at org.junit.runner.JUnitCore.run(JUnitCore.java:157)
	at org.junit.runner.JUnitCore.run(JUnitCore.java:136)
	at edu.illinois.cs.testrunner.execution.JUnitTestExecutor.execute(JUnitTestExecutor.java:259)
	at edu.illinois.cs.testrunner.execution.JUnitTestExecutor.executeWithJUnit4Runner(JUnitTestExecutor.java:327)
	at edu.illinois.cs.testrunner.execution.JUnitTestExecutor.runOrder(JUnitTestExecutor.java:49)
	at edu.illinois.cs.testrunner.execution.Executor$.$anonfun$run$1(Executor.scala:30)
	at scala.runtime.java8.JFunction0$mcV$sp.apply(JFunction0$mcV$sp.java:12)
	at scala.util.Try$.apply(Try.scala:209)
	at edu.illinois.cs.testrunner.execution.Executor$.run(Executor.scala:28)
	at edu.illinois.cs.testrunner.execution.Executor$.main(Executor.scala:18)
	at edu.illinois.cs.testrunner.execution.Executor.main(Executor.scala)
java.lang.NullPointerException
	at com.alibaba.wasp.jdbc.TestPreparedStatement.afterClass(TestPreparedStatement.java:82)
	at sun.reflect.NativeMethodAccessorImpl.invoke0(Native Method)
	at sun.reflect.NativeMethodAccessorImpl.invoke(NativeMethodAccessorImpl.java:62)
	at sun.reflect.DelegatingMethodAccessorImpl.invoke(DelegatingMethodAccessorImpl.java:43)
	at java.lang.reflect.Method.invoke(Method.java:498)
	at org.junit.runners.model.FrameworkMethod$1.runReflectiveCall(FrameworkMethod.java:45)
	at org.junit.internal.runners.model.ReflectiveCallable.run(ReflectiveCallable.java:15)
	at org.junit.runners.model.FrameworkMethod.invokeExplosively(FrameworkMethod.java:42)
	at org.junit.internal.runners.statements.RunAfters.evaluate(RunAfters.java:36)
	at org.junit.runners.ParentRunner.run(ParentRunner.java:300)
	at org.junit.runners.Suite.runChild(Suite.java:128)
	at org.junit.runners.Suite.runChild(Suite.java:24)
	at org.junit.runners.ParentRunner$3.run(ParentRunner.java:231)
	at org.junit.runners.ParentRunner$1.schedule(ParentRunner.java:60)
	at org.junit.runners.ParentRunner.runChildren(ParentRunner.java:229)
	at org.junit.runners.ParentRunner.access$000(ParentRunner.java:50)
	at org.junit.runners.ParentRunner$2.evaluate(ParentRunner.java:222)
	at org.junit.runners.ParentRunner.run(ParentRunner.java:300)
	at org.junit.runner.JUnitCore.run(JUnitCore.java:157)
	at org.junit.runner.JUnitCore.run(JUnitCore.java:136)
	at edu.illinois.cs.testrunner.execution.JUnitTestExecutor.execute(JUnitTestExecutor.java:259)
	at edu.illinois.cs.testrunner.execution.JUnitTestExecutor.executeWithJUnit4Runner(JUnitTestExecutor.java:327)
	at edu.illinois.cs.testrunner.execution.JUnitTestExecutor.runOrder(JUnitTestExecutor.java:49)
	at edu.illinois.cs.testrunner.execution.Executor$.$anonfun$run$1(Executor.scala:30)
	at scala.runtime.java8.JFunction0$mcV$sp.apply(JFunction0$mcV$sp.java:12)
	at scala.util.Try$.apply(Try.scala:209)
	at edu.illinois.cs.testrunner.execution.Executor$.run(Executor.scala:28)
	at edu.illinois.cs.testrunner.execution.Executor$.main(Executor.scala:18)
	at edu.illinois.cs.testrunner.execution.Executor.main(Executor.scala)
24/04/26 02:20:43 INFO server.NIOServerCnxnFactory: binding to port 0.0.0.0/0.0.0.0:58214
24/04/26 02:20:43 INFO persistence.FileTxnSnapLog: Snapshotting: 0x0 to /home/alex/Repositories/wasp/target/test-data/9ca81ce0-d584-40d9-95c2-7adf7ea8fd65/dfscluster_a0081370-5ce9-4dbc-86ad-e49cec359032/zookeeper_0/version-2/snapshot.0
24/04/26 02:20:43 INFO server.NIOServerCnxnFactory: Accepted socket connection from /127.0.0.1:37256
24/04/26 02:20:43 DEBUG zookeeper.ZKUtil: MockServer,123,-1 opening connection to ZooKeeper with ensemble (localhost:58214)
24/04/26 02:20:43 INFO zookeeper.RecoverableZooKeeper: The identifier of this process is 120489@Lenovo-Bot
24/04/26 02:20:43 INFO server.NIOServerCnxnFactory: Accepted socket connection from /127.0.0.1:37266
24/04/26 02:20:43 INFO persistence.FileTxnLog: Creating new log file: log.1
24/04/26 02:20:43 DEBUG zookeeper.ZooKeeperWatcher: MockServer,123,-1 Received ZooKeeper Event, type=None, state=SyncConnected, path=null
24/04/26 02:20:43 DEBUG zookeeper.ZooKeeperWatcher: MockServer,123,-1-0xff8f17fd8a240000 connected
24/04/26 02:20:43 INFO fserver.EntityGroup: creating EntityGroup TestOpenEntityGroupHandler Table == CREATE TABLE TestOpenEntityGroupHandler { 
  REQUIRED INT32 column1 COLUMNFAMILY d;
  REQUIRED INT64 column2 COLUMNFAMILY d;
  REQUIRED STRING column3 COLUMNFAMILY d;
  OPTIONAL FLOAT column4 COLUMNFAMILY d;
  OPTIONAL DOUBLE column5 COLUMNFAMILY d;
  OPTIONAL DATETIME column6 COLUMNFAMILY d;
  REPEATED PROTOBUF column7 COLUMNFAMILY d;
  OPTIONAL STRING column8 COLUMNFAMILY d;
} 
PRIMARY KEY(column1),
ENTITY GROUP ROOT,
ENTITY GROUP KEY(column1);
 Table name == TestOpenEntityGroupHandler
24/04/26 02:20:43 DEBUG fserver.MetricsEntityGroupSourceImpl: Creating new MetricsEntityGroupSourceImpl for table TestOpenEntityGroupHandler 78cab43bf87f4acc3fc5c9f24247ed4a
24/04/26 02:20:43 DEBUG fserver.EntityGroup: Instantiated TestOpenEntityGroupHandler,\x00\x00\x00\x00,1714094443062.78cab43bf87f4acc3fc5c9f24247ed4a.
24/04/26 02:20:43 ERROR server.NIOServerCnxnFactory: Thread Thread[Thread-75,5,main] died
java.lang.NullPointerException
	at com.alibaba.wasp.fserver.EntityGroup.run(EntityGroup.java:1264)
	at java.lang.Thread.run(Thread.java:750)
24/04/26 02:20:43 DEBUG zookeeper.ZKAssign: MockServer,123,-1-0xff8f17fd8a240000 Attempting to transition node 78cab43bf87f4acc3fc5c9f24247ed4a from M_ZK_ENTITYGROUP_OFFLINE to FSERVER_ZK_ENTITYGROUP_OPENING
24/04/26 02:20:43 DEBUG zookeeper.ZKUtil: MockServer,123,-1-0xff8f17fd8a240000 Unable to get data of znode /wasp/unassigned/78cab43bf87f4acc3fc5c9f24247ed4a because node does not exist (not necessarily an error)
24/04/26 02:20:43 WARN handler.OpenEntityGroupHandler: Failed transition from OFFLINE to OPENING for entityGroup=78cab43bf87f4acc3fc5c9f24247ed4a
24/04/26 02:20:43 WARN handler.OpenEntityGroupHandler: EntityGroup was hijacked? It no longer exists, encodedName=78cab43bf87f4acc3fc5c9f24247ed4a
24/04/26 02:20:43 DEBUG zookeeper.ZKAssign: MockServer,123,-1-0xff8f17fd8a240000 Creating unassigned node for 78cab43bf87f4acc3fc5c9f24247ed4a in OFFLINE state
24/04/26 02:20:43 DEBUG zookeeper.ZKAssign: MockServer,123,-1-0xff8f17fd8a240000 Attempting to transition node 78cab43bf87f4acc3fc5c9f24247ed4a from M_ZK_ENTITYGROUP_OFFLINE to FSERVER_ZK_ENTITYGROUP_OPENING
24/04/26 02:20:43 DEBUG zookeeper.ZKUtil: MockServer,123,-1-0xff8f17fd8a240000 Retrieved 117 byte(s) of data from znode /wasp/unassigned/78cab43bf87f4acc3fc5c9f24247ed4a; data=entityGroup=TestOpenEntityGroupHandler,\x00\x00\x00\x00,1714094443062.78cab43bf87f4acc3fc5c9f24247ed4a., state=M_ZK_ENTITYGROUP_OFFLINE, servername=MockServer,123,-1, createTime=1714094443178, payload.length=0
24/04/26 02:20:43 DEBUG zookeeper.ZooKeeperWatcher: MockServer,123,-1-0xff8f17fd8a240000 Received ZooKeeper Event, type=NodeDataChanged, state=SyncConnected, path=/wasp/unassigned/78cab43bf87f4acc3fc5c9f24247ed4a
24/04/26 02:20:43 DEBUG zookeeper.ZKAssign: MockServer,123,-1-0xff8f17fd8a240000 Successfully transitioned node 78cab43bf87f4acc3fc5c9f24247ed4a from M_ZK_ENTITYGROUP_OFFLINE to FSERVER_ZK_ENTITYGROUP_OPENING
24/04/26 02:20:43 INFO fserver.EntityGroup: EntityGroup.openEntityGroup EntityGroup name ==TestOpenEntityGroupHandler,\x00\x00\x00\x00,1714094443062.78cab43bf87f4acc3fc5c9f24247ed4a.
24/04/26 02:20:43 DEBUG fserver.EntityGroup: Opening EntityGroup: {NAME => 'TestOpenEntityGroupHandler,\x00\x00\x00\x00,1714094443062.78cab43bf87f4acc3fc5c9f24247ed4a.', STARTKEY => '\x00\x00\x00\x00', ENDKEY => '\x00\x00\x00\x01', ENCODED => 78cab43bf87f4acc3fc5c9f24247ed4a,}
24/04/26 02:20:43 DEBUG fserver.MetricsEntityGroupSourceImpl: Creating new MetricsEntityGroupSourceImpl for table TestOpenEntityGroupHandler 78cab43bf87f4acc3fc5c9f24247ed4a
24/04/26 02:20:43 DEBUG fserver.EntityGroup: Instantiated TestOpenEntityGroupHandler,\x00\x00\x00\x00,1714094443062.78cab43bf87f4acc3fc5c9f24247ed4a.
24/04/26 02:20:43 ERROR server.NIOServerCnxnFactory: Thread Thread[Thread-78,5,main] died
java.lang.NullPointerException
	at com.alibaba.wasp.fserver.EntityGroup.run(EntityGroup.java:1264)
	at java.lang.Thread.run(Thread.java:750)
24/04/26 02:20:43 DEBUG zookeeper.ZKAssign: MockServer,123,-1-0xff8f17fd8a240000 Attempting to transition node 78cab43bf87f4acc3fc5c9f24247ed4a from FSERVER_ZK_ENTITYGROUP_OPENING to FSERVER_ZK_ENTITYGROUP_OPENING
24/04/26 02:20:43 DEBUG zookeeper.ZKUtil: MockServer,123,-1-0xff8f17fd8a240000 Unable to get data of znode /wasp/unassigned/78cab43bf87f4acc3fc5c9f24247ed4a because node does not exist (not necessarily an error)
24/04/26 02:20:43 WARN handler.OpenEntityGroupHandler: Failed refreshing OPENING; entityGroup=78cab43bf87f4acc3fc5c9f24247ed4a, context=post_entitygroup_open
24/04/26 02:20:43 DEBUG fserver.EntityGroup: Closing TestOpenEntityGroupHandler,\x00\x00\x00\x00,1714094443062.78cab43bf87f4acc3fc5c9f24247ed4a.
24/04/26 02:20:43 DEBUG fserver.EntityGroup: Updates disabled for entityGroup TestOpenEntityGroupHandler,\x00\x00\x00\x00,1714094443062.78cab43bf87f4acc3fc5c9f24247ed4a.
24/04/26 02:20:43 INFO fserver.EntityGroup: Running commit transaction of TestOpenEntityGroupHandler,\x00\x00\x00\x00,1714094443062.78cab43bf87f4acc3fc5c9f24247ed4a. before close
24/04/26 02:20:43 INFO fserver.EntityGroup: Closed TestOpenEntityGroupHandler,\x00\x00\x00\x00,1714094443062.78cab43bf87f4acc3fc5c9f24247ed4a.
24/04/26 02:20:43 INFO handler.OpenEntityGroupHandler: Opening of entityGroup {NAME => 'TestOpenEntityGroupHandler,\x00\x00\x00\x00,1714094443062.78cab43bf87f4acc3fc5c9f24247ed4a.', STARTKEY => '\x00\x00\x00\x00', ENDKEY => '\x00\x00\x00\x01', ENCODED => 78cab43bf87f4acc3fc5c9f24247ed4a,} failed, marking as FAILED_OPEN in ZK
24/04/26 02:20:43 DEBUG zookeeper.ZKAssign: MockServer,123,-1-0xff8f17fd8a240000 Attempting to transition node 78cab43bf87f4acc3fc5c9f24247ed4a from FSERVER_ZK_ENTITYGROUP_OPENING to FSERVER_ZK_ENTITYGROUP_FAILED_OPEN
24/04/26 02:20:43 DEBUG zookeeper.ZKUtil: MockServer,123,-1-0xff8f17fd8a240000 Unable to get data of znode /wasp/unassigned/78cab43bf87f4acc3fc5c9f24247ed4a because node does not exist (not necessarily an error)
24/04/26 02:20:43 WARN handler.OpenEntityGroupHandler: Unable to mark entityGroup {NAME => 'TestOpenEntityGroupHandler,\x00\x00\x00\x00,1714094443062.78cab43bf87f4acc3fc5c9f24247ed4a.', STARTKEY => '\x00\x00\x00\x00', ENDKEY => '\x00\x00\x00\x01', ENCODED => 78cab43bf87f4acc3fc5c9f24247ed4a,} as FAILED_OPEN. It's likely that the master already timed out this open attempt, and thus another RS already has the entityGroup.
24/04/26 02:20:43 DEBUG fserver.EntityGroup: Closing TestOpenEntityGroupHandler,\x00\x00\x00\x00,1714094443062.78cab43bf87f4acc3fc5c9f24247ed4a.
24/04/26 02:20:43 DEBUG fserver.EntityGroup: Updates disabled for entityGroup TestOpenEntityGroupHandler,\x00\x00\x00\x00,1714094443062.78cab43bf87f4acc3fc5c9f24247ed4a.
24/04/26 02:20:43 INFO fserver.EntityGroup: Running commit transaction of TestOpenEntityGroupHandler,\x00\x00\x00\x00,1714094443062.78cab43bf87f4acc3fc5c9f24247ed4a. before close
24/04/26 02:20:43 INFO fserver.EntityGroup: Closed TestOpenEntityGroupHandler,\x00\x00\x00\x00,1714094443062.78cab43bf87f4acc3fc5c9f24247ed4a.
24/04/26 02:20:43 DEBUG zookeeper.ZKUtil: MockServer,123,-1 opening connection to ZooKeeper with ensemble (localhost:58214)
24/04/26 02:20:43 INFO zookeeper.RecoverableZooKeeper: The identifier of this process is 120489@Lenovo-Bot
24/04/26 02:20:43 INFO server.NIOServerCnxnFactory: Accepted socket connection from /127.0.0.1:37278
24/04/26 02:20:43 DEBUG zookeeper.ZooKeeperWatcher: MockServer,123,-1 Received ZooKeeper Event, type=None, state=SyncConnected, path=null
24/04/26 02:20:43 DEBUG zookeeper.ZooKeeperWatcher: MockServer,123,-1-0xff8f17fd8a240001 connected
24/04/26 02:20:43 DEBUG zookeeper.ZKAssign: MockServer,123,-1-0xff8f17fd8a240001 Creating unassigned node for 20646df0c8809fb0ab21498afb861c15 in OFFLINE state
24/04/26 02:20:43 DEBUG zookeeper.ZKAssign: MockServer,123,-1-0xff8f17fd8a240001 Attempting to transition node 20646df0c8809fb0ab21498afb861c15 from M_ZK_ENTITYGROUP_OFFLINE to FSERVER_ZK_ENTITYGROUP_OPENING
24/04/26 02:20:43 DEBUG zookeeper.ZKUtil: MockServer,123,-1-0xff8f17fd8a240001 Retrieved 117 byte(s) of data from znode /wasp/unassigned/20646df0c8809fb0ab21498afb861c15; data=entityGroup=TestOpenEntityGroupHandler,\x00\x00\x00\x00,1714094443200.20646df0c8809fb0ab21498afb861c15., state=M_ZK_ENTITYGROUP_OFFLINE, servername=MockServer,123,-1, createTime=1714094443206, payload.length=0
24/04/26 02:20:43 DEBUG zookeeper.ZooKeeperWatcher: MockServer,123,-1-0xff8f17fd8a240001 Received ZooKeeper Event, type=NodeDataChanged, state=SyncConnected, path=/wasp/unassigned/20646df0c8809fb0ab21498afb861c15
24/04/26 02:20:43 DEBUG zookeeper.ZKAssign: MockServer,123,-1-0xff8f17fd8a240001 Successfully transitioned node 20646df0c8809fb0ab21498afb861c15 from M_ZK_ENTITYGROUP_OFFLINE to FSERVER_ZK_ENTITYGROUP_OPENING
24/04/26 02:20:43 INFO handler.OpenEntityGroupHandler: Opening of entityGroup {NAME => 'TestOpenEntityGroupHandler,\x00\x00\x00\x00,1714094443200.20646df0c8809fb0ab21498afb861c15.', STARTKEY => '\x00\x00\x00\x00', ENDKEY => '\x00\x00\x00\x01', ENCODED => 20646df0c8809fb0ab21498afb861c15,} failed, marking as FAILED_OPEN in ZK
24/04/26 02:20:43 DEBUG zookeeper.ZKAssign: MockServer,123,-1-0xff8f17fd8a240001 Attempting to transition node 20646df0c8809fb0ab21498afb861c15 from FSERVER_ZK_ENTITYGROUP_OPENING to FSERVER_ZK_ENTITYGROUP_FAILED_OPEN
24/04/26 02:20:43 DEBUG zookeeper.ZKUtil: MockServer,123,-1-0xff8f17fd8a240001 Retrieved 117 byte(s) of data from znode /wasp/unassigned/20646df0c8809fb0ab21498afb861c15; data=entityGroup=TestOpenEntityGroupHandler,\x00\x00\x00\x00,1714094443200.20646df0c8809fb0ab21498afb861c15., state=FSERVER_ZK_ENTITYGROUP_OPENING, servername=MockServer,123,-1, createTime=1714094443209, payload.length=0
24/04/26 02:20:43 DEBUG zookeeper.ZKAssign: MockServer,123,-1-0xff8f17fd8a240001 Successfully transitioned node 20646df0c8809fb0ab21498afb861c15 from FSERVER_ZK_ENTITYGROUP_OPENING to FSERVER_ZK_ENTITYGROUP_FAILED_OPEN
24/04/26 02:20:43 DEBUG zookeeper.ZKUtil: MockServer,123,-1-0xff8f17fd8a240001 Retrieved 117 byte(s) of data from znode /wasp/unassigned/20646df0c8809fb0ab21498afb861c15 and set watcher; entityGroup=TestOpenEntityGroupHandler,\x00\x00\x00\x00,1714094443200.20646df0c8809fb0ab21498afb861c15., state=FSERVER_ZK_ENTITYGROUP_FAILED_OPEN, servername=MockServer,123,-1, createTime=1714094443212, payload.length=0
24/04/26 02:20:43 DEBUG zookeeper.ZKUtil: MockServer,123,-1 opening connection to ZooKeeper with ensemble (localhost:58214)
24/04/26 02:20:43 INFO zookeeper.RecoverableZooKeeper: The identifier of this process is 120489@Lenovo-Bot
24/04/26 02:20:43 INFO server.NIOServerCnxnFactory: Accepted socket connection from /127.0.0.1:37284
24/04/26 02:20:43 DEBUG zookeeper.ZooKeeperWatcher: MockServer,123,-1 Received ZooKeeper Event, type=None, state=SyncConnected, path=null
24/04/26 02:20:43 DEBUG zookeeper.ZooKeeperWatcher: MockServer,123,-1-0xff8f17fd8a240002 connected
24/04/26 02:20:43 DEBUG zookeeper.ZKAssign: MockServer,123,-1-0xff8f17fd8a240002 Creating unassigned node for 319068c835ebf3f7a8c34481c953542e in OFFLINE state
24/04/26 02:20:43 DEBUG zookeeper.ZKAssign: MockServer,123,-1-0xff8f17fd8a240002 Attempting to transition node 319068c835ebf3f7a8c34481c953542e from M_ZK_ENTITYGROUP_OFFLINE to FSERVER_ZK_ENTITYGROUP_OPENING
24/04/26 02:20:43 DEBUG zookeeper.ZKUtil: MockServer,123,-1-0xff8f17fd8a240002 Retrieved 117 byte(s) of data from znode /wasp/unassigned/319068c835ebf3f7a8c34481c953542e; data=entityGroup=TestOpenEntityGroupHandler,\x00\x00\x00\x00,1714094443214.319068c835ebf3f7a8c34481c953542e., state=M_ZK_ENTITYGROUP_OFFLINE, servername=MockServer,123,-1, createTime=1714094443220, payload.length=0
24/04/26 02:20:43 DEBUG zookeeper.ZooKeeperWatcher: MockServer,123,-1-0xff8f17fd8a240002 Received ZooKeeper Event, type=NodeDataChanged, state=SyncConnected, path=/wasp/unassigned/319068c835ebf3f7a8c34481c953542e
24/04/26 02:20:43 DEBUG zookeeper.ZKAssign: MockServer,123,-1-0xff8f17fd8a240002 Successfully transitioned node 319068c835ebf3f7a8c34481c953542e from M_ZK_ENTITYGROUP_OFFLINE to FSERVER_ZK_ENTITYGROUP_OPENING
24/04/26 02:20:43 INFO fserver.EntityGroup: EntityGroup.openEntityGroup EntityGroup name ==TestOpenEntityGroupHandler,\x00\x00\x00\x00,1714094443214.319068c835ebf3f7a8c34481c953542e.
24/04/26 02:20:43 DEBUG fserver.EntityGroup: Opening EntityGroup: {NAME => 'TestOpenEntityGroupHandler,\x00\x00\x00\x00,1714094443214.319068c835ebf3f7a8c34481c953542e.', STARTKEY => '\x00\x00\x00\x00', ENDKEY => '\x00\x00\x00\x01', ENCODED => 319068c835ebf3f7a8c34481c953542e,}
24/04/26 02:20:43 DEBUG fserver.MetricsEntityGroupSourceImpl: Creating new MetricsEntityGroupSourceImpl for table TestOpenEntityGroupHandler 319068c835ebf3f7a8c34481c953542e
24/04/26 02:20:43 DEBUG fserver.EntityGroup: Instantiated TestOpenEntityGroupHandler,\x00\x00\x00\x00,1714094443214.319068c835ebf3f7a8c34481c953542e.
24/04/26 02:20:43 DEBUG zookeeper.ZKAssign: MockServer,123,-1-0xff8f17fd8a240002 Attempting to transition node 319068c835ebf3f7a8c34481c953542e from FSERVER_ZK_ENTITYGROUP_OPENING to FSERVER_ZK_ENTITYGROUP_OPENING
24/04/26 02:20:43 ERROR server.NIOServerCnxnFactory: Thread Thread[Thread-81,5,main] died
java.lang.NullPointerException
	at com.alibaba.wasp.fserver.EntityGroup.run(EntityGroup.java:1264)
	at java.lang.Thread.run(Thread.java:750)
24/04/26 02:20:43 DEBUG zookeeper.ZKUtil: MockServer,123,-1-0xff8f17fd8a240002 Retrieved 117 byte(s) of data from znode /wasp/unassigned/319068c835ebf3f7a8c34481c953542e; data=entityGroup=TestOpenEntityGroupHandler,\x00\x00\x00\x00,1714094443214.319068c835ebf3f7a8c34481c953542e., state=FSERVER_ZK_ENTITYGROUP_OPENING, servername=MockServer,123,-1, createTime=1714094443223, payload.length=0
24/04/26 02:20:43 DEBUG zookeeper.ZKAssign: MockServer,123,-1-0xff8f17fd8a240002 Successfully transitioned node 319068c835ebf3f7a8c34481c953542e from FSERVER_ZK_ENTITYGROUP_OPENING to FSERVER_ZK_ENTITYGROUP_OPENING
24/04/26 02:20:43 DEBUG fserver.EntityGroup: Closing TestOpenEntityGroupHandler,\x00\x00\x00\x00,1714094443214.319068c835ebf3f7a8c34481c953542e.
24/04/26 02:20:43 DEBUG fserver.EntityGroup: Updates disabled for entityGroup TestOpenEntityGroupHandler,\x00\x00\x00\x00,1714094443214.319068c835ebf3f7a8c34481c953542e.
24/04/26 02:20:43 INFO fserver.EntityGroup: Running commit transaction of TestOpenEntityGroupHandler,\x00\x00\x00\x00,1714094443214.319068c835ebf3f7a8c34481c953542e. before close
24/04/26 02:20:43 INFO fserver.EntityGroup: Closed TestOpenEntityGroupHandler,\x00\x00\x00\x00,1714094443214.319068c835ebf3f7a8c34481c953542e.
24/04/26 02:20:43 INFO handler.OpenEntityGroupHandler: Opening of entityGroup {NAME => 'TestOpenEntityGroupHandler,\x00\x00\x00\x00,1714094443214.319068c835ebf3f7a8c34481c953542e.', STARTKEY => '\x00\x00\x00\x00', ENDKEY => '\x00\x00\x00\x01', ENCODED => 319068c835ebf3f7a8c34481c953542e,} failed, marking as FAILED_OPEN in ZK
24/04/26 02:20:43 DEBUG zookeeper.ZKAssign: MockServer,123,-1-0xff8f17fd8a240002 Attempting to transition node 319068c835ebf3f7a8c34481c953542e from FSERVER_ZK_ENTITYGROUP_OPENING to FSERVER_ZK_ENTITYGROUP_FAILED_OPEN
24/04/26 02:20:43 DEBUG zookeeper.ZKUtil: MockServer,123,-1-0xff8f17fd8a240002 Retrieved 117 byte(s) of data from znode /wasp/unassigned/319068c835ebf3f7a8c34481c953542e; data=entityGroup=TestOpenEntityGroupHandler,\x00\x00\x00\x00,1714094443214.319068c835ebf3f7a8c34481c953542e., state=FSERVER_ZK_ENTITYGROUP_OPENING, servername=MockServer,123,-1, createTime=1714094443226, payload.length=0
24/04/26 02:20:43 DEBUG zookeeper.ZKAssign: MockServer,123,-1-0xff8f17fd8a240002 Successfully transitioned node 319068c835ebf3f7a8c34481c953542e from FSERVER_ZK_ENTITYGROUP_OPENING to FSERVER_ZK_ENTITYGROUP_FAILED_OPEN
24/04/26 02:20:43 DEBUG zookeeper.ZKUtil: MockServer,123,-1-0xff8f17fd8a240002 Retrieved 117 byte(s) of data from znode /wasp/unassigned/319068c835ebf3f7a8c34481c953542e and set watcher; entityGroup=TestOpenEntityGroupHandler,\x00\x00\x00\x00,1714094443214.319068c835ebf3f7a8c34481c953542e., state=FSERVER_ZK_ENTITYGROUP_FAILED_OPEN, servername=MockServer,123,-1, createTime=1714094443228, payload.length=0
24/04/26 02:20:43 INFO server.NIOServerCnxnFactory: NIOServerCnxn factory exited run method
24/04/26 02:20:43 INFO server.SessionTrackerImpl: Shutting down
24/04/26 02:20:43 INFO server.SyncRequestProcessor: Shutting down
24/04/26 02:20:43 INFO server.SyncRequestProcessor: SyncRequestProcessor exited!
24/04/26 02:20:43 INFO server.FinalRequestProcessor: shutdown of request processor complete
24/04/26 02:20:43 INFO wasp.WaspTestingUtility: Starting up minicluster with 1 master(s) and 3 fserver(s) 
24/04/26 02:20:43 DEBUG zookeeper.ZooKeeperWatcher: MockServer,123,-1-0xff8f17fd8a240000 Received ZooKeeper Event, type=None, state=Disconnected, path=null
24/04/26 02:20:43 DEBUG zookeeper.ZooKeeperWatcher: MockServer,123,-1-0xff8f17fd8a240001 Received ZooKeeper Event, type=None, state=Disconnected, path=null
24/04/26 02:20:43 DEBUG zookeeper.ZooKeeperWatcher: MockServer,123,-1-0xff8f17fd8a240001 Received Disconnected from ZooKeeper, ignoring
24/04/26 02:20:43 DEBUG zookeeper.ZooKeeperWatcher: MockServer,123,-1-0xff8f17fd8a240002 Received ZooKeeper Event, type=None, state=Disconnected, path=null
24/04/26 02:20:43 DEBUG zookeeper.ZooKeeperWatcher: MockServer,123,-1-0xff8f17fd8a240002 Received Disconnected from ZooKeeper, ignoring
24/04/26 02:20:43 DEBUG zookeeper.ZooKeeperWatcher: MockServer,123,-1-0xff8f17fd8a240000 Received Disconnected from ZooKeeper, ignoring
Starting DataNode 0 with dfs.data.dir: /home/alex/Repositories/wasp/target/test-data/0038b702-d623-41b9-8d89-d841d58fa43f/dfscluster_3a6e6fa8-b0aa-4223-a0c7-b876221eee53/dfs/data/data1,/home/alex/Repositories/wasp/target/test-data/0038b702-d623-41b9-8d89-d841d58fa43f/dfscluster_3a6e6fa8-b0aa-4223-a0c7-b876221eee53/dfs/data/data2
24/04/26 02:20:43 ERROR datanode.DataNode: All directories in dfs.data.dir are invalid.
24/04/26 02:20:43 INFO wasp.WaspTestingUtility: Shutting down mini wasp cluster
24/04/26 02:20:43 INFO wasp.WaspTestingUtility: Minicluster is down
java.lang.NullPointerException
	at org.apache.hadoop.hdfs.MiniDFSCluster.startDataNodes(MiniDFSCluster.java:422)
	at org.apache.hadoop.hdfs.MiniDFSCluster.<init>(MiniDFSCluster.java:280)
	at org.apache.hadoop.hbase.HBaseTestingUtility.startMiniDFSCluster(HBaseTestingUtility.java:451)
	at org.apache.hadoop.hbase.HBaseTestingUtility.startMiniCluster(HBaseTestingUtility.java:619)
	at org.apache.hadoop.hbase.HBaseTestingUtility.startMiniCluster(HBaseTestingUtility.java:575)
	at com.alibaba.wasp.WaspTestingUtility.startMiniCluster(WaspTestingUtility.java:172)
	at com.alibaba.wasp.WaspTestingUtility.startMiniCluster(WaspTestingUtility.java:144)
	at com.alibaba.wasp.messagequeue.TestSubscriber.setUpBeforeClass(TestSubscriber.java:71)
	at sun.reflect.NativeMethodAccessorImpl.invoke0(Native Method)
	at sun.reflect.NativeMethodAccessorImpl.invoke(NativeMethodAccessorImpl.java:62)
	at sun.reflect.DelegatingMethodAccessorImpl.invoke(DelegatingMethodAccessorImpl.java:43)
	at java.lang.reflect.Method.invoke(Method.java:498)
	at org.junit.runners.model.FrameworkMethod$1.runReflectiveCall(FrameworkMethod.java:45)
	at org.junit.internal.runners.model.ReflectiveCallable.run(ReflectiveCallable.java:15)
	at org.junit.runners.model.FrameworkMethod.invokeExplosively(FrameworkMethod.java:42)
	at org.junit.internal.runners.statements.RunBefores.evaluate(RunBefores.java:27)
	at org.junit.internal.runners.statements.RunAfters.evaluate(RunAfters.java:30)
	at org.junit.runners.ParentRunner.run(ParentRunner.java:300)
	at org.junit.runners.Suite.runChild(Suite.java:128)
	at org.junit.runners.Suite.runChild(Suite.java:24)
	at org.junit.runners.ParentRunner$3.run(ParentRunner.java:231)
	at org.junit.runners.ParentRunner$1.schedule(ParentRunner.java:60)
	at org.junit.runners.ParentRunner.runChildren(ParentRunner.java:229)
	at org.junit.runners.ParentRunner.access$000(ParentRunner.java:50)
	at org.junit.runners.ParentRunner$2.evaluate(ParentRunner.java:222)
	at org.junit.runners.ParentRunner.run(ParentRunner.java:300)
	at org.junit.runner.JUnitCore.run(JUnitCore.java:157)
	at org.junit.runner.JUnitCore.run(JUnitCore.java:136)
	at edu.illinois.cs.testrunner.execution.JUnitTestExecutor.execute(JUnitTestExecutor.java:259)
	at edu.illinois.cs.testrunner.execution.JUnitTestExecutor.executeWithJUnit4Runner(JUnitTestExecutor.java:327)
	at edu.illinois.cs.testrunner.execution.JUnitTestExecutor.runOrder(JUnitTestExecutor.java:49)
	at edu.illinois.cs.testrunner.execution.Executor$.$anonfun$run$1(Executor.scala:30)
	at scala.runtime.java8.JFunction0$mcV$sp.apply(JFunction0$mcV$sp.java:12)
	at scala.util.Try$.apply(Try.scala:209)
	at edu.illinois.cs.testrunner.execution.Executor$.run(Executor.scala:28)
	at edu.illinois.cs.testrunner.execution.Executor$.main(Executor.scala:18)
	at edu.illinois.cs.testrunner.execution.Executor.main(Executor.scala)
24/04/26 02:20:43 DEBUG master.TestOpenedEntityGroupHandler: 

TRR: Starting cluster

24/04/26 02:20:43 INFO wasp.WaspTestingUtility: Starting up minicluster with 1 master(s) and 1 fserver(s) 
Starting DataNode 0 with dfs.data.dir: /home/alex/Repositories/wasp/target/test-data/30c583c2-650c-4f3d-a464-ca4e65069403/dfscluster_162ee6c0-4e1b-4bb2-b599-60c0562c9809/dfs/data/data1,/home/alex/Repositories/wasp/target/test-data/30c583c2-650c-4f3d-a464-ca4e65069403/dfscluster_162ee6c0-4e1b-4bb2-b599-60c0562c9809/dfs/data/data2
24/04/26 02:20:43 ERROR datanode.DataNode: All directories in dfs.data.dir are invalid.
24/04/26 02:20:43 INFO wasp.WaspTestingUtility: Shutting down mini wasp cluster
24/04/26 02:20:43 INFO wasp.WaspTestingUtility: Minicluster is down
java.lang.NullPointerException
	at org.apache.hadoop.hdfs.MiniDFSCluster.startDataNodes(MiniDFSCluster.java:422)
	at org.apache.hadoop.hdfs.MiniDFSCluster.<init>(MiniDFSCluster.java:280)
	at org.apache.hadoop.hbase.HBaseTestingUtility.startMiniDFSCluster(HBaseTestingUtility.java:451)
	at org.apache.hadoop.hbase.HBaseTestingUtility.startMiniCluster(HBaseTestingUtility.java:619)
	at org.apache.hadoop.hbase.HBaseTestingUtility.startMiniCluster(HBaseTestingUtility.java:575)
	at com.alibaba.wasp.WaspTestingUtility.startMiniCluster(WaspTestingUtility.java:172)
	at com.alibaba.wasp.master.TestOpenedEntityGroupHandler.testOpenedEntityGroupHandlerOnMasterRestart(TestOpenedEntityGroupHandler.java:93)
	at sun.reflect.NativeMethodAccessorImpl.invoke0(Native Method)
	at sun.reflect.NativeMethodAccessorImpl.invoke(NativeMethodAccessorImpl.java:62)
	at sun.reflect.DelegatingMethodAccessorImpl.invoke(DelegatingMethodAccessorImpl.java:43)
	at java.lang.reflect.Method.invoke(Method.java:498)
	at org.junit.runners.model.FrameworkMethod$1.runReflectiveCall(FrameworkMethod.java:45)
	at org.junit.internal.runners.model.ReflectiveCallable.run(ReflectiveCallable.java:15)
	at org.junit.runners.model.FrameworkMethod.invokeExplosively(FrameworkMethod.java:42)
	at org.junit.internal.runners.statements.InvokeMethod.evaluate(InvokeMethod.java:20)
	at org.junit.internal.runners.statements.RunBefores.evaluate(RunBefores.java:28)
	at org.junit.internal.runners.statements.RunAfters.evaluate(RunAfters.java:30)
	at org.junit.runners.ParentRunner.runLeaf(ParentRunner.java:263)
	at org.junit.runners.BlockJUnit4ClassRunner.runChild(BlockJUnit4ClassRunner.java:68)
	at org.junit.runners.BlockJUnit4ClassRunner.runChild(BlockJUnit4ClassRunner.java:47)
	at org.junit.runners.ParentRunner$3.run(ParentRunner.java:231)
	at org.junit.runners.ParentRunner$1.schedule(ParentRunner.java:60)
	at org.junit.runners.ParentRunner.runChildren(ParentRunner.java:229)
	at org.junit.runners.ParentRunner.access$000(ParentRunner.java:50)
	at org.junit.runners.ParentRunner$2.evaluate(ParentRunner.java:222)
	at org.junit.runners.ParentRunner.run(ParentRunner.java:300)
	at org.junit.runners.Suite.runChild(Suite.java:128)
	at org.junit.runners.Suite.runChild(Suite.java:24)
	at org.junit.runners.ParentRunner$3.run(ParentRunner.java:231)
	at org.junit.runners.ParentRunner$1.schedule(ParentRunner.java:60)
	at org.junit.runners.ParentRunner.runChildren(ParentRunner.java:229)
	at org.junit.runners.ParentRunner.access$000(ParentRunner.java:50)
	at org.junit.runners.ParentRunner$2.evaluate(ParentRunner.java:222)
	at org.junit.runners.ParentRunner.run(ParentRunner.java:300)
	at org.junit.runner.JUnitCore.run(JUnitCore.java:157)
	at org.junit.runner.JUnitCore.run(JUnitCore.java:136)
	at edu.illinois.cs.testrunner.execution.JUnitTestExecutor.execute(JUnitTestExecutor.java:259)
	at edu.illinois.cs.testrunner.execution.JUnitTestExecutor.executeWithJUnit4Runner(JUnitTestExecutor.java:327)
	at edu.illinois.cs.testrunner.execution.JUnitTestExecutor.runOrder(JUnitTestExecutor.java:49)
	at edu.illinois.cs.testrunner.execution.Executor$.$anonfun$run$1(Executor.scala:30)
	at scala.runtime.java8.JFunction0$mcV$sp.apply(JFunction0$mcV$sp.java:12)
	at scala.util.Try$.apply(Try.scala:209)
	at edu.illinois.cs.testrunner.execution.Executor$.run(Executor.scala:28)
	at edu.illinois.cs.testrunner.execution.Executor$.main(Executor.scala:18)
	at edu.illinois.cs.testrunner.execution.Executor.main(Executor.scala)
24/04/26 02:20:43 INFO server.NIOServerCnxnFactory: binding to port 0.0.0.0/0.0.0.0:52970
24/04/26 02:20:43 INFO persistence.FileTxnSnapLog: Snapshotting: 0x0 to /home/alex/Repositories/wasp/target/test-data/5f2e6e5b-4635-4e79-8e6d-fe177fe1f84f/dfscluster_4b6e3df3-2c71-4b5b-bf6c-37e9a5259cde/zookeeper_0/version-2/snapshot.0
24/04/26 02:20:43 INFO server.NIOServerCnxnFactory: Accepted socket connection from /127.0.0.1:59226
24/04/26 02:20:43 DEBUG zookeeper.ZKUtil: MockServer,123,-1 opening connection to ZooKeeper with ensemble (localhost:52970)
24/04/26 02:20:43 INFO zookeeper.RecoverableZooKeeper: The identifier of this process is 120489@Lenovo-Bot
24/04/26 02:20:43 INFO server.NIOServerCnxnFactory: Accepted socket connection from /127.0.0.1:59240
24/04/26 02:20:43 INFO persistence.FileTxnLog: Creating new log file: log.1
24/04/26 02:20:43 DEBUG zookeeper.ZooKeeperWatcher: MockServer,123,-1 Received ZooKeeper Event, type=None, state=SyncConnected, path=null
24/04/26 02:20:43 DEBUG zookeeper.ZooKeeperWatcher: MockServer,123,-1-0xff8f17fd8d720000 connected
24/04/26 02:20:43 INFO fserver.EntityGroup: creating EntityGroup testShouldNotCompeleteOpenedEntityGroupSuccessfullyIfVersionMismatches Table == CREATE TABLE testShouldNotCompeleteOpenedEntityGroupSuccessfullyIfVersionMismatches { 
  REQUIRED INT32 column1 COLUMNFAMILY d;
  REQUIRED INT64 column2 COLUMNFAMILY d;
  REQUIRED STRING column3 COLUMNFAMILY d;
  OPTIONAL FLOAT column4 COLUMNFAMILY d;
  OPTIONAL DOUBLE column5 COLUMNFAMILY d;
  OPTIONAL DATETIME column6 COLUMNFAMILY d;
  REPEATED PROTOBUF column7 COLUMNFAMILY d;
  OPTIONAL STRING column8 COLUMNFAMILY d;
} 
PRIMARY KEY(column1),
ENTITY GROUP ROOT,
ENTITY GROUP KEY(column1);
 Table name == testShouldNotCompeleteOpenedEntityGroupSuccessfullyIfVersionMismatches
24/04/26 02:20:43 DEBUG fserver.EntityGroup: Instantiated testShouldNotCompeleteOpenedEntityGroupSuccessfullyIfVersionMismatches,\x00\x00\x00\x00,1714094443906.93e70e1f453d4036f8e6553ae4e7008c.
24/04/26 02:20:43 ERROR server.NIOServerCnxnFactory: Thread Thread[Thread-131,5,main] died
java.lang.NullPointerException
	at com.alibaba.wasp.fserver.EntityGroup.run(EntityGroup.java:1264)
	at java.lang.Thread.run(Thread.java:750)
24/04/26 02:20:44 INFO server.SessionTrackerImpl: SessionTrackerImpl exited loop!
24/04/26 02:20:44 DEBUG zookeeper.ZKUtil: unittest opening connection to ZooKeeper with ensemble (localhost:52970)
24/04/26 02:20:44 INFO zookeeper.RecoverableZooKeeper: The identifier of this process is 120489@Lenovo-Bot
24/04/26 02:20:44 DEBUG zookeeper.ZKAssign: unittest Creating unassigned node for 93e70e1f453d4036f8e6553ae4e7008c in OFFLINE state
24/04/26 02:20:44 INFO server.NIOServerCnxnFactory: Accepted socket connection from /127.0.0.1:59248
24/04/26 02:20:44 DEBUG zookeeper.ZooKeeperWatcher: unittest Received ZooKeeper Event, type=None, state=SyncConnected, path=null
24/04/26 02:20:44 DEBUG zookeeper.ZooKeeperWatcher: unittest-0xff8f17fd8d720001 connected
24/04/26 02:20:44 DEBUG zookeeper.ZKAssign: unittest-0xff8f17fd8d720001 Attempting to transition node 93e70e1f453d4036f8e6553ae4e7008c from M_ZK_ENTITYGROUP_OFFLINE to FSERVER_ZK_ENTITYGROUP_OPENING
24/04/26 02:20:44 DEBUG zookeeper.ZKUtil: unittest-0xff8f17fd8d720001 Retrieved 161 byte(s) of data from znode /wasp/unassigned/93e70e1f453d4036f8e6553ae4e7008c; data=entityGroup=testShouldNotCompeleteOpenedEntityGroupSuccessfullyIfVersionMismatches,\x00\x00\x00\x00,1714094443906.93e70e1f453d4036f8e6553ae4e7008c., state=M_ZK_ENTITYGROUP_OFFLINE, servername=MockServer,123,-1, createTime=1714094444003, payload.length=0
24/04/26 02:20:44 DEBUG zookeeper.ZooKeeperWatcher: unittest-0xff8f17fd8d720001 Received ZooKeeper Event, type=NodeDataChanged, state=SyncConnected, path=/wasp/unassigned/93e70e1f453d4036f8e6553ae4e7008c
24/04/26 02:20:44 DEBUG zookeeper.ZKAssign: unittest-0xff8f17fd8d720001 Successfully transitioned node 93e70e1f453d4036f8e6553ae4e7008c from M_ZK_ENTITYGROUP_OFFLINE to FSERVER_ZK_ENTITYGROUP_OPENING
24/04/26 02:20:44 DEBUG zookeeper.ZKAssign: unittest-0xff8f17fd8d720001 Attempting to transition node 93e70e1f453d4036f8e6553ae4e7008c from FSERVER_ZK_ENTITYGROUP_OPENING to FSERVER_ZK_ENTITYGROUP_OPENED
24/04/26 02:20:44 DEBUG zookeeper.ZKUtil: unittest-0xff8f17fd8d720001 Retrieved 161 byte(s) of data from znode /wasp/unassigned/93e70e1f453d4036f8e6553ae4e7008c; data=entityGroup=testShouldNotCompeleteOpenedEntityGroupSuccessfullyIfVersionMismatches,\x00\x00\x00\x00,1714094443906.93e70e1f453d4036f8e6553ae4e7008c., state=FSERVER_ZK_ENTITYGROUP_OPENING, servername=MockServer,123,-1, createTime=1714094444007, payload.length=0
24/04/26 02:20:44 DEBUG zookeeper.ZKAssign: unittest-0xff8f17fd8d720001 Successfully transitioned node 93e70e1f453d4036f8e6553ae4e7008c from FSERVER_ZK_ENTITYGROUP_OPENING to FSERVER_ZK_ENTITYGROUP_OPENED
24/04/26 02:20:44 DEBUG zookeeper.ZKUtil: unittest-0xff8f17fd8d720001 Retrieved 161 byte(s) of data from znode /wasp/unassigned/93e70e1f453d4036f8e6553ae4e7008c and set watcher; entityGroup=testShouldNotCompeleteOpenedEntityGroupSuccessfullyIfVersionMismatches,\x00\x00\x00\x00,1714094443906.93e70e1f453d4036f8e6553ae4e7008c., state=FSERVER_ZK_ENTITYGROUP_OPENED, servername=MockServer,123,-1, createTime=1714094444010, payload.length=0
24/04/26 02:20:44 DEBUG zookeeper.ZKAssign: unittest-0xff8f17fd8d720001 Attempting to transition node 93e70e1f453d4036f8e6553ae4e7008c from FSERVER_ZK_ENTITYGROUP_OPENED to FSERVER_ZK_ENTITYGROUP_OPENED
24/04/26 02:20:44 DEBUG zookeeper.ZKUtil: unittest-0xff8f17fd8d720001 Retrieved 161 byte(s) of data from znode /wasp/unassigned/93e70e1f453d4036f8e6553ae4e7008c; data=entityGroup=testShouldNotCompeleteOpenedEntityGroupSuccessfullyIfVersionMismatches,\x00\x00\x00\x00,1714094443906.93e70e1f453d4036f8e6553ae4e7008c., state=FSERVER_ZK_ENTITYGROUP_OPENED, servername=MockServer,123,-1, createTime=1714094444010, payload.length=0
24/04/26 02:20:44 DEBUG zookeeper.ZooKeeperWatcher: unittest-0xff8f17fd8d720001 Received ZooKeeper Event, type=NodeDataChanged, state=SyncConnected, path=/wasp/unassigned/93e70e1f453d4036f8e6553ae4e7008c
24/04/26 02:20:44 DEBUG zookeeper.ZKAssign: unittest-0xff8f17fd8d720001 Successfully transitioned node 93e70e1f453d4036f8e6553ae4e7008c from FSERVER_ZK_ENTITYGROUP_OPENED to FSERVER_ZK_ENTITYGROUP_OPENED
24/04/26 02:20:44 WARN handler.OpenedEntityGroupHandler: Skipping the onlining of testShouldNotCompeleteOpenedEntityGroupSuccessfullyIfVersionMismatches,\x00\x00\x00\x00,1714094443906.93e70e1f453d4036f8e6553ae4e7008c. because entityGroups is NOT in EGIT -- presuming this is because it SPLIT
24/04/26 02:20:44 DEBUG fserver.EntityGroup: Closing testShouldNotCompeleteOpenedEntityGroupSuccessfullyIfVersionMismatches,\x00\x00\x00\x00,1714094443906.93e70e1f453d4036f8e6553ae4e7008c.
24/04/26 02:20:44 DEBUG fserver.EntityGroup: Updates disabled for entityGroup testShouldNotCompeleteOpenedEntityGroupSuccessfullyIfVersionMismatches,\x00\x00\x00\x00,1714094443906.93e70e1f453d4036f8e6553ae4e7008c.
24/04/26 02:20:44 INFO fserver.EntityGroup: Running commit transaction of testShouldNotCompeleteOpenedEntityGroupSuccessfullyIfVersionMismatches,\x00\x00\x00\x00,1714094443906.93e70e1f453d4036f8e6553ae4e7008c. before close
24/04/26 02:20:44 INFO fserver.EntityGroup: Closed testShouldNotCompeleteOpenedEntityGroupSuccessfullyIfVersionMismatches,\x00\x00\x00\x00,1714094443906.93e70e1f453d4036f8e6553ae4e7008c.
24/04/26 02:20:44 INFO server.NIOServerCnxnFactory: NIOServerCnxn factory exited run method
24/04/26 02:20:44 INFO server.SessionTrackerImpl: Shutting down
24/04/26 02:20:44 INFO server.SyncRequestProcessor: Shutting down
24/04/26 02:20:44 INFO server.SyncRequestProcessor: SyncRequestProcessor exited!
24/04/26 02:20:44 INFO server.FinalRequestProcessor: shutdown of request processor complete
24/04/26 02:20:44 INFO wasp.WaspTestingUtility: Shutting down mini wasp cluster
24/04/26 02:20:44 INFO wasp.WaspTestingUtility: Minicluster is down
24/04/26 02:20:44 DEBUG fserver.MetricsEntityGroupSourceImpl: Creating new MetricsEntityGroupSourceImpl for table MetricsEntityGroupWrapperStub DEADBEEF001
24/04/26 02:20:44 INFO wasp.WaspTestingUtility: Starting up minicluster with 1 master(s) and 3 fserver(s) 
24/04/26 02:20:44 DEBUG zookeeper.ZooKeeperWatcher: unittest-0xff8f17fd8d720001 Received ZooKeeper Event, type=None, state=Disconnected, path=null
24/04/26 02:20:44 DEBUG zookeeper.ZooKeeperWatcher: unittest-0xff8f17fd8d720001 Received Disconnected from ZooKeeper, ignoring
24/04/26 02:20:44 DEBUG zookeeper.ZooKeeperWatcher: MockServer,123,-1-0xff8f17fd8d720000 Received ZooKeeper Event, type=None, state=Disconnected, path=null
24/04/26 02:20:44 DEBUG zookeeper.ZooKeeperWatcher: MockServer,123,-1-0xff8f17fd8d720000 Received Disconnected from ZooKeeper, ignoring
Starting DataNode 0 with dfs.data.dir: /home/alex/Repositories/wasp/target/test-data/dac434c4-35fd-46fb-9caf-03b76d057938/dfscluster_53f8bbd2-d763-45c0-9851-2d809fb3bf00/dfs/data/data1,/home/alex/Repositories/wasp/target/test-data/dac434c4-35fd-46fb-9caf-03b76d057938/dfscluster_53f8bbd2-d763-45c0-9851-2d809fb3bf00/dfs/data/data2
24/04/26 02:20:44 ERROR datanode.DataNode: All directories in dfs.data.dir are invalid.
24/04/26 02:20:44 INFO wasp.WaspTestingUtility: Shutting down mini wasp cluster
24/04/26 02:20:44 INFO wasp.WaspTestingUtility: Minicluster is down
java.lang.NullPointerException
	at org.apache.hadoop.hdfs.MiniDFSCluster.startDataNodes(MiniDFSCluster.java:422)
	at org.apache.hadoop.hdfs.MiniDFSCluster.<init>(MiniDFSCluster.java:280)
	at org.apache.hadoop.hbase.HBaseTestingUtility.startMiniDFSCluster(HBaseTestingUtility.java:451)
	at org.apache.hadoop.hbase.HBaseTestingUtility.startMiniCluster(HBaseTestingUtility.java:619)
	at org.apache.hadoop.hbase.HBaseTestingUtility.startMiniCluster(HBaseTestingUtility.java:575)
	at com.alibaba.wasp.WaspTestingUtility.startMiniCluster(WaspTestingUtility.java:172)
	at com.alibaba.wasp.WaspTestingUtility.startMiniCluster(WaspTestingUtility.java:144)
	at com.alibaba.wasp.jdbc.TestJdbcResultFormatter.setUpBeforeClass(TestJdbcResultFormatter.java:51)
	at sun.reflect.NativeMethodAccessorImpl.invoke0(Native Method)
	at sun.reflect.NativeMethodAccessorImpl.invoke(NativeMethodAccessorImpl.java:62)
	at sun.reflect.DelegatingMethodAccessorImpl.invoke(DelegatingMethodAccessorImpl.java:43)
	at java.lang.reflect.Method.invoke(Method.java:498)
	at org.junit.runners.model.FrameworkMethod$1.runReflectiveCall(FrameworkMethod.java:45)
	at org.junit.internal.runners.model.ReflectiveCallable.run(ReflectiveCallable.java:15)
	at org.junit.runners.model.FrameworkMethod.invokeExplosively(FrameworkMethod.java:42)
	at org.junit.internal.runners.statements.RunBefores.evaluate(RunBefores.java:27)
	at org.junit.internal.runners.statements.RunAfters.evaluate(RunAfters.java:30)
	at org.junit.runners.ParentRunner.run(ParentRunner.java:300)
	at org.junit.runners.Suite.runChild(Suite.java:128)
	at org.junit.runners.Suite.runChild(Suite.java:24)
	at org.junit.runners.ParentRunner$3.run(ParentRunner.java:231)
	at org.junit.runners.ParentRunner$1.schedule(ParentRunner.java:60)
	at org.junit.runners.ParentRunner.runChildren(ParentRunner.java:229)
	at org.junit.runners.ParentRunner.access$000(ParentRunner.java:50)
	at org.junit.runners.ParentRunner$2.evaluate(ParentRunner.java:222)
	at org.junit.runners.ParentRunner.run(ParentRunner.java:300)
	at org.junit.runner.JUnitCore.run(JUnitCore.java:157)
	at org.junit.runner.JUnitCore.run(JUnitCore.java:136)
	at edu.illinois.cs.testrunner.execution.JUnitTestExecutor.execute(JUnitTestExecutor.java:259)
	at edu.illinois.cs.testrunner.execution.JUnitTestExecutor.executeWithJUnit4Runner(JUnitTestExecutor.java:327)
	at edu.illinois.cs.testrunner.execution.JUnitTestExecutor.runOrder(JUnitTestExecutor.java:49)
	at edu.illinois.cs.testrunner.execution.Executor$.$anonfun$run$1(Executor.scala:30)
	at scala.runtime.java8.JFunction0$mcV$sp.apply(JFunction0$mcV$sp.java:12)
	at scala.util.Try$.apply(Try.scala:209)
	at edu.illinois.cs.testrunner.execution.Executor$.run(Executor.scala:28)
	at edu.illinois.cs.testrunner.execution.Executor$.main(Executor.scala:18)
	at edu.illinois.cs.testrunner.execution.Executor.main(Executor.scala)
java.lang.NullPointerException
	at com.alibaba.wasp.jdbc.TestJdbcResultFormatter.tearDownAfterClass(TestJdbcResultFormatter.java:71)
	at sun.reflect.NativeMethodAccessorImpl.invoke0(Native Method)
	at sun.reflect.NativeMethodAccessorImpl.invoke(NativeMethodAccessorImpl.java:62)
	at sun.reflect.DelegatingMethodAccessorImpl.invoke(DelegatingMethodAccessorImpl.java:43)
	at java.lang.reflect.Method.invoke(Method.java:498)
	at org.junit.runners.model.FrameworkMethod$1.runReflectiveCall(FrameworkMethod.java:45)
	at org.junit.internal.runners.model.ReflectiveCallable.run(ReflectiveCallable.java:15)
	at org.junit.runners.model.FrameworkMethod.invokeExplosively(FrameworkMethod.java:42)
	at org.junit.internal.runners.statements.RunAfters.evaluate(RunAfters.java:36)
	at org.junit.runners.ParentRunner.run(ParentRunner.java:300)
	at org.junit.runners.Suite.runChild(Suite.java:128)
	at org.junit.runners.Suite.runChild(Suite.java:24)
	at org.junit.runners.ParentRunner$3.run(ParentRunner.java:231)
	at org.junit.runners.ParentRunner$1.schedule(ParentRunner.java:60)
	at org.junit.runners.ParentRunner.runChildren(ParentRunner.java:229)
	at org.junit.runners.ParentRunner.access$000(ParentRunner.java:50)
	at org.junit.runners.ParentRunner$2.evaluate(ParentRunner.java:222)
	at org.junit.runners.ParentRunner.run(ParentRunner.java:300)
	at org.junit.runner.JUnitCore.run(JUnitCore.java:157)
	at org.junit.runner.JUnitCore.run(JUnitCore.java:136)
	at edu.illinois.cs.testrunner.execution.JUnitTestExecutor.execute(JUnitTestExecutor.java:259)
	at edu.illinois.cs.testrunner.execution.JUnitTestExecutor.executeWithJUnit4Runner(JUnitTestExecutor.java:327)
	at edu.illinois.cs.testrunner.execution.JUnitTestExecutor.runOrder(JUnitTestExecutor.java:49)
	at edu.illinois.cs.testrunner.execution.Executor$.$anonfun$run$1(Executor.scala:30)
	at scala.runtime.java8.JFunction0$mcV$sp.apply(JFunction0$mcV$sp.java:12)
	at scala.util.Try$.apply(Try.scala:209)
	at edu.illinois.cs.testrunner.execution.Executor$.run(Executor.scala:28)
	at edu.illinois.cs.testrunner.execution.Executor$.main(Executor.scala:18)
	at edu.illinois.cs.testrunner.execution.Executor.main(Executor.scala)
24/04/26 02:20:44 DEBUG druid.DruidParser: Parsing SQL CREATE TABLE User { Required Int64 user_id; Required String name; Optional DOUBLE value; }  primary key(user_id),  entity group root, entity group key(user_id);
24/04/26 02:20:44 DEBUG druid.DruidDDLParser: CreateTablePlan CreateTablePlan [table=CREATE TABLE User { 
  REQUIRED INT64 user_id COLUMNFAMILY d;
  REQUIRED STRING name COLUMNFAMILY d;
  OPTIONAL DOUBLE value COLUMNFAMILY d;
} 
PRIMARY KEY(user_id),
ENTITY GROUP ROOT,
ENTITY GROUP KEY(user_id);
, splitKeys=null]
24/04/26 02:20:44 DEBUG druid.DruidParser: Parsing SQL CREATE TABLE Photo { Required Int64 user_id columnfamily cf comment 'aaa';  Required Int32 photo_id comment 'child primary key';  Optional Int64 time; Optional String full_url;  Optional String thumbnail_url; Optional string tag; Optional DATETIME date; Optional Int32 int32Type; }  primary key(user_id,photo_id),  in table User,  Entity Group Key(user_id) references User; 
24/04/26 02:20:44 DEBUG druid.DruidDDLParser: CreateTablePlan CreateTablePlan [table=CREATE TABLE Photo { 
  REQUIRED INT64 user_id COLUMNFAMILY cf;
  REQUIRED INT32 photo_id COLUMNFAMILY d;
  OPTIONAL INT64 time COLUMNFAMILY d;
  OPTIONAL STRING full_url COLUMNFAMILY d;
  OPTIONAL STRING thumbnail_url COLUMNFAMILY d;
CREATE TABLE User { 
  REQUIRED INT64 user_id COLUMNFAMILY d;
  REQUIRED STRING name COLUMNFAMILY d;
} 
PRIMARY KEY(user_id),
ENTITY GROUP ROOT,
ENTITY GROUP KEY(user_id);



  OPTIONAL STRING tag COLUMNFAMILY d;
  OPTIONAL DATETIME date COLUMNFAMILY d;
  OPTIONAL INT32 int32Type COLUMNFAMILY d;
} 
PRIMARY KEY(user_id, photo_id, ),
 IN TABLE User,
 ENTITY GROUP KEY(user_id) REFERENCES User;
, splitKeys=null]
CREATE TABLE Photo { 
  REQUIRED INT64 user_id COLUMNFAMILY d;
  REQUIRED INT32 photo_id COLUMNFAMILY d;
  REQUIRED INT64 time COLUMNFAMILY d;
  REQUIRED STRING full_url COLUMNFAMILY d;
  OPTIONAL STRING thumbnail_url COLUMNFAMILY d;
  REPEATED STRING tag COLUMNFAMILY d;
} 
PRIMARY KEY(user_id, photo_id, ),
 IN TABLE User,
 ENTITY GROUP KEY(user_id) REFERENCES User;

24/04/26 02:20:44 DEBUG druid.DruidParser: Parsing SQL CREATE TABLE User { Required Int64 user_id; Required String name; Optional DOUBLE value; }  primary key(user_id),  entity group root, entity group key(user_id);
24/04/26 02:20:44 DEBUG druid.DruidDDLParser: CreateTablePlan CreateTablePlan [table=CREATE TABLE User { 
  REQUIRED INT64 user_id COLUMNFAMILY d;
  REQUIRED STRING name COLUMNFAMILY d;
  OPTIONAL DOUBLE value COLUMNFAMILY d;
} 
PRIMARY KEY(user_id),
ENTITY GROUP ROOT,
ENTITY GROUP KEY(user_id);
, splitKeys=null]
24/04/26 02:20:44 DEBUG druid.DruidParser: Parsing SQL CREATE TABLE Photo { Required Int64 user_id columnfamily cf comment 'aaa';  Required Int32 photo_id comment 'child primary key';  Optional Int64 time; Optional String full_url;  Optional String thumbnail_url; Optional string tag; Optional DATETIME date; Optional Int32 int32Type; }  primary key(user_id,photo_id),  in table User,  Entity Group Key(user_id) references User; 
24/04/26 02:20:44 DEBUG druid.DruidDDLParser: CreateTablePlan CreateTablePlan [table=CREATE TABLE Photo { 
  REQUIRED INT64 user_id COLUMNFAMILY cf;
  REQUIRED INT32 photo_id COLUMNFAMILY d;
  OPTIONAL INT64 time COLUMNFAMILY d;
  OPTIONAL STRING full_url COLUMNFAMILY d;
  OPTIONAL STRING thumbnail_url COLUMNFAMILY d;
  OPTIONAL STRING tag COLUMNFAMILY d;
  OPTIONAL DATETIME date COLUMNFAMILY d;
  OPTIONAL INT32 int32Type COLUMNFAMILY d;
} 
PRIMARY KEY(user_id, photo_id, ),
 IN TABLE User,
 ENTITY GROUP KEY(user_id) REFERENCES User;
, splitKeys=null]
24/04/26 02:20:44 DEBUG druid.DruidParser: Parsing SQL DELETE FROM User1 WHERE user_id = 123;
24/04/26 02:20:44 DEBUG druid.DruidDMLParser: UPDATE SQL From clause User1
24/04/26 02:20:44 ERROR druid.DruidParserTestUtil: execute
com.alibaba.wasp.TableNotFoundException: User1 not exists!
	at com.alibaba.wasp.plan.parser.druid.FMetaEventOperation.checkAndGetTable(FMetaEventOperation.java:79)
	at com.alibaba.wasp.plan.parser.druid.DruidDMLParser.getDeletePlan(DruidDMLParser.java:200)
	at com.alibaba.wasp.plan.parser.druid.DruidDMLParser.generatePlan(DruidDMLParser.java:108)
	at com.alibaba.wasp.plan.parser.druid.DruidParserTestUtil.execute(DruidParserTestUtil.java:104)
	at com.alibaba.wasp.plan.parser.druid.TestDruidDMLFailParser.getDeleteFailedPlan(TestDruidDMLFailParser.java:142)
	at sun.reflect.NativeMethodAccessorImpl.invoke0(Native Method)
	at sun.reflect.NativeMethodAccessorImpl.invoke(NativeMethodAccessorImpl.java:62)
	at sun.reflect.DelegatingMethodAccessorImpl.invoke(DelegatingMethodAccessorImpl.java:43)
	at java.lang.reflect.Method.invoke(Method.java:498)
	at org.junit.runners.model.FrameworkMethod$1.runReflectiveCall(FrameworkMethod.java:45)
	at org.junit.internal.runners.model.ReflectiveCallable.run(ReflectiveCallable.java:15)
	at org.junit.runners.model.FrameworkMethod.invokeExplosively(FrameworkMethod.java:42)
	at org.junit.internal.runners.statements.InvokeMethod.evaluate(InvokeMethod.java:20)
	at org.junit.internal.runners.statements.RunBefores.evaluate(RunBefores.java:28)
	at org.junit.internal.runners.statements.RunAfters.evaluate(RunAfters.java:30)
	at org.junit.runners.ParentRunner.runLeaf(ParentRunner.java:263)
	at org.junit.runners.BlockJUnit4ClassRunner.runChild(BlockJUnit4ClassRunner.java:68)
	at org.junit.runners.BlockJUnit4ClassRunner.runChild(BlockJUnit4ClassRunner.java:47)
	at org.junit.runners.ParentRunner$3.run(ParentRunner.java:231)
	at org.junit.runners.ParentRunner$1.schedule(ParentRunner.java:60)
	at org.junit.runners.ParentRunner.runChildren(ParentRunner.java:229)
	at org.junit.runners.ParentRunner.access$000(ParentRunner.java:50)
	at org.junit.runners.ParentRunner$2.evaluate(ParentRunner.java:222)
	at org.junit.internal.runners.statements.RunBefores.evaluate(RunBefores.java:28)
	at org.junit.internal.runners.statements.RunAfters.evaluate(RunAfters.java:30)
	at org.junit.runners.ParentRunner.run(ParentRunner.java:300)
	at org.junit.runners.Suite.runChild(Suite.java:128)
	at org.junit.runners.Suite.runChild(Suite.java:24)
	at org.junit.runners.ParentRunner$3.run(ParentRunner.java:231)
	at org.junit.runners.ParentRunner$1.schedule(ParentRunner.java:60)
	at org.junit.runners.ParentRunner.runChildren(ParentRunner.java:229)
	at org.junit.runners.ParentRunner.access$000(ParentRunner.java:50)
	at org.junit.runners.ParentRunner$2.evaluate(ParentRunner.java:222)
	at org.junit.runners.ParentRunner.run(ParentRunner.java:300)
	at org.junit.runner.JUnitCore.run(JUnitCore.java:157)
	at org.junit.runner.JUnitCore.run(JUnitCore.java:136)
	at edu.illinois.cs.testrunner.execution.JUnitTestExecutor.execute(JUnitTestExecutor.java:259)
	at edu.illinois.cs.testrunner.execution.JUnitTestExecutor.executeWithJUnit4Runner(JUnitTestExecutor.java:327)
	at edu.illinois.cs.testrunner.execution.JUnitTestExecutor.runOrder(JUnitTestExecutor.java:49)
	at edu.illinois.cs.testrunner.execution.Executor$.$anonfun$run$1(Executor.scala:30)
	at scala.runtime.java8.JFunction0$mcV$sp.apply(JFunction0$mcV$sp.java:12)
	at scala.util.Try$.apply(Try.scala:209)
	at edu.illinois.cs.testrunner.execution.Executor$.run(Executor.scala:28)
	at edu.illinois.cs.testrunner.execution.Executor$.main(Executor.scala:18)
	at edu.illinois.cs.testrunner.execution.Executor.main(Executor.scala)
24/04/26 02:20:44 DEBUG druid.DruidParser: Parsing SQL DELETE FROM User WHERE user_id2 = 123;
24/04/26 02:20:44 DEBUG druid.DruidDMLParser: UPDATE SQL From clause User
24/04/26 02:20:44 DEBUG druid.DruidDMLParser: UPDATE SQL where user_id2 = 123
24/04/26 02:20:44 ERROR druid.DruidParserTestUtil: execute
com.alibaba.wasp.plan.parser.UnsupportedException: User does not have column 'user_id2'!
	at com.alibaba.wasp.plan.parser.druid.FMetaEventOperation.checkAndGetFields(FMetaEventOperation.java:114)
	at com.alibaba.wasp.plan.parser.druid.DruidDMLParser.getDeletePlan(DruidDMLParser.java:213)
	at com.alibaba.wasp.plan.parser.druid.DruidDMLParser.generatePlan(DruidDMLParser.java:108)
	at com.alibaba.wasp.plan.parser.druid.DruidParserTestUtil.execute(DruidParserTestUtil.java:104)
	at com.alibaba.wasp.plan.parser.druid.TestDruidDMLFailParser.getDeleteFailedPlan(TestDruidDMLFailParser.java:142)
	at sun.reflect.NativeMethodAccessorImpl.invoke0(Native Method)
	at sun.reflect.NativeMethodAccessorImpl.invoke(NativeMethodAccessorImpl.java:62)
	at sun.reflect.DelegatingMethodAccessorImpl.invoke(DelegatingMethodAccessorImpl.java:43)
	at java.lang.reflect.Method.invoke(Method.java:498)
	at org.junit.runners.model.FrameworkMethod$1.runReflectiveCall(FrameworkMethod.java:45)
	at org.junit.internal.runners.model.ReflectiveCallable.run(ReflectiveCallable.java:15)
	at org.junit.runners.model.FrameworkMethod.invokeExplosively(FrameworkMethod.java:42)
	at org.junit.internal.runners.statements.InvokeMethod.evaluate(InvokeMethod.java:20)
	at org.junit.internal.runners.statements.RunBefores.evaluate(RunBefores.java:28)
	at org.junit.internal.runners.statements.RunAfters.evaluate(RunAfters.java:30)
	at org.junit.runners.ParentRunner.runLeaf(ParentRunner.java:263)
	at org.junit.runners.BlockJUnit4ClassRunner.runChild(BlockJUnit4ClassRunner.java:68)
	at org.junit.runners.BlockJUnit4ClassRunner.runChild(BlockJUnit4ClassRunner.java:47)
	at org.junit.runners.ParentRunner$3.run(ParentRunner.java:231)
	at org.junit.runners.ParentRunner$1.schedule(ParentRunner.java:60)
	at org.junit.runners.ParentRunner.runChildren(ParentRunner.java:229)
	at org.junit.runners.ParentRunner.access$000(ParentRunner.java:50)
	at org.junit.runners.ParentRunner$2.evaluate(ParentRunner.java:222)
	at org.junit.internal.runners.statements.RunBefores.evaluate(RunBefores.java:28)
	at org.junit.internal.runners.statements.RunAfters.evaluate(RunAfters.java:30)
	at org.junit.runners.ParentRunner.run(ParentRunner.java:300)
	at org.junit.runners.Suite.runChild(Suite.java:128)
	at org.junit.runners.Suite.runChild(Suite.java:24)
	at org.junit.runners.ParentRunner$3.run(ParentRunner.java:231)
	at org.junit.runners.ParentRunner$1.schedule(ParentRunner.java:60)
	at org.junit.runners.ParentRunner.runChildren(ParentRunner.java:229)
	at org.junit.runners.ParentRunner.access$000(ParentRunner.java:50)
	at org.junit.runners.ParentRunner$2.evaluate(ParentRunner.java:222)
	at org.junit.runners.ParentRunner.run(ParentRunner.java:300)
	at org.junit.runner.JUnitCore.run(JUnitCore.java:157)
	at org.junit.runner.JUnitCore.run(JUnitCore.java:136)
	at edu.illinois.cs.testrunner.execution.JUnitTestExecutor.execute(JUnitTestExecutor.java:259)
	at edu.illinois.cs.testrunner.execution.JUnitTestExecutor.executeWithJUnit4Runner(JUnitTestExecutor.java:327)
	at edu.illinois.cs.testrunner.execution.JUnitTestExecutor.runOrder(JUnitTestExecutor.java:49)
	at edu.illinois.cs.testrunner.execution.Executor$.$anonfun$run$1(Executor.scala:30)
	at scala.runtime.java8.JFunction0$mcV$sp.apply(JFunction0$mcV$sp.java:12)
	at scala.util.Try$.apply(Try.scala:209)
	at edu.illinois.cs.testrunner.execution.Executor$.run(Executor.scala:28)
	at edu.illinois.cs.testrunner.execution.Executor$.main(Executor.scala:18)
	at edu.illinois.cs.testrunner.execution.Executor.main(Executor.scala)
24/04/26 02:20:44 DEBUG druid.DruidParser: Parsing SQL DELETE FROM Photo WHERE photo_id = 123;
24/04/26 02:20:44 DEBUG druid.DruidDMLParser: UPDATE SQL From clause Photo
24/04/26 02:20:44 DEBUG druid.DruidDMLParser: UPDATE SQL where photo_id = 123
24/04/26 02:20:44 ERROR druid.DruidParserTestUtil: execute
com.alibaba.wasp.NotMatchPrimaryKeyException: Not match primary key.
	at com.alibaba.wasp.plan.parser.druid.DruidDMLParser.getDeletePlan(DruidDMLParser.java:218)
	at com.alibaba.wasp.plan.parser.druid.DruidDMLParser.generatePlan(DruidDMLParser.java:108)
	at com.alibaba.wasp.plan.parser.druid.DruidParserTestUtil.execute(DruidParserTestUtil.java:104)
	at com.alibaba.wasp.plan.parser.druid.TestDruidDMLFailParser.getDeleteFailedPlan(TestDruidDMLFailParser.java:142)
	at sun.reflect.NativeMethodAccessorImpl.invoke0(Native Method)
	at sun.reflect.NativeMethodAccessorImpl.invoke(NativeMethodAccessorImpl.java:62)
	at sun.reflect.DelegatingMethodAccessorImpl.invoke(DelegatingMethodAccessorImpl.java:43)
	at java.lang.reflect.Method.invoke(Method.java:498)
	at org.junit.runners.model.FrameworkMethod$1.runReflectiveCall(FrameworkMethod.java:45)
	at org.junit.internal.runners.model.ReflectiveCallable.run(ReflectiveCallable.java:15)
	at org.junit.runners.model.FrameworkMethod.invokeExplosively(FrameworkMethod.java:42)
	at org.junit.internal.runners.statements.InvokeMethod.evaluate(InvokeMethod.java:20)
	at org.junit.internal.runners.statements.RunBefores.evaluate(RunBefores.java:28)
	at org.junit.internal.runners.statements.RunAfters.evaluate(RunAfters.java:30)
	at org.junit.runners.ParentRunner.runLeaf(ParentRunner.java:263)
	at org.junit.runners.BlockJUnit4ClassRunner.runChild(BlockJUnit4ClassRunner.java:68)
	at org.junit.runners.BlockJUnit4ClassRunner.runChild(BlockJUnit4ClassRunner.java:47)
	at org.junit.runners.ParentRunner$3.run(ParentRunner.java:231)
	at org.junit.runners.ParentRunner$1.schedule(ParentRunner.java:60)
	at org.junit.runners.ParentRunner.runChildren(ParentRunner.java:229)
	at org.junit.runners.ParentRunner.access$000(ParentRunner.java:50)
	at org.junit.runners.ParentRunner$2.evaluate(ParentRunner.java:222)
	at org.junit.internal.runners.statements.RunBefores.evaluate(RunBefores.java:28)
	at org.junit.internal.runners.statements.RunAfters.evaluate(RunAfters.java:30)
	at org.junit.runners.ParentRunner.run(ParentRunner.java:300)
	at org.junit.runners.Suite.runChild(Suite.java:128)
	at org.junit.runners.Suite.runChild(Suite.java:24)
	at org.junit.runners.ParentRunner$3.run(ParentRunner.java:231)
	at org.junit.runners.ParentRunner$1.schedule(ParentRunner.java:60)
	at org.junit.runners.ParentRunner.runChildren(ParentRunner.java:229)
	at org.junit.runners.ParentRunner.access$000(ParentRunner.java:50)
	at org.junit.runners.ParentRunner$2.evaluate(ParentRunner.java:222)
	at org.junit.runners.ParentRunner.run(ParentRunner.java:300)
	at org.junit.runner.JUnitCore.run(JUnitCore.java:157)
	at org.junit.runner.JUnitCore.run(JUnitCore.java:136)
	at edu.illinois.cs.testrunner.execution.JUnitTestExecutor.execute(JUnitTestExecutor.java:259)
	at edu.illinois.cs.testrunner.execution.JUnitTestExecutor.executeWithJUnit4Runner(JUnitTestExecutor.java:327)
	at edu.illinois.cs.testrunner.execution.JUnitTestExecutor.runOrder(JUnitTestExecutor.java:49)
	at edu.illinois.cs.testrunner.execution.Executor$.$anonfun$run$1(Executor.scala:30)
	at scala.runtime.java8.JFunction0$mcV$sp.apply(JFunction0$mcV$sp.java:12)
	at scala.util.Try$.apply(Try.scala:209)
	at edu.illinois.cs.testrunner.execution.Executor$.run(Executor.scala:28)
	at edu.illinois.cs.testrunner.execution.Executor$.main(Executor.scala:18)
	at edu.illinois.cs.testrunner.execution.Executor.main(Executor.scala)
24/04/26 02:20:44 DEBUG druid.DruidParser: Parsing SQL DELETE FROM User WHERE user_id >= 123;
24/04/26 02:20:44 DEBUG druid.DruidDMLParser: UPDATE SQL From clause User
24/04/26 02:20:44 DEBUG druid.DruidDMLParser: UPDATE SQL where user_id >= 123
24/04/26 02:20:44 ERROR druid.DruidParserTestUtil: execute
com.alibaba.wasp.plan.parser.UnsupportedException: RANGE is not supported!
	at com.alibaba.wasp.plan.parser.druid.DruidDMLParser.getDeletePlan(DruidDMLParser.java:209)
	at com.alibaba.wasp.plan.parser.druid.DruidDMLParser.generatePlan(DruidDMLParser.java:108)
	at com.alibaba.wasp.plan.parser.druid.DruidParserTestUtil.execute(DruidParserTestUtil.java:104)
	at com.alibaba.wasp.plan.parser.druid.TestDruidDMLFailParser.getDeleteFailedPlan(TestDruidDMLFailParser.java:142)
	at sun.reflect.NativeMethodAccessorImpl.invoke0(Native Method)
	at sun.reflect.NativeMethodAccessorImpl.invoke(NativeMethodAccessorImpl.java:62)
	at sun.reflect.DelegatingMethodAccessorImpl.invoke(DelegatingMethodAccessorImpl.java:43)
	at java.lang.reflect.Method.invoke(Method.java:498)
	at org.junit.runners.model.FrameworkMethod$1.runReflectiveCall(FrameworkMethod.java:45)
	at org.junit.internal.runners.model.ReflectiveCallable.run(ReflectiveCallable.java:15)
	at org.junit.runners.model.FrameworkMethod.invokeExplosively(FrameworkMethod.java:42)
	at org.junit.internal.runners.statements.InvokeMethod.evaluate(InvokeMethod.java:20)
	at org.junit.internal.runners.statements.RunBefores.evaluate(RunBefores.java:28)
	at org.junit.internal.runners.statements.RunAfters.evaluate(RunAfters.java:30)
	at org.junit.runners.ParentRunner.runLeaf(ParentRunner.java:263)
	at org.junit.runners.BlockJUnit4ClassRunner.runChild(BlockJUnit4ClassRunner.java:68)
	at org.junit.runners.BlockJUnit4ClassRunner.runChild(BlockJUnit4ClassRunner.java:47)
	at org.junit.runners.ParentRunner$3.run(ParentRunner.java:231)
	at org.junit.runners.ParentRunner$1.schedule(ParentRunner.java:60)
	at org.junit.runners.ParentRunner.runChildren(ParentRunner.java:229)
	at org.junit.runners.ParentRunner.access$000(ParentRunner.java:50)
	at org.junit.runners.ParentRunner$2.evaluate(ParentRunner.java:222)
	at org.junit.internal.runners.statements.RunBefores.evaluate(RunBefores.java:28)
	at org.junit.internal.runners.statements.RunAfters.evaluate(RunAfters.java:30)
	at org.junit.runners.ParentRunner.run(ParentRunner.java:300)
	at org.junit.runners.Suite.runChild(Suite.java:128)
	at org.junit.runners.Suite.runChild(Suite.java:24)
	at org.junit.runners.ParentRunner$3.run(ParentRunner.java:231)
	at org.junit.runners.ParentRunner$1.schedule(ParentRunner.java:60)
	at org.junit.runners.ParentRunner.runChildren(ParentRunner.java:229)
	at org.junit.runners.ParentRunner.access$000(ParentRunner.java:50)
	at org.junit.runners.ParentRunner$2.evaluate(ParentRunner.java:222)
	at org.junit.runners.ParentRunner.run(ParentRunner.java:300)
	at org.junit.runner.JUnitCore.run(JUnitCore.java:157)
	at org.junit.runner.JUnitCore.run(JUnitCore.java:136)
	at edu.illinois.cs.testrunner.execution.JUnitTestExecutor.execute(JUnitTestExecutor.java:259)
	at edu.illinois.cs.testrunner.execution.JUnitTestExecutor.executeWithJUnit4Runner(JUnitTestExecutor.java:327)
	at edu.illinois.cs.testrunner.execution.JUnitTestExecutor.runOrder(JUnitTestExecutor.java:49)
	at edu.illinois.cs.testrunner.execution.Executor$.$anonfun$run$1(Executor.scala:30)
	at scala.runtime.java8.JFunction0$mcV$sp.apply(JFunction0$mcV$sp.java:12)
	at scala.util.Try$.apply(Try.scala:209)
	at edu.illinois.cs.testrunner.execution.Executor$.run(Executor.scala:28)
	at edu.illinois.cs.testrunner.execution.Executor$.main(Executor.scala:18)
	at edu.illinois.cs.testrunner.execution.Executor.main(Executor.scala)
24/04/26 02:20:44 DEBUG druid.DruidParser: Parsing SQL CREATE TABLE User { Required Int64 user_id; Required String name; Optional DOUBLE value; }  primary key(user_id),  entity group root, entity group key(user_id);
24/04/26 02:20:44 DEBUG druid.DruidDDLParser: CreateTablePlan CreateTablePlan [table=CREATE TABLE User { 
  REQUIRED INT64 user_id COLUMNFAMILY d;
  REQUIRED STRING name COLUMNFAMILY d;
  OPTIONAL DOUBLE value COLUMNFAMILY d;
} 
PRIMARY KEY(user_id),
ENTITY GROUP ROOT,
ENTITY GROUP KEY(user_id);
, splitKeys=null]
24/04/26 02:20:44 DEBUG druid.DruidParser: Parsing SQL CREATE TABLE Photo { Required Int64 user_id columnfamily cf comment 'aaa';  Required Int32 photo_id comment 'child primary key';  Optional Int64 time; Optional String full_url;  Optional String thumbnail_url; Optional string tag; Optional DATETIME date; Optional Int32 int32Type; }  primary key(user_id,photo_id),  in table User,  Entity Group Key(user_id) references User; 
24/04/26 02:20:44 DEBUG druid.DruidDDLParser: CreateTablePlan CreateTablePlan [table=CREATE TABLE Photo { 
  REQUIRED INT64 user_id COLUMNFAMILY cf;
  REQUIRED INT32 photo_id COLUMNFAMILY d;
  OPTIONAL INT64 time COLUMNFAMILY d;
  OPTIONAL STRING full_url COLUMNFAMILY d;
  OPTIONAL STRING thumbnail_url COLUMNFAMILY d;
  OPTIONAL STRING tag COLUMNFAMILY d;
  OPTIONAL DATETIME date COLUMNFAMILY d;
  OPTIONAL INT32 int32Type COLUMNFAMILY d;
} 
PRIMARY KEY(user_id, photo_id, ),
 IN TABLE User,
 ENTITY GROUP KEY(user_id) REFERENCES User;
, splitKeys=null]
24/04/26 02:20:44 DEBUG druid.DruidParser: Parsing SQL UPDATE User1 SET name = 'Mike' WHERE user_id = 123;
24/04/26 02:20:44 DEBUG druid.DruidDMLParser: UPDATE SQL From clause User1
24/04/26 02:20:44 ERROR druid.DruidParserTestUtil: execute
com.alibaba.wasp.TableNotFoundException: User1 not exists!
	at com.alibaba.wasp.plan.parser.druid.FMetaEventOperation.checkAndGetTable(FMetaEventOperation.java:79)
	at com.alibaba.wasp.plan.parser.druid.DruidDMLParser.getUpdatePlan(DruidDMLParser.java:253)
	at com.alibaba.wasp.plan.parser.druid.DruidDMLParser.generatePlan(DruidDMLParser.java:102)
	at com.alibaba.wasp.plan.parser.druid.DruidParserTestUtil.execute(DruidParserTestUtil.java:104)
	at com.alibaba.wasp.plan.parser.druid.TestDruidDMLFailParser.getUpdateFailedPlan(TestDruidDMLFailParser.java:124)
	at sun.reflect.NativeMethodAccessorImpl.invoke0(Native Method)
	at sun.reflect.NativeMethodAccessorImpl.invoke(NativeMethodAccessorImpl.java:62)
	at sun.reflect.DelegatingMethodAccessorImpl.invoke(DelegatingMethodAccessorImpl.java:43)
	at java.lang.reflect.Method.invoke(Method.java:498)
	at org.junit.runners.model.FrameworkMethod$1.runReflectiveCall(FrameworkMethod.java:45)
	at org.junit.internal.runners.model.ReflectiveCallable.run(ReflectiveCallable.java:15)
	at org.junit.runners.model.FrameworkMethod.invokeExplosively(FrameworkMethod.java:42)
	at org.junit.internal.runners.statements.InvokeMethod.evaluate(InvokeMethod.java:20)
	at org.junit.internal.runners.statements.RunBefores.evaluate(RunBefores.java:28)
	at org.junit.internal.runners.statements.RunAfters.evaluate(RunAfters.java:30)
	at org.junit.runners.ParentRunner.runLeaf(ParentRunner.java:263)
	at org.junit.runners.BlockJUnit4ClassRunner.runChild(BlockJUnit4ClassRunner.java:68)
	at org.junit.runners.BlockJUnit4ClassRunner.runChild(BlockJUnit4ClassRunner.java:47)
	at org.junit.runners.ParentRunner$3.run(ParentRunner.java:231)
	at org.junit.runners.ParentRunner$1.schedule(ParentRunner.java:60)
	at org.junit.runners.ParentRunner.runChildren(ParentRunner.java:229)
	at org.junit.runners.ParentRunner.access$000(ParentRunner.java:50)
	at org.junit.runners.ParentRunner$2.evaluate(ParentRunner.java:222)
	at org.junit.internal.runners.statements.RunBefores.evaluate(RunBefores.java:28)
	at org.junit.internal.runners.statements.RunAfters.evaluate(RunAfters.java:30)
	at org.junit.runners.ParentRunner.run(ParentRunner.java:300)
	at org.junit.runners.Suite.runChild(Suite.java:128)
	at org.junit.runners.Suite.runChild(Suite.java:24)
	at org.junit.runners.ParentRunner$3.run(ParentRunner.java:231)
	at org.junit.runners.ParentRunner$1.schedule(ParentRunner.java:60)
	at org.junit.runners.ParentRunner.runChildren(ParentRunner.java:229)
	at org.junit.runners.ParentRunner.access$000(ParentRunner.java:50)
	at org.junit.runners.ParentRunner$2.evaluate(ParentRunner.java:222)
	at org.junit.runners.ParentRunner.run(ParentRunner.java:300)
	at org.junit.runner.JUnitCore.run(JUnitCore.java:157)
	at org.junit.runner.JUnitCore.run(JUnitCore.java:136)
	at edu.illinois.cs.testrunner.execution.JUnitTestExecutor.execute(JUnitTestExecutor.java:259)
	at edu.illinois.cs.testrunner.execution.JUnitTestExecutor.executeWithJUnit4Runner(JUnitTestExecutor.java:327)
	at edu.illinois.cs.testrunner.execution.JUnitTestExecutor.runOrder(JUnitTestExecutor.java:49)
	at edu.illinois.cs.testrunner.execution.Executor$.$anonfun$run$1(Executor.scala:30)
	at scala.runtime.java8.JFunction0$mcV$sp.apply(JFunction0$mcV$sp.java:12)
	at scala.util.Try$.apply(Try.scala:209)
	at edu.illinois.cs.testrunner.execution.Executor$.run(Executor.scala:28)
	at edu.illinois.cs.testrunner.execution.Executor$.main(Executor.scala:18)
	at edu.illinois.cs.testrunner.execution.Executor.main(Executor.scala)
24/04/26 02:20:44 DEBUG druid.DruidParser: Parsing SQL UPDATE User SET name2 = 'Mike' WHERE user_id = 123;
24/04/26 02:20:44 DEBUG druid.DruidDMLParser: UPDATE SQL From clause User
24/04/26 02:20:44 DEBUG druid.DruidDMLParser: UPDATE SQL where user_id = 123
24/04/26 02:20:44 ERROR druid.DruidParserTestUtil: execute
java.lang.NullPointerException
	at com.alibaba.wasp.plan.parser.druid.DruidParser.checkType(DruidParser.java:238)
	at com.alibaba.wasp.plan.parser.druid.DruidDMLParser.getUpdatePlan(DruidDMLParser.java:290)
	at com.alibaba.wasp.plan.parser.druid.DruidDMLParser.generatePlan(DruidDMLParser.java:102)
	at com.alibaba.wasp.plan.parser.druid.DruidParserTestUtil.execute(DruidParserTestUtil.java:104)
	at com.alibaba.wasp.plan.parser.druid.TestDruidDMLFailParser.getUpdateFailedPlan(TestDruidDMLFailParser.java:124)
	at sun.reflect.NativeMethodAccessorImpl.invoke0(Native Method)
	at sun.reflect.NativeMethodAccessorImpl.invoke(NativeMethodAccessorImpl.java:62)
	at sun.reflect.DelegatingMethodAccessorImpl.invoke(DelegatingMethodAccessorImpl.java:43)
	at java.lang.reflect.Method.invoke(Method.java:498)
	at org.junit.runners.model.FrameworkMethod$1.runReflectiveCall(FrameworkMethod.java:45)
	at org.junit.internal.runners.model.ReflectiveCallable.run(ReflectiveCallable.java:15)
	at org.junit.runners.model.FrameworkMethod.invokeExplosively(FrameworkMethod.java:42)
	at org.junit.internal.runners.statements.InvokeMethod.evaluate(InvokeMethod.java:20)
	at org.junit.internal.runners.statements.RunBefores.evaluate(RunBefores.java:28)
	at org.junit.internal.runners.statements.RunAfters.evaluate(RunAfters.java:30)
	at org.junit.runners.ParentRunner.runLeaf(ParentRunner.java:263)
	at org.junit.runners.BlockJUnit4ClassRunner.runChild(BlockJUnit4ClassRunner.java:68)
	at org.junit.runners.BlockJUnit4ClassRunner.runChild(BlockJUnit4ClassRunner.java:47)
	at org.junit.runners.ParentRunner$3.run(ParentRunner.java:231)
	at org.junit.runners.ParentRunner$1.schedule(ParentRunner.java:60)
	at org.junit.runners.ParentRunner.runChildren(ParentRunner.java:229)
	at org.junit.runners.ParentRunner.access$000(ParentRunner.java:50)
	at org.junit.runners.ParentRunner$2.evaluate(ParentRunner.java:222)
	at org.junit.internal.runners.statements.RunBefores.evaluate(RunBefores.java:28)
	at org.junit.internal.runners.statements.RunAfters.evaluate(RunAfters.java:30)
	at org.junit.runners.ParentRunner.run(ParentRunner.java:300)
	at org.junit.runners.Suite.runChild(Suite.java:128)
	at org.junit.runners.Suite.runChild(Suite.java:24)
	at org.junit.runners.ParentRunner$3.run(ParentRunner.java:231)
	at org.junit.runners.ParentRunner$1.schedule(ParentRunner.java:60)
	at org.junit.runners.ParentRunner.runChildren(ParentRunner.java:229)
	at org.junit.runners.ParentRunner.access$000(ParentRunner.java:50)
	at org.junit.runners.ParentRunner$2.evaluate(ParentRunner.java:222)
	at org.junit.runners.ParentRunner.run(ParentRunner.java:300)
	at org.junit.runner.JUnitCore.run(JUnitCore.java:157)
	at org.junit.runner.JUnitCore.run(JUnitCore.java:136)
	at edu.illinois.cs.testrunner.execution.JUnitTestExecutor.execute(JUnitTestExecutor.java:259)
	at edu.illinois.cs.testrunner.execution.JUnitTestExecutor.executeWithJUnit4Runner(JUnitTestExecutor.java:327)
	at edu.illinois.cs.testrunner.execution.JUnitTestExecutor.runOrder(JUnitTestExecutor.java:49)
	at edu.illinois.cs.testrunner.execution.Executor$.$anonfun$run$1(Executor.scala:30)
	at scala.runtime.java8.JFunction0$mcV$sp.apply(JFunction0$mcV$sp.java:12)
	at scala.util.Try$.apply(Try.scala:209)
	at edu.illinois.cs.testrunner.execution.Executor$.run(Executor.scala:28)
	at edu.illinois.cs.testrunner.execution.Executor$.main(Executor.scala:18)
	at edu.illinois.cs.testrunner.execution.Executor.main(Executor.scala)
24/04/26 02:20:44 DEBUG druid.DruidParser: Parsing SQL UPDATE Photo SET time=2000 WHERE photo_id = 123
24/04/26 02:20:44 DEBUG druid.DruidDMLParser: UPDATE SQL From clause Photo
24/04/26 02:20:44 DEBUG druid.DruidDMLParser: UPDATE SQL where photo_id = 123
24/04/26 02:20:44 ERROR druid.DruidParserTestUtil: execute
com.alibaba.wasp.plan.parser.UnsupportedException: [photo_id] is not Primary Key !
	at com.alibaba.wasp.plan.parser.druid.FMetaEventOperation.checkIsPrimaryKey(FMetaEventOperation.java:152)
	at com.alibaba.wasp.plan.parser.druid.DruidDMLParser.getUpdatePlan(DruidDMLParser.java:271)
	at com.alibaba.wasp.plan.parser.druid.DruidDMLParser.generatePlan(DruidDMLParser.java:102)
	at com.alibaba.wasp.plan.parser.druid.DruidParserTestUtil.execute(DruidParserTestUtil.java:104)
	at com.alibaba.wasp.plan.parser.druid.TestDruidDMLFailParser.getUpdateFailedPlan(TestDruidDMLFailParser.java:124)
	at sun.reflect.NativeMethodAccessorImpl.invoke0(Native Method)
	at sun.reflect.NativeMethodAccessorImpl.invoke(NativeMethodAccessorImpl.java:62)
	at sun.reflect.DelegatingMethodAccessorImpl.invoke(DelegatingMethodAccessorImpl.java:43)
	at java.lang.reflect.Method.invoke(Method.java:498)
	at org.junit.runners.model.FrameworkMethod$1.runReflectiveCall(FrameworkMethod.java:45)
	at org.junit.internal.runners.model.ReflectiveCallable.run(ReflectiveCallable.java:15)
	at org.junit.runners.model.FrameworkMethod.invokeExplosively(FrameworkMethod.java:42)
	at org.junit.internal.runners.statements.InvokeMethod.evaluate(InvokeMethod.java:20)
	at org.junit.internal.runners.statements.RunBefores.evaluate(RunBefores.java:28)
	at org.junit.internal.runners.statements.RunAfters.evaluate(RunAfters.java:30)
	at org.junit.runners.ParentRunner.runLeaf(ParentRunner.java:263)
	at org.junit.runners.BlockJUnit4ClassRunner.runChild(BlockJUnit4ClassRunner.java:68)
	at org.junit.runners.BlockJUnit4ClassRunner.runChild(BlockJUnit4ClassRunner.java:47)
	at org.junit.runners.ParentRunner$3.run(ParentRunner.java:231)
	at org.junit.runners.ParentRunner$1.schedule(ParentRunner.java:60)
	at org.junit.runners.ParentRunner.runChildren(ParentRunner.java:229)
	at org.junit.runners.ParentRunner.access$000(ParentRunner.java:50)
	at org.junit.runners.ParentRunner$2.evaluate(ParentRunner.java:222)
	at org.junit.internal.runners.statements.RunBefores.evaluate(RunBefores.java:28)
	at org.junit.internal.runners.statements.RunAfters.evaluate(RunAfters.java:30)
	at org.junit.runners.ParentRunner.run(ParentRunner.java:300)
	at org.junit.runners.Suite.runChild(Suite.java:128)
	at org.junit.runners.Suite.runChild(Suite.java:24)
	at org.junit.runners.ParentRunner$3.run(ParentRunner.java:231)
	at org.junit.runners.ParentRunner$1.schedule(ParentRunner.java:60)
	at org.junit.runners.ParentRunner.runChildren(ParentRunner.java:229)
	at org.junit.runners.ParentRunner.access$000(ParentRunner.java:50)
	at org.junit.runners.ParentRunner$2.evaluate(ParentRunner.java:222)
	at org.junit.runners.ParentRunner.run(ParentRunner.java:300)
	at org.junit.runner.JUnitCore.run(JUnitCore.java:157)
	at org.junit.runner.JUnitCore.run(JUnitCore.java:136)
	at edu.illinois.cs.testrunner.execution.JUnitTestExecutor.execute(JUnitTestExecutor.java:259)
	at edu.illinois.cs.testrunner.execution.JUnitTestExecutor.executeWithJUnit4Runner(JUnitTestExecutor.java:327)
	at edu.illinois.cs.testrunner.execution.JUnitTestExecutor.runOrder(JUnitTestExecutor.java:49)
	at edu.illinois.cs.testrunner.execution.Executor$.$anonfun$run$1(Executor.scala:30)
	at scala.runtime.java8.JFunction0$mcV$sp.apply(JFunction0$mcV$sp.java:12)
	at scala.util.Try$.apply(Try.scala:209)
	at edu.illinois.cs.testrunner.execution.Executor$.run(Executor.scala:28)
	at edu.illinois.cs.testrunner.execution.Executor$.main(Executor.scala:18)
	at edu.illinois.cs.testrunner.execution.Executor.main(Executor.scala)
24/04/26 02:20:44 DEBUG druid.DruidParser: Parsing SQL UPDATE User SET name = 'Mike' WHERE user_id22 = 123;
24/04/26 02:20:44 DEBUG druid.DruidDMLParser: UPDATE SQL From clause User
24/04/26 02:20:44 DEBUG druid.DruidDMLParser: UPDATE SQL where user_id22 = 123
24/04/26 02:20:44 ERROR druid.DruidParserTestUtil: execute
com.alibaba.wasp.plan.parser.UnsupportedException: User does not have column 'user_id22'!
	at com.alibaba.wasp.plan.parser.druid.FMetaEventOperation.checkAndGetFields(FMetaEventOperation.java:114)
	at com.alibaba.wasp.plan.parser.druid.DruidDMLParser.getUpdatePlan(DruidDMLParser.java:269)
	at com.alibaba.wasp.plan.parser.druid.DruidDMLParser.generatePlan(DruidDMLParser.java:102)
	at com.alibaba.wasp.plan.parser.druid.DruidParserTestUtil.execute(DruidParserTestUtil.java:104)
	at com.alibaba.wasp.plan.parser.druid.TestDruidDMLFailParser.getUpdateFailedPlan(TestDruidDMLFailParser.java:124)
	at sun.reflect.NativeMethodAccessorImpl.invoke0(Native Method)
	at sun.reflect.NativeMethodAccessorImpl.invoke(NativeMethodAccessorImpl.java:62)
	at sun.reflect.DelegatingMethodAccessorImpl.invoke(DelegatingMethodAccessorImpl.java:43)
	at java.lang.reflect.Method.invoke(Method.java:498)
	at org.junit.runners.model.FrameworkMethod$1.runReflectiveCall(FrameworkMethod.java:45)
	at org.junit.internal.runners.model.ReflectiveCallable.run(ReflectiveCallable.java:15)
	at org.junit.runners.model.FrameworkMethod.invokeExplosively(FrameworkMethod.java:42)
	at org.junit.internal.runners.statements.InvokeMethod.evaluate(InvokeMethod.java:20)
	at org.junit.internal.runners.statements.RunBefores.evaluate(RunBefores.java:28)
	at org.junit.internal.runners.statements.RunAfters.evaluate(RunAfters.java:30)
	at org.junit.runners.ParentRunner.runLeaf(ParentRunner.java:263)
	at org.junit.runners.BlockJUnit4ClassRunner.runChild(BlockJUnit4ClassRunner.java:68)
	at org.junit.runners.BlockJUnit4ClassRunner.runChild(BlockJUnit4ClassRunner.java:47)
	at org.junit.runners.ParentRunner$3.run(ParentRunner.java:231)
	at org.junit.runners.ParentRunner$1.schedule(ParentRunner.java:60)
	at org.junit.runners.ParentRunner.runChildren(ParentRunner.java:229)
	at org.junit.runners.ParentRunner.access$000(ParentRunner.java:50)
	at org.junit.runners.ParentRunner$2.evaluate(ParentRunner.java:222)
	at org.junit.internal.runners.statements.RunBefores.evaluate(RunBefores.java:28)
	at org.junit.internal.runners.statements.RunAfters.evaluate(RunAfters.java:30)
	at org.junit.runners.ParentRunner.run(ParentRunner.java:300)
	at org.junit.runners.Suite.runChild(Suite.java:128)
	at org.junit.runners.Suite.runChild(Suite.java:24)
	at org.junit.runners.ParentRunner$3.run(ParentRunner.java:231)
	at org.junit.runners.ParentRunner$1.schedule(ParentRunner.java:60)
	at org.junit.runners.ParentRunner.runChildren(ParentRunner.java:229)
	at org.junit.runners.ParentRunner.access$000(ParentRunner.java:50)
	at org.junit.runners.ParentRunner$2.evaluate(ParentRunner.java:222)
	at org.junit.runners.ParentRunner.run(ParentRunner.java:300)
	at org.junit.runner.JUnitCore.run(JUnitCore.java:157)
	at org.junit.runner.JUnitCore.run(JUnitCore.java:136)
	at edu.illinois.cs.testrunner.execution.JUnitTestExecutor.execute(JUnitTestExecutor.java:259)
	at edu.illinois.cs.testrunner.execution.JUnitTestExecutor.executeWithJUnit4Runner(JUnitTestExecutor.java:327)
	at edu.illinois.cs.testrunner.execution.JUnitTestExecutor.runOrder(JUnitTestExecutor.java:49)
	at edu.illinois.cs.testrunner.execution.Executor$.$anonfun$run$1(Executor.scala:30)
	at scala.runtime.java8.JFunction0$mcV$sp.apply(JFunction0$mcV$sp.java:12)
	at scala.util.Try$.apply(Try.scala:209)
	at edu.illinois.cs.testrunner.execution.Executor$.run(Executor.scala:28)
	at edu.illinois.cs.testrunner.execution.Executor$.main(Executor.scala:18)
	at edu.illinois.cs.testrunner.execution.Executor.main(Executor.scala)
24/04/26 02:20:44 DEBUG druid.DruidParser: Parsing SQL UPDATE User SET name = 'Mike' WHERE user_id >= 123;
24/04/26 02:20:44 DEBUG druid.DruidDMLParser: UPDATE SQL From clause User
24/04/26 02:20:44 DEBUG druid.DruidDMLParser: UPDATE SQL where user_id >= 123
24/04/26 02:20:44 ERROR druid.DruidParserTestUtil: execute
com.alibaba.wasp.plan.parser.UnsupportedException: RANGE is not supported by update operation!
	at com.alibaba.wasp.plan.parser.druid.DruidDMLParser.getUpdatePlan(DruidDMLParser.java:263)
	at com.alibaba.wasp.plan.parser.druid.DruidDMLParser.generatePlan(DruidDMLParser.java:102)
	at com.alibaba.wasp.plan.parser.druid.DruidParserTestUtil.execute(DruidParserTestUtil.java:104)
	at com.alibaba.wasp.plan.parser.druid.TestDruidDMLFailParser.getUpdateFailedPlan(TestDruidDMLFailParser.java:124)
	at sun.reflect.NativeMethodAccessorImpl.invoke0(Native Method)
	at sun.reflect.NativeMethodAccessorImpl.invoke(NativeMethodAccessorImpl.java:62)
	at sun.reflect.DelegatingMethodAccessorImpl.invoke(DelegatingMethodAccessorImpl.java:43)
	at java.lang.reflect.Method.invoke(Method.java:498)
	at org.junit.runners.model.FrameworkMethod$1.runReflectiveCall(FrameworkMethod.java:45)
	at org.junit.internal.runners.model.ReflectiveCallable.run(ReflectiveCallable.java:15)
	at org.junit.runners.model.FrameworkMethod.invokeExplosively(FrameworkMethod.java:42)
	at org.junit.internal.runners.statements.InvokeMethod.evaluate(InvokeMethod.java:20)
	at org.junit.internal.runners.statements.RunBefores.evaluate(RunBefores.java:28)
	at org.junit.internal.runners.statements.RunAfters.evaluate(RunAfters.java:30)
	at org.junit.runners.ParentRunner.runLeaf(ParentRunner.java:263)
	at org.junit.runners.BlockJUnit4ClassRunner.runChild(BlockJUnit4ClassRunner.java:68)
	at org.junit.runners.BlockJUnit4ClassRunner.runChild(BlockJUnit4ClassRunner.java:47)
	at org.junit.runners.ParentRunner$3.run(ParentRunner.java:231)
	at org.junit.runners.ParentRunner$1.schedule(ParentRunner.java:60)
	at org.junit.runners.ParentRunner.runChildren(ParentRunner.java:229)
	at org.junit.runners.ParentRunner.access$000(ParentRunner.java:50)
	at org.junit.runners.ParentRunner$2.evaluate(ParentRunner.java:222)
	at org.junit.internal.runners.statements.RunBefores.evaluate(RunBefores.java:28)
	at org.junit.internal.runners.statements.RunAfters.evaluate(RunAfters.java:30)
	at org.junit.runners.ParentRunner.run(ParentRunner.java:300)
	at org.junit.runners.Suite.runChild(Suite.java:128)
	at org.junit.runners.Suite.runChild(Suite.java:24)
	at org.junit.runners.ParentRunner$3.run(ParentRunner.java:231)
	at org.junit.runners.ParentRunner$1.schedule(ParentRunner.java:60)
	at org.junit.runners.ParentRunner.runChildren(ParentRunner.java:229)
	at org.junit.runners.ParentRunner.access$000(ParentRunner.java:50)
	at org.junit.runners.ParentRunner$2.evaluate(ParentRunner.java:222)
	at org.junit.runners.ParentRunner.run(ParentRunner.java:300)
	at org.junit.runner.JUnitCore.run(JUnitCore.java:157)
	at org.junit.runner.JUnitCore.run(JUnitCore.java:136)
	at edu.illinois.cs.testrunner.execution.JUnitTestExecutor.execute(JUnitTestExecutor.java:259)
	at edu.illinois.cs.testrunner.execution.JUnitTestExecutor.executeWithJUnit4Runner(JUnitTestExecutor.java:327)
	at edu.illinois.cs.testrunner.execution.JUnitTestExecutor.runOrder(JUnitTestExecutor.java:49)
	at edu.illinois.cs.testrunner.execution.Executor$.$anonfun$run$1(Executor.scala:30)
	at scala.runtime.java8.JFunction0$mcV$sp.apply(JFunction0$mcV$sp.java:12)
	at scala.util.Try$.apply(Try.scala:209)
	at edu.illinois.cs.testrunner.execution.Executor$.run(Executor.scala:28)
	at edu.illinois.cs.testrunner.execution.Executor$.main(Executor.scala:18)
	at edu.illinois.cs.testrunner.execution.Executor.main(Executor.scala)
24/04/26 02:20:44 DEBUG druid.DruidParser: Parsing SQL UPDATE Photo SET photo_id=2000 WHERE user_id = 321 and photo_id = 123
24/04/26 02:20:44 DEBUG druid.DruidDMLParser: UPDATE SQL From clause Photo
24/04/26 02:20:44 DEBUG druid.DruidDMLParser: UPDATE SQL where user_id = 321 AND photo_id = 123
24/04/26 02:20:44 ERROR druid.DruidParserTestUtil: execute
com.alibaba.wasp.plan.parser.UnsupportedException: photo_id is primary key!
	at com.alibaba.wasp.plan.parser.druid.FMetaEventOperation.checkFieldNotInPrimaryKeys(FMetaEventOperation.java:195)
	at com.alibaba.wasp.plan.parser.druid.DruidDMLParser.getUpdatePlan(DruidDMLParser.java:287)
	at com.alibaba.wasp.plan.parser.druid.DruidDMLParser.generatePlan(DruidDMLParser.java:102)
	at com.alibaba.wasp.plan.parser.druid.DruidParserTestUtil.execute(DruidParserTestUtil.java:104)
	at com.alibaba.wasp.plan.parser.druid.TestDruidDMLFailParser.getUpdateFailedPlan(TestDruidDMLFailParser.java:124)
	at sun.reflect.NativeMethodAccessorImpl.invoke0(Native Method)
	at sun.reflect.NativeMethodAccessorImpl.invoke(NativeMethodAccessorImpl.java:62)
	at sun.reflect.DelegatingMethodAccessorImpl.invoke(DelegatingMethodAccessorImpl.java:43)
	at java.lang.reflect.Method.invoke(Method.java:498)
	at org.junit.runners.model.FrameworkMethod$1.runReflectiveCall(FrameworkMethod.java:45)
	at org.junit.internal.runners.model.ReflectiveCallable.run(ReflectiveCallable.java:15)
	at org.junit.runners.model.FrameworkMethod.invokeExplosively(FrameworkMethod.java:42)
	at org.junit.internal.runners.statements.InvokeMethod.evaluate(InvokeMethod.java:20)
	at org.junit.internal.runners.statements.RunBefores.evaluate(RunBefores.java:28)
	at org.junit.internal.runners.statements.RunAfters.evaluate(RunAfters.java:30)
	at org.junit.runners.ParentRunner.runLeaf(ParentRunner.java:263)
	at org.junit.runners.BlockJUnit4ClassRunner.runChild(BlockJUnit4ClassRunner.java:68)
	at org.junit.runners.BlockJUnit4ClassRunner.runChild(BlockJUnit4ClassRunner.java:47)
	at org.junit.runners.ParentRunner$3.run(ParentRunner.java:231)
	at org.junit.runners.ParentRunner$1.schedule(ParentRunner.java:60)
	at org.junit.runners.ParentRunner.runChildren(ParentRunner.java:229)
	at org.junit.runners.ParentRunner.access$000(ParentRunner.java:50)
	at org.junit.runners.ParentRunner$2.evaluate(ParentRunner.java:222)
	at org.junit.internal.runners.statements.RunBefores.evaluate(RunBefores.java:28)
	at org.junit.internal.runners.statements.RunAfters.evaluate(RunAfters.java:30)
	at org.junit.runners.ParentRunner.run(ParentRunner.java:300)
	at org.junit.runners.Suite.runChild(Suite.java:128)
	at org.junit.runners.Suite.runChild(Suite.java:24)
	at org.junit.runners.ParentRunner$3.run(ParentRunner.java:231)
	at org.junit.runners.ParentRunner$1.schedule(ParentRunner.java:60)
	at org.junit.runners.ParentRunner.runChildren(ParentRunner.java:229)
	at org.junit.runners.ParentRunner.access$000(ParentRunner.java:50)
	at org.junit.runners.ParentRunner$2.evaluate(ParentRunner.java:222)
	at org.junit.runners.ParentRunner.run(ParentRunner.java:300)
	at org.junit.runner.JUnitCore.run(JUnitCore.java:157)
	at org.junit.runner.JUnitCore.run(JUnitCore.java:136)
	at edu.illinois.cs.testrunner.execution.JUnitTestExecutor.execute(JUnitTestExecutor.java:259)
	at edu.illinois.cs.testrunner.execution.JUnitTestExecutor.executeWithJUnit4Runner(JUnitTestExecutor.java:327)
	at edu.illinois.cs.testrunner.execution.JUnitTestExecutor.runOrder(JUnitTestExecutor.java:49)
	at edu.illinois.cs.testrunner.execution.Executor$.$anonfun$run$1(Executor.scala:30)
	at scala.runtime.java8.JFunction0$mcV$sp.apply(JFunction0$mcV$sp.java:12)
	at scala.util.Try$.apply(Try.scala:209)
	at edu.illinois.cs.testrunner.execution.Executor$.run(Executor.scala:28)
	at edu.illinois.cs.testrunner.execution.Executor$.main(Executor.scala:18)
	at edu.illinois.cs.testrunner.execution.Executor.main(Executor.scala)
24/04/26 02:20:44 DEBUG druid.DruidParser: Parsing SQL UPDATE Photo SET int32Type = '22' WHERE user_id = 123 and photo_id=123;
24/04/26 02:20:44 DEBUG druid.DruidDMLParser: UPDATE SQL From clause Photo
24/04/26 02:20:44 DEBUG druid.DruidDMLParser: UPDATE SQL where user_id = 123 AND photo_id = 123
24/04/26 02:20:44 ERROR druid.DruidParserTestUtil: execute
com.alibaba.wasp.plan.parser.UnsupportedException: Unsupported DataType INT32, input is '22'
	at com.alibaba.wasp.plan.parser.druid.DruidParser.checkType(DruidParser.java:258)
	at com.alibaba.wasp.plan.parser.druid.DruidDMLParser.getUpdatePlan(DruidDMLParser.java:290)
	at com.alibaba.wasp.plan.parser.druid.DruidDMLParser.generatePlan(DruidDMLParser.java:102)
	at com.alibaba.wasp.plan.parser.druid.DruidParserTestUtil.execute(DruidParserTestUtil.java:104)
	at com.alibaba.wasp.plan.parser.druid.TestDruidDMLFailParser.getUpdateFailedPlan(TestDruidDMLFailParser.java:124)
	at sun.reflect.NativeMethodAccessorImpl.invoke0(Native Method)
	at sun.reflect.NativeMethodAccessorImpl.invoke(NativeMethodAccessorImpl.java:62)
	at sun.reflect.DelegatingMethodAccessorImpl.invoke(DelegatingMethodAccessorImpl.java:43)
	at java.lang.reflect.Method.invoke(Method.java:498)
	at org.junit.runners.model.FrameworkMethod$1.runReflectiveCall(FrameworkMethod.java:45)
	at org.junit.internal.runners.model.ReflectiveCallable.run(ReflectiveCallable.java:15)
	at org.junit.runners.model.FrameworkMethod.invokeExplosively(FrameworkMethod.java:42)
	at org.junit.internal.runners.statements.InvokeMethod.evaluate(InvokeMethod.java:20)
	at org.junit.internal.runners.statements.RunBefores.evaluate(RunBefores.java:28)
	at org.junit.internal.runners.statements.RunAfters.evaluate(RunAfters.java:30)
	at org.junit.runners.ParentRunner.runLeaf(ParentRunner.java:263)
	at org.junit.runners.BlockJUnit4ClassRunner.runChild(BlockJUnit4ClassRunner.java:68)
	at org.junit.runners.BlockJUnit4ClassRunner.runChild(BlockJUnit4ClassRunner.java:47)
	at org.junit.runners.ParentRunner$3.run(ParentRunner.java:231)
	at org.junit.runners.ParentRunner$1.schedule(ParentRunner.java:60)
	at org.junit.runners.ParentRunner.runChildren(ParentRunner.java:229)
	at org.junit.runners.ParentRunner.access$000(ParentRunner.java:50)
	at org.junit.runners.ParentRunner$2.evaluate(ParentRunner.java:222)
	at org.junit.internal.runners.statements.RunBefores.evaluate(RunBefores.java:28)
	at org.junit.internal.runners.statements.RunAfters.evaluate(RunAfters.java:30)
	at org.junit.runners.ParentRunner.run(ParentRunner.java:300)
	at org.junit.runners.Suite.runChild(Suite.java:128)
	at org.junit.runners.Suite.runChild(Suite.java:24)
	at org.junit.runners.ParentRunner$3.run(ParentRunner.java:231)
	at org.junit.runners.ParentRunner$1.schedule(ParentRunner.java:60)
	at org.junit.runners.ParentRunner.runChildren(ParentRunner.java:229)
	at org.junit.runners.ParentRunner.access$000(ParentRunner.java:50)
	at org.junit.runners.ParentRunner$2.evaluate(ParentRunner.java:222)
	at org.junit.runners.ParentRunner.run(ParentRunner.java:300)
	at org.junit.runner.JUnitCore.run(JUnitCore.java:157)
	at org.junit.runner.JUnitCore.run(JUnitCore.java:136)
	at edu.illinois.cs.testrunner.execution.JUnitTestExecutor.execute(JUnitTestExecutor.java:259)
	at edu.illinois.cs.testrunner.execution.JUnitTestExecutor.executeWithJUnit4Runner(JUnitTestExecutor.java:327)
	at edu.illinois.cs.testrunner.execution.JUnitTestExecutor.runOrder(JUnitTestExecutor.java:49)
	at edu.illinois.cs.testrunner.execution.Executor$.$anonfun$run$1(Executor.scala:30)
	at scala.runtime.java8.JFunction0$mcV$sp.apply(JFunction0$mcV$sp.java:12)
	at scala.util.Try$.apply(Try.scala:209)
	at edu.illinois.cs.testrunner.execution.Executor$.run(Executor.scala:28)
	at edu.illinois.cs.testrunner.execution.Executor$.main(Executor.scala:18)
	at edu.illinois.cs.testrunner.execution.Executor.main(Executor.scala)
24/04/26 02:20:44 DEBUG druid.DruidParser: Parsing SQL CREATE TABLE User { Required Int64 user_id; Required String name; Optional DOUBLE value; }  primary key(user_id),  entity group root, entity group key(user_id);
24/04/26 02:20:44 DEBUG druid.DruidDDLParser: CreateTablePlan CreateTablePlan [table=CREATE TABLE User { 
  REQUIRED INT64 user_id COLUMNFAMILY d;
  REQUIRED STRING name COLUMNFAMILY d;
  OPTIONAL DOUBLE value COLUMNFAMILY d;
} 
PRIMARY KEY(user_id),
ENTITY GROUP ROOT,
ENTITY GROUP KEY(user_id);
, splitKeys=null]
24/04/26 02:20:44 DEBUG druid.DruidParser: Parsing SQL CREATE TABLE Photo { Required Int64 user_id columnfamily cf comment 'aaa';  Required Int32 photo_id comment 'child primary key';  Optional Int64 time; Optional String full_url;  Optional String thumbnail_url; Optional string tag; Optional DATETIME date; Optional Int32 int32Type; }  primary key(user_id,photo_id),  in table User,  Entity Group Key(user_id) references User; 
24/04/26 02:20:44 DEBUG druid.DruidDDLParser: CreateTablePlan CreateTablePlan [table=CREATE TABLE Photo { 
  REQUIRED INT64 user_id COLUMNFAMILY cf;
  REQUIRED INT32 photo_id COLUMNFAMILY d;
  OPTIONAL INT64 time COLUMNFAMILY d;
  OPTIONAL STRING full_url COLUMNFAMILY d;
  OPTIONAL STRING thumbnail_url COLUMNFAMILY d;
  OPTIONAL STRING tag COLUMNFAMILY d;
  OPTIONAL DATETIME date COLUMNFAMILY d;
  OPTIONAL INT32 int32Type COLUMNFAMILY d;
} 
PRIMARY KEY(user_id, photo_id, ),
 IN TABLE User,
 ENTITY GROUP KEY(user_id) REFERENCES User;
, splitKeys=null]
24/04/26 02:20:44 DEBUG druid.DruidParser: Parsing SQL Insert into User1(ID,NAME) values(1,'binlijin');
24/04/26 02:20:44 DEBUG druid.DruidDMLParser: INSERT SQL TableSource User1
24/04/26 02:20:44 DEBUG druid.DruidDMLParser: From table User1
24/04/26 02:20:44 ERROR druid.DruidParserTestUtil: execute
com.alibaba.wasp.TableNotFoundException: User1 not exists!
	at com.alibaba.wasp.plan.parser.druid.FMetaEventOperation.checkAndGetTable(FMetaEventOperation.java:79)
	at com.alibaba.wasp.plan.parser.druid.DruidDMLParser.getInsertPlan(DruidDMLParser.java:129)
	at com.alibaba.wasp.plan.parser.druid.DruidDMLParser.generatePlan(DruidDMLParser.java:105)
	at com.alibaba.wasp.plan.parser.druid.DruidParserTestUtil.execute(DruidParserTestUtil.java:104)
	at com.alibaba.wasp.plan.parser.druid.TestDruidDMLFailParser.getInsertFailedPlan(TestDruidDMLFailParser.java:97)
	at sun.reflect.NativeMethodAccessorImpl.invoke0(Native Method)
	at sun.reflect.NativeMethodAccessorImpl.invoke(NativeMethodAccessorImpl.java:62)
	at sun.reflect.DelegatingMethodAccessorImpl.invoke(DelegatingMethodAccessorImpl.java:43)
	at java.lang.reflect.Method.invoke(Method.java:498)
	at org.junit.runners.model.FrameworkMethod$1.runReflectiveCall(FrameworkMethod.java:45)
	at org.junit.internal.runners.model.ReflectiveCallable.run(ReflectiveCallable.java:15)
	at org.junit.runners.model.FrameworkMethod.invokeExplosively(FrameworkMethod.java:42)
	at org.junit.internal.runners.statements.InvokeMethod.evaluate(InvokeMethod.java:20)
	at org.junit.internal.runners.statements.RunBefores.evaluate(RunBefores.java:28)
	at org.junit.internal.runners.statements.RunAfters.evaluate(RunAfters.java:30)
	at org.junit.runners.ParentRunner.runLeaf(ParentRunner.java:263)
	at org.junit.runners.BlockJUnit4ClassRunner.runChild(BlockJUnit4ClassRunner.java:68)
	at org.junit.runners.BlockJUnit4ClassRunner.runChild(BlockJUnit4ClassRunner.java:47)
	at org.junit.runners.ParentRunner$3.run(ParentRunner.java:231)
	at org.junit.runners.ParentRunner$1.schedule(ParentRunner.java:60)
	at org.junit.runners.ParentRunner.runChildren(ParentRunner.java:229)
	at org.junit.runners.ParentRunner.access$000(ParentRunner.java:50)
	at org.junit.runners.ParentRunner$2.evaluate(ParentRunner.java:222)
	at org.junit.internal.runners.statements.RunBefores.evaluate(RunBefores.java:28)
	at org.junit.internal.runners.statements.RunAfters.evaluate(RunAfters.java:30)
	at org.junit.runners.ParentRunner.run(ParentRunner.java:300)
	at org.junit.runners.Suite.runChild(Suite.java:128)
	at org.junit.runners.Suite.runChild(Suite.java:24)
	at org.junit.runners.ParentRunner$3.run(ParentRunner.java:231)
	at org.junit.runners.ParentRunner$1.schedule(ParentRunner.java:60)
	at org.junit.runners.ParentRunner.runChildren(ParentRunner.java:229)
	at org.junit.runners.ParentRunner.access$000(ParentRunner.java:50)
	at org.junit.runners.ParentRunner$2.evaluate(ParentRunner.java:222)
	at org.junit.runners.ParentRunner.run(ParentRunner.java:300)
	at org.junit.runner.JUnitCore.run(JUnitCore.java:157)
	at org.junit.runner.JUnitCore.run(JUnitCore.java:136)
	at edu.illinois.cs.testrunner.execution.JUnitTestExecutor.execute(JUnitTestExecutor.java:259)
	at edu.illinois.cs.testrunner.execution.JUnitTestExecutor.executeWithJUnit4Runner(JUnitTestExecutor.java:327)
	at edu.illinois.cs.testrunner.execution.JUnitTestExecutor.runOrder(JUnitTestExecutor.java:49)
	at edu.illinois.cs.testrunner.execution.Executor$.$anonfun$run$1(Executor.scala:30)
	at scala.runtime.java8.JFunction0$mcV$sp.apply(JFunction0$mcV$sp.java:12)
	at scala.util.Try$.apply(Try.scala:209)
	at edu.illinois.cs.testrunner.execution.Executor$.run(Executor.scala:28)
	at edu.illinois.cs.testrunner.execution.Executor$.main(Executor.scala:18)
	at edu.illinois.cs.testrunner.execution.Executor.main(Executor.scala)
24/04/26 02:20:44 DEBUG druid.DruidParser: Parsing SQL Insert into User(ID,NAME2) values(1,'binlijin'),(2,'lars');
24/04/26 02:20:44 DEBUG druid.DruidDMLParser: INSERT SQL TableSource User
24/04/26 02:20:44 DEBUG druid.DruidDMLParser: From table User
24/04/26 02:20:44 DEBUG druid.DruidDMLParser:  SQLInsertItem ID
24/04/26 02:20:44 DEBUG druid.DruidDMLParser:  SQLInsertItem NAME2
24/04/26 02:20:44 DEBUG druid.DruidDMLParser: INSERT SQL Insert columns [ID, NAME2]
24/04/26 02:20:44 ERROR druid.DruidParserTestUtil: execute
com.alibaba.wasp.plan.parser.UnsupportedException: User does not have column 'ID'!
	at com.alibaba.wasp.plan.parser.druid.FMetaEventOperation.checkAndGetFields(FMetaEventOperation.java:114)
	at com.alibaba.wasp.plan.parser.druid.DruidDMLParser.getInsertPlan(DruidDMLParser.java:136)
	at com.alibaba.wasp.plan.parser.druid.DruidDMLParser.generatePlan(DruidDMLParser.java:105)
	at com.alibaba.wasp.plan.parser.druid.DruidParserTestUtil.execute(DruidParserTestUtil.java:104)
	at com.alibaba.wasp.plan.parser.druid.TestDruidDMLFailParser.getInsertFailedPlan(TestDruidDMLFailParser.java:97)
	at sun.reflect.NativeMethodAccessorImpl.invoke0(Native Method)
	at sun.reflect.NativeMethodAccessorImpl.invoke(NativeMethodAccessorImpl.java:62)
	at sun.reflect.DelegatingMethodAccessorImpl.invoke(DelegatingMethodAccessorImpl.java:43)
	at java.lang.reflect.Method.invoke(Method.java:498)
	at org.junit.runners.model.FrameworkMethod$1.runReflectiveCall(FrameworkMethod.java:45)
	at org.junit.internal.runners.model.ReflectiveCallable.run(ReflectiveCallable.java:15)
	at org.junit.runners.model.FrameworkMethod.invokeExplosively(FrameworkMethod.java:42)
	at org.junit.internal.runners.statements.InvokeMethod.evaluate(InvokeMethod.java:20)
	at org.junit.internal.runners.statements.RunBefores.evaluate(RunBefores.java:28)
	at org.junit.internal.runners.statements.RunAfters.evaluate(RunAfters.java:30)
	at org.junit.runners.ParentRunner.runLeaf(ParentRunner.java:263)
	at org.junit.runners.BlockJUnit4ClassRunner.runChild(BlockJUnit4ClassRunner.java:68)
	at org.junit.runners.BlockJUnit4ClassRunner.runChild(BlockJUnit4ClassRunner.java:47)
	at org.junit.runners.ParentRunner$3.run(ParentRunner.java:231)
	at org.junit.runners.ParentRunner$1.schedule(ParentRunner.java:60)
	at org.junit.runners.ParentRunner.runChildren(ParentRunner.java:229)
	at org.junit.runners.ParentRunner.access$000(ParentRunner.java:50)
	at org.junit.runners.ParentRunner$2.evaluate(ParentRunner.java:222)
	at org.junit.internal.runners.statements.RunBefores.evaluate(RunBefores.java:28)
	at org.junit.internal.runners.statements.RunAfters.evaluate(RunAfters.java:30)
	at org.junit.runners.ParentRunner.run(ParentRunner.java:300)
	at org.junit.runners.Suite.runChild(Suite.java:128)
	at org.junit.runners.Suite.runChild(Suite.java:24)
	at org.junit.runners.ParentRunner$3.run(ParentRunner.java:231)
	at org.junit.runners.ParentRunner$1.schedule(ParentRunner.java:60)
	at org.junit.runners.ParentRunner.runChildren(ParentRunner.java:229)
	at org.junit.runners.ParentRunner.access$000(ParentRunner.java:50)
	at org.junit.runners.ParentRunner$2.evaluate(ParentRunner.java:222)
	at org.junit.runners.ParentRunner.run(ParentRunner.java:300)
	at org.junit.runner.JUnitCore.run(JUnitCore.java:157)
	at org.junit.runner.JUnitCore.run(JUnitCore.java:136)
	at edu.illinois.cs.testrunner.execution.JUnitTestExecutor.execute(JUnitTestExecutor.java:259)
	at edu.illinois.cs.testrunner.execution.JUnitTestExecutor.executeWithJUnit4Runner(JUnitTestExecutor.java:327)
	at edu.illinois.cs.testrunner.execution.JUnitTestExecutor.runOrder(JUnitTestExecutor.java:49)
	at edu.illinois.cs.testrunner.execution.Executor$.$anonfun$run$1(Executor.scala:30)
	at scala.runtime.java8.JFunction0$mcV$sp.apply(JFunction0$mcV$sp.java:12)
	at scala.util.Try$.apply(Try.scala:209)
	at edu.illinois.cs.testrunner.execution.Executor$.run(Executor.scala:28)
	at edu.illinois.cs.testrunner.execution.Executor$.main(Executor.scala:18)
	at edu.illinois.cs.testrunner.execution.Executor.main(Executor.scala)
24/04/26 02:20:44 DEBUG druid.DruidParser: Parsing SQL Insert into Photo(photo_id,time) values(1, 10000),(2,20000);
24/04/26 02:20:44 DEBUG druid.DruidDMLParser: INSERT SQL TableSource Photo
24/04/26 02:20:44 DEBUG druid.DruidDMLParser: From table Photo
24/04/26 02:20:44 DEBUG druid.DruidDMLParser:  SQLInsertItem photo_id
24/04/26 02:20:44 DEBUG druid.DruidDMLParser:  SQLInsertItem time
24/04/26 02:20:44 DEBUG druid.DruidDMLParser: INSERT SQL Insert columns [photo_id, time]
24/04/26 02:20:44 ERROR druid.DruidParserTestUtil: execute
com.alibaba.wasp.plan.parser.UnsupportedException: PrimaryKeys have 2 Fields, but only find 1 Fields
	at com.alibaba.wasp.plan.parser.druid.FMetaEventOperation.checkRequiredFields(FMetaEventOperation.java:378)
	at com.alibaba.wasp.plan.parser.druid.DruidDMLParser.getInsertPlan(DruidDMLParser.java:137)
	at com.alibaba.wasp.plan.parser.druid.DruidDMLParser.generatePlan(DruidDMLParser.java:105)
	at com.alibaba.wasp.plan.parser.druid.DruidParserTestUtil.execute(DruidParserTestUtil.java:104)
	at com.alibaba.wasp.plan.parser.druid.TestDruidDMLFailParser.getInsertFailedPlan(TestDruidDMLFailParser.java:97)
	at sun.reflect.NativeMethodAccessorImpl.invoke0(Native Method)
	at sun.reflect.NativeMethodAccessorImpl.invoke(NativeMethodAccessorImpl.java:62)
	at sun.reflect.DelegatingMethodAccessorImpl.invoke(DelegatingMethodAccessorImpl.java:43)
	at java.lang.reflect.Method.invoke(Method.java:498)
	at org.junit.runners.model.FrameworkMethod$1.runReflectiveCall(FrameworkMethod.java:45)
	at org.junit.internal.runners.model.ReflectiveCallable.run(ReflectiveCallable.java:15)
	at org.junit.runners.model.FrameworkMethod.invokeExplosively(FrameworkMethod.java:42)
	at org.junit.internal.runners.statements.InvokeMethod.evaluate(InvokeMethod.java:20)
	at org.junit.internal.runners.statements.RunBefores.evaluate(RunBefores.java:28)
	at org.junit.internal.runners.statements.RunAfters.evaluate(RunAfters.java:30)
	at org.junit.runners.ParentRunner.runLeaf(ParentRunner.java:263)
	at org.junit.runners.BlockJUnit4ClassRunner.runChild(BlockJUnit4ClassRunner.java:68)
	at org.junit.runners.BlockJUnit4ClassRunner.runChild(BlockJUnit4ClassRunner.java:47)
	at org.junit.runners.ParentRunner$3.run(ParentRunner.java:231)
	at org.junit.runners.ParentRunner$1.schedule(ParentRunner.java:60)
	at org.junit.runners.ParentRunner.runChildren(ParentRunner.java:229)
	at org.junit.runners.ParentRunner.access$000(ParentRunner.java:50)
	at org.junit.runners.ParentRunner$2.evaluate(ParentRunner.java:222)
	at org.junit.internal.runners.statements.RunBefores.evaluate(RunBefores.java:28)
	at org.junit.internal.runners.statements.RunAfters.evaluate(RunAfters.java:30)
	at org.junit.runners.ParentRunner.run(ParentRunner.java:300)
	at org.junit.runners.Suite.runChild(Suite.java:128)
	at org.junit.runners.Suite.runChild(Suite.java:24)
	at org.junit.runners.ParentRunner$3.run(ParentRunner.java:231)
	at org.junit.runners.ParentRunner$1.schedule(ParentRunner.java:60)
	at org.junit.runners.ParentRunner.runChildren(ParentRunner.java:229)
	at org.junit.runners.ParentRunner.access$000(ParentRunner.java:50)
	at org.junit.runners.ParentRunner$2.evaluate(ParentRunner.java:222)
	at org.junit.runners.ParentRunner.run(ParentRunner.java:300)
	at org.junit.runner.JUnitCore.run(JUnitCore.java:157)
	at org.junit.runner.JUnitCore.run(JUnitCore.java:136)
	at edu.illinois.cs.testrunner.execution.JUnitTestExecutor.execute(JUnitTestExecutor.java:259)
	at edu.illinois.cs.testrunner.execution.JUnitTestExecutor.executeWithJUnit4Runner(JUnitTestExecutor.java:327)
	at edu.illinois.cs.testrunner.execution.JUnitTestExecutor.runOrder(JUnitTestExecutor.java:49)
	at edu.illinois.cs.testrunner.execution.Executor$.$anonfun$run$1(Executor.scala:30)
	at scala.runtime.java8.JFunction0$mcV$sp.apply(JFunction0$mcV$sp.java:12)
	at scala.util.Try$.apply(Try.scala:209)
	at edu.illinois.cs.testrunner.execution.Executor$.run(Executor.scala:28)
	at edu.illinois.cs.testrunner.execution.Executor$.main(Executor.scala:18)
	at edu.illinois.cs.testrunner.execution.Executor.main(Executor.scala)
24/04/26 02:20:44 DEBUG druid.DruidParser: Parsing SQL Insert into User(user_id,name,value) values(1,'binlijin',1.,'aa');
24/04/26 02:20:44 DEBUG druid.DruidDMLParser: INSERT SQL TableSource User
24/04/26 02:20:44 DEBUG druid.DruidDMLParser: From table User
24/04/26 02:20:44 DEBUG druid.DruidDMLParser:  SQLInsertItem user_id
24/04/26 02:20:44 DEBUG druid.DruidDMLParser:  SQLInsertItem name
24/04/26 02:20:44 DEBUG druid.DruidDMLParser:  SQLInsertItem value
24/04/26 02:20:44 DEBUG druid.DruidDMLParser: INSERT SQL Insert columns [user_id, name, value]
24/04/26 02:20:44 DEBUG druid.DruidDMLParser: INSERT SQL Insert Values List [ VALUES (1, 'binlijin', 1, 'aa')]
24/04/26 02:20:44 ERROR druid.DruidParserTestUtil: execute
java.io.IOException: Insert clause 3 columns  not match 4 values 
	at com.alibaba.wasp.plan.parser.druid.DruidDMLParser.buildFieldsPair(DruidDMLParser.java:334)
	at com.alibaba.wasp.plan.parser.druid.DruidDMLParser.genInsertAction(DruidDMLParser.java:180)
	at com.alibaba.wasp.plan.parser.druid.DruidDMLParser.getInsertPlan(DruidDMLParser.java:152)
	at com.alibaba.wasp.plan.parser.druid.DruidDMLParser.generatePlan(DruidDMLParser.java:105)
	at com.alibaba.wasp.plan.parser.druid.DruidParserTestUtil.execute(DruidParserTestUtil.java:104)
	at com.alibaba.wasp.plan.parser.druid.TestDruidDMLFailParser.getInsertFailedPlan(TestDruidDMLFailParser.java:97)
	at sun.reflect.NativeMethodAccessorImpl.invoke0(Native Method)
	at sun.reflect.NativeMethodAccessorImpl.invoke(NativeMethodAccessorImpl.java:62)
	at sun.reflect.DelegatingMethodAccessorImpl.invoke(DelegatingMethodAccessorImpl.java:43)
	at java.lang.reflect.Method.invoke(Method.java:498)
	at org.junit.runners.model.FrameworkMethod$1.runReflectiveCall(FrameworkMethod.java:45)
	at org.junit.internal.runners.model.ReflectiveCallable.run(ReflectiveCallable.java:15)
	at org.junit.runners.model.FrameworkMethod.invokeExplosively(FrameworkMethod.java:42)
	at org.junit.internal.runners.statements.InvokeMethod.evaluate(InvokeMethod.java:20)
	at org.junit.internal.runners.statements.RunBefores.evaluate(RunBefores.java:28)
	at org.junit.internal.runners.statements.RunAfters.evaluate(RunAfters.java:30)
	at org.junit.runners.ParentRunner.runLeaf(ParentRunner.java:263)
	at org.junit.runners.BlockJUnit4ClassRunner.runChild(BlockJUnit4ClassRunner.java:68)
	at org.junit.runners.BlockJUnit4ClassRunner.runChild(BlockJUnit4ClassRunner.java:47)
	at org.junit.runners.ParentRunner$3.run(ParentRunner.java:231)
	at org.junit.runners.ParentRunner$1.schedule(ParentRunner.java:60)
	at org.junit.runners.ParentRunner.runChildren(ParentRunner.java:229)
	at org.junit.runners.ParentRunner.access$000(ParentRunner.java:50)
	at org.junit.runners.ParentRunner$2.evaluate(ParentRunner.java:222)
	at org.junit.internal.runners.statements.RunBefores.evaluate(RunBefores.java:28)
	at org.junit.internal.runners.statements.RunAfters.evaluate(RunAfters.java:30)
	at org.junit.runners.ParentRunner.run(ParentRunner.java:300)
	at org.junit.runners.Suite.runChild(Suite.java:128)
	at org.junit.runners.Suite.runChild(Suite.java:24)
	at org.junit.runners.ParentRunner$3.run(ParentRunner.java:231)
	at org.junit.runners.ParentRunner$1.schedule(ParentRunner.java:60)
	at org.junit.runners.ParentRunner.runChildren(ParentRunner.java:229)
	at org.junit.runners.ParentRunner.access$000(ParentRunner.java:50)
	at org.junit.runners.ParentRunner$2.evaluate(ParentRunner.java:222)
	at org.junit.runners.ParentRunner.run(ParentRunner.java:300)
	at org.junit.runner.JUnitCore.run(JUnitCore.java:157)
	at org.junit.runner.JUnitCore.run(JUnitCore.java:136)
	at edu.illinois.cs.testrunner.execution.JUnitTestExecutor.execute(JUnitTestExecutor.java:259)
	at edu.illinois.cs.testrunner.execution.JUnitTestExecutor.executeWithJUnit4Runner(JUnitTestExecutor.java:327)
	at edu.illinois.cs.testrunner.execution.JUnitTestExecutor.runOrder(JUnitTestExecutor.java:49)
	at edu.illinois.cs.testrunner.execution.Executor$.$anonfun$run$1(Executor.scala:30)
	at scala.runtime.java8.JFunction0$mcV$sp.apply(JFunction0$mcV$sp.java:12)
	at scala.util.Try$.apply(Try.scala:209)
	at edu.illinois.cs.testrunner.execution.Executor$.run(Executor.scala:28)
	at edu.illinois.cs.testrunner.execution.Executor$.main(Executor.scala:18)
	at edu.illinois.cs.testrunner.execution.Executor.main(Executor.scala)
24/04/26 02:20:44 DEBUG druid.DruidParser: Parsing SQL Insert into User(user_id,name,value) values(1,'binlijin');
24/04/26 02:20:44 DEBUG druid.DruidDMLParser: INSERT SQL TableSource User
24/04/26 02:20:44 DEBUG druid.DruidDMLParser: From table User
24/04/26 02:20:44 DEBUG druid.DruidDMLParser:  SQLInsertItem user_id
24/04/26 02:20:44 DEBUG druid.DruidDMLParser:  SQLInsertItem name
24/04/26 02:20:44 DEBUG druid.DruidDMLParser:  SQLInsertItem value
24/04/26 02:20:44 DEBUG druid.DruidDMLParser: INSERT SQL Insert columns [user_id, name, value]
24/04/26 02:20:44 DEBUG druid.DruidDMLParser: INSERT SQL Insert Values List [ VALUES (1, 'binlijin')]
24/04/26 02:20:44 ERROR druid.DruidParserTestUtil: execute
java.io.IOException: Insert clause 3 columns  not match 2 values 
	at com.alibaba.wasp.plan.parser.druid.DruidDMLParser.buildFieldsPair(DruidDMLParser.java:334)
	at com.alibaba.wasp.plan.parser.druid.DruidDMLParser.genInsertAction(DruidDMLParser.java:180)
	at com.alibaba.wasp.plan.parser.druid.DruidDMLParser.getInsertPlan(DruidDMLParser.java:152)
	at com.alibaba.wasp.plan.parser.druid.DruidDMLParser.generatePlan(DruidDMLParser.java:105)
	at com.alibaba.wasp.plan.parser.druid.DruidParserTestUtil.execute(DruidParserTestUtil.java:104)
	at com.alibaba.wasp.plan.parser.druid.TestDruidDMLFailParser.getInsertFailedPlan(TestDruidDMLFailParser.java:97)
	at sun.reflect.NativeMethodAccessorImpl.invoke0(Native Method)
	at sun.reflect.NativeMethodAccessorImpl.invoke(NativeMethodAccessorImpl.java:62)
	at sun.reflect.DelegatingMethodAccessorImpl.invoke(DelegatingMethodAccessorImpl.java:43)
	at java.lang.reflect.Method.invoke(Method.java:498)
	at org.junit.runners.model.FrameworkMethod$1.runReflectiveCall(FrameworkMethod.java:45)
	at org.junit.internal.runners.model.ReflectiveCallable.run(ReflectiveCallable.java:15)
	at org.junit.runners.model.FrameworkMethod.invokeExplosively(FrameworkMethod.java:42)
	at org.junit.internal.runners.statements.InvokeMethod.evaluate(InvokeMethod.java:20)
	at org.junit.internal.runners.statements.RunBefores.evaluate(RunBefores.java:28)
	at org.junit.internal.runners.statements.RunAfters.evaluate(RunAfters.java:30)
	at org.junit.runners.ParentRunner.runLeaf(ParentRunner.java:263)
	at org.junit.runners.BlockJUnit4ClassRunner.runChild(BlockJUnit4ClassRunner.java:68)
	at org.junit.runners.BlockJUnit4ClassRunner.runChild(BlockJUnit4ClassRunner.java:47)
	at org.junit.runners.ParentRunner$3.run(ParentRunner.java:231)
	at org.junit.runners.ParentRunner$1.schedule(ParentRunner.java:60)
	at org.junit.runners.ParentRunner.runChildren(ParentRunner.java:229)
	at org.junit.runners.ParentRunner.access$000(ParentRunner.java:50)
	at org.junit.runners.ParentRunner$2.evaluate(ParentRunner.java:222)
	at org.junit.internal.runners.statements.RunBefores.evaluate(RunBefores.java:28)
	at org.junit.internal.runners.statements.RunAfters.evaluate(RunAfters.java:30)
	at org.junit.runners.ParentRunner.run(ParentRunner.java:300)
	at org.junit.runners.Suite.runChild(Suite.java:128)
	at org.junit.runners.Suite.runChild(Suite.java:24)
	at org.junit.runners.ParentRunner$3.run(ParentRunner.java:231)
	at org.junit.runners.ParentRunner$1.schedule(ParentRunner.java:60)
	at org.junit.runners.ParentRunner.runChildren(ParentRunner.java:229)
	at org.junit.runners.ParentRunner.access$000(ParentRunner.java:50)
	at org.junit.runners.ParentRunner$2.evaluate(ParentRunner.java:222)
	at org.junit.runners.ParentRunner.run(ParentRunner.java:300)
	at org.junit.runner.JUnitCore.run(JUnitCore.java:157)
	at org.junit.runner.JUnitCore.run(JUnitCore.java:136)
	at edu.illinois.cs.testrunner.execution.JUnitTestExecutor.execute(JUnitTestExecutor.java:259)
	at edu.illinois.cs.testrunner.execution.JUnitTestExecutor.executeWithJUnit4Runner(JUnitTestExecutor.java:327)
	at edu.illinois.cs.testrunner.execution.JUnitTestExecutor.runOrder(JUnitTestExecutor.java:49)
	at edu.illinois.cs.testrunner.execution.Executor$.$anonfun$run$1(Executor.scala:30)
	at scala.runtime.java8.JFunction0$mcV$sp.apply(JFunction0$mcV$sp.java:12)
	at scala.util.Try$.apply(Try.scala:209)
	at edu.illinois.cs.testrunner.execution.Executor$.run(Executor.scala:28)
	at edu.illinois.cs.testrunner.execution.Executor$.main(Executor.scala:18)
	at edu.illinois.cs.testrunner.execution.Executor.main(Executor.scala)
24/04/26 02:20:44 DEBUG fserver.MetricsEntityGroupSourceImpl: Creating new MetricsEntityGroupSourceImpl for table null TEST
24/04/26 02:20:44 DEBUG fserver.MetricsEntityGroupSourceImpl: Creating new MetricsEntityGroupSourceImpl for table null TEST
24/04/26 02:20:44 DEBUG fserver.MetricsEntityGroupSourceImpl: Creating new MetricsEntityGroupSourceImpl for table null TWO
Starting DataNode 0 with dfs.data.dir: /home/alex/Repositories/wasp/target/test-data/1abdc52f-e25f-42d9-b04b-55443976d4ab/dfscluster_13b2654a-1295-4470-9eae-ae6f46ded0cf/dfs/data/data1,/home/alex/Repositories/wasp/target/test-data/1abdc52f-e25f-42d9-b04b-55443976d4ab/dfscluster_13b2654a-1295-4470-9eae-ae6f46ded0cf/dfs/data/data2
24/04/26 02:20:44 ERROR datanode.DataNode: All directories in dfs.data.dir are invalid.
java.lang.NullPointerException
	at org.apache.hadoop.hdfs.MiniDFSCluster.startDataNodes(MiniDFSCluster.java:422)
	at org.apache.hadoop.hdfs.MiniDFSCluster.<init>(MiniDFSCluster.java:280)
	at org.apache.hadoop.hbase.HBaseTestingUtility.startMiniDFSCluster(HBaseTestingUtility.java:451)
	at org.apache.hadoop.hbase.HBaseTestingUtility.startMiniCluster(HBaseTestingUtility.java:619)
	at org.apache.hadoop.hbase.HBaseTestingUtility.startMiniCluster(HBaseTestingUtility.java:575)
	at org.apache.hadoop.hbase.HBaseTestingUtility.startMiniCluster(HBaseTestingUtility.java:562)
	at com.alibaba.wasp.meta.TestFMetaStore.setUpBeforeClass(TestFMetaStore.java:73)
	at sun.reflect.NativeMethodAccessorImpl.invoke0(Native Method)
	at sun.reflect.NativeMethodAccessorImpl.invoke(NativeMethodAccessorImpl.java:62)
	at sun.reflect.DelegatingMethodAccessorImpl.invoke(DelegatingMethodAccessorImpl.java:43)
	at java.lang.reflect.Method.invoke(Method.java:498)
	at org.junit.runners.model.FrameworkMethod$1.runReflectiveCall(FrameworkMethod.java:45)
	at org.junit.internal.runners.model.ReflectiveCallable.run(ReflectiveCallable.java:15)
	at org.junit.runners.model.FrameworkMethod.invokeExplosively(FrameworkMethod.java:42)
	at org.junit.internal.runners.statements.RunBefores.evaluate(RunBefores.java:27)
	at org.junit.internal.runners.statements.RunAfters.evaluate(RunAfters.java:30)
	at org.junit.runners.ParentRunner.run(ParentRunner.java:300)
	at org.junit.runners.Suite.runChild(Suite.java:128)
	at org.junit.runners.Suite.runChild(Suite.java:24)
	at org.junit.runners.ParentRunner$3.run(ParentRunner.java:231)
	at org.junit.runners.ParentRunner$1.schedule(ParentRunner.java:60)
	at org.junit.runners.ParentRunner.runChildren(ParentRunner.java:229)
	at org.junit.runners.ParentRunner.access$000(ParentRunner.java:50)
	at org.junit.runners.ParentRunner$2.evaluate(ParentRunner.java:222)
	at org.junit.runners.ParentRunner.run(ParentRunner.java:300)
	at org.junit.runner.JUnitCore.run(JUnitCore.java:157)
	at org.junit.runner.JUnitCore.run(JUnitCore.java:136)
	at edu.illinois.cs.testrunner.execution.JUnitTestExecutor.execute(JUnitTestExecutor.java:259)
	at edu.illinois.cs.testrunner.execution.JUnitTestExecutor.executeWithJUnit4Runner(JUnitTestExecutor.java:327)
	at edu.illinois.cs.testrunner.execution.JUnitTestExecutor.runOrder(JUnitTestExecutor.java:49)
	at edu.illinois.cs.testrunner.execution.Executor$.$anonfun$run$1(Executor.scala:30)
	at scala.runtime.java8.JFunction0$mcV$sp.apply(JFunction0$mcV$sp.java:12)
	at scala.util.Try$.apply(Try.scala:209)
	at edu.illinois.cs.testrunner.execution.Executor$.run(Executor.scala:28)
	at edu.illinois.cs.testrunner.execution.Executor$.main(Executor.scala:18)
	at edu.illinois.cs.testrunner.execution.Executor.main(Executor.scala)
24/04/26 02:20:44 INFO balancer.TestDefaultLoadBalancer: Mock Cluster : { srv76138:0 } [srvr=1 rgns=0 avg=0.0 max=0 min=0]
24/04/26 02:20:44 INFO balancer.DefaultLoadBalancer: Skipping load balancing because balanced cluster; servers=1 entityGroups=0 average=0.0 mostloaded=0 leastloaded=0
24/04/26 02:20:44 INFO balancer.TestDefaultLoadBalancer: Mock Balance : {  }
24/04/26 02:20:44 INFO balancer.TestDefaultLoadBalancer: Mock Cluster : { srv76138:1 } [srvr=1 rgns=1 avg=1.0 max=1 min=1]
24/04/26 02:20:44 INFO balancer.DefaultLoadBalancer: Skipping load balancing because balanced cluster; servers=1 entityGroups=1 average=1.0 mostloaded=1 leastloaded=1
24/04/26 02:20:44 INFO balancer.TestDefaultLoadBalancer: Mock Balance : {  }
24/04/26 02:20:44 INFO balancer.TestDefaultLoadBalancer: Mock Cluster : { srv76138:10 } [srvr=1 rgns=10 avg=10.0 max=10 min=10]
24/04/26 02:20:44 INFO balancer.DefaultLoadBalancer: Skipping load balancing because balanced cluster; servers=1 entityGroups=10 average=10.0 mostloaded=10 leastloaded=10
24/04/26 02:20:44 INFO balancer.TestDefaultLoadBalancer: Mock Balance : {  }
24/04/26 02:20:44 INFO balancer.TestDefaultLoadBalancer: Mock Cluster : { srv6710:0 , srv76138:0 } [srvr=2 rgns=0 avg=0.0 max=0 min=0]
24/04/26 02:20:44 INFO balancer.DefaultLoadBalancer: Skipping load balancing because balanced cluster; servers=2 entityGroups=0 average=0.0 mostloaded=0 leastloaded=0
24/04/26 02:20:44 INFO balancer.TestDefaultLoadBalancer: Mock Balance : {  }
24/04/26 02:20:44 INFO balancer.TestDefaultLoadBalancer: Mock Cluster : { srv76138:0 , srv6710:2 } [srvr=2 rgns=2 avg=1.0 max=1 min=1]
24/04/26 02:20:44 DEBUG balancer.DefaultLoadBalancer: Balance parameter: numEntityGroups=2, numServers=2, max=1, min=1
24/04/26 02:20:44 INFO balancer.DefaultLoadBalancer: Calculated a load balance in 4ms. Moving 1 entityGroups off of 1 overloaded servers onto 1 less loaded servers
24/04/26 02:20:44 INFO balancer.TestDefaultLoadBalancer: Mock Balance : { srv6710:1 , srv76138:1 }
24/04/26 02:20:44 INFO balancer.TestDefaultLoadBalancer: Mock Cluster : { srv76138:1 , srv6710:2 } [srvr=2 rgns=3 avg=1.5 max=2 min=1]
24/04/26 02:20:44 INFO balancer.DefaultLoadBalancer: Skipping load balancing because balanced cluster; servers=2 entityGroups=3 average=1.5 mostloaded=2 leastloaded=1
24/04/26 02:20:44 INFO balancer.TestDefaultLoadBalancer: Mock Balance : {  }
24/04/26 02:20:44 INFO balancer.TestDefaultLoadBalancer: Mock Cluster : { srv6710:2 , srv76138:2 } [srvr=2 rgns=4 avg=2.0 max=2 min=2]
24/04/26 02:20:44 INFO balancer.DefaultLoadBalancer: Skipping load balancing because balanced cluster; servers=2 entityGroups=4 average=2.0 mostloaded=2 leastloaded=2
24/04/26 02:20:44 INFO balancer.TestDefaultLoadBalancer: Mock Balance : {  }
24/04/26 02:20:44 INFO balancer.TestDefaultLoadBalancer: Mock Cluster : { srv6710:2 , srv76138:3 } [srvr=2 rgns=5 avg=2.5 max=3 min=2]
24/04/26 02:20:44 INFO balancer.DefaultLoadBalancer: Skipping load balancing because balanced cluster; servers=2 entityGroups=5 average=2.5 mostloaded=3 leastloaded=2
24/04/26 02:20:44 INFO balancer.TestDefaultLoadBalancer: Mock Balance : {  }
24/04/26 02:20:44 INFO balancer.TestDefaultLoadBalancer: Mock Cluster : { srv6710:2 , srv76138:4 } [srvr=2 rgns=6 avg=3.0 max=3 min=3]
24/04/26 02:20:44 DEBUG balancer.DefaultLoadBalancer: Balance parameter: numEntityGroups=6, numServers=2, max=3, min=3
24/04/26 02:20:44 INFO balancer.DefaultLoadBalancer: Calculated a load balance in 0ms. Moving 1 entityGroups off of 1 overloaded servers onto 1 less loaded servers
24/04/26 02:20:44 INFO balancer.TestDefaultLoadBalancer: Mock Balance : { srv6710:3 , srv76138:3 }
24/04/26 02:20:44 INFO balancer.TestDefaultLoadBalancer: Mock Cluster : { srv6710:1 , srv76138:1 } [srvr=2 rgns=2 avg=1.0 max=1 min=1]
24/04/26 02:20:44 INFO balancer.DefaultLoadBalancer: Skipping load balancing because balanced cluster; servers=2 entityGroups=2 average=1.0 mostloaded=1 leastloaded=1
24/04/26 02:20:44 INFO balancer.TestDefaultLoadBalancer: Mock Balance : {  }
24/04/26 02:20:44 INFO balancer.TestDefaultLoadBalancer: Mock Cluster : { srv6710:0 , srv76138:1 } [srvr=2 rgns=1 avg=0.5 max=1 min=0]
24/04/26 02:20:44 INFO balancer.DefaultLoadBalancer: Skipping load balancing because balanced cluster; servers=2 entityGroups=1 average=0.5 mostloaded=1 leastloaded=0
24/04/26 02:20:44 INFO balancer.TestDefaultLoadBalancer: Mock Balance : {  }
24/04/26 02:20:44 INFO balancer.TestDefaultLoadBalancer: Mock Cluster : { srv76138:1 , srv6710:10 } [srvr=2 rgns=11 avg=5.5 max=6 min=5]
24/04/26 02:20:44 DEBUG balancer.DefaultLoadBalancer: Balance parameter: numEntityGroups=11, numServers=2, max=6, min=5
24/04/26 02:20:44 INFO balancer.DefaultLoadBalancer: Calculated a load balance in 0ms. Moving 4 entityGroups off of 1 overloaded servers onto 1 less loaded servers
24/04/26 02:20:44 INFO balancer.TestDefaultLoadBalancer: Mock Balance : { srv76138:5 , srv6710:6 }
24/04/26 02:20:44 INFO balancer.TestDefaultLoadBalancer: Mock Cluster : { srv6710:14 , srv76138:1432 } [srvr=2 rgns=1446 avg=723.0 max=723 min=723]
24/04/26 02:20:44 DEBUG balancer.DefaultLoadBalancer: Balance parameter: numEntityGroups=1446, numServers=2, max=723, min=723
24/04/26 02:20:44 INFO balancer.DefaultLoadBalancer: Calculated a load balance in 6ms. Moving 709 entityGroups off of 1 overloaded servers onto 1 less loaded servers
24/04/26 02:20:44 INFO balancer.TestDefaultLoadBalancer: Mock Balance : { srv6710:723 , srv76138:723 }
24/04/26 02:20:44 INFO balancer.TestDefaultLoadBalancer: Mock Cluster : { srv6710:47 , srv76138:53 } [srvr=2 rgns=100 avg=50.0 max=50 min=50]
24/04/26 02:20:44 DEBUG balancer.DefaultLoadBalancer: Balance parameter: numEntityGroups=100, numServers=2, max=50, min=50
24/04/26 02:20:44 INFO balancer.DefaultLoadBalancer: Calculated a load balance in 0ms. Moving 3 entityGroups off of 1 overloaded servers onto 1 less loaded servers
24/04/26 02:20:44 INFO balancer.TestDefaultLoadBalancer: Mock Balance : { srv6710:50 , srv76138:50 }
24/04/26 02:20:44 INFO balancer.TestDefaultLoadBalancer: Mock Cluster : { srv6710:0 , srv76138:1 , srv69833:2 } [srvr=3 rgns=3 avg=1.0 max=1 min=1]
24/04/26 02:20:44 DEBUG balancer.DefaultLoadBalancer: Balance parameter: numEntityGroups=3, numServers=3, max=1, min=1
24/04/26 02:20:44 INFO balancer.DefaultLoadBalancer: Calculated a load balance in 0ms. Moving 1 entityGroups off of 1 overloaded servers onto 1 less loaded servers
24/04/26 02:20:44 INFO balancer.TestDefaultLoadBalancer: Mock Balance : { srv6710:1 , srv69833:1 , srv76138:1 }
24/04/26 02:20:44 INFO balancer.TestDefaultLoadBalancer: Mock Cluster : { srv6710:1 , srv69833:2 , srv76138:3 } [srvr=3 rgns=6 avg=2.0 max=2 min=2]
24/04/26 02:20:44 DEBUG balancer.DefaultLoadBalancer: Balance parameter: numEntityGroups=6, numServers=3, max=2, min=2
24/04/26 02:20:44 INFO balancer.DefaultLoadBalancer: Calculated a load balance in 0ms. Moving 1 entityGroups off of 1 overloaded servers onto 1 less loaded servers
24/04/26 02:20:44 INFO balancer.TestDefaultLoadBalancer: Mock Balance : { srv6710:2 , srv69833:2 , srv76138:2 }
24/04/26 02:20:44 INFO balancer.TestDefaultLoadBalancer: Mock Cluster : { srv6710:0 , srv69833:2 , srv76138:2 } [srvr=3 rgns=4 avg=1.3333334 max=2 min=1]
24/04/26 02:20:44 DEBUG balancer.DefaultLoadBalancer: Balance parameter: numEntityGroups=4, numServers=3, max=2, min=1
24/04/26 02:20:44 INFO balancer.DefaultLoadBalancer: Done. Calculated a load balance in 0ms. Moving 1 entityGroups off of 0 overloaded servers onto 1 less loaded servers
24/04/26 02:20:44 INFO balancer.TestDefaultLoadBalancer: Mock Balance : { srv6710:1 , srv76138:1 , srv69833:2 }
24/04/26 02:20:44 INFO balancer.TestDefaultLoadBalancer: Mock Cluster : { srv6710:0 , srv76138:0 , srv69833:3 } [srvr=3 rgns=3 avg=1.0 max=1 min=1]
24/04/26 02:20:44 DEBUG balancer.DefaultLoadBalancer: Balance parameter: numEntityGroups=3, numServers=3, max=1, min=1
24/04/26 02:20:44 INFO balancer.DefaultLoadBalancer: Calculated a load balance in 0ms. Moving 2 entityGroups off of 1 overloaded servers onto 2 less loaded servers
24/04/26 02:20:44 INFO balancer.TestDefaultLoadBalancer: Mock Balance : { srv6710:1 , srv69833:1 , srv76138:1 }
24/04/26 02:20:44 INFO balancer.TestDefaultLoadBalancer: Mock Cluster : { srv6710:0 , srv76138:0 , srv69833:4 } [srvr=3 rgns=4 avg=1.3333334 max=2 min=1]
24/04/26 02:20:44 DEBUG balancer.DefaultLoadBalancer: Balance parameter: numEntityGroups=4, numServers=3, max=2, min=1
24/04/26 02:20:44 INFO balancer.DefaultLoadBalancer: Calculated a load balance in 0ms. Moving 2 entityGroups off of 1 overloaded servers onto 2 less loaded servers
24/04/26 02:20:44 INFO balancer.TestDefaultLoadBalancer: Mock Balance : { srv6710:1 , srv76138:1 , srv69833:2 }
24/04/26 02:20:44 INFO balancer.TestDefaultLoadBalancer: Mock Cluster : { srv76138:0 , srv6710:20 , srv69833:20 } [srvr=3 rgns=40 avg=13.333333 max=14 min=13]
24/04/26 02:20:44 DEBUG balancer.DefaultLoadBalancer: Balance parameter: numEntityGroups=40, numServers=3, max=14, min=13
24/04/26 02:20:44 INFO balancer.DefaultLoadBalancer: Done. Calculated a load balance in 0ms. Moving 13 entityGroups off of 2 overloaded servers onto 1 less loaded servers
24/04/26 02:20:44 INFO balancer.TestDefaultLoadBalancer: Mock Balance : { srv69833:13 , srv76138:13 , srv6710:14 }
24/04/26 02:20:44 INFO balancer.TestDefaultLoadBalancer: Mock Cluster : { srv6710:0 , srv69833:1 , srv76138:2 , srv98031:3 } [srvr=4 rgns=6 avg=1.5 max=2 min=1]
24/04/26 02:20:44 DEBUG balancer.DefaultLoadBalancer: Balance parameter: numEntityGroups=6, numServers=4, max=2, min=1
24/04/26 02:20:44 INFO balancer.DefaultLoadBalancer: Calculated a load balance in 0ms. Moving 1 entityGroups off of 1 overloaded servers onto 1 less loaded servers
24/04/26 02:20:44 INFO balancer.TestDefaultLoadBalancer: Mock Balance : { srv6710:1 , srv69833:1 , srv76138:2 , srv98031:2 }
24/04/26 02:20:44 INFO balancer.TestDefaultLoadBalancer: Mock Cluster : { srv69833:0 , srv76138:0 , srv98031:0 , srv6710:4 } [srvr=4 rgns=4 avg=1.0 max=1 min=1]
24/04/26 02:20:44 DEBUG balancer.DefaultLoadBalancer: Balance parameter: numEntityGroups=4, numServers=4, max=1, min=1
24/04/26 02:20:44 INFO balancer.DefaultLoadBalancer: Calculated a load balance in 0ms. Moving 3 entityGroups off of 1 overloaded servers onto 3 less loaded servers
24/04/26 02:20:44 INFO balancer.TestDefaultLoadBalancer: Mock Balance : { srv6710:1 , srv69833:1 , srv76138:1 , srv98031:1 }
24/04/26 02:20:44 INFO balancer.TestDefaultLoadBalancer: Mock Cluster : { srv69833:0 , srv76138:0 , srv98031:0 , srv6710:5 } [srvr=4 rgns=5 avg=1.25 max=2 min=1]
24/04/26 02:20:44 DEBUG balancer.DefaultLoadBalancer: Balance parameter: numEntityGroups=5, numServers=4, max=2, min=1
24/04/26 02:20:44 INFO balancer.DefaultLoadBalancer: Calculated a load balance in 0ms. Moving 3 entityGroups off of 1 overloaded servers onto 3 less loaded servers
24/04/26 02:20:44 INFO balancer.TestDefaultLoadBalancer: Mock Balance : { srv69833:1 , srv76138:1 , srv98031:1 , srv6710:2 }
24/04/26 02:20:44 INFO balancer.TestDefaultLoadBalancer: Mock Cluster : { srv76138:0 , srv98031:0 , srv6710:6 , srv69833:6 } [srvr=4 rgns=12 avg=3.0 max=3 min=3]
24/04/26 02:20:44 DEBUG balancer.DefaultLoadBalancer: Balance parameter: numEntityGroups=12, numServers=4, max=3, min=3
24/04/26 02:20:44 INFO balancer.DefaultLoadBalancer: Calculated a load balance in 0ms. Moving 6 entityGroups off of 2 overloaded servers onto 2 less loaded servers
24/04/26 02:20:44 INFO balancer.TestDefaultLoadBalancer: Mock Balance : { srv6710:3 , srv69833:3 , srv76138:3 , srv98031:3 }
24/04/26 02:20:44 INFO balancer.TestDefaultLoadBalancer: Mock Cluster : { srv76138:0 , srv98031:0 , srv69833:2 , srv6710:6 } [srvr=4 rgns=8 avg=2.0 max=2 min=2]
24/04/26 02:20:44 DEBUG balancer.DefaultLoadBalancer: Balance parameter: numEntityGroups=8, numServers=4, max=2, min=2
24/04/26 02:20:44 INFO balancer.DefaultLoadBalancer: Calculated a load balance in 0ms. Moving 4 entityGroups off of 1 overloaded servers onto 2 less loaded servers
24/04/26 02:20:44 INFO balancer.TestDefaultLoadBalancer: Mock Balance : { srv6710:2 , srv69833:2 , srv76138:2 , srv98031:2 }
24/04/26 02:20:44 INFO balancer.TestDefaultLoadBalancer: Mock Cluster : { srv76138:0 , srv98031:0 , srv69833:1 , srv6710:6 } [srvr=4 rgns=7 avg=1.75 max=2 min=1]
24/04/26 02:20:44 DEBUG balancer.DefaultLoadBalancer: Balance parameter: numEntityGroups=7, numServers=4, max=2, min=1
24/04/26 02:20:44 INFO balancer.DefaultLoadBalancer: Done. Calculated a load balance in 1ms. Moving 4 entityGroups off of 1 overloaded servers onto 2 less loaded servers
24/04/26 02:20:44 INFO balancer.TestDefaultLoadBalancer: Mock Balance : { srv69833:1 , srv6710:2 , srv76138:2 , srv98031:2 }
24/04/26 02:20:44 INFO balancer.TestDefaultLoadBalancer: Mock Cluster : { srv69833:0 , srv76138:0 , srv98031:0 , srv6710:6 } [srvr=4 rgns=6 avg=1.5 max=2 min=1]
24/04/26 02:20:44 DEBUG balancer.DefaultLoadBalancer: Balance parameter: numEntityGroups=6, numServers=4, max=2, min=1
24/04/26 02:20:44 INFO balancer.DefaultLoadBalancer: Done. Calculated a load balance in 0ms. Moving 4 entityGroups off of 1 overloaded servers onto 3 less loaded servers
24/04/26 02:20:44 INFO balancer.TestDefaultLoadBalancer: Mock Balance : { srv76138:1 , srv98031:1 , srv6710:2 , srv69833:2 }
24/04/26 02:20:44 INFO balancer.TestDefaultLoadBalancer: Mock Cluster : { srv6710:4 , srv69833:4 , srv76138:4 , srv98031:7 } [srvr=4 rgns=19 avg=4.75 max=5 min=4]
24/04/26 02:20:44 DEBUG balancer.DefaultLoadBalancer: Balance parameter: numEntityGroups=19, numServers=4, max=5, min=4
24/04/26 02:20:44 INFO balancer.DefaultLoadBalancer: Done. Calculated a load balance in 0ms. Moving 2 entityGroups off of 1 overloaded servers onto 0 less loaded servers
24/04/26 02:20:44 INFO balancer.TestDefaultLoadBalancer: Mock Balance : { srv76138:4 , srv6710:5 , srv69833:5 , srv98031:5 }
24/04/26 02:20:44 INFO balancer.TestDefaultLoadBalancer: Mock Cluster : { srv6710:4 , srv69833:4 , srv76138:4 , srv98031:8 } [srvr=4 rgns=20 avg=5.0 max=5 min=5]
24/04/26 02:20:44 DEBUG balancer.DefaultLoadBalancer: Balance parameter: numEntityGroups=20, numServers=4, max=5, min=5
24/04/26 02:20:44 INFO balancer.DefaultLoadBalancer: Calculated a load balance in 0ms. Moving 3 entityGroups off of 1 overloaded servers onto 3 less loaded servers
24/04/26 02:20:44 INFO balancer.TestDefaultLoadBalancer: Mock Balance : { srv6710:5 , srv69833:5 , srv76138:5 , srv98031:5 }
24/04/26 02:20:44 INFO balancer.TestDefaultLoadBalancer: Mock Cluster : { srv6710:0 , srv69833:0 , srv76138:0 , srv98031:7 } [srvr=4 rgns=7 avg=1.75 max=2 min=1]
24/04/26 02:20:44 DEBUG balancer.DefaultLoadBalancer: Balance parameter: numEntityGroups=7, numServers=4, max=2, min=1
24/04/26 02:20:44 INFO balancer.DefaultLoadBalancer: Done. Calculated a load balance in 0ms. Moving 5 entityGroups off of 1 overloaded servers onto 3 less loaded servers
24/04/26 02:20:44 INFO balancer.TestDefaultLoadBalancer: Mock Balance : { srv76138:1 , srv6710:2 , srv69833:2 , srv98031:2 }
24/04/26 02:20:44 INFO balancer.TestDefaultLoadBalancer: Mock Cluster : { srv6710:1 , srv69833:1 , srv76138:1 , srv98031:1 , srv85044:4 } [srvr=5 rgns=8 avg=1.6 max=2 min=1]
24/04/26 02:20:44 DEBUG balancer.DefaultLoadBalancer: Balance parameter: numEntityGroups=8, numServers=5, max=2, min=1
24/04/26 02:20:44 INFO balancer.DefaultLoadBalancer: Done. Calculated a load balance in 0ms. Moving 2 entityGroups off of 1 overloaded servers onto 0 less loaded servers
24/04/26 02:20:44 INFO balancer.TestDefaultLoadBalancer: Mock Balance : { srv76138:1 , srv98031:1 , srv6710:2 , srv69833:2 , srv85044:2 }
24/04/26 02:20:44 INFO balancer.TestDefaultLoadBalancer: Mock Cluster : { srv6710:1 , srv69833:2 , srv76138:3 , srv85044:4 , srv98031:5 , srv62486:6 , srv59373:7 , srv54489:8 , srv23414:9 , srv77380:10 , srv38638:11 , srv12718:12 , srv78453:13 , srv81424:14 , srv50700:15 } [srvr=15 rgns=120 avg=8.0 max=8 min=8]
24/04/26 02:20:44 DEBUG balancer.DefaultLoadBalancer: Balance parameter: numEntityGroups=120, numServers=15, max=8, min=8
24/04/26 02:20:44 INFO balancer.DefaultLoadBalancer: Calculated a load balance in 0ms. Moving 28 entityGroups off of 7 overloaded servers onto 7 less loaded servers
24/04/26 02:20:44 INFO balancer.TestDefaultLoadBalancer: Mock Balance : { srv12718:8 , srv23414:8 , srv38638:8 , srv50700:8 , srv54489:8 , srv59373:8 , srv62486:8 , srv6710:8 , srv69833:8 , srv76138:8 , srv77380:8 , srv78453:8 , srv81424:8 , srv85044:8 , srv98031:8 }
24/04/26 02:20:44 INFO balancer.TestDefaultLoadBalancer: Mock Cluster : { srv12718:0 , srv23414:0 , srv38638:0 , srv50700:0 , srv54489:0 , srv59373:0 , srv62486:0 , srv6710:0 , srv69833:0 , srv76138:10 } [srvr=10 rgns=10 avg=1.0 max=1 min=1]
24/04/26 02:20:44 DEBUG balancer.DefaultLoadBalancer: Balance parameter: numEntityGroups=10, numServers=10, max=1, min=1
24/04/26 02:20:44 INFO balancer.DefaultLoadBalancer: Calculated a load balance in 0ms. Moving 9 entityGroups off of 1 overloaded servers onto 9 less loaded servers
24/04/26 02:20:44 INFO balancer.TestDefaultLoadBalancer: Mock Balance : { srv12718:1 , srv23414:1 , srv38638:1 , srv50700:1 , srv54489:1 , srv59373:1 , srv62486:1 , srv6710:1 , srv69833:1 , srv76138:1 }
24/04/26 02:20:44 INFO balancer.TestDefaultLoadBalancer: Mock Cluster : { srv54489:1 , srv81424:5 , srv12718:6 , srv23414:6 , srv38638:6 , srv50700:6 , srv77380:6 , srv78453:6 , srv85044:6 , srv98031:6 } [srvr=10 rgns=54 avg=5.4 max=6 min=5]
24/04/26 02:20:44 DEBUG balancer.DefaultLoadBalancer: Balance parameter: numEntityGroups=54, numServers=10, max=6, min=5
24/04/26 02:20:44 INFO balancer.DefaultLoadBalancer: Done. Calculated a load balance in 0ms. Moving 4 entityGroups off of 0 overloaded servers onto 1 less loaded servers
24/04/26 02:20:44 INFO balancer.TestDefaultLoadBalancer: Mock Balance : { srv54489:5 , srv77380:5 , srv78453:5 , srv81424:5 , srv85044:5 , srv98031:5 , srv12718:6 , srv23414:6 , srv38638:6 , srv50700:6 }
24/04/26 02:20:44 INFO balancer.TestDefaultLoadBalancer: Mock Cluster : { srv12718:0 , srv23414:0 , srv38638:0 , srv50700:0 , srv59373:0 , srv62486:0 , srv6710:0 , srv69833:0 , srv76138:0 , srv54489:54 } [srvr=10 rgns=54 avg=5.4 max=6 min=5]
24/04/26 02:20:44 DEBUG balancer.DefaultLoadBalancer: Balance parameter: numEntityGroups=54, numServers=10, max=6, min=5
24/04/26 02:20:44 INFO balancer.DefaultLoadBalancer: Done. Calculated a load balance in 0ms. Moving 48 entityGroups off of 1 overloaded servers onto 9 less loaded servers
24/04/26 02:20:44 INFO balancer.TestDefaultLoadBalancer: Mock Balance : { srv50700:5 , srv59373:5 , srv62486:5 , srv6710:5 , srv69833:5 , srv76138:5 , srv12718:6 , srv23414:6 , srv38638:6 , srv54489:6 }
24/04/26 02:20:44 INFO balancer.TestDefaultLoadBalancer: Mock Cluster : { srv12718:0 , srv23414:0 , srv38638:0 , srv50700:0 , srv77380:0 , srv78453:0 , srv81424:0 , srv85044:0 , srv98031:0 , srv54489:55 } [srvr=10 rgns=55 avg=5.5 max=6 min=5]
24/04/26 02:20:44 DEBUG balancer.DefaultLoadBalancer: Balance parameter: numEntityGroups=55, numServers=10, max=6, min=5
24/04/26 02:20:44 INFO balancer.DefaultLoadBalancer: Done. Calculated a load balance in 0ms. Moving 49 entityGroups off of 1 overloaded servers onto 9 less loaded servers
24/04/26 02:20:44 INFO balancer.TestDefaultLoadBalancer: Mock Balance : { srv77380:5 , srv78453:5 , srv81424:5 , srv85044:5 , srv98031:5 , srv12718:6 , srv23414:6 , srv38638:6 , srv50700:6 , srv54489:6 }
24/04/26 02:20:44 INFO balancer.TestDefaultLoadBalancer: Mock Cluster : { srv12718:0 , srv23414:0 , srv38638:0 , srv50700:0 , srv59373:0 , srv62486:0 , srv6710:0 , srv69833:0 , srv76138:0 , srv54489:56 } [srvr=10 rgns=56 avg=5.6 max=6 min=5]
24/04/26 02:20:44 DEBUG balancer.DefaultLoadBalancer: Balance parameter: numEntityGroups=56, numServers=10, max=6, min=5
24/04/26 02:20:44 INFO balancer.DefaultLoadBalancer: Done. Calculated a load balance in 0ms. Moving 50 entityGroups off of 1 overloaded servers onto 9 less loaded servers
24/04/26 02:20:44 INFO balancer.TestDefaultLoadBalancer: Mock Balance : { srv62486:5 , srv6710:5 , srv69833:5 , srv76138:5 , srv12718:6 , srv23414:6 , srv38638:6 , srv50700:6 , srv54489:6 , srv59373:6 }
24/04/26 02:20:44 INFO balancer.TestDefaultLoadBalancer: Mock Cluster : { srv12718:0 , srv23414:0 , srv38638:0 , srv50700:0 , srv77380:0 , srv78453:0 , srv81424:0 , srv85044:0 , srv98031:0 , srv54489:16 } [srvr=10 rgns=16 avg=1.6 max=2 min=1]
24/04/26 02:20:44 DEBUG balancer.DefaultLoadBalancer: Balance parameter: numEntityGroups=16, numServers=10, max=2, min=1
24/04/26 02:20:44 INFO balancer.DefaultLoadBalancer: Done. Calculated a load balance in 0ms. Moving 14 entityGroups off of 1 overloaded servers onto 9 less loaded servers
24/04/26 02:20:44 INFO balancer.TestDefaultLoadBalancer: Mock Balance : { srv78453:1 , srv81424:1 , srv85044:1 , srv98031:1 , srv12718:2 , srv23414:2 , srv38638:2 , srv50700:2 , srv54489:2 , srv77380:2 }
24/04/26 02:20:44 INFO balancer.TestDefaultLoadBalancer: Mock Cluster : { srv12718:1 , srv23414:1 , srv38638:1 , srv50700:1 , srv59373:1 , srv62486:1 , srv6710:1 , srv69833:1 , srv76138:1 , srv54489:8 } [srvr=10 rgns=17 avg=1.7 max=2 min=1]
24/04/26 02:20:44 DEBUG balancer.DefaultLoadBalancer: Balance parameter: numEntityGroups=17, numServers=10, max=2, min=1
24/04/26 02:20:44 INFO balancer.DefaultLoadBalancer: Done. Calculated a load balance in 0ms. Moving 6 entityGroups off of 1 overloaded servers onto 0 less loaded servers
24/04/26 02:20:44 INFO balancer.TestDefaultLoadBalancer: Mock Balance : { srv6710:1 , srv69833:1 , srv76138:1 , srv12718:2 , srv23414:2 , srv38638:2 , srv50700:2 , srv54489:2 , srv59373:2 , srv62486:2 }
24/04/26 02:20:44 INFO balancer.TestDefaultLoadBalancer: Mock Cluster : { srv12718:1 , srv23414:1 , srv38638:1 , srv50700:1 , srv77380:1 , srv78453:1 , srv81424:1 , srv85044:1 , srv98031:1 , srv54489:9 } [srvr=10 rgns=18 avg=1.8 max=2 min=1]
24/04/26 02:20:44 DEBUG balancer.DefaultLoadBalancer: Balance parameter: numEntityGroups=18, numServers=10, max=2, min=1
24/04/26 02:20:44 INFO balancer.DefaultLoadBalancer: Done. Calculated a load balance in 0ms. Moving 7 entityGroups off of 1 overloaded servers onto 0 less loaded servers
24/04/26 02:20:44 INFO balancer.TestDefaultLoadBalancer: Mock Balance : { srv85044:1 , srv98031:1 , srv12718:2 , srv23414:2 , srv38638:2 , srv50700:2 , srv54489:2 , srv77380:2 , srv78453:2 , srv81424:2 }
24/04/26 02:20:44 INFO balancer.TestDefaultLoadBalancer: Mock Cluster : { srv12718:1 , srv23414:1 , srv38638:1 , srv50700:1 , srv59373:1 , srv62486:1 , srv6710:1 , srv69833:1 , srv76138:1 , srv54489:10 } [srvr=10 rgns=19 avg=1.9 max=2 min=1]
24/04/26 02:20:44 DEBUG balancer.DefaultLoadBalancer: Balance parameter: numEntityGroups=19, numServers=10, max=2, min=1
24/04/26 02:20:44 INFO balancer.DefaultLoadBalancer: Done. Calculated a load balance in 1ms. Moving 8 entityGroups off of 1 overloaded servers onto 0 less loaded servers
24/04/26 02:20:44 INFO balancer.TestDefaultLoadBalancer: Mock Balance : { srv76138:1 , srv12718:2 , srv23414:2 , srv38638:2 , srv50700:2 , srv54489:2 , srv59373:2 , srv62486:2 , srv6710:2 , srv69833:2 }
24/04/26 02:20:44 INFO balancer.TestDefaultLoadBalancer: Mock Cluster : { srv12718:1 , srv23414:1 , srv38638:1 , srv50700:1 , srv77380:1 , srv78453:1 , srv81424:1 , srv85044:1 , srv98031:1 , srv54489:123 } [srvr=10 rgns=132 avg=13.2 max=14 min=13]
24/04/26 02:20:44 DEBUG balancer.DefaultLoadBalancer: Balance parameter: numEntityGroups=132, numServers=10, max=14, min=13
24/04/26 02:20:44 INFO balancer.DefaultLoadBalancer: Done. Calculated a load balance in 0ms. Moving 109 entityGroups off of 1 overloaded servers onto 9 less loaded servers
24/04/26 02:20:44 INFO balancer.TestDefaultLoadBalancer: Mock Balance : { srv23414:13 , srv38638:13 , srv50700:13 , srv77380:13 , srv78453:13 , srv81424:13 , srv85044:13 , srv98031:13 , srv12718:14 , srv54489:14 }
24/04/26 02:20:44 INFO balancer.TestDefaultLoadBalancer: Mock Cluster : { srv12718:1 , srv23414:1 , srv38638:1 , srv50700:1 , srv59373:1 , srv62486:1 , srv6710:1 , srv69833:1 , srv76138:1 , srv54489:155 } [srvr=10 rgns=164 avg=16.4 max=17 min=16]
24/04/26 02:20:44 DEBUG balancer.DefaultLoadBalancer: Balance parameter: numEntityGroups=164, numServers=10, max=17, min=16
24/04/26 02:20:44 INFO balancer.DefaultLoadBalancer: Done. Calculated a load balance in 0ms. Moving 138 entityGroups off of 1 overloaded servers onto 9 less loaded servers
24/04/26 02:20:44 INFO balancer.TestDefaultLoadBalancer: Mock Balance : { srv50700:16 , srv59373:16 , srv62486:16 , srv6710:16 , srv69833:16 , srv76138:16 , srv12718:17 , srv23414:17 , srv38638:17 , srv54489:17 }
24/04/26 02:20:44 INFO balancer.TestDefaultLoadBalancer: Mock Cluster : { srv77380:0 , srv78453:0 , srv12718:1 , srv23414:1 , srv85044:1 , srv98031:1 , srv59373:12 , srv50700:133 , srv54489:138 , srv81424:144 , srv38638:1123 , srv62486:1444 } [srvr=12 rgns=2998 avg=249.83333 max=250 min=249]
24/04/26 02:20:44 DEBUG balancer.DefaultLoadBalancer: Balance parameter: numEntityGroups=2998, numServers=12, max=250, min=249
24/04/26 02:20:44 INFO balancer.DefaultLoadBalancer: Done. Calculated a load balance in 3ms. Moving 2067 entityGroups off of 2 overloaded servers onto 10 less loaded servers
24/04/26 02:20:44 INFO balancer.TestDefaultLoadBalancer: Mock Balance : { srv54489:249 , srv81424:249 , srv12718:250 , srv23414:250 , srv38638:250 , srv50700:250 , srv59373:250 , srv62486:250 , srv77380:250 , srv78453:250 , srv85044:250 , srv98031:250 }
24/04/26 02:20:44 INFO balancer.TestDefaultLoadBalancer: Mock Cluster : { srv23414:0 , srv6710:0 , srv69833:0 , srv12718:1 , srv50700:1 , srv38638:4 , srv77380:12 , srv59373:133 , srv62486:138 , srv76138:144 , srv54489:1123 , srv78453:1444 } [srvr=12 rgns=3000 avg=250.0 max=250 min=250]
24/04/26 02:20:44 DEBUG balancer.DefaultLoadBalancer: Balance parameter: numEntityGroups=3000, numServers=12, max=250, min=250
24/04/26 02:20:44 INFO balancer.DefaultLoadBalancer: Calculated a load balance in 3ms. Moving 2067 entityGroups off of 2 overloaded servers onto 10 less loaded servers
24/04/26 02:20:44 INFO balancer.TestDefaultLoadBalancer: Mock Balance : { srv12718:250 , srv23414:250 , srv38638:250 , srv50700:250 , srv54489:250 , srv59373:250 , srv62486:250 , srv6710:250 , srv69833:250 , srv76138:250 , srv77380:250 , srv78453:250 }
24/04/26 02:20:44 INFO balancer.TestDefaultLoadBalancer: Mock Cluster : { srv50700:1385 , srv85044:1392 , srv23414:1535 , srv81424:1538 , srv54489:1542 , srv38638:1553 , srv12718:1557 , srv98031:1561 , srv59373:1619 } [srvr=9 rgns=13682 avg=1520.2222 max=1521 min=1520]
24/04/26 02:20:44 DEBUG balancer.DefaultLoadBalancer: Balance parameter: numEntityGroups=13682, numServers=9, max=1521, min=1520
24/04/26 02:20:44 INFO balancer.DefaultLoadBalancer: Done. Calculated a load balance in 1ms. Moving 263 entityGroups off of 7 overloaded servers onto 2 less loaded servers
24/04/26 02:20:44 INFO balancer.TestDefaultLoadBalancer: Mock Balance : { srv12718:1520 , srv38638:1520 , srv50700:1520 , srv54489:1520 , srv59373:1520 , srv85044:1520 , srv98031:1520 , srv23414:1521 , srv81424:1521 }
24/04/26 02:20:44 INFO wasp.WaspTestingUtility: Starting up minicluster with 1 master(s) and 2 fserver(s) 
Starting DataNode 0 with dfs.data.dir: /home/alex/Repositories/wasp/target/test-data/98c3f739-f47d-43a4-99d8-da7b878eec2d/dfscluster_988f41aa-4f4c-455e-8b85-bb75af1d5bf4/dfs/data/data1,/home/alex/Repositories/wasp/target/test-data/98c3f739-f47d-43a4-99d8-da7b878eec2d/dfscluster_988f41aa-4f4c-455e-8b85-bb75af1d5bf4/dfs/data/data2
24/04/26 02:20:45 ERROR datanode.DataNode: All directories in dfs.data.dir are invalid.
24/04/26 02:20:45 INFO wasp.WaspTestingUtility: Shutting down mini wasp cluster
24/04/26 02:20:45 INFO wasp.WaspTestingUtility: Minicluster is down
java.lang.NullPointerException
	at org.apache.hadoop.hdfs.MiniDFSCluster.startDataNodes(MiniDFSCluster.java:422)
	at org.apache.hadoop.hdfs.MiniDFSCluster.<init>(MiniDFSCluster.java:280)
	at org.apache.hadoop.hbase.HBaseTestingUtility.startMiniDFSCluster(HBaseTestingUtility.java:451)
	at org.apache.hadoop.hbase.HBaseTestingUtility.startMiniCluster(HBaseTestingUtility.java:619)
	at org.apache.hadoop.hbase.HBaseTestingUtility.startMiniCluster(HBaseTestingUtility.java:575)
	at com.alibaba.wasp.WaspTestingUtility.startMiniCluster(WaspTestingUtility.java:172)
	at com.alibaba.wasp.WaspTestingUtility.startMiniCluster(WaspTestingUtility.java:144)
	at com.alibaba.wasp.master.TestMaster.beforeAllTests(TestMaster.java:60)
	at sun.reflect.NativeMethodAccessorImpl.invoke0(Native Method)
	at sun.reflect.NativeMethodAccessorImpl.invoke(NativeMethodAccessorImpl.java:62)
	at sun.reflect.DelegatingMethodAccessorImpl.invoke(DelegatingMethodAccessorImpl.java:43)
	at java.lang.reflect.Method.invoke(Method.java:498)
	at org.junit.runners.model.FrameworkMethod$1.runReflectiveCall(FrameworkMethod.java:45)
	at org.junit.internal.runners.model.ReflectiveCallable.run(ReflectiveCallable.java:15)
	at org.junit.runners.model.FrameworkMethod.invokeExplosively(FrameworkMethod.java:42)
	at org.junit.internal.runners.statements.RunBefores.evaluate(RunBefores.java:27)
	at org.junit.internal.runners.statements.RunAfters.evaluate(RunAfters.java:30)
	at org.junit.runners.ParentRunner.run(ParentRunner.java:300)
	at org.junit.runners.Suite.runChild(Suite.java:128)
	at org.junit.runners.Suite.runChild(Suite.java:24)
	at org.junit.runners.ParentRunner$3.run(ParentRunner.java:231)
	at org.junit.runners.ParentRunner$1.schedule(ParentRunner.java:60)
	at org.junit.runners.ParentRunner.runChildren(ParentRunner.java:229)
	at org.junit.runners.ParentRunner.access$000(ParentRunner.java:50)
	at org.junit.runners.ParentRunner$2.evaluate(ParentRunner.java:222)
	at org.junit.runners.ParentRunner.run(ParentRunner.java:300)
	at org.junit.runner.JUnitCore.run(JUnitCore.java:157)
	at org.junit.runner.JUnitCore.run(JUnitCore.java:136)
	at edu.illinois.cs.testrunner.execution.JUnitTestExecutor.execute(JUnitTestExecutor.java:259)
	at edu.illinois.cs.testrunner.execution.JUnitTestExecutor.executeWithJUnit4Runner(JUnitTestExecutor.java:327)
	at edu.illinois.cs.testrunner.execution.JUnitTestExecutor.runOrder(JUnitTestExecutor.java:49)
	at edu.illinois.cs.testrunner.execution.Executor$.$anonfun$run$1(Executor.scala:30)
	at scala.runtime.java8.JFunction0$mcV$sp.apply(JFunction0$mcV$sp.java:12)
	at scala.util.Try$.apply(Try.scala:209)
	at edu.illinois.cs.testrunner.execution.Executor$.run(Executor.scala:28)
	at edu.illinois.cs.testrunner.execution.Executor$.main(Executor.scala:18)
	at edu.illinois.cs.testrunner.execution.Executor.main(Executor.scala)
24/04/26 02:20:45 DEBUG ipc.WaspRPC: Using com.alibaba.wasp.ipc.ProtobufRpcEngine for com.alibaba.wasp.ipc.TestProtoBufRpc$TestRpcService
24/04/26 02:20:45 DEBUG ipc.NettyTransceiver: Using Netty bootstrap options: {connectTimeoutMillis=3000, tcpNoDelay=true}
24/04/26 02:20:45 DEBUG ipc.NettyTransceiver: Connecting to /0.0.0.0:42017
24/04/26 02:20:45 DEBUG ipc.NettyTransceiver: [id: 0x591fd34d] OPEN
24/04/26 02:20:45 INFO ipc.NettyTransceiver: Successfully connected to bookie: /0.0.0.0:42017
24/04/26 02:20:45 DEBUG ipc.NettyTransceiver: [id: 0x591fd34d, /127.0.0.1:52450 => /0.0.0.0:42017] BOUND: /127.0.0.1:52450
24/04/26 02:20:45 DEBUG ipc.NettyServer: [id: 0x1a25e425, /127.0.0.1:52450 => /127.0.1.1:42017] OPEN
24/04/26 02:20:45 DEBUG ipc.NettyTransceiver: [id: 0x591fd34d, /127.0.0.1:52450 => /0.0.0.0:42017] CONNECTED: /0.0.0.0:42017
24/04/26 02:20:45 DEBUG ipc.NettyServer: [id: 0x1a25e425, /127.0.0.1:52450 => /127.0.1.1:42017] BOUND: /127.0.1.1:42017
24/04/26 02:20:45 DEBUG ipc.NettyServer: [id: 0x1a25e425, /127.0.0.1:52450 => /127.0.1.1:42017] CONNECTED: /127.0.0.1:52450
24/04/26 02:20:45 ERROR ipc.NettyServer: pool-11-thread-8, call methodName: "error"
clientProtocolVersion: 1
request: ""
requestClassName: "com.alibaba.wasp.ipc.protobuf.generated.TestProtos$EmptyRequestProto"
: error: 
java.io.IOException: error
	at com.alibaba.wasp.ipc.TestProtoBufRpc$PBServerImpl.error(TestProtoBufRpc.java:68)
	at sun.reflect.NativeMethodAccessorImpl.invoke0(Native Method)
	at sun.reflect.NativeMethodAccessorImpl.invoke(NativeMethodAccessorImpl.java:62)
	at sun.reflect.DelegatingMethodAccessorImpl.invoke(DelegatingMethodAccessorImpl.java:43)
	at java.lang.reflect.Method.invoke(Method.java:498)
	at com.alibaba.wasp.ipc.ProtobufRpcEngine$Server.call(ProtobufRpcEngine.java:270)
	at com.alibaba.wasp.ipc.NettyServer$NettyServerWaspHandler.messageReceived(NettyServer.java:234)
	at org.jboss.netty.channel.SimpleChannelUpstreamHandler.handleUpstream(SimpleChannelUpstreamHandler.java:75)
	at com.alibaba.wasp.ipc.NettyServer$NettyServerWaspHandler.handleUpstream(NettyServer.java:171)
	at org.jboss.netty.channel.DefaultChannelPipeline.sendUpstream(DefaultChannelPipeline.java:563)
	at org.jboss.netty.channel.DefaultChannelPipeline$DefaultChannelHandlerContext.sendUpstream(DefaultChannelPipeline.java:791)
	at org.jboss.netty.handler.execution.ChannelUpstreamEventRunnable.doRun(ChannelUpstreamEventRunnable.java:45)
	at org.jboss.netty.handler.execution.ChannelEventRunnable.run(ChannelEventRunnable.java:64)
	at java.util.concurrent.ThreadPoolExecutor.runWorker(ThreadPoolExecutor.java:1149)
	at java.util.concurrent.ThreadPoolExecutor$Worker.run(ThreadPoolExecutor.java:624)
	at java.lang.Thread.run(Thread.java:750)
24/04/26 02:20:45 INFO ipc.NettyServer: Stopping server on 0
24/04/26 02:20:45 DEBUG ipc.NettyTransceiver: [id: 0x591fd34d, /127.0.0.1:52450 :> /0.0.0.0:42017] DISCONNECTED
24/04/26 02:20:45 DEBUG ipc.NettyTransceiver: [id: 0x591fd34d, /127.0.0.1:52450 :> /0.0.0.0:42017] UNBOUND
24/04/26 02:20:45 DEBUG ipc.NettyTransceiver: [id: 0x591fd34d, /127.0.0.1:52450 :> /0.0.0.0:42017] CLOSED
24/04/26 02:20:45 DEBUG ipc.NettyTransceiver: Remote peer /0.0.0.0:42017 closed connection.
24/04/26 02:20:45 DEBUG ipc.NettyTransceiver: Disconnecting from /0.0.0.0:42017
24/04/26 02:20:45 DEBUG ipc.NettyServer: [id: 0x1a25e425, /127.0.0.1:52450 :> /127.0.1.1:42017] DISCONNECTED
24/04/26 02:20:45 DEBUG ipc.NettyServer: [id: 0x1a25e425, /127.0.0.1:52450 :> /127.0.1.1:42017] UNBOUND
24/04/26 02:20:45 DEBUG ipc.NettyServer: [id: 0x1a25e425, /127.0.0.1:52450 :> /127.0.1.1:42017] CLOSED
24/04/26 02:20:45 INFO wasp.WaspTestingUtility: Starting up minicluster with 1 master(s) and 1 fserver(s) 
Starting DataNode 0 with dfs.data.dir: /home/alex/Repositories/wasp/target/test-data/e7f3c5c5-862a-4e8f-b11c-4a9e9278cce9/dfscluster_090f372e-9db1-44a8-8afa-9e4937dfbd5a/dfs/data/data1,/home/alex/Repositories/wasp/target/test-data/e7f3c5c5-862a-4e8f-b11c-4a9e9278cce9/dfscluster_090f372e-9db1-44a8-8afa-9e4937dfbd5a/dfs/data/data2
24/04/26 02:20:45 ERROR datanode.DataNode: All directories in dfs.data.dir are invalid.
24/04/26 02:20:45 INFO wasp.WaspTestingUtility: Shutting down mini wasp cluster
24/04/26 02:20:45 INFO wasp.WaspTestingUtility: Minicluster is down
java.lang.NullPointerException
	at org.apache.hadoop.hdfs.MiniDFSCluster.startDataNodes(MiniDFSCluster.java:422)
	at org.apache.hadoop.hdfs.MiniDFSCluster.<init>(MiniDFSCluster.java:280)
	at org.apache.hadoop.hbase.HBaseTestingUtility.startMiniDFSCluster(HBaseTestingUtility.java:451)
	at org.apache.hadoop.hbase.HBaseTestingUtility.startMiniCluster(HBaseTestingUtility.java:619)
	at org.apache.hadoop.hbase.HBaseTestingUtility.startMiniCluster(HBaseTestingUtility.java:575)
	at com.alibaba.wasp.WaspTestingUtility.startMiniCluster(WaspTestingUtility.java:172)
	at com.alibaba.wasp.WaspTestingUtility.startMiniCluster(WaspTestingUtility.java:144)
	at com.alibaba.wasp.plan.execute.TestExecutionEngine.before(TestExecutionEngine.java:89)
	at sun.reflect.NativeMethodAccessorImpl.invoke0(Native Method)
	at sun.reflect.NativeMethodAccessorImpl.invoke(NativeMethodAccessorImpl.java:62)
	at sun.reflect.DelegatingMethodAccessorImpl.invoke(DelegatingMethodAccessorImpl.java:43)
	at java.lang.reflect.Method.invoke(Method.java:498)
	at org.junit.runners.model.FrameworkMethod$1.runReflectiveCall(FrameworkMethod.java:45)
	at org.junit.internal.runners.model.ReflectiveCallable.run(ReflectiveCallable.java:15)
	at org.junit.runners.model.FrameworkMethod.invokeExplosively(FrameworkMethod.java:42)
	at org.junit.internal.runners.statements.RunBefores.evaluate(RunBefores.java:27)
	at org.junit.internal.runners.statements.RunAfters.evaluate(RunAfters.java:30)
	at org.junit.runners.ParentRunner.run(ParentRunner.java:300)
	at org.junit.runners.Suite.runChild(Suite.java:128)
	at org.junit.runners.Suite.runChild(Suite.java:24)
	at org.junit.runners.ParentRunner$3.run(ParentRunner.java:231)
	at org.junit.runners.ParentRunner$1.schedule(ParentRunner.java:60)
	at org.junit.runners.ParentRunner.runChildren(ParentRunner.java:229)
	at org.junit.runners.ParentRunner.access$000(ParentRunner.java:50)
	at org.junit.runners.ParentRunner$2.evaluate(ParentRunner.java:222)
	at org.junit.runners.ParentRunner.run(ParentRunner.java:300)
	at org.junit.runner.JUnitCore.run(JUnitCore.java:157)
	at org.junit.runner.JUnitCore.run(JUnitCore.java:136)
	at edu.illinois.cs.testrunner.execution.JUnitTestExecutor.execute(JUnitTestExecutor.java:259)
	at edu.illinois.cs.testrunner.execution.JUnitTestExecutor.executeWithJUnit4Runner(JUnitTestExecutor.java:327)
	at edu.illinois.cs.testrunner.execution.JUnitTestExecutor.runOrder(JUnitTestExecutor.java:49)
	at edu.illinois.cs.testrunner.execution.Executor$.$anonfun$run$1(Executor.scala:30)
	at scala.runtime.java8.JFunction0$mcV$sp.apply(JFunction0$mcV$sp.java:12)
	at scala.util.Try$.apply(Try.scala:209)
	at edu.illinois.cs.testrunner.execution.Executor$.run(Executor.scala:28)
	at edu.illinois.cs.testrunner.execution.Executor$.main(Executor.scala:18)
	at edu.illinois.cs.testrunner.execution.Executor.main(Executor.scala)
24/04/26 02:20:45 INFO wasp.WaspTestingUtility: Starting up minicluster with 3 master(s) and 3 fserver(s) 
Starting DataNode 0 with dfs.data.dir: /home/alex/Repositories/wasp/target/test-data/530ee789-ffa5-4de9-8ee9-87c28539fff5/dfscluster_c6a0bfab-1ba7-423d-a946-5c7a3774276b/dfs/data/data1,/home/alex/Repositories/wasp/target/test-data/530ee789-ffa5-4de9-8ee9-87c28539fff5/dfscluster_c6a0bfab-1ba7-423d-a946-5c7a3774276b/dfs/data/data2
24/04/26 02:20:45 ERROR datanode.DataNode: All directories in dfs.data.dir are invalid.
java.lang.NullPointerException
	at org.apache.hadoop.hdfs.MiniDFSCluster.startDataNodes(MiniDFSCluster.java:422)
	at org.apache.hadoop.hdfs.MiniDFSCluster.<init>(MiniDFSCluster.java:280)
	at org.apache.hadoop.hbase.HBaseTestingUtility.startMiniDFSCluster(HBaseTestingUtility.java:451)
	at org.apache.hadoop.hbase.HBaseTestingUtility.startMiniCluster(HBaseTestingUtility.java:619)
	at org.apache.hadoop.hbase.HBaseTestingUtility.startMiniCluster(HBaseTestingUtility.java:575)
	at com.alibaba.wasp.WaspTestingUtility.startMiniCluster(WaspTestingUtility.java:172)
	at com.alibaba.wasp.master.TestMasterShutdown.testMasterShutdown(TestMasterShutdown.java:57)
	at sun.reflect.NativeMethodAccessorImpl.invoke0(Native Method)
	at sun.reflect.NativeMethodAccessorImpl.invoke(NativeMethodAccessorImpl.java:62)
	at sun.reflect.DelegatingMethodAccessorImpl.invoke(DelegatingMethodAccessorImpl.java:43)
	at java.lang.reflect.Method.invoke(Method.java:498)
	at org.junit.runners.model.FrameworkMethod$1.runReflectiveCall(FrameworkMethod.java:45)
	at org.junit.internal.runners.model.ReflectiveCallable.run(ReflectiveCallable.java:15)
	at org.junit.runners.model.FrameworkMethod.invokeExplosively(FrameworkMethod.java:42)
	at org.junit.internal.runners.statements.InvokeMethod.evaluate(InvokeMethod.java:20)
	at org.junit.internal.runners.statements.FailOnTimeout$StatementThread.run(FailOnTimeout.java:62)
24/04/26 02:20:45 DEBUG druid.DruidParser: Parsing SQL CREATE TABLE User { Required Int64 user_id; Required String name; Optional DOUBLE value; }  primary key(user_id),  entity group root, entity group key(user_id);
24/04/26 02:20:45 DEBUG druid.DruidDDLParser: CreateTablePlan CreateTablePlan [table=CREATE TABLE User { 
  REQUIRED INT64 user_id COLUMNFAMILY d;
  REQUIRED STRING name COLUMNFAMILY d;
  OPTIONAL DOUBLE value COLUMNFAMILY d;
} 
PRIMARY KEY(user_id),
ENTITY GROUP ROOT,
ENTITY GROUP KEY(user_id);
, splitKeys=null]
24/04/26 02:20:45 DEBUG druid.DruidParser: Parsing SQL CREATE TABLE Photo { Required Int64 user_id columnfamily cf comment 'aaa';  Required Int32 photo_id comment 'child primary key';  Optional Int64 time; Optional String full_url;  Optional String thumbnail_url; Optional string tag; Optional DATETIME date; Optional Int32 int32Type; }  primary key(user_id,photo_id),  in table User,  Entity Group Key(user_id) references User; 
24/04/26 02:20:45 DEBUG druid.DruidDDLParser: CreateTablePlan CreateTablePlan [table=CREATE TABLE Photo { 
  REQUIRED INT64 user_id COLUMNFAMILY cf;
  REQUIRED INT32 photo_id COLUMNFAMILY d;
  OPTIONAL INT64 time COLUMNFAMILY d;
  OPTIONAL STRING full_url COLUMNFAMILY d;
  OPTIONAL STRING thumbnail_url COLUMNFAMILY d;
  OPTIONAL STRING tag COLUMNFAMILY d;
  OPTIONAL DATETIME date COLUMNFAMILY d;
  OPTIONAL INT32 int32Type COLUMNFAMILY d;
} 
PRIMARY KEY(user_id, photo_id, ),
 IN TABLE User,
 ENTITY GROUP KEY(user_id) REFERENCES User;
, splitKeys=null]
24/04/26 02:20:45 DEBUG druid.DruidParser: Parsing SQL Insert into User(user_id,name) values(1,'binlijin');
24/04/26 02:20:45 DEBUG druid.DruidDMLParser: INSERT SQL TableSource User
24/04/26 02:20:45 DEBUG druid.DruidDMLParser: From table User
24/04/26 02:20:45 DEBUG druid.DruidDMLParser:  SQLInsertItem user_id
24/04/26 02:20:45 DEBUG druid.DruidDMLParser:  SQLInsertItem name
24/04/26 02:20:45 DEBUG druid.DruidDMLParser: INSERT SQL Insert columns [user_id, name]
24/04/26 02:20:45 DEBUG druid.DruidDMLParser: INSERT SQL Insert Values List [ VALUES (1, 'binlijin')]
24/04/26 02:20:45 DEBUG druid.DruidDMLParser: InsertPlan InsertPlan [actions=[InsertAction [tableName=User, primayKey=[0, 0, 0, 0, 0, 0, 0, 1], columns=[ColumnAction [tableName=User, familyName=d, columnName=user_id, value=[0, 0, 0, 0, 0, 0, 0, 1], isIndex=false], ColumnAction [tableName=User, familyName=d, columnName=name, value=[98, 105, 110, 108, 105, 106, 105, 110], isIndex=false]]]]]
24/04/26 02:20:45 DEBUG druid.DruidParser: Parsing SQL Insert into Photo(user_id,photo_id,tag) values(1,1,'tag');
24/04/26 02:20:45 DEBUG druid.DruidDMLParser: INSERT SQL TableSource Photo
24/04/26 02:20:45 DEBUG druid.DruidDMLParser: From table Photo
24/04/26 02:20:45 DEBUG druid.DruidDMLParser:  SQLInsertItem user_id
24/04/26 02:20:45 DEBUG druid.DruidDMLParser:  SQLInsertItem photo_id
24/04/26 02:20:45 DEBUG druid.DruidDMLParser:  SQLInsertItem tag
24/04/26 02:20:45 DEBUG druid.DruidDMLParser: INSERT SQL Insert columns [user_id, photo_id, tag]
24/04/26 02:20:45 DEBUG druid.DruidDMLParser: INSERT SQL Insert Values List [ VALUES (1, 1, 'tag')]
24/04/26 02:20:45 DEBUG druid.DruidDMLParser: InsertPlan InsertPlan [actions=[InsertAction [tableName=Photo, primayKey=[0, 0, 0, 0, 0, 0, 0, 1, 0, 0, 0, 0, 1], columns=[ColumnAction [tableName=Photo, familyName=cf, columnName=user_id, value=[0, 0, 0, 0, 0, 0, 0, 1], isIndex=false], ColumnAction [tableName=Photo, familyName=d, columnName=photo_id, value=[0, 0, 0, 1], isIndex=false], ColumnAction [tableName=Photo, familyName=d, columnName=tag, value=[116, 97, 103], isIndex=false]]]]]
24/04/26 02:20:45 INFO server.ZooKeeperServer: Created server with tickTime 2000 minSessionTimeout 4000 maxSessionTimeout 40000 datadir /home/alex/Repositories/wasp/target/test-data/07b3d4aa-85b4-4dfe-9f8c-f58e7d9a75ce/dfscluster_14533927-0118-4d85-b9a6-e4faa539afda/zookeeper_0/version-2 snapdir /home/alex/Repositories/wasp/target/test-data/07b3d4aa-85b4-4dfe-9f8c-f58e7d9a75ce/dfscluster_14533927-0118-4d85-b9a6-e4faa539afda/zookeeper_0/version-2
24/04/26 02:20:45 INFO server.NIOServerCnxnFactory: binding to port 0.0.0.0/0.0.0.0:61318
24/04/26 02:20:45 INFO persistence.FileTxnSnapLog: Snapshotting: 0x0 to /home/alex/Repositories/wasp/target/test-data/07b3d4aa-85b4-4dfe-9f8c-f58e7d9a75ce/dfscluster_14533927-0118-4d85-b9a6-e4faa539afda/zookeeper_0/version-2/snapshot.0
24/04/26 02:20:45 INFO server.NIOServerCnxnFactory: Accepted socket connection from /127.0.0.1:60308
24/04/26 02:20:45 INFO server.NIOServerCnxn: Processing stat command from /127.0.0.1:60308
24/04/26 02:20:45 INFO server.NIOServerCnxn: Stat command output
24/04/26 02:20:45 INFO server.NIOServerCnxn: Closed socket connection for client /127.0.0.1:60308 (no session established for client)
24/04/26 02:20:45 DEBUG zookeeper.ZKUtil: MockServer,123,-1 opening connection to ZooKeeper with ensemble (localhost:61318)
24/04/26 02:20:45 INFO zookeeper.ZooKeeper: Initiating client connection, connectString=localhost:61318 sessionTimeout=180000 watcher=MockServer,123,-1
24/04/26 02:20:45 INFO zookeeper.RecoverableZooKeeper: The identifier of this process is 120489@Lenovo-Bot
24/04/26 02:20:45 INFO server.NIOServerCnxnFactory: Accepted socket connection from /127.0.0.1:60318
24/04/26 02:20:45 DEBUG server.ZooKeeperServer: Session establishment request from client /127.0.0.1:60318 client's lastZxid is 0x0
24/04/26 02:20:45 INFO server.ZooKeeperServer: Client attempting to establish new session at /127.0.0.1:60318
24/04/26 02:20:45 INFO persistence.FileTxnLog: Creating new log file: log.1
24/04/26 02:20:45 INFO server.ZooKeeperServer: Established session 0xff8f17fd957e0000 with negotiated timeout 40000 for client /127.0.0.1:60318
24/04/26 02:20:45 DEBUG zookeeper.ZooKeeperWatcher: MockServer,123,-1 Received ZooKeeper Event, type=None, state=SyncConnected, path=null
24/04/26 02:20:45 DEBUG zookeeper.ZooKeeperWatcher: MockServer,123,-1-0xff8f17fd957e0000 connected
24/04/26 02:20:45 DEBUG zookeeper.ZKAssign: MockServer,123,-1-0xff8f17fd957e0000 Creating unassigned node for 8634919f2c073e47e1450a1c884ef445 in OFFLINE state
24/04/26 02:20:45 DEBUG zookeeper.ZKAssign: MockServer,123,-1-0xff8f17fd957e0000 Attempting to transition node 8634919f2c073e47e1450a1c884ef445 from M_ZK_ENTITYGROUP_OFFLINE to FSERVER_ZK_ENTITYGROUP_OPENING
24/04/26 02:20:45 DEBUG zookeeper.ZKUtil: MockServer,123,-1-0xff8f17fd957e0000 Retrieved 118 byte(s) of data from znode /wasp/unassigned/8634919f2c073e47e1450a1c884ef445; data=entityGroup=TestCloseEntityGroupHandler,\x00\x00\x00\x00,1714094445956.8634919f2c073e47e1450a1c884ef445., state=M_ZK_ENTITYGROUP_OFFLINE, servername=MockServer,123,-1, createTime=1714094445972, payload.length=0
24/04/26 02:20:45 DEBUG zookeeper.ZKAssign: MockServer,123,-1-0xff8f17fd957e0000 Successfully transitioned node 8634919f2c073e47e1450a1c884ef445 from M_ZK_ENTITYGROUP_OFFLINE to FSERVER_ZK_ENTITYGROUP_OPENING
24/04/26 02:20:45 DEBUG zookeeper.ZooKeeperWatcher: MockServer,123,-1-0xff8f17fd957e0000 Received ZooKeeper Event, type=NodeDataChanged, state=SyncConnected, path=/wasp/unassigned/8634919f2c073e47e1450a1c884ef445
24/04/26 02:20:45 INFO fserver.EntityGroup: EntityGroup.openEntityGroup EntityGroup name ==TestCloseEntityGroupHandler,\x00\x00\x00\x00,1714094445956.8634919f2c073e47e1450a1c884ef445.
24/04/26 02:20:45 DEBUG fserver.EntityGroup: Opening EntityGroup: {NAME => 'TestCloseEntityGroupHandler,\x00\x00\x00\x00,1714094445956.8634919f2c073e47e1450a1c884ef445.', STARTKEY => '\x00\x00\x00\x00', ENDKEY => '\x00\x00\x00\x01', ENCODED => 8634919f2c073e47e1450a1c884ef445,}
24/04/26 02:20:45 DEBUG fserver.MetricsEntityGroupSourceImpl: Creating new MetricsEntityGroupSourceImpl for table TestCloseEntityGroupHandler 8634919f2c073e47e1450a1c884ef445
24/04/26 02:20:45 DEBUG fserver.EntityGroup: Instantiated TestCloseEntityGroupHandler,\x00\x00\x00\x00,1714094445956.8634919f2c073e47e1450a1c884ef445.
24/04/26 02:20:45 DEBUG zookeeper.ZKAssign: MockServer,123,-1-0xff8f17fd957e0000 Attempting to transition node 8634919f2c073e47e1450a1c884ef445 from FSERVER_ZK_ENTITYGROUP_OPENING to FSERVER_ZK_ENTITYGROUP_OPENING
24/04/26 02:20:45 ERROR server.NIOServerCnxnFactory: Thread Thread[Thread-253,5,main] died
java.lang.NullPointerException
	at com.alibaba.wasp.fserver.EntityGroup.run(EntityGroup.java:1264)
	at java.lang.Thread.run(Thread.java:750)
24/04/26 02:20:45 DEBUG zookeeper.ZKUtil: MockServer,123,-1-0xff8f17fd957e0000 Retrieved 118 byte(s) of data from znode /wasp/unassigned/8634919f2c073e47e1450a1c884ef445; data=entityGroup=TestCloseEntityGroupHandler,\x00\x00\x00\x00,1714094445956.8634919f2c073e47e1450a1c884ef445., state=FSERVER_ZK_ENTITYGROUP_OPENING, servername=MockServer,123,-1, createTime=1714094445975, payload.length=0
24/04/26 02:20:45 DEBUG zookeeper.ZKAssign: MockServer,123,-1-0xff8f17fd957e0000 Successfully transitioned node 8634919f2c073e47e1450a1c884ef445 from FSERVER_ZK_ENTITYGROUP_OPENING to FSERVER_ZK_ENTITYGROUP_OPENING
24/04/26 02:20:45 DEBUG zookeeper.ZKAssign: MockServer,123,-1-0xff8f17fd957e0000 Attempting to transition node 8634919f2c073e47e1450a1c884ef445 from FSERVER_ZK_ENTITYGROUP_OPENING to FSERVER_ZK_ENTITYGROUP_OPENED
24/04/26 02:20:45 DEBUG zookeeper.ZKUtil: MockServer,123,-1-0xff8f17fd957e0000 Retrieved 118 byte(s) of data from znode /wasp/unassigned/8634919f2c073e47e1450a1c884ef445; data=entityGroup=TestCloseEntityGroupHandler,\x00\x00\x00\x00,1714094445956.8634919f2c073e47e1450a1c884ef445., state=FSERVER_ZK_ENTITYGROUP_OPENING, servername=MockServer,123,-1, createTime=1714094445978, payload.length=0
24/04/26 02:20:45 DEBUG zookeeper.ZKAssign: MockServer,123,-1-0xff8f17fd957e0000 Successfully transitioned node 8634919f2c073e47e1450a1c884ef445 from FSERVER_ZK_ENTITYGROUP_OPENING to FSERVER_ZK_ENTITYGROUP_OPENED
24/04/26 02:20:45 DEBUG handler.OpenEntityGroupHandler: entityGroup transitioned to opened in zookeeper: {NAME => 'TestCloseEntityGroupHandler,\x00\x00\x00\x00,1714094445956.8634919f2c073e47e1450a1c884ef445.', STARTKEY => '\x00\x00\x00\x00', ENDKEY => '\x00\x00\x00\x01', ENCODED => 8634919f2c073e47e1450a1c884ef445,}, server: MockServer,123,-1
24/04/26 02:20:45 DEBUG handler.OpenEntityGroupHandler: Opened TestCloseEntityGroupHandler,\x00\x00\x00\x00,1714094445956.8634919f2c073e47e1450a1c884ef445. on server:MockServer,123,-1
24/04/26 02:20:45 DEBUG zookeeper.ZKUtil: MockServer,123,-1-0xff8f17fd957e0000 Retrieved 118 byte(s) of data from znode /wasp/unassigned/8634919f2c073e47e1450a1c884ef445 and set watcher; entityGroup=TestCloseEntityGroupHandler,\x00\x00\x00\x00,1714094445956.8634919f2c073e47e1450a1c884ef445., state=FSERVER_ZK_ENTITYGROUP_OPENED, servername=MockServer,123,-1, createTime=1714094445982, payload.length=0
24/04/26 02:20:45 DEBUG zookeeper.ZKAssign: MockServer,123,-1-0xff8f17fd957e0000 Deleting existing unassigned node for 8634919f2c073e47e1450a1c884ef445 that is in expected state FSERVER_ZK_ENTITYGROUP_OPENED
24/04/26 02:20:45 DEBUG zookeeper.ZKUtil: MockServer,123,-1-0xff8f17fd957e0000 Retrieved 118 byte(s) of data from znode /wasp/unassigned/8634919f2c073e47e1450a1c884ef445; data=entityGroup=TestCloseEntityGroupHandler,\x00\x00\x00\x00,1714094445956.8634919f2c073e47e1450a1c884ef445., state=FSERVER_ZK_ENTITYGROUP_OPENED, servername=MockServer,123,-1, createTime=1714094445982, payload.length=0
24/04/26 02:20:45 DEBUG zookeeper.ZooKeeperWatcher: MockServer,123,-1-0xff8f17fd957e0000 Received ZooKeeper Event, type=NodeDeleted, state=SyncConnected, path=/wasp/unassigned/8634919f2c073e47e1450a1c884ef445
24/04/26 02:20:45 DEBUG zookeeper.ZKAssign: MockServer,123,-1-0xff8f17fd957e0000 Successfully deleted unassigned node for entityGroup 8634919f2c073e47e1450a1c884ef445 in expected state FSERVER_ZK_ENTITYGROUP_OPENED
24/04/26 02:20:45 DEBUG zookeeper.ZKAssign: MockServer,123,-1-0xff8f17fd957e0000 Creating unassigned node for 8634919f2c073e47e1450a1c884ef445 in a CLOSING state
24/04/26 02:20:45 DEBUG handler.CloseEntityGroupHandler: Processing close of TestCloseEntityGroupHandler,\x00\x00\x00\x00,1714094445956.8634919f2c073e47e1450a1c884ef445.
24/04/26 02:20:45 DEBUG fserver.EntityGroup: Closing TestCloseEntityGroupHandler,\x00\x00\x00\x00,1714094445956.8634919f2c073e47e1450a1c884ef445.
24/04/26 02:20:45 DEBUG fserver.EntityGroup: Updates disabled for entityGroup TestCloseEntityGroupHandler,\x00\x00\x00\x00,1714094445956.8634919f2c073e47e1450a1c884ef445.
24/04/26 02:20:45 INFO fserver.EntityGroup: Running commit transaction of TestCloseEntityGroupHandler,\x00\x00\x00\x00,1714094445956.8634919f2c073e47e1450a1c884ef445. before close
24/04/26 02:20:45 INFO fserver.EntityGroup: Closed TestCloseEntityGroupHandler,\x00\x00\x00\x00,1714094445956.8634919f2c073e47e1450a1c884ef445.
24/04/26 02:20:45 DEBUG zookeeper.ZKAssign: MockServer,123,-1-0xff8f17fd957e0000 Attempting to transition node 8634919f2c073e47e1450a1c884ef445 from M_ZK_ENTITYGROUP_CLOSING to FSERVER_ZK_ENTITYGROUP_CLOSED
24/04/26 02:20:45 DEBUG zookeeper.ZKUtil: MockServer,123,-1-0xff8f17fd957e0000 Retrieved 120 byte(s) of data from znode /wasp/unassigned/8634919f2c073e47e1450a1c884ef445; data=entityGroup=TestCloseEntityGroupHandler,\x00\x00\x00\x00,1714094445956.8634919f2c073e47e1450a1c884ef445., state=M_ZK_ENTITYGROUP_CLOSING, servername=MockServer,123,-1, createTime=1714094445986, payload.length=0
24/04/26 02:20:45 WARN zookeeper.ZKAssign: MockServer,123,-1-0xff8f17fd957e0000 Attempt to transition the unassigned node for 8634919f2c073e47e1450a1c884ef445 from M_ZK_ENTITYGROUP_CLOSING to FSERVER_ZK_ENTITYGROUP_CLOSED failed, the node existed but was version 0 not the expected version 1
24/04/26 02:20:45 WARN handler.CloseEntityGroupHandler: Completed the CLOSE of a entityGroup but when transitioning from  CLOSING to CLOSED got a version mismatch, someone else clashed so now unassigning
24/04/26 02:20:45 WARN fserver.EntityGroup: EntityGroup TestCloseEntityGroupHandler,\x00\x00\x00\x00,1714094445956.8634919f2c073e47e1450a1c884ef445. already closed
24/04/26 02:20:45 DEBUG handler.CloseEntityGroupHandler: set entityGroup closed state in zk unsuccessfully for entityGroup TestCloseEntityGroupHandler,\x00\x00\x00\x00,1714094445956.8634919f2c073e47e1450a1c884ef445. sn name: MockServer,123,-1
24/04/26 02:20:45 DEBUG handler.CloseEntityGroupHandler: Closed entityGroup TestCloseEntityGroupHandler,\x00\x00\x00\x00,1714094445956.8634919f2c073e47e1450a1c884ef445.
24/04/26 02:20:45 DEBUG zookeeper.ZKUtil: MockServer,123,-1-0xff8f17fd957e0000 Retrieved 120 byte(s) of data from znode /wasp/unassigned/8634919f2c073e47e1450a1c884ef445 and set watcher; entityGroup=TestCloseEntityGroupHandler,\x00\x00\x00\x00,1714094445956.8634919f2c073e47e1450a1c884ef445., state=M_ZK_ENTITYGROUP_CLOSING, servername=MockServer,123,-1, createTime=1714094445986, payload.length=0
24/04/26 02:20:45 DEBUG zookeeper.ZKUtil: MockServer,123,-1 opening connection to ZooKeeper with ensemble (localhost:61318)
24/04/26 02:20:45 INFO zookeeper.ZooKeeper: Initiating client connection, connectString=localhost:61318 sessionTimeout=180000 watcher=MockServer,123,-1
24/04/26 02:20:45 INFO zookeeper.RecoverableZooKeeper: The identifier of this process is 120489@Lenovo-Bot
24/04/26 02:20:45 INFO server.NIOServerCnxnFactory: Accepted socket connection from /127.0.0.1:60326
24/04/26 02:20:45 DEBUG server.ZooKeeperServer: Session establishment request from client /127.0.0.1:60326 client's lastZxid is 0x0
24/04/26 02:20:45 INFO server.ZooKeeperServer: Client attempting to establish new session at /127.0.0.1:60326
24/04/26 02:20:45 INFO server.ZooKeeperServer: Established session 0xff8f17fd957e0001 with negotiated timeout 40000 for client /127.0.0.1:60326
24/04/26 02:20:45 DEBUG zookeeper.ZooKeeperWatcher: MockServer,123,-1 Received ZooKeeper Event, type=None, state=SyncConnected, path=null
24/04/26 02:20:45 DEBUG zookeeper.ZooKeeperWatcher: MockServer,123,-1-0xff8f17fd957e0001 connected
24/04/26 02:20:45 DEBUG zookeeper.ZKAssign: MockServer,123,-1-0xff8f17fd957e0001 Creating unassigned node for c72aae2f4aefd6338631ed0279375380 in OFFLINE state
24/04/26 02:20:45 DEBUG zookeeper.ZKAssign: MockServer,123,-1-0xff8f17fd957e0001 Attempting to transition node c72aae2f4aefd6338631ed0279375380 from M_ZK_ENTITYGROUP_OFFLINE to FSERVER_ZK_ENTITYGROUP_OPENING
24/04/26 02:20:45 DEBUG zookeeper.ZKUtil: MockServer,123,-1-0xff8f17fd957e0001 Retrieved 118 byte(s) of data from znode /wasp/unassigned/c72aae2f4aefd6338631ed0279375380; data=entityGroup=TestCloseEntityGroupHandler,\x00\x00\x00\x00,1714094445989.c72aae2f4aefd6338631ed0279375380., state=M_ZK_ENTITYGROUP_OFFLINE, servername=MockServer,123,-1, createTime=1714094445995, payload.length=0
24/04/26 02:20:45 DEBUG zookeeper.ZooKeeperWatcher: MockServer,123,-1-0xff8f17fd957e0001 Received ZooKeeper Event, type=NodeDataChanged, state=SyncConnected, path=/wasp/unassigned/c72aae2f4aefd6338631ed0279375380
24/04/26 02:20:45 DEBUG zookeeper.ZKAssign: MockServer,123,-1-0xff8f17fd957e0001 Successfully transitioned node c72aae2f4aefd6338631ed0279375380 from M_ZK_ENTITYGROUP_OFFLINE to FSERVER_ZK_ENTITYGROUP_OPENING
24/04/26 02:20:45 INFO fserver.EntityGroup: EntityGroup.openEntityGroup EntityGroup name ==TestCloseEntityGroupHandler,\x00\x00\x00\x00,1714094445989.c72aae2f4aefd6338631ed0279375380.
24/04/26 02:20:45 DEBUG fserver.EntityGroup: Opening EntityGroup: {NAME => 'TestCloseEntityGroupHandler,\x00\x00\x00\x00,1714094445989.c72aae2f4aefd6338631ed0279375380.', STARTKEY => '\x00\x00\x00\x00', ENDKEY => '\x00\x00\x00\x01', ENCODED => c72aae2f4aefd6338631ed0279375380,}
24/04/26 02:20:45 DEBUG fserver.MetricsEntityGroupSourceImpl: Creating new MetricsEntityGroupSourceImpl for table TestCloseEntityGroupHandler c72aae2f4aefd6338631ed0279375380
24/04/26 02:20:45 DEBUG fserver.EntityGroup: Instantiated TestCloseEntityGroupHandler,\x00\x00\x00\x00,1714094445989.c72aae2f4aefd6338631ed0279375380.
24/04/26 02:20:45 DEBUG zookeeper.ZKAssign: MockServer,123,-1-0xff8f17fd957e0001 Attempting to transition node c72aae2f4aefd6338631ed0279375380 from FSERVER_ZK_ENTITYGROUP_OPENING to FSERVER_ZK_ENTITYGROUP_OPENING
24/04/26 02:20:45 ERROR server.NIOServerCnxnFactory: Thread Thread[Thread-256,5,main] died
java.lang.NullPointerException
	at com.alibaba.wasp.fserver.EntityGroup.run(EntityGroup.java:1264)
	at java.lang.Thread.run(Thread.java:750)
24/04/26 02:20:46 INFO server.SessionTrackerImpl: SessionTrackerImpl exited loop!
24/04/26 02:20:46 DEBUG zookeeper.ZKUtil: MockServer,123,-1-0xff8f17fd957e0001 Retrieved 118 byte(s) of data from znode /wasp/unassigned/c72aae2f4aefd6338631ed0279375380; data=entityGroup=TestCloseEntityGroupHandler,\x00\x00\x00\x00,1714094445989.c72aae2f4aefd6338631ed0279375380., state=FSERVER_ZK_ENTITYGROUP_OPENING, servername=MockServer,123,-1, createTime=1714094445997, payload.length=0
24/04/26 02:20:46 DEBUG zookeeper.ZKAssign: MockServer,123,-1-0xff8f17fd957e0001 Successfully transitioned node c72aae2f4aefd6338631ed0279375380 from FSERVER_ZK_ENTITYGROUP_OPENING to FSERVER_ZK_ENTITYGROUP_OPENING
24/04/26 02:20:46 DEBUG zookeeper.ZKAssign: MockServer,123,-1-0xff8f17fd957e0001 Attempting to transition node c72aae2f4aefd6338631ed0279375380 from FSERVER_ZK_ENTITYGROUP_OPENING to FSERVER_ZK_ENTITYGROUP_OPENED
24/04/26 02:20:46 DEBUG zookeeper.ZKUtil: MockServer,123,-1-0xff8f17fd957e0001 Retrieved 118 byte(s) of data from znode /wasp/unassigned/c72aae2f4aefd6338631ed0279375380; data=entityGroup=TestCloseEntityGroupHandler,\x00\x00\x00\x00,1714094445989.c72aae2f4aefd6338631ed0279375380., state=FSERVER_ZK_ENTITYGROUP_OPENING, servername=MockServer,123,-1, createTime=1714094446000, payload.length=0
24/04/26 02:20:46 DEBUG zookeeper.ZKAssign: MockServer,123,-1-0xff8f17fd957e0001 Successfully transitioned node c72aae2f4aefd6338631ed0279375380 from FSERVER_ZK_ENTITYGROUP_OPENING to FSERVER_ZK_ENTITYGROUP_OPENED
24/04/26 02:20:46 DEBUG handler.OpenEntityGroupHandler: entityGroup transitioned to opened in zookeeper: {NAME => 'TestCloseEntityGroupHandler,\x00\x00\x00\x00,1714094445989.c72aae2f4aefd6338631ed0279375380.', STARTKEY => '\x00\x00\x00\x00', ENDKEY => '\x00\x00\x00\x01', ENCODED => c72aae2f4aefd6338631ed0279375380,}, server: MockServer,123,-1
24/04/26 02:20:46 DEBUG handler.OpenEntityGroupHandler: Opened TestCloseEntityGroupHandler,\x00\x00\x00\x00,1714094445989.c72aae2f4aefd6338631ed0279375380. on server:MockServer,123,-1
24/04/26 02:20:46 DEBUG zookeeper.ZKUtil: MockServer,123,-1-0xff8f17fd957e0001 Retrieved 118 byte(s) of data from znode /wasp/unassigned/c72aae2f4aefd6338631ed0279375380 and set watcher; entityGroup=TestCloseEntityGroupHandler,\x00\x00\x00\x00,1714094445989.c72aae2f4aefd6338631ed0279375380., state=FSERVER_ZK_ENTITYGROUP_OPENED, servername=MockServer,123,-1, createTime=1714094446003, payload.length=0
24/04/26 02:20:46 DEBUG zookeeper.ZKAssign: MockServer,123,-1-0xff8f17fd957e0001 Deleting existing unassigned node for c72aae2f4aefd6338631ed0279375380 that is in expected state FSERVER_ZK_ENTITYGROUP_OPENED
24/04/26 02:20:46 DEBUG zookeeper.ZKUtil: MockServer,123,-1-0xff8f17fd957e0001 Retrieved 118 byte(s) of data from znode /wasp/unassigned/c72aae2f4aefd6338631ed0279375380; data=entityGroup=TestCloseEntityGroupHandler,\x00\x00\x00\x00,1714094445989.c72aae2f4aefd6338631ed0279375380., state=FSERVER_ZK_ENTITYGROUP_OPENED, servername=MockServer,123,-1, createTime=1714094446003, payload.length=0
24/04/26 02:20:46 DEBUG zookeeper.ZooKeeperWatcher: MockServer,123,-1-0xff8f17fd957e0001 Received ZooKeeper Event, type=NodeDeleted, state=SyncConnected, path=/wasp/unassigned/c72aae2f4aefd6338631ed0279375380
24/04/26 02:20:46 DEBUG zookeeper.ZKAssign: MockServer,123,-1-0xff8f17fd957e0001 Successfully deleted unassigned node for entityGroup c72aae2f4aefd6338631ed0279375380 in expected state FSERVER_ZK_ENTITYGROUP_OPENED
24/04/26 02:20:46 DEBUG zookeeper.ZKAssign: MockServer,123,-1-0xff8f17fd957e0001 Creating unassigned node for c72aae2f4aefd6338631ed0279375380 in a CLOSING state
24/04/26 02:20:46 DEBUG handler.CloseEntityGroupHandler: Processing close of TestCloseEntityGroupHandler,\x00\x00\x00\x00,1714094445989.c72aae2f4aefd6338631ed0279375380.
24/04/26 02:20:46 DEBUG fserver.EntityGroup: Closing TestCloseEntityGroupHandler,\x00\x00\x00\x00,1714094445989.c72aae2f4aefd6338631ed0279375380.
24/04/26 02:20:46 DEBUG fserver.EntityGroup: Updates disabled for entityGroup TestCloseEntityGroupHandler,\x00\x00\x00\x00,1714094445989.c72aae2f4aefd6338631ed0279375380.
24/04/26 02:20:46 INFO fserver.EntityGroup: Running commit transaction of TestCloseEntityGroupHandler,\x00\x00\x00\x00,1714094445989.c72aae2f4aefd6338631ed0279375380. before close
24/04/26 02:20:46 INFO fserver.EntityGroup: Closed TestCloseEntityGroupHandler,\x00\x00\x00\x00,1714094445989.c72aae2f4aefd6338631ed0279375380.
24/04/26 02:20:46 DEBUG zookeeper.ZKAssign: MockServer,123,-1-0xff8f17fd957e0001 Attempting to transition node c72aae2f4aefd6338631ed0279375380 from M_ZK_ENTITYGROUP_CLOSING to FSERVER_ZK_ENTITYGROUP_CLOSED
24/04/26 02:20:46 DEBUG zookeeper.ZKUtil: MockServer,123,-1-0xff8f17fd957e0001 Retrieved 120 byte(s) of data from znode /wasp/unassigned/c72aae2f4aefd6338631ed0279375380; data=entityGroup=TestCloseEntityGroupHandler,\x00\x00\x00\x00,1714094445989.c72aae2f4aefd6338631ed0279375380., state=M_ZK_ENTITYGROUP_CLOSING, servername=MockServer,123,-1, createTime=1714094446006, payload.length=0
24/04/26 02:20:46 DEBUG zookeeper.ZKAssign: MockServer,123,-1-0xff8f17fd957e0001 Successfully transitioned node c72aae2f4aefd6338631ed0279375380 from M_ZK_ENTITYGROUP_CLOSING to FSERVER_ZK_ENTITYGROUP_CLOSED
24/04/26 02:20:46 DEBUG zookeeper.ZooKeeperWatcher: MockServer,123,-1-0xff8f17fd957e0001 Received ZooKeeper Event, type=NodeDataChanged, state=SyncConnected, path=/wasp/unassigned/c72aae2f4aefd6338631ed0279375380
24/04/26 02:20:46 DEBUG handler.CloseEntityGroupHandler: set entityGroup closed state in zk successfully for entityGroup TestCloseEntityGroupHandler,\x00\x00\x00\x00,1714094445989.c72aae2f4aefd6338631ed0279375380. sn name: MockServer,123,-1
24/04/26 02:20:46 DEBUG handler.CloseEntityGroupHandler: Closed entityGroup TestCloseEntityGroupHandler,\x00\x00\x00\x00,1714094445989.c72aae2f4aefd6338631ed0279375380.
24/04/26 02:20:46 DEBUG zookeeper.ZKUtil: MockServer,123,-1-0xff8f17fd957e0001 Retrieved 118 byte(s) of data from znode /wasp/unassigned/c72aae2f4aefd6338631ed0279375380 and set watcher; entityGroup=TestCloseEntityGroupHandler,\x00\x00\x00\x00,1714094445989.c72aae2f4aefd6338631ed0279375380., state=FSERVER_ZK_ENTITYGROUP_CLOSED, servername=MockServer,123,-1, createTime=1714094446009, payload.length=0
24/04/26 02:20:46 INFO fserver.EntityGroup: creating EntityGroup TestCloseEntityGroupHandler Table == CREATE TABLE TestCloseEntityGroupHandler { 
  REQUIRED INT32 column1 COLUMNFAMILY d;
  REQUIRED INT64 column2 COLUMNFAMILY d;
  REQUIRED STRING column3 COLUMNFAMILY d;
  OPTIONAL FLOAT column4 COLUMNFAMILY d;
  OPTIONAL DOUBLE column5 COLUMNFAMILY d;
  OPTIONAL DATETIME column6 COLUMNFAMILY d;
  REPEATED PROTOBUF column7 COLUMNFAMILY d;
  OPTIONAL STRING column8 COLUMNFAMILY d;
} 
PRIMARY KEY(column1),
ENTITY GROUP ROOT,
ENTITY GROUP KEY(column1);
 Table name == TestCloseEntityGroupHandler
24/04/26 02:20:46 DEBUG fserver.MetricsEntityGroupSourceImpl: Creating new MetricsEntityGroupSourceImpl for table TestCloseEntityGroupHandler 7f58e5cf865ba61761bcd5bc21322002
24/04/26 02:20:46 DEBUG fserver.EntityGroup: Instantiated TestCloseEntityGroupHandler,,1714094446011.7f58e5cf865ba61761bcd5bc21322002.
24/04/26 02:20:46 ERROR server.NIOServerCnxnFactory: Thread Thread[Thread-259,5,main] died
java.lang.NullPointerException
	at com.alibaba.wasp.fserver.EntityGroup.run(EntityGroup.java:1264)
	at java.lang.Thread.run(Thread.java:750)
24/04/26 02:20:46 DEBUG fserver.EntityGroup: Closing TestCloseEntityGroupHandler,,1714094446011.7f58e5cf865ba61761bcd5bc21322002.
24/04/26 02:20:46 DEBUG fserver.EntityGroup: Updates disabled for entityGroup TestCloseEntityGroupHandler,,1714094446011.7f58e5cf865ba61761bcd5bc21322002.
24/04/26 02:20:46 INFO fserver.EntityGroup: Running commit transaction of TestCloseEntityGroupHandler,,1714094446011.7f58e5cf865ba61761bcd5bc21322002. before close
24/04/26 02:20:46 INFO fserver.EntityGroup: Closed TestCloseEntityGroupHandler,,1714094446011.7f58e5cf865ba61761bcd5bc21322002.
24/04/26 02:20:46 DEBUG handler.CloseEntityGroupHandler: Processing close of TestCloseEntityGroupHandler,,1714094446011.7f58e5cf865ba61761bcd5bc21322002.
24/04/26 02:20:46 FATAL util.MockServer: Abort why=Unrecoverable exception while closing entityGroup TestCloseEntityGroupHandler,,1714094446011.7f58e5cf865ba61761bcd5bc21322002., still finishing close
java.lang.RuntimeException: Mocked failed close!
	at com.alibaba.wasp.fserver.handler.CloseEntityGroupHandler.process(CloseEntityGroupHandler.java:103)
	at com.alibaba.wasp.fserver.handler.TestCloseEntityGroupHandler.testFailedCommitAborts(TestCloseEntityGroupHandler.java:122)
	at sun.reflect.NativeMethodAccessorImpl.invoke0(Native Method)
	at sun.reflect.NativeMethodAccessorImpl.invoke(NativeMethodAccessorImpl.java:62)
	at sun.reflect.DelegatingMethodAccessorImpl.invoke(DelegatingMethodAccessorImpl.java:43)
	at java.lang.reflect.Method.invoke(Method.java:498)
	at org.junit.runners.model.FrameworkMethod$1.runReflectiveCall(FrameworkMethod.java:45)
	at org.junit.internal.runners.model.ReflectiveCallable.run(ReflectiveCallable.java:15)
	at org.junit.runners.model.FrameworkMethod.invokeExplosively(FrameworkMethod.java:42)
	at org.junit.internal.runners.statements.InvokeMethod.evaluate(InvokeMethod.java:20)
	at org.junit.internal.runners.statements.RunBefores.evaluate(RunBefores.java:28)
	at org.junit.runners.ParentRunner.runLeaf(ParentRunner.java:263)
	at org.junit.runners.BlockJUnit4ClassRunner.runChild(BlockJUnit4ClassRunner.java:68)
	at org.junit.runners.BlockJUnit4ClassRunner.runChild(BlockJUnit4ClassRunner.java:47)
	at org.junit.runners.ParentRunner$3.run(ParentRunner.java:231)
	at org.junit.runners.ParentRunner$1.schedule(ParentRunner.java:60)
	at org.junit.runners.ParentRunner.runChildren(ParentRunner.java:229)
	at org.junit.runners.ParentRunner.access$000(ParentRunner.java:50)
	at org.junit.runners.ParentRunner$2.evaluate(ParentRunner.java:222)
	at org.junit.internal.runners.statements.RunBefores.evaluate(RunBefores.java:28)
	at org.junit.internal.runners.statements.RunAfters.evaluate(RunAfters.java:30)
	at org.junit.runners.ParentRunner.run(ParentRunner.java:300)
	at org.junit.runners.Suite.runChild(Suite.java:128)
	at org.junit.runners.Suite.runChild(Suite.java:24)
	at org.junit.runners.ParentRunner$3.run(ParentRunner.java:231)
	at org.junit.runners.ParentRunner$1.schedule(ParentRunner.java:60)
	at org.junit.runners.ParentRunner.runChildren(ParentRunner.java:229)
	at org.junit.runners.ParentRunner.access$000(ParentRunner.java:50)
	at org.junit.runners.ParentRunner$2.evaluate(ParentRunner.java:222)
	at org.junit.runners.ParentRunner.run(ParentRunner.java:300)
	at org.junit.runner.JUnitCore.run(JUnitCore.java:157)
	at org.junit.runner.JUnitCore.run(JUnitCore.java:136)
	at edu.illinois.cs.testrunner.execution.JUnitTestExecutor.execute(JUnitTestExecutor.java:259)
	at edu.illinois.cs.testrunner.execution.JUnitTestExecutor.executeWithJUnit4Runner(JUnitTestExecutor.java:327)
	at edu.illinois.cs.testrunner.execution.JUnitTestExecutor.runOrder(JUnitTestExecutor.java:49)
	at edu.illinois.cs.testrunner.execution.Executor$.$anonfun$run$1(Executor.scala:30)
	at scala.runtime.java8.JFunction0$mcV$sp.apply(JFunction0$mcV$sp.java:12)
	at scala.util.Try$.apply(Try.scala:209)
	at edu.illinois.cs.testrunner.execution.Executor$.run(Executor.scala:28)
	at edu.illinois.cs.testrunner.execution.Executor$.main(Executor.scala:18)
	at edu.illinois.cs.testrunner.execution.Executor.main(Executor.scala)
24/04/26 02:20:46 DEBUG util.MockServer: Stop why=Unrecoverable exception while closing entityGroup TestCloseEntityGroupHandler,,1714094446011.7f58e5cf865ba61761bcd5bc21322002., still finishing close
24/04/26 02:20:46 WARN fserver.EntityGroup: EntityGroup TestCloseEntityGroupHandler,,1714094446011.7f58e5cf865ba61761bcd5bc21322002. already closed
24/04/26 02:20:46 INFO server.NIOServerCnxn: Closed socket connection for client /127.0.0.1:60318 which had sessionid 0xff8f17fd957e0000
24/04/26 02:20:46 INFO server.NIOServerCnxn: Closed socket connection for client /127.0.0.1:60326 which had sessionid 0xff8f17fd957e0001
24/04/26 02:20:46 INFO server.NIOServerCnxnFactory: NIOServerCnxn factory exited run method
24/04/26 02:20:46 INFO server.ZooKeeperServer: shutting down
24/04/26 02:20:46 INFO server.SessionTrackerImpl: Shutting down
24/04/26 02:20:46 INFO server.PrepRequestProcessor: Shutting down
24/04/26 02:20:46 INFO server.SyncRequestProcessor: Shutting down
24/04/26 02:20:46 INFO server.PrepRequestProcessor: PrepRequestProcessor exited loop!
24/04/26 02:20:46 INFO server.SyncRequestProcessor: SyncRequestProcessor exited!
24/04/26 02:20:46 INFO server.FinalRequestProcessor: shutdown of request processor complete
java.lang.NullPointerException
	at com.alibaba.wasp.protobuf.generated.MetaProtos$GetActionProto$Builder.setSessionId(MetaProtos.java:6187)
	at com.alibaba.wasp.plan.action.GetAction.convert(GetAction.java:97)
	at com.alibaba.wasp.protobuf.ProtobufUtil.toGetActionProto(ProtobufUtil.java:466)
	at com.alibaba.wasp.protobuf.TestProtobufUtil.testGet(TestProtobufUtil.java:103)
	at sun.reflect.NativeMethodAccessorImpl.invoke0(Native Method)
	at sun.reflect.NativeMethodAccessorImpl.invoke(NativeMethodAccessorImpl.java:62)
	at sun.reflect.DelegatingMethodAccessorImpl.invoke(DelegatingMethodAccessorImpl.java:43)
	at java.lang.reflect.Method.invoke(Method.java:498)
	at org.junit.runners.model.FrameworkMethod$1.runReflectiveCall(FrameworkMethod.java:45)
	at org.junit.internal.runners.model.ReflectiveCallable.run(ReflectiveCallable.java:15)
	at org.junit.runners.model.FrameworkMethod.invokeExplosively(FrameworkMethod.java:42)
	at org.junit.internal.runners.statements.InvokeMethod.evaluate(InvokeMethod.java:20)
	at org.junit.runners.ParentRunner.runLeaf(ParentRunner.java:263)
	at org.junit.runners.BlockJUnit4ClassRunner.runChild(BlockJUnit4ClassRunner.java:68)
	at org.junit.runners.BlockJUnit4ClassRunner.runChild(BlockJUnit4ClassRunner.java:47)
	at org.junit.runners.ParentRunner$3.run(ParentRunner.java:231)
	at org.junit.runners.ParentRunner$1.schedule(ParentRunner.java:60)
	at org.junit.runners.ParentRunner.runChildren(ParentRunner.java:229)
	at org.junit.runners.ParentRunner.access$000(ParentRunner.java:50)
	at org.junit.runners.ParentRunner$2.evaluate(ParentRunner.java:222)
	at org.junit.runners.ParentRunner.run(ParentRunner.java:300)
	at org.junit.runners.Suite.runChild(Suite.java:128)
	at org.junit.runners.Suite.runChild(Suite.java:24)
	at org.junit.runners.ParentRunner$3.run(ParentRunner.java:231)
	at org.junit.runners.ParentRunner$1.schedule(ParentRunner.java:60)
	at org.junit.runners.ParentRunner.runChildren(ParentRunner.java:229)
	at org.junit.runners.ParentRunner.access$000(ParentRunner.java:50)
	at org.junit.runners.ParentRunner$2.evaluate(ParentRunner.java:222)
	at org.junit.runners.ParentRunner.run(ParentRunner.java:300)
	at org.junit.runner.JUnitCore.run(JUnitCore.java:157)
	at org.junit.runner.JUnitCore.run(JUnitCore.java:136)
	at edu.illinois.cs.testrunner.execution.JUnitTestExecutor.execute(JUnitTestExecutor.java:259)
	at edu.illinois.cs.testrunner.execution.JUnitTestExecutor.executeWithJUnit4Runner(JUnitTestExecutor.java:327)
	at edu.illinois.cs.testrunner.execution.JUnitTestExecutor.runOrder(JUnitTestExecutor.java:49)
	at edu.illinois.cs.testrunner.execution.Executor$.$anonfun$run$1(Executor.scala:30)
	at scala.runtime.java8.JFunction0$mcV$sp.apply(JFunction0$mcV$sp.java:12)
	at scala.util.Try$.apply(Try.scala:209)
	at edu.illinois.cs.testrunner.execution.Executor$.run(Executor.scala:28)
	at edu.illinois.cs.testrunner.execution.Executor$.main(Executor.scala:18)
	at edu.illinois.cs.testrunner.execution.Executor.main(Executor.scala)
java.lang.NullPointerException
	at com.alibaba.wasp.protobuf.generated.MetaProtos$UpdateActionProto$Builder.setSessionId(MetaProtos.java:10088)
	at com.alibaba.wasp.plan.action.UpdateAction.convert(UpdateAction.java:113)
	at com.alibaba.wasp.protobuf.ProtobufUtil.convertUpdateAction(ProtobufUtil.java:559)
	at com.alibaba.wasp.protobuf.TestProtobufUtil.testUpdate(TestProtobufUtil.java:83)
	at sun.reflect.NativeMethodAccessorImpl.invoke0(Native Method)
	at sun.reflect.NativeMethodAccessorImpl.invoke(NativeMethodAccessorImpl.java:62)
	at sun.reflect.DelegatingMethodAccessorImpl.invoke(DelegatingMethodAccessorImpl.java:43)
	at java.lang.reflect.Method.invoke(Method.java:498)
	at org.junit.runners.model.FrameworkMethod$1.runReflectiveCall(FrameworkMethod.java:45)
	at org.junit.internal.runners.model.ReflectiveCallable.run(ReflectiveCallable.java:15)
	at org.junit.runners.model.FrameworkMethod.invokeExplosively(FrameworkMethod.java:42)
	at org.junit.internal.runners.statements.InvokeMethod.evaluate(InvokeMethod.java:20)
	at org.junit.runners.ParentRunner.runLeaf(ParentRunner.java:263)
	at org.junit.runners.BlockJUnit4ClassRunner.runChild(BlockJUnit4ClassRunner.java:68)
	at org.junit.runners.BlockJUnit4ClassRunner.runChild(BlockJUnit4ClassRunner.java:47)
	at org.junit.runners.ParentRunner$3.run(ParentRunner.java:231)
	at org.junit.runners.ParentRunner$1.schedule(ParentRunner.java:60)
	at org.junit.runners.ParentRunner.runChildren(ParentRunner.java:229)
	at org.junit.runners.ParentRunner.access$000(ParentRunner.java:50)
	at org.junit.runners.ParentRunner$2.evaluate(ParentRunner.java:222)
	at org.junit.runners.ParentRunner.run(ParentRunner.java:300)
	at org.junit.runners.Suite.runChild(Suite.java:128)
	at org.junit.runners.Suite.runChild(Suite.java:24)
	at org.junit.runners.ParentRunner$3.run(ParentRunner.java:231)
	at org.junit.runners.ParentRunner$1.schedule(ParentRunner.java:60)
	at org.junit.runners.ParentRunner.runChildren(ParentRunner.java:229)
	at org.junit.runners.ParentRunner.access$000(ParentRunner.java:50)
	at org.junit.runners.ParentRunner$2.evaluate(ParentRunner.java:222)
	at org.junit.runners.ParentRunner.run(ParentRunner.java:300)
	at org.junit.runner.JUnitCore.run(JUnitCore.java:157)
	at org.junit.runner.JUnitCore.run(JUnitCore.java:136)
	at edu.illinois.cs.testrunner.execution.JUnitTestExecutor.execute(JUnitTestExecutor.java:259)
	at edu.illinois.cs.testrunner.execution.JUnitTestExecutor.executeWithJUnit4Runner(JUnitTestExecutor.java:327)
	at edu.illinois.cs.testrunner.execution.JUnitTestExecutor.runOrder(JUnitTestExecutor.java:49)
	at edu.illinois.cs.testrunner.execution.Executor$.$anonfun$run$1(Executor.scala:30)
	at scala.runtime.java8.JFunction0$mcV$sp.apply(JFunction0$mcV$sp.java:12)
	at scala.util.Try$.apply(Try.scala:209)
	at edu.illinois.cs.testrunner.execution.Executor$.run(Executor.scala:28)
	at edu.illinois.cs.testrunner.execution.Executor$.main(Executor.scala:18)
	at edu.illinois.cs.testrunner.execution.Executor.main(Executor.scala)
24/04/26 02:20:46 INFO wasp.WaspTestingUtility: Starting up minicluster with 1 master(s) and 3 fserver(s) 
24/04/26 02:20:46 DEBUG zookeeper.ZooKeeperWatcher: MockServer,123,-1-0xff8f17fd957e0000 Received ZooKeeper Event, type=None, state=Disconnected, path=null
24/04/26 02:20:46 DEBUG zookeeper.ZooKeeperWatcher: MockServer,123,-1-0xff8f17fd957e0001 Received ZooKeeper Event, type=None, state=Disconnected, path=null
24/04/26 02:20:46 DEBUG zookeeper.ZooKeeperWatcher: MockServer,123,-1-0xff8f17fd957e0001 Received Disconnected from ZooKeeper, ignoring
24/04/26 02:20:46 DEBUG zookeeper.ZooKeeperWatcher: MockServer,123,-1-0xff8f17fd957e0000 Received Disconnected from ZooKeeper, ignoring
Starting DataNode 0 with dfs.data.dir: /home/alex/Repositories/wasp/target/test-data/b031b3e6-ce32-4c05-aee8-334d21759869/dfscluster_15e6ac71-f9ab-46d6-905a-9bf85bfbb8b8/dfs/data/data1,/home/alex/Repositories/wasp/target/test-data/b031b3e6-ce32-4c05-aee8-334d21759869/dfscluster_15e6ac71-f9ab-46d6-905a-9bf85bfbb8b8/dfs/data/data2
24/04/26 02:20:46 ERROR datanode.DataNode: All directories in dfs.data.dir are invalid.
24/04/26 02:20:46 INFO wasp.WaspTestingUtility: Shutting down mini wasp cluster
24/04/26 02:20:46 INFO wasp.WaspTestingUtility: Minicluster is down
java.lang.NullPointerException
	at org.apache.hadoop.hdfs.MiniDFSCluster.startDataNodes(MiniDFSCluster.java:422)
	at org.apache.hadoop.hdfs.MiniDFSCluster.<init>(MiniDFSCluster.java:280)
	at org.apache.hadoop.hbase.HBaseTestingUtility.startMiniDFSCluster(HBaseTestingUtility.java:451)
	at org.apache.hadoop.hbase.HBaseTestingUtility.startMiniCluster(HBaseTestingUtility.java:619)
	at org.apache.hadoop.hbase.HBaseTestingUtility.startMiniCluster(HBaseTestingUtility.java:575)
	at com.alibaba.wasp.WaspTestingUtility.startMiniCluster(WaspTestingUtility.java:172)
	at com.alibaba.wasp.WaspTestingUtility.startMiniCluster(WaspTestingUtility.java:144)
	at com.alibaba.wasp.client.TestAdmin.setUpBeforeClass(TestAdmin.java:91)
	at sun.reflect.NativeMethodAccessorImpl.invoke0(Native Method)
	at sun.reflect.NativeMethodAccessorImpl.invoke(NativeMethodAccessorImpl.java:62)
	at sun.reflect.DelegatingMethodAccessorImpl.invoke(DelegatingMethodAccessorImpl.java:43)
	at java.lang.reflect.Method.invoke(Method.java:498)
	at org.junit.runners.model.FrameworkMethod$1.runReflectiveCall(FrameworkMethod.java:45)
	at org.junit.internal.runners.model.ReflectiveCallable.run(ReflectiveCallable.java:15)
	at org.junit.runners.model.FrameworkMethod.invokeExplosively(FrameworkMethod.java:42)
	at org.junit.internal.runners.statements.RunBefores.evaluate(RunBefores.java:27)
	at org.junit.internal.runners.statements.RunAfters.evaluate(RunAfters.java:30)
	at org.junit.runners.ParentRunner.run(ParentRunner.java:300)
	at org.junit.runners.Suite.runChild(Suite.java:128)
	at org.junit.runners.Suite.runChild(Suite.java:24)
	at org.junit.runners.ParentRunner$3.run(ParentRunner.java:231)
	at org.junit.runners.ParentRunner$1.schedule(ParentRunner.java:60)
	at org.junit.runners.ParentRunner.runChildren(ParentRunner.java:229)
	at org.junit.runners.ParentRunner.access$000(ParentRunner.java:50)
	at org.junit.runners.ParentRunner$2.evaluate(ParentRunner.java:222)
	at org.junit.runners.ParentRunner.run(ParentRunner.java:300)
	at org.junit.runner.JUnitCore.run(JUnitCore.java:157)
	at org.junit.runner.JUnitCore.run(JUnitCore.java:136)
	at edu.illinois.cs.testrunner.execution.JUnitTestExecutor.execute(JUnitTestExecutor.java:259)
	at edu.illinois.cs.testrunner.execution.JUnitTestExecutor.executeWithJUnit4Runner(JUnitTestExecutor.java:327)
	at edu.illinois.cs.testrunner.execution.JUnitTestExecutor.runOrder(JUnitTestExecutor.java:49)
	at edu.illinois.cs.testrunner.execution.Executor$.$anonfun$run$1(Executor.scala:30)
	at scala.runtime.java8.JFunction0$mcV$sp.apply(JFunction0$mcV$sp.java:12)
	at scala.util.Try$.apply(Try.scala:209)
	at edu.illinois.cs.testrunner.execution.Executor$.run(Executor.scala:28)
	at edu.illinois.cs.testrunner.execution.Executor$.main(Executor.scala:18)
	at edu.illinois.cs.testrunner.execution.Executor.main(Executor.scala)
