24/04/26 01:56:58 INFO wasp.WaspTestingUtility: Starting up minicluster with 1 master(s) and 3 fserver(s) 
Starting DataNode 0 with dfs.data.dir: /home/alex/Repositories/wasp/target/test-data/e1eb4ee6-4918-43de-99c7-47a5e27d7a8e/dfscluster_a6dc6abe-3d12-4a4b-b131-40efcf52c5e4/dfs/data/data1,/home/alex/Repositories/wasp/target/test-data/e1eb4ee6-4918-43de-99c7-47a5e27d7a8e/dfscluster_a6dc6abe-3d12-4a4b-b131-40efcf52c5e4/dfs/data/data2
24/04/26 01:56:58 ERROR datanode.DataNode: All directories in dfs.data.dir are invalid.
24/04/26 01:56:58 INFO wasp.WaspTestingUtility: Shutting down mini wasp cluster
24/04/26 01:56:58 INFO wasp.WaspTestingUtility: Minicluster is down
java.lang.NullPointerException
	at org.apache.hadoop.hdfs.MiniDFSCluster.startDataNodes(MiniDFSCluster.java:422)
	at org.apache.hadoop.hdfs.MiniDFSCluster.<init>(MiniDFSCluster.java:280)
	at org.apache.hadoop.hbase.HBaseTestingUtility.startMiniDFSCluster(HBaseTestingUtility.java:451)
	at org.apache.hadoop.hbase.HBaseTestingUtility.startMiniCluster(HBaseTestingUtility.java:619)
	at org.apache.hadoop.hbase.HBaseTestingUtility.startMiniCluster(HBaseTestingUtility.java:575)
	at com.alibaba.wasp.WaspTestingUtility.startMiniCluster(WaspTestingUtility.java:172)
	at com.alibaba.wasp.WaspTestingUtility.startMiniCluster(WaspTestingUtility.java:144)
	at com.alibaba.wasp.client.TestFromClientSide.setUpBeforeClass(TestFromClientSide.java:83)
	at sun.reflect.NativeMethodAccessorImpl.invoke0(Native Method)
	at sun.reflect.NativeMethodAccessorImpl.invoke(NativeMethodAccessorImpl.java:62)
	at sun.reflect.DelegatingMethodAccessorImpl.invoke(DelegatingMethodAccessorImpl.java:43)
	at java.lang.reflect.Method.invoke(Method.java:498)
	at org.junit.runners.model.FrameworkMethod$1.runReflectiveCall(FrameworkMethod.java:45)
	at org.junit.internal.runners.model.ReflectiveCallable.run(ReflectiveCallable.java:15)
	at org.junit.runners.model.FrameworkMethod.invokeExplosively(FrameworkMethod.java:42)
	at org.junit.internal.runners.statements.RunBefores.evaluate(RunBefores.java:27)
	at org.junit.internal.runners.statements.RunAfters.evaluate(RunAfters.java:30)
	at org.junit.runners.ParentRunner.run(ParentRunner.java:300)
	at org.junit.runners.Suite.runChild(Suite.java:128)
	at org.junit.runners.Suite.runChild(Suite.java:24)
	at org.junit.runners.ParentRunner$3.run(ParentRunner.java:231)
	at org.junit.runners.ParentRunner$1.schedule(ParentRunner.java:60)
	at org.junit.runners.ParentRunner.runChildren(ParentRunner.java:229)
	at org.junit.runners.ParentRunner.access$000(ParentRunner.java:50)
	at org.junit.runners.ParentRunner$2.evaluate(ParentRunner.java:222)
	at org.junit.runners.ParentRunner.run(ParentRunner.java:300)
	at org.junit.runner.JUnitCore.run(JUnitCore.java:157)
	at org.junit.runner.JUnitCore.run(JUnitCore.java:136)
	at edu.illinois.cs.testrunner.execution.JUnitTestExecutor.execute(JUnitTestExecutor.java:259)
	at edu.illinois.cs.testrunner.execution.JUnitTestExecutor.executeWithJUnit4Runner(JUnitTestExecutor.java:327)
	at edu.illinois.cs.testrunner.execution.JUnitTestExecutor.runOrder(JUnitTestExecutor.java:49)
	at edu.illinois.cs.testrunner.execution.Executor$.$anonfun$run$1(Executor.scala:30)
	at scala.runtime.java8.JFunction0$mcV$sp.apply(JFunction0$mcV$sp.java:12)
	at scala.util.Try$.apply(Try.scala:209)
	at edu.illinois.cs.testrunner.execution.Executor$.run(Executor.scala:28)
	at edu.illinois.cs.testrunner.execution.Executor$.main(Executor.scala:18)
	at edu.illinois.cs.testrunner.execution.Executor.main(Executor.scala)
24/04/26 01:56:59 DEBUG executor.ExecutorService: Starting executor service name=MASTER_SERVER_OPERATIONS-unit_test, corePoolSize=5, maxPoolSize=5
24/04/26 01:56:59 INFO executor.TestExecutorService: Running process #2, threadName=MASTER_SERVER_OPERATIONS-unit_test-0
24/04/26 01:56:59 INFO executor.TestExecutorService: Running process #1, threadName=MASTER_SERVER_OPERATIONS-unit_test-2
24/04/26 01:56:59 INFO executor.TestExecutorService: Running process #4, threadName=MASTER_SERVER_OPERATIONS-unit_test-3
24/04/26 01:56:59 INFO executor.TestExecutorService: Running process #3, threadName=MASTER_SERVER_OPERATIONS-unit_test-1
24/04/26 01:56:59 INFO executor.TestExecutorService: Waiting for all event handlers to start...
24/04/26 01:56:59 INFO executor.TestExecutorService: Running process #5, threadName=MASTER_SERVER_OPERATIONS-unit_test-4
24/04/26 01:56:59 INFO executor.TestExecutorService: Got status dump:
Status for executor: Executor-1-MASTER_SERVER_OPERATIONS-unit_test
=======================================
Waiting for all event handlers to finish...
0 events queued, 5 running
Running:
  Running on thread 'MASTER_SERVER_OPERATIONS-unit_test-1': Event #2 of type M_SERVER_SHUTDOWN (class com.alibaba.wasp.executor.TestExecutorService$TestEventHandler)
  Thread 40 (MASTER_SERVER_OPERATIONS-unit_test-1):
    State: WAITING
    Blocked count: 2
    Waited count: 1
    Waiting on java.util.concurrent.atomic.AtomicBoolean@6ccdb29f
    Stack:
      java.lang.Object.wait(Native Method)
      java.lang.Object.wait(Object.java:502)
      com.alibaba.wasp.executor.TestExecutorService$TestEventHandler.process(TestExecutorService.java:167)
      com.alibaba.wasp.executor.EventHandler.run(EventHandler.java:198)
      java.util.concurrent.ThreadPoolExecutor.runWorker(ThreadPoolExecutor.java:1149)
      java.util.concurrent.ThreadPoolExecutor$Worker.run(ThreadPoolExecutor.java:624)
      java.lang.Thread.run(Thread.java:750)

  Running on thread 'MASTER_SERVER_OPERATIONS-unit_test-4': Event #5 of type M_SERVER_SHUTDOWN (class com.alibaba.wasp.executor.TestExecutorService$TestEventHandler)
  Thread 43 (MASTER_SERVER_OPERATIONS-unit_test-4):
    State: WAITING
    Blocked count: 0
    Waited count: 1
    Waiting on java.util.concurrent.atomic.AtomicBoolean@6ccdb29f
    Stack:
      java.lang.Object.wait(Native Method)
      java.lang.Object.wait(Object.java:502)
      com.alibaba.wasp.executor.TestExecutorService$TestEventHandler.process(TestExecutorService.java:167)
      com.alibaba.wasp.executor.EventHandler.run(EventHandler.java:198)
      java.util.concurrent.ThreadPoolExecutor.runWorker(ThreadPoolExecutor.java:1149)
      java.util.concurrent.ThreadPoolExecutor$Worker.run(ThreadPoolExecutor.java:624)
      java.lang.Thread.run(Thread.java:750)

  Running on thread 'MASTER_SERVER_OPERATIONS-unit_test-2': Event #3 of type M_SERVER_SHUTDOWN (class com.alibaba.wasp.executor.TestExecutorService$TestEventHandler)
  Thread 41 (MASTER_SERVER_OPERATIONS-unit_test-2):
    State: WAITING
    Blocked count: 1
    Waited count: 1
    Waiting on java.util.concurrent.atomic.AtomicBoolean@6ccdb29f
    Stack:
      java.lang.Object.wait(Native Method)
      java.lang.Object.wait(Object.java:502)
      com.alibaba.wasp.executor.TestExecutorService$TestEventHandler.process(TestExecutorService.java:167)
      com.alibaba.wasp.executor.EventHandler.run(EventHandler.java:198)
      java.util.concurrent.ThreadPoolExecutor.runWorker(ThreadPoolExecutor.java:1149)
      java.util.concurrent.ThreadPoolExecutor$Worker.run(ThreadPoolExecutor.java:624)
      java.lang.Thread.run(Thread.java:750)

  Running on thread 'MASTER_SERVER_OPERATIONS-unit_test-0': Event #1 of type M_SERVER_SHUTDOWN (class com.alibaba.wasp.executor.TestExecutorService$TestEventHandler)
  Thread 39 (MASTER_SERVER_OPERATIONS-unit_test-0):
    State: WAITING
    Blocked count: 0
    Waited count: 1
    Waiting on java.util.concurrent.atomic.AtomicBoolean@6ccdb29f
    Stack:
      java.lang.Object.wait(Native Method)
      java.lang.Object.wait(Object.java:502)
      com.alibaba.wasp.executor.TestExecutorService$TestEventHandler.process(TestExecutorService.java:167)
      com.alibaba.wasp.executor.EventHandler.run(EventHandler.java:198)
      java.util.concurrent.ThreadPoolExecutor.runWorker(ThreadPoolExecutor.java:1149)
      java.util.concurrent.ThreadPoolExecutor$Worker.run(ThreadPoolExecutor.java:624)
      java.lang.Thread.run(Thread.java:750)

  Running on thread 'MASTER_SERVER_OPERATIONS-unit_test-3': Event #4 of type M_SERVER_SHUTDOWN (class com.alibaba.wasp.executor.TestExecutorService$TestEventHandler)
  Thread 42 (MASTER_SERVER_OPERATIONS-unit_test-3):
    State: WAITING
    Blocked count: 1
    Waited count: 1
    Waiting on java.util.concurrent.atomic.AtomicBoolean@6ccdb29f
    Stack:
      java.lang.Object.wait(Native Method)
      java.lang.Object.wait(Object.java:502)
      com.alibaba.wasp.executor.TestExecutorService$TestEventHandler.process(TestExecutorService.java:167)
      com.alibaba.wasp.executor.EventHandler.run(EventHandler.java:198)
      java.util.concurrent.ThreadPoolExecutor.runWorker(ThreadPoolExecutor.java:1149)
      java.util.concurrent.ThreadPoolExecutor$Worker.run(ThreadPoolExecutor.java:624)
      java.lang.Thread.run(Thread.java:750)


24/04/26 01:56:59 INFO executor.TestExecutorService: Running process #11, threadName=MASTER_SERVER_OPERATIONS-unit_test-1
24/04/26 01:56:59 INFO executor.TestExecutorService: Running process #13, threadName=MASTER_SERVER_OPERATIONS-unit_test-3
24/04/26 01:56:59 INFO executor.TestExecutorService: Running process #12, threadName=MASTER_SERVER_OPERATIONS-unit_test-4
24/04/26 01:56:59 INFO executor.TestExecutorService: Running process #19, threadName=MASTER_SERVER_OPERATIONS-unit_test-0
24/04/26 01:56:59 INFO executor.TestExecutorService: Running process #20, threadName=MASTER_SERVER_OPERATIONS-unit_test-2
24/04/26 01:56:59 INFO executor.TestExecutorService: Running process #23, threadName=MASTER_SERVER_OPERATIONS-unit_test-4
24/04/26 01:56:59 INFO executor.TestExecutorService: Running process #25, threadName=MASTER_SERVER_OPERATIONS-unit_test-0
24/04/26 01:56:59 INFO executor.TestExecutorService: Running process #17, threadName=MASTER_SERVER_OPERATIONS-unit_test-3
24/04/26 01:56:59 INFO executor.TestExecutorService: Running process #15, threadName=MASTER_SERVER_OPERATIONS-unit_test-1
24/04/26 01:56:59 INFO executor.TestExecutorService: Running process #26, threadName=MASTER_SERVER_OPERATIONS-unit_test-2
24/04/26 01:57:01 ERROR executor.ExecutorService: Cannot submit [Event #16 of type M_SERVER_SHUTDOWN (class com.alibaba.wasp.executor.TestExecutorService$TestEventHandler)] because the executor is missing. Is this process shutting down?
24/04/26 01:57:01 INFO wasp.WaspTestingUtility: Starting up minicluster with 1 master(s) and 3 fserver(s) 
Starting DataNode 0 with dfs.data.dir: /home/alex/Repositories/wasp/target/test-data/17ac770c-27ad-470f-9fc6-f098d7cf46b3/dfscluster_73a4519c-de58-46f4-be59-4d279cf2081d/dfs/data/data1,/home/alex/Repositories/wasp/target/test-data/17ac770c-27ad-470f-9fc6-f098d7cf46b3/dfscluster_73a4519c-de58-46f4-be59-4d279cf2081d/dfs/data/data2
24/04/26 01:57:01 ERROR datanode.DataNode: All directories in dfs.data.dir are invalid.
24/04/26 01:57:01 INFO wasp.WaspTestingUtility: Shutting down mini wasp cluster
24/04/26 01:57:01 INFO wasp.WaspTestingUtility: Minicluster is down
java.lang.NullPointerException
	at org.apache.hadoop.hdfs.MiniDFSCluster.startDataNodes(MiniDFSCluster.java:422)
	at org.apache.hadoop.hdfs.MiniDFSCluster.<init>(MiniDFSCluster.java:280)
	at org.apache.hadoop.hbase.HBaseTestingUtility.startMiniDFSCluster(HBaseTestingUtility.java:451)
	at org.apache.hadoop.hbase.HBaseTestingUtility.startMiniCluster(HBaseTestingUtility.java:619)
	at org.apache.hadoop.hbase.HBaseTestingUtility.startMiniCluster(HBaseTestingUtility.java:575)
	at com.alibaba.wasp.WaspTestingUtility.startMiniCluster(WaspTestingUtility.java:172)
	at com.alibaba.wasp.WaspTestingUtility.startMiniCluster(WaspTestingUtility.java:144)
	at com.alibaba.wasp.fserver.TestEntityGroup.setUpBeforeClass(TestEntityGroup.java:97)
	at sun.reflect.NativeMethodAccessorImpl.invoke0(Native Method)
	at sun.reflect.NativeMethodAccessorImpl.invoke(NativeMethodAccessorImpl.java:62)
	at sun.reflect.DelegatingMethodAccessorImpl.invoke(DelegatingMethodAccessorImpl.java:43)
	at java.lang.reflect.Method.invoke(Method.java:498)
	at org.junit.runners.model.FrameworkMethod$1.runReflectiveCall(FrameworkMethod.java:45)
	at org.junit.internal.runners.model.ReflectiveCallable.run(ReflectiveCallable.java:15)
	at org.junit.runners.model.FrameworkMethod.invokeExplosively(FrameworkMethod.java:42)
	at org.junit.internal.runners.statements.RunBefores.evaluate(RunBefores.java:27)
	at org.junit.internal.runners.statements.RunAfters.evaluate(RunAfters.java:30)
	at org.junit.runners.ParentRunner.run(ParentRunner.java:300)
	at org.junit.runners.Suite.runChild(Suite.java:128)
	at org.junit.runners.Suite.runChild(Suite.java:24)
	at org.junit.runners.ParentRunner$3.run(ParentRunner.java:231)
	at org.junit.runners.ParentRunner$1.schedule(ParentRunner.java:60)
	at org.junit.runners.ParentRunner.runChildren(ParentRunner.java:229)
	at org.junit.runners.ParentRunner.access$000(ParentRunner.java:50)
	at org.junit.runners.ParentRunner$2.evaluate(ParentRunner.java:222)
	at org.junit.runners.ParentRunner.run(ParentRunner.java:300)
	at org.junit.runner.JUnitCore.run(JUnitCore.java:157)
	at org.junit.runner.JUnitCore.run(JUnitCore.java:136)
	at edu.illinois.cs.testrunner.execution.JUnitTestExecutor.execute(JUnitTestExecutor.java:259)
	at edu.illinois.cs.testrunner.execution.JUnitTestExecutor.executeWithJUnit4Runner(JUnitTestExecutor.java:327)
	at edu.illinois.cs.testrunner.execution.JUnitTestExecutor.runOrder(JUnitTestExecutor.java:49)
	at edu.illinois.cs.testrunner.execution.Executor$.$anonfun$run$1(Executor.scala:30)
	at scala.runtime.java8.JFunction0$mcV$sp.apply(JFunction0$mcV$sp.java:12)
	at scala.util.Try$.apply(Try.scala:209)
	at edu.illinois.cs.testrunner.execution.Executor$.run(Executor.scala:28)
	at edu.illinois.cs.testrunner.execution.Executor$.main(Executor.scala:18)
	at edu.illinois.cs.testrunner.execution.Executor.main(Executor.scala)
24/04/26 01:57:01 DEBUG druid.DruidParser: Parsing SQL CREATE TABLE User { Required Int64 user_id; Required String name; Optional DOUBLE value; }  primary key(user_id),  entity group root, entity group key(user_id);
24/04/26 01:57:01 DEBUG druid.DruidDDLParser: CreateTablePlan CreateTablePlan [table=CREATE TABLE User { 
  REQUIRED INT64 user_id COLUMNFAMILY d;
  REQUIRED STRING name COLUMNFAMILY d;
  OPTIONAL DOUBLE value COLUMNFAMILY d;
} 
PRIMARY KEY(user_id),
ENTITY GROUP ROOT,
ENTITY GROUP KEY(user_id);
, splitKeys=null]
24/04/26 01:57:01 DEBUG fserver.MetricsEntityGroupSourceImpl: Creating new MetricsEntityGroupSourceImpl for table User 421074306a1030911ed37807a8c33615
24/04/26 01:57:01 DEBUG fserver.EntityGroup: Instantiated User,,1714093021473.421074306a1030911ed37807a8c33615.
Exception in thread "Thread-51" java.lang.NullPointerException
	at com.alibaba.wasp.fserver.EntityGroup.run(EntityGroup.java:1264)
	at java.lang.Thread.run(Thread.java:750)
24/04/26 01:57:01 DEBUG druid.DruidParser: Parsing SQL DELETE FROM User WHERE user_id = 123;
24/04/26 01:57:01 DEBUG druid.DruidDMLParser: UPDATE SQL From clause User
24/04/26 01:57:01 DEBUG druid.DruidDMLParser: UPDATE SQL where user_id = 123
24/04/26 01:57:01 DEBUG druid.DruidDMLParser: DeletePlan DeletePlan [actions=[DeleteAction [tableName=User, primayKey=[0, 0, 0, 0, 0, 0, 0, 123]]]]
24/04/26 01:57:01 ERROR fserver.EntityGroup: PrepareDeleteEntity failed.
java.lang.NullPointerException
	at com.alibaba.wasp.storage.StorageServicesImpl.getRowBeforeDelete(StorageServicesImpl.java:90)
	at com.alibaba.wasp.fserver.EntityGroup.prepareDeleteEntity(EntityGroup.java:800)
	at com.alibaba.wasp.fserver.EntityGroup.delete(EntityGroup.java:769)
	at com.alibaba.wasp.fserver.TestEntityGroupAlone.testDelete(TestEntityGroupAlone.java:147)
	at sun.reflect.NativeMethodAccessorImpl.invoke0(Native Method)
	at sun.reflect.NativeMethodAccessorImpl.invoke(NativeMethodAccessorImpl.java:62)
	at sun.reflect.DelegatingMethodAccessorImpl.invoke(DelegatingMethodAccessorImpl.java:43)
	at java.lang.reflect.Method.invoke(Method.java:498)
	at org.junit.runners.model.FrameworkMethod$1.runReflectiveCall(FrameworkMethod.java:45)
	at org.junit.internal.runners.model.ReflectiveCallable.run(ReflectiveCallable.java:15)
	at org.junit.runners.model.FrameworkMethod.invokeExplosively(FrameworkMethod.java:42)
	at org.junit.internal.runners.statements.InvokeMethod.evaluate(InvokeMethod.java:20)
	at org.junit.internal.runners.statements.RunBefores.evaluate(RunBefores.java:28)
	at org.junit.internal.runners.statements.RunAfters.evaluate(RunAfters.java:30)
	at org.junit.runners.ParentRunner.runLeaf(ParentRunner.java:263)
	at org.junit.runners.BlockJUnit4ClassRunner.runChild(BlockJUnit4ClassRunner.java:68)
	at org.junit.runners.BlockJUnit4ClassRunner.runChild(BlockJUnit4ClassRunner.java:47)
	at org.junit.runners.ParentRunner$3.run(ParentRunner.java:231)
	at org.junit.runners.ParentRunner$1.schedule(ParentRunner.java:60)
	at org.junit.runners.ParentRunner.runChildren(ParentRunner.java:229)
	at org.junit.runners.ParentRunner.access$000(ParentRunner.java:50)
	at org.junit.runners.ParentRunner$2.evaluate(ParentRunner.java:222)
	at org.junit.internal.runners.statements.RunBefores.evaluate(RunBefores.java:28)
	at org.junit.internal.runners.statements.RunAfters.evaluate(RunAfters.java:30)
	at org.junit.runners.ParentRunner.run(ParentRunner.java:300)
	at org.junit.runners.Suite.runChild(Suite.java:128)
	at org.junit.runners.Suite.runChild(Suite.java:24)
	at org.junit.runners.ParentRunner$3.run(ParentRunner.java:231)
	at org.junit.runners.ParentRunner$1.schedule(ParentRunner.java:60)
	at org.junit.runners.ParentRunner.runChildren(ParentRunner.java:229)
	at org.junit.runners.ParentRunner.access$000(ParentRunner.java:50)
	at org.junit.runners.ParentRunner$2.evaluate(ParentRunner.java:222)
	at org.junit.runners.ParentRunner.run(ParentRunner.java:300)
	at org.junit.runner.JUnitCore.run(JUnitCore.java:157)
	at org.junit.runner.JUnitCore.run(JUnitCore.java:136)
	at edu.illinois.cs.testrunner.execution.JUnitTestExecutor.execute(JUnitTestExecutor.java:259)
	at edu.illinois.cs.testrunner.execution.JUnitTestExecutor.executeWithJUnit4Runner(JUnitTestExecutor.java:327)
	at edu.illinois.cs.testrunner.execution.JUnitTestExecutor.runOrder(JUnitTestExecutor.java:49)
	at edu.illinois.cs.testrunner.execution.Executor$.$anonfun$run$1(Executor.scala:30)
	at scala.runtime.java8.JFunction0$mcV$sp.apply(JFunction0$mcV$sp.java:12)
	at scala.util.Try$.apply(Try.scala:209)
	at edu.illinois.cs.testrunner.execution.Executor$.run(Executor.scala:28)
	at edu.illinois.cs.testrunner.execution.Executor$.main(Executor.scala:18)
	at edu.illinois.cs.testrunner.execution.Executor.main(Executor.scala)
24/04/26 01:57:01 DEBUG druid.DruidParser: Parsing SQL Insert into User(user_id,name) values(1,'binlijin');
24/04/26 01:57:01 DEBUG druid.DruidDMLParser: INSERT SQL TableSource User
24/04/26 01:57:01 DEBUG druid.DruidDMLParser: From table User
24/04/26 01:57:01 DEBUG druid.DruidDMLParser:  SQLInsertItem user_id
24/04/26 01:57:01 DEBUG druid.DruidDMLParser:  SQLInsertItem name
24/04/26 01:57:01 DEBUG druid.DruidDMLParser: INSERT SQL Insert columns [user_id, name]
24/04/26 01:57:01 DEBUG druid.DruidDMLParser: INSERT SQL Insert Values List [ VALUES (1, 'binlijin')]
24/04/26 01:57:01 DEBUG druid.DruidDMLParser: InsertPlan InsertPlan [actions=[InsertAction [tableName=User, primayKey=[0, 0, 0, 0, 0, 0, 0, 1], columns=[ColumnAction [tableName=User, familyName=d, columnName=user_id, value=[0, 0, 0, 0, 0, 0, 0, 1], isIndex=false], ColumnAction [tableName=User, familyName=d, columnName=name, value=[98, 105, 110, 108, 105, 106, 105, 110], isIndex=false]]]]]
24/04/26 01:57:01 DEBUG fserver.EntityGroup: prepareInsertEntity indexs:[]
24/04/26 01:57:01 ERROR fserver.EntityGroup: PrepareInsertEntity failed.
java.lang.NullPointerException
	at com.alibaba.wasp.storage.StorageServicesImpl.checkRowExistsBeforeInsert(StorageServicesImpl.java:66)
	at com.alibaba.wasp.fserver.EntityGroup.prepareInsertEntity(EntityGroup.java:548)
	at com.alibaba.wasp.fserver.EntityGroup.insert(EntityGroup.java:412)
	at com.alibaba.wasp.fserver.TestEntityGroupAlone.testInsert(TestEntityGroupAlone.java:105)
	at sun.reflect.NativeMethodAccessorImpl.invoke0(Native Method)
	at sun.reflect.NativeMethodAccessorImpl.invoke(NativeMethodAccessorImpl.java:62)
	at sun.reflect.DelegatingMethodAccessorImpl.invoke(DelegatingMethodAccessorImpl.java:43)
	at java.lang.reflect.Method.invoke(Method.java:498)
	at org.junit.runners.model.FrameworkMethod$1.runReflectiveCall(FrameworkMethod.java:45)
	at org.junit.internal.runners.model.ReflectiveCallable.run(ReflectiveCallable.java:15)
	at org.junit.runners.model.FrameworkMethod.invokeExplosively(FrameworkMethod.java:42)
	at org.junit.internal.runners.statements.InvokeMethod.evaluate(InvokeMethod.java:20)
	at org.junit.internal.runners.statements.RunBefores.evaluate(RunBefores.java:28)
	at org.junit.internal.runners.statements.RunAfters.evaluate(RunAfters.java:30)
	at org.junit.runners.ParentRunner.runLeaf(ParentRunner.java:263)
	at org.junit.runners.BlockJUnit4ClassRunner.runChild(BlockJUnit4ClassRunner.java:68)
	at org.junit.runners.BlockJUnit4ClassRunner.runChild(BlockJUnit4ClassRunner.java:47)
	at org.junit.runners.ParentRunner$3.run(ParentRunner.java:231)
	at org.junit.runners.ParentRunner$1.schedule(ParentRunner.java:60)
	at org.junit.runners.ParentRunner.runChildren(ParentRunner.java:229)
	at org.junit.runners.ParentRunner.access$000(ParentRunner.java:50)
	at org.junit.runners.ParentRunner$2.evaluate(ParentRunner.java:222)
	at org.junit.internal.runners.statements.RunBefores.evaluate(RunBefores.java:28)
	at org.junit.internal.runners.statements.RunAfters.evaluate(RunAfters.java:30)
	at org.junit.runners.ParentRunner.run(ParentRunner.java:300)
	at org.junit.runners.Suite.runChild(Suite.java:128)
	at org.junit.runners.Suite.runChild(Suite.java:24)
	at org.junit.runners.ParentRunner$3.run(ParentRunner.java:231)
	at org.junit.runners.ParentRunner$1.schedule(ParentRunner.java:60)
	at org.junit.runners.ParentRunner.runChildren(ParentRunner.java:229)
	at org.junit.runners.ParentRunner.access$000(ParentRunner.java:50)
	at org.junit.runners.ParentRunner$2.evaluate(ParentRunner.java:222)
	at org.junit.runners.ParentRunner.run(ParentRunner.java:300)
	at org.junit.runner.JUnitCore.run(JUnitCore.java:157)
	at org.junit.runner.JUnitCore.run(JUnitCore.java:136)
	at edu.illinois.cs.testrunner.execution.JUnitTestExecutor.execute(JUnitTestExecutor.java:259)
	at edu.illinois.cs.testrunner.execution.JUnitTestExecutor.executeWithJUnit4Runner(JUnitTestExecutor.java:327)
	at edu.illinois.cs.testrunner.execution.JUnitTestExecutor.runOrder(JUnitTestExecutor.java:49)
	at edu.illinois.cs.testrunner.execution.Executor$.$anonfun$run$1(Executor.scala:30)
	at scala.runtime.java8.JFunction0$mcV$sp.apply(JFunction0$mcV$sp.java:12)
	at scala.util.Try$.apply(Try.scala:209)
	at edu.illinois.cs.testrunner.execution.Executor$.run(Executor.scala:28)
	at edu.illinois.cs.testrunner.execution.Executor$.main(Executor.scala:18)
	at edu.illinois.cs.testrunner.execution.Executor.main(Executor.scala)
24/04/26 01:57:01 DEBUG druid.DruidParser: Parsing SQL UPDATE User SET name = 'Mike' WHERE user_id = 123;
24/04/26 01:57:01 DEBUG druid.DruidDMLParser: UPDATE SQL From clause User
24/04/26 01:57:01 DEBUG druid.DruidDMLParser: UPDATE SQL where user_id = 123
24/04/26 01:57:01 DEBUG druid.DruidDMLParser: UpdatePlan UpdatePlan [actions=[UpdateAction [primayKey=[0, 0, 0, 0, 0, 0, 0, 123], tableName=User, columns=[ColumnAction [tableName=User, familyName=d, columnName=name, value=[77, 105, 107, 101], isIndex=false]]]]]
24/04/26 01:57:01 ERROR fserver.EntityGroup: PrepareUpdateEntity failed.
java.lang.NullPointerException
	at com.alibaba.wasp.storage.StorageServicesImpl.getRowBeforeUpdate(StorageServicesImpl.java:75)
	at com.alibaba.wasp.fserver.EntityGroup.prepareUpdateEntity(EntityGroup.java:674)
	at com.alibaba.wasp.fserver.EntityGroup.update(EntityGroup.java:607)
	at com.alibaba.wasp.fserver.TestEntityGroupAlone.testUpdate(TestEntityGroupAlone.java:126)
	at sun.reflect.NativeMethodAccessorImpl.invoke0(Native Method)
	at sun.reflect.NativeMethodAccessorImpl.invoke(NativeMethodAccessorImpl.java:62)
	at sun.reflect.DelegatingMethodAccessorImpl.invoke(DelegatingMethodAccessorImpl.java:43)
	at java.lang.reflect.Method.invoke(Method.java:498)
	at org.junit.runners.model.FrameworkMethod$1.runReflectiveCall(FrameworkMethod.java:45)
	at org.junit.internal.runners.model.ReflectiveCallable.run(ReflectiveCallable.java:15)
	at org.junit.runners.model.FrameworkMethod.invokeExplosively(FrameworkMethod.java:42)
	at org.junit.internal.runners.statements.InvokeMethod.evaluate(InvokeMethod.java:20)
	at org.junit.internal.runners.statements.RunBefores.evaluate(RunBefores.java:28)
	at org.junit.internal.runners.statements.RunAfters.evaluate(RunAfters.java:30)
	at org.junit.runners.ParentRunner.runLeaf(ParentRunner.java:263)
	at org.junit.runners.BlockJUnit4ClassRunner.runChild(BlockJUnit4ClassRunner.java:68)
	at org.junit.runners.BlockJUnit4ClassRunner.runChild(BlockJUnit4ClassRunner.java:47)
	at org.junit.runners.ParentRunner$3.run(ParentRunner.java:231)
	at org.junit.runners.ParentRunner$1.schedule(ParentRunner.java:60)
	at org.junit.runners.ParentRunner.runChildren(ParentRunner.java:229)
	at org.junit.runners.ParentRunner.access$000(ParentRunner.java:50)
	at org.junit.runners.ParentRunner$2.evaluate(ParentRunner.java:222)
	at org.junit.internal.runners.statements.RunBefores.evaluate(RunBefores.java:28)
	at org.junit.internal.runners.statements.RunAfters.evaluate(RunAfters.java:30)
	at org.junit.runners.ParentRunner.run(ParentRunner.java:300)
	at org.junit.runners.Suite.runChild(Suite.java:128)
	at org.junit.runners.Suite.runChild(Suite.java:24)
	at org.junit.runners.ParentRunner$3.run(ParentRunner.java:231)
	at org.junit.runners.ParentRunner$1.schedule(ParentRunner.java:60)
	at org.junit.runners.ParentRunner.runChildren(ParentRunner.java:229)
	at org.junit.runners.ParentRunner.access$000(ParentRunner.java:50)
	at org.junit.runners.ParentRunner$2.evaluate(ParentRunner.java:222)
	at org.junit.runners.ParentRunner.run(ParentRunner.java:300)
	at org.junit.runner.JUnitCore.run(JUnitCore.java:157)
	at org.junit.runner.JUnitCore.run(JUnitCore.java:136)
	at edu.illinois.cs.testrunner.execution.JUnitTestExecutor.execute(JUnitTestExecutor.java:259)
	at edu.illinois.cs.testrunner.execution.JUnitTestExecutor.executeWithJUnit4Runner(JUnitTestExecutor.java:327)
	at edu.illinois.cs.testrunner.execution.JUnitTestExecutor.runOrder(JUnitTestExecutor.java:49)
	at edu.illinois.cs.testrunner.execution.Executor$.$anonfun$run$1(Executor.scala:30)
	at scala.runtime.java8.JFunction0$mcV$sp.apply(JFunction0$mcV$sp.java:12)
	at scala.util.Try$.apply(Try.scala:209)
	at edu.illinois.cs.testrunner.execution.Executor$.run(Executor.scala:28)
	at edu.illinois.cs.testrunner.execution.Executor$.main(Executor.scala:18)
	at edu.illinois.cs.testrunner.execution.Executor.main(Executor.scala)



Before setUpBeforeClass



24/04/26 01:57:01 INFO wasp.WaspTestingUtility: Starting up minicluster with 1 master(s) and 3 fserver(s) 
Starting DataNode 0 with dfs.data.dir: /home/alex/Repositories/wasp/target/test-data/b3a9f668-f29e-4db9-8ff5-90aa8e32ba79/dfscluster_59453039-8ab6-4d54-8ba3-aa75a200802e/dfs/data/data1,/home/alex/Repositories/wasp/target/test-data/b3a9f668-f29e-4db9-8ff5-90aa8e32ba79/dfscluster_59453039-8ab6-4d54-8ba3-aa75a200802e/dfs/data/data2
24/04/26 01:57:01 ERROR datanode.DataNode: All directories in dfs.data.dir are invalid.
24/04/26 01:57:01 INFO wasp.WaspTestingUtility: Shutting down mini wasp cluster
24/04/26 01:57:01 INFO wasp.WaspTestingUtility: Minicluster is down
java.lang.NullPointerException
	at org.apache.hadoop.hdfs.MiniDFSCluster.startDataNodes(MiniDFSCluster.java:422)
	at org.apache.hadoop.hdfs.MiniDFSCluster.<init>(MiniDFSCluster.java:280)
	at org.apache.hadoop.hbase.HBaseTestingUtility.startMiniDFSCluster(HBaseTestingUtility.java:451)
	at org.apache.hadoop.hbase.HBaseTestingUtility.startMiniCluster(HBaseTestingUtility.java:619)
	at org.apache.hadoop.hbase.HBaseTestingUtility.startMiniCluster(HBaseTestingUtility.java:575)
	at com.alibaba.wasp.WaspTestingUtility.startMiniCluster(WaspTestingUtility.java:172)
	at com.alibaba.wasp.WaspTestingUtility.startMiniCluster(WaspTestingUtility.java:144)
	at com.alibaba.wasp.fserver.TestEntityGroupOnCluster.setUpBeforeClass(TestEntityGroupOnCluster.java:90)
	at sun.reflect.NativeMethodAccessorImpl.invoke0(Native Method)
	at sun.reflect.NativeMethodAccessorImpl.invoke(NativeMethodAccessorImpl.java:62)
	at sun.reflect.DelegatingMethodAccessorImpl.invoke(DelegatingMethodAccessorImpl.java:43)
	at java.lang.reflect.Method.invoke(Method.java:498)
	at org.junit.runners.model.FrameworkMethod$1.runReflectiveCall(FrameworkMethod.java:45)
	at org.junit.internal.runners.model.ReflectiveCallable.run(ReflectiveCallable.java:15)
	at org.junit.runners.model.FrameworkMethod.invokeExplosively(FrameworkMethod.java:42)
	at org.junit.internal.runners.statements.RunBefores.evaluate(RunBefores.java:27)
	at org.junit.internal.runners.statements.RunAfters.evaluate(RunAfters.java:30)
	at org.junit.runners.ParentRunner.run(ParentRunner.java:300)
	at org.junit.runners.Suite.runChild(Suite.java:128)
	at org.junit.runners.Suite.runChild(Suite.java:24)
	at org.junit.runners.ParentRunner$3.run(ParentRunner.java:231)
	at org.junit.runners.ParentRunner$1.schedule(ParentRunner.java:60)
	at org.junit.runners.ParentRunner.runChildren(ParentRunner.java:229)
	at org.junit.runners.ParentRunner.access$000(ParentRunner.java:50)
	at org.junit.runners.ParentRunner$2.evaluate(ParentRunner.java:222)
	at org.junit.runners.ParentRunner.run(ParentRunner.java:300)
	at org.junit.runner.JUnitCore.run(JUnitCore.java:157)
	at org.junit.runner.JUnitCore.run(JUnitCore.java:136)
	at edu.illinois.cs.testrunner.execution.JUnitTestExecutor.execute(JUnitTestExecutor.java:259)
	at edu.illinois.cs.testrunner.execution.JUnitTestExecutor.executeWithJUnit4Runner(JUnitTestExecutor.java:327)
	at edu.illinois.cs.testrunner.execution.JUnitTestExecutor.runOrder(JUnitTestExecutor.java:49)
	at edu.illinois.cs.testrunner.execution.Executor$.$anonfun$run$1(Executor.scala:30)
	at scala.runtime.java8.JFunction0$mcV$sp.apply(JFunction0$mcV$sp.java:12)
	at scala.util.Try$.apply(Try.scala:209)
	at edu.illinois.cs.testrunner.execution.Executor$.run(Executor.scala:28)
	at edu.illinois.cs.testrunner.execution.Executor$.main(Executor.scala:18)
	at edu.illinois.cs.testrunner.execution.Executor.main(Executor.scala)
24/04/26 01:57:01 INFO wasp.WaspTestingUtility: Starting up minicluster with 1 master(s) and 1 fserver(s) 
Starting DataNode 0 with dfs.data.dir: /home/alex/Repositories/wasp/target/test-data/31d6592a-d9b6-4580-9f4d-a3cf7aebcab3/dfscluster_d510db25-fc29-496e-ae8d-46c8d1e4a2fb/dfs/data/data1,/home/alex/Repositories/wasp/target/test-data/31d6592a-d9b6-4580-9f4d-a3cf7aebcab3/dfscluster_d510db25-fc29-496e-ae8d-46c8d1e4a2fb/dfs/data/data2
24/04/26 01:57:02 ERROR datanode.DataNode: All directories in dfs.data.dir are invalid.
24/04/26 01:57:02 INFO wasp.WaspTestingUtility: Shutting down mini wasp cluster
24/04/26 01:57:02 INFO wasp.WaspTestingUtility: Minicluster is down
java.lang.NullPointerException
	at org.apache.hadoop.hdfs.MiniDFSCluster.startDataNodes(MiniDFSCluster.java:422)
	at org.apache.hadoop.hdfs.MiniDFSCluster.<init>(MiniDFSCluster.java:280)
	at org.apache.hadoop.hbase.HBaseTestingUtility.startMiniDFSCluster(HBaseTestingUtility.java:451)
	at org.apache.hadoop.hbase.HBaseTestingUtility.startMiniCluster(HBaseTestingUtility.java:619)
	at org.apache.hadoop.hbase.HBaseTestingUtility.startMiniCluster(HBaseTestingUtility.java:575)
	at com.alibaba.wasp.WaspTestingUtility.startMiniCluster(WaspTestingUtility.java:172)
	at com.alibaba.wasp.WaspTestingUtility.startMiniCluster(WaspTestingUtility.java:144)
	at com.alibaba.wasp.fserver.TestSplitTransaction.before(TestSplitTransaction.java:67)
	at sun.reflect.NativeMethodAccessorImpl.invoke0(Native Method)
	at sun.reflect.NativeMethodAccessorImpl.invoke(NativeMethodAccessorImpl.java:62)
	at sun.reflect.DelegatingMethodAccessorImpl.invoke(DelegatingMethodAccessorImpl.java:43)
	at java.lang.reflect.Method.invoke(Method.java:498)
	at org.junit.runners.model.FrameworkMethod$1.runReflectiveCall(FrameworkMethod.java:45)
	at org.junit.internal.runners.model.ReflectiveCallable.run(ReflectiveCallable.java:15)
	at org.junit.runners.model.FrameworkMethod.invokeExplosively(FrameworkMethod.java:42)
	at org.junit.internal.runners.statements.RunBefores.evaluate(RunBefores.java:27)
	at org.junit.internal.runners.statements.RunAfters.evaluate(RunAfters.java:30)
	at org.junit.runners.ParentRunner.run(ParentRunner.java:300)
	at org.junit.runners.Suite.runChild(Suite.java:128)
	at org.junit.runners.Suite.runChild(Suite.java:24)
	at org.junit.runners.ParentRunner$3.run(ParentRunner.java:231)
	at org.junit.runners.ParentRunner$1.schedule(ParentRunner.java:60)
	at org.junit.runners.ParentRunner.runChildren(ParentRunner.java:229)
	at org.junit.runners.ParentRunner.access$000(ParentRunner.java:50)
	at org.junit.runners.ParentRunner$2.evaluate(ParentRunner.java:222)
	at org.junit.runners.ParentRunner.run(ParentRunner.java:300)
	at org.junit.runner.JUnitCore.run(JUnitCore.java:157)
	at org.junit.runner.JUnitCore.run(JUnitCore.java:136)
	at edu.illinois.cs.testrunner.execution.JUnitTestExecutor.execute(JUnitTestExecutor.java:259)
	at edu.illinois.cs.testrunner.execution.JUnitTestExecutor.executeWithJUnit4Runner(JUnitTestExecutor.java:327)
	at edu.illinois.cs.testrunner.execution.JUnitTestExecutor.runOrder(JUnitTestExecutor.java:49)
	at edu.illinois.cs.testrunner.execution.Executor$.$anonfun$run$1(Executor.scala:30)
	at scala.runtime.java8.JFunction0$mcV$sp.apply(JFunction0$mcV$sp.java:12)
	at scala.util.Try$.apply(Try.scala:209)
	at edu.illinois.cs.testrunner.execution.Executor$.run(Executor.scala:28)
	at edu.illinois.cs.testrunner.execution.Executor$.main(Executor.scala:18)
	at edu.illinois.cs.testrunner.execution.Executor.main(Executor.scala)
24/04/26 01:57:02 INFO wasp.WaspTestingUtility: Starting up minicluster with 1 master(s) and 5 fserver(s) 
Starting DataNode 0 with dfs.data.dir: /home/alex/Repositories/wasp/target/test-data/6f4796be-2235-4246-a98b-821dd762a612/dfscluster_85b05c9b-f9da-4979-8f20-8a6b7e24e120/dfs/data/data1,/home/alex/Repositories/wasp/target/test-data/6f4796be-2235-4246-a98b-821dd762a612/dfscluster_85b05c9b-f9da-4979-8f20-8a6b7e24e120/dfs/data/data2
24/04/26 01:57:02 ERROR datanode.DataNode: All directories in dfs.data.dir are invalid.
24/04/26 01:57:02 INFO wasp.WaspTestingUtility: Shutting down mini wasp cluster
24/04/26 01:57:02 INFO wasp.WaspTestingUtility: Minicluster is down
java.lang.NullPointerException
	at org.apache.hadoop.hdfs.MiniDFSCluster.startDataNodes(MiniDFSCluster.java:422)
	at org.apache.hadoop.hdfs.MiniDFSCluster.<init>(MiniDFSCluster.java:280)
	at org.apache.hadoop.hbase.HBaseTestingUtility.startMiniDFSCluster(HBaseTestingUtility.java:451)
	at org.apache.hadoop.hbase.HBaseTestingUtility.startMiniCluster(HBaseTestingUtility.java:619)
	at org.apache.hadoop.hbase.HBaseTestingUtility.startMiniCluster(HBaseTestingUtility.java:575)
	at com.alibaba.wasp.WaspTestingUtility.startMiniCluster(WaspTestingUtility.java:172)
	at com.alibaba.wasp.WaspTestingUtility.startMiniCluster(WaspTestingUtility.java:144)
	at com.alibaba.wasp.fserver.TestSplitTransactionOnCluster.before(TestSplitTransactionOnCluster.java:95)
	at sun.reflect.NativeMethodAccessorImpl.invoke0(Native Method)
	at sun.reflect.NativeMethodAccessorImpl.invoke(NativeMethodAccessorImpl.java:62)
	at sun.reflect.DelegatingMethodAccessorImpl.invoke(DelegatingMethodAccessorImpl.java:43)
	at java.lang.reflect.Method.invoke(Method.java:498)
	at org.junit.runners.model.FrameworkMethod$1.runReflectiveCall(FrameworkMethod.java:45)
	at org.junit.internal.runners.model.ReflectiveCallable.run(ReflectiveCallable.java:15)
	at org.junit.runners.model.FrameworkMethod.invokeExplosively(FrameworkMethod.java:42)
	at org.junit.internal.runners.statements.RunBefores.evaluate(RunBefores.java:27)
	at org.junit.internal.runners.statements.RunAfters.evaluate(RunAfters.java:30)
	at org.junit.runners.ParentRunner.run(ParentRunner.java:300)
	at org.junit.runners.Suite.runChild(Suite.java:128)
	at org.junit.runners.Suite.runChild(Suite.java:24)
	at org.junit.runners.ParentRunner$3.run(ParentRunner.java:231)
	at org.junit.runners.ParentRunner$1.schedule(ParentRunner.java:60)
	at org.junit.runners.ParentRunner.runChildren(ParentRunner.java:229)
	at org.junit.runners.ParentRunner.access$000(ParentRunner.java:50)
	at org.junit.runners.ParentRunner$2.evaluate(ParentRunner.java:222)
	at org.junit.runners.ParentRunner.run(ParentRunner.java:300)
	at org.junit.runner.JUnitCore.run(JUnitCore.java:157)
	at org.junit.runner.JUnitCore.run(JUnitCore.java:136)
	at edu.illinois.cs.testrunner.execution.JUnitTestExecutor.execute(JUnitTestExecutor.java:259)
	at edu.illinois.cs.testrunner.execution.JUnitTestExecutor.executeWithJUnit4Runner(JUnitTestExecutor.java:327)
	at edu.illinois.cs.testrunner.execution.JUnitTestExecutor.runOrder(JUnitTestExecutor.java:49)
	at edu.illinois.cs.testrunner.execution.Executor$.$anonfun$run$1(Executor.scala:30)
	at scala.runtime.java8.JFunction0$mcV$sp.apply(JFunction0$mcV$sp.java:12)
	at scala.util.Try$.apply(Try.scala:209)
	at edu.illinois.cs.testrunner.execution.Executor$.run(Executor.scala:28)
	at edu.illinois.cs.testrunner.execution.Executor$.main(Executor.scala:18)
	at edu.illinois.cs.testrunner.execution.Executor.main(Executor.scala)
24/04/26 01:57:02 INFO wasp.WaspTestingUtility: Starting up minicluster with 1 master(s) and 3 fserver(s) 
Starting DataNode 0 with dfs.data.dir: /home/alex/Repositories/wasp/target/test-data/57fd52e2-2ea2-4276-93a9-486125561cd0/dfscluster_9ccb64bc-26c6-47c7-a618-b33fc5622fe0/dfs/data/data1,/home/alex/Repositories/wasp/target/test-data/57fd52e2-2ea2-4276-93a9-486125561cd0/dfscluster_9ccb64bc-26c6-47c7-a618-b33fc5622fe0/dfs/data/data2
24/04/26 01:57:02 ERROR datanode.DataNode: All directories in dfs.data.dir are invalid.
24/04/26 01:57:02 INFO wasp.WaspTestingUtility: Shutting down mini wasp cluster
24/04/26 01:57:02 INFO wasp.WaspTestingUtility: Minicluster is down
java.lang.NullPointerException
	at org.apache.hadoop.hdfs.MiniDFSCluster.startDataNodes(MiniDFSCluster.java:422)
	at org.apache.hadoop.hdfs.MiniDFSCluster.<init>(MiniDFSCluster.java:280)
	at org.apache.hadoop.hbase.HBaseTestingUtility.startMiniDFSCluster(HBaseTestingUtility.java:451)
	at org.apache.hadoop.hbase.HBaseTestingUtility.startMiniCluster(HBaseTestingUtility.java:619)
	at org.apache.hadoop.hbase.HBaseTestingUtility.startMiniCluster(HBaseTestingUtility.java:575)
	at com.alibaba.wasp.WaspTestingUtility.startMiniCluster(WaspTestingUtility.java:172)
	at com.alibaba.wasp.WaspTestingUtility.startMiniCluster(WaspTestingUtility.java:144)
	at com.alibaba.wasp.fserver.TestTwoPhaseCommit.setUpBeforeClass(TestTwoPhaseCommit.java:73)
	at sun.reflect.NativeMethodAccessorImpl.invoke0(Native Method)
	at sun.reflect.NativeMethodAccessorImpl.invoke(NativeMethodAccessorImpl.java:62)
	at sun.reflect.DelegatingMethodAccessorImpl.invoke(DelegatingMethodAccessorImpl.java:43)
	at java.lang.reflect.Method.invoke(Method.java:498)
	at org.junit.runners.model.FrameworkMethod$1.runReflectiveCall(FrameworkMethod.java:45)
	at org.junit.internal.runners.model.ReflectiveCallable.run(ReflectiveCallable.java:15)
	at org.junit.runners.model.FrameworkMethod.invokeExplosively(FrameworkMethod.java:42)
	at org.junit.internal.runners.statements.RunBefores.evaluate(RunBefores.java:27)
	at org.junit.internal.runners.statements.RunAfters.evaluate(RunAfters.java:30)
	at org.junit.runners.ParentRunner.run(ParentRunner.java:300)
	at org.junit.runners.Suite.runChild(Suite.java:128)
	at org.junit.runners.Suite.runChild(Suite.java:24)
	at org.junit.runners.ParentRunner$3.run(ParentRunner.java:231)
	at org.junit.runners.ParentRunner$1.schedule(ParentRunner.java:60)
	at org.junit.runners.ParentRunner.runChildren(ParentRunner.java:229)
	at org.junit.runners.ParentRunner.access$000(ParentRunner.java:50)
	at org.junit.runners.ParentRunner$2.evaluate(ParentRunner.java:222)
	at org.junit.runners.ParentRunner.run(ParentRunner.java:300)
	at org.junit.runner.JUnitCore.run(JUnitCore.java:157)
	at org.junit.runner.JUnitCore.run(JUnitCore.java:136)
	at edu.illinois.cs.testrunner.execution.JUnitTestExecutor.execute(JUnitTestExecutor.java:259)
	at edu.illinois.cs.testrunner.execution.JUnitTestExecutor.executeWithJUnit4Runner(JUnitTestExecutor.java:327)
	at edu.illinois.cs.testrunner.execution.JUnitTestExecutor.runOrder(JUnitTestExecutor.java:49)
	at edu.illinois.cs.testrunner.execution.Executor$.$anonfun$run$1(Executor.scala:30)
	at scala.runtime.java8.JFunction0$mcV$sp.apply(JFunction0$mcV$sp.java:12)
	at scala.util.Try$.apply(Try.scala:209)
	at edu.illinois.cs.testrunner.execution.Executor$.run(Executor.scala:28)
	at edu.illinois.cs.testrunner.execution.Executor$.main(Executor.scala:18)
	at edu.illinois.cs.testrunner.execution.Executor.main(Executor.scala)
24/04/26 01:57:02 INFO server.NIOServerCnxnFactory: binding to port 0.0.0.0/0.0.0.0:55461
24/04/26 01:57:02 INFO persistence.FileTxnSnapLog: Snapshotting: 0x0 to /home/alex/Repositories/wasp/target/test-data/5f5cac23-b74d-4f5c-a7eb-fe457fdb66be/dfscluster_46b94c36-42c2-41f4-8c6b-1978c7b5bac2/zookeeper_0/version-2/snapshot.0
24/04/26 01:57:02 INFO server.NIOServerCnxnFactory: Accepted socket connection from /127.0.0.1:40040
24/04/26 01:57:02 DEBUG zookeeper.ZKUtil: MockServer,123,-1 opening connection to ZooKeeper with ensemble (localhost:55461)
24/04/26 01:57:02 INFO zookeeper.RecoverableZooKeeper: The identifier of this process is 59912@Lenovo-Bot
24/04/26 01:57:02 INFO server.NIOServerCnxnFactory: Accepted socket connection from /127.0.0.1:40048
24/04/26 01:57:02 INFO persistence.FileTxnLog: Creating new log file: log.1
24/04/26 01:57:02 DEBUG zookeeper.ZooKeeperWatcher: MockServer,123,-1 Received ZooKeeper Event, type=None, state=SyncConnected, path=null
24/04/26 01:57:02 DEBUG zookeeper.ZooKeeperWatcher: MockServer,123,-1-0xff8f17e7de1f0000 connected
24/04/26 01:57:02 DEBUG zookeeper.ZKAssign: MockServer,123,-1-0xff8f17e7de1f0000 Creating unassigned node for f480857a899e1fb6d2e22b4637a50f81 in OFFLINE state
24/04/26 01:57:02 DEBUG zookeeper.ZKAssign: MockServer,123,-1-0xff8f17e7de1f0000 Attempting to transition node f480857a899e1fb6d2e22b4637a50f81 from M_ZK_ENTITYGROUP_OFFLINE to FSERVER_ZK_ENTITYGROUP_OPENING
24/04/26 01:57:02 DEBUG zookeeper.ZKUtil: MockServer,123,-1-0xff8f17e7de1f0000 Retrieved 118 byte(s) of data from znode /wasp/unassigned/f480857a899e1fb6d2e22b4637a50f81; data=entityGroup=TestCloseEntityGroupHandler,\x00\x00\x00\x00,1714093022766.f480857a899e1fb6d2e22b4637a50f81., state=M_ZK_ENTITYGROUP_OFFLINE, servername=MockServer,123,-1, createTime=1714093022811, payload.length=0
24/04/26 01:57:02 DEBUG zookeeper.ZooKeeperWatcher: MockServer,123,-1-0xff8f17e7de1f0000 Received ZooKeeper Event, type=NodeDataChanged, state=SyncConnected, path=/wasp/unassigned/f480857a899e1fb6d2e22b4637a50f81
24/04/26 01:57:02 DEBUG zookeeper.ZKAssign: MockServer,123,-1-0xff8f17e7de1f0000 Successfully transitioned node f480857a899e1fb6d2e22b4637a50f81 from M_ZK_ENTITYGROUP_OFFLINE to FSERVER_ZK_ENTITYGROUP_OPENING
24/04/26 01:57:02 INFO fserver.EntityGroup: EntityGroup.openEntityGroup EntityGroup name ==TestCloseEntityGroupHandler,\x00\x00\x00\x00,1714093022766.f480857a899e1fb6d2e22b4637a50f81.
24/04/26 01:57:02 DEBUG fserver.EntityGroup: Opening EntityGroup: {NAME => 'TestCloseEntityGroupHandler,\x00\x00\x00\x00,1714093022766.f480857a899e1fb6d2e22b4637a50f81.', STARTKEY => '\x00\x00\x00\x00', ENDKEY => '\x00\x00\x00\x01', ENCODED => f480857a899e1fb6d2e22b4637a50f81,}
24/04/26 01:57:02 DEBUG fserver.MetricsEntityGroupSourceImpl: Creating new MetricsEntityGroupSourceImpl for table TestCloseEntityGroupHandler f480857a899e1fb6d2e22b4637a50f81
24/04/26 01:57:02 DEBUG fserver.EntityGroup: Instantiated TestCloseEntityGroupHandler,\x00\x00\x00\x00,1714093022766.f480857a899e1fb6d2e22b4637a50f81.
24/04/26 01:57:02 DEBUG zookeeper.ZKAssign: MockServer,123,-1-0xff8f17e7de1f0000 Attempting to transition node f480857a899e1fb6d2e22b4637a50f81 from FSERVER_ZK_ENTITYGROUP_OPENING to FSERVER_ZK_ENTITYGROUP_OPENING
24/04/26 01:57:02 ERROR server.NIOServerCnxnFactory: Thread Thread[Thread-147,5,main] died
java.lang.NullPointerException
	at com.alibaba.wasp.fserver.EntityGroup.run(EntityGroup.java:1264)
	at java.lang.Thread.run(Thread.java:750)
24/04/26 01:57:02 DEBUG zookeeper.ZKUtil: MockServer,123,-1-0xff8f17e7de1f0000 Retrieved 118 byte(s) of data from znode /wasp/unassigned/f480857a899e1fb6d2e22b4637a50f81; data=entityGroup=TestCloseEntityGroupHandler,\x00\x00\x00\x00,1714093022766.f480857a899e1fb6d2e22b4637a50f81., state=FSERVER_ZK_ENTITYGROUP_OPENING, servername=MockServer,123,-1, createTime=1714093022820, payload.length=0
24/04/26 01:57:02 DEBUG zookeeper.ZKAssign: MockServer,123,-1-0xff8f17e7de1f0000 Successfully transitioned node f480857a899e1fb6d2e22b4637a50f81 from FSERVER_ZK_ENTITYGROUP_OPENING to FSERVER_ZK_ENTITYGROUP_OPENING
24/04/26 01:57:02 DEBUG zookeeper.ZKAssign: MockServer,123,-1-0xff8f17e7de1f0000 Attempting to transition node f480857a899e1fb6d2e22b4637a50f81 from FSERVER_ZK_ENTITYGROUP_OPENING to FSERVER_ZK_ENTITYGROUP_OPENED
24/04/26 01:57:02 DEBUG zookeeper.ZKUtil: MockServer,123,-1-0xff8f17e7de1f0000 Retrieved 118 byte(s) of data from znode /wasp/unassigned/f480857a899e1fb6d2e22b4637a50f81; data=entityGroup=TestCloseEntityGroupHandler,\x00\x00\x00\x00,1714093022766.f480857a899e1fb6d2e22b4637a50f81., state=FSERVER_ZK_ENTITYGROUP_OPENING, servername=MockServer,123,-1, createTime=1714093022825, payload.length=0
24/04/26 01:57:02 DEBUG zookeeper.ZKAssign: MockServer,123,-1-0xff8f17e7de1f0000 Successfully transitioned node f480857a899e1fb6d2e22b4637a50f81 from FSERVER_ZK_ENTITYGROUP_OPENING to FSERVER_ZK_ENTITYGROUP_OPENED
24/04/26 01:57:02 DEBUG handler.OpenEntityGroupHandler: entityGroup transitioned to opened in zookeeper: {NAME => 'TestCloseEntityGroupHandler,\x00\x00\x00\x00,1714093022766.f480857a899e1fb6d2e22b4637a50f81.', STARTKEY => '\x00\x00\x00\x00', ENDKEY => '\x00\x00\x00\x01', ENCODED => f480857a899e1fb6d2e22b4637a50f81,}, server: MockServer,123,-1
24/04/26 01:57:02 DEBUG handler.OpenEntityGroupHandler: Opened TestCloseEntityGroupHandler,\x00\x00\x00\x00,1714093022766.f480857a899e1fb6d2e22b4637a50f81. on server:MockServer,123,-1
24/04/26 01:57:02 DEBUG zookeeper.ZKUtil: MockServer,123,-1-0xff8f17e7de1f0000 Retrieved 118 byte(s) of data from znode /wasp/unassigned/f480857a899e1fb6d2e22b4637a50f81 and set watcher; entityGroup=TestCloseEntityGroupHandler,\x00\x00\x00\x00,1714093022766.f480857a899e1fb6d2e22b4637a50f81., state=FSERVER_ZK_ENTITYGROUP_OPENED, servername=MockServer,123,-1, createTime=1714093022829, payload.length=0
24/04/26 01:57:02 DEBUG zookeeper.ZKAssign: MockServer,123,-1-0xff8f17e7de1f0000 Deleting existing unassigned node for f480857a899e1fb6d2e22b4637a50f81 that is in expected state FSERVER_ZK_ENTITYGROUP_OPENED
24/04/26 01:57:02 DEBUG zookeeper.ZKUtil: MockServer,123,-1-0xff8f17e7de1f0000 Retrieved 118 byte(s) of data from znode /wasp/unassigned/f480857a899e1fb6d2e22b4637a50f81; data=entityGroup=TestCloseEntityGroupHandler,\x00\x00\x00\x00,1714093022766.f480857a899e1fb6d2e22b4637a50f81., state=FSERVER_ZK_ENTITYGROUP_OPENED, servername=MockServer,123,-1, createTime=1714093022829, payload.length=0
24/04/26 01:57:02 DEBUG zookeeper.ZooKeeperWatcher: MockServer,123,-1-0xff8f17e7de1f0000 Received ZooKeeper Event, type=NodeDeleted, state=SyncConnected, path=/wasp/unassigned/f480857a899e1fb6d2e22b4637a50f81
24/04/26 01:57:02 DEBUG zookeeper.ZKAssign: MockServer,123,-1-0xff8f17e7de1f0000 Successfully deleted unassigned node for entityGroup f480857a899e1fb6d2e22b4637a50f81 in expected state FSERVER_ZK_ENTITYGROUP_OPENED
24/04/26 01:57:02 DEBUG zookeeper.ZKAssign: MockServer,123,-1-0xff8f17e7de1f0000 Creating unassigned node for f480857a899e1fb6d2e22b4637a50f81 in a CLOSING state
24/04/26 01:57:02 DEBUG handler.CloseEntityGroupHandler: Processing close of TestCloseEntityGroupHandler,\x00\x00\x00\x00,1714093022766.f480857a899e1fb6d2e22b4637a50f81.
24/04/26 01:57:02 DEBUG fserver.EntityGroup: Closing TestCloseEntityGroupHandler,\x00\x00\x00\x00,1714093022766.f480857a899e1fb6d2e22b4637a50f81.
24/04/26 01:57:02 DEBUG fserver.EntityGroup: Updates disabled for entityGroup TestCloseEntityGroupHandler,\x00\x00\x00\x00,1714093022766.f480857a899e1fb6d2e22b4637a50f81.
24/04/26 01:57:02 INFO fserver.EntityGroup: Running commit transaction of TestCloseEntityGroupHandler,\x00\x00\x00\x00,1714093022766.f480857a899e1fb6d2e22b4637a50f81. before close
24/04/26 01:57:02 INFO fserver.EntityGroup: Closed TestCloseEntityGroupHandler,\x00\x00\x00\x00,1714093022766.f480857a899e1fb6d2e22b4637a50f81.
24/04/26 01:57:02 DEBUG zookeeper.ZKAssign: MockServer,123,-1-0xff8f17e7de1f0000 Attempting to transition node f480857a899e1fb6d2e22b4637a50f81 from M_ZK_ENTITYGROUP_CLOSING to FSERVER_ZK_ENTITYGROUP_CLOSED
24/04/26 01:57:02 DEBUG zookeeper.ZKUtil: MockServer,123,-1-0xff8f17e7de1f0000 Retrieved 120 byte(s) of data from znode /wasp/unassigned/f480857a899e1fb6d2e22b4637a50f81; data=entityGroup=TestCloseEntityGroupHandler,\x00\x00\x00\x00,1714093022766.f480857a899e1fb6d2e22b4637a50f81., state=M_ZK_ENTITYGROUP_CLOSING, servername=MockServer,123,-1, createTime=1714093022835, payload.length=0
24/04/26 01:57:02 DEBUG zookeeper.ZooKeeperWatcher: MockServer,123,-1-0xff8f17e7de1f0000 Received ZooKeeper Event, type=NodeDataChanged, state=SyncConnected, path=/wasp/unassigned/f480857a899e1fb6d2e22b4637a50f81
24/04/26 01:57:02 DEBUG zookeeper.ZKAssign: MockServer,123,-1-0xff8f17e7de1f0000 Successfully transitioned node f480857a899e1fb6d2e22b4637a50f81 from M_ZK_ENTITYGROUP_CLOSING to FSERVER_ZK_ENTITYGROUP_CLOSED
24/04/26 01:57:02 DEBUG handler.CloseEntityGroupHandler: set entityGroup closed state in zk successfully for entityGroup TestCloseEntityGroupHandler,\x00\x00\x00\x00,1714093022766.f480857a899e1fb6d2e22b4637a50f81. sn name: MockServer,123,-1
24/04/26 01:57:02 DEBUG handler.CloseEntityGroupHandler: Closed entityGroup TestCloseEntityGroupHandler,\x00\x00\x00\x00,1714093022766.f480857a899e1fb6d2e22b4637a50f81.
24/04/26 01:57:02 DEBUG zookeeper.ZKUtil: MockServer,123,-1-0xff8f17e7de1f0000 Retrieved 118 byte(s) of data from znode /wasp/unassigned/f480857a899e1fb6d2e22b4637a50f81 and set watcher; entityGroup=TestCloseEntityGroupHandler,\x00\x00\x00\x00,1714093022766.f480857a899e1fb6d2e22b4637a50f81., state=FSERVER_ZK_ENTITYGROUP_CLOSED, servername=MockServer,123,-1, createTime=1714093022844, payload.length=0
24/04/26 01:57:02 INFO fserver.EntityGroup: creating EntityGroup TestCloseEntityGroupHandler Table == CREATE TABLE TestCloseEntityGroupHandler { 
  REQUIRED INT32 column1 COLUMNFAMILY d;
  REQUIRED INT64 column2 COLUMNFAMILY d;
  REQUIRED STRING column3 COLUMNFAMILY d;
  OPTIONAL FLOAT column4 COLUMNFAMILY d;
  OPTIONAL DOUBLE column5 COLUMNFAMILY d;
  OPTIONAL DATETIME column6 COLUMNFAMILY d;
  REPEATED PROTOBUF column7 COLUMNFAMILY d;
  OPTIONAL STRING column8 COLUMNFAMILY d;
} 
PRIMARY KEY(column1),
ENTITY GROUP ROOT,
ENTITY GROUP KEY(column1);
 Table name == TestCloseEntityGroupHandler
24/04/26 01:57:02 DEBUG fserver.MetricsEntityGroupSourceImpl: Creating new MetricsEntityGroupSourceImpl for table TestCloseEntityGroupHandler ea0bb4c433a783b505243b089a2ac3ea
24/04/26 01:57:02 DEBUG fserver.EntityGroup: Instantiated TestCloseEntityGroupHandler,,1714093022847.ea0bb4c433a783b505243b089a2ac3ea.
24/04/26 01:57:02 ERROR server.NIOServerCnxnFactory: Thread Thread[Thread-150,5,main] died
java.lang.NullPointerException
	at com.alibaba.wasp.fserver.EntityGroup.run(EntityGroup.java:1264)
	at java.lang.Thread.run(Thread.java:750)
24/04/26 01:57:02 DEBUG fserver.EntityGroup: Closing TestCloseEntityGroupHandler,,1714093022847.ea0bb4c433a783b505243b089a2ac3ea.
24/04/26 01:57:02 DEBUG fserver.EntityGroup: Updates disabled for entityGroup TestCloseEntityGroupHandler,,1714093022847.ea0bb4c433a783b505243b089a2ac3ea.
24/04/26 01:57:02 INFO fserver.EntityGroup: Running commit transaction of TestCloseEntityGroupHandler,,1714093022847.ea0bb4c433a783b505243b089a2ac3ea. before close
24/04/26 01:57:02 INFO fserver.EntityGroup: Closed TestCloseEntityGroupHandler,,1714093022847.ea0bb4c433a783b505243b089a2ac3ea.
24/04/26 01:57:02 DEBUG handler.CloseEntityGroupHandler: Processing close of TestCloseEntityGroupHandler,,1714093022847.ea0bb4c433a783b505243b089a2ac3ea.
24/04/26 01:57:02 FATAL util.MockServer: Abort why=Unrecoverable exception while closing entityGroup TestCloseEntityGroupHandler,,1714093022847.ea0bb4c433a783b505243b089a2ac3ea., still finishing close
java.lang.RuntimeException: Mocked failed close!
	at com.alibaba.wasp.fserver.handler.CloseEntityGroupHandler.process(CloseEntityGroupHandler.java:103)
	at com.alibaba.wasp.fserver.handler.TestCloseEntityGroupHandler.testFailedCommitAborts(TestCloseEntityGroupHandler.java:122)
	at sun.reflect.NativeMethodAccessorImpl.invoke0(Native Method)
	at sun.reflect.NativeMethodAccessorImpl.invoke(NativeMethodAccessorImpl.java:62)
	at sun.reflect.DelegatingMethodAccessorImpl.invoke(DelegatingMethodAccessorImpl.java:43)
	at java.lang.reflect.Method.invoke(Method.java:498)
	at org.junit.runners.model.FrameworkMethod$1.runReflectiveCall(FrameworkMethod.java:45)
	at org.junit.internal.runners.model.ReflectiveCallable.run(ReflectiveCallable.java:15)
	at org.junit.runners.model.FrameworkMethod.invokeExplosively(FrameworkMethod.java:42)
	at org.junit.internal.runners.statements.InvokeMethod.evaluate(InvokeMethod.java:20)
	at org.junit.internal.runners.statements.RunBefores.evaluate(RunBefores.java:28)
	at org.junit.runners.ParentRunner.runLeaf(ParentRunner.java:263)
	at org.junit.runners.BlockJUnit4ClassRunner.runChild(BlockJUnit4ClassRunner.java:68)
	at org.junit.runners.BlockJUnit4ClassRunner.runChild(BlockJUnit4ClassRunner.java:47)
	at org.junit.runners.ParentRunner$3.run(ParentRunner.java:231)
	at org.junit.runners.ParentRunner$1.schedule(ParentRunner.java:60)
	at org.junit.runners.ParentRunner.runChildren(ParentRunner.java:229)
	at org.junit.runners.ParentRunner.access$000(ParentRunner.java:50)
	at org.junit.runners.ParentRunner$2.evaluate(ParentRunner.java:222)
	at org.junit.internal.runners.statements.RunBefores.evaluate(RunBefores.java:28)
	at org.junit.internal.runners.statements.RunAfters.evaluate(RunAfters.java:30)
	at org.junit.runners.ParentRunner.run(ParentRunner.java:300)
	at org.junit.runners.Suite.runChild(Suite.java:128)
	at org.junit.runners.Suite.runChild(Suite.java:24)
	at org.junit.runners.ParentRunner$3.run(ParentRunner.java:231)
	at org.junit.runners.ParentRunner$1.schedule(ParentRunner.java:60)
	at org.junit.runners.ParentRunner.runChildren(ParentRunner.java:229)
	at org.junit.runners.ParentRunner.access$000(ParentRunner.java:50)
	at org.junit.runners.ParentRunner$2.evaluate(ParentRunner.java:222)
	at org.junit.runners.ParentRunner.run(ParentRunner.java:300)
	at org.junit.runner.JUnitCore.run(JUnitCore.java:157)
	at org.junit.runner.JUnitCore.run(JUnitCore.java:136)
	at edu.illinois.cs.testrunner.execution.JUnitTestExecutor.execute(JUnitTestExecutor.java:259)
	at edu.illinois.cs.testrunner.execution.JUnitTestExecutor.executeWithJUnit4Runner(JUnitTestExecutor.java:327)
	at edu.illinois.cs.testrunner.execution.JUnitTestExecutor.runOrder(JUnitTestExecutor.java:49)
	at edu.illinois.cs.testrunner.execution.Executor$.$anonfun$run$1(Executor.scala:30)
	at scala.runtime.java8.JFunction0$mcV$sp.apply(JFunction0$mcV$sp.java:12)
	at scala.util.Try$.apply(Try.scala:209)
	at edu.illinois.cs.testrunner.execution.Executor$.run(Executor.scala:28)
	at edu.illinois.cs.testrunner.execution.Executor$.main(Executor.scala:18)
	at edu.illinois.cs.testrunner.execution.Executor.main(Executor.scala)
24/04/26 01:57:02 DEBUG util.MockServer: Stop why=Unrecoverable exception while closing entityGroup TestCloseEntityGroupHandler,,1714093022847.ea0bb4c433a783b505243b089a2ac3ea., still finishing close
24/04/26 01:57:02 WARN fserver.EntityGroup: EntityGroup TestCloseEntityGroupHandler,,1714093022847.ea0bb4c433a783b505243b089a2ac3ea. already closed
24/04/26 01:57:02 DEBUG zookeeper.ZKUtil: MockServer,123,-1 opening connection to ZooKeeper with ensemble (localhost:55461)
24/04/26 01:57:02 INFO zookeeper.RecoverableZooKeeper: The identifier of this process is 59912@Lenovo-Bot
24/04/26 01:57:02 INFO server.NIOServerCnxnFactory: Accepted socket connection from /127.0.0.1:40060
24/04/26 01:57:02 DEBUG zookeeper.ZooKeeperWatcher: MockServer,123,-1 Received ZooKeeper Event, type=None, state=SyncConnected, path=null
24/04/26 01:57:02 DEBUG zookeeper.ZooKeeperWatcher: MockServer,123,-1-0xff8f17e7de1f0001 connected
24/04/26 01:57:02 DEBUG zookeeper.ZKAssign: MockServer,123,-1-0xff8f17e7de1f0001 Creating unassigned node for 04feba479b7e76fb7126d77a1647f721 in OFFLINE state
24/04/26 01:57:02 DEBUG zookeeper.ZKAssign: MockServer,123,-1-0xff8f17e7de1f0001 Attempting to transition node 04feba479b7e76fb7126d77a1647f721 from M_ZK_ENTITYGROUP_OFFLINE to FSERVER_ZK_ENTITYGROUP_OPENING
24/04/26 01:57:02 DEBUG zookeeper.ZKUtil: MockServer,123,-1-0xff8f17e7de1f0001 Retrieved 118 byte(s) of data from znode /wasp/unassigned/04feba479b7e76fb7126d77a1647f721; data=entityGroup=TestCloseEntityGroupHandler,\x00\x00\x00\x00,1714093022880.04feba479b7e76fb7126d77a1647f721., state=M_ZK_ENTITYGROUP_OFFLINE, servername=MockServer,123,-1, createTime=1714093022886, payload.length=0
24/04/26 01:57:02 DEBUG zookeeper.ZooKeeperWatcher: MockServer,123,-1-0xff8f17e7de1f0001 Received ZooKeeper Event, type=NodeDataChanged, state=SyncConnected, path=/wasp/unassigned/04feba479b7e76fb7126d77a1647f721
24/04/26 01:57:02 DEBUG zookeeper.ZKAssign: MockServer,123,-1-0xff8f17e7de1f0001 Successfully transitioned node 04feba479b7e76fb7126d77a1647f721 from M_ZK_ENTITYGROUP_OFFLINE to FSERVER_ZK_ENTITYGROUP_OPENING
24/04/26 01:57:02 INFO fserver.EntityGroup: EntityGroup.openEntityGroup EntityGroup name ==TestCloseEntityGroupHandler,\x00\x00\x00\x00,1714093022880.04feba479b7e76fb7126d77a1647f721.
24/04/26 01:57:02 DEBUG fserver.EntityGroup: Opening EntityGroup: {NAME => 'TestCloseEntityGroupHandler,\x00\x00\x00\x00,1714093022880.04feba479b7e76fb7126d77a1647f721.', STARTKEY => '\x00\x00\x00\x00', ENDKEY => '\x00\x00\x00\x01', ENCODED => 04feba479b7e76fb7126d77a1647f721,}
24/04/26 01:57:02 DEBUG fserver.MetricsEntityGroupSourceImpl: Creating new MetricsEntityGroupSourceImpl for table TestCloseEntityGroupHandler 04feba479b7e76fb7126d77a1647f721
24/04/26 01:57:02 DEBUG fserver.EntityGroup: Instantiated TestCloseEntityGroupHandler,\x00\x00\x00\x00,1714093022880.04feba479b7e76fb7126d77a1647f721.
24/04/26 01:57:02 DEBUG zookeeper.ZKAssign: MockServer,123,-1-0xff8f17e7de1f0001 Attempting to transition node 04feba479b7e76fb7126d77a1647f721 from FSERVER_ZK_ENTITYGROUP_OPENING to FSERVER_ZK_ENTITYGROUP_OPENING
24/04/26 01:57:02 ERROR server.NIOServerCnxnFactory: Thread Thread[Thread-153,5,main] died
java.lang.NullPointerException
	at com.alibaba.wasp.fserver.EntityGroup.run(EntityGroup.java:1264)
	at java.lang.Thread.run(Thread.java:750)
24/04/26 01:57:02 DEBUG zookeeper.ZKUtil: MockServer,123,-1-0xff8f17e7de1f0001 Retrieved 118 byte(s) of data from znode /wasp/unassigned/04feba479b7e76fb7126d77a1647f721; data=entityGroup=TestCloseEntityGroupHandler,\x00\x00\x00\x00,1714093022880.04feba479b7e76fb7126d77a1647f721., state=FSERVER_ZK_ENTITYGROUP_OPENING, servername=MockServer,123,-1, createTime=1714093022890, payload.length=0
24/04/26 01:57:02 DEBUG zookeeper.ZKAssign: MockServer,123,-1-0xff8f17e7de1f0001 Successfully transitioned node 04feba479b7e76fb7126d77a1647f721 from FSERVER_ZK_ENTITYGROUP_OPENING to FSERVER_ZK_ENTITYGROUP_OPENING
24/04/26 01:57:02 DEBUG zookeeper.ZKAssign: MockServer,123,-1-0xff8f17e7de1f0001 Attempting to transition node 04feba479b7e76fb7126d77a1647f721 from FSERVER_ZK_ENTITYGROUP_OPENING to FSERVER_ZK_ENTITYGROUP_OPENED
24/04/26 01:57:02 DEBUG zookeeper.ZKUtil: MockServer,123,-1-0xff8f17e7de1f0001 Retrieved 118 byte(s) of data from znode /wasp/unassigned/04feba479b7e76fb7126d77a1647f721; data=entityGroup=TestCloseEntityGroupHandler,\x00\x00\x00\x00,1714093022880.04feba479b7e76fb7126d77a1647f721., state=FSERVER_ZK_ENTITYGROUP_OPENING, servername=MockServer,123,-1, createTime=1714093022893, payload.length=0
24/04/26 01:57:02 DEBUG zookeeper.ZKAssign: MockServer,123,-1-0xff8f17e7de1f0001 Successfully transitioned node 04feba479b7e76fb7126d77a1647f721 from FSERVER_ZK_ENTITYGROUP_OPENING to FSERVER_ZK_ENTITYGROUP_OPENED
24/04/26 01:57:02 DEBUG handler.OpenEntityGroupHandler: entityGroup transitioned to opened in zookeeper: {NAME => 'TestCloseEntityGroupHandler,\x00\x00\x00\x00,1714093022880.04feba479b7e76fb7126d77a1647f721.', STARTKEY => '\x00\x00\x00\x00', ENDKEY => '\x00\x00\x00\x01', ENCODED => 04feba479b7e76fb7126d77a1647f721,}, server: MockServer,123,-1
24/04/26 01:57:02 DEBUG handler.OpenEntityGroupHandler: Opened TestCloseEntityGroupHandler,\x00\x00\x00\x00,1714093022880.04feba479b7e76fb7126d77a1647f721. on server:MockServer,123,-1
24/04/26 01:57:02 DEBUG zookeeper.ZKUtil: MockServer,123,-1-0xff8f17e7de1f0001 Retrieved 118 byte(s) of data from znode /wasp/unassigned/04feba479b7e76fb7126d77a1647f721 and set watcher; entityGroup=TestCloseEntityGroupHandler,\x00\x00\x00\x00,1714093022880.04feba479b7e76fb7126d77a1647f721., state=FSERVER_ZK_ENTITYGROUP_OPENED, servername=MockServer,123,-1, createTime=1714093022896, payload.length=0
24/04/26 01:57:02 DEBUG zookeeper.ZKAssign: MockServer,123,-1-0xff8f17e7de1f0001 Deleting existing unassigned node for 04feba479b7e76fb7126d77a1647f721 that is in expected state FSERVER_ZK_ENTITYGROUP_OPENED
24/04/26 01:57:02 DEBUG zookeeper.ZKUtil: MockServer,123,-1-0xff8f17e7de1f0001 Retrieved 118 byte(s) of data from znode /wasp/unassigned/04feba479b7e76fb7126d77a1647f721; data=entityGroup=TestCloseEntityGroupHandler,\x00\x00\x00\x00,1714093022880.04feba479b7e76fb7126d77a1647f721., state=FSERVER_ZK_ENTITYGROUP_OPENED, servername=MockServer,123,-1, createTime=1714093022896, payload.length=0
24/04/26 01:57:02 DEBUG zookeeper.ZooKeeperWatcher: MockServer,123,-1-0xff8f17e7de1f0001 Received ZooKeeper Event, type=NodeDeleted, state=SyncConnected, path=/wasp/unassigned/04feba479b7e76fb7126d77a1647f721
24/04/26 01:57:02 DEBUG zookeeper.ZKAssign: MockServer,123,-1-0xff8f17e7de1f0001 Successfully deleted unassigned node for entityGroup 04feba479b7e76fb7126d77a1647f721 in expected state FSERVER_ZK_ENTITYGROUP_OPENED
24/04/26 01:57:02 DEBUG zookeeper.ZKAssign: MockServer,123,-1-0xff8f17e7de1f0001 Creating unassigned node for 04feba479b7e76fb7126d77a1647f721 in a CLOSING state
24/04/26 01:57:02 DEBUG handler.CloseEntityGroupHandler: Processing close of TestCloseEntityGroupHandler,\x00\x00\x00\x00,1714093022880.04feba479b7e76fb7126d77a1647f721.
24/04/26 01:57:02 DEBUG fserver.EntityGroup: Closing TestCloseEntityGroupHandler,\x00\x00\x00\x00,1714093022880.04feba479b7e76fb7126d77a1647f721.
24/04/26 01:57:02 DEBUG fserver.EntityGroup: Updates disabled for entityGroup TestCloseEntityGroupHandler,\x00\x00\x00\x00,1714093022880.04feba479b7e76fb7126d77a1647f721.
24/04/26 01:57:02 INFO fserver.EntityGroup: Running commit transaction of TestCloseEntityGroupHandler,\x00\x00\x00\x00,1714093022880.04feba479b7e76fb7126d77a1647f721. before close
24/04/26 01:57:02 INFO fserver.EntityGroup: Closed TestCloseEntityGroupHandler,\x00\x00\x00\x00,1714093022880.04feba479b7e76fb7126d77a1647f721.
24/04/26 01:57:02 DEBUG zookeeper.ZKAssign: MockServer,123,-1-0xff8f17e7de1f0001 Attempting to transition node 04feba479b7e76fb7126d77a1647f721 from M_ZK_ENTITYGROUP_CLOSING to FSERVER_ZK_ENTITYGROUP_CLOSED
24/04/26 01:57:02 DEBUG zookeeper.ZKUtil: MockServer,123,-1-0xff8f17e7de1f0001 Retrieved 120 byte(s) of data from znode /wasp/unassigned/04feba479b7e76fb7126d77a1647f721; data=entityGroup=TestCloseEntityGroupHandler,\x00\x00\x00\x00,1714093022880.04feba479b7e76fb7126d77a1647f721., state=M_ZK_ENTITYGROUP_CLOSING, servername=MockServer,123,-1, createTime=1714093022901, payload.length=0
24/04/26 01:57:02 WARN zookeeper.ZKAssign: MockServer,123,-1-0xff8f17e7de1f0001 Attempt to transition the unassigned node for 04feba479b7e76fb7126d77a1647f721 from M_ZK_ENTITYGROUP_CLOSING to FSERVER_ZK_ENTITYGROUP_CLOSED failed, the node existed but was version 0 not the expected version 1
24/04/26 01:57:02 WARN handler.CloseEntityGroupHandler: Completed the CLOSE of a entityGroup but when transitioning from  CLOSING to CLOSED got a version mismatch, someone else clashed so now unassigning
24/04/26 01:57:02 WARN fserver.EntityGroup: EntityGroup TestCloseEntityGroupHandler,\x00\x00\x00\x00,1714093022880.04feba479b7e76fb7126d77a1647f721. already closed
24/04/26 01:57:02 DEBUG handler.CloseEntityGroupHandler: set entityGroup closed state in zk unsuccessfully for entityGroup TestCloseEntityGroupHandler,\x00\x00\x00\x00,1714093022880.04feba479b7e76fb7126d77a1647f721. sn name: MockServer,123,-1
24/04/26 01:57:02 DEBUG handler.CloseEntityGroupHandler: Closed entityGroup TestCloseEntityGroupHandler,\x00\x00\x00\x00,1714093022880.04feba479b7e76fb7126d77a1647f721.
24/04/26 01:57:02 DEBUG zookeeper.ZKUtil: MockServer,123,-1-0xff8f17e7de1f0001 Retrieved 120 byte(s) of data from znode /wasp/unassigned/04feba479b7e76fb7126d77a1647f721 and set watcher; entityGroup=TestCloseEntityGroupHandler,\x00\x00\x00\x00,1714093022880.04feba479b7e76fb7126d77a1647f721., state=M_ZK_ENTITYGROUP_CLOSING, servername=MockServer,123,-1, createTime=1714093022901, payload.length=0
24/04/26 01:57:02 INFO server.NIOServerCnxnFactory: NIOServerCnxn factory exited run method
24/04/26 01:57:02 INFO server.SessionTrackerImpl: Shutting down
24/04/26 01:57:02 INFO server.SyncRequestProcessor: Shutting down
24/04/26 01:57:02 INFO server.SyncRequestProcessor: SyncRequestProcessor exited!
24/04/26 01:57:02 INFO server.FinalRequestProcessor: shutdown of request processor complete
24/04/26 01:57:02 INFO server.NIOServerCnxnFactory: binding to port 0.0.0.0/0.0.0.0:60929
24/04/26 01:57:02 INFO persistence.FileTxnSnapLog: Snapshotting: 0x0 to /home/alex/Repositories/wasp/target/test-data/d5e90db7-f4c1-49ad-9948-175b4f5a778e/dfscluster_5a74141e-1515-4492-928c-93e62f947137/zookeeper_0/version-2/snapshot.0
24/04/26 01:57:02 INFO server.NIOServerCnxnFactory: Accepted socket connection from /127.0.0.1:50028
24/04/26 01:57:02 DEBUG zookeeper.ZKUtil: MockServer,123,-1 opening connection to ZooKeeper with ensemble (localhost:60929)
24/04/26 01:57:02 INFO zookeeper.RecoverableZooKeeper: The identifier of this process is 59912@Lenovo-Bot
24/04/26 01:57:02 INFO server.NIOServerCnxnFactory: Accepted socket connection from /127.0.0.1:50036
24/04/26 01:57:02 INFO persistence.FileTxnLog: Creating new log file: log.1
24/04/26 01:57:02 DEBUG zookeeper.ZooKeeperWatcher: MockServer,123,-1 Received ZooKeeper Event, type=None, state=SyncConnected, path=null
24/04/26 01:57:02 DEBUG zookeeper.ZooKeeperWatcher: MockServer,123,-1-0xff8f17e7dec30000 connected
24/04/26 01:57:02 DEBUG zookeeper.ZKAssign: MockServer,123,-1-0xff8f17e7dec30000 Creating unassigned node for 866e0036324ef42b3fb39597f2559c0a in OFFLINE state
24/04/26 01:57:02 DEBUG zookeeper.ZKAssign: MockServer,123,-1-0xff8f17e7dec30000 Attempting to transition node 866e0036324ef42b3fb39597f2559c0a from M_ZK_ENTITYGROUP_OFFLINE to FSERVER_ZK_ENTITYGROUP_OPENING
24/04/26 01:57:02 DEBUG zookeeper.ZKUtil: MockServer,123,-1-0xff8f17e7dec30000 Retrieved 117 byte(s) of data from znode /wasp/unassigned/866e0036324ef42b3fb39597f2559c0a; data=entityGroup=TestOpenEntityGroupHandler,\x00\x00\x00\x00,1714093022918.866e0036324ef42b3fb39597f2559c0a., state=M_ZK_ENTITYGROUP_OFFLINE, servername=MockServer,123,-1, createTime=1714093022934, payload.length=0
24/04/26 01:57:02 DEBUG zookeeper.ZooKeeperWatcher: MockServer,123,-1-0xff8f17e7dec30000 Received ZooKeeper Event, type=NodeDataChanged, state=SyncConnected, path=/wasp/unassigned/866e0036324ef42b3fb39597f2559c0a
24/04/26 01:57:02 DEBUG zookeeper.ZKAssign: MockServer,123,-1-0xff8f17e7dec30000 Successfully transitioned node 866e0036324ef42b3fb39597f2559c0a from M_ZK_ENTITYGROUP_OFFLINE to FSERVER_ZK_ENTITYGROUP_OPENING
24/04/26 01:57:02 INFO handler.OpenEntityGroupHandler: Opening of entityGroup {NAME => 'TestOpenEntityGroupHandler,\x00\x00\x00\x00,1714093022918.866e0036324ef42b3fb39597f2559c0a.', STARTKEY => '\x00\x00\x00\x00', ENDKEY => '\x00\x00\x00\x01', ENCODED => 866e0036324ef42b3fb39597f2559c0a,} failed, marking as FAILED_OPEN in ZK
24/04/26 01:57:02 DEBUG zookeeper.ZKAssign: MockServer,123,-1-0xff8f17e7dec30000 Attempting to transition node 866e0036324ef42b3fb39597f2559c0a from FSERVER_ZK_ENTITYGROUP_OPENING to FSERVER_ZK_ENTITYGROUP_FAILED_OPEN
24/04/26 01:57:02 DEBUG zookeeper.ZKUtil: MockServer,123,-1-0xff8f17e7dec30000 Retrieved 117 byte(s) of data from znode /wasp/unassigned/866e0036324ef42b3fb39597f2559c0a; data=entityGroup=TestOpenEntityGroupHandler,\x00\x00\x00\x00,1714093022918.866e0036324ef42b3fb39597f2559c0a., state=FSERVER_ZK_ENTITYGROUP_OPENING, servername=MockServer,123,-1, createTime=1714093022937, payload.length=0
24/04/26 01:57:02 DEBUG zookeeper.ZKAssign: MockServer,123,-1-0xff8f17e7dec30000 Successfully transitioned node 866e0036324ef42b3fb39597f2559c0a from FSERVER_ZK_ENTITYGROUP_OPENING to FSERVER_ZK_ENTITYGROUP_FAILED_OPEN
24/04/26 01:57:02 DEBUG zookeeper.ZKUtil: MockServer,123,-1-0xff8f17e7dec30000 Retrieved 117 byte(s) of data from znode /wasp/unassigned/866e0036324ef42b3fb39597f2559c0a and set watcher; entityGroup=TestOpenEntityGroupHandler,\x00\x00\x00\x00,1714093022918.866e0036324ef42b3fb39597f2559c0a., state=FSERVER_ZK_ENTITYGROUP_FAILED_OPEN, servername=MockServer,123,-1, createTime=1714093022940, payload.length=0
24/04/26 01:57:02 DEBUG zookeeper.ZKUtil: MockServer,123,-1 opening connection to ZooKeeper with ensemble (localhost:60929)
24/04/26 01:57:02 INFO zookeeper.RecoverableZooKeeper: The identifier of this process is 59912@Lenovo-Bot
24/04/26 01:57:02 INFO server.NIOServerCnxnFactory: Accepted socket connection from /127.0.0.1:50040
24/04/26 01:57:02 DEBUG zookeeper.ZooKeeperWatcher: MockServer,123,-1 Received ZooKeeper Event, type=None, state=SyncConnected, path=null
24/04/26 01:57:02 DEBUG zookeeper.ZooKeeperWatcher: MockServer,123,-1-0xff8f17e7dec30001 connected
24/04/26 01:57:02 DEBUG zookeeper.ZKAssign: MockServer,123,-1-0xff8f17e7dec30001 Creating unassigned node for bb636e8469fc09a617b1a2fcf644c3b8 in OFFLINE state
24/04/26 01:57:02 DEBUG zookeeper.ZKAssign: MockServer,123,-1-0xff8f17e7dec30001 Attempting to transition node bb636e8469fc09a617b1a2fcf644c3b8 from M_ZK_ENTITYGROUP_OFFLINE to FSERVER_ZK_ENTITYGROUP_OPENING
24/04/26 01:57:02 DEBUG zookeeper.ZKUtil: MockServer,123,-1-0xff8f17e7dec30001 Retrieved 117 byte(s) of data from znode /wasp/unassigned/bb636e8469fc09a617b1a2fcf644c3b8; data=entityGroup=TestOpenEntityGroupHandler,\x00\x00\x00\x00,1714093022942.bb636e8469fc09a617b1a2fcf644c3b8., state=M_ZK_ENTITYGROUP_OFFLINE, servername=MockServer,123,-1, createTime=1714093022948, payload.length=0
24/04/26 01:57:02 DEBUG zookeeper.ZooKeeperWatcher: MockServer,123,-1-0xff8f17e7dec30001 Received ZooKeeper Event, type=NodeDataChanged, state=SyncConnected, path=/wasp/unassigned/bb636e8469fc09a617b1a2fcf644c3b8
24/04/26 01:57:02 DEBUG zookeeper.ZKAssign: MockServer,123,-1-0xff8f17e7dec30001 Successfully transitioned node bb636e8469fc09a617b1a2fcf644c3b8 from M_ZK_ENTITYGROUP_OFFLINE to FSERVER_ZK_ENTITYGROUP_OPENING
24/04/26 01:57:02 INFO fserver.EntityGroup: EntityGroup.openEntityGroup EntityGroup name ==TestOpenEntityGroupHandler,\x00\x00\x00\x00,1714093022942.bb636e8469fc09a617b1a2fcf644c3b8.
24/04/26 01:57:02 DEBUG fserver.EntityGroup: Opening EntityGroup: {NAME => 'TestOpenEntityGroupHandler,\x00\x00\x00\x00,1714093022942.bb636e8469fc09a617b1a2fcf644c3b8.', STARTKEY => '\x00\x00\x00\x00', ENDKEY => '\x00\x00\x00\x01', ENCODED => bb636e8469fc09a617b1a2fcf644c3b8,}
24/04/26 01:57:02 DEBUG fserver.MetricsEntityGroupSourceImpl: Creating new MetricsEntityGroupSourceImpl for table TestOpenEntityGroupHandler bb636e8469fc09a617b1a2fcf644c3b8
24/04/26 01:57:02 DEBUG fserver.EntityGroup: Instantiated TestOpenEntityGroupHandler,\x00\x00\x00\x00,1714093022942.bb636e8469fc09a617b1a2fcf644c3b8.
24/04/26 01:57:02 DEBUG zookeeper.ZKAssign: MockServer,123,-1-0xff8f17e7dec30001 Attempting to transition node bb636e8469fc09a617b1a2fcf644c3b8 from FSERVER_ZK_ENTITYGROUP_OPENING to FSERVER_ZK_ENTITYGROUP_OPENING
24/04/26 01:57:02 ERROR server.NIOServerCnxnFactory: Thread Thread[Thread-157,5,main] died
java.lang.NullPointerException
	at com.alibaba.wasp.fserver.EntityGroup.run(EntityGroup.java:1264)
	at java.lang.Thread.run(Thread.java:750)
24/04/26 01:57:02 DEBUG zookeeper.ZKUtil: MockServer,123,-1-0xff8f17e7dec30001 Retrieved 117 byte(s) of data from znode /wasp/unassigned/bb636e8469fc09a617b1a2fcf644c3b8; data=entityGroup=TestOpenEntityGroupHandler,\x00\x00\x00\x00,1714093022942.bb636e8469fc09a617b1a2fcf644c3b8., state=FSERVER_ZK_ENTITYGROUP_OPENING, servername=MockServer,123,-1, createTime=1714093022950, payload.length=0
24/04/26 01:57:02 DEBUG zookeeper.ZKAssign: MockServer,123,-1-0xff8f17e7dec30001 Successfully transitioned node bb636e8469fc09a617b1a2fcf644c3b8 from FSERVER_ZK_ENTITYGROUP_OPENING to FSERVER_ZK_ENTITYGROUP_OPENING
24/04/26 01:57:02 DEBUG fserver.EntityGroup: Closing TestOpenEntityGroupHandler,\x00\x00\x00\x00,1714093022942.bb636e8469fc09a617b1a2fcf644c3b8.
24/04/26 01:57:02 DEBUG fserver.EntityGroup: Updates disabled for entityGroup TestOpenEntityGroupHandler,\x00\x00\x00\x00,1714093022942.bb636e8469fc09a617b1a2fcf644c3b8.
24/04/26 01:57:02 INFO fserver.EntityGroup: Running commit transaction of TestOpenEntityGroupHandler,\x00\x00\x00\x00,1714093022942.bb636e8469fc09a617b1a2fcf644c3b8. before close
24/04/26 01:57:02 INFO fserver.EntityGroup: Closed TestOpenEntityGroupHandler,\x00\x00\x00\x00,1714093022942.bb636e8469fc09a617b1a2fcf644c3b8.
24/04/26 01:57:02 INFO handler.OpenEntityGroupHandler: Opening of entityGroup {NAME => 'TestOpenEntityGroupHandler,\x00\x00\x00\x00,1714093022942.bb636e8469fc09a617b1a2fcf644c3b8.', STARTKEY => '\x00\x00\x00\x00', ENDKEY => '\x00\x00\x00\x01', ENCODED => bb636e8469fc09a617b1a2fcf644c3b8,} failed, marking as FAILED_OPEN in ZK
24/04/26 01:57:02 DEBUG zookeeper.ZKAssign: MockServer,123,-1-0xff8f17e7dec30001 Attempting to transition node bb636e8469fc09a617b1a2fcf644c3b8 from FSERVER_ZK_ENTITYGROUP_OPENING to FSERVER_ZK_ENTITYGROUP_FAILED_OPEN
24/04/26 01:57:02 DEBUG zookeeper.ZKUtil: MockServer,123,-1-0xff8f17e7dec30001 Retrieved 117 byte(s) of data from znode /wasp/unassigned/bb636e8469fc09a617b1a2fcf644c3b8; data=entityGroup=TestOpenEntityGroupHandler,\x00\x00\x00\x00,1714093022942.bb636e8469fc09a617b1a2fcf644c3b8., state=FSERVER_ZK_ENTITYGROUP_OPENING, servername=MockServer,123,-1, createTime=1714093022954, payload.length=0
24/04/26 01:57:02 DEBUG zookeeper.ZKAssign: MockServer,123,-1-0xff8f17e7dec30001 Successfully transitioned node bb636e8469fc09a617b1a2fcf644c3b8 from FSERVER_ZK_ENTITYGROUP_OPENING to FSERVER_ZK_ENTITYGROUP_FAILED_OPEN
24/04/26 01:57:02 DEBUG zookeeper.ZKUtil: MockServer,123,-1-0xff8f17e7dec30001 Retrieved 117 byte(s) of data from znode /wasp/unassigned/bb636e8469fc09a617b1a2fcf644c3b8 and set watcher; entityGroup=TestOpenEntityGroupHandler,\x00\x00\x00\x00,1714093022942.bb636e8469fc09a617b1a2fcf644c3b8., state=FSERVER_ZK_ENTITYGROUP_FAILED_OPEN, servername=MockServer,123,-1, createTime=1714093022956, payload.length=0
24/04/26 01:57:02 DEBUG zookeeper.ZKUtil: MockServer,123,-1 opening connection to ZooKeeper with ensemble (localhost:60929)
24/04/26 01:57:02 INFO zookeeper.RecoverableZooKeeper: The identifier of this process is 59912@Lenovo-Bot
24/04/26 01:57:02 INFO server.NIOServerCnxnFactory: Accepted socket connection from /127.0.0.1:50044
24/04/26 01:57:02 DEBUG zookeeper.ZooKeeperWatcher: MockServer,123,-1 Received ZooKeeper Event, type=None, state=SyncConnected, path=null
24/04/26 01:57:02 DEBUG zookeeper.ZooKeeperWatcher: MockServer,123,-1-0xff8f17e7dec30002 connected
24/04/26 01:57:02 INFO fserver.EntityGroup: creating EntityGroup TestOpenEntityGroupHandler Table == CREATE TABLE TestOpenEntityGroupHandler { 
  REQUIRED INT32 column1 COLUMNFAMILY d;
  REQUIRED INT64 column2 COLUMNFAMILY d;
  REQUIRED STRING column3 COLUMNFAMILY d;
  OPTIONAL FLOAT column4 COLUMNFAMILY d;
  OPTIONAL DOUBLE column5 COLUMNFAMILY d;
  OPTIONAL DATETIME column6 COLUMNFAMILY d;
  REPEATED PROTOBUF column7 COLUMNFAMILY d;
  OPTIONAL STRING column8 COLUMNFAMILY d;
} 
PRIMARY KEY(column1),
ENTITY GROUP ROOT,
ENTITY GROUP KEY(column1);
 Table name == TestOpenEntityGroupHandler
24/04/26 01:57:02 DEBUG fserver.MetricsEntityGroupSourceImpl: Creating new MetricsEntityGroupSourceImpl for table TestOpenEntityGroupHandler f1cb9aa392270ad72d64a36966f685e2
24/04/26 01:57:02 DEBUG fserver.EntityGroup: Instantiated TestOpenEntityGroupHandler,\x00\x00\x00\x00,1714093022958.f1cb9aa392270ad72d64a36966f685e2.
24/04/26 01:57:02 DEBUG zookeeper.ZKAssign: MockServer,123,-1-0xff8f17e7dec30002 Attempting to transition node f1cb9aa392270ad72d64a36966f685e2 from M_ZK_ENTITYGROUP_OFFLINE to FSERVER_ZK_ENTITYGROUP_OPENING
24/04/26 01:57:02 ERROR server.NIOServerCnxnFactory: Thread Thread[Thread-160,5,main] died
java.lang.NullPointerException
	at com.alibaba.wasp.fserver.EntityGroup.run(EntityGroup.java:1264)
	at java.lang.Thread.run(Thread.java:750)
24/04/26 01:57:02 DEBUG zookeeper.ZKUtil: MockServer,123,-1-0xff8f17e7dec30002 Unable to get data of znode /wasp/unassigned/f1cb9aa392270ad72d64a36966f685e2 because node does not exist (not necessarily an error)
24/04/26 01:57:02 WARN handler.OpenEntityGroupHandler: Failed transition from OFFLINE to OPENING for entityGroup=f1cb9aa392270ad72d64a36966f685e2
24/04/26 01:57:02 WARN handler.OpenEntityGroupHandler: EntityGroup was hijacked? It no longer exists, encodedName=f1cb9aa392270ad72d64a36966f685e2
24/04/26 01:57:02 DEBUG zookeeper.ZKAssign: MockServer,123,-1-0xff8f17e7dec30002 Creating unassigned node for f1cb9aa392270ad72d64a36966f685e2 in OFFLINE state
24/04/26 01:57:02 DEBUG zookeeper.ZKAssign: MockServer,123,-1-0xff8f17e7dec30002 Attempting to transition node f1cb9aa392270ad72d64a36966f685e2 from M_ZK_ENTITYGROUP_OFFLINE to FSERVER_ZK_ENTITYGROUP_OPENING
24/04/26 01:57:02 DEBUG zookeeper.ZKUtil: MockServer,123,-1-0xff8f17e7dec30002 Retrieved 117 byte(s) of data from znode /wasp/unassigned/f1cb9aa392270ad72d64a36966f685e2; data=entityGroup=TestOpenEntityGroupHandler,\x00\x00\x00\x00,1714093022958.f1cb9aa392270ad72d64a36966f685e2., state=M_ZK_ENTITYGROUP_OFFLINE, servername=MockServer,123,-1, createTime=1714093022966, payload.length=0
24/04/26 01:57:02 DEBUG zookeeper.ZooKeeperWatcher: MockServer,123,-1-0xff8f17e7dec30002 Received ZooKeeper Event, type=NodeDataChanged, state=SyncConnected, path=/wasp/unassigned/f1cb9aa392270ad72d64a36966f685e2
24/04/26 01:57:02 DEBUG zookeeper.ZKAssign: MockServer,123,-1-0xff8f17e7dec30002 Successfully transitioned node f1cb9aa392270ad72d64a36966f685e2 from M_ZK_ENTITYGROUP_OFFLINE to FSERVER_ZK_ENTITYGROUP_OPENING
24/04/26 01:57:02 INFO fserver.EntityGroup: EntityGroup.openEntityGroup EntityGroup name ==TestOpenEntityGroupHandler,\x00\x00\x00\x00,1714093022958.f1cb9aa392270ad72d64a36966f685e2.
24/04/26 01:57:02 DEBUG fserver.EntityGroup: Opening EntityGroup: {NAME => 'TestOpenEntityGroupHandler,\x00\x00\x00\x00,1714093022958.f1cb9aa392270ad72d64a36966f685e2.', STARTKEY => '\x00\x00\x00\x00', ENDKEY => '\x00\x00\x00\x01', ENCODED => f1cb9aa392270ad72d64a36966f685e2,}
24/04/26 01:57:02 DEBUG fserver.MetricsEntityGroupSourceImpl: Creating new MetricsEntityGroupSourceImpl for table TestOpenEntityGroupHandler f1cb9aa392270ad72d64a36966f685e2
24/04/26 01:57:02 DEBUG fserver.EntityGroup: Instantiated TestOpenEntityGroupHandler,\x00\x00\x00\x00,1714093022958.f1cb9aa392270ad72d64a36966f685e2.
24/04/26 01:57:02 ERROR server.NIOServerCnxnFactory: Thread Thread[Thread-163,5,main] died
java.lang.NullPointerException
	at com.alibaba.wasp.fserver.EntityGroup.run(EntityGroup.java:1264)
	at java.lang.Thread.run(Thread.java:750)
24/04/26 01:57:02 DEBUG zookeeper.ZKAssign: MockServer,123,-1-0xff8f17e7dec30002 Attempting to transition node f1cb9aa392270ad72d64a36966f685e2 from FSERVER_ZK_ENTITYGROUP_OPENING to FSERVER_ZK_ENTITYGROUP_OPENING
24/04/26 01:57:02 DEBUG zookeeper.ZKUtil: MockServer,123,-1-0xff8f17e7dec30002 Unable to get data of znode /wasp/unassigned/f1cb9aa392270ad72d64a36966f685e2 because node does not exist (not necessarily an error)
24/04/26 01:57:02 WARN handler.OpenEntityGroupHandler: Failed refreshing OPENING; entityGroup=f1cb9aa392270ad72d64a36966f685e2, context=post_entitygroup_open
24/04/26 01:57:02 DEBUG fserver.EntityGroup: Closing TestOpenEntityGroupHandler,\x00\x00\x00\x00,1714093022958.f1cb9aa392270ad72d64a36966f685e2.
24/04/26 01:57:02 DEBUG fserver.EntityGroup: Updates disabled for entityGroup TestOpenEntityGroupHandler,\x00\x00\x00\x00,1714093022958.f1cb9aa392270ad72d64a36966f685e2.
24/04/26 01:57:02 INFO fserver.EntityGroup: Running commit transaction of TestOpenEntityGroupHandler,\x00\x00\x00\x00,1714093022958.f1cb9aa392270ad72d64a36966f685e2. before close
24/04/26 01:57:02 INFO fserver.EntityGroup: Closed TestOpenEntityGroupHandler,\x00\x00\x00\x00,1714093022958.f1cb9aa392270ad72d64a36966f685e2.
24/04/26 01:57:02 INFO handler.OpenEntityGroupHandler: Opening of entityGroup {NAME => 'TestOpenEntityGroupHandler,\x00\x00\x00\x00,1714093022958.f1cb9aa392270ad72d64a36966f685e2.', STARTKEY => '\x00\x00\x00\x00', ENDKEY => '\x00\x00\x00\x01', ENCODED => f1cb9aa392270ad72d64a36966f685e2,} failed, marking as FAILED_OPEN in ZK
24/04/26 01:57:02 DEBUG zookeeper.ZKAssign: MockServer,123,-1-0xff8f17e7dec30002 Attempting to transition node f1cb9aa392270ad72d64a36966f685e2 from FSERVER_ZK_ENTITYGROUP_OPENING to FSERVER_ZK_ENTITYGROUP_FAILED_OPEN
24/04/26 01:57:02 DEBUG zookeeper.ZKUtil: MockServer,123,-1-0xff8f17e7dec30002 Unable to get data of znode /wasp/unassigned/f1cb9aa392270ad72d64a36966f685e2 because node does not exist (not necessarily an error)
24/04/26 01:57:02 WARN handler.OpenEntityGroupHandler: Unable to mark entityGroup {NAME => 'TestOpenEntityGroupHandler,\x00\x00\x00\x00,1714093022958.f1cb9aa392270ad72d64a36966f685e2.', STARTKEY => '\x00\x00\x00\x00', ENDKEY => '\x00\x00\x00\x01', ENCODED => f1cb9aa392270ad72d64a36966f685e2,} as FAILED_OPEN. It's likely that the master already timed out this open attempt, and thus another RS already has the entityGroup.
24/04/26 01:57:02 DEBUG fserver.EntityGroup: Closing TestOpenEntityGroupHandler,\x00\x00\x00\x00,1714093022958.f1cb9aa392270ad72d64a36966f685e2.
24/04/26 01:57:02 DEBUG fserver.EntityGroup: Updates disabled for entityGroup TestOpenEntityGroupHandler,\x00\x00\x00\x00,1714093022958.f1cb9aa392270ad72d64a36966f685e2.
24/04/26 01:57:02 INFO fserver.EntityGroup: Running commit transaction of TestOpenEntityGroupHandler,\x00\x00\x00\x00,1714093022958.f1cb9aa392270ad72d64a36966f685e2. before close
24/04/26 01:57:02 INFO fserver.EntityGroup: Closed TestOpenEntityGroupHandler,\x00\x00\x00\x00,1714093022958.f1cb9aa392270ad72d64a36966f685e2.
24/04/26 01:57:02 INFO server.NIOServerCnxnFactory: NIOServerCnxn factory exited run method
24/04/26 01:57:02 INFO server.SessionTrackerImpl: Shutting down
24/04/26 01:57:02 INFO server.SyncRequestProcessor: Shutting down
24/04/26 01:57:02 INFO server.SyncRequestProcessor: SyncRequestProcessor exited!
24/04/26 01:57:02 INFO server.FinalRequestProcessor: shutdown of request processor complete
24/04/26 01:57:02 DEBUG fserver.MetricsEntityGroupSourceImpl: Creating new MetricsEntityGroupSourceImpl for table MetricsEntityGroupWrapperStub DEADBEEF001
24/04/26 01:57:02 DEBUG fserver.MetricsEntityGroupSourceImpl: Creating new MetricsEntityGroupSourceImpl for table null TEST
24/04/26 01:57:02 DEBUG fserver.MetricsEntityGroupSourceImpl: Creating new MetricsEntityGroupSourceImpl for table null TEST
24/04/26 01:57:02 DEBUG fserver.MetricsEntityGroupSourceImpl: Creating new MetricsEntityGroupSourceImpl for table null TWO
24/04/26 01:57:02 INFO wasp.WaspTestingUtility: Starting up minicluster with 1 master(s) and 3 fserver(s) 
24/04/26 01:57:03 DEBUG zookeeper.ZooKeeperWatcher: MockServer,123,-1-0xff8f17e7de1f0000 Received ZooKeeper Event, type=None, state=Disconnected, path=null
24/04/26 01:57:03 DEBUG zookeeper.ZooKeeperWatcher: MockServer,123,-1-0xff8f17e7de1f0001 Received ZooKeeper Event, type=None, state=Disconnected, path=null
24/04/26 01:57:03 DEBUG zookeeper.ZooKeeperWatcher: MockServer,123,-1-0xff8f17e7de1f0000 Received Disconnected from ZooKeeper, ignoring
24/04/26 01:57:03 DEBUG zookeeper.ZooKeeperWatcher: MockServer,123,-1-0xff8f17e7de1f0001 Received Disconnected from ZooKeeper, ignoring
24/04/26 01:57:03 DEBUG zookeeper.ZooKeeperWatcher: MockServer,123,-1-0xff8f17e7dec30002 Received ZooKeeper Event, type=None, state=Disconnected, path=null
24/04/26 01:57:03 DEBUG zookeeper.ZooKeeperWatcher: MockServer,123,-1-0xff8f17e7dec30000 Received ZooKeeper Event, type=None, state=Disconnected, path=null
24/04/26 01:57:03 DEBUG zookeeper.ZooKeeperWatcher: MockServer,123,-1-0xff8f17e7dec30000 Received Disconnected from ZooKeeper, ignoring
24/04/26 01:57:03 DEBUG zookeeper.ZooKeeperWatcher: MockServer,123,-1-0xff8f17e7dec30002 Received Disconnected from ZooKeeper, ignoring
24/04/26 01:57:03 DEBUG zookeeper.ZooKeeperWatcher: MockServer,123,-1-0xff8f17e7dec30001 Received ZooKeeper Event, type=None, state=Disconnected, path=null
24/04/26 01:57:03 DEBUG zookeeper.ZooKeeperWatcher: MockServer,123,-1-0xff8f17e7dec30001 Received Disconnected from ZooKeeper, ignoring
Starting DataNode 0 with dfs.data.dir: /home/alex/Repositories/wasp/target/test-data/69c8f706-c793-4de4-8456-38860fd3a93d/dfscluster_67c26464-2dd1-49c7-acda-ab9b33b1a272/dfs/data/data1,/home/alex/Repositories/wasp/target/test-data/69c8f706-c793-4de4-8456-38860fd3a93d/dfscluster_67c26464-2dd1-49c7-acda-ab9b33b1a272/dfs/data/data2
24/04/26 01:57:03 ERROR datanode.DataNode: All directories in dfs.data.dir are invalid.
24/04/26 01:57:03 INFO wasp.WaspTestingUtility: Shutting down mini wasp cluster
24/04/26 01:57:03 INFO wasp.WaspTestingUtility: Minicluster is down
java.lang.NullPointerException
	at org.apache.hadoop.hdfs.MiniDFSCluster.startDataNodes(MiniDFSCluster.java:422)
	at org.apache.hadoop.hdfs.MiniDFSCluster.<init>(MiniDFSCluster.java:280)
	at org.apache.hadoop.hbase.HBaseTestingUtility.startMiniDFSCluster(HBaseTestingUtility.java:451)
	at org.apache.hadoop.hbase.HBaseTestingUtility.startMiniCluster(HBaseTestingUtility.java:619)
	at org.apache.hadoop.hbase.HBaseTestingUtility.startMiniCluster(HBaseTestingUtility.java:575)
	at com.alibaba.wasp.WaspTestingUtility.startMiniCluster(WaspTestingUtility.java:172)
	at com.alibaba.wasp.WaspTestingUtility.startMiniCluster(WaspTestingUtility.java:144)
	at com.alibaba.wasp.fserver.redo.TestRedoLog.before(TestRedoLog.java:51)
	at sun.reflect.NativeMethodAccessorImpl.invoke0(Native Method)
	at sun.reflect.NativeMethodAccessorImpl.invoke(NativeMethodAccessorImpl.java:62)
	at sun.reflect.DelegatingMethodAccessorImpl.invoke(DelegatingMethodAccessorImpl.java:43)
	at java.lang.reflect.Method.invoke(Method.java:498)
	at org.junit.runners.model.FrameworkMethod$1.runReflectiveCall(FrameworkMethod.java:45)
	at org.junit.internal.runners.model.ReflectiveCallable.run(ReflectiveCallable.java:15)
	at org.junit.runners.model.FrameworkMethod.invokeExplosively(FrameworkMethod.java:42)
	at org.junit.internal.runners.statements.RunBefores.evaluate(RunBefores.java:27)
	at org.junit.internal.runners.statements.RunAfters.evaluate(RunAfters.java:30)
	at org.junit.runners.ParentRunner.run(ParentRunner.java:300)
	at org.junit.runners.Suite.runChild(Suite.java:128)
	at org.junit.runners.Suite.runChild(Suite.java:24)
	at org.junit.runners.ParentRunner$3.run(ParentRunner.java:231)
	at org.junit.runners.ParentRunner$1.schedule(ParentRunner.java:60)
	at org.junit.runners.ParentRunner.runChildren(ParentRunner.java:229)
	at org.junit.runners.ParentRunner.access$000(ParentRunner.java:50)
	at org.junit.runners.ParentRunner$2.evaluate(ParentRunner.java:222)
	at org.junit.runners.ParentRunner.run(ParentRunner.java:300)
	at org.junit.runner.JUnitCore.run(JUnitCore.java:157)
	at org.junit.runner.JUnitCore.run(JUnitCore.java:136)
	at edu.illinois.cs.testrunner.execution.JUnitTestExecutor.execute(JUnitTestExecutor.java:259)
	at edu.illinois.cs.testrunner.execution.JUnitTestExecutor.executeWithJUnit4Runner(JUnitTestExecutor.java:327)
	at edu.illinois.cs.testrunner.execution.JUnitTestExecutor.runOrder(JUnitTestExecutor.java:49)
	at edu.illinois.cs.testrunner.execution.Executor$.$anonfun$run$1(Executor.scala:30)
	at scala.runtime.java8.JFunction0$mcV$sp.apply(JFunction0$mcV$sp.java:12)
	at scala.util.Try$.apply(Try.scala:209)
	at edu.illinois.cs.testrunner.execution.Executor$.run(Executor.scala:28)
	at edu.illinois.cs.testrunner.execution.Executor$.main(Executor.scala:18)
	at edu.illinois.cs.testrunner.execution.Executor.main(Executor.scala)
24/04/26 01:57:03 DEBUG ipc.WaspRPC: Using com.alibaba.wasp.ipc.ProtobufRpcEngine for com.alibaba.wasp.ipc.TestProtoBufRpc$TestRpcService
24/04/26 01:57:03 DEBUG ipc.NettyTransceiver: Using Netty bootstrap options: {connectTimeoutMillis=3000, tcpNoDelay=true}
24/04/26 01:57:03 DEBUG ipc.NettyTransceiver: Connecting to /0.0.0.0:35961
24/04/26 01:57:03 DEBUG ipc.NettyTransceiver: [id: 0x304b9f1a] OPEN
24/04/26 01:57:03 INFO ipc.NettyTransceiver: Successfully connected to bookie: /0.0.0.0:35961
24/04/26 01:57:03 DEBUG ipc.NettyTransceiver: [id: 0x304b9f1a, /127.0.0.1:53688 => /0.0.0.0:35961] BOUND: /127.0.0.1:53688
24/04/26 01:57:03 DEBUG ipc.NettyTransceiver: [id: 0x304b9f1a, /127.0.0.1:53688 => /0.0.0.0:35961] CONNECTED: /0.0.0.0:35961
24/04/26 01:57:03 DEBUG ipc.NettyServer: [id: 0x5335b575, /127.0.0.1:53688 => /127.0.1.1:35961] OPEN
24/04/26 01:57:03 DEBUG ipc.NettyServer: [id: 0x5335b575, /127.0.0.1:53688 => /127.0.1.1:35961] BOUND: /127.0.1.1:35961
24/04/26 01:57:03 DEBUG ipc.NettyServer: [id: 0x5335b575, /127.0.0.1:53688 => /127.0.1.1:35961] CONNECTED: /127.0.0.1:53688
24/04/26 01:57:03 ERROR ipc.NettyServer: pool-12-thread-8, call methodName: "error"
clientProtocolVersion: 1
request: ""
requestClassName: "com.alibaba.wasp.ipc.protobuf.generated.TestProtos$EmptyRequestProto"
: error: 
java.io.IOException: error
	at com.alibaba.wasp.ipc.TestProtoBufRpc$PBServerImpl.error(TestProtoBufRpc.java:68)
	at sun.reflect.NativeMethodAccessorImpl.invoke0(Native Method)
	at sun.reflect.NativeMethodAccessorImpl.invoke(NativeMethodAccessorImpl.java:62)
	at sun.reflect.DelegatingMethodAccessorImpl.invoke(DelegatingMethodAccessorImpl.java:43)
	at java.lang.reflect.Method.invoke(Method.java:498)
	at com.alibaba.wasp.ipc.ProtobufRpcEngine$Server.call(ProtobufRpcEngine.java:270)
	at com.alibaba.wasp.ipc.NettyServer$NettyServerWaspHandler.messageReceived(NettyServer.java:234)
	at org.jboss.netty.channel.SimpleChannelUpstreamHandler.handleUpstream(SimpleChannelUpstreamHandler.java:75)
	at com.alibaba.wasp.ipc.NettyServer$NettyServerWaspHandler.handleUpstream(NettyServer.java:171)
	at org.jboss.netty.channel.DefaultChannelPipeline.sendUpstream(DefaultChannelPipeline.java:563)
	at org.jboss.netty.channel.DefaultChannelPipeline$DefaultChannelHandlerContext.sendUpstream(DefaultChannelPipeline.java:791)
	at org.jboss.netty.handler.execution.ChannelUpstreamEventRunnable.doRun(ChannelUpstreamEventRunnable.java:45)
	at org.jboss.netty.handler.execution.ChannelEventRunnable.run(ChannelEventRunnable.java:64)
	at java.util.concurrent.ThreadPoolExecutor.runWorker(ThreadPoolExecutor.java:1149)
	at java.util.concurrent.ThreadPoolExecutor$Worker.run(ThreadPoolExecutor.java:624)
	at java.lang.Thread.run(Thread.java:750)
24/04/26 01:57:03 INFO ipc.NettyServer: Stopping server on 0
24/04/26 01:57:03 DEBUG ipc.NettyTransceiver: [id: 0x304b9f1a, /127.0.0.1:53688 :> /0.0.0.0:35961] DISCONNECTED
24/04/26 01:57:03 DEBUG ipc.NettyTransceiver: [id: 0x304b9f1a, /127.0.0.1:53688 :> /0.0.0.0:35961] UNBOUND
24/04/26 01:57:03 DEBUG ipc.NettyTransceiver: [id: 0x304b9f1a, /127.0.0.1:53688 :> /0.0.0.0:35961] CLOSED
24/04/26 01:57:03 DEBUG ipc.NettyTransceiver: Remote peer /0.0.0.0:35961 closed connection.
24/04/26 01:57:03 DEBUG ipc.NettyTransceiver: Disconnecting from /0.0.0.0:35961
24/04/26 01:57:03 DEBUG ipc.NettyServer: [id: 0x5335b575, /127.0.0.1:53688 :> /127.0.1.1:35961] DISCONNECTED
24/04/26 01:57:03 DEBUG ipc.NettyServer: [id: 0x5335b575, /127.0.0.1:53688 :> /127.0.1.1:35961] UNBOUND
24/04/26 01:57:03 DEBUG ipc.NettyServer: [id: 0x5335b575, /127.0.0.1:53688 :> /127.0.1.1:35961] CLOSED
24/04/26 01:57:03 INFO wasp.WaspTestingUtility: Starting up minicluster with 1 master(s) and 3 fserver(s) 
Starting DataNode 0 with dfs.data.dir: /home/alex/Repositories/wasp/target/test-data/dea6a3d6-8124-4a84-b85a-44a8240d262a/dfscluster_c06e6a1c-0e4c-44ff-864b-254cbeee707a/dfs/data/data1,/home/alex/Repositories/wasp/target/test-data/dea6a3d6-8124-4a84-b85a-44a8240d262a/dfscluster_c06e6a1c-0e4c-44ff-864b-254cbeee707a/dfs/data/data2
24/04/26 01:57:03 ERROR datanode.DataNode: All directories in dfs.data.dir are invalid.
24/04/26 01:57:03 INFO wasp.WaspTestingUtility: Shutting down mini wasp cluster
24/04/26 01:57:03 INFO wasp.WaspTestingUtility: Minicluster is down
java.lang.NullPointerException
	at org.apache.hadoop.hdfs.MiniDFSCluster.startDataNodes(MiniDFSCluster.java:422)
	at org.apache.hadoop.hdfs.MiniDFSCluster.<init>(MiniDFSCluster.java:280)
	at org.apache.hadoop.hbase.HBaseTestingUtility.startMiniDFSCluster(HBaseTestingUtility.java:451)
	at org.apache.hadoop.hbase.HBaseTestingUtility.startMiniCluster(HBaseTestingUtility.java:619)
	at org.apache.hadoop.hbase.HBaseTestingUtility.startMiniCluster(HBaseTestingUtility.java:575)
	at com.alibaba.wasp.WaspTestingUtility.startMiniCluster(WaspTestingUtility.java:172)
	at com.alibaba.wasp.WaspTestingUtility.startMiniCluster(WaspTestingUtility.java:144)
	at com.alibaba.wasp.jdbc.TestAtomicOperation.setUpBeforeClass(TestAtomicOperation.java:64)
	at sun.reflect.NativeMethodAccessorImpl.invoke0(Native Method)
	at sun.reflect.NativeMethodAccessorImpl.invoke(NativeMethodAccessorImpl.java:62)
	at sun.reflect.DelegatingMethodAccessorImpl.invoke(DelegatingMethodAccessorImpl.java:43)
	at java.lang.reflect.Method.invoke(Method.java:498)
	at org.junit.runners.model.FrameworkMethod$1.runReflectiveCall(FrameworkMethod.java:45)
	at org.junit.internal.runners.model.ReflectiveCallable.run(ReflectiveCallable.java:15)
	at org.junit.runners.model.FrameworkMethod.invokeExplosively(FrameworkMethod.java:42)
	at org.junit.internal.runners.statements.RunBefores.evaluate(RunBefores.java:27)
	at org.junit.internal.runners.statements.RunAfters.evaluate(RunAfters.java:30)
	at org.junit.runners.ParentRunner.run(ParentRunner.java:300)
	at org.junit.runners.Suite.runChild(Suite.java:128)
	at org.junit.runners.Suite.runChild(Suite.java:24)
	at org.junit.runners.ParentRunner$3.run(ParentRunner.java:231)
	at org.junit.runners.ParentRunner$1.schedule(ParentRunner.java:60)
	at org.junit.runners.ParentRunner.runChildren(ParentRunner.java:229)
	at org.junit.runners.ParentRunner.access$000(ParentRunner.java:50)
	at org.junit.runners.ParentRunner$2.evaluate(ParentRunner.java:222)
	at org.junit.runners.ParentRunner.run(ParentRunner.java:300)
	at org.junit.runner.JUnitCore.run(JUnitCore.java:157)
	at org.junit.runner.JUnitCore.run(JUnitCore.java:136)
	at edu.illinois.cs.testrunner.execution.JUnitTestExecutor.execute(JUnitTestExecutor.java:259)
	at edu.illinois.cs.testrunner.execution.JUnitTestExecutor.executeWithJUnit4Runner(JUnitTestExecutor.java:327)
	at edu.illinois.cs.testrunner.execution.JUnitTestExecutor.runOrder(JUnitTestExecutor.java:49)
	at edu.illinois.cs.testrunner.execution.Executor$.$anonfun$run$1(Executor.scala:30)
	at scala.runtime.java8.JFunction0$mcV$sp.apply(JFunction0$mcV$sp.java:12)
	at scala.util.Try$.apply(Try.scala:209)
	at edu.illinois.cs.testrunner.execution.Executor$.run(Executor.scala:28)
	at edu.illinois.cs.testrunner.execution.Executor$.main(Executor.scala:18)
	at edu.illinois.cs.testrunner.execution.Executor.main(Executor.scala)
java.lang.NullPointerException
	at com.alibaba.wasp.jdbc.TestAtomicOperation.tearDownAfterClass(TestAtomicOperation.java:86)
	at sun.reflect.NativeMethodAccessorImpl.invoke0(Native Method)
	at sun.reflect.NativeMethodAccessorImpl.invoke(NativeMethodAccessorImpl.java:62)
	at sun.reflect.DelegatingMethodAccessorImpl.invoke(DelegatingMethodAccessorImpl.java:43)
	at java.lang.reflect.Method.invoke(Method.java:498)
	at org.junit.runners.model.FrameworkMethod$1.runReflectiveCall(FrameworkMethod.java:45)
	at org.junit.internal.runners.model.ReflectiveCallable.run(ReflectiveCallable.java:15)
	at org.junit.runners.model.FrameworkMethod.invokeExplosively(FrameworkMethod.java:42)
	at org.junit.internal.runners.statements.RunAfters.evaluate(RunAfters.java:36)
	at org.junit.runners.ParentRunner.run(ParentRunner.java:300)
	at org.junit.runners.Suite.runChild(Suite.java:128)
	at org.junit.runners.Suite.runChild(Suite.java:24)
	at org.junit.runners.ParentRunner$3.run(ParentRunner.java:231)
	at org.junit.runners.ParentRunner$1.schedule(ParentRunner.java:60)
	at org.junit.runners.ParentRunner.runChildren(ParentRunner.java:229)
	at org.junit.runners.ParentRunner.access$000(ParentRunner.java:50)
	at org.junit.runners.ParentRunner$2.evaluate(ParentRunner.java:222)
	at org.junit.runners.ParentRunner.run(ParentRunner.java:300)
	at org.junit.runner.JUnitCore.run(JUnitCore.java:157)
	at org.junit.runner.JUnitCore.run(JUnitCore.java:136)
	at edu.illinois.cs.testrunner.execution.JUnitTestExecutor.execute(JUnitTestExecutor.java:259)
	at edu.illinois.cs.testrunner.execution.JUnitTestExecutor.executeWithJUnit4Runner(JUnitTestExecutor.java:327)
	at edu.illinois.cs.testrunner.execution.JUnitTestExecutor.runOrder(JUnitTestExecutor.java:49)
	at edu.illinois.cs.testrunner.execution.Executor$.$anonfun$run$1(Executor.scala:30)
	at scala.runtime.java8.JFunction0$mcV$sp.apply(JFunction0$mcV$sp.java:12)
	at scala.util.Try$.apply(Try.scala:209)
	at edu.illinois.cs.testrunner.execution.Executor$.run(Executor.scala:28)
	at edu.illinois.cs.testrunner.execution.Executor$.main(Executor.scala:18)
	at edu.illinois.cs.testrunner.execution.Executor.main(Executor.scala)
24/04/26 01:57:03 INFO wasp.WaspTestingUtility: Starting up minicluster with 1 master(s) and 3 fserver(s) 
Starting DataNode 0 with dfs.data.dir: /home/alex/Repositories/wasp/target/test-data/eb1bcaa0-dba9-442a-9a09-4c704122527d/dfscluster_4dfffd11-3b2c-4653-b617-f23609246363/dfs/data/data1,/home/alex/Repositories/wasp/target/test-data/eb1bcaa0-dba9-442a-9a09-4c704122527d/dfscluster_4dfffd11-3b2c-4653-b617-f23609246363/dfs/data/data2
24/04/26 01:57:03 ERROR datanode.DataNode: All directories in dfs.data.dir are invalid.
24/04/26 01:57:03 INFO wasp.WaspTestingUtility: Shutting down mini wasp cluster
24/04/26 01:57:03 INFO wasp.WaspTestingUtility: Minicluster is down
java.lang.NullPointerException
	at org.apache.hadoop.hdfs.MiniDFSCluster.startDataNodes(MiniDFSCluster.java:422)
	at org.apache.hadoop.hdfs.MiniDFSCluster.<init>(MiniDFSCluster.java:280)
	at org.apache.hadoop.hbase.HBaseTestingUtility.startMiniDFSCluster(HBaseTestingUtility.java:451)
	at org.apache.hadoop.hbase.HBaseTestingUtility.startMiniCluster(HBaseTestingUtility.java:619)
	at org.apache.hadoop.hbase.HBaseTestingUtility.startMiniCluster(HBaseTestingUtility.java:575)
	at com.alibaba.wasp.WaspTestingUtility.startMiniCluster(WaspTestingUtility.java:172)
	at com.alibaba.wasp.WaspTestingUtility.startMiniCluster(WaspTestingUtility.java:144)
	at com.alibaba.wasp.jdbc.TestJdbcConnectionPool.setUpBeforeClass(TestJdbcConnectionPool.java:54)
	at sun.reflect.NativeMethodAccessorImpl.invoke0(Native Method)
	at sun.reflect.NativeMethodAccessorImpl.invoke(NativeMethodAccessorImpl.java:62)
	at sun.reflect.DelegatingMethodAccessorImpl.invoke(DelegatingMethodAccessorImpl.java:43)
	at java.lang.reflect.Method.invoke(Method.java:498)
	at org.junit.runners.model.FrameworkMethod$1.runReflectiveCall(FrameworkMethod.java:45)
	at org.junit.internal.runners.model.ReflectiveCallable.run(ReflectiveCallable.java:15)
	at org.junit.runners.model.FrameworkMethod.invokeExplosively(FrameworkMethod.java:42)
	at org.junit.internal.runners.statements.RunBefores.evaluate(RunBefores.java:27)
	at org.junit.internal.runners.statements.RunAfters.evaluate(RunAfters.java:30)
	at org.junit.runners.ParentRunner.run(ParentRunner.java:300)
	at org.junit.runners.Suite.runChild(Suite.java:128)
	at org.junit.runners.Suite.runChild(Suite.java:24)
	at org.junit.runners.ParentRunner$3.run(ParentRunner.java:231)
	at org.junit.runners.ParentRunner$1.schedule(ParentRunner.java:60)
	at org.junit.runners.ParentRunner.runChildren(ParentRunner.java:229)
	at org.junit.runners.ParentRunner.access$000(ParentRunner.java:50)
	at org.junit.runners.ParentRunner$2.evaluate(ParentRunner.java:222)
	at org.junit.runners.ParentRunner.run(ParentRunner.java:300)
	at org.junit.runner.JUnitCore.run(JUnitCore.java:157)
	at org.junit.runner.JUnitCore.run(JUnitCore.java:136)
	at edu.illinois.cs.testrunner.execution.JUnitTestExecutor.execute(JUnitTestExecutor.java:259)
	at edu.illinois.cs.testrunner.execution.JUnitTestExecutor.executeWithJUnit4Runner(JUnitTestExecutor.java:327)
	at edu.illinois.cs.testrunner.execution.JUnitTestExecutor.runOrder(JUnitTestExecutor.java:49)
	at edu.illinois.cs.testrunner.execution.Executor$.$anonfun$run$1(Executor.scala:30)
	at scala.runtime.java8.JFunction0$mcV$sp.apply(JFunction0$mcV$sp.java:12)
	at scala.util.Try$.apply(Try.scala:209)
	at edu.illinois.cs.testrunner.execution.Executor$.run(Executor.scala:28)
	at edu.illinois.cs.testrunner.execution.Executor$.main(Executor.scala:18)
	at edu.illinois.cs.testrunner.execution.Executor.main(Executor.scala)
24/04/26 01:57:04 INFO server.SessionTrackerImpl: SessionTrackerImpl exited loop!
24/04/26 01:57:04 INFO server.SessionTrackerImpl: SessionTrackerImpl exited loop!
