24/04/26 02:08:10 INFO wasp.WaspTestingUtility: Starting up minicluster with 1 master(s) and 3 fserver(s) 
Starting DataNode 0 with dfs.data.dir: /home/alex/Repositories/wasp/target/test-data/977a46fa-41f0-4d90-97b8-37ad3938dbcc/dfscluster_58902abe-4596-4135-bcdb-1eceb40afd0b/dfs/data/data1,/home/alex/Repositories/wasp/target/test-data/977a46fa-41f0-4d90-97b8-37ad3938dbcc/dfscluster_58902abe-4596-4135-bcdb-1eceb40afd0b/dfs/data/data2
24/04/26 02:08:11 ERROR datanode.DataNode: All directories in dfs.data.dir are invalid.
24/04/26 02:08:11 INFO wasp.WaspTestingUtility: Shutting down mini wasp cluster
24/04/26 02:08:11 INFO wasp.WaspTestingUtility: Minicluster is down
java.lang.NullPointerException
	at org.apache.hadoop.hdfs.MiniDFSCluster.startDataNodes(MiniDFSCluster.java:422)
	at org.apache.hadoop.hdfs.MiniDFSCluster.<init>(MiniDFSCluster.java:280)
	at org.apache.hadoop.hbase.HBaseTestingUtility.startMiniDFSCluster(HBaseTestingUtility.java:451)
	at org.apache.hadoop.hbase.HBaseTestingUtility.startMiniCluster(HBaseTestingUtility.java:619)
	at org.apache.hadoop.hbase.HBaseTestingUtility.startMiniCluster(HBaseTestingUtility.java:575)
	at com.alibaba.wasp.WaspTestingUtility.startMiniCluster(WaspTestingUtility.java:172)
	at com.alibaba.wasp.WaspTestingUtility.startMiniCluster(WaspTestingUtility.java:144)
	at com.alibaba.wasp.client.TestFromClientSide.setUpBeforeClass(TestFromClientSide.java:83)
	at sun.reflect.NativeMethodAccessorImpl.invoke0(Native Method)
	at sun.reflect.NativeMethodAccessorImpl.invoke(NativeMethodAccessorImpl.java:62)
	at sun.reflect.DelegatingMethodAccessorImpl.invoke(DelegatingMethodAccessorImpl.java:43)
	at java.lang.reflect.Method.invoke(Method.java:498)
	at org.junit.runners.model.FrameworkMethod$1.runReflectiveCall(FrameworkMethod.java:45)
	at org.junit.internal.runners.model.ReflectiveCallable.run(ReflectiveCallable.java:15)
	at org.junit.runners.model.FrameworkMethod.invokeExplosively(FrameworkMethod.java:42)
	at org.junit.internal.runners.statements.RunBefores.evaluate(RunBefores.java:27)
	at org.junit.internal.runners.statements.RunAfters.evaluate(RunAfters.java:30)
	at org.junit.runners.ParentRunner.run(ParentRunner.java:300)
	at org.junit.runners.Suite.runChild(Suite.java:128)
	at org.junit.runners.Suite.runChild(Suite.java:24)
	at org.junit.runners.ParentRunner$3.run(ParentRunner.java:231)
	at org.junit.runners.ParentRunner$1.schedule(ParentRunner.java:60)
	at org.junit.runners.ParentRunner.runChildren(ParentRunner.java:229)
	at org.junit.runners.ParentRunner.access$000(ParentRunner.java:50)
	at org.junit.runners.ParentRunner$2.evaluate(ParentRunner.java:222)
	at org.junit.runners.ParentRunner.run(ParentRunner.java:300)
	at org.junit.runner.JUnitCore.run(JUnitCore.java:157)
	at org.junit.runner.JUnitCore.run(JUnitCore.java:136)
	at edu.illinois.cs.testrunner.execution.JUnitTestExecutor.execute(JUnitTestExecutor.java:259)
	at edu.illinois.cs.testrunner.execution.JUnitTestExecutor.executeWithJUnit4Runner(JUnitTestExecutor.java:327)
	at edu.illinois.cs.testrunner.execution.JUnitTestExecutor.runOrder(JUnitTestExecutor.java:49)
	at edu.illinois.cs.testrunner.execution.Executor$.$anonfun$run$1(Executor.scala:30)
	at scala.runtime.java8.JFunction0$mcV$sp.apply(JFunction0$mcV$sp.java:12)
	at scala.util.Try$.apply(Try.scala:209)
	at edu.illinois.cs.testrunner.execution.Executor$.run(Executor.scala:28)
	at edu.illinois.cs.testrunner.execution.Executor$.main(Executor.scala:18)
	at edu.illinois.cs.testrunner.execution.Executor.main(Executor.scala)
24/04/26 02:08:11 DEBUG executor.ExecutorService: Starting executor service name=MASTER_SERVER_OPERATIONS-unit_test, corePoolSize=5, maxPoolSize=5
24/04/26 02:08:11 INFO executor.TestExecutorService: Running process #2, threadName=MASTER_SERVER_OPERATIONS-unit_test-2
24/04/26 02:08:11 INFO executor.TestExecutorService: Running process #4, threadName=MASTER_SERVER_OPERATIONS-unit_test-3
24/04/26 02:08:11 INFO executor.TestExecutorService: Waiting for all event handlers to start...
24/04/26 02:08:11 INFO executor.TestExecutorService: Running process #5, threadName=MASTER_SERVER_OPERATIONS-unit_test-4
24/04/26 02:08:11 INFO executor.TestExecutorService: Running process #3, threadName=MASTER_SERVER_OPERATIONS-unit_test-1
24/04/26 02:08:11 INFO executor.TestExecutorService: Running process #1, threadName=MASTER_SERVER_OPERATIONS-unit_test-0
24/04/26 02:08:11 INFO executor.TestExecutorService: Got status dump:
Status for executor: Executor-1-MASTER_SERVER_OPERATIONS-unit_test
=======================================
0 events queued, 5 running
Running:
Waiting for all event handlers to finish...
  Running on thread 'MASTER_SERVER_OPERATIONS-unit_test-0': Event #1 of type M_SERVER_SHUTDOWN (class com.alibaba.wasp.executor.TestExecutorService$TestEventHandler)
  Thread 39 (MASTER_SERVER_OPERATIONS-unit_test-0):
    State: WAITING
    Blocked count: 1
    Waited count: 1
    Waiting on java.util.concurrent.atomic.AtomicBoolean@66c92293
    Stack:
      java.lang.Object.wait(Native Method)
      java.lang.Object.wait(Object.java:502)
      com.alibaba.wasp.executor.TestExecutorService$TestEventHandler.process(TestExecutorService.java:167)
      com.alibaba.wasp.executor.EventHandler.run(EventHandler.java:198)
      java.util.concurrent.ThreadPoolExecutor.runWorker(ThreadPoolExecutor.java:1149)
      java.util.concurrent.ThreadPoolExecutor$Worker.run(ThreadPoolExecutor.java:624)
      java.lang.Thread.run(Thread.java:750)

  Running on thread 'MASTER_SERVER_OPERATIONS-unit_test-4': Event #5 of type M_SERVER_SHUTDOWN (class com.alibaba.wasp.executor.TestExecutorService$TestEventHandler)
  Thread 43 (MASTER_SERVER_OPERATIONS-unit_test-4):
    State: WAITING
    Blocked count: 0
    Waited count: 1
    Waiting on java.util.concurrent.atomic.AtomicBoolean@66c92293
    Stack:
      java.lang.Object.wait(Native Method)
      java.lang.Object.wait(Object.java:502)
      com.alibaba.wasp.executor.TestExecutorService$TestEventHandler.process(TestExecutorService.java:167)
      com.alibaba.wasp.executor.EventHandler.run(EventHandler.java:198)
      java.util.concurrent.ThreadPoolExecutor.runWorker(ThreadPoolExecutor.java:1149)
      java.util.concurrent.ThreadPoolExecutor$Worker.run(ThreadPoolExecutor.java:624)
      java.lang.Thread.run(Thread.java:750)

  Running on thread 'MASTER_SERVER_OPERATIONS-unit_test-3': Event #4 of type M_SERVER_SHUTDOWN (class com.alibaba.wasp.executor.TestExecutorService$TestEventHandler)
  Thread 42 (MASTER_SERVER_OPERATIONS-unit_test-3):
    State: WAITING
    Blocked count: 1
    Waited count: 1
    Waiting on java.util.concurrent.atomic.AtomicBoolean@66c92293
    Stack:
      java.lang.Object.wait(Native Method)
      java.lang.Object.wait(Object.java:502)
      com.alibaba.wasp.executor.TestExecutorService$TestEventHandler.process(TestExecutorService.java:167)
      com.alibaba.wasp.executor.EventHandler.run(EventHandler.java:198)
      java.util.concurrent.ThreadPoolExecutor.runWorker(ThreadPoolExecutor.java:1149)
      java.util.concurrent.ThreadPoolExecutor$Worker.run(ThreadPoolExecutor.java:624)
      java.lang.Thread.run(Thread.java:750)

  Running on thread 'MASTER_SERVER_OPERATIONS-unit_test-1': Event #2 of type M_SERVER_SHUTDOWN (class com.alibaba.wasp.executor.TestExecutorService$TestEventHandler)
  Thread 40 (MASTER_SERVER_OPERATIONS-unit_test-1):
    State: WAITING
    Blocked count: 2
    Waited count: 1
    Waiting on java.util.concurrent.atomic.AtomicBoolean@66c92293
    Stack:
      java.lang.Object.wait(Native Method)
      java.lang.Object.wait(Object.java:502)
      com.alibaba.wasp.executor.TestExecutorService$TestEventHandler.process(TestExecutorService.java:167)
      com.alibaba.wasp.executor.EventHandler.run(EventHandler.java:198)
      java.util.concurrent.ThreadPoolExecutor.runWorker(ThreadPoolExecutor.java:1149)
      java.util.concurrent.ThreadPoolExecutor$Worker.run(ThreadPoolExecutor.java:624)
      java.lang.Thread.run(Thread.java:750)

  Running on thread 'MASTER_SERVER_OPERATIONS-unit_test-2': Event #3 of type M_SERVER_SHUTDOWN (class com.alibaba.wasp.executor.TestExecutorService$TestEventHandler)
  Thread 41 (MASTER_SERVER_OPERATIONS-unit_test-2):
    State: WAITING
    Blocked count: 1
    Waited count: 1
    Waiting on java.util.concurrent.atomic.AtomicBoolean@66c92293
    Stack:
      java.lang.Object.wait(Native Method)
      java.lang.Object.wait(Object.java:502)
      com.alibaba.wasp.executor.TestExecutorService$TestEventHandler.process(TestExecutorService.java:167)
      com.alibaba.wasp.executor.EventHandler.run(EventHandler.java:198)
      java.util.concurrent.ThreadPoolExecutor.runWorker(ThreadPoolExecutor.java:1149)
      java.util.concurrent.ThreadPoolExecutor$Worker.run(ThreadPoolExecutor.java:624)
      java.lang.Thread.run(Thread.java:750)


24/04/26 02:08:11 INFO executor.TestExecutorService: Running process #11, threadName=MASTER_SERVER_OPERATIONS-unit_test-0
24/04/26 02:08:11 INFO executor.TestExecutorService: Running process #13, threadName=MASTER_SERVER_OPERATIONS-unit_test-2
24/04/26 02:08:11 INFO executor.TestExecutorService: Running process #15, threadName=MASTER_SERVER_OPERATIONS-unit_test-0
24/04/26 02:08:11 INFO executor.TestExecutorService: Running process #17, threadName=MASTER_SERVER_OPERATIONS-unit_test-1
24/04/26 02:08:11 INFO executor.TestExecutorService: Running process #20, threadName=MASTER_SERVER_OPERATIONS-unit_test-1
24/04/26 02:08:11 INFO executor.TestExecutorService: Running process #12, threadName=MASTER_SERVER_OPERATIONS-unit_test-3
24/04/26 02:08:11 INFO executor.TestExecutorService: Running process #22, threadName=MASTER_SERVER_OPERATIONS-unit_test-2
24/04/26 02:08:11 INFO executor.TestExecutorService: Running process #24, threadName=MASTER_SERVER_OPERATIONS-unit_test-1
24/04/26 02:08:11 INFO executor.TestExecutorService: Running process #26, threadName=MASTER_SERVER_OPERATIONS-unit_test-4
24/04/26 02:08:11 INFO executor.TestExecutorService: Running process #28, threadName=MASTER_SERVER_OPERATIONS-unit_test-1
24/04/26 02:08:13 ERROR executor.ExecutorService: Cannot submit [Event #16 of type M_SERVER_SHUTDOWN (class com.alibaba.wasp.executor.TestExecutorService$TestEventHandler)] because the executor is missing. Is this process shutting down?
24/04/26 02:08:13 INFO wasp.WaspTestingUtility: Starting up minicluster with 1 master(s) and 3 fserver(s) 
Starting DataNode 0 with dfs.data.dir: /home/alex/Repositories/wasp/target/test-data/e44b0639-022a-4266-80ae-519344290527/dfscluster_2fc19acb-398f-43d6-a969-335c0129a789/dfs/data/data1,/home/alex/Repositories/wasp/target/test-data/e44b0639-022a-4266-80ae-519344290527/dfscluster_2fc19acb-398f-43d6-a969-335c0129a789/dfs/data/data2
24/04/26 02:08:13 ERROR datanode.DataNode: All directories in dfs.data.dir are invalid.
24/04/26 02:08:13 INFO wasp.WaspTestingUtility: Shutting down mini wasp cluster
24/04/26 02:08:13 INFO wasp.WaspTestingUtility: Minicluster is down
java.lang.NullPointerException
	at org.apache.hadoop.hdfs.MiniDFSCluster.startDataNodes(MiniDFSCluster.java:422)
	at org.apache.hadoop.hdfs.MiniDFSCluster.<init>(MiniDFSCluster.java:280)
	at org.apache.hadoop.hbase.HBaseTestingUtility.startMiniDFSCluster(HBaseTestingUtility.java:451)
	at org.apache.hadoop.hbase.HBaseTestingUtility.startMiniCluster(HBaseTestingUtility.java:619)
	at org.apache.hadoop.hbase.HBaseTestingUtility.startMiniCluster(HBaseTestingUtility.java:575)
	at com.alibaba.wasp.WaspTestingUtility.startMiniCluster(WaspTestingUtility.java:172)
	at com.alibaba.wasp.WaspTestingUtility.startMiniCluster(WaspTestingUtility.java:144)
	at com.alibaba.wasp.fserver.TestEntityGroup.setUpBeforeClass(TestEntityGroup.java:97)
	at sun.reflect.NativeMethodAccessorImpl.invoke0(Native Method)
	at sun.reflect.NativeMethodAccessorImpl.invoke(NativeMethodAccessorImpl.java:62)
	at sun.reflect.DelegatingMethodAccessorImpl.invoke(DelegatingMethodAccessorImpl.java:43)
	at java.lang.reflect.Method.invoke(Method.java:498)
	at org.junit.runners.model.FrameworkMethod$1.runReflectiveCall(FrameworkMethod.java:45)
	at org.junit.internal.runners.model.ReflectiveCallable.run(ReflectiveCallable.java:15)
	at org.junit.runners.model.FrameworkMethod.invokeExplosively(FrameworkMethod.java:42)
	at org.junit.internal.runners.statements.RunBefores.evaluate(RunBefores.java:27)
	at org.junit.internal.runners.statements.RunAfters.evaluate(RunAfters.java:30)
	at org.junit.runners.ParentRunner.run(ParentRunner.java:300)
	at org.junit.runners.Suite.runChild(Suite.java:128)
	at org.junit.runners.Suite.runChild(Suite.java:24)
	at org.junit.runners.ParentRunner$3.run(ParentRunner.java:231)
	at org.junit.runners.ParentRunner$1.schedule(ParentRunner.java:60)
	at org.junit.runners.ParentRunner.runChildren(ParentRunner.java:229)
	at org.junit.runners.ParentRunner.access$000(ParentRunner.java:50)
	at org.junit.runners.ParentRunner$2.evaluate(ParentRunner.java:222)
	at org.junit.runners.ParentRunner.run(ParentRunner.java:300)
	at org.junit.runner.JUnitCore.run(JUnitCore.java:157)
	at org.junit.runner.JUnitCore.run(JUnitCore.java:136)
	at edu.illinois.cs.testrunner.execution.JUnitTestExecutor.execute(JUnitTestExecutor.java:259)
	at edu.illinois.cs.testrunner.execution.JUnitTestExecutor.executeWithJUnit4Runner(JUnitTestExecutor.java:327)
	at edu.illinois.cs.testrunner.execution.JUnitTestExecutor.runOrder(JUnitTestExecutor.java:49)
	at edu.illinois.cs.testrunner.execution.Executor$.$anonfun$run$1(Executor.scala:30)
	at scala.runtime.java8.JFunction0$mcV$sp.apply(JFunction0$mcV$sp.java:12)
	at scala.util.Try$.apply(Try.scala:209)
	at edu.illinois.cs.testrunner.execution.Executor$.run(Executor.scala:28)
	at edu.illinois.cs.testrunner.execution.Executor$.main(Executor.scala:18)
	at edu.illinois.cs.testrunner.execution.Executor.main(Executor.scala)
24/04/26 02:08:13 DEBUG druid.DruidParser: Parsing SQL CREATE TABLE User { Required Int64 user_id; Required String name; Optional DOUBLE value; }  primary key(user_id),  entity group root, entity group key(user_id);
24/04/26 02:08:13 DEBUG druid.DruidDDLParser: CreateTablePlan CreateTablePlan [table=CREATE TABLE User { 
  REQUIRED INT64 user_id COLUMNFAMILY d;
  REQUIRED STRING name COLUMNFAMILY d;
  OPTIONAL DOUBLE value COLUMNFAMILY d;
} 
PRIMARY KEY(user_id),
ENTITY GROUP ROOT,
ENTITY GROUP KEY(user_id);
, splitKeys=null]
24/04/26 02:08:13 DEBUG fserver.MetricsEntityGroupSourceImpl: Creating new MetricsEntityGroupSourceImpl for table User f9f08d106ac95f845df5ea8fd717d520
24/04/26 02:08:13 DEBUG fserver.EntityGroup: Instantiated User,,1714093693842.f9f08d106ac95f845df5ea8fd717d520.
Exception in thread "Thread-51" java.lang.NullPointerException
	at com.alibaba.wasp.fserver.EntityGroup.run(EntityGroup.java:1264)
	at java.lang.Thread.run(Thread.java:750)
24/04/26 02:08:13 DEBUG druid.DruidParser: Parsing SQL DELETE FROM User WHERE user_id = 123;
24/04/26 02:08:13 DEBUG druid.DruidDMLParser: UPDATE SQL From clause User
24/04/26 02:08:13 DEBUG druid.DruidDMLParser: UPDATE SQL where user_id = 123
24/04/26 02:08:13 DEBUG druid.DruidDMLParser: DeletePlan DeletePlan [actions=[DeleteAction [tableName=User, primayKey=[0, 0, 0, 0, 0, 0, 0, 123]]]]
24/04/26 02:08:13 ERROR fserver.EntityGroup: PrepareDeleteEntity failed.
java.lang.NullPointerException
	at com.alibaba.wasp.storage.StorageServicesImpl.getRowBeforeDelete(StorageServicesImpl.java:90)
	at com.alibaba.wasp.fserver.EntityGroup.prepareDeleteEntity(EntityGroup.java:800)
	at com.alibaba.wasp.fserver.EntityGroup.delete(EntityGroup.java:769)
	at com.alibaba.wasp.fserver.TestEntityGroupAlone.testDelete(TestEntityGroupAlone.java:147)
	at sun.reflect.NativeMethodAccessorImpl.invoke0(Native Method)
	at sun.reflect.NativeMethodAccessorImpl.invoke(NativeMethodAccessorImpl.java:62)
	at sun.reflect.DelegatingMethodAccessorImpl.invoke(DelegatingMethodAccessorImpl.java:43)
	at java.lang.reflect.Method.invoke(Method.java:498)
	at org.junit.runners.model.FrameworkMethod$1.runReflectiveCall(FrameworkMethod.java:45)
	at org.junit.internal.runners.model.ReflectiveCallable.run(ReflectiveCallable.java:15)
	at org.junit.runners.model.FrameworkMethod.invokeExplosively(FrameworkMethod.java:42)
	at org.junit.internal.runners.statements.InvokeMethod.evaluate(InvokeMethod.java:20)
	at org.junit.internal.runners.statements.RunBefores.evaluate(RunBefores.java:28)
	at org.junit.internal.runners.statements.RunAfters.evaluate(RunAfters.java:30)
	at org.junit.runners.ParentRunner.runLeaf(ParentRunner.java:263)
	at org.junit.runners.BlockJUnit4ClassRunner.runChild(BlockJUnit4ClassRunner.java:68)
	at org.junit.runners.BlockJUnit4ClassRunner.runChild(BlockJUnit4ClassRunner.java:47)
	at org.junit.runners.ParentRunner$3.run(ParentRunner.java:231)
	at org.junit.runners.ParentRunner$1.schedule(ParentRunner.java:60)
	at org.junit.runners.ParentRunner.runChildren(ParentRunner.java:229)
	at org.junit.runners.ParentRunner.access$000(ParentRunner.java:50)
	at org.junit.runners.ParentRunner$2.evaluate(ParentRunner.java:222)
	at org.junit.internal.runners.statements.RunBefores.evaluate(RunBefores.java:28)
	at org.junit.internal.runners.statements.RunAfters.evaluate(RunAfters.java:30)
	at org.junit.runners.ParentRunner.run(ParentRunner.java:300)
	at org.junit.runners.Suite.runChild(Suite.java:128)
	at org.junit.runners.Suite.runChild(Suite.java:24)
	at org.junit.runners.ParentRunner$3.run(ParentRunner.java:231)
	at org.junit.runners.ParentRunner$1.schedule(ParentRunner.java:60)
	at org.junit.runners.ParentRunner.runChildren(ParentRunner.java:229)
	at org.junit.runners.ParentRunner.access$000(ParentRunner.java:50)
	at org.junit.runners.ParentRunner$2.evaluate(ParentRunner.java:222)
	at org.junit.runners.ParentRunner.run(ParentRunner.java:300)
	at org.junit.runner.JUnitCore.run(JUnitCore.java:157)
	at org.junit.runner.JUnitCore.run(JUnitCore.java:136)
	at edu.illinois.cs.testrunner.execution.JUnitTestExecutor.execute(JUnitTestExecutor.java:259)
	at edu.illinois.cs.testrunner.execution.JUnitTestExecutor.executeWithJUnit4Runner(JUnitTestExecutor.java:327)
	at edu.illinois.cs.testrunner.execution.JUnitTestExecutor.runOrder(JUnitTestExecutor.java:49)
	at edu.illinois.cs.testrunner.execution.Executor$.$anonfun$run$1(Executor.scala:30)
	at scala.runtime.java8.JFunction0$mcV$sp.apply(JFunction0$mcV$sp.java:12)
	at scala.util.Try$.apply(Try.scala:209)
	at edu.illinois.cs.testrunner.execution.Executor$.run(Executor.scala:28)
	at edu.illinois.cs.testrunner.execution.Executor$.main(Executor.scala:18)
	at edu.illinois.cs.testrunner.execution.Executor.main(Executor.scala)
24/04/26 02:08:13 DEBUG druid.DruidParser: Parsing SQL Insert into User(user_id,name) values(1,'binlijin');
24/04/26 02:08:13 DEBUG druid.DruidDMLParser: INSERT SQL TableSource User
24/04/26 02:08:13 DEBUG druid.DruidDMLParser: From table User
24/04/26 02:08:13 DEBUG druid.DruidDMLParser:  SQLInsertItem user_id
24/04/26 02:08:13 DEBUG druid.DruidDMLParser:  SQLInsertItem name
24/04/26 02:08:13 DEBUG druid.DruidDMLParser: INSERT SQL Insert columns [user_id, name]
24/04/26 02:08:13 DEBUG druid.DruidDMLParser: INSERT SQL Insert Values List [ VALUES (1, 'binlijin')]
24/04/26 02:08:13 DEBUG druid.DruidDMLParser: InsertPlan InsertPlan [actions=[InsertAction [tableName=User, primayKey=[0, 0, 0, 0, 0, 0, 0, 1], columns=[ColumnAction [tableName=User, familyName=d, columnName=user_id, value=[0, 0, 0, 0, 0, 0, 0, 1], isIndex=false], ColumnAction [tableName=User, familyName=d, columnName=name, value=[98, 105, 110, 108, 105, 106, 105, 110], isIndex=false]]]]]
24/04/26 02:08:13 DEBUG fserver.EntityGroup: prepareInsertEntity indexs:[]
24/04/26 02:08:13 ERROR fserver.EntityGroup: PrepareInsertEntity failed.
java.lang.NullPointerException
	at com.alibaba.wasp.storage.StorageServicesImpl.checkRowExistsBeforeInsert(StorageServicesImpl.java:66)
	at com.alibaba.wasp.fserver.EntityGroup.prepareInsertEntity(EntityGroup.java:548)
	at com.alibaba.wasp.fserver.EntityGroup.insert(EntityGroup.java:412)
	at com.alibaba.wasp.fserver.TestEntityGroupAlone.testInsert(TestEntityGroupAlone.java:105)
	at sun.reflect.NativeMethodAccessorImpl.invoke0(Native Method)
	at sun.reflect.NativeMethodAccessorImpl.invoke(NativeMethodAccessorImpl.java:62)
	at sun.reflect.DelegatingMethodAccessorImpl.invoke(DelegatingMethodAccessorImpl.java:43)
	at java.lang.reflect.Method.invoke(Method.java:498)
	at org.junit.runners.model.FrameworkMethod$1.runReflectiveCall(FrameworkMethod.java:45)
	at org.junit.internal.runners.model.ReflectiveCallable.run(ReflectiveCallable.java:15)
	at org.junit.runners.model.FrameworkMethod.invokeExplosively(FrameworkMethod.java:42)
	at org.junit.internal.runners.statements.InvokeMethod.evaluate(InvokeMethod.java:20)
	at org.junit.internal.runners.statements.RunBefores.evaluate(RunBefores.java:28)
	at org.junit.internal.runners.statements.RunAfters.evaluate(RunAfters.java:30)
	at org.junit.runners.ParentRunner.runLeaf(ParentRunner.java:263)
	at org.junit.runners.BlockJUnit4ClassRunner.runChild(BlockJUnit4ClassRunner.java:68)
	at org.junit.runners.BlockJUnit4ClassRunner.runChild(BlockJUnit4ClassRunner.java:47)
	at org.junit.runners.ParentRunner$3.run(ParentRunner.java:231)
	at org.junit.runners.ParentRunner$1.schedule(ParentRunner.java:60)
	at org.junit.runners.ParentRunner.runChildren(ParentRunner.java:229)
	at org.junit.runners.ParentRunner.access$000(ParentRunner.java:50)
	at org.junit.runners.ParentRunner$2.evaluate(ParentRunner.java:222)
	at org.junit.internal.runners.statements.RunBefores.evaluate(RunBefores.java:28)
	at org.junit.internal.runners.statements.RunAfters.evaluate(RunAfters.java:30)
	at org.junit.runners.ParentRunner.run(ParentRunner.java:300)
	at org.junit.runners.Suite.runChild(Suite.java:128)
	at org.junit.runners.Suite.runChild(Suite.java:24)
	at org.junit.runners.ParentRunner$3.run(ParentRunner.java:231)
	at org.junit.runners.ParentRunner$1.schedule(ParentRunner.java:60)
	at org.junit.runners.ParentRunner.runChildren(ParentRunner.java:229)
	at org.junit.runners.ParentRunner.access$000(ParentRunner.java:50)
	at org.junit.runners.ParentRunner$2.evaluate(ParentRunner.java:222)
	at org.junit.runners.ParentRunner.run(ParentRunner.java:300)
	at org.junit.runner.JUnitCore.run(JUnitCore.java:157)
	at org.junit.runner.JUnitCore.run(JUnitCore.java:136)
	at edu.illinois.cs.testrunner.execution.JUnitTestExecutor.execute(JUnitTestExecutor.java:259)
	at edu.illinois.cs.testrunner.execution.JUnitTestExecutor.executeWithJUnit4Runner(JUnitTestExecutor.java:327)
	at edu.illinois.cs.testrunner.execution.JUnitTestExecutor.runOrder(JUnitTestExecutor.java:49)
	at edu.illinois.cs.testrunner.execution.Executor$.$anonfun$run$1(Executor.scala:30)
	at scala.runtime.java8.JFunction0$mcV$sp.apply(JFunction0$mcV$sp.java:12)
	at scala.util.Try$.apply(Try.scala:209)
	at edu.illinois.cs.testrunner.execution.Executor$.run(Executor.scala:28)
	at edu.illinois.cs.testrunner.execution.Executor$.main(Executor.scala:18)
	at edu.illinois.cs.testrunner.execution.Executor.main(Executor.scala)
24/04/26 02:08:13 DEBUG druid.DruidParser: Parsing SQL UPDATE User SET name = 'Mike' WHERE user_id = 123;
24/04/26 02:08:13 DEBUG druid.DruidDMLParser: UPDATE SQL From clause User
24/04/26 02:08:13 DEBUG druid.DruidDMLParser: UPDATE SQL where user_id = 123
24/04/26 02:08:13 DEBUG druid.DruidDMLParser: UpdatePlan UpdatePlan [actions=[UpdateAction [primayKey=[0, 0, 0, 0, 0, 0, 0, 123], tableName=User, columns=[ColumnAction [tableName=User, familyName=d, columnName=name, value=[77, 105, 107, 101], isIndex=false]]]]]
24/04/26 02:08:13 ERROR fserver.EntityGroup: PrepareUpdateEntity failed.
java.lang.NullPointerException
	at com.alibaba.wasp.storage.StorageServicesImpl.getRowBeforeUpdate(StorageServicesImpl.java:75)
	at com.alibaba.wasp.fserver.EntityGroup.prepareUpdateEntity(EntityGroup.java:674)
	at com.alibaba.wasp.fserver.EntityGroup.update(EntityGroup.java:607)
	at com.alibaba.wasp.fserver.TestEntityGroupAlone.testUpdate(TestEntityGroupAlone.java:126)
	at sun.reflect.NativeMethodAccessorImpl.invoke0(Native Method)
	at sun.reflect.NativeMethodAccessorImpl.invoke(NativeMethodAccessorImpl.java:62)
	at sun.reflect.DelegatingMethodAccessorImpl.invoke(DelegatingMethodAccessorImpl.java:43)
	at java.lang.reflect.Method.invoke(Method.java:498)
	at org.junit.runners.model.FrameworkMethod$1.runReflectiveCall(FrameworkMethod.java:45)
	at org.junit.internal.runners.model.ReflectiveCallable.run(ReflectiveCallable.java:15)
	at org.junit.runners.model.FrameworkMethod.invokeExplosively(FrameworkMethod.java:42)
	at org.junit.internal.runners.statements.InvokeMethod.evaluate(InvokeMethod.java:20)
	at org.junit.internal.runners.statements.RunBefores.evaluate(RunBefores.java:28)
	at org.junit.internal.runners.statements.RunAfters.evaluate(RunAfters.java:30)
	at org.junit.runners.ParentRunner.runLeaf(ParentRunner.java:263)
	at org.junit.runners.BlockJUnit4ClassRunner.runChild(BlockJUnit4ClassRunner.java:68)
	at org.junit.runners.BlockJUnit4ClassRunner.runChild(BlockJUnit4ClassRunner.java:47)
	at org.junit.runners.ParentRunner$3.run(ParentRunner.java:231)
	at org.junit.runners.ParentRunner$1.schedule(ParentRunner.java:60)
	at org.junit.runners.ParentRunner.runChildren(ParentRunner.java:229)
	at org.junit.runners.ParentRunner.access$000(ParentRunner.java:50)
	at org.junit.runners.ParentRunner$2.evaluate(ParentRunner.java:222)
	at org.junit.internal.runners.statements.RunBefores.evaluate(RunBefores.java:28)
	at org.junit.internal.runners.statements.RunAfters.evaluate(RunAfters.java:30)
	at org.junit.runners.ParentRunner.run(ParentRunner.java:300)
	at org.junit.runners.Suite.runChild(Suite.java:128)
	at org.junit.runners.Suite.runChild(Suite.java:24)
	at org.junit.runners.ParentRunner$3.run(ParentRunner.java:231)
	at org.junit.runners.ParentRunner$1.schedule(ParentRunner.java:60)
	at org.junit.runners.ParentRunner.runChildren(ParentRunner.java:229)
	at org.junit.runners.ParentRunner.access$000(ParentRunner.java:50)
	at org.junit.runners.ParentRunner$2.evaluate(ParentRunner.java:222)
	at org.junit.runners.ParentRunner.run(ParentRunner.java:300)
	at org.junit.runner.JUnitCore.run(JUnitCore.java:157)
	at org.junit.runner.JUnitCore.run(JUnitCore.java:136)
	at edu.illinois.cs.testrunner.execution.JUnitTestExecutor.execute(JUnitTestExecutor.java:259)
	at edu.illinois.cs.testrunner.execution.JUnitTestExecutor.executeWithJUnit4Runner(JUnitTestExecutor.java:327)
	at edu.illinois.cs.testrunner.execution.JUnitTestExecutor.runOrder(JUnitTestExecutor.java:49)
	at edu.illinois.cs.testrunner.execution.Executor$.$anonfun$run$1(Executor.scala:30)
	at scala.runtime.java8.JFunction0$mcV$sp.apply(JFunction0$mcV$sp.java:12)
	at scala.util.Try$.apply(Try.scala:209)
	at edu.illinois.cs.testrunner.execution.Executor$.run(Executor.scala:28)
	at edu.illinois.cs.testrunner.execution.Executor$.main(Executor.scala:18)
	at edu.illinois.cs.testrunner.execution.Executor.main(Executor.scala)



Before setUpBeforeClass



24/04/26 02:08:13 INFO wasp.WaspTestingUtility: Starting up minicluster with 1 master(s) and 3 fserver(s) 
Starting DataNode 0 with dfs.data.dir: /home/alex/Repositories/wasp/target/test-data/3a22c9a1-c1da-4125-97a2-af6086aeb37d/dfscluster_b938be96-fc41-4c9f-9a08-8c67e2bc989c/dfs/data/data1,/home/alex/Repositories/wasp/target/test-data/3a22c9a1-c1da-4125-97a2-af6086aeb37d/dfscluster_b938be96-fc41-4c9f-9a08-8c67e2bc989c/dfs/data/data2
24/04/26 02:08:14 ERROR datanode.DataNode: All directories in dfs.data.dir are invalid.
24/04/26 02:08:14 INFO wasp.WaspTestingUtility: Shutting down mini wasp cluster
24/04/26 02:08:14 INFO wasp.WaspTestingUtility: Minicluster is down
java.lang.NullPointerException
	at org.apache.hadoop.hdfs.MiniDFSCluster.startDataNodes(MiniDFSCluster.java:422)
	at org.apache.hadoop.hdfs.MiniDFSCluster.<init>(MiniDFSCluster.java:280)
	at org.apache.hadoop.hbase.HBaseTestingUtility.startMiniDFSCluster(HBaseTestingUtility.java:451)
	at org.apache.hadoop.hbase.HBaseTestingUtility.startMiniCluster(HBaseTestingUtility.java:619)
	at org.apache.hadoop.hbase.HBaseTestingUtility.startMiniCluster(HBaseTestingUtility.java:575)
	at com.alibaba.wasp.WaspTestingUtility.startMiniCluster(WaspTestingUtility.java:172)
	at com.alibaba.wasp.WaspTestingUtility.startMiniCluster(WaspTestingUtility.java:144)
	at com.alibaba.wasp.fserver.TestEntityGroupOnCluster.setUpBeforeClass(TestEntityGroupOnCluster.java:90)
	at sun.reflect.NativeMethodAccessorImpl.invoke0(Native Method)
	at sun.reflect.NativeMethodAccessorImpl.invoke(NativeMethodAccessorImpl.java:62)
	at sun.reflect.DelegatingMethodAccessorImpl.invoke(DelegatingMethodAccessorImpl.java:43)
	at java.lang.reflect.Method.invoke(Method.java:498)
	at org.junit.runners.model.FrameworkMethod$1.runReflectiveCall(FrameworkMethod.java:45)
	at org.junit.internal.runners.model.ReflectiveCallable.run(ReflectiveCallable.java:15)
	at org.junit.runners.model.FrameworkMethod.invokeExplosively(FrameworkMethod.java:42)
	at org.junit.internal.runners.statements.RunBefores.evaluate(RunBefores.java:27)
	at org.junit.internal.runners.statements.RunAfters.evaluate(RunAfters.java:30)
	at org.junit.runners.ParentRunner.run(ParentRunner.java:300)
	at org.junit.runners.Suite.runChild(Suite.java:128)
	at org.junit.runners.Suite.runChild(Suite.java:24)
	at org.junit.runners.ParentRunner$3.run(ParentRunner.java:231)
	at org.junit.runners.ParentRunner$1.schedule(ParentRunner.java:60)
	at org.junit.runners.ParentRunner.runChildren(ParentRunner.java:229)
	at org.junit.runners.ParentRunner.access$000(ParentRunner.java:50)
	at org.junit.runners.ParentRunner$2.evaluate(ParentRunner.java:222)
	at org.junit.runners.ParentRunner.run(ParentRunner.java:300)
	at org.junit.runner.JUnitCore.run(JUnitCore.java:157)
	at org.junit.runner.JUnitCore.run(JUnitCore.java:136)
	at edu.illinois.cs.testrunner.execution.JUnitTestExecutor.execute(JUnitTestExecutor.java:259)
	at edu.illinois.cs.testrunner.execution.JUnitTestExecutor.executeWithJUnit4Runner(JUnitTestExecutor.java:327)
	at edu.illinois.cs.testrunner.execution.JUnitTestExecutor.runOrder(JUnitTestExecutor.java:49)
	at edu.illinois.cs.testrunner.execution.Executor$.$anonfun$run$1(Executor.scala:30)
	at scala.runtime.java8.JFunction0$mcV$sp.apply(JFunction0$mcV$sp.java:12)
	at scala.util.Try$.apply(Try.scala:209)
	at edu.illinois.cs.testrunner.execution.Executor$.run(Executor.scala:28)
	at edu.illinois.cs.testrunner.execution.Executor$.main(Executor.scala:18)
	at edu.illinois.cs.testrunner.execution.Executor.main(Executor.scala)
24/04/26 02:08:14 INFO wasp.WaspTestingUtility: Starting up minicluster with 1 master(s) and 1 fserver(s) 
Starting DataNode 0 with dfs.data.dir: /home/alex/Repositories/wasp/target/test-data/d4d21ba6-3637-4c48-b650-f9a835b47afa/dfscluster_2c88b1cc-90fc-42df-967a-2f6108d4b218/dfs/data/data1,/home/alex/Repositories/wasp/target/test-data/d4d21ba6-3637-4c48-b650-f9a835b47afa/dfscluster_2c88b1cc-90fc-42df-967a-2f6108d4b218/dfs/data/data2
24/04/26 02:08:14 ERROR datanode.DataNode: All directories in dfs.data.dir are invalid.
24/04/26 02:08:14 INFO wasp.WaspTestingUtility: Shutting down mini wasp cluster
24/04/26 02:08:14 INFO wasp.WaspTestingUtility: Minicluster is down
java.lang.NullPointerException
	at org.apache.hadoop.hdfs.MiniDFSCluster.startDataNodes(MiniDFSCluster.java:422)
	at org.apache.hadoop.hdfs.MiniDFSCluster.<init>(MiniDFSCluster.java:280)
	at org.apache.hadoop.hbase.HBaseTestingUtility.startMiniDFSCluster(HBaseTestingUtility.java:451)
	at org.apache.hadoop.hbase.HBaseTestingUtility.startMiniCluster(HBaseTestingUtility.java:619)
	at org.apache.hadoop.hbase.HBaseTestingUtility.startMiniCluster(HBaseTestingUtility.java:575)
	at com.alibaba.wasp.WaspTestingUtility.startMiniCluster(WaspTestingUtility.java:172)
	at com.alibaba.wasp.WaspTestingUtility.startMiniCluster(WaspTestingUtility.java:144)
	at com.alibaba.wasp.fserver.TestSplitTransaction.before(TestSplitTransaction.java:67)
	at sun.reflect.NativeMethodAccessorImpl.invoke0(Native Method)
	at sun.reflect.NativeMethodAccessorImpl.invoke(NativeMethodAccessorImpl.java:62)
	at sun.reflect.DelegatingMethodAccessorImpl.invoke(DelegatingMethodAccessorImpl.java:43)
	at java.lang.reflect.Method.invoke(Method.java:498)
	at org.junit.runners.model.FrameworkMethod$1.runReflectiveCall(FrameworkMethod.java:45)
	at org.junit.internal.runners.model.ReflectiveCallable.run(ReflectiveCallable.java:15)
	at org.junit.runners.model.FrameworkMethod.invokeExplosively(FrameworkMethod.java:42)
	at org.junit.internal.runners.statements.RunBefores.evaluate(RunBefores.java:27)
	at org.junit.internal.runners.statements.RunAfters.evaluate(RunAfters.java:30)
	at org.junit.runners.ParentRunner.run(ParentRunner.java:300)
	at org.junit.runners.Suite.runChild(Suite.java:128)
	at org.junit.runners.Suite.runChild(Suite.java:24)
	at org.junit.runners.ParentRunner$3.run(ParentRunner.java:231)
	at org.junit.runners.ParentRunner$1.schedule(ParentRunner.java:60)
	at org.junit.runners.ParentRunner.runChildren(ParentRunner.java:229)
	at org.junit.runners.ParentRunner.access$000(ParentRunner.java:50)
	at org.junit.runners.ParentRunner$2.evaluate(ParentRunner.java:222)
	at org.junit.runners.ParentRunner.run(ParentRunner.java:300)
	at org.junit.runner.JUnitCore.run(JUnitCore.java:157)
	at org.junit.runner.JUnitCore.run(JUnitCore.java:136)
	at edu.illinois.cs.testrunner.execution.JUnitTestExecutor.execute(JUnitTestExecutor.java:259)
	at edu.illinois.cs.testrunner.execution.JUnitTestExecutor.executeWithJUnit4Runner(JUnitTestExecutor.java:327)
	at edu.illinois.cs.testrunner.execution.JUnitTestExecutor.runOrder(JUnitTestExecutor.java:49)
	at edu.illinois.cs.testrunner.execution.Executor$.$anonfun$run$1(Executor.scala:30)
	at scala.runtime.java8.JFunction0$mcV$sp.apply(JFunction0$mcV$sp.java:12)
	at scala.util.Try$.apply(Try.scala:209)
	at edu.illinois.cs.testrunner.execution.Executor$.run(Executor.scala:28)
	at edu.illinois.cs.testrunner.execution.Executor$.main(Executor.scala:18)
	at edu.illinois.cs.testrunner.execution.Executor.main(Executor.scala)
24/04/26 02:08:14 INFO wasp.WaspTestingUtility: Starting up minicluster with 1 master(s) and 5 fserver(s) 
Starting DataNode 0 with dfs.data.dir: /home/alex/Repositories/wasp/target/test-data/ec770c78-7dcd-4567-8fc5-52036d500af1/dfscluster_d365ef42-3a25-42c6-9cd1-16d159b5655e/dfs/data/data1,/home/alex/Repositories/wasp/target/test-data/ec770c78-7dcd-4567-8fc5-52036d500af1/dfscluster_d365ef42-3a25-42c6-9cd1-16d159b5655e/dfs/data/data2
24/04/26 02:08:14 ERROR datanode.DataNode: All directories in dfs.data.dir are invalid.
24/04/26 02:08:14 INFO wasp.WaspTestingUtility: Shutting down mini wasp cluster
24/04/26 02:08:14 INFO wasp.WaspTestingUtility: Minicluster is down
java.lang.NullPointerException
	at org.apache.hadoop.hdfs.MiniDFSCluster.startDataNodes(MiniDFSCluster.java:422)
	at org.apache.hadoop.hdfs.MiniDFSCluster.<init>(MiniDFSCluster.java:280)
	at org.apache.hadoop.hbase.HBaseTestingUtility.startMiniDFSCluster(HBaseTestingUtility.java:451)
	at org.apache.hadoop.hbase.HBaseTestingUtility.startMiniCluster(HBaseTestingUtility.java:619)
	at org.apache.hadoop.hbase.HBaseTestingUtility.startMiniCluster(HBaseTestingUtility.java:575)
	at com.alibaba.wasp.WaspTestingUtility.startMiniCluster(WaspTestingUtility.java:172)
	at com.alibaba.wasp.WaspTestingUtility.startMiniCluster(WaspTestingUtility.java:144)
	at com.alibaba.wasp.fserver.TestSplitTransactionOnCluster.before(TestSplitTransactionOnCluster.java:95)
	at sun.reflect.NativeMethodAccessorImpl.invoke0(Native Method)
	at sun.reflect.NativeMethodAccessorImpl.invoke(NativeMethodAccessorImpl.java:62)
	at sun.reflect.DelegatingMethodAccessorImpl.invoke(DelegatingMethodAccessorImpl.java:43)
	at java.lang.reflect.Method.invoke(Method.java:498)
	at org.junit.runners.model.FrameworkMethod$1.runReflectiveCall(FrameworkMethod.java:45)
	at org.junit.internal.runners.model.ReflectiveCallable.run(ReflectiveCallable.java:15)
	at org.junit.runners.model.FrameworkMethod.invokeExplosively(FrameworkMethod.java:42)
	at org.junit.internal.runners.statements.RunBefores.evaluate(RunBefores.java:27)
	at org.junit.internal.runners.statements.RunAfters.evaluate(RunAfters.java:30)
	at org.junit.runners.ParentRunner.run(ParentRunner.java:300)
	at org.junit.runners.Suite.runChild(Suite.java:128)
	at org.junit.runners.Suite.runChild(Suite.java:24)
	at org.junit.runners.ParentRunner$3.run(ParentRunner.java:231)
	at org.junit.runners.ParentRunner$1.schedule(ParentRunner.java:60)
	at org.junit.runners.ParentRunner.runChildren(ParentRunner.java:229)
	at org.junit.runners.ParentRunner.access$000(ParentRunner.java:50)
	at org.junit.runners.ParentRunner$2.evaluate(ParentRunner.java:222)
	at org.junit.runners.ParentRunner.run(ParentRunner.java:300)
	at org.junit.runner.JUnitCore.run(JUnitCore.java:157)
	at org.junit.runner.JUnitCore.run(JUnitCore.java:136)
	at edu.illinois.cs.testrunner.execution.JUnitTestExecutor.execute(JUnitTestExecutor.java:259)
	at edu.illinois.cs.testrunner.execution.JUnitTestExecutor.executeWithJUnit4Runner(JUnitTestExecutor.java:327)
	at edu.illinois.cs.testrunner.execution.JUnitTestExecutor.runOrder(JUnitTestExecutor.java:49)
	at edu.illinois.cs.testrunner.execution.Executor$.$anonfun$run$1(Executor.scala:30)
	at scala.runtime.java8.JFunction0$mcV$sp.apply(JFunction0$mcV$sp.java:12)
	at scala.util.Try$.apply(Try.scala:209)
	at edu.illinois.cs.testrunner.execution.Executor$.run(Executor.scala:28)
	at edu.illinois.cs.testrunner.execution.Executor$.main(Executor.scala:18)
	at edu.illinois.cs.testrunner.execution.Executor.main(Executor.scala)
24/04/26 02:08:14 INFO wasp.WaspTestingUtility: Starting up minicluster with 1 master(s) and 3 fserver(s) 
Starting DataNode 0 with dfs.data.dir: /home/alex/Repositories/wasp/target/test-data/dade7dd4-a669-4e9a-931b-554b99ff0460/dfscluster_1a442653-ef98-41b7-802d-2c940942fccd/dfs/data/data1,/home/alex/Repositories/wasp/target/test-data/dade7dd4-a669-4e9a-931b-554b99ff0460/dfscluster_1a442653-ef98-41b7-802d-2c940942fccd/dfs/data/data2
24/04/26 02:08:15 ERROR datanode.DataNode: All directories in dfs.data.dir are invalid.
24/04/26 02:08:15 INFO wasp.WaspTestingUtility: Shutting down mini wasp cluster
24/04/26 02:08:15 INFO wasp.WaspTestingUtility: Minicluster is down
java.lang.NullPointerException
	at org.apache.hadoop.hdfs.MiniDFSCluster.startDataNodes(MiniDFSCluster.java:422)
	at org.apache.hadoop.hdfs.MiniDFSCluster.<init>(MiniDFSCluster.java:280)
	at org.apache.hadoop.hbase.HBaseTestingUtility.startMiniDFSCluster(HBaseTestingUtility.java:451)
	at org.apache.hadoop.hbase.HBaseTestingUtility.startMiniCluster(HBaseTestingUtility.java:619)
	at org.apache.hadoop.hbase.HBaseTestingUtility.startMiniCluster(HBaseTestingUtility.java:575)
	at com.alibaba.wasp.WaspTestingUtility.startMiniCluster(WaspTestingUtility.java:172)
	at com.alibaba.wasp.WaspTestingUtility.startMiniCluster(WaspTestingUtility.java:144)
	at com.alibaba.wasp.fserver.TestTwoPhaseCommit.setUpBeforeClass(TestTwoPhaseCommit.java:73)
	at sun.reflect.NativeMethodAccessorImpl.invoke0(Native Method)
	at sun.reflect.NativeMethodAccessorImpl.invoke(NativeMethodAccessorImpl.java:62)
	at sun.reflect.DelegatingMethodAccessorImpl.invoke(DelegatingMethodAccessorImpl.java:43)
	at java.lang.reflect.Method.invoke(Method.java:498)
	at org.junit.runners.model.FrameworkMethod$1.runReflectiveCall(FrameworkMethod.java:45)
	at org.junit.internal.runners.model.ReflectiveCallable.run(ReflectiveCallable.java:15)
	at org.junit.runners.model.FrameworkMethod.invokeExplosively(FrameworkMethod.java:42)
	at org.junit.internal.runners.statements.RunBefores.evaluate(RunBefores.java:27)
	at org.junit.internal.runners.statements.RunAfters.evaluate(RunAfters.java:30)
	at org.junit.runners.ParentRunner.run(ParentRunner.java:300)
	at org.junit.runners.Suite.runChild(Suite.java:128)
	at org.junit.runners.Suite.runChild(Suite.java:24)
	at org.junit.runners.ParentRunner$3.run(ParentRunner.java:231)
	at org.junit.runners.ParentRunner$1.schedule(ParentRunner.java:60)
	at org.junit.runners.ParentRunner.runChildren(ParentRunner.java:229)
	at org.junit.runners.ParentRunner.access$000(ParentRunner.java:50)
	at org.junit.runners.ParentRunner$2.evaluate(ParentRunner.java:222)
	at org.junit.runners.ParentRunner.run(ParentRunner.java:300)
	at org.junit.runner.JUnitCore.run(JUnitCore.java:157)
	at org.junit.runner.JUnitCore.run(JUnitCore.java:136)
	at edu.illinois.cs.testrunner.execution.JUnitTestExecutor.execute(JUnitTestExecutor.java:259)
	at edu.illinois.cs.testrunner.execution.JUnitTestExecutor.executeWithJUnit4Runner(JUnitTestExecutor.java:327)
	at edu.illinois.cs.testrunner.execution.JUnitTestExecutor.runOrder(JUnitTestExecutor.java:49)
	at edu.illinois.cs.testrunner.execution.Executor$.$anonfun$run$1(Executor.scala:30)
	at scala.runtime.java8.JFunction0$mcV$sp.apply(JFunction0$mcV$sp.java:12)
	at scala.util.Try$.apply(Try.scala:209)
	at edu.illinois.cs.testrunner.execution.Executor$.run(Executor.scala:28)
	at edu.illinois.cs.testrunner.execution.Executor$.main(Executor.scala:18)
	at edu.illinois.cs.testrunner.execution.Executor.main(Executor.scala)
24/04/26 02:08:15 INFO server.NIOServerCnxnFactory: binding to port 0.0.0.0/0.0.0.0:55635
24/04/26 02:08:15 INFO persistence.FileTxnSnapLog: Snapshotting: 0x0 to /home/alex/Repositories/wasp/target/test-data/e8de33e0-c2d9-49bf-9ad1-92df8d16e1b8/dfscluster_f1116ab3-57a1-4bfc-8909-17fc2bef09d6/zookeeper_0/version-2/snapshot.0
24/04/26 02:08:15 INFO server.NIOServerCnxnFactory: Accepted socket connection from /127.0.0.1:59950
24/04/26 02:08:15 DEBUG zookeeper.ZKUtil: MockServer,123,-1 opening connection to ZooKeeper with ensemble (localhost:55635)
24/04/26 02:08:15 INFO zookeeper.RecoverableZooKeeper: The identifier of this process is 87442@Lenovo-Bot
24/04/26 02:08:15 INFO server.NIOServerCnxnFactory: Accepted socket connection from /127.0.0.1:59954
24/04/26 02:08:15 INFO persistence.FileTxnLog: Creating new log file: log.1
24/04/26 02:08:15 DEBUG zookeeper.ZooKeeperWatcher: MockServer,123,-1 Received ZooKeeper Event, type=None, state=SyncConnected, path=null
24/04/26 02:08:15 DEBUG zookeeper.ZooKeeperWatcher: MockServer,123,-1-0xff8f17f220c50000 connected
24/04/26 02:08:15 DEBUG zookeeper.ZKAssign: MockServer,123,-1-0xff8f17f220c50000 Creating unassigned node for 67ba860a18f2ab7468b761f7e4af0d7c in OFFLINE state
24/04/26 02:08:15 DEBUG zookeeper.ZKAssign: MockServer,123,-1-0xff8f17f220c50000 Attempting to transition node 67ba860a18f2ab7468b761f7e4af0d7c from M_ZK_ENTITYGROUP_OFFLINE to FSERVER_ZK_ENTITYGROUP_OPENING
24/04/26 02:08:15 DEBUG zookeeper.ZKUtil: MockServer,123,-1-0xff8f17f220c50000 Retrieved 118 byte(s) of data from znode /wasp/unassigned/67ba860a18f2ab7468b761f7e4af0d7c; data=entityGroup=TestCloseEntityGroupHandler,\x00\x00\x00\x00,1714093695188.67ba860a18f2ab7468b761f7e4af0d7c., state=M_ZK_ENTITYGROUP_OFFLINE, servername=MockServer,123,-1, createTime=1714093695233, payload.length=0
24/04/26 02:08:15 DEBUG zookeeper.ZooKeeperWatcher: MockServer,123,-1-0xff8f17f220c50000 Received ZooKeeper Event, type=NodeDataChanged, state=SyncConnected, path=/wasp/unassigned/67ba860a18f2ab7468b761f7e4af0d7c
24/04/26 02:08:15 DEBUG zookeeper.ZKAssign: MockServer,123,-1-0xff8f17f220c50000 Successfully transitioned node 67ba860a18f2ab7468b761f7e4af0d7c from M_ZK_ENTITYGROUP_OFFLINE to FSERVER_ZK_ENTITYGROUP_OPENING
24/04/26 02:08:15 INFO fserver.EntityGroup: EntityGroup.openEntityGroup EntityGroup name ==TestCloseEntityGroupHandler,\x00\x00\x00\x00,1714093695188.67ba860a18f2ab7468b761f7e4af0d7c.
24/04/26 02:08:15 DEBUG fserver.EntityGroup: Opening EntityGroup: {NAME => 'TestCloseEntityGroupHandler,\x00\x00\x00\x00,1714093695188.67ba860a18f2ab7468b761f7e4af0d7c.', STARTKEY => '\x00\x00\x00\x00', ENDKEY => '\x00\x00\x00\x01', ENCODED => 67ba860a18f2ab7468b761f7e4af0d7c,}
24/04/26 02:08:15 DEBUG fserver.MetricsEntityGroupSourceImpl: Creating new MetricsEntityGroupSourceImpl for table TestCloseEntityGroupHandler 67ba860a18f2ab7468b761f7e4af0d7c
24/04/26 02:08:15 DEBUG fserver.EntityGroup: Instantiated TestCloseEntityGroupHandler,\x00\x00\x00\x00,1714093695188.67ba860a18f2ab7468b761f7e4af0d7c.
24/04/26 02:08:15 DEBUG zookeeper.ZKAssign: MockServer,123,-1-0xff8f17f220c50000 Attempting to transition node 67ba860a18f2ab7468b761f7e4af0d7c from FSERVER_ZK_ENTITYGROUP_OPENING to FSERVER_ZK_ENTITYGROUP_OPENING
24/04/26 02:08:15 ERROR server.NIOServerCnxnFactory: Thread Thread[Thread-147,5,main] died
java.lang.NullPointerException
	at com.alibaba.wasp.fserver.EntityGroup.run(EntityGroup.java:1264)
	at java.lang.Thread.run(Thread.java:750)
24/04/26 02:08:15 DEBUG zookeeper.ZKUtil: MockServer,123,-1-0xff8f17f220c50000 Retrieved 118 byte(s) of data from znode /wasp/unassigned/67ba860a18f2ab7468b761f7e4af0d7c; data=entityGroup=TestCloseEntityGroupHandler,\x00\x00\x00\x00,1714093695188.67ba860a18f2ab7468b761f7e4af0d7c., state=FSERVER_ZK_ENTITYGROUP_OPENING, servername=MockServer,123,-1, createTime=1714093695242, payload.length=0
24/04/26 02:08:15 DEBUG zookeeper.ZKAssign: MockServer,123,-1-0xff8f17f220c50000 Successfully transitioned node 67ba860a18f2ab7468b761f7e4af0d7c from FSERVER_ZK_ENTITYGROUP_OPENING to FSERVER_ZK_ENTITYGROUP_OPENING
24/04/26 02:08:15 DEBUG zookeeper.ZKAssign: MockServer,123,-1-0xff8f17f220c50000 Attempting to transition node 67ba860a18f2ab7468b761f7e4af0d7c from FSERVER_ZK_ENTITYGROUP_OPENING to FSERVER_ZK_ENTITYGROUP_OPENED
24/04/26 02:08:15 DEBUG zookeeper.ZKUtil: MockServer,123,-1-0xff8f17f220c50000 Retrieved 118 byte(s) of data from znode /wasp/unassigned/67ba860a18f2ab7468b761f7e4af0d7c; data=entityGroup=TestCloseEntityGroupHandler,\x00\x00\x00\x00,1714093695188.67ba860a18f2ab7468b761f7e4af0d7c., state=FSERVER_ZK_ENTITYGROUP_OPENING, servername=MockServer,123,-1, createTime=1714093695247, payload.length=0
24/04/26 02:08:15 DEBUG zookeeper.ZKAssign: MockServer,123,-1-0xff8f17f220c50000 Successfully transitioned node 67ba860a18f2ab7468b761f7e4af0d7c from FSERVER_ZK_ENTITYGROUP_OPENING to FSERVER_ZK_ENTITYGROUP_OPENED
24/04/26 02:08:15 DEBUG handler.OpenEntityGroupHandler: entityGroup transitioned to opened in zookeeper: {NAME => 'TestCloseEntityGroupHandler,\x00\x00\x00\x00,1714093695188.67ba860a18f2ab7468b761f7e4af0d7c.', STARTKEY => '\x00\x00\x00\x00', ENDKEY => '\x00\x00\x00\x01', ENCODED => 67ba860a18f2ab7468b761f7e4af0d7c,}, server: MockServer,123,-1
24/04/26 02:08:15 DEBUG handler.OpenEntityGroupHandler: Opened TestCloseEntityGroupHandler,\x00\x00\x00\x00,1714093695188.67ba860a18f2ab7468b761f7e4af0d7c. on server:MockServer,123,-1
24/04/26 02:08:15 DEBUG zookeeper.ZKUtil: MockServer,123,-1-0xff8f17f220c50000 Retrieved 118 byte(s) of data from znode /wasp/unassigned/67ba860a18f2ab7468b761f7e4af0d7c and set watcher; entityGroup=TestCloseEntityGroupHandler,\x00\x00\x00\x00,1714093695188.67ba860a18f2ab7468b761f7e4af0d7c., state=FSERVER_ZK_ENTITYGROUP_OPENED, servername=MockServer,123,-1, createTime=1714093695251, payload.length=0
24/04/26 02:08:15 DEBUG zookeeper.ZKAssign: MockServer,123,-1-0xff8f17f220c50000 Deleting existing unassigned node for 67ba860a18f2ab7468b761f7e4af0d7c that is in expected state FSERVER_ZK_ENTITYGROUP_OPENED
24/04/26 02:08:15 DEBUG zookeeper.ZKUtil: MockServer,123,-1-0xff8f17f220c50000 Retrieved 118 byte(s) of data from znode /wasp/unassigned/67ba860a18f2ab7468b761f7e4af0d7c; data=entityGroup=TestCloseEntityGroupHandler,\x00\x00\x00\x00,1714093695188.67ba860a18f2ab7468b761f7e4af0d7c., state=FSERVER_ZK_ENTITYGROUP_OPENED, servername=MockServer,123,-1, createTime=1714093695251, payload.length=0
24/04/26 02:08:15 DEBUG zookeeper.ZooKeeperWatcher: MockServer,123,-1-0xff8f17f220c50000 Received ZooKeeper Event, type=NodeDeleted, state=SyncConnected, path=/wasp/unassigned/67ba860a18f2ab7468b761f7e4af0d7c
24/04/26 02:08:15 DEBUG zookeeper.ZKAssign: MockServer,123,-1-0xff8f17f220c50000 Successfully deleted unassigned node for entityGroup 67ba860a18f2ab7468b761f7e4af0d7c in expected state FSERVER_ZK_ENTITYGROUP_OPENED
24/04/26 02:08:15 DEBUG zookeeper.ZKAssign: MockServer,123,-1-0xff8f17f220c50000 Creating unassigned node for 67ba860a18f2ab7468b761f7e4af0d7c in a CLOSING state
24/04/26 02:08:15 DEBUG handler.CloseEntityGroupHandler: Processing close of TestCloseEntityGroupHandler,\x00\x00\x00\x00,1714093695188.67ba860a18f2ab7468b761f7e4af0d7c.
24/04/26 02:08:15 DEBUG fserver.EntityGroup: Closing TestCloseEntityGroupHandler,\x00\x00\x00\x00,1714093695188.67ba860a18f2ab7468b761f7e4af0d7c.
24/04/26 02:08:15 DEBUG fserver.EntityGroup: Updates disabled for entityGroup TestCloseEntityGroupHandler,\x00\x00\x00\x00,1714093695188.67ba860a18f2ab7468b761f7e4af0d7c.
24/04/26 02:08:15 INFO fserver.EntityGroup: Running commit transaction of TestCloseEntityGroupHandler,\x00\x00\x00\x00,1714093695188.67ba860a18f2ab7468b761f7e4af0d7c. before close
24/04/26 02:08:15 INFO fserver.EntityGroup: Closed TestCloseEntityGroupHandler,\x00\x00\x00\x00,1714093695188.67ba860a18f2ab7468b761f7e4af0d7c.
24/04/26 02:08:15 DEBUG zookeeper.ZKAssign: MockServer,123,-1-0xff8f17f220c50000 Attempting to transition node 67ba860a18f2ab7468b761f7e4af0d7c from M_ZK_ENTITYGROUP_CLOSING to FSERVER_ZK_ENTITYGROUP_CLOSED
24/04/26 02:08:15 DEBUG zookeeper.ZKUtil: MockServer,123,-1-0xff8f17f220c50000 Retrieved 120 byte(s) of data from znode /wasp/unassigned/67ba860a18f2ab7468b761f7e4af0d7c; data=entityGroup=TestCloseEntityGroupHandler,\x00\x00\x00\x00,1714093695188.67ba860a18f2ab7468b761f7e4af0d7c., state=M_ZK_ENTITYGROUP_CLOSING, servername=MockServer,123,-1, createTime=1714093695257, payload.length=0
24/04/26 02:08:15 DEBUG zookeeper.ZooKeeperWatcher: MockServer,123,-1-0xff8f17f220c50000 Received ZooKeeper Event, type=NodeDataChanged, state=SyncConnected, path=/wasp/unassigned/67ba860a18f2ab7468b761f7e4af0d7c
24/04/26 02:08:15 DEBUG zookeeper.ZKAssign: MockServer,123,-1-0xff8f17f220c50000 Successfully transitioned node 67ba860a18f2ab7468b761f7e4af0d7c from M_ZK_ENTITYGROUP_CLOSING to FSERVER_ZK_ENTITYGROUP_CLOSED
24/04/26 02:08:15 DEBUG handler.CloseEntityGroupHandler: set entityGroup closed state in zk successfully for entityGroup TestCloseEntityGroupHandler,\x00\x00\x00\x00,1714093695188.67ba860a18f2ab7468b761f7e4af0d7c. sn name: MockServer,123,-1
24/04/26 02:08:15 DEBUG handler.CloseEntityGroupHandler: Closed entityGroup TestCloseEntityGroupHandler,\x00\x00\x00\x00,1714093695188.67ba860a18f2ab7468b761f7e4af0d7c.
24/04/26 02:08:15 DEBUG zookeeper.ZKUtil: MockServer,123,-1-0xff8f17f220c50000 Retrieved 118 byte(s) of data from znode /wasp/unassigned/67ba860a18f2ab7468b761f7e4af0d7c and set watcher; entityGroup=TestCloseEntityGroupHandler,\x00\x00\x00\x00,1714093695188.67ba860a18f2ab7468b761f7e4af0d7c., state=FSERVER_ZK_ENTITYGROUP_CLOSED, servername=MockServer,123,-1, createTime=1714093695265, payload.length=0
24/04/26 02:08:15 INFO fserver.EntityGroup: creating EntityGroup TestCloseEntityGroupHandler Table == CREATE TABLE TestCloseEntityGroupHandler { 
  REQUIRED INT32 column1 COLUMNFAMILY d;
  REQUIRED INT64 column2 COLUMNFAMILY d;
  REQUIRED STRING column3 COLUMNFAMILY d;
  OPTIONAL FLOAT column4 COLUMNFAMILY d;
  OPTIONAL DOUBLE column5 COLUMNFAMILY d;
  OPTIONAL DATETIME column6 COLUMNFAMILY d;
  REPEATED PROTOBUF column7 COLUMNFAMILY d;
  OPTIONAL STRING column8 COLUMNFAMILY d;
} 
PRIMARY KEY(column1),
ENTITY GROUP ROOT,
ENTITY GROUP KEY(column1);
 Table name == TestCloseEntityGroupHandler
24/04/26 02:08:15 DEBUG fserver.MetricsEntityGroupSourceImpl: Creating new MetricsEntityGroupSourceImpl for table TestCloseEntityGroupHandler b75b1d6a7d196b36ea73936ec3106447
24/04/26 02:08:15 DEBUG fserver.EntityGroup: Instantiated TestCloseEntityGroupHandler,,1714093695268.b75b1d6a7d196b36ea73936ec3106447.
24/04/26 02:08:15 ERROR server.NIOServerCnxnFactory: Thread Thread[Thread-150,5,main] died
java.lang.NullPointerException
	at com.alibaba.wasp.fserver.EntityGroup.run(EntityGroup.java:1264)
	at java.lang.Thread.run(Thread.java:750)
24/04/26 02:08:15 DEBUG fserver.EntityGroup: Closing TestCloseEntityGroupHandler,,1714093695268.b75b1d6a7d196b36ea73936ec3106447.
24/04/26 02:08:15 DEBUG fserver.EntityGroup: Updates disabled for entityGroup TestCloseEntityGroupHandler,,1714093695268.b75b1d6a7d196b36ea73936ec3106447.
24/04/26 02:08:15 INFO fserver.EntityGroup: Running commit transaction of TestCloseEntityGroupHandler,,1714093695268.b75b1d6a7d196b36ea73936ec3106447. before close
24/04/26 02:08:15 INFO fserver.EntityGroup: Closed TestCloseEntityGroupHandler,,1714093695268.b75b1d6a7d196b36ea73936ec3106447.
24/04/26 02:08:15 DEBUG handler.CloseEntityGroupHandler: Processing close of TestCloseEntityGroupHandler,,1714093695268.b75b1d6a7d196b36ea73936ec3106447.
24/04/26 02:08:15 FATAL util.MockServer: Abort why=Unrecoverable exception while closing entityGroup TestCloseEntityGroupHandler,,1714093695268.b75b1d6a7d196b36ea73936ec3106447., still finishing close
java.lang.RuntimeException: Mocked failed close!
	at com.alibaba.wasp.fserver.handler.CloseEntityGroupHandler.process(CloseEntityGroupHandler.java:103)
	at com.alibaba.wasp.fserver.handler.TestCloseEntityGroupHandler.testFailedCommitAborts(TestCloseEntityGroupHandler.java:122)
	at sun.reflect.NativeMethodAccessorImpl.invoke0(Native Method)
	at sun.reflect.NativeMethodAccessorImpl.invoke(NativeMethodAccessorImpl.java:62)
	at sun.reflect.DelegatingMethodAccessorImpl.invoke(DelegatingMethodAccessorImpl.java:43)
	at java.lang.reflect.Method.invoke(Method.java:498)
	at org.junit.runners.model.FrameworkMethod$1.runReflectiveCall(FrameworkMethod.java:45)
	at org.junit.internal.runners.model.ReflectiveCallable.run(ReflectiveCallable.java:15)
	at org.junit.runners.model.FrameworkMethod.invokeExplosively(FrameworkMethod.java:42)
	at org.junit.internal.runners.statements.InvokeMethod.evaluate(InvokeMethod.java:20)
	at org.junit.internal.runners.statements.RunBefores.evaluate(RunBefores.java:28)
	at org.junit.runners.ParentRunner.runLeaf(ParentRunner.java:263)
	at org.junit.runners.BlockJUnit4ClassRunner.runChild(BlockJUnit4ClassRunner.java:68)
	at org.junit.runners.BlockJUnit4ClassRunner.runChild(BlockJUnit4ClassRunner.java:47)
	at org.junit.runners.ParentRunner$3.run(ParentRunner.java:231)
	at org.junit.runners.ParentRunner$1.schedule(ParentRunner.java:60)
	at org.junit.runners.ParentRunner.runChildren(ParentRunner.java:229)
	at org.junit.runners.ParentRunner.access$000(ParentRunner.java:50)
	at org.junit.runners.ParentRunner$2.evaluate(ParentRunner.java:222)
	at org.junit.internal.runners.statements.RunBefores.evaluate(RunBefores.java:28)
	at org.junit.internal.runners.statements.RunAfters.evaluate(RunAfters.java:30)
	at org.junit.runners.ParentRunner.run(ParentRunner.java:300)
	at org.junit.runners.Suite.runChild(Suite.java:128)
	at org.junit.runners.Suite.runChild(Suite.java:24)
	at org.junit.runners.ParentRunner$3.run(ParentRunner.java:231)
	at org.junit.runners.ParentRunner$1.schedule(ParentRunner.java:60)
	at org.junit.runners.ParentRunner.runChildren(ParentRunner.java:229)
	at org.junit.runners.ParentRunner.access$000(ParentRunner.java:50)
	at org.junit.runners.ParentRunner$2.evaluate(ParentRunner.java:222)
	at org.junit.runners.ParentRunner.run(ParentRunner.java:300)
	at org.junit.runner.JUnitCore.run(JUnitCore.java:157)
	at org.junit.runner.JUnitCore.run(JUnitCore.java:136)
	at edu.illinois.cs.testrunner.execution.JUnitTestExecutor.execute(JUnitTestExecutor.java:259)
	at edu.illinois.cs.testrunner.execution.JUnitTestExecutor.executeWithJUnit4Runner(JUnitTestExecutor.java:327)
	at edu.illinois.cs.testrunner.execution.JUnitTestExecutor.runOrder(JUnitTestExecutor.java:49)
	at edu.illinois.cs.testrunner.execution.Executor$.$anonfun$run$1(Executor.scala:30)
	at scala.runtime.java8.JFunction0$mcV$sp.apply(JFunction0$mcV$sp.java:12)
	at scala.util.Try$.apply(Try.scala:209)
	at edu.illinois.cs.testrunner.execution.Executor$.run(Executor.scala:28)
	at edu.illinois.cs.testrunner.execution.Executor$.main(Executor.scala:18)
	at edu.illinois.cs.testrunner.execution.Executor.main(Executor.scala)
24/04/26 02:08:15 DEBUG util.MockServer: Stop why=Unrecoverable exception while closing entityGroup TestCloseEntityGroupHandler,,1714093695268.b75b1d6a7d196b36ea73936ec3106447., still finishing close
24/04/26 02:08:15 WARN fserver.EntityGroup: EntityGroup TestCloseEntityGroupHandler,,1714093695268.b75b1d6a7d196b36ea73936ec3106447. already closed
24/04/26 02:08:15 DEBUG zookeeper.ZKUtil: MockServer,123,-1 opening connection to ZooKeeper with ensemble (localhost:55635)
24/04/26 02:08:15 INFO zookeeper.RecoverableZooKeeper: The identifier of this process is 87442@Lenovo-Bot
24/04/26 02:08:15 INFO server.NIOServerCnxnFactory: Accepted socket connection from /127.0.0.1:59964
24/04/26 02:08:15 DEBUG zookeeper.ZooKeeperWatcher: MockServer,123,-1 Received ZooKeeper Event, type=None, state=SyncConnected, path=null
24/04/26 02:08:15 DEBUG zookeeper.ZooKeeperWatcher: MockServer,123,-1-0xff8f17f220c50001 connected
24/04/26 02:08:15 DEBUG zookeeper.ZKAssign: MockServer,123,-1-0xff8f17f220c50001 Creating unassigned node for e8e7e53bb3d2d30a6efa98e08b59ebf7 in OFFLINE state
24/04/26 02:08:15 DEBUG zookeeper.ZKAssign: MockServer,123,-1-0xff8f17f220c50001 Attempting to transition node e8e7e53bb3d2d30a6efa98e08b59ebf7 from M_ZK_ENTITYGROUP_OFFLINE to FSERVER_ZK_ENTITYGROUP_OPENING
24/04/26 02:08:15 DEBUG zookeeper.ZKUtil: MockServer,123,-1-0xff8f17f220c50001 Retrieved 118 byte(s) of data from znode /wasp/unassigned/e8e7e53bb3d2d30a6efa98e08b59ebf7; data=entityGroup=TestCloseEntityGroupHandler,\x00\x00\x00\x00,1714093695311.e8e7e53bb3d2d30a6efa98e08b59ebf7., state=M_ZK_ENTITYGROUP_OFFLINE, servername=MockServer,123,-1, createTime=1714093695318, payload.length=0
24/04/26 02:08:15 DEBUG zookeeper.ZooKeeperWatcher: MockServer,123,-1-0xff8f17f220c50001 Received ZooKeeper Event, type=NodeDataChanged, state=SyncConnected, path=/wasp/unassigned/e8e7e53bb3d2d30a6efa98e08b59ebf7
24/04/26 02:08:15 DEBUG zookeeper.ZKAssign: MockServer,123,-1-0xff8f17f220c50001 Successfully transitioned node e8e7e53bb3d2d30a6efa98e08b59ebf7 from M_ZK_ENTITYGROUP_OFFLINE to FSERVER_ZK_ENTITYGROUP_OPENING
24/04/26 02:08:15 INFO fserver.EntityGroup: EntityGroup.openEntityGroup EntityGroup name ==TestCloseEntityGroupHandler,\x00\x00\x00\x00,1714093695311.e8e7e53bb3d2d30a6efa98e08b59ebf7.
24/04/26 02:08:15 DEBUG fserver.EntityGroup: Opening EntityGroup: {NAME => 'TestCloseEntityGroupHandler,\x00\x00\x00\x00,1714093695311.e8e7e53bb3d2d30a6efa98e08b59ebf7.', STARTKEY => '\x00\x00\x00\x00', ENDKEY => '\x00\x00\x00\x01', ENCODED => e8e7e53bb3d2d30a6efa98e08b59ebf7,}
24/04/26 02:08:15 DEBUG fserver.MetricsEntityGroupSourceImpl: Creating new MetricsEntityGroupSourceImpl for table TestCloseEntityGroupHandler e8e7e53bb3d2d30a6efa98e08b59ebf7
24/04/26 02:08:15 DEBUG fserver.EntityGroup: Instantiated TestCloseEntityGroupHandler,\x00\x00\x00\x00,1714093695311.e8e7e53bb3d2d30a6efa98e08b59ebf7.
24/04/26 02:08:15 DEBUG zookeeper.ZKAssign: MockServer,123,-1-0xff8f17f220c50001 Attempting to transition node e8e7e53bb3d2d30a6efa98e08b59ebf7 from FSERVER_ZK_ENTITYGROUP_OPENING to FSERVER_ZK_ENTITYGROUP_OPENING
24/04/26 02:08:15 ERROR server.NIOServerCnxnFactory: Thread Thread[Thread-153,5,main] died
java.lang.NullPointerException
	at com.alibaba.wasp.fserver.EntityGroup.run(EntityGroup.java:1264)
	at java.lang.Thread.run(Thread.java:750)
24/04/26 02:08:15 DEBUG zookeeper.ZKUtil: MockServer,123,-1-0xff8f17f220c50001 Retrieved 118 byte(s) of data from znode /wasp/unassigned/e8e7e53bb3d2d30a6efa98e08b59ebf7; data=entityGroup=TestCloseEntityGroupHandler,\x00\x00\x00\x00,1714093695311.e8e7e53bb3d2d30a6efa98e08b59ebf7., state=FSERVER_ZK_ENTITYGROUP_OPENING, servername=MockServer,123,-1, createTime=1714093695321, payload.length=0
24/04/26 02:08:15 DEBUG zookeeper.ZKAssign: MockServer,123,-1-0xff8f17f220c50001 Successfully transitioned node e8e7e53bb3d2d30a6efa98e08b59ebf7 from FSERVER_ZK_ENTITYGROUP_OPENING to FSERVER_ZK_ENTITYGROUP_OPENING
24/04/26 02:08:15 DEBUG zookeeper.ZKAssign: MockServer,123,-1-0xff8f17f220c50001 Attempting to transition node e8e7e53bb3d2d30a6efa98e08b59ebf7 from FSERVER_ZK_ENTITYGROUP_OPENING to FSERVER_ZK_ENTITYGROUP_OPENED
24/04/26 02:08:15 DEBUG zookeeper.ZKUtil: MockServer,123,-1-0xff8f17f220c50001 Retrieved 118 byte(s) of data from znode /wasp/unassigned/e8e7e53bb3d2d30a6efa98e08b59ebf7; data=entityGroup=TestCloseEntityGroupHandler,\x00\x00\x00\x00,1714093695311.e8e7e53bb3d2d30a6efa98e08b59ebf7., state=FSERVER_ZK_ENTITYGROUP_OPENING, servername=MockServer,123,-1, createTime=1714093695324, payload.length=0
24/04/26 02:08:15 DEBUG zookeeper.ZKAssign: MockServer,123,-1-0xff8f17f220c50001 Successfully transitioned node e8e7e53bb3d2d30a6efa98e08b59ebf7 from FSERVER_ZK_ENTITYGROUP_OPENING to FSERVER_ZK_ENTITYGROUP_OPENED
24/04/26 02:08:15 DEBUG handler.OpenEntityGroupHandler: entityGroup transitioned to opened in zookeeper: {NAME => 'TestCloseEntityGroupHandler,\x00\x00\x00\x00,1714093695311.e8e7e53bb3d2d30a6efa98e08b59ebf7.', STARTKEY => '\x00\x00\x00\x00', ENDKEY => '\x00\x00\x00\x01', ENCODED => e8e7e53bb3d2d30a6efa98e08b59ebf7,}, server: MockServer,123,-1
24/04/26 02:08:15 DEBUG handler.OpenEntityGroupHandler: Opened TestCloseEntityGroupHandler,\x00\x00\x00\x00,1714093695311.e8e7e53bb3d2d30a6efa98e08b59ebf7. on server:MockServer,123,-1
24/04/26 02:08:15 DEBUG zookeeper.ZKUtil: MockServer,123,-1-0xff8f17f220c50001 Retrieved 118 byte(s) of data from znode /wasp/unassigned/e8e7e53bb3d2d30a6efa98e08b59ebf7 and set watcher; entityGroup=TestCloseEntityGroupHandler,\x00\x00\x00\x00,1714093695311.e8e7e53bb3d2d30a6efa98e08b59ebf7., state=FSERVER_ZK_ENTITYGROUP_OPENED, servername=MockServer,123,-1, createTime=1714093695327, payload.length=0
24/04/26 02:08:15 DEBUG zookeeper.ZKAssign: MockServer,123,-1-0xff8f17f220c50001 Deleting existing unassigned node for e8e7e53bb3d2d30a6efa98e08b59ebf7 that is in expected state FSERVER_ZK_ENTITYGROUP_OPENED
24/04/26 02:08:15 DEBUG zookeeper.ZKUtil: MockServer,123,-1-0xff8f17f220c50001 Retrieved 118 byte(s) of data from znode /wasp/unassigned/e8e7e53bb3d2d30a6efa98e08b59ebf7; data=entityGroup=TestCloseEntityGroupHandler,\x00\x00\x00\x00,1714093695311.e8e7e53bb3d2d30a6efa98e08b59ebf7., state=FSERVER_ZK_ENTITYGROUP_OPENED, servername=MockServer,123,-1, createTime=1714093695327, payload.length=0
24/04/26 02:08:15 DEBUG zookeeper.ZooKeeperWatcher: MockServer,123,-1-0xff8f17f220c50001 Received ZooKeeper Event, type=NodeDeleted, state=SyncConnected, path=/wasp/unassigned/e8e7e53bb3d2d30a6efa98e08b59ebf7
24/04/26 02:08:15 DEBUG zookeeper.ZKAssign: MockServer,123,-1-0xff8f17f220c50001 Successfully deleted unassigned node for entityGroup e8e7e53bb3d2d30a6efa98e08b59ebf7 in expected state FSERVER_ZK_ENTITYGROUP_OPENED
24/04/26 02:08:15 DEBUG zookeeper.ZKAssign: MockServer,123,-1-0xff8f17f220c50001 Creating unassigned node for e8e7e53bb3d2d30a6efa98e08b59ebf7 in a CLOSING state
24/04/26 02:08:15 DEBUG handler.CloseEntityGroupHandler: Processing close of TestCloseEntityGroupHandler,\x00\x00\x00\x00,1714093695311.e8e7e53bb3d2d30a6efa98e08b59ebf7.
24/04/26 02:08:15 DEBUG fserver.EntityGroup: Closing TestCloseEntityGroupHandler,\x00\x00\x00\x00,1714093695311.e8e7e53bb3d2d30a6efa98e08b59ebf7.
24/04/26 02:08:15 DEBUG fserver.EntityGroup: Updates disabled for entityGroup TestCloseEntityGroupHandler,\x00\x00\x00\x00,1714093695311.e8e7e53bb3d2d30a6efa98e08b59ebf7.
24/04/26 02:08:15 INFO fserver.EntityGroup: Running commit transaction of TestCloseEntityGroupHandler,\x00\x00\x00\x00,1714093695311.e8e7e53bb3d2d30a6efa98e08b59ebf7. before close
24/04/26 02:08:15 INFO fserver.EntityGroup: Closed TestCloseEntityGroupHandler,\x00\x00\x00\x00,1714093695311.e8e7e53bb3d2d30a6efa98e08b59ebf7.
24/04/26 02:08:15 DEBUG zookeeper.ZKAssign: MockServer,123,-1-0xff8f17f220c50001 Attempting to transition node e8e7e53bb3d2d30a6efa98e08b59ebf7 from M_ZK_ENTITYGROUP_CLOSING to FSERVER_ZK_ENTITYGROUP_CLOSED
24/04/26 02:08:15 DEBUG zookeeper.ZKUtil: MockServer,123,-1-0xff8f17f220c50001 Retrieved 120 byte(s) of data from znode /wasp/unassigned/e8e7e53bb3d2d30a6efa98e08b59ebf7; data=entityGroup=TestCloseEntityGroupHandler,\x00\x00\x00\x00,1714093695311.e8e7e53bb3d2d30a6efa98e08b59ebf7., state=M_ZK_ENTITYGROUP_CLOSING, servername=MockServer,123,-1, createTime=1714093695332, payload.length=0
24/04/26 02:08:15 WARN zookeeper.ZKAssign: MockServer,123,-1-0xff8f17f220c50001 Attempt to transition the unassigned node for e8e7e53bb3d2d30a6efa98e08b59ebf7 from M_ZK_ENTITYGROUP_CLOSING to FSERVER_ZK_ENTITYGROUP_CLOSED failed, the node existed but was version 0 not the expected version 1
24/04/26 02:08:15 WARN handler.CloseEntityGroupHandler: Completed the CLOSE of a entityGroup but when transitioning from  CLOSING to CLOSED got a version mismatch, someone else clashed so now unassigning
24/04/26 02:08:15 WARN fserver.EntityGroup: EntityGroup TestCloseEntityGroupHandler,\x00\x00\x00\x00,1714093695311.e8e7e53bb3d2d30a6efa98e08b59ebf7. already closed
24/04/26 02:08:15 DEBUG handler.CloseEntityGroupHandler: set entityGroup closed state in zk unsuccessfully for entityGroup TestCloseEntityGroupHandler,\x00\x00\x00\x00,1714093695311.e8e7e53bb3d2d30a6efa98e08b59ebf7. sn name: MockServer,123,-1
24/04/26 02:08:15 DEBUG handler.CloseEntityGroupHandler: Closed entityGroup TestCloseEntityGroupHandler,\x00\x00\x00\x00,1714093695311.e8e7e53bb3d2d30a6efa98e08b59ebf7.
24/04/26 02:08:15 DEBUG zookeeper.ZKUtil: MockServer,123,-1-0xff8f17f220c50001 Retrieved 120 byte(s) of data from znode /wasp/unassigned/e8e7e53bb3d2d30a6efa98e08b59ebf7 and set watcher; entityGroup=TestCloseEntityGroupHandler,\x00\x00\x00\x00,1714093695311.e8e7e53bb3d2d30a6efa98e08b59ebf7., state=M_ZK_ENTITYGROUP_CLOSING, servername=MockServer,123,-1, createTime=1714093695332, payload.length=0
24/04/26 02:08:15 INFO server.NIOServerCnxnFactory: NIOServerCnxn factory exited run method
24/04/26 02:08:15 INFO server.SessionTrackerImpl: Shutting down
24/04/26 02:08:15 INFO server.SyncRequestProcessor: Shutting down
24/04/26 02:08:15 INFO server.SyncRequestProcessor: SyncRequestProcessor exited!
24/04/26 02:08:15 INFO server.FinalRequestProcessor: shutdown of request processor complete
24/04/26 02:08:15 INFO server.NIOServerCnxnFactory: binding to port 0.0.0.0/0.0.0.0:58237
24/04/26 02:08:15 INFO persistence.FileTxnSnapLog: Snapshotting: 0x0 to /home/alex/Repositories/wasp/target/test-data/1323b8c8-6370-43b2-8568-35129e6250ff/dfscluster_26672504-2dd4-433f-8f67-ad89aba71003/zookeeper_0/version-2/snapshot.0
24/04/26 02:08:15 INFO server.NIOServerCnxnFactory: Accepted socket connection from /127.0.0.1:34556
24/04/26 02:08:15 DEBUG zookeeper.ZKUtil: MockServer,123,-1 opening connection to ZooKeeper with ensemble (localhost:58237)
24/04/26 02:08:15 INFO zookeeper.RecoverableZooKeeper: The identifier of this process is 87442@Lenovo-Bot
24/04/26 02:08:15 INFO server.NIOServerCnxnFactory: Accepted socket connection from /127.0.0.1:34560
24/04/26 02:08:15 INFO persistence.FileTxnLog: Creating new log file: log.1
24/04/26 02:08:15 DEBUG zookeeper.ZooKeeperWatcher: MockServer,123,-1 Received ZooKeeper Event, type=None, state=SyncConnected, path=null
24/04/26 02:08:15 DEBUG zookeeper.ZooKeeperWatcher: MockServer,123,-1-0xff8f17f221750000 connected
24/04/26 02:08:15 DEBUG zookeeper.ZKAssign: MockServer,123,-1-0xff8f17f221750000 Creating unassigned node for 9c8555e5aeac285aceb95ad161626307 in OFFLINE state
24/04/26 02:08:15 DEBUG zookeeper.ZKAssign: MockServer,123,-1-0xff8f17f221750000 Attempting to transition node 9c8555e5aeac285aceb95ad161626307 from M_ZK_ENTITYGROUP_OFFLINE to FSERVER_ZK_ENTITYGROUP_OPENING
24/04/26 02:08:15 DEBUG zookeeper.ZKUtil: MockServer,123,-1-0xff8f17f221750000 Retrieved 117 byte(s) of data from znode /wasp/unassigned/9c8555e5aeac285aceb95ad161626307; data=entityGroup=TestOpenEntityGroupHandler,\x00\x00\x00\x00,1714093695352.9c8555e5aeac285aceb95ad161626307., state=M_ZK_ENTITYGROUP_OFFLINE, servername=MockServer,123,-1, createTime=1714093695368, payload.length=0
24/04/26 02:08:15 DEBUG zookeeper.ZooKeeperWatcher: MockServer,123,-1-0xff8f17f221750000 Received ZooKeeper Event, type=NodeDataChanged, state=SyncConnected, path=/wasp/unassigned/9c8555e5aeac285aceb95ad161626307
24/04/26 02:08:15 DEBUG zookeeper.ZKAssign: MockServer,123,-1-0xff8f17f221750000 Successfully transitioned node 9c8555e5aeac285aceb95ad161626307 from M_ZK_ENTITYGROUP_OFFLINE to FSERVER_ZK_ENTITYGROUP_OPENING
24/04/26 02:08:15 INFO handler.OpenEntityGroupHandler: Opening of entityGroup {NAME => 'TestOpenEntityGroupHandler,\x00\x00\x00\x00,1714093695352.9c8555e5aeac285aceb95ad161626307.', STARTKEY => '\x00\x00\x00\x00', ENDKEY => '\x00\x00\x00\x01', ENCODED => 9c8555e5aeac285aceb95ad161626307,} failed, marking as FAILED_OPEN in ZK
24/04/26 02:08:15 DEBUG zookeeper.ZKAssign: MockServer,123,-1-0xff8f17f221750000 Attempting to transition node 9c8555e5aeac285aceb95ad161626307 from FSERVER_ZK_ENTITYGROUP_OPENING to FSERVER_ZK_ENTITYGROUP_FAILED_OPEN
24/04/26 02:08:15 DEBUG zookeeper.ZKUtil: MockServer,123,-1-0xff8f17f221750000 Retrieved 117 byte(s) of data from znode /wasp/unassigned/9c8555e5aeac285aceb95ad161626307; data=entityGroup=TestOpenEntityGroupHandler,\x00\x00\x00\x00,1714093695352.9c8555e5aeac285aceb95ad161626307., state=FSERVER_ZK_ENTITYGROUP_OPENING, servername=MockServer,123,-1, createTime=1714093695371, payload.length=0
24/04/26 02:08:15 DEBUG zookeeper.ZKAssign: MockServer,123,-1-0xff8f17f221750000 Successfully transitioned node 9c8555e5aeac285aceb95ad161626307 from FSERVER_ZK_ENTITYGROUP_OPENING to FSERVER_ZK_ENTITYGROUP_FAILED_OPEN
24/04/26 02:08:15 DEBUG zookeeper.ZKUtil: MockServer,123,-1-0xff8f17f221750000 Retrieved 117 byte(s) of data from znode /wasp/unassigned/9c8555e5aeac285aceb95ad161626307 and set watcher; entityGroup=TestOpenEntityGroupHandler,\x00\x00\x00\x00,1714093695352.9c8555e5aeac285aceb95ad161626307., state=FSERVER_ZK_ENTITYGROUP_FAILED_OPEN, servername=MockServer,123,-1, createTime=1714093695373, payload.length=0
24/04/26 02:08:15 DEBUG zookeeper.ZKUtil: MockServer,123,-1 opening connection to ZooKeeper with ensemble (localhost:58237)
24/04/26 02:08:15 INFO zookeeper.RecoverableZooKeeper: The identifier of this process is 87442@Lenovo-Bot
24/04/26 02:08:15 INFO server.NIOServerCnxnFactory: Accepted socket connection from /127.0.0.1:34568
24/04/26 02:08:15 DEBUG zookeeper.ZooKeeperWatcher: MockServer,123,-1 Received ZooKeeper Event, type=None, state=SyncConnected, path=null
24/04/26 02:08:15 DEBUG zookeeper.ZooKeeperWatcher: MockServer,123,-1-0xff8f17f221750001 connected
24/04/26 02:08:15 DEBUG zookeeper.ZKAssign: MockServer,123,-1-0xff8f17f221750001 Creating unassigned node for 4bdbfec894c19b83580d6507ec4623eb in OFFLINE state
24/04/26 02:08:15 DEBUG zookeeper.ZKAssign: MockServer,123,-1-0xff8f17f221750001 Attempting to transition node 4bdbfec894c19b83580d6507ec4623eb from M_ZK_ENTITYGROUP_OFFLINE to FSERVER_ZK_ENTITYGROUP_OPENING
24/04/26 02:08:15 DEBUG zookeeper.ZKUtil: MockServer,123,-1-0xff8f17f221750001 Retrieved 117 byte(s) of data from znode /wasp/unassigned/4bdbfec894c19b83580d6507ec4623eb; data=entityGroup=TestOpenEntityGroupHandler,\x00\x00\x00\x00,1714093695376.4bdbfec894c19b83580d6507ec4623eb., state=M_ZK_ENTITYGROUP_OFFLINE, servername=MockServer,123,-1, createTime=1714093695381, payload.length=0
24/04/26 02:08:15 DEBUG zookeeper.ZooKeeperWatcher: MockServer,123,-1-0xff8f17f221750001 Received ZooKeeper Event, type=NodeDataChanged, state=SyncConnected, path=/wasp/unassigned/4bdbfec894c19b83580d6507ec4623eb
24/04/26 02:08:15 DEBUG zookeeper.ZKAssign: MockServer,123,-1-0xff8f17f221750001 Successfully transitioned node 4bdbfec894c19b83580d6507ec4623eb from M_ZK_ENTITYGROUP_OFFLINE to FSERVER_ZK_ENTITYGROUP_OPENING
24/04/26 02:08:15 INFO fserver.EntityGroup: EntityGroup.openEntityGroup EntityGroup name ==TestOpenEntityGroupHandler,\x00\x00\x00\x00,1714093695376.4bdbfec894c19b83580d6507ec4623eb.
24/04/26 02:08:15 DEBUG fserver.EntityGroup: Opening EntityGroup: {NAME => 'TestOpenEntityGroupHandler,\x00\x00\x00\x00,1714093695376.4bdbfec894c19b83580d6507ec4623eb.', STARTKEY => '\x00\x00\x00\x00', ENDKEY => '\x00\x00\x00\x01', ENCODED => 4bdbfec894c19b83580d6507ec4623eb,}
24/04/26 02:08:15 DEBUG fserver.MetricsEntityGroupSourceImpl: Creating new MetricsEntityGroupSourceImpl for table TestOpenEntityGroupHandler 4bdbfec894c19b83580d6507ec4623eb
24/04/26 02:08:15 DEBUG fserver.EntityGroup: Instantiated TestOpenEntityGroupHandler,\x00\x00\x00\x00,1714093695376.4bdbfec894c19b83580d6507ec4623eb.
24/04/26 02:08:15 DEBUG zookeeper.ZKAssign: MockServer,123,-1-0xff8f17f221750001 Attempting to transition node 4bdbfec894c19b83580d6507ec4623eb from FSERVER_ZK_ENTITYGROUP_OPENING to FSERVER_ZK_ENTITYGROUP_OPENING
24/04/26 02:08:15 ERROR server.NIOServerCnxnFactory: Thread Thread[Thread-157,5,main] died
java.lang.NullPointerException
	at com.alibaba.wasp.fserver.EntityGroup.run(EntityGroup.java:1264)
	at java.lang.Thread.run(Thread.java:750)
24/04/26 02:08:15 DEBUG zookeeper.ZKUtil: MockServer,123,-1-0xff8f17f221750001 Retrieved 117 byte(s) of data from znode /wasp/unassigned/4bdbfec894c19b83580d6507ec4623eb; data=entityGroup=TestOpenEntityGroupHandler,\x00\x00\x00\x00,1714093695376.4bdbfec894c19b83580d6507ec4623eb., state=FSERVER_ZK_ENTITYGROUP_OPENING, servername=MockServer,123,-1, createTime=1714093695384, payload.length=0
24/04/26 02:08:15 DEBUG zookeeper.ZKAssign: MockServer,123,-1-0xff8f17f221750001 Successfully transitioned node 4bdbfec894c19b83580d6507ec4623eb from FSERVER_ZK_ENTITYGROUP_OPENING to FSERVER_ZK_ENTITYGROUP_OPENING
24/04/26 02:08:15 DEBUG fserver.EntityGroup: Closing TestOpenEntityGroupHandler,\x00\x00\x00\x00,1714093695376.4bdbfec894c19b83580d6507ec4623eb.
24/04/26 02:08:15 DEBUG fserver.EntityGroup: Updates disabled for entityGroup TestOpenEntityGroupHandler,\x00\x00\x00\x00,1714093695376.4bdbfec894c19b83580d6507ec4623eb.
24/04/26 02:08:15 INFO fserver.EntityGroup: Running commit transaction of TestOpenEntityGroupHandler,\x00\x00\x00\x00,1714093695376.4bdbfec894c19b83580d6507ec4623eb. before close
24/04/26 02:08:15 INFO fserver.EntityGroup: Closed TestOpenEntityGroupHandler,\x00\x00\x00\x00,1714093695376.4bdbfec894c19b83580d6507ec4623eb.
24/04/26 02:08:15 INFO handler.OpenEntityGroupHandler: Opening of entityGroup {NAME => 'TestOpenEntityGroupHandler,\x00\x00\x00\x00,1714093695376.4bdbfec894c19b83580d6507ec4623eb.', STARTKEY => '\x00\x00\x00\x00', ENDKEY => '\x00\x00\x00\x01', ENCODED => 4bdbfec894c19b83580d6507ec4623eb,} failed, marking as FAILED_OPEN in ZK
24/04/26 02:08:15 DEBUG zookeeper.ZKAssign: MockServer,123,-1-0xff8f17f221750001 Attempting to transition node 4bdbfec894c19b83580d6507ec4623eb from FSERVER_ZK_ENTITYGROUP_OPENING to FSERVER_ZK_ENTITYGROUP_FAILED_OPEN
24/04/26 02:08:15 DEBUG zookeeper.ZKUtil: MockServer,123,-1-0xff8f17f221750001 Retrieved 117 byte(s) of data from znode /wasp/unassigned/4bdbfec894c19b83580d6507ec4623eb; data=entityGroup=TestOpenEntityGroupHandler,\x00\x00\x00\x00,1714093695376.4bdbfec894c19b83580d6507ec4623eb., state=FSERVER_ZK_ENTITYGROUP_OPENING, servername=MockServer,123,-1, createTime=1714093695387, payload.length=0
24/04/26 02:08:15 DEBUG zookeeper.ZKAssign: MockServer,123,-1-0xff8f17f221750001 Successfully transitioned node 4bdbfec894c19b83580d6507ec4623eb from FSERVER_ZK_ENTITYGROUP_OPENING to FSERVER_ZK_ENTITYGROUP_FAILED_OPEN
24/04/26 02:08:15 DEBUG zookeeper.ZKUtil: MockServer,123,-1-0xff8f17f221750001 Retrieved 117 byte(s) of data from znode /wasp/unassigned/4bdbfec894c19b83580d6507ec4623eb and set watcher; entityGroup=TestOpenEntityGroupHandler,\x00\x00\x00\x00,1714093695376.4bdbfec894c19b83580d6507ec4623eb., state=FSERVER_ZK_ENTITYGROUP_FAILED_OPEN, servername=MockServer,123,-1, createTime=1714093695390, payload.length=0
24/04/26 02:08:15 DEBUG zookeeper.ZKUtil: MockServer,123,-1 opening connection to ZooKeeper with ensemble (localhost:58237)
24/04/26 02:08:15 INFO zookeeper.RecoverableZooKeeper: The identifier of this process is 87442@Lenovo-Bot
24/04/26 02:08:15 INFO server.NIOServerCnxnFactory: Accepted socket connection from /127.0.0.1:34576
24/04/26 02:08:15 DEBUG zookeeper.ZooKeeperWatcher: MockServer,123,-1 Received ZooKeeper Event, type=None, state=SyncConnected, path=null
24/04/26 02:08:15 DEBUG zookeeper.ZooKeeperWatcher: MockServer,123,-1-0xff8f17f221750002 connected
24/04/26 02:08:15 INFO fserver.EntityGroup: creating EntityGroup TestOpenEntityGroupHandler Table == CREATE TABLE TestOpenEntityGroupHandler { 
  REQUIRED INT32 column1 COLUMNFAMILY d;
  REQUIRED INT64 column2 COLUMNFAMILY d;
  REQUIRED STRING column3 COLUMNFAMILY d;
  OPTIONAL FLOAT column4 COLUMNFAMILY d;
  OPTIONAL DOUBLE column5 COLUMNFAMILY d;
  OPTIONAL DATETIME column6 COLUMNFAMILY d;
  REPEATED PROTOBUF column7 COLUMNFAMILY d;
  OPTIONAL STRING column8 COLUMNFAMILY d;
} 
PRIMARY KEY(column1),
ENTITY GROUP ROOT,
ENTITY GROUP KEY(column1);
 Table name == TestOpenEntityGroupHandler
24/04/26 02:08:15 DEBUG fserver.MetricsEntityGroupSourceImpl: Creating new MetricsEntityGroupSourceImpl for table TestOpenEntityGroupHandler 0bb417278eb2e99d959e639f3adc5a37
24/04/26 02:08:15 DEBUG fserver.EntityGroup: Instantiated TestOpenEntityGroupHandler,\x00\x00\x00\x00,1714093695392.0bb417278eb2e99d959e639f3adc5a37.
24/04/26 02:08:15 ERROR server.NIOServerCnxnFactory: Thread Thread[Thread-160,5,main] died
java.lang.NullPointerException
	at com.alibaba.wasp.fserver.EntityGroup.run(EntityGroup.java:1264)
	at java.lang.Thread.run(Thread.java:750)
24/04/26 02:08:15 DEBUG zookeeper.ZKAssign: MockServer,123,-1-0xff8f17f221750002 Attempting to transition node 0bb417278eb2e99d959e639f3adc5a37 from M_ZK_ENTITYGROUP_OFFLINE to FSERVER_ZK_ENTITYGROUP_OPENING
24/04/26 02:08:15 DEBUG zookeeper.ZKUtil: MockServer,123,-1-0xff8f17f221750002 Unable to get data of znode /wasp/unassigned/0bb417278eb2e99d959e639f3adc5a37 because node does not exist (not necessarily an error)
24/04/26 02:08:15 WARN handler.OpenEntityGroupHandler: Failed transition from OFFLINE to OPENING for entityGroup=0bb417278eb2e99d959e639f3adc5a37
24/04/26 02:08:15 WARN handler.OpenEntityGroupHandler: EntityGroup was hijacked? It no longer exists, encodedName=0bb417278eb2e99d959e639f3adc5a37
24/04/26 02:08:15 DEBUG zookeeper.ZKAssign: MockServer,123,-1-0xff8f17f221750002 Creating unassigned node for 0bb417278eb2e99d959e639f3adc5a37 in OFFLINE state
24/04/26 02:08:15 DEBUG zookeeper.ZKAssign: MockServer,123,-1-0xff8f17f221750002 Attempting to transition node 0bb417278eb2e99d959e639f3adc5a37 from M_ZK_ENTITYGROUP_OFFLINE to FSERVER_ZK_ENTITYGROUP_OPENING
24/04/26 02:08:15 DEBUG zookeeper.ZKUtil: MockServer,123,-1-0xff8f17f221750002 Retrieved 117 byte(s) of data from znode /wasp/unassigned/0bb417278eb2e99d959e639f3adc5a37; data=entityGroup=TestOpenEntityGroupHandler,\x00\x00\x00\x00,1714093695392.0bb417278eb2e99d959e639f3adc5a37., state=M_ZK_ENTITYGROUP_OFFLINE, servername=MockServer,123,-1, createTime=1714093695400, payload.length=0
24/04/26 02:08:15 DEBUG zookeeper.ZKAssign: MockServer,123,-1-0xff8f17f221750002 Successfully transitioned node 0bb417278eb2e99d959e639f3adc5a37 from M_ZK_ENTITYGROUP_OFFLINE to FSERVER_ZK_ENTITYGROUP_OPENING
24/04/26 02:08:15 DEBUG zookeeper.ZooKeeperWatcher: MockServer,123,-1-0xff8f17f221750002 Received ZooKeeper Event, type=NodeDataChanged, state=SyncConnected, path=/wasp/unassigned/0bb417278eb2e99d959e639f3adc5a37
24/04/26 02:08:15 INFO fserver.EntityGroup: EntityGroup.openEntityGroup EntityGroup name ==TestOpenEntityGroupHandler,\x00\x00\x00\x00,1714093695392.0bb417278eb2e99d959e639f3adc5a37.
24/04/26 02:08:15 DEBUG fserver.EntityGroup: Opening EntityGroup: {NAME => 'TestOpenEntityGroupHandler,\x00\x00\x00\x00,1714093695392.0bb417278eb2e99d959e639f3adc5a37.', STARTKEY => '\x00\x00\x00\x00', ENDKEY => '\x00\x00\x00\x01', ENCODED => 0bb417278eb2e99d959e639f3adc5a37,}
24/04/26 02:08:15 DEBUG fserver.MetricsEntityGroupSourceImpl: Creating new MetricsEntityGroupSourceImpl for table TestOpenEntityGroupHandler 0bb417278eb2e99d959e639f3adc5a37
24/04/26 02:08:15 DEBUG fserver.EntityGroup: Instantiated TestOpenEntityGroupHandler,\x00\x00\x00\x00,1714093695392.0bb417278eb2e99d959e639f3adc5a37.
24/04/26 02:08:15 ERROR server.NIOServerCnxnFactory: Thread Thread[Thread-163,5,main] died
java.lang.NullPointerException
	at com.alibaba.wasp.fserver.EntityGroup.run(EntityGroup.java:1264)
	at java.lang.Thread.run(Thread.java:750)
24/04/26 02:08:15 DEBUG zookeeper.ZKAssign: MockServer,123,-1-0xff8f17f221750002 Attempting to transition node 0bb417278eb2e99d959e639f3adc5a37 from FSERVER_ZK_ENTITYGROUP_OPENING to FSERVER_ZK_ENTITYGROUP_OPENING
24/04/26 02:08:15 DEBUG zookeeper.ZKUtil: MockServer,123,-1-0xff8f17f221750002 Unable to get data of znode /wasp/unassigned/0bb417278eb2e99d959e639f3adc5a37 because node does not exist (not necessarily an error)
24/04/26 02:08:15 WARN handler.OpenEntityGroupHandler: Failed refreshing OPENING; entityGroup=0bb417278eb2e99d959e639f3adc5a37, context=post_entitygroup_open
24/04/26 02:08:15 DEBUG fserver.EntityGroup: Closing TestOpenEntityGroupHandler,\x00\x00\x00\x00,1714093695392.0bb417278eb2e99d959e639f3adc5a37.
24/04/26 02:08:15 DEBUG fserver.EntityGroup: Updates disabled for entityGroup TestOpenEntityGroupHandler,\x00\x00\x00\x00,1714093695392.0bb417278eb2e99d959e639f3adc5a37.
24/04/26 02:08:15 INFO fserver.EntityGroup: Running commit transaction of TestOpenEntityGroupHandler,\x00\x00\x00\x00,1714093695392.0bb417278eb2e99d959e639f3adc5a37. before close
24/04/26 02:08:15 INFO fserver.EntityGroup: Closed TestOpenEntityGroupHandler,\x00\x00\x00\x00,1714093695392.0bb417278eb2e99d959e639f3adc5a37.
24/04/26 02:08:15 INFO handler.OpenEntityGroupHandler: Opening of entityGroup {NAME => 'TestOpenEntityGroupHandler,\x00\x00\x00\x00,1714093695392.0bb417278eb2e99d959e639f3adc5a37.', STARTKEY => '\x00\x00\x00\x00', ENDKEY => '\x00\x00\x00\x01', ENCODED => 0bb417278eb2e99d959e639f3adc5a37,} failed, marking as FAILED_OPEN in ZK
24/04/26 02:08:15 DEBUG zookeeper.ZKAssign: MockServer,123,-1-0xff8f17f221750002 Attempting to transition node 0bb417278eb2e99d959e639f3adc5a37 from FSERVER_ZK_ENTITYGROUP_OPENING to FSERVER_ZK_ENTITYGROUP_FAILED_OPEN
24/04/26 02:08:15 DEBUG zookeeper.ZKUtil: MockServer,123,-1-0xff8f17f221750002 Unable to get data of znode /wasp/unassigned/0bb417278eb2e99d959e639f3adc5a37 because node does not exist (not necessarily an error)
24/04/26 02:08:15 WARN handler.OpenEntityGroupHandler: Unable to mark entityGroup {NAME => 'TestOpenEntityGroupHandler,\x00\x00\x00\x00,1714093695392.0bb417278eb2e99d959e639f3adc5a37.', STARTKEY => '\x00\x00\x00\x00', ENDKEY => '\x00\x00\x00\x01', ENCODED => 0bb417278eb2e99d959e639f3adc5a37,} as FAILED_OPEN. It's likely that the master already timed out this open attempt, and thus another RS already has the entityGroup.
24/04/26 02:08:15 DEBUG fserver.EntityGroup: Closing TestOpenEntityGroupHandler,\x00\x00\x00\x00,1714093695392.0bb417278eb2e99d959e639f3adc5a37.
24/04/26 02:08:15 DEBUG fserver.EntityGroup: Updates disabled for entityGroup TestOpenEntityGroupHandler,\x00\x00\x00\x00,1714093695392.0bb417278eb2e99d959e639f3adc5a37.
24/04/26 02:08:15 INFO fserver.EntityGroup: Running commit transaction of TestOpenEntityGroupHandler,\x00\x00\x00\x00,1714093695392.0bb417278eb2e99d959e639f3adc5a37. before close
24/04/26 02:08:15 INFO fserver.EntityGroup: Closed TestOpenEntityGroupHandler,\x00\x00\x00\x00,1714093695392.0bb417278eb2e99d959e639f3adc5a37.
24/04/26 02:08:15 INFO server.NIOServerCnxnFactory: NIOServerCnxn factory exited run method
24/04/26 02:08:15 INFO server.SessionTrackerImpl: Shutting down
24/04/26 02:08:15 INFO server.SyncRequestProcessor: Shutting down
24/04/26 02:08:15 INFO server.SyncRequestProcessor: SyncRequestProcessor exited!
24/04/26 02:08:15 INFO server.FinalRequestProcessor: shutdown of request processor complete
24/04/26 02:08:15 DEBUG fserver.MetricsEntityGroupSourceImpl: Creating new MetricsEntityGroupSourceImpl for table MetricsEntityGroupWrapperStub DEADBEEF001
24/04/26 02:08:15 DEBUG fserver.MetricsEntityGroupSourceImpl: Creating new MetricsEntityGroupSourceImpl for table null TEST
24/04/26 02:08:15 DEBUG fserver.MetricsEntityGroupSourceImpl: Creating new MetricsEntityGroupSourceImpl for table null TEST
24/04/26 02:08:15 DEBUG fserver.MetricsEntityGroupSourceImpl: Creating new MetricsEntityGroupSourceImpl for table null TWO
24/04/26 02:08:15 INFO wasp.WaspTestingUtility: Starting up minicluster with 1 master(s) and 3 fserver(s) 
24/04/26 02:08:15 DEBUG zookeeper.ZooKeeperWatcher: MockServer,123,-1-0xff8f17f220c50000 Received ZooKeeper Event, type=None, state=Disconnected, path=null
24/04/26 02:08:15 DEBUG zookeeper.ZooKeeperWatcher: MockServer,123,-1-0xff8f17f220c50001 Received ZooKeeper Event, type=None, state=Disconnected, path=null
24/04/26 02:08:15 DEBUG zookeeper.ZooKeeperWatcher: MockServer,123,-1-0xff8f17f220c50001 Received Disconnected from ZooKeeper, ignoring
24/04/26 02:08:15 DEBUG zookeeper.ZooKeeperWatcher: MockServer,123,-1-0xff8f17f220c50000 Received Disconnected from ZooKeeper, ignoring
24/04/26 02:08:15 DEBUG zookeeper.ZooKeeperWatcher: MockServer,123,-1-0xff8f17f221750001 Received ZooKeeper Event, type=None, state=Disconnected, path=null
24/04/26 02:08:15 DEBUG zookeeper.ZooKeeperWatcher: MockServer,123,-1-0xff8f17f221750001 Received Disconnected from ZooKeeper, ignoring
24/04/26 02:08:15 DEBUG zookeeper.ZooKeeperWatcher: MockServer,123,-1-0xff8f17f221750002 Received ZooKeeper Event, type=None, state=Disconnected, path=null
24/04/26 02:08:15 DEBUG zookeeper.ZooKeeperWatcher: MockServer,123,-1-0xff8f17f221750002 Received Disconnected from ZooKeeper, ignoring
24/04/26 02:08:15 DEBUG zookeeper.ZooKeeperWatcher: MockServer,123,-1-0xff8f17f221750000 Received ZooKeeper Event, type=None, state=Disconnected, path=null
24/04/26 02:08:15 DEBUG zookeeper.ZooKeeperWatcher: MockServer,123,-1-0xff8f17f221750000 Received Disconnected from ZooKeeper, ignoring
Starting DataNode 0 with dfs.data.dir: /home/alex/Repositories/wasp/target/test-data/a6b57b20-6c81-4820-99fa-62101c6642c9/dfscluster_30bbf763-7987-4b49-80b0-1f430a22fd7a/dfs/data/data1,/home/alex/Repositories/wasp/target/test-data/a6b57b20-6c81-4820-99fa-62101c6642c9/dfscluster_30bbf763-7987-4b49-80b0-1f430a22fd7a/dfs/data/data2
24/04/26 02:08:15 ERROR datanode.DataNode: All directories in dfs.data.dir are invalid.
24/04/26 02:08:15 INFO wasp.WaspTestingUtility: Shutting down mini wasp cluster
24/04/26 02:08:15 INFO wasp.WaspTestingUtility: Minicluster is down
java.lang.NullPointerException
	at org.apache.hadoop.hdfs.MiniDFSCluster.startDataNodes(MiniDFSCluster.java:422)
	at org.apache.hadoop.hdfs.MiniDFSCluster.<init>(MiniDFSCluster.java:280)
	at org.apache.hadoop.hbase.HBaseTestingUtility.startMiniDFSCluster(HBaseTestingUtility.java:451)
	at org.apache.hadoop.hbase.HBaseTestingUtility.startMiniCluster(HBaseTestingUtility.java:619)
	at org.apache.hadoop.hbase.HBaseTestingUtility.startMiniCluster(HBaseTestingUtility.java:575)
	at com.alibaba.wasp.WaspTestingUtility.startMiniCluster(WaspTestingUtility.java:172)
	at com.alibaba.wasp.WaspTestingUtility.startMiniCluster(WaspTestingUtility.java:144)
	at com.alibaba.wasp.fserver.redo.TestRedoLog.before(TestRedoLog.java:51)
	at sun.reflect.NativeMethodAccessorImpl.invoke0(Native Method)
	at sun.reflect.NativeMethodAccessorImpl.invoke(NativeMethodAccessorImpl.java:62)
	at sun.reflect.DelegatingMethodAccessorImpl.invoke(DelegatingMethodAccessorImpl.java:43)
	at java.lang.reflect.Method.invoke(Method.java:498)
	at org.junit.runners.model.FrameworkMethod$1.runReflectiveCall(FrameworkMethod.java:45)
	at org.junit.internal.runners.model.ReflectiveCallable.run(ReflectiveCallable.java:15)
	at org.junit.runners.model.FrameworkMethod.invokeExplosively(FrameworkMethod.java:42)
	at org.junit.internal.runners.statements.RunBefores.evaluate(RunBefores.java:27)
	at org.junit.internal.runners.statements.RunAfters.evaluate(RunAfters.java:30)
	at org.junit.runners.ParentRunner.run(ParentRunner.java:300)
	at org.junit.runners.Suite.runChild(Suite.java:128)
	at org.junit.runners.Suite.runChild(Suite.java:24)
	at org.junit.runners.ParentRunner$3.run(ParentRunner.java:231)
	at org.junit.runners.ParentRunner$1.schedule(ParentRunner.java:60)
	at org.junit.runners.ParentRunner.runChildren(ParentRunner.java:229)
	at org.junit.runners.ParentRunner.access$000(ParentRunner.java:50)
	at org.junit.runners.ParentRunner$2.evaluate(ParentRunner.java:222)
	at org.junit.runners.ParentRunner.run(ParentRunner.java:300)
	at org.junit.runner.JUnitCore.run(JUnitCore.java:157)
	at org.junit.runner.JUnitCore.run(JUnitCore.java:136)
	at edu.illinois.cs.testrunner.execution.JUnitTestExecutor.execute(JUnitTestExecutor.java:259)
	at edu.illinois.cs.testrunner.execution.JUnitTestExecutor.executeWithJUnit4Runner(JUnitTestExecutor.java:327)
	at edu.illinois.cs.testrunner.execution.JUnitTestExecutor.runOrder(JUnitTestExecutor.java:49)
	at edu.illinois.cs.testrunner.execution.Executor$.$anonfun$run$1(Executor.scala:30)
	at scala.runtime.java8.JFunction0$mcV$sp.apply(JFunction0$mcV$sp.java:12)
	at scala.util.Try$.apply(Try.scala:209)
	at edu.illinois.cs.testrunner.execution.Executor$.run(Executor.scala:28)
	at edu.illinois.cs.testrunner.execution.Executor$.main(Executor.scala:18)
	at edu.illinois.cs.testrunner.execution.Executor.main(Executor.scala)
24/04/26 02:08:15 DEBUG ipc.WaspRPC: Using com.alibaba.wasp.ipc.ProtobufRpcEngine for com.alibaba.wasp.ipc.TestProtoBufRpc$TestRpcService
24/04/26 02:08:15 DEBUG ipc.NettyTransceiver: Using Netty bootstrap options: {connectTimeoutMillis=3000, tcpNoDelay=true}
24/04/26 02:08:15 DEBUG ipc.NettyTransceiver: Connecting to /0.0.0.0:43807
24/04/26 02:08:15 DEBUG ipc.NettyTransceiver: [id: 0x4925f4f5] OPEN
24/04/26 02:08:15 INFO ipc.NettyTransceiver: Successfully connected to bookie: /0.0.0.0:43807
24/04/26 02:08:15 DEBUG ipc.NettyTransceiver: [id: 0x4925f4f5, /127.0.0.1:60258 => /0.0.0.0:43807] BOUND: /127.0.0.1:60258
24/04/26 02:08:15 DEBUG ipc.NettyTransceiver: [id: 0x4925f4f5, /127.0.0.1:60258 => /0.0.0.0:43807] CONNECTED: /0.0.0.0:43807
24/04/26 02:08:15 DEBUG ipc.NettyServer: [id: 0x5e7a0c35, /127.0.0.1:60258 => /127.0.1.1:43807] OPEN
24/04/26 02:08:15 DEBUG ipc.NettyServer: [id: 0x5e7a0c35, /127.0.0.1:60258 => /127.0.1.1:43807] BOUND: /127.0.1.1:43807
24/04/26 02:08:15 DEBUG ipc.NettyServer: [id: 0x5e7a0c35, /127.0.0.1:60258 => /127.0.1.1:43807] CONNECTED: /127.0.0.1:60258
24/04/26 02:08:15 ERROR ipc.NettyServer: pool-12-thread-8, call methodName: "error"
clientProtocolVersion: 1
request: ""
requestClassName: "com.alibaba.wasp.ipc.protobuf.generated.TestProtos$EmptyRequestProto"
: error: 
java.io.IOException: error
	at com.alibaba.wasp.ipc.TestProtoBufRpc$PBServerImpl.error(TestProtoBufRpc.java:68)
	at sun.reflect.NativeMethodAccessorImpl.invoke0(Native Method)
	at sun.reflect.NativeMethodAccessorImpl.invoke(NativeMethodAccessorImpl.java:62)
	at sun.reflect.DelegatingMethodAccessorImpl.invoke(DelegatingMethodAccessorImpl.java:43)
	at java.lang.reflect.Method.invoke(Method.java:498)
	at com.alibaba.wasp.ipc.ProtobufRpcEngine$Server.call(ProtobufRpcEngine.java:270)
	at com.alibaba.wasp.ipc.NettyServer$NettyServerWaspHandler.messageReceived(NettyServer.java:234)
	at org.jboss.netty.channel.SimpleChannelUpstreamHandler.handleUpstream(SimpleChannelUpstreamHandler.java:75)
	at com.alibaba.wasp.ipc.NettyServer$NettyServerWaspHandler.handleUpstream(NettyServer.java:171)
	at org.jboss.netty.channel.DefaultChannelPipeline.sendUpstream(DefaultChannelPipeline.java:563)
	at org.jboss.netty.channel.DefaultChannelPipeline$DefaultChannelHandlerContext.sendUpstream(DefaultChannelPipeline.java:791)
	at org.jboss.netty.handler.execution.ChannelUpstreamEventRunnable.doRun(ChannelUpstreamEventRunnable.java:45)
	at org.jboss.netty.handler.execution.ChannelEventRunnable.run(ChannelEventRunnable.java:64)
	at java.util.concurrent.ThreadPoolExecutor.runWorker(ThreadPoolExecutor.java:1149)
	at java.util.concurrent.ThreadPoolExecutor$Worker.run(ThreadPoolExecutor.java:624)
	at java.lang.Thread.run(Thread.java:750)
24/04/26 02:08:15 INFO ipc.NettyServer: Stopping server on 0
24/04/26 02:08:15 DEBUG ipc.NettyTransceiver: [id: 0x4925f4f5, /127.0.0.1:60258 :> /0.0.0.0:43807] DISCONNECTED
24/04/26 02:08:15 DEBUG ipc.NettyTransceiver: [id: 0x4925f4f5, /127.0.0.1:60258 :> /0.0.0.0:43807] UNBOUND
24/04/26 02:08:15 DEBUG ipc.NettyTransceiver: [id: 0x4925f4f5, /127.0.0.1:60258 :> /0.0.0.0:43807] CLOSED
24/04/26 02:08:15 DEBUG ipc.NettyTransceiver: Remote peer /0.0.0.0:43807 closed connection.
24/04/26 02:08:15 DEBUG ipc.NettyTransceiver: Disconnecting from /0.0.0.0:43807
24/04/26 02:08:15 DEBUG ipc.NettyServer: [id: 0x5e7a0c35, /127.0.0.1:60258 :> /127.0.1.1:43807] DISCONNECTED
24/04/26 02:08:15 DEBUG ipc.NettyServer: [id: 0x5e7a0c35, /127.0.0.1:60258 :> /127.0.1.1:43807] UNBOUND
24/04/26 02:08:15 DEBUG ipc.NettyServer: [id: 0x5e7a0c35, /127.0.0.1:60258 :> /127.0.1.1:43807] CLOSED
24/04/26 02:08:15 INFO wasp.WaspTestingUtility: Starting up minicluster with 1 master(s) and 3 fserver(s) 
24/04/26 02:08:16 INFO server.SessionTrackerImpl: SessionTrackerImpl exited loop!
24/04/26 02:08:16 INFO server.SessionTrackerImpl: SessionTrackerImpl exited loop!
Starting DataNode 0 with dfs.data.dir: /home/alex/Repositories/wasp/target/test-data/376d2075-050a-44c5-aebf-aeb0c42e4997/dfscluster_6a4e8c6d-1f39-4ef3-bd0a-221e8a8d8bde/dfs/data/data1,/home/alex/Repositories/wasp/target/test-data/376d2075-050a-44c5-aebf-aeb0c42e4997/dfscluster_6a4e8c6d-1f39-4ef3-bd0a-221e8a8d8bde/dfs/data/data2
24/04/26 02:08:16 ERROR datanode.DataNode: All directories in dfs.data.dir are invalid.
24/04/26 02:08:16 INFO wasp.WaspTestingUtility: Shutting down mini wasp cluster
24/04/26 02:08:16 INFO wasp.WaspTestingUtility: Minicluster is down
java.lang.NullPointerException
	at org.apache.hadoop.hdfs.MiniDFSCluster.startDataNodes(MiniDFSCluster.java:422)
	at org.apache.hadoop.hdfs.MiniDFSCluster.<init>(MiniDFSCluster.java:280)
	at org.apache.hadoop.hbase.HBaseTestingUtility.startMiniDFSCluster(HBaseTestingUtility.java:451)
	at org.apache.hadoop.hbase.HBaseTestingUtility.startMiniCluster(HBaseTestingUtility.java:619)
	at org.apache.hadoop.hbase.HBaseTestingUtility.startMiniCluster(HBaseTestingUtility.java:575)
	at com.alibaba.wasp.WaspTestingUtility.startMiniCluster(WaspTestingUtility.java:172)
	at com.alibaba.wasp.WaspTestingUtility.startMiniCluster(WaspTestingUtility.java:144)
	at com.alibaba.wasp.jdbc.TestAtomicOperation.setUpBeforeClass(TestAtomicOperation.java:64)
	at sun.reflect.NativeMethodAccessorImpl.invoke0(Native Method)
	at sun.reflect.NativeMethodAccessorImpl.invoke(NativeMethodAccessorImpl.java:62)
	at sun.reflect.DelegatingMethodAccessorImpl.invoke(DelegatingMethodAccessorImpl.java:43)
	at java.lang.reflect.Method.invoke(Method.java:498)
	at org.junit.runners.model.FrameworkMethod$1.runReflectiveCall(FrameworkMethod.java:45)
	at org.junit.internal.runners.model.ReflectiveCallable.run(ReflectiveCallable.java:15)
	at org.junit.runners.model.FrameworkMethod.invokeExplosively(FrameworkMethod.java:42)
	at org.junit.internal.runners.statements.RunBefores.evaluate(RunBefores.java:27)
	at org.junit.internal.runners.statements.RunAfters.evaluate(RunAfters.java:30)
	at org.junit.runners.ParentRunner.run(ParentRunner.java:300)
	at org.junit.runners.Suite.runChild(Suite.java:128)
	at org.junit.runners.Suite.runChild(Suite.java:24)
	at org.junit.runners.ParentRunner$3.run(ParentRunner.java:231)
	at org.junit.runners.ParentRunner$1.schedule(ParentRunner.java:60)
	at org.junit.runners.ParentRunner.runChildren(ParentRunner.java:229)
	at org.junit.runners.ParentRunner.access$000(ParentRunner.java:50)
	at org.junit.runners.ParentRunner$2.evaluate(ParentRunner.java:222)
	at org.junit.runners.ParentRunner.run(ParentRunner.java:300)
	at org.junit.runner.JUnitCore.run(JUnitCore.java:157)
	at org.junit.runner.JUnitCore.run(JUnitCore.java:136)
	at edu.illinois.cs.testrunner.execution.JUnitTestExecutor.execute(JUnitTestExecutor.java:259)
	at edu.illinois.cs.testrunner.execution.JUnitTestExecutor.executeWithJUnit4Runner(JUnitTestExecutor.java:327)
	at edu.illinois.cs.testrunner.execution.JUnitTestExecutor.runOrder(JUnitTestExecutor.java:49)
	at edu.illinois.cs.testrunner.execution.Executor$.$anonfun$run$1(Executor.scala:30)
	at scala.runtime.java8.JFunction0$mcV$sp.apply(JFunction0$mcV$sp.java:12)
	at scala.util.Try$.apply(Try.scala:209)
	at edu.illinois.cs.testrunner.execution.Executor$.run(Executor.scala:28)
	at edu.illinois.cs.testrunner.execution.Executor$.main(Executor.scala:18)
	at edu.illinois.cs.testrunner.execution.Executor.main(Executor.scala)
java.lang.NullPointerException
	at com.alibaba.wasp.jdbc.TestAtomicOperation.tearDownAfterClass(TestAtomicOperation.java:86)
	at sun.reflect.NativeMethodAccessorImpl.invoke0(Native Method)
	at sun.reflect.NativeMethodAccessorImpl.invoke(NativeMethodAccessorImpl.java:62)
	at sun.reflect.DelegatingMethodAccessorImpl.invoke(DelegatingMethodAccessorImpl.java:43)
	at java.lang.reflect.Method.invoke(Method.java:498)
	at org.junit.runners.model.FrameworkMethod$1.runReflectiveCall(FrameworkMethod.java:45)
	at org.junit.internal.runners.model.ReflectiveCallable.run(ReflectiveCallable.java:15)
	at org.junit.runners.model.FrameworkMethod.invokeExplosively(FrameworkMethod.java:42)
	at org.junit.internal.runners.statements.RunAfters.evaluate(RunAfters.java:36)
	at org.junit.runners.ParentRunner.run(ParentRunner.java:300)
	at org.junit.runners.Suite.runChild(Suite.java:128)
	at org.junit.runners.Suite.runChild(Suite.java:24)
	at org.junit.runners.ParentRunner$3.run(ParentRunner.java:231)
	at org.junit.runners.ParentRunner$1.schedule(ParentRunner.java:60)
	at org.junit.runners.ParentRunner.runChildren(ParentRunner.java:229)
	at org.junit.runners.ParentRunner.access$000(ParentRunner.java:50)
	at org.junit.runners.ParentRunner$2.evaluate(ParentRunner.java:222)
	at org.junit.runners.ParentRunner.run(ParentRunner.java:300)
	at org.junit.runner.JUnitCore.run(JUnitCore.java:157)
	at org.junit.runner.JUnitCore.run(JUnitCore.java:136)
	at edu.illinois.cs.testrunner.execution.JUnitTestExecutor.execute(JUnitTestExecutor.java:259)
	at edu.illinois.cs.testrunner.execution.JUnitTestExecutor.executeWithJUnit4Runner(JUnitTestExecutor.java:327)
	at edu.illinois.cs.testrunner.execution.JUnitTestExecutor.runOrder(JUnitTestExecutor.java:49)
	at edu.illinois.cs.testrunner.execution.Executor$.$anonfun$run$1(Executor.scala:30)
	at scala.runtime.java8.JFunction0$mcV$sp.apply(JFunction0$mcV$sp.java:12)
	at scala.util.Try$.apply(Try.scala:209)
	at edu.illinois.cs.testrunner.execution.Executor$.run(Executor.scala:28)
	at edu.illinois.cs.testrunner.execution.Executor$.main(Executor.scala:18)
	at edu.illinois.cs.testrunner.execution.Executor.main(Executor.scala)
24/04/26 02:08:16 INFO wasp.WaspTestingUtility: Starting up minicluster with 1 master(s) and 3 fserver(s) 
Starting DataNode 0 with dfs.data.dir: /home/alex/Repositories/wasp/target/test-data/bb69c4f5-09b1-4a68-b480-37582a8bb5a3/dfscluster_48b2a094-799e-4f80-9b7d-0a4c583276ff/dfs/data/data1,/home/alex/Repositories/wasp/target/test-data/bb69c4f5-09b1-4a68-b480-37582a8bb5a3/dfscluster_48b2a094-799e-4f80-9b7d-0a4c583276ff/dfs/data/data2
24/04/26 02:08:16 ERROR datanode.DataNode: All directories in dfs.data.dir are invalid.
24/04/26 02:08:16 INFO wasp.WaspTestingUtility: Shutting down mini wasp cluster
24/04/26 02:08:16 INFO wasp.WaspTestingUtility: Minicluster is down
java.lang.NullPointerException
	at org.apache.hadoop.hdfs.MiniDFSCluster.startDataNodes(MiniDFSCluster.java:422)
	at org.apache.hadoop.hdfs.MiniDFSCluster.<init>(MiniDFSCluster.java:280)
	at org.apache.hadoop.hbase.HBaseTestingUtility.startMiniDFSCluster(HBaseTestingUtility.java:451)
	at org.apache.hadoop.hbase.HBaseTestingUtility.startMiniCluster(HBaseTestingUtility.java:619)
	at org.apache.hadoop.hbase.HBaseTestingUtility.startMiniCluster(HBaseTestingUtility.java:575)
	at com.alibaba.wasp.WaspTestingUtility.startMiniCluster(WaspTestingUtility.java:172)
	at com.alibaba.wasp.WaspTestingUtility.startMiniCluster(WaspTestingUtility.java:144)
	at com.alibaba.wasp.jdbc.TestJdbcConnectionPool.setUpBeforeClass(TestJdbcConnectionPool.java:54)
	at sun.reflect.NativeMethodAccessorImpl.invoke0(Native Method)
	at sun.reflect.NativeMethodAccessorImpl.invoke(NativeMethodAccessorImpl.java:62)
	at sun.reflect.DelegatingMethodAccessorImpl.invoke(DelegatingMethodAccessorImpl.java:43)
	at java.lang.reflect.Method.invoke(Method.java:498)
	at org.junit.runners.model.FrameworkMethod$1.runReflectiveCall(FrameworkMethod.java:45)
	at org.junit.internal.runners.model.ReflectiveCallable.run(ReflectiveCallable.java:15)
	at org.junit.runners.model.FrameworkMethod.invokeExplosively(FrameworkMethod.java:42)
	at org.junit.internal.runners.statements.RunBefores.evaluate(RunBefores.java:27)
	at org.junit.internal.runners.statements.RunAfters.evaluate(RunAfters.java:30)
	at org.junit.runners.ParentRunner.run(ParentRunner.java:300)
	at org.junit.runners.Suite.runChild(Suite.java:128)
	at org.junit.runners.Suite.runChild(Suite.java:24)
	at org.junit.runners.ParentRunner$3.run(ParentRunner.java:231)
	at org.junit.runners.ParentRunner$1.schedule(ParentRunner.java:60)
	at org.junit.runners.ParentRunner.runChildren(ParentRunner.java:229)
	at org.junit.runners.ParentRunner.access$000(ParentRunner.java:50)
	at org.junit.runners.ParentRunner$2.evaluate(ParentRunner.java:222)
	at org.junit.runners.ParentRunner.run(ParentRunner.java:300)
	at org.junit.runner.JUnitCore.run(JUnitCore.java:157)
	at org.junit.runner.JUnitCore.run(JUnitCore.java:136)
	at edu.illinois.cs.testrunner.execution.JUnitTestExecutor.execute(JUnitTestExecutor.java:259)
	at edu.illinois.cs.testrunner.execution.JUnitTestExecutor.executeWithJUnit4Runner(JUnitTestExecutor.java:327)
	at edu.illinois.cs.testrunner.execution.JUnitTestExecutor.runOrder(JUnitTestExecutor.java:49)
	at edu.illinois.cs.testrunner.execution.Executor$.$anonfun$run$1(Executor.scala:30)
	at scala.runtime.java8.JFunction0$mcV$sp.apply(JFunction0$mcV$sp.java:12)
	at scala.util.Try$.apply(Try.scala:209)
	at edu.illinois.cs.testrunner.execution.Executor$.run(Executor.scala:28)
	at edu.illinois.cs.testrunner.execution.Executor$.main(Executor.scala:18)
	at edu.illinois.cs.testrunner.execution.Executor.main(Executor.scala)
24/04/26 02:08:16 INFO wasp.WaspTestingUtility: Starting up minicluster with 1 master(s) and 3 fserver(s) 
Starting DataNode 0 with dfs.data.dir: /home/alex/Repositories/wasp/target/test-data/cedd7eb6-ef6c-4f27-95fd-a55893ed1bb1/dfscluster_48f202ed-0d1c-4e05-937e-a13021772917/dfs/data/data1,/home/alex/Repositories/wasp/target/test-data/cedd7eb6-ef6c-4f27-95fd-a55893ed1bb1/dfscluster_48f202ed-0d1c-4e05-937e-a13021772917/dfs/data/data2
24/04/26 02:08:16 ERROR datanode.DataNode: All directories in dfs.data.dir are invalid.
24/04/26 02:08:16 INFO wasp.WaspTestingUtility: Shutting down mini wasp cluster
24/04/26 02:08:16 INFO wasp.WaspTestingUtility: Minicluster is down
java.lang.NullPointerException
	at org.apache.hadoop.hdfs.MiniDFSCluster.startDataNodes(MiniDFSCluster.java:422)
	at org.apache.hadoop.hdfs.MiniDFSCluster.<init>(MiniDFSCluster.java:280)
	at org.apache.hadoop.hbase.HBaseTestingUtility.startMiniDFSCluster(HBaseTestingUtility.java:451)
	at org.apache.hadoop.hbase.HBaseTestingUtility.startMiniCluster(HBaseTestingUtility.java:619)
	at org.apache.hadoop.hbase.HBaseTestingUtility.startMiniCluster(HBaseTestingUtility.java:575)
	at com.alibaba.wasp.WaspTestingUtility.startMiniCluster(WaspTestingUtility.java:172)
	at com.alibaba.wasp.WaspTestingUtility.startMiniCluster(WaspTestingUtility.java:144)
	at com.alibaba.wasp.jdbc.TestJdbcResultFormatter.setUpBeforeClass(TestJdbcResultFormatter.java:51)
	at sun.reflect.NativeMethodAccessorImpl.invoke0(Native Method)
	at sun.reflect.NativeMethodAccessorImpl.invoke(NativeMethodAccessorImpl.java:62)
	at sun.reflect.DelegatingMethodAccessorImpl.invoke(DelegatingMethodAccessorImpl.java:43)
	at java.lang.reflect.Method.invoke(Method.java:498)
	at org.junit.runners.model.FrameworkMethod$1.runReflectiveCall(FrameworkMethod.java:45)
	at org.junit.internal.runners.model.ReflectiveCallable.run(ReflectiveCallable.java:15)
	at org.junit.runners.model.FrameworkMethod.invokeExplosively(FrameworkMethod.java:42)
	at org.junit.internal.runners.statements.RunBefores.evaluate(RunBefores.java:27)
	at org.junit.internal.runners.statements.RunAfters.evaluate(RunAfters.java:30)
	at org.junit.runners.ParentRunner.run(ParentRunner.java:300)
	at org.junit.runners.Suite.runChild(Suite.java:128)
	at org.junit.runners.Suite.runChild(Suite.java:24)
	at org.junit.runners.ParentRunner$3.run(ParentRunner.java:231)
	at org.junit.runners.ParentRunner$1.schedule(ParentRunner.java:60)
	at org.junit.runners.ParentRunner.runChildren(ParentRunner.java:229)
	at org.junit.runners.ParentRunner.access$000(ParentRunner.java:50)
	at org.junit.runners.ParentRunner$2.evaluate(ParentRunner.java:222)
	at org.junit.runners.ParentRunner.run(ParentRunner.java:300)
	at org.junit.runner.JUnitCore.run(JUnitCore.java:157)
	at org.junit.runner.JUnitCore.run(JUnitCore.java:136)
	at edu.illinois.cs.testrunner.execution.JUnitTestExecutor.execute(JUnitTestExecutor.java:259)
	at edu.illinois.cs.testrunner.execution.JUnitTestExecutor.executeWithJUnit4Runner(JUnitTestExecutor.java:327)
	at edu.illinois.cs.testrunner.execution.JUnitTestExecutor.runOrder(JUnitTestExecutor.java:49)
	at edu.illinois.cs.testrunner.execution.Executor$.$anonfun$run$1(Executor.scala:30)
	at scala.runtime.java8.JFunction0$mcV$sp.apply(JFunction0$mcV$sp.java:12)
	at scala.util.Try$.apply(Try.scala:209)
	at edu.illinois.cs.testrunner.execution.Executor$.run(Executor.scala:28)
	at edu.illinois.cs.testrunner.execution.Executor$.main(Executor.scala:18)
	at edu.illinois.cs.testrunner.execution.Executor.main(Executor.scala)
java.lang.NullPointerException
	at com.alibaba.wasp.jdbc.TestJdbcResultFormatter.tearDownAfterClass(TestJdbcResultFormatter.java:71)
	at sun.reflect.NativeMethodAccessorImpl.invoke0(Native Method)
	at sun.reflect.NativeMethodAccessorImpl.invoke(NativeMethodAccessorImpl.java:62)
	at sun.reflect.DelegatingMethodAccessorImpl.invoke(DelegatingMethodAccessorImpl.java:43)
	at java.lang.reflect.Method.invoke(Method.java:498)
	at org.junit.runners.model.FrameworkMethod$1.runReflectiveCall(FrameworkMethod.java:45)
	at org.junit.internal.runners.model.ReflectiveCallable.run(ReflectiveCallable.java:15)
	at org.junit.runners.model.FrameworkMethod.invokeExplosively(FrameworkMethod.java:42)
	at org.junit.internal.runners.statements.RunAfters.evaluate(RunAfters.java:36)
	at org.junit.runners.ParentRunner.run(ParentRunner.java:300)
	at org.junit.runners.Suite.runChild(Suite.java:128)
	at org.junit.runners.Suite.runChild(Suite.java:24)
	at org.junit.runners.ParentRunner$3.run(ParentRunner.java:231)
	at org.junit.runners.ParentRunner$1.schedule(ParentRunner.java:60)
	at org.junit.runners.ParentRunner.runChildren(ParentRunner.java:229)
	at org.junit.runners.ParentRunner.access$000(ParentRunner.java:50)
	at org.junit.runners.ParentRunner$2.evaluate(ParentRunner.java:222)
	at org.junit.runners.ParentRunner.run(ParentRunner.java:300)
	at org.junit.runner.JUnitCore.run(JUnitCore.java:157)
	at org.junit.runner.JUnitCore.run(JUnitCore.java:136)
	at edu.illinois.cs.testrunner.execution.JUnitTestExecutor.execute(JUnitTestExecutor.java:259)
	at edu.illinois.cs.testrunner.execution.JUnitTestExecutor.executeWithJUnit4Runner(JUnitTestExecutor.java:327)
	at edu.illinois.cs.testrunner.execution.JUnitTestExecutor.runOrder(JUnitTestExecutor.java:49)
	at edu.illinois.cs.testrunner.execution.Executor$.$anonfun$run$1(Executor.scala:30)
	at scala.runtime.java8.JFunction0$mcV$sp.apply(JFunction0$mcV$sp.java:12)
	at scala.util.Try$.apply(Try.scala:209)
	at edu.illinois.cs.testrunner.execution.Executor$.run(Executor.scala:28)
	at edu.illinois.cs.testrunner.execution.Executor$.main(Executor.scala:18)
	at edu.illinois.cs.testrunner.execution.Executor.main(Executor.scala)
24/04/26 02:08:16 INFO wasp.WaspTestingUtility: Starting up minicluster with 1 master(s) and 3 fserver(s) 
Starting DataNode 0 with dfs.data.dir: /home/alex/Repositories/wasp/target/test-data/f6c08b58-9abc-4319-998a-dddf58022225/dfscluster_f87f35b4-8ded-4265-8d2a-58b548d47d9d/dfs/data/data1,/home/alex/Repositories/wasp/target/test-data/f6c08b58-9abc-4319-998a-dddf58022225/dfscluster_f87f35b4-8ded-4265-8d2a-58b548d47d9d/dfs/data/data2
24/04/26 02:08:16 ERROR datanode.DataNode: All directories in dfs.data.dir are invalid.
java.lang.NullPointerException
	at org.apache.hadoop.hdfs.MiniDFSCluster.startDataNodes(MiniDFSCluster.java:422)
	at org.apache.hadoop.hdfs.MiniDFSCluster.<init>(MiniDFSCluster.java:280)
	at org.apache.hadoop.hbase.HBaseTestingUtility.startMiniDFSCluster(HBaseTestingUtility.java:451)
	at org.apache.hadoop.hbase.HBaseTestingUtility.startMiniCluster(HBaseTestingUtility.java:619)
	at org.apache.hadoop.hbase.HBaseTestingUtility.startMiniCluster(HBaseTestingUtility.java:575)
	at com.alibaba.wasp.WaspTestingUtility.startMiniCluster(WaspTestingUtility.java:172)
	at com.alibaba.wasp.WaspTestingUtility.startMiniCluster(WaspTestingUtility.java:144)
	at com.alibaba.wasp.jdbc.TestJdbcResultSet.setUpBeforeClass(TestJdbcResultSet.java:71)
	at sun.reflect.NativeMethodAccessorImpl.invoke0(Native Method)
	at sun.reflect.NativeMethodAccessorImpl.invoke(NativeMethodAccessorImpl.java:62)
	at sun.reflect.DelegatingMethodAccessorImpl.invoke(DelegatingMethodAccessorImpl.java:43)
	at java.lang.reflect.Method.invoke(Method.java:498)
	at org.junit.runners.model.FrameworkMethod$1.runReflectiveCall(FrameworkMethod.java:45)
	at org.junit.internal.runners.model.ReflectiveCallable.run(ReflectiveCallable.java:15)
	at org.junit.runners.model.FrameworkMethod.invokeExplosively(FrameworkMethod.java:42)
	at org.junit.internal.runners.statements.RunBefores.evaluate(RunBefores.java:27)
	at org.junit.internal.runners.statements.RunAfters.evaluate(RunAfters.java:30)
	at org.junit.runners.ParentRunner.run(ParentRunner.java:300)
	at org.junit.runners.Suite.runChild(Suite.java:128)
	at org.junit.runners.Suite.runChild(Suite.java:24)
	at org.junit.runners.ParentRunner$3.run(ParentRunner.java:231)
	at org.junit.runners.ParentRunner$1.schedule(ParentRunner.java:60)
	at org.junit.runners.ParentRunner.runChildren(ParentRunner.java:229)
	at org.junit.runners.ParentRunner.access$000(ParentRunner.java:50)
	at org.junit.runners.ParentRunner$2.evaluate(ParentRunner.java:222)
	at org.junit.runners.ParentRunner.run(ParentRunner.java:300)
	at org.junit.runner.JUnitCore.run(JUnitCore.java:157)
	at org.junit.runner.JUnitCore.run(JUnitCore.java:136)
	at edu.illinois.cs.testrunner.execution.JUnitTestExecutor.execute(JUnitTestExecutor.java:259)
	at edu.illinois.cs.testrunner.execution.JUnitTestExecutor.executeWithJUnit4Runner(JUnitTestExecutor.java:327)
	at edu.illinois.cs.testrunner.execution.JUnitTestExecutor.runOrder(JUnitTestExecutor.java:49)
	at edu.illinois.cs.testrunner.execution.Executor$.$anonfun$run$1(Executor.scala:30)
	at scala.runtime.java8.JFunction0$mcV$sp.apply(JFunction0$mcV$sp.java:12)
	at scala.util.Try$.apply(Try.scala:209)
	at edu.illinois.cs.testrunner.execution.Executor$.run(Executor.scala:28)
	at edu.illinois.cs.testrunner.execution.Executor$.main(Executor.scala:18)
	at edu.illinois.cs.testrunner.execution.Executor.main(Executor.scala)
java.lang.NullPointerException
	at com.alibaba.wasp.jdbc.TestJdbcResultSet.tearDownAfterClass(TestJdbcResultSet.java:100)
	at sun.reflect.NativeMethodAccessorImpl.invoke0(Native Method)
	at sun.reflect.NativeMethodAccessorImpl.invoke(NativeMethodAccessorImpl.java:62)
	at sun.reflect.DelegatingMethodAccessorImpl.invoke(DelegatingMethodAccessorImpl.java:43)
	at java.lang.reflect.Method.invoke(Method.java:498)
	at org.junit.runners.model.FrameworkMethod$1.runReflectiveCall(FrameworkMethod.java:45)
	at org.junit.internal.runners.model.ReflectiveCallable.run(ReflectiveCallable.java:15)
	at org.junit.runners.model.FrameworkMethod.invokeExplosively(FrameworkMethod.java:42)
	at org.junit.internal.runners.statements.RunAfters.evaluate(RunAfters.java:36)
	at org.junit.runners.ParentRunner.run(ParentRunner.java:300)
	at org.junit.runners.Suite.runChild(Suite.java:128)
	at org.junit.runners.Suite.runChild(Suite.java:24)
	at org.junit.runners.ParentRunner$3.run(ParentRunner.java:231)
	at org.junit.runners.ParentRunner$1.schedule(ParentRunner.java:60)
	at org.junit.runners.ParentRunner.runChildren(ParentRunner.java:229)
	at org.junit.runners.ParentRunner.access$000(ParentRunner.java:50)
	at org.junit.runners.ParentRunner$2.evaluate(ParentRunner.java:222)
	at org.junit.runners.ParentRunner.run(ParentRunner.java:300)
	at org.junit.runner.JUnitCore.run(JUnitCore.java:157)
	at org.junit.runner.JUnitCore.run(JUnitCore.java:136)
	at edu.illinois.cs.testrunner.execution.JUnitTestExecutor.execute(JUnitTestExecutor.java:259)
	at edu.illinois.cs.testrunner.execution.JUnitTestExecutor.executeWithJUnit4Runner(JUnitTestExecutor.java:327)
	at edu.illinois.cs.testrunner.execution.JUnitTestExecutor.runOrder(JUnitTestExecutor.java:49)
	at edu.illinois.cs.testrunner.execution.Executor$.$anonfun$run$1(Executor.scala:30)
	at scala.runtime.java8.JFunction0$mcV$sp.apply(JFunction0$mcV$sp.java:12)
	at scala.util.Try$.apply(Try.scala:209)
	at edu.illinois.cs.testrunner.execution.Executor$.run(Executor.scala:28)
	at edu.illinois.cs.testrunner.execution.Executor$.main(Executor.scala:18)
	at edu.illinois.cs.testrunner.execution.Executor.main(Executor.scala)
