24/04/26 01:58:42 INFO wasp.WaspTestingUtility: Starting up minicluster with 1 master(s) and 3 fserver(s) 
Starting DataNode 0 with dfs.data.dir: /home/alex/Repositories/wasp/target/test-data/96596e02-8824-4dd7-bcfd-0e241581040d/dfscluster_aec65246-f021-47bd-a7a6-04dbf7ef1786/dfs/data/data1,/home/alex/Repositories/wasp/target/test-data/96596e02-8824-4dd7-bcfd-0e241581040d/dfscluster_aec65246-f021-47bd-a7a6-04dbf7ef1786/dfs/data/data2
24/04/26 01:58:42 ERROR datanode.DataNode: All directories in dfs.data.dir are invalid.
24/04/26 01:58:42 INFO wasp.WaspTestingUtility: Shutting down mini wasp cluster
24/04/26 01:58:42 INFO wasp.WaspTestingUtility: Minicluster is down
java.lang.NullPointerException
	at org.apache.hadoop.hdfs.MiniDFSCluster.startDataNodes(MiniDFSCluster.java:422)
	at org.apache.hadoop.hdfs.MiniDFSCluster.<init>(MiniDFSCluster.java:280)
	at org.apache.hadoop.hbase.HBaseTestingUtility.startMiniDFSCluster(HBaseTestingUtility.java:451)
	at org.apache.hadoop.hbase.HBaseTestingUtility.startMiniCluster(HBaseTestingUtility.java:619)
	at org.apache.hadoop.hbase.HBaseTestingUtility.startMiniCluster(HBaseTestingUtility.java:575)
	at com.alibaba.wasp.WaspTestingUtility.startMiniCluster(WaspTestingUtility.java:172)
	at com.alibaba.wasp.WaspTestingUtility.startMiniCluster(WaspTestingUtility.java:144)
	at com.alibaba.wasp.client.TestFromClientSide.setUpBeforeClass(TestFromClientSide.java:83)
	at sun.reflect.NativeMethodAccessorImpl.invoke0(Native Method)
	at sun.reflect.NativeMethodAccessorImpl.invoke(NativeMethodAccessorImpl.java:62)
	at sun.reflect.DelegatingMethodAccessorImpl.invoke(DelegatingMethodAccessorImpl.java:43)
	at java.lang.reflect.Method.invoke(Method.java:498)
	at org.junit.runners.model.FrameworkMethod$1.runReflectiveCall(FrameworkMethod.java:45)
	at org.junit.internal.runners.model.ReflectiveCallable.run(ReflectiveCallable.java:15)
	at org.junit.runners.model.FrameworkMethod.invokeExplosively(FrameworkMethod.java:42)
	at org.junit.internal.runners.statements.RunBefores.evaluate(RunBefores.java:27)
	at org.junit.internal.runners.statements.RunAfters.evaluate(RunAfters.java:30)
	at org.junit.runners.ParentRunner.run(ParentRunner.java:300)
	at org.junit.runners.Suite.runChild(Suite.java:128)
	at org.junit.runners.Suite.runChild(Suite.java:24)
	at org.junit.runners.ParentRunner$3.run(ParentRunner.java:231)
	at org.junit.runners.ParentRunner$1.schedule(ParentRunner.java:60)
	at org.junit.runners.ParentRunner.runChildren(ParentRunner.java:229)
	at org.junit.runners.ParentRunner.access$000(ParentRunner.java:50)
	at org.junit.runners.ParentRunner$2.evaluate(ParentRunner.java:222)
	at org.junit.runners.ParentRunner.run(ParentRunner.java:300)
	at org.junit.runner.JUnitCore.run(JUnitCore.java:157)
	at org.junit.runner.JUnitCore.run(JUnitCore.java:136)
	at edu.illinois.cs.testrunner.execution.JUnitTestExecutor.execute(JUnitTestExecutor.java:259)
	at edu.illinois.cs.testrunner.execution.JUnitTestExecutor.executeWithJUnit4Runner(JUnitTestExecutor.java:327)
	at edu.illinois.cs.testrunner.execution.JUnitTestExecutor.runOrder(JUnitTestExecutor.java:49)
	at edu.illinois.cs.testrunner.execution.Executor$.$anonfun$run$1(Executor.scala:30)
	at scala.runtime.java8.JFunction0$mcV$sp.apply(JFunction0$mcV$sp.java:12)
	at scala.util.Try$.apply(Try.scala:209)
	at edu.illinois.cs.testrunner.execution.Executor$.run(Executor.scala:28)
	at edu.illinois.cs.testrunner.execution.Executor$.main(Executor.scala:18)
	at edu.illinois.cs.testrunner.execution.Executor.main(Executor.scala)
24/04/26 01:58:42 DEBUG executor.ExecutorService: Starting executor service name=MASTER_SERVER_OPERATIONS-unit_test, corePoolSize=5, maxPoolSize=5
24/04/26 01:58:42 INFO executor.TestExecutorService: Running process #2, threadName=MASTER_SERVER_OPERATIONS-unit_test-1
24/04/26 01:58:42 INFO executor.TestExecutorService: Running process #3, threadName=MASTER_SERVER_OPERATIONS-unit_test-2
24/04/26 01:58:42 INFO executor.TestExecutorService: Running process #1, threadName=MASTER_SERVER_OPERATIONS-unit_test-0
24/04/26 01:58:42 INFO executor.TestExecutorService: Running process #4, threadName=MASTER_SERVER_OPERATIONS-unit_test-3
24/04/26 01:58:42 INFO executor.TestExecutorService: Waiting for all event handlers to start...
24/04/26 01:58:42 INFO executor.TestExecutorService: Running process #5, threadName=MASTER_SERVER_OPERATIONS-unit_test-4
24/04/26 01:58:42 INFO executor.TestExecutorService: Got status dump:
Status for executor: Executor-1-MASTER_SERVER_OPERATIONS-unit_test
=======================================
0 events queued, 5 running
Running:
  Running on thread 'MASTER_SERVER_OPERATIONS-unit_test-0': Event #1 of type M_SERVER_SHUTDOWN (class com.alibaba.wasp.executor.TestExecutorService$TestEventHandler)
  Thread 39 (MASTER_SERVER_OPERATIONS-unit_test-0):
    State: WAITING
    Blocked count: 1
    Waited count: 1
    Waiting on java.util.concurrent.atomic.AtomicBoolean@66c92293
    Stack:
      java.lang.Object.wait(Native Method)
      java.lang.Object.wait(Object.java:502)
      com.alibaba.wasp.executor.TestExecutorService$TestEventHandler.process(TestExecutorService.java:167)
      com.alibaba.wasp.executor.EventHandler.run(EventHandler.java:198)
      java.util.concurrent.ThreadPoolExecutor.runWorker(ThreadPoolExecutor.java:1149)
      java.util.concurrent.ThreadPoolExecutor$Worker.run(ThreadPoolExecutor.java:624)
      java.lang.Thread.run(Thread.java:750)

  Running on thread 'MASTER_SERVER_OPERATIONS-unit_test-3': Event #4 of type M_SERVER_SHUTDOWN (class com.alibaba.wasp.executor.TestExecutorService$TestEventHandler)
  Thread 42 (MASTER_SERVER_OPERATIONS-unit_test-3):
    State: WAITING
    Blocked count: 0
    Waited count: 1
    Waiting on java.util.concurrent.atomic.AtomicBoolean@66c92293
    Stack:
      java.lang.Object.wait(Native Method)
      java.lang.Object.wait(Object.java:502)
      com.alibaba.wasp.executor.TestExecutorService$TestEventHandler.process(TestExecutorService.java:167)
      com.alibaba.wasp.executor.EventHandler.run(EventHandler.java:198)
      java.util.concurrent.ThreadPoolExecutor.runWorker(ThreadPoolExecutor.java:1149)
      java.util.concurrent.ThreadPoolExecutor$Worker.run(ThreadPoolExecutor.java:624)
      java.lang.Thread.run(Thread.java:750)

  Running on thread 'MASTER_SERVER_OPERATIONS-unit_test-1': Event #2 of type M_SERVER_SHUTDOWN (class com.alibaba.wasp.executor.TestExecutorService$TestEventHandler)
  Thread 40 (MASTER_SERVER_OPERATIONS-unit_test-1):
    State: WAITING
    Blocked count: 1
    Waited count: 1
    Waiting on java.util.concurrent.atomic.AtomicBoolean@66c92293
    Stack:
      java.lang.Object.wait(Native Method)
      java.lang.Object.wait(Object.java:502)
      com.alibaba.wasp.executor.TestExecutorService$TestEventHandler.process(TestExecutorService.java:167)
      com.alibaba.wasp.executor.EventHandler.run(EventHandler.java:198)
      java.util.concurrent.ThreadPoolExecutor.runWorker(ThreadPoolExecutor.java:1149)
      java.util.concurrent.ThreadPoolExecutor$Worker.run(ThreadPoolExecutor.java:624)
      java.lang.Thread.run(Thread.java:750)

  Running on thread 'MASTER_SERVER_OPERATIONS-unit_test-2': Event #3 of type M_SERVER_SHUTDOWN (class com.alibaba.wasp.executor.TestExecutorService$TestEventHandler)
  Thread 41 (MASTER_SERVER_OPERATIONS-unit_test-2):
    State: WAITING
    Blocked count: 0
    Waited count: 1
    Waiting on java.util.concurrent.atomic.AtomicBoolean@66c92293
    Stack:
      java.lang.Object.wait(Native Method)
      java.lang.Object.wait(Object.java:502)
      com.alibaba.wasp.executor.TestExecutorService$TestEventHandler.process(TestExecutorService.java:167)
      com.alibaba.wasp.executor.EventHandler.run(EventHandler.java:198)
      java.util.concurrent.ThreadPoolExecutor.runWorker(ThreadPoolExecutor.java:1149)
      java.util.concurrent.ThreadPoolExecutor$Worker.run(ThreadPoolExecutor.java:624)
      java.lang.Thread.run(Thread.java:750)

  Running on thread 'MASTER_SERVER_OPERATIONS-unit_test-4': Event #5 of type M_SERVER_SHUTDOWN (class com.alibaba.wasp.executor.TestExecutorService$TestEventHandler)
  Thread 43 (MASTER_SERVER_OPERATIONS-unit_test-4):
    State: WAITING
    Blocked count: 0
    Waited count: 1
    Waiting on java.util.concurrent.atomic.AtomicBoolean@66c92293
    Stack:
      java.lang.Object.wait(Native Method)
      java.lang.Object.wait(Object.java:502)
      com.alibaba.wasp.executor.TestExecutorService$TestEventHandler.process(TestExecutorService.java:167)
      com.alibaba.wasp.executor.EventHandler.run(EventHandler.java:198)
      java.util.concurrent.ThreadPoolExecutor.runWorker(ThreadPoolExecutor.java:1149)
      java.util.concurrent.ThreadPoolExecutor$Worker.run(ThreadPoolExecutor.java:624)
      java.lang.Thread.run(Thread.java:750)


Waiting for all event handlers to finish...
24/04/26 01:58:43 INFO executor.TestExecutorService: Running process #11, threadName=MASTER_SERVER_OPERATIONS-unit_test-4
24/04/26 01:58:43 INFO executor.TestExecutorService: Running process #12, threadName=MASTER_SERVER_OPERATIONS-unit_test-3
24/04/26 01:58:43 INFO executor.TestExecutorService: Running process #15, threadName=MASTER_SERVER_OPERATIONS-unit_test-3
24/04/26 01:58:43 INFO executor.TestExecutorService: Running process #17, threadName=MASTER_SERVER_OPERATIONS-unit_test-1
24/04/26 01:58:43 INFO executor.TestExecutorService: Running process #19, threadName=MASTER_SERVER_OPERATIONS-unit_test-1
24/04/26 01:58:43 INFO executor.TestExecutorService: Running process #21, threadName=MASTER_SERVER_OPERATIONS-unit_test-4
24/04/26 01:58:43 INFO executor.TestExecutorService: Running process #22, threadName=MASTER_SERVER_OPERATIONS-unit_test-0
24/04/26 01:58:43 INFO executor.TestExecutorService: Running process #24, threadName=MASTER_SERVER_OPERATIONS-unit_test-4
24/04/26 01:58:43 INFO executor.TestExecutorService: Running process #27, threadName=MASTER_SERVER_OPERATIONS-unit_test-1
24/04/26 01:58:43 INFO executor.TestExecutorService: Running process #26, threadName=MASTER_SERVER_OPERATIONS-unit_test-2
24/04/26 01:58:45 ERROR executor.ExecutorService: Cannot submit [Event #16 of type M_SERVER_SHUTDOWN (class com.alibaba.wasp.executor.TestExecutorService$TestEventHandler)] because the executor is missing. Is this process shutting down?
24/04/26 01:58:45 INFO wasp.WaspTestingUtility: Starting up minicluster with 1 master(s) and 3 fserver(s) 
Starting DataNode 0 with dfs.data.dir: /home/alex/Repositories/wasp/target/test-data/25af1cf1-f85c-4ada-89fc-92a82a59bd8a/dfscluster_fc010e96-d1a3-41dd-95d5-6b1fb412306b/dfs/data/data1,/home/alex/Repositories/wasp/target/test-data/25af1cf1-f85c-4ada-89fc-92a82a59bd8a/dfscluster_fc010e96-d1a3-41dd-95d5-6b1fb412306b/dfs/data/data2
24/04/26 01:58:45 ERROR datanode.DataNode: All directories in dfs.data.dir are invalid.
24/04/26 01:58:45 INFO wasp.WaspTestingUtility: Shutting down mini wasp cluster
24/04/26 01:58:45 INFO wasp.WaspTestingUtility: Minicluster is down
java.lang.NullPointerException
	at org.apache.hadoop.hdfs.MiniDFSCluster.startDataNodes(MiniDFSCluster.java:422)
	at org.apache.hadoop.hdfs.MiniDFSCluster.<init>(MiniDFSCluster.java:280)
	at org.apache.hadoop.hbase.HBaseTestingUtility.startMiniDFSCluster(HBaseTestingUtility.java:451)
	at org.apache.hadoop.hbase.HBaseTestingUtility.startMiniCluster(HBaseTestingUtility.java:619)
	at org.apache.hadoop.hbase.HBaseTestingUtility.startMiniCluster(HBaseTestingUtility.java:575)
	at com.alibaba.wasp.WaspTestingUtility.startMiniCluster(WaspTestingUtility.java:172)
	at com.alibaba.wasp.WaspTestingUtility.startMiniCluster(WaspTestingUtility.java:144)
	at com.alibaba.wasp.fserver.TestEntityGroup.setUpBeforeClass(TestEntityGroup.java:97)
	at sun.reflect.NativeMethodAccessorImpl.invoke0(Native Method)
	at sun.reflect.NativeMethodAccessorImpl.invoke(NativeMethodAccessorImpl.java:62)
	at sun.reflect.DelegatingMethodAccessorImpl.invoke(DelegatingMethodAccessorImpl.java:43)
	at java.lang.reflect.Method.invoke(Method.java:498)
	at org.junit.runners.model.FrameworkMethod$1.runReflectiveCall(FrameworkMethod.java:45)
	at org.junit.internal.runners.model.ReflectiveCallable.run(ReflectiveCallable.java:15)
	at org.junit.runners.model.FrameworkMethod.invokeExplosively(FrameworkMethod.java:42)
	at org.junit.internal.runners.statements.RunBefores.evaluate(RunBefores.java:27)
	at org.junit.internal.runners.statements.RunAfters.evaluate(RunAfters.java:30)
	at org.junit.runners.ParentRunner.run(ParentRunner.java:300)
	at org.junit.runners.Suite.runChild(Suite.java:128)
	at org.junit.runners.Suite.runChild(Suite.java:24)
	at org.junit.runners.ParentRunner$3.run(ParentRunner.java:231)
	at org.junit.runners.ParentRunner$1.schedule(ParentRunner.java:60)
	at org.junit.runners.ParentRunner.runChildren(ParentRunner.java:229)
	at org.junit.runners.ParentRunner.access$000(ParentRunner.java:50)
	at org.junit.runners.ParentRunner$2.evaluate(ParentRunner.java:222)
	at org.junit.runners.ParentRunner.run(ParentRunner.java:300)
	at org.junit.runner.JUnitCore.run(JUnitCore.java:157)
	at org.junit.runner.JUnitCore.run(JUnitCore.java:136)
	at edu.illinois.cs.testrunner.execution.JUnitTestExecutor.execute(JUnitTestExecutor.java:259)
	at edu.illinois.cs.testrunner.execution.JUnitTestExecutor.executeWithJUnit4Runner(JUnitTestExecutor.java:327)
	at edu.illinois.cs.testrunner.execution.JUnitTestExecutor.runOrder(JUnitTestExecutor.java:49)
	at edu.illinois.cs.testrunner.execution.Executor$.$anonfun$run$1(Executor.scala:30)
	at scala.runtime.java8.JFunction0$mcV$sp.apply(JFunction0$mcV$sp.java:12)
	at scala.util.Try$.apply(Try.scala:209)
	at edu.illinois.cs.testrunner.execution.Executor$.run(Executor.scala:28)
	at edu.illinois.cs.testrunner.execution.Executor$.main(Executor.scala:18)
	at edu.illinois.cs.testrunner.execution.Executor.main(Executor.scala)
24/04/26 01:58:45 DEBUG druid.DruidParser: Parsing SQL CREATE TABLE User { Required Int64 user_id; Required String name; Optional DOUBLE value; }  primary key(user_id),  entity group root, entity group key(user_id);
24/04/26 01:58:45 DEBUG druid.DruidDDLParser: CreateTablePlan CreateTablePlan [table=CREATE TABLE User { 
  REQUIRED INT64 user_id COLUMNFAMILY d;
  REQUIRED STRING name COLUMNFAMILY d;
  OPTIONAL DOUBLE value COLUMNFAMILY d;
} 
PRIMARY KEY(user_id),
ENTITY GROUP ROOT,
ENTITY GROUP KEY(user_id);
, splitKeys=null]
24/04/26 01:58:45 DEBUG fserver.MetricsEntityGroupSourceImpl: Creating new MetricsEntityGroupSourceImpl for table User d0f442df2094a7aee392b50ba26536a8
24/04/26 01:58:45 DEBUG fserver.EntityGroup: Instantiated User,,1714093125350.d0f442df2094a7aee392b50ba26536a8.
Exception in thread "Thread-51" java.lang.NullPointerException
	at com.alibaba.wasp.fserver.EntityGroup.run(EntityGroup.java:1264)
	at java.lang.Thread.run(Thread.java:750)
24/04/26 01:58:45 DEBUG druid.DruidParser: Parsing SQL DELETE FROM User WHERE user_id = 123;
24/04/26 01:58:45 DEBUG druid.DruidDMLParser: UPDATE SQL From clause User
24/04/26 01:58:45 DEBUG druid.DruidDMLParser: UPDATE SQL where user_id = 123
24/04/26 01:58:45 DEBUG druid.DruidDMLParser: DeletePlan DeletePlan [actions=[DeleteAction [tableName=User, primayKey=[0, 0, 0, 0, 0, 0, 0, 123]]]]
24/04/26 01:58:45 ERROR fserver.EntityGroup: PrepareDeleteEntity failed.
java.lang.NullPointerException
	at com.alibaba.wasp.storage.StorageServicesImpl.getRowBeforeDelete(StorageServicesImpl.java:90)
	at com.alibaba.wasp.fserver.EntityGroup.prepareDeleteEntity(EntityGroup.java:800)
	at com.alibaba.wasp.fserver.EntityGroup.delete(EntityGroup.java:769)
	at com.alibaba.wasp.fserver.TestEntityGroupAlone.testDelete(TestEntityGroupAlone.java:147)
	at sun.reflect.NativeMethodAccessorImpl.invoke0(Native Method)
	at sun.reflect.NativeMethodAccessorImpl.invoke(NativeMethodAccessorImpl.java:62)
	at sun.reflect.DelegatingMethodAccessorImpl.invoke(DelegatingMethodAccessorImpl.java:43)
	at java.lang.reflect.Method.invoke(Method.java:498)
	at org.junit.runners.model.FrameworkMethod$1.runReflectiveCall(FrameworkMethod.java:45)
	at org.junit.internal.runners.model.ReflectiveCallable.run(ReflectiveCallable.java:15)
	at org.junit.runners.model.FrameworkMethod.invokeExplosively(FrameworkMethod.java:42)
	at org.junit.internal.runners.statements.InvokeMethod.evaluate(InvokeMethod.java:20)
	at org.junit.internal.runners.statements.RunBefores.evaluate(RunBefores.java:28)
	at org.junit.internal.runners.statements.RunAfters.evaluate(RunAfters.java:30)
	at org.junit.runners.ParentRunner.runLeaf(ParentRunner.java:263)
	at org.junit.runners.BlockJUnit4ClassRunner.runChild(BlockJUnit4ClassRunner.java:68)
	at org.junit.runners.BlockJUnit4ClassRunner.runChild(BlockJUnit4ClassRunner.java:47)
	at org.junit.runners.ParentRunner$3.run(ParentRunner.java:231)
	at org.junit.runners.ParentRunner$1.schedule(ParentRunner.java:60)
	at org.junit.runners.ParentRunner.runChildren(ParentRunner.java:229)
	at org.junit.runners.ParentRunner.access$000(ParentRunner.java:50)
	at org.junit.runners.ParentRunner$2.evaluate(ParentRunner.java:222)
	at org.junit.internal.runners.statements.RunBefores.evaluate(RunBefores.java:28)
	at org.junit.internal.runners.statements.RunAfters.evaluate(RunAfters.java:30)
	at org.junit.runners.ParentRunner.run(ParentRunner.java:300)
	at org.junit.runners.Suite.runChild(Suite.java:128)
	at org.junit.runners.Suite.runChild(Suite.java:24)
	at org.junit.runners.ParentRunner$3.run(ParentRunner.java:231)
	at org.junit.runners.ParentRunner$1.schedule(ParentRunner.java:60)
	at org.junit.runners.ParentRunner.runChildren(ParentRunner.java:229)
	at org.junit.runners.ParentRunner.access$000(ParentRunner.java:50)
	at org.junit.runners.ParentRunner$2.evaluate(ParentRunner.java:222)
	at org.junit.runners.ParentRunner.run(ParentRunner.java:300)
	at org.junit.runner.JUnitCore.run(JUnitCore.java:157)
	at org.junit.runner.JUnitCore.run(JUnitCore.java:136)
	at edu.illinois.cs.testrunner.execution.JUnitTestExecutor.execute(JUnitTestExecutor.java:259)
	at edu.illinois.cs.testrunner.execution.JUnitTestExecutor.executeWithJUnit4Runner(JUnitTestExecutor.java:327)
	at edu.illinois.cs.testrunner.execution.JUnitTestExecutor.runOrder(JUnitTestExecutor.java:49)
	at edu.illinois.cs.testrunner.execution.Executor$.$anonfun$run$1(Executor.scala:30)
	at scala.runtime.java8.JFunction0$mcV$sp.apply(JFunction0$mcV$sp.java:12)
	at scala.util.Try$.apply(Try.scala:209)
	at edu.illinois.cs.testrunner.execution.Executor$.run(Executor.scala:28)
	at edu.illinois.cs.testrunner.execution.Executor$.main(Executor.scala:18)
	at edu.illinois.cs.testrunner.execution.Executor.main(Executor.scala)
24/04/26 01:58:45 DEBUG druid.DruidParser: Parsing SQL Insert into User(user_id,name) values(1,'binlijin');
24/04/26 01:58:45 DEBUG druid.DruidDMLParser: INSERT SQL TableSource User
24/04/26 01:58:45 DEBUG druid.DruidDMLParser: From table User
24/04/26 01:58:45 DEBUG druid.DruidDMLParser:  SQLInsertItem user_id
24/04/26 01:58:45 DEBUG druid.DruidDMLParser:  SQLInsertItem name
24/04/26 01:58:45 DEBUG druid.DruidDMLParser: INSERT SQL Insert columns [user_id, name]
24/04/26 01:58:45 DEBUG druid.DruidDMLParser: INSERT SQL Insert Values List [ VALUES (1, 'binlijin')]
24/04/26 01:58:45 DEBUG druid.DruidDMLParser: InsertPlan InsertPlan [actions=[InsertAction [tableName=User, primayKey=[0, 0, 0, 0, 0, 0, 0, 1], columns=[ColumnAction [tableName=User, familyName=d, columnName=user_id, value=[0, 0, 0, 0, 0, 0, 0, 1], isIndex=false], ColumnAction [tableName=User, familyName=d, columnName=name, value=[98, 105, 110, 108, 105, 106, 105, 110], isIndex=false]]]]]
24/04/26 01:58:45 DEBUG fserver.EntityGroup: prepareInsertEntity indexs:[]
24/04/26 01:58:45 ERROR fserver.EntityGroup: PrepareInsertEntity failed.
java.lang.NullPointerException
	at com.alibaba.wasp.storage.StorageServicesImpl.checkRowExistsBeforeInsert(StorageServicesImpl.java:66)
	at com.alibaba.wasp.fserver.EntityGroup.prepareInsertEntity(EntityGroup.java:548)
	at com.alibaba.wasp.fserver.EntityGroup.insert(EntityGroup.java:412)
	at com.alibaba.wasp.fserver.TestEntityGroupAlone.testInsert(TestEntityGroupAlone.java:105)
	at sun.reflect.NativeMethodAccessorImpl.invoke0(Native Method)
	at sun.reflect.NativeMethodAccessorImpl.invoke(NativeMethodAccessorImpl.java:62)
	at sun.reflect.DelegatingMethodAccessorImpl.invoke(DelegatingMethodAccessorImpl.java:43)
	at java.lang.reflect.Method.invoke(Method.java:498)
	at org.junit.runners.model.FrameworkMethod$1.runReflectiveCall(FrameworkMethod.java:45)
	at org.junit.internal.runners.model.ReflectiveCallable.run(ReflectiveCallable.java:15)
	at org.junit.runners.model.FrameworkMethod.invokeExplosively(FrameworkMethod.java:42)
	at org.junit.internal.runners.statements.InvokeMethod.evaluate(InvokeMethod.java:20)
	at org.junit.internal.runners.statements.RunBefores.evaluate(RunBefores.java:28)
	at org.junit.internal.runners.statements.RunAfters.evaluate(RunAfters.java:30)
	at org.junit.runners.ParentRunner.runLeaf(ParentRunner.java:263)
	at org.junit.runners.BlockJUnit4ClassRunner.runChild(BlockJUnit4ClassRunner.java:68)
	at org.junit.runners.BlockJUnit4ClassRunner.runChild(BlockJUnit4ClassRunner.java:47)
	at org.junit.runners.ParentRunner$3.run(ParentRunner.java:231)
	at org.junit.runners.ParentRunner$1.schedule(ParentRunner.java:60)
	at org.junit.runners.ParentRunner.runChildren(ParentRunner.java:229)
	at org.junit.runners.ParentRunner.access$000(ParentRunner.java:50)
	at org.junit.runners.ParentRunner$2.evaluate(ParentRunner.java:222)
	at org.junit.internal.runners.statements.RunBefores.evaluate(RunBefores.java:28)
	at org.junit.internal.runners.statements.RunAfters.evaluate(RunAfters.java:30)
	at org.junit.runners.ParentRunner.run(ParentRunner.java:300)
	at org.junit.runners.Suite.runChild(Suite.java:128)
	at org.junit.runners.Suite.runChild(Suite.java:24)
	at org.junit.runners.ParentRunner$3.run(ParentRunner.java:231)
	at org.junit.runners.ParentRunner$1.schedule(ParentRunner.java:60)
	at org.junit.runners.ParentRunner.runChildren(ParentRunner.java:229)
	at org.junit.runners.ParentRunner.access$000(ParentRunner.java:50)
	at org.junit.runners.ParentRunner$2.evaluate(ParentRunner.java:222)
	at org.junit.runners.ParentRunner.run(ParentRunner.java:300)
	at org.junit.runner.JUnitCore.run(JUnitCore.java:157)
	at org.junit.runner.JUnitCore.run(JUnitCore.java:136)
	at edu.illinois.cs.testrunner.execution.JUnitTestExecutor.execute(JUnitTestExecutor.java:259)
	at edu.illinois.cs.testrunner.execution.JUnitTestExecutor.executeWithJUnit4Runner(JUnitTestExecutor.java:327)
	at edu.illinois.cs.testrunner.execution.JUnitTestExecutor.runOrder(JUnitTestExecutor.java:49)
	at edu.illinois.cs.testrunner.execution.Executor$.$anonfun$run$1(Executor.scala:30)
	at scala.runtime.java8.JFunction0$mcV$sp.apply(JFunction0$mcV$sp.java:12)
	at scala.util.Try$.apply(Try.scala:209)
	at edu.illinois.cs.testrunner.execution.Executor$.run(Executor.scala:28)
	at edu.illinois.cs.testrunner.execution.Executor$.main(Executor.scala:18)
	at edu.illinois.cs.testrunner.execution.Executor.main(Executor.scala)
24/04/26 01:58:45 DEBUG druid.DruidParser: Parsing SQL UPDATE User SET name = 'Mike' WHERE user_id = 123;
24/04/26 01:58:45 DEBUG druid.DruidDMLParser: UPDATE SQL From clause User
24/04/26 01:58:45 DEBUG druid.DruidDMLParser: UPDATE SQL where user_id = 123
24/04/26 01:58:45 DEBUG druid.DruidDMLParser: UpdatePlan UpdatePlan [actions=[UpdateAction [primayKey=[0, 0, 0, 0, 0, 0, 0, 123], tableName=User, columns=[ColumnAction [tableName=User, familyName=d, columnName=name, value=[77, 105, 107, 101], isIndex=false]]]]]
24/04/26 01:58:45 ERROR fserver.EntityGroup: PrepareUpdateEntity failed.
java.lang.NullPointerException
	at com.alibaba.wasp.storage.StorageServicesImpl.getRowBeforeUpdate(StorageServicesImpl.java:75)
	at com.alibaba.wasp.fserver.EntityGroup.prepareUpdateEntity(EntityGroup.java:674)
	at com.alibaba.wasp.fserver.EntityGroup.update(EntityGroup.java:607)
	at com.alibaba.wasp.fserver.TestEntityGroupAlone.testUpdate(TestEntityGroupAlone.java:126)
	at sun.reflect.NativeMethodAccessorImpl.invoke0(Native Method)
	at sun.reflect.NativeMethodAccessorImpl.invoke(NativeMethodAccessorImpl.java:62)
	at sun.reflect.DelegatingMethodAccessorImpl.invoke(DelegatingMethodAccessorImpl.java:43)
	at java.lang.reflect.Method.invoke(Method.java:498)
	at org.junit.runners.model.FrameworkMethod$1.runReflectiveCall(FrameworkMethod.java:45)
	at org.junit.internal.runners.model.ReflectiveCallable.run(ReflectiveCallable.java:15)
	at org.junit.runners.model.FrameworkMethod.invokeExplosively(FrameworkMethod.java:42)
	at org.junit.internal.runners.statements.InvokeMethod.evaluate(InvokeMethod.java:20)
	at org.junit.internal.runners.statements.RunBefores.evaluate(RunBefores.java:28)
	at org.junit.internal.runners.statements.RunAfters.evaluate(RunAfters.java:30)
	at org.junit.runners.ParentRunner.runLeaf(ParentRunner.java:263)
	at org.junit.runners.BlockJUnit4ClassRunner.runChild(BlockJUnit4ClassRunner.java:68)
	at org.junit.runners.BlockJUnit4ClassRunner.runChild(BlockJUnit4ClassRunner.java:47)
	at org.junit.runners.ParentRunner$3.run(ParentRunner.java:231)
	at org.junit.runners.ParentRunner$1.schedule(ParentRunner.java:60)
	at org.junit.runners.ParentRunner.runChildren(ParentRunner.java:229)
	at org.junit.runners.ParentRunner.access$000(ParentRunner.java:50)
	at org.junit.runners.ParentRunner$2.evaluate(ParentRunner.java:222)
	at org.junit.internal.runners.statements.RunBefores.evaluate(RunBefores.java:28)
	at org.junit.internal.runners.statements.RunAfters.evaluate(RunAfters.java:30)
	at org.junit.runners.ParentRunner.run(ParentRunner.java:300)
	at org.junit.runners.Suite.runChild(Suite.java:128)
	at org.junit.runners.Suite.runChild(Suite.java:24)
	at org.junit.runners.ParentRunner$3.run(ParentRunner.java:231)
	at org.junit.runners.ParentRunner$1.schedule(ParentRunner.java:60)
	at org.junit.runners.ParentRunner.runChildren(ParentRunner.java:229)
	at org.junit.runners.ParentRunner.access$000(ParentRunner.java:50)
	at org.junit.runners.ParentRunner$2.evaluate(ParentRunner.java:222)
	at org.junit.runners.ParentRunner.run(ParentRunner.java:300)
	at org.junit.runner.JUnitCore.run(JUnitCore.java:157)
	at org.junit.runner.JUnitCore.run(JUnitCore.java:136)
	at edu.illinois.cs.testrunner.execution.JUnitTestExecutor.execute(JUnitTestExecutor.java:259)
	at edu.illinois.cs.testrunner.execution.JUnitTestExecutor.executeWithJUnit4Runner(JUnitTestExecutor.java:327)
	at edu.illinois.cs.testrunner.execution.JUnitTestExecutor.runOrder(JUnitTestExecutor.java:49)
	at edu.illinois.cs.testrunner.execution.Executor$.$anonfun$run$1(Executor.scala:30)
	at scala.runtime.java8.JFunction0$mcV$sp.apply(JFunction0$mcV$sp.java:12)
	at scala.util.Try$.apply(Try.scala:209)
	at edu.illinois.cs.testrunner.execution.Executor$.run(Executor.scala:28)
	at edu.illinois.cs.testrunner.execution.Executor$.main(Executor.scala:18)
	at edu.illinois.cs.testrunner.execution.Executor.main(Executor.scala)



Before setUpBeforeClass



24/04/26 01:58:45 INFO wasp.WaspTestingUtility: Starting up minicluster with 1 master(s) and 3 fserver(s) 
Starting DataNode 0 with dfs.data.dir: /home/alex/Repositories/wasp/target/test-data/b472f072-c355-4f4e-8d82-644995a9dc24/dfscluster_f80953d0-d89f-42b9-94fd-65f1a9043a0f/dfs/data/data1,/home/alex/Repositories/wasp/target/test-data/b472f072-c355-4f4e-8d82-644995a9dc24/dfscluster_f80953d0-d89f-42b9-94fd-65f1a9043a0f/dfs/data/data2
24/04/26 01:58:45 ERROR datanode.DataNode: All directories in dfs.data.dir are invalid.
24/04/26 01:58:45 INFO wasp.WaspTestingUtility: Shutting down mini wasp cluster
24/04/26 01:58:45 INFO wasp.WaspTestingUtility: Minicluster is down
java.lang.NullPointerException
	at org.apache.hadoop.hdfs.MiniDFSCluster.startDataNodes(MiniDFSCluster.java:422)
	at org.apache.hadoop.hdfs.MiniDFSCluster.<init>(MiniDFSCluster.java:280)
	at org.apache.hadoop.hbase.HBaseTestingUtility.startMiniDFSCluster(HBaseTestingUtility.java:451)
	at org.apache.hadoop.hbase.HBaseTestingUtility.startMiniCluster(HBaseTestingUtility.java:619)
	at org.apache.hadoop.hbase.HBaseTestingUtility.startMiniCluster(HBaseTestingUtility.java:575)
	at com.alibaba.wasp.WaspTestingUtility.startMiniCluster(WaspTestingUtility.java:172)
	at com.alibaba.wasp.WaspTestingUtility.startMiniCluster(WaspTestingUtility.java:144)
	at com.alibaba.wasp.fserver.TestEntityGroupOnCluster.setUpBeforeClass(TestEntityGroupOnCluster.java:90)
	at sun.reflect.NativeMethodAccessorImpl.invoke0(Native Method)
	at sun.reflect.NativeMethodAccessorImpl.invoke(NativeMethodAccessorImpl.java:62)
	at sun.reflect.DelegatingMethodAccessorImpl.invoke(DelegatingMethodAccessorImpl.java:43)
	at java.lang.reflect.Method.invoke(Method.java:498)
	at org.junit.runners.model.FrameworkMethod$1.runReflectiveCall(FrameworkMethod.java:45)
	at org.junit.internal.runners.model.ReflectiveCallable.run(ReflectiveCallable.java:15)
	at org.junit.runners.model.FrameworkMethod.invokeExplosively(FrameworkMethod.java:42)
	at org.junit.internal.runners.statements.RunBefores.evaluate(RunBefores.java:27)
	at org.junit.internal.runners.statements.RunAfters.evaluate(RunAfters.java:30)
	at org.junit.runners.ParentRunner.run(ParentRunner.java:300)
	at org.junit.runners.Suite.runChild(Suite.java:128)
	at org.junit.runners.Suite.runChild(Suite.java:24)
	at org.junit.runners.ParentRunner$3.run(ParentRunner.java:231)
	at org.junit.runners.ParentRunner$1.schedule(ParentRunner.java:60)
	at org.junit.runners.ParentRunner.runChildren(ParentRunner.java:229)
	at org.junit.runners.ParentRunner.access$000(ParentRunner.java:50)
	at org.junit.runners.ParentRunner$2.evaluate(ParentRunner.java:222)
	at org.junit.runners.ParentRunner.run(ParentRunner.java:300)
	at org.junit.runner.JUnitCore.run(JUnitCore.java:157)
	at org.junit.runner.JUnitCore.run(JUnitCore.java:136)
	at edu.illinois.cs.testrunner.execution.JUnitTestExecutor.execute(JUnitTestExecutor.java:259)
	at edu.illinois.cs.testrunner.execution.JUnitTestExecutor.executeWithJUnit4Runner(JUnitTestExecutor.java:327)
	at edu.illinois.cs.testrunner.execution.JUnitTestExecutor.runOrder(JUnitTestExecutor.java:49)
	at edu.illinois.cs.testrunner.execution.Executor$.$anonfun$run$1(Executor.scala:30)
	at scala.runtime.java8.JFunction0$mcV$sp.apply(JFunction0$mcV$sp.java:12)
	at scala.util.Try$.apply(Try.scala:209)
	at edu.illinois.cs.testrunner.execution.Executor$.run(Executor.scala:28)
	at edu.illinois.cs.testrunner.execution.Executor$.main(Executor.scala:18)
	at edu.illinois.cs.testrunner.execution.Executor.main(Executor.scala)
24/04/26 01:58:45 INFO wasp.WaspTestingUtility: Starting up minicluster with 1 master(s) and 1 fserver(s) 
Starting DataNode 0 with dfs.data.dir: /home/alex/Repositories/wasp/target/test-data/b310a3d9-245a-476e-ac8f-2afa3622c87e/dfscluster_e7a8419a-afd2-4b1a-997a-c71afdaea77b/dfs/data/data1,/home/alex/Repositories/wasp/target/test-data/b310a3d9-245a-476e-ac8f-2afa3622c87e/dfscluster_e7a8419a-afd2-4b1a-997a-c71afdaea77b/dfs/data/data2
24/04/26 01:58:46 ERROR datanode.DataNode: All directories in dfs.data.dir are invalid.
24/04/26 01:58:46 INFO wasp.WaspTestingUtility: Shutting down mini wasp cluster
24/04/26 01:58:46 INFO wasp.WaspTestingUtility: Minicluster is down
java.lang.NullPointerException
	at org.apache.hadoop.hdfs.MiniDFSCluster.startDataNodes(MiniDFSCluster.java:422)
	at org.apache.hadoop.hdfs.MiniDFSCluster.<init>(MiniDFSCluster.java:280)
	at org.apache.hadoop.hbase.HBaseTestingUtility.startMiniDFSCluster(HBaseTestingUtility.java:451)
	at org.apache.hadoop.hbase.HBaseTestingUtility.startMiniCluster(HBaseTestingUtility.java:619)
	at org.apache.hadoop.hbase.HBaseTestingUtility.startMiniCluster(HBaseTestingUtility.java:575)
	at com.alibaba.wasp.WaspTestingUtility.startMiniCluster(WaspTestingUtility.java:172)
	at com.alibaba.wasp.WaspTestingUtility.startMiniCluster(WaspTestingUtility.java:144)
	at com.alibaba.wasp.fserver.TestSplitTransaction.before(TestSplitTransaction.java:67)
	at sun.reflect.NativeMethodAccessorImpl.invoke0(Native Method)
	at sun.reflect.NativeMethodAccessorImpl.invoke(NativeMethodAccessorImpl.java:62)
	at sun.reflect.DelegatingMethodAccessorImpl.invoke(DelegatingMethodAccessorImpl.java:43)
	at java.lang.reflect.Method.invoke(Method.java:498)
	at org.junit.runners.model.FrameworkMethod$1.runReflectiveCall(FrameworkMethod.java:45)
	at org.junit.internal.runners.model.ReflectiveCallable.run(ReflectiveCallable.java:15)
	at org.junit.runners.model.FrameworkMethod.invokeExplosively(FrameworkMethod.java:42)
	at org.junit.internal.runners.statements.RunBefores.evaluate(RunBefores.java:27)
	at org.junit.internal.runners.statements.RunAfters.evaluate(RunAfters.java:30)
	at org.junit.runners.ParentRunner.run(ParentRunner.java:300)
	at org.junit.runners.Suite.runChild(Suite.java:128)
	at org.junit.runners.Suite.runChild(Suite.java:24)
	at org.junit.runners.ParentRunner$3.run(ParentRunner.java:231)
	at org.junit.runners.ParentRunner$1.schedule(ParentRunner.java:60)
	at org.junit.runners.ParentRunner.runChildren(ParentRunner.java:229)
	at org.junit.runners.ParentRunner.access$000(ParentRunner.java:50)
	at org.junit.runners.ParentRunner$2.evaluate(ParentRunner.java:222)
	at org.junit.runners.ParentRunner.run(ParentRunner.java:300)
	at org.junit.runner.JUnitCore.run(JUnitCore.java:157)
	at org.junit.runner.JUnitCore.run(JUnitCore.java:136)
	at edu.illinois.cs.testrunner.execution.JUnitTestExecutor.execute(JUnitTestExecutor.java:259)
	at edu.illinois.cs.testrunner.execution.JUnitTestExecutor.executeWithJUnit4Runner(JUnitTestExecutor.java:327)
	at edu.illinois.cs.testrunner.execution.JUnitTestExecutor.runOrder(JUnitTestExecutor.java:49)
	at edu.illinois.cs.testrunner.execution.Executor$.$anonfun$run$1(Executor.scala:30)
	at scala.runtime.java8.JFunction0$mcV$sp.apply(JFunction0$mcV$sp.java:12)
	at scala.util.Try$.apply(Try.scala:209)
	at edu.illinois.cs.testrunner.execution.Executor$.run(Executor.scala:28)
	at edu.illinois.cs.testrunner.execution.Executor$.main(Executor.scala:18)
	at edu.illinois.cs.testrunner.execution.Executor.main(Executor.scala)
24/04/26 01:58:46 INFO wasp.WaspTestingUtility: Starting up minicluster with 1 master(s) and 5 fserver(s) 
Starting DataNode 0 with dfs.data.dir: /home/alex/Repositories/wasp/target/test-data/ae4fab3c-4383-4365-b21b-3ee741d374ff/dfscluster_c6946d32-53a1-45c6-bf59-80d4f60ff9c4/dfs/data/data1,/home/alex/Repositories/wasp/target/test-data/ae4fab3c-4383-4365-b21b-3ee741d374ff/dfscluster_c6946d32-53a1-45c6-bf59-80d4f60ff9c4/dfs/data/data2
24/04/26 01:58:46 ERROR datanode.DataNode: All directories in dfs.data.dir are invalid.
24/04/26 01:58:46 INFO wasp.WaspTestingUtility: Shutting down mini wasp cluster
24/04/26 01:58:46 INFO wasp.WaspTestingUtility: Minicluster is down
java.lang.NullPointerException
	at org.apache.hadoop.hdfs.MiniDFSCluster.startDataNodes(MiniDFSCluster.java:422)
	at org.apache.hadoop.hdfs.MiniDFSCluster.<init>(MiniDFSCluster.java:280)
	at org.apache.hadoop.hbase.HBaseTestingUtility.startMiniDFSCluster(HBaseTestingUtility.java:451)
	at org.apache.hadoop.hbase.HBaseTestingUtility.startMiniCluster(HBaseTestingUtility.java:619)
	at org.apache.hadoop.hbase.HBaseTestingUtility.startMiniCluster(HBaseTestingUtility.java:575)
	at com.alibaba.wasp.WaspTestingUtility.startMiniCluster(WaspTestingUtility.java:172)
	at com.alibaba.wasp.WaspTestingUtility.startMiniCluster(WaspTestingUtility.java:144)
	at com.alibaba.wasp.fserver.TestSplitTransactionOnCluster.before(TestSplitTransactionOnCluster.java:95)
	at sun.reflect.NativeMethodAccessorImpl.invoke0(Native Method)
	at sun.reflect.NativeMethodAccessorImpl.invoke(NativeMethodAccessorImpl.java:62)
	at sun.reflect.DelegatingMethodAccessorImpl.invoke(DelegatingMethodAccessorImpl.java:43)
	at java.lang.reflect.Method.invoke(Method.java:498)
	at org.junit.runners.model.FrameworkMethod$1.runReflectiveCall(FrameworkMethod.java:45)
	at org.junit.internal.runners.model.ReflectiveCallable.run(ReflectiveCallable.java:15)
	at org.junit.runners.model.FrameworkMethod.invokeExplosively(FrameworkMethod.java:42)
	at org.junit.internal.runners.statements.RunBefores.evaluate(RunBefores.java:27)
	at org.junit.internal.runners.statements.RunAfters.evaluate(RunAfters.java:30)
	at org.junit.runners.ParentRunner.run(ParentRunner.java:300)
	at org.junit.runners.Suite.runChild(Suite.java:128)
	at org.junit.runners.Suite.runChild(Suite.java:24)
	at org.junit.runners.ParentRunner$3.run(ParentRunner.java:231)
	at org.junit.runners.ParentRunner$1.schedule(ParentRunner.java:60)
	at org.junit.runners.ParentRunner.runChildren(ParentRunner.java:229)
	at org.junit.runners.ParentRunner.access$000(ParentRunner.java:50)
	at org.junit.runners.ParentRunner$2.evaluate(ParentRunner.java:222)
	at org.junit.runners.ParentRunner.run(ParentRunner.java:300)
	at org.junit.runner.JUnitCore.run(JUnitCore.java:157)
	at org.junit.runner.JUnitCore.run(JUnitCore.java:136)
	at edu.illinois.cs.testrunner.execution.JUnitTestExecutor.execute(JUnitTestExecutor.java:259)
	at edu.illinois.cs.testrunner.execution.JUnitTestExecutor.executeWithJUnit4Runner(JUnitTestExecutor.java:327)
	at edu.illinois.cs.testrunner.execution.JUnitTestExecutor.runOrder(JUnitTestExecutor.java:49)
	at edu.illinois.cs.testrunner.execution.Executor$.$anonfun$run$1(Executor.scala:30)
	at scala.runtime.java8.JFunction0$mcV$sp.apply(JFunction0$mcV$sp.java:12)
	at scala.util.Try$.apply(Try.scala:209)
	at edu.illinois.cs.testrunner.execution.Executor$.run(Executor.scala:28)
	at edu.illinois.cs.testrunner.execution.Executor$.main(Executor.scala:18)
	at edu.illinois.cs.testrunner.execution.Executor.main(Executor.scala)
24/04/26 01:58:46 INFO wasp.WaspTestingUtility: Starting up minicluster with 1 master(s) and 3 fserver(s) 
Starting DataNode 0 with dfs.data.dir: /home/alex/Repositories/wasp/target/test-data/3a3d2029-63db-40c2-b957-be94ddfd9dfb/dfscluster_bf1337e1-7c2e-45f1-a60a-fb8ebf170cd9/dfs/data/data1,/home/alex/Repositories/wasp/target/test-data/3a3d2029-63db-40c2-b957-be94ddfd9dfb/dfscluster_bf1337e1-7c2e-45f1-a60a-fb8ebf170cd9/dfs/data/data2
24/04/26 01:58:46 ERROR datanode.DataNode: All directories in dfs.data.dir are invalid.
24/04/26 01:58:46 INFO wasp.WaspTestingUtility: Shutting down mini wasp cluster
24/04/26 01:58:46 INFO wasp.WaspTestingUtility: Minicluster is down
java.lang.NullPointerException
	at org.apache.hadoop.hdfs.MiniDFSCluster.startDataNodes(MiniDFSCluster.java:422)
	at org.apache.hadoop.hdfs.MiniDFSCluster.<init>(MiniDFSCluster.java:280)
	at org.apache.hadoop.hbase.HBaseTestingUtility.startMiniDFSCluster(HBaseTestingUtility.java:451)
	at org.apache.hadoop.hbase.HBaseTestingUtility.startMiniCluster(HBaseTestingUtility.java:619)
	at org.apache.hadoop.hbase.HBaseTestingUtility.startMiniCluster(HBaseTestingUtility.java:575)
	at com.alibaba.wasp.WaspTestingUtility.startMiniCluster(WaspTestingUtility.java:172)
	at com.alibaba.wasp.WaspTestingUtility.startMiniCluster(WaspTestingUtility.java:144)
	at com.alibaba.wasp.fserver.TestTwoPhaseCommit.setUpBeforeClass(TestTwoPhaseCommit.java:73)
	at sun.reflect.NativeMethodAccessorImpl.invoke0(Native Method)
	at sun.reflect.NativeMethodAccessorImpl.invoke(NativeMethodAccessorImpl.java:62)
	at sun.reflect.DelegatingMethodAccessorImpl.invoke(DelegatingMethodAccessorImpl.java:43)
	at java.lang.reflect.Method.invoke(Method.java:498)
	at org.junit.runners.model.FrameworkMethod$1.runReflectiveCall(FrameworkMethod.java:45)
	at org.junit.internal.runners.model.ReflectiveCallable.run(ReflectiveCallable.java:15)
	at org.junit.runners.model.FrameworkMethod.invokeExplosively(FrameworkMethod.java:42)
	at org.junit.internal.runners.statements.RunBefores.evaluate(RunBefores.java:27)
	at org.junit.internal.runners.statements.RunAfters.evaluate(RunAfters.java:30)
	at org.junit.runners.ParentRunner.run(ParentRunner.java:300)
	at org.junit.runners.Suite.runChild(Suite.java:128)
	at org.junit.runners.Suite.runChild(Suite.java:24)
	at org.junit.runners.ParentRunner$3.run(ParentRunner.java:231)
	at org.junit.runners.ParentRunner$1.schedule(ParentRunner.java:60)
	at org.junit.runners.ParentRunner.runChildren(ParentRunner.java:229)
	at org.junit.runners.ParentRunner.access$000(ParentRunner.java:50)
	at org.junit.runners.ParentRunner$2.evaluate(ParentRunner.java:222)
	at org.junit.runners.ParentRunner.run(ParentRunner.java:300)
	at org.junit.runner.JUnitCore.run(JUnitCore.java:157)
	at org.junit.runner.JUnitCore.run(JUnitCore.java:136)
	at edu.illinois.cs.testrunner.execution.JUnitTestExecutor.execute(JUnitTestExecutor.java:259)
	at edu.illinois.cs.testrunner.execution.JUnitTestExecutor.executeWithJUnit4Runner(JUnitTestExecutor.java:327)
	at edu.illinois.cs.testrunner.execution.JUnitTestExecutor.runOrder(JUnitTestExecutor.java:49)
	at edu.illinois.cs.testrunner.execution.Executor$.$anonfun$run$1(Executor.scala:30)
	at scala.runtime.java8.JFunction0$mcV$sp.apply(JFunction0$mcV$sp.java:12)
	at scala.util.Try$.apply(Try.scala:209)
	at edu.illinois.cs.testrunner.execution.Executor$.run(Executor.scala:28)
	at edu.illinois.cs.testrunner.execution.Executor$.main(Executor.scala:18)
	at edu.illinois.cs.testrunner.execution.Executor.main(Executor.scala)
24/04/26 01:58:46 INFO server.NIOServerCnxnFactory: binding to port 0.0.0.0/0.0.0.0:64315
24/04/26 01:58:46 INFO persistence.FileTxnSnapLog: Snapshotting: 0x0 to /home/alex/Repositories/wasp/target/test-data/a4b6b488-99a2-4f91-b16d-b0391f8d4c87/dfscluster_10d9ed9a-5814-471f-9aaf-7ca7e2c3c4b7/zookeeper_0/version-2/snapshot.0
24/04/26 01:58:46 INFO server.NIOServerCnxnFactory: Accepted socket connection from /127.0.0.1:40522
24/04/26 01:58:46 DEBUG zookeeper.ZKUtil: MockServer,123,-1 opening connection to ZooKeeper with ensemble (localhost:64315)
24/04/26 01:58:46 INFO zookeeper.RecoverableZooKeeper: The identifier of this process is 63744@Lenovo-Bot
24/04/26 01:58:46 INFO server.NIOServerCnxnFactory: Accepted socket connection from /127.0.0.1:40526
24/04/26 01:58:46 INFO persistence.FileTxnLog: Creating new log file: log.1
24/04/26 01:58:46 DEBUG zookeeper.ZooKeeperWatcher: MockServer,123,-1 Received ZooKeeper Event, type=None, state=SyncConnected, path=null
24/04/26 01:58:46 DEBUG zookeeper.ZooKeeperWatcher: MockServer,123,-1-0xff8f17e973e00000 connected
24/04/26 01:58:46 DEBUG zookeeper.ZKAssign: MockServer,123,-1-0xff8f17e973e00000 Creating unassigned node for 15ab72675b1d51014cc277f1696effc2 in OFFLINE state
24/04/26 01:58:46 DEBUG zookeeper.ZKAssign: MockServer,123,-1-0xff8f17e973e00000 Attempting to transition node 15ab72675b1d51014cc277f1696effc2 from M_ZK_ENTITYGROUP_OFFLINE to FSERVER_ZK_ENTITYGROUP_OPENING
24/04/26 01:58:46 DEBUG zookeeper.ZKUtil: MockServer,123,-1-0xff8f17e973e00000 Retrieved 118 byte(s) of data from znode /wasp/unassigned/15ab72675b1d51014cc277f1696effc2; data=entityGroup=TestCloseEntityGroupHandler,\x00\x00\x00\x00,1714093126637.15ab72675b1d51014cc277f1696effc2., state=M_ZK_ENTITYGROUP_OFFLINE, servername=MockServer,123,-1, createTime=1714093126682, payload.length=0
24/04/26 01:58:46 DEBUG zookeeper.ZooKeeperWatcher: MockServer,123,-1-0xff8f17e973e00000 Received ZooKeeper Event, type=NodeDataChanged, state=SyncConnected, path=/wasp/unassigned/15ab72675b1d51014cc277f1696effc2
24/04/26 01:58:46 DEBUG zookeeper.ZKAssign: MockServer,123,-1-0xff8f17e973e00000 Successfully transitioned node 15ab72675b1d51014cc277f1696effc2 from M_ZK_ENTITYGROUP_OFFLINE to FSERVER_ZK_ENTITYGROUP_OPENING
24/04/26 01:58:46 INFO fserver.EntityGroup: EntityGroup.openEntityGroup EntityGroup name ==TestCloseEntityGroupHandler,\x00\x00\x00\x00,1714093126637.15ab72675b1d51014cc277f1696effc2.
24/04/26 01:58:46 DEBUG fserver.EntityGroup: Opening EntityGroup: {NAME => 'TestCloseEntityGroupHandler,\x00\x00\x00\x00,1714093126637.15ab72675b1d51014cc277f1696effc2.', STARTKEY => '\x00\x00\x00\x00', ENDKEY => '\x00\x00\x00\x01', ENCODED => 15ab72675b1d51014cc277f1696effc2,}
24/04/26 01:58:46 DEBUG fserver.MetricsEntityGroupSourceImpl: Creating new MetricsEntityGroupSourceImpl for table TestCloseEntityGroupHandler 15ab72675b1d51014cc277f1696effc2
24/04/26 01:58:46 DEBUG fserver.EntityGroup: Instantiated TestCloseEntityGroupHandler,\x00\x00\x00\x00,1714093126637.15ab72675b1d51014cc277f1696effc2.
24/04/26 01:58:46 DEBUG zookeeper.ZKAssign: MockServer,123,-1-0xff8f17e973e00000 Attempting to transition node 15ab72675b1d51014cc277f1696effc2 from FSERVER_ZK_ENTITYGROUP_OPENING to FSERVER_ZK_ENTITYGROUP_OPENING
24/04/26 01:58:46 ERROR server.NIOServerCnxnFactory: Thread Thread[Thread-147,5,main] died
java.lang.NullPointerException
	at com.alibaba.wasp.fserver.EntityGroup.run(EntityGroup.java:1264)
	at java.lang.Thread.run(Thread.java:750)
24/04/26 01:58:46 DEBUG zookeeper.ZKUtil: MockServer,123,-1-0xff8f17e973e00000 Retrieved 118 byte(s) of data from znode /wasp/unassigned/15ab72675b1d51014cc277f1696effc2; data=entityGroup=TestCloseEntityGroupHandler,\x00\x00\x00\x00,1714093126637.15ab72675b1d51014cc277f1696effc2., state=FSERVER_ZK_ENTITYGROUP_OPENING, servername=MockServer,123,-1, createTime=1714093126691, payload.length=0
24/04/26 01:58:46 DEBUG zookeeper.ZKAssign: MockServer,123,-1-0xff8f17e973e00000 Successfully transitioned node 15ab72675b1d51014cc277f1696effc2 from FSERVER_ZK_ENTITYGROUP_OPENING to FSERVER_ZK_ENTITYGROUP_OPENING
24/04/26 01:58:46 DEBUG zookeeper.ZKAssign: MockServer,123,-1-0xff8f17e973e00000 Attempting to transition node 15ab72675b1d51014cc277f1696effc2 from FSERVER_ZK_ENTITYGROUP_OPENING to FSERVER_ZK_ENTITYGROUP_OPENED
24/04/26 01:58:46 DEBUG zookeeper.ZKUtil: MockServer,123,-1-0xff8f17e973e00000 Retrieved 118 byte(s) of data from znode /wasp/unassigned/15ab72675b1d51014cc277f1696effc2; data=entityGroup=TestCloseEntityGroupHandler,\x00\x00\x00\x00,1714093126637.15ab72675b1d51014cc277f1696effc2., state=FSERVER_ZK_ENTITYGROUP_OPENING, servername=MockServer,123,-1, createTime=1714093126695, payload.length=0
24/04/26 01:58:46 DEBUG zookeeper.ZKAssign: MockServer,123,-1-0xff8f17e973e00000 Successfully transitioned node 15ab72675b1d51014cc277f1696effc2 from FSERVER_ZK_ENTITYGROUP_OPENING to FSERVER_ZK_ENTITYGROUP_OPENED
24/04/26 01:58:46 DEBUG handler.OpenEntityGroupHandler: entityGroup transitioned to opened in zookeeper: {NAME => 'TestCloseEntityGroupHandler,\x00\x00\x00\x00,1714093126637.15ab72675b1d51014cc277f1696effc2.', STARTKEY => '\x00\x00\x00\x00', ENDKEY => '\x00\x00\x00\x01', ENCODED => 15ab72675b1d51014cc277f1696effc2,}, server: MockServer,123,-1
24/04/26 01:58:46 DEBUG handler.OpenEntityGroupHandler: Opened TestCloseEntityGroupHandler,\x00\x00\x00\x00,1714093126637.15ab72675b1d51014cc277f1696effc2. on server:MockServer,123,-1
24/04/26 01:58:46 DEBUG zookeeper.ZKUtil: MockServer,123,-1-0xff8f17e973e00000 Retrieved 118 byte(s) of data from znode /wasp/unassigned/15ab72675b1d51014cc277f1696effc2 and set watcher; entityGroup=TestCloseEntityGroupHandler,\x00\x00\x00\x00,1714093126637.15ab72675b1d51014cc277f1696effc2., state=FSERVER_ZK_ENTITYGROUP_OPENED, servername=MockServer,123,-1, createTime=1714093126699, payload.length=0
24/04/26 01:58:46 DEBUG zookeeper.ZKAssign: MockServer,123,-1-0xff8f17e973e00000 Deleting existing unassigned node for 15ab72675b1d51014cc277f1696effc2 that is in expected state FSERVER_ZK_ENTITYGROUP_OPENED
24/04/26 01:58:46 DEBUG zookeeper.ZKUtil: MockServer,123,-1-0xff8f17e973e00000 Retrieved 118 byte(s) of data from znode /wasp/unassigned/15ab72675b1d51014cc277f1696effc2; data=entityGroup=TestCloseEntityGroupHandler,\x00\x00\x00\x00,1714093126637.15ab72675b1d51014cc277f1696effc2., state=FSERVER_ZK_ENTITYGROUP_OPENED, servername=MockServer,123,-1, createTime=1714093126699, payload.length=0
24/04/26 01:58:46 DEBUG zookeeper.ZooKeeperWatcher: MockServer,123,-1-0xff8f17e973e00000 Received ZooKeeper Event, type=NodeDeleted, state=SyncConnected, path=/wasp/unassigned/15ab72675b1d51014cc277f1696effc2
24/04/26 01:58:46 DEBUG zookeeper.ZKAssign: MockServer,123,-1-0xff8f17e973e00000 Successfully deleted unassigned node for entityGroup 15ab72675b1d51014cc277f1696effc2 in expected state FSERVER_ZK_ENTITYGROUP_OPENED
24/04/26 01:58:46 DEBUG zookeeper.ZKAssign: MockServer,123,-1-0xff8f17e973e00000 Creating unassigned node for 15ab72675b1d51014cc277f1696effc2 in a CLOSING state
24/04/26 01:58:46 DEBUG handler.CloseEntityGroupHandler: Processing close of TestCloseEntityGroupHandler,\x00\x00\x00\x00,1714093126637.15ab72675b1d51014cc277f1696effc2.
24/04/26 01:58:46 DEBUG fserver.EntityGroup: Closing TestCloseEntityGroupHandler,\x00\x00\x00\x00,1714093126637.15ab72675b1d51014cc277f1696effc2.
24/04/26 01:58:46 DEBUG fserver.EntityGroup: Updates disabled for entityGroup TestCloseEntityGroupHandler,\x00\x00\x00\x00,1714093126637.15ab72675b1d51014cc277f1696effc2.
24/04/26 01:58:46 INFO fserver.EntityGroup: Running commit transaction of TestCloseEntityGroupHandler,\x00\x00\x00\x00,1714093126637.15ab72675b1d51014cc277f1696effc2. before close
24/04/26 01:58:46 INFO fserver.EntityGroup: Closed TestCloseEntityGroupHandler,\x00\x00\x00\x00,1714093126637.15ab72675b1d51014cc277f1696effc2.
24/04/26 01:58:46 DEBUG zookeeper.ZKAssign: MockServer,123,-1-0xff8f17e973e00000 Attempting to transition node 15ab72675b1d51014cc277f1696effc2 from M_ZK_ENTITYGROUP_CLOSING to FSERVER_ZK_ENTITYGROUP_CLOSED
24/04/26 01:58:46 DEBUG zookeeper.ZKUtil: MockServer,123,-1-0xff8f17e973e00000 Retrieved 120 byte(s) of data from znode /wasp/unassigned/15ab72675b1d51014cc277f1696effc2; data=entityGroup=TestCloseEntityGroupHandler,\x00\x00\x00\x00,1714093126637.15ab72675b1d51014cc277f1696effc2., state=M_ZK_ENTITYGROUP_CLOSING, servername=MockServer,123,-1, createTime=1714093126704, payload.length=0
24/04/26 01:58:46 DEBUG zookeeper.ZooKeeperWatcher: MockServer,123,-1-0xff8f17e973e00000 Received ZooKeeper Event, type=NodeDataChanged, state=SyncConnected, path=/wasp/unassigned/15ab72675b1d51014cc277f1696effc2
24/04/26 01:58:46 DEBUG zookeeper.ZKAssign: MockServer,123,-1-0xff8f17e973e00000 Successfully transitioned node 15ab72675b1d51014cc277f1696effc2 from M_ZK_ENTITYGROUP_CLOSING to FSERVER_ZK_ENTITYGROUP_CLOSED
24/04/26 01:58:46 DEBUG handler.CloseEntityGroupHandler: set entityGroup closed state in zk successfully for entityGroup TestCloseEntityGroupHandler,\x00\x00\x00\x00,1714093126637.15ab72675b1d51014cc277f1696effc2. sn name: MockServer,123,-1
24/04/26 01:58:46 DEBUG handler.CloseEntityGroupHandler: Closed entityGroup TestCloseEntityGroupHandler,\x00\x00\x00\x00,1714093126637.15ab72675b1d51014cc277f1696effc2.
24/04/26 01:58:46 DEBUG zookeeper.ZKUtil: MockServer,123,-1-0xff8f17e973e00000 Retrieved 118 byte(s) of data from znode /wasp/unassigned/15ab72675b1d51014cc277f1696effc2 and set watcher; entityGroup=TestCloseEntityGroupHandler,\x00\x00\x00\x00,1714093126637.15ab72675b1d51014cc277f1696effc2., state=FSERVER_ZK_ENTITYGROUP_CLOSED, servername=MockServer,123,-1, createTime=1714093126711, payload.length=0
24/04/26 01:58:46 INFO fserver.EntityGroup: creating EntityGroup TestCloseEntityGroupHandler Table == CREATE TABLE TestCloseEntityGroupHandler { 
  REQUIRED INT32 column1 COLUMNFAMILY d;
  REQUIRED INT64 column2 COLUMNFAMILY d;
  REQUIRED STRING column3 COLUMNFAMILY d;
  OPTIONAL FLOAT column4 COLUMNFAMILY d;
  OPTIONAL DOUBLE column5 COLUMNFAMILY d;
  OPTIONAL DATETIME column6 COLUMNFAMILY d;
  REPEATED PROTOBUF column7 COLUMNFAMILY d;
  OPTIONAL STRING column8 COLUMNFAMILY d;
} 
PRIMARY KEY(column1),
ENTITY GROUP ROOT,
ENTITY GROUP KEY(column1);
 Table name == TestCloseEntityGroupHandler
24/04/26 01:58:46 DEBUG fserver.MetricsEntityGroupSourceImpl: Creating new MetricsEntityGroupSourceImpl for table TestCloseEntityGroupHandler b97220f2e51a0cf48d59b3e51723c437
24/04/26 01:58:46 DEBUG fserver.EntityGroup: Instantiated TestCloseEntityGroupHandler,,1714093126714.b97220f2e51a0cf48d59b3e51723c437.
24/04/26 01:58:46 ERROR server.NIOServerCnxnFactory: Thread Thread[Thread-150,5,main] died
java.lang.NullPointerException
	at com.alibaba.wasp.fserver.EntityGroup.run(EntityGroup.java:1264)
	at java.lang.Thread.run(Thread.java:750)
24/04/26 01:58:46 DEBUG fserver.EntityGroup: Closing TestCloseEntityGroupHandler,,1714093126714.b97220f2e51a0cf48d59b3e51723c437.
24/04/26 01:58:46 DEBUG fserver.EntityGroup: Updates disabled for entityGroup TestCloseEntityGroupHandler,,1714093126714.b97220f2e51a0cf48d59b3e51723c437.
24/04/26 01:58:46 INFO fserver.EntityGroup: Running commit transaction of TestCloseEntityGroupHandler,,1714093126714.b97220f2e51a0cf48d59b3e51723c437. before close
24/04/26 01:58:46 INFO fserver.EntityGroup: Closed TestCloseEntityGroupHandler,,1714093126714.b97220f2e51a0cf48d59b3e51723c437.
24/04/26 01:58:46 DEBUG handler.CloseEntityGroupHandler: Processing close of TestCloseEntityGroupHandler,,1714093126714.b97220f2e51a0cf48d59b3e51723c437.
24/04/26 01:58:46 FATAL util.MockServer: Abort why=Unrecoverable exception while closing entityGroup TestCloseEntityGroupHandler,,1714093126714.b97220f2e51a0cf48d59b3e51723c437., still finishing close
java.lang.RuntimeException: Mocked failed close!
	at com.alibaba.wasp.fserver.handler.CloseEntityGroupHandler.process(CloseEntityGroupHandler.java:103)
	at com.alibaba.wasp.fserver.handler.TestCloseEntityGroupHandler.testFailedCommitAborts(TestCloseEntityGroupHandler.java:122)
	at sun.reflect.NativeMethodAccessorImpl.invoke0(Native Method)
	at sun.reflect.NativeMethodAccessorImpl.invoke(NativeMethodAccessorImpl.java:62)
	at sun.reflect.DelegatingMethodAccessorImpl.invoke(DelegatingMethodAccessorImpl.java:43)
	at java.lang.reflect.Method.invoke(Method.java:498)
	at org.junit.runners.model.FrameworkMethod$1.runReflectiveCall(FrameworkMethod.java:45)
	at org.junit.internal.runners.model.ReflectiveCallable.run(ReflectiveCallable.java:15)
	at org.junit.runners.model.FrameworkMethod.invokeExplosively(FrameworkMethod.java:42)
	at org.junit.internal.runners.statements.InvokeMethod.evaluate(InvokeMethod.java:20)
	at org.junit.internal.runners.statements.RunBefores.evaluate(RunBefores.java:28)
	at org.junit.runners.ParentRunner.runLeaf(ParentRunner.java:263)
	at org.junit.runners.BlockJUnit4ClassRunner.runChild(BlockJUnit4ClassRunner.java:68)
	at org.junit.runners.BlockJUnit4ClassRunner.runChild(BlockJUnit4ClassRunner.java:47)
	at org.junit.runners.ParentRunner$3.run(ParentRunner.java:231)
	at org.junit.runners.ParentRunner$1.schedule(ParentRunner.java:60)
	at org.junit.runners.ParentRunner.runChildren(ParentRunner.java:229)
	at org.junit.runners.ParentRunner.access$000(ParentRunner.java:50)
	at org.junit.runners.ParentRunner$2.evaluate(ParentRunner.java:222)
	at org.junit.internal.runners.statements.RunBefores.evaluate(RunBefores.java:28)
	at org.junit.internal.runners.statements.RunAfters.evaluate(RunAfters.java:30)
	at org.junit.runners.ParentRunner.run(ParentRunner.java:300)
	at org.junit.runners.Suite.runChild(Suite.java:128)
	at org.junit.runners.Suite.runChild(Suite.java:24)
	at org.junit.runners.ParentRunner$3.run(ParentRunner.java:231)
	at org.junit.runners.ParentRunner$1.schedule(ParentRunner.java:60)
	at org.junit.runners.ParentRunner.runChildren(ParentRunner.java:229)
	at org.junit.runners.ParentRunner.access$000(ParentRunner.java:50)
	at org.junit.runners.ParentRunner$2.evaluate(ParentRunner.java:222)
	at org.junit.runners.ParentRunner.run(ParentRunner.java:300)
	at org.junit.runner.JUnitCore.run(JUnitCore.java:157)
	at org.junit.runner.JUnitCore.run(JUnitCore.java:136)
	at edu.illinois.cs.testrunner.execution.JUnitTestExecutor.execute(JUnitTestExecutor.java:259)
	at edu.illinois.cs.testrunner.execution.JUnitTestExecutor.executeWithJUnit4Runner(JUnitTestExecutor.java:327)
	at edu.illinois.cs.testrunner.execution.JUnitTestExecutor.runOrder(JUnitTestExecutor.java:49)
	at edu.illinois.cs.testrunner.execution.Executor$.$anonfun$run$1(Executor.scala:30)
	at scala.runtime.java8.JFunction0$mcV$sp.apply(JFunction0$mcV$sp.java:12)
	at scala.util.Try$.apply(Try.scala:209)
	at edu.illinois.cs.testrunner.execution.Executor$.run(Executor.scala:28)
	at edu.illinois.cs.testrunner.execution.Executor$.main(Executor.scala:18)
	at edu.illinois.cs.testrunner.execution.Executor.main(Executor.scala)
24/04/26 01:58:46 DEBUG util.MockServer: Stop why=Unrecoverable exception while closing entityGroup TestCloseEntityGroupHandler,,1714093126714.b97220f2e51a0cf48d59b3e51723c437., still finishing close
24/04/26 01:58:46 WARN fserver.EntityGroup: EntityGroup TestCloseEntityGroupHandler,,1714093126714.b97220f2e51a0cf48d59b3e51723c437. already closed
24/04/26 01:58:46 DEBUG zookeeper.ZKUtil: MockServer,123,-1 opening connection to ZooKeeper with ensemble (localhost:64315)
24/04/26 01:58:46 INFO zookeeper.RecoverableZooKeeper: The identifier of this process is 63744@Lenovo-Bot
24/04/26 01:58:46 INFO server.NIOServerCnxnFactory: Accepted socket connection from /127.0.0.1:40542
24/04/26 01:58:46 DEBUG zookeeper.ZooKeeperWatcher: MockServer,123,-1 Received ZooKeeper Event, type=None, state=SyncConnected, path=null
24/04/26 01:58:46 DEBUG zookeeper.ZooKeeperWatcher: MockServer,123,-1-0xff8f17e973e00001 connected
24/04/26 01:58:46 DEBUG zookeeper.ZKAssign: MockServer,123,-1-0xff8f17e973e00001 Creating unassigned node for f9eebcf27b7537fd0eee6993347f8d58 in OFFLINE state
24/04/26 01:58:46 DEBUG zookeeper.ZKAssign: MockServer,123,-1-0xff8f17e973e00001 Attempting to transition node f9eebcf27b7537fd0eee6993347f8d58 from M_ZK_ENTITYGROUP_OFFLINE to FSERVER_ZK_ENTITYGROUP_OPENING
24/04/26 01:58:46 DEBUG zookeeper.ZKUtil: MockServer,123,-1-0xff8f17e973e00001 Retrieved 118 byte(s) of data from znode /wasp/unassigned/f9eebcf27b7537fd0eee6993347f8d58; data=entityGroup=TestCloseEntityGroupHandler,\x00\x00\x00\x00,1714093126755.f9eebcf27b7537fd0eee6993347f8d58., state=M_ZK_ENTITYGROUP_OFFLINE, servername=MockServer,123,-1, createTime=1714093126762, payload.length=0
24/04/26 01:58:46 DEBUG zookeeper.ZooKeeperWatcher: MockServer,123,-1-0xff8f17e973e00001 Received ZooKeeper Event, type=NodeDataChanged, state=SyncConnected, path=/wasp/unassigned/f9eebcf27b7537fd0eee6993347f8d58
24/04/26 01:58:46 DEBUG zookeeper.ZKAssign: MockServer,123,-1-0xff8f17e973e00001 Successfully transitioned node f9eebcf27b7537fd0eee6993347f8d58 from M_ZK_ENTITYGROUP_OFFLINE to FSERVER_ZK_ENTITYGROUP_OPENING
24/04/26 01:58:46 INFO fserver.EntityGroup: EntityGroup.openEntityGroup EntityGroup name ==TestCloseEntityGroupHandler,\x00\x00\x00\x00,1714093126755.f9eebcf27b7537fd0eee6993347f8d58.
24/04/26 01:58:46 DEBUG fserver.EntityGroup: Opening EntityGroup: {NAME => 'TestCloseEntityGroupHandler,\x00\x00\x00\x00,1714093126755.f9eebcf27b7537fd0eee6993347f8d58.', STARTKEY => '\x00\x00\x00\x00', ENDKEY => '\x00\x00\x00\x01', ENCODED => f9eebcf27b7537fd0eee6993347f8d58,}
24/04/26 01:58:46 DEBUG fserver.MetricsEntityGroupSourceImpl: Creating new MetricsEntityGroupSourceImpl for table TestCloseEntityGroupHandler f9eebcf27b7537fd0eee6993347f8d58
24/04/26 01:58:46 DEBUG fserver.EntityGroup: Instantiated TestCloseEntityGroupHandler,\x00\x00\x00\x00,1714093126755.f9eebcf27b7537fd0eee6993347f8d58.
24/04/26 01:58:46 DEBUG zookeeper.ZKAssign: MockServer,123,-1-0xff8f17e973e00001 Attempting to transition node f9eebcf27b7537fd0eee6993347f8d58 from FSERVER_ZK_ENTITYGROUP_OPENING to FSERVER_ZK_ENTITYGROUP_OPENING
24/04/26 01:58:46 ERROR server.NIOServerCnxnFactory: Thread Thread[Thread-153,5,main] died
java.lang.NullPointerException
	at com.alibaba.wasp.fserver.EntityGroup.run(EntityGroup.java:1264)
	at java.lang.Thread.run(Thread.java:750)
24/04/26 01:58:46 DEBUG zookeeper.ZKUtil: MockServer,123,-1-0xff8f17e973e00001 Retrieved 118 byte(s) of data from znode /wasp/unassigned/f9eebcf27b7537fd0eee6993347f8d58; data=entityGroup=TestCloseEntityGroupHandler,\x00\x00\x00\x00,1714093126755.f9eebcf27b7537fd0eee6993347f8d58., state=FSERVER_ZK_ENTITYGROUP_OPENING, servername=MockServer,123,-1, createTime=1714093126765, payload.length=0
24/04/26 01:58:46 DEBUG zookeeper.ZKAssign: MockServer,123,-1-0xff8f17e973e00001 Successfully transitioned node f9eebcf27b7537fd0eee6993347f8d58 from FSERVER_ZK_ENTITYGROUP_OPENING to FSERVER_ZK_ENTITYGROUP_OPENING
24/04/26 01:58:46 DEBUG zookeeper.ZKAssign: MockServer,123,-1-0xff8f17e973e00001 Attempting to transition node f9eebcf27b7537fd0eee6993347f8d58 from FSERVER_ZK_ENTITYGROUP_OPENING to FSERVER_ZK_ENTITYGROUP_OPENED
24/04/26 01:58:46 DEBUG zookeeper.ZKUtil: MockServer,123,-1-0xff8f17e973e00001 Retrieved 118 byte(s) of data from znode /wasp/unassigned/f9eebcf27b7537fd0eee6993347f8d58; data=entityGroup=TestCloseEntityGroupHandler,\x00\x00\x00\x00,1714093126755.f9eebcf27b7537fd0eee6993347f8d58., state=FSERVER_ZK_ENTITYGROUP_OPENING, servername=MockServer,123,-1, createTime=1714093126769, payload.length=0
24/04/26 01:58:46 DEBUG zookeeper.ZKAssign: MockServer,123,-1-0xff8f17e973e00001 Successfully transitioned node f9eebcf27b7537fd0eee6993347f8d58 from FSERVER_ZK_ENTITYGROUP_OPENING to FSERVER_ZK_ENTITYGROUP_OPENED
24/04/26 01:58:46 DEBUG handler.OpenEntityGroupHandler: entityGroup transitioned to opened in zookeeper: {NAME => 'TestCloseEntityGroupHandler,\x00\x00\x00\x00,1714093126755.f9eebcf27b7537fd0eee6993347f8d58.', STARTKEY => '\x00\x00\x00\x00', ENDKEY => '\x00\x00\x00\x01', ENCODED => f9eebcf27b7537fd0eee6993347f8d58,}, server: MockServer,123,-1
24/04/26 01:58:46 DEBUG handler.OpenEntityGroupHandler: Opened TestCloseEntityGroupHandler,\x00\x00\x00\x00,1714093126755.f9eebcf27b7537fd0eee6993347f8d58. on server:MockServer,123,-1
24/04/26 01:58:46 DEBUG zookeeper.ZKUtil: MockServer,123,-1-0xff8f17e973e00001 Retrieved 118 byte(s) of data from znode /wasp/unassigned/f9eebcf27b7537fd0eee6993347f8d58 and set watcher; entityGroup=TestCloseEntityGroupHandler,\x00\x00\x00\x00,1714093126755.f9eebcf27b7537fd0eee6993347f8d58., state=FSERVER_ZK_ENTITYGROUP_OPENED, servername=MockServer,123,-1, createTime=1714093126771, payload.length=0
24/04/26 01:58:46 DEBUG zookeeper.ZKAssign: MockServer,123,-1-0xff8f17e973e00001 Deleting existing unassigned node for f9eebcf27b7537fd0eee6993347f8d58 that is in expected state FSERVER_ZK_ENTITYGROUP_OPENED
24/04/26 01:58:46 DEBUG zookeeper.ZKUtil: MockServer,123,-1-0xff8f17e973e00001 Retrieved 118 byte(s) of data from znode /wasp/unassigned/f9eebcf27b7537fd0eee6993347f8d58; data=entityGroup=TestCloseEntityGroupHandler,\x00\x00\x00\x00,1714093126755.f9eebcf27b7537fd0eee6993347f8d58., state=FSERVER_ZK_ENTITYGROUP_OPENED, servername=MockServer,123,-1, createTime=1714093126771, payload.length=0
24/04/26 01:58:46 DEBUG zookeeper.ZooKeeperWatcher: MockServer,123,-1-0xff8f17e973e00001 Received ZooKeeper Event, type=NodeDeleted, state=SyncConnected, path=/wasp/unassigned/f9eebcf27b7537fd0eee6993347f8d58
24/04/26 01:58:46 DEBUG zookeeper.ZKAssign: MockServer,123,-1-0xff8f17e973e00001 Successfully deleted unassigned node for entityGroup f9eebcf27b7537fd0eee6993347f8d58 in expected state FSERVER_ZK_ENTITYGROUP_OPENED
24/04/26 01:58:46 DEBUG zookeeper.ZKAssign: MockServer,123,-1-0xff8f17e973e00001 Creating unassigned node for f9eebcf27b7537fd0eee6993347f8d58 in a CLOSING state
24/04/26 01:58:46 DEBUG handler.CloseEntityGroupHandler: Processing close of TestCloseEntityGroupHandler,\x00\x00\x00\x00,1714093126755.f9eebcf27b7537fd0eee6993347f8d58.
24/04/26 01:58:46 DEBUG fserver.EntityGroup: Closing TestCloseEntityGroupHandler,\x00\x00\x00\x00,1714093126755.f9eebcf27b7537fd0eee6993347f8d58.
24/04/26 01:58:46 DEBUG fserver.EntityGroup: Updates disabled for entityGroup TestCloseEntityGroupHandler,\x00\x00\x00\x00,1714093126755.f9eebcf27b7537fd0eee6993347f8d58.
24/04/26 01:58:46 INFO fserver.EntityGroup: Running commit transaction of TestCloseEntityGroupHandler,\x00\x00\x00\x00,1714093126755.f9eebcf27b7537fd0eee6993347f8d58. before close
24/04/26 01:58:46 INFO fserver.EntityGroup: Closed TestCloseEntityGroupHandler,\x00\x00\x00\x00,1714093126755.f9eebcf27b7537fd0eee6993347f8d58.
24/04/26 01:58:46 DEBUG zookeeper.ZKAssign: MockServer,123,-1-0xff8f17e973e00001 Attempting to transition node f9eebcf27b7537fd0eee6993347f8d58 from M_ZK_ENTITYGROUP_CLOSING to FSERVER_ZK_ENTITYGROUP_CLOSED
24/04/26 01:58:46 DEBUG zookeeper.ZKUtil: MockServer,123,-1-0xff8f17e973e00001 Retrieved 120 byte(s) of data from znode /wasp/unassigned/f9eebcf27b7537fd0eee6993347f8d58; data=entityGroup=TestCloseEntityGroupHandler,\x00\x00\x00\x00,1714093126755.f9eebcf27b7537fd0eee6993347f8d58., state=M_ZK_ENTITYGROUP_CLOSING, servername=MockServer,123,-1, createTime=1714093126776, payload.length=0
24/04/26 01:58:46 WARN zookeeper.ZKAssign: MockServer,123,-1-0xff8f17e973e00001 Attempt to transition the unassigned node for f9eebcf27b7537fd0eee6993347f8d58 from M_ZK_ENTITYGROUP_CLOSING to FSERVER_ZK_ENTITYGROUP_CLOSED failed, the node existed but was version 0 not the expected version 1
24/04/26 01:58:46 WARN handler.CloseEntityGroupHandler: Completed the CLOSE of a entityGroup but when transitioning from  CLOSING to CLOSED got a version mismatch, someone else clashed so now unassigning
24/04/26 01:58:46 WARN fserver.EntityGroup: EntityGroup TestCloseEntityGroupHandler,\x00\x00\x00\x00,1714093126755.f9eebcf27b7537fd0eee6993347f8d58. already closed
24/04/26 01:58:46 DEBUG handler.CloseEntityGroupHandler: set entityGroup closed state in zk unsuccessfully for entityGroup TestCloseEntityGroupHandler,\x00\x00\x00\x00,1714093126755.f9eebcf27b7537fd0eee6993347f8d58. sn name: MockServer,123,-1
24/04/26 01:58:46 DEBUG handler.CloseEntityGroupHandler: Closed entityGroup TestCloseEntityGroupHandler,\x00\x00\x00\x00,1714093126755.f9eebcf27b7537fd0eee6993347f8d58.
24/04/26 01:58:46 DEBUG zookeeper.ZKUtil: MockServer,123,-1-0xff8f17e973e00001 Retrieved 120 byte(s) of data from znode /wasp/unassigned/f9eebcf27b7537fd0eee6993347f8d58 and set watcher; entityGroup=TestCloseEntityGroupHandler,\x00\x00\x00\x00,1714093126755.f9eebcf27b7537fd0eee6993347f8d58., state=M_ZK_ENTITYGROUP_CLOSING, servername=MockServer,123,-1, createTime=1714093126776, payload.length=0
24/04/26 01:58:46 INFO server.NIOServerCnxnFactory: NIOServerCnxn factory exited run method
24/04/26 01:58:46 INFO server.SessionTrackerImpl: Shutting down
24/04/26 01:58:46 INFO server.SyncRequestProcessor: Shutting down
24/04/26 01:58:46 INFO server.SyncRequestProcessor: SyncRequestProcessor exited!
24/04/26 01:58:46 INFO server.FinalRequestProcessor: shutdown of request processor complete
24/04/26 01:58:46 INFO server.NIOServerCnxnFactory: binding to port 0.0.0.0/0.0.0.0:54034
24/04/26 01:58:46 INFO persistence.FileTxnSnapLog: Snapshotting: 0x0 to /home/alex/Repositories/wasp/target/test-data/31fa0730-cd95-4b6b-9ca9-ac6623bb92d6/dfscluster_649dc8d2-b0f9-454a-b459-dacd0dd3a5cf/zookeeper_0/version-2/snapshot.0
24/04/26 01:58:46 INFO server.NIOServerCnxnFactory: Accepted socket connection from /127.0.0.1:50358
24/04/26 01:58:46 DEBUG zookeeper.ZKUtil: MockServer,123,-1 opening connection to ZooKeeper with ensemble (localhost:54034)
24/04/26 01:58:46 INFO zookeeper.RecoverableZooKeeper: The identifier of this process is 63744@Lenovo-Bot
24/04/26 01:58:46 INFO server.NIOServerCnxnFactory: Accepted socket connection from /127.0.0.1:50372
24/04/26 01:58:46 INFO persistence.FileTxnLog: Creating new log file: log.1
24/04/26 01:58:46 DEBUG zookeeper.ZooKeeperWatcher: MockServer,123,-1 Received ZooKeeper Event, type=None, state=SyncConnected, path=null
24/04/26 01:58:46 DEBUG zookeeper.ZooKeeperWatcher: MockServer,123,-1-0xff8f17e974880000 connected
24/04/26 01:58:46 DEBUG zookeeper.ZKAssign: MockServer,123,-1-0xff8f17e974880000 Creating unassigned node for 710447b228551d36f464e4efc2e69af4 in OFFLINE state
24/04/26 01:58:46 DEBUG zookeeper.ZKAssign: MockServer,123,-1-0xff8f17e974880000 Attempting to transition node 710447b228551d36f464e4efc2e69af4 from M_ZK_ENTITYGROUP_OFFLINE to FSERVER_ZK_ENTITYGROUP_OPENING
24/04/26 01:58:46 DEBUG zookeeper.ZKUtil: MockServer,123,-1-0xff8f17e974880000 Retrieved 117 byte(s) of data from znode /wasp/unassigned/710447b228551d36f464e4efc2e69af4; data=entityGroup=TestOpenEntityGroupHandler,\x00\x00\x00\x00,1714093126794.710447b228551d36f464e4efc2e69af4., state=M_ZK_ENTITYGROUP_OFFLINE, servername=MockServer,123,-1, createTime=1714093126810, payload.length=0
24/04/26 01:58:46 DEBUG zookeeper.ZooKeeperWatcher: MockServer,123,-1-0xff8f17e974880000 Received ZooKeeper Event, type=NodeDataChanged, state=SyncConnected, path=/wasp/unassigned/710447b228551d36f464e4efc2e69af4
24/04/26 01:58:46 DEBUG zookeeper.ZKAssign: MockServer,123,-1-0xff8f17e974880000 Successfully transitioned node 710447b228551d36f464e4efc2e69af4 from M_ZK_ENTITYGROUP_OFFLINE to FSERVER_ZK_ENTITYGROUP_OPENING
24/04/26 01:58:46 INFO handler.OpenEntityGroupHandler: Opening of entityGroup {NAME => 'TestOpenEntityGroupHandler,\x00\x00\x00\x00,1714093126794.710447b228551d36f464e4efc2e69af4.', STARTKEY => '\x00\x00\x00\x00', ENDKEY => '\x00\x00\x00\x01', ENCODED => 710447b228551d36f464e4efc2e69af4,} failed, marking as FAILED_OPEN in ZK
24/04/26 01:58:46 DEBUG zookeeper.ZKAssign: MockServer,123,-1-0xff8f17e974880000 Attempting to transition node 710447b228551d36f464e4efc2e69af4 from FSERVER_ZK_ENTITYGROUP_OPENING to FSERVER_ZK_ENTITYGROUP_FAILED_OPEN
24/04/26 01:58:46 DEBUG zookeeper.ZKUtil: MockServer,123,-1-0xff8f17e974880000 Retrieved 117 byte(s) of data from znode /wasp/unassigned/710447b228551d36f464e4efc2e69af4; data=entityGroup=TestOpenEntityGroupHandler,\x00\x00\x00\x00,1714093126794.710447b228551d36f464e4efc2e69af4., state=FSERVER_ZK_ENTITYGROUP_OPENING, servername=MockServer,123,-1, createTime=1714093126813, payload.length=0
24/04/26 01:58:46 DEBUG zookeeper.ZKAssign: MockServer,123,-1-0xff8f17e974880000 Successfully transitioned node 710447b228551d36f464e4efc2e69af4 from FSERVER_ZK_ENTITYGROUP_OPENING to FSERVER_ZK_ENTITYGROUP_FAILED_OPEN
24/04/26 01:58:46 DEBUG zookeeper.ZKUtil: MockServer,123,-1-0xff8f17e974880000 Retrieved 117 byte(s) of data from znode /wasp/unassigned/710447b228551d36f464e4efc2e69af4 and set watcher; entityGroup=TestOpenEntityGroupHandler,\x00\x00\x00\x00,1714093126794.710447b228551d36f464e4efc2e69af4., state=FSERVER_ZK_ENTITYGROUP_FAILED_OPEN, servername=MockServer,123,-1, createTime=1714093126815, payload.length=0
24/04/26 01:58:46 DEBUG zookeeper.ZKUtil: MockServer,123,-1 opening connection to ZooKeeper with ensemble (localhost:54034)
24/04/26 01:58:46 INFO zookeeper.RecoverableZooKeeper: The identifier of this process is 63744@Lenovo-Bot
24/04/26 01:58:46 INFO server.NIOServerCnxnFactory: Accepted socket connection from /127.0.0.1:50378
24/04/26 01:58:46 DEBUG zookeeper.ZooKeeperWatcher: MockServer,123,-1 Received ZooKeeper Event, type=None, state=SyncConnected, path=null
24/04/26 01:58:46 DEBUG zookeeper.ZooKeeperWatcher: MockServer,123,-1-0xff8f17e974880001 connected
24/04/26 01:58:46 DEBUG zookeeper.ZKAssign: MockServer,123,-1-0xff8f17e974880001 Creating unassigned node for 9c984444decd982b7c25df7bb2207d11 in OFFLINE state
24/04/26 01:58:46 DEBUG zookeeper.ZKAssign: MockServer,123,-1-0xff8f17e974880001 Attempting to transition node 9c984444decd982b7c25df7bb2207d11 from M_ZK_ENTITYGROUP_OFFLINE to FSERVER_ZK_ENTITYGROUP_OPENING
24/04/26 01:58:46 DEBUG zookeeper.ZKUtil: MockServer,123,-1-0xff8f17e974880001 Retrieved 117 byte(s) of data from znode /wasp/unassigned/9c984444decd982b7c25df7bb2207d11; data=entityGroup=TestOpenEntityGroupHandler,\x00\x00\x00\x00,1714093126817.9c984444decd982b7c25df7bb2207d11., state=M_ZK_ENTITYGROUP_OFFLINE, servername=MockServer,123,-1, createTime=1714093126823, payload.length=0
24/04/26 01:58:46 DEBUG zookeeper.ZooKeeperWatcher: MockServer,123,-1-0xff8f17e974880001 Received ZooKeeper Event, type=NodeDataChanged, state=SyncConnected, path=/wasp/unassigned/9c984444decd982b7c25df7bb2207d11
24/04/26 01:58:46 DEBUG zookeeper.ZKAssign: MockServer,123,-1-0xff8f17e974880001 Successfully transitioned node 9c984444decd982b7c25df7bb2207d11 from M_ZK_ENTITYGROUP_OFFLINE to FSERVER_ZK_ENTITYGROUP_OPENING
24/04/26 01:58:46 INFO fserver.EntityGroup: EntityGroup.openEntityGroup EntityGroup name ==TestOpenEntityGroupHandler,\x00\x00\x00\x00,1714093126817.9c984444decd982b7c25df7bb2207d11.
24/04/26 01:58:46 DEBUG fserver.EntityGroup: Opening EntityGroup: {NAME => 'TestOpenEntityGroupHandler,\x00\x00\x00\x00,1714093126817.9c984444decd982b7c25df7bb2207d11.', STARTKEY => '\x00\x00\x00\x00', ENDKEY => '\x00\x00\x00\x01', ENCODED => 9c984444decd982b7c25df7bb2207d11,}
24/04/26 01:58:46 DEBUG fserver.MetricsEntityGroupSourceImpl: Creating new MetricsEntityGroupSourceImpl for table TestOpenEntityGroupHandler 9c984444decd982b7c25df7bb2207d11
24/04/26 01:58:46 DEBUG fserver.EntityGroup: Instantiated TestOpenEntityGroupHandler,\x00\x00\x00\x00,1714093126817.9c984444decd982b7c25df7bb2207d11.
24/04/26 01:58:46 DEBUG zookeeper.ZKAssign: MockServer,123,-1-0xff8f17e974880001 Attempting to transition node 9c984444decd982b7c25df7bb2207d11 from FSERVER_ZK_ENTITYGROUP_OPENING to FSERVER_ZK_ENTITYGROUP_OPENING
24/04/26 01:58:46 ERROR server.NIOServerCnxnFactory: Thread Thread[Thread-157,5,main] died
java.lang.NullPointerException
	at com.alibaba.wasp.fserver.EntityGroup.run(EntityGroup.java:1264)
	at java.lang.Thread.run(Thread.java:750)
24/04/26 01:58:46 DEBUG zookeeper.ZKUtil: MockServer,123,-1-0xff8f17e974880001 Retrieved 117 byte(s) of data from znode /wasp/unassigned/9c984444decd982b7c25df7bb2207d11; data=entityGroup=TestOpenEntityGroupHandler,\x00\x00\x00\x00,1714093126817.9c984444decd982b7c25df7bb2207d11., state=FSERVER_ZK_ENTITYGROUP_OPENING, servername=MockServer,123,-1, createTime=1714093126826, payload.length=0
24/04/26 01:58:46 DEBUG zookeeper.ZKAssign: MockServer,123,-1-0xff8f17e974880001 Successfully transitioned node 9c984444decd982b7c25df7bb2207d11 from FSERVER_ZK_ENTITYGROUP_OPENING to FSERVER_ZK_ENTITYGROUP_OPENING
24/04/26 01:58:46 DEBUG fserver.EntityGroup: Closing TestOpenEntityGroupHandler,\x00\x00\x00\x00,1714093126817.9c984444decd982b7c25df7bb2207d11.
24/04/26 01:58:46 DEBUG fserver.EntityGroup: Updates disabled for entityGroup TestOpenEntityGroupHandler,\x00\x00\x00\x00,1714093126817.9c984444decd982b7c25df7bb2207d11.
24/04/26 01:58:46 INFO fserver.EntityGroup: Running commit transaction of TestOpenEntityGroupHandler,\x00\x00\x00\x00,1714093126817.9c984444decd982b7c25df7bb2207d11. before close
24/04/26 01:58:46 INFO fserver.EntityGroup: Closed TestOpenEntityGroupHandler,\x00\x00\x00\x00,1714093126817.9c984444decd982b7c25df7bb2207d11.
24/04/26 01:58:46 INFO handler.OpenEntityGroupHandler: Opening of entityGroup {NAME => 'TestOpenEntityGroupHandler,\x00\x00\x00\x00,1714093126817.9c984444decd982b7c25df7bb2207d11.', STARTKEY => '\x00\x00\x00\x00', ENDKEY => '\x00\x00\x00\x01', ENCODED => 9c984444decd982b7c25df7bb2207d11,} failed, marking as FAILED_OPEN in ZK
24/04/26 01:58:46 DEBUG zookeeper.ZKAssign: MockServer,123,-1-0xff8f17e974880001 Attempting to transition node 9c984444decd982b7c25df7bb2207d11 from FSERVER_ZK_ENTITYGROUP_OPENING to FSERVER_ZK_ENTITYGROUP_FAILED_OPEN
24/04/26 01:58:46 DEBUG zookeeper.ZKUtil: MockServer,123,-1-0xff8f17e974880001 Retrieved 117 byte(s) of data from znode /wasp/unassigned/9c984444decd982b7c25df7bb2207d11; data=entityGroup=TestOpenEntityGroupHandler,\x00\x00\x00\x00,1714093126817.9c984444decd982b7c25df7bb2207d11., state=FSERVER_ZK_ENTITYGROUP_OPENING, servername=MockServer,123,-1, createTime=1714093126829, payload.length=0
24/04/26 01:58:46 DEBUG zookeeper.ZKAssign: MockServer,123,-1-0xff8f17e974880001 Successfully transitioned node 9c984444decd982b7c25df7bb2207d11 from FSERVER_ZK_ENTITYGROUP_OPENING to FSERVER_ZK_ENTITYGROUP_FAILED_OPEN
24/04/26 01:58:46 DEBUG zookeeper.ZKUtil: MockServer,123,-1-0xff8f17e974880001 Retrieved 117 byte(s) of data from znode /wasp/unassigned/9c984444decd982b7c25df7bb2207d11 and set watcher; entityGroup=TestOpenEntityGroupHandler,\x00\x00\x00\x00,1714093126817.9c984444decd982b7c25df7bb2207d11., state=FSERVER_ZK_ENTITYGROUP_FAILED_OPEN, servername=MockServer,123,-1, createTime=1714093126831, payload.length=0
24/04/26 01:58:46 DEBUG zookeeper.ZKUtil: MockServer,123,-1 opening connection to ZooKeeper with ensemble (localhost:54034)
24/04/26 01:58:46 INFO zookeeper.RecoverableZooKeeper: The identifier of this process is 63744@Lenovo-Bot
24/04/26 01:58:46 INFO server.NIOServerCnxnFactory: Accepted socket connection from /127.0.0.1:50388
24/04/26 01:58:46 DEBUG zookeeper.ZooKeeperWatcher: MockServer,123,-1 Received ZooKeeper Event, type=None, state=SyncConnected, path=null
24/04/26 01:58:46 DEBUG zookeeper.ZooKeeperWatcher: MockServer,123,-1-0xff8f17e974880002 connected
24/04/26 01:58:46 INFO fserver.EntityGroup: creating EntityGroup TestOpenEntityGroupHandler Table == CREATE TABLE TestOpenEntityGroupHandler { 
  REQUIRED INT32 column1 COLUMNFAMILY d;
  REQUIRED INT64 column2 COLUMNFAMILY d;
  REQUIRED STRING column3 COLUMNFAMILY d;
  OPTIONAL FLOAT column4 COLUMNFAMILY d;
  OPTIONAL DOUBLE column5 COLUMNFAMILY d;
  OPTIONAL DATETIME column6 COLUMNFAMILY d;
  REPEATED PROTOBUF column7 COLUMNFAMILY d;
  OPTIONAL STRING column8 COLUMNFAMILY d;
} 
PRIMARY KEY(column1),
ENTITY GROUP ROOT,
ENTITY GROUP KEY(column1);
 Table name == TestOpenEntityGroupHandler
24/04/26 01:58:46 DEBUG fserver.MetricsEntityGroupSourceImpl: Creating new MetricsEntityGroupSourceImpl for table TestOpenEntityGroupHandler d37ef963e1006a11387c0f1f2801f6f1
24/04/26 01:58:46 DEBUG fserver.EntityGroup: Instantiated TestOpenEntityGroupHandler,\x00\x00\x00\x00,1714093126833.d37ef963e1006a11387c0f1f2801f6f1.
24/04/26 01:58:46 DEBUG zookeeper.ZKAssign: MockServer,123,-1-0xff8f17e974880002 Attempting to transition node d37ef963e1006a11387c0f1f2801f6f1 from M_ZK_ENTITYGROUP_OFFLINE to FSERVER_ZK_ENTITYGROUP_OPENING
24/04/26 01:58:46 ERROR server.NIOServerCnxnFactory: Thread Thread[Thread-160,5,main] died
java.lang.NullPointerException
	at com.alibaba.wasp.fserver.EntityGroup.run(EntityGroup.java:1264)
	at java.lang.Thread.run(Thread.java:750)
24/04/26 01:58:46 DEBUG zookeeper.ZKUtil: MockServer,123,-1-0xff8f17e974880002 Unable to get data of znode /wasp/unassigned/d37ef963e1006a11387c0f1f2801f6f1 because node does not exist (not necessarily an error)
24/04/26 01:58:46 WARN handler.OpenEntityGroupHandler: Failed transition from OFFLINE to OPENING for entityGroup=d37ef963e1006a11387c0f1f2801f6f1
24/04/26 01:58:46 WARN handler.OpenEntityGroupHandler: EntityGroup was hijacked? It no longer exists, encodedName=d37ef963e1006a11387c0f1f2801f6f1
24/04/26 01:58:46 DEBUG zookeeper.ZKAssign: MockServer,123,-1-0xff8f17e974880002 Creating unassigned node for d37ef963e1006a11387c0f1f2801f6f1 in OFFLINE state
24/04/26 01:58:46 DEBUG zookeeper.ZKAssign: MockServer,123,-1-0xff8f17e974880002 Attempting to transition node d37ef963e1006a11387c0f1f2801f6f1 from M_ZK_ENTITYGROUP_OFFLINE to FSERVER_ZK_ENTITYGROUP_OPENING
24/04/26 01:58:46 DEBUG zookeeper.ZKUtil: MockServer,123,-1-0xff8f17e974880002 Retrieved 117 byte(s) of data from znode /wasp/unassigned/d37ef963e1006a11387c0f1f2801f6f1; data=entityGroup=TestOpenEntityGroupHandler,\x00\x00\x00\x00,1714093126833.d37ef963e1006a11387c0f1f2801f6f1., state=M_ZK_ENTITYGROUP_OFFLINE, servername=MockServer,123,-1, createTime=1714093126841, payload.length=0
24/04/26 01:58:46 DEBUG zookeeper.ZKAssign: MockServer,123,-1-0xff8f17e974880002 Successfully transitioned node d37ef963e1006a11387c0f1f2801f6f1 from M_ZK_ENTITYGROUP_OFFLINE to FSERVER_ZK_ENTITYGROUP_OPENING
24/04/26 01:58:46 DEBUG zookeeper.ZooKeeperWatcher: MockServer,123,-1-0xff8f17e974880002 Received ZooKeeper Event, type=NodeDataChanged, state=SyncConnected, path=/wasp/unassigned/d37ef963e1006a11387c0f1f2801f6f1
24/04/26 01:58:46 INFO fserver.EntityGroup: EntityGroup.openEntityGroup EntityGroup name ==TestOpenEntityGroupHandler,\x00\x00\x00\x00,1714093126833.d37ef963e1006a11387c0f1f2801f6f1.
24/04/26 01:58:46 DEBUG fserver.EntityGroup: Opening EntityGroup: {NAME => 'TestOpenEntityGroupHandler,\x00\x00\x00\x00,1714093126833.d37ef963e1006a11387c0f1f2801f6f1.', STARTKEY => '\x00\x00\x00\x00', ENDKEY => '\x00\x00\x00\x01', ENCODED => d37ef963e1006a11387c0f1f2801f6f1,}
24/04/26 01:58:46 DEBUG fserver.MetricsEntityGroupSourceImpl: Creating new MetricsEntityGroupSourceImpl for table TestOpenEntityGroupHandler d37ef963e1006a11387c0f1f2801f6f1
24/04/26 01:58:46 DEBUG fserver.EntityGroup: Instantiated TestOpenEntityGroupHandler,\x00\x00\x00\x00,1714093126833.d37ef963e1006a11387c0f1f2801f6f1.
24/04/26 01:58:46 ERROR server.NIOServerCnxnFactory: Thread Thread[Thread-163,5,main] died
java.lang.NullPointerException
	at com.alibaba.wasp.fserver.EntityGroup.run(EntityGroup.java:1264)
	at java.lang.Thread.run(Thread.java:750)
24/04/26 01:58:46 DEBUG zookeeper.ZKAssign: MockServer,123,-1-0xff8f17e974880002 Attempting to transition node d37ef963e1006a11387c0f1f2801f6f1 from FSERVER_ZK_ENTITYGROUP_OPENING to FSERVER_ZK_ENTITYGROUP_OPENING
24/04/26 01:58:46 DEBUG zookeeper.ZKUtil: MockServer,123,-1-0xff8f17e974880002 Unable to get data of znode /wasp/unassigned/d37ef963e1006a11387c0f1f2801f6f1 because node does not exist (not necessarily an error)
24/04/26 01:58:46 WARN handler.OpenEntityGroupHandler: Failed refreshing OPENING; entityGroup=d37ef963e1006a11387c0f1f2801f6f1, context=post_entitygroup_open
24/04/26 01:58:46 DEBUG fserver.EntityGroup: Closing TestOpenEntityGroupHandler,\x00\x00\x00\x00,1714093126833.d37ef963e1006a11387c0f1f2801f6f1.
24/04/26 01:58:46 DEBUG fserver.EntityGroup: Updates disabled for entityGroup TestOpenEntityGroupHandler,\x00\x00\x00\x00,1714093126833.d37ef963e1006a11387c0f1f2801f6f1.
24/04/26 01:58:46 INFO fserver.EntityGroup: Running commit transaction of TestOpenEntityGroupHandler,\x00\x00\x00\x00,1714093126833.d37ef963e1006a11387c0f1f2801f6f1. before close
24/04/26 01:58:46 INFO fserver.EntityGroup: Closed TestOpenEntityGroupHandler,\x00\x00\x00\x00,1714093126833.d37ef963e1006a11387c0f1f2801f6f1.
24/04/26 01:58:46 INFO handler.OpenEntityGroupHandler: Opening of entityGroup {NAME => 'TestOpenEntityGroupHandler,\x00\x00\x00\x00,1714093126833.d37ef963e1006a11387c0f1f2801f6f1.', STARTKEY => '\x00\x00\x00\x00', ENDKEY => '\x00\x00\x00\x01', ENCODED => d37ef963e1006a11387c0f1f2801f6f1,} failed, marking as FAILED_OPEN in ZK
24/04/26 01:58:46 DEBUG zookeeper.ZKAssign: MockServer,123,-1-0xff8f17e974880002 Attempting to transition node d37ef963e1006a11387c0f1f2801f6f1 from FSERVER_ZK_ENTITYGROUP_OPENING to FSERVER_ZK_ENTITYGROUP_FAILED_OPEN
24/04/26 01:58:46 DEBUG zookeeper.ZKUtil: MockServer,123,-1-0xff8f17e974880002 Unable to get data of znode /wasp/unassigned/d37ef963e1006a11387c0f1f2801f6f1 because node does not exist (not necessarily an error)
24/04/26 01:58:46 WARN handler.OpenEntityGroupHandler: Unable to mark entityGroup {NAME => 'TestOpenEntityGroupHandler,\x00\x00\x00\x00,1714093126833.d37ef963e1006a11387c0f1f2801f6f1.', STARTKEY => '\x00\x00\x00\x00', ENDKEY => '\x00\x00\x00\x01', ENCODED => d37ef963e1006a11387c0f1f2801f6f1,} as FAILED_OPEN. It's likely that the master already timed out this open attempt, and thus another RS already has the entityGroup.
24/04/26 01:58:46 DEBUG fserver.EntityGroup: Closing TestOpenEntityGroupHandler,\x00\x00\x00\x00,1714093126833.d37ef963e1006a11387c0f1f2801f6f1.
24/04/26 01:58:46 DEBUG fserver.EntityGroup: Updates disabled for entityGroup TestOpenEntityGroupHandler,\x00\x00\x00\x00,1714093126833.d37ef963e1006a11387c0f1f2801f6f1.
24/04/26 01:58:46 INFO fserver.EntityGroup: Running commit transaction of TestOpenEntityGroupHandler,\x00\x00\x00\x00,1714093126833.d37ef963e1006a11387c0f1f2801f6f1. before close
24/04/26 01:58:46 INFO fserver.EntityGroup: Closed TestOpenEntityGroupHandler,\x00\x00\x00\x00,1714093126833.d37ef963e1006a11387c0f1f2801f6f1.
24/04/26 01:58:46 INFO server.NIOServerCnxnFactory: NIOServerCnxn factory exited run method
24/04/26 01:58:46 INFO server.SessionTrackerImpl: Shutting down
24/04/26 01:58:46 INFO server.SyncRequestProcessor: Shutting down
24/04/26 01:58:46 INFO server.SyncRequestProcessor: SyncRequestProcessor exited!
24/04/26 01:58:46 INFO server.FinalRequestProcessor: shutdown of request processor complete
24/04/26 01:58:46 DEBUG fserver.MetricsEntityGroupSourceImpl: Creating new MetricsEntityGroupSourceImpl for table MetricsEntityGroupWrapperStub DEADBEEF001
24/04/26 01:58:46 DEBUG fserver.MetricsEntityGroupSourceImpl: Creating new MetricsEntityGroupSourceImpl for table null TEST
24/04/26 01:58:46 DEBUG fserver.MetricsEntityGroupSourceImpl: Creating new MetricsEntityGroupSourceImpl for table null TEST
24/04/26 01:58:46 DEBUG fserver.MetricsEntityGroupSourceImpl: Creating new MetricsEntityGroupSourceImpl for table null TWO
24/04/26 01:58:46 INFO wasp.WaspTestingUtility: Starting up minicluster with 1 master(s) and 3 fserver(s) 
24/04/26 01:58:46 DEBUG zookeeper.ZooKeeperWatcher: MockServer,123,-1-0xff8f17e973e00000 Received ZooKeeper Event, type=None, state=Disconnected, path=null
24/04/26 01:58:46 DEBUG zookeeper.ZooKeeperWatcher: MockServer,123,-1-0xff8f17e973e00001 Received ZooKeeper Event, type=None, state=Disconnected, path=null
24/04/26 01:58:46 DEBUG zookeeper.ZooKeeperWatcher: MockServer,123,-1-0xff8f17e973e00001 Received Disconnected from ZooKeeper, ignoring
24/04/26 01:58:46 DEBUG zookeeper.ZooKeeperWatcher: MockServer,123,-1-0xff8f17e973e00000 Received Disconnected from ZooKeeper, ignoring
24/04/26 01:58:46 DEBUG zookeeper.ZooKeeperWatcher: MockServer,123,-1-0xff8f17e974880002 Received ZooKeeper Event, type=None, state=Disconnected, path=null
24/04/26 01:58:46 DEBUG zookeeper.ZooKeeperWatcher: MockServer,123,-1-0xff8f17e974880002 Received Disconnected from ZooKeeper, ignoring
24/04/26 01:58:46 DEBUG zookeeper.ZooKeeperWatcher: MockServer,123,-1-0xff8f17e974880000 Received ZooKeeper Event, type=None, state=Disconnected, path=null
24/04/26 01:58:46 DEBUG zookeeper.ZooKeeperWatcher: MockServer,123,-1-0xff8f17e974880000 Received Disconnected from ZooKeeper, ignoring
24/04/26 01:58:46 DEBUG zookeeper.ZooKeeperWatcher: MockServer,123,-1-0xff8f17e974880001 Received ZooKeeper Event, type=None, state=Disconnected, path=null
24/04/26 01:58:46 DEBUG zookeeper.ZooKeeperWatcher: MockServer,123,-1-0xff8f17e974880001 Received Disconnected from ZooKeeper, ignoring
Starting DataNode 0 with dfs.data.dir: /home/alex/Repositories/wasp/target/test-data/00fbcd4b-da02-4790-ac4c-75de41301918/dfscluster_a60a2761-ed33-450d-8931-3b27bbc4d918/dfs/data/data1,/home/alex/Repositories/wasp/target/test-data/00fbcd4b-da02-4790-ac4c-75de41301918/dfscluster_a60a2761-ed33-450d-8931-3b27bbc4d918/dfs/data/data2
24/04/26 01:58:47 ERROR datanode.DataNode: All directories in dfs.data.dir are invalid.
24/04/26 01:58:47 INFO wasp.WaspTestingUtility: Shutting down mini wasp cluster
24/04/26 01:58:47 INFO wasp.WaspTestingUtility: Minicluster is down
java.lang.NullPointerException
	at org.apache.hadoop.hdfs.MiniDFSCluster.startDataNodes(MiniDFSCluster.java:422)
	at org.apache.hadoop.hdfs.MiniDFSCluster.<init>(MiniDFSCluster.java:280)
	at org.apache.hadoop.hbase.HBaseTestingUtility.startMiniDFSCluster(HBaseTestingUtility.java:451)
	at org.apache.hadoop.hbase.HBaseTestingUtility.startMiniCluster(HBaseTestingUtility.java:619)
	at org.apache.hadoop.hbase.HBaseTestingUtility.startMiniCluster(HBaseTestingUtility.java:575)
	at com.alibaba.wasp.WaspTestingUtility.startMiniCluster(WaspTestingUtility.java:172)
	at com.alibaba.wasp.WaspTestingUtility.startMiniCluster(WaspTestingUtility.java:144)
	at com.alibaba.wasp.fserver.redo.TestRedoLog.before(TestRedoLog.java:51)
	at sun.reflect.NativeMethodAccessorImpl.invoke0(Native Method)
	at sun.reflect.NativeMethodAccessorImpl.invoke(NativeMethodAccessorImpl.java:62)
	at sun.reflect.DelegatingMethodAccessorImpl.invoke(DelegatingMethodAccessorImpl.java:43)
	at java.lang.reflect.Method.invoke(Method.java:498)
	at org.junit.runners.model.FrameworkMethod$1.runReflectiveCall(FrameworkMethod.java:45)
	at org.junit.internal.runners.model.ReflectiveCallable.run(ReflectiveCallable.java:15)
	at org.junit.runners.model.FrameworkMethod.invokeExplosively(FrameworkMethod.java:42)
	at org.junit.internal.runners.statements.RunBefores.evaluate(RunBefores.java:27)
	at org.junit.internal.runners.statements.RunAfters.evaluate(RunAfters.java:30)
	at org.junit.runners.ParentRunner.run(ParentRunner.java:300)
	at org.junit.runners.Suite.runChild(Suite.java:128)
	at org.junit.runners.Suite.runChild(Suite.java:24)
	at org.junit.runners.ParentRunner$3.run(ParentRunner.java:231)
	at org.junit.runners.ParentRunner$1.schedule(ParentRunner.java:60)
	at org.junit.runners.ParentRunner.runChildren(ParentRunner.java:229)
	at org.junit.runners.ParentRunner.access$000(ParentRunner.java:50)
	at org.junit.runners.ParentRunner$2.evaluate(ParentRunner.java:222)
	at org.junit.runners.ParentRunner.run(ParentRunner.java:300)
	at org.junit.runner.JUnitCore.run(JUnitCore.java:157)
	at org.junit.runner.JUnitCore.run(JUnitCore.java:136)
	at edu.illinois.cs.testrunner.execution.JUnitTestExecutor.execute(JUnitTestExecutor.java:259)
	at edu.illinois.cs.testrunner.execution.JUnitTestExecutor.executeWithJUnit4Runner(JUnitTestExecutor.java:327)
	at edu.illinois.cs.testrunner.execution.JUnitTestExecutor.runOrder(JUnitTestExecutor.java:49)
	at edu.illinois.cs.testrunner.execution.Executor$.$anonfun$run$1(Executor.scala:30)
	at scala.runtime.java8.JFunction0$mcV$sp.apply(JFunction0$mcV$sp.java:12)
	at scala.util.Try$.apply(Try.scala:209)
	at edu.illinois.cs.testrunner.execution.Executor$.run(Executor.scala:28)
	at edu.illinois.cs.testrunner.execution.Executor$.main(Executor.scala:18)
	at edu.illinois.cs.testrunner.execution.Executor.main(Executor.scala)
24/04/26 01:58:47 DEBUG ipc.WaspRPC: Using com.alibaba.wasp.ipc.ProtobufRpcEngine for com.alibaba.wasp.ipc.TestProtoBufRpc$TestRpcService
24/04/26 01:58:47 DEBUG ipc.NettyTransceiver: Using Netty bootstrap options: {connectTimeoutMillis=3000, tcpNoDelay=true}
24/04/26 01:58:47 DEBUG ipc.NettyTransceiver: Connecting to /0.0.0.0:45829
24/04/26 01:58:47 DEBUG ipc.NettyTransceiver: [id: 0x4925f4f5] OPEN
24/04/26 01:58:47 INFO ipc.NettyTransceiver: Successfully connected to bookie: /0.0.0.0:45829
24/04/26 01:58:47 DEBUG ipc.NettyTransceiver: [id: 0x4925f4f5, /127.0.0.1:50718 => /0.0.0.0:45829] BOUND: /127.0.0.1:50718
24/04/26 01:58:47 DEBUG ipc.NettyTransceiver: [id: 0x4925f4f5, /127.0.0.1:50718 => /0.0.0.0:45829] CONNECTED: /0.0.0.0:45829
24/04/26 01:58:47 DEBUG ipc.NettyServer: [id: 0x302dd3c0, /127.0.0.1:50718 => /127.0.1.1:45829] OPEN
24/04/26 01:58:47 DEBUG ipc.NettyServer: [id: 0x302dd3c0, /127.0.0.1:50718 => /127.0.1.1:45829] BOUND: /127.0.1.1:45829
24/04/26 01:58:47 DEBUG ipc.NettyServer: [id: 0x302dd3c0, /127.0.0.1:50718 => /127.0.1.1:45829] CONNECTED: /127.0.0.1:50718
24/04/26 01:58:47 ERROR ipc.NettyServer: pool-12-thread-8, call methodName: "error"
clientProtocolVersion: 1
request: ""
requestClassName: "com.alibaba.wasp.ipc.protobuf.generated.TestProtos$EmptyRequestProto"
: error: 
java.io.IOException: error
	at com.alibaba.wasp.ipc.TestProtoBufRpc$PBServerImpl.error(TestProtoBufRpc.java:68)
	at sun.reflect.NativeMethodAccessorImpl.invoke0(Native Method)
	at sun.reflect.NativeMethodAccessorImpl.invoke(NativeMethodAccessorImpl.java:62)
	at sun.reflect.DelegatingMethodAccessorImpl.invoke(DelegatingMethodAccessorImpl.java:43)
	at java.lang.reflect.Method.invoke(Method.java:498)
	at com.alibaba.wasp.ipc.ProtobufRpcEngine$Server.call(ProtobufRpcEngine.java:270)
	at com.alibaba.wasp.ipc.NettyServer$NettyServerWaspHandler.messageReceived(NettyServer.java:234)
	at org.jboss.netty.channel.SimpleChannelUpstreamHandler.handleUpstream(SimpleChannelUpstreamHandler.java:75)
	at com.alibaba.wasp.ipc.NettyServer$NettyServerWaspHandler.handleUpstream(NettyServer.java:171)
	at org.jboss.netty.channel.DefaultChannelPipeline.sendUpstream(DefaultChannelPipeline.java:563)
	at org.jboss.netty.channel.DefaultChannelPipeline$DefaultChannelHandlerContext.sendUpstream(DefaultChannelPipeline.java:791)
	at org.jboss.netty.handler.execution.ChannelUpstreamEventRunnable.doRun(ChannelUpstreamEventRunnable.java:45)
	at org.jboss.netty.handler.execution.ChannelEventRunnable.run(ChannelEventRunnable.java:64)
	at java.util.concurrent.ThreadPoolExecutor.runWorker(ThreadPoolExecutor.java:1149)
	at java.util.concurrent.ThreadPoolExecutor$Worker.run(ThreadPoolExecutor.java:624)
	at java.lang.Thread.run(Thread.java:750)
24/04/26 01:58:47 INFO ipc.NettyServer: Stopping server on 0
24/04/26 01:58:47 DEBUG ipc.NettyTransceiver: [id: 0x4925f4f5, /127.0.0.1:50718 :> /0.0.0.0:45829] DISCONNECTED
24/04/26 01:58:47 DEBUG ipc.NettyTransceiver: [id: 0x4925f4f5, /127.0.0.1:50718 :> /0.0.0.0:45829] UNBOUND
24/04/26 01:58:47 DEBUG ipc.NettyTransceiver: [id: 0x4925f4f5, /127.0.0.1:50718 :> /0.0.0.0:45829] CLOSED
24/04/26 01:58:47 DEBUG ipc.NettyTransceiver: Remote peer /0.0.0.0:45829 closed connection.
24/04/26 01:58:47 DEBUG ipc.NettyTransceiver: Disconnecting from /0.0.0.0:45829
24/04/26 01:58:47 DEBUG ipc.NettyServer: [id: 0x302dd3c0, /127.0.0.1:50718 :> /127.0.1.1:45829] DISCONNECTED
24/04/26 01:58:47 DEBUG ipc.NettyServer: [id: 0x302dd3c0, /127.0.0.1:50718 :> /127.0.1.1:45829] UNBOUND
24/04/26 01:58:47 DEBUG ipc.NettyServer: [id: 0x302dd3c0, /127.0.0.1:50718 :> /127.0.1.1:45829] CLOSED
24/04/26 01:58:47 INFO wasp.WaspTestingUtility: Starting up minicluster with 1 master(s) and 3 fserver(s) 
Starting DataNode 0 with dfs.data.dir: /home/alex/Repositories/wasp/target/test-data/5626121f-37ae-4618-8692-ab428a7fd341/dfscluster_f6c51b68-eb34-4ce0-a4e6-322b949a514c/dfs/data/data1,/home/alex/Repositories/wasp/target/test-data/5626121f-37ae-4618-8692-ab428a7fd341/dfscluster_f6c51b68-eb34-4ce0-a4e6-322b949a514c/dfs/data/data2
24/04/26 01:58:47 ERROR datanode.DataNode: All directories in dfs.data.dir are invalid.
24/04/26 01:58:47 INFO wasp.WaspTestingUtility: Shutting down mini wasp cluster
24/04/26 01:58:47 INFO wasp.WaspTestingUtility: Minicluster is down
java.lang.NullPointerException
	at org.apache.hadoop.hdfs.MiniDFSCluster.startDataNodes(MiniDFSCluster.java:422)
	at org.apache.hadoop.hdfs.MiniDFSCluster.<init>(MiniDFSCluster.java:280)
	at org.apache.hadoop.hbase.HBaseTestingUtility.startMiniDFSCluster(HBaseTestingUtility.java:451)
	at org.apache.hadoop.hbase.HBaseTestingUtility.startMiniCluster(HBaseTestingUtility.java:619)
	at org.apache.hadoop.hbase.HBaseTestingUtility.startMiniCluster(HBaseTestingUtility.java:575)
	at com.alibaba.wasp.WaspTestingUtility.startMiniCluster(WaspTestingUtility.java:172)
	at com.alibaba.wasp.WaspTestingUtility.startMiniCluster(WaspTestingUtility.java:144)
	at com.alibaba.wasp.jdbc.TestAtomicOperation.setUpBeforeClass(TestAtomicOperation.java:64)
	at sun.reflect.NativeMethodAccessorImpl.invoke0(Native Method)
	at sun.reflect.NativeMethodAccessorImpl.invoke(NativeMethodAccessorImpl.java:62)
	at sun.reflect.DelegatingMethodAccessorImpl.invoke(DelegatingMethodAccessorImpl.java:43)
	at java.lang.reflect.Method.invoke(Method.java:498)
	at org.junit.runners.model.FrameworkMethod$1.runReflectiveCall(FrameworkMethod.java:45)
	at org.junit.internal.runners.model.ReflectiveCallable.run(ReflectiveCallable.java:15)
	at org.junit.runners.model.FrameworkMethod.invokeExplosively(FrameworkMethod.java:42)
	at org.junit.internal.runners.statements.RunBefores.evaluate(RunBefores.java:27)
	at org.junit.internal.runners.statements.RunAfters.evaluate(RunAfters.java:30)
	at org.junit.runners.ParentRunner.run(ParentRunner.java:300)
	at org.junit.runners.Suite.runChild(Suite.java:128)
	at org.junit.runners.Suite.runChild(Suite.java:24)
	at org.junit.runners.ParentRunner$3.run(ParentRunner.java:231)
	at org.junit.runners.ParentRunner$1.schedule(ParentRunner.java:60)
	at org.junit.runners.ParentRunner.runChildren(ParentRunner.java:229)
	at org.junit.runners.ParentRunner.access$000(ParentRunner.java:50)
	at org.junit.runners.ParentRunner$2.evaluate(ParentRunner.java:222)
	at org.junit.runners.ParentRunner.run(ParentRunner.java:300)
	at org.junit.runner.JUnitCore.run(JUnitCore.java:157)
	at org.junit.runner.JUnitCore.run(JUnitCore.java:136)
	at edu.illinois.cs.testrunner.execution.JUnitTestExecutor.execute(JUnitTestExecutor.java:259)
	at edu.illinois.cs.testrunner.execution.JUnitTestExecutor.executeWithJUnit4Runner(JUnitTestExecutor.java:327)
	at edu.illinois.cs.testrunner.execution.JUnitTestExecutor.runOrder(JUnitTestExecutor.java:49)
	at edu.illinois.cs.testrunner.execution.Executor$.$anonfun$run$1(Executor.scala:30)
	at scala.runtime.java8.JFunction0$mcV$sp.apply(JFunction0$mcV$sp.java:12)
	at scala.util.Try$.apply(Try.scala:209)
	at edu.illinois.cs.testrunner.execution.Executor$.run(Executor.scala:28)
	at edu.illinois.cs.testrunner.execution.Executor$.main(Executor.scala:18)
	at edu.illinois.cs.testrunner.execution.Executor.main(Executor.scala)
java.lang.NullPointerException
	at com.alibaba.wasp.jdbc.TestAtomicOperation.tearDownAfterClass(TestAtomicOperation.java:86)
	at sun.reflect.NativeMethodAccessorImpl.invoke0(Native Method)
	at sun.reflect.NativeMethodAccessorImpl.invoke(NativeMethodAccessorImpl.java:62)
	at sun.reflect.DelegatingMethodAccessorImpl.invoke(DelegatingMethodAccessorImpl.java:43)
	at java.lang.reflect.Method.invoke(Method.java:498)
	at org.junit.runners.model.FrameworkMethod$1.runReflectiveCall(FrameworkMethod.java:45)
	at org.junit.internal.runners.model.ReflectiveCallable.run(ReflectiveCallable.java:15)
	at org.junit.runners.model.FrameworkMethod.invokeExplosively(FrameworkMethod.java:42)
	at org.junit.internal.runners.statements.RunAfters.evaluate(RunAfters.java:36)
	at org.junit.runners.ParentRunner.run(ParentRunner.java:300)
	at org.junit.runners.Suite.runChild(Suite.java:128)
	at org.junit.runners.Suite.runChild(Suite.java:24)
	at org.junit.runners.ParentRunner$3.run(ParentRunner.java:231)
	at org.junit.runners.ParentRunner$1.schedule(ParentRunner.java:60)
	at org.junit.runners.ParentRunner.runChildren(ParentRunner.java:229)
	at org.junit.runners.ParentRunner.access$000(ParentRunner.java:50)
	at org.junit.runners.ParentRunner$2.evaluate(ParentRunner.java:222)
	at org.junit.runners.ParentRunner.run(ParentRunner.java:300)
	at org.junit.runner.JUnitCore.run(JUnitCore.java:157)
	at org.junit.runner.JUnitCore.run(JUnitCore.java:136)
	at edu.illinois.cs.testrunner.execution.JUnitTestExecutor.execute(JUnitTestExecutor.java:259)
	at edu.illinois.cs.testrunner.execution.JUnitTestExecutor.executeWithJUnit4Runner(JUnitTestExecutor.java:327)
	at edu.illinois.cs.testrunner.execution.JUnitTestExecutor.runOrder(JUnitTestExecutor.java:49)
	at edu.illinois.cs.testrunner.execution.Executor$.$anonfun$run$1(Executor.scala:30)
	at scala.runtime.java8.JFunction0$mcV$sp.apply(JFunction0$mcV$sp.java:12)
	at scala.util.Try$.apply(Try.scala:209)
	at edu.illinois.cs.testrunner.execution.Executor$.run(Executor.scala:28)
	at edu.illinois.cs.testrunner.execution.Executor$.main(Executor.scala:18)
	at edu.illinois.cs.testrunner.execution.Executor.main(Executor.scala)
24/04/26 01:58:47 INFO wasp.WaspTestingUtility: Starting up minicluster with 1 master(s) and 3 fserver(s) 
Starting DataNode 0 with dfs.data.dir: /home/alex/Repositories/wasp/target/test-data/26bb24bf-ea56-4332-8554-31a38f80bfd5/dfscluster_bb1dbb12-c911-4410-bae8-fa818b962239/dfs/data/data1,/home/alex/Repositories/wasp/target/test-data/26bb24bf-ea56-4332-8554-31a38f80bfd5/dfscluster_bb1dbb12-c911-4410-bae8-fa818b962239/dfs/data/data2
24/04/26 01:58:47 ERROR datanode.DataNode: All directories in dfs.data.dir are invalid.
24/04/26 01:58:47 INFO wasp.WaspTestingUtility: Shutting down mini wasp cluster
24/04/26 01:58:47 INFO wasp.WaspTestingUtility: Minicluster is down
java.lang.NullPointerException
	at org.apache.hadoop.hdfs.MiniDFSCluster.startDataNodes(MiniDFSCluster.java:422)
	at org.apache.hadoop.hdfs.MiniDFSCluster.<init>(MiniDFSCluster.java:280)
	at org.apache.hadoop.hbase.HBaseTestingUtility.startMiniDFSCluster(HBaseTestingUtility.java:451)
	at org.apache.hadoop.hbase.HBaseTestingUtility.startMiniCluster(HBaseTestingUtility.java:619)
	at org.apache.hadoop.hbase.HBaseTestingUtility.startMiniCluster(HBaseTestingUtility.java:575)
	at com.alibaba.wasp.WaspTestingUtility.startMiniCluster(WaspTestingUtility.java:172)
	at com.alibaba.wasp.WaspTestingUtility.startMiniCluster(WaspTestingUtility.java:144)
	at com.alibaba.wasp.jdbc.TestJdbcConnectionPool.setUpBeforeClass(TestJdbcConnectionPool.java:54)
	at sun.reflect.NativeMethodAccessorImpl.invoke0(Native Method)
	at sun.reflect.NativeMethodAccessorImpl.invoke(NativeMethodAccessorImpl.java:62)
	at sun.reflect.DelegatingMethodAccessorImpl.invoke(DelegatingMethodAccessorImpl.java:43)
	at java.lang.reflect.Method.invoke(Method.java:498)
	at org.junit.runners.model.FrameworkMethod$1.runReflectiveCall(FrameworkMethod.java:45)
	at org.junit.internal.runners.model.ReflectiveCallable.run(ReflectiveCallable.java:15)
	at org.junit.runners.model.FrameworkMethod.invokeExplosively(FrameworkMethod.java:42)
	at org.junit.internal.runners.statements.RunBefores.evaluate(RunBefores.java:27)
	at org.junit.internal.runners.statements.RunAfters.evaluate(RunAfters.java:30)
	at org.junit.runners.ParentRunner.run(ParentRunner.java:300)
	at org.junit.runners.Suite.runChild(Suite.java:128)
	at org.junit.runners.Suite.runChild(Suite.java:24)
	at org.junit.runners.ParentRunner$3.run(ParentRunner.java:231)
	at org.junit.runners.ParentRunner$1.schedule(ParentRunner.java:60)
	at org.junit.runners.ParentRunner.runChildren(ParentRunner.java:229)
	at org.junit.runners.ParentRunner.access$000(ParentRunner.java:50)
	at org.junit.runners.ParentRunner$2.evaluate(ParentRunner.java:222)
	at org.junit.runners.ParentRunner.run(ParentRunner.java:300)
	at org.junit.runner.JUnitCore.run(JUnitCore.java:157)
	at org.junit.runner.JUnitCore.run(JUnitCore.java:136)
	at edu.illinois.cs.testrunner.execution.JUnitTestExecutor.execute(JUnitTestExecutor.java:259)
	at edu.illinois.cs.testrunner.execution.JUnitTestExecutor.executeWithJUnit4Runner(JUnitTestExecutor.java:327)
	at edu.illinois.cs.testrunner.execution.JUnitTestExecutor.runOrder(JUnitTestExecutor.java:49)
	at edu.illinois.cs.testrunner.execution.Executor$.$anonfun$run$1(Executor.scala:30)
	at scala.runtime.java8.JFunction0$mcV$sp.apply(JFunction0$mcV$sp.java:12)
	at scala.util.Try$.apply(Try.scala:209)
	at edu.illinois.cs.testrunner.execution.Executor$.run(Executor.scala:28)
	at edu.illinois.cs.testrunner.execution.Executor$.main(Executor.scala:18)
	at edu.illinois.cs.testrunner.execution.Executor.main(Executor.scala)
24/04/26 01:58:48 INFO server.SessionTrackerImpl: SessionTrackerImpl exited loop!
24/04/26 01:58:48 INFO server.SessionTrackerImpl: SessionTrackerImpl exited loop!
24/04/26 01:58:48 INFO wasp.WaspTestingUtility: Starting up minicluster with 1 master(s) and 3 fserver(s) 
Starting DataNode 0 with dfs.data.dir: /home/alex/Repositories/wasp/target/test-data/0e8c8024-85b0-43e1-89f6-97f58bfd9b20/dfscluster_fee313ef-27c1-40c6-876f-036726f76693/dfs/data/data1,/home/alex/Repositories/wasp/target/test-data/0e8c8024-85b0-43e1-89f6-97f58bfd9b20/dfscluster_fee313ef-27c1-40c6-876f-036726f76693/dfs/data/data2
24/04/26 01:58:48 ERROR datanode.DataNode: All directories in dfs.data.dir are invalid.
24/04/26 01:58:48 INFO wasp.WaspTestingUtility: Shutting down mini wasp cluster
24/04/26 01:58:48 INFO wasp.WaspTestingUtility: Minicluster is down
java.lang.NullPointerException
	at org.apache.hadoop.hdfs.MiniDFSCluster.startDataNodes(MiniDFSCluster.java:422)
	at org.apache.hadoop.hdfs.MiniDFSCluster.<init>(MiniDFSCluster.java:280)
	at org.apache.hadoop.hbase.HBaseTestingUtility.startMiniDFSCluster(HBaseTestingUtility.java:451)
	at org.apache.hadoop.hbase.HBaseTestingUtility.startMiniCluster(HBaseTestingUtility.java:619)
	at org.apache.hadoop.hbase.HBaseTestingUtility.startMiniCluster(HBaseTestingUtility.java:575)
	at com.alibaba.wasp.WaspTestingUtility.startMiniCluster(WaspTestingUtility.java:172)
	at com.alibaba.wasp.WaspTestingUtility.startMiniCluster(WaspTestingUtility.java:144)
	at com.alibaba.wasp.jdbc.TestJdbcResultFormatter.setUpBeforeClass(TestJdbcResultFormatter.java:51)
	at sun.reflect.NativeMethodAccessorImpl.invoke0(Native Method)
	at sun.reflect.NativeMethodAccessorImpl.invoke(NativeMethodAccessorImpl.java:62)
	at sun.reflect.DelegatingMethodAccessorImpl.invoke(DelegatingMethodAccessorImpl.java:43)
	at java.lang.reflect.Method.invoke(Method.java:498)
	at org.junit.runners.model.FrameworkMethod$1.runReflectiveCall(FrameworkMethod.java:45)
	at org.junit.internal.runners.model.ReflectiveCallable.run(ReflectiveCallable.java:15)
	at org.junit.runners.model.FrameworkMethod.invokeExplosively(FrameworkMethod.java:42)
	at org.junit.internal.runners.statements.RunBefores.evaluate(RunBefores.java:27)
	at org.junit.internal.runners.statements.RunAfters.evaluate(RunAfters.java:30)
	at org.junit.runners.ParentRunner.run(ParentRunner.java:300)
	at org.junit.runners.Suite.runChild(Suite.java:128)
	at org.junit.runners.Suite.runChild(Suite.java:24)
	at org.junit.runners.ParentRunner$3.run(ParentRunner.java:231)
	at org.junit.runners.ParentRunner$1.schedule(ParentRunner.java:60)
	at org.junit.runners.ParentRunner.runChildren(ParentRunner.java:229)
	at org.junit.runners.ParentRunner.access$000(ParentRunner.java:50)
	at org.junit.runners.ParentRunner$2.evaluate(ParentRunner.java:222)
	at org.junit.runners.ParentRunner.run(ParentRunner.java:300)
	at org.junit.runner.JUnitCore.run(JUnitCore.java:157)
	at org.junit.runner.JUnitCore.run(JUnitCore.java:136)
	at edu.illinois.cs.testrunner.execution.JUnitTestExecutor.execute(JUnitTestExecutor.java:259)
	at edu.illinois.cs.testrunner.execution.JUnitTestExecutor.executeWithJUnit4Runner(JUnitTestExecutor.java:327)
	at edu.illinois.cs.testrunner.execution.JUnitTestExecutor.runOrder(JUnitTestExecutor.java:49)
	at edu.illinois.cs.testrunner.execution.Executor$.$anonfun$run$1(Executor.scala:30)
	at scala.runtime.java8.JFunction0$mcV$sp.apply(JFunction0$mcV$sp.java:12)
	at scala.util.Try$.apply(Try.scala:209)
	at edu.illinois.cs.testrunner.execution.Executor$.run(Executor.scala:28)
	at edu.illinois.cs.testrunner.execution.Executor$.main(Executor.scala:18)
	at edu.illinois.cs.testrunner.execution.Executor.main(Executor.scala)
java.lang.NullPointerException
	at com.alibaba.wasp.jdbc.TestJdbcResultFormatter.tearDownAfterClass(TestJdbcResultFormatter.java:71)
	at sun.reflect.NativeMethodAccessorImpl.invoke0(Native Method)
	at sun.reflect.NativeMethodAccessorImpl.invoke(NativeMethodAccessorImpl.java:62)
	at sun.reflect.DelegatingMethodAccessorImpl.invoke(DelegatingMethodAccessorImpl.java:43)
	at java.lang.reflect.Method.invoke(Method.java:498)
	at org.junit.runners.model.FrameworkMethod$1.runReflectiveCall(FrameworkMethod.java:45)
	at org.junit.internal.runners.model.ReflectiveCallable.run(ReflectiveCallable.java:15)
	at org.junit.runners.model.FrameworkMethod.invokeExplosively(FrameworkMethod.java:42)
	at org.junit.internal.runners.statements.RunAfters.evaluate(RunAfters.java:36)
	at org.junit.runners.ParentRunner.run(ParentRunner.java:300)
	at org.junit.runners.Suite.runChild(Suite.java:128)
	at org.junit.runners.Suite.runChild(Suite.java:24)
	at org.junit.runners.ParentRunner$3.run(ParentRunner.java:231)
	at org.junit.runners.ParentRunner$1.schedule(ParentRunner.java:60)
	at org.junit.runners.ParentRunner.runChildren(ParentRunner.java:229)
	at org.junit.runners.ParentRunner.access$000(ParentRunner.java:50)
	at org.junit.runners.ParentRunner$2.evaluate(ParentRunner.java:222)
	at org.junit.runners.ParentRunner.run(ParentRunner.java:300)
	at org.junit.runner.JUnitCore.run(JUnitCore.java:157)
	at org.junit.runner.JUnitCore.run(JUnitCore.java:136)
	at edu.illinois.cs.testrunner.execution.JUnitTestExecutor.execute(JUnitTestExecutor.java:259)
	at edu.illinois.cs.testrunner.execution.JUnitTestExecutor.executeWithJUnit4Runner(JUnitTestExecutor.java:327)
	at edu.illinois.cs.testrunner.execution.JUnitTestExecutor.runOrder(JUnitTestExecutor.java:49)
	at edu.illinois.cs.testrunner.execution.Executor$.$anonfun$run$1(Executor.scala:30)
	at scala.runtime.java8.JFunction0$mcV$sp.apply(JFunction0$mcV$sp.java:12)
	at scala.util.Try$.apply(Try.scala:209)
	at edu.illinois.cs.testrunner.execution.Executor$.run(Executor.scala:28)
	at edu.illinois.cs.testrunner.execution.Executor$.main(Executor.scala:18)
	at edu.illinois.cs.testrunner.execution.Executor.main(Executor.scala)
24/04/26 01:58:48 INFO wasp.WaspTestingUtility: Starting up minicluster with 1 master(s) and 3 fserver(s) 
Starting DataNode 0 with dfs.data.dir: /home/alex/Repositories/wasp/target/test-data/89368365-a515-4c48-8356-4638a58a8f8e/dfscluster_66b5a40f-dafc-4f9d-9304-0f44a87e364b/dfs/data/data1,/home/alex/Repositories/wasp/target/test-data/89368365-a515-4c48-8356-4638a58a8f8e/dfscluster_66b5a40f-dafc-4f9d-9304-0f44a87e364b/dfs/data/data2
24/04/26 01:58:48 ERROR datanode.DataNode: All directories in dfs.data.dir are invalid.
java.lang.NullPointerException
	at org.apache.hadoop.hdfs.MiniDFSCluster.startDataNodes(MiniDFSCluster.java:422)
	at org.apache.hadoop.hdfs.MiniDFSCluster.<init>(MiniDFSCluster.java:280)
	at org.apache.hadoop.hbase.HBaseTestingUtility.startMiniDFSCluster(HBaseTestingUtility.java:451)
	at org.apache.hadoop.hbase.HBaseTestingUtility.startMiniCluster(HBaseTestingUtility.java:619)
	at org.apache.hadoop.hbase.HBaseTestingUtility.startMiniCluster(HBaseTestingUtility.java:575)
	at com.alibaba.wasp.WaspTestingUtility.startMiniCluster(WaspTestingUtility.java:172)
	at com.alibaba.wasp.WaspTestingUtility.startMiniCluster(WaspTestingUtility.java:144)
	at com.alibaba.wasp.jdbc.TestJdbcResultSet.setUpBeforeClass(TestJdbcResultSet.java:71)
	at sun.reflect.NativeMethodAccessorImpl.invoke0(Native Method)
	at sun.reflect.NativeMethodAccessorImpl.invoke(NativeMethodAccessorImpl.java:62)
	at sun.reflect.DelegatingMethodAccessorImpl.invoke(DelegatingMethodAccessorImpl.java:43)
	at java.lang.reflect.Method.invoke(Method.java:498)
	at org.junit.runners.model.FrameworkMethod$1.runReflectiveCall(FrameworkMethod.java:45)
	at org.junit.internal.runners.model.ReflectiveCallable.run(ReflectiveCallable.java:15)
	at org.junit.runners.model.FrameworkMethod.invokeExplosively(FrameworkMethod.java:42)
	at org.junit.internal.runners.statements.RunBefores.evaluate(RunBefores.java:27)
	at org.junit.internal.runners.statements.RunAfters.evaluate(RunAfters.java:30)
	at org.junit.runners.ParentRunner.run(ParentRunner.java:300)
	at org.junit.runners.Suite.runChild(Suite.java:128)
	at org.junit.runners.Suite.runChild(Suite.java:24)
	at org.junit.runners.ParentRunner$3.run(ParentRunner.java:231)
	at org.junit.runners.ParentRunner$1.schedule(ParentRunner.java:60)
	at org.junit.runners.ParentRunner.runChildren(ParentRunner.java:229)
	at org.junit.runners.ParentRunner.access$000(ParentRunner.java:50)
	at org.junit.runners.ParentRunner$2.evaluate(ParentRunner.java:222)
	at org.junit.runners.ParentRunner.run(ParentRunner.java:300)
	at org.junit.runner.JUnitCore.run(JUnitCore.java:157)
	at org.junit.runner.JUnitCore.run(JUnitCore.java:136)
	at edu.illinois.cs.testrunner.execution.JUnitTestExecutor.execute(JUnitTestExecutor.java:259)
	at edu.illinois.cs.testrunner.execution.JUnitTestExecutor.executeWithJUnit4Runner(JUnitTestExecutor.java:327)
	at edu.illinois.cs.testrunner.execution.JUnitTestExecutor.runOrder(JUnitTestExecutor.java:49)
	at edu.illinois.cs.testrunner.execution.Executor$.$anonfun$run$1(Executor.scala:30)
	at scala.runtime.java8.JFunction0$mcV$sp.apply(JFunction0$mcV$sp.java:12)
	at scala.util.Try$.apply(Try.scala:209)
	at edu.illinois.cs.testrunner.execution.Executor$.run(Executor.scala:28)
	at edu.illinois.cs.testrunner.execution.Executor$.main(Executor.scala:18)
	at edu.illinois.cs.testrunner.execution.Executor.main(Executor.scala)
java.lang.NullPointerException
	at com.alibaba.wasp.jdbc.TestJdbcResultSet.tearDownAfterClass(TestJdbcResultSet.java:100)
	at sun.reflect.NativeMethodAccessorImpl.invoke0(Native Method)
	at sun.reflect.NativeMethodAccessorImpl.invoke(NativeMethodAccessorImpl.java:62)
	at sun.reflect.DelegatingMethodAccessorImpl.invoke(DelegatingMethodAccessorImpl.java:43)
	at java.lang.reflect.Method.invoke(Method.java:498)
	at org.junit.runners.model.FrameworkMethod$1.runReflectiveCall(FrameworkMethod.java:45)
	at org.junit.internal.runners.model.ReflectiveCallable.run(ReflectiveCallable.java:15)
	at org.junit.runners.model.FrameworkMethod.invokeExplosively(FrameworkMethod.java:42)
	at org.junit.internal.runners.statements.RunAfters.evaluate(RunAfters.java:36)
	at org.junit.runners.ParentRunner.run(ParentRunner.java:300)
	at org.junit.runners.Suite.runChild(Suite.java:128)
	at org.junit.runners.Suite.runChild(Suite.java:24)
	at org.junit.runners.ParentRunner$3.run(ParentRunner.java:231)
	at org.junit.runners.ParentRunner$1.schedule(ParentRunner.java:60)
	at org.junit.runners.ParentRunner.runChildren(ParentRunner.java:229)
	at org.junit.runners.ParentRunner.access$000(ParentRunner.java:50)
	at org.junit.runners.ParentRunner$2.evaluate(ParentRunner.java:222)
	at org.junit.runners.ParentRunner.run(ParentRunner.java:300)
	at org.junit.runner.JUnitCore.run(JUnitCore.java:157)
	at org.junit.runner.JUnitCore.run(JUnitCore.java:136)
	at edu.illinois.cs.testrunner.execution.JUnitTestExecutor.execute(JUnitTestExecutor.java:259)
	at edu.illinois.cs.testrunner.execution.JUnitTestExecutor.executeWithJUnit4Runner(JUnitTestExecutor.java:327)
	at edu.illinois.cs.testrunner.execution.JUnitTestExecutor.runOrder(JUnitTestExecutor.java:49)
	at edu.illinois.cs.testrunner.execution.Executor$.$anonfun$run$1(Executor.scala:30)
	at scala.runtime.java8.JFunction0$mcV$sp.apply(JFunction0$mcV$sp.java:12)
	at scala.util.Try$.apply(Try.scala:209)
	at edu.illinois.cs.testrunner.execution.Executor$.run(Executor.scala:28)
	at edu.illinois.cs.testrunner.execution.Executor$.main(Executor.scala:18)
	at edu.illinois.cs.testrunner.execution.Executor.main(Executor.scala)
