24/04/26 02:21:14 INFO wasp.WaspTestingUtility: Starting up minicluster with 1 master(s) and 3 fserver(s) 
Starting DataNode 0 with dfs.data.dir: /home/alex/Repositories/wasp/target/test-data/6acfe8e3-7a26-47f6-a416-05621219b53b/dfscluster_9748e7b9-e187-4065-8939-6e652c2c39af/dfs/data/data1,/home/alex/Repositories/wasp/target/test-data/6acfe8e3-7a26-47f6-a416-05621219b53b/dfscluster_9748e7b9-e187-4065-8939-6e652c2c39af/dfs/data/data2
24/04/26 02:21:15 ERROR datanode.DataNode: All directories in dfs.data.dir are invalid.
24/04/26 02:21:15 INFO wasp.WaspTestingUtility: Shutting down mini wasp cluster
24/04/26 02:21:15 INFO wasp.WaspTestingUtility: Minicluster is down
java.lang.NullPointerException
	at org.apache.hadoop.hdfs.MiniDFSCluster.startDataNodes(MiniDFSCluster.java:422)
	at org.apache.hadoop.hdfs.MiniDFSCluster.<init>(MiniDFSCluster.java:280)
	at org.apache.hadoop.hbase.HBaseTestingUtility.startMiniDFSCluster(HBaseTestingUtility.java:451)
	at org.apache.hadoop.hbase.HBaseTestingUtility.startMiniCluster(HBaseTestingUtility.java:619)
	at org.apache.hadoop.hbase.HBaseTestingUtility.startMiniCluster(HBaseTestingUtility.java:575)
	at com.alibaba.wasp.WaspTestingUtility.startMiniCluster(WaspTestingUtility.java:172)
	at com.alibaba.wasp.WaspTestingUtility.startMiniCluster(WaspTestingUtility.java:144)
	at com.alibaba.wasp.client.TestFromClientSide.setUpBeforeClass(TestFromClientSide.java:83)
	at sun.reflect.NativeMethodAccessorImpl.invoke0(Native Method)
	at sun.reflect.NativeMethodAccessorImpl.invoke(NativeMethodAccessorImpl.java:62)
	at sun.reflect.DelegatingMethodAccessorImpl.invoke(DelegatingMethodAccessorImpl.java:43)
	at java.lang.reflect.Method.invoke(Method.java:498)
	at org.junit.runners.model.FrameworkMethod$1.runReflectiveCall(FrameworkMethod.java:45)
	at org.junit.internal.runners.model.ReflectiveCallable.run(ReflectiveCallable.java:15)
	at org.junit.runners.model.FrameworkMethod.invokeExplosively(FrameworkMethod.java:42)
	at org.junit.internal.runners.statements.RunBefores.evaluate(RunBefores.java:27)
	at org.junit.internal.runners.statements.RunAfters.evaluate(RunAfters.java:30)
	at org.junit.runners.ParentRunner.run(ParentRunner.java:300)
	at org.junit.runners.Suite.runChild(Suite.java:128)
	at org.junit.runners.Suite.runChild(Suite.java:24)
	at org.junit.runners.ParentRunner$3.run(ParentRunner.java:231)
	at org.junit.runners.ParentRunner$1.schedule(ParentRunner.java:60)
	at org.junit.runners.ParentRunner.runChildren(ParentRunner.java:229)
	at org.junit.runners.ParentRunner.access$000(ParentRunner.java:50)
	at org.junit.runners.ParentRunner$2.evaluate(ParentRunner.java:222)
	at org.junit.runners.ParentRunner.run(ParentRunner.java:300)
	at org.junit.runner.JUnitCore.run(JUnitCore.java:157)
	at org.junit.runner.JUnitCore.run(JUnitCore.java:136)
	at edu.illinois.cs.testrunner.execution.JUnitTestExecutor.execute(JUnitTestExecutor.java:259)
	at edu.illinois.cs.testrunner.execution.JUnitTestExecutor.executeWithJUnit4Runner(JUnitTestExecutor.java:327)
	at edu.illinois.cs.testrunner.execution.JUnitTestExecutor.runOrder(JUnitTestExecutor.java:49)
	at edu.illinois.cs.testrunner.execution.Executor$.$anonfun$run$1(Executor.scala:30)
	at scala.runtime.java8.JFunction0$mcV$sp.apply(JFunction0$mcV$sp.java:12)
	at scala.util.Try$.apply(Try.scala:209)
	at edu.illinois.cs.testrunner.execution.Executor$.run(Executor.scala:28)
	at edu.illinois.cs.testrunner.execution.Executor$.main(Executor.scala:18)
	at edu.illinois.cs.testrunner.execution.Executor.main(Executor.scala)
24/04/26 02:21:15 INFO wasp.WaspTestingUtility: Starting up minicluster with 1 master(s) and 3 fserver(s) 
Starting DataNode 0 with dfs.data.dir: /home/alex/Repositories/wasp/target/test-data/32fcfb28-168c-45a8-99a7-1825a464b13d/dfscluster_1c68bb66-fb36-47ba-ab02-1fd3e092fe21/dfs/data/data1,/home/alex/Repositories/wasp/target/test-data/32fcfb28-168c-45a8-99a7-1825a464b13d/dfscluster_1c68bb66-fb36-47ba-ab02-1fd3e092fe21/dfs/data/data2
24/04/26 02:21:15 ERROR datanode.DataNode: All directories in dfs.data.dir are invalid.
java.lang.NullPointerException
	at org.apache.hadoop.hdfs.MiniDFSCluster.startDataNodes(MiniDFSCluster.java:422)
	at org.apache.hadoop.hdfs.MiniDFSCluster.<init>(MiniDFSCluster.java:280)
	at org.apache.hadoop.hbase.HBaseTestingUtility.startMiniDFSCluster(HBaseTestingUtility.java:451)
	at org.apache.hadoop.hbase.HBaseTestingUtility.startMiniCluster(HBaseTestingUtility.java:619)
	at org.apache.hadoop.hbase.HBaseTestingUtility.startMiniCluster(HBaseTestingUtility.java:575)
	at com.alibaba.wasp.WaspTestingUtility.startMiniCluster(WaspTestingUtility.java:172)
	at com.alibaba.wasp.WaspTestingUtility.startMiniCluster(WaspTestingUtility.java:144)
	at com.alibaba.wasp.jdbc.TestJdbcResultSet.setUpBeforeClass(TestJdbcResultSet.java:71)
	at sun.reflect.NativeMethodAccessorImpl.invoke0(Native Method)
	at sun.reflect.NativeMethodAccessorImpl.invoke(NativeMethodAccessorImpl.java:62)
	at sun.reflect.DelegatingMethodAccessorImpl.invoke(DelegatingMethodAccessorImpl.java:43)
	at java.lang.reflect.Method.invoke(Method.java:498)
	at org.junit.runners.model.FrameworkMethod$1.runReflectiveCall(FrameworkMethod.java:45)
	at org.junit.internal.runners.model.ReflectiveCallable.run(ReflectiveCallable.java:15)
	at org.junit.runners.model.FrameworkMethod.invokeExplosively(FrameworkMethod.java:42)
	at org.junit.internal.runners.statements.RunBefores.evaluate(RunBefores.java:27)
	at org.junit.internal.runners.statements.RunAfters.evaluate(RunAfters.java:30)
	at org.junit.runners.ParentRunner.run(ParentRunner.java:300)
	at org.junit.runners.Suite.runChild(Suite.java:128)
	at org.junit.runners.Suite.runChild(Suite.java:24)
	at org.junit.runners.ParentRunner$3.run(ParentRunner.java:231)
	at org.junit.runners.ParentRunner$1.schedule(ParentRunner.java:60)
	at org.junit.runners.ParentRunner.runChildren(ParentRunner.java:229)
	at org.junit.runners.ParentRunner.access$000(ParentRunner.java:50)
	at org.junit.runners.ParentRunner$2.evaluate(ParentRunner.java:222)
	at org.junit.runners.ParentRunner.run(ParentRunner.java:300)
	at org.junit.runner.JUnitCore.run(JUnitCore.java:157)
	at org.junit.runner.JUnitCore.run(JUnitCore.java:136)
	at edu.illinois.cs.testrunner.execution.JUnitTestExecutor.execute(JUnitTestExecutor.java:259)
	at edu.illinois.cs.testrunner.execution.JUnitTestExecutor.executeWithJUnit4Runner(JUnitTestExecutor.java:327)
	at edu.illinois.cs.testrunner.execution.JUnitTestExecutor.runOrder(JUnitTestExecutor.java:49)
	at edu.illinois.cs.testrunner.execution.Executor$.$anonfun$run$1(Executor.scala:30)
	at scala.runtime.java8.JFunction0$mcV$sp.apply(JFunction0$mcV$sp.java:12)
	at scala.util.Try$.apply(Try.scala:209)
	at edu.illinois.cs.testrunner.execution.Executor$.run(Executor.scala:28)
	at edu.illinois.cs.testrunner.execution.Executor$.main(Executor.scala:18)
	at edu.illinois.cs.testrunner.execution.Executor.main(Executor.scala)
java.lang.NullPointerException
	at com.alibaba.wasp.jdbc.TestJdbcResultSet.tearDownAfterClass(TestJdbcResultSet.java:100)
	at sun.reflect.NativeMethodAccessorImpl.invoke0(Native Method)
	at sun.reflect.NativeMethodAccessorImpl.invoke(NativeMethodAccessorImpl.java:62)
	at sun.reflect.DelegatingMethodAccessorImpl.invoke(DelegatingMethodAccessorImpl.java:43)
	at java.lang.reflect.Method.invoke(Method.java:498)
	at org.junit.runners.model.FrameworkMethod$1.runReflectiveCall(FrameworkMethod.java:45)
	at org.junit.internal.runners.model.ReflectiveCallable.run(ReflectiveCallable.java:15)
	at org.junit.runners.model.FrameworkMethod.invokeExplosively(FrameworkMethod.java:42)
	at org.junit.internal.runners.statements.RunAfters.evaluate(RunAfters.java:36)
	at org.junit.runners.ParentRunner.run(ParentRunner.java:300)
	at org.junit.runners.Suite.runChild(Suite.java:128)
	at org.junit.runners.Suite.runChild(Suite.java:24)
	at org.junit.runners.ParentRunner$3.run(ParentRunner.java:231)
	at org.junit.runners.ParentRunner$1.schedule(ParentRunner.java:60)
	at org.junit.runners.ParentRunner.runChildren(ParentRunner.java:229)
	at org.junit.runners.ParentRunner.access$000(ParentRunner.java:50)
	at org.junit.runners.ParentRunner$2.evaluate(ParentRunner.java:222)
	at org.junit.runners.ParentRunner.run(ParentRunner.java:300)
	at org.junit.runner.JUnitCore.run(JUnitCore.java:157)
	at org.junit.runner.JUnitCore.run(JUnitCore.java:136)
	at edu.illinois.cs.testrunner.execution.JUnitTestExecutor.execute(JUnitTestExecutor.java:259)
	at edu.illinois.cs.testrunner.execution.JUnitTestExecutor.executeWithJUnit4Runner(JUnitTestExecutor.java:327)
	at edu.illinois.cs.testrunner.execution.JUnitTestExecutor.runOrder(JUnitTestExecutor.java:49)
	at edu.illinois.cs.testrunner.execution.Executor$.$anonfun$run$1(Executor.scala:30)
	at scala.runtime.java8.JFunction0$mcV$sp.apply(JFunction0$mcV$sp.java:12)
	at scala.util.Try$.apply(Try.scala:209)
	at edu.illinois.cs.testrunner.execution.Executor$.run(Executor.scala:28)
	at edu.illinois.cs.testrunner.execution.Executor$.main(Executor.scala:18)
	at edu.illinois.cs.testrunner.execution.Executor.main(Executor.scala)
24/04/26 02:21:15 INFO wasp.WaspTestingUtility: Starting up minicluster with 1 master(s) and 3 fserver(s) 
Starting DataNode 0 with dfs.data.dir: /home/alex/Repositories/wasp/target/test-data/e1c91226-e8b7-49a7-b380-174a6d741e99/dfscluster_95d9af9f-c623-428f-8c93-a09fbe180d33/dfs/data/data1,/home/alex/Repositories/wasp/target/test-data/e1c91226-e8b7-49a7-b380-174a6d741e99/dfscluster_95d9af9f-c623-428f-8c93-a09fbe180d33/dfs/data/data2
24/04/26 02:21:16 ERROR datanode.DataNode: All directories in dfs.data.dir are invalid.
java.lang.NullPointerException
	at org.apache.hadoop.hdfs.MiniDFSCluster.startDataNodes(MiniDFSCluster.java:422)
	at org.apache.hadoop.hdfs.MiniDFSCluster.<init>(MiniDFSCluster.java:280)
	at org.apache.hadoop.hbase.HBaseTestingUtility.startMiniDFSCluster(HBaseTestingUtility.java:451)
	at org.apache.hadoop.hbase.HBaseTestingUtility.startMiniCluster(HBaseTestingUtility.java:619)
	at org.apache.hadoop.hbase.HBaseTestingUtility.startMiniCluster(HBaseTestingUtility.java:575)
	at com.alibaba.wasp.WaspTestingUtility.startMiniCluster(WaspTestingUtility.java:172)
	at com.alibaba.wasp.WaspTestingUtility.startMiniCluster(WaspTestingUtility.java:144)
	at com.alibaba.wasp.jdbc.TestPreparedStatement.beforeClass(TestPreparedStatement.java:60)
	at sun.reflect.NativeMethodAccessorImpl.invoke0(Native Method)
	at sun.reflect.NativeMethodAccessorImpl.invoke(NativeMethodAccessorImpl.java:62)
	at sun.reflect.DelegatingMethodAccessorImpl.invoke(DelegatingMethodAccessorImpl.java:43)
	at java.lang.reflect.Method.invoke(Method.java:498)
	at org.junit.runners.model.FrameworkMethod$1.runReflectiveCall(FrameworkMethod.java:45)
	at org.junit.internal.runners.model.ReflectiveCallable.run(ReflectiveCallable.java:15)
	at org.junit.runners.model.FrameworkMethod.invokeExplosively(FrameworkMethod.java:42)
	at org.junit.internal.runners.statements.RunBefores.evaluate(RunBefores.java:27)
	at org.junit.internal.runners.statements.RunAfters.evaluate(RunAfters.java:30)
	at org.junit.runners.ParentRunner.run(ParentRunner.java:300)
	at org.junit.runners.Suite.runChild(Suite.java:128)
	at org.junit.runners.Suite.runChild(Suite.java:24)
	at org.junit.runners.ParentRunner$3.run(ParentRunner.java:231)
	at org.junit.runners.ParentRunner$1.schedule(ParentRunner.java:60)
	at org.junit.runners.ParentRunner.runChildren(ParentRunner.java:229)
	at org.junit.runners.ParentRunner.access$000(ParentRunner.java:50)
	at org.junit.runners.ParentRunner$2.evaluate(ParentRunner.java:222)
	at org.junit.runners.ParentRunner.run(ParentRunner.java:300)
	at org.junit.runner.JUnitCore.run(JUnitCore.java:157)
	at org.junit.runner.JUnitCore.run(JUnitCore.java:136)
	at edu.illinois.cs.testrunner.execution.JUnitTestExecutor.execute(JUnitTestExecutor.java:259)
	at edu.illinois.cs.testrunner.execution.JUnitTestExecutor.executeWithJUnit4Runner(JUnitTestExecutor.java:327)
	at edu.illinois.cs.testrunner.execution.JUnitTestExecutor.runOrder(JUnitTestExecutor.java:49)
	at edu.illinois.cs.testrunner.execution.Executor$.$anonfun$run$1(Executor.scala:30)
	at scala.runtime.java8.JFunction0$mcV$sp.apply(JFunction0$mcV$sp.java:12)
	at scala.util.Try$.apply(Try.scala:209)
	at edu.illinois.cs.testrunner.execution.Executor$.run(Executor.scala:28)
	at edu.illinois.cs.testrunner.execution.Executor$.main(Executor.scala:18)
	at edu.illinois.cs.testrunner.execution.Executor.main(Executor.scala)
java.lang.NullPointerException
	at com.alibaba.wasp.jdbc.TestPreparedStatement.afterClass(TestPreparedStatement.java:82)
	at sun.reflect.NativeMethodAccessorImpl.invoke0(Native Method)
	at sun.reflect.NativeMethodAccessorImpl.invoke(NativeMethodAccessorImpl.java:62)
	at sun.reflect.DelegatingMethodAccessorImpl.invoke(DelegatingMethodAccessorImpl.java:43)
	at java.lang.reflect.Method.invoke(Method.java:498)
	at org.junit.runners.model.FrameworkMethod$1.runReflectiveCall(FrameworkMethod.java:45)
	at org.junit.internal.runners.model.ReflectiveCallable.run(ReflectiveCallable.java:15)
	at org.junit.runners.model.FrameworkMethod.invokeExplosively(FrameworkMethod.java:42)
	at org.junit.internal.runners.statements.RunAfters.evaluate(RunAfters.java:36)
	at org.junit.runners.ParentRunner.run(ParentRunner.java:300)
	at org.junit.runners.Suite.runChild(Suite.java:128)
	at org.junit.runners.Suite.runChild(Suite.java:24)
	at org.junit.runners.ParentRunner$3.run(ParentRunner.java:231)
	at org.junit.runners.ParentRunner$1.schedule(ParentRunner.java:60)
	at org.junit.runners.ParentRunner.runChildren(ParentRunner.java:229)
	at org.junit.runners.ParentRunner.access$000(ParentRunner.java:50)
	at org.junit.runners.ParentRunner$2.evaluate(ParentRunner.java:222)
	at org.junit.runners.ParentRunner.run(ParentRunner.java:300)
	at org.junit.runner.JUnitCore.run(JUnitCore.java:157)
	at org.junit.runner.JUnitCore.run(JUnitCore.java:136)
	at edu.illinois.cs.testrunner.execution.JUnitTestExecutor.execute(JUnitTestExecutor.java:259)
	at edu.illinois.cs.testrunner.execution.JUnitTestExecutor.executeWithJUnit4Runner(JUnitTestExecutor.java:327)
	at edu.illinois.cs.testrunner.execution.JUnitTestExecutor.runOrder(JUnitTestExecutor.java:49)
	at edu.illinois.cs.testrunner.execution.Executor$.$anonfun$run$1(Executor.scala:30)
	at scala.runtime.java8.JFunction0$mcV$sp.apply(JFunction0$mcV$sp.java:12)
	at scala.util.Try$.apply(Try.scala:209)
	at edu.illinois.cs.testrunner.execution.Executor$.run(Executor.scala:28)
	at edu.illinois.cs.testrunner.execution.Executor$.main(Executor.scala:18)
	at edu.illinois.cs.testrunner.execution.Executor.main(Executor.scala)
24/04/26 02:21:16 INFO server.NIOServerCnxnFactory: binding to port 0.0.0.0/0.0.0.0:53223
24/04/26 02:21:16 INFO persistence.FileTxnSnapLog: Snapshotting: 0x0 to /home/alex/Repositories/wasp/target/test-data/4e217f04-0c22-4315-9f61-68cccd09efe9/dfscluster_629832cf-516c-44ae-84c3-fa1b2b372c62/zookeeper_0/version-2/snapshot.0
24/04/26 02:21:16 INFO server.NIOServerCnxnFactory: Accepted socket connection from /127.0.0.1:56186
24/04/26 02:21:16 DEBUG zookeeper.ZKUtil: MockServer,123,-1 opening connection to ZooKeeper with ensemble (localhost:53223)
24/04/26 02:21:16 INFO zookeeper.RecoverableZooKeeper: The identifier of this process is 122151@Lenovo-Bot
24/04/26 02:21:16 INFO server.NIOServerCnxnFactory: Accepted socket connection from /127.0.0.1:56202
24/04/26 02:21:16 INFO persistence.FileTxnLog: Creating new log file: log.1
24/04/26 02:21:16 DEBUG zookeeper.ZooKeeperWatcher: MockServer,123,-1 Received ZooKeeper Event, type=None, state=SyncConnected, path=null
24/04/26 02:21:16 DEBUG zookeeper.ZooKeeperWatcher: MockServer,123,-1-0xff8f17fe0b9c0000 connected
24/04/26 02:21:16 INFO fserver.EntityGroup: creating EntityGroup TestOpenEntityGroupHandler Table == CREATE TABLE TestOpenEntityGroupHandler { 
  REQUIRED INT32 column1 COLUMNFAMILY d;
  REQUIRED INT64 column2 COLUMNFAMILY d;
  REQUIRED STRING column3 COLUMNFAMILY d;
  OPTIONAL FLOAT column4 COLUMNFAMILY d;
  OPTIONAL DOUBLE column5 COLUMNFAMILY d;
  OPTIONAL DATETIME column6 COLUMNFAMILY d;
  REPEATED PROTOBUF column7 COLUMNFAMILY d;
  OPTIONAL STRING column8 COLUMNFAMILY d;
} 
PRIMARY KEY(column1),
ENTITY GROUP ROOT,
ENTITY GROUP KEY(column1);
 Table name == TestOpenEntityGroupHandler
24/04/26 02:21:16 DEBUG fserver.MetricsEntityGroupSourceImpl: Creating new MetricsEntityGroupSourceImpl for table TestOpenEntityGroupHandler 302c36dd59008f32df0ce62af317a1f6
24/04/26 02:21:16 DEBUG fserver.EntityGroup: Instantiated TestOpenEntityGroupHandler,\x00\x00\x00\x00,1714094476205.302c36dd59008f32df0ce62af317a1f6.
24/04/26 02:21:16 ERROR server.NIOServerCnxnFactory: Thread Thread[Thread-75,5,main] died
java.lang.NullPointerException
	at com.alibaba.wasp.fserver.EntityGroup.run(EntityGroup.java:1264)
	at java.lang.Thread.run(Thread.java:750)
24/04/26 02:21:16 DEBUG zookeeper.ZKAssign: MockServer,123,-1-0xff8f17fe0b9c0000 Attempting to transition node 302c36dd59008f32df0ce62af317a1f6 from M_ZK_ENTITYGROUP_OFFLINE to FSERVER_ZK_ENTITYGROUP_OPENING
24/04/26 02:21:16 DEBUG zookeeper.ZKUtil: MockServer,123,-1-0xff8f17fe0b9c0000 Unable to get data of znode /wasp/unassigned/302c36dd59008f32df0ce62af317a1f6 because node does not exist (not necessarily an error)
24/04/26 02:21:16 WARN handler.OpenEntityGroupHandler: Failed transition from OFFLINE to OPENING for entityGroup=302c36dd59008f32df0ce62af317a1f6
24/04/26 02:21:16 WARN handler.OpenEntityGroupHandler: EntityGroup was hijacked? It no longer exists, encodedName=302c36dd59008f32df0ce62af317a1f6
24/04/26 02:21:16 DEBUG zookeeper.ZKAssign: MockServer,123,-1-0xff8f17fe0b9c0000 Creating unassigned node for 302c36dd59008f32df0ce62af317a1f6 in OFFLINE state
24/04/26 02:21:16 DEBUG zookeeper.ZKAssign: MockServer,123,-1-0xff8f17fe0b9c0000 Attempting to transition node 302c36dd59008f32df0ce62af317a1f6 from M_ZK_ENTITYGROUP_OFFLINE to FSERVER_ZK_ENTITYGROUP_OPENING
24/04/26 02:21:16 DEBUG zookeeper.ZKUtil: MockServer,123,-1-0xff8f17fe0b9c0000 Retrieved 117 byte(s) of data from znode /wasp/unassigned/302c36dd59008f32df0ce62af317a1f6; data=entityGroup=TestOpenEntityGroupHandler,\x00\x00\x00\x00,1714094476205.302c36dd59008f32df0ce62af317a1f6., state=M_ZK_ENTITYGROUP_OFFLINE, servername=MockServer,123,-1, createTime=1714094476284, payload.length=0
24/04/26 02:21:16 DEBUG zookeeper.ZooKeeperWatcher: MockServer,123,-1-0xff8f17fe0b9c0000 Received ZooKeeper Event, type=NodeDataChanged, state=SyncConnected, path=/wasp/unassigned/302c36dd59008f32df0ce62af317a1f6
24/04/26 02:21:16 DEBUG zookeeper.ZKAssign: MockServer,123,-1-0xff8f17fe0b9c0000 Successfully transitioned node 302c36dd59008f32df0ce62af317a1f6 from M_ZK_ENTITYGROUP_OFFLINE to FSERVER_ZK_ENTITYGROUP_OPENING
24/04/26 02:21:16 INFO fserver.EntityGroup: EntityGroup.openEntityGroup EntityGroup name ==TestOpenEntityGroupHandler,\x00\x00\x00\x00,1714094476205.302c36dd59008f32df0ce62af317a1f6.
24/04/26 02:21:16 DEBUG fserver.EntityGroup: Opening EntityGroup: {NAME => 'TestOpenEntityGroupHandler,\x00\x00\x00\x00,1714094476205.302c36dd59008f32df0ce62af317a1f6.', STARTKEY => '\x00\x00\x00\x00', ENDKEY => '\x00\x00\x00\x01', ENCODED => 302c36dd59008f32df0ce62af317a1f6,}
24/04/26 02:21:16 DEBUG fserver.MetricsEntityGroupSourceImpl: Creating new MetricsEntityGroupSourceImpl for table TestOpenEntityGroupHandler 302c36dd59008f32df0ce62af317a1f6
24/04/26 02:21:16 DEBUG fserver.EntityGroup: Instantiated TestOpenEntityGroupHandler,\x00\x00\x00\x00,1714094476205.302c36dd59008f32df0ce62af317a1f6.
24/04/26 02:21:16 ERROR server.NIOServerCnxnFactory: Thread Thread[Thread-78,5,main] died
java.lang.NullPointerException
	at com.alibaba.wasp.fserver.EntityGroup.run(EntityGroup.java:1264)
	at java.lang.Thread.run(Thread.java:750)
24/04/26 02:21:16 DEBUG zookeeper.ZKAssign: MockServer,123,-1-0xff8f17fe0b9c0000 Attempting to transition node 302c36dd59008f32df0ce62af317a1f6 from FSERVER_ZK_ENTITYGROUP_OPENING to FSERVER_ZK_ENTITYGROUP_OPENING
24/04/26 02:21:16 DEBUG zookeeper.ZKUtil: MockServer,123,-1-0xff8f17fe0b9c0000 Unable to get data of znode /wasp/unassigned/302c36dd59008f32df0ce62af317a1f6 because node does not exist (not necessarily an error)
24/04/26 02:21:16 WARN handler.OpenEntityGroupHandler: Failed refreshing OPENING; entityGroup=302c36dd59008f32df0ce62af317a1f6, context=post_entitygroup_open
24/04/26 02:21:16 DEBUG fserver.EntityGroup: Closing TestOpenEntityGroupHandler,\x00\x00\x00\x00,1714094476205.302c36dd59008f32df0ce62af317a1f6.
24/04/26 02:21:16 DEBUG fserver.EntityGroup: Updates disabled for entityGroup TestOpenEntityGroupHandler,\x00\x00\x00\x00,1714094476205.302c36dd59008f32df0ce62af317a1f6.
24/04/26 02:21:16 INFO fserver.EntityGroup: Running commit transaction of TestOpenEntityGroupHandler,\x00\x00\x00\x00,1714094476205.302c36dd59008f32df0ce62af317a1f6. before close
24/04/26 02:21:16 INFO fserver.EntityGroup: Closed TestOpenEntityGroupHandler,\x00\x00\x00\x00,1714094476205.302c36dd59008f32df0ce62af317a1f6.
24/04/26 02:21:16 INFO handler.OpenEntityGroupHandler: Opening of entityGroup {NAME => 'TestOpenEntityGroupHandler,\x00\x00\x00\x00,1714094476205.302c36dd59008f32df0ce62af317a1f6.', STARTKEY => '\x00\x00\x00\x00', ENDKEY => '\x00\x00\x00\x01', ENCODED => 302c36dd59008f32df0ce62af317a1f6,} failed, marking as FAILED_OPEN in ZK
24/04/26 02:21:16 DEBUG zookeeper.ZKAssign: MockServer,123,-1-0xff8f17fe0b9c0000 Attempting to transition node 302c36dd59008f32df0ce62af317a1f6 from FSERVER_ZK_ENTITYGROUP_OPENING to FSERVER_ZK_ENTITYGROUP_FAILED_OPEN
24/04/26 02:21:16 DEBUG zookeeper.ZKUtil: MockServer,123,-1-0xff8f17fe0b9c0000 Unable to get data of znode /wasp/unassigned/302c36dd59008f32df0ce62af317a1f6 because node does not exist (not necessarily an error)
24/04/26 02:21:16 WARN handler.OpenEntityGroupHandler: Unable to mark entityGroup {NAME => 'TestOpenEntityGroupHandler,\x00\x00\x00\x00,1714094476205.302c36dd59008f32df0ce62af317a1f6.', STARTKEY => '\x00\x00\x00\x00', ENDKEY => '\x00\x00\x00\x01', ENCODED => 302c36dd59008f32df0ce62af317a1f6,} as FAILED_OPEN. It's likely that the master already timed out this open attempt, and thus another RS already has the entityGroup.
24/04/26 02:21:16 DEBUG fserver.EntityGroup: Closing TestOpenEntityGroupHandler,\x00\x00\x00\x00,1714094476205.302c36dd59008f32df0ce62af317a1f6.
24/04/26 02:21:16 DEBUG fserver.EntityGroup: Updates disabled for entityGroup TestOpenEntityGroupHandler,\x00\x00\x00\x00,1714094476205.302c36dd59008f32df0ce62af317a1f6.
24/04/26 02:21:16 INFO fserver.EntityGroup: Running commit transaction of TestOpenEntityGroupHandler,\x00\x00\x00\x00,1714094476205.302c36dd59008f32df0ce62af317a1f6. before close
24/04/26 02:21:16 INFO fserver.EntityGroup: Closed TestOpenEntityGroupHandler,\x00\x00\x00\x00,1714094476205.302c36dd59008f32df0ce62af317a1f6.
24/04/26 02:21:16 DEBUG zookeeper.ZKUtil: MockServer,123,-1 opening connection to ZooKeeper with ensemble (localhost:53223)
24/04/26 02:21:16 INFO zookeeper.RecoverableZooKeeper: The identifier of this process is 122151@Lenovo-Bot
24/04/26 02:21:16 INFO server.NIOServerCnxnFactory: Accepted socket connection from /127.0.0.1:56212
24/04/26 02:21:16 DEBUG zookeeper.ZooKeeperWatcher: MockServer,123,-1 Received ZooKeeper Event, type=None, state=SyncConnected, path=null
24/04/26 02:21:16 DEBUG zookeeper.ZooKeeperWatcher: MockServer,123,-1-0xff8f17fe0b9c0001 connected
24/04/26 02:21:16 DEBUG zookeeper.ZKAssign: MockServer,123,-1-0xff8f17fe0b9c0001 Creating unassigned node for 2cf2f246ebd5c67ee81493537701fb02 in OFFLINE state
24/04/26 02:21:16 DEBUG zookeeper.ZKAssign: MockServer,123,-1-0xff8f17fe0b9c0001 Attempting to transition node 2cf2f246ebd5c67ee81493537701fb02 from M_ZK_ENTITYGROUP_OFFLINE to FSERVER_ZK_ENTITYGROUP_OPENING
24/04/26 02:21:16 DEBUG zookeeper.ZKUtil: MockServer,123,-1-0xff8f17fe0b9c0001 Retrieved 117 byte(s) of data from znode /wasp/unassigned/2cf2f246ebd5c67ee81493537701fb02; data=entityGroup=TestOpenEntityGroupHandler,\x00\x00\x00\x00,1714094476361.2cf2f246ebd5c67ee81493537701fb02., state=M_ZK_ENTITYGROUP_OFFLINE, servername=MockServer,123,-1, createTime=1714094476366, payload.length=0
24/04/26 02:21:16 DEBUG zookeeper.ZooKeeperWatcher: MockServer,123,-1-0xff8f17fe0b9c0001 Received ZooKeeper Event, type=NodeDataChanged, state=SyncConnected, path=/wasp/unassigned/2cf2f246ebd5c67ee81493537701fb02
24/04/26 02:21:16 DEBUG zookeeper.ZKAssign: MockServer,123,-1-0xff8f17fe0b9c0001 Successfully transitioned node 2cf2f246ebd5c67ee81493537701fb02 from M_ZK_ENTITYGROUP_OFFLINE to FSERVER_ZK_ENTITYGROUP_OPENING
24/04/26 02:21:16 INFO handler.OpenEntityGroupHandler: Opening of entityGroup {NAME => 'TestOpenEntityGroupHandler,\x00\x00\x00\x00,1714094476361.2cf2f246ebd5c67ee81493537701fb02.', STARTKEY => '\x00\x00\x00\x00', ENDKEY => '\x00\x00\x00\x01', ENCODED => 2cf2f246ebd5c67ee81493537701fb02,} failed, marking as FAILED_OPEN in ZK
24/04/26 02:21:16 DEBUG zookeeper.ZKAssign: MockServer,123,-1-0xff8f17fe0b9c0001 Attempting to transition node 2cf2f246ebd5c67ee81493537701fb02 from FSERVER_ZK_ENTITYGROUP_OPENING to FSERVER_ZK_ENTITYGROUP_FAILED_OPEN
24/04/26 02:21:16 DEBUG zookeeper.ZKUtil: MockServer,123,-1-0xff8f17fe0b9c0001 Retrieved 117 byte(s) of data from znode /wasp/unassigned/2cf2f246ebd5c67ee81493537701fb02; data=entityGroup=TestOpenEntityGroupHandler,\x00\x00\x00\x00,1714094476361.2cf2f246ebd5c67ee81493537701fb02., state=FSERVER_ZK_ENTITYGROUP_OPENING, servername=MockServer,123,-1, createTime=1714094476369, payload.length=0
24/04/26 02:21:16 DEBUG zookeeper.ZKAssign: MockServer,123,-1-0xff8f17fe0b9c0001 Successfully transitioned node 2cf2f246ebd5c67ee81493537701fb02 from FSERVER_ZK_ENTITYGROUP_OPENING to FSERVER_ZK_ENTITYGROUP_FAILED_OPEN
24/04/26 02:21:16 DEBUG zookeeper.ZKUtil: MockServer,123,-1-0xff8f17fe0b9c0001 Retrieved 117 byte(s) of data from znode /wasp/unassigned/2cf2f246ebd5c67ee81493537701fb02 and set watcher; entityGroup=TestOpenEntityGroupHandler,\x00\x00\x00\x00,1714094476361.2cf2f246ebd5c67ee81493537701fb02., state=FSERVER_ZK_ENTITYGROUP_FAILED_OPEN, servername=MockServer,123,-1, createTime=1714094476371, payload.length=0
24/04/26 02:21:16 DEBUG zookeeper.ZKUtil: MockServer,123,-1 opening connection to ZooKeeper with ensemble (localhost:53223)
24/04/26 02:21:16 INFO zookeeper.RecoverableZooKeeper: The identifier of this process is 122151@Lenovo-Bot
24/04/26 02:21:16 INFO server.NIOServerCnxnFactory: Accepted socket connection from /127.0.0.1:56218
24/04/26 02:21:16 DEBUG zookeeper.ZooKeeperWatcher: MockServer,123,-1 Received ZooKeeper Event, type=None, state=SyncConnected, path=null
24/04/26 02:21:16 DEBUG zookeeper.ZooKeeperWatcher: MockServer,123,-1-0xff8f17fe0b9c0002 connected
24/04/26 02:21:16 DEBUG zookeeper.ZKAssign: MockServer,123,-1-0xff8f17fe0b9c0002 Creating unassigned node for f16a0b563edca39e47b8807ca3808611 in OFFLINE state
24/04/26 02:21:16 DEBUG zookeeper.ZKAssign: MockServer,123,-1-0xff8f17fe0b9c0002 Attempting to transition node f16a0b563edca39e47b8807ca3808611 from M_ZK_ENTITYGROUP_OFFLINE to FSERVER_ZK_ENTITYGROUP_OPENING
24/04/26 02:21:16 DEBUG zookeeper.ZKUtil: MockServer,123,-1-0xff8f17fe0b9c0002 Retrieved 117 byte(s) of data from znode /wasp/unassigned/f16a0b563edca39e47b8807ca3808611; data=entityGroup=TestOpenEntityGroupHandler,\x00\x00\x00\x00,1714094476374.f16a0b563edca39e47b8807ca3808611., state=M_ZK_ENTITYGROUP_OFFLINE, servername=MockServer,123,-1, createTime=1714094476379, payload.length=0
24/04/26 02:21:16 DEBUG zookeeper.ZooKeeperWatcher: MockServer,123,-1-0xff8f17fe0b9c0002 Received ZooKeeper Event, type=NodeDataChanged, state=SyncConnected, path=/wasp/unassigned/f16a0b563edca39e47b8807ca3808611
24/04/26 02:21:16 DEBUG zookeeper.ZKAssign: MockServer,123,-1-0xff8f17fe0b9c0002 Successfully transitioned node f16a0b563edca39e47b8807ca3808611 from M_ZK_ENTITYGROUP_OFFLINE to FSERVER_ZK_ENTITYGROUP_OPENING
24/04/26 02:21:16 INFO fserver.EntityGroup: EntityGroup.openEntityGroup EntityGroup name ==TestOpenEntityGroupHandler,\x00\x00\x00\x00,1714094476374.f16a0b563edca39e47b8807ca3808611.
24/04/26 02:21:16 DEBUG fserver.EntityGroup: Opening EntityGroup: {NAME => 'TestOpenEntityGroupHandler,\x00\x00\x00\x00,1714094476374.f16a0b563edca39e47b8807ca3808611.', STARTKEY => '\x00\x00\x00\x00', ENDKEY => '\x00\x00\x00\x01', ENCODED => f16a0b563edca39e47b8807ca3808611,}
24/04/26 02:21:16 DEBUG fserver.MetricsEntityGroupSourceImpl: Creating new MetricsEntityGroupSourceImpl for table TestOpenEntityGroupHandler f16a0b563edca39e47b8807ca3808611
24/04/26 02:21:16 DEBUG fserver.EntityGroup: Instantiated TestOpenEntityGroupHandler,\x00\x00\x00\x00,1714094476374.f16a0b563edca39e47b8807ca3808611.
24/04/26 02:21:16 DEBUG zookeeper.ZKAssign: MockServer,123,-1-0xff8f17fe0b9c0002 Attempting to transition node f16a0b563edca39e47b8807ca3808611 from FSERVER_ZK_ENTITYGROUP_OPENING to FSERVER_ZK_ENTITYGROUP_OPENING
24/04/26 02:21:16 ERROR server.NIOServerCnxnFactory: Thread Thread[Thread-81,5,main] died
java.lang.NullPointerException
	at com.alibaba.wasp.fserver.EntityGroup.run(EntityGroup.java:1264)
	at java.lang.Thread.run(Thread.java:750)
24/04/26 02:21:16 DEBUG zookeeper.ZKUtil: MockServer,123,-1-0xff8f17fe0b9c0002 Retrieved 117 byte(s) of data from znode /wasp/unassigned/f16a0b563edca39e47b8807ca3808611; data=entityGroup=TestOpenEntityGroupHandler,\x00\x00\x00\x00,1714094476374.f16a0b563edca39e47b8807ca3808611., state=FSERVER_ZK_ENTITYGROUP_OPENING, servername=MockServer,123,-1, createTime=1714094476382, payload.length=0
24/04/26 02:21:16 DEBUG zookeeper.ZKAssign: MockServer,123,-1-0xff8f17fe0b9c0002 Successfully transitioned node f16a0b563edca39e47b8807ca3808611 from FSERVER_ZK_ENTITYGROUP_OPENING to FSERVER_ZK_ENTITYGROUP_OPENING
24/04/26 02:21:16 DEBUG fserver.EntityGroup: Closing TestOpenEntityGroupHandler,\x00\x00\x00\x00,1714094476374.f16a0b563edca39e47b8807ca3808611.
24/04/26 02:21:16 DEBUG fserver.EntityGroup: Updates disabled for entityGroup TestOpenEntityGroupHandler,\x00\x00\x00\x00,1714094476374.f16a0b563edca39e47b8807ca3808611.
24/04/26 02:21:16 INFO fserver.EntityGroup: Running commit transaction of TestOpenEntityGroupHandler,\x00\x00\x00\x00,1714094476374.f16a0b563edca39e47b8807ca3808611. before close
24/04/26 02:21:16 INFO fserver.EntityGroup: Closed TestOpenEntityGroupHandler,\x00\x00\x00\x00,1714094476374.f16a0b563edca39e47b8807ca3808611.
24/04/26 02:21:16 INFO handler.OpenEntityGroupHandler: Opening of entityGroup {NAME => 'TestOpenEntityGroupHandler,\x00\x00\x00\x00,1714094476374.f16a0b563edca39e47b8807ca3808611.', STARTKEY => '\x00\x00\x00\x00', ENDKEY => '\x00\x00\x00\x01', ENCODED => f16a0b563edca39e47b8807ca3808611,} failed, marking as FAILED_OPEN in ZK
24/04/26 02:21:16 DEBUG zookeeper.ZKAssign: MockServer,123,-1-0xff8f17fe0b9c0002 Attempting to transition node f16a0b563edca39e47b8807ca3808611 from FSERVER_ZK_ENTITYGROUP_OPENING to FSERVER_ZK_ENTITYGROUP_FAILED_OPEN
24/04/26 02:21:16 DEBUG zookeeper.ZKUtil: MockServer,123,-1-0xff8f17fe0b9c0002 Retrieved 117 byte(s) of data from znode /wasp/unassigned/f16a0b563edca39e47b8807ca3808611; data=entityGroup=TestOpenEntityGroupHandler,\x00\x00\x00\x00,1714094476374.f16a0b563edca39e47b8807ca3808611., state=FSERVER_ZK_ENTITYGROUP_OPENING, servername=MockServer,123,-1, createTime=1714094476384, payload.length=0
24/04/26 02:21:16 DEBUG zookeeper.ZKAssign: MockServer,123,-1-0xff8f17fe0b9c0002 Successfully transitioned node f16a0b563edca39e47b8807ca3808611 from FSERVER_ZK_ENTITYGROUP_OPENING to FSERVER_ZK_ENTITYGROUP_FAILED_OPEN
24/04/26 02:21:16 DEBUG zookeeper.ZKUtil: MockServer,123,-1-0xff8f17fe0b9c0002 Retrieved 117 byte(s) of data from znode /wasp/unassigned/f16a0b563edca39e47b8807ca3808611 and set watcher; entityGroup=TestOpenEntityGroupHandler,\x00\x00\x00\x00,1714094476374.f16a0b563edca39e47b8807ca3808611., state=FSERVER_ZK_ENTITYGROUP_FAILED_OPEN, servername=MockServer,123,-1, createTime=1714094476387, payload.length=0
24/04/26 02:21:16 INFO server.NIOServerCnxnFactory: NIOServerCnxn factory exited run method
24/04/26 02:21:16 INFO server.SessionTrackerImpl: Shutting down
24/04/26 02:21:16 INFO server.SyncRequestProcessor: Shutting down
24/04/26 02:21:16 INFO server.SyncRequestProcessor: SyncRequestProcessor exited!
24/04/26 02:21:16 INFO server.FinalRequestProcessor: shutdown of request processor complete
24/04/26 02:21:16 INFO wasp.WaspTestingUtility: Starting up minicluster with 1 master(s) and 3 fserver(s) 
24/04/26 02:21:16 DEBUG zookeeper.ZooKeeperWatcher: MockServer,123,-1-0xff8f17fe0b9c0002 Received ZooKeeper Event, type=None, state=Disconnected, path=null
24/04/26 02:21:16 DEBUG zookeeper.ZooKeeperWatcher: MockServer,123,-1-0xff8f17fe0b9c0001 Received ZooKeeper Event, type=None, state=Disconnected, path=null
24/04/26 02:21:16 DEBUG zookeeper.ZooKeeperWatcher: MockServer,123,-1-0xff8f17fe0b9c0001 Received Disconnected from ZooKeeper, ignoring
24/04/26 02:21:16 DEBUG zookeeper.ZooKeeperWatcher: MockServer,123,-1-0xff8f17fe0b9c0000 Received ZooKeeper Event, type=None, state=Disconnected, path=null
24/04/26 02:21:16 DEBUG zookeeper.ZooKeeperWatcher: MockServer,123,-1-0xff8f17fe0b9c0000 Received Disconnected from ZooKeeper, ignoring
24/04/26 02:21:16 DEBUG zookeeper.ZooKeeperWatcher: MockServer,123,-1-0xff8f17fe0b9c0002 Received Disconnected from ZooKeeper, ignoring
Starting DataNode 0 with dfs.data.dir: /home/alex/Repositories/wasp/target/test-data/7778f762-35b7-4136-aa8e-76aaa00c6e76/dfscluster_7e938036-f5ae-490f-8efe-b35c12a5f6c6/dfs/data/data1,/home/alex/Repositories/wasp/target/test-data/7778f762-35b7-4136-aa8e-76aaa00c6e76/dfscluster_7e938036-f5ae-490f-8efe-b35c12a5f6c6/dfs/data/data2
24/04/26 02:21:16 ERROR datanode.DataNode: All directories in dfs.data.dir are invalid.
24/04/26 02:21:16 INFO wasp.WaspTestingUtility: Shutting down mini wasp cluster
24/04/26 02:21:16 INFO wasp.WaspTestingUtility: Minicluster is down
java.lang.NullPointerException
	at org.apache.hadoop.hdfs.MiniDFSCluster.startDataNodes(MiniDFSCluster.java:422)
	at org.apache.hadoop.hdfs.MiniDFSCluster.<init>(MiniDFSCluster.java:280)
	at org.apache.hadoop.hbase.HBaseTestingUtility.startMiniDFSCluster(HBaseTestingUtility.java:451)
	at org.apache.hadoop.hbase.HBaseTestingUtility.startMiniCluster(HBaseTestingUtility.java:619)
	at org.apache.hadoop.hbase.HBaseTestingUtility.startMiniCluster(HBaseTestingUtility.java:575)
	at com.alibaba.wasp.WaspTestingUtility.startMiniCluster(WaspTestingUtility.java:172)
	at com.alibaba.wasp.WaspTestingUtility.startMiniCluster(WaspTestingUtility.java:144)
	at com.alibaba.wasp.messagequeue.TestSubscriber.setUpBeforeClass(TestSubscriber.java:71)
	at sun.reflect.NativeMethodAccessorImpl.invoke0(Native Method)
	at sun.reflect.NativeMethodAccessorImpl.invoke(NativeMethodAccessorImpl.java:62)
	at sun.reflect.DelegatingMethodAccessorImpl.invoke(DelegatingMethodAccessorImpl.java:43)
	at java.lang.reflect.Method.invoke(Method.java:498)
	at org.junit.runners.model.FrameworkMethod$1.runReflectiveCall(FrameworkMethod.java:45)
	at org.junit.internal.runners.model.ReflectiveCallable.run(ReflectiveCallable.java:15)
	at org.junit.runners.model.FrameworkMethod.invokeExplosively(FrameworkMethod.java:42)
	at org.junit.internal.runners.statements.RunBefores.evaluate(RunBefores.java:27)
	at org.junit.internal.runners.statements.RunAfters.evaluate(RunAfters.java:30)
	at org.junit.runners.ParentRunner.run(ParentRunner.java:300)
	at org.junit.runners.Suite.runChild(Suite.java:128)
	at org.junit.runners.Suite.runChild(Suite.java:24)
	at org.junit.runners.ParentRunner$3.run(ParentRunner.java:231)
	at org.junit.runners.ParentRunner$1.schedule(ParentRunner.java:60)
	at org.junit.runners.ParentRunner.runChildren(ParentRunner.java:229)
	at org.junit.runners.ParentRunner.access$000(ParentRunner.java:50)
	at org.junit.runners.ParentRunner$2.evaluate(ParentRunner.java:222)
	at org.junit.runners.ParentRunner.run(ParentRunner.java:300)
	at org.junit.runner.JUnitCore.run(JUnitCore.java:157)
	at org.junit.runner.JUnitCore.run(JUnitCore.java:136)
	at edu.illinois.cs.testrunner.execution.JUnitTestExecutor.execute(JUnitTestExecutor.java:259)
	at edu.illinois.cs.testrunner.execution.JUnitTestExecutor.executeWithJUnit4Runner(JUnitTestExecutor.java:327)
	at edu.illinois.cs.testrunner.execution.JUnitTestExecutor.runOrder(JUnitTestExecutor.java:49)
	at edu.illinois.cs.testrunner.execution.Executor$.$anonfun$run$1(Executor.scala:30)
	at scala.runtime.java8.JFunction0$mcV$sp.apply(JFunction0$mcV$sp.java:12)
	at scala.util.Try$.apply(Try.scala:209)
	at edu.illinois.cs.testrunner.execution.Executor$.run(Executor.scala:28)
	at edu.illinois.cs.testrunner.execution.Executor$.main(Executor.scala:18)
	at edu.illinois.cs.testrunner.execution.Executor.main(Executor.scala)
24/04/26 02:21:16 DEBUG master.TestOpenedEntityGroupHandler: 

TRR: Starting cluster

24/04/26 02:21:16 INFO wasp.WaspTestingUtility: Starting up minicluster with 1 master(s) and 1 fserver(s) 
Starting DataNode 0 with dfs.data.dir: /home/alex/Repositories/wasp/target/test-data/f9d983e2-6452-4028-8693-2995b7a74c99/dfscluster_3b6294cb-d163-48d2-92f7-a1214d7aee05/dfs/data/data1,/home/alex/Repositories/wasp/target/test-data/f9d983e2-6452-4028-8693-2995b7a74c99/dfscluster_3b6294cb-d163-48d2-92f7-a1214d7aee05/dfs/data/data2
24/04/26 02:21:17 ERROR datanode.DataNode: All directories in dfs.data.dir are invalid.
24/04/26 02:21:17 INFO wasp.WaspTestingUtility: Shutting down mini wasp cluster
24/04/26 02:21:17 INFO wasp.WaspTestingUtility: Minicluster is down
java.lang.NullPointerException
	at org.apache.hadoop.hdfs.MiniDFSCluster.startDataNodes(MiniDFSCluster.java:422)
	at org.apache.hadoop.hdfs.MiniDFSCluster.<init>(MiniDFSCluster.java:280)
	at org.apache.hadoop.hbase.HBaseTestingUtility.startMiniDFSCluster(HBaseTestingUtility.java:451)
	at org.apache.hadoop.hbase.HBaseTestingUtility.startMiniCluster(HBaseTestingUtility.java:619)
	at org.apache.hadoop.hbase.HBaseTestingUtility.startMiniCluster(HBaseTestingUtility.java:575)
	at com.alibaba.wasp.WaspTestingUtility.startMiniCluster(WaspTestingUtility.java:172)
	at com.alibaba.wasp.master.TestOpenedEntityGroupHandler.testOpenedEntityGroupHandlerOnMasterRestart(TestOpenedEntityGroupHandler.java:93)
	at sun.reflect.NativeMethodAccessorImpl.invoke0(Native Method)
	at sun.reflect.NativeMethodAccessorImpl.invoke(NativeMethodAccessorImpl.java:62)
	at sun.reflect.DelegatingMethodAccessorImpl.invoke(DelegatingMethodAccessorImpl.java:43)
	at java.lang.reflect.Method.invoke(Method.java:498)
	at org.junit.runners.model.FrameworkMethod$1.runReflectiveCall(FrameworkMethod.java:45)
	at org.junit.internal.runners.model.ReflectiveCallable.run(ReflectiveCallable.java:15)
	at org.junit.runners.model.FrameworkMethod.invokeExplosively(FrameworkMethod.java:42)
	at org.junit.internal.runners.statements.InvokeMethod.evaluate(InvokeMethod.java:20)
	at org.junit.internal.runners.statements.RunBefores.evaluate(RunBefores.java:28)
	at org.junit.internal.runners.statements.RunAfters.evaluate(RunAfters.java:30)
	at org.junit.runners.ParentRunner.runLeaf(ParentRunner.java:263)
	at org.junit.runners.BlockJUnit4ClassRunner.runChild(BlockJUnit4ClassRunner.java:68)
	at org.junit.runners.BlockJUnit4ClassRunner.runChild(BlockJUnit4ClassRunner.java:47)
	at org.junit.runners.ParentRunner$3.run(ParentRunner.java:231)
	at org.junit.runners.ParentRunner$1.schedule(ParentRunner.java:60)
	at org.junit.runners.ParentRunner.runChildren(ParentRunner.java:229)
	at org.junit.runners.ParentRunner.access$000(ParentRunner.java:50)
	at org.junit.runners.ParentRunner$2.evaluate(ParentRunner.java:222)
	at org.junit.runners.ParentRunner.run(ParentRunner.java:300)
	at org.junit.runners.Suite.runChild(Suite.java:128)
	at org.junit.runners.Suite.runChild(Suite.java:24)
	at org.junit.runners.ParentRunner$3.run(ParentRunner.java:231)
	at org.junit.runners.ParentRunner$1.schedule(ParentRunner.java:60)
	at org.junit.runners.ParentRunner.runChildren(ParentRunner.java:229)
	at org.junit.runners.ParentRunner.access$000(ParentRunner.java:50)
	at org.junit.runners.ParentRunner$2.evaluate(ParentRunner.java:222)
	at org.junit.runners.ParentRunner.run(ParentRunner.java:300)
	at org.junit.runner.JUnitCore.run(JUnitCore.java:157)
	at org.junit.runner.JUnitCore.run(JUnitCore.java:136)
	at edu.illinois.cs.testrunner.execution.JUnitTestExecutor.execute(JUnitTestExecutor.java:259)
	at edu.illinois.cs.testrunner.execution.JUnitTestExecutor.executeWithJUnit4Runner(JUnitTestExecutor.java:327)
	at edu.illinois.cs.testrunner.execution.JUnitTestExecutor.runOrder(JUnitTestExecutor.java:49)
	at edu.illinois.cs.testrunner.execution.Executor$.$anonfun$run$1(Executor.scala:30)
	at scala.runtime.java8.JFunction0$mcV$sp.apply(JFunction0$mcV$sp.java:12)
	at scala.util.Try$.apply(Try.scala:209)
	at edu.illinois.cs.testrunner.execution.Executor$.run(Executor.scala:28)
	at edu.illinois.cs.testrunner.execution.Executor$.main(Executor.scala:18)
	at edu.illinois.cs.testrunner.execution.Executor.main(Executor.scala)
24/04/26 02:21:17 INFO server.NIOServerCnxnFactory: binding to port 0.0.0.0/0.0.0.0:63736
24/04/26 02:21:17 INFO persistence.FileTxnSnapLog: Snapshotting: 0x0 to /home/alex/Repositories/wasp/target/test-data/4f6a3de3-e781-4a1a-804b-bd13a1d64645/dfscluster_93b23ef2-9907-4aab-b692-4d98fcf9d0e6/zookeeper_0/version-2/snapshot.0
24/04/26 02:21:17 INFO server.NIOServerCnxnFactory: Accepted socket connection from /127.0.0.1:57206
24/04/26 02:21:17 DEBUG zookeeper.ZKUtil: MockServer,123,-1 opening connection to ZooKeeper with ensemble (localhost:63736)
24/04/26 02:21:17 INFO zookeeper.RecoverableZooKeeper: The identifier of this process is 122151@Lenovo-Bot
24/04/26 02:21:17 INFO server.NIOServerCnxnFactory: Accepted socket connection from /127.0.0.1:57212
24/04/26 02:21:17 INFO persistence.FileTxnLog: Creating new log file: log.1
24/04/26 02:21:17 DEBUG zookeeper.ZooKeeperWatcher: MockServer,123,-1 Received ZooKeeper Event, type=None, state=SyncConnected, path=null
24/04/26 02:21:17 DEBUG zookeeper.ZooKeeperWatcher: MockServer,123,-1-0xff8f17fe0f110000 connected
24/04/26 02:21:17 INFO fserver.EntityGroup: creating EntityGroup testShouldNotCompeleteOpenedEntityGroupSuccessfullyIfVersionMismatches Table == CREATE TABLE testShouldNotCompeleteOpenedEntityGroupSuccessfullyIfVersionMismatches { 
  REQUIRED INT32 column1 COLUMNFAMILY d;
  REQUIRED INT64 column2 COLUMNFAMILY d;
  REQUIRED STRING column3 COLUMNFAMILY d;
  OPTIONAL FLOAT column4 COLUMNFAMILY d;
  OPTIONAL DOUBLE column5 COLUMNFAMILY d;
  OPTIONAL DATETIME column6 COLUMNFAMILY d;
  REPEATED PROTOBUF column7 COLUMNFAMILY d;
  OPTIONAL STRING column8 COLUMNFAMILY d;
} 
PRIMARY KEY(column1),
ENTITY GROUP ROOT,
ENTITY GROUP KEY(column1);
 Table name == testShouldNotCompeleteOpenedEntityGroupSuccessfullyIfVersionMismatches
24/04/26 02:21:17 DEBUG fserver.EntityGroup: Instantiated testShouldNotCompeleteOpenedEntityGroupSuccessfullyIfVersionMismatches,\x00\x00\x00\x00,1714094477089.7d532d776ab31317c5986f28b1d6a6cc.
24/04/26 02:21:17 ERROR server.NIOServerCnxnFactory: Thread Thread[Thread-131,5,main] died
java.lang.NullPointerException
	at com.alibaba.wasp.fserver.EntityGroup.run(EntityGroup.java:1264)
	at java.lang.Thread.run(Thread.java:750)
24/04/26 02:21:17 DEBUG zookeeper.ZKUtil: unittest opening connection to ZooKeeper with ensemble (localhost:63736)
24/04/26 02:21:17 INFO zookeeper.RecoverableZooKeeper: The identifier of this process is 122151@Lenovo-Bot
24/04/26 02:21:17 DEBUG zookeeper.ZKAssign: unittest Creating unassigned node for 7d532d776ab31317c5986f28b1d6a6cc in OFFLINE state
24/04/26 02:21:17 INFO server.NIOServerCnxnFactory: Accepted socket connection from /127.0.0.1:57228
24/04/26 02:21:17 DEBUG zookeeper.ZooKeeperWatcher: unittest Received ZooKeeper Event, type=None, state=SyncConnected, path=null
24/04/26 02:21:17 DEBUG zookeeper.ZooKeeperWatcher: unittest-0xff8f17fe0f110001 connected
24/04/26 02:21:17 DEBUG zookeeper.ZKAssign: unittest-0xff8f17fe0f110001 Attempting to transition node 7d532d776ab31317c5986f28b1d6a6cc from M_ZK_ENTITYGROUP_OFFLINE to FSERVER_ZK_ENTITYGROUP_OPENING
24/04/26 02:21:17 DEBUG zookeeper.ZKUtil: unittest-0xff8f17fe0f110001 Retrieved 161 byte(s) of data from znode /wasp/unassigned/7d532d776ab31317c5986f28b1d6a6cc; data=entityGroup=testShouldNotCompeleteOpenedEntityGroupSuccessfullyIfVersionMismatches,\x00\x00\x00\x00,1714094477089.7d532d776ab31317c5986f28b1d6a6cc., state=M_ZK_ENTITYGROUP_OFFLINE, servername=MockServer,123,-1, createTime=1714094477174, payload.length=0
24/04/26 02:21:17 DEBUG zookeeper.ZooKeeperWatcher: unittest-0xff8f17fe0f110001 Received ZooKeeper Event, type=NodeDataChanged, state=SyncConnected, path=/wasp/unassigned/7d532d776ab31317c5986f28b1d6a6cc
24/04/26 02:21:17 DEBUG zookeeper.ZKAssign: unittest-0xff8f17fe0f110001 Successfully transitioned node 7d532d776ab31317c5986f28b1d6a6cc from M_ZK_ENTITYGROUP_OFFLINE to FSERVER_ZK_ENTITYGROUP_OPENING
24/04/26 02:21:17 DEBUG zookeeper.ZKAssign: unittest-0xff8f17fe0f110001 Attempting to transition node 7d532d776ab31317c5986f28b1d6a6cc from FSERVER_ZK_ENTITYGROUP_OPENING to FSERVER_ZK_ENTITYGROUP_OPENED
24/04/26 02:21:17 DEBUG zookeeper.ZKUtil: unittest-0xff8f17fe0f110001 Retrieved 161 byte(s) of data from znode /wasp/unassigned/7d532d776ab31317c5986f28b1d6a6cc; data=entityGroup=testShouldNotCompeleteOpenedEntityGroupSuccessfullyIfVersionMismatches,\x00\x00\x00\x00,1714094477089.7d532d776ab31317c5986f28b1d6a6cc., state=FSERVER_ZK_ENTITYGROUP_OPENING, servername=MockServer,123,-1, createTime=1714094477178, payload.length=0
24/04/26 02:21:17 DEBUG zookeeper.ZKAssign: unittest-0xff8f17fe0f110001 Successfully transitioned node 7d532d776ab31317c5986f28b1d6a6cc from FSERVER_ZK_ENTITYGROUP_OPENING to FSERVER_ZK_ENTITYGROUP_OPENED
24/04/26 02:21:17 DEBUG zookeeper.ZKUtil: unittest-0xff8f17fe0f110001 Retrieved 161 byte(s) of data from znode /wasp/unassigned/7d532d776ab31317c5986f28b1d6a6cc and set watcher; entityGroup=testShouldNotCompeleteOpenedEntityGroupSuccessfullyIfVersionMismatches,\x00\x00\x00\x00,1714094477089.7d532d776ab31317c5986f28b1d6a6cc., state=FSERVER_ZK_ENTITYGROUP_OPENED, servername=MockServer,123,-1, createTime=1714094477180, payload.length=0
24/04/26 02:21:17 DEBUG zookeeper.ZKAssign: unittest-0xff8f17fe0f110001 Attempting to transition node 7d532d776ab31317c5986f28b1d6a6cc from FSERVER_ZK_ENTITYGROUP_OPENED to FSERVER_ZK_ENTITYGROUP_OPENED
24/04/26 02:21:17 DEBUG zookeeper.ZKUtil: unittest-0xff8f17fe0f110001 Retrieved 161 byte(s) of data from znode /wasp/unassigned/7d532d776ab31317c5986f28b1d6a6cc; data=entityGroup=testShouldNotCompeleteOpenedEntityGroupSuccessfullyIfVersionMismatches,\x00\x00\x00\x00,1714094477089.7d532d776ab31317c5986f28b1d6a6cc., state=FSERVER_ZK_ENTITYGROUP_OPENED, servername=MockServer,123,-1, createTime=1714094477180, payload.length=0
24/04/26 02:21:17 DEBUG zookeeper.ZooKeeperWatcher: unittest-0xff8f17fe0f110001 Received ZooKeeper Event, type=NodeDataChanged, state=SyncConnected, path=/wasp/unassigned/7d532d776ab31317c5986f28b1d6a6cc
24/04/26 02:21:17 DEBUG zookeeper.ZKAssign: unittest-0xff8f17fe0f110001 Successfully transitioned node 7d532d776ab31317c5986f28b1d6a6cc from FSERVER_ZK_ENTITYGROUP_OPENED to FSERVER_ZK_ENTITYGROUP_OPENED
24/04/26 02:21:17 WARN handler.OpenedEntityGroupHandler: Skipping the onlining of testShouldNotCompeleteOpenedEntityGroupSuccessfullyIfVersionMismatches,\x00\x00\x00\x00,1714094477089.7d532d776ab31317c5986f28b1d6a6cc. because entityGroups is NOT in EGIT -- presuming this is because it SPLIT
24/04/26 02:21:17 DEBUG fserver.EntityGroup: Closing testShouldNotCompeleteOpenedEntityGroupSuccessfullyIfVersionMismatches,\x00\x00\x00\x00,1714094477089.7d532d776ab31317c5986f28b1d6a6cc.
24/04/26 02:21:17 DEBUG fserver.EntityGroup: Updates disabled for entityGroup testShouldNotCompeleteOpenedEntityGroupSuccessfullyIfVersionMismatches,\x00\x00\x00\x00,1714094477089.7d532d776ab31317c5986f28b1d6a6cc.
24/04/26 02:21:17 INFO fserver.EntityGroup: Running commit transaction of testShouldNotCompeleteOpenedEntityGroupSuccessfullyIfVersionMismatches,\x00\x00\x00\x00,1714094477089.7d532d776ab31317c5986f28b1d6a6cc. before close
24/04/26 02:21:17 INFO fserver.EntityGroup: Closed testShouldNotCompeleteOpenedEntityGroupSuccessfullyIfVersionMismatches,\x00\x00\x00\x00,1714094477089.7d532d776ab31317c5986f28b1d6a6cc.
24/04/26 02:21:17 INFO server.NIOServerCnxnFactory: NIOServerCnxn factory exited run method
24/04/26 02:21:17 INFO server.SessionTrackerImpl: Shutting down
24/04/26 02:21:17 INFO server.SyncRequestProcessor: Shutting down
24/04/26 02:21:17 INFO server.SyncRequestProcessor: SyncRequestProcessor exited!
24/04/26 02:21:17 INFO server.FinalRequestProcessor: shutdown of request processor complete
24/04/26 02:21:17 INFO wasp.WaspTestingUtility: Shutting down mini wasp cluster
24/04/26 02:21:17 INFO wasp.WaspTestingUtility: Minicluster is down
24/04/26 02:21:17 DEBUG fserver.MetricsEntityGroupSourceImpl: Creating new MetricsEntityGroupSourceImpl for table MetricsEntityGroupWrapperStub DEADBEEF001
24/04/26 02:21:17 INFO wasp.WaspTestingUtility: Starting up minicluster with 1 master(s) and 3 fserver(s) 
24/04/26 02:21:17 DEBUG zookeeper.ZooKeeperWatcher: unittest-0xff8f17fe0f110001 Received ZooKeeper Event, type=None, state=Disconnected, path=null
24/04/26 02:21:17 DEBUG zookeeper.ZooKeeperWatcher: MockServer,123,-1-0xff8f17fe0f110000 Received ZooKeeper Event, type=None, state=Disconnected, path=null
24/04/26 02:21:17 DEBUG zookeeper.ZooKeeperWatcher: MockServer,123,-1-0xff8f17fe0f110000 Received Disconnected from ZooKeeper, ignoring
24/04/26 02:21:17 DEBUG zookeeper.ZooKeeperWatcher: unittest-0xff8f17fe0f110001 Received Disconnected from ZooKeeper, ignoring
Starting DataNode 0 with dfs.data.dir: /home/alex/Repositories/wasp/target/test-data/a5121eb9-b55e-49fb-be19-c1877269604a/dfscluster_52bb4471-a776-40b4-b8ab-a4d245673d40/dfs/data/data1,/home/alex/Repositories/wasp/target/test-data/a5121eb9-b55e-49fb-be19-c1877269604a/dfscluster_52bb4471-a776-40b4-b8ab-a4d245673d40/dfs/data/data2
24/04/26 02:21:17 ERROR datanode.DataNode: All directories in dfs.data.dir are invalid.
24/04/26 02:21:17 INFO wasp.WaspTestingUtility: Shutting down mini wasp cluster
24/04/26 02:21:17 INFO wasp.WaspTestingUtility: Minicluster is down
java.lang.NullPointerException
	at org.apache.hadoop.hdfs.MiniDFSCluster.startDataNodes(MiniDFSCluster.java:422)
	at org.apache.hadoop.hdfs.MiniDFSCluster.<init>(MiniDFSCluster.java:280)
	at org.apache.hadoop.hbase.HBaseTestingUtility.startMiniDFSCluster(HBaseTestingUtility.java:451)
	at org.apache.hadoop.hbase.HBaseTestingUtility.startMiniCluster(HBaseTestingUtility.java:619)
	at org.apache.hadoop.hbase.HBaseTestingUtility.startMiniCluster(HBaseTestingUtility.java:575)
	at com.alibaba.wasp.WaspTestingUtility.startMiniCluster(WaspTestingUtility.java:172)
	at com.alibaba.wasp.WaspTestingUtility.startMiniCluster(WaspTestingUtility.java:144)
	at com.alibaba.wasp.jdbc.TestJdbcResultFormatter.setUpBeforeClass(TestJdbcResultFormatter.java:51)
	at sun.reflect.NativeMethodAccessorImpl.invoke0(Native Method)
	at sun.reflect.NativeMethodAccessorImpl.invoke(NativeMethodAccessorImpl.java:62)
	at sun.reflect.DelegatingMethodAccessorImpl.invoke(DelegatingMethodAccessorImpl.java:43)
	at java.lang.reflect.Method.invoke(Method.java:498)
	at org.junit.runners.model.FrameworkMethod$1.runReflectiveCall(FrameworkMethod.java:45)
	at org.junit.internal.runners.model.ReflectiveCallable.run(ReflectiveCallable.java:15)
	at org.junit.runners.model.FrameworkMethod.invokeExplosively(FrameworkMethod.java:42)
	at org.junit.internal.runners.statements.RunBefores.evaluate(RunBefores.java:27)
	at org.junit.internal.runners.statements.RunAfters.evaluate(RunAfters.java:30)
	at org.junit.runners.ParentRunner.run(ParentRunner.java:300)
	at org.junit.runners.Suite.runChild(Suite.java:128)
	at org.junit.runners.Suite.runChild(Suite.java:24)
	at org.junit.runners.ParentRunner$3.run(ParentRunner.java:231)
	at org.junit.runners.ParentRunner$1.schedule(ParentRunner.java:60)
	at org.junit.runners.ParentRunner.runChildren(ParentRunner.java:229)
	at org.junit.runners.ParentRunner.access$000(ParentRunner.java:50)
	at org.junit.runners.ParentRunner$2.evaluate(ParentRunner.java:222)
	at org.junit.runners.ParentRunner.run(ParentRunner.java:300)
	at org.junit.runner.JUnitCore.run(JUnitCore.java:157)
	at org.junit.runner.JUnitCore.run(JUnitCore.java:136)
	at edu.illinois.cs.testrunner.execution.JUnitTestExecutor.execute(JUnitTestExecutor.java:259)
	at edu.illinois.cs.testrunner.execution.JUnitTestExecutor.executeWithJUnit4Runner(JUnitTestExecutor.java:327)
	at edu.illinois.cs.testrunner.execution.JUnitTestExecutor.runOrder(JUnitTestExecutor.java:49)
	at edu.illinois.cs.testrunner.execution.Executor$.$anonfun$run$1(Executor.scala:30)
	at scala.runtime.java8.JFunction0$mcV$sp.apply(JFunction0$mcV$sp.java:12)
	at scala.util.Try$.apply(Try.scala:209)
	at edu.illinois.cs.testrunner.execution.Executor$.run(Executor.scala:28)
	at edu.illinois.cs.testrunner.execution.Executor$.main(Executor.scala:18)
	at edu.illinois.cs.testrunner.execution.Executor.main(Executor.scala)
java.lang.NullPointerException
	at com.alibaba.wasp.jdbc.TestJdbcResultFormatter.tearDownAfterClass(TestJdbcResultFormatter.java:71)
	at sun.reflect.NativeMethodAccessorImpl.invoke0(Native Method)
	at sun.reflect.NativeMethodAccessorImpl.invoke(NativeMethodAccessorImpl.java:62)
	at sun.reflect.DelegatingMethodAccessorImpl.invoke(DelegatingMethodAccessorImpl.java:43)
	at java.lang.reflect.Method.invoke(Method.java:498)
	at org.junit.runners.model.FrameworkMethod$1.runReflectiveCall(FrameworkMethod.java:45)
	at org.junit.internal.runners.model.ReflectiveCallable.run(ReflectiveCallable.java:15)
	at org.junit.runners.model.FrameworkMethod.invokeExplosively(FrameworkMethod.java:42)
	at org.junit.internal.runners.statements.RunAfters.evaluate(RunAfters.java:36)
	at org.junit.runners.ParentRunner.run(ParentRunner.java:300)
	at org.junit.runners.Suite.runChild(Suite.java:128)
	at org.junit.runners.Suite.runChild(Suite.java:24)
	at org.junit.runners.ParentRunner$3.run(ParentRunner.java:231)
	at org.junit.runners.ParentRunner$1.schedule(ParentRunner.java:60)
	at org.junit.runners.ParentRunner.runChildren(ParentRunner.java:229)
	at org.junit.runners.ParentRunner.access$000(ParentRunner.java:50)
	at org.junit.runners.ParentRunner$2.evaluate(ParentRunner.java:222)
	at org.junit.runners.ParentRunner.run(ParentRunner.java:300)
	at org.junit.runner.JUnitCore.run(JUnitCore.java:157)
	at org.junit.runner.JUnitCore.run(JUnitCore.java:136)
	at edu.illinois.cs.testrunner.execution.JUnitTestExecutor.execute(JUnitTestExecutor.java:259)
	at edu.illinois.cs.testrunner.execution.JUnitTestExecutor.executeWithJUnit4Runner(JUnitTestExecutor.java:327)
	at edu.illinois.cs.testrunner.execution.JUnitTestExecutor.runOrder(JUnitTestExecutor.java:49)
	at edu.illinois.cs.testrunner.execution.Executor$.$anonfun$run$1(Executor.scala:30)
	at scala.runtime.java8.JFunction0$mcV$sp.apply(JFunction0$mcV$sp.java:12)
	at scala.util.Try$.apply(Try.scala:209)
	at edu.illinois.cs.testrunner.execution.Executor$.run(Executor.scala:28)
	at edu.illinois.cs.testrunner.execution.Executor$.main(Executor.scala:18)
	at edu.illinois.cs.testrunner.execution.Executor.main(Executor.scala)
24/04/26 02:21:17 DEBUG druid.DruidParser: Parsing SQL CREATE TABLE User { Required Int64 user_id; Required String name; Optional DOUBLE value; }  primary key(user_id),  entity group root, entity group key(user_id);
24/04/26 02:21:17 DEBUG druid.DruidDDLParser: CreateTablePlan CreateTablePlan [table=CREATE TABLE User { 
  REQUIRED INT64 user_id COLUMNFAMILY d;
  REQUIRED STRING name COLUMNFAMILY d;
  OPTIONAL DOUBLE value COLUMNFAMILY d;
} 
PRIMARY KEY(user_id),
ENTITY GROUP ROOT,
ENTITY GROUP KEY(user_id);
, splitKeys=null]
24/04/26 02:21:17 DEBUG druid.DruidParser: Parsing SQL CREATE TABLE Photo { Required Int64 user_id columnfamily cf comment 'aaa';  Required Int32 photo_id comment 'child primary key';  Optional Int64 time; Optional String full_url;  Optional String thumbnail_url; Optional string tag; Optional DATETIME date; Optional Int32 int32Type; }  primary key(user_id,photo_id),  in table User,  Entity Group Key(user_id) references User; 
24/04/26 02:21:17 DEBUG druid.DruidDDLParser: CreateTablePlan CreateTablePlan [table=CREATE TABLE Photo { 
  REQUIRED INT64 user_id COLUMNFAMILY cf;
  REQUIRED INT32 photo_id COLUMNFAMILY d;
  OPTIONAL INT64 time COLUMNFAMILY d;
  OPTIONAL STRING full_url COLUMNFAMILY d;
  OPTIONAL STRING thumbnail_url COLUMNFAMILY d;
  OPTIONAL STRING tag COLUMNFAMILY d;
  OPTIONAL DATETIME date COLUMNFAMILY d;
  OPTIONAL INT32 int32Type COLUMNFAMILY d;
} 
PRIMARY KEY(user_id, photo_id, ),
 IN TABLE User,
 ENTITY GROUP KEY(user_id) REFERENCES User;
, splitKeys=null]
CREATE TABLE User { 
  REQUIRED INT64 user_id COLUMNFAMILY d;
  REQUIRED STRING name COLUMNFAMILY d;
} 
PRIMARY KEY(user_id),
ENTITY GROUP ROOT,
ENTITY GROUP KEY(user_id);



CREATE TABLE Photo { 
  REQUIRED INT64 user_id COLUMNFAMILY d;
  REQUIRED INT32 photo_id COLUMNFAMILY d;
  REQUIRED INT64 time COLUMNFAMILY d;
  REQUIRED STRING full_url COLUMNFAMILY d;
  OPTIONAL STRING thumbnail_url COLUMNFAMILY d;
  REPEATED STRING tag COLUMNFAMILY d;
} 
PRIMARY KEY(user_id, photo_id, ),
 IN TABLE User,
 ENTITY GROUP KEY(user_id) REFERENCES User;

24/04/26 02:21:17 DEBUG druid.DruidParser: Parsing SQL CREATE TABLE User { Required Int64 user_id; Required String name; Optional DOUBLE value; }  primary key(user_id),  entity group root, entity group key(user_id);
24/04/26 02:21:17 DEBUG druid.DruidDDLParser: CreateTablePlan CreateTablePlan [table=CREATE TABLE User { 
  REQUIRED INT64 user_id COLUMNFAMILY d;
  REQUIRED STRING name COLUMNFAMILY d;
  OPTIONAL DOUBLE value COLUMNFAMILY d;
} 
PRIMARY KEY(user_id),
ENTITY GROUP ROOT,
ENTITY GROUP KEY(user_id);
, splitKeys=null]
24/04/26 02:21:17 DEBUG druid.DruidParser: Parsing SQL CREATE TABLE Photo { Required Int64 user_id columnfamily cf comment 'aaa';  Required Int32 photo_id comment 'child primary key';  Optional Int64 time; Optional String full_url;  Optional String thumbnail_url; Optional string tag; Optional DATETIME date; Optional Int32 int32Type; }  primary key(user_id,photo_id),  in table User,  Entity Group Key(user_id) references User; 
24/04/26 02:21:17 DEBUG druid.DruidDDLParser: CreateTablePlan CreateTablePlan [table=CREATE TABLE Photo { 
  REQUIRED INT64 user_id COLUMNFAMILY cf;
  REQUIRED INT32 photo_id COLUMNFAMILY d;
  OPTIONAL INT64 time COLUMNFAMILY d;
  OPTIONAL STRING full_url COLUMNFAMILY d;
  OPTIONAL STRING thumbnail_url COLUMNFAMILY d;
  OPTIONAL STRING tag COLUMNFAMILY d;
  OPTIONAL DATETIME date COLUMNFAMILY d;
  OPTIONAL INT32 int32Type COLUMNFAMILY d;
} 
PRIMARY KEY(user_id, photo_id, ),
 IN TABLE User,
 ENTITY GROUP KEY(user_id) REFERENCES User;
, splitKeys=null]
24/04/26 02:21:17 DEBUG druid.DruidParser: Parsing SQL DELETE FROM User1 WHERE user_id = 123;
24/04/26 02:21:17 DEBUG druid.DruidDMLParser: UPDATE SQL From clause User1
24/04/26 02:21:17 ERROR druid.DruidParserTestUtil: execute
com.alibaba.wasp.TableNotFoundException: User1 not exists!
	at com.alibaba.wasp.plan.parser.druid.FMetaEventOperation.checkAndGetTable(FMetaEventOperation.java:79)
	at com.alibaba.wasp.plan.parser.druid.DruidDMLParser.getDeletePlan(DruidDMLParser.java:200)
	at com.alibaba.wasp.plan.parser.druid.DruidDMLParser.generatePlan(DruidDMLParser.java:108)
	at com.alibaba.wasp.plan.parser.druid.DruidParserTestUtil.execute(DruidParserTestUtil.java:104)
	at com.alibaba.wasp.plan.parser.druid.TestDruidDMLFailParser.getDeleteFailedPlan(TestDruidDMLFailParser.java:142)
	at sun.reflect.NativeMethodAccessorImpl.invoke0(Native Method)
	at sun.reflect.NativeMethodAccessorImpl.invoke(NativeMethodAccessorImpl.java:62)
	at sun.reflect.DelegatingMethodAccessorImpl.invoke(DelegatingMethodAccessorImpl.java:43)
	at java.lang.reflect.Method.invoke(Method.java:498)
	at org.junit.runners.model.FrameworkMethod$1.runReflectiveCall(FrameworkMethod.java:45)
	at org.junit.internal.runners.model.ReflectiveCallable.run(ReflectiveCallable.java:15)
	at org.junit.runners.model.FrameworkMethod.invokeExplosively(FrameworkMethod.java:42)
	at org.junit.internal.runners.statements.InvokeMethod.evaluate(InvokeMethod.java:20)
	at org.junit.internal.runners.statements.RunBefores.evaluate(RunBefores.java:28)
	at org.junit.internal.runners.statements.RunAfters.evaluate(RunAfters.java:30)
	at org.junit.runners.ParentRunner.runLeaf(ParentRunner.java:263)
	at org.junit.runners.BlockJUnit4ClassRunner.runChild(BlockJUnit4ClassRunner.java:68)
	at org.junit.runners.BlockJUnit4ClassRunner.runChild(BlockJUnit4ClassRunner.java:47)
	at org.junit.runners.ParentRunner$3.run(ParentRunner.java:231)
	at org.junit.runners.ParentRunner$1.schedule(ParentRunner.java:60)
	at org.junit.runners.ParentRunner.runChildren(ParentRunner.java:229)
	at org.junit.runners.ParentRunner.access$000(ParentRunner.java:50)
	at org.junit.runners.ParentRunner$2.evaluate(ParentRunner.java:222)
	at org.junit.internal.runners.statements.RunBefores.evaluate(RunBefores.java:28)
	at org.junit.internal.runners.statements.RunAfters.evaluate(RunAfters.java:30)
	at org.junit.runners.ParentRunner.run(ParentRunner.java:300)
	at org.junit.runners.Suite.runChild(Suite.java:128)
	at org.junit.runners.Suite.runChild(Suite.java:24)
	at org.junit.runners.ParentRunner$3.run(ParentRunner.java:231)
	at org.junit.runners.ParentRunner$1.schedule(ParentRunner.java:60)
	at org.junit.runners.ParentRunner.runChildren(ParentRunner.java:229)
	at org.junit.runners.ParentRunner.access$000(ParentRunner.java:50)
	at org.junit.runners.ParentRunner$2.evaluate(ParentRunner.java:222)
	at org.junit.runners.ParentRunner.run(ParentRunner.java:300)
	at org.junit.runner.JUnitCore.run(JUnitCore.java:157)
	at org.junit.runner.JUnitCore.run(JUnitCore.java:136)
	at edu.illinois.cs.testrunner.execution.JUnitTestExecutor.execute(JUnitTestExecutor.java:259)
	at edu.illinois.cs.testrunner.execution.JUnitTestExecutor.executeWithJUnit4Runner(JUnitTestExecutor.java:327)
	at edu.illinois.cs.testrunner.execution.JUnitTestExecutor.runOrder(JUnitTestExecutor.java:49)
	at edu.illinois.cs.testrunner.execution.Executor$.$anonfun$run$1(Executor.scala:30)
	at scala.runtime.java8.JFunction0$mcV$sp.apply(JFunction0$mcV$sp.java:12)
	at scala.util.Try$.apply(Try.scala:209)
	at edu.illinois.cs.testrunner.execution.Executor$.run(Executor.scala:28)
	at edu.illinois.cs.testrunner.execution.Executor$.main(Executor.scala:18)
	at edu.illinois.cs.testrunner.execution.Executor.main(Executor.scala)
24/04/26 02:21:17 DEBUG druid.DruidParser: Parsing SQL DELETE FROM User WHERE user_id2 = 123;
24/04/26 02:21:17 DEBUG druid.DruidDMLParser: UPDATE SQL From clause User
24/04/26 02:21:17 DEBUG druid.DruidDMLParser: UPDATE SQL where user_id2 = 123
24/04/26 02:21:17 ERROR druid.DruidParserTestUtil: execute
com.alibaba.wasp.plan.parser.UnsupportedException: User does not have column 'user_id2'!
	at com.alibaba.wasp.plan.parser.druid.FMetaEventOperation.checkAndGetFields(FMetaEventOperation.java:114)
	at com.alibaba.wasp.plan.parser.druid.DruidDMLParser.getDeletePlan(DruidDMLParser.java:213)
	at com.alibaba.wasp.plan.parser.druid.DruidDMLParser.generatePlan(DruidDMLParser.java:108)
	at com.alibaba.wasp.plan.parser.druid.DruidParserTestUtil.execute(DruidParserTestUtil.java:104)
	at com.alibaba.wasp.plan.parser.druid.TestDruidDMLFailParser.getDeleteFailedPlan(TestDruidDMLFailParser.java:142)
	at sun.reflect.NativeMethodAccessorImpl.invoke0(Native Method)
	at sun.reflect.NativeMethodAccessorImpl.invoke(NativeMethodAccessorImpl.java:62)
	at sun.reflect.DelegatingMethodAccessorImpl.invoke(DelegatingMethodAccessorImpl.java:43)
	at java.lang.reflect.Method.invoke(Method.java:498)
	at org.junit.runners.model.FrameworkMethod$1.runReflectiveCall(FrameworkMethod.java:45)
	at org.junit.internal.runners.model.ReflectiveCallable.run(ReflectiveCallable.java:15)
	at org.junit.runners.model.FrameworkMethod.invokeExplosively(FrameworkMethod.java:42)
	at org.junit.internal.runners.statements.InvokeMethod.evaluate(InvokeMethod.java:20)
	at org.junit.internal.runners.statements.RunBefores.evaluate(RunBefores.java:28)
	at org.junit.internal.runners.statements.RunAfters.evaluate(RunAfters.java:30)
	at org.junit.runners.ParentRunner.runLeaf(ParentRunner.java:263)
	at org.junit.runners.BlockJUnit4ClassRunner.runChild(BlockJUnit4ClassRunner.java:68)
	at org.junit.runners.BlockJUnit4ClassRunner.runChild(BlockJUnit4ClassRunner.java:47)
	at org.junit.runners.ParentRunner$3.run(ParentRunner.java:231)
	at org.junit.runners.ParentRunner$1.schedule(ParentRunner.java:60)
	at org.junit.runners.ParentRunner.runChildren(ParentRunner.java:229)
	at org.junit.runners.ParentRunner.access$000(ParentRunner.java:50)
	at org.junit.runners.ParentRunner$2.evaluate(ParentRunner.java:222)
	at org.junit.internal.runners.statements.RunBefores.evaluate(RunBefores.java:28)
	at org.junit.internal.runners.statements.RunAfters.evaluate(RunAfters.java:30)
	at org.junit.runners.ParentRunner.run(ParentRunner.java:300)
	at org.junit.runners.Suite.runChild(Suite.java:128)
	at org.junit.runners.Suite.runChild(Suite.java:24)
	at org.junit.runners.ParentRunner$3.run(ParentRunner.java:231)
	at org.junit.runners.ParentRunner$1.schedule(ParentRunner.java:60)
	at org.junit.runners.ParentRunner.runChildren(ParentRunner.java:229)
	at org.junit.runners.ParentRunner.access$000(ParentRunner.java:50)
	at org.junit.runners.ParentRunner$2.evaluate(ParentRunner.java:222)
	at org.junit.runners.ParentRunner.run(ParentRunner.java:300)
	at org.junit.runner.JUnitCore.run(JUnitCore.java:157)
	at org.junit.runner.JUnitCore.run(JUnitCore.java:136)
	at edu.illinois.cs.testrunner.execution.JUnitTestExecutor.execute(JUnitTestExecutor.java:259)
	at edu.illinois.cs.testrunner.execution.JUnitTestExecutor.executeWithJUnit4Runner(JUnitTestExecutor.java:327)
	at edu.illinois.cs.testrunner.execution.JUnitTestExecutor.runOrder(JUnitTestExecutor.java:49)
	at edu.illinois.cs.testrunner.execution.Executor$.$anonfun$run$1(Executor.scala:30)
	at scala.runtime.java8.JFunction0$mcV$sp.apply(JFunction0$mcV$sp.java:12)
	at scala.util.Try$.apply(Try.scala:209)
	at edu.illinois.cs.testrunner.execution.Executor$.run(Executor.scala:28)
	at edu.illinois.cs.testrunner.execution.Executor$.main(Executor.scala:18)
	at edu.illinois.cs.testrunner.execution.Executor.main(Executor.scala)
24/04/26 02:21:17 DEBUG druid.DruidParser: Parsing SQL DELETE FROM Photo WHERE photo_id = 123;
24/04/26 02:21:17 DEBUG druid.DruidDMLParser: UPDATE SQL From clause Photo
24/04/26 02:21:17 DEBUG druid.DruidDMLParser: UPDATE SQL where photo_id = 123
24/04/26 02:21:17 ERROR druid.DruidParserTestUtil: execute
com.alibaba.wasp.NotMatchPrimaryKeyException: Not match primary key.
	at com.alibaba.wasp.plan.parser.druid.DruidDMLParser.getDeletePlan(DruidDMLParser.java:218)
	at com.alibaba.wasp.plan.parser.druid.DruidDMLParser.generatePlan(DruidDMLParser.java:108)
	at com.alibaba.wasp.plan.parser.druid.DruidParserTestUtil.execute(DruidParserTestUtil.java:104)
	at com.alibaba.wasp.plan.parser.druid.TestDruidDMLFailParser.getDeleteFailedPlan(TestDruidDMLFailParser.java:142)
	at sun.reflect.NativeMethodAccessorImpl.invoke0(Native Method)
	at sun.reflect.NativeMethodAccessorImpl.invoke(NativeMethodAccessorImpl.java:62)
	at sun.reflect.DelegatingMethodAccessorImpl.invoke(DelegatingMethodAccessorImpl.java:43)
	at java.lang.reflect.Method.invoke(Method.java:498)
	at org.junit.runners.model.FrameworkMethod$1.runReflectiveCall(FrameworkMethod.java:45)
	at org.junit.internal.runners.model.ReflectiveCallable.run(ReflectiveCallable.java:15)
	at org.junit.runners.model.FrameworkMethod.invokeExplosively(FrameworkMethod.java:42)
	at org.junit.internal.runners.statements.InvokeMethod.evaluate(InvokeMethod.java:20)
	at org.junit.internal.runners.statements.RunBefores.evaluate(RunBefores.java:28)
	at org.junit.internal.runners.statements.RunAfters.evaluate(RunAfters.java:30)
	at org.junit.runners.ParentRunner.runLeaf(ParentRunner.java:263)
	at org.junit.runners.BlockJUnit4ClassRunner.runChild(BlockJUnit4ClassRunner.java:68)
	at org.junit.runners.BlockJUnit4ClassRunner.runChild(BlockJUnit4ClassRunner.java:47)
	at org.junit.runners.ParentRunner$3.run(ParentRunner.java:231)
	at org.junit.runners.ParentRunner$1.schedule(ParentRunner.java:60)
	at org.junit.runners.ParentRunner.runChildren(ParentRunner.java:229)
	at org.junit.runners.ParentRunner.access$000(ParentRunner.java:50)
	at org.junit.runners.ParentRunner$2.evaluate(ParentRunner.java:222)
	at org.junit.internal.runners.statements.RunBefores.evaluate(RunBefores.java:28)
	at org.junit.internal.runners.statements.RunAfters.evaluate(RunAfters.java:30)
	at org.junit.runners.ParentRunner.run(ParentRunner.java:300)
	at org.junit.runners.Suite.runChild(Suite.java:128)
	at org.junit.runners.Suite.runChild(Suite.java:24)
	at org.junit.runners.ParentRunner$3.run(ParentRunner.java:231)
	at org.junit.runners.ParentRunner$1.schedule(ParentRunner.java:60)
	at org.junit.runners.ParentRunner.runChildren(ParentRunner.java:229)
	at org.junit.runners.ParentRunner.access$000(ParentRunner.java:50)
	at org.junit.runners.ParentRunner$2.evaluate(ParentRunner.java:222)
	at org.junit.runners.ParentRunner.run(ParentRunner.java:300)
	at org.junit.runner.JUnitCore.run(JUnitCore.java:157)
	at org.junit.runner.JUnitCore.run(JUnitCore.java:136)
	at edu.illinois.cs.testrunner.execution.JUnitTestExecutor.execute(JUnitTestExecutor.java:259)
	at edu.illinois.cs.testrunner.execution.JUnitTestExecutor.executeWithJUnit4Runner(JUnitTestExecutor.java:327)
	at edu.illinois.cs.testrunner.execution.JUnitTestExecutor.runOrder(JUnitTestExecutor.java:49)
	at edu.illinois.cs.testrunner.execution.Executor$.$anonfun$run$1(Executor.scala:30)
	at scala.runtime.java8.JFunction0$mcV$sp.apply(JFunction0$mcV$sp.java:12)
	at scala.util.Try$.apply(Try.scala:209)
	at edu.illinois.cs.testrunner.execution.Executor$.run(Executor.scala:28)
	at edu.illinois.cs.testrunner.execution.Executor$.main(Executor.scala:18)
	at edu.illinois.cs.testrunner.execution.Executor.main(Executor.scala)
24/04/26 02:21:17 DEBUG druid.DruidParser: Parsing SQL DELETE FROM User WHERE user_id >= 123;
24/04/26 02:21:17 DEBUG druid.DruidDMLParser: UPDATE SQL From clause User
24/04/26 02:21:17 DEBUG druid.DruidDMLParser: UPDATE SQL where user_id >= 123
24/04/26 02:21:17 ERROR druid.DruidParserTestUtil: execute
com.alibaba.wasp.plan.parser.UnsupportedException: RANGE is not supported!
	at com.alibaba.wasp.plan.parser.druid.DruidDMLParser.getDeletePlan(DruidDMLParser.java:209)
	at com.alibaba.wasp.plan.parser.druid.DruidDMLParser.generatePlan(DruidDMLParser.java:108)
	at com.alibaba.wasp.plan.parser.druid.DruidParserTestUtil.execute(DruidParserTestUtil.java:104)
	at com.alibaba.wasp.plan.parser.druid.TestDruidDMLFailParser.getDeleteFailedPlan(TestDruidDMLFailParser.java:142)
	at sun.reflect.NativeMethodAccessorImpl.invoke0(Native Method)
	at sun.reflect.NativeMethodAccessorImpl.invoke(NativeMethodAccessorImpl.java:62)
	at sun.reflect.DelegatingMethodAccessorImpl.invoke(DelegatingMethodAccessorImpl.java:43)
	at java.lang.reflect.Method.invoke(Method.java:498)
	at org.junit.runners.model.FrameworkMethod$1.runReflectiveCall(FrameworkMethod.java:45)
	at org.junit.internal.runners.model.ReflectiveCallable.run(ReflectiveCallable.java:15)
	at org.junit.runners.model.FrameworkMethod.invokeExplosively(FrameworkMethod.java:42)
	at org.junit.internal.runners.statements.InvokeMethod.evaluate(InvokeMethod.java:20)
	at org.junit.internal.runners.statements.RunBefores.evaluate(RunBefores.java:28)
	at org.junit.internal.runners.statements.RunAfters.evaluate(RunAfters.java:30)
	at org.junit.runners.ParentRunner.runLeaf(ParentRunner.java:263)
	at org.junit.runners.BlockJUnit4ClassRunner.runChild(BlockJUnit4ClassRunner.java:68)
	at org.junit.runners.BlockJUnit4ClassRunner.runChild(BlockJUnit4ClassRunner.java:47)
	at org.junit.runners.ParentRunner$3.run(ParentRunner.java:231)
	at org.junit.runners.ParentRunner$1.schedule(ParentRunner.java:60)
	at org.junit.runners.ParentRunner.runChildren(ParentRunner.java:229)
	at org.junit.runners.ParentRunner.access$000(ParentRunner.java:50)
	at org.junit.runners.ParentRunner$2.evaluate(ParentRunner.java:222)
	at org.junit.internal.runners.statements.RunBefores.evaluate(RunBefores.java:28)
	at org.junit.internal.runners.statements.RunAfters.evaluate(RunAfters.java:30)
	at org.junit.runners.ParentRunner.run(ParentRunner.java:300)
	at org.junit.runners.Suite.runChild(Suite.java:128)
	at org.junit.runners.Suite.runChild(Suite.java:24)
	at org.junit.runners.ParentRunner$3.run(ParentRunner.java:231)
	at org.junit.runners.ParentRunner$1.schedule(ParentRunner.java:60)
	at org.junit.runners.ParentRunner.runChildren(ParentRunner.java:229)
	at org.junit.runners.ParentRunner.access$000(ParentRunner.java:50)
	at org.junit.runners.ParentRunner$2.evaluate(ParentRunner.java:222)
	at org.junit.runners.ParentRunner.run(ParentRunner.java:300)
	at org.junit.runner.JUnitCore.run(JUnitCore.java:157)
	at org.junit.runner.JUnitCore.run(JUnitCore.java:136)
	at edu.illinois.cs.testrunner.execution.JUnitTestExecutor.execute(JUnitTestExecutor.java:259)
	at edu.illinois.cs.testrunner.execution.JUnitTestExecutor.executeWithJUnit4Runner(JUnitTestExecutor.java:327)
	at edu.illinois.cs.testrunner.execution.JUnitTestExecutor.runOrder(JUnitTestExecutor.java:49)
	at edu.illinois.cs.testrunner.execution.Executor$.$anonfun$run$1(Executor.scala:30)
	at scala.runtime.java8.JFunction0$mcV$sp.apply(JFunction0$mcV$sp.java:12)
	at scala.util.Try$.apply(Try.scala:209)
	at edu.illinois.cs.testrunner.execution.Executor$.run(Executor.scala:28)
	at edu.illinois.cs.testrunner.execution.Executor$.main(Executor.scala:18)
	at edu.illinois.cs.testrunner.execution.Executor.main(Executor.scala)
24/04/26 02:21:17 DEBUG druid.DruidParser: Parsing SQL CREATE TABLE User { Required Int64 user_id; Required String name; Optional DOUBLE value; }  primary key(user_id),  entity group root, entity group key(user_id);
24/04/26 02:21:17 DEBUG druid.DruidDDLParser: CreateTablePlan CreateTablePlan [table=CREATE TABLE User { 
  REQUIRED INT64 user_id COLUMNFAMILY d;
  REQUIRED STRING name COLUMNFAMILY d;
  OPTIONAL DOUBLE value COLUMNFAMILY d;
} 
PRIMARY KEY(user_id),
ENTITY GROUP ROOT,
ENTITY GROUP KEY(user_id);
, splitKeys=null]
24/04/26 02:21:17 DEBUG druid.DruidParser: Parsing SQL CREATE TABLE Photo { Required Int64 user_id columnfamily cf comment 'aaa';  Required Int32 photo_id comment 'child primary key';  Optional Int64 time; Optional String full_url;  Optional String thumbnail_url; Optional string tag; Optional DATETIME date; Optional Int32 int32Type; }  primary key(user_id,photo_id),  in table User,  Entity Group Key(user_id) references User; 
24/04/26 02:21:17 DEBUG druid.DruidDDLParser: CreateTablePlan CreateTablePlan [table=CREATE TABLE Photo { 
  REQUIRED INT64 user_id COLUMNFAMILY cf;
  REQUIRED INT32 photo_id COLUMNFAMILY d;
  OPTIONAL INT64 time COLUMNFAMILY d;
  OPTIONAL STRING full_url COLUMNFAMILY d;
  OPTIONAL STRING thumbnail_url COLUMNFAMILY d;
  OPTIONAL STRING tag COLUMNFAMILY d;
  OPTIONAL DATETIME date COLUMNFAMILY d;
  OPTIONAL INT32 int32Type COLUMNFAMILY d;
} 
PRIMARY KEY(user_id, photo_id, ),
 IN TABLE User,
 ENTITY GROUP KEY(user_id) REFERENCES User;
, splitKeys=null]
24/04/26 02:21:17 DEBUG druid.DruidParser: Parsing SQL UPDATE User1 SET name = 'Mike' WHERE user_id = 123;
24/04/26 02:21:17 DEBUG druid.DruidDMLParser: UPDATE SQL From clause User1
24/04/26 02:21:17 ERROR druid.DruidParserTestUtil: execute
com.alibaba.wasp.TableNotFoundException: User1 not exists!
	at com.alibaba.wasp.plan.parser.druid.FMetaEventOperation.checkAndGetTable(FMetaEventOperation.java:79)
	at com.alibaba.wasp.plan.parser.druid.DruidDMLParser.getUpdatePlan(DruidDMLParser.java:253)
	at com.alibaba.wasp.plan.parser.druid.DruidDMLParser.generatePlan(DruidDMLParser.java:102)
	at com.alibaba.wasp.plan.parser.druid.DruidParserTestUtil.execute(DruidParserTestUtil.java:104)
	at com.alibaba.wasp.plan.parser.druid.TestDruidDMLFailParser.getUpdateFailedPlan(TestDruidDMLFailParser.java:124)
	at sun.reflect.NativeMethodAccessorImpl.invoke0(Native Method)
	at sun.reflect.NativeMethodAccessorImpl.invoke(NativeMethodAccessorImpl.java:62)
	at sun.reflect.DelegatingMethodAccessorImpl.invoke(DelegatingMethodAccessorImpl.java:43)
	at java.lang.reflect.Method.invoke(Method.java:498)
	at org.junit.runners.model.FrameworkMethod$1.runReflectiveCall(FrameworkMethod.java:45)
	at org.junit.internal.runners.model.ReflectiveCallable.run(ReflectiveCallable.java:15)
	at org.junit.runners.model.FrameworkMethod.invokeExplosively(FrameworkMethod.java:42)
	at org.junit.internal.runners.statements.InvokeMethod.evaluate(InvokeMethod.java:20)
	at org.junit.internal.runners.statements.RunBefores.evaluate(RunBefores.java:28)
	at org.junit.internal.runners.statements.RunAfters.evaluate(RunAfters.java:30)
	at org.junit.runners.ParentRunner.runLeaf(ParentRunner.java:263)
	at org.junit.runners.BlockJUnit4ClassRunner.runChild(BlockJUnit4ClassRunner.java:68)
	at org.junit.runners.BlockJUnit4ClassRunner.runChild(BlockJUnit4ClassRunner.java:47)
	at org.junit.runners.ParentRunner$3.run(ParentRunner.java:231)
	at org.junit.runners.ParentRunner$1.schedule(ParentRunner.java:60)
	at org.junit.runners.ParentRunner.runChildren(ParentRunner.java:229)
	at org.junit.runners.ParentRunner.access$000(ParentRunner.java:50)
	at org.junit.runners.ParentRunner$2.evaluate(ParentRunner.java:222)
	at org.junit.internal.runners.statements.RunBefores.evaluate(RunBefores.java:28)
	at org.junit.internal.runners.statements.RunAfters.evaluate(RunAfters.java:30)
	at org.junit.runners.ParentRunner.run(ParentRunner.java:300)
	at org.junit.runners.Suite.runChild(Suite.java:128)
	at org.junit.runners.Suite.runChild(Suite.java:24)
	at org.junit.runners.ParentRunner$3.run(ParentRunner.java:231)
	at org.junit.runners.ParentRunner$1.schedule(ParentRunner.java:60)
	at org.junit.runners.ParentRunner.runChildren(ParentRunner.java:229)
	at org.junit.runners.ParentRunner.access$000(ParentRunner.java:50)
	at org.junit.runners.ParentRunner$2.evaluate(ParentRunner.java:222)
	at org.junit.runners.ParentRunner.run(ParentRunner.java:300)
	at org.junit.runner.JUnitCore.run(JUnitCore.java:157)
	at org.junit.runner.JUnitCore.run(JUnitCore.java:136)
	at edu.illinois.cs.testrunner.execution.JUnitTestExecutor.execute(JUnitTestExecutor.java:259)
	at edu.illinois.cs.testrunner.execution.JUnitTestExecutor.executeWithJUnit4Runner(JUnitTestExecutor.java:327)
	at edu.illinois.cs.testrunner.execution.JUnitTestExecutor.runOrder(JUnitTestExecutor.java:49)
	at edu.illinois.cs.testrunner.execution.Executor$.$anonfun$run$1(Executor.scala:30)
	at scala.runtime.java8.JFunction0$mcV$sp.apply(JFunction0$mcV$sp.java:12)
	at scala.util.Try$.apply(Try.scala:209)
	at edu.illinois.cs.testrunner.execution.Executor$.run(Executor.scala:28)
	at edu.illinois.cs.testrunner.execution.Executor$.main(Executor.scala:18)
	at edu.illinois.cs.testrunner.execution.Executor.main(Executor.scala)
24/04/26 02:21:17 DEBUG druid.DruidParser: Parsing SQL UPDATE User SET name2 = 'Mike' WHERE user_id = 123;
24/04/26 02:21:17 DEBUG druid.DruidDMLParser: UPDATE SQL From clause User
24/04/26 02:21:17 DEBUG druid.DruidDMLParser: UPDATE SQL where user_id = 123
24/04/26 02:21:17 ERROR druid.DruidParserTestUtil: execute
java.lang.NullPointerException
	at com.alibaba.wasp.plan.parser.druid.DruidParser.checkType(DruidParser.java:238)
	at com.alibaba.wasp.plan.parser.druid.DruidDMLParser.getUpdatePlan(DruidDMLParser.java:290)
	at com.alibaba.wasp.plan.parser.druid.DruidDMLParser.generatePlan(DruidDMLParser.java:102)
	at com.alibaba.wasp.plan.parser.druid.DruidParserTestUtil.execute(DruidParserTestUtil.java:104)
	at com.alibaba.wasp.plan.parser.druid.TestDruidDMLFailParser.getUpdateFailedPlan(TestDruidDMLFailParser.java:124)
	at sun.reflect.NativeMethodAccessorImpl.invoke0(Native Method)
	at sun.reflect.NativeMethodAccessorImpl.invoke(NativeMethodAccessorImpl.java:62)
	at sun.reflect.DelegatingMethodAccessorImpl.invoke(DelegatingMethodAccessorImpl.java:43)
	at java.lang.reflect.Method.invoke(Method.java:498)
	at org.junit.runners.model.FrameworkMethod$1.runReflectiveCall(FrameworkMethod.java:45)
	at org.junit.internal.runners.model.ReflectiveCallable.run(ReflectiveCallable.java:15)
	at org.junit.runners.model.FrameworkMethod.invokeExplosively(FrameworkMethod.java:42)
	at org.junit.internal.runners.statements.InvokeMethod.evaluate(InvokeMethod.java:20)
	at org.junit.internal.runners.statements.RunBefores.evaluate(RunBefores.java:28)
	at org.junit.internal.runners.statements.RunAfters.evaluate(RunAfters.java:30)
	at org.junit.runners.ParentRunner.runLeaf(ParentRunner.java:263)
	at org.junit.runners.BlockJUnit4ClassRunner.runChild(BlockJUnit4ClassRunner.java:68)
	at org.junit.runners.BlockJUnit4ClassRunner.runChild(BlockJUnit4ClassRunner.java:47)
	at org.junit.runners.ParentRunner$3.run(ParentRunner.java:231)
	at org.junit.runners.ParentRunner$1.schedule(ParentRunner.java:60)
	at org.junit.runners.ParentRunner.runChildren(ParentRunner.java:229)
	at org.junit.runners.ParentRunner.access$000(ParentRunner.java:50)
	at org.junit.runners.ParentRunner$2.evaluate(ParentRunner.java:222)
	at org.junit.internal.runners.statements.RunBefores.evaluate(RunBefores.java:28)
	at org.junit.internal.runners.statements.RunAfters.evaluate(RunAfters.java:30)
	at org.junit.runners.ParentRunner.run(ParentRunner.java:300)
	at org.junit.runners.Suite.runChild(Suite.java:128)
	at org.junit.runners.Suite.runChild(Suite.java:24)
	at org.junit.runners.ParentRunner$3.run(ParentRunner.java:231)
	at org.junit.runners.ParentRunner$1.schedule(ParentRunner.java:60)
	at org.junit.runners.ParentRunner.runChildren(ParentRunner.java:229)
	at org.junit.runners.ParentRunner.access$000(ParentRunner.java:50)
	at org.junit.runners.ParentRunner$2.evaluate(ParentRunner.java:222)
	at org.junit.runners.ParentRunner.run(ParentRunner.java:300)
	at org.junit.runner.JUnitCore.run(JUnitCore.java:157)
	at org.junit.runner.JUnitCore.run(JUnitCore.java:136)
	at edu.illinois.cs.testrunner.execution.JUnitTestExecutor.execute(JUnitTestExecutor.java:259)
	at edu.illinois.cs.testrunner.execution.JUnitTestExecutor.executeWithJUnit4Runner(JUnitTestExecutor.java:327)
	at edu.illinois.cs.testrunner.execution.JUnitTestExecutor.runOrder(JUnitTestExecutor.java:49)
	at edu.illinois.cs.testrunner.execution.Executor$.$anonfun$run$1(Executor.scala:30)
	at scala.runtime.java8.JFunction0$mcV$sp.apply(JFunction0$mcV$sp.java:12)
	at scala.util.Try$.apply(Try.scala:209)
	at edu.illinois.cs.testrunner.execution.Executor$.run(Executor.scala:28)
	at edu.illinois.cs.testrunner.execution.Executor$.main(Executor.scala:18)
	at edu.illinois.cs.testrunner.execution.Executor.main(Executor.scala)
24/04/26 02:21:17 DEBUG druid.DruidParser: Parsing SQL UPDATE Photo SET time=2000 WHERE photo_id = 123
24/04/26 02:21:17 DEBUG druid.DruidDMLParser: UPDATE SQL From clause Photo
24/04/26 02:21:17 DEBUG druid.DruidDMLParser: UPDATE SQL where photo_id = 123
24/04/26 02:21:17 ERROR druid.DruidParserTestUtil: execute
com.alibaba.wasp.plan.parser.UnsupportedException: [photo_id] is not Primary Key !
	at com.alibaba.wasp.plan.parser.druid.FMetaEventOperation.checkIsPrimaryKey(FMetaEventOperation.java:152)
	at com.alibaba.wasp.plan.parser.druid.DruidDMLParser.getUpdatePlan(DruidDMLParser.java:271)
	at com.alibaba.wasp.plan.parser.druid.DruidDMLParser.generatePlan(DruidDMLParser.java:102)
	at com.alibaba.wasp.plan.parser.druid.DruidParserTestUtil.execute(DruidParserTestUtil.java:104)
	at com.alibaba.wasp.plan.parser.druid.TestDruidDMLFailParser.getUpdateFailedPlan(TestDruidDMLFailParser.java:124)
	at sun.reflect.NativeMethodAccessorImpl.invoke0(Native Method)
	at sun.reflect.NativeMethodAccessorImpl.invoke(NativeMethodAccessorImpl.java:62)
	at sun.reflect.DelegatingMethodAccessorImpl.invoke(DelegatingMethodAccessorImpl.java:43)
	at java.lang.reflect.Method.invoke(Method.java:498)
	at org.junit.runners.model.FrameworkMethod$1.runReflectiveCall(FrameworkMethod.java:45)
	at org.junit.internal.runners.model.ReflectiveCallable.run(ReflectiveCallable.java:15)
	at org.junit.runners.model.FrameworkMethod.invokeExplosively(FrameworkMethod.java:42)
	at org.junit.internal.runners.statements.InvokeMethod.evaluate(InvokeMethod.java:20)
	at org.junit.internal.runners.statements.RunBefores.evaluate(RunBefores.java:28)
	at org.junit.internal.runners.statements.RunAfters.evaluate(RunAfters.java:30)
	at org.junit.runners.ParentRunner.runLeaf(ParentRunner.java:263)
	at org.junit.runners.BlockJUnit4ClassRunner.runChild(BlockJUnit4ClassRunner.java:68)
	at org.junit.runners.BlockJUnit4ClassRunner.runChild(BlockJUnit4ClassRunner.java:47)
	at org.junit.runners.ParentRunner$3.run(ParentRunner.java:231)
	at org.junit.runners.ParentRunner$1.schedule(ParentRunner.java:60)
	at org.junit.runners.ParentRunner.runChildren(ParentRunner.java:229)
	at org.junit.runners.ParentRunner.access$000(ParentRunner.java:50)
	at org.junit.runners.ParentRunner$2.evaluate(ParentRunner.java:222)
	at org.junit.internal.runners.statements.RunBefores.evaluate(RunBefores.java:28)
	at org.junit.internal.runners.statements.RunAfters.evaluate(RunAfters.java:30)
	at org.junit.runners.ParentRunner.run(ParentRunner.java:300)
	at org.junit.runners.Suite.runChild(Suite.java:128)
	at org.junit.runners.Suite.runChild(Suite.java:24)
	at org.junit.runners.ParentRunner$3.run(ParentRunner.java:231)
	at org.junit.runners.ParentRunner$1.schedule(ParentRunner.java:60)
	at org.junit.runners.ParentRunner.runChildren(ParentRunner.java:229)
	at org.junit.runners.ParentRunner.access$000(ParentRunner.java:50)
	at org.junit.runners.ParentRunner$2.evaluate(ParentRunner.java:222)
	at org.junit.runners.ParentRunner.run(ParentRunner.java:300)
	at org.junit.runner.JUnitCore.run(JUnitCore.java:157)
	at org.junit.runner.JUnitCore.run(JUnitCore.java:136)
	at edu.illinois.cs.testrunner.execution.JUnitTestExecutor.execute(JUnitTestExecutor.java:259)
	at edu.illinois.cs.testrunner.execution.JUnitTestExecutor.executeWithJUnit4Runner(JUnitTestExecutor.java:327)
	at edu.illinois.cs.testrunner.execution.JUnitTestExecutor.runOrder(JUnitTestExecutor.java:49)
	at edu.illinois.cs.testrunner.execution.Executor$.$anonfun$run$1(Executor.scala:30)
	at scala.runtime.java8.JFunction0$mcV$sp.apply(JFunction0$mcV$sp.java:12)
	at scala.util.Try$.apply(Try.scala:209)
	at edu.illinois.cs.testrunner.execution.Executor$.run(Executor.scala:28)
	at edu.illinois.cs.testrunner.execution.Executor$.main(Executor.scala:18)
	at edu.illinois.cs.testrunner.execution.Executor.main(Executor.scala)
24/04/26 02:21:17 DEBUG druid.DruidParser: Parsing SQL UPDATE User SET name = 'Mike' WHERE user_id22 = 123;
24/04/26 02:21:17 DEBUG druid.DruidDMLParser: UPDATE SQL From clause User
24/04/26 02:21:17 DEBUG druid.DruidDMLParser: UPDATE SQL where user_id22 = 123
24/04/26 02:21:17 ERROR druid.DruidParserTestUtil: execute
com.alibaba.wasp.plan.parser.UnsupportedException: User does not have column 'user_id22'!
	at com.alibaba.wasp.plan.parser.druid.FMetaEventOperation.checkAndGetFields(FMetaEventOperation.java:114)
	at com.alibaba.wasp.plan.parser.druid.DruidDMLParser.getUpdatePlan(DruidDMLParser.java:269)
	at com.alibaba.wasp.plan.parser.druid.DruidDMLParser.generatePlan(DruidDMLParser.java:102)
	at com.alibaba.wasp.plan.parser.druid.DruidParserTestUtil.execute(DruidParserTestUtil.java:104)
	at com.alibaba.wasp.plan.parser.druid.TestDruidDMLFailParser.getUpdateFailedPlan(TestDruidDMLFailParser.java:124)
	at sun.reflect.NativeMethodAccessorImpl.invoke0(Native Method)
	at sun.reflect.NativeMethodAccessorImpl.invoke(NativeMethodAccessorImpl.java:62)
	at sun.reflect.DelegatingMethodAccessorImpl.invoke(DelegatingMethodAccessorImpl.java:43)
	at java.lang.reflect.Method.invoke(Method.java:498)
	at org.junit.runners.model.FrameworkMethod$1.runReflectiveCall(FrameworkMethod.java:45)
	at org.junit.internal.runners.model.ReflectiveCallable.run(ReflectiveCallable.java:15)
	at org.junit.runners.model.FrameworkMethod.invokeExplosively(FrameworkMethod.java:42)
	at org.junit.internal.runners.statements.InvokeMethod.evaluate(InvokeMethod.java:20)
	at org.junit.internal.runners.statements.RunBefores.evaluate(RunBefores.java:28)
	at org.junit.internal.runners.statements.RunAfters.evaluate(RunAfters.java:30)
	at org.junit.runners.ParentRunner.runLeaf(ParentRunner.java:263)
	at org.junit.runners.BlockJUnit4ClassRunner.runChild(BlockJUnit4ClassRunner.java:68)
	at org.junit.runners.BlockJUnit4ClassRunner.runChild(BlockJUnit4ClassRunner.java:47)
	at org.junit.runners.ParentRunner$3.run(ParentRunner.java:231)
	at org.junit.runners.ParentRunner$1.schedule(ParentRunner.java:60)
	at org.junit.runners.ParentRunner.runChildren(ParentRunner.java:229)
	at org.junit.runners.ParentRunner.access$000(ParentRunner.java:50)
	at org.junit.runners.ParentRunner$2.evaluate(ParentRunner.java:222)
	at org.junit.internal.runners.statements.RunBefores.evaluate(RunBefores.java:28)
	at org.junit.internal.runners.statements.RunAfters.evaluate(RunAfters.java:30)
	at org.junit.runners.ParentRunner.run(ParentRunner.java:300)
	at org.junit.runners.Suite.runChild(Suite.java:128)
	at org.junit.runners.Suite.runChild(Suite.java:24)
	at org.junit.runners.ParentRunner$3.run(ParentRunner.java:231)
	at org.junit.runners.ParentRunner$1.schedule(ParentRunner.java:60)
	at org.junit.runners.ParentRunner.runChildren(ParentRunner.java:229)
	at org.junit.runners.ParentRunner.access$000(ParentRunner.java:50)
	at org.junit.runners.ParentRunner$2.evaluate(ParentRunner.java:222)
	at org.junit.runners.ParentRunner.run(ParentRunner.java:300)
	at org.junit.runner.JUnitCore.run(JUnitCore.java:157)
	at org.junit.runner.JUnitCore.run(JUnitCore.java:136)
	at edu.illinois.cs.testrunner.execution.JUnitTestExecutor.execute(JUnitTestExecutor.java:259)
	at edu.illinois.cs.testrunner.execution.JUnitTestExecutor.executeWithJUnit4Runner(JUnitTestExecutor.java:327)
	at edu.illinois.cs.testrunner.execution.JUnitTestExecutor.runOrder(JUnitTestExecutor.java:49)
	at edu.illinois.cs.testrunner.execution.Executor$.$anonfun$run$1(Executor.scala:30)
	at scala.runtime.java8.JFunction0$mcV$sp.apply(JFunction0$mcV$sp.java:12)
	at scala.util.Try$.apply(Try.scala:209)
	at edu.illinois.cs.testrunner.execution.Executor$.run(Executor.scala:28)
	at edu.illinois.cs.testrunner.execution.Executor$.main(Executor.scala:18)
	at edu.illinois.cs.testrunner.execution.Executor.main(Executor.scala)
24/04/26 02:21:17 DEBUG druid.DruidParser: Parsing SQL UPDATE User SET name = 'Mike' WHERE user_id >= 123;
24/04/26 02:21:17 DEBUG druid.DruidDMLParser: UPDATE SQL From clause User
24/04/26 02:21:17 DEBUG druid.DruidDMLParser: UPDATE SQL where user_id >= 123
24/04/26 02:21:17 ERROR druid.DruidParserTestUtil: execute
com.alibaba.wasp.plan.parser.UnsupportedException: RANGE is not supported by update operation!
	at com.alibaba.wasp.plan.parser.druid.DruidDMLParser.getUpdatePlan(DruidDMLParser.java:263)
	at com.alibaba.wasp.plan.parser.druid.DruidDMLParser.generatePlan(DruidDMLParser.java:102)
	at com.alibaba.wasp.plan.parser.druid.DruidParserTestUtil.execute(DruidParserTestUtil.java:104)
	at com.alibaba.wasp.plan.parser.druid.TestDruidDMLFailParser.getUpdateFailedPlan(TestDruidDMLFailParser.java:124)
	at sun.reflect.NativeMethodAccessorImpl.invoke0(Native Method)
	at sun.reflect.NativeMethodAccessorImpl.invoke(NativeMethodAccessorImpl.java:62)
	at sun.reflect.DelegatingMethodAccessorImpl.invoke(DelegatingMethodAccessorImpl.java:43)
	at java.lang.reflect.Method.invoke(Method.java:498)
	at org.junit.runners.model.FrameworkMethod$1.runReflectiveCall(FrameworkMethod.java:45)
	at org.junit.internal.runners.model.ReflectiveCallable.run(ReflectiveCallable.java:15)
	at org.junit.runners.model.FrameworkMethod.invokeExplosively(FrameworkMethod.java:42)
	at org.junit.internal.runners.statements.InvokeMethod.evaluate(InvokeMethod.java:20)
	at org.junit.internal.runners.statements.RunBefores.evaluate(RunBefores.java:28)
	at org.junit.internal.runners.statements.RunAfters.evaluate(RunAfters.java:30)
	at org.junit.runners.ParentRunner.runLeaf(ParentRunner.java:263)
	at org.junit.runners.BlockJUnit4ClassRunner.runChild(BlockJUnit4ClassRunner.java:68)
	at org.junit.runners.BlockJUnit4ClassRunner.runChild(BlockJUnit4ClassRunner.java:47)
	at org.junit.runners.ParentRunner$3.run(ParentRunner.java:231)
	at org.junit.runners.ParentRunner$1.schedule(ParentRunner.java:60)
	at org.junit.runners.ParentRunner.runChildren(ParentRunner.java:229)
	at org.junit.runners.ParentRunner.access$000(ParentRunner.java:50)
	at org.junit.runners.ParentRunner$2.evaluate(ParentRunner.java:222)
	at org.junit.internal.runners.statements.RunBefores.evaluate(RunBefores.java:28)
	at org.junit.internal.runners.statements.RunAfters.evaluate(RunAfters.java:30)
	at org.junit.runners.ParentRunner.run(ParentRunner.java:300)
	at org.junit.runners.Suite.runChild(Suite.java:128)
	at org.junit.runners.Suite.runChild(Suite.java:24)
	at org.junit.runners.ParentRunner$3.run(ParentRunner.java:231)
	at org.junit.runners.ParentRunner$1.schedule(ParentRunner.java:60)
	at org.junit.runners.ParentRunner.runChildren(ParentRunner.java:229)
	at org.junit.runners.ParentRunner.access$000(ParentRunner.java:50)
	at org.junit.runners.ParentRunner$2.evaluate(ParentRunner.java:222)
	at org.junit.runners.ParentRunner.run(ParentRunner.java:300)
	at org.junit.runner.JUnitCore.run(JUnitCore.java:157)
	at org.junit.runner.JUnitCore.run(JUnitCore.java:136)
	at edu.illinois.cs.testrunner.execution.JUnitTestExecutor.execute(JUnitTestExecutor.java:259)
	at edu.illinois.cs.testrunner.execution.JUnitTestExecutor.executeWithJUnit4Runner(JUnitTestExecutor.java:327)
	at edu.illinois.cs.testrunner.execution.JUnitTestExecutor.runOrder(JUnitTestExecutor.java:49)
	at edu.illinois.cs.testrunner.execution.Executor$.$anonfun$run$1(Executor.scala:30)
	at scala.runtime.java8.JFunction0$mcV$sp.apply(JFunction0$mcV$sp.java:12)
	at scala.util.Try$.apply(Try.scala:209)
	at edu.illinois.cs.testrunner.execution.Executor$.run(Executor.scala:28)
	at edu.illinois.cs.testrunner.execution.Executor$.main(Executor.scala:18)
	at edu.illinois.cs.testrunner.execution.Executor.main(Executor.scala)
24/04/26 02:21:17 DEBUG druid.DruidParser: Parsing SQL UPDATE Photo SET photo_id=2000 WHERE user_id = 321 and photo_id = 123
24/04/26 02:21:17 DEBUG druid.DruidDMLParser: UPDATE SQL From clause Photo
24/04/26 02:21:17 DEBUG druid.DruidDMLParser: UPDATE SQL where user_id = 321 AND photo_id = 123
24/04/26 02:21:17 ERROR druid.DruidParserTestUtil: execute
com.alibaba.wasp.plan.parser.UnsupportedException: photo_id is primary key!
	at com.alibaba.wasp.plan.parser.druid.FMetaEventOperation.checkFieldNotInPrimaryKeys(FMetaEventOperation.java:195)
	at com.alibaba.wasp.plan.parser.druid.DruidDMLParser.getUpdatePlan(DruidDMLParser.java:287)
	at com.alibaba.wasp.plan.parser.druid.DruidDMLParser.generatePlan(DruidDMLParser.java:102)
	at com.alibaba.wasp.plan.parser.druid.DruidParserTestUtil.execute(DruidParserTestUtil.java:104)
	at com.alibaba.wasp.plan.parser.druid.TestDruidDMLFailParser.getUpdateFailedPlan(TestDruidDMLFailParser.java:124)
	at sun.reflect.NativeMethodAccessorImpl.invoke0(Native Method)
	at sun.reflect.NativeMethodAccessorImpl.invoke(NativeMethodAccessorImpl.java:62)
	at sun.reflect.DelegatingMethodAccessorImpl.invoke(DelegatingMethodAccessorImpl.java:43)
	at java.lang.reflect.Method.invoke(Method.java:498)
	at org.junit.runners.model.FrameworkMethod$1.runReflectiveCall(FrameworkMethod.java:45)
	at org.junit.internal.runners.model.ReflectiveCallable.run(ReflectiveCallable.java:15)
	at org.junit.runners.model.FrameworkMethod.invokeExplosively(FrameworkMethod.java:42)
	at org.junit.internal.runners.statements.InvokeMethod.evaluate(InvokeMethod.java:20)
	at org.junit.internal.runners.statements.RunBefores.evaluate(RunBefores.java:28)
	at org.junit.internal.runners.statements.RunAfters.evaluate(RunAfters.java:30)
	at org.junit.runners.ParentRunner.runLeaf(ParentRunner.java:263)
	at org.junit.runners.BlockJUnit4ClassRunner.runChild(BlockJUnit4ClassRunner.java:68)
	at org.junit.runners.BlockJUnit4ClassRunner.runChild(BlockJUnit4ClassRunner.java:47)
	at org.junit.runners.ParentRunner$3.run(ParentRunner.java:231)
	at org.junit.runners.ParentRunner$1.schedule(ParentRunner.java:60)
	at org.junit.runners.ParentRunner.runChildren(ParentRunner.java:229)
	at org.junit.runners.ParentRunner.access$000(ParentRunner.java:50)
	at org.junit.runners.ParentRunner$2.evaluate(ParentRunner.java:222)
	at org.junit.internal.runners.statements.RunBefores.evaluate(RunBefores.java:28)
	at org.junit.internal.runners.statements.RunAfters.evaluate(RunAfters.java:30)
	at org.junit.runners.ParentRunner.run(ParentRunner.java:300)
	at org.junit.runners.Suite.runChild(Suite.java:128)
	at org.junit.runners.Suite.runChild(Suite.java:24)
	at org.junit.runners.ParentRunner$3.run(ParentRunner.java:231)
	at org.junit.runners.ParentRunner$1.schedule(ParentRunner.java:60)
	at org.junit.runners.ParentRunner.runChildren(ParentRunner.java:229)
	at org.junit.runners.ParentRunner.access$000(ParentRunner.java:50)
	at org.junit.runners.ParentRunner$2.evaluate(ParentRunner.java:222)
	at org.junit.runners.ParentRunner.run(ParentRunner.java:300)
	at org.junit.runner.JUnitCore.run(JUnitCore.java:157)
	at org.junit.runner.JUnitCore.run(JUnitCore.java:136)
	at edu.illinois.cs.testrunner.execution.JUnitTestExecutor.execute(JUnitTestExecutor.java:259)
	at edu.illinois.cs.testrunner.execution.JUnitTestExecutor.executeWithJUnit4Runner(JUnitTestExecutor.java:327)
	at edu.illinois.cs.testrunner.execution.JUnitTestExecutor.runOrder(JUnitTestExecutor.java:49)
	at edu.illinois.cs.testrunner.execution.Executor$.$anonfun$run$1(Executor.scala:30)
	at scala.runtime.java8.JFunction0$mcV$sp.apply(JFunction0$mcV$sp.java:12)
	at scala.util.Try$.apply(Try.scala:209)
	at edu.illinois.cs.testrunner.execution.Executor$.run(Executor.scala:28)
	at edu.illinois.cs.testrunner.execution.Executor$.main(Executor.scala:18)
	at edu.illinois.cs.testrunner.execution.Executor.main(Executor.scala)
24/04/26 02:21:17 DEBUG druid.DruidParser: Parsing SQL UPDATE Photo SET int32Type = '22' WHERE user_id = 123 and photo_id=123;
24/04/26 02:21:17 DEBUG druid.DruidDMLParser: UPDATE SQL From clause Photo
24/04/26 02:21:17 DEBUG druid.DruidDMLParser: UPDATE SQL where user_id = 123 AND photo_id = 123
24/04/26 02:21:17 ERROR druid.DruidParserTestUtil: execute
com.alibaba.wasp.plan.parser.UnsupportedException: Unsupported DataType INT32, input is '22'
	at com.alibaba.wasp.plan.parser.druid.DruidParser.checkType(DruidParser.java:258)
	at com.alibaba.wasp.plan.parser.druid.DruidDMLParser.getUpdatePlan(DruidDMLParser.java:290)
	at com.alibaba.wasp.plan.parser.druid.DruidDMLParser.generatePlan(DruidDMLParser.java:102)
	at com.alibaba.wasp.plan.parser.druid.DruidParserTestUtil.execute(DruidParserTestUtil.java:104)
	at com.alibaba.wasp.plan.parser.druid.TestDruidDMLFailParser.getUpdateFailedPlan(TestDruidDMLFailParser.java:124)
	at sun.reflect.NativeMethodAccessorImpl.invoke0(Native Method)
	at sun.reflect.NativeMethodAccessorImpl.invoke(NativeMethodAccessorImpl.java:62)
	at sun.reflect.DelegatingMethodAccessorImpl.invoke(DelegatingMethodAccessorImpl.java:43)
	at java.lang.reflect.Method.invoke(Method.java:498)
	at org.junit.runners.model.FrameworkMethod$1.runReflectiveCall(FrameworkMethod.java:45)
	at org.junit.internal.runners.model.ReflectiveCallable.run(ReflectiveCallable.java:15)
	at org.junit.runners.model.FrameworkMethod.invokeExplosively(FrameworkMethod.java:42)
	at org.junit.internal.runners.statements.InvokeMethod.evaluate(InvokeMethod.java:20)
	at org.junit.internal.runners.statements.RunBefores.evaluate(RunBefores.java:28)
	at org.junit.internal.runners.statements.RunAfters.evaluate(RunAfters.java:30)
	at org.junit.runners.ParentRunner.runLeaf(ParentRunner.java:263)
	at org.junit.runners.BlockJUnit4ClassRunner.runChild(BlockJUnit4ClassRunner.java:68)
	at org.junit.runners.BlockJUnit4ClassRunner.runChild(BlockJUnit4ClassRunner.java:47)
	at org.junit.runners.ParentRunner$3.run(ParentRunner.java:231)
	at org.junit.runners.ParentRunner$1.schedule(ParentRunner.java:60)
	at org.junit.runners.ParentRunner.runChildren(ParentRunner.java:229)
	at org.junit.runners.ParentRunner.access$000(ParentRunner.java:50)
	at org.junit.runners.ParentRunner$2.evaluate(ParentRunner.java:222)
	at org.junit.internal.runners.statements.RunBefores.evaluate(RunBefores.java:28)
	at org.junit.internal.runners.statements.RunAfters.evaluate(RunAfters.java:30)
	at org.junit.runners.ParentRunner.run(ParentRunner.java:300)
	at org.junit.runners.Suite.runChild(Suite.java:128)
	at org.junit.runners.Suite.runChild(Suite.java:24)
	at org.junit.runners.ParentRunner$3.run(ParentRunner.java:231)
	at org.junit.runners.ParentRunner$1.schedule(ParentRunner.java:60)
	at org.junit.runners.ParentRunner.runChildren(ParentRunner.java:229)
	at org.junit.runners.ParentRunner.access$000(ParentRunner.java:50)
	at org.junit.runners.ParentRunner$2.evaluate(ParentRunner.java:222)
	at org.junit.runners.ParentRunner.run(ParentRunner.java:300)
	at org.junit.runner.JUnitCore.run(JUnitCore.java:157)
	at org.junit.runner.JUnitCore.run(JUnitCore.java:136)
	at edu.illinois.cs.testrunner.execution.JUnitTestExecutor.execute(JUnitTestExecutor.java:259)
	at edu.illinois.cs.testrunner.execution.JUnitTestExecutor.executeWithJUnit4Runner(JUnitTestExecutor.java:327)
	at edu.illinois.cs.testrunner.execution.JUnitTestExecutor.runOrder(JUnitTestExecutor.java:49)
	at edu.illinois.cs.testrunner.execution.Executor$.$anonfun$run$1(Executor.scala:30)
	at scala.runtime.java8.JFunction0$mcV$sp.apply(JFunction0$mcV$sp.java:12)
	at scala.util.Try$.apply(Try.scala:209)
	at edu.illinois.cs.testrunner.execution.Executor$.run(Executor.scala:28)
	at edu.illinois.cs.testrunner.execution.Executor$.main(Executor.scala:18)
	at edu.illinois.cs.testrunner.execution.Executor.main(Executor.scala)
24/04/26 02:21:17 DEBUG druid.DruidParser: Parsing SQL CREATE TABLE User { Required Int64 user_id; Required String name; Optional DOUBLE value; }  primary key(user_id),  entity group root, entity group key(user_id);
24/04/26 02:21:17 DEBUG druid.DruidDDLParser: CreateTablePlan CreateTablePlan [table=CREATE TABLE User { 
  REQUIRED INT64 user_id COLUMNFAMILY d;
  REQUIRED STRING name COLUMNFAMILY d;
  OPTIONAL DOUBLE value COLUMNFAMILY d;
} 
PRIMARY KEY(user_id),
ENTITY GROUP ROOT,
ENTITY GROUP KEY(user_id);
, splitKeys=null]
24/04/26 02:21:17 DEBUG druid.DruidParser: Parsing SQL CREATE TABLE Photo { Required Int64 user_id columnfamily cf comment 'aaa';  Required Int32 photo_id comment 'child primary key';  Optional Int64 time; Optional String full_url;  Optional String thumbnail_url; Optional string tag; Optional DATETIME date; Optional Int32 int32Type; }  primary key(user_id,photo_id),  in table User,  Entity Group Key(user_id) references User; 
24/04/26 02:21:17 DEBUG druid.DruidDDLParser: CreateTablePlan CreateTablePlan [table=CREATE TABLE Photo { 
  REQUIRED INT64 user_id COLUMNFAMILY cf;
  REQUIRED INT32 photo_id COLUMNFAMILY d;
  OPTIONAL INT64 time COLUMNFAMILY d;
  OPTIONAL STRING full_url COLUMNFAMILY d;
  OPTIONAL STRING thumbnail_url COLUMNFAMILY d;
  OPTIONAL STRING tag COLUMNFAMILY d;
  OPTIONAL DATETIME date COLUMNFAMILY d;
  OPTIONAL INT32 int32Type COLUMNFAMILY d;
} 
PRIMARY KEY(user_id, photo_id, ),
 IN TABLE User,
 ENTITY GROUP KEY(user_id) REFERENCES User;
, splitKeys=null]
24/04/26 02:21:17 DEBUG druid.DruidParser: Parsing SQL Insert into User1(ID,NAME) values(1,'binlijin');
24/04/26 02:21:17 DEBUG druid.DruidDMLParser: INSERT SQL TableSource User1
24/04/26 02:21:17 DEBUG druid.DruidDMLParser: From table User1
24/04/26 02:21:17 ERROR druid.DruidParserTestUtil: execute
com.alibaba.wasp.TableNotFoundException: User1 not exists!
	at com.alibaba.wasp.plan.parser.druid.FMetaEventOperation.checkAndGetTable(FMetaEventOperation.java:79)
	at com.alibaba.wasp.plan.parser.druid.DruidDMLParser.getInsertPlan(DruidDMLParser.java:129)
	at com.alibaba.wasp.plan.parser.druid.DruidDMLParser.generatePlan(DruidDMLParser.java:105)
	at com.alibaba.wasp.plan.parser.druid.DruidParserTestUtil.execute(DruidParserTestUtil.java:104)
	at com.alibaba.wasp.plan.parser.druid.TestDruidDMLFailParser.getInsertFailedPlan(TestDruidDMLFailParser.java:97)
	at sun.reflect.NativeMethodAccessorImpl.invoke0(Native Method)
	at sun.reflect.NativeMethodAccessorImpl.invoke(NativeMethodAccessorImpl.java:62)
	at sun.reflect.DelegatingMethodAccessorImpl.invoke(DelegatingMethodAccessorImpl.java:43)
	at java.lang.reflect.Method.invoke(Method.java:498)
	at org.junit.runners.model.FrameworkMethod$1.runReflectiveCall(FrameworkMethod.java:45)
	at org.junit.internal.runners.model.ReflectiveCallable.run(ReflectiveCallable.java:15)
	at org.junit.runners.model.FrameworkMethod.invokeExplosively(FrameworkMethod.java:42)
	at org.junit.internal.runners.statements.InvokeMethod.evaluate(InvokeMethod.java:20)
	at org.junit.internal.runners.statements.RunBefores.evaluate(RunBefores.java:28)
	at org.junit.internal.runners.statements.RunAfters.evaluate(RunAfters.java:30)
	at org.junit.runners.ParentRunner.runLeaf(ParentRunner.java:263)
	at org.junit.runners.BlockJUnit4ClassRunner.runChild(BlockJUnit4ClassRunner.java:68)
	at org.junit.runners.BlockJUnit4ClassRunner.runChild(BlockJUnit4ClassRunner.java:47)
	at org.junit.runners.ParentRunner$3.run(ParentRunner.java:231)
	at org.junit.runners.ParentRunner$1.schedule(ParentRunner.java:60)
	at org.junit.runners.ParentRunner.runChildren(ParentRunner.java:229)
	at org.junit.runners.ParentRunner.access$000(ParentRunner.java:50)
	at org.junit.runners.ParentRunner$2.evaluate(ParentRunner.java:222)
	at org.junit.internal.runners.statements.RunBefores.evaluate(RunBefores.java:28)
	at org.junit.internal.runners.statements.RunAfters.evaluate(RunAfters.java:30)
	at org.junit.runners.ParentRunner.run(ParentRunner.java:300)
	at org.junit.runners.Suite.runChild(Suite.java:128)
	at org.junit.runners.Suite.runChild(Suite.java:24)
	at org.junit.runners.ParentRunner$3.run(ParentRunner.java:231)
	at org.junit.runners.ParentRunner$1.schedule(ParentRunner.java:60)
	at org.junit.runners.ParentRunner.runChildren(ParentRunner.java:229)
	at org.junit.runners.ParentRunner.access$000(ParentRunner.java:50)
	at org.junit.runners.ParentRunner$2.evaluate(ParentRunner.java:222)
	at org.junit.runners.ParentRunner.run(ParentRunner.java:300)
	at org.junit.runner.JUnitCore.run(JUnitCore.java:157)
	at org.junit.runner.JUnitCore.run(JUnitCore.java:136)
	at edu.illinois.cs.testrunner.execution.JUnitTestExecutor.execute(JUnitTestExecutor.java:259)
	at edu.illinois.cs.testrunner.execution.JUnitTestExecutor.executeWithJUnit4Runner(JUnitTestExecutor.java:327)
	at edu.illinois.cs.testrunner.execution.JUnitTestExecutor.runOrder(JUnitTestExecutor.java:49)
	at edu.illinois.cs.testrunner.execution.Executor$.$anonfun$run$1(Executor.scala:30)
	at scala.runtime.java8.JFunction0$mcV$sp.apply(JFunction0$mcV$sp.java:12)
	at scala.util.Try$.apply(Try.scala:209)
	at edu.illinois.cs.testrunner.execution.Executor$.run(Executor.scala:28)
	at edu.illinois.cs.testrunner.execution.Executor$.main(Executor.scala:18)
	at edu.illinois.cs.testrunner.execution.Executor.main(Executor.scala)
24/04/26 02:21:17 DEBUG druid.DruidParser: Parsing SQL Insert into User(ID,NAME2) values(1,'binlijin'),(2,'lars');
24/04/26 02:21:17 DEBUG druid.DruidDMLParser: INSERT SQL TableSource User
24/04/26 02:21:17 DEBUG druid.DruidDMLParser: From table User
24/04/26 02:21:17 DEBUG druid.DruidDMLParser:  SQLInsertItem ID
24/04/26 02:21:17 DEBUG druid.DruidDMLParser:  SQLInsertItem NAME2
24/04/26 02:21:17 DEBUG druid.DruidDMLParser: INSERT SQL Insert columns [ID, NAME2]
24/04/26 02:21:17 ERROR druid.DruidParserTestUtil: execute
com.alibaba.wasp.plan.parser.UnsupportedException: User does not have column 'ID'!
	at com.alibaba.wasp.plan.parser.druid.FMetaEventOperation.checkAndGetFields(FMetaEventOperation.java:114)
	at com.alibaba.wasp.plan.parser.druid.DruidDMLParser.getInsertPlan(DruidDMLParser.java:136)
	at com.alibaba.wasp.plan.parser.druid.DruidDMLParser.generatePlan(DruidDMLParser.java:105)
	at com.alibaba.wasp.plan.parser.druid.DruidParserTestUtil.execute(DruidParserTestUtil.java:104)
	at com.alibaba.wasp.plan.parser.druid.TestDruidDMLFailParser.getInsertFailedPlan(TestDruidDMLFailParser.java:97)
	at sun.reflect.NativeMethodAccessorImpl.invoke0(Native Method)
	at sun.reflect.NativeMethodAccessorImpl.invoke(NativeMethodAccessorImpl.java:62)
	at sun.reflect.DelegatingMethodAccessorImpl.invoke(DelegatingMethodAccessorImpl.java:43)
	at java.lang.reflect.Method.invoke(Method.java:498)
	at org.junit.runners.model.FrameworkMethod$1.runReflectiveCall(FrameworkMethod.java:45)
	at org.junit.internal.runners.model.ReflectiveCallable.run(ReflectiveCallable.java:15)
	at org.junit.runners.model.FrameworkMethod.invokeExplosively(FrameworkMethod.java:42)
	at org.junit.internal.runners.statements.InvokeMethod.evaluate(InvokeMethod.java:20)
	at org.junit.internal.runners.statements.RunBefores.evaluate(RunBefores.java:28)
	at org.junit.internal.runners.statements.RunAfters.evaluate(RunAfters.java:30)
	at org.junit.runners.ParentRunner.runLeaf(ParentRunner.java:263)
	at org.junit.runners.BlockJUnit4ClassRunner.runChild(BlockJUnit4ClassRunner.java:68)
	at org.junit.runners.BlockJUnit4ClassRunner.runChild(BlockJUnit4ClassRunner.java:47)
	at org.junit.runners.ParentRunner$3.run(ParentRunner.java:231)
	at org.junit.runners.ParentRunner$1.schedule(ParentRunner.java:60)
	at org.junit.runners.ParentRunner.runChildren(ParentRunner.java:229)
	at org.junit.runners.ParentRunner.access$000(ParentRunner.java:50)
	at org.junit.runners.ParentRunner$2.evaluate(ParentRunner.java:222)
	at org.junit.internal.runners.statements.RunBefores.evaluate(RunBefores.java:28)
	at org.junit.internal.runners.statements.RunAfters.evaluate(RunAfters.java:30)
	at org.junit.runners.ParentRunner.run(ParentRunner.java:300)
	at org.junit.runners.Suite.runChild(Suite.java:128)
	at org.junit.runners.Suite.runChild(Suite.java:24)
	at org.junit.runners.ParentRunner$3.run(ParentRunner.java:231)
	at org.junit.runners.ParentRunner$1.schedule(ParentRunner.java:60)
	at org.junit.runners.ParentRunner.runChildren(ParentRunner.java:229)
	at org.junit.runners.ParentRunner.access$000(ParentRunner.java:50)
	at org.junit.runners.ParentRunner$2.evaluate(ParentRunner.java:222)
	at org.junit.runners.ParentRunner.run(ParentRunner.java:300)
	at org.junit.runner.JUnitCore.run(JUnitCore.java:157)
	at org.junit.runner.JUnitCore.run(JUnitCore.java:136)
	at edu.illinois.cs.testrunner.execution.JUnitTestExecutor.execute(JUnitTestExecutor.java:259)
	at edu.illinois.cs.testrunner.execution.JUnitTestExecutor.executeWithJUnit4Runner(JUnitTestExecutor.java:327)
	at edu.illinois.cs.testrunner.execution.JUnitTestExecutor.runOrder(JUnitTestExecutor.java:49)
	at edu.illinois.cs.testrunner.execution.Executor$.$anonfun$run$1(Executor.scala:30)
	at scala.runtime.java8.JFunction0$mcV$sp.apply(JFunction0$mcV$sp.java:12)
	at scala.util.Try$.apply(Try.scala:209)
	at edu.illinois.cs.testrunner.execution.Executor$.run(Executor.scala:28)
	at edu.illinois.cs.testrunner.execution.Executor$.main(Executor.scala:18)
	at edu.illinois.cs.testrunner.execution.Executor.main(Executor.scala)
24/04/26 02:21:17 DEBUG druid.DruidParser: Parsing SQL Insert into Photo(photo_id,time) values(1, 10000),(2,20000);
24/04/26 02:21:17 DEBUG druid.DruidDMLParser: INSERT SQL TableSource Photo
24/04/26 02:21:17 DEBUG druid.DruidDMLParser: From table Photo
24/04/26 02:21:17 DEBUG druid.DruidDMLParser:  SQLInsertItem photo_id
24/04/26 02:21:17 DEBUG druid.DruidDMLParser:  SQLInsertItem time
24/04/26 02:21:17 DEBUG druid.DruidDMLParser: INSERT SQL Insert columns [photo_id, time]
24/04/26 02:21:17 ERROR druid.DruidParserTestUtil: execute
com.alibaba.wasp.plan.parser.UnsupportedException: PrimaryKeys have 2 Fields, but only find 1 Fields
	at com.alibaba.wasp.plan.parser.druid.FMetaEventOperation.checkRequiredFields(FMetaEventOperation.java:378)
	at com.alibaba.wasp.plan.parser.druid.DruidDMLParser.getInsertPlan(DruidDMLParser.java:137)
	at com.alibaba.wasp.plan.parser.druid.DruidDMLParser.generatePlan(DruidDMLParser.java:105)
	at com.alibaba.wasp.plan.parser.druid.DruidParserTestUtil.execute(DruidParserTestUtil.java:104)
	at com.alibaba.wasp.plan.parser.druid.TestDruidDMLFailParser.getInsertFailedPlan(TestDruidDMLFailParser.java:97)
	at sun.reflect.NativeMethodAccessorImpl.invoke0(Native Method)
	at sun.reflect.NativeMethodAccessorImpl.invoke(NativeMethodAccessorImpl.java:62)
	at sun.reflect.DelegatingMethodAccessorImpl.invoke(DelegatingMethodAccessorImpl.java:43)
	at java.lang.reflect.Method.invoke(Method.java:498)
	at org.junit.runners.model.FrameworkMethod$1.runReflectiveCall(FrameworkMethod.java:45)
	at org.junit.internal.runners.model.ReflectiveCallable.run(ReflectiveCallable.java:15)
	at org.junit.runners.model.FrameworkMethod.invokeExplosively(FrameworkMethod.java:42)
	at org.junit.internal.runners.statements.InvokeMethod.evaluate(InvokeMethod.java:20)
	at org.junit.internal.runners.statements.RunBefores.evaluate(RunBefores.java:28)
	at org.junit.internal.runners.statements.RunAfters.evaluate(RunAfters.java:30)
	at org.junit.runners.ParentRunner.runLeaf(ParentRunner.java:263)
	at org.junit.runners.BlockJUnit4ClassRunner.runChild(BlockJUnit4ClassRunner.java:68)
	at org.junit.runners.BlockJUnit4ClassRunner.runChild(BlockJUnit4ClassRunner.java:47)
	at org.junit.runners.ParentRunner$3.run(ParentRunner.java:231)
	at org.junit.runners.ParentRunner$1.schedule(ParentRunner.java:60)
	at org.junit.runners.ParentRunner.runChildren(ParentRunner.java:229)
	at org.junit.runners.ParentRunner.access$000(ParentRunner.java:50)
	at org.junit.runners.ParentRunner$2.evaluate(ParentRunner.java:222)
	at org.junit.internal.runners.statements.RunBefores.evaluate(RunBefores.java:28)
	at org.junit.internal.runners.statements.RunAfters.evaluate(RunAfters.java:30)
	at org.junit.runners.ParentRunner.run(ParentRunner.java:300)
	at org.junit.runners.Suite.runChild(Suite.java:128)
	at org.junit.runners.Suite.runChild(Suite.java:24)
	at org.junit.runners.ParentRunner$3.run(ParentRunner.java:231)
	at org.junit.runners.ParentRunner$1.schedule(ParentRunner.java:60)
	at org.junit.runners.ParentRunner.runChildren(ParentRunner.java:229)
	at org.junit.runners.ParentRunner.access$000(ParentRunner.java:50)
	at org.junit.runners.ParentRunner$2.evaluate(ParentRunner.java:222)
	at org.junit.runners.ParentRunner.run(ParentRunner.java:300)
	at org.junit.runner.JUnitCore.run(JUnitCore.java:157)
	at org.junit.runner.JUnitCore.run(JUnitCore.java:136)
	at edu.illinois.cs.testrunner.execution.JUnitTestExecutor.execute(JUnitTestExecutor.java:259)
	at edu.illinois.cs.testrunner.execution.JUnitTestExecutor.executeWithJUnit4Runner(JUnitTestExecutor.java:327)
	at edu.illinois.cs.testrunner.execution.JUnitTestExecutor.runOrder(JUnitTestExecutor.java:49)
	at edu.illinois.cs.testrunner.execution.Executor$.$anonfun$run$1(Executor.scala:30)
	at scala.runtime.java8.JFunction0$mcV$sp.apply(JFunction0$mcV$sp.java:12)
	at scala.util.Try$.apply(Try.scala:209)
	at edu.illinois.cs.testrunner.execution.Executor$.run(Executor.scala:28)
	at edu.illinois.cs.testrunner.execution.Executor$.main(Executor.scala:18)
	at edu.illinois.cs.testrunner.execution.Executor.main(Executor.scala)
24/04/26 02:21:17 DEBUG druid.DruidParser: Parsing SQL Insert into User(user_id,name,value) values(1,'binlijin',1.,'aa');
24/04/26 02:21:17 DEBUG druid.DruidDMLParser: INSERT SQL TableSource User
24/04/26 02:21:17 DEBUG druid.DruidDMLParser: From table User
24/04/26 02:21:17 DEBUG druid.DruidDMLParser:  SQLInsertItem user_id
24/04/26 02:21:17 DEBUG druid.DruidDMLParser:  SQLInsertItem name
24/04/26 02:21:17 DEBUG druid.DruidDMLParser:  SQLInsertItem value
24/04/26 02:21:17 DEBUG druid.DruidDMLParser: INSERT SQL Insert columns [user_id, name, value]
24/04/26 02:21:17 DEBUG druid.DruidDMLParser: INSERT SQL Insert Values List [ VALUES (1, 'binlijin', 1, 'aa')]
24/04/26 02:21:17 ERROR druid.DruidParserTestUtil: execute
java.io.IOException: Insert clause 3 columns  not match 4 values 
	at com.alibaba.wasp.plan.parser.druid.DruidDMLParser.buildFieldsPair(DruidDMLParser.java:334)
	at com.alibaba.wasp.plan.parser.druid.DruidDMLParser.genInsertAction(DruidDMLParser.java:180)
	at com.alibaba.wasp.plan.parser.druid.DruidDMLParser.getInsertPlan(DruidDMLParser.java:152)
	at com.alibaba.wasp.plan.parser.druid.DruidDMLParser.generatePlan(DruidDMLParser.java:105)
	at com.alibaba.wasp.plan.parser.druid.DruidParserTestUtil.execute(DruidParserTestUtil.java:104)
	at com.alibaba.wasp.plan.parser.druid.TestDruidDMLFailParser.getInsertFailedPlan(TestDruidDMLFailParser.java:97)
	at sun.reflect.NativeMethodAccessorImpl.invoke0(Native Method)
	at sun.reflect.NativeMethodAccessorImpl.invoke(NativeMethodAccessorImpl.java:62)
	at sun.reflect.DelegatingMethodAccessorImpl.invoke(DelegatingMethodAccessorImpl.java:43)
	at java.lang.reflect.Method.invoke(Method.java:498)
	at org.junit.runners.model.FrameworkMethod$1.runReflectiveCall(FrameworkMethod.java:45)
	at org.junit.internal.runners.model.ReflectiveCallable.run(ReflectiveCallable.java:15)
	at org.junit.runners.model.FrameworkMethod.invokeExplosively(FrameworkMethod.java:42)
	at org.junit.internal.runners.statements.InvokeMethod.evaluate(InvokeMethod.java:20)
	at org.junit.internal.runners.statements.RunBefores.evaluate(RunBefores.java:28)
	at org.junit.internal.runners.statements.RunAfters.evaluate(RunAfters.java:30)
	at org.junit.runners.ParentRunner.runLeaf(ParentRunner.java:263)
	at org.junit.runners.BlockJUnit4ClassRunner.runChild(BlockJUnit4ClassRunner.java:68)
	at org.junit.runners.BlockJUnit4ClassRunner.runChild(BlockJUnit4ClassRunner.java:47)
	at org.junit.runners.ParentRunner$3.run(ParentRunner.java:231)
	at org.junit.runners.ParentRunner$1.schedule(ParentRunner.java:60)
	at org.junit.runners.ParentRunner.runChildren(ParentRunner.java:229)
	at org.junit.runners.ParentRunner.access$000(ParentRunner.java:50)
	at org.junit.runners.ParentRunner$2.evaluate(ParentRunner.java:222)
	at org.junit.internal.runners.statements.RunBefores.evaluate(RunBefores.java:28)
	at org.junit.internal.runners.statements.RunAfters.evaluate(RunAfters.java:30)
	at org.junit.runners.ParentRunner.run(ParentRunner.java:300)
	at org.junit.runners.Suite.runChild(Suite.java:128)
	at org.junit.runners.Suite.runChild(Suite.java:24)
	at org.junit.runners.ParentRunner$3.run(ParentRunner.java:231)
	at org.junit.runners.ParentRunner$1.schedule(ParentRunner.java:60)
	at org.junit.runners.ParentRunner.runChildren(ParentRunner.java:229)
	at org.junit.runners.ParentRunner.access$000(ParentRunner.java:50)
	at org.junit.runners.ParentRunner$2.evaluate(ParentRunner.java:222)
	at org.junit.runners.ParentRunner.run(ParentRunner.java:300)
	at org.junit.runner.JUnitCore.run(JUnitCore.java:157)
	at org.junit.runner.JUnitCore.run(JUnitCore.java:136)
	at edu.illinois.cs.testrunner.execution.JUnitTestExecutor.execute(JUnitTestExecutor.java:259)
	at edu.illinois.cs.testrunner.execution.JUnitTestExecutor.executeWithJUnit4Runner(JUnitTestExecutor.java:327)
	at edu.illinois.cs.testrunner.execution.JUnitTestExecutor.runOrder(JUnitTestExecutor.java:49)
	at edu.illinois.cs.testrunner.execution.Executor$.$anonfun$run$1(Executor.scala:30)
	at scala.runtime.java8.JFunction0$mcV$sp.apply(JFunction0$mcV$sp.java:12)
	at scala.util.Try$.apply(Try.scala:209)
	at edu.illinois.cs.testrunner.execution.Executor$.run(Executor.scala:28)
	at edu.illinois.cs.testrunner.execution.Executor$.main(Executor.scala:18)
	at edu.illinois.cs.testrunner.execution.Executor.main(Executor.scala)
24/04/26 02:21:17 DEBUG druid.DruidParser: Parsing SQL Insert into User(user_id,name,value) values(1,'binlijin');
24/04/26 02:21:17 DEBUG druid.DruidDMLParser: INSERT SQL TableSource User
24/04/26 02:21:17 DEBUG druid.DruidDMLParser: From table User
24/04/26 02:21:17 DEBUG druid.DruidDMLParser:  SQLInsertItem user_id
24/04/26 02:21:17 DEBUG druid.DruidDMLParser:  SQLInsertItem name
24/04/26 02:21:17 DEBUG druid.DruidDMLParser:  SQLInsertItem value
24/04/26 02:21:17 DEBUG druid.DruidDMLParser: INSERT SQL Insert columns [user_id, name, value]
24/04/26 02:21:17 DEBUG druid.DruidDMLParser: INSERT SQL Insert Values List [ VALUES (1, 'binlijin')]
24/04/26 02:21:17 ERROR druid.DruidParserTestUtil: execute
java.io.IOException: Insert clause 3 columns  not match 2 values 
	at com.alibaba.wasp.plan.parser.druid.DruidDMLParser.buildFieldsPair(DruidDMLParser.java:334)
	at com.alibaba.wasp.plan.parser.druid.DruidDMLParser.genInsertAction(DruidDMLParser.java:180)
	at com.alibaba.wasp.plan.parser.druid.DruidDMLParser.getInsertPlan(DruidDMLParser.java:152)
	at com.alibaba.wasp.plan.parser.druid.DruidDMLParser.generatePlan(DruidDMLParser.java:105)
	at com.alibaba.wasp.plan.parser.druid.DruidParserTestUtil.execute(DruidParserTestUtil.java:104)
	at com.alibaba.wasp.plan.parser.druid.TestDruidDMLFailParser.getInsertFailedPlan(TestDruidDMLFailParser.java:97)
	at sun.reflect.NativeMethodAccessorImpl.invoke0(Native Method)
	at sun.reflect.NativeMethodAccessorImpl.invoke(NativeMethodAccessorImpl.java:62)
	at sun.reflect.DelegatingMethodAccessorImpl.invoke(DelegatingMethodAccessorImpl.java:43)
	at java.lang.reflect.Method.invoke(Method.java:498)
	at org.junit.runners.model.FrameworkMethod$1.runReflectiveCall(FrameworkMethod.java:45)
	at org.junit.internal.runners.model.ReflectiveCallable.run(ReflectiveCallable.java:15)
	at org.junit.runners.model.FrameworkMethod.invokeExplosively(FrameworkMethod.java:42)
	at org.junit.internal.runners.statements.InvokeMethod.evaluate(InvokeMethod.java:20)
	at org.junit.internal.runners.statements.RunBefores.evaluate(RunBefores.java:28)
	at org.junit.internal.runners.statements.RunAfters.evaluate(RunAfters.java:30)
	at org.junit.runners.ParentRunner.runLeaf(ParentRunner.java:263)
	at org.junit.runners.BlockJUnit4ClassRunner.runChild(BlockJUnit4ClassRunner.java:68)
	at org.junit.runners.BlockJUnit4ClassRunner.runChild(BlockJUnit4ClassRunner.java:47)
	at org.junit.runners.ParentRunner$3.run(ParentRunner.java:231)
	at org.junit.runners.ParentRunner$1.schedule(ParentRunner.java:60)
	at org.junit.runners.ParentRunner.runChildren(ParentRunner.java:229)
	at org.junit.runners.ParentRunner.access$000(ParentRunner.java:50)
	at org.junit.runners.ParentRunner$2.evaluate(ParentRunner.java:222)
	at org.junit.internal.runners.statements.RunBefores.evaluate(RunBefores.java:28)
	at org.junit.internal.runners.statements.RunAfters.evaluate(RunAfters.java:30)
	at org.junit.runners.ParentRunner.run(ParentRunner.java:300)
	at org.junit.runners.Suite.runChild(Suite.java:128)
	at org.junit.runners.Suite.runChild(Suite.java:24)
	at org.junit.runners.ParentRunner$3.run(ParentRunner.java:231)
	at org.junit.runners.ParentRunner$1.schedule(ParentRunner.java:60)
	at org.junit.runners.ParentRunner.runChildren(ParentRunner.java:229)
	at org.junit.runners.ParentRunner.access$000(ParentRunner.java:50)
	at org.junit.runners.ParentRunner$2.evaluate(ParentRunner.java:222)
	at org.junit.runners.ParentRunner.run(ParentRunner.java:300)
	at org.junit.runner.JUnitCore.run(JUnitCore.java:157)
	at org.junit.runner.JUnitCore.run(JUnitCore.java:136)
	at edu.illinois.cs.testrunner.execution.JUnitTestExecutor.execute(JUnitTestExecutor.java:259)
	at edu.illinois.cs.testrunner.execution.JUnitTestExecutor.executeWithJUnit4Runner(JUnitTestExecutor.java:327)
	at edu.illinois.cs.testrunner.execution.JUnitTestExecutor.runOrder(JUnitTestExecutor.java:49)
	at edu.illinois.cs.testrunner.execution.Executor$.$anonfun$run$1(Executor.scala:30)
	at scala.runtime.java8.JFunction0$mcV$sp.apply(JFunction0$mcV$sp.java:12)
	at scala.util.Try$.apply(Try.scala:209)
	at edu.illinois.cs.testrunner.execution.Executor$.run(Executor.scala:28)
	at edu.illinois.cs.testrunner.execution.Executor$.main(Executor.scala:18)
	at edu.illinois.cs.testrunner.execution.Executor.main(Executor.scala)
24/04/26 02:21:17 DEBUG fserver.MetricsEntityGroupSourceImpl: Creating new MetricsEntityGroupSourceImpl for table null TEST
24/04/26 02:21:17 DEBUG fserver.MetricsEntityGroupSourceImpl: Creating new MetricsEntityGroupSourceImpl for table null TEST
24/04/26 02:21:17 DEBUG fserver.MetricsEntityGroupSourceImpl: Creating new MetricsEntityGroupSourceImpl for table null TWO
Starting DataNode 0 with dfs.data.dir: /home/alex/Repositories/wasp/target/test-data/cec19853-ccc6-4a7a-b896-cda48e339384/dfscluster_4e260389-a151-4269-b42c-c1d7af74b5fa/dfs/data/data1,/home/alex/Repositories/wasp/target/test-data/cec19853-ccc6-4a7a-b896-cda48e339384/dfscluster_4e260389-a151-4269-b42c-c1d7af74b5fa/dfs/data/data2
24/04/26 02:21:17 ERROR datanode.DataNode: All directories in dfs.data.dir are invalid.
java.lang.NullPointerException
	at org.apache.hadoop.hdfs.MiniDFSCluster.startDataNodes(MiniDFSCluster.java:422)
	at org.apache.hadoop.hdfs.MiniDFSCluster.<init>(MiniDFSCluster.java:280)
	at org.apache.hadoop.hbase.HBaseTestingUtility.startMiniDFSCluster(HBaseTestingUtility.java:451)
	at org.apache.hadoop.hbase.HBaseTestingUtility.startMiniCluster(HBaseTestingUtility.java:619)
	at org.apache.hadoop.hbase.HBaseTestingUtility.startMiniCluster(HBaseTestingUtility.java:575)
	at org.apache.hadoop.hbase.HBaseTestingUtility.startMiniCluster(HBaseTestingUtility.java:562)
	at com.alibaba.wasp.meta.TestFMetaStore.setUpBeforeClass(TestFMetaStore.java:73)
	at sun.reflect.NativeMethodAccessorImpl.invoke0(Native Method)
	at sun.reflect.NativeMethodAccessorImpl.invoke(NativeMethodAccessorImpl.java:62)
	at sun.reflect.DelegatingMethodAccessorImpl.invoke(DelegatingMethodAccessorImpl.java:43)
	at java.lang.reflect.Method.invoke(Method.java:498)
	at org.junit.runners.model.FrameworkMethod$1.runReflectiveCall(FrameworkMethod.java:45)
	at org.junit.internal.runners.model.ReflectiveCallable.run(ReflectiveCallable.java:15)
	at org.junit.runners.model.FrameworkMethod.invokeExplosively(FrameworkMethod.java:42)
	at org.junit.internal.runners.statements.RunBefores.evaluate(RunBefores.java:27)
	at org.junit.internal.runners.statements.RunAfters.evaluate(RunAfters.java:30)
	at org.junit.runners.ParentRunner.run(ParentRunner.java:300)
	at org.junit.runners.Suite.runChild(Suite.java:128)
	at org.junit.runners.Suite.runChild(Suite.java:24)
	at org.junit.runners.ParentRunner$3.run(ParentRunner.java:231)
	at org.junit.runners.ParentRunner$1.schedule(ParentRunner.java:60)
	at org.junit.runners.ParentRunner.runChildren(ParentRunner.java:229)
	at org.junit.runners.ParentRunner.access$000(ParentRunner.java:50)
	at org.junit.runners.ParentRunner$2.evaluate(ParentRunner.java:222)
	at org.junit.runners.ParentRunner.run(ParentRunner.java:300)
	at org.junit.runner.JUnitCore.run(JUnitCore.java:157)
	at org.junit.runner.JUnitCore.run(JUnitCore.java:136)
	at edu.illinois.cs.testrunner.execution.JUnitTestExecutor.execute(JUnitTestExecutor.java:259)
	at edu.illinois.cs.testrunner.execution.JUnitTestExecutor.executeWithJUnit4Runner(JUnitTestExecutor.java:327)
	at edu.illinois.cs.testrunner.execution.JUnitTestExecutor.runOrder(JUnitTestExecutor.java:49)
	at edu.illinois.cs.testrunner.execution.Executor$.$anonfun$run$1(Executor.scala:30)
	at scala.runtime.java8.JFunction0$mcV$sp.apply(JFunction0$mcV$sp.java:12)
	at scala.util.Try$.apply(Try.scala:209)
	at edu.illinois.cs.testrunner.execution.Executor$.run(Executor.scala:28)
	at edu.illinois.cs.testrunner.execution.Executor$.main(Executor.scala:18)
	at edu.illinois.cs.testrunner.execution.Executor.main(Executor.scala)
24/04/26 02:21:17 INFO balancer.TestDefaultLoadBalancer: Mock Cluster : { srv24279:0 } [srvr=1 rgns=0 avg=0.0 max=0 min=0]
24/04/26 02:21:17 INFO balancer.DefaultLoadBalancer: Skipping load balancing because balanced cluster; servers=1 entityGroups=0 average=0.0 mostloaded=0 leastloaded=0
24/04/26 02:21:17 INFO balancer.TestDefaultLoadBalancer: Mock Balance : {  }
24/04/26 02:21:17 INFO balancer.TestDefaultLoadBalancer: Mock Cluster : { srv24279:1 } [srvr=1 rgns=1 avg=1.0 max=1 min=1]
24/04/26 02:21:17 INFO balancer.DefaultLoadBalancer: Skipping load balancing because balanced cluster; servers=1 entityGroups=1 average=1.0 mostloaded=1 leastloaded=1
24/04/26 02:21:17 INFO balancer.TestDefaultLoadBalancer: Mock Balance : {  }
24/04/26 02:21:17 INFO balancer.TestDefaultLoadBalancer: Mock Cluster : { srv24279:10 } [srvr=1 rgns=10 avg=10.0 max=10 min=10]
24/04/26 02:21:17 INFO balancer.DefaultLoadBalancer: Skipping load balancing because balanced cluster; servers=1 entityGroups=10 average=10.0 mostloaded=10 leastloaded=10
24/04/26 02:21:17 INFO balancer.TestDefaultLoadBalancer: Mock Balance : {  }
24/04/26 02:21:17 INFO balancer.TestDefaultLoadBalancer: Mock Cluster : { srv24279:0 , srv90805:0 } [srvr=2 rgns=0 avg=0.0 max=0 min=0]
24/04/26 02:21:17 INFO balancer.DefaultLoadBalancer: Skipping load balancing because balanced cluster; servers=2 entityGroups=0 average=0.0 mostloaded=0 leastloaded=0
24/04/26 02:21:17 INFO balancer.TestDefaultLoadBalancer: Mock Balance : {  }
24/04/26 02:21:17 INFO balancer.TestDefaultLoadBalancer: Mock Cluster : { srv90805:0 , srv24279:2 } [srvr=2 rgns=2 avg=1.0 max=1 min=1]
24/04/26 02:21:17 DEBUG balancer.DefaultLoadBalancer: Balance parameter: numEntityGroups=2, numServers=2, max=1, min=1
24/04/26 02:21:17 INFO balancer.DefaultLoadBalancer: Calculated a load balance in 5ms. Moving 1 entityGroups off of 1 overloaded servers onto 1 less loaded servers
24/04/26 02:21:17 INFO balancer.TestDefaultLoadBalancer: Mock Balance : { srv24279:1 , srv90805:1 }
24/04/26 02:21:17 INFO balancer.TestDefaultLoadBalancer: Mock Cluster : { srv90805:1 , srv24279:2 } [srvr=2 rgns=3 avg=1.5 max=2 min=1]
24/04/26 02:21:17 INFO balancer.DefaultLoadBalancer: Skipping load balancing because balanced cluster; servers=2 entityGroups=3 average=1.5 mostloaded=2 leastloaded=1
24/04/26 02:21:17 INFO balancer.TestDefaultLoadBalancer: Mock Balance : {  }
24/04/26 02:21:17 INFO balancer.TestDefaultLoadBalancer: Mock Cluster : { srv24279:2 , srv90805:2 } [srvr=2 rgns=4 avg=2.0 max=2 min=2]
24/04/26 02:21:17 INFO balancer.DefaultLoadBalancer: Skipping load balancing because balanced cluster; servers=2 entityGroups=4 average=2.0 mostloaded=2 leastloaded=2
24/04/26 02:21:17 INFO balancer.TestDefaultLoadBalancer: Mock Balance : {  }
24/04/26 02:21:17 INFO balancer.TestDefaultLoadBalancer: Mock Cluster : { srv24279:2 , srv90805:3 } [srvr=2 rgns=5 avg=2.5 max=3 min=2]
24/04/26 02:21:17 INFO balancer.DefaultLoadBalancer: Skipping load balancing because balanced cluster; servers=2 entityGroups=5 average=2.5 mostloaded=3 leastloaded=2
24/04/26 02:21:17 INFO balancer.TestDefaultLoadBalancer: Mock Balance : {  }
24/04/26 02:21:17 INFO balancer.TestDefaultLoadBalancer: Mock Cluster : { srv24279:2 , srv90805:4 } [srvr=2 rgns=6 avg=3.0 max=3 min=3]
24/04/26 02:21:17 DEBUG balancer.DefaultLoadBalancer: Balance parameter: numEntityGroups=6, numServers=2, max=3, min=3
24/04/26 02:21:17 INFO balancer.DefaultLoadBalancer: Calculated a load balance in 0ms. Moving 1 entityGroups off of 1 overloaded servers onto 1 less loaded servers
24/04/26 02:21:17 INFO balancer.TestDefaultLoadBalancer: Mock Balance : { srv24279:3 , srv90805:3 }
24/04/26 02:21:17 INFO balancer.TestDefaultLoadBalancer: Mock Cluster : { srv24279:1 , srv90805:1 } [srvr=2 rgns=2 avg=1.0 max=1 min=1]
24/04/26 02:21:17 INFO balancer.DefaultLoadBalancer: Skipping load balancing because balanced cluster; servers=2 entityGroups=2 average=1.0 mostloaded=1 leastloaded=1
24/04/26 02:21:17 INFO balancer.TestDefaultLoadBalancer: Mock Balance : {  }
24/04/26 02:21:17 INFO balancer.TestDefaultLoadBalancer: Mock Cluster : { srv24279:0 , srv90805:1 } [srvr=2 rgns=1 avg=0.5 max=1 min=0]
24/04/26 02:21:17 INFO balancer.DefaultLoadBalancer: Skipping load balancing because balanced cluster; servers=2 entityGroups=1 average=0.5 mostloaded=1 leastloaded=0
24/04/26 02:21:17 INFO balancer.TestDefaultLoadBalancer: Mock Balance : {  }
24/04/26 02:21:17 INFO balancer.TestDefaultLoadBalancer: Mock Cluster : { srv90805:1 , srv24279:10 } [srvr=2 rgns=11 avg=5.5 max=6 min=5]
24/04/26 02:21:17 DEBUG balancer.DefaultLoadBalancer: Balance parameter: numEntityGroups=11, numServers=2, max=6, min=5
24/04/26 02:21:17 INFO balancer.DefaultLoadBalancer: Calculated a load balance in 0ms. Moving 4 entityGroups off of 1 overloaded servers onto 1 less loaded servers
24/04/26 02:21:17 INFO balancer.TestDefaultLoadBalancer: Mock Balance : { srv90805:5 , srv24279:6 }
24/04/26 02:21:17 INFO balancer.TestDefaultLoadBalancer: Mock Cluster : { srv24279:14 , srv90805:1432 } [srvr=2 rgns=1446 avg=723.0 max=723 min=723]
24/04/26 02:21:17 DEBUG balancer.DefaultLoadBalancer: Balance parameter: numEntityGroups=1446, numServers=2, max=723, min=723
24/04/26 02:21:17 INFO balancer.DefaultLoadBalancer: Calculated a load balance in 7ms. Moving 709 entityGroups off of 1 overloaded servers onto 1 less loaded servers
24/04/26 02:21:17 INFO balancer.TestDefaultLoadBalancer: Mock Balance : { srv24279:723 , srv90805:723 }
24/04/26 02:21:17 INFO balancer.TestDefaultLoadBalancer: Mock Cluster : { srv24279:47 , srv90805:53 } [srvr=2 rgns=100 avg=50.0 max=50 min=50]
24/04/26 02:21:17 DEBUG balancer.DefaultLoadBalancer: Balance parameter: numEntityGroups=100, numServers=2, max=50, min=50
24/04/26 02:21:17 INFO balancer.DefaultLoadBalancer: Calculated a load balance in 1ms. Moving 3 entityGroups off of 1 overloaded servers onto 1 less loaded servers
24/04/26 02:21:17 INFO balancer.TestDefaultLoadBalancer: Mock Balance : { srv24279:50 , srv90805:50 }
24/04/26 02:21:17 INFO balancer.TestDefaultLoadBalancer: Mock Cluster : { srv24279:0 , srv90805:1 , srv59093:2 } [srvr=3 rgns=3 avg=1.0 max=1 min=1]
24/04/26 02:21:17 DEBUG balancer.DefaultLoadBalancer: Balance parameter: numEntityGroups=3, numServers=3, max=1, min=1
24/04/26 02:21:17 INFO balancer.DefaultLoadBalancer: Calculated a load balance in 0ms. Moving 1 entityGroups off of 1 overloaded servers onto 1 less loaded servers
24/04/26 02:21:17 INFO balancer.TestDefaultLoadBalancer: Mock Balance : { srv24279:1 , srv59093:1 , srv90805:1 }
24/04/26 02:21:17 INFO balancer.TestDefaultLoadBalancer: Mock Cluster : { srv24279:1 , srv59093:2 , srv90805:3 } [srvr=3 rgns=6 avg=2.0 max=2 min=2]
24/04/26 02:21:17 DEBUG balancer.DefaultLoadBalancer: Balance parameter: numEntityGroups=6, numServers=3, max=2, min=2
24/04/26 02:21:17 INFO balancer.DefaultLoadBalancer: Calculated a load balance in 0ms. Moving 1 entityGroups off of 1 overloaded servers onto 1 less loaded servers
24/04/26 02:21:17 INFO balancer.TestDefaultLoadBalancer: Mock Balance : { srv24279:2 , srv59093:2 , srv90805:2 }
24/04/26 02:21:17 INFO balancer.TestDefaultLoadBalancer: Mock Cluster : { srv24279:0 , srv59093:2 , srv90805:2 } [srvr=3 rgns=4 avg=1.3333334 max=2 min=1]
24/04/26 02:21:17 DEBUG balancer.DefaultLoadBalancer: Balance parameter: numEntityGroups=4, numServers=3, max=2, min=1
24/04/26 02:21:17 INFO balancer.DefaultLoadBalancer: Done. Calculated a load balance in 0ms. Moving 1 entityGroups off of 0 overloaded servers onto 1 less loaded servers
24/04/26 02:21:17 INFO balancer.TestDefaultLoadBalancer: Mock Balance : { srv24279:1 , srv90805:1 , srv59093:2 }
24/04/26 02:21:17 INFO balancer.TestDefaultLoadBalancer: Mock Cluster : { srv24279:0 , srv90805:0 , srv59093:3 } [srvr=3 rgns=3 avg=1.0 max=1 min=1]
24/04/26 02:21:17 DEBUG balancer.DefaultLoadBalancer: Balance parameter: numEntityGroups=3, numServers=3, max=1, min=1
24/04/26 02:21:17 INFO balancer.DefaultLoadBalancer: Calculated a load balance in 1ms. Moving 2 entityGroups off of 1 overloaded servers onto 2 less loaded servers
24/04/26 02:21:17 INFO balancer.TestDefaultLoadBalancer: Mock Balance : { srv24279:1 , srv59093:1 , srv90805:1 }
24/04/26 02:21:17 INFO balancer.TestDefaultLoadBalancer: Mock Cluster : { srv24279:0 , srv90805:0 , srv59093:4 } [srvr=3 rgns=4 avg=1.3333334 max=2 min=1]
24/04/26 02:21:17 DEBUG balancer.DefaultLoadBalancer: Balance parameter: numEntityGroups=4, numServers=3, max=2, min=1
24/04/26 02:21:17 INFO balancer.DefaultLoadBalancer: Calculated a load balance in 0ms. Moving 2 entityGroups off of 1 overloaded servers onto 2 less loaded servers
24/04/26 02:21:17 INFO balancer.TestDefaultLoadBalancer: Mock Balance : { srv24279:1 , srv90805:1 , srv59093:2 }
24/04/26 02:21:17 INFO balancer.TestDefaultLoadBalancer: Mock Cluster : { srv90805:0 , srv24279:20 , srv59093:20 } [srvr=3 rgns=40 avg=13.333333 max=14 min=13]
24/04/26 02:21:17 DEBUG balancer.DefaultLoadBalancer: Balance parameter: numEntityGroups=40, numServers=3, max=14, min=13
24/04/26 02:21:17 INFO balancer.DefaultLoadBalancer: Done. Calculated a load balance in 0ms. Moving 13 entityGroups off of 2 overloaded servers onto 1 less loaded servers
24/04/26 02:21:17 INFO balancer.TestDefaultLoadBalancer: Mock Balance : { srv59093:13 , srv90805:13 , srv24279:14 }
24/04/26 02:21:17 INFO balancer.TestDefaultLoadBalancer: Mock Cluster : { srv24279:0 , srv59093:1 , srv90805:2 , srv86000:3 } [srvr=4 rgns=6 avg=1.5 max=2 min=1]
24/04/26 02:21:17 DEBUG balancer.DefaultLoadBalancer: Balance parameter: numEntityGroups=6, numServers=4, max=2, min=1
24/04/26 02:21:17 INFO balancer.DefaultLoadBalancer: Calculated a load balance in 0ms. Moving 1 entityGroups off of 1 overloaded servers onto 1 less loaded servers
24/04/26 02:21:17 INFO balancer.TestDefaultLoadBalancer: Mock Balance : { srv24279:1 , srv59093:1 , srv86000:2 , srv90805:2 }
24/04/26 02:21:17 INFO balancer.TestDefaultLoadBalancer: Mock Cluster : { srv59093:0 , srv86000:0 , srv90805:0 , srv24279:4 } [srvr=4 rgns=4 avg=1.0 max=1 min=1]
24/04/26 02:21:17 DEBUG balancer.DefaultLoadBalancer: Balance parameter: numEntityGroups=4, numServers=4, max=1, min=1
24/04/26 02:21:17 INFO balancer.DefaultLoadBalancer: Calculated a load balance in 1ms. Moving 3 entityGroups off of 1 overloaded servers onto 3 less loaded servers
24/04/26 02:21:17 INFO balancer.TestDefaultLoadBalancer: Mock Balance : { srv24279:1 , srv59093:1 , srv86000:1 , srv90805:1 }
24/04/26 02:21:17 INFO balancer.TestDefaultLoadBalancer: Mock Cluster : { srv59093:0 , srv86000:0 , srv90805:0 , srv24279:5 } [srvr=4 rgns=5 avg=1.25 max=2 min=1]
24/04/26 02:21:17 DEBUG balancer.DefaultLoadBalancer: Balance parameter: numEntityGroups=5, numServers=4, max=2, min=1
24/04/26 02:21:17 INFO balancer.DefaultLoadBalancer: Calculated a load balance in 0ms. Moving 3 entityGroups off of 1 overloaded servers onto 3 less loaded servers
24/04/26 02:21:17 INFO balancer.TestDefaultLoadBalancer: Mock Balance : { srv59093:1 , srv86000:1 , srv90805:1 , srv24279:2 }
24/04/26 02:21:17 INFO balancer.TestDefaultLoadBalancer: Mock Cluster : { srv86000:0 , srv90805:0 , srv24279:6 , srv59093:6 } [srvr=4 rgns=12 avg=3.0 max=3 min=3]
24/04/26 02:21:17 DEBUG balancer.DefaultLoadBalancer: Balance parameter: numEntityGroups=12, numServers=4, max=3, min=3
24/04/26 02:21:17 INFO balancer.DefaultLoadBalancer: Calculated a load balance in 0ms. Moving 6 entityGroups off of 2 overloaded servers onto 2 less loaded servers
24/04/26 02:21:17 INFO balancer.TestDefaultLoadBalancer: Mock Balance : { srv24279:3 , srv59093:3 , srv86000:3 , srv90805:3 }
24/04/26 02:21:17 INFO balancer.TestDefaultLoadBalancer: Mock Cluster : { srv86000:0 , srv90805:0 , srv59093:2 , srv24279:6 } [srvr=4 rgns=8 avg=2.0 max=2 min=2]
24/04/26 02:21:17 DEBUG balancer.DefaultLoadBalancer: Balance parameter: numEntityGroups=8, numServers=4, max=2, min=2
24/04/26 02:21:17 INFO balancer.DefaultLoadBalancer: Calculated a load balance in 0ms. Moving 4 entityGroups off of 1 overloaded servers onto 2 less loaded servers
24/04/26 02:21:17 INFO balancer.TestDefaultLoadBalancer: Mock Balance : { srv24279:2 , srv59093:2 , srv86000:2 , srv90805:2 }
24/04/26 02:21:17 INFO balancer.TestDefaultLoadBalancer: Mock Cluster : { srv86000:0 , srv90805:0 , srv59093:1 , srv24279:6 } [srvr=4 rgns=7 avg=1.75 max=2 min=1]
24/04/26 02:21:17 DEBUG balancer.DefaultLoadBalancer: Balance parameter: numEntityGroups=7, numServers=4, max=2, min=1
24/04/26 02:21:17 INFO balancer.DefaultLoadBalancer: Done. Calculated a load balance in 1ms. Moving 4 entityGroups off of 1 overloaded servers onto 2 less loaded servers
24/04/26 02:21:17 INFO balancer.TestDefaultLoadBalancer: Mock Balance : { srv59093:1 , srv24279:2 , srv86000:2 , srv90805:2 }
24/04/26 02:21:17 INFO balancer.TestDefaultLoadBalancer: Mock Cluster : { srv59093:0 , srv86000:0 , srv90805:0 , srv24279:6 } [srvr=4 rgns=6 avg=1.5 max=2 min=1]
24/04/26 02:21:17 DEBUG balancer.DefaultLoadBalancer: Balance parameter: numEntityGroups=6, numServers=4, max=2, min=1
24/04/26 02:21:17 INFO balancer.DefaultLoadBalancer: Done. Calculated a load balance in 0ms. Moving 4 entityGroups off of 1 overloaded servers onto 3 less loaded servers
24/04/26 02:21:17 INFO balancer.TestDefaultLoadBalancer: Mock Balance : { srv86000:1 , srv90805:1 , srv24279:2 , srv59093:2 }
24/04/26 02:21:17 INFO balancer.TestDefaultLoadBalancer: Mock Cluster : { srv24279:4 , srv59093:4 , srv86000:4 , srv90805:7 } [srvr=4 rgns=19 avg=4.75 max=5 min=4]
24/04/26 02:21:17 DEBUG balancer.DefaultLoadBalancer: Balance parameter: numEntityGroups=19, numServers=4, max=5, min=4
24/04/26 02:21:17 INFO balancer.DefaultLoadBalancer: Done. Calculated a load balance in 0ms. Moving 2 entityGroups off of 1 overloaded servers onto 0 less loaded servers
24/04/26 02:21:17 INFO balancer.TestDefaultLoadBalancer: Mock Balance : { srv86000:4 , srv24279:5 , srv59093:5 , srv90805:5 }
24/04/26 02:21:17 INFO balancer.TestDefaultLoadBalancer: Mock Cluster : { srv24279:4 , srv59093:4 , srv86000:4 , srv90805:8 } [srvr=4 rgns=20 avg=5.0 max=5 min=5]
24/04/26 02:21:17 DEBUG balancer.DefaultLoadBalancer: Balance parameter: numEntityGroups=20, numServers=4, max=5, min=5
24/04/26 02:21:17 INFO balancer.DefaultLoadBalancer: Calculated a load balance in 0ms. Moving 3 entityGroups off of 1 overloaded servers onto 3 less loaded servers
24/04/26 02:21:17 INFO balancer.TestDefaultLoadBalancer: Mock Balance : { srv24279:5 , srv59093:5 , srv86000:5 , srv90805:5 }
24/04/26 02:21:17 INFO balancer.TestDefaultLoadBalancer: Mock Cluster : { srv24279:0 , srv59093:0 , srv86000:0 , srv90805:7 } [srvr=4 rgns=7 avg=1.75 max=2 min=1]
24/04/26 02:21:17 DEBUG balancer.DefaultLoadBalancer: Balance parameter: numEntityGroups=7, numServers=4, max=2, min=1
24/04/26 02:21:17 INFO balancer.DefaultLoadBalancer: Done. Calculated a load balance in 0ms. Moving 5 entityGroups off of 1 overloaded servers onto 3 less loaded servers
24/04/26 02:21:17 INFO balancer.TestDefaultLoadBalancer: Mock Balance : { srv86000:1 , srv24279:2 , srv59093:2 , srv90805:2 }
24/04/26 02:21:17 INFO balancer.TestDefaultLoadBalancer: Mock Cluster : { srv24279:1 , srv59093:1 , srv86000:1 , srv90805:1 , srv70180:4 } [srvr=5 rgns=8 avg=1.6 max=2 min=1]
24/04/26 02:21:17 DEBUG balancer.DefaultLoadBalancer: Balance parameter: numEntityGroups=8, numServers=5, max=2, min=1
24/04/26 02:21:17 INFO balancer.DefaultLoadBalancer: Done. Calculated a load balance in 0ms. Moving 2 entityGroups off of 1 overloaded servers onto 0 less loaded servers
24/04/26 02:21:17 INFO balancer.TestDefaultLoadBalancer: Mock Balance : { srv86000:1 , srv90805:1 , srv24279:2 , srv59093:2 , srv70180:2 }
24/04/26 02:21:17 INFO balancer.TestDefaultLoadBalancer: Mock Cluster : { srv24279:1 , srv59093:2 , srv70180:3 , srv86000:4 , srv90805:5 , srv20479:6 , srv79251:7 , srv45300:8 , srv66600:9 , srv42347:10 , srv62570:11 , srv98500:12 , srv64710:13 , srv79368:14 , srv31088:15 } [srvr=15 rgns=120 avg=8.0 max=8 min=8]
24/04/26 02:21:17 DEBUG balancer.DefaultLoadBalancer: Balance parameter: numEntityGroups=120, numServers=15, max=8, min=8
24/04/26 02:21:17 INFO balancer.DefaultLoadBalancer: Calculated a load balance in 0ms. Moving 28 entityGroups off of 7 overloaded servers onto 7 less loaded servers
24/04/26 02:21:17 INFO balancer.TestDefaultLoadBalancer: Mock Balance : { srv20479:8 , srv24279:8 , srv31088:8 , srv42347:8 , srv45300:8 , srv59093:8 , srv62570:8 , srv64710:8 , srv66600:8 , srv70180:8 , srv79251:8 , srv79368:8 , srv86000:8 , srv90805:8 , srv98500:8 }
24/04/26 02:21:17 INFO balancer.TestDefaultLoadBalancer: Mock Cluster : { srv20479:0 , srv24279:0 , srv31088:0 , srv42347:0 , srv45300:0 , srv59093:0 , srv62570:0 , srv64710:0 , srv66600:0 , srv70180:10 } [srvr=10 rgns=10 avg=1.0 max=1 min=1]
24/04/26 02:21:17 DEBUG balancer.DefaultLoadBalancer: Balance parameter: numEntityGroups=10, numServers=10, max=1, min=1
24/04/26 02:21:17 INFO balancer.DefaultLoadBalancer: Calculated a load balance in 0ms. Moving 9 entityGroups off of 1 overloaded servers onto 9 less loaded servers
24/04/26 02:21:17 INFO balancer.TestDefaultLoadBalancer: Mock Balance : { srv20479:1 , srv24279:1 , srv31088:1 , srv42347:1 , srv45300:1 , srv59093:1 , srv62570:1 , srv64710:1 , srv66600:1 , srv70180:1 }
24/04/26 02:21:17 INFO balancer.TestDefaultLoadBalancer: Mock Cluster : { srv45300:1 , srv86000:5 , srv20479:6 , srv24279:6 , srv31088:6 , srv42347:6 , srv79251:6 , srv79368:6 , srv90805:6 , srv98500:6 } [srvr=10 rgns=54 avg=5.4 max=6 min=5]
24/04/26 02:21:17 DEBUG balancer.DefaultLoadBalancer: Balance parameter: numEntityGroups=54, numServers=10, max=6, min=5
24/04/26 02:21:17 INFO balancer.DefaultLoadBalancer: Done. Calculated a load balance in 0ms. Moving 4 entityGroups off of 0 overloaded servers onto 1 less loaded servers
24/04/26 02:21:17 INFO balancer.TestDefaultLoadBalancer: Mock Balance : { srv45300:5 , srv79251:5 , srv79368:5 , srv86000:5 , srv90805:5 , srv98500:5 , srv20479:6 , srv24279:6 , srv31088:6 , srv42347:6 }
24/04/26 02:21:17 INFO balancer.TestDefaultLoadBalancer: Mock Cluster : { srv20479:0 , srv24279:0 , srv31088:0 , srv42347:0 , srv59093:0 , srv62570:0 , srv64710:0 , srv66600:0 , srv70180:0 , srv45300:54 } [srvr=10 rgns=54 avg=5.4 max=6 min=5]
24/04/26 02:21:17 DEBUG balancer.DefaultLoadBalancer: Balance parameter: numEntityGroups=54, numServers=10, max=6, min=5
24/04/26 02:21:17 INFO balancer.DefaultLoadBalancer: Done. Calculated a load balance in 0ms. Moving 48 entityGroups off of 1 overloaded servers onto 9 less loaded servers
24/04/26 02:21:17 INFO balancer.TestDefaultLoadBalancer: Mock Balance : { srv42347:5 , srv59093:5 , srv62570:5 , srv64710:5 , srv66600:5 , srv70180:5 , srv20479:6 , srv24279:6 , srv31088:6 , srv45300:6 }
24/04/26 02:21:17 INFO balancer.TestDefaultLoadBalancer: Mock Cluster : { srv20479:0 , srv24279:0 , srv31088:0 , srv42347:0 , srv79251:0 , srv79368:0 , srv86000:0 , srv90805:0 , srv98500:0 , srv45300:55 } [srvr=10 rgns=55 avg=5.5 max=6 min=5]
24/04/26 02:21:17 DEBUG balancer.DefaultLoadBalancer: Balance parameter: numEntityGroups=55, numServers=10, max=6, min=5
24/04/26 02:21:17 INFO balancer.DefaultLoadBalancer: Done. Calculated a load balance in 1ms. Moving 49 entityGroups off of 1 overloaded servers onto 9 less loaded servers
24/04/26 02:21:17 INFO balancer.TestDefaultLoadBalancer: Mock Balance : { srv79251:5 , srv79368:5 , srv86000:5 , srv90805:5 , srv98500:5 , srv20479:6 , srv24279:6 , srv31088:6 , srv42347:6 , srv45300:6 }
24/04/26 02:21:17 INFO balancer.TestDefaultLoadBalancer: Mock Cluster : { srv20479:0 , srv24279:0 , srv31088:0 , srv42347:0 , srv59093:0 , srv62570:0 , srv64710:0 , srv66600:0 , srv70180:0 , srv45300:56 } [srvr=10 rgns=56 avg=5.6 max=6 min=5]
24/04/26 02:21:17 DEBUG balancer.DefaultLoadBalancer: Balance parameter: numEntityGroups=56, numServers=10, max=6, min=5
24/04/26 02:21:17 INFO balancer.DefaultLoadBalancer: Done. Calculated a load balance in 0ms. Moving 50 entityGroups off of 1 overloaded servers onto 9 less loaded servers
24/04/26 02:21:17 INFO balancer.TestDefaultLoadBalancer: Mock Balance : { srv62570:5 , srv64710:5 , srv66600:5 , srv70180:5 , srv20479:6 , srv24279:6 , srv31088:6 , srv42347:6 , srv45300:6 , srv59093:6 }
24/04/26 02:21:17 INFO balancer.TestDefaultLoadBalancer: Mock Cluster : { srv20479:0 , srv24279:0 , srv31088:0 , srv42347:0 , srv79251:0 , srv79368:0 , srv86000:0 , srv90805:0 , srv98500:0 , srv45300:16 } [srvr=10 rgns=16 avg=1.6 max=2 min=1]
24/04/26 02:21:17 DEBUG balancer.DefaultLoadBalancer: Balance parameter: numEntityGroups=16, numServers=10, max=2, min=1
24/04/26 02:21:17 INFO balancer.DefaultLoadBalancer: Done. Calculated a load balance in 0ms. Moving 14 entityGroups off of 1 overloaded servers onto 9 less loaded servers
24/04/26 02:21:17 INFO balancer.TestDefaultLoadBalancer: Mock Balance : { srv79368:1 , srv86000:1 , srv90805:1 , srv98500:1 , srv20479:2 , srv24279:2 , srv31088:2 , srv42347:2 , srv45300:2 , srv79251:2 }
24/04/26 02:21:17 INFO balancer.TestDefaultLoadBalancer: Mock Cluster : { srv20479:1 , srv24279:1 , srv31088:1 , srv42347:1 , srv59093:1 , srv62570:1 , srv64710:1 , srv66600:1 , srv70180:1 , srv45300:8 } [srvr=10 rgns=17 avg=1.7 max=2 min=1]
24/04/26 02:21:17 DEBUG balancer.DefaultLoadBalancer: Balance parameter: numEntityGroups=17, numServers=10, max=2, min=1
24/04/26 02:21:17 INFO balancer.DefaultLoadBalancer: Done. Calculated a load balance in 1ms. Moving 6 entityGroups off of 1 overloaded servers onto 0 less loaded servers
24/04/26 02:21:17 INFO balancer.TestDefaultLoadBalancer: Mock Balance : { srv64710:1 , srv66600:1 , srv70180:1 , srv20479:2 , srv24279:2 , srv31088:2 , srv42347:2 , srv45300:2 , srv59093:2 , srv62570:2 }
24/04/26 02:21:17 INFO balancer.TestDefaultLoadBalancer: Mock Cluster : { srv20479:1 , srv24279:1 , srv31088:1 , srv42347:1 , srv79251:1 , srv79368:1 , srv86000:1 , srv90805:1 , srv98500:1 , srv45300:9 } [srvr=10 rgns=18 avg=1.8 max=2 min=1]
24/04/26 02:21:17 DEBUG balancer.DefaultLoadBalancer: Balance parameter: numEntityGroups=18, numServers=10, max=2, min=1
24/04/26 02:21:17 INFO balancer.DefaultLoadBalancer: Done. Calculated a load balance in 0ms. Moving 7 entityGroups off of 1 overloaded servers onto 0 less loaded servers
24/04/26 02:21:17 INFO balancer.TestDefaultLoadBalancer: Mock Balance : { srv90805:1 , srv98500:1 , srv20479:2 , srv24279:2 , srv31088:2 , srv42347:2 , srv45300:2 , srv79251:2 , srv79368:2 , srv86000:2 }
24/04/26 02:21:17 INFO balancer.TestDefaultLoadBalancer: Mock Cluster : { srv20479:1 , srv24279:1 , srv31088:1 , srv42347:1 , srv59093:1 , srv62570:1 , srv64710:1 , srv66600:1 , srv70180:1 , srv45300:10 } [srvr=10 rgns=19 avg=1.9 max=2 min=1]
24/04/26 02:21:17 DEBUG balancer.DefaultLoadBalancer: Balance parameter: numEntityGroups=19, numServers=10, max=2, min=1
24/04/26 02:21:17 INFO balancer.DefaultLoadBalancer: Done. Calculated a load balance in 0ms. Moving 8 entityGroups off of 1 overloaded servers onto 0 less loaded servers
24/04/26 02:21:17 INFO balancer.TestDefaultLoadBalancer: Mock Balance : { srv70180:1 , srv20479:2 , srv24279:2 , srv31088:2 , srv42347:2 , srv45300:2 , srv59093:2 , srv62570:2 , srv64710:2 , srv66600:2 }
24/04/26 02:21:17 INFO balancer.TestDefaultLoadBalancer: Mock Cluster : { srv20479:1 , srv24279:1 , srv31088:1 , srv42347:1 , srv79251:1 , srv79368:1 , srv86000:1 , srv90805:1 , srv98500:1 , srv45300:123 } [srvr=10 rgns=132 avg=13.2 max=14 min=13]
24/04/26 02:21:17 DEBUG balancer.DefaultLoadBalancer: Balance parameter: numEntityGroups=132, numServers=10, max=14, min=13
24/04/26 02:21:17 INFO balancer.DefaultLoadBalancer: Done. Calculated a load balance in 0ms. Moving 109 entityGroups off of 1 overloaded servers onto 9 less loaded servers
24/04/26 02:21:17 INFO balancer.TestDefaultLoadBalancer: Mock Balance : { srv24279:13 , srv31088:13 , srv42347:13 , srv79251:13 , srv79368:13 , srv86000:13 , srv90805:13 , srv98500:13 , srv20479:14 , srv45300:14 }
24/04/26 02:21:17 INFO balancer.TestDefaultLoadBalancer: Mock Cluster : { srv20479:1 , srv24279:1 , srv31088:1 , srv42347:1 , srv59093:1 , srv62570:1 , srv64710:1 , srv66600:1 , srv70180:1 , srv45300:155 } [srvr=10 rgns=164 avg=16.4 max=17 min=16]
24/04/26 02:21:17 DEBUG balancer.DefaultLoadBalancer: Balance parameter: numEntityGroups=164, numServers=10, max=17, min=16
24/04/26 02:21:17 INFO balancer.DefaultLoadBalancer: Done. Calculated a load balance in 0ms. Moving 138 entityGroups off of 1 overloaded servers onto 9 less loaded servers
24/04/26 02:21:17 INFO balancer.TestDefaultLoadBalancer: Mock Balance : { srv42347:16 , srv59093:16 , srv62570:16 , srv64710:16 , srv66600:16 , srv70180:16 , srv20479:17 , srv24279:17 , srv31088:17 , srv45300:17 }
24/04/26 02:21:17 INFO balancer.TestDefaultLoadBalancer: Mock Cluster : { srv79251:0 , srv79368:0 , srv20479:1 , srv24279:1 , srv90805:1 , srv98500:1 , srv59093:12 , srv42347:133 , srv45300:138 , srv86000:144 , srv31088:1123 , srv62570:1444 } [srvr=12 rgns=2998 avg=249.83333 max=250 min=249]
24/04/26 02:21:17 DEBUG balancer.DefaultLoadBalancer: Balance parameter: numEntityGroups=2998, numServers=12, max=250, min=249
24/04/26 02:21:17 INFO balancer.DefaultLoadBalancer: Done. Calculated a load balance in 4ms. Moving 2067 entityGroups off of 2 overloaded servers onto 10 less loaded servers
24/04/26 02:21:17 INFO balancer.TestDefaultLoadBalancer: Mock Balance : { srv45300:249 , srv86000:249 , srv20479:250 , srv24279:250 , srv31088:250 , srv42347:250 , srv59093:250 , srv62570:250 , srv79251:250 , srv79368:250 , srv90805:250 , srv98500:250 }
24/04/26 02:21:17 INFO balancer.TestDefaultLoadBalancer: Mock Cluster : { srv24279:0 , srv64710:0 , srv66600:0 , srv20479:1 , srv42347:1 , srv31088:4 , srv79251:12 , srv59093:133 , srv62570:138 , srv70180:144 , srv45300:1123 , srv79368:1444 } [srvr=12 rgns=3000 avg=250.0 max=250 min=250]
24/04/26 02:21:17 DEBUG balancer.DefaultLoadBalancer: Balance parameter: numEntityGroups=3000, numServers=12, max=250, min=250
24/04/26 02:21:17 INFO balancer.DefaultLoadBalancer: Calculated a load balance in 4ms. Moving 2067 entityGroups off of 2 overloaded servers onto 10 less loaded servers
24/04/26 02:21:17 INFO balancer.TestDefaultLoadBalancer: Mock Balance : { srv20479:250 , srv24279:250 , srv31088:250 , srv42347:250 , srv45300:250 , srv59093:250 , srv62570:250 , srv64710:250 , srv66600:250 , srv70180:250 , srv79251:250 , srv79368:250 }
24/04/26 02:21:18 INFO server.SessionTrackerImpl: SessionTrackerImpl exited loop!
24/04/26 02:21:18 INFO server.SessionTrackerImpl: SessionTrackerImpl exited loop!
24/04/26 02:21:18 INFO balancer.TestDefaultLoadBalancer: Mock Cluster : { srv42347:1385 , srv90805:1392 , srv24279:1535 , srv86000:1538 , srv45300:1542 , srv31088:1553 , srv20479:1557 , srv98500:1561 , srv59093:1619 } [srvr=9 rgns=13682 avg=1520.2222 max=1521 min=1520]
24/04/26 02:21:18 DEBUG balancer.DefaultLoadBalancer: Balance parameter: numEntityGroups=13682, numServers=9, max=1521, min=1520
24/04/26 02:21:18 INFO balancer.DefaultLoadBalancer: Done. Calculated a load balance in 1ms. Moving 263 entityGroups off of 7 overloaded servers onto 2 less loaded servers
24/04/26 02:21:18 INFO balancer.TestDefaultLoadBalancer: Mock Balance : { srv20479:1520 , srv31088:1520 , srv42347:1520 , srv45300:1520 , srv59093:1520 , srv90805:1520 , srv98500:1520 , srv24279:1521 , srv86000:1521 }
24/04/26 02:21:18 INFO wasp.WaspTestingUtility: Starting up minicluster with 1 master(s) and 2 fserver(s) 
Starting DataNode 0 with dfs.data.dir: /home/alex/Repositories/wasp/target/test-data/80447cd5-fb33-4b73-bf49-6ab3e4d94a3e/dfscluster_29907465-2ca3-4538-b87e-4ea4d97f8e05/dfs/data/data1,/home/alex/Repositories/wasp/target/test-data/80447cd5-fb33-4b73-bf49-6ab3e4d94a3e/dfscluster_29907465-2ca3-4538-b87e-4ea4d97f8e05/dfs/data/data2
24/04/26 02:21:18 ERROR datanode.DataNode: All directories in dfs.data.dir are invalid.
24/04/26 02:21:18 INFO wasp.WaspTestingUtility: Shutting down mini wasp cluster
24/04/26 02:21:18 INFO wasp.WaspTestingUtility: Minicluster is down
java.lang.NullPointerException
	at org.apache.hadoop.hdfs.MiniDFSCluster.startDataNodes(MiniDFSCluster.java:422)
	at org.apache.hadoop.hdfs.MiniDFSCluster.<init>(MiniDFSCluster.java:280)
	at org.apache.hadoop.hbase.HBaseTestingUtility.startMiniDFSCluster(HBaseTestingUtility.java:451)
	at org.apache.hadoop.hbase.HBaseTestingUtility.startMiniCluster(HBaseTestingUtility.java:619)
	at org.apache.hadoop.hbase.HBaseTestingUtility.startMiniCluster(HBaseTestingUtility.java:575)
	at com.alibaba.wasp.WaspTestingUtility.startMiniCluster(WaspTestingUtility.java:172)
	at com.alibaba.wasp.WaspTestingUtility.startMiniCluster(WaspTestingUtility.java:144)
	at com.alibaba.wasp.master.TestMaster.beforeAllTests(TestMaster.java:60)
	at sun.reflect.NativeMethodAccessorImpl.invoke0(Native Method)
	at sun.reflect.NativeMethodAccessorImpl.invoke(NativeMethodAccessorImpl.java:62)
	at sun.reflect.DelegatingMethodAccessorImpl.invoke(DelegatingMethodAccessorImpl.java:43)
	at java.lang.reflect.Method.invoke(Method.java:498)
	at org.junit.runners.model.FrameworkMethod$1.runReflectiveCall(FrameworkMethod.java:45)
	at org.junit.internal.runners.model.ReflectiveCallable.run(ReflectiveCallable.java:15)
	at org.junit.runners.model.FrameworkMethod.invokeExplosively(FrameworkMethod.java:42)
	at org.junit.internal.runners.statements.RunBefores.evaluate(RunBefores.java:27)
	at org.junit.internal.runners.statements.RunAfters.evaluate(RunAfters.java:30)
	at org.junit.runners.ParentRunner.run(ParentRunner.java:300)
	at org.junit.runners.Suite.runChild(Suite.java:128)
	at org.junit.runners.Suite.runChild(Suite.java:24)
	at org.junit.runners.ParentRunner$3.run(ParentRunner.java:231)
	at org.junit.runners.ParentRunner$1.schedule(ParentRunner.java:60)
	at org.junit.runners.ParentRunner.runChildren(ParentRunner.java:229)
	at org.junit.runners.ParentRunner.access$000(ParentRunner.java:50)
	at org.junit.runners.ParentRunner$2.evaluate(ParentRunner.java:222)
	at org.junit.runners.ParentRunner.run(ParentRunner.java:300)
	at org.junit.runner.JUnitCore.run(JUnitCore.java:157)
	at org.junit.runner.JUnitCore.run(JUnitCore.java:136)
	at edu.illinois.cs.testrunner.execution.JUnitTestExecutor.execute(JUnitTestExecutor.java:259)
	at edu.illinois.cs.testrunner.execution.JUnitTestExecutor.executeWithJUnit4Runner(JUnitTestExecutor.java:327)
	at edu.illinois.cs.testrunner.execution.JUnitTestExecutor.runOrder(JUnitTestExecutor.java:49)
	at edu.illinois.cs.testrunner.execution.Executor$.$anonfun$run$1(Executor.scala:30)
	at scala.runtime.java8.JFunction0$mcV$sp.apply(JFunction0$mcV$sp.java:12)
	at scala.util.Try$.apply(Try.scala:209)
	at edu.illinois.cs.testrunner.execution.Executor$.run(Executor.scala:28)
	at edu.illinois.cs.testrunner.execution.Executor$.main(Executor.scala:18)
	at edu.illinois.cs.testrunner.execution.Executor.main(Executor.scala)
24/04/26 02:21:18 DEBUG ipc.WaspRPC: Using com.alibaba.wasp.ipc.ProtobufRpcEngine for com.alibaba.wasp.ipc.TestProtoBufRpc$TestRpcService
24/04/26 02:21:18 DEBUG ipc.NettyTransceiver: Using Netty bootstrap options: {connectTimeoutMillis=3000, tcpNoDelay=true}
24/04/26 02:21:18 DEBUG ipc.NettyTransceiver: Connecting to /0.0.0.0:33993
24/04/26 02:21:18 DEBUG ipc.NettyTransceiver: [id: 0x591fd34d] OPEN
24/04/26 02:21:18 INFO ipc.NettyTransceiver: Successfully connected to bookie: /0.0.0.0:33993
24/04/26 02:21:18 DEBUG ipc.NettyTransceiver: [id: 0x591fd34d, /127.0.0.1:51184 => /0.0.0.0:33993] BOUND: /127.0.0.1:51184
24/04/26 02:21:18 DEBUG ipc.NettyTransceiver: [id: 0x591fd34d, /127.0.0.1:51184 => /0.0.0.0:33993] CONNECTED: /0.0.0.0:33993
24/04/26 02:21:18 DEBUG ipc.NettyServer: [id: 0x31dbd5be, /127.0.0.1:51184 => /127.0.1.1:33993] OPEN
24/04/26 02:21:18 DEBUG ipc.NettyServer: [id: 0x31dbd5be, /127.0.0.1:51184 => /127.0.1.1:33993] BOUND: /127.0.1.1:33993
24/04/26 02:21:18 DEBUG ipc.NettyServer: [id: 0x31dbd5be, /127.0.0.1:51184 => /127.0.1.1:33993] CONNECTED: /127.0.0.1:51184
24/04/26 02:21:18 ERROR ipc.NettyServer: pool-11-thread-8, call methodName: "error"
clientProtocolVersion: 1
request: ""
requestClassName: "com.alibaba.wasp.ipc.protobuf.generated.TestProtos$EmptyRequestProto"
: error: 
java.io.IOException: error
	at com.alibaba.wasp.ipc.TestProtoBufRpc$PBServerImpl.error(TestProtoBufRpc.java:68)
	at sun.reflect.NativeMethodAccessorImpl.invoke0(Native Method)
	at sun.reflect.NativeMethodAccessorImpl.invoke(NativeMethodAccessorImpl.java:62)
	at sun.reflect.DelegatingMethodAccessorImpl.invoke(DelegatingMethodAccessorImpl.java:43)
	at java.lang.reflect.Method.invoke(Method.java:498)
	at com.alibaba.wasp.ipc.ProtobufRpcEngine$Server.call(ProtobufRpcEngine.java:270)
	at com.alibaba.wasp.ipc.NettyServer$NettyServerWaspHandler.messageReceived(NettyServer.java:234)
	at org.jboss.netty.channel.SimpleChannelUpstreamHandler.handleUpstream(SimpleChannelUpstreamHandler.java:75)
	at com.alibaba.wasp.ipc.NettyServer$NettyServerWaspHandler.handleUpstream(NettyServer.java:171)
	at org.jboss.netty.channel.DefaultChannelPipeline.sendUpstream(DefaultChannelPipeline.java:563)
	at org.jboss.netty.channel.DefaultChannelPipeline$DefaultChannelHandlerContext.sendUpstream(DefaultChannelPipeline.java:791)
	at org.jboss.netty.handler.execution.ChannelUpstreamEventRunnable.doRun(ChannelUpstreamEventRunnable.java:45)
	at org.jboss.netty.handler.execution.ChannelEventRunnable.run(ChannelEventRunnable.java:64)
	at java.util.concurrent.ThreadPoolExecutor.runWorker(ThreadPoolExecutor.java:1149)
	at java.util.concurrent.ThreadPoolExecutor$Worker.run(ThreadPoolExecutor.java:624)
	at java.lang.Thread.run(Thread.java:750)
24/04/26 02:21:18 INFO ipc.NettyServer: Stopping server on 0
24/04/26 02:21:18 DEBUG ipc.NettyTransceiver: [id: 0x591fd34d, /127.0.0.1:51184 :> /0.0.0.0:33993] DISCONNECTED
24/04/26 02:21:18 DEBUG ipc.NettyTransceiver: [id: 0x591fd34d, /127.0.0.1:51184 :> /0.0.0.0:33993] UNBOUND
24/04/26 02:21:18 DEBUG ipc.NettyTransceiver: [id: 0x591fd34d, /127.0.0.1:51184 :> /0.0.0.0:33993] CLOSED
24/04/26 02:21:18 DEBUG ipc.NettyTransceiver: Remote peer /0.0.0.0:33993 closed connection.
24/04/26 02:21:18 DEBUG ipc.NettyTransceiver: Disconnecting from /0.0.0.0:33993
24/04/26 02:21:18 DEBUG ipc.NettyServer: [id: 0x31dbd5be, /127.0.0.1:51184 :> /127.0.1.1:33993] DISCONNECTED
24/04/26 02:21:18 DEBUG ipc.NettyServer: [id: 0x31dbd5be, /127.0.0.1:51184 :> /127.0.1.1:33993] UNBOUND
24/04/26 02:21:18 DEBUG ipc.NettyServer: [id: 0x31dbd5be, /127.0.0.1:51184 :> /127.0.1.1:33993] CLOSED
24/04/26 02:21:18 INFO wasp.WaspTestingUtility: Starting up minicluster with 1 master(s) and 1 fserver(s) 
Starting DataNode 0 with dfs.data.dir: /home/alex/Repositories/wasp/target/test-data/e2e80b0e-26f3-42f3-b8e3-6cfe6da25cee/dfscluster_c952fcbb-7287-47d6-b593-0bbd4a617a9a/dfs/data/data1,/home/alex/Repositories/wasp/target/test-data/e2e80b0e-26f3-42f3-b8e3-6cfe6da25cee/dfscluster_c952fcbb-7287-47d6-b593-0bbd4a617a9a/dfs/data/data2
24/04/26 02:21:18 ERROR datanode.DataNode: All directories in dfs.data.dir are invalid.
24/04/26 02:21:18 INFO wasp.WaspTestingUtility: Shutting down mini wasp cluster
24/04/26 02:21:18 INFO wasp.WaspTestingUtility: Minicluster is down
java.lang.NullPointerException
	at org.apache.hadoop.hdfs.MiniDFSCluster.startDataNodes(MiniDFSCluster.java:422)
	at org.apache.hadoop.hdfs.MiniDFSCluster.<init>(MiniDFSCluster.java:280)
	at org.apache.hadoop.hbase.HBaseTestingUtility.startMiniDFSCluster(HBaseTestingUtility.java:451)
	at org.apache.hadoop.hbase.HBaseTestingUtility.startMiniCluster(HBaseTestingUtility.java:619)
	at org.apache.hadoop.hbase.HBaseTestingUtility.startMiniCluster(HBaseTestingUtility.java:575)
	at com.alibaba.wasp.WaspTestingUtility.startMiniCluster(WaspTestingUtility.java:172)
	at com.alibaba.wasp.WaspTestingUtility.startMiniCluster(WaspTestingUtility.java:144)
	at com.alibaba.wasp.plan.execute.TestExecutionEngine.before(TestExecutionEngine.java:89)
	at sun.reflect.NativeMethodAccessorImpl.invoke0(Native Method)
	at sun.reflect.NativeMethodAccessorImpl.invoke(NativeMethodAccessorImpl.java:62)
	at sun.reflect.DelegatingMethodAccessorImpl.invoke(DelegatingMethodAccessorImpl.java:43)
	at java.lang.reflect.Method.invoke(Method.java:498)
	at org.junit.runners.model.FrameworkMethod$1.runReflectiveCall(FrameworkMethod.java:45)
	at org.junit.internal.runners.model.ReflectiveCallable.run(ReflectiveCallable.java:15)
	at org.junit.runners.model.FrameworkMethod.invokeExplosively(FrameworkMethod.java:42)
	at org.junit.internal.runners.statements.RunBefores.evaluate(RunBefores.java:27)
	at org.junit.internal.runners.statements.RunAfters.evaluate(RunAfters.java:30)
	at org.junit.runners.ParentRunner.run(ParentRunner.java:300)
	at org.junit.runners.Suite.runChild(Suite.java:128)
	at org.junit.runners.Suite.runChild(Suite.java:24)
	at org.junit.runners.ParentRunner$3.run(ParentRunner.java:231)
	at org.junit.runners.ParentRunner$1.schedule(ParentRunner.java:60)
	at org.junit.runners.ParentRunner.runChildren(ParentRunner.java:229)
	at org.junit.runners.ParentRunner.access$000(ParentRunner.java:50)
	at org.junit.runners.ParentRunner$2.evaluate(ParentRunner.java:222)
	at org.junit.runners.ParentRunner.run(ParentRunner.java:300)
	at org.junit.runner.JUnitCore.run(JUnitCore.java:157)
	at org.junit.runner.JUnitCore.run(JUnitCore.java:136)
	at edu.illinois.cs.testrunner.execution.JUnitTestExecutor.execute(JUnitTestExecutor.java:259)
	at edu.illinois.cs.testrunner.execution.JUnitTestExecutor.executeWithJUnit4Runner(JUnitTestExecutor.java:327)
	at edu.illinois.cs.testrunner.execution.JUnitTestExecutor.runOrder(JUnitTestExecutor.java:49)
	at edu.illinois.cs.testrunner.execution.Executor$.$anonfun$run$1(Executor.scala:30)
	at scala.runtime.java8.JFunction0$mcV$sp.apply(JFunction0$mcV$sp.java:12)
	at scala.util.Try$.apply(Try.scala:209)
	at edu.illinois.cs.testrunner.execution.Executor$.run(Executor.scala:28)
	at edu.illinois.cs.testrunner.execution.Executor$.main(Executor.scala:18)
	at edu.illinois.cs.testrunner.execution.Executor.main(Executor.scala)
24/04/26 02:21:18 INFO wasp.WaspTestingUtility: Starting up minicluster with 3 master(s) and 3 fserver(s) 
Starting DataNode 0 with dfs.data.dir: /home/alex/Repositories/wasp/target/test-data/26247161-2175-42d2-b587-7b397c432175/dfscluster_1a37e11d-eb45-482a-abb4-c2dfed67fcef/dfs/data/data1,/home/alex/Repositories/wasp/target/test-data/26247161-2175-42d2-b587-7b397c432175/dfscluster_1a37e11d-eb45-482a-abb4-c2dfed67fcef/dfs/data/data2
24/04/26 02:21:19 ERROR datanode.DataNode: All directories in dfs.data.dir are invalid.
java.lang.NullPointerException
	at org.apache.hadoop.hdfs.MiniDFSCluster.startDataNodes(MiniDFSCluster.java:422)
	at org.apache.hadoop.hdfs.MiniDFSCluster.<init>(MiniDFSCluster.java:280)
	at org.apache.hadoop.hbase.HBaseTestingUtility.startMiniDFSCluster(HBaseTestingUtility.java:451)
	at org.apache.hadoop.hbase.HBaseTestingUtility.startMiniCluster(HBaseTestingUtility.java:619)
	at org.apache.hadoop.hbase.HBaseTestingUtility.startMiniCluster(HBaseTestingUtility.java:575)
	at com.alibaba.wasp.WaspTestingUtility.startMiniCluster(WaspTestingUtility.java:172)
	at com.alibaba.wasp.master.TestMasterShutdown.testMasterShutdown(TestMasterShutdown.java:57)
	at sun.reflect.NativeMethodAccessorImpl.invoke0(Native Method)
	at sun.reflect.NativeMethodAccessorImpl.invoke(NativeMethodAccessorImpl.java:62)
	at sun.reflect.DelegatingMethodAccessorImpl.invoke(DelegatingMethodAccessorImpl.java:43)
	at java.lang.reflect.Method.invoke(Method.java:498)
	at org.junit.runners.model.FrameworkMethod$1.runReflectiveCall(FrameworkMethod.java:45)
	at org.junit.internal.runners.model.ReflectiveCallable.run(ReflectiveCallable.java:15)
	at org.junit.runners.model.FrameworkMethod.invokeExplosively(FrameworkMethod.java:42)
	at org.junit.internal.runners.statements.InvokeMethod.evaluate(InvokeMethod.java:20)
	at org.junit.internal.runners.statements.FailOnTimeout$StatementThread.run(FailOnTimeout.java:62)
24/04/26 02:21:19 DEBUG druid.DruidParser: Parsing SQL CREATE TABLE User { Required Int64 user_id; Required String name; Optional DOUBLE value; }  primary key(user_id),  entity group root, entity group key(user_id);
24/04/26 02:21:19 DEBUG druid.DruidDDLParser: CreateTablePlan CreateTablePlan [table=CREATE TABLE User { 
  REQUIRED INT64 user_id COLUMNFAMILY d;
  REQUIRED STRING name COLUMNFAMILY d;
  OPTIONAL DOUBLE value COLUMNFAMILY d;
} 
PRIMARY KEY(user_id),
ENTITY GROUP ROOT,
ENTITY GROUP KEY(user_id);
, splitKeys=null]
24/04/26 02:21:19 DEBUG druid.DruidParser: Parsing SQL CREATE TABLE Photo { Required Int64 user_id columnfamily cf comment 'aaa';  Required Int32 photo_id comment 'child primary key';  Optional Int64 time; Optional String full_url;  Optional String thumbnail_url; Optional string tag; Optional DATETIME date; Optional Int32 int32Type; }  primary key(user_id,photo_id),  in table User,  Entity Group Key(user_id) references User; 
24/04/26 02:21:19 DEBUG druid.DruidDDLParser: CreateTablePlan CreateTablePlan [table=CREATE TABLE Photo { 
  REQUIRED INT64 user_id COLUMNFAMILY cf;
  REQUIRED INT32 photo_id COLUMNFAMILY d;
  OPTIONAL INT64 time COLUMNFAMILY d;
  OPTIONAL STRING full_url COLUMNFAMILY d;
  OPTIONAL STRING thumbnail_url COLUMNFAMILY d;
  OPTIONAL STRING tag COLUMNFAMILY d;
  OPTIONAL DATETIME date COLUMNFAMILY d;
  OPTIONAL INT32 int32Type COLUMNFAMILY d;
} 
PRIMARY KEY(user_id, photo_id, ),
 IN TABLE User,
 ENTITY GROUP KEY(user_id) REFERENCES User;
, splitKeys=null]
24/04/26 02:21:19 DEBUG druid.DruidParser: Parsing SQL Insert into User(user_id,name) values(1,'binlijin');
24/04/26 02:21:19 DEBUG druid.DruidDMLParser: INSERT SQL TableSource User
24/04/26 02:21:19 DEBUG druid.DruidDMLParser: From table User
24/04/26 02:21:19 DEBUG druid.DruidDMLParser:  SQLInsertItem user_id
24/04/26 02:21:19 DEBUG druid.DruidDMLParser:  SQLInsertItem name
24/04/26 02:21:19 DEBUG druid.DruidDMLParser: INSERT SQL Insert columns [user_id, name]
24/04/26 02:21:19 DEBUG druid.DruidDMLParser: INSERT SQL Insert Values List [ VALUES (1, 'binlijin')]
24/04/26 02:21:19 DEBUG druid.DruidDMLParser: InsertPlan InsertPlan [actions=[InsertAction [tableName=User, primayKey=[0, 0, 0, 0, 0, 0, 0, 1], columns=[ColumnAction [tableName=User, familyName=d, columnName=user_id, value=[0, 0, 0, 0, 0, 0, 0, 1], isIndex=false], ColumnAction [tableName=User, familyName=d, columnName=name, value=[98, 105, 110, 108, 105, 106, 105, 110], isIndex=false]]]]]
24/04/26 02:21:19 DEBUG druid.DruidParser: Parsing SQL Insert into Photo(user_id,photo_id,tag) values(1,1,'tag');
24/04/26 02:21:19 DEBUG druid.DruidDMLParser: INSERT SQL TableSource Photo
24/04/26 02:21:19 DEBUG druid.DruidDMLParser: From table Photo
24/04/26 02:21:19 DEBUG druid.DruidDMLParser:  SQLInsertItem user_id
24/04/26 02:21:19 DEBUG druid.DruidDMLParser:  SQLInsertItem photo_id
24/04/26 02:21:19 DEBUG druid.DruidDMLParser:  SQLInsertItem tag
24/04/26 02:21:19 DEBUG druid.DruidDMLParser: INSERT SQL Insert columns [user_id, photo_id, tag]
24/04/26 02:21:19 DEBUG druid.DruidDMLParser: INSERT SQL Insert Values List [ VALUES (1, 1, 'tag')]
24/04/26 02:21:19 DEBUG druid.DruidDMLParser: InsertPlan InsertPlan [actions=[InsertAction [tableName=Photo, primayKey=[0, 0, 0, 0, 0, 0, 0, 1, 0, 0, 0, 0, 1], columns=[ColumnAction [tableName=Photo, familyName=cf, columnName=user_id, value=[0, 0, 0, 0, 0, 0, 0, 1], isIndex=false], ColumnAction [tableName=Photo, familyName=d, columnName=photo_id, value=[0, 0, 0, 1], isIndex=false], ColumnAction [tableName=Photo, familyName=d, columnName=tag, value=[116, 97, 103], isIndex=false]]]]]
24/04/26 02:21:19 INFO server.ZooKeeperServer: Created server with tickTime 2000 minSessionTimeout 4000 maxSessionTimeout 40000 datadir /home/alex/Repositories/wasp/target/test-data/59a862e4-71e9-4071-9607-2537b254a276/dfscluster_bdb6e317-7b4d-4e4d-954e-43c048da545b/zookeeper_0/version-2 snapdir /home/alex/Repositories/wasp/target/test-data/59a862e4-71e9-4071-9607-2537b254a276/dfscluster_bdb6e317-7b4d-4e4d-954e-43c048da545b/zookeeper_0/version-2
24/04/26 02:21:19 INFO server.NIOServerCnxnFactory: binding to port 0.0.0.0/0.0.0.0:54124
24/04/26 02:21:19 INFO persistence.FileTxnSnapLog: Snapshotting: 0x0 to /home/alex/Repositories/wasp/target/test-data/59a862e4-71e9-4071-9607-2537b254a276/dfscluster_bdb6e317-7b4d-4e4d-954e-43c048da545b/zookeeper_0/version-2/snapshot.0
24/04/26 02:21:19 INFO server.NIOServerCnxnFactory: Accepted socket connection from /127.0.0.1:41416
24/04/26 02:21:19 INFO server.NIOServerCnxn: Processing stat command from /127.0.0.1:41416
24/04/26 02:21:19 INFO server.NIOServerCnxn: Stat command output
24/04/26 02:21:19 INFO server.NIOServerCnxn: Closed socket connection for client /127.0.0.1:41416 (no session established for client)
24/04/26 02:21:19 DEBUG zookeeper.ZKUtil: MockServer,123,-1 opening connection to ZooKeeper with ensemble (localhost:54124)
24/04/26 02:21:19 INFO zookeeper.ZooKeeper: Initiating client connection, connectString=localhost:54124 sessionTimeout=180000 watcher=MockServer,123,-1
24/04/26 02:21:19 INFO zookeeper.RecoverableZooKeeper: The identifier of this process is 122151@Lenovo-Bot
24/04/26 02:21:19 INFO server.NIOServerCnxnFactory: Accepted socket connection from /127.0.0.1:41422
24/04/26 02:21:19 DEBUG server.ZooKeeperServer: Session establishment request from client /127.0.0.1:41422 client's lastZxid is 0x0
24/04/26 02:21:19 INFO server.ZooKeeperServer: Client attempting to establish new session at /127.0.0.1:41422
24/04/26 02:21:19 INFO persistence.FileTxnLog: Creating new log file: log.1
24/04/26 02:21:19 INFO server.ZooKeeperServer: Established session 0xff8f17fe177a0000 with negotiated timeout 40000 for client /127.0.0.1:41422
24/04/26 02:21:19 DEBUG zookeeper.ZooKeeperWatcher: MockServer,123,-1 Received ZooKeeper Event, type=None, state=SyncConnected, path=null
24/04/26 02:21:19 DEBUG zookeeper.ZooKeeperWatcher: MockServer,123,-1-0xff8f17fe177a0000 connected
24/04/26 02:21:19 DEBUG zookeeper.ZKAssign: MockServer,123,-1-0xff8f17fe177a0000 Creating unassigned node for 54feb9d67011e22ba25a7857ffed1267 in OFFLINE state
24/04/26 02:21:19 DEBUG zookeeper.ZKAssign: MockServer,123,-1-0xff8f17fe177a0000 Attempting to transition node 54feb9d67011e22ba25a7857ffed1267 from M_ZK_ENTITYGROUP_OFFLINE to FSERVER_ZK_ENTITYGROUP_OPENING
24/04/26 02:21:19 DEBUG zookeeper.ZKUtil: MockServer,123,-1-0xff8f17fe177a0000 Retrieved 118 byte(s) of data from znode /wasp/unassigned/54feb9d67011e22ba25a7857ffed1267; data=entityGroup=TestCloseEntityGroupHandler,\x00\x00\x00\x00,1714094479230.54feb9d67011e22ba25a7857ffed1267., state=M_ZK_ENTITYGROUP_OFFLINE, servername=MockServer,123,-1, createTime=1714094479246, payload.length=0
24/04/26 02:21:19 DEBUG zookeeper.ZKAssign: MockServer,123,-1-0xff8f17fe177a0000 Successfully transitioned node 54feb9d67011e22ba25a7857ffed1267 from M_ZK_ENTITYGROUP_OFFLINE to FSERVER_ZK_ENTITYGROUP_OPENING
24/04/26 02:21:19 DEBUG zookeeper.ZooKeeperWatcher: MockServer,123,-1-0xff8f17fe177a0000 Received ZooKeeper Event, type=NodeDataChanged, state=SyncConnected, path=/wasp/unassigned/54feb9d67011e22ba25a7857ffed1267
24/04/26 02:21:19 INFO fserver.EntityGroup: EntityGroup.openEntityGroup EntityGroup name ==TestCloseEntityGroupHandler,\x00\x00\x00\x00,1714094479230.54feb9d67011e22ba25a7857ffed1267.
24/04/26 02:21:19 DEBUG fserver.EntityGroup: Opening EntityGroup: {NAME => 'TestCloseEntityGroupHandler,\x00\x00\x00\x00,1714094479230.54feb9d67011e22ba25a7857ffed1267.', STARTKEY => '\x00\x00\x00\x00', ENDKEY => '\x00\x00\x00\x01', ENCODED => 54feb9d67011e22ba25a7857ffed1267,}
24/04/26 02:21:19 DEBUG fserver.MetricsEntityGroupSourceImpl: Creating new MetricsEntityGroupSourceImpl for table TestCloseEntityGroupHandler 54feb9d67011e22ba25a7857ffed1267
24/04/26 02:21:19 DEBUG fserver.EntityGroup: Instantiated TestCloseEntityGroupHandler,\x00\x00\x00\x00,1714094479230.54feb9d67011e22ba25a7857ffed1267.
24/04/26 02:21:19 DEBUG zookeeper.ZKAssign: MockServer,123,-1-0xff8f17fe177a0000 Attempting to transition node 54feb9d67011e22ba25a7857ffed1267 from FSERVER_ZK_ENTITYGROUP_OPENING to FSERVER_ZK_ENTITYGROUP_OPENING
24/04/26 02:21:19 ERROR server.NIOServerCnxnFactory: Thread Thread[Thread-253,5,main] died
java.lang.NullPointerException
	at com.alibaba.wasp.fserver.EntityGroup.run(EntityGroup.java:1264)
	at java.lang.Thread.run(Thread.java:750)
24/04/26 02:21:19 DEBUG zookeeper.ZKUtil: MockServer,123,-1-0xff8f17fe177a0000 Retrieved 118 byte(s) of data from znode /wasp/unassigned/54feb9d67011e22ba25a7857ffed1267; data=entityGroup=TestCloseEntityGroupHandler,\x00\x00\x00\x00,1714094479230.54feb9d67011e22ba25a7857ffed1267., state=FSERVER_ZK_ENTITYGROUP_OPENING, servername=MockServer,123,-1, createTime=1714094479249, payload.length=0
24/04/26 02:21:19 DEBUG zookeeper.ZKAssign: MockServer,123,-1-0xff8f17fe177a0000 Successfully transitioned node 54feb9d67011e22ba25a7857ffed1267 from FSERVER_ZK_ENTITYGROUP_OPENING to FSERVER_ZK_ENTITYGROUP_OPENING
24/04/26 02:21:19 DEBUG zookeeper.ZKAssign: MockServer,123,-1-0xff8f17fe177a0000 Attempting to transition node 54feb9d67011e22ba25a7857ffed1267 from FSERVER_ZK_ENTITYGROUP_OPENING to FSERVER_ZK_ENTITYGROUP_OPENED
24/04/26 02:21:19 DEBUG zookeeper.ZKUtil: MockServer,123,-1-0xff8f17fe177a0000 Retrieved 118 byte(s) of data from znode /wasp/unassigned/54feb9d67011e22ba25a7857ffed1267; data=entityGroup=TestCloseEntityGroupHandler,\x00\x00\x00\x00,1714094479230.54feb9d67011e22ba25a7857ffed1267., state=FSERVER_ZK_ENTITYGROUP_OPENING, servername=MockServer,123,-1, createTime=1714094479252, payload.length=0
24/04/26 02:21:19 DEBUG zookeeper.ZKAssign: MockServer,123,-1-0xff8f17fe177a0000 Successfully transitioned node 54feb9d67011e22ba25a7857ffed1267 from FSERVER_ZK_ENTITYGROUP_OPENING to FSERVER_ZK_ENTITYGROUP_OPENED
24/04/26 02:21:19 DEBUG handler.OpenEntityGroupHandler: entityGroup transitioned to opened in zookeeper: {NAME => 'TestCloseEntityGroupHandler,\x00\x00\x00\x00,1714094479230.54feb9d67011e22ba25a7857ffed1267.', STARTKEY => '\x00\x00\x00\x00', ENDKEY => '\x00\x00\x00\x01', ENCODED => 54feb9d67011e22ba25a7857ffed1267,}, server: MockServer,123,-1
24/04/26 02:21:19 DEBUG handler.OpenEntityGroupHandler: Opened TestCloseEntityGroupHandler,\x00\x00\x00\x00,1714094479230.54feb9d67011e22ba25a7857ffed1267. on server:MockServer,123,-1
24/04/26 02:21:19 DEBUG zookeeper.ZKUtil: MockServer,123,-1-0xff8f17fe177a0000 Retrieved 118 byte(s) of data from znode /wasp/unassigned/54feb9d67011e22ba25a7857ffed1267 and set watcher; entityGroup=TestCloseEntityGroupHandler,\x00\x00\x00\x00,1714094479230.54feb9d67011e22ba25a7857ffed1267., state=FSERVER_ZK_ENTITYGROUP_OPENED, servername=MockServer,123,-1, createTime=1714094479256, payload.length=0
24/04/26 02:21:19 DEBUG zookeeper.ZKAssign: MockServer,123,-1-0xff8f17fe177a0000 Deleting existing unassigned node for 54feb9d67011e22ba25a7857ffed1267 that is in expected state FSERVER_ZK_ENTITYGROUP_OPENED
24/04/26 02:21:19 DEBUG zookeeper.ZKUtil: MockServer,123,-1-0xff8f17fe177a0000 Retrieved 118 byte(s) of data from znode /wasp/unassigned/54feb9d67011e22ba25a7857ffed1267; data=entityGroup=TestCloseEntityGroupHandler,\x00\x00\x00\x00,1714094479230.54feb9d67011e22ba25a7857ffed1267., state=FSERVER_ZK_ENTITYGROUP_OPENED, servername=MockServer,123,-1, createTime=1714094479256, payload.length=0
24/04/26 02:21:19 DEBUG zookeeper.ZooKeeperWatcher: MockServer,123,-1-0xff8f17fe177a0000 Received ZooKeeper Event, type=NodeDeleted, state=SyncConnected, path=/wasp/unassigned/54feb9d67011e22ba25a7857ffed1267
24/04/26 02:21:19 DEBUG zookeeper.ZKAssign: MockServer,123,-1-0xff8f17fe177a0000 Successfully deleted unassigned node for entityGroup 54feb9d67011e22ba25a7857ffed1267 in expected state FSERVER_ZK_ENTITYGROUP_OPENED
24/04/26 02:21:19 DEBUG zookeeper.ZKAssign: MockServer,123,-1-0xff8f17fe177a0000 Creating unassigned node for 54feb9d67011e22ba25a7857ffed1267 in a CLOSING state
24/04/26 02:21:19 DEBUG handler.CloseEntityGroupHandler: Processing close of TestCloseEntityGroupHandler,\x00\x00\x00\x00,1714094479230.54feb9d67011e22ba25a7857ffed1267.
24/04/26 02:21:19 DEBUG fserver.EntityGroup: Closing TestCloseEntityGroupHandler,\x00\x00\x00\x00,1714094479230.54feb9d67011e22ba25a7857ffed1267.
24/04/26 02:21:19 DEBUG fserver.EntityGroup: Updates disabled for entityGroup TestCloseEntityGroupHandler,\x00\x00\x00\x00,1714094479230.54feb9d67011e22ba25a7857ffed1267.
24/04/26 02:21:19 INFO fserver.EntityGroup: Running commit transaction of TestCloseEntityGroupHandler,\x00\x00\x00\x00,1714094479230.54feb9d67011e22ba25a7857ffed1267. before close
24/04/26 02:21:19 INFO fserver.EntityGroup: Closed TestCloseEntityGroupHandler,\x00\x00\x00\x00,1714094479230.54feb9d67011e22ba25a7857ffed1267.
24/04/26 02:21:19 DEBUG zookeeper.ZKAssign: MockServer,123,-1-0xff8f17fe177a0000 Attempting to transition node 54feb9d67011e22ba25a7857ffed1267 from M_ZK_ENTITYGROUP_CLOSING to FSERVER_ZK_ENTITYGROUP_CLOSED
24/04/26 02:21:19 DEBUG zookeeper.ZKUtil: MockServer,123,-1-0xff8f17fe177a0000 Retrieved 120 byte(s) of data from znode /wasp/unassigned/54feb9d67011e22ba25a7857ffed1267; data=entityGroup=TestCloseEntityGroupHandler,\x00\x00\x00\x00,1714094479230.54feb9d67011e22ba25a7857ffed1267., state=M_ZK_ENTITYGROUP_CLOSING, servername=MockServer,123,-1, createTime=1714094479259, payload.length=0
24/04/26 02:21:19 WARN zookeeper.ZKAssign: MockServer,123,-1-0xff8f17fe177a0000 Attempt to transition the unassigned node for 54feb9d67011e22ba25a7857ffed1267 from M_ZK_ENTITYGROUP_CLOSING to FSERVER_ZK_ENTITYGROUP_CLOSED failed, the node existed but was version 0 not the expected version 1
24/04/26 02:21:19 WARN handler.CloseEntityGroupHandler: Completed the CLOSE of a entityGroup but when transitioning from  CLOSING to CLOSED got a version mismatch, someone else clashed so now unassigning
24/04/26 02:21:19 WARN fserver.EntityGroup: EntityGroup TestCloseEntityGroupHandler,\x00\x00\x00\x00,1714094479230.54feb9d67011e22ba25a7857ffed1267. already closed
24/04/26 02:21:19 DEBUG handler.CloseEntityGroupHandler: set entityGroup closed state in zk unsuccessfully for entityGroup TestCloseEntityGroupHandler,\x00\x00\x00\x00,1714094479230.54feb9d67011e22ba25a7857ffed1267. sn name: MockServer,123,-1
24/04/26 02:21:19 DEBUG handler.CloseEntityGroupHandler: Closed entityGroup TestCloseEntityGroupHandler,\x00\x00\x00\x00,1714094479230.54feb9d67011e22ba25a7857ffed1267.
24/04/26 02:21:19 DEBUG zookeeper.ZKUtil: MockServer,123,-1-0xff8f17fe177a0000 Retrieved 120 byte(s) of data from znode /wasp/unassigned/54feb9d67011e22ba25a7857ffed1267 and set watcher; entityGroup=TestCloseEntityGroupHandler,\x00\x00\x00\x00,1714094479230.54feb9d67011e22ba25a7857ffed1267., state=M_ZK_ENTITYGROUP_CLOSING, servername=MockServer,123,-1, createTime=1714094479259, payload.length=0
24/04/26 02:21:19 DEBUG zookeeper.ZKUtil: MockServer,123,-1 opening connection to ZooKeeper with ensemble (localhost:54124)
24/04/26 02:21:19 INFO zookeeper.ZooKeeper: Initiating client connection, connectString=localhost:54124 sessionTimeout=180000 watcher=MockServer,123,-1
24/04/26 02:21:19 INFO zookeeper.RecoverableZooKeeper: The identifier of this process is 122151@Lenovo-Bot
24/04/26 02:21:19 INFO server.NIOServerCnxnFactory: Accepted socket connection from /127.0.0.1:41424
24/04/26 02:21:19 DEBUG server.ZooKeeperServer: Session establishment request from client /127.0.0.1:41424 client's lastZxid is 0x0
24/04/26 02:21:19 INFO server.ZooKeeperServer: Client attempting to establish new session at /127.0.0.1:41424
24/04/26 02:21:19 INFO server.ZooKeeperServer: Established session 0xff8f17fe177a0001 with negotiated timeout 40000 for client /127.0.0.1:41424
24/04/26 02:21:19 DEBUG zookeeper.ZooKeeperWatcher: MockServer,123,-1 Received ZooKeeper Event, type=None, state=SyncConnected, path=null
24/04/26 02:21:19 DEBUG zookeeper.ZooKeeperWatcher: MockServer,123,-1-0xff8f17fe177a0001 connected
24/04/26 02:21:19 DEBUG zookeeper.ZKAssign: MockServer,123,-1-0xff8f17fe177a0001 Creating unassigned node for 6559c79193acfef97174ca52cf98166e in OFFLINE state
24/04/26 02:21:19 DEBUG zookeeper.ZKAssign: MockServer,123,-1-0xff8f17fe177a0001 Attempting to transition node 6559c79193acfef97174ca52cf98166e from M_ZK_ENTITYGROUP_OFFLINE to FSERVER_ZK_ENTITYGROUP_OPENING
24/04/26 02:21:19 DEBUG zookeeper.ZKUtil: MockServer,123,-1-0xff8f17fe177a0001 Retrieved 118 byte(s) of data from znode /wasp/unassigned/6559c79193acfef97174ca52cf98166e; data=entityGroup=TestCloseEntityGroupHandler,\x00\x00\x00\x00,1714094479263.6559c79193acfef97174ca52cf98166e., state=M_ZK_ENTITYGROUP_OFFLINE, servername=MockServer,123,-1, createTime=1714094479270, payload.length=0
24/04/26 02:21:19 DEBUG zookeeper.ZKAssign: MockServer,123,-1-0xff8f17fe177a0001 Successfully transitioned node 6559c79193acfef97174ca52cf98166e from M_ZK_ENTITYGROUP_OFFLINE to FSERVER_ZK_ENTITYGROUP_OPENING
24/04/26 02:21:19 DEBUG zookeeper.ZooKeeperWatcher: MockServer,123,-1-0xff8f17fe177a0001 Received ZooKeeper Event, type=NodeDataChanged, state=SyncConnected, path=/wasp/unassigned/6559c79193acfef97174ca52cf98166e
24/04/26 02:21:19 INFO fserver.EntityGroup: EntityGroup.openEntityGroup EntityGroup name ==TestCloseEntityGroupHandler,\x00\x00\x00\x00,1714094479263.6559c79193acfef97174ca52cf98166e.
24/04/26 02:21:19 DEBUG fserver.EntityGroup: Opening EntityGroup: {NAME => 'TestCloseEntityGroupHandler,\x00\x00\x00\x00,1714094479263.6559c79193acfef97174ca52cf98166e.', STARTKEY => '\x00\x00\x00\x00', ENDKEY => '\x00\x00\x00\x01', ENCODED => 6559c79193acfef97174ca52cf98166e,}
24/04/26 02:21:19 DEBUG fserver.MetricsEntityGroupSourceImpl: Creating new MetricsEntityGroupSourceImpl for table TestCloseEntityGroupHandler 6559c79193acfef97174ca52cf98166e
24/04/26 02:21:19 DEBUG fserver.EntityGroup: Instantiated TestCloseEntityGroupHandler,\x00\x00\x00\x00,1714094479263.6559c79193acfef97174ca52cf98166e.
24/04/26 02:21:19 DEBUG zookeeper.ZKAssign: MockServer,123,-1-0xff8f17fe177a0001 Attempting to transition node 6559c79193acfef97174ca52cf98166e from FSERVER_ZK_ENTITYGROUP_OPENING to FSERVER_ZK_ENTITYGROUP_OPENING
24/04/26 02:21:19 ERROR server.NIOServerCnxnFactory: Thread Thread[Thread-256,5,main] died
java.lang.NullPointerException
	at com.alibaba.wasp.fserver.EntityGroup.run(EntityGroup.java:1264)
	at java.lang.Thread.run(Thread.java:750)
24/04/26 02:21:19 DEBUG zookeeper.ZKUtil: MockServer,123,-1-0xff8f17fe177a0001 Retrieved 118 byte(s) of data from znode /wasp/unassigned/6559c79193acfef97174ca52cf98166e; data=entityGroup=TestCloseEntityGroupHandler,\x00\x00\x00\x00,1714094479263.6559c79193acfef97174ca52cf98166e., state=FSERVER_ZK_ENTITYGROUP_OPENING, servername=MockServer,123,-1, createTime=1714094479272, payload.length=0
24/04/26 02:21:19 DEBUG zookeeper.ZKAssign: MockServer,123,-1-0xff8f17fe177a0001 Successfully transitioned node 6559c79193acfef97174ca52cf98166e from FSERVER_ZK_ENTITYGROUP_OPENING to FSERVER_ZK_ENTITYGROUP_OPENING
24/04/26 02:21:19 DEBUG zookeeper.ZKAssign: MockServer,123,-1-0xff8f17fe177a0001 Attempting to transition node 6559c79193acfef97174ca52cf98166e from FSERVER_ZK_ENTITYGROUP_OPENING to FSERVER_ZK_ENTITYGROUP_OPENED
24/04/26 02:21:19 DEBUG zookeeper.ZKUtil: MockServer,123,-1-0xff8f17fe177a0001 Retrieved 118 byte(s) of data from znode /wasp/unassigned/6559c79193acfef97174ca52cf98166e; data=entityGroup=TestCloseEntityGroupHandler,\x00\x00\x00\x00,1714094479263.6559c79193acfef97174ca52cf98166e., state=FSERVER_ZK_ENTITYGROUP_OPENING, servername=MockServer,123,-1, createTime=1714094479276, payload.length=0
24/04/26 02:21:19 DEBUG zookeeper.ZKAssign: MockServer,123,-1-0xff8f17fe177a0001 Successfully transitioned node 6559c79193acfef97174ca52cf98166e from FSERVER_ZK_ENTITYGROUP_OPENING to FSERVER_ZK_ENTITYGROUP_OPENED
24/04/26 02:21:19 DEBUG handler.OpenEntityGroupHandler: entityGroup transitioned to opened in zookeeper: {NAME => 'TestCloseEntityGroupHandler,\x00\x00\x00\x00,1714094479263.6559c79193acfef97174ca52cf98166e.', STARTKEY => '\x00\x00\x00\x00', ENDKEY => '\x00\x00\x00\x01', ENCODED => 6559c79193acfef97174ca52cf98166e,}, server: MockServer,123,-1
24/04/26 02:21:19 DEBUG handler.OpenEntityGroupHandler: Opened TestCloseEntityGroupHandler,\x00\x00\x00\x00,1714094479263.6559c79193acfef97174ca52cf98166e. on server:MockServer,123,-1
24/04/26 02:21:19 DEBUG zookeeper.ZKUtil: MockServer,123,-1-0xff8f17fe177a0001 Retrieved 118 byte(s) of data from znode /wasp/unassigned/6559c79193acfef97174ca52cf98166e and set watcher; entityGroup=TestCloseEntityGroupHandler,\x00\x00\x00\x00,1714094479263.6559c79193acfef97174ca52cf98166e., state=FSERVER_ZK_ENTITYGROUP_OPENED, servername=MockServer,123,-1, createTime=1714094479278, payload.length=0
24/04/26 02:21:19 DEBUG zookeeper.ZKAssign: MockServer,123,-1-0xff8f17fe177a0001 Deleting existing unassigned node for 6559c79193acfef97174ca52cf98166e that is in expected state FSERVER_ZK_ENTITYGROUP_OPENED
24/04/26 02:21:19 DEBUG zookeeper.ZKUtil: MockServer,123,-1-0xff8f17fe177a0001 Retrieved 118 byte(s) of data from znode /wasp/unassigned/6559c79193acfef97174ca52cf98166e; data=entityGroup=TestCloseEntityGroupHandler,\x00\x00\x00\x00,1714094479263.6559c79193acfef97174ca52cf98166e., state=FSERVER_ZK_ENTITYGROUP_OPENED, servername=MockServer,123,-1, createTime=1714094479278, payload.length=0
24/04/26 02:21:19 DEBUG zookeeper.ZooKeeperWatcher: MockServer,123,-1-0xff8f17fe177a0001 Received ZooKeeper Event, type=NodeDeleted, state=SyncConnected, path=/wasp/unassigned/6559c79193acfef97174ca52cf98166e
24/04/26 02:21:19 DEBUG zookeeper.ZKAssign: MockServer,123,-1-0xff8f17fe177a0001 Successfully deleted unassigned node for entityGroup 6559c79193acfef97174ca52cf98166e in expected state FSERVER_ZK_ENTITYGROUP_OPENED
24/04/26 02:21:19 DEBUG zookeeper.ZKAssign: MockServer,123,-1-0xff8f17fe177a0001 Creating unassigned node for 6559c79193acfef97174ca52cf98166e in a CLOSING state
24/04/26 02:21:19 DEBUG handler.CloseEntityGroupHandler: Processing close of TestCloseEntityGroupHandler,\x00\x00\x00\x00,1714094479263.6559c79193acfef97174ca52cf98166e.
24/04/26 02:21:19 DEBUG fserver.EntityGroup: Closing TestCloseEntityGroupHandler,\x00\x00\x00\x00,1714094479263.6559c79193acfef97174ca52cf98166e.
24/04/26 02:21:19 DEBUG fserver.EntityGroup: Updates disabled for entityGroup TestCloseEntityGroupHandler,\x00\x00\x00\x00,1714094479263.6559c79193acfef97174ca52cf98166e.
24/04/26 02:21:19 INFO fserver.EntityGroup: Running commit transaction of TestCloseEntityGroupHandler,\x00\x00\x00\x00,1714094479263.6559c79193acfef97174ca52cf98166e. before close
24/04/26 02:21:19 INFO fserver.EntityGroup: Closed TestCloseEntityGroupHandler,\x00\x00\x00\x00,1714094479263.6559c79193acfef97174ca52cf98166e.
24/04/26 02:21:19 DEBUG zookeeper.ZKAssign: MockServer,123,-1-0xff8f17fe177a0001 Attempting to transition node 6559c79193acfef97174ca52cf98166e from M_ZK_ENTITYGROUP_CLOSING to FSERVER_ZK_ENTITYGROUP_CLOSED
24/04/26 02:21:19 DEBUG zookeeper.ZKUtil: MockServer,123,-1-0xff8f17fe177a0001 Retrieved 120 byte(s) of data from znode /wasp/unassigned/6559c79193acfef97174ca52cf98166e; data=entityGroup=TestCloseEntityGroupHandler,\x00\x00\x00\x00,1714094479263.6559c79193acfef97174ca52cf98166e., state=M_ZK_ENTITYGROUP_CLOSING, servername=MockServer,123,-1, createTime=1714094479281, payload.length=0
24/04/26 02:21:19 DEBUG zookeeper.ZooKeeperWatcher: MockServer,123,-1-0xff8f17fe177a0001 Received ZooKeeper Event, type=NodeDataChanged, state=SyncConnected, path=/wasp/unassigned/6559c79193acfef97174ca52cf98166e
24/04/26 02:21:19 DEBUG zookeeper.ZKAssign: MockServer,123,-1-0xff8f17fe177a0001 Successfully transitioned node 6559c79193acfef97174ca52cf98166e from M_ZK_ENTITYGROUP_CLOSING to FSERVER_ZK_ENTITYGROUP_CLOSED
24/04/26 02:21:19 DEBUG handler.CloseEntityGroupHandler: set entityGroup closed state in zk successfully for entityGroup TestCloseEntityGroupHandler,\x00\x00\x00\x00,1714094479263.6559c79193acfef97174ca52cf98166e. sn name: MockServer,123,-1
24/04/26 02:21:19 DEBUG handler.CloseEntityGroupHandler: Closed entityGroup TestCloseEntityGroupHandler,\x00\x00\x00\x00,1714094479263.6559c79193acfef97174ca52cf98166e.
24/04/26 02:21:19 DEBUG zookeeper.ZKUtil: MockServer,123,-1-0xff8f17fe177a0001 Retrieved 118 byte(s) of data from znode /wasp/unassigned/6559c79193acfef97174ca52cf98166e and set watcher; entityGroup=TestCloseEntityGroupHandler,\x00\x00\x00\x00,1714094479263.6559c79193acfef97174ca52cf98166e., state=FSERVER_ZK_ENTITYGROUP_CLOSED, servername=MockServer,123,-1, createTime=1714094479284, payload.length=0
24/04/26 02:21:19 INFO fserver.EntityGroup: creating EntityGroup TestCloseEntityGroupHandler Table == CREATE TABLE TestCloseEntityGroupHandler { 
  REQUIRED INT32 column1 COLUMNFAMILY d;
  REQUIRED INT64 column2 COLUMNFAMILY d;
  REQUIRED STRING column3 COLUMNFAMILY d;
  OPTIONAL FLOAT column4 COLUMNFAMILY d;
  OPTIONAL DOUBLE column5 COLUMNFAMILY d;
  OPTIONAL DATETIME column6 COLUMNFAMILY d;
  REPEATED PROTOBUF column7 COLUMNFAMILY d;
  OPTIONAL STRING column8 COLUMNFAMILY d;
} 
PRIMARY KEY(column1),
ENTITY GROUP ROOT,
ENTITY GROUP KEY(column1);
 Table name == TestCloseEntityGroupHandler
24/04/26 02:21:19 DEBUG fserver.MetricsEntityGroupSourceImpl: Creating new MetricsEntityGroupSourceImpl for table TestCloseEntityGroupHandler abca05e8273540ccbaa31cbd3526be06
24/04/26 02:21:19 DEBUG fserver.EntityGroup: Instantiated TestCloseEntityGroupHandler,,1714094479286.abca05e8273540ccbaa31cbd3526be06.
24/04/26 02:21:19 ERROR server.NIOServerCnxnFactory: Thread Thread[Thread-259,5,main] died
java.lang.NullPointerException
	at com.alibaba.wasp.fserver.EntityGroup.run(EntityGroup.java:1264)
	at java.lang.Thread.run(Thread.java:750)
24/04/26 02:21:19 DEBUG fserver.EntityGroup: Closing TestCloseEntityGroupHandler,,1714094479286.abca05e8273540ccbaa31cbd3526be06.
24/04/26 02:21:19 DEBUG fserver.EntityGroup: Updates disabled for entityGroup TestCloseEntityGroupHandler,,1714094479286.abca05e8273540ccbaa31cbd3526be06.
24/04/26 02:21:19 INFO fserver.EntityGroup: Running commit transaction of TestCloseEntityGroupHandler,,1714094479286.abca05e8273540ccbaa31cbd3526be06. before close
24/04/26 02:21:19 INFO fserver.EntityGroup: Closed TestCloseEntityGroupHandler,,1714094479286.abca05e8273540ccbaa31cbd3526be06.
24/04/26 02:21:19 DEBUG handler.CloseEntityGroupHandler: Processing close of TestCloseEntityGroupHandler,,1714094479286.abca05e8273540ccbaa31cbd3526be06.
24/04/26 02:21:19 FATAL util.MockServer: Abort why=Unrecoverable exception while closing entityGroup TestCloseEntityGroupHandler,,1714094479286.abca05e8273540ccbaa31cbd3526be06., still finishing close
java.lang.RuntimeException: Mocked failed close!
	at com.alibaba.wasp.fserver.handler.CloseEntityGroupHandler.process(CloseEntityGroupHandler.java:103)
	at com.alibaba.wasp.fserver.handler.TestCloseEntityGroupHandler.testFailedCommitAborts(TestCloseEntityGroupHandler.java:122)
	at sun.reflect.NativeMethodAccessorImpl.invoke0(Native Method)
	at sun.reflect.NativeMethodAccessorImpl.invoke(NativeMethodAccessorImpl.java:62)
	at sun.reflect.DelegatingMethodAccessorImpl.invoke(DelegatingMethodAccessorImpl.java:43)
	at java.lang.reflect.Method.invoke(Method.java:498)
	at org.junit.runners.model.FrameworkMethod$1.runReflectiveCall(FrameworkMethod.java:45)
	at org.junit.internal.runners.model.ReflectiveCallable.run(ReflectiveCallable.java:15)
	at org.junit.runners.model.FrameworkMethod.invokeExplosively(FrameworkMethod.java:42)
	at org.junit.internal.runners.statements.InvokeMethod.evaluate(InvokeMethod.java:20)
	at org.junit.internal.runners.statements.RunBefores.evaluate(RunBefores.java:28)
	at org.junit.runners.ParentRunner.runLeaf(ParentRunner.java:263)
	at org.junit.runners.BlockJUnit4ClassRunner.runChild(BlockJUnit4ClassRunner.java:68)
	at org.junit.runners.BlockJUnit4ClassRunner.runChild(BlockJUnit4ClassRunner.java:47)
	at org.junit.runners.ParentRunner$3.run(ParentRunner.java:231)
	at org.junit.runners.ParentRunner$1.schedule(ParentRunner.java:60)
	at org.junit.runners.ParentRunner.runChildren(ParentRunner.java:229)
	at org.junit.runners.ParentRunner.access$000(ParentRunner.java:50)
	at org.junit.runners.ParentRunner$2.evaluate(ParentRunner.java:222)
	at org.junit.internal.runners.statements.RunBefores.evaluate(RunBefores.java:28)
	at org.junit.internal.runners.statements.RunAfters.evaluate(RunAfters.java:30)
	at org.junit.runners.ParentRunner.run(ParentRunner.java:300)
	at org.junit.runners.Suite.runChild(Suite.java:128)
	at org.junit.runners.Suite.runChild(Suite.java:24)
	at org.junit.runners.ParentRunner$3.run(ParentRunner.java:231)
	at org.junit.runners.ParentRunner$1.schedule(ParentRunner.java:60)
	at org.junit.runners.ParentRunner.runChildren(ParentRunner.java:229)
	at org.junit.runners.ParentRunner.access$000(ParentRunner.java:50)
	at org.junit.runners.ParentRunner$2.evaluate(ParentRunner.java:222)
	at org.junit.runners.ParentRunner.run(ParentRunner.java:300)
	at org.junit.runner.JUnitCore.run(JUnitCore.java:157)
	at org.junit.runner.JUnitCore.run(JUnitCore.java:136)
	at edu.illinois.cs.testrunner.execution.JUnitTestExecutor.execute(JUnitTestExecutor.java:259)
	at edu.illinois.cs.testrunner.execution.JUnitTestExecutor.executeWithJUnit4Runner(JUnitTestExecutor.java:327)
	at edu.illinois.cs.testrunner.execution.JUnitTestExecutor.runOrder(JUnitTestExecutor.java:49)
	at edu.illinois.cs.testrunner.execution.Executor$.$anonfun$run$1(Executor.scala:30)
	at scala.runtime.java8.JFunction0$mcV$sp.apply(JFunction0$mcV$sp.java:12)
	at scala.util.Try$.apply(Try.scala:209)
	at edu.illinois.cs.testrunner.execution.Executor$.run(Executor.scala:28)
	at edu.illinois.cs.testrunner.execution.Executor$.main(Executor.scala:18)
	at edu.illinois.cs.testrunner.execution.Executor.main(Executor.scala)
24/04/26 02:21:19 DEBUG util.MockServer: Stop why=Unrecoverable exception while closing entityGroup TestCloseEntityGroupHandler,,1714094479286.abca05e8273540ccbaa31cbd3526be06., still finishing close
24/04/26 02:21:19 WARN fserver.EntityGroup: EntityGroup TestCloseEntityGroupHandler,,1714094479286.abca05e8273540ccbaa31cbd3526be06. already closed
24/04/26 02:21:19 INFO server.NIOServerCnxn: Closed socket connection for client /127.0.0.1:41422 which had sessionid 0xff8f17fe177a0000
24/04/26 02:21:19 INFO server.NIOServerCnxn: Closed socket connection for client /127.0.0.1:41424 which had sessionid 0xff8f17fe177a0001
24/04/26 02:21:19 INFO server.NIOServerCnxnFactory: NIOServerCnxn factory exited run method
24/04/26 02:21:19 INFO server.ZooKeeperServer: shutting down
24/04/26 02:21:19 INFO server.SessionTrackerImpl: Shutting down
24/04/26 02:21:19 INFO server.PrepRequestProcessor: Shutting down
24/04/26 02:21:19 INFO server.SyncRequestProcessor: Shutting down
24/04/26 02:21:19 INFO server.SyncRequestProcessor: SyncRequestProcessor exited!
24/04/26 02:21:19 INFO server.PrepRequestProcessor: PrepRequestProcessor exited loop!
24/04/26 02:21:19 INFO server.FinalRequestProcessor: shutdown of request processor complete
java.lang.NullPointerException
	at com.alibaba.wasp.protobuf.generated.MetaProtos$GetActionProto$Builder.setSessionId(MetaProtos.java:6187)
	at com.alibaba.wasp.plan.action.GetAction.convert(GetAction.java:97)
	at com.alibaba.wasp.protobuf.ProtobufUtil.toGetActionProto(ProtobufUtil.java:466)
	at com.alibaba.wasp.protobuf.TestProtobufUtil.testGet(TestProtobufUtil.java:103)
	at sun.reflect.NativeMethodAccessorImpl.invoke0(Native Method)
	at sun.reflect.NativeMethodAccessorImpl.invoke(NativeMethodAccessorImpl.java:62)
	at sun.reflect.DelegatingMethodAccessorImpl.invoke(DelegatingMethodAccessorImpl.java:43)
	at java.lang.reflect.Method.invoke(Method.java:498)
	at org.junit.runners.model.FrameworkMethod$1.runReflectiveCall(FrameworkMethod.java:45)
	at org.junit.internal.runners.model.ReflectiveCallable.run(ReflectiveCallable.java:15)
	at org.junit.runners.model.FrameworkMethod.invokeExplosively(FrameworkMethod.java:42)
	at org.junit.internal.runners.statements.InvokeMethod.evaluate(InvokeMethod.java:20)
	at org.junit.runners.ParentRunner.runLeaf(ParentRunner.java:263)
	at org.junit.runners.BlockJUnit4ClassRunner.runChild(BlockJUnit4ClassRunner.java:68)
	at org.junit.runners.BlockJUnit4ClassRunner.runChild(BlockJUnit4ClassRunner.java:47)
	at org.junit.runners.ParentRunner$3.run(ParentRunner.java:231)
	at org.junit.runners.ParentRunner$1.schedule(ParentRunner.java:60)
	at org.junit.runners.ParentRunner.runChildren(ParentRunner.java:229)
	at org.junit.runners.ParentRunner.access$000(ParentRunner.java:50)
	at org.junit.runners.ParentRunner$2.evaluate(ParentRunner.java:222)
	at org.junit.runners.ParentRunner.run(ParentRunner.java:300)
	at org.junit.runners.Suite.runChild(Suite.java:128)
	at org.junit.runners.Suite.runChild(Suite.java:24)
	at org.junit.runners.ParentRunner$3.run(ParentRunner.java:231)
	at org.junit.runners.ParentRunner$1.schedule(ParentRunner.java:60)
	at org.junit.runners.ParentRunner.runChildren(ParentRunner.java:229)
	at org.junit.runners.ParentRunner.access$000(ParentRunner.java:50)
	at org.junit.runners.ParentRunner$2.evaluate(ParentRunner.java:222)
	at org.junit.runners.ParentRunner.run(ParentRunner.java:300)
	at org.junit.runner.JUnitCore.run(JUnitCore.java:157)
	at org.junit.runner.JUnitCore.run(JUnitCore.java:136)
	at edu.illinois.cs.testrunner.execution.JUnitTestExecutor.execute(JUnitTestExecutor.java:259)
	at edu.illinois.cs.testrunner.execution.JUnitTestExecutor.executeWithJUnit4Runner(JUnitTestExecutor.java:327)
	at edu.illinois.cs.testrunner.execution.JUnitTestExecutor.runOrder(JUnitTestExecutor.java:49)
	at edu.illinois.cs.testrunner.execution.Executor$.$anonfun$run$1(Executor.scala:30)
	at scala.runtime.java8.JFunction0$mcV$sp.apply(JFunction0$mcV$sp.java:12)
	at scala.util.Try$.apply(Try.scala:209)
	at edu.illinois.cs.testrunner.execution.Executor$.run(Executor.scala:28)
	at edu.illinois.cs.testrunner.execution.Executor$.main(Executor.scala:18)
	at edu.illinois.cs.testrunner.execution.Executor.main(Executor.scala)
java.lang.NullPointerException
	at com.alibaba.wasp.protobuf.generated.MetaProtos$UpdateActionProto$Builder.setSessionId(MetaProtos.java:10088)
	at com.alibaba.wasp.plan.action.UpdateAction.convert(UpdateAction.java:113)
	at com.alibaba.wasp.protobuf.ProtobufUtil.convertUpdateAction(ProtobufUtil.java:559)
	at com.alibaba.wasp.protobuf.TestProtobufUtil.testUpdate(TestProtobufUtil.java:83)
	at sun.reflect.NativeMethodAccessorImpl.invoke0(Native Method)
	at sun.reflect.NativeMethodAccessorImpl.invoke(NativeMethodAccessorImpl.java:62)
	at sun.reflect.DelegatingMethodAccessorImpl.invoke(DelegatingMethodAccessorImpl.java:43)
	at java.lang.reflect.Method.invoke(Method.java:498)
	at org.junit.runners.model.FrameworkMethod$1.runReflectiveCall(FrameworkMethod.java:45)
	at org.junit.internal.runners.model.ReflectiveCallable.run(ReflectiveCallable.java:15)
	at org.junit.runners.model.FrameworkMethod.invokeExplosively(FrameworkMethod.java:42)
	at org.junit.internal.runners.statements.InvokeMethod.evaluate(InvokeMethod.java:20)
	at org.junit.runners.ParentRunner.runLeaf(ParentRunner.java:263)
	at org.junit.runners.BlockJUnit4ClassRunner.runChild(BlockJUnit4ClassRunner.java:68)
	at org.junit.runners.BlockJUnit4ClassRunner.runChild(BlockJUnit4ClassRunner.java:47)
	at org.junit.runners.ParentRunner$3.run(ParentRunner.java:231)
	at org.junit.runners.ParentRunner$1.schedule(ParentRunner.java:60)
	at org.junit.runners.ParentRunner.runChildren(ParentRunner.java:229)
	at org.junit.runners.ParentRunner.access$000(ParentRunner.java:50)
	at org.junit.runners.ParentRunner$2.evaluate(ParentRunner.java:222)
	at org.junit.runners.ParentRunner.run(ParentRunner.java:300)
	at org.junit.runners.Suite.runChild(Suite.java:128)
	at org.junit.runners.Suite.runChild(Suite.java:24)
	at org.junit.runners.ParentRunner$3.run(ParentRunner.java:231)
	at org.junit.runners.ParentRunner$1.schedule(ParentRunner.java:60)
	at org.junit.runners.ParentRunner.runChildren(ParentRunner.java:229)
	at org.junit.runners.ParentRunner.access$000(ParentRunner.java:50)
	at org.junit.runners.ParentRunner$2.evaluate(ParentRunner.java:222)
	at org.junit.runners.ParentRunner.run(ParentRunner.java:300)
	at org.junit.runner.JUnitCore.run(JUnitCore.java:157)
	at org.junit.runner.JUnitCore.run(JUnitCore.java:136)
	at edu.illinois.cs.testrunner.execution.JUnitTestExecutor.execute(JUnitTestExecutor.java:259)
	at edu.illinois.cs.testrunner.execution.JUnitTestExecutor.executeWithJUnit4Runner(JUnitTestExecutor.java:327)
	at edu.illinois.cs.testrunner.execution.JUnitTestExecutor.runOrder(JUnitTestExecutor.java:49)
	at edu.illinois.cs.testrunner.execution.Executor$.$anonfun$run$1(Executor.scala:30)
	at scala.runtime.java8.JFunction0$mcV$sp.apply(JFunction0$mcV$sp.java:12)
	at scala.util.Try$.apply(Try.scala:209)
	at edu.illinois.cs.testrunner.execution.Executor$.run(Executor.scala:28)
	at edu.illinois.cs.testrunner.execution.Executor$.main(Executor.scala:18)
	at edu.illinois.cs.testrunner.execution.Executor.main(Executor.scala)
24/04/26 02:21:19 INFO wasp.WaspTestingUtility: Starting up minicluster with 1 master(s) and 3 fserver(s) 
24/04/26 02:21:19 DEBUG zookeeper.ZooKeeperWatcher: MockServer,123,-1-0xff8f17fe177a0000 Received ZooKeeper Event, type=None, state=Disconnected, path=null
24/04/26 02:21:19 DEBUG zookeeper.ZooKeeperWatcher: MockServer,123,-1-0xff8f17fe177a0000 Received Disconnected from ZooKeeper, ignoring
24/04/26 02:21:19 DEBUG zookeeper.ZooKeeperWatcher: MockServer,123,-1-0xff8f17fe177a0001 Received ZooKeeper Event, type=None, state=Disconnected, path=null
24/04/26 02:21:19 DEBUG zookeeper.ZooKeeperWatcher: MockServer,123,-1-0xff8f17fe177a0001 Received Disconnected from ZooKeeper, ignoring
Starting DataNode 0 with dfs.data.dir: /home/alex/Repositories/wasp/target/test-data/244cd6b0-fc2d-43f0-bc31-7f66bdea56e3/dfscluster_6a37ea29-a31f-4f2d-953b-39ed9dd23618/dfs/data/data1,/home/alex/Repositories/wasp/target/test-data/244cd6b0-fc2d-43f0-bc31-7f66bdea56e3/dfscluster_6a37ea29-a31f-4f2d-953b-39ed9dd23618/dfs/data/data2
24/04/26 02:21:19 ERROR datanode.DataNode: All directories in dfs.data.dir are invalid.
24/04/26 02:21:19 INFO wasp.WaspTestingUtility: Shutting down mini wasp cluster
24/04/26 02:21:19 INFO wasp.WaspTestingUtility: Minicluster is down
java.lang.NullPointerException
	at org.apache.hadoop.hdfs.MiniDFSCluster.startDataNodes(MiniDFSCluster.java:422)
	at org.apache.hadoop.hdfs.MiniDFSCluster.<init>(MiniDFSCluster.java:280)
	at org.apache.hadoop.hbase.HBaseTestingUtility.startMiniDFSCluster(HBaseTestingUtility.java:451)
	at org.apache.hadoop.hbase.HBaseTestingUtility.startMiniCluster(HBaseTestingUtility.java:619)
	at org.apache.hadoop.hbase.HBaseTestingUtility.startMiniCluster(HBaseTestingUtility.java:575)
	at com.alibaba.wasp.WaspTestingUtility.startMiniCluster(WaspTestingUtility.java:172)
	at com.alibaba.wasp.WaspTestingUtility.startMiniCluster(WaspTestingUtility.java:144)
	at com.alibaba.wasp.client.TestAdmin.setUpBeforeClass(TestAdmin.java:91)
	at sun.reflect.NativeMethodAccessorImpl.invoke0(Native Method)
	at sun.reflect.NativeMethodAccessorImpl.invoke(NativeMethodAccessorImpl.java:62)
	at sun.reflect.DelegatingMethodAccessorImpl.invoke(DelegatingMethodAccessorImpl.java:43)
	at java.lang.reflect.Method.invoke(Method.java:498)
	at org.junit.runners.model.FrameworkMethod$1.runReflectiveCall(FrameworkMethod.java:45)
	at org.junit.internal.runners.model.ReflectiveCallable.run(ReflectiveCallable.java:15)
	at org.junit.runners.model.FrameworkMethod.invokeExplosively(FrameworkMethod.java:42)
	at org.junit.internal.runners.statements.RunBefores.evaluate(RunBefores.java:27)
	at org.junit.internal.runners.statements.RunAfters.evaluate(RunAfters.java:30)
	at org.junit.runners.ParentRunner.run(ParentRunner.java:300)
	at org.junit.runners.Suite.runChild(Suite.java:128)
	at org.junit.runners.Suite.runChild(Suite.java:24)
	at org.junit.runners.ParentRunner$3.run(ParentRunner.java:231)
	at org.junit.runners.ParentRunner$1.schedule(ParentRunner.java:60)
	at org.junit.runners.ParentRunner.runChildren(ParentRunner.java:229)
	at org.junit.runners.ParentRunner.access$000(ParentRunner.java:50)
	at org.junit.runners.ParentRunner$2.evaluate(ParentRunner.java:222)
	at org.junit.runners.ParentRunner.run(ParentRunner.java:300)
	at org.junit.runner.JUnitCore.run(JUnitCore.java:157)
	at org.junit.runner.JUnitCore.run(JUnitCore.java:136)
	at edu.illinois.cs.testrunner.execution.JUnitTestExecutor.execute(JUnitTestExecutor.java:259)
	at edu.illinois.cs.testrunner.execution.JUnitTestExecutor.executeWithJUnit4Runner(JUnitTestExecutor.java:327)
	at edu.illinois.cs.testrunner.execution.JUnitTestExecutor.runOrder(JUnitTestExecutor.java:49)
	at edu.illinois.cs.testrunner.execution.Executor$.$anonfun$run$1(Executor.scala:30)
	at scala.runtime.java8.JFunction0$mcV$sp.apply(JFunction0$mcV$sp.java:12)
	at scala.util.Try$.apply(Try.scala:209)
	at edu.illinois.cs.testrunner.execution.Executor$.run(Executor.scala:28)
	at edu.illinois.cs.testrunner.execution.Executor$.main(Executor.scala:18)
	at edu.illinois.cs.testrunner.execution.Executor.main(Executor.scala)
