24/04/26 02:25:34 INFO wasp.WaspTestingUtility: Starting up minicluster with 1 master(s) and 3 fserver(s) 
Starting DataNode 0 with dfs.data.dir: /home/alex/Repositories/wasp/target/test-data/42b33b4c-2c04-4283-84f6-fa9b210f7647/dfscluster_1d05d306-2952-4b58-8f13-dff182de6eee/dfs/data/data1,/home/alex/Repositories/wasp/target/test-data/42b33b4c-2c04-4283-84f6-fa9b210f7647/dfscluster_1d05d306-2952-4b58-8f13-dff182de6eee/dfs/data/data2
24/04/26 02:25:35 ERROR datanode.DataNode: All directories in dfs.data.dir are invalid.
24/04/26 02:25:35 INFO wasp.WaspTestingUtility: Shutting down mini wasp cluster
24/04/26 02:25:35 INFO wasp.WaspTestingUtility: Minicluster is down
java.lang.NullPointerException
	at org.apache.hadoop.hdfs.MiniDFSCluster.startDataNodes(MiniDFSCluster.java:422)
	at org.apache.hadoop.hdfs.MiniDFSCluster.<init>(MiniDFSCluster.java:280)
	at org.apache.hadoop.hbase.HBaseTestingUtility.startMiniDFSCluster(HBaseTestingUtility.java:451)
	at org.apache.hadoop.hbase.HBaseTestingUtility.startMiniCluster(HBaseTestingUtility.java:619)
	at org.apache.hadoop.hbase.HBaseTestingUtility.startMiniCluster(HBaseTestingUtility.java:575)
	at com.alibaba.wasp.WaspTestingUtility.startMiniCluster(WaspTestingUtility.java:172)
	at com.alibaba.wasp.WaspTestingUtility.startMiniCluster(WaspTestingUtility.java:144)
	at com.alibaba.wasp.client.TestFromClientSide.setUpBeforeClass(TestFromClientSide.java:83)
	at sun.reflect.NativeMethodAccessorImpl.invoke0(Native Method)
	at sun.reflect.NativeMethodAccessorImpl.invoke(NativeMethodAccessorImpl.java:62)
	at sun.reflect.DelegatingMethodAccessorImpl.invoke(DelegatingMethodAccessorImpl.java:43)
	at java.lang.reflect.Method.invoke(Method.java:498)
	at org.junit.runners.model.FrameworkMethod$1.runReflectiveCall(FrameworkMethod.java:45)
	at org.junit.internal.runners.model.ReflectiveCallable.run(ReflectiveCallable.java:15)
	at org.junit.runners.model.FrameworkMethod.invokeExplosively(FrameworkMethod.java:42)
	at org.junit.internal.runners.statements.RunBefores.evaluate(RunBefores.java:27)
	at org.junit.internal.runners.statements.RunAfters.evaluate(RunAfters.java:30)
	at org.junit.runners.ParentRunner.run(ParentRunner.java:300)
	at org.junit.runners.Suite.runChild(Suite.java:128)
	at org.junit.runners.Suite.runChild(Suite.java:24)
	at org.junit.runners.ParentRunner$3.run(ParentRunner.java:231)
	at org.junit.runners.ParentRunner$1.schedule(ParentRunner.java:60)
	at org.junit.runners.ParentRunner.runChildren(ParentRunner.java:229)
	at org.junit.runners.ParentRunner.access$000(ParentRunner.java:50)
	at org.junit.runners.ParentRunner$2.evaluate(ParentRunner.java:222)
	at org.junit.runners.ParentRunner.run(ParentRunner.java:300)
	at org.junit.runner.JUnitCore.run(JUnitCore.java:157)
	at org.junit.runner.JUnitCore.run(JUnitCore.java:136)
	at edu.illinois.cs.testrunner.execution.JUnitTestExecutor.execute(JUnitTestExecutor.java:259)
	at edu.illinois.cs.testrunner.execution.JUnitTestExecutor.executeWithJUnit4Runner(JUnitTestExecutor.java:327)
	at edu.illinois.cs.testrunner.execution.JUnitTestExecutor.runOrder(JUnitTestExecutor.java:49)
	at edu.illinois.cs.testrunner.execution.Executor$.$anonfun$run$1(Executor.scala:30)
	at scala.runtime.java8.JFunction0$mcV$sp.apply(JFunction0$mcV$sp.java:12)
	at scala.util.Try$.apply(Try.scala:209)
	at edu.illinois.cs.testrunner.execution.Executor$.run(Executor.scala:28)
	at edu.illinois.cs.testrunner.execution.Executor$.main(Executor.scala:18)
	at edu.illinois.cs.testrunner.execution.Executor.main(Executor.scala)
24/04/26 02:25:35 DEBUG executor.ExecutorService: Starting executor service name=MASTER_SERVER_OPERATIONS-unit_test, corePoolSize=5, maxPoolSize=5
24/04/26 02:25:35 INFO executor.TestExecutorService: Running process #2, threadName=MASTER_SERVER_OPERATIONS-unit_test-2
24/04/26 02:25:35 INFO executor.TestExecutorService: Running process #1, threadName=MASTER_SERVER_OPERATIONS-unit_test-0
24/04/26 02:25:35 INFO executor.TestExecutorService: Running process #4, threadName=MASTER_SERVER_OPERATIONS-unit_test-3
24/04/26 02:25:35 INFO executor.TestExecutorService: Running process #3, threadName=MASTER_SERVER_OPERATIONS-unit_test-1
24/04/26 02:25:35 INFO executor.TestExecutorService: Waiting for all event handlers to start...
24/04/26 02:25:35 INFO executor.TestExecutorService: Running process #5, threadName=MASTER_SERVER_OPERATIONS-unit_test-4
24/04/26 02:25:35 INFO executor.TestExecutorService: Got status dump:
Status for executor: Executor-1-MASTER_SERVER_OPERATIONS-unit_test
=======================================
0 events queued, 5 running
Waiting for all event handlers to finish...
Running:
  Running on thread 'MASTER_SERVER_OPERATIONS-unit_test-2': Event #3 of type M_SERVER_SHUTDOWN (class com.alibaba.wasp.executor.TestExecutorService$TestEventHandler)
  Thread 41 (MASTER_SERVER_OPERATIONS-unit_test-2):
    State: WAITING
    Blocked count: 1
    Waited count: 1
    Waiting on java.util.concurrent.atomic.AtomicBoolean@66c92293
    Stack:
      java.lang.Object.wait(Native Method)
      java.lang.Object.wait(Object.java:502)
      com.alibaba.wasp.executor.TestExecutorService$TestEventHandler.process(TestExecutorService.java:167)
      com.alibaba.wasp.executor.EventHandler.run(EventHandler.java:198)
      java.util.concurrent.ThreadPoolExecutor.runWorker(ThreadPoolExecutor.java:1149)
      java.util.concurrent.ThreadPoolExecutor$Worker.run(ThreadPoolExecutor.java:624)
      java.lang.Thread.run(Thread.java:750)

  Running on thread 'MASTER_SERVER_OPERATIONS-unit_test-3': Event #4 of type M_SERVER_SHUTDOWN (class com.alibaba.wasp.executor.TestExecutorService$TestEventHandler)
  Thread 42 (MASTER_SERVER_OPERATIONS-unit_test-3):
    State: WAITING
    Blocked count: 1
    Waited count: 1
    Waiting on java.util.concurrent.atomic.AtomicBoolean@66c92293
    Stack:
      java.lang.Object.wait(Native Method)
      java.lang.Object.wait(Object.java:502)
      com.alibaba.wasp.executor.TestExecutorService$TestEventHandler.process(TestExecutorService.java:167)
      com.alibaba.wasp.executor.EventHandler.run(EventHandler.java:198)
      java.util.concurrent.ThreadPoolExecutor.runWorker(ThreadPoolExecutor.java:1149)
      java.util.concurrent.ThreadPoolExecutor$Worker.run(ThreadPoolExecutor.java:624)
      java.lang.Thread.run(Thread.java:750)

  Running on thread 'MASTER_SERVER_OPERATIONS-unit_test-0': Event #1 of type M_SERVER_SHUTDOWN (class com.alibaba.wasp.executor.TestExecutorService$TestEventHandler)
  Thread 39 (MASTER_SERVER_OPERATIONS-unit_test-0):
    State: WAITING
    Blocked count: 1
    Waited count: 1
    Waiting on java.util.concurrent.atomic.AtomicBoolean@66c92293
    Stack:
      java.lang.Object.wait(Native Method)
      java.lang.Object.wait(Object.java:502)
      com.alibaba.wasp.executor.TestExecutorService$TestEventHandler.process(TestExecutorService.java:167)
      com.alibaba.wasp.executor.EventHandler.run(EventHandler.java:198)
      java.util.concurrent.ThreadPoolExecutor.runWorker(ThreadPoolExecutor.java:1149)
      java.util.concurrent.ThreadPoolExecutor$Worker.run(ThreadPoolExecutor.java:624)
      java.lang.Thread.run(Thread.java:750)

  Running on thread 'MASTER_SERVER_OPERATIONS-unit_test-4': Event #5 of type M_SERVER_SHUTDOWN (class com.alibaba.wasp.executor.TestExecutorService$TestEventHandler)
  Thread 43 (MASTER_SERVER_OPERATIONS-unit_test-4):
    State: WAITING
    Blocked count: 0
    Waited count: 1
    Waiting on java.util.concurrent.atomic.AtomicBoolean@66c92293
    Stack:
      java.lang.Object.wait(Native Method)
      java.lang.Object.wait(Object.java:502)
      com.alibaba.wasp.executor.TestExecutorService$TestEventHandler.process(TestExecutorService.java:167)
      com.alibaba.wasp.executor.EventHandler.run(EventHandler.java:198)
      java.util.concurrent.ThreadPoolExecutor.runWorker(ThreadPoolExecutor.java:1149)
      java.util.concurrent.ThreadPoolExecutor$Worker.run(ThreadPoolExecutor.java:624)
      java.lang.Thread.run(Thread.java:750)

  Running on thread 'MASTER_SERVER_OPERATIONS-unit_test-1': Event #2 of type M_SERVER_SHUTDOWN (class com.alibaba.wasp.executor.TestExecutorService$TestEventHandler)
  Thread 40 (MASTER_SERVER_OPERATIONS-unit_test-1):
    State: WAITING
    Blocked count: 2
    Waited count: 1
    Waiting on java.util.concurrent.atomic.AtomicBoolean@66c92293
    Stack:
      java.lang.Object.wait(Native Method)
      java.lang.Object.wait(Object.java:502)
      com.alibaba.wasp.executor.TestExecutorService$TestEventHandler.process(TestExecutorService.java:167)
      com.alibaba.wasp.executor.EventHandler.run(EventHandler.java:198)
      java.util.concurrent.ThreadPoolExecutor.runWorker(ThreadPoolExecutor.java:1149)
      java.util.concurrent.ThreadPoolExecutor$Worker.run(ThreadPoolExecutor.java:624)
      java.lang.Thread.run(Thread.java:750)


24/04/26 02:25:35 INFO executor.TestExecutorService: Running process #11, threadName=MASTER_SERVER_OPERATIONS-unit_test-4
24/04/26 02:25:35 INFO executor.TestExecutorService: Running process #12, threadName=MASTER_SERVER_OPERATIONS-unit_test-2
24/04/26 02:25:35 INFO executor.TestExecutorService: Running process #14, threadName=MASTER_SERVER_OPERATIONS-unit_test-4
24/04/26 02:25:35 INFO executor.TestExecutorService: Running process #16, threadName=MASTER_SERVER_OPERATIONS-unit_test-0
24/04/26 02:25:35 INFO executor.TestExecutorService: Running process #18, threadName=MASTER_SERVER_OPERATIONS-unit_test-3
24/04/26 02:25:35 INFO executor.TestExecutorService: Running process #21, threadName=MASTER_SERVER_OPERATIONS-unit_test-2
24/04/26 02:25:35 INFO executor.TestExecutorService: Running process #20, threadName=MASTER_SERVER_OPERATIONS-unit_test-1
24/04/26 02:25:35 INFO executor.TestExecutorService: Running process #25, threadName=MASTER_SERVER_OPERATIONS-unit_test-2
24/04/26 02:25:35 INFO executor.TestExecutorService: Running process #23, threadName=MASTER_SERVER_OPERATIONS-unit_test-3
24/04/26 02:25:35 INFO executor.TestExecutorService: Running process #27, threadName=MASTER_SERVER_OPERATIONS-unit_test-1
24/04/26 02:25:37 ERROR executor.ExecutorService: Cannot submit [Event #16 of type M_SERVER_SHUTDOWN (class com.alibaba.wasp.executor.TestExecutorService$TestEventHandler)] because the executor is missing. Is this process shutting down?
24/04/26 02:25:37 INFO wasp.WaspTestingUtility: Starting up minicluster with 1 master(s) and 3 fserver(s) 
Starting DataNode 0 with dfs.data.dir: /home/alex/Repositories/wasp/target/test-data/19ad939e-12d4-4b0f-8e9a-64ad2c8ff547/dfscluster_32c833c6-16fc-4819-8263-0c9c332d3d5f/dfs/data/data1,/home/alex/Repositories/wasp/target/test-data/19ad939e-12d4-4b0f-8e9a-64ad2c8ff547/dfscluster_32c833c6-16fc-4819-8263-0c9c332d3d5f/dfs/data/data2
24/04/26 02:25:38 ERROR datanode.DataNode: All directories in dfs.data.dir are invalid.
24/04/26 02:25:38 INFO wasp.WaspTestingUtility: Shutting down mini wasp cluster
24/04/26 02:25:38 INFO wasp.WaspTestingUtility: Minicluster is down
java.lang.NullPointerException
	at org.apache.hadoop.hdfs.MiniDFSCluster.startDataNodes(MiniDFSCluster.java:422)
	at org.apache.hadoop.hdfs.MiniDFSCluster.<init>(MiniDFSCluster.java:280)
	at org.apache.hadoop.hbase.HBaseTestingUtility.startMiniDFSCluster(HBaseTestingUtility.java:451)
	at org.apache.hadoop.hbase.HBaseTestingUtility.startMiniCluster(HBaseTestingUtility.java:619)
	at org.apache.hadoop.hbase.HBaseTestingUtility.startMiniCluster(HBaseTestingUtility.java:575)
	at com.alibaba.wasp.WaspTestingUtility.startMiniCluster(WaspTestingUtility.java:172)
	at com.alibaba.wasp.WaspTestingUtility.startMiniCluster(WaspTestingUtility.java:144)
	at com.alibaba.wasp.fserver.TestEntityGroup.setUpBeforeClass(TestEntityGroup.java:97)
	at sun.reflect.NativeMethodAccessorImpl.invoke0(Native Method)
	at sun.reflect.NativeMethodAccessorImpl.invoke(NativeMethodAccessorImpl.java:62)
	at sun.reflect.DelegatingMethodAccessorImpl.invoke(DelegatingMethodAccessorImpl.java:43)
	at java.lang.reflect.Method.invoke(Method.java:498)
	at org.junit.runners.model.FrameworkMethod$1.runReflectiveCall(FrameworkMethod.java:45)
	at org.junit.internal.runners.model.ReflectiveCallable.run(ReflectiveCallable.java:15)
	at org.junit.runners.model.FrameworkMethod.invokeExplosively(FrameworkMethod.java:42)
	at org.junit.internal.runners.statements.RunBefores.evaluate(RunBefores.java:27)
	at org.junit.internal.runners.statements.RunAfters.evaluate(RunAfters.java:30)
	at org.junit.runners.ParentRunner.run(ParentRunner.java:300)
	at org.junit.runners.Suite.runChild(Suite.java:128)
	at org.junit.runners.Suite.runChild(Suite.java:24)
	at org.junit.runners.ParentRunner$3.run(ParentRunner.java:231)
	at org.junit.runners.ParentRunner$1.schedule(ParentRunner.java:60)
	at org.junit.runners.ParentRunner.runChildren(ParentRunner.java:229)
	at org.junit.runners.ParentRunner.access$000(ParentRunner.java:50)
	at org.junit.runners.ParentRunner$2.evaluate(ParentRunner.java:222)
	at org.junit.runners.ParentRunner.run(ParentRunner.java:300)
	at org.junit.runner.JUnitCore.run(JUnitCore.java:157)
	at org.junit.runner.JUnitCore.run(JUnitCore.java:136)
	at edu.illinois.cs.testrunner.execution.JUnitTestExecutor.execute(JUnitTestExecutor.java:259)
	at edu.illinois.cs.testrunner.execution.JUnitTestExecutor.executeWithJUnit4Runner(JUnitTestExecutor.java:327)
	at edu.illinois.cs.testrunner.execution.JUnitTestExecutor.runOrder(JUnitTestExecutor.java:49)
	at edu.illinois.cs.testrunner.execution.Executor$.$anonfun$run$1(Executor.scala:30)
	at scala.runtime.java8.JFunction0$mcV$sp.apply(JFunction0$mcV$sp.java:12)
	at scala.util.Try$.apply(Try.scala:209)
	at edu.illinois.cs.testrunner.execution.Executor$.run(Executor.scala:28)
	at edu.illinois.cs.testrunner.execution.Executor$.main(Executor.scala:18)
	at edu.illinois.cs.testrunner.execution.Executor.main(Executor.scala)
24/04/26 02:25:38 DEBUG druid.DruidParser: Parsing SQL CREATE TABLE User { Required Int64 user_id; Required String name; Optional DOUBLE value; }  primary key(user_id),  entity group root, entity group key(user_id);
24/04/26 02:25:38 DEBUG druid.DruidDDLParser: CreateTablePlan CreateTablePlan [table=CREATE TABLE User { 
  REQUIRED INT64 user_id COLUMNFAMILY d;
  REQUIRED STRING name COLUMNFAMILY d;
  OPTIONAL DOUBLE value COLUMNFAMILY d;
} 
PRIMARY KEY(user_id),
ENTITY GROUP ROOT,
ENTITY GROUP KEY(user_id);
, splitKeys=null]
24/04/26 02:25:38 DEBUG fserver.MetricsEntityGroupSourceImpl: Creating new MetricsEntityGroupSourceImpl for table User 00df2a2b2bcea2879a99304bacd7efa1
24/04/26 02:25:38 DEBUG fserver.EntityGroup: Instantiated User,,1714094738254.00df2a2b2bcea2879a99304bacd7efa1.
Exception in thread "Thread-51" java.lang.NullPointerException
	at com.alibaba.wasp.fserver.EntityGroup.run(EntityGroup.java:1264)
	at java.lang.Thread.run(Thread.java:750)
24/04/26 02:25:38 DEBUG druid.DruidParser: Parsing SQL DELETE FROM User WHERE user_id = 123;
24/04/26 02:25:38 DEBUG druid.DruidDMLParser: UPDATE SQL From clause User
24/04/26 02:25:38 DEBUG druid.DruidDMLParser: UPDATE SQL where user_id = 123
24/04/26 02:25:38 DEBUG druid.DruidDMLParser: DeletePlan DeletePlan [actions=[DeleteAction [tableName=User, primayKey=[0, 0, 0, 0, 0, 0, 0, 123]]]]
24/04/26 02:25:38 ERROR fserver.EntityGroup: PrepareDeleteEntity failed.
java.lang.NullPointerException
	at com.alibaba.wasp.storage.StorageServicesImpl.getRowBeforeDelete(StorageServicesImpl.java:90)
	at com.alibaba.wasp.fserver.EntityGroup.prepareDeleteEntity(EntityGroup.java:800)
	at com.alibaba.wasp.fserver.EntityGroup.delete(EntityGroup.java:769)
	at com.alibaba.wasp.fserver.TestEntityGroupAlone.testDelete(TestEntityGroupAlone.java:147)
	at sun.reflect.NativeMethodAccessorImpl.invoke0(Native Method)
	at sun.reflect.NativeMethodAccessorImpl.invoke(NativeMethodAccessorImpl.java:62)
	at sun.reflect.DelegatingMethodAccessorImpl.invoke(DelegatingMethodAccessorImpl.java:43)
	at java.lang.reflect.Method.invoke(Method.java:498)
	at org.junit.runners.model.FrameworkMethod$1.runReflectiveCall(FrameworkMethod.java:45)
	at org.junit.internal.runners.model.ReflectiveCallable.run(ReflectiveCallable.java:15)
	at org.junit.runners.model.FrameworkMethod.invokeExplosively(FrameworkMethod.java:42)
	at org.junit.internal.runners.statements.InvokeMethod.evaluate(InvokeMethod.java:20)
	at org.junit.internal.runners.statements.RunBefores.evaluate(RunBefores.java:28)
	at org.junit.internal.runners.statements.RunAfters.evaluate(RunAfters.java:30)
	at org.junit.runners.ParentRunner.runLeaf(ParentRunner.java:263)
	at org.junit.runners.BlockJUnit4ClassRunner.runChild(BlockJUnit4ClassRunner.java:68)
	at org.junit.runners.BlockJUnit4ClassRunner.runChild(BlockJUnit4ClassRunner.java:47)
	at org.junit.runners.ParentRunner$3.run(ParentRunner.java:231)
	at org.junit.runners.ParentRunner$1.schedule(ParentRunner.java:60)
	at org.junit.runners.ParentRunner.runChildren(ParentRunner.java:229)
	at org.junit.runners.ParentRunner.access$000(ParentRunner.java:50)
	at org.junit.runners.ParentRunner$2.evaluate(ParentRunner.java:222)
	at org.junit.internal.runners.statements.RunBefores.evaluate(RunBefores.java:28)
	at org.junit.internal.runners.statements.RunAfters.evaluate(RunAfters.java:30)
	at org.junit.runners.ParentRunner.run(ParentRunner.java:300)
	at org.junit.runners.Suite.runChild(Suite.java:128)
	at org.junit.runners.Suite.runChild(Suite.java:24)
	at org.junit.runners.ParentRunner$3.run(ParentRunner.java:231)
	at org.junit.runners.ParentRunner$1.schedule(ParentRunner.java:60)
	at org.junit.runners.ParentRunner.runChildren(ParentRunner.java:229)
	at org.junit.runners.ParentRunner.access$000(ParentRunner.java:50)
	at org.junit.runners.ParentRunner$2.evaluate(ParentRunner.java:222)
	at org.junit.runners.ParentRunner.run(ParentRunner.java:300)
	at org.junit.runner.JUnitCore.run(JUnitCore.java:157)
	at org.junit.runner.JUnitCore.run(JUnitCore.java:136)
	at edu.illinois.cs.testrunner.execution.JUnitTestExecutor.execute(JUnitTestExecutor.java:259)
	at edu.illinois.cs.testrunner.execution.JUnitTestExecutor.executeWithJUnit4Runner(JUnitTestExecutor.java:327)
	at edu.illinois.cs.testrunner.execution.JUnitTestExecutor.runOrder(JUnitTestExecutor.java:49)
	at edu.illinois.cs.testrunner.execution.Executor$.$anonfun$run$1(Executor.scala:30)
	at scala.runtime.java8.JFunction0$mcV$sp.apply(JFunction0$mcV$sp.java:12)
	at scala.util.Try$.apply(Try.scala:209)
	at edu.illinois.cs.testrunner.execution.Executor$.run(Executor.scala:28)
	at edu.illinois.cs.testrunner.execution.Executor$.main(Executor.scala:18)
	at edu.illinois.cs.testrunner.execution.Executor.main(Executor.scala)
24/04/26 02:25:38 DEBUG druid.DruidParser: Parsing SQL Insert into User(user_id,name) values(1,'binlijin');
24/04/26 02:25:38 DEBUG druid.DruidDMLParser: INSERT SQL TableSource User
24/04/26 02:25:38 DEBUG druid.DruidDMLParser: From table User
24/04/26 02:25:38 DEBUG druid.DruidDMLParser:  SQLInsertItem user_id
24/04/26 02:25:38 DEBUG druid.DruidDMLParser:  SQLInsertItem name
24/04/26 02:25:38 DEBUG druid.DruidDMLParser: INSERT SQL Insert columns [user_id, name]
24/04/26 02:25:38 DEBUG druid.DruidDMLParser: INSERT SQL Insert Values List [ VALUES (1, 'binlijin')]
24/04/26 02:25:38 DEBUG druid.DruidDMLParser: InsertPlan InsertPlan [actions=[InsertAction [tableName=User, primayKey=[0, 0, 0, 0, 0, 0, 0, 1], columns=[ColumnAction [tableName=User, familyName=d, columnName=user_id, value=[0, 0, 0, 0, 0, 0, 0, 1], isIndex=false], ColumnAction [tableName=User, familyName=d, columnName=name, value=[98, 105, 110, 108, 105, 106, 105, 110], isIndex=false]]]]]
24/04/26 02:25:38 DEBUG fserver.EntityGroup: prepareInsertEntity indexs:[]
24/04/26 02:25:38 ERROR fserver.EntityGroup: PrepareInsertEntity failed.
java.lang.NullPointerException
	at com.alibaba.wasp.storage.StorageServicesImpl.checkRowExistsBeforeInsert(StorageServicesImpl.java:66)
	at com.alibaba.wasp.fserver.EntityGroup.prepareInsertEntity(EntityGroup.java:548)
	at com.alibaba.wasp.fserver.EntityGroup.insert(EntityGroup.java:412)
	at com.alibaba.wasp.fserver.TestEntityGroupAlone.testInsert(TestEntityGroupAlone.java:105)
	at sun.reflect.NativeMethodAccessorImpl.invoke0(Native Method)
	at sun.reflect.NativeMethodAccessorImpl.invoke(NativeMethodAccessorImpl.java:62)
	at sun.reflect.DelegatingMethodAccessorImpl.invoke(DelegatingMethodAccessorImpl.java:43)
	at java.lang.reflect.Method.invoke(Method.java:498)
	at org.junit.runners.model.FrameworkMethod$1.runReflectiveCall(FrameworkMethod.java:45)
	at org.junit.internal.runners.model.ReflectiveCallable.run(ReflectiveCallable.java:15)
	at org.junit.runners.model.FrameworkMethod.invokeExplosively(FrameworkMethod.java:42)
	at org.junit.internal.runners.statements.InvokeMethod.evaluate(InvokeMethod.java:20)
	at org.junit.internal.runners.statements.RunBefores.evaluate(RunBefores.java:28)
	at org.junit.internal.runners.statements.RunAfters.evaluate(RunAfters.java:30)
	at org.junit.runners.ParentRunner.runLeaf(ParentRunner.java:263)
	at org.junit.runners.BlockJUnit4ClassRunner.runChild(BlockJUnit4ClassRunner.java:68)
	at org.junit.runners.BlockJUnit4ClassRunner.runChild(BlockJUnit4ClassRunner.java:47)
	at org.junit.runners.ParentRunner$3.run(ParentRunner.java:231)
	at org.junit.runners.ParentRunner$1.schedule(ParentRunner.java:60)
	at org.junit.runners.ParentRunner.runChildren(ParentRunner.java:229)
	at org.junit.runners.ParentRunner.access$000(ParentRunner.java:50)
	at org.junit.runners.ParentRunner$2.evaluate(ParentRunner.java:222)
	at org.junit.internal.runners.statements.RunBefores.evaluate(RunBefores.java:28)
	at org.junit.internal.runners.statements.RunAfters.evaluate(RunAfters.java:30)
	at org.junit.runners.ParentRunner.run(ParentRunner.java:300)
	at org.junit.runners.Suite.runChild(Suite.java:128)
	at org.junit.runners.Suite.runChild(Suite.java:24)
	at org.junit.runners.ParentRunner$3.run(ParentRunner.java:231)
	at org.junit.runners.ParentRunner$1.schedule(ParentRunner.java:60)
	at org.junit.runners.ParentRunner.runChildren(ParentRunner.java:229)
	at org.junit.runners.ParentRunner.access$000(ParentRunner.java:50)
	at org.junit.runners.ParentRunner$2.evaluate(ParentRunner.java:222)
	at org.junit.runners.ParentRunner.run(ParentRunner.java:300)
	at org.junit.runner.JUnitCore.run(JUnitCore.java:157)
	at org.junit.runner.JUnitCore.run(JUnitCore.java:136)
	at edu.illinois.cs.testrunner.execution.JUnitTestExecutor.execute(JUnitTestExecutor.java:259)
	at edu.illinois.cs.testrunner.execution.JUnitTestExecutor.executeWithJUnit4Runner(JUnitTestExecutor.java:327)
	at edu.illinois.cs.testrunner.execution.JUnitTestExecutor.runOrder(JUnitTestExecutor.java:49)
	at edu.illinois.cs.testrunner.execution.Executor$.$anonfun$run$1(Executor.scala:30)
	at scala.runtime.java8.JFunction0$mcV$sp.apply(JFunction0$mcV$sp.java:12)
	at scala.util.Try$.apply(Try.scala:209)
	at edu.illinois.cs.testrunner.execution.Executor$.run(Executor.scala:28)
	at edu.illinois.cs.testrunner.execution.Executor$.main(Executor.scala:18)
	at edu.illinois.cs.testrunner.execution.Executor.main(Executor.scala)
24/04/26 02:25:38 DEBUG druid.DruidParser: Parsing SQL UPDATE User SET name = 'Mike' WHERE user_id = 123;
24/04/26 02:25:38 DEBUG druid.DruidDMLParser: UPDATE SQL From clause User
24/04/26 02:25:38 DEBUG druid.DruidDMLParser: UPDATE SQL where user_id = 123
24/04/26 02:25:38 DEBUG druid.DruidDMLParser: UpdatePlan UpdatePlan [actions=[UpdateAction [primayKey=[0, 0, 0, 0, 0, 0, 0, 123], tableName=User, columns=[ColumnAction [tableName=User, familyName=d, columnName=name, value=[77, 105, 107, 101], isIndex=false]]]]]
24/04/26 02:25:38 ERROR fserver.EntityGroup: PrepareUpdateEntity failed.
java.lang.NullPointerException
	at com.alibaba.wasp.storage.StorageServicesImpl.getRowBeforeUpdate(StorageServicesImpl.java:75)
	at com.alibaba.wasp.fserver.EntityGroup.prepareUpdateEntity(EntityGroup.java:674)
	at com.alibaba.wasp.fserver.EntityGroup.update(EntityGroup.java:607)
	at com.alibaba.wasp.fserver.TestEntityGroupAlone.testUpdate(TestEntityGroupAlone.java:126)
	at sun.reflect.NativeMethodAccessorImpl.invoke0(Native Method)
	at sun.reflect.NativeMethodAccessorImpl.invoke(NativeMethodAccessorImpl.java:62)
	at sun.reflect.DelegatingMethodAccessorImpl.invoke(DelegatingMethodAccessorImpl.java:43)
	at java.lang.reflect.Method.invoke(Method.java:498)
	at org.junit.runners.model.FrameworkMethod$1.runReflectiveCall(FrameworkMethod.java:45)
	at org.junit.internal.runners.model.ReflectiveCallable.run(ReflectiveCallable.java:15)
	at org.junit.runners.model.FrameworkMethod.invokeExplosively(FrameworkMethod.java:42)
	at org.junit.internal.runners.statements.InvokeMethod.evaluate(InvokeMethod.java:20)
	at org.junit.internal.runners.statements.RunBefores.evaluate(RunBefores.java:28)
	at org.junit.internal.runners.statements.RunAfters.evaluate(RunAfters.java:30)
	at org.junit.runners.ParentRunner.runLeaf(ParentRunner.java:263)
	at org.junit.runners.BlockJUnit4ClassRunner.runChild(BlockJUnit4ClassRunner.java:68)
	at org.junit.runners.BlockJUnit4ClassRunner.runChild(BlockJUnit4ClassRunner.java:47)
	at org.junit.runners.ParentRunner$3.run(ParentRunner.java:231)
	at org.junit.runners.ParentRunner$1.schedule(ParentRunner.java:60)
	at org.junit.runners.ParentRunner.runChildren(ParentRunner.java:229)
	at org.junit.runners.ParentRunner.access$000(ParentRunner.java:50)
	at org.junit.runners.ParentRunner$2.evaluate(ParentRunner.java:222)
	at org.junit.internal.runners.statements.RunBefores.evaluate(RunBefores.java:28)
	at org.junit.internal.runners.statements.RunAfters.evaluate(RunAfters.java:30)
	at org.junit.runners.ParentRunner.run(ParentRunner.java:300)
	at org.junit.runners.Suite.runChild(Suite.java:128)
	at org.junit.runners.Suite.runChild(Suite.java:24)
	at org.junit.runners.ParentRunner$3.run(ParentRunner.java:231)
	at org.junit.runners.ParentRunner$1.schedule(ParentRunner.java:60)
	at org.junit.runners.ParentRunner.runChildren(ParentRunner.java:229)
	at org.junit.runners.ParentRunner.access$000(ParentRunner.java:50)
	at org.junit.runners.ParentRunner$2.evaluate(ParentRunner.java:222)
	at org.junit.runners.ParentRunner.run(ParentRunner.java:300)
	at org.junit.runner.JUnitCore.run(JUnitCore.java:157)
	at org.junit.runner.JUnitCore.run(JUnitCore.java:136)
	at edu.illinois.cs.testrunner.execution.JUnitTestExecutor.execute(JUnitTestExecutor.java:259)
	at edu.illinois.cs.testrunner.execution.JUnitTestExecutor.executeWithJUnit4Runner(JUnitTestExecutor.java:327)
	at edu.illinois.cs.testrunner.execution.JUnitTestExecutor.runOrder(JUnitTestExecutor.java:49)
	at edu.illinois.cs.testrunner.execution.Executor$.$anonfun$run$1(Executor.scala:30)
	at scala.runtime.java8.JFunction0$mcV$sp.apply(JFunction0$mcV$sp.java:12)
	at scala.util.Try$.apply(Try.scala:209)
	at edu.illinois.cs.testrunner.execution.Executor$.run(Executor.scala:28)
	at edu.illinois.cs.testrunner.execution.Executor$.main(Executor.scala:18)
	at edu.illinois.cs.testrunner.execution.Executor.main(Executor.scala)



Before setUpBeforeClass



24/04/26 02:25:38 INFO wasp.WaspTestingUtility: Starting up minicluster with 1 master(s) and 3 fserver(s) 
Starting DataNode 0 with dfs.data.dir: /home/alex/Repositories/wasp/target/test-data/6d2fad50-b1eb-4c46-8fba-9a60a80df4d7/dfscluster_840fd5ee-1f1d-45ce-9995-f5c1d038ec35/dfs/data/data1,/home/alex/Repositories/wasp/target/test-data/6d2fad50-b1eb-4c46-8fba-9a60a80df4d7/dfscluster_840fd5ee-1f1d-45ce-9995-f5c1d038ec35/dfs/data/data2
24/04/26 02:25:38 ERROR datanode.DataNode: All directories in dfs.data.dir are invalid.
24/04/26 02:25:38 INFO wasp.WaspTestingUtility: Shutting down mini wasp cluster
24/04/26 02:25:38 INFO wasp.WaspTestingUtility: Minicluster is down
java.lang.NullPointerException
	at org.apache.hadoop.hdfs.MiniDFSCluster.startDataNodes(MiniDFSCluster.java:422)
	at org.apache.hadoop.hdfs.MiniDFSCluster.<init>(MiniDFSCluster.java:280)
	at org.apache.hadoop.hbase.HBaseTestingUtility.startMiniDFSCluster(HBaseTestingUtility.java:451)
	at org.apache.hadoop.hbase.HBaseTestingUtility.startMiniCluster(HBaseTestingUtility.java:619)
	at org.apache.hadoop.hbase.HBaseTestingUtility.startMiniCluster(HBaseTestingUtility.java:575)
	at com.alibaba.wasp.WaspTestingUtility.startMiniCluster(WaspTestingUtility.java:172)
	at com.alibaba.wasp.WaspTestingUtility.startMiniCluster(WaspTestingUtility.java:144)
	at com.alibaba.wasp.fserver.TestEntityGroupOnCluster.setUpBeforeClass(TestEntityGroupOnCluster.java:90)
	at sun.reflect.NativeMethodAccessorImpl.invoke0(Native Method)
	at sun.reflect.NativeMethodAccessorImpl.invoke(NativeMethodAccessorImpl.java:62)
	at sun.reflect.DelegatingMethodAccessorImpl.invoke(DelegatingMethodAccessorImpl.java:43)
	at java.lang.reflect.Method.invoke(Method.java:498)
	at org.junit.runners.model.FrameworkMethod$1.runReflectiveCall(FrameworkMethod.java:45)
	at org.junit.internal.runners.model.ReflectiveCallable.run(ReflectiveCallable.java:15)
	at org.junit.runners.model.FrameworkMethod.invokeExplosively(FrameworkMethod.java:42)
	at org.junit.internal.runners.statements.RunBefores.evaluate(RunBefores.java:27)
	at org.junit.internal.runners.statements.RunAfters.evaluate(RunAfters.java:30)
	at org.junit.runners.ParentRunner.run(ParentRunner.java:300)
	at org.junit.runners.Suite.runChild(Suite.java:128)
	at org.junit.runners.Suite.runChild(Suite.java:24)
	at org.junit.runners.ParentRunner$3.run(ParentRunner.java:231)
	at org.junit.runners.ParentRunner$1.schedule(ParentRunner.java:60)
	at org.junit.runners.ParentRunner.runChildren(ParentRunner.java:229)
	at org.junit.runners.ParentRunner.access$000(ParentRunner.java:50)
	at org.junit.runners.ParentRunner$2.evaluate(ParentRunner.java:222)
	at org.junit.runners.ParentRunner.run(ParentRunner.java:300)
	at org.junit.runner.JUnitCore.run(JUnitCore.java:157)
	at org.junit.runner.JUnitCore.run(JUnitCore.java:136)
	at edu.illinois.cs.testrunner.execution.JUnitTestExecutor.execute(JUnitTestExecutor.java:259)
	at edu.illinois.cs.testrunner.execution.JUnitTestExecutor.executeWithJUnit4Runner(JUnitTestExecutor.java:327)
	at edu.illinois.cs.testrunner.execution.JUnitTestExecutor.runOrder(JUnitTestExecutor.java:49)
	at edu.illinois.cs.testrunner.execution.Executor$.$anonfun$run$1(Executor.scala:30)
	at scala.runtime.java8.JFunction0$mcV$sp.apply(JFunction0$mcV$sp.java:12)
	at scala.util.Try$.apply(Try.scala:209)
	at edu.illinois.cs.testrunner.execution.Executor$.run(Executor.scala:28)
	at edu.illinois.cs.testrunner.execution.Executor$.main(Executor.scala:18)
	at edu.illinois.cs.testrunner.execution.Executor.main(Executor.scala)
24/04/26 02:25:38 INFO wasp.WaspTestingUtility: Starting up minicluster with 1 master(s) and 1 fserver(s) 
Starting DataNode 0 with dfs.data.dir: /home/alex/Repositories/wasp/target/test-data/b3cc1597-58e7-47c9-89bd-ef37f6228ddb/dfscluster_d5dfedd5-3ffc-4fde-85df-0cce4485d533/dfs/data/data1,/home/alex/Repositories/wasp/target/test-data/b3cc1597-58e7-47c9-89bd-ef37f6228ddb/dfscluster_d5dfedd5-3ffc-4fde-85df-0cce4485d533/dfs/data/data2
24/04/26 02:25:38 ERROR datanode.DataNode: All directories in dfs.data.dir are invalid.
24/04/26 02:25:38 INFO wasp.WaspTestingUtility: Shutting down mini wasp cluster
24/04/26 02:25:38 INFO wasp.WaspTestingUtility: Minicluster is down
java.lang.NullPointerException
	at org.apache.hadoop.hdfs.MiniDFSCluster.startDataNodes(MiniDFSCluster.java:422)
	at org.apache.hadoop.hdfs.MiniDFSCluster.<init>(MiniDFSCluster.java:280)
	at org.apache.hadoop.hbase.HBaseTestingUtility.startMiniDFSCluster(HBaseTestingUtility.java:451)
	at org.apache.hadoop.hbase.HBaseTestingUtility.startMiniCluster(HBaseTestingUtility.java:619)
	at org.apache.hadoop.hbase.HBaseTestingUtility.startMiniCluster(HBaseTestingUtility.java:575)
	at com.alibaba.wasp.WaspTestingUtility.startMiniCluster(WaspTestingUtility.java:172)
	at com.alibaba.wasp.WaspTestingUtility.startMiniCluster(WaspTestingUtility.java:144)
	at com.alibaba.wasp.fserver.TestSplitTransaction.before(TestSplitTransaction.java:67)
	at sun.reflect.NativeMethodAccessorImpl.invoke0(Native Method)
	at sun.reflect.NativeMethodAccessorImpl.invoke(NativeMethodAccessorImpl.java:62)
	at sun.reflect.DelegatingMethodAccessorImpl.invoke(DelegatingMethodAccessorImpl.java:43)
	at java.lang.reflect.Method.invoke(Method.java:498)
	at org.junit.runners.model.FrameworkMethod$1.runReflectiveCall(FrameworkMethod.java:45)
	at org.junit.internal.runners.model.ReflectiveCallable.run(ReflectiveCallable.java:15)
	at org.junit.runners.model.FrameworkMethod.invokeExplosively(FrameworkMethod.java:42)
	at org.junit.internal.runners.statements.RunBefores.evaluate(RunBefores.java:27)
	at org.junit.internal.runners.statements.RunAfters.evaluate(RunAfters.java:30)
	at org.junit.runners.ParentRunner.run(ParentRunner.java:300)
	at org.junit.runners.Suite.runChild(Suite.java:128)
	at org.junit.runners.Suite.runChild(Suite.java:24)
	at org.junit.runners.ParentRunner$3.run(ParentRunner.java:231)
	at org.junit.runners.ParentRunner$1.schedule(ParentRunner.java:60)
	at org.junit.runners.ParentRunner.runChildren(ParentRunner.java:229)
	at org.junit.runners.ParentRunner.access$000(ParentRunner.java:50)
	at org.junit.runners.ParentRunner$2.evaluate(ParentRunner.java:222)
	at org.junit.runners.ParentRunner.run(ParentRunner.java:300)
	at org.junit.runner.JUnitCore.run(JUnitCore.java:157)
	at org.junit.runner.JUnitCore.run(JUnitCore.java:136)
	at edu.illinois.cs.testrunner.execution.JUnitTestExecutor.execute(JUnitTestExecutor.java:259)
	at edu.illinois.cs.testrunner.execution.JUnitTestExecutor.executeWithJUnit4Runner(JUnitTestExecutor.java:327)
	at edu.illinois.cs.testrunner.execution.JUnitTestExecutor.runOrder(JUnitTestExecutor.java:49)
	at edu.illinois.cs.testrunner.execution.Executor$.$anonfun$run$1(Executor.scala:30)
	at scala.runtime.java8.JFunction0$mcV$sp.apply(JFunction0$mcV$sp.java:12)
	at scala.util.Try$.apply(Try.scala:209)
	at edu.illinois.cs.testrunner.execution.Executor$.run(Executor.scala:28)
	at edu.illinois.cs.testrunner.execution.Executor$.main(Executor.scala:18)
	at edu.illinois.cs.testrunner.execution.Executor.main(Executor.scala)
24/04/26 02:25:38 INFO wasp.WaspTestingUtility: Starting up minicluster with 1 master(s) and 5 fserver(s) 
Starting DataNode 0 with dfs.data.dir: /home/alex/Repositories/wasp/target/test-data/0bd29ece-12de-483d-9910-e6b078eedc9b/dfscluster_c1a0e833-9d0c-4892-b36d-30bcc4debe31/dfs/data/data1,/home/alex/Repositories/wasp/target/test-data/0bd29ece-12de-483d-9910-e6b078eedc9b/dfscluster_c1a0e833-9d0c-4892-b36d-30bcc4debe31/dfs/data/data2
24/04/26 02:25:39 ERROR datanode.DataNode: All directories in dfs.data.dir are invalid.
24/04/26 02:25:39 INFO wasp.WaspTestingUtility: Shutting down mini wasp cluster
24/04/26 02:25:39 INFO wasp.WaspTestingUtility: Minicluster is down
java.lang.NullPointerException
	at org.apache.hadoop.hdfs.MiniDFSCluster.startDataNodes(MiniDFSCluster.java:422)
	at org.apache.hadoop.hdfs.MiniDFSCluster.<init>(MiniDFSCluster.java:280)
	at org.apache.hadoop.hbase.HBaseTestingUtility.startMiniDFSCluster(HBaseTestingUtility.java:451)
	at org.apache.hadoop.hbase.HBaseTestingUtility.startMiniCluster(HBaseTestingUtility.java:619)
	at org.apache.hadoop.hbase.HBaseTestingUtility.startMiniCluster(HBaseTestingUtility.java:575)
	at com.alibaba.wasp.WaspTestingUtility.startMiniCluster(WaspTestingUtility.java:172)
	at com.alibaba.wasp.WaspTestingUtility.startMiniCluster(WaspTestingUtility.java:144)
	at com.alibaba.wasp.fserver.TestSplitTransactionOnCluster.before(TestSplitTransactionOnCluster.java:95)
	at sun.reflect.NativeMethodAccessorImpl.invoke0(Native Method)
	at sun.reflect.NativeMethodAccessorImpl.invoke(NativeMethodAccessorImpl.java:62)
	at sun.reflect.DelegatingMethodAccessorImpl.invoke(DelegatingMethodAccessorImpl.java:43)
	at java.lang.reflect.Method.invoke(Method.java:498)
	at org.junit.runners.model.FrameworkMethod$1.runReflectiveCall(FrameworkMethod.java:45)
	at org.junit.internal.runners.model.ReflectiveCallable.run(ReflectiveCallable.java:15)
	at org.junit.runners.model.FrameworkMethod.invokeExplosively(FrameworkMethod.java:42)
	at org.junit.internal.runners.statements.RunBefores.evaluate(RunBefores.java:27)
	at org.junit.internal.runners.statements.RunAfters.evaluate(RunAfters.java:30)
	at org.junit.runners.ParentRunner.run(ParentRunner.java:300)
	at org.junit.runners.Suite.runChild(Suite.java:128)
	at org.junit.runners.Suite.runChild(Suite.java:24)
	at org.junit.runners.ParentRunner$3.run(ParentRunner.java:231)
	at org.junit.runners.ParentRunner$1.schedule(ParentRunner.java:60)
	at org.junit.runners.ParentRunner.runChildren(ParentRunner.java:229)
	at org.junit.runners.ParentRunner.access$000(ParentRunner.java:50)
	at org.junit.runners.ParentRunner$2.evaluate(ParentRunner.java:222)
	at org.junit.runners.ParentRunner.run(ParentRunner.java:300)
	at org.junit.runner.JUnitCore.run(JUnitCore.java:157)
	at org.junit.runner.JUnitCore.run(JUnitCore.java:136)
	at edu.illinois.cs.testrunner.execution.JUnitTestExecutor.execute(JUnitTestExecutor.java:259)
	at edu.illinois.cs.testrunner.execution.JUnitTestExecutor.executeWithJUnit4Runner(JUnitTestExecutor.java:327)
	at edu.illinois.cs.testrunner.execution.JUnitTestExecutor.runOrder(JUnitTestExecutor.java:49)
	at edu.illinois.cs.testrunner.execution.Executor$.$anonfun$run$1(Executor.scala:30)
	at scala.runtime.java8.JFunction0$mcV$sp.apply(JFunction0$mcV$sp.java:12)
	at scala.util.Try$.apply(Try.scala:209)
	at edu.illinois.cs.testrunner.execution.Executor$.run(Executor.scala:28)
	at edu.illinois.cs.testrunner.execution.Executor$.main(Executor.scala:18)
	at edu.illinois.cs.testrunner.execution.Executor.main(Executor.scala)
24/04/26 02:25:39 INFO wasp.WaspTestingUtility: Starting up minicluster with 1 master(s) and 3 fserver(s) 
Starting DataNode 0 with dfs.data.dir: /home/alex/Repositories/wasp/target/test-data/ae41312b-e4b6-4f55-9e64-689e33522e62/dfscluster_6e842d2f-bd3c-4d34-8ead-b3629daf9288/dfs/data/data1,/home/alex/Repositories/wasp/target/test-data/ae41312b-e4b6-4f55-9e64-689e33522e62/dfscluster_6e842d2f-bd3c-4d34-8ead-b3629daf9288/dfs/data/data2
24/04/26 02:25:39 ERROR datanode.DataNode: All directories in dfs.data.dir are invalid.
24/04/26 02:25:39 INFO wasp.WaspTestingUtility: Shutting down mini wasp cluster
24/04/26 02:25:39 INFO wasp.WaspTestingUtility: Minicluster is down
java.lang.NullPointerException
	at org.apache.hadoop.hdfs.MiniDFSCluster.startDataNodes(MiniDFSCluster.java:422)
	at org.apache.hadoop.hdfs.MiniDFSCluster.<init>(MiniDFSCluster.java:280)
	at org.apache.hadoop.hbase.HBaseTestingUtility.startMiniDFSCluster(HBaseTestingUtility.java:451)
	at org.apache.hadoop.hbase.HBaseTestingUtility.startMiniCluster(HBaseTestingUtility.java:619)
	at org.apache.hadoop.hbase.HBaseTestingUtility.startMiniCluster(HBaseTestingUtility.java:575)
	at com.alibaba.wasp.WaspTestingUtility.startMiniCluster(WaspTestingUtility.java:172)
	at com.alibaba.wasp.WaspTestingUtility.startMiniCluster(WaspTestingUtility.java:144)
	at com.alibaba.wasp.fserver.TestTwoPhaseCommit.setUpBeforeClass(TestTwoPhaseCommit.java:73)
	at sun.reflect.NativeMethodAccessorImpl.invoke0(Native Method)
	at sun.reflect.NativeMethodAccessorImpl.invoke(NativeMethodAccessorImpl.java:62)
	at sun.reflect.DelegatingMethodAccessorImpl.invoke(DelegatingMethodAccessorImpl.java:43)
	at java.lang.reflect.Method.invoke(Method.java:498)
	at org.junit.runners.model.FrameworkMethod$1.runReflectiveCall(FrameworkMethod.java:45)
	at org.junit.internal.runners.model.ReflectiveCallable.run(ReflectiveCallable.java:15)
	at org.junit.runners.model.FrameworkMethod.invokeExplosively(FrameworkMethod.java:42)
	at org.junit.internal.runners.statements.RunBefores.evaluate(RunBefores.java:27)
	at org.junit.internal.runners.statements.RunAfters.evaluate(RunAfters.java:30)
	at org.junit.runners.ParentRunner.run(ParentRunner.java:300)
	at org.junit.runners.Suite.runChild(Suite.java:128)
	at org.junit.runners.Suite.runChild(Suite.java:24)
	at org.junit.runners.ParentRunner$3.run(ParentRunner.java:231)
	at org.junit.runners.ParentRunner$1.schedule(ParentRunner.java:60)
	at org.junit.runners.ParentRunner.runChildren(ParentRunner.java:229)
	at org.junit.runners.ParentRunner.access$000(ParentRunner.java:50)
	at org.junit.runners.ParentRunner$2.evaluate(ParentRunner.java:222)
	at org.junit.runners.ParentRunner.run(ParentRunner.java:300)
	at org.junit.runner.JUnitCore.run(JUnitCore.java:157)
	at org.junit.runner.JUnitCore.run(JUnitCore.java:136)
	at edu.illinois.cs.testrunner.execution.JUnitTestExecutor.execute(JUnitTestExecutor.java:259)
	at edu.illinois.cs.testrunner.execution.JUnitTestExecutor.executeWithJUnit4Runner(JUnitTestExecutor.java:327)
	at edu.illinois.cs.testrunner.execution.JUnitTestExecutor.runOrder(JUnitTestExecutor.java:49)
	at edu.illinois.cs.testrunner.execution.Executor$.$anonfun$run$1(Executor.scala:30)
	at scala.runtime.java8.JFunction0$mcV$sp.apply(JFunction0$mcV$sp.java:12)
	at scala.util.Try$.apply(Try.scala:209)
	at edu.illinois.cs.testrunner.execution.Executor$.run(Executor.scala:28)
	at edu.illinois.cs.testrunner.execution.Executor$.main(Executor.scala:18)
	at edu.illinois.cs.testrunner.execution.Executor.main(Executor.scala)
24/04/26 02:25:39 INFO server.NIOServerCnxnFactory: binding to port 0.0.0.0/0.0.0.0:50883
24/04/26 02:25:39 INFO persistence.FileTxnSnapLog: Snapshotting: 0x0 to /home/alex/Repositories/wasp/target/test-data/d534161b-b4e0-482f-b841-1eedda25683f/dfscluster_1335b8da-20e4-4599-a7cc-4f8a9e31961e/zookeeper_0/version-2/snapshot.0
24/04/26 02:25:39 INFO server.NIOServerCnxnFactory: Accepted socket connection from /127.0.0.1:53690
24/04/26 02:25:39 DEBUG zookeeper.ZKUtil: MockServer,123,-1 opening connection to ZooKeeper with ensemble (localhost:50883)
24/04/26 02:25:39 INFO zookeeper.RecoverableZooKeeper: The identifier of this process is 132449@Lenovo-Bot
24/04/26 02:25:39 INFO server.NIOServerCnxnFactory: Accepted socket connection from /127.0.0.1:53704
24/04/26 02:25:39 INFO persistence.FileTxnLog: Creating new log file: log.1
24/04/26 02:25:39 DEBUG zookeeper.ZooKeeperWatcher: MockServer,123,-1 Received ZooKeeper Event, type=None, state=SyncConnected, path=null
24/04/26 02:25:39 DEBUG zookeeper.ZooKeeperWatcher: MockServer,123,-1-0xff8f1802101e0000 connected
24/04/26 02:25:39 DEBUG zookeeper.ZKAssign: MockServer,123,-1-0xff8f1802101e0000 Creating unassigned node for 2309bb0a7c1b0455555d0cb0d57be4c5 in OFFLINE state
24/04/26 02:25:39 DEBUG zookeeper.ZKAssign: MockServer,123,-1-0xff8f1802101e0000 Attempting to transition node 2309bb0a7c1b0455555d0cb0d57be4c5 from M_ZK_ENTITYGROUP_OFFLINE to FSERVER_ZK_ENTITYGROUP_OPENING
24/04/26 02:25:39 DEBUG zookeeper.ZKUtil: MockServer,123,-1-0xff8f1802101e0000 Retrieved 118 byte(s) of data from znode /wasp/unassigned/2309bb0a7c1b0455555d0cb0d57be4c5; data=entityGroup=TestCloseEntityGroupHandler,\x00\x00\x00\x00,1714094739501.2309bb0a7c1b0455555d0cb0d57be4c5., state=M_ZK_ENTITYGROUP_OFFLINE, servername=MockServer,123,-1, createTime=1714094739545, payload.length=0
24/04/26 02:25:39 DEBUG zookeeper.ZooKeeperWatcher: MockServer,123,-1-0xff8f1802101e0000 Received ZooKeeper Event, type=NodeDataChanged, state=SyncConnected, path=/wasp/unassigned/2309bb0a7c1b0455555d0cb0d57be4c5
24/04/26 02:25:39 DEBUG zookeeper.ZKAssign: MockServer,123,-1-0xff8f1802101e0000 Successfully transitioned node 2309bb0a7c1b0455555d0cb0d57be4c5 from M_ZK_ENTITYGROUP_OFFLINE to FSERVER_ZK_ENTITYGROUP_OPENING
24/04/26 02:25:39 INFO fserver.EntityGroup: EntityGroup.openEntityGroup EntityGroup name ==TestCloseEntityGroupHandler,\x00\x00\x00\x00,1714094739501.2309bb0a7c1b0455555d0cb0d57be4c5.
24/04/26 02:25:39 DEBUG fserver.EntityGroup: Opening EntityGroup: {NAME => 'TestCloseEntityGroupHandler,\x00\x00\x00\x00,1714094739501.2309bb0a7c1b0455555d0cb0d57be4c5.', STARTKEY => '\x00\x00\x00\x00', ENDKEY => '\x00\x00\x00\x01', ENCODED => 2309bb0a7c1b0455555d0cb0d57be4c5,}
24/04/26 02:25:39 DEBUG fserver.MetricsEntityGroupSourceImpl: Creating new MetricsEntityGroupSourceImpl for table TestCloseEntityGroupHandler 2309bb0a7c1b0455555d0cb0d57be4c5
24/04/26 02:25:39 DEBUG fserver.EntityGroup: Instantiated TestCloseEntityGroupHandler,\x00\x00\x00\x00,1714094739501.2309bb0a7c1b0455555d0cb0d57be4c5.
24/04/26 02:25:39 DEBUG zookeeper.ZKAssign: MockServer,123,-1-0xff8f1802101e0000 Attempting to transition node 2309bb0a7c1b0455555d0cb0d57be4c5 from FSERVER_ZK_ENTITYGROUP_OPENING to FSERVER_ZK_ENTITYGROUP_OPENING
24/04/26 02:25:39 ERROR server.NIOServerCnxnFactory: Thread Thread[Thread-147,5,main] died
java.lang.NullPointerException
	at com.alibaba.wasp.fserver.EntityGroup.run(EntityGroup.java:1264)
	at java.lang.Thread.run(Thread.java:750)
24/04/26 02:25:39 DEBUG zookeeper.ZKUtil: MockServer,123,-1-0xff8f1802101e0000 Retrieved 118 byte(s) of data from znode /wasp/unassigned/2309bb0a7c1b0455555d0cb0d57be4c5; data=entityGroup=TestCloseEntityGroupHandler,\x00\x00\x00\x00,1714094739501.2309bb0a7c1b0455555d0cb0d57be4c5., state=FSERVER_ZK_ENTITYGROUP_OPENING, servername=MockServer,123,-1, createTime=1714094739554, payload.length=0
24/04/26 02:25:39 DEBUG zookeeper.ZKAssign: MockServer,123,-1-0xff8f1802101e0000 Successfully transitioned node 2309bb0a7c1b0455555d0cb0d57be4c5 from FSERVER_ZK_ENTITYGROUP_OPENING to FSERVER_ZK_ENTITYGROUP_OPENING
24/04/26 02:25:39 DEBUG zookeeper.ZKAssign: MockServer,123,-1-0xff8f1802101e0000 Attempting to transition node 2309bb0a7c1b0455555d0cb0d57be4c5 from FSERVER_ZK_ENTITYGROUP_OPENING to FSERVER_ZK_ENTITYGROUP_OPENED
24/04/26 02:25:39 DEBUG zookeeper.ZKUtil: MockServer,123,-1-0xff8f1802101e0000 Retrieved 118 byte(s) of data from znode /wasp/unassigned/2309bb0a7c1b0455555d0cb0d57be4c5; data=entityGroup=TestCloseEntityGroupHandler,\x00\x00\x00\x00,1714094739501.2309bb0a7c1b0455555d0cb0d57be4c5., state=FSERVER_ZK_ENTITYGROUP_OPENING, servername=MockServer,123,-1, createTime=1714094739559, payload.length=0
24/04/26 02:25:39 DEBUG zookeeper.ZKAssign: MockServer,123,-1-0xff8f1802101e0000 Successfully transitioned node 2309bb0a7c1b0455555d0cb0d57be4c5 from FSERVER_ZK_ENTITYGROUP_OPENING to FSERVER_ZK_ENTITYGROUP_OPENED
24/04/26 02:25:39 DEBUG handler.OpenEntityGroupHandler: entityGroup transitioned to opened in zookeeper: {NAME => 'TestCloseEntityGroupHandler,\x00\x00\x00\x00,1714094739501.2309bb0a7c1b0455555d0cb0d57be4c5.', STARTKEY => '\x00\x00\x00\x00', ENDKEY => '\x00\x00\x00\x01', ENCODED => 2309bb0a7c1b0455555d0cb0d57be4c5,}, server: MockServer,123,-1
24/04/26 02:25:39 DEBUG handler.OpenEntityGroupHandler: Opened TestCloseEntityGroupHandler,\x00\x00\x00\x00,1714094739501.2309bb0a7c1b0455555d0cb0d57be4c5. on server:MockServer,123,-1
24/04/26 02:25:39 DEBUG zookeeper.ZKUtil: MockServer,123,-1-0xff8f1802101e0000 Retrieved 118 byte(s) of data from znode /wasp/unassigned/2309bb0a7c1b0455555d0cb0d57be4c5 and set watcher; entityGroup=TestCloseEntityGroupHandler,\x00\x00\x00\x00,1714094739501.2309bb0a7c1b0455555d0cb0d57be4c5., state=FSERVER_ZK_ENTITYGROUP_OPENED, servername=MockServer,123,-1, createTime=1714094739563, payload.length=0
24/04/26 02:25:39 DEBUG zookeeper.ZKAssign: MockServer,123,-1-0xff8f1802101e0000 Deleting existing unassigned node for 2309bb0a7c1b0455555d0cb0d57be4c5 that is in expected state FSERVER_ZK_ENTITYGROUP_OPENED
24/04/26 02:25:39 DEBUG zookeeper.ZKUtil: MockServer,123,-1-0xff8f1802101e0000 Retrieved 118 byte(s) of data from znode /wasp/unassigned/2309bb0a7c1b0455555d0cb0d57be4c5; data=entityGroup=TestCloseEntityGroupHandler,\x00\x00\x00\x00,1714094739501.2309bb0a7c1b0455555d0cb0d57be4c5., state=FSERVER_ZK_ENTITYGROUP_OPENED, servername=MockServer,123,-1, createTime=1714094739563, payload.length=0
24/04/26 02:25:39 DEBUG zookeeper.ZooKeeperWatcher: MockServer,123,-1-0xff8f1802101e0000 Received ZooKeeper Event, type=NodeDeleted, state=SyncConnected, path=/wasp/unassigned/2309bb0a7c1b0455555d0cb0d57be4c5
24/04/26 02:25:39 DEBUG zookeeper.ZKAssign: MockServer,123,-1-0xff8f1802101e0000 Successfully deleted unassigned node for entityGroup 2309bb0a7c1b0455555d0cb0d57be4c5 in expected state FSERVER_ZK_ENTITYGROUP_OPENED
24/04/26 02:25:39 DEBUG zookeeper.ZKAssign: MockServer,123,-1-0xff8f1802101e0000 Creating unassigned node for 2309bb0a7c1b0455555d0cb0d57be4c5 in a CLOSING state
24/04/26 02:25:39 DEBUG handler.CloseEntityGroupHandler: Processing close of TestCloseEntityGroupHandler,\x00\x00\x00\x00,1714094739501.2309bb0a7c1b0455555d0cb0d57be4c5.
24/04/26 02:25:39 DEBUG fserver.EntityGroup: Closing TestCloseEntityGroupHandler,\x00\x00\x00\x00,1714094739501.2309bb0a7c1b0455555d0cb0d57be4c5.
24/04/26 02:25:39 DEBUG fserver.EntityGroup: Updates disabled for entityGroup TestCloseEntityGroupHandler,\x00\x00\x00\x00,1714094739501.2309bb0a7c1b0455555d0cb0d57be4c5.
24/04/26 02:25:39 INFO fserver.EntityGroup: Running commit transaction of TestCloseEntityGroupHandler,\x00\x00\x00\x00,1714094739501.2309bb0a7c1b0455555d0cb0d57be4c5. before close
24/04/26 02:25:39 INFO fserver.EntityGroup: Closed TestCloseEntityGroupHandler,\x00\x00\x00\x00,1714094739501.2309bb0a7c1b0455555d0cb0d57be4c5.
24/04/26 02:25:39 DEBUG zookeeper.ZKAssign: MockServer,123,-1-0xff8f1802101e0000 Attempting to transition node 2309bb0a7c1b0455555d0cb0d57be4c5 from M_ZK_ENTITYGROUP_CLOSING to FSERVER_ZK_ENTITYGROUP_CLOSED
24/04/26 02:25:39 DEBUG zookeeper.ZKUtil: MockServer,123,-1-0xff8f1802101e0000 Retrieved 120 byte(s) of data from znode /wasp/unassigned/2309bb0a7c1b0455555d0cb0d57be4c5; data=entityGroup=TestCloseEntityGroupHandler,\x00\x00\x00\x00,1714094739501.2309bb0a7c1b0455555d0cb0d57be4c5., state=M_ZK_ENTITYGROUP_CLOSING, servername=MockServer,123,-1, createTime=1714094739569, payload.length=0
24/04/26 02:25:39 DEBUG zookeeper.ZooKeeperWatcher: MockServer,123,-1-0xff8f1802101e0000 Received ZooKeeper Event, type=NodeDataChanged, state=SyncConnected, path=/wasp/unassigned/2309bb0a7c1b0455555d0cb0d57be4c5
24/04/26 02:25:39 DEBUG zookeeper.ZKAssign: MockServer,123,-1-0xff8f1802101e0000 Successfully transitioned node 2309bb0a7c1b0455555d0cb0d57be4c5 from M_ZK_ENTITYGROUP_CLOSING to FSERVER_ZK_ENTITYGROUP_CLOSED
24/04/26 02:25:39 DEBUG handler.CloseEntityGroupHandler: set entityGroup closed state in zk successfully for entityGroup TestCloseEntityGroupHandler,\x00\x00\x00\x00,1714094739501.2309bb0a7c1b0455555d0cb0d57be4c5. sn name: MockServer,123,-1
24/04/26 02:25:39 DEBUG handler.CloseEntityGroupHandler: Closed entityGroup TestCloseEntityGroupHandler,\x00\x00\x00\x00,1714094739501.2309bb0a7c1b0455555d0cb0d57be4c5.
24/04/26 02:25:39 DEBUG zookeeper.ZKUtil: MockServer,123,-1-0xff8f1802101e0000 Retrieved 118 byte(s) of data from znode /wasp/unassigned/2309bb0a7c1b0455555d0cb0d57be4c5 and set watcher; entityGroup=TestCloseEntityGroupHandler,\x00\x00\x00\x00,1714094739501.2309bb0a7c1b0455555d0cb0d57be4c5., state=FSERVER_ZK_ENTITYGROUP_CLOSED, servername=MockServer,123,-1, createTime=1714094739576, payload.length=0
24/04/26 02:25:39 INFO fserver.EntityGroup: creating EntityGroup TestCloseEntityGroupHandler Table == CREATE TABLE TestCloseEntityGroupHandler { 
  REQUIRED INT32 column1 COLUMNFAMILY d;
  REQUIRED INT64 column2 COLUMNFAMILY d;
  REQUIRED STRING column3 COLUMNFAMILY d;
  OPTIONAL FLOAT column4 COLUMNFAMILY d;
  OPTIONAL DOUBLE column5 COLUMNFAMILY d;
  OPTIONAL DATETIME column6 COLUMNFAMILY d;
  REPEATED PROTOBUF column7 COLUMNFAMILY d;
  OPTIONAL STRING column8 COLUMNFAMILY d;
} 
PRIMARY KEY(column1),
ENTITY GROUP ROOT,
ENTITY GROUP KEY(column1);
 Table name == TestCloseEntityGroupHandler
24/04/26 02:25:39 DEBUG fserver.MetricsEntityGroupSourceImpl: Creating new MetricsEntityGroupSourceImpl for table TestCloseEntityGroupHandler 1105796206e2ab68cc9d60e3a283b386
24/04/26 02:25:39 DEBUG fserver.EntityGroup: Instantiated TestCloseEntityGroupHandler,,1714094739579.1105796206e2ab68cc9d60e3a283b386.
24/04/26 02:25:39 ERROR server.NIOServerCnxnFactory: Thread Thread[Thread-150,5,main] died
java.lang.NullPointerException
	at com.alibaba.wasp.fserver.EntityGroup.run(EntityGroup.java:1264)
	at java.lang.Thread.run(Thread.java:750)
24/04/26 02:25:39 DEBUG fserver.EntityGroup: Closing TestCloseEntityGroupHandler,,1714094739579.1105796206e2ab68cc9d60e3a283b386.
24/04/26 02:25:39 DEBUG fserver.EntityGroup: Updates disabled for entityGroup TestCloseEntityGroupHandler,,1714094739579.1105796206e2ab68cc9d60e3a283b386.
24/04/26 02:25:39 INFO fserver.EntityGroup: Running commit transaction of TestCloseEntityGroupHandler,,1714094739579.1105796206e2ab68cc9d60e3a283b386. before close
24/04/26 02:25:39 INFO fserver.EntityGroup: Closed TestCloseEntityGroupHandler,,1714094739579.1105796206e2ab68cc9d60e3a283b386.
24/04/26 02:25:39 DEBUG handler.CloseEntityGroupHandler: Processing close of TestCloseEntityGroupHandler,,1714094739579.1105796206e2ab68cc9d60e3a283b386.
24/04/26 02:25:39 FATAL util.MockServer: Abort why=Unrecoverable exception while closing entityGroup TestCloseEntityGroupHandler,,1714094739579.1105796206e2ab68cc9d60e3a283b386., still finishing close
java.lang.RuntimeException: Mocked failed close!
	at com.alibaba.wasp.fserver.handler.CloseEntityGroupHandler.process(CloseEntityGroupHandler.java:103)
	at com.alibaba.wasp.fserver.handler.TestCloseEntityGroupHandler.testFailedCommitAborts(TestCloseEntityGroupHandler.java:122)
	at sun.reflect.NativeMethodAccessorImpl.invoke0(Native Method)
	at sun.reflect.NativeMethodAccessorImpl.invoke(NativeMethodAccessorImpl.java:62)
	at sun.reflect.DelegatingMethodAccessorImpl.invoke(DelegatingMethodAccessorImpl.java:43)
	at java.lang.reflect.Method.invoke(Method.java:498)
	at org.junit.runners.model.FrameworkMethod$1.runReflectiveCall(FrameworkMethod.java:45)
	at org.junit.internal.runners.model.ReflectiveCallable.run(ReflectiveCallable.java:15)
	at org.junit.runners.model.FrameworkMethod.invokeExplosively(FrameworkMethod.java:42)
	at org.junit.internal.runners.statements.InvokeMethod.evaluate(InvokeMethod.java:20)
	at org.junit.internal.runners.statements.RunBefores.evaluate(RunBefores.java:28)
	at org.junit.runners.ParentRunner.runLeaf(ParentRunner.java:263)
	at org.junit.runners.BlockJUnit4ClassRunner.runChild(BlockJUnit4ClassRunner.java:68)
	at org.junit.runners.BlockJUnit4ClassRunner.runChild(BlockJUnit4ClassRunner.java:47)
	at org.junit.runners.ParentRunner$3.run(ParentRunner.java:231)
	at org.junit.runners.ParentRunner$1.schedule(ParentRunner.java:60)
	at org.junit.runners.ParentRunner.runChildren(ParentRunner.java:229)
	at org.junit.runners.ParentRunner.access$000(ParentRunner.java:50)
	at org.junit.runners.ParentRunner$2.evaluate(ParentRunner.java:222)
	at org.junit.internal.runners.statements.RunBefores.evaluate(RunBefores.java:28)
	at org.junit.internal.runners.statements.RunAfters.evaluate(RunAfters.java:30)
	at org.junit.runners.ParentRunner.run(ParentRunner.java:300)
	at org.junit.runners.Suite.runChild(Suite.java:128)
	at org.junit.runners.Suite.runChild(Suite.java:24)
	at org.junit.runners.ParentRunner$3.run(ParentRunner.java:231)
	at org.junit.runners.ParentRunner$1.schedule(ParentRunner.java:60)
	at org.junit.runners.ParentRunner.runChildren(ParentRunner.java:229)
	at org.junit.runners.ParentRunner.access$000(ParentRunner.java:50)
	at org.junit.runners.ParentRunner$2.evaluate(ParentRunner.java:222)
	at org.junit.runners.ParentRunner.run(ParentRunner.java:300)
	at org.junit.runner.JUnitCore.run(JUnitCore.java:157)
	at org.junit.runner.JUnitCore.run(JUnitCore.java:136)
	at edu.illinois.cs.testrunner.execution.JUnitTestExecutor.execute(JUnitTestExecutor.java:259)
	at edu.illinois.cs.testrunner.execution.JUnitTestExecutor.executeWithJUnit4Runner(JUnitTestExecutor.java:327)
	at edu.illinois.cs.testrunner.execution.JUnitTestExecutor.runOrder(JUnitTestExecutor.java:49)
	at edu.illinois.cs.testrunner.execution.Executor$.$anonfun$run$1(Executor.scala:30)
	at scala.runtime.java8.JFunction0$mcV$sp.apply(JFunction0$mcV$sp.java:12)
	at scala.util.Try$.apply(Try.scala:209)
	at edu.illinois.cs.testrunner.execution.Executor$.run(Executor.scala:28)
	at edu.illinois.cs.testrunner.execution.Executor$.main(Executor.scala:18)
	at edu.illinois.cs.testrunner.execution.Executor.main(Executor.scala)
24/04/26 02:25:39 DEBUG util.MockServer: Stop why=Unrecoverable exception while closing entityGroup TestCloseEntityGroupHandler,,1714094739579.1105796206e2ab68cc9d60e3a283b386., still finishing close
24/04/26 02:25:39 WARN fserver.EntityGroup: EntityGroup TestCloseEntityGroupHandler,,1714094739579.1105796206e2ab68cc9d60e3a283b386. already closed
24/04/26 02:25:39 DEBUG zookeeper.ZKUtil: MockServer,123,-1 opening connection to ZooKeeper with ensemble (localhost:50883)
24/04/26 02:25:39 INFO zookeeper.RecoverableZooKeeper: The identifier of this process is 132449@Lenovo-Bot
24/04/26 02:25:39 INFO server.NIOServerCnxnFactory: Accepted socket connection from /127.0.0.1:53708
24/04/26 02:25:39 DEBUG zookeeper.ZooKeeperWatcher: MockServer,123,-1 Received ZooKeeper Event, type=None, state=SyncConnected, path=null
24/04/26 02:25:39 DEBUG zookeeper.ZooKeeperWatcher: MockServer,123,-1-0xff8f1802101e0001 connected
24/04/26 02:25:39 DEBUG zookeeper.ZKAssign: MockServer,123,-1-0xff8f1802101e0001 Creating unassigned node for c5f2e52d4f3142ec4b530ab73c489165 in OFFLINE state
24/04/26 02:25:39 DEBUG zookeeper.ZKAssign: MockServer,123,-1-0xff8f1802101e0001 Attempting to transition node c5f2e52d4f3142ec4b530ab73c489165 from M_ZK_ENTITYGROUP_OFFLINE to FSERVER_ZK_ENTITYGROUP_OPENING
24/04/26 02:25:39 DEBUG zookeeper.ZKUtil: MockServer,123,-1-0xff8f1802101e0001 Retrieved 118 byte(s) of data from znode /wasp/unassigned/c5f2e52d4f3142ec4b530ab73c489165; data=entityGroup=TestCloseEntityGroupHandler,\x00\x00\x00\x00,1714094739612.c5f2e52d4f3142ec4b530ab73c489165., state=M_ZK_ENTITYGROUP_OFFLINE, servername=MockServer,123,-1, createTime=1714094739619, payload.length=0
24/04/26 02:25:39 DEBUG zookeeper.ZooKeeperWatcher: MockServer,123,-1-0xff8f1802101e0001 Received ZooKeeper Event, type=NodeDataChanged, state=SyncConnected, path=/wasp/unassigned/c5f2e52d4f3142ec4b530ab73c489165
24/04/26 02:25:39 DEBUG zookeeper.ZKAssign: MockServer,123,-1-0xff8f1802101e0001 Successfully transitioned node c5f2e52d4f3142ec4b530ab73c489165 from M_ZK_ENTITYGROUP_OFFLINE to FSERVER_ZK_ENTITYGROUP_OPENING
24/04/26 02:25:39 INFO fserver.EntityGroup: EntityGroup.openEntityGroup EntityGroup name ==TestCloseEntityGroupHandler,\x00\x00\x00\x00,1714094739612.c5f2e52d4f3142ec4b530ab73c489165.
24/04/26 02:25:39 DEBUG fserver.EntityGroup: Opening EntityGroup: {NAME => 'TestCloseEntityGroupHandler,\x00\x00\x00\x00,1714094739612.c5f2e52d4f3142ec4b530ab73c489165.', STARTKEY => '\x00\x00\x00\x00', ENDKEY => '\x00\x00\x00\x01', ENCODED => c5f2e52d4f3142ec4b530ab73c489165,}
24/04/26 02:25:39 DEBUG fserver.MetricsEntityGroupSourceImpl: Creating new MetricsEntityGroupSourceImpl for table TestCloseEntityGroupHandler c5f2e52d4f3142ec4b530ab73c489165
24/04/26 02:25:39 DEBUG fserver.EntityGroup: Instantiated TestCloseEntityGroupHandler,\x00\x00\x00\x00,1714094739612.c5f2e52d4f3142ec4b530ab73c489165.
24/04/26 02:25:39 DEBUG zookeeper.ZKAssign: MockServer,123,-1-0xff8f1802101e0001 Attempting to transition node c5f2e52d4f3142ec4b530ab73c489165 from FSERVER_ZK_ENTITYGROUP_OPENING to FSERVER_ZK_ENTITYGROUP_OPENING
24/04/26 02:25:39 ERROR server.NIOServerCnxnFactory: Thread Thread[Thread-153,5,main] died
java.lang.NullPointerException
	at com.alibaba.wasp.fserver.EntityGroup.run(EntityGroup.java:1264)
	at java.lang.Thread.run(Thread.java:750)
24/04/26 02:25:39 DEBUG zookeeper.ZKUtil: MockServer,123,-1-0xff8f1802101e0001 Retrieved 118 byte(s) of data from znode /wasp/unassigned/c5f2e52d4f3142ec4b530ab73c489165; data=entityGroup=TestCloseEntityGroupHandler,\x00\x00\x00\x00,1714094739612.c5f2e52d4f3142ec4b530ab73c489165., state=FSERVER_ZK_ENTITYGROUP_OPENING, servername=MockServer,123,-1, createTime=1714094739622, payload.length=0
24/04/26 02:25:39 DEBUG zookeeper.ZKAssign: MockServer,123,-1-0xff8f1802101e0001 Successfully transitioned node c5f2e52d4f3142ec4b530ab73c489165 from FSERVER_ZK_ENTITYGROUP_OPENING to FSERVER_ZK_ENTITYGROUP_OPENING
24/04/26 02:25:39 DEBUG zookeeper.ZKAssign: MockServer,123,-1-0xff8f1802101e0001 Attempting to transition node c5f2e52d4f3142ec4b530ab73c489165 from FSERVER_ZK_ENTITYGROUP_OPENING to FSERVER_ZK_ENTITYGROUP_OPENED
24/04/26 02:25:39 DEBUG zookeeper.ZKUtil: MockServer,123,-1-0xff8f1802101e0001 Retrieved 118 byte(s) of data from znode /wasp/unassigned/c5f2e52d4f3142ec4b530ab73c489165; data=entityGroup=TestCloseEntityGroupHandler,\x00\x00\x00\x00,1714094739612.c5f2e52d4f3142ec4b530ab73c489165., state=FSERVER_ZK_ENTITYGROUP_OPENING, servername=MockServer,123,-1, createTime=1714094739625, payload.length=0
24/04/26 02:25:39 DEBUG zookeeper.ZKAssign: MockServer,123,-1-0xff8f1802101e0001 Successfully transitioned node c5f2e52d4f3142ec4b530ab73c489165 from FSERVER_ZK_ENTITYGROUP_OPENING to FSERVER_ZK_ENTITYGROUP_OPENED
24/04/26 02:25:39 DEBUG handler.OpenEntityGroupHandler: entityGroup transitioned to opened in zookeeper: {NAME => 'TestCloseEntityGroupHandler,\x00\x00\x00\x00,1714094739612.c5f2e52d4f3142ec4b530ab73c489165.', STARTKEY => '\x00\x00\x00\x00', ENDKEY => '\x00\x00\x00\x01', ENCODED => c5f2e52d4f3142ec4b530ab73c489165,}, server: MockServer,123,-1
24/04/26 02:25:39 DEBUG handler.OpenEntityGroupHandler: Opened TestCloseEntityGroupHandler,\x00\x00\x00\x00,1714094739612.c5f2e52d4f3142ec4b530ab73c489165. on server:MockServer,123,-1
24/04/26 02:25:39 DEBUG zookeeper.ZKUtil: MockServer,123,-1-0xff8f1802101e0001 Retrieved 118 byte(s) of data from znode /wasp/unassigned/c5f2e52d4f3142ec4b530ab73c489165 and set watcher; entityGroup=TestCloseEntityGroupHandler,\x00\x00\x00\x00,1714094739612.c5f2e52d4f3142ec4b530ab73c489165., state=FSERVER_ZK_ENTITYGROUP_OPENED, servername=MockServer,123,-1, createTime=1714094739628, payload.length=0
24/04/26 02:25:39 DEBUG zookeeper.ZKAssign: MockServer,123,-1-0xff8f1802101e0001 Deleting existing unassigned node for c5f2e52d4f3142ec4b530ab73c489165 that is in expected state FSERVER_ZK_ENTITYGROUP_OPENED
24/04/26 02:25:39 DEBUG zookeeper.ZKUtil: MockServer,123,-1-0xff8f1802101e0001 Retrieved 118 byte(s) of data from znode /wasp/unassigned/c5f2e52d4f3142ec4b530ab73c489165; data=entityGroup=TestCloseEntityGroupHandler,\x00\x00\x00\x00,1714094739612.c5f2e52d4f3142ec4b530ab73c489165., state=FSERVER_ZK_ENTITYGROUP_OPENED, servername=MockServer,123,-1, createTime=1714094739628, payload.length=0
24/04/26 02:25:39 DEBUG zookeeper.ZooKeeperWatcher: MockServer,123,-1-0xff8f1802101e0001 Received ZooKeeper Event, type=NodeDeleted, state=SyncConnected, path=/wasp/unassigned/c5f2e52d4f3142ec4b530ab73c489165
24/04/26 02:25:39 DEBUG zookeeper.ZKAssign: MockServer,123,-1-0xff8f1802101e0001 Successfully deleted unassigned node for entityGroup c5f2e52d4f3142ec4b530ab73c489165 in expected state FSERVER_ZK_ENTITYGROUP_OPENED
24/04/26 02:25:39 DEBUG zookeeper.ZKAssign: MockServer,123,-1-0xff8f1802101e0001 Creating unassigned node for c5f2e52d4f3142ec4b530ab73c489165 in a CLOSING state
24/04/26 02:25:39 DEBUG handler.CloseEntityGroupHandler: Processing close of TestCloseEntityGroupHandler,\x00\x00\x00\x00,1714094739612.c5f2e52d4f3142ec4b530ab73c489165.
24/04/26 02:25:39 DEBUG fserver.EntityGroup: Closing TestCloseEntityGroupHandler,\x00\x00\x00\x00,1714094739612.c5f2e52d4f3142ec4b530ab73c489165.
24/04/26 02:25:39 DEBUG fserver.EntityGroup: Updates disabled for entityGroup TestCloseEntityGroupHandler,\x00\x00\x00\x00,1714094739612.c5f2e52d4f3142ec4b530ab73c489165.
24/04/26 02:25:39 INFO fserver.EntityGroup: Running commit transaction of TestCloseEntityGroupHandler,\x00\x00\x00\x00,1714094739612.c5f2e52d4f3142ec4b530ab73c489165. before close
24/04/26 02:25:39 INFO fserver.EntityGroup: Closed TestCloseEntityGroupHandler,\x00\x00\x00\x00,1714094739612.c5f2e52d4f3142ec4b530ab73c489165.
24/04/26 02:25:39 DEBUG zookeeper.ZKAssign: MockServer,123,-1-0xff8f1802101e0001 Attempting to transition node c5f2e52d4f3142ec4b530ab73c489165 from M_ZK_ENTITYGROUP_CLOSING to FSERVER_ZK_ENTITYGROUP_CLOSED
24/04/26 02:25:39 DEBUG zookeeper.ZKUtil: MockServer,123,-1-0xff8f1802101e0001 Retrieved 120 byte(s) of data from znode /wasp/unassigned/c5f2e52d4f3142ec4b530ab73c489165; data=entityGroup=TestCloseEntityGroupHandler,\x00\x00\x00\x00,1714094739612.c5f2e52d4f3142ec4b530ab73c489165., state=M_ZK_ENTITYGROUP_CLOSING, servername=MockServer,123,-1, createTime=1714094739632, payload.length=0
24/04/26 02:25:39 WARN zookeeper.ZKAssign: MockServer,123,-1-0xff8f1802101e0001 Attempt to transition the unassigned node for c5f2e52d4f3142ec4b530ab73c489165 from M_ZK_ENTITYGROUP_CLOSING to FSERVER_ZK_ENTITYGROUP_CLOSED failed, the node existed but was version 0 not the expected version 1
24/04/26 02:25:39 WARN handler.CloseEntityGroupHandler: Completed the CLOSE of a entityGroup but when transitioning from  CLOSING to CLOSED got a version mismatch, someone else clashed so now unassigning
24/04/26 02:25:39 WARN fserver.EntityGroup: EntityGroup TestCloseEntityGroupHandler,\x00\x00\x00\x00,1714094739612.c5f2e52d4f3142ec4b530ab73c489165. already closed
24/04/26 02:25:39 DEBUG handler.CloseEntityGroupHandler: set entityGroup closed state in zk unsuccessfully for entityGroup TestCloseEntityGroupHandler,\x00\x00\x00\x00,1714094739612.c5f2e52d4f3142ec4b530ab73c489165. sn name: MockServer,123,-1
24/04/26 02:25:39 DEBUG handler.CloseEntityGroupHandler: Closed entityGroup TestCloseEntityGroupHandler,\x00\x00\x00\x00,1714094739612.c5f2e52d4f3142ec4b530ab73c489165.
24/04/26 02:25:39 DEBUG zookeeper.ZKUtil: MockServer,123,-1-0xff8f1802101e0001 Retrieved 120 byte(s) of data from znode /wasp/unassigned/c5f2e52d4f3142ec4b530ab73c489165 and set watcher; entityGroup=TestCloseEntityGroupHandler,\x00\x00\x00\x00,1714094739612.c5f2e52d4f3142ec4b530ab73c489165., state=M_ZK_ENTITYGROUP_CLOSING, servername=MockServer,123,-1, createTime=1714094739632, payload.length=0
24/04/26 02:25:39 INFO server.NIOServerCnxnFactory: NIOServerCnxn factory exited run method
24/04/26 02:25:39 INFO server.SessionTrackerImpl: Shutting down
24/04/26 02:25:39 INFO server.SyncRequestProcessor: Shutting down
24/04/26 02:25:39 INFO server.SyncRequestProcessor: SyncRequestProcessor exited!
24/04/26 02:25:39 INFO server.FinalRequestProcessor: shutdown of request processor complete
24/04/26 02:25:39 INFO server.NIOServerCnxnFactory: binding to port 0.0.0.0/0.0.0.0:49279
24/04/26 02:25:39 INFO persistence.FileTxnSnapLog: Snapshotting: 0x0 to /home/alex/Repositories/wasp/target/test-data/6ba263f8-a136-4f0f-9d7e-8a8cddeeb42b/dfscluster_3daea631-d78c-4fc3-b0b7-c553743abdc3/zookeeper_0/version-2/snapshot.0
24/04/26 02:25:39 INFO server.NIOServerCnxnFactory: Accepted socket connection from /127.0.0.1:58646
24/04/26 02:25:39 DEBUG zookeeper.ZKUtil: MockServer,123,-1 opening connection to ZooKeeper with ensemble (localhost:49279)
24/04/26 02:25:39 INFO zookeeper.RecoverableZooKeeper: The identifier of this process is 132449@Lenovo-Bot
24/04/26 02:25:39 INFO server.NIOServerCnxnFactory: Accepted socket connection from /127.0.0.1:58658
24/04/26 02:25:39 INFO persistence.FileTxnLog: Creating new log file: log.1
24/04/26 02:25:39 DEBUG zookeeper.ZooKeeperWatcher: MockServer,123,-1 Received ZooKeeper Event, type=None, state=SyncConnected, path=null
24/04/26 02:25:39 DEBUG zookeeper.ZooKeeperWatcher: MockServer,123,-1-0xff8f180210be0000 connected
24/04/26 02:25:39 DEBUG zookeeper.ZKAssign: MockServer,123,-1-0xff8f180210be0000 Creating unassigned node for 4a09e9c80f1209f66071f2154df29b19 in OFFLINE state
24/04/26 02:25:39 DEBUG zookeeper.ZKAssign: MockServer,123,-1-0xff8f180210be0000 Attempting to transition node 4a09e9c80f1209f66071f2154df29b19 from M_ZK_ENTITYGROUP_OFFLINE to FSERVER_ZK_ENTITYGROUP_OPENING
24/04/26 02:25:39 DEBUG zookeeper.ZKUtil: MockServer,123,-1-0xff8f180210be0000 Retrieved 117 byte(s) of data from znode /wasp/unassigned/4a09e9c80f1209f66071f2154df29b19; data=entityGroup=TestOpenEntityGroupHandler,\x00\x00\x00\x00,1714094739649.4a09e9c80f1209f66071f2154df29b19., state=M_ZK_ENTITYGROUP_OFFLINE, servername=MockServer,123,-1, createTime=1714094739665, payload.length=0
24/04/26 02:25:39 DEBUG zookeeper.ZooKeeperWatcher: MockServer,123,-1-0xff8f180210be0000 Received ZooKeeper Event, type=NodeDataChanged, state=SyncConnected, path=/wasp/unassigned/4a09e9c80f1209f66071f2154df29b19
24/04/26 02:25:39 DEBUG zookeeper.ZKAssign: MockServer,123,-1-0xff8f180210be0000 Successfully transitioned node 4a09e9c80f1209f66071f2154df29b19 from M_ZK_ENTITYGROUP_OFFLINE to FSERVER_ZK_ENTITYGROUP_OPENING
24/04/26 02:25:39 INFO handler.OpenEntityGroupHandler: Opening of entityGroup {NAME => 'TestOpenEntityGroupHandler,\x00\x00\x00\x00,1714094739649.4a09e9c80f1209f66071f2154df29b19.', STARTKEY => '\x00\x00\x00\x00', ENDKEY => '\x00\x00\x00\x01', ENCODED => 4a09e9c80f1209f66071f2154df29b19,} failed, marking as FAILED_OPEN in ZK
24/04/26 02:25:39 DEBUG zookeeper.ZKAssign: MockServer,123,-1-0xff8f180210be0000 Attempting to transition node 4a09e9c80f1209f66071f2154df29b19 from FSERVER_ZK_ENTITYGROUP_OPENING to FSERVER_ZK_ENTITYGROUP_FAILED_OPEN
24/04/26 02:25:39 DEBUG zookeeper.ZKUtil: MockServer,123,-1-0xff8f180210be0000 Retrieved 117 byte(s) of data from znode /wasp/unassigned/4a09e9c80f1209f66071f2154df29b19; data=entityGroup=TestOpenEntityGroupHandler,\x00\x00\x00\x00,1714094739649.4a09e9c80f1209f66071f2154df29b19., state=FSERVER_ZK_ENTITYGROUP_OPENING, servername=MockServer,123,-1, createTime=1714094739668, payload.length=0
24/04/26 02:25:39 DEBUG zookeeper.ZKAssign: MockServer,123,-1-0xff8f180210be0000 Successfully transitioned node 4a09e9c80f1209f66071f2154df29b19 from FSERVER_ZK_ENTITYGROUP_OPENING to FSERVER_ZK_ENTITYGROUP_FAILED_OPEN
24/04/26 02:25:39 DEBUG zookeeper.ZKUtil: MockServer,123,-1-0xff8f180210be0000 Retrieved 117 byte(s) of data from znode /wasp/unassigned/4a09e9c80f1209f66071f2154df29b19 and set watcher; entityGroup=TestOpenEntityGroupHandler,\x00\x00\x00\x00,1714094739649.4a09e9c80f1209f66071f2154df29b19., state=FSERVER_ZK_ENTITYGROUP_FAILED_OPEN, servername=MockServer,123,-1, createTime=1714094739671, payload.length=0
24/04/26 02:25:39 DEBUG zookeeper.ZKUtil: MockServer,123,-1 opening connection to ZooKeeper with ensemble (localhost:49279)
24/04/26 02:25:39 INFO zookeeper.RecoverableZooKeeper: The identifier of this process is 132449@Lenovo-Bot
24/04/26 02:25:39 INFO server.NIOServerCnxnFactory: Accepted socket connection from /127.0.0.1:58662
24/04/26 02:25:39 DEBUG zookeeper.ZooKeeperWatcher: MockServer,123,-1 Received ZooKeeper Event, type=None, state=SyncConnected, path=null
24/04/26 02:25:39 DEBUG zookeeper.ZooKeeperWatcher: MockServer,123,-1-0xff8f180210be0001 connected
24/04/26 02:25:39 DEBUG zookeeper.ZKAssign: MockServer,123,-1-0xff8f180210be0001 Creating unassigned node for e1cd5cc9204efc3af6247c2fddcc7764 in OFFLINE state
24/04/26 02:25:39 DEBUG zookeeper.ZKAssign: MockServer,123,-1-0xff8f180210be0001 Attempting to transition node e1cd5cc9204efc3af6247c2fddcc7764 from M_ZK_ENTITYGROUP_OFFLINE to FSERVER_ZK_ENTITYGROUP_OPENING
24/04/26 02:25:39 DEBUG zookeeper.ZKUtil: MockServer,123,-1-0xff8f180210be0001 Retrieved 117 byte(s) of data from znode /wasp/unassigned/e1cd5cc9204efc3af6247c2fddcc7764; data=entityGroup=TestOpenEntityGroupHandler,\x00\x00\x00\x00,1714094739673.e1cd5cc9204efc3af6247c2fddcc7764., state=M_ZK_ENTITYGROUP_OFFLINE, servername=MockServer,123,-1, createTime=1714094739678, payload.length=0
24/04/26 02:25:39 DEBUG zookeeper.ZooKeeperWatcher: MockServer,123,-1-0xff8f180210be0001 Received ZooKeeper Event, type=NodeDataChanged, state=SyncConnected, path=/wasp/unassigned/e1cd5cc9204efc3af6247c2fddcc7764
24/04/26 02:25:39 DEBUG zookeeper.ZKAssign: MockServer,123,-1-0xff8f180210be0001 Successfully transitioned node e1cd5cc9204efc3af6247c2fddcc7764 from M_ZK_ENTITYGROUP_OFFLINE to FSERVER_ZK_ENTITYGROUP_OPENING
24/04/26 02:25:39 INFO fserver.EntityGroup: EntityGroup.openEntityGroup EntityGroup name ==TestOpenEntityGroupHandler,\x00\x00\x00\x00,1714094739673.e1cd5cc9204efc3af6247c2fddcc7764.
24/04/26 02:25:39 DEBUG fserver.EntityGroup: Opening EntityGroup: {NAME => 'TestOpenEntityGroupHandler,\x00\x00\x00\x00,1714094739673.e1cd5cc9204efc3af6247c2fddcc7764.', STARTKEY => '\x00\x00\x00\x00', ENDKEY => '\x00\x00\x00\x01', ENCODED => e1cd5cc9204efc3af6247c2fddcc7764,}
24/04/26 02:25:39 DEBUG fserver.MetricsEntityGroupSourceImpl: Creating new MetricsEntityGroupSourceImpl for table TestOpenEntityGroupHandler e1cd5cc9204efc3af6247c2fddcc7764
24/04/26 02:25:39 DEBUG fserver.EntityGroup: Instantiated TestOpenEntityGroupHandler,\x00\x00\x00\x00,1714094739673.e1cd5cc9204efc3af6247c2fddcc7764.
24/04/26 02:25:39 DEBUG zookeeper.ZKAssign: MockServer,123,-1-0xff8f180210be0001 Attempting to transition node e1cd5cc9204efc3af6247c2fddcc7764 from FSERVER_ZK_ENTITYGROUP_OPENING to FSERVER_ZK_ENTITYGROUP_OPENING
24/04/26 02:25:39 ERROR server.NIOServerCnxnFactory: Thread Thread[Thread-157,5,main] died
java.lang.NullPointerException
	at com.alibaba.wasp.fserver.EntityGroup.run(EntityGroup.java:1264)
	at java.lang.Thread.run(Thread.java:750)
24/04/26 02:25:39 DEBUG zookeeper.ZKUtil: MockServer,123,-1-0xff8f180210be0001 Retrieved 117 byte(s) of data from znode /wasp/unassigned/e1cd5cc9204efc3af6247c2fddcc7764; data=entityGroup=TestOpenEntityGroupHandler,\x00\x00\x00\x00,1714094739673.e1cd5cc9204efc3af6247c2fddcc7764., state=FSERVER_ZK_ENTITYGROUP_OPENING, servername=MockServer,123,-1, createTime=1714094739680, payload.length=0
24/04/26 02:25:39 DEBUG zookeeper.ZKAssign: MockServer,123,-1-0xff8f180210be0001 Successfully transitioned node e1cd5cc9204efc3af6247c2fddcc7764 from FSERVER_ZK_ENTITYGROUP_OPENING to FSERVER_ZK_ENTITYGROUP_OPENING
24/04/26 02:25:39 DEBUG fserver.EntityGroup: Closing TestOpenEntityGroupHandler,\x00\x00\x00\x00,1714094739673.e1cd5cc9204efc3af6247c2fddcc7764.
24/04/26 02:25:39 DEBUG fserver.EntityGroup: Updates disabled for entityGroup TestOpenEntityGroupHandler,\x00\x00\x00\x00,1714094739673.e1cd5cc9204efc3af6247c2fddcc7764.
24/04/26 02:25:39 INFO fserver.EntityGroup: Running commit transaction of TestOpenEntityGroupHandler,\x00\x00\x00\x00,1714094739673.e1cd5cc9204efc3af6247c2fddcc7764. before close
24/04/26 02:25:39 INFO fserver.EntityGroup: Closed TestOpenEntityGroupHandler,\x00\x00\x00\x00,1714094739673.e1cd5cc9204efc3af6247c2fddcc7764.
24/04/26 02:25:39 INFO handler.OpenEntityGroupHandler: Opening of entityGroup {NAME => 'TestOpenEntityGroupHandler,\x00\x00\x00\x00,1714094739673.e1cd5cc9204efc3af6247c2fddcc7764.', STARTKEY => '\x00\x00\x00\x00', ENDKEY => '\x00\x00\x00\x01', ENCODED => e1cd5cc9204efc3af6247c2fddcc7764,} failed, marking as FAILED_OPEN in ZK
24/04/26 02:25:39 DEBUG zookeeper.ZKAssign: MockServer,123,-1-0xff8f180210be0001 Attempting to transition node e1cd5cc9204efc3af6247c2fddcc7764 from FSERVER_ZK_ENTITYGROUP_OPENING to FSERVER_ZK_ENTITYGROUP_FAILED_OPEN
24/04/26 02:25:39 DEBUG zookeeper.ZKUtil: MockServer,123,-1-0xff8f180210be0001 Retrieved 117 byte(s) of data from znode /wasp/unassigned/e1cd5cc9204efc3af6247c2fddcc7764; data=entityGroup=TestOpenEntityGroupHandler,\x00\x00\x00\x00,1714094739673.e1cd5cc9204efc3af6247c2fddcc7764., state=FSERVER_ZK_ENTITYGROUP_OPENING, servername=MockServer,123,-1, createTime=1714094739684, payload.length=0
24/04/26 02:25:39 DEBUG zookeeper.ZKAssign: MockServer,123,-1-0xff8f180210be0001 Successfully transitioned node e1cd5cc9204efc3af6247c2fddcc7764 from FSERVER_ZK_ENTITYGROUP_OPENING to FSERVER_ZK_ENTITYGROUP_FAILED_OPEN
24/04/26 02:25:39 DEBUG zookeeper.ZKUtil: MockServer,123,-1-0xff8f180210be0001 Retrieved 117 byte(s) of data from znode /wasp/unassigned/e1cd5cc9204efc3af6247c2fddcc7764 and set watcher; entityGroup=TestOpenEntityGroupHandler,\x00\x00\x00\x00,1714094739673.e1cd5cc9204efc3af6247c2fddcc7764., state=FSERVER_ZK_ENTITYGROUP_FAILED_OPEN, servername=MockServer,123,-1, createTime=1714094739686, payload.length=0
24/04/26 02:25:39 DEBUG zookeeper.ZKUtil: MockServer,123,-1 opening connection to ZooKeeper with ensemble (localhost:49279)
24/04/26 02:25:39 INFO zookeeper.RecoverableZooKeeper: The identifier of this process is 132449@Lenovo-Bot
24/04/26 02:25:39 INFO server.NIOServerCnxnFactory: Accepted socket connection from /127.0.0.1:58666
24/04/26 02:25:39 DEBUG zookeeper.ZooKeeperWatcher: MockServer,123,-1 Received ZooKeeper Event, type=None, state=SyncConnected, path=null
24/04/26 02:25:39 DEBUG zookeeper.ZooKeeperWatcher: MockServer,123,-1-0xff8f180210be0002 connected
24/04/26 02:25:39 INFO fserver.EntityGroup: creating EntityGroup TestOpenEntityGroupHandler Table == CREATE TABLE TestOpenEntityGroupHandler { 
  REQUIRED INT32 column1 COLUMNFAMILY d;
  REQUIRED INT64 column2 COLUMNFAMILY d;
  REQUIRED STRING column3 COLUMNFAMILY d;
  OPTIONAL FLOAT column4 COLUMNFAMILY d;
  OPTIONAL DOUBLE column5 COLUMNFAMILY d;
  OPTIONAL DATETIME column6 COLUMNFAMILY d;
  REPEATED PROTOBUF column7 COLUMNFAMILY d;
  OPTIONAL STRING column8 COLUMNFAMILY d;
} 
PRIMARY KEY(column1),
ENTITY GROUP ROOT,
ENTITY GROUP KEY(column1);
 Table name == TestOpenEntityGroupHandler
24/04/26 02:25:39 DEBUG fserver.MetricsEntityGroupSourceImpl: Creating new MetricsEntityGroupSourceImpl for table TestOpenEntityGroupHandler f69de9973e7abf311bc752704f0c7351
24/04/26 02:25:39 DEBUG fserver.EntityGroup: Instantiated TestOpenEntityGroupHandler,\x00\x00\x00\x00,1714094739688.f69de9973e7abf311bc752704f0c7351.
24/04/26 02:25:39 ERROR server.NIOServerCnxnFactory: Thread Thread[Thread-160,5,main] died
java.lang.NullPointerException
	at com.alibaba.wasp.fserver.EntityGroup.run(EntityGroup.java:1264)
	at java.lang.Thread.run(Thread.java:750)
24/04/26 02:25:39 DEBUG zookeeper.ZKAssign: MockServer,123,-1-0xff8f180210be0002 Attempting to transition node f69de9973e7abf311bc752704f0c7351 from M_ZK_ENTITYGROUP_OFFLINE to FSERVER_ZK_ENTITYGROUP_OPENING
24/04/26 02:25:39 DEBUG zookeeper.ZKUtil: MockServer,123,-1-0xff8f180210be0002 Unable to get data of znode /wasp/unassigned/f69de9973e7abf311bc752704f0c7351 because node does not exist (not necessarily an error)
24/04/26 02:25:39 WARN handler.OpenEntityGroupHandler: Failed transition from OFFLINE to OPENING for entityGroup=f69de9973e7abf311bc752704f0c7351
24/04/26 02:25:39 WARN handler.OpenEntityGroupHandler: EntityGroup was hijacked? It no longer exists, encodedName=f69de9973e7abf311bc752704f0c7351
24/04/26 02:25:39 DEBUG zookeeper.ZKAssign: MockServer,123,-1-0xff8f180210be0002 Creating unassigned node for f69de9973e7abf311bc752704f0c7351 in OFFLINE state
24/04/26 02:25:39 DEBUG zookeeper.ZKAssign: MockServer,123,-1-0xff8f180210be0002 Attempting to transition node f69de9973e7abf311bc752704f0c7351 from M_ZK_ENTITYGROUP_OFFLINE to FSERVER_ZK_ENTITYGROUP_OPENING
24/04/26 02:25:39 DEBUG zookeeper.ZKUtil: MockServer,123,-1-0xff8f180210be0002 Retrieved 117 byte(s) of data from znode /wasp/unassigned/f69de9973e7abf311bc752704f0c7351; data=entityGroup=TestOpenEntityGroupHandler,\x00\x00\x00\x00,1714094739688.f69de9973e7abf311bc752704f0c7351., state=M_ZK_ENTITYGROUP_OFFLINE, servername=MockServer,123,-1, createTime=1714094739697, payload.length=0
24/04/26 02:25:39 DEBUG zookeeper.ZooKeeperWatcher: MockServer,123,-1-0xff8f180210be0002 Received ZooKeeper Event, type=NodeDataChanged, state=SyncConnected, path=/wasp/unassigned/f69de9973e7abf311bc752704f0c7351
24/04/26 02:25:39 DEBUG zookeeper.ZKAssign: MockServer,123,-1-0xff8f180210be0002 Successfully transitioned node f69de9973e7abf311bc752704f0c7351 from M_ZK_ENTITYGROUP_OFFLINE to FSERVER_ZK_ENTITYGROUP_OPENING
24/04/26 02:25:39 INFO fserver.EntityGroup: EntityGroup.openEntityGroup EntityGroup name ==TestOpenEntityGroupHandler,\x00\x00\x00\x00,1714094739688.f69de9973e7abf311bc752704f0c7351.
24/04/26 02:25:39 DEBUG fserver.EntityGroup: Opening EntityGroup: {NAME => 'TestOpenEntityGroupHandler,\x00\x00\x00\x00,1714094739688.f69de9973e7abf311bc752704f0c7351.', STARTKEY => '\x00\x00\x00\x00', ENDKEY => '\x00\x00\x00\x01', ENCODED => f69de9973e7abf311bc752704f0c7351,}
24/04/26 02:25:39 DEBUG fserver.MetricsEntityGroupSourceImpl: Creating new MetricsEntityGroupSourceImpl for table TestOpenEntityGroupHandler f69de9973e7abf311bc752704f0c7351
24/04/26 02:25:39 DEBUG fserver.EntityGroup: Instantiated TestOpenEntityGroupHandler,\x00\x00\x00\x00,1714094739688.f69de9973e7abf311bc752704f0c7351.
24/04/26 02:25:39 ERROR server.NIOServerCnxnFactory: Thread Thread[Thread-163,5,main] died
java.lang.NullPointerException
	at com.alibaba.wasp.fserver.EntityGroup.run(EntityGroup.java:1264)
	at java.lang.Thread.run(Thread.java:750)
24/04/26 02:25:39 DEBUG zookeeper.ZKAssign: MockServer,123,-1-0xff8f180210be0002 Attempting to transition node f69de9973e7abf311bc752704f0c7351 from FSERVER_ZK_ENTITYGROUP_OPENING to FSERVER_ZK_ENTITYGROUP_OPENING
24/04/26 02:25:39 DEBUG zookeeper.ZKUtil: MockServer,123,-1-0xff8f180210be0002 Unable to get data of znode /wasp/unassigned/f69de9973e7abf311bc752704f0c7351 because node does not exist (not necessarily an error)
24/04/26 02:25:39 WARN handler.OpenEntityGroupHandler: Failed refreshing OPENING; entityGroup=f69de9973e7abf311bc752704f0c7351, context=post_entitygroup_open
24/04/26 02:25:39 DEBUG fserver.EntityGroup: Closing TestOpenEntityGroupHandler,\x00\x00\x00\x00,1714094739688.f69de9973e7abf311bc752704f0c7351.
24/04/26 02:25:39 DEBUG fserver.EntityGroup: Updates disabled for entityGroup TestOpenEntityGroupHandler,\x00\x00\x00\x00,1714094739688.f69de9973e7abf311bc752704f0c7351.
24/04/26 02:25:39 INFO fserver.EntityGroup: Running commit transaction of TestOpenEntityGroupHandler,\x00\x00\x00\x00,1714094739688.f69de9973e7abf311bc752704f0c7351. before close
24/04/26 02:25:39 INFO fserver.EntityGroup: Closed TestOpenEntityGroupHandler,\x00\x00\x00\x00,1714094739688.f69de9973e7abf311bc752704f0c7351.
24/04/26 02:25:39 INFO handler.OpenEntityGroupHandler: Opening of entityGroup {NAME => 'TestOpenEntityGroupHandler,\x00\x00\x00\x00,1714094739688.f69de9973e7abf311bc752704f0c7351.', STARTKEY => '\x00\x00\x00\x00', ENDKEY => '\x00\x00\x00\x01', ENCODED => f69de9973e7abf311bc752704f0c7351,} failed, marking as FAILED_OPEN in ZK
24/04/26 02:25:39 DEBUG zookeeper.ZKAssign: MockServer,123,-1-0xff8f180210be0002 Attempting to transition node f69de9973e7abf311bc752704f0c7351 from FSERVER_ZK_ENTITYGROUP_OPENING to FSERVER_ZK_ENTITYGROUP_FAILED_OPEN
24/04/26 02:25:39 DEBUG zookeeper.ZKUtil: MockServer,123,-1-0xff8f180210be0002 Unable to get data of znode /wasp/unassigned/f69de9973e7abf311bc752704f0c7351 because node does not exist (not necessarily an error)
24/04/26 02:25:39 WARN handler.OpenEntityGroupHandler: Unable to mark entityGroup {NAME => 'TestOpenEntityGroupHandler,\x00\x00\x00\x00,1714094739688.f69de9973e7abf311bc752704f0c7351.', STARTKEY => '\x00\x00\x00\x00', ENDKEY => '\x00\x00\x00\x01', ENCODED => f69de9973e7abf311bc752704f0c7351,} as FAILED_OPEN. It's likely that the master already timed out this open attempt, and thus another RS already has the entityGroup.
24/04/26 02:25:39 DEBUG fserver.EntityGroup: Closing TestOpenEntityGroupHandler,\x00\x00\x00\x00,1714094739688.f69de9973e7abf311bc752704f0c7351.
24/04/26 02:25:39 DEBUG fserver.EntityGroup: Updates disabled for entityGroup TestOpenEntityGroupHandler,\x00\x00\x00\x00,1714094739688.f69de9973e7abf311bc752704f0c7351.
24/04/26 02:25:39 INFO fserver.EntityGroup: Running commit transaction of TestOpenEntityGroupHandler,\x00\x00\x00\x00,1714094739688.f69de9973e7abf311bc752704f0c7351. before close
24/04/26 02:25:39 INFO fserver.EntityGroup: Closed TestOpenEntityGroupHandler,\x00\x00\x00\x00,1714094739688.f69de9973e7abf311bc752704f0c7351.
24/04/26 02:25:39 INFO server.NIOServerCnxnFactory: NIOServerCnxn factory exited run method
24/04/26 02:25:39 INFO server.SessionTrackerImpl: Shutting down
24/04/26 02:25:39 INFO server.SyncRequestProcessor: Shutting down
24/04/26 02:25:39 INFO server.SyncRequestProcessor: SyncRequestProcessor exited!
24/04/26 02:25:39 INFO server.FinalRequestProcessor: shutdown of request processor complete
24/04/26 02:25:39 DEBUG fserver.MetricsEntityGroupSourceImpl: Creating new MetricsEntityGroupSourceImpl for table MetricsEntityGroupWrapperStub DEADBEEF001
24/04/26 02:25:39 DEBUG fserver.MetricsEntityGroupSourceImpl: Creating new MetricsEntityGroupSourceImpl for table null TEST
24/04/26 02:25:39 DEBUG fserver.MetricsEntityGroupSourceImpl: Creating new MetricsEntityGroupSourceImpl for table null TEST
24/04/26 02:25:39 DEBUG fserver.MetricsEntityGroupSourceImpl: Creating new MetricsEntityGroupSourceImpl for table null TWO
24/04/26 02:25:39 INFO wasp.WaspTestingUtility: Starting up minicluster with 1 master(s) and 3 fserver(s) 
24/04/26 02:25:39 DEBUG zookeeper.ZooKeeperWatcher: MockServer,123,-1-0xff8f1802101e0000 Received ZooKeeper Event, type=None, state=Disconnected, path=null
24/04/26 02:25:39 DEBUG zookeeper.ZooKeeperWatcher: MockServer,123,-1-0xff8f1802101e0001 Received ZooKeeper Event, type=None, state=Disconnected, path=null
24/04/26 02:25:39 DEBUG zookeeper.ZooKeeperWatcher: MockServer,123,-1-0xff8f1802101e0001 Received Disconnected from ZooKeeper, ignoring
24/04/26 02:25:39 DEBUG zookeeper.ZooKeeperWatcher: MockServer,123,-1-0xff8f1802101e0000 Received Disconnected from ZooKeeper, ignoring
24/04/26 02:25:39 DEBUG zookeeper.ZooKeeperWatcher: MockServer,123,-1-0xff8f180210be0000 Received ZooKeeper Event, type=None, state=Disconnected, path=null
24/04/26 02:25:39 DEBUG zookeeper.ZooKeeperWatcher: MockServer,123,-1-0xff8f180210be0000 Received Disconnected from ZooKeeper, ignoring
24/04/26 02:25:39 DEBUG zookeeper.ZooKeeperWatcher: MockServer,123,-1-0xff8f180210be0001 Received ZooKeeper Event, type=None, state=Disconnected, path=null
24/04/26 02:25:39 DEBUG zookeeper.ZooKeeperWatcher: MockServer,123,-1-0xff8f180210be0001 Received Disconnected from ZooKeeper, ignoring
24/04/26 02:25:39 DEBUG zookeeper.ZooKeeperWatcher: MockServer,123,-1-0xff8f180210be0002 Received ZooKeeper Event, type=None, state=Disconnected, path=null
24/04/26 02:25:39 DEBUG zookeeper.ZooKeeperWatcher: MockServer,123,-1-0xff8f180210be0002 Received Disconnected from ZooKeeper, ignoring
24/04/26 02:25:40 INFO server.SessionTrackerImpl: SessionTrackerImpl exited loop!
24/04/26 02:25:40 INFO server.SessionTrackerImpl: SessionTrackerImpl exited loop!
Starting DataNode 0 with dfs.data.dir: /home/alex/Repositories/wasp/target/test-data/6a647713-7e49-4362-8916-e64a3a9a28a3/dfscluster_4052484a-5125-4bb2-9f6a-f8b975520ce9/dfs/data/data1,/home/alex/Repositories/wasp/target/test-data/6a647713-7e49-4362-8916-e64a3a9a28a3/dfscluster_4052484a-5125-4bb2-9f6a-f8b975520ce9/dfs/data/data2
24/04/26 02:25:40 ERROR datanode.DataNode: All directories in dfs.data.dir are invalid.
24/04/26 02:25:40 INFO wasp.WaspTestingUtility: Shutting down mini wasp cluster
24/04/26 02:25:40 INFO wasp.WaspTestingUtility: Minicluster is down
java.lang.NullPointerException
	at org.apache.hadoop.hdfs.MiniDFSCluster.startDataNodes(MiniDFSCluster.java:422)
	at org.apache.hadoop.hdfs.MiniDFSCluster.<init>(MiniDFSCluster.java:280)
	at org.apache.hadoop.hbase.HBaseTestingUtility.startMiniDFSCluster(HBaseTestingUtility.java:451)
	at org.apache.hadoop.hbase.HBaseTestingUtility.startMiniCluster(HBaseTestingUtility.java:619)
	at org.apache.hadoop.hbase.HBaseTestingUtility.startMiniCluster(HBaseTestingUtility.java:575)
	at com.alibaba.wasp.WaspTestingUtility.startMiniCluster(WaspTestingUtility.java:172)
	at com.alibaba.wasp.WaspTestingUtility.startMiniCluster(WaspTestingUtility.java:144)
	at com.alibaba.wasp.fserver.redo.TestRedoLog.before(TestRedoLog.java:51)
	at sun.reflect.NativeMethodAccessorImpl.invoke0(Native Method)
	at sun.reflect.NativeMethodAccessorImpl.invoke(NativeMethodAccessorImpl.java:62)
	at sun.reflect.DelegatingMethodAccessorImpl.invoke(DelegatingMethodAccessorImpl.java:43)
	at java.lang.reflect.Method.invoke(Method.java:498)
	at org.junit.runners.model.FrameworkMethod$1.runReflectiveCall(FrameworkMethod.java:45)
	at org.junit.internal.runners.model.ReflectiveCallable.run(ReflectiveCallable.java:15)
	at org.junit.runners.model.FrameworkMethod.invokeExplosively(FrameworkMethod.java:42)
	at org.junit.internal.runners.statements.RunBefores.evaluate(RunBefores.java:27)
	at org.junit.internal.runners.statements.RunAfters.evaluate(RunAfters.java:30)
	at org.junit.runners.ParentRunner.run(ParentRunner.java:300)
	at org.junit.runners.Suite.runChild(Suite.java:128)
	at org.junit.runners.Suite.runChild(Suite.java:24)
	at org.junit.runners.ParentRunner$3.run(ParentRunner.java:231)
	at org.junit.runners.ParentRunner$1.schedule(ParentRunner.java:60)
	at org.junit.runners.ParentRunner.runChildren(ParentRunner.java:229)
	at org.junit.runners.ParentRunner.access$000(ParentRunner.java:50)
	at org.junit.runners.ParentRunner$2.evaluate(ParentRunner.java:222)
	at org.junit.runners.ParentRunner.run(ParentRunner.java:300)
	at org.junit.runner.JUnitCore.run(JUnitCore.java:157)
	at org.junit.runner.JUnitCore.run(JUnitCore.java:136)
	at edu.illinois.cs.testrunner.execution.JUnitTestExecutor.execute(JUnitTestExecutor.java:259)
	at edu.illinois.cs.testrunner.execution.JUnitTestExecutor.executeWithJUnit4Runner(JUnitTestExecutor.java:327)
	at edu.illinois.cs.testrunner.execution.JUnitTestExecutor.runOrder(JUnitTestExecutor.java:49)
	at edu.illinois.cs.testrunner.execution.Executor$.$anonfun$run$1(Executor.scala:30)
	at scala.runtime.java8.JFunction0$mcV$sp.apply(JFunction0$mcV$sp.java:12)
	at scala.util.Try$.apply(Try.scala:209)
	at edu.illinois.cs.testrunner.execution.Executor$.run(Executor.scala:28)
	at edu.illinois.cs.testrunner.execution.Executor$.main(Executor.scala:18)
	at edu.illinois.cs.testrunner.execution.Executor.main(Executor.scala)
24/04/26 02:25:40 DEBUG ipc.WaspRPC: Using com.alibaba.wasp.ipc.ProtobufRpcEngine for com.alibaba.wasp.ipc.TestProtoBufRpc$TestRpcService
24/04/26 02:25:40 DEBUG ipc.NettyTransceiver: Using Netty bootstrap options: {connectTimeoutMillis=3000, tcpNoDelay=true}
24/04/26 02:25:40 DEBUG ipc.NettyTransceiver: Connecting to /0.0.0.0:43171
24/04/26 02:25:40 DEBUG ipc.NettyTransceiver: [id: 0x4925f4f5] OPEN
24/04/26 02:25:40 INFO ipc.NettyTransceiver: Successfully connected to bookie: /0.0.0.0:43171
24/04/26 02:25:40 DEBUG ipc.NettyTransceiver: [id: 0x4925f4f5, /127.0.0.1:39842 => /0.0.0.0:43171] BOUND: /127.0.0.1:39842
24/04/26 02:25:40 DEBUG ipc.NettyTransceiver: [id: 0x4925f4f5, /127.0.0.1:39842 => /0.0.0.0:43171] CONNECTED: /0.0.0.0:43171
24/04/26 02:25:40 DEBUG ipc.NettyServer: [id: 0x225f09b7, /127.0.0.1:39842 => /127.0.1.1:43171] OPEN
24/04/26 02:25:40 DEBUG ipc.NettyServer: [id: 0x225f09b7, /127.0.0.1:39842 => /127.0.1.1:43171] BOUND: /127.0.1.1:43171
24/04/26 02:25:40 DEBUG ipc.NettyServer: [id: 0x225f09b7, /127.0.0.1:39842 => /127.0.1.1:43171] CONNECTED: /127.0.0.1:39842
24/04/26 02:25:40 ERROR ipc.NettyServer: pool-12-thread-8, call methodName: "error"
clientProtocolVersion: 1
request: ""
requestClassName: "com.alibaba.wasp.ipc.protobuf.generated.TestProtos$EmptyRequestProto"
: error: 
java.io.IOException: error
	at com.alibaba.wasp.ipc.TestProtoBufRpc$PBServerImpl.error(TestProtoBufRpc.java:68)
	at sun.reflect.NativeMethodAccessorImpl.invoke0(Native Method)
	at sun.reflect.NativeMethodAccessorImpl.invoke(NativeMethodAccessorImpl.java:62)
	at sun.reflect.DelegatingMethodAccessorImpl.invoke(DelegatingMethodAccessorImpl.java:43)
	at java.lang.reflect.Method.invoke(Method.java:498)
	at com.alibaba.wasp.ipc.ProtobufRpcEngine$Server.call(ProtobufRpcEngine.java:270)
	at com.alibaba.wasp.ipc.NettyServer$NettyServerWaspHandler.messageReceived(NettyServer.java:234)
	at org.jboss.netty.channel.SimpleChannelUpstreamHandler.handleUpstream(SimpleChannelUpstreamHandler.java:75)
	at com.alibaba.wasp.ipc.NettyServer$NettyServerWaspHandler.handleUpstream(NettyServer.java:171)
	at org.jboss.netty.channel.DefaultChannelPipeline.sendUpstream(DefaultChannelPipeline.java:563)
	at org.jboss.netty.channel.DefaultChannelPipeline$DefaultChannelHandlerContext.sendUpstream(DefaultChannelPipeline.java:791)
	at org.jboss.netty.handler.execution.ChannelUpstreamEventRunnable.doRun(ChannelUpstreamEventRunnable.java:45)
	at org.jboss.netty.handler.execution.ChannelEventRunnable.run(ChannelEventRunnable.java:64)
	at java.util.concurrent.ThreadPoolExecutor.runWorker(ThreadPoolExecutor.java:1149)
	at java.util.concurrent.ThreadPoolExecutor$Worker.run(ThreadPoolExecutor.java:624)
	at java.lang.Thread.run(Thread.java:750)
24/04/26 02:25:40 INFO ipc.NettyServer: Stopping server on 0
24/04/26 02:25:40 DEBUG ipc.NettyTransceiver: [id: 0x4925f4f5, /127.0.0.1:39842 :> /0.0.0.0:43171] DISCONNECTED
24/04/26 02:25:40 DEBUG ipc.NettyTransceiver: [id: 0x4925f4f5, /127.0.0.1:39842 :> /0.0.0.0:43171] UNBOUND
24/04/26 02:25:40 DEBUG ipc.NettyTransceiver: [id: 0x4925f4f5, /127.0.0.1:39842 :> /0.0.0.0:43171] CLOSED
24/04/26 02:25:40 DEBUG ipc.NettyTransceiver: Remote peer /0.0.0.0:43171 closed connection.
24/04/26 02:25:40 DEBUG ipc.NettyTransceiver: Disconnecting from /0.0.0.0:43171
24/04/26 02:25:40 DEBUG ipc.NettyServer: [id: 0x225f09b7, /127.0.0.1:39842 :> /127.0.1.1:43171] DISCONNECTED
24/04/26 02:25:40 DEBUG ipc.NettyServer: [id: 0x225f09b7, /127.0.0.1:39842 :> /127.0.1.1:43171] UNBOUND
24/04/26 02:25:40 DEBUG ipc.NettyServer: [id: 0x225f09b7, /127.0.0.1:39842 :> /127.0.1.1:43171] CLOSED
24/04/26 02:25:40 INFO wasp.WaspTestingUtility: Starting up minicluster with 1 master(s) and 3 fserver(s) 
Starting DataNode 0 with dfs.data.dir: /home/alex/Repositories/wasp/target/test-data/6eae5c7d-22e5-4290-83a2-cc5a37aae294/dfscluster_72ec103b-bbfe-40f9-b913-6771cb2f77ca/dfs/data/data1,/home/alex/Repositories/wasp/target/test-data/6eae5c7d-22e5-4290-83a2-cc5a37aae294/dfscluster_72ec103b-bbfe-40f9-b913-6771cb2f77ca/dfs/data/data2
24/04/26 02:25:40 ERROR datanode.DataNode: All directories in dfs.data.dir are invalid.
24/04/26 02:25:40 INFO wasp.WaspTestingUtility: Shutting down mini wasp cluster
24/04/26 02:25:40 INFO wasp.WaspTestingUtility: Minicluster is down
java.lang.NullPointerException
	at org.apache.hadoop.hdfs.MiniDFSCluster.startDataNodes(MiniDFSCluster.java:422)
	at org.apache.hadoop.hdfs.MiniDFSCluster.<init>(MiniDFSCluster.java:280)
	at org.apache.hadoop.hbase.HBaseTestingUtility.startMiniDFSCluster(HBaseTestingUtility.java:451)
	at org.apache.hadoop.hbase.HBaseTestingUtility.startMiniCluster(HBaseTestingUtility.java:619)
	at org.apache.hadoop.hbase.HBaseTestingUtility.startMiniCluster(HBaseTestingUtility.java:575)
	at com.alibaba.wasp.WaspTestingUtility.startMiniCluster(WaspTestingUtility.java:172)
	at com.alibaba.wasp.WaspTestingUtility.startMiniCluster(WaspTestingUtility.java:144)
	at com.alibaba.wasp.jdbc.TestAtomicOperation.setUpBeforeClass(TestAtomicOperation.java:64)
	at sun.reflect.NativeMethodAccessorImpl.invoke0(Native Method)
	at sun.reflect.NativeMethodAccessorImpl.invoke(NativeMethodAccessorImpl.java:62)
	at sun.reflect.DelegatingMethodAccessorImpl.invoke(DelegatingMethodAccessorImpl.java:43)
	at java.lang.reflect.Method.invoke(Method.java:498)
	at org.junit.runners.model.FrameworkMethod$1.runReflectiveCall(FrameworkMethod.java:45)
	at org.junit.internal.runners.model.ReflectiveCallable.run(ReflectiveCallable.java:15)
	at org.junit.runners.model.FrameworkMethod.invokeExplosively(FrameworkMethod.java:42)
	at org.junit.internal.runners.statements.RunBefores.evaluate(RunBefores.java:27)
	at org.junit.internal.runners.statements.RunAfters.evaluate(RunAfters.java:30)
	at org.junit.runners.ParentRunner.run(ParentRunner.java:300)
	at org.junit.runners.Suite.runChild(Suite.java:128)
	at org.junit.runners.Suite.runChild(Suite.java:24)
	at org.junit.runners.ParentRunner$3.run(ParentRunner.java:231)
	at org.junit.runners.ParentRunner$1.schedule(ParentRunner.java:60)
	at org.junit.runners.ParentRunner.runChildren(ParentRunner.java:229)
	at org.junit.runners.ParentRunner.access$000(ParentRunner.java:50)
	at org.junit.runners.ParentRunner$2.evaluate(ParentRunner.java:222)
	at org.junit.runners.ParentRunner.run(ParentRunner.java:300)
	at org.junit.runner.JUnitCore.run(JUnitCore.java:157)
	at org.junit.runner.JUnitCore.run(JUnitCore.java:136)
	at edu.illinois.cs.testrunner.execution.JUnitTestExecutor.execute(JUnitTestExecutor.java:259)
	at edu.illinois.cs.testrunner.execution.JUnitTestExecutor.executeWithJUnit4Runner(JUnitTestExecutor.java:327)
	at edu.illinois.cs.testrunner.execution.JUnitTestExecutor.runOrder(JUnitTestExecutor.java:49)
	at edu.illinois.cs.testrunner.execution.Executor$.$anonfun$run$1(Executor.scala:30)
	at scala.runtime.java8.JFunction0$mcV$sp.apply(JFunction0$mcV$sp.java:12)
	at scala.util.Try$.apply(Try.scala:209)
	at edu.illinois.cs.testrunner.execution.Executor$.run(Executor.scala:28)
	at edu.illinois.cs.testrunner.execution.Executor$.main(Executor.scala:18)
	at edu.illinois.cs.testrunner.execution.Executor.main(Executor.scala)
java.lang.NullPointerException
	at com.alibaba.wasp.jdbc.TestAtomicOperation.tearDownAfterClass(TestAtomicOperation.java:86)
	at sun.reflect.NativeMethodAccessorImpl.invoke0(Native Method)
	at sun.reflect.NativeMethodAccessorImpl.invoke(NativeMethodAccessorImpl.java:62)
	at sun.reflect.DelegatingMethodAccessorImpl.invoke(DelegatingMethodAccessorImpl.java:43)
	at java.lang.reflect.Method.invoke(Method.java:498)
	at org.junit.runners.model.FrameworkMethod$1.runReflectiveCall(FrameworkMethod.java:45)
	at org.junit.internal.runners.model.ReflectiveCallable.run(ReflectiveCallable.java:15)
	at org.junit.runners.model.FrameworkMethod.invokeExplosively(FrameworkMethod.java:42)
	at org.junit.internal.runners.statements.RunAfters.evaluate(RunAfters.java:36)
	at org.junit.runners.ParentRunner.run(ParentRunner.java:300)
	at org.junit.runners.Suite.runChild(Suite.java:128)
	at org.junit.runners.Suite.runChild(Suite.java:24)
	at org.junit.runners.ParentRunner$3.run(ParentRunner.java:231)
	at org.junit.runners.ParentRunner$1.schedule(ParentRunner.java:60)
	at org.junit.runners.ParentRunner.runChildren(ParentRunner.java:229)
	at org.junit.runners.ParentRunner.access$000(ParentRunner.java:50)
	at org.junit.runners.ParentRunner$2.evaluate(ParentRunner.java:222)
	at org.junit.runners.ParentRunner.run(ParentRunner.java:300)
	at org.junit.runner.JUnitCore.run(JUnitCore.java:157)
	at org.junit.runner.JUnitCore.run(JUnitCore.java:136)
	at edu.illinois.cs.testrunner.execution.JUnitTestExecutor.execute(JUnitTestExecutor.java:259)
	at edu.illinois.cs.testrunner.execution.JUnitTestExecutor.executeWithJUnit4Runner(JUnitTestExecutor.java:327)
	at edu.illinois.cs.testrunner.execution.JUnitTestExecutor.runOrder(JUnitTestExecutor.java:49)
	at edu.illinois.cs.testrunner.execution.Executor$.$anonfun$run$1(Executor.scala:30)
	at scala.runtime.java8.JFunction0$mcV$sp.apply(JFunction0$mcV$sp.java:12)
	at scala.util.Try$.apply(Try.scala:209)
	at edu.illinois.cs.testrunner.execution.Executor$.run(Executor.scala:28)
	at edu.illinois.cs.testrunner.execution.Executor$.main(Executor.scala:18)
	at edu.illinois.cs.testrunner.execution.Executor.main(Executor.scala)
24/04/26 02:25:40 INFO wasp.WaspTestingUtility: Starting up minicluster with 1 master(s) and 3 fserver(s) 
Starting DataNode 0 with dfs.data.dir: /home/alex/Repositories/wasp/target/test-data/eb14af71-f306-4623-ad58-4b4d8f19223a/dfscluster_6d8de363-c828-4ad4-8c33-1e9c82162890/dfs/data/data1,/home/alex/Repositories/wasp/target/test-data/eb14af71-f306-4623-ad58-4b4d8f19223a/dfscluster_6d8de363-c828-4ad4-8c33-1e9c82162890/dfs/data/data2
24/04/26 02:25:40 ERROR datanode.DataNode: All directories in dfs.data.dir are invalid.
24/04/26 02:25:40 INFO wasp.WaspTestingUtility: Shutting down mini wasp cluster
24/04/26 02:25:40 INFO wasp.WaspTestingUtility: Minicluster is down
java.lang.NullPointerException
	at org.apache.hadoop.hdfs.MiniDFSCluster.startDataNodes(MiniDFSCluster.java:422)
	at org.apache.hadoop.hdfs.MiniDFSCluster.<init>(MiniDFSCluster.java:280)
	at org.apache.hadoop.hbase.HBaseTestingUtility.startMiniDFSCluster(HBaseTestingUtility.java:451)
	at org.apache.hadoop.hbase.HBaseTestingUtility.startMiniCluster(HBaseTestingUtility.java:619)
	at org.apache.hadoop.hbase.HBaseTestingUtility.startMiniCluster(HBaseTestingUtility.java:575)
	at com.alibaba.wasp.WaspTestingUtility.startMiniCluster(WaspTestingUtility.java:172)
	at com.alibaba.wasp.WaspTestingUtility.startMiniCluster(WaspTestingUtility.java:144)
	at com.alibaba.wasp.jdbc.TestJdbcConnectionPool.setUpBeforeClass(TestJdbcConnectionPool.java:54)
	at sun.reflect.NativeMethodAccessorImpl.invoke0(Native Method)
	at sun.reflect.NativeMethodAccessorImpl.invoke(NativeMethodAccessorImpl.java:62)
	at sun.reflect.DelegatingMethodAccessorImpl.invoke(DelegatingMethodAccessorImpl.java:43)
	at java.lang.reflect.Method.invoke(Method.java:498)
	at org.junit.runners.model.FrameworkMethod$1.runReflectiveCall(FrameworkMethod.java:45)
	at org.junit.internal.runners.model.ReflectiveCallable.run(ReflectiveCallable.java:15)
	at org.junit.runners.model.FrameworkMethod.invokeExplosively(FrameworkMethod.java:42)
	at org.junit.internal.runners.statements.RunBefores.evaluate(RunBefores.java:27)
	at org.junit.internal.runners.statements.RunAfters.evaluate(RunAfters.java:30)
	at org.junit.runners.ParentRunner.run(ParentRunner.java:300)
	at org.junit.runners.Suite.runChild(Suite.java:128)
	at org.junit.runners.Suite.runChild(Suite.java:24)
	at org.junit.runners.ParentRunner$3.run(ParentRunner.java:231)
	at org.junit.runners.ParentRunner$1.schedule(ParentRunner.java:60)
	at org.junit.runners.ParentRunner.runChildren(ParentRunner.java:229)
	at org.junit.runners.ParentRunner.access$000(ParentRunner.java:50)
	at org.junit.runners.ParentRunner$2.evaluate(ParentRunner.java:222)
	at org.junit.runners.ParentRunner.run(ParentRunner.java:300)
	at org.junit.runner.JUnitCore.run(JUnitCore.java:157)
	at org.junit.runner.JUnitCore.run(JUnitCore.java:136)
	at edu.illinois.cs.testrunner.execution.JUnitTestExecutor.execute(JUnitTestExecutor.java:259)
	at edu.illinois.cs.testrunner.execution.JUnitTestExecutor.executeWithJUnit4Runner(JUnitTestExecutor.java:327)
	at edu.illinois.cs.testrunner.execution.JUnitTestExecutor.runOrder(JUnitTestExecutor.java:49)
	at edu.illinois.cs.testrunner.execution.Executor$.$anonfun$run$1(Executor.scala:30)
	at scala.runtime.java8.JFunction0$mcV$sp.apply(JFunction0$mcV$sp.java:12)
	at scala.util.Try$.apply(Try.scala:209)
	at edu.illinois.cs.testrunner.execution.Executor$.run(Executor.scala:28)
	at edu.illinois.cs.testrunner.execution.Executor$.main(Executor.scala:18)
	at edu.illinois.cs.testrunner.execution.Executor.main(Executor.scala)
24/04/26 02:25:40 INFO wasp.WaspTestingUtility: Starting up minicluster with 1 master(s) and 3 fserver(s) 
Starting DataNode 0 with dfs.data.dir: /home/alex/Repositories/wasp/target/test-data/9e4ec57a-f9f8-4c58-b6a3-3e7c9f745c3b/dfscluster_98d181cc-1788-4c05-a0cb-ef3f5bc9714d/dfs/data/data1,/home/alex/Repositories/wasp/target/test-data/9e4ec57a-f9f8-4c58-b6a3-3e7c9f745c3b/dfscluster_98d181cc-1788-4c05-a0cb-ef3f5bc9714d/dfs/data/data2
24/04/26 02:25:41 ERROR datanode.DataNode: All directories in dfs.data.dir are invalid.
24/04/26 02:25:41 INFO wasp.WaspTestingUtility: Shutting down mini wasp cluster
24/04/26 02:25:41 INFO wasp.WaspTestingUtility: Minicluster is down
java.lang.NullPointerException
	at org.apache.hadoop.hdfs.MiniDFSCluster.startDataNodes(MiniDFSCluster.java:422)
	at org.apache.hadoop.hdfs.MiniDFSCluster.<init>(MiniDFSCluster.java:280)
	at org.apache.hadoop.hbase.HBaseTestingUtility.startMiniDFSCluster(HBaseTestingUtility.java:451)
	at org.apache.hadoop.hbase.HBaseTestingUtility.startMiniCluster(HBaseTestingUtility.java:619)
	at org.apache.hadoop.hbase.HBaseTestingUtility.startMiniCluster(HBaseTestingUtility.java:575)
	at com.alibaba.wasp.WaspTestingUtility.startMiniCluster(WaspTestingUtility.java:172)
	at com.alibaba.wasp.WaspTestingUtility.startMiniCluster(WaspTestingUtility.java:144)
	at com.alibaba.wasp.jdbc.TestJdbcResultFormatter.setUpBeforeClass(TestJdbcResultFormatter.java:51)
	at sun.reflect.NativeMethodAccessorImpl.invoke0(Native Method)
	at sun.reflect.NativeMethodAccessorImpl.invoke(NativeMethodAccessorImpl.java:62)
	at sun.reflect.DelegatingMethodAccessorImpl.invoke(DelegatingMethodAccessorImpl.java:43)
	at java.lang.reflect.Method.invoke(Method.java:498)
	at org.junit.runners.model.FrameworkMethod$1.runReflectiveCall(FrameworkMethod.java:45)
	at org.junit.internal.runners.model.ReflectiveCallable.run(ReflectiveCallable.java:15)
	at org.junit.runners.model.FrameworkMethod.invokeExplosively(FrameworkMethod.java:42)
	at org.junit.internal.runners.statements.RunBefores.evaluate(RunBefores.java:27)
	at org.junit.internal.runners.statements.RunAfters.evaluate(RunAfters.java:30)
	at org.junit.runners.ParentRunner.run(ParentRunner.java:300)
	at org.junit.runners.Suite.runChild(Suite.java:128)
	at org.junit.runners.Suite.runChild(Suite.java:24)
	at org.junit.runners.ParentRunner$3.run(ParentRunner.java:231)
	at org.junit.runners.ParentRunner$1.schedule(ParentRunner.java:60)
	at org.junit.runners.ParentRunner.runChildren(ParentRunner.java:229)
	at org.junit.runners.ParentRunner.access$000(ParentRunner.java:50)
	at org.junit.runners.ParentRunner$2.evaluate(ParentRunner.java:222)
	at org.junit.runners.ParentRunner.run(ParentRunner.java:300)
	at org.junit.runner.JUnitCore.run(JUnitCore.java:157)
	at org.junit.runner.JUnitCore.run(JUnitCore.java:136)
	at edu.illinois.cs.testrunner.execution.JUnitTestExecutor.execute(JUnitTestExecutor.java:259)
	at edu.illinois.cs.testrunner.execution.JUnitTestExecutor.executeWithJUnit4Runner(JUnitTestExecutor.java:327)
	at edu.illinois.cs.testrunner.execution.JUnitTestExecutor.runOrder(JUnitTestExecutor.java:49)
	at edu.illinois.cs.testrunner.execution.Executor$.$anonfun$run$1(Executor.scala:30)
	at scala.runtime.java8.JFunction0$mcV$sp.apply(JFunction0$mcV$sp.java:12)
	at scala.util.Try$.apply(Try.scala:209)
	at edu.illinois.cs.testrunner.execution.Executor$.run(Executor.scala:28)
	at edu.illinois.cs.testrunner.execution.Executor$.main(Executor.scala:18)
	at edu.illinois.cs.testrunner.execution.Executor.main(Executor.scala)
java.lang.NullPointerException
	at com.alibaba.wasp.jdbc.TestJdbcResultFormatter.tearDownAfterClass(TestJdbcResultFormatter.java:71)
	at sun.reflect.NativeMethodAccessorImpl.invoke0(Native Method)
	at sun.reflect.NativeMethodAccessorImpl.invoke(NativeMethodAccessorImpl.java:62)
	at sun.reflect.DelegatingMethodAccessorImpl.invoke(DelegatingMethodAccessorImpl.java:43)
	at java.lang.reflect.Method.invoke(Method.java:498)
	at org.junit.runners.model.FrameworkMethod$1.runReflectiveCall(FrameworkMethod.java:45)
	at org.junit.internal.runners.model.ReflectiveCallable.run(ReflectiveCallable.java:15)
	at org.junit.runners.model.FrameworkMethod.invokeExplosively(FrameworkMethod.java:42)
	at org.junit.internal.runners.statements.RunAfters.evaluate(RunAfters.java:36)
	at org.junit.runners.ParentRunner.run(ParentRunner.java:300)
	at org.junit.runners.Suite.runChild(Suite.java:128)
	at org.junit.runners.Suite.runChild(Suite.java:24)
	at org.junit.runners.ParentRunner$3.run(ParentRunner.java:231)
	at org.junit.runners.ParentRunner$1.schedule(ParentRunner.java:60)
	at org.junit.runners.ParentRunner.runChildren(ParentRunner.java:229)
	at org.junit.runners.ParentRunner.access$000(ParentRunner.java:50)
	at org.junit.runners.ParentRunner$2.evaluate(ParentRunner.java:222)
	at org.junit.runners.ParentRunner.run(ParentRunner.java:300)
	at org.junit.runner.JUnitCore.run(JUnitCore.java:157)
	at org.junit.runner.JUnitCore.run(JUnitCore.java:136)
	at edu.illinois.cs.testrunner.execution.JUnitTestExecutor.execute(JUnitTestExecutor.java:259)
	at edu.illinois.cs.testrunner.execution.JUnitTestExecutor.executeWithJUnit4Runner(JUnitTestExecutor.java:327)
	at edu.illinois.cs.testrunner.execution.JUnitTestExecutor.runOrder(JUnitTestExecutor.java:49)
	at edu.illinois.cs.testrunner.execution.Executor$.$anonfun$run$1(Executor.scala:30)
	at scala.runtime.java8.JFunction0$mcV$sp.apply(JFunction0$mcV$sp.java:12)
	at scala.util.Try$.apply(Try.scala:209)
	at edu.illinois.cs.testrunner.execution.Executor$.run(Executor.scala:28)
	at edu.illinois.cs.testrunner.execution.Executor$.main(Executor.scala:18)
	at edu.illinois.cs.testrunner.execution.Executor.main(Executor.scala)
24/04/26 02:25:41 INFO wasp.WaspTestingUtility: Starting up minicluster with 1 master(s) and 3 fserver(s) 
Starting DataNode 0 with dfs.data.dir: /home/alex/Repositories/wasp/target/test-data/fa86aa3f-2bbf-4448-9b38-3b1ea5d53534/dfscluster_04f65d6e-7079-469a-874c-e9806100237d/dfs/data/data1,/home/alex/Repositories/wasp/target/test-data/fa86aa3f-2bbf-4448-9b38-3b1ea5d53534/dfscluster_04f65d6e-7079-469a-874c-e9806100237d/dfs/data/data2
24/04/26 02:25:41 ERROR datanode.DataNode: All directories in dfs.data.dir are invalid.
java.lang.NullPointerException
	at org.apache.hadoop.hdfs.MiniDFSCluster.startDataNodes(MiniDFSCluster.java:422)
	at org.apache.hadoop.hdfs.MiniDFSCluster.<init>(MiniDFSCluster.java:280)
	at org.apache.hadoop.hbase.HBaseTestingUtility.startMiniDFSCluster(HBaseTestingUtility.java:451)
	at org.apache.hadoop.hbase.HBaseTestingUtility.startMiniCluster(HBaseTestingUtility.java:619)
	at org.apache.hadoop.hbase.HBaseTestingUtility.startMiniCluster(HBaseTestingUtility.java:575)
	at com.alibaba.wasp.WaspTestingUtility.startMiniCluster(WaspTestingUtility.java:172)
	at com.alibaba.wasp.WaspTestingUtility.startMiniCluster(WaspTestingUtility.java:144)
	at com.alibaba.wasp.jdbc.TestJdbcResultSet.setUpBeforeClass(TestJdbcResultSet.java:71)
	at sun.reflect.NativeMethodAccessorImpl.invoke0(Native Method)
	at sun.reflect.NativeMethodAccessorImpl.invoke(NativeMethodAccessorImpl.java:62)
	at sun.reflect.DelegatingMethodAccessorImpl.invoke(DelegatingMethodAccessorImpl.java:43)
	at java.lang.reflect.Method.invoke(Method.java:498)
	at org.junit.runners.model.FrameworkMethod$1.runReflectiveCall(FrameworkMethod.java:45)
	at org.junit.internal.runners.model.ReflectiveCallable.run(ReflectiveCallable.java:15)
	at org.junit.runners.model.FrameworkMethod.invokeExplosively(FrameworkMethod.java:42)
	at org.junit.internal.runners.statements.RunBefores.evaluate(RunBefores.java:27)
	at org.junit.internal.runners.statements.RunAfters.evaluate(RunAfters.java:30)
	at org.junit.runners.ParentRunner.run(ParentRunner.java:300)
	at org.junit.runners.Suite.runChild(Suite.java:128)
	at org.junit.runners.Suite.runChild(Suite.java:24)
	at org.junit.runners.ParentRunner$3.run(ParentRunner.java:231)
	at org.junit.runners.ParentRunner$1.schedule(ParentRunner.java:60)
	at org.junit.runners.ParentRunner.runChildren(ParentRunner.java:229)
	at org.junit.runners.ParentRunner.access$000(ParentRunner.java:50)
	at org.junit.runners.ParentRunner$2.evaluate(ParentRunner.java:222)
	at org.junit.runners.ParentRunner.run(ParentRunner.java:300)
	at org.junit.runner.JUnitCore.run(JUnitCore.java:157)
	at org.junit.runner.JUnitCore.run(JUnitCore.java:136)
	at edu.illinois.cs.testrunner.execution.JUnitTestExecutor.execute(JUnitTestExecutor.java:259)
	at edu.illinois.cs.testrunner.execution.JUnitTestExecutor.executeWithJUnit4Runner(JUnitTestExecutor.java:327)
	at edu.illinois.cs.testrunner.execution.JUnitTestExecutor.runOrder(JUnitTestExecutor.java:49)
	at edu.illinois.cs.testrunner.execution.Executor$.$anonfun$run$1(Executor.scala:30)
	at scala.runtime.java8.JFunction0$mcV$sp.apply(JFunction0$mcV$sp.java:12)
	at scala.util.Try$.apply(Try.scala:209)
	at edu.illinois.cs.testrunner.execution.Executor$.run(Executor.scala:28)
	at edu.illinois.cs.testrunner.execution.Executor$.main(Executor.scala:18)
	at edu.illinois.cs.testrunner.execution.Executor.main(Executor.scala)
java.lang.NullPointerException
	at com.alibaba.wasp.jdbc.TestJdbcResultSet.tearDownAfterClass(TestJdbcResultSet.java:100)
	at sun.reflect.NativeMethodAccessorImpl.invoke0(Native Method)
	at sun.reflect.NativeMethodAccessorImpl.invoke(NativeMethodAccessorImpl.java:62)
	at sun.reflect.DelegatingMethodAccessorImpl.invoke(DelegatingMethodAccessorImpl.java:43)
	at java.lang.reflect.Method.invoke(Method.java:498)
	at org.junit.runners.model.FrameworkMethod$1.runReflectiveCall(FrameworkMethod.java:45)
	at org.junit.internal.runners.model.ReflectiveCallable.run(ReflectiveCallable.java:15)
	at org.junit.runners.model.FrameworkMethod.invokeExplosively(FrameworkMethod.java:42)
	at org.junit.internal.runners.statements.RunAfters.evaluate(RunAfters.java:36)
	at org.junit.runners.ParentRunner.run(ParentRunner.java:300)
	at org.junit.runners.Suite.runChild(Suite.java:128)
	at org.junit.runners.Suite.runChild(Suite.java:24)
	at org.junit.runners.ParentRunner$3.run(ParentRunner.java:231)
	at org.junit.runners.ParentRunner$1.schedule(ParentRunner.java:60)
	at org.junit.runners.ParentRunner.runChildren(ParentRunner.java:229)
	at org.junit.runners.ParentRunner.access$000(ParentRunner.java:50)
	at org.junit.runners.ParentRunner$2.evaluate(ParentRunner.java:222)
	at org.junit.runners.ParentRunner.run(ParentRunner.java:300)
	at org.junit.runner.JUnitCore.run(JUnitCore.java:157)
	at org.junit.runner.JUnitCore.run(JUnitCore.java:136)
	at edu.illinois.cs.testrunner.execution.JUnitTestExecutor.execute(JUnitTestExecutor.java:259)
	at edu.illinois.cs.testrunner.execution.JUnitTestExecutor.executeWithJUnit4Runner(JUnitTestExecutor.java:327)
	at edu.illinois.cs.testrunner.execution.JUnitTestExecutor.runOrder(JUnitTestExecutor.java:49)
	at edu.illinois.cs.testrunner.execution.Executor$.$anonfun$run$1(Executor.scala:30)
	at scala.runtime.java8.JFunction0$mcV$sp.apply(JFunction0$mcV$sp.java:12)
	at scala.util.Try$.apply(Try.scala:209)
	at edu.illinois.cs.testrunner.execution.Executor$.run(Executor.scala:28)
	at edu.illinois.cs.testrunner.execution.Executor$.main(Executor.scala:18)
	at edu.illinois.cs.testrunner.execution.Executor.main(Executor.scala)
