[main] INFO org.apache.nifi.properties.NiFiPropertiesGroovyTest - niFiProperties has 2 properties: [nifi.content.repository.encryption.key, nifi.content.repository.encryption.key.id]
[main] INFO org.apache.nifi.properties.NiFiPropertiesGroovyTest - Retrieved key ID: arbitraryKeyId
[main] INFO org.apache.nifi.properties.NiFiPropertiesGroovyTest - Retrieved key: 0123456789ABCDEFFEDCBA9876543210
[main] INFO org.apache.nifi.properties.NiFiPropertiesGroovyTest - Retrieved keys: [arbitraryKeyId:0123456789ABCDEFFEDCBA9876543210]
[main] INFO org.apache.nifi.properties.NiFiPropertiesGroovyTest - niFiProperties has 3 properties: [nifi.flowfile.repository.encryption.key.id, nifi.flowfile.repository.encryption.key.K1, nifi.flowfile.repository.encryption.key.K2]
[main] WARN org.apache.nifi.util.NiFiProperties - Repository [flowfile] Encryption Key properties not found
[main] INFO org.apache.nifi.properties.NiFiPropertiesGroovyTest - Retrieved key ID: K2
[main] INFO org.apache.nifi.properties.NiFiPropertiesGroovyTest - Retrieved key: null
[main] INFO org.apache.nifi.properties.NiFiPropertiesGroovyTest - Retrieved keys: [:]
[main] INFO org.apache.nifi.properties.NiFiPropertiesGroovyTest - niFiProperties has 0 properties: []
[main] INFO org.apache.nifi.properties.NiFiPropertiesGroovyTest - Created a NiFiProperties instance with raw proxy host property [somehost.com  ,someotherhost.com,otherhost.com:1234,  anotherhost.com:9999]
[main] INFO org.apache.nifi.properties.NiFiPropertiesGroovyTest - Read from NiFiProperties instance: [somehost.com, someotherhost.com, otherhost.com:1234, anotherhost.com:9999]
[main] INFO org.apache.nifi.properties.NiFiPropertiesGroovyTest - Created a NiFiProperties instance with raw context path property [/some/context/path]
[main] INFO org.apache.nifi.properties.NiFiPropertiesGroovyTest - Read from NiFiProperties instance: /some/context/path
[main] INFO org.apache.nifi.properties.NiFiPropertiesGroovyTest - Created a NiFiProperties instance with raw proxy host property []
[main] INFO org.apache.nifi.properties.NiFiPropertiesGroovyTest - Read from NiFiProperties instance: []
[main] INFO org.apache.nifi.properties.NiFiPropertiesGroovyTest - Created a NiFiProperties instance with raw context path property [/some/context/path]
[main] INFO org.apache.nifi.properties.NiFiPropertiesGroovyTest - Read from NiFiProperties instance: [/some/context/path]
[main] INFO org.apache.nifi.properties.NiFiPropertiesGroovyTest - Created a NiFiProperties instance with raw proxy host property [someotherhost.com]
[main] INFO org.apache.nifi.properties.NiFiPropertiesGroovyTest - Read from NiFiProperties instance: [someotherhost.com]
[main] INFO org.apache.nifi.properties.NiFiPropertiesGroovyTest - niFiProperties has 1 properties: [nifi.content.repository.encryption.key.id]
[main] WARN org.apache.nifi.util.NiFiProperties - Repository [content] Encryption Key properties not found
[main] INFO org.apache.nifi.properties.NiFiPropertiesGroovyTest - Retrieved key ID: arbitraryKeyId
[main] INFO org.apache.nifi.properties.NiFiPropertiesGroovyTest - Retrieved key: null
[main] INFO org.apache.nifi.properties.NiFiPropertiesGroovyTest - Retrieved keys: [:]
[main] INFO org.apache.nifi.properties.NiFiPropertiesGroovyTest - niFiProperties has 6 properties: [nifi.content.repository.encryption.key.provider.location, nifi.content.repository.encryption.key.id, nifi.content.repository.encryption.key.id.arbitraryKeyId2, nifi.content.repository.encryption.key.id.arbitraryKeyId3, nifi.content.repository.encryption.key.provider.implementation, nifi.content.repository.encryption.key.id.arbitraryKeyId]
[main] INFO org.apache.nifi.properties.NiFiPropertiesGroovyTest - Retrieved key ID: arbitraryKeyId
[main] INFO org.apache.nifi.properties.NiFiPropertiesGroovyTest - Retrieved key: 0123456789ABCDEFFEDCBA9876543210
[main] INFO org.apache.nifi.properties.NiFiPropertiesGroovyTest - Retrieved keys: [arbitraryKeyId2:AAAABBBBCCCCDDDDEEEEFFFF00001111, arbitraryKeyId3:01010101010101010101010101010101, arbitraryKeyId:0123456789ABCDEFFEDCBA9876543210]
[main] INFO org.apache.nifi.properties.NiFiPropertiesGroovyTest - rawProperties has 1 properties: [key]
[main] INFO org.apache.nifi.properties.NiFiPropertiesGroovyTest - niFiProperties has 1 properties: [key]
[main] INFO org.apache.nifi.properties.NiFiPropertiesGroovyTest - Created a NiFiProperties instance with raw proxy host property [somehost.com  ]
[main] INFO org.apache.nifi.properties.NiFiPropertiesGroovyTest - Read from NiFiProperties instance: somehost.com
[main] INFO org.apache.nifi.properties.NiFiPropertiesGroovyTest - niFiProperties has 4 properties: [nifi.content.repository.encryption.key.id, nifi.content.repository.encryption.key.id.arbitraryKeyId2, nifi.content.repository.encryption.key.id.arbitraryKeyId3, nifi.content.repository.encryption.key.id.arbitraryKeyId]
[main] INFO org.apache.nifi.properties.NiFiPropertiesGroovyTest - Retrieved key ID: arbitraryKeyId
[main] INFO org.apache.nifi.properties.NiFiPropertiesGroovyTest - Retrieved key: 0123456789ABCDEFFEDCBA9876543210
[main] INFO org.apache.nifi.properties.NiFiPropertiesGroovyTest - Retrieved keys: [arbitraryKeyId2:AAAABBBBCCCCDDDDEEEEFFFF00001111, arbitraryKeyId3:01010101010101010101010101010101, arbitraryKeyId:0123456789ABCDEFFEDCBA9876543210]
[main] INFO org.apache.nifi.properties.NiFiPropertiesGroovyTest - Created a NiFiProperties instance with raw context path property [some/context/path]
[main] INFO org.apache.nifi.properties.NiFiPropertiesGroovyTest - Read from NiFiProperties instance: /some/context/path,/some/other/path,/a/third/path
[main] INFO org.apache.nifi.properties.NiFiPropertiesGroovyTest - niFiProperties has 4 properties: [nifi.flowfile.repository.encryption.key.id.K1, nifi.flowfile.repository.encryption.key, nifi.flowfile.repository.encryption.key.id, nifi.flowfile.repository.encryption.key.id.K2]
[main] WARN org.apache.nifi.util.NiFiProperties - Repository [flowfile] Duplicate Encryption Key ID [K2]: Ignoring Property [nifi.flowfile.repository.encryption.key.id.K2]
[main] INFO org.apache.nifi.properties.NiFiPropertiesGroovyTest - Retrieved key ID: K2
[main] INFO org.apache.nifi.properties.NiFiPropertiesGroovyTest - Retrieved key: AAAABBBBCCCCDDDDEEEEFFFF00001111
[main] INFO org.apache.nifi.properties.NiFiPropertiesGroovyTest - Retrieved keys: [K1:0123456789ABCDEFFEDCBA9876543210, K2:AAAAAAAAAAAAAAAAAAAAAAAAAAAAAAAA]
[main] INFO org.apache.nifi.properties.NiFiPropertiesGroovyTest - niFiProperties has 4 properties: [nifi.content.repository.encryption.key, nifi.content.repository.encryption.key.id, nifi.content.repository.encryption.key.id.arbitraryKeyId2, nifi.content.repository.encryption.key.id.arbitraryKeyId3]
[main] INFO org.apache.nifi.properties.NiFiPropertiesGroovyTest - Retrieved key ID: arbitraryKeyId
[main] INFO org.apache.nifi.properties.NiFiPropertiesGroovyTest - Retrieved key: 0123456789ABCDEFFEDCBA9876543210
[main] INFO org.apache.nifi.properties.NiFiPropertiesGroovyTest - Retrieved keys: [arbitraryKeyId2:AAAABBBBCCCCDDDDEEEEFFFF00001111, arbitraryKeyId3:01010101010101010101010101010101, arbitraryKeyId:0123456789ABCDEFFEDCBA9876543210]
[main] INFO org.apache.nifi.properties.NiFiPropertiesGroovyTest - niFiProperties has 1 properties: [nifi.provenance.repository.encryption.key.id]
[main] WARN org.apache.nifi.util.NiFiProperties - Repository [provenance] Encryption Key properties not found
[main] INFO org.apache.nifi.properties.NiFiPropertiesGroovyTest - Retrieved key ID: arbitraryKeyId
[main] INFO org.apache.nifi.properties.NiFiPropertiesGroovyTest - Retrieved key: null
[main] INFO org.apache.nifi.properties.NiFiPropertiesGroovyTest - Retrieved keys: [:]
[main] INFO org.apache.nifi.properties.NiFiPropertiesGroovyTest - rawProperties has 1 properties: [key]
[main] INFO org.apache.nifi.properties.NiFiPropertiesGroovyTest - niFiProperties has 1 properties: [key]
[main] INFO org.apache.nifi.properties.NiFiPropertiesGroovyTest - niFiProperties has 4 properties: [nifi.provenance.repository.encryption.key.id.arbitraryKeyId2, nifi.provenance.repository.encryption.key.id.arbitraryKeyId3, nifi.provenance.repository.encryption.key.id.arbitraryKeyId, nifi.provenance.repository.encryption.key.id]
[main] INFO org.apache.nifi.properties.NiFiPropertiesGroovyTest - Retrieved key ID: arbitraryKeyId
[main] INFO org.apache.nifi.properties.NiFiPropertiesGroovyTest - Retrieved key: 0123456789ABCDEFFEDCBA9876543210
[main] INFO org.apache.nifi.properties.NiFiPropertiesGroovyTest - Retrieved keys: [arbitraryKeyId2:AAAABBBBCCCCDDDDEEEEFFFF00001111, arbitraryKeyId3:01010101010101010101010101010101, arbitraryKeyId:0123456789ABCDEFFEDCBA9876543210]
[main] INFO org.apache.nifi.properties.NiFiPropertiesGroovyTest - niFiProperties has 0 properties: []
[main] WARN org.apache.nifi.util.NiFiProperties - Repository [content] Encryption Key properties not found
[main] INFO org.apache.nifi.properties.NiFiPropertiesGroovyTest - Retrieved key ID: null
[main] INFO org.apache.nifi.properties.NiFiPropertiesGroovyTest - Retrieved key: null
[main] INFO org.apache.nifi.properties.NiFiPropertiesGroovyTest - Retrieved keys: [:]
[main] INFO org.apache.nifi.properties.NiFiPropertiesGroovyTest - Created a NiFiProperties instance with raw context path property []
[main] INFO org.apache.nifi.properties.NiFiPropertiesGroovyTest - Read from NiFiProperties instance: 
[main] INFO org.apache.nifi.properties.NiFiPropertiesGroovyTest - niFiProperties has 0 properties: []
[main] WARN org.apache.nifi.util.NiFiProperties - Repository [provenance] Encryption Key properties not found
[main] INFO org.apache.nifi.properties.NiFiPropertiesGroovyTest - Retrieved key ID: null
[main] INFO org.apache.nifi.properties.NiFiPropertiesGroovyTest - Retrieved key: null
[main] INFO org.apache.nifi.properties.NiFiPropertiesGroovyTest - Retrieved keys: [:]
[main] INFO org.apache.nifi.properties.NiFiPropertiesGroovyTest - niFiProperties has 2 properties: [nifi.provenance.repository.encryption.key, nifi.provenance.repository.encryption.key.id]
[main] INFO org.apache.nifi.properties.NiFiPropertiesGroovyTest - Retrieved key ID: arbitraryKeyId
[main] INFO org.apache.nifi.properties.NiFiPropertiesGroovyTest - Retrieved key: 0123456789ABCDEFFEDCBA9876543210
[main] INFO org.apache.nifi.properties.NiFiPropertiesGroovyTest - Retrieved keys: [arbitraryKeyId:0123456789ABCDEFFEDCBA9876543210]
[main] INFO org.apache.nifi.properties.NiFiPropertiesGroovyTest - Created a NiFiProperties instance with raw proxy host property [somehost.com  ,someotherhost.com,otherhost.com:1234,  anotherhost.com:9999]
[main] INFO org.apache.nifi.properties.NiFiPropertiesGroovyTest - Read from NiFiProperties instance: somehost.com,someotherhost.com,otherhost.com:1234,anotherhost.com:9999
[main] INFO org.apache.nifi.properties.NiFiPropertiesGroovyTest - rawProperties has 1 properties: [key]
[main] INFO org.apache.nifi.properties.NiFiPropertiesGroovyTest - niFiProperties has 1 properties: [key]
[main] INFO org.apache.nifi.properties.NiFiPropertiesGroovyTest - emptyProperties has 0 properties: []
[main] INFO org.apache.nifi.properties.NiFiPropertiesGroovyTest - niFiProperties has 4 properties: [nifi.provenance.repository.encryption.key.id.arbitraryKeyId2, nifi.provenance.repository.encryption.key.id.arbitraryKeyId3, nifi.provenance.repository.encryption.key, nifi.provenance.repository.encryption.key.id]
[main] INFO org.apache.nifi.properties.NiFiPropertiesGroovyTest - Retrieved key ID: arbitraryKeyId
[main] INFO org.apache.nifi.properties.NiFiPropertiesGroovyTest - Retrieved key: 0123456789ABCDEFFEDCBA9876543210
[main] INFO org.apache.nifi.properties.NiFiPropertiesGroovyTest - Retrieved keys: [arbitraryKeyId2:AAAABBBBCCCCDDDDEEEEFFFF00001111, arbitraryKeyId3:01010101010101010101010101010101, arbitraryKeyId:0123456789ABCDEFFEDCBA9876543210]
[main] INFO org.apache.nifi.properties.NiFiPropertiesGroovyTest - Created a NiFiProperties instance with raw proxy host property [somehost.com]
[main] INFO org.apache.nifi.properties.NiFiPropertiesGroovyTest - Read from NiFiProperties instance: somehost.com
[main] INFO org.apache.nifi.properties.NiFiPropertiesGroovyTest - Created a NiFiProperties instance with raw context path property [some/context/path]
[main] INFO org.apache.nifi.properties.NiFiPropertiesGroovyTest - Read from NiFiProperties instance: /some/context/path
[main] INFO org.apache.nifi.properties.NiFiPropertiesGroovyTest - niFiProperties has 4 properties: [nifi.flowfile.repository.encryption.key.id.K1, nifi.flowfile.repository.encryption.key, nifi.flowfile.repository.encryption.key.id, nifi.flowfile.repository.encryption.key.id.K2]
[main] INFO org.apache.nifi.properties.NiFiPropertiesGroovyTest - Retrieved key ID: K2
[main] INFO org.apache.nifi.properties.NiFiPropertiesGroovyTest - Retrieved key: AAAABBBBCCCCDDDDEEEEFFFF00001111
[main] INFO org.apache.nifi.properties.NiFiPropertiesGroovyTest - Retrieved keys: [K1:0123456789ABCDEFFEDCBA9876543210, K2:AAAABBBBCCCCDDDDEEEEFFFF00001111]
[main] INFO org.apache.nifi.properties.NiFiPropertiesGroovyTest - niFiProperties has 3 properties: [nifi.flowfile.repository.encryption.key.id.K1, nifi.flowfile.repository.encryption.key.id, nifi.flowfile.repository.encryption.key.id.K2]
[main] INFO org.apache.nifi.properties.NiFiPropertiesGroovyTest - Retrieved key ID: K2
[main] INFO org.apache.nifi.properties.NiFiPropertiesGroovyTest - Retrieved key: AAAABBBBCCCCDDDDEEEEFFFF00001111
[main] INFO org.apache.nifi.properties.NiFiPropertiesGroovyTest - Retrieved keys: [K1:0123456789ABCDEFFEDCBA9876543210, K2:AAAABBBBCCCCDDDDEEEEFFFF00001111]
[main] INFO org.apache.nifi.properties.NiFiPropertiesGroovyTest - Created a NiFiProperties instance with raw context path property [some/context/path]
[main] INFO org.apache.nifi.properties.NiFiPropertiesGroovyTest - Read from NiFiProperties instance: [/some/context/path, /some/other/path, /a/third/path]
[main] INFO org.apache.nifi.properties.NiFiPropertiesGroovyTest - rawProperties has 1 properties: [key]
[main] INFO org.apache.nifi.properties.NiFiPropertiesGroovyTest - niFiProperties has 1 properties: [key]
[main] INFO org.apache.nifi.properties.NiFiPropertiesGroovyTest - niFiProperties has 6 properties: [nifi.provenance.repository.encryption.key.id.arbitraryKeyId2, nifi.provenance.repository.encryption.key.id.arbitraryKeyId3, nifi.provenance.repository.encryption.key.id.arbitraryKeyId, nifi.provenance.repository.encryption.key.provider.location, nifi.provenance.repository.encryption.key.provider.implementation, nifi.provenance.repository.encryption.key.id]
[main] INFO org.apache.nifi.properties.NiFiPropertiesGroovyTest - Retrieved key ID: arbitraryKeyId
[main] INFO org.apache.nifi.properties.NiFiPropertiesGroovyTest - Retrieved key: 0123456789ABCDEFFEDCBA9876543210
[main] INFO org.apache.nifi.properties.NiFiPropertiesGroovyTest - Retrieved keys: [arbitraryKeyId2:AAAABBBBCCCCDDDDEEEEFFFF00001111, arbitraryKeyId3:01010101010101010101010101010101, arbitraryKeyId:0123456789ABCDEFFEDCBA9876543210]
[main] INFO org.apache.nifi.properties.NiFiPropertiesGroovyTest - niFiProperties has 4 properties: [nifi.flowfile.repository.encryption.key.id.K1, nifi.flowfile.repository.encryption.key, nifi.flowfile.repository.encryption.key.id, nifi.flowfile.repository.encryption.key.id.K2]
[main] WARN org.apache.nifi.util.NiFiProperties - Repository [flowfile] Duplicate Encryption Key ID [K2]: Ignoring Property [nifi.flowfile.repository.encryption.key.id.K2]
[main] INFO org.apache.nifi.properties.NiFiPropertiesGroovyTest - Retrieved key ID: K2
[main] INFO org.apache.nifi.properties.NiFiPropertiesGroovyTest - Retrieved key: AAAABBBBCCCCDDDDEEEEFFFF00001111
[main] INFO org.apache.nifi.properties.NiFiPropertiesGroovyTest - Retrieved keys: [K1:0123456789ABCDEFFEDCBA9876543210, K2:AAAAAAAAAAAAAAAAAAAAAAAAAAAAAAAA]
[main] INFO org.apache.nifi.properties.NiFiPropertiesGroovyTest - Created a NiFiProperties instance with raw proxy host property []
[main] INFO org.apache.nifi.properties.NiFiPropertiesGroovyTest - Read from NiFiProperties instance: 
[main] INFO org.apache.nifi.properties.NiFiPropertiesGroovyTest - Created a NiFiProperties instance with empty web max content size property
[main] INFO org.apache.nifi.properties.NiFiPropertiesGroovyTest - Read from NiFiProperties instance: 
[main] WARN org.apache.nifi.properties.AbstractBootstrapPropertiesLoader - System Property [nifi.properties.file.path] not found: Using Relative Path [conf/nifi.properties]
[main] ERROR org.apache.nifi.properties.NiFiPropertiesLoader - Cannot read from '/home/idflakies/apache/nifi/src/test/resources/conf/nifi_with_whitespace.properties' -- file is missing or not readable
java.lang.IllegalArgumentException: NiFi properties file missing or unreadable
	at org.apache.nifi.properties.NiFiPropertiesLoader.readProtectedPropertiesFromDisk(NiFiPropertiesLoader.java:137)
	at org.apache.nifi.properties.NiFiPropertiesLoader.load(NiFiPropertiesLoader.java:169)
	at org.apache.nifi.properties.NiFiPropertiesLoader.load(NiFiPropertiesLoader.java:196)
	at org.apache.nifi.properties.NiFiPropertiesLoader$load.call(Unknown Source)
	at org.codehaus.groovy.runtime.callsite.CallSiteArray.defaultCall(CallSiteArray.java:47)
	at org.codehaus.groovy.runtime.callsite.AbstractCallSite.call(AbstractCallSite.java:115)
	at org.codehaus.groovy.runtime.callsite.AbstractCallSite.call(AbstractCallSite.java:127)
	at org.apache.nifi.properties.NiFiPropertiesGroovyTest.testShouldStripWhitespace(NiFiPropertiesGroovyTest.groovy:1019)
	at sun.reflect.NativeMethodAccessorImpl.invoke0(Native Method)
	at sun.reflect.NativeMethodAccessorImpl.invoke(NativeMethodAccessorImpl.java:62)
	at sun.reflect.DelegatingMethodAccessorImpl.invoke(DelegatingMethodAccessorImpl.java:43)
	at java.lang.reflect.Method.invoke(Method.java:498)
	at org.junit.runners.model.FrameworkMethod$1.runReflectiveCall(FrameworkMethod.java:59)
	at org.junit.internal.runners.model.ReflectiveCallable.run(ReflectiveCallable.java:12)
	at org.junit.runners.model.FrameworkMethod.invokeExplosively(FrameworkMethod.java:56)
	at org.junit.internal.runners.statements.InvokeMethod.evaluate(InvokeMethod.java:17)
	at org.junit.internal.runners.statements.RunBefores.evaluate(RunBefores.java:26)
	at org.junit.internal.runners.statements.RunAfters.evaluate(RunAfters.java:27)
	at org.junit.runners.ParentRunner$3.evaluate(ParentRunner.java:306)
	at org.junit.runners.BlockJUnit4ClassRunner$1.evaluate(BlockJUnit4ClassRunner.java:100)
	at org.junit.runners.ParentRunner.runLeaf(ParentRunner.java:366)
	at org.junit.runners.BlockJUnit4ClassRunner.runChild(BlockJUnit4ClassRunner.java:103)
	at org.junit.runners.BlockJUnit4ClassRunner.runChild(BlockJUnit4ClassRunner.java:63)
	at org.junit.runners.ParentRunner$4.run(ParentRunner.java:331)
	at org.junit.runners.ParentRunner$1.schedule(ParentRunner.java:79)
	at org.junit.runners.ParentRunner.runChildren(ParentRunner.java:329)
	at org.junit.runners.ParentRunner.access$100(ParentRunner.java:66)
	at org.junit.runners.ParentRunner$2.evaluate(ParentRunner.java:293)
	at org.junit.internal.runners.statements.RunBefores.evaluate(RunBefores.java:26)
	at org.junit.internal.runners.statements.RunAfters.evaluate(RunAfters.java:27)
	at org.junit.runners.ParentRunner$3.evaluate(ParentRunner.java:306)
	at org.junit.runners.ParentRunner.run(ParentRunner.java:413)
	at org.junit.runners.Suite.runChild(Suite.java:128)
	at org.junit.runners.Suite.runChild(Suite.java:27)
	at org.junit.runners.ParentRunner$4.run(ParentRunner.java:331)
	at org.junit.runners.ParentRunner$1.schedule(ParentRunner.java:79)
	at org.junit.runners.ParentRunner.runChildren(ParentRunner.java:329)
	at org.junit.runners.ParentRunner.access$100(ParentRunner.java:66)
	at org.junit.runners.ParentRunner$2.evaluate(ParentRunner.java:293)
	at org.junit.runners.ParentRunner$3.evaluate(ParentRunner.java:306)
	at org.junit.runners.ParentRunner.run(ParentRunner.java:413)
	at org.junit.runner.JUnitCore.run(JUnitCore.java:137)
	at org.junit.runner.JUnitCore.run(JUnitCore.java:115)
	at edu.illinois.cs.testrunner.execution.JUnitTestExecutor.execute(JUnitTestExecutor.java:246)
	at edu.illinois.cs.testrunner.execution.JUnitTestExecutor.executeWithJUnit4Runner(JUnitTestExecutor.java:315)
	at edu.illinois.cs.testrunner.execution.JUnitTestExecutor.runOrder(JUnitTestExecutor.java:46)
	at edu.illinois.cs.testrunner.execution.Executor$.$anonfun$run$1(Executor.scala:30)
	at scala.runtime.java8.JFunction0$mcV$sp.apply(JFunction0$mcV$sp.java:12)
	at scala.util.Try$.apply(Try.scala:209)
	at edu.illinois.cs.testrunner.execution.Executor$.run(Executor.scala:28)
	at edu.illinois.cs.testrunner.execution.Executor$.main(Executor.scala:18)
	at edu.illinois.cs.testrunner.execution.Executor.main(Executor.scala)
[main] INFO org.apache.nifi.properties.ProtectedNiFiPropertiesGroovyTest - Loaded 85 properties from /home/idflakies/apache/nifi/nifi-nar-bundles/nifi-framework-bundle/nifi-framework/nifi-properties-loader/target/test-classes/conf/nifi_with_sensitive_properties_protected_aes.properties
[main] INFO org.apache.nifi.properties.ProtectedNiFiPropertiesGroovyTest - The property is sensitive and protected
[main] INFO org.apache.nifi.properties.ProtectedNiFiPropertiesGroovyTest - nifi.security.keystorePasswd: thisIsABadKeystorePassword
java.io.FileNotFoundException: src/test/resources/conf/nifi_with_sensitive_properties_protected_aes.properties (No such file or directory)
	at java.io.FileInputStream.open0(Native Method)
	at java.io.FileInputStream.open(FileInputStream.java:195)
	at java.io.FileInputStream.<init>(FileInputStream.java:138)
	at org.codehaus.groovy.runtime.ResourceGroovyMethods.newInputStream(ResourceGroovyMethods.java:2149)
	at org.codehaus.groovy.runtime.dgm$1028.invoke(Unknown Source)
	at org.codehaus.groovy.runtime.callsite.PojoMetaMethodSite$PojoMetaMethodSiteNoUnwrapNoCoerce.invoke(PojoMetaMethodSite.java:244)
	at org.codehaus.groovy.runtime.callsite.PojoMetaMethodSite.call(PojoMetaMethodSite.java:53)
	at org.codehaus.groovy.runtime.callsite.CallSiteArray.defaultCall(CallSiteArray.java:47)
	at org.codehaus.groovy.runtime.callsite.AbstractCallSite.call(AbstractCallSite.java:115)
	at org.codehaus.groovy.runtime.callsite.AbstractCallSite.call(AbstractCallSite.java:119)
	at org.apache.nifi.properties.ProtectedNiFiPropertiesGroovyTest.testShouldGetUnprotectedValueOfSensitivePropertyWhenProtectedWithDefault(ProtectedNiFiPropertiesGroovyTest.groovy:525)
	at sun.reflect.NativeMethodAccessorImpl.invoke0(Native Method)
	at sun.reflect.NativeMethodAccessorImpl.invoke(NativeMethodAccessorImpl.java:62)
	at sun.reflect.DelegatingMethodAccessorImpl.invoke(DelegatingMethodAccessorImpl.java:43)
	at java.lang.reflect.Method.invoke(Method.java:498)
	at org.junit.runners.model.FrameworkMethod$1.runReflectiveCall(FrameworkMethod.java:59)
	at org.junit.internal.runners.model.ReflectiveCallable.run(ReflectiveCallable.java:12)
	at org.junit.runners.model.FrameworkMethod.invokeExplosively(FrameworkMethod.java:56)
	at org.junit.internal.runners.statements.InvokeMethod.evaluate(InvokeMethod.java:17)
	at org.junit.internal.runners.statements.RunBefores.evaluate(RunBefores.java:26)
	at org.junit.internal.runners.statements.RunAfters.evaluate(RunAfters.java:27)
	at org.junit.runners.ParentRunner$3.evaluate(ParentRunner.java:306)
	at org.junit.runners.BlockJUnit4ClassRunner$1.evaluate(BlockJUnit4ClassRunner.java:100)
	at org.junit.runners.ParentRunner.runLeaf(ParentRunner.java:366)
	at org.junit.runners.BlockJUnit4ClassRunner.runChild(BlockJUnit4ClassRunner.java:103)
	at org.junit.runners.BlockJUnit4ClassRunner.runChild(BlockJUnit4ClassRunner.java:63)
	at org.junit.runners.ParentRunner$4.run(ParentRunner.java:331)
	at org.junit.runners.ParentRunner$1.schedule(ParentRunner.java:79)
	at org.junit.runners.ParentRunner.runChildren(ParentRunner.java:329)
	at org.junit.runners.ParentRunner.access$100(ParentRunner.java:66)
	at org.junit.runners.ParentRunner$2.evaluate(ParentRunner.java:293)
	at org.junit.internal.runners.statements.RunBefores.evaluate(RunBefores.java:26)
	at org.junit.internal.runners.statements.RunAfters.evaluate(RunAfters.java:27)
	at org.junit.runners.ParentRunner$3.evaluate(ParentRunner.java:306)
	at org.junit.runners.ParentRunner.run(ParentRunner.java:413)
	at org.junit.runners.Suite.runChild(Suite.java:128)
	at org.junit.runners.Suite.runChild(Suite.java:27)
	at org.junit.runners.ParentRunner$4.run(ParentRunner.java:331)
	at org.junit.runners.ParentRunner$1.schedule(ParentRunner.java:79)
	at org.junit.runners.ParentRunner.runChildren(ParentRunner.java:329)
	at org.junit.runners.ParentRunner.access$100(ParentRunner.java:66)
	at org.junit.runners.ParentRunner$2.evaluate(ParentRunner.java:293)
	at org.junit.runners.ParentRunner$3.evaluate(ParentRunner.java:306)
	at org.junit.runners.ParentRunner.run(ParentRunner.java:413)
	at org.junit.runner.JUnitCore.run(JUnitCore.java:137)
	at org.junit.runner.JUnitCore.run(JUnitCore.java:115)
	at edu.illinois.cs.testrunner.execution.JUnitTestExecutor.execute(JUnitTestExecutor.java:246)
	at edu.illinois.cs.testrunner.execution.JUnitTestExecutor.executeWithJUnit4Runner(JUnitTestExecutor.java:315)
	at edu.illinois.cs.testrunner.execution.JUnitTestExecutor.runOrder(JUnitTestExecutor.java:46)
	at edu.illinois.cs.testrunner.execution.Executor$.$anonfun$run$1(Executor.scala:30)
	at scala.runtime.java8.JFunction0$mcV$sp.apply(JFunction0$mcV$sp.java:12)
	at scala.util.Try$.apply(Try.scala:209)
	at edu.illinois.cs.testrunner.execution.Executor$.run(Executor.scala:28)
	at edu.illinois.cs.testrunner.execution.Executor$.main(Executor.scala:18)
	at edu.illinois.cs.testrunner.execution.Executor.main(Executor.scala)
[main] INFO org.apache.nifi.properties.ProtectedNiFiPropertiesGroovyTest - niFiProperties has 0 properties: []
[main] INFO org.apache.nifi.properties.ProtectedNiFiPropertiesGroovyTest - Loaded 82 properties from /home/idflakies/apache/nifi/nifi-nar-bundles/nifi-framework-bundle/nifi-framework/nifi-properties-loader/target/test-classes/conf/nifi_with_sensitive_properties_unprotected.properties
[main] INFO org.apache.nifi.properties.ProtectedNiFiPropertiesGroovyTest - The property is sensitive and not protected
[main] INFO org.apache.nifi.properties.ProtectedNiFiPropertiesGroovyTest - nifi.security.keystorePasswd: thisIsABadKeystorePassword
java.io.FileNotFoundException: src/test/resources/conf/nifi_with_sensitive_properties_protected_unknown.properties (No such file or directory)
	at java.io.FileInputStream.open0(Native Method)
	at java.io.FileInputStream.open(FileInputStream.java:195)
	at java.io.FileInputStream.<init>(FileInputStream.java:138)
	at org.codehaus.groovy.runtime.ResourceGroovyMethods.newInputStream(ResourceGroovyMethods.java:2149)
	at org.codehaus.groovy.runtime.dgm$1028.invoke(Unknown Source)
	at org.codehaus.groovy.runtime.callsite.PojoMetaMethodSite$PojoMetaMethodSiteNoUnwrapNoCoerce.invoke(PojoMetaMethodSite.java:244)
	at org.codehaus.groovy.runtime.callsite.PojoMetaMethodSite.call(PojoMetaMethodSite.java:53)
	at org.codehaus.groovy.runtime.callsite.CallSiteArray.defaultCall(CallSiteArray.java:47)
	at org.codehaus.groovy.runtime.callsite.AbstractCallSite.call(AbstractCallSite.java:115)
	at org.codehaus.groovy.runtime.callsite.AbstractCallSite.call(AbstractCallSite.java:119)
	at org.apache.nifi.properties.ProtectedNiFiPropertiesGroovyTest.testGetValueOfSensitivePropertyShouldFailOnUnknownProtectionScheme(ProtectedNiFiPropertiesGroovyTest.groovy:375)
	at sun.reflect.NativeMethodAccessorImpl.invoke0(Native Method)
	at sun.reflect.NativeMethodAccessorImpl.invoke(NativeMethodAccessorImpl.java:62)
	at sun.reflect.DelegatingMethodAccessorImpl.invoke(DelegatingMethodAccessorImpl.java:43)
	at java.lang.reflect.Method.invoke(Method.java:498)
	at org.junit.runners.model.FrameworkMethod$1.runReflectiveCall(FrameworkMethod.java:59)
	at org.junit.internal.runners.model.ReflectiveCallable.run(ReflectiveCallable.java:12)
	at org.junit.runners.model.FrameworkMethod.invokeExplosively(FrameworkMethod.java:56)
	at org.junit.internal.runners.statements.InvokeMethod.evaluate(InvokeMethod.java:17)
	at org.junit.internal.runners.statements.RunBefores.evaluate(RunBefores.java:26)
	at org.junit.internal.runners.statements.RunAfters.evaluate(RunAfters.java:27)
	at org.junit.runners.ParentRunner$3.evaluate(ParentRunner.java:306)
	at org.junit.runners.BlockJUnit4ClassRunner$1.evaluate(BlockJUnit4ClassRunner.java:100)
	at org.junit.runners.ParentRunner.runLeaf(ParentRunner.java:366)
	at org.junit.runners.BlockJUnit4ClassRunner.runChild(BlockJUnit4ClassRunner.java:103)
	at org.junit.runners.BlockJUnit4ClassRunner.runChild(BlockJUnit4ClassRunner.java:63)
	at org.junit.runners.ParentRunner$4.run(ParentRunner.java:331)
	at org.junit.runners.ParentRunner$1.schedule(ParentRunner.java:79)
	at org.junit.runners.ParentRunner.runChildren(ParentRunner.java:329)
	at org.junit.runners.ParentRunner.access$100(ParentRunner.java:66)
	at org.junit.runners.ParentRunner$2.evaluate(ParentRunner.java:293)
	at org.junit.internal.runners.statements.RunBefores.evaluate(RunBefores.java:26)
	at org.junit.internal.runners.statements.RunAfters.evaluate(RunAfters.java:27)
	at org.junit.runners.ParentRunner$3.evaluate(ParentRunner.java:306)
	at org.junit.runners.ParentRunner.run(ParentRunner.java:413)
	at org.junit.runners.Suite.runChild(Suite.java:128)
	at org.junit.runners.Suite.runChild(Suite.java:27)
	at org.junit.runners.ParentRunner$4.run(ParentRunner.java:331)
	at org.junit.runners.ParentRunner$1.schedule(ParentRunner.java:79)
	at org.junit.runners.ParentRunner.runChildren(ParentRunner.java:329)
	at org.junit.runners.ParentRunner.access$100(ParentRunner.java:66)
	at org.junit.runners.ParentRunner$2.evaluate(ParentRunner.java:293)
	at org.junit.runners.ParentRunner$3.evaluate(ParentRunner.java:306)
	at org.junit.runners.ParentRunner.run(ParentRunner.java:413)
	at org.junit.runner.JUnitCore.run(JUnitCore.java:137)
	at org.junit.runner.JUnitCore.run(JUnitCore.java:115)
	at edu.illinois.cs.testrunner.execution.JUnitTestExecutor.execute(JUnitTestExecutor.java:246)
	at edu.illinois.cs.testrunner.execution.JUnitTestExecutor.executeWithJUnit4Runner(JUnitTestExecutor.java:315)
	at edu.illinois.cs.testrunner.execution.JUnitTestExecutor.runOrder(JUnitTestExecutor.java:46)
	at edu.illinois.cs.testrunner.execution.Executor$.$anonfun$run$1(Executor.scala:30)
	at scala.runtime.java8.JFunction0$mcV$sp.apply(JFunction0$mcV$sp.java:12)
	at scala.util.Try$.apply(Try.scala:209)
	at edu.illinois.cs.testrunner.execution.Executor$.run(Executor.scala:28)
	at edu.illinois.cs.testrunner.execution.Executor$.main(Executor.scala:18)
	at edu.illinois.cs.testrunner.execution.Executor.main(Executor.scala)
[main] INFO org.apache.nifi.properties.ProtectedNiFiPropertiesGroovyTest - niFiProperties has 2 properties: [key.protected, key]
[main] INFO org.apache.nifi.properties.ProtectedNiFiPropertiesGroovyTest - protectedNiFiProperties has 1 properties: [key]
[main] INFO org.apache.nifi.properties.ProtectedNiFiPropertiesGroovyTest - Loaded 85 properties from /home/idflakies/apache/nifi/nifi-nar-bundles/nifi-framework-bundle/nifi-framework/nifi-properties-loader/target/test-classes/conf/nifi_with_sensitive_properties_protected_aes.properties
[main] INFO org.apache.nifi.properties.ProtectedNiFiPropertiesGroovyTest - Read raw value from properties: oBjT92hIGRElIGOh||MZ6uYuWNBrOA6usq/Jt3DaD2e4otNirZDytac/w/KFe0HOkrJR03vcbo
[main] INFO org.apache.nifi.properties.ProtectedNiFiPropertiesGroovyTest - The property is sensitive and protected
[main] INFO org.apache.nifi.properties.ProtectedNiFiPropertiesGroovyTest - Loaded 83 properties from /home/idflakies/apache/nifi/nifi-nar-bundles/nifi-framework-bundle/nifi-framework/nifi-properties-loader/target/test-classes/conf/nifi_with_sensitive_properties_unprotected_extra_line.properties
[main] INFO org.apache.nifi.properties.ProtectedNiFiPropertiesGroovyTest - nifi.sensitive.props.key is SENSITIVE
[main] INFO org.apache.nifi.properties.ProtectedNiFiPropertiesGroovyTest - nifi.sensitive.props.key is NOT PROTECTED
[main] INFO org.apache.nifi.properties.ProtectedNiFiPropertiesGroovyTest - Loaded 81 properties from /home/idflakies/apache/nifi/nifi-nar-bundles/nifi-framework-bundle/nifi-framework/nifi-properties-loader/target/test-classes/conf/nifi.properties
[main] INFO org.apache.nifi.properties.ProtectedNiFiPropertiesGroovyTest - Loaded 81 properties from /conf/nifi.properties
[main] INFO org.apache.nifi.properties.ProtectedNiFiPropertiesGroovyTest - Hash code of internal instance: 950698351
[main] INFO org.apache.nifi.properties.ProtectedNiFiPropertiesGroovyTest - Unprotected 81 properties
[main] INFO org.apache.nifi.properties.ProtectedNiFiPropertiesGroovyTest - Hash code from returned unprotected instance: 950698351
[main] INFO org.apache.nifi.properties.ProtectedNiFiPropertiesGroovyTest - rawProperties has 1 properties: [key]
[main] INFO org.apache.nifi.properties.ProtectedNiFiPropertiesGroovyTest - niFiProperties has 1 properties: [key]
[main] INFO org.apache.nifi.properties.ProtectedNiFiPropertiesGroovyTest - Loaded 85 properties from /home/idflakies/apache/nifi/nifi-nar-bundles/nifi-framework-bundle/nifi-framework/nifi-properties-loader/target/test-classes/conf/nifi_with_sensitive_properties_protected_aes_improper_delimiter_value.properties
[main] WARN org.apache.nifi.properties.ApplicationPropertiesProtector - Failed to unprotect 'nifi.security.keystorePasswd'
SensitivePropertyProtectionException: Error unprotecting value for nifi.security.keystorePasswd
	at org.apache.nifi.properties.ApplicationPropertiesProtector.unprotectValue(ApplicationPropertiesProtector.java:335)
	at org.apache.nifi.properties.ApplicationPropertiesProtector.getUnprotectedProperties(ApplicationPropertiesProtector.java:235)
	at org.apache.nifi.properties.ProtectedNiFiProperties.getUnprotectedProperties(ProtectedNiFiProperties.java:205)
	at org.apache.nifi.properties.ProtectedNiFiProperties.getUnprotectedProperties(ProtectedNiFiProperties.java:39)
	at org.apache.nifi.properties.SensitivePropertyProtector$getUnprotectedProperties$3.call(Unknown Source)
	at org.codehaus.groovy.runtime.callsite.CallSiteArray.defaultCall(CallSiteArray.java:47)
	at org.codehaus.groovy.runtime.callsite.AbstractCallSite.call(AbstractCallSite.java:115)
	at org.codehaus.groovy.runtime.callsite.AbstractCallSite.call(AbstractCallSite.java:119)
	at org.apache.nifi.properties.ProtectedNiFiPropertiesGroovyTest$_testShouldThrowExceptionWhenImproperValueGiven_closure20.doCall(ProtectedNiFiPropertiesGroovyTest.groovy:886)
	at org.apache.nifi.properties.ProtectedNiFiPropertiesGroovyTest$_testShouldThrowExceptionWhenImproperValueGiven_closure20.doCall(ProtectedNiFiPropertiesGroovyTest.groovy)
	at sun.reflect.NativeMethodAccessorImpl.invoke0(Native Method)
	at sun.reflect.NativeMethodAccessorImpl.invoke(NativeMethodAccessorImpl.java:62)
	at sun.reflect.DelegatingMethodAccessorImpl.invoke(DelegatingMethodAccessorImpl.java:43)
	at java.lang.reflect.Method.invoke(Method.java:498)
	at org.codehaus.groovy.reflection.CachedMethod.invoke(CachedMethod.java:101)
	at groovy.lang.MetaMethod.doMethodInvoke(MetaMethod.java:323)
	at org.codehaus.groovy.runtime.metaclass.ClosureMetaClass.invokeMethod(ClosureMetaClass.java:263)
	at groovy.lang.MetaClassImpl.invokeMethod(MetaClassImpl.java:1041)
	at groovy.lang.Closure.call(Closure.java:405)
	at groovy.lang.Closure.call(Closure.java:399)
	at groovy.test.GroovyAssert.shouldFail(GroovyAssert.java:118)
	at groovy.util.GroovyTestCase.shouldFail(GroovyTestCase.java:216)
	at sun.reflect.NativeMethodAccessorImpl.invoke0(Native Method)
	at sun.reflect.NativeMethodAccessorImpl.invoke(NativeMethodAccessorImpl.java:62)
	at sun.reflect.DelegatingMethodAccessorImpl.invoke(DelegatingMethodAccessorImpl.java:43)
	at java.lang.reflect.Method.invoke(Method.java:498)
	at org.codehaus.groovy.runtime.callsite.PlainObjectMetaMethodSite.doInvoke(PlainObjectMetaMethodSite.java:43)
	at org.codehaus.groovy.runtime.callsite.PogoMetaMethodSite$PogoCachedMethodSiteNoUnwrapNoCoerce.invoke(PogoMetaMethodSite.java:190)
	at org.codehaus.groovy.runtime.callsite.PogoMetaMethodSite.callCurrent(PogoMetaMethodSite.java:58)
	at org.codehaus.groovy.runtime.callsite.CallSiteArray.defaultCallCurrent(CallSiteArray.java:51)
	at org.codehaus.groovy.runtime.callsite.AbstractCallSite.callCurrent(AbstractCallSite.java:156)
	at org.codehaus.groovy.runtime.callsite.AbstractCallSite.callCurrent(AbstractCallSite.java:176)
	at org.apache.nifi.properties.ProtectedNiFiPropertiesGroovyTest.testShouldThrowExceptionWhenImproperValueGiven(ProtectedNiFiPropertiesGroovyTest.groovy:885)
	at sun.reflect.NativeMethodAccessorImpl.invoke0(Native Method)
	at sun.reflect.NativeMethodAccessorImpl.invoke(NativeMethodAccessorImpl.java:62)
	at sun.reflect.DelegatingMethodAccessorImpl.invoke(DelegatingMethodAccessorImpl.java:43)
	at java.lang.reflect.Method.invoke(Method.java:498)
	at org.junit.runners.model.FrameworkMethod$1.runReflectiveCall(FrameworkMethod.java:59)
	at org.junit.internal.runners.model.ReflectiveCallable.run(ReflectiveCallable.java:12)
	at org.junit.runners.model.FrameworkMethod.invokeExplosively(FrameworkMethod.java:56)
	at org.junit.internal.runners.statements.InvokeMethod.evaluate(InvokeMethod.java:17)
	at org.junit.internal.runners.statements.RunBefores.evaluate(RunBefores.java:26)
	at org.junit.internal.runners.statements.RunAfters.evaluate(RunAfters.java:27)
	at org.junit.runners.ParentRunner$3.evaluate(ParentRunner.java:306)
	at org.junit.runners.BlockJUnit4ClassRunner$1.evaluate(BlockJUnit4ClassRunner.java:100)
	at org.junit.runners.ParentRunner.runLeaf(ParentRunner.java:366)
	at org.junit.runners.BlockJUnit4ClassRunner.runChild(BlockJUnit4ClassRunner.java:103)
	at org.junit.runners.BlockJUnit4ClassRunner.runChild(BlockJUnit4ClassRunner.java:63)
	at org.junit.runners.ParentRunner$4.run(ParentRunner.java:331)
	at org.junit.runners.ParentRunner$1.schedule(ParentRunner.java:79)
	at org.junit.runners.ParentRunner.runChildren(ParentRunner.java:329)
	at org.junit.runners.ParentRunner.access$100(ParentRunner.java:66)
	at org.junit.runners.ParentRunner$2.evaluate(ParentRunner.java:293)
	at org.junit.internal.runners.statements.RunBefores.evaluate(RunBefores.java:26)
	at org.junit.internal.runners.statements.RunAfters.evaluate(RunAfters.java:27)
	at org.junit.runners.ParentRunner$3.evaluate(ParentRunner.java:306)
	at org.junit.runners.ParentRunner.run(ParentRunner.java:413)
	at org.junit.runners.Suite.runChild(Suite.java:128)
	at org.junit.runners.Suite.runChild(Suite.java:27)
	at org.junit.runners.ParentRunner$4.run(ParentRunner.java:331)
	at org.junit.runners.ParentRunner$1.schedule(ParentRunner.java:79)
	at org.junit.runners.ParentRunner.runChildren(ParentRunner.java:329)
	at org.junit.runners.ParentRunner.access$100(ParentRunner.java:66)
	at org.junit.runners.ParentRunner$2.evaluate(ParentRunner.java:293)
	at org.junit.runners.ParentRunner$3.evaluate(ParentRunner.java:306)
	at org.junit.runners.ParentRunner.run(ParentRunner.java:413)
	at org.junit.runner.JUnitCore.run(JUnitCore.java:137)
	at org.junit.runner.JUnitCore.run(JUnitCore.java:115)
	at edu.illinois.cs.testrunner.execution.JUnitTestExecutor.execute(JUnitTestExecutor.java:246)
	at edu.illinois.cs.testrunner.execution.JUnitTestExecutor.executeWithJUnit4Runner(JUnitTestExecutor.java:315)
	at edu.illinois.cs.testrunner.execution.JUnitTestExecutor.runOrder(JUnitTestExecutor.java:46)
	at edu.illinois.cs.testrunner.execution.Executor$.$anonfun$run$1(Executor.scala:30)
	at scala.runtime.java8.JFunction0$mcV$sp.apply(JFunction0$mcV$sp.java:12)
	at scala.util.Try$.apply(Try.scala:209)
	at edu.illinois.cs.testrunner.execution.Executor$.run(Executor.scala:28)
	at edu.illinois.cs.testrunner.execution.Executor$.main(Executor.scala:18)
	at edu.illinois.cs.testrunner.execution.Executor.main(Executor.scala)
Caused by: java.lang.IllegalArgumentException: The cipher text does not contain the delimiter || -- it should be of the form Base64(IV) || Base64(cipherText)
	at org.apache.nifi.properties.AESSensitivePropertyProvider.unprotect(AESSensitivePropertyProvider.java:219)
	at org.apache.nifi.properties.ApplicationPropertiesProtector.unprotectValue(ApplicationPropertiesProtector.java:330)
	... 76 more
[main] INFO org.apache.nifi.properties.ProtectedNiFiPropertiesGroovyTest - [EXPECTED] Failed to unprotect key nifi.security.keystorePasswd
[main] INFO org.apache.nifi.properties.ProtectedNiFiPropertiesGroovyTest - Loaded 85 properties from /home/idflakies/apache/nifi/nifi-nar-bundles/nifi-framework-bundle/nifi-framework/nifi-properties-loader/target/test-classes/conf/nifi_with_sensitive_properties_protected_aes.properties
[main] INFO org.apache.nifi.properties.ProtectedNiFiPropertiesGroovyTest - Sensitive property keys: [nifi.ui.banner.text, nifi.version, nifi.security.keyPasswd, nifi.security.keystorePasswd, nifi.security.truststorePasswd, nifi.sensitive.props.key, nifi.provenance.repository.encryption.key, nifi.provenance.repository.encryption.key.provider.password, nifi.flowfile.repository.encryption.key.provider.password, nifi.content.repository.encryption.key.provider.password, nifi.repository.encryption.key.provider.keystore.password]
[main] INFO org.apache.nifi.properties.ProtectedNiFiPropertiesGroovyTest - Protected property keys: [nifi.security.keystorePasswd, nifi.security.keyPasswd, nifi.sensitive.props.key]
[main] INFO org.apache.nifi.properties.ProtectedNiFiPropertiesGroovyTest - 75.0% (3 of 4) protected
java.io.FileNotFoundException: src/test/resources/conf/nifi_with_sensitive_properties_protected_aes_single_malformed.properties (No such file or directory)
	at java.io.FileInputStream.open0(Native Method)
	at java.io.FileInputStream.open(FileInputStream.java:195)
	at java.io.FileInputStream.<init>(FileInputStream.java:138)
	at org.codehaus.groovy.runtime.ResourceGroovyMethods.newInputStream(ResourceGroovyMethods.java:2149)
	at org.codehaus.groovy.runtime.dgm$1028.invoke(Unknown Source)
	at org.codehaus.groovy.runtime.callsite.PojoMetaMethodSite$PojoMetaMethodSiteNoUnwrapNoCoerce.invoke(PojoMetaMethodSite.java:244)
	at org.codehaus.groovy.runtime.callsite.PojoMetaMethodSite.call(PojoMetaMethodSite.java:53)
	at org.codehaus.groovy.runtime.callsite.CallSiteArray.defaultCall(CallSiteArray.java:47)
	at org.codehaus.groovy.runtime.callsite.AbstractCallSite.call(AbstractCallSite.java:115)
	at org.codehaus.groovy.runtime.callsite.AbstractCallSite.call(AbstractCallSite.java:119)
	at org.apache.nifi.properties.ProtectedNiFiPropertiesGroovyTest.testGetValueOfSensitivePropertyShouldHandleSingleMalformedValue(ProtectedNiFiPropertiesGroovyTest.groovy:411)
	at sun.reflect.NativeMethodAccessorImpl.invoke0(Native Method)
	at sun.reflect.NativeMethodAccessorImpl.invoke(NativeMethodAccessorImpl.java:62)
	at sun.reflect.DelegatingMethodAccessorImpl.invoke(DelegatingMethodAccessorImpl.java:43)
	at java.lang.reflect.Method.invoke(Method.java:498)
	at org.junit.runners.model.FrameworkMethod$1.runReflectiveCall(FrameworkMethod.java:59)
	at org.junit.internal.runners.model.ReflectiveCallable.run(ReflectiveCallable.java:12)
	at org.junit.runners.model.FrameworkMethod.invokeExplosively(FrameworkMethod.java:56)
	at org.junit.internal.runners.statements.InvokeMethod.evaluate(InvokeMethod.java:17)
	at org.junit.internal.runners.statements.RunBefores.evaluate(RunBefores.java:26)
	at org.junit.internal.runners.statements.RunAfters.evaluate(RunAfters.java:27)
	at org.junit.runners.ParentRunner$3.evaluate(ParentRunner.java:306)
	at org.junit.runners.BlockJUnit4ClassRunner$1.evaluate(BlockJUnit4ClassRunner.java:100)
	at org.junit.runners.ParentRunner.runLeaf(ParentRunner.java:366)
	at org.junit.runners.BlockJUnit4ClassRunner.runChild(BlockJUnit4ClassRunner.java:103)
	at org.junit.runners.BlockJUnit4ClassRunner.runChild(BlockJUnit4ClassRunner.java:63)
	at org.junit.runners.ParentRunner$4.run(ParentRunner.java:331)
	at org.junit.runners.ParentRunner$1.schedule(ParentRunner.java:79)
	at org.junit.runners.ParentRunner.runChildren(ParentRunner.java:329)
	at org.junit.runners.ParentRunner.access$100(ParentRunner.java:66)
	at org.junit.runners.ParentRunner$2.evaluate(ParentRunner.java:293)
	at org.junit.internal.runners.statements.RunBefores.evaluate(RunBefores.java:26)
	at org.junit.internal.runners.statements.RunAfters.evaluate(RunAfters.java:27)
	at org.junit.runners.ParentRunner$3.evaluate(ParentRunner.java:306)
	at org.junit.runners.ParentRunner.run(ParentRunner.java:413)
	at org.junit.runners.Suite.runChild(Suite.java:128)
	at org.junit.runners.Suite.runChild(Suite.java:27)
	at org.junit.runners.ParentRunner$4.run(ParentRunner.java:331)
	at org.junit.runners.ParentRunner$1.schedule(ParentRunner.java:79)
	at org.junit.runners.ParentRunner.runChildren(ParentRunner.java:329)
	at org.junit.runners.ParentRunner.access$100(ParentRunner.java:66)
	at org.junit.runners.ParentRunner$2.evaluate(ParentRunner.java:293)
	at org.junit.runners.ParentRunner$3.evaluate(ParentRunner.java:306)
	at org.junit.runners.ParentRunner.run(ParentRunner.java:413)
	at org.junit.runner.JUnitCore.run(JUnitCore.java:137)
	at org.junit.runner.JUnitCore.run(JUnitCore.java:115)
	at edu.illinois.cs.testrunner.execution.JUnitTestExecutor.execute(JUnitTestExecutor.java:246)
	at edu.illinois.cs.testrunner.execution.JUnitTestExecutor.executeWithJUnit4Runner(JUnitTestExecutor.java:315)
	at edu.illinois.cs.testrunner.execution.JUnitTestExecutor.runOrder(JUnitTestExecutor.java:46)
	at edu.illinois.cs.testrunner.execution.Executor$.$anonfun$run$1(Executor.scala:30)
	at scala.runtime.java8.JFunction0$mcV$sp.apply(JFunction0$mcV$sp.java:12)
	at scala.util.Try$.apply(Try.scala:209)
	at edu.illinois.cs.testrunner.execution.Executor$.run(Executor.scala:28)
	at edu.illinois.cs.testrunner.execution.Executor$.main(Executor.scala:18)
	at edu.illinois.cs.testrunner.execution.Executor.main(Executor.scala)
[main] INFO org.apache.nifi.properties.ProtectedNiFiPropertiesGroovyTest - [EXPECTED] Cannot overwrite existing sensitive property provider registered for mockProvider
[main] INFO org.apache.nifi.properties.ProtectedNiFiPropertiesGroovyTest - rawProperties has 1 properties: [key]
[main] INFO org.apache.nifi.properties.ProtectedNiFiPropertiesGroovyTest - niFiProperties has 1 properties: [key]
[main] INFO org.apache.nifi.properties.ProtectedNiFiPropertiesGroovyTest - emptyProperties has 0 properties: []
[main] INFO org.apache.nifi.properties.ProtectedNiFiPropertiesGroovyTest - Loaded 85 properties from /home/idflakies/apache/nifi/nifi-nar-bundles/nifi-framework-bundle/nifi-framework/nifi-properties-loader/target/test-classes/conf/nifi_with_sensitive_properties_protected_aes.properties
[main] INFO org.apache.nifi.properties.ProtectedNiFiPropertiesGroovyTest - Loaded 82 properties from /conf/nifi_with_sensitive_properties_protected_aes.properties
[main] INFO org.apache.nifi.properties.ProtectedNiFiPropertiesGroovyTest - Detected 3 protected properties and 0 protection scheme properties
[main] INFO org.apache.nifi.properties.ProtectedNiFiPropertiesGroovyTest - Protected properties: 
nifi.security.keystorePasswd=oBjT92hIGRElIGOh||MZ6uYuWNBrOA6usq/Jt3DaD2e4otNirZDytac/w/KFe0HOkrJR03vcbo
nifi.security.keyPasswd=ac/BaE35SL/esLiJ||+ULRvRLYdIDA2VqpE0eQXDEMjaLBMG2kbKOdOwBk/hGebDKlVg==
nifi.sensitive.props.key=n2z+tTTbHuZ4V4V2||uWhdasyDXD4ZG2lMAes/vqh6u4vaz4xgL4aEbF4Y/dXevqk3ulRcOwf1vc4RDQ==
[main] INFO org.apache.nifi.properties.ProtectedNiFiPropertiesGroovyTest - Expected unprotected property count: 82
[main] INFO org.apache.nifi.properties.ProtectedNiFiPropertiesGroovyTest - Hash code of internal instance: 1573605215
[main] INFO org.apache.nifi.properties.ProtectedNiFiPropertiesGroovyTest - Unprotected 82 properties
[main] INFO org.apache.nifi.properties.ProtectedNiFiPropertiesGroovyTest - Hash code from returned unprotected instance: 2073299099
[main] INFO org.apache.nifi.properties.ProtectedNiFiPropertiesGroovyTest - Raw properties (3): key, key2, key.protected
[main] INFO org.apache.nifi.properties.ProtectedNiFiPropertiesGroovyTest - Protected properties (2): key2, key
[main] INFO org.apache.nifi.properties.ProtectedNiFiPropertiesGroovyTest - Loaded 86 properties from /home/idflakies/apache/nifi/nifi-nar-bundles/nifi-framework-bundle/nifi-framework/nifi-properties-loader/target/test-classes/conf/nifi_with_all_sensitive_properties_protected_aes.properties
[main] INFO org.apache.nifi.properties.ProtectedNiFiPropertiesGroovyTest - Sensitive property keys: [nifi.security.keyPasswd, nifi.security.keystorePasswd, nifi.security.truststorePasswd, nifi.sensitive.props.key, nifi.provenance.repository.encryption.key, nifi.provenance.repository.encryption.key.provider.password, nifi.flowfile.repository.encryption.key.provider.password, nifi.content.repository.encryption.key.provider.password, nifi.repository.encryption.key.provider.keystore.password]
[main] INFO org.apache.nifi.properties.ProtectedNiFiPropertiesGroovyTest - Protected property keys: [nifi.security.keystorePasswd, nifi.security.truststorePasswd, nifi.security.keyPasswd, nifi.sensitive.props.key]
[main] INFO org.apache.nifi.properties.ProtectedNiFiPropertiesGroovyTest - 100.0% (4 of 4) protected
java.io.FileNotFoundException: src/test/resources/conf/nifi_with_sensitive_properties_protected_aes_multiple_malformed.properties (No such file or directory)
	at java.io.FileInputStream.open0(Native Method)
	at java.io.FileInputStream.open(FileInputStream.java:195)
	at java.io.FileInputStream.<init>(FileInputStream.java:138)
	at org.codehaus.groovy.runtime.ResourceGroovyMethods.newInputStream(ResourceGroovyMethods.java:2149)
	at org.codehaus.groovy.runtime.dgm$1028.invoke(Unknown Source)
	at org.codehaus.groovy.runtime.callsite.PojoMetaMethodSite$PojoMetaMethodSiteNoUnwrapNoCoerce.invoke(PojoMetaMethodSite.java:244)
	at org.codehaus.groovy.runtime.callsite.PojoMetaMethodSite.call(PojoMetaMethodSite.java:53)
	at org.codehaus.groovy.runtime.callsite.CallSiteArray.defaultCall(CallSiteArray.java:47)
	at org.codehaus.groovy.runtime.callsite.AbstractCallSite.call(AbstractCallSite.java:115)
	at org.codehaus.groovy.runtime.callsite.AbstractCallSite.call(AbstractCallSite.java:119)
	at org.apache.nifi.properties.ProtectedNiFiPropertiesGroovyTest.testGetValueOfSensitivePropertyShouldHandleMultipleMalformedValues(ProtectedNiFiPropertiesGroovyTest.groovy:445)
	at sun.reflect.NativeMethodAccessorImpl.invoke0(Native Method)
	at sun.reflect.NativeMethodAccessorImpl.invoke(NativeMethodAccessorImpl.java:62)
	at sun.reflect.DelegatingMethodAccessorImpl.invoke(DelegatingMethodAccessorImpl.java:43)
	at java.lang.reflect.Method.invoke(Method.java:498)
	at org.junit.runners.model.FrameworkMethod$1.runReflectiveCall(FrameworkMethod.java:59)
	at org.junit.internal.runners.model.ReflectiveCallable.run(ReflectiveCallable.java:12)
	at org.junit.runners.model.FrameworkMethod.invokeExplosively(FrameworkMethod.java:56)
	at org.junit.internal.runners.statements.InvokeMethod.evaluate(InvokeMethod.java:17)
	at org.junit.internal.runners.statements.RunBefores.evaluate(RunBefores.java:26)
	at org.junit.internal.runners.statements.RunAfters.evaluate(RunAfters.java:27)
	at org.junit.runners.ParentRunner$3.evaluate(ParentRunner.java:306)
	at org.junit.runners.BlockJUnit4ClassRunner$1.evaluate(BlockJUnit4ClassRunner.java:100)
	at org.junit.runners.ParentRunner.runLeaf(ParentRunner.java:366)
	at org.junit.runners.BlockJUnit4ClassRunner.runChild(BlockJUnit4ClassRunner.java:103)
	at org.junit.runners.BlockJUnit4ClassRunner.runChild(BlockJUnit4ClassRunner.java:63)
	at org.junit.runners.ParentRunner$4.run(ParentRunner.java:331)
	at org.junit.runners.ParentRunner$1.schedule(ParentRunner.java:79)
	at org.junit.runners.ParentRunner.runChildren(ParentRunner.java:329)
	at org.junit.runners.ParentRunner.access$100(ParentRunner.java:66)
	at org.junit.runners.ParentRunner$2.evaluate(ParentRunner.java:293)
	at org.junit.internal.runners.statements.RunBefores.evaluate(RunBefores.java:26)
	at org.junit.internal.runners.statements.RunAfters.evaluate(RunAfters.java:27)
	at org.junit.runners.ParentRunner$3.evaluate(ParentRunner.java:306)
	at org.junit.runners.ParentRunner.run(ParentRunner.java:413)
	at org.junit.runners.Suite.runChild(Suite.java:128)
	at org.junit.runners.Suite.runChild(Suite.java:27)
	at org.junit.runners.ParentRunner$4.run(ParentRunner.java:331)
	at org.junit.runners.ParentRunner$1.schedule(ParentRunner.java:79)
	at org.junit.runners.ParentRunner.runChildren(ParentRunner.java:329)
	at org.junit.runners.ParentRunner.access$100(ParentRunner.java:66)
	at org.junit.runners.ParentRunner$2.evaluate(ParentRunner.java:293)
	at org.junit.runners.ParentRunner$3.evaluate(ParentRunner.java:306)
	at org.junit.runners.ParentRunner.run(ParentRunner.java:413)
	at org.junit.runner.JUnitCore.run(JUnitCore.java:137)
	at org.junit.runner.JUnitCore.run(JUnitCore.java:115)
	at edu.illinois.cs.testrunner.execution.JUnitTestExecutor.execute(JUnitTestExecutor.java:246)
	at edu.illinois.cs.testrunner.execution.JUnitTestExecutor.executeWithJUnit4Runner(JUnitTestExecutor.java:315)
	at edu.illinois.cs.testrunner.execution.JUnitTestExecutor.runOrder(JUnitTestExecutor.java:46)
	at edu.illinois.cs.testrunner.execution.Executor$.$anonfun$run$1(Executor.scala:30)
	at scala.runtime.java8.JFunction0$mcV$sp.apply(JFunction0$mcV$sp.java:12)
	at scala.util.Try$.apply(Try.scala:209)
	at edu.illinois.cs.testrunner.execution.Executor$.run(Executor.scala:28)
	at edu.illinois.cs.testrunner.execution.Executor$.main(Executor.scala:18)
	at edu.illinois.cs.testrunner.execution.Executor.main(Executor.scala)
[main] INFO org.apache.nifi.properties.ProtectedNiFiPropertiesGroovyTest - [EXPECTED] 9 default sensitive properties: nifi.sensitive.props.key, nifi.security.keystorePasswd, nifi.security.keyPasswd, nifi.security.truststorePasswd, nifi.provenance.repository.encryption.key, nifi.provenance.repository.encryption.key.provider.password, nifi.flowfile.repository.encryption.key.provider.password, nifi.content.repository.encryption.key.provider.password, nifi.repository.encryption.key.provider.keystore.password
[main] INFO org.apache.nifi.properties.ProtectedNiFiPropertiesGroovyTest - Loaded 81 properties from /home/idflakies/apache/nifi/nifi-nar-bundles/nifi-framework-bundle/nifi-framework/nifi-properties-loader/target/test-classes/conf/nifi.properties
[main] INFO org.apache.nifi.properties.ProtectedNiFiPropertiesGroovyTest - 9 default sensitive properties: nifi.security.keyPasswd, nifi.security.keystorePasswd, nifi.security.truststorePasswd, nifi.sensitive.props.key, nifi.provenance.repository.encryption.key, nifi.provenance.repository.encryption.key.provider.password, nifi.flowfile.repository.encryption.key.provider.password, nifi.content.repository.encryption.key.provider.password, nifi.repository.encryption.key.provider.keystore.password
[main] INFO org.apache.nifi.properties.ProtectedNiFiPropertiesGroovyTest - Loaded 85 properties from /home/idflakies/apache/nifi/nifi-nar-bundles/nifi-framework-bundle/nifi-framework/nifi-properties-loader/target/test-classes/conf/nifi_with_sensitive_properties_protected_aes.properties
[main] INFO org.apache.nifi.properties.ProtectedNiFiPropertiesGroovyTest - nifi.security.truststorePasswd is SENSITIVE
[main] INFO org.apache.nifi.properties.ProtectedNiFiPropertiesGroovyTest - nifi.security.truststorePasswd is NOT PROTECTED
[main] INFO org.apache.nifi.properties.ProtectedNiFiPropertiesGroovyTest - nifi.security.keystorePasswd is SENSITIVE
[main] INFO org.apache.nifi.properties.ProtectedNiFiPropertiesGroovyTest - nifi.security.keystorePasswd is PROTECTED
[main] INFO org.apache.nifi.properties.ProtectedNiFiPropertiesGroovyTest - Raw properties (3): key, key2, key.protected
[main] INFO org.apache.nifi.properties.ProtectedNiFiPropertiesGroovyTest - Protected properties (2): key2, key
[main] INFO org.apache.nifi.properties.ProtectedNiFiPropertiesGroovyTest - Loaded 82 properties from /home/idflakies/apache/nifi/nifi-nar-bundles/nifi-framework-bundle/nifi-framework/nifi-properties-loader/target/test-classes/conf/nifi_with_sensitive_properties_unprotected.properties
[main] INFO org.apache.nifi.properties.ProtectedNiFiPropertiesGroovyTest - The property is sensitive and not protected
[main] INFO org.apache.nifi.properties.ProtectedNiFiPropertiesGroovyTest - nifi.security.truststorePasswd: 
[main] INFO org.apache.nifi.properties.ProtectedNiFiPropertiesGroovyTest - [EXPECTED] Cannot add null SensitivePropertyProvider
[main] INFO org.apache.nifi.properties.ProtectedNiFiPropertiesGroovyTest - Loaded 81 properties from /home/idflakies/apache/nifi/nifi-nar-bundles/nifi-framework-bundle/nifi-framework/nifi-properties-loader/target/test-classes/conf/nifi.properties
[main] INFO org.apache.nifi.properties.ProtectedNiFiPropertiesGroovyTest - Sensitive property keys: [nifi.security.keyPasswd, nifi.security.keystorePasswd, nifi.security.truststorePasswd, nifi.sensitive.props.key, nifi.provenance.repository.encryption.key, nifi.provenance.repository.encryption.key.provider.password, nifi.flowfile.repository.encryption.key.provider.password, nifi.content.repository.encryption.key.provider.password, nifi.repository.encryption.key.provider.keystore.password]
[main] INFO org.apache.nifi.properties.ProtectedNiFiPropertiesGroovyTest - Protected property keys: []
[main] INFO org.apache.nifi.properties.ProtectedNiFiPropertiesGroovyTest - 0.0% (0 of 1) protected
[main] INFO org.apache.nifi.properties.ProtectedNiFiPropertiesGroovyTest - Raw properties (3): key, key2, key.protected
[main] INFO org.apache.nifi.properties.ProtectedNiFiPropertiesGroovyTest - Protected properties with schemes (3): key.protected, key2, key
[main] INFO org.apache.nifi.properties.ProtectedNiFiPropertiesGroovyTest - Loaded 81 properties from /home/idflakies/apache/nifi/nifi-nar-bundles/nifi-framework-bundle/nifi-framework/nifi-properties-loader/target/test-classes/conf/nifi.properties
[main] INFO org.apache.nifi.properties.ProtectedNiFiPropertiesGroovyTest - Has protected properties: false
[main] INFO org.apache.nifi.properties.ProtectedNiFiPropertiesGroovyTest - Internal cache [:] has 0 providers loaded
[main] INFO org.apache.nifi.properties.ProtectedNiFiPropertiesGroovyTest - Loaded 81 properties from /home/idflakies/apache/nifi/nifi-nar-bundles/nifi-framework-bundle/nifi-framework/nifi-properties-loader/target/test-classes/conf/nifi.properties
[main] INFO org.apache.nifi.properties.ProtectedNiFiPropertiesGroovyTest - nifi.ui.banner.text is NOT SENSITIVE
[main] INFO org.apache.nifi.properties.ProtectedNiFiPropertiesGroovyTest - nifi.security.keystorePasswd is SENSITIVE
java.io.FileNotFoundException: src/test/resources/conf/nifi_with_sensitive_properties_unprotected.properties (No such file or directory)
	at java.io.FileInputStream.open0(Native Method)
	at java.io.FileInputStream.open(FileInputStream.java:195)
	at java.io.FileInputStream.<init>(FileInputStream.java:138)
	at org.codehaus.groovy.runtime.ResourceGroovyMethods.newInputStream(ResourceGroovyMethods.java:2149)
	at org.codehaus.groovy.runtime.dgm$1028.invoke(Unknown Source)
	at org.codehaus.groovy.runtime.callsite.PojoMetaMethodSite$PojoMetaMethodSiteNoUnwrapNoCoerce.invoke(PojoMetaMethodSite.java:244)
	at org.codehaus.groovy.runtime.callsite.PojoMetaMethodSite.call(PojoMetaMethodSite.java:53)
	at org.codehaus.groovy.runtime.callsite.CallSiteArray.defaultCall(CallSiteArray.java:47)
	at org.codehaus.groovy.runtime.callsite.AbstractCallSite.call(AbstractCallSite.java:115)
	at org.codehaus.groovy.runtime.callsite.AbstractCallSite.call(AbstractCallSite.java:119)
	at org.apache.nifi.properties.ProtectedNiFiPropertiesGroovyTest.testShouldGetEmptyUnprotectedValueOfSensitivePropertyWithDefault(ProtectedNiFiPropertiesGroovyTest.groovy:491)
	at sun.reflect.NativeMethodAccessorImpl.invoke0(Native Method)
	at sun.reflect.NativeMethodAccessorImpl.invoke(NativeMethodAccessorImpl.java:62)
	at sun.reflect.DelegatingMethodAccessorImpl.invoke(DelegatingMethodAccessorImpl.java:43)
	at java.lang.reflect.Method.invoke(Method.java:498)
	at org.junit.runners.model.FrameworkMethod$1.runReflectiveCall(FrameworkMethod.java:59)
	at org.junit.internal.runners.model.ReflectiveCallable.run(ReflectiveCallable.java:12)
	at org.junit.runners.model.FrameworkMethod.invokeExplosively(FrameworkMethod.java:56)
	at org.junit.internal.runners.statements.InvokeMethod.evaluate(InvokeMethod.java:17)
	at org.junit.internal.runners.statements.RunBefores.evaluate(RunBefores.java:26)
	at org.junit.internal.runners.statements.RunAfters.evaluate(RunAfters.java:27)
	at org.junit.runners.ParentRunner$3.evaluate(ParentRunner.java:306)
	at org.junit.runners.BlockJUnit4ClassRunner$1.evaluate(BlockJUnit4ClassRunner.java:100)
	at org.junit.runners.ParentRunner.runLeaf(ParentRunner.java:366)
	at org.junit.runners.BlockJUnit4ClassRunner.runChild(BlockJUnit4ClassRunner.java:103)
	at org.junit.runners.BlockJUnit4ClassRunner.runChild(BlockJUnit4ClassRunner.java:63)
	at org.junit.runners.ParentRunner$4.run(ParentRunner.java:331)
	at org.junit.runners.ParentRunner$1.schedule(ParentRunner.java:79)
	at org.junit.runners.ParentRunner.runChildren(ParentRunner.java:329)
	at org.junit.runners.ParentRunner.access$100(ParentRunner.java:66)
	at org.junit.runners.ParentRunner$2.evaluate(ParentRunner.java:293)
	at org.junit.internal.runners.statements.RunBefores.evaluate(RunBefores.java:26)
	at org.junit.internal.runners.statements.RunAfters.evaluate(RunAfters.java:27)
	at org.junit.runners.ParentRunner$3.evaluate(ParentRunner.java:306)
	at org.junit.runners.ParentRunner.run(ParentRunner.java:413)
	at org.junit.runners.Suite.runChild(Suite.java:128)
	at org.junit.runners.Suite.runChild(Suite.java:27)
	at org.junit.runners.ParentRunner$4.run(ParentRunner.java:331)
	at org.junit.runners.ParentRunner$1.schedule(ParentRunner.java:79)
	at org.junit.runners.ParentRunner.runChildren(ParentRunner.java:329)
	at org.junit.runners.ParentRunner.access$100(ParentRunner.java:66)
	at org.junit.runners.ParentRunner$2.evaluate(ParentRunner.java:293)
	at org.junit.runners.ParentRunner$3.evaluate(ParentRunner.java:306)
	at org.junit.runners.ParentRunner.run(ParentRunner.java:413)
	at org.junit.runner.JUnitCore.run(JUnitCore.java:137)
	at org.junit.runner.JUnitCore.run(JUnitCore.java:115)
	at edu.illinois.cs.testrunner.execution.JUnitTestExecutor.execute(JUnitTestExecutor.java:246)
	at edu.illinois.cs.testrunner.execution.JUnitTestExecutor.executeWithJUnit4Runner(JUnitTestExecutor.java:315)
	at edu.illinois.cs.testrunner.execution.JUnitTestExecutor.runOrder(JUnitTestExecutor.java:46)
	at edu.illinois.cs.testrunner.execution.Executor$.$anonfun$run$1(Executor.scala:30)
	at scala.runtime.java8.JFunction0$mcV$sp.apply(JFunction0$mcV$sp.java:12)
	at scala.util.Try$.apply(Try.scala:209)
	at edu.illinois.cs.testrunner.execution.Executor$.run(Executor.scala:28)
	at edu.illinois.cs.testrunner.execution.Executor$.main(Executor.scala:18)
	at edu.illinois.cs.testrunner.execution.Executor.main(Executor.scala)
[main] INFO org.apache.nifi.properties.ProtectedNiFiPropertiesGroovyTest - [EXPECTED] 11 total sensitive properties: nifi.sensitive.props.key, nifi.security.keystorePasswd, nifi.security.keyPasswd, nifi.security.truststorePasswd, nifi.provenance.repository.encryption.key, nifi.provenance.repository.encryption.key.provider.password, nifi.flowfile.repository.encryption.key.provider.password, nifi.content.repository.encryption.key.provider.password, nifi.repository.encryption.key.provider.keystore.password, nifi.ui.banner.text, nifi.version
[main] INFO org.apache.nifi.properties.ProtectedNiFiPropertiesGroovyTest - Loaded 82 properties from /home/idflakies/apache/nifi/nifi-nar-bundles/nifi-framework-bundle/nifi-framework/nifi-properties-loader/target/test-classes/conf/nifi_with_additional_sensitive_keys.properties
[main] WARN org.apache.nifi.properties.ApplicationPropertiesProtector - The key 'nifi.sensitive.props.additional.keys' contains itself. This is poor practice and should be removed
[main] WARN org.apache.nifi.properties.ApplicationPropertiesProtector - The key 'nifi.sensitive.props.additional.keys' contains itself. This is poor practice and should be removed
[main] WARN org.apache.nifi.properties.ApplicationPropertiesProtector - The key 'nifi.sensitive.props.additional.keys' contains itself. This is poor practice and should be removed
[main] WARN org.apache.nifi.properties.ApplicationPropertiesProtector - The key 'nifi.sensitive.props.additional.keys' contains itself. This is poor practice and should be removed
[main] WARN org.apache.nifi.properties.ApplicationPropertiesProtector - The key 'nifi.sensitive.props.additional.keys' contains itself. This is poor practice and should be removed
[main] WARN org.apache.nifi.properties.ApplicationPropertiesProtector - The key 'nifi.sensitive.props.additional.keys' contains itself. This is poor practice and should be removed
[main] WARN org.apache.nifi.properties.ApplicationPropertiesProtector - The key 'nifi.sensitive.props.additional.keys' contains itself. This is poor practice and should be removed
[main] WARN org.apache.nifi.properties.ApplicationPropertiesProtector - The key 'nifi.sensitive.props.additional.keys' contains itself. This is poor practice and should be removed
[main] WARN org.apache.nifi.properties.ApplicationPropertiesProtector - The key 'nifi.sensitive.props.additional.keys' contains itself. This is poor practice and should be removed
[main] WARN org.apache.nifi.properties.ApplicationPropertiesProtector - The key 'nifi.sensitive.props.additional.keys' contains itself. This is poor practice and should be removed
[main] WARN org.apache.nifi.properties.ApplicationPropertiesProtector - The key 'nifi.sensitive.props.additional.keys' contains itself. This is poor practice and should be removed
[main] WARN org.apache.nifi.properties.ApplicationPropertiesProtector - The key 'nifi.sensitive.props.additional.keys' contains itself. This is poor practice and should be removed
[main] WARN org.apache.nifi.properties.ApplicationPropertiesProtector - The key 'nifi.sensitive.props.additional.keys' contains itself. This is poor practice and should be removed
[main] WARN org.apache.nifi.properties.ApplicationPropertiesProtector - The key 'nifi.sensitive.props.additional.keys' contains itself. This is poor practice and should be removed
[main] WARN org.apache.nifi.properties.ApplicationPropertiesProtector - The key 'nifi.sensitive.props.additional.keys' contains itself. This is poor practice and should be removed
[main] INFO org.apache.nifi.properties.ProtectedNiFiPropertiesGroovyTest - 11 retrieved sensitive properties: nifi.ui.banner.text, nifi.version, nifi.security.keyPasswd, nifi.security.keystorePasswd, nifi.security.truststorePasswd, nifi.sensitive.props.key, nifi.provenance.repository.encryption.key, nifi.provenance.repository.encryption.key.provider.password, nifi.flowfile.repository.encryption.key.provider.password, nifi.content.repository.encryption.key.provider.password, nifi.repository.encryption.key.provider.keystore.password
[main] INFO org.apache.nifi.properties.ProtectedNiFiPropertiesGroovyTest - [EXPECTED] 11 total sensitive properties: nifi.sensitive.props.key, nifi.security.keystorePasswd, nifi.security.keyPasswd, nifi.security.truststorePasswd, nifi.provenance.repository.encryption.key, nifi.provenance.repository.encryption.key.provider.password, nifi.flowfile.repository.encryption.key.provider.password, nifi.content.repository.encryption.key.provider.password, nifi.repository.encryption.key.provider.keystore.password, nifi.ui.banner.text, nifi.version
[main] INFO org.apache.nifi.properties.ProtectedNiFiPropertiesGroovyTest - Loaded 82 properties from /home/idflakies/apache/nifi/nifi-nar-bundles/nifi-framework-bundle/nifi-framework/nifi-properties-loader/target/test-classes/conf/nifi_with_additional_sensitive_keys.properties
[main] WARN org.apache.nifi.properties.ApplicationPropertiesProtector - The key 'nifi.sensitive.props.additional.keys' contains itself. This is poor practice and should be removed
[main] WARN org.apache.nifi.properties.ApplicationPropertiesProtector - The key 'nifi.sensitive.props.additional.keys' contains itself. This is poor practice and should be removed
[main] WARN org.apache.nifi.properties.ApplicationPropertiesProtector - The key 'nifi.sensitive.props.additional.keys' contains itself. This is poor practice and should be removed
[main] WARN org.apache.nifi.properties.ApplicationPropertiesProtector - The key 'nifi.sensitive.props.additional.keys' contains itself. This is poor practice and should be removed
[main] WARN org.apache.nifi.properties.ApplicationPropertiesProtector - The key 'nifi.sensitive.props.additional.keys' contains itself. This is poor practice and should be removed
[main] WARN org.apache.nifi.properties.ApplicationPropertiesProtector - The key 'nifi.sensitive.props.additional.keys' contains itself. This is poor practice and should be removed
[main] WARN org.apache.nifi.properties.ApplicationPropertiesProtector - The key 'nifi.sensitive.props.additional.keys' contains itself. This is poor practice and should be removed
[main] WARN org.apache.nifi.properties.ApplicationPropertiesProtector - The key 'nifi.sensitive.props.additional.keys' contains itself. This is poor practice and should be removed
[main] WARN org.apache.nifi.properties.ApplicationPropertiesProtector - The key 'nifi.sensitive.props.additional.keys' contains itself. This is poor practice and should be removed
[main] WARN org.apache.nifi.properties.ApplicationPropertiesProtector - The key 'nifi.sensitive.props.additional.keys' contains itself. This is poor practice and should be removed
[main] WARN org.apache.nifi.properties.ApplicationPropertiesProtector - The key 'nifi.sensitive.props.additional.keys' contains itself. This is poor practice and should be removed
[main] WARN org.apache.nifi.properties.ApplicationPropertiesProtector - The key 'nifi.sensitive.props.additional.keys' contains itself. This is poor practice and should be removed
[main] WARN org.apache.nifi.properties.ApplicationPropertiesProtector - The key 'nifi.sensitive.props.additional.keys' contains itself. This is poor practice and should be removed
[main] WARN org.apache.nifi.properties.ApplicationPropertiesProtector - The key 'nifi.sensitive.props.additional.keys' contains itself. This is poor practice and should be removed
[main] WARN org.apache.nifi.properties.ApplicationPropertiesProtector - The key 'nifi.sensitive.props.additional.keys' contains itself. This is poor practice and should be removed
[main] INFO org.apache.nifi.properties.ProtectedNiFiPropertiesGroovyTest - 11 retrieved sensitive properties: nifi.ui.banner.text, nifi.version, nifi.security.keyPasswd, nifi.security.keystorePasswd, nifi.security.truststorePasswd, nifi.sensitive.props.key, nifi.provenance.repository.encryption.key, nifi.provenance.repository.encryption.key.provider.password, nifi.flowfile.repository.encryption.key.provider.password, nifi.content.repository.encryption.key.provider.password, nifi.repository.encryption.key.provider.keystore.password
java.nio.file.NoSuchFileException: src/test/resources/bootstrap_tests/unreadable_bootstrap/bootstrap.conf
	at sun.nio.fs.UnixException.translateToIOException(UnixException.java:86)
	at sun.nio.fs.UnixException.rethrowAsIOException(UnixException.java:102)
	at sun.nio.fs.UnixException.rethrowAsIOException(UnixException.java:107)
	at sun.nio.fs.UnixFileAttributeViews$Posix.readAttributes(UnixFileAttributeViews.java:218)
	at sun.nio.fs.UnixFileAttributeViews$Posix.readAttributes(UnixFileAttributeViews.java:131)
	at sun.nio.fs.UnixFileSystemProvider.readAttributes(UnixFileSystemProvider.java:144)
	at sun.nio.fs.LinuxFileSystemProvider.readAttributes(LinuxFileSystemProvider.java:99)
	at java.nio.file.Files.readAttributes(Files.java:1737)
	at java.nio.file.Files.getPosixFilePermissions(Files.java:2004)
	at sun.reflect.NativeMethodAccessorImpl.invoke0(Native Method)
	at sun.reflect.NativeMethodAccessorImpl.invoke(NativeMethodAccessorImpl.java:62)
	at sun.reflect.DelegatingMethodAccessorImpl.invoke(DelegatingMethodAccessorImpl.java:43)
	at java.lang.reflect.Method.invoke(Method.java:498)
	at org.codehaus.groovy.reflection.CachedMethod.invoke(CachedMethod.java:101)
	at groovy.lang.MetaMethod.doMethodInvoke(MetaMethod.java:323)
	at org.codehaus.groovy.runtime.callsite.StaticMetaMethodSite.invoke(StaticMetaMethodSite.java:44)
	at org.codehaus.groovy.runtime.callsite.StaticMetaMethodSite.call(StaticMetaMethodSite.java:89)
	at org.codehaus.groovy.runtime.callsite.CallSiteArray.defaultCall(CallSiteArray.java:47)
	at org.codehaus.groovy.runtime.callsite.AbstractCallSite.call(AbstractCallSite.java:115)
	at org.codehaus.groovy.runtime.callsite.AbstractCallSite.call(AbstractCallSite.java:127)
	at org.apache.nifi.properties.NiFiPropertiesLoaderGroovyTest.testShouldNotExtractKeyFromUnreadableBootstrapFile(NiFiPropertiesLoaderGroovyTest.groovy:390)
	at sun.reflect.NativeMethodAccessorImpl.invoke0(Native Method)
	at sun.reflect.NativeMethodAccessorImpl.invoke(NativeMethodAccessorImpl.java:62)
	at sun.reflect.DelegatingMethodAccessorImpl.invoke(DelegatingMethodAccessorImpl.java:43)
	at java.lang.reflect.Method.invoke(Method.java:498)
	at org.junit.runners.model.FrameworkMethod$1.runReflectiveCall(FrameworkMethod.java:59)
	at org.junit.internal.runners.model.ReflectiveCallable.run(ReflectiveCallable.java:12)
	at org.junit.runners.model.FrameworkMethod.invokeExplosively(FrameworkMethod.java:56)
	at org.junit.internal.runners.statements.InvokeMethod.evaluate(InvokeMethod.java:17)
	at org.junit.internal.runners.statements.RunBefores.evaluate(RunBefores.java:26)
	at org.junit.internal.runners.statements.RunAfters.evaluate(RunAfters.java:27)
	at org.junit.runners.ParentRunner$3.evaluate(ParentRunner.java:306)
	at org.junit.runners.BlockJUnit4ClassRunner$1.evaluate(BlockJUnit4ClassRunner.java:100)
	at org.junit.runners.ParentRunner.runLeaf(ParentRunner.java:366)
	at org.junit.runners.BlockJUnit4ClassRunner.runChild(BlockJUnit4ClassRunner.java:103)
	at org.junit.runners.BlockJUnit4ClassRunner.runChild(BlockJUnit4ClassRunner.java:63)
	at org.junit.runners.ParentRunner$4.run(ParentRunner.java:331)
	at org.junit.runners.ParentRunner$1.schedule(ParentRunner.java:79)
	at org.junit.runners.ParentRunner.runChildren(ParentRunner.java:329)
	at org.junit.runners.ParentRunner.access$100(ParentRunner.java:66)
	at org.junit.runners.ParentRunner$2.evaluate(ParentRunner.java:293)
	at org.junit.internal.runners.statements.RunBefores.evaluate(RunBefores.java:26)
	at org.junit.internal.runners.statements.RunAfters.evaluate(RunAfters.java:27)
	at org.junit.runners.ParentRunner$3.evaluate(ParentRunner.java:306)
	at org.junit.runners.ParentRunner.run(ParentRunner.java:413)
	at org.junit.runners.Suite.runChild(Suite.java:128)
	at org.junit.runners.Suite.runChild(Suite.java:27)
	at org.junit.runners.ParentRunner$4.run(ParentRunner.java:331)
	at org.junit.runners.ParentRunner$1.schedule(ParentRunner.java:79)
	at org.junit.runners.ParentRunner.runChildren(ParentRunner.java:329)
	at org.junit.runners.ParentRunner.access$100(ParentRunner.java:66)
	at org.junit.runners.ParentRunner$2.evaluate(ParentRunner.java:293)
	at org.junit.runners.ParentRunner$3.evaluate(ParentRunner.java:306)
	at org.junit.runners.ParentRunner.run(ParentRunner.java:413)
	at org.junit.runner.JUnitCore.run(JUnitCore.java:137)
	at org.junit.runner.JUnitCore.run(JUnitCore.java:115)
	at edu.illinois.cs.testrunner.execution.JUnitTestExecutor.execute(JUnitTestExecutor.java:246)
	at edu.illinois.cs.testrunner.execution.JUnitTestExecutor.executeWithJUnit4Runner(JUnitTestExecutor.java:315)
	at edu.illinois.cs.testrunner.execution.JUnitTestExecutor.runOrder(JUnitTestExecutor.java:46)
	at edu.illinois.cs.testrunner.execution.Executor$.$anonfun$run$1(Executor.scala:30)
	at scala.runtime.java8.JFunction0$mcV$sp.apply(JFunction0$mcV$sp.java:12)
	at scala.util.Try$.apply(Try.scala:209)
	at edu.illinois.cs.testrunner.execution.Executor$.run(Executor.scala:28)
	at edu.illinois.cs.testrunner.execution.Executor$.main(Executor.scala:18)
	at edu.illinois.cs.testrunner.execution.Executor.main(Executor.scala)
java.nio.file.NoSuchFileException: src/test/resources/conf/nifi_no_permissions.properties
	at sun.nio.fs.UnixException.translateToIOException(UnixException.java:86)
	at sun.nio.fs.UnixException.rethrowAsIOException(UnixException.java:102)
	at sun.nio.fs.UnixException.rethrowAsIOException(UnixException.java:107)
	at sun.nio.fs.UnixFileAttributeViews$Posix.setMode(UnixFileAttributeViews.java:238)
	at sun.nio.fs.UnixFileAttributeViews$Posix.setPermissions(UnixFileAttributeViews.java:260)
	at java.nio.file.Files.setPosixFilePermissions(Files.java:2045)
	at sun.reflect.NativeMethodAccessorImpl.invoke0(Native Method)
	at sun.reflect.NativeMethodAccessorImpl.invoke(NativeMethodAccessorImpl.java:62)
	at sun.reflect.DelegatingMethodAccessorImpl.invoke(DelegatingMethodAccessorImpl.java:43)
	at java.lang.reflect.Method.invoke(Method.java:498)
	at org.codehaus.groovy.reflection.CachedMethod.invoke(CachedMethod.java:101)
	at groovy.lang.MetaMethod.doMethodInvoke(MetaMethod.java:323)
	at org.codehaus.groovy.runtime.callsite.StaticMetaMethodSite.invoke(StaticMetaMethodSite.java:44)
	at org.codehaus.groovy.runtime.callsite.StaticMetaMethodSite.call(StaticMetaMethodSite.java:89)
	at org.codehaus.groovy.runtime.callsite.CallSiteArray.defaultCall(CallSiteArray.java:47)
	at org.codehaus.groovy.runtime.callsite.AbstractCallSite.call(AbstractCallSite.java:115)
	at org.codehaus.groovy.runtime.callsite.AbstractCallSite.call(AbstractCallSite.java:135)
	at org.apache.nifi.properties.NiFiPropertiesLoaderGroovyTest.testShouldNotLoadUnprotectedPropertiesFromUnreadableFile(NiFiPropertiesLoaderGroovyTest.groovy:255)
	at sun.reflect.NativeMethodAccessorImpl.invoke0(Native Method)
	at sun.reflect.NativeMethodAccessorImpl.invoke(NativeMethodAccessorImpl.java:62)
	at sun.reflect.DelegatingMethodAccessorImpl.invoke(DelegatingMethodAccessorImpl.java:43)
	at java.lang.reflect.Method.invoke(Method.java:498)
	at org.junit.runners.model.FrameworkMethod$1.runReflectiveCall(FrameworkMethod.java:59)
	at org.junit.internal.runners.model.ReflectiveCallable.run(ReflectiveCallable.java:12)
	at org.junit.runners.model.FrameworkMethod.invokeExplosively(FrameworkMethod.java:56)
	at org.junit.internal.runners.statements.InvokeMethod.evaluate(InvokeMethod.java:17)
	at org.junit.internal.runners.statements.RunBefores.evaluate(RunBefores.java:26)
	at org.junit.internal.runners.statements.RunAfters.evaluate(RunAfters.java:27)
	at org.junit.runners.ParentRunner$3.evaluate(ParentRunner.java:306)
	at org.junit.runners.BlockJUnit4ClassRunner$1.evaluate(BlockJUnit4ClassRunner.java:100)
	at org.junit.runners.ParentRunner.runLeaf(ParentRunner.java:366)
	at org.junit.runners.BlockJUnit4ClassRunner.runChild(BlockJUnit4ClassRunner.java:103)
	at org.junit.runners.BlockJUnit4ClassRunner.runChild(BlockJUnit4ClassRunner.java:63)
	at org.junit.runners.ParentRunner$4.run(ParentRunner.java:331)
	at org.junit.runners.ParentRunner$1.schedule(ParentRunner.java:79)
	at org.junit.runners.ParentRunner.runChildren(ParentRunner.java:329)
	at org.junit.runners.ParentRunner.access$100(ParentRunner.java:66)
	at org.junit.runners.ParentRunner$2.evaluate(ParentRunner.java:293)
	at org.junit.internal.runners.statements.RunBefores.evaluate(RunBefores.java:26)
	at org.junit.internal.runners.statements.RunAfters.evaluate(RunAfters.java:27)
	at org.junit.runners.ParentRunner$3.evaluate(ParentRunner.java:306)
	at org.junit.runners.ParentRunner.run(ParentRunner.java:413)
	at org.junit.runners.Suite.runChild(Suite.java:128)
	at org.junit.runners.Suite.runChild(Suite.java:27)
	at org.junit.runners.ParentRunner$4.run(ParentRunner.java:331)
	at org.junit.runners.ParentRunner$1.schedule(ParentRunner.java:79)
	at org.junit.runners.ParentRunner.runChildren(ParentRunner.java:329)
	at org.junit.runners.ParentRunner.access$100(ParentRunner.java:66)
	at org.junit.runners.ParentRunner$2.evaluate(ParentRunner.java:293)
	at org.junit.runners.ParentRunner$3.evaluate(ParentRunner.java:306)
	at org.junit.runners.ParentRunner.run(ParentRunner.java:413)
	at org.junit.runner.JUnitCore.run(JUnitCore.java:137)
	at org.junit.runner.JUnitCore.run(JUnitCore.java:115)
	at edu.illinois.cs.testrunner.execution.JUnitTestExecutor.execute(JUnitTestExecutor.java:246)
	at edu.illinois.cs.testrunner.execution.JUnitTestExecutor.executeWithJUnit4Runner(JUnitTestExecutor.java:315)
	at edu.illinois.cs.testrunner.execution.JUnitTestExecutor.runOrder(JUnitTestExecutor.java:46)
	at edu.illinois.cs.testrunner.execution.Executor$.$anonfun$run$1(Executor.scala:30)
	at scala.runtime.java8.JFunction0$mcV$sp.apply(JFunction0$mcV$sp.java:12)
	at scala.util.Try$.apply(Try.scala:209)
	at edu.illinois.cs.testrunner.execution.Executor$.run(Executor.scala:28)
	at edu.illinois.cs.testrunner.execution.Executor$.main(Executor.scala:18)
	at edu.illinois.cs.testrunner.execution.Executor.main(Executor.scala)
[main] ERROR org.apache.nifi.properties.NiFiPropertiesLoader - Cannot read from '/home/idflakies/apache/nifi/src/test/resources/conf/nifi_missing.properties' -- file is missing or not readable
[main] INFO org.apache.nifi.properties.NiFiPropertiesLoaderGroovyTest - [EXPECTED] NiFi properties file missing or unreadable
java.io.IOException: Configuration Directory [src/test/resources/bootstrap_tests/missing_key_line] not found for Bootstrap Properties
	at org.apache.nifi.properties.AbstractBootstrapPropertiesLoader.getBootstrapFile(AbstractBootstrapPropertiesLoader.java:139)
	at org.apache.nifi.properties.AbstractBootstrapPropertiesLoader.loadBootstrapProperties(AbstractBootstrapPropertiesLoader.java:79)
	at org.apache.nifi.properties.AbstractBootstrapPropertiesLoader.extractKeyFromBootstrapFile(AbstractBootstrapPropertiesLoader.java:113)
	at org.apache.nifi.properties.AbstractBootstrapPropertiesLoader.extractKeyFromBootstrapFile(AbstractBootstrapPropertiesLoader.java:69)
	at org.apache.nifi.util.NiFiBootstrapUtils.extractKeyFromBootstrapFile(NiFiBootstrapUtils.java:38)
	at org.apache.nifi.util.NiFiBootstrapUtils$extractKeyFromBootstrapFile.call(Unknown Source)
	at org.codehaus.groovy.runtime.callsite.CallSiteArray.defaultCall(CallSiteArray.java:47)
	at org.codehaus.groovy.runtime.callsite.AbstractCallSite.call(AbstractCallSite.java:115)
	at org.codehaus.groovy.runtime.callsite.AbstractCallSite.call(AbstractCallSite.java:119)
	at org.apache.nifi.properties.NiFiPropertiesLoaderGroovyTest.testShouldNotExtractKeyFromBootstrapFileWithoutKeyLine(NiFiPropertiesLoaderGroovyTest.groovy:351)
	at sun.reflect.NativeMethodAccessorImpl.invoke0(Native Method)
	at sun.reflect.NativeMethodAccessorImpl.invoke(NativeMethodAccessorImpl.java:62)
	at sun.reflect.DelegatingMethodAccessorImpl.invoke(DelegatingMethodAccessorImpl.java:43)
	at java.lang.reflect.Method.invoke(Method.java:498)
	at org.junit.runners.model.FrameworkMethod$1.runReflectiveCall(FrameworkMethod.java:59)
	at org.junit.internal.runners.model.ReflectiveCallable.run(ReflectiveCallable.java:12)
	at org.junit.runners.model.FrameworkMethod.invokeExplosively(FrameworkMethod.java:56)
	at org.junit.internal.runners.statements.InvokeMethod.evaluate(InvokeMethod.java:17)
	at org.junit.internal.runners.statements.RunBefores.evaluate(RunBefores.java:26)
	at org.junit.internal.runners.statements.RunAfters.evaluate(RunAfters.java:27)
	at org.junit.runners.ParentRunner$3.evaluate(ParentRunner.java:306)
	at org.junit.runners.BlockJUnit4ClassRunner$1.evaluate(BlockJUnit4ClassRunner.java:100)
	at org.junit.runners.ParentRunner.runLeaf(ParentRunner.java:366)
	at org.junit.runners.BlockJUnit4ClassRunner.runChild(BlockJUnit4ClassRunner.java:103)
	at org.junit.runners.BlockJUnit4ClassRunner.runChild(BlockJUnit4ClassRunner.java:63)
	at org.junit.runners.ParentRunner$4.run(ParentRunner.java:331)
	at org.junit.runners.ParentRunner$1.schedule(ParentRunner.java:79)
	at org.junit.runners.ParentRunner.runChildren(ParentRunner.java:329)
	at org.junit.runners.ParentRunner.access$100(ParentRunner.java:66)
	at org.junit.runners.ParentRunner$2.evaluate(ParentRunner.java:293)
	at org.junit.internal.runners.statements.RunBefores.evaluate(RunBefores.java:26)
	at org.junit.internal.runners.statements.RunAfters.evaluate(RunAfters.java:27)
	at org.junit.runners.ParentRunner$3.evaluate(ParentRunner.java:306)
	at org.junit.runners.ParentRunner.run(ParentRunner.java:413)
	at org.junit.runners.Suite.runChild(Suite.java:128)
	at org.junit.runners.Suite.runChild(Suite.java:27)
	at org.junit.runners.ParentRunner$4.run(ParentRunner.java:331)
	at org.junit.runners.ParentRunner$1.schedule(ParentRunner.java:79)
	at org.junit.runners.ParentRunner.runChildren(ParentRunner.java:329)
	at org.junit.runners.ParentRunner.access$100(ParentRunner.java:66)
	at org.junit.runners.ParentRunner$2.evaluate(ParentRunner.java:293)
	at org.junit.runners.ParentRunner$3.evaluate(ParentRunner.java:306)
	at org.junit.runners.ParentRunner.run(ParentRunner.java:413)
	at org.junit.runner.JUnitCore.run(JUnitCore.java:137)
	at org.junit.runner.JUnitCore.run(JUnitCore.java:115)
	at edu.illinois.cs.testrunner.execution.JUnitTestExecutor.execute(JUnitTestExecutor.java:246)
	at edu.illinois.cs.testrunner.execution.JUnitTestExecutor.executeWithJUnit4Runner(JUnitTestExecutor.java:315)
	at edu.illinois.cs.testrunner.execution.JUnitTestExecutor.runOrder(JUnitTestExecutor.java:46)
	at edu.illinois.cs.testrunner.execution.Executor$.$anonfun$run$1(Executor.scala:30)
	at scala.runtime.java8.JFunction0$mcV$sp.apply(JFunction0$mcV$sp.java:12)
	at scala.util.Try$.apply(Try.scala:209)
	at edu.illinois.cs.testrunner.execution.Executor$.run(Executor.scala:28)
	at edu.illinois.cs.testrunner.execution.Executor$.main(Executor.scala:18)
	at edu.illinois.cs.testrunner.execution.Executor.main(Executor.scala)
[main] ERROR org.apache.nifi.properties.NiFiPropertiesLoader - Cannot read from 'missing file' -- file is missing or not readable
[main] INFO org.apache.nifi.properties.NiFiPropertiesLoaderGroovyTest - [EXPECTED] NiFi properties file missing or unreadable
[main] INFO org.apache.nifi.properties.NiFiPropertiesLoaderGroovyTest - Set nifi.properties.file.path to /home/idflakies/apache/nifi/src/test/resources/conf/nifi_with_sensitive_properties_protected_aes.properties
[main] ERROR org.apache.nifi.properties.NiFiPropertiesLoader - Cannot read from '/home/idflakies/apache/nifi/src/test/resources/conf/nifi_with_sensitive_properties_protected_aes.properties' -- file is missing or not readable
[main] WARN org.apache.nifi.properties.NiFiPropertiesLoader - Encountered an error naively loading the nifi.properties file because one or more properties are protected: NiFi properties file missing or unreadable
java.lang.AssertionError: Closure org.apache.nifi.properties.NiFiPropertiesLoaderGroovyTest$_testShouldNotLoadProtectedPropertiesFromFileWithoutBootstrap_closure2@34a875b3 should have failed with an exception of type org.apache.nifi.properties.SensitivePropertyProtectionException, instead got Exception java.lang.IllegalArgumentException: NiFi properties file missing or unreadable
	at org.junit.Assert.fail(Assert.java:89)
	at groovy.test.GroovyAssert.shouldFail(GroovyAssert.java:128)
	at groovy.util.GroovyTestCase.shouldFail(GroovyTestCase.java:216)
	at sun.reflect.NativeMethodAccessorImpl.invoke0(Native Method)
	at sun.reflect.NativeMethodAccessorImpl.invoke(NativeMethodAccessorImpl.java:62)
	at sun.reflect.DelegatingMethodAccessorImpl.invoke(DelegatingMethodAccessorImpl.java:43)
	at java.lang.reflect.Method.invoke(Method.java:498)
	at org.codehaus.groovy.runtime.callsite.PlainObjectMetaMethodSite.doInvoke(PlainObjectMetaMethodSite.java:43)
	at org.codehaus.groovy.runtime.callsite.PogoMetaMethodSite$PogoCachedMethodSiteNoUnwrapNoCoerce.invoke(PogoMetaMethodSite.java:190)
	at org.codehaus.groovy.runtime.callsite.PogoMetaMethodSite.callCurrent(PogoMetaMethodSite.java:58)
	at org.codehaus.groovy.runtime.callsite.CallSiteArray.defaultCallCurrent(CallSiteArray.java:51)
	at org.codehaus.groovy.runtime.callsite.AbstractCallSite.callCurrent(AbstractCallSite.java:156)
	at org.codehaus.groovy.runtime.callsite.AbstractCallSite.callCurrent(AbstractCallSite.java:176)
	at org.apache.nifi.properties.NiFiPropertiesLoaderGroovyTest.testShouldNotLoadProtectedPropertiesFromFileWithoutBootstrap(NiFiPropertiesLoaderGroovyTest.groovy:171)
	at sun.reflect.NativeMethodAccessorImpl.invoke0(Native Method)
	at sun.reflect.NativeMethodAccessorImpl.invoke(NativeMethodAccessorImpl.java:62)
	at sun.reflect.DelegatingMethodAccessorImpl.invoke(DelegatingMethodAccessorImpl.java:43)
	at java.lang.reflect.Method.invoke(Method.java:498)
	at org.junit.runners.model.FrameworkMethod$1.runReflectiveCall(FrameworkMethod.java:59)
	at org.junit.internal.runners.model.ReflectiveCallable.run(ReflectiveCallable.java:12)
	at org.junit.runners.model.FrameworkMethod.invokeExplosively(FrameworkMethod.java:56)
	at org.junit.internal.runners.statements.InvokeMethod.evaluate(InvokeMethod.java:17)
	at org.junit.internal.runners.statements.RunBefores.evaluate(RunBefores.java:26)
	at org.junit.internal.runners.statements.RunAfters.evaluate(RunAfters.java:27)
	at org.junit.runners.ParentRunner$3.evaluate(ParentRunner.java:306)
	at org.junit.runners.BlockJUnit4ClassRunner$1.evaluate(BlockJUnit4ClassRunner.java:100)
	at org.junit.runners.ParentRunner.runLeaf(ParentRunner.java:366)
	at org.junit.runners.BlockJUnit4ClassRunner.runChild(BlockJUnit4ClassRunner.java:103)
	at org.junit.runners.BlockJUnit4ClassRunner.runChild(BlockJUnit4ClassRunner.java:63)
	at org.junit.runners.ParentRunner$4.run(ParentRunner.java:331)
	at org.junit.runners.ParentRunner$1.schedule(ParentRunner.java:79)
	at org.junit.runners.ParentRunner.runChildren(ParentRunner.java:329)
	at org.junit.runners.ParentRunner.access$100(ParentRunner.java:66)
	at org.junit.runners.ParentRunner$2.evaluate(ParentRunner.java:293)
	at org.junit.internal.runners.statements.RunBefores.evaluate(RunBefores.java:26)
	at org.junit.internal.runners.statements.RunAfters.evaluate(RunAfters.java:27)
	at org.junit.runners.ParentRunner$3.evaluate(ParentRunner.java:306)
	at org.junit.runners.ParentRunner.run(ParentRunner.java:413)
	at org.junit.runners.Suite.runChild(Suite.java:128)
	at org.junit.runners.Suite.runChild(Suite.java:27)
	at org.junit.runners.ParentRunner$4.run(ParentRunner.java:331)
	at org.junit.runners.ParentRunner$1.schedule(ParentRunner.java:79)
	at org.junit.runners.ParentRunner.runChildren(ParentRunner.java:329)
	at org.junit.runners.ParentRunner.access$100(ParentRunner.java:66)
	at org.junit.runners.ParentRunner$2.evaluate(ParentRunner.java:293)
	at org.junit.runners.ParentRunner$3.evaluate(ParentRunner.java:306)
	at org.junit.runners.ParentRunner.run(ParentRunner.java:413)
	at org.junit.runner.JUnitCore.run(JUnitCore.java:137)
	at org.junit.runner.JUnitCore.run(JUnitCore.java:115)
	at edu.illinois.cs.testrunner.execution.JUnitTestExecutor.execute(JUnitTestExecutor.java:246)
	at edu.illinois.cs.testrunner.execution.JUnitTestExecutor.executeWithJUnit4Runner(JUnitTestExecutor.java:315)
	at edu.illinois.cs.testrunner.execution.JUnitTestExecutor.runOrder(JUnitTestExecutor.java:46)
	at edu.illinois.cs.testrunner.execution.Executor$.$anonfun$run$1(Executor.scala:30)
	at scala.runtime.java8.JFunction0$mcV$sp.apply(JFunction0$mcV$sp.java:12)
	at scala.util.Try$.apply(Try.scala:209)
	at edu.illinois.cs.testrunner.execution.Executor$.run(Executor.scala:28)
	at edu.illinois.cs.testrunner.execution.Executor$.main(Executor.scala:18)
	at edu.illinois.cs.testrunner.execution.Executor.main(Executor.scala)
[main] ERROR org.apache.nifi.properties.NiFiPropertiesLoader - Cannot read from '/home/idflakies/apache/nifi/src/test/resources/conf/nifi.properties' -- file is missing or not readable
java.lang.IllegalArgumentException: NiFi properties file missing or unreadable
	at org.apache.nifi.properties.NiFiPropertiesLoader.readProtectedPropertiesFromDisk(NiFiPropertiesLoader.java:137)
	at org.apache.nifi.properties.NiFiPropertiesLoader.load(NiFiPropertiesLoader.java:169)
	at org.apache.nifi.properties.NiFiPropertiesLoader$load$0.call(Unknown Source)
	at org.codehaus.groovy.runtime.callsite.CallSiteArray.defaultCall(CallSiteArray.java:47)
	at org.codehaus.groovy.runtime.callsite.AbstractCallSite.call(AbstractCallSite.java:115)
	at org.codehaus.groovy.runtime.callsite.AbstractCallSite.call(AbstractCallSite.java:127)
	at org.apache.nifi.properties.NiFiPropertiesLoaderGroovyTest.testShouldLoadUnprotectedPropertiesFromFile(NiFiPropertiesLoaderGroovyTest.groovy:133)
	at sun.reflect.NativeMethodAccessorImpl.invoke0(Native Method)
	at sun.reflect.NativeMethodAccessorImpl.invoke(NativeMethodAccessorImpl.java:62)
	at sun.reflect.DelegatingMethodAccessorImpl.invoke(DelegatingMethodAccessorImpl.java:43)
	at java.lang.reflect.Method.invoke(Method.java:498)
	at org.junit.runners.model.FrameworkMethod$1.runReflectiveCall(FrameworkMethod.java:59)
	at org.junit.internal.runners.model.ReflectiveCallable.run(ReflectiveCallable.java:12)
	at org.junit.runners.model.FrameworkMethod.invokeExplosively(FrameworkMethod.java:56)
	at org.junit.internal.runners.statements.InvokeMethod.evaluate(InvokeMethod.java:17)
	at org.junit.internal.runners.statements.RunBefores.evaluate(RunBefores.java:26)
	at org.junit.internal.runners.statements.RunAfters.evaluate(RunAfters.java:27)
	at org.junit.runners.ParentRunner$3.evaluate(ParentRunner.java:306)
	at org.junit.runners.BlockJUnit4ClassRunner$1.evaluate(BlockJUnit4ClassRunner.java:100)
	at org.junit.runners.ParentRunner.runLeaf(ParentRunner.java:366)
	at org.junit.runners.BlockJUnit4ClassRunner.runChild(BlockJUnit4ClassRunner.java:103)
	at org.junit.runners.BlockJUnit4ClassRunner.runChild(BlockJUnit4ClassRunner.java:63)
	at org.junit.runners.ParentRunner$4.run(ParentRunner.java:331)
	at org.junit.runners.ParentRunner$1.schedule(ParentRunner.java:79)
	at org.junit.runners.ParentRunner.runChildren(ParentRunner.java:329)
	at org.junit.runners.ParentRunner.access$100(ParentRunner.java:66)
	at org.junit.runners.ParentRunner$2.evaluate(ParentRunner.java:293)
	at org.junit.internal.runners.statements.RunBefores.evaluate(RunBefores.java:26)
	at org.junit.internal.runners.statements.RunAfters.evaluate(RunAfters.java:27)
	at org.junit.runners.ParentRunner$3.evaluate(ParentRunner.java:306)
	at org.junit.runners.ParentRunner.run(ParentRunner.java:413)
	at org.junit.runners.Suite.runChild(Suite.java:128)
	at org.junit.runners.Suite.runChild(Suite.java:27)
	at org.junit.runners.ParentRunner$4.run(ParentRunner.java:331)
	at org.junit.runners.ParentRunner$1.schedule(ParentRunner.java:79)
	at org.junit.runners.ParentRunner.runChildren(ParentRunner.java:329)
	at org.junit.runners.ParentRunner.access$100(ParentRunner.java:66)
	at org.junit.runners.ParentRunner$2.evaluate(ParentRunner.java:293)
	at org.junit.runners.ParentRunner$3.evaluate(ParentRunner.java:306)
	at org.junit.runners.ParentRunner.run(ParentRunner.java:413)
	at org.junit.runner.JUnitCore.run(JUnitCore.java:137)
	at org.junit.runner.JUnitCore.run(JUnitCore.java:115)
	at edu.illinois.cs.testrunner.execution.JUnitTestExecutor.execute(JUnitTestExecutor.java:246)
	at edu.illinois.cs.testrunner.execution.JUnitTestExecutor.executeWithJUnit4Runner(JUnitTestExecutor.java:315)
	at edu.illinois.cs.testrunner.execution.JUnitTestExecutor.runOrder(JUnitTestExecutor.java:46)
	at edu.illinois.cs.testrunner.execution.Executor$.$anonfun$run$1(Executor.scala:30)
	at scala.runtime.java8.JFunction0$mcV$sp.apply(JFunction0$mcV$sp.java:12)
	at scala.util.Try$.apply(Try.scala:209)
	at edu.illinois.cs.testrunner.execution.Executor$.run(Executor.scala:28)
	at edu.illinois.cs.testrunner.execution.Executor$.main(Executor.scala:18)
	at edu.illinois.cs.testrunner.execution.Executor.main(Executor.scala)
[main] ERROR org.apache.nifi.properties.NiFiPropertiesLoader - Cannot read from '/home/idflakies/apache/nifi/src/test/resources/conf/nifi.properties' -- file is missing or not readable
java.lang.IllegalArgumentException: NiFi properties file missing or unreadable
	at org.apache.nifi.properties.NiFiPropertiesLoader.readProtectedPropertiesFromDisk(NiFiPropertiesLoader.java:137)
	at org.apache.nifi.properties.NiFiPropertiesLoader.load(NiFiPropertiesLoader.java:169)
	at org.apache.nifi.properties.NiFiPropertiesLoader.load(NiFiPropertiesLoader.java:196)
	at org.apache.nifi.properties.NiFiPropertiesLoader$load.call(Unknown Source)
	at org.codehaus.groovy.runtime.callsite.CallSiteArray.defaultCall(CallSiteArray.java:47)
	at org.codehaus.groovy.runtime.callsite.AbstractCallSite.call(AbstractCallSite.java:115)
	at org.codehaus.groovy.runtime.callsite.AbstractCallSite.call(AbstractCallSite.java:127)
	at org.apache.nifi.properties.NiFiPropertiesLoaderGroovyTest.testShouldLoadUnprotectedPropertiesFromPath(NiFiPropertiesLoaderGroovyTest.groovy:280)
	at sun.reflect.NativeMethodAccessorImpl.invoke0(Native Method)
	at sun.reflect.NativeMethodAccessorImpl.invoke(NativeMethodAccessorImpl.java:62)
	at sun.reflect.DelegatingMethodAccessorImpl.invoke(DelegatingMethodAccessorImpl.java:43)
	at java.lang.reflect.Method.invoke(Method.java:498)
	at org.junit.runners.model.FrameworkMethod$1.runReflectiveCall(FrameworkMethod.java:59)
	at org.junit.internal.runners.model.ReflectiveCallable.run(ReflectiveCallable.java:12)
	at org.junit.runners.model.FrameworkMethod.invokeExplosively(FrameworkMethod.java:56)
	at org.junit.internal.runners.statements.InvokeMethod.evaluate(InvokeMethod.java:17)
	at org.junit.internal.runners.statements.RunBefores.evaluate(RunBefores.java:26)
	at org.junit.internal.runners.statements.RunAfters.evaluate(RunAfters.java:27)
	at org.junit.runners.ParentRunner$3.evaluate(ParentRunner.java:306)
	at org.junit.runners.BlockJUnit4ClassRunner$1.evaluate(BlockJUnit4ClassRunner.java:100)
	at org.junit.runners.ParentRunner.runLeaf(ParentRunner.java:366)
	at org.junit.runners.BlockJUnit4ClassRunner.runChild(BlockJUnit4ClassRunner.java:103)
	at org.junit.runners.BlockJUnit4ClassRunner.runChild(BlockJUnit4ClassRunner.java:63)
	at org.junit.runners.ParentRunner$4.run(ParentRunner.java:331)
	at org.junit.runners.ParentRunner$1.schedule(ParentRunner.java:79)
	at org.junit.runners.ParentRunner.runChildren(ParentRunner.java:329)
	at org.junit.runners.ParentRunner.access$100(ParentRunner.java:66)
	at org.junit.runners.ParentRunner$2.evaluate(ParentRunner.java:293)
	at org.junit.internal.runners.statements.RunBefores.evaluate(RunBefores.java:26)
	at org.junit.internal.runners.statements.RunAfters.evaluate(RunAfters.java:27)
	at org.junit.runners.ParentRunner$3.evaluate(ParentRunner.java:306)
	at org.junit.runners.ParentRunner.run(ParentRunner.java:413)
	at org.junit.runners.Suite.runChild(Suite.java:128)
	at org.junit.runners.Suite.runChild(Suite.java:27)
	at org.junit.runners.ParentRunner$4.run(ParentRunner.java:331)
	at org.junit.runners.ParentRunner$1.schedule(ParentRunner.java:79)
	at org.junit.runners.ParentRunner.runChildren(ParentRunner.java:329)
	at org.junit.runners.ParentRunner.access$100(ParentRunner.java:66)
	at org.junit.runners.ParentRunner$2.evaluate(ParentRunner.java:293)
	at org.junit.runners.ParentRunner$3.evaluate(ParentRunner.java:306)
	at org.junit.runners.ParentRunner.run(ParentRunner.java:413)
	at org.junit.runner.JUnitCore.run(JUnitCore.java:137)
	at org.junit.runner.JUnitCore.run(JUnitCore.java:115)
	at edu.illinois.cs.testrunner.execution.JUnitTestExecutor.execute(JUnitTestExecutor.java:246)
	at edu.illinois.cs.testrunner.execution.JUnitTestExecutor.executeWithJUnit4Runner(JUnitTestExecutor.java:315)
	at edu.illinois.cs.testrunner.execution.JUnitTestExecutor.runOrder(JUnitTestExecutor.java:46)
	at edu.illinois.cs.testrunner.execution.Executor$.$anonfun$run$1(Executor.scala:30)
	at scala.runtime.java8.JFunction0$mcV$sp.apply(JFunction0$mcV$sp.java:12)
	at scala.util.Try$.apply(Try.scala:209)
	at edu.illinois.cs.testrunner.execution.Executor$.run(Executor.scala:28)
	at edu.illinois.cs.testrunner.execution.Executor$.main(Executor.scala:18)
	at edu.illinois.cs.testrunner.execution.Executor.main(Executor.scala)
[main] ERROR org.apache.nifi.properties.NiFiPropertiesLoader - Cannot read from '/home/idflakies/apache/nifi/src/test/resources/conf/nifi_with_sensitive_properties_protected_aes.properties' -- file is missing or not readable
java.lang.IllegalArgumentException: NiFi properties file missing or unreadable
	at org.apache.nifi.properties.NiFiPropertiesLoader.readProtectedPropertiesFromDisk(NiFiPropertiesLoader.java:137)
	at sun.reflect.NativeMethodAccessorImpl.invoke0(Native Method)
	at sun.reflect.NativeMethodAccessorImpl.invoke(NativeMethodAccessorImpl.java:62)
	at sun.reflect.DelegatingMethodAccessorImpl.invoke(DelegatingMethodAccessorImpl.java:43)
	at java.lang.reflect.Method.invoke(Method.java:498)
	at org.codehaus.groovy.runtime.callsite.PlainObjectMetaMethodSite.doInvoke(PlainObjectMetaMethodSite.java:43)
	at org.codehaus.groovy.runtime.callsite.PojoMetaMethodSite$PojoCachedMethodSiteNoUnwrapNoCoerce.invoke(PojoMetaMethodSite.java:211)
	at org.codehaus.groovy.runtime.callsite.PojoMetaMethodSite.call(PojoMetaMethodSite.java:53)
	at org.codehaus.groovy.runtime.callsite.CallSiteArray.defaultCall(CallSiteArray.java:47)
	at org.codehaus.groovy.runtime.callsite.AbstractCallSite.call(AbstractCallSite.java:115)
	at org.codehaus.groovy.runtime.callsite.AbstractCallSite.call(AbstractCallSite.java:127)
	at org.apache.nifi.properties.NiFiPropertiesLoaderGroovyTest.testShouldLoadUnprotectedPropertiesFromProtectedFile(NiFiPropertiesLoaderGroovyTest.groovy:304)
	at sun.reflect.NativeMethodAccessorImpl.invoke0(Native Method)
	at sun.reflect.NativeMethodAccessorImpl.invoke(NativeMethodAccessorImpl.java:62)
	at sun.reflect.DelegatingMethodAccessorImpl.invoke(DelegatingMethodAccessorImpl.java:43)
	at java.lang.reflect.Method.invoke(Method.java:498)
	at org.junit.runners.model.FrameworkMethod$1.runReflectiveCall(FrameworkMethod.java:59)
	at org.junit.internal.runners.model.ReflectiveCallable.run(ReflectiveCallable.java:12)
	at org.junit.runners.model.FrameworkMethod.invokeExplosively(FrameworkMethod.java:56)
	at org.junit.internal.runners.statements.InvokeMethod.evaluate(InvokeMethod.java:17)
	at org.junit.internal.runners.statements.RunBefores.evaluate(RunBefores.java:26)
	at org.junit.internal.runners.statements.RunAfters.evaluate(RunAfters.java:27)
	at org.junit.runners.ParentRunner$3.evaluate(ParentRunner.java:306)
	at org.junit.runners.BlockJUnit4ClassRunner$1.evaluate(BlockJUnit4ClassRunner.java:100)
	at org.junit.runners.ParentRunner.runLeaf(ParentRunner.java:366)
	at org.junit.runners.BlockJUnit4ClassRunner.runChild(BlockJUnit4ClassRunner.java:103)
	at org.junit.runners.BlockJUnit4ClassRunner.runChild(BlockJUnit4ClassRunner.java:63)
	at org.junit.runners.ParentRunner$4.run(ParentRunner.java:331)
	at org.junit.runners.ParentRunner$1.schedule(ParentRunner.java:79)
	at org.junit.runners.ParentRunner.runChildren(ParentRunner.java:329)
	at org.junit.runners.ParentRunner.access$100(ParentRunner.java:66)
	at org.junit.runners.ParentRunner$2.evaluate(ParentRunner.java:293)
	at org.junit.internal.runners.statements.RunBefores.evaluate(RunBefores.java:26)
	at org.junit.internal.runners.statements.RunAfters.evaluate(RunAfters.java:27)
	at org.junit.runners.ParentRunner$3.evaluate(ParentRunner.java:306)
	at org.junit.runners.ParentRunner.run(ParentRunner.java:413)
	at org.junit.runners.Suite.runChild(Suite.java:128)
	at org.junit.runners.Suite.runChild(Suite.java:27)
	at org.junit.runners.ParentRunner$4.run(ParentRunner.java:331)
	at org.junit.runners.ParentRunner$1.schedule(ParentRunner.java:79)
	at org.junit.runners.ParentRunner.runChildren(ParentRunner.java:329)
	at org.junit.runners.ParentRunner.access$100(ParentRunner.java:66)
	at org.junit.runners.ParentRunner$2.evaluate(ParentRunner.java:293)
	at org.junit.runners.ParentRunner$3.evaluate(ParentRunner.java:306)
	at org.junit.runners.ParentRunner.run(ParentRunner.java:413)
	at org.junit.runner.JUnitCore.run(JUnitCore.java:137)
	at org.junit.runner.JUnitCore.run(JUnitCore.java:115)
	at edu.illinois.cs.testrunner.execution.JUnitTestExecutor.execute(JUnitTestExecutor.java:246)
	at edu.illinois.cs.testrunner.execution.JUnitTestExecutor.executeWithJUnit4Runner(JUnitTestExecutor.java:315)
	at edu.illinois.cs.testrunner.execution.JUnitTestExecutor.runOrder(JUnitTestExecutor.java:46)
	at edu.illinois.cs.testrunner.execution.Executor$.$anonfun$run$1(Executor.scala:30)
	at scala.runtime.java8.JFunction0$mcV$sp.apply(JFunction0$mcV$sp.java:12)
	at scala.util.Try$.apply(Try.scala:209)
	at edu.illinois.cs.testrunner.execution.Executor$.run(Executor.scala:28)
	at edu.illinois.cs.testrunner.execution.Executor$.main(Executor.scala:18)
	at edu.illinois.cs.testrunner.execution.Executor.main(Executor.scala)
[main] INFO org.apache.nifi.properties.NiFiPropertiesLoader - Loaded 58 properties from /tmp/nifi.without.key8288669866212551855.properties
[main] WARN org.apache.nifi.properties.NiFiPropertiesLoader - Generating Random Sensitive Properties Key [nifi.sensitive.props.key]
[main] INFO org.apache.nifi.properties.NiFiPropertiesLoader - NiFi Properties [/tmp/nifi.without.key8288669866212551855.properties] updated with Sensitive Properties Key
[main] INFO org.apache.nifi.properties.NiFiPropertiesLoader - Loaded 58 properties from /tmp/nifi.without.key8288669866212551855.properties
[main] INFO org.apache.nifi.properties.NiFiPropertiesLoader - Loaded 58 properties from /tmp/nifi.without.key7534813055956695327.properties
[main] ERROR org.apache.nifi.properties.NiFiPropertiesLoader - Clustered Configuration Found: Shared Sensitive Properties Key [nifi.sensitive.props.key] required for cluster nodes
[main] ERROR org.apache.nifi.properties.NiFiPropertiesLoader - Cannot read from '/home/idflakies/apache/nifi/src/test/resources/conf/nifi_with_sensitive_properties_protected_aes_128.properties' -- file is missing or not readable
java.lang.IllegalArgumentException: NiFi properties file missing or unreadable
	at org.apache.nifi.properties.NiFiPropertiesLoader.readProtectedPropertiesFromDisk(NiFiPropertiesLoader.java:137)
	at org.apache.nifi.properties.NiFiPropertiesLoader.load(NiFiPropertiesLoader.java:169)
	at org.apache.nifi.properties.NiFiPropertiesLoader$load$0.call(Unknown Source)
	at org.codehaus.groovy.runtime.callsite.CallSiteArray.defaultCall(CallSiteArray.java:47)
	at org.codehaus.groovy.runtime.callsite.AbstractCallSite.call(AbstractCallSite.java:115)
	at org.codehaus.groovy.runtime.callsite.AbstractCallSite.call(AbstractCallSite.java:127)
	at org.apache.nifi.properties.NiFiPropertiesLoaderGroovyTest.testShouldUpdateKeyInFactory(NiFiPropertiesLoaderGroovyTest.groovy:469)
	at sun.reflect.NativeMethodAccessorImpl.invoke0(Native Method)
	at sun.reflect.NativeMethodAccessorImpl.invoke(NativeMethodAccessorImpl.java:62)
	at sun.reflect.DelegatingMethodAccessorImpl.invoke(DelegatingMethodAccessorImpl.java:43)
	at java.lang.reflect.Method.invoke(Method.java:498)
	at org.junit.runners.model.FrameworkMethod$1.runReflectiveCall(FrameworkMethod.java:59)
	at org.junit.internal.runners.model.ReflectiveCallable.run(ReflectiveCallable.java:12)
	at org.junit.runners.model.FrameworkMethod.invokeExplosively(FrameworkMethod.java:56)
	at org.junit.internal.runners.statements.InvokeMethod.evaluate(InvokeMethod.java:17)
	at org.junit.internal.runners.statements.RunBefores.evaluate(RunBefores.java:26)
	at org.junit.internal.runners.statements.RunAfters.evaluate(RunAfters.java:27)
	at org.junit.runners.ParentRunner$3.evaluate(ParentRunner.java:306)
	at org.junit.runners.BlockJUnit4ClassRunner$1.evaluate(BlockJUnit4ClassRunner.java:100)
	at org.junit.runners.ParentRunner.runLeaf(ParentRunner.java:366)
	at org.junit.runners.BlockJUnit4ClassRunner.runChild(BlockJUnit4ClassRunner.java:103)
	at org.junit.runners.BlockJUnit4ClassRunner.runChild(BlockJUnit4ClassRunner.java:63)
	at org.junit.runners.ParentRunner$4.run(ParentRunner.java:331)
	at org.junit.runners.ParentRunner$1.schedule(ParentRunner.java:79)
	at org.junit.runners.ParentRunner.runChildren(ParentRunner.java:329)
	at org.junit.runners.ParentRunner.access$100(ParentRunner.java:66)
	at org.junit.runners.ParentRunner$2.evaluate(ParentRunner.java:293)
	at org.junit.internal.runners.statements.RunBefores.evaluate(RunBefores.java:26)
	at org.junit.internal.runners.statements.RunAfters.evaluate(RunAfters.java:27)
	at org.junit.runners.ParentRunner$3.evaluate(ParentRunner.java:306)
	at org.junit.runners.ParentRunner.run(ParentRunner.java:413)
	at org.junit.runners.Suite.runChild(Suite.java:128)
	at org.junit.runners.Suite.runChild(Suite.java:27)
	at org.junit.runners.ParentRunner$4.run(ParentRunner.java:331)
	at org.junit.runners.ParentRunner$1.schedule(ParentRunner.java:79)
	at org.junit.runners.ParentRunner.runChildren(ParentRunner.java:329)
	at org.junit.runners.ParentRunner.access$100(ParentRunner.java:66)
	at org.junit.runners.ParentRunner$2.evaluate(ParentRunner.java:293)
	at org.junit.runners.ParentRunner$3.evaluate(ParentRunner.java:306)
	at org.junit.runners.ParentRunner.run(ParentRunner.java:413)
	at org.junit.runner.JUnitCore.run(JUnitCore.java:137)
	at org.junit.runner.JUnitCore.run(JUnitCore.java:115)
	at edu.illinois.cs.testrunner.execution.JUnitTestExecutor.execute(JUnitTestExecutor.java:246)
	at edu.illinois.cs.testrunner.execution.JUnitTestExecutor.executeWithJUnit4Runner(JUnitTestExecutor.java:315)
	at edu.illinois.cs.testrunner.execution.JUnitTestExecutor.runOrder(JUnitTestExecutor.java:46)
	at edu.illinois.cs.testrunner.execution.Executor$.$anonfun$run$1(Executor.scala:30)
	at scala.runtime.java8.JFunction0$mcV$sp.apply(JFunction0$mcV$sp.java:12)
	at scala.util.Try$.apply(Try.scala:209)
	at edu.illinois.cs.testrunner.execution.Executor$.run(Executor.scala:28)
	at edu.illinois.cs.testrunner.execution.Executor$.main(Executor.scala:18)
	at edu.illinois.cs.testrunner.execution.Executor.main(Executor.scala)
[main] INFO org.apache.nifi.properties.NiFiPropertiesLoaderGroovyTest - [EXPECTED] Configuration Directory [src/test/resources/bootstrap_tests/missing_bootstrap] not found for Bootstrap Properties
Assertion failed: 

assert msg =~ "Cannot read from .*bootstrap.conf"
       |   |
       |   java.util.regex.Matcher[pattern=Cannot read from .*bootstrap.conf region=0,113 lastmatch=]
       'Configuration Directory [src/test/resources/bootstrap_tests/missing_bootstrap] not found for Bootstrap Properties'

	at org.codehaus.groovy.runtime.InvokerHelper.assertFailed(InvokerHelper.java:415)
	at org.codehaus.groovy.runtime.ScriptBytecodeAdapter.assertFailed(ScriptBytecodeAdapter.java:670)
	at org.apache.nifi.properties.NiFiPropertiesLoaderGroovyTest.testShouldNotExtractKeyFromMissingBootstrapFile(NiFiPropertiesLoaderGroovyTest.groovy:383)
	at sun.reflect.NativeMethodAccessorImpl.invoke0(Native Method)
	at sun.reflect.NativeMethodAccessorImpl.invoke(NativeMethodAccessorImpl.java:62)
	at sun.reflect.DelegatingMethodAccessorImpl.invoke(DelegatingMethodAccessorImpl.java:43)
	at java.lang.reflect.Method.invoke(Method.java:498)
	at org.junit.runners.model.FrameworkMethod$1.runReflectiveCall(FrameworkMethod.java:59)
	at org.junit.internal.runners.model.ReflectiveCallable.run(ReflectiveCallable.java:12)
	at org.junit.runners.model.FrameworkMethod.invokeExplosively(FrameworkMethod.java:56)
	at org.junit.internal.runners.statements.InvokeMethod.evaluate(InvokeMethod.java:17)
	at org.junit.internal.runners.statements.RunBefores.evaluate(RunBefores.java:26)
	at org.junit.internal.runners.statements.RunAfters.evaluate(RunAfters.java:27)
	at org.junit.runners.ParentRunner$3.evaluate(ParentRunner.java:306)
	at org.junit.runners.BlockJUnit4ClassRunner$1.evaluate(BlockJUnit4ClassRunner.java:100)
	at org.junit.runners.ParentRunner.runLeaf(ParentRunner.java:366)
	at org.junit.runners.BlockJUnit4ClassRunner.runChild(BlockJUnit4ClassRunner.java:103)
	at org.junit.runners.BlockJUnit4ClassRunner.runChild(BlockJUnit4ClassRunner.java:63)
	at org.junit.runners.ParentRunner$4.run(ParentRunner.java:331)
	at org.junit.runners.ParentRunner$1.schedule(ParentRunner.java:79)
	at org.junit.runners.ParentRunner.runChildren(ParentRunner.java:329)
	at org.junit.runners.ParentRunner.access$100(ParentRunner.java:66)
	at org.junit.runners.ParentRunner$2.evaluate(ParentRunner.java:293)
	at org.junit.internal.runners.statements.RunBefores.evaluate(RunBefores.java:26)
	at org.junit.internal.runners.statements.RunAfters.evaluate(RunAfters.java:27)
	at org.junit.runners.ParentRunner$3.evaluate(ParentRunner.java:306)
	at org.junit.runners.ParentRunner.run(ParentRunner.java:413)
	at org.junit.runners.Suite.runChild(Suite.java:128)
	at org.junit.runners.Suite.runChild(Suite.java:27)
	at org.junit.runners.ParentRunner$4.run(ParentRunner.java:331)
	at org.junit.runners.ParentRunner$1.schedule(ParentRunner.java:79)
	at org.junit.runners.ParentRunner.runChildren(ParentRunner.java:329)
	at org.junit.runners.ParentRunner.access$100(ParentRunner.java:66)
	at org.junit.runners.ParentRunner$2.evaluate(ParentRunner.java:293)
	at org.junit.runners.ParentRunner$3.evaluate(ParentRunner.java:306)
	at org.junit.runners.ParentRunner.run(ParentRunner.java:413)
	at org.junit.runner.JUnitCore.run(JUnitCore.java:137)
	at org.junit.runner.JUnitCore.run(JUnitCore.java:115)
	at edu.illinois.cs.testrunner.execution.JUnitTestExecutor.execute(JUnitTestExecutor.java:246)
	at edu.illinois.cs.testrunner.execution.JUnitTestExecutor.executeWithJUnit4Runner(JUnitTestExecutor.java:315)
	at edu.illinois.cs.testrunner.execution.JUnitTestExecutor.runOrder(JUnitTestExecutor.java:46)
	at edu.illinois.cs.testrunner.execution.Executor$.$anonfun$run$1(Executor.scala:30)
	at scala.runtime.java8.JFunction0$mcV$sp.apply(JFunction0$mcV$sp.java:12)
	at scala.util.Try$.apply(Try.scala:209)
	at edu.illinois.cs.testrunner.execution.Executor$.run(Executor.scala:28)
	at edu.illinois.cs.testrunner.execution.Executor$.main(Executor.scala:18)
	at edu.illinois.cs.testrunner.execution.Executor.main(Executor.scala)
java.io.IOException: Configuration Directory [src/test/resources/bootstrap_tests/missing_key_line] not found for Bootstrap Properties
	at org.apache.nifi.properties.AbstractBootstrapPropertiesLoader.getBootstrapFile(AbstractBootstrapPropertiesLoader.java:139)
	at org.apache.nifi.properties.AbstractBootstrapPropertiesLoader.loadBootstrapProperties(AbstractBootstrapPropertiesLoader.java:79)
	at org.apache.nifi.properties.AbstractBootstrapPropertiesLoader.extractKeyFromBootstrapFile(AbstractBootstrapPropertiesLoader.java:113)
	at org.apache.nifi.properties.AbstractBootstrapPropertiesLoader.extractKeyFromBootstrapFile(AbstractBootstrapPropertiesLoader.java:69)
	at org.apache.nifi.util.NiFiBootstrapUtils.extractKeyFromBootstrapFile(NiFiBootstrapUtils.java:38)
	at org.apache.nifi.util.NiFiBootstrapUtils$extractKeyFromBootstrapFile.call(Unknown Source)
	at org.codehaus.groovy.runtime.callsite.CallSiteArray.defaultCall(CallSiteArray.java:47)
	at org.codehaus.groovy.runtime.callsite.AbstractCallSite.call(AbstractCallSite.java:115)
	at org.codehaus.groovy.runtime.callsite.AbstractCallSite.call(AbstractCallSite.java:119)
	at org.apache.nifi.properties.NiFiPropertiesLoaderGroovyTest.testShouldNotExtractKeyFromBootstrapFileWithoutKey(NiFiPropertiesLoaderGroovyTest.groovy:364)
	at sun.reflect.NativeMethodAccessorImpl.invoke0(Native Method)
	at sun.reflect.NativeMethodAccessorImpl.invoke(NativeMethodAccessorImpl.java:62)
	at sun.reflect.DelegatingMethodAccessorImpl.invoke(DelegatingMethodAccessorImpl.java:43)
	at java.lang.reflect.Method.invoke(Method.java:498)
	at org.junit.runners.model.FrameworkMethod$1.runReflectiveCall(FrameworkMethod.java:59)
	at org.junit.internal.runners.model.ReflectiveCallable.run(ReflectiveCallable.java:12)
	at org.junit.runners.model.FrameworkMethod.invokeExplosively(FrameworkMethod.java:56)
	at org.junit.internal.runners.statements.InvokeMethod.evaluate(InvokeMethod.java:17)
	at org.junit.internal.runners.statements.RunBefores.evaluate(RunBefores.java:26)
	at org.junit.internal.runners.statements.RunAfters.evaluate(RunAfters.java:27)
	at org.junit.runners.ParentRunner$3.evaluate(ParentRunner.java:306)
	at org.junit.runners.BlockJUnit4ClassRunner$1.evaluate(BlockJUnit4ClassRunner.java:100)
	at org.junit.runners.ParentRunner.runLeaf(ParentRunner.java:366)
	at org.junit.runners.BlockJUnit4ClassRunner.runChild(BlockJUnit4ClassRunner.java:103)
	at org.junit.runners.BlockJUnit4ClassRunner.runChild(BlockJUnit4ClassRunner.java:63)
	at org.junit.runners.ParentRunner$4.run(ParentRunner.java:331)
	at org.junit.runners.ParentRunner$1.schedule(ParentRunner.java:79)
	at org.junit.runners.ParentRunner.runChildren(ParentRunner.java:329)
	at org.junit.runners.ParentRunner.access$100(ParentRunner.java:66)
	at org.junit.runners.ParentRunner$2.evaluate(ParentRunner.java:293)
	at org.junit.internal.runners.statements.RunBefores.evaluate(RunBefores.java:26)
	at org.junit.internal.runners.statements.RunAfters.evaluate(RunAfters.java:27)
	at org.junit.runners.ParentRunner$3.evaluate(ParentRunner.java:306)
	at org.junit.runners.ParentRunner.run(ParentRunner.java:413)
	at org.junit.runners.Suite.runChild(Suite.java:128)
	at org.junit.runners.Suite.runChild(Suite.java:27)
	at org.junit.runners.ParentRunner$4.run(ParentRunner.java:331)
	at org.junit.runners.ParentRunner$1.schedule(ParentRunner.java:79)
	at org.junit.runners.ParentRunner.runChildren(ParentRunner.java:329)
	at org.junit.runners.ParentRunner.access$100(ParentRunner.java:66)
	at org.junit.runners.ParentRunner$2.evaluate(ParentRunner.java:293)
	at org.junit.runners.ParentRunner$3.evaluate(ParentRunner.java:306)
	at org.junit.runners.ParentRunner.run(ParentRunner.java:413)
	at org.junit.runner.JUnitCore.run(JUnitCore.java:137)
	at org.junit.runner.JUnitCore.run(JUnitCore.java:115)
	at edu.illinois.cs.testrunner.execution.JUnitTestExecutor.execute(JUnitTestExecutor.java:246)
	at edu.illinois.cs.testrunner.execution.JUnitTestExecutor.executeWithJUnit4Runner(JUnitTestExecutor.java:315)
	at edu.illinois.cs.testrunner.execution.JUnitTestExecutor.runOrder(JUnitTestExecutor.java:46)
	at edu.illinois.cs.testrunner.execution.Executor$.$anonfun$run$1(Executor.scala:30)
	at scala.runtime.java8.JFunction0$mcV$sp.apply(JFunction0$mcV$sp.java:12)
	at scala.util.Try$.apply(Try.scala:209)
	at edu.illinois.cs.testrunner.execution.Executor$.run(Executor.scala:28)
	at edu.illinois.cs.testrunner.execution.Executor$.main(Executor.scala:18)
	at edu.illinois.cs.testrunner.execution.Executor.main(Executor.scala)
[main] INFO org.apache.nifi.properties.NiFiPropertiesLoaderGroovyTest - Set nifi.properties.file.path to /home/idflakies/apache/nifi/src/test/resources/conf/nifi.properties
[main] ERROR org.apache.nifi.properties.NiFiPropertiesLoader - Cannot read from '/home/idflakies/apache/nifi/src/test/resources/conf/nifi.properties' -- file is missing or not readable
[main] WARN org.apache.nifi.properties.NiFiPropertiesLoader - Encountered an error naively loading the nifi.properties file because one or more properties are protected: NiFi properties file missing or unreadable
java.lang.IllegalArgumentException: NiFi properties file missing or unreadable
	at org.apache.nifi.properties.NiFiPropertiesLoader.readProtectedPropertiesFromDisk(NiFiPropertiesLoader.java:137)
	at org.apache.nifi.properties.NiFiPropertiesLoader.load(NiFiPropertiesLoader.java:169)
	at org.apache.nifi.properties.NiFiPropertiesLoader.load(NiFiPropertiesLoader.java:196)
	at org.apache.nifi.properties.NiFiPropertiesLoader.loadDefault(NiFiPropertiesLoader.java:114)
	at org.apache.nifi.properties.NiFiPropertiesLoader.loadDefaultWithKeyFromBootstrap(NiFiPropertiesLoader.java:106)
	at org.apache.nifi.properties.NiFiPropertiesLoader$loadDefaultWithKeyFromBootstrap$1.call(Unknown Source)
	at org.codehaus.groovy.runtime.callsite.CallSiteArray.defaultCall(CallSiteArray.java:47)
	at org.codehaus.groovy.runtime.callsite.AbstractCallSite.call(AbstractCallSite.java:115)
	at org.codehaus.groovy.runtime.callsite.AbstractCallSite.call(AbstractCallSite.java:119)
	at org.apache.nifi.properties.NiFiPropertiesLoaderGroovyTest.testShouldLoadUnprotectedPropertiesFromFileWithoutBootstrap(NiFiPropertiesLoaderGroovyTest.groovy:152)
	at sun.reflect.NativeMethodAccessorImpl.invoke0(Native Method)
	at sun.reflect.NativeMethodAccessorImpl.invoke(NativeMethodAccessorImpl.java:62)
	at sun.reflect.DelegatingMethodAccessorImpl.invoke(DelegatingMethodAccessorImpl.java:43)
	at java.lang.reflect.Method.invoke(Method.java:498)
	at org.junit.runners.model.FrameworkMethod$1.runReflectiveCall(FrameworkMethod.java:59)
	at org.junit.internal.runners.model.ReflectiveCallable.run(ReflectiveCallable.java:12)
	at org.junit.runners.model.FrameworkMethod.invokeExplosively(FrameworkMethod.java:56)
	at org.junit.internal.runners.statements.InvokeMethod.evaluate(InvokeMethod.java:17)
	at org.junit.internal.runners.statements.RunBefores.evaluate(RunBefores.java:26)
	at org.junit.internal.runners.statements.RunAfters.evaluate(RunAfters.java:27)
	at org.junit.runners.ParentRunner$3.evaluate(ParentRunner.java:306)
	at org.junit.runners.BlockJUnit4ClassRunner$1.evaluate(BlockJUnit4ClassRunner.java:100)
	at org.junit.runners.ParentRunner.runLeaf(ParentRunner.java:366)
	at org.junit.runners.BlockJUnit4ClassRunner.runChild(BlockJUnit4ClassRunner.java:103)
	at org.junit.runners.BlockJUnit4ClassRunner.runChild(BlockJUnit4ClassRunner.java:63)
	at org.junit.runners.ParentRunner$4.run(ParentRunner.java:331)
	at org.junit.runners.ParentRunner$1.schedule(ParentRunner.java:79)
	at org.junit.runners.ParentRunner.runChildren(ParentRunner.java:329)
	at org.junit.runners.ParentRunner.access$100(ParentRunner.java:66)
	at org.junit.runners.ParentRunner$2.evaluate(ParentRunner.java:293)
	at org.junit.internal.runners.statements.RunBefores.evaluate(RunBefores.java:26)
	at org.junit.internal.runners.statements.RunAfters.evaluate(RunAfters.java:27)
	at org.junit.runners.ParentRunner$3.evaluate(ParentRunner.java:306)
	at org.junit.runners.ParentRunner.run(ParentRunner.java:413)
	at org.junit.runners.Suite.runChild(Suite.java:128)
	at org.junit.runners.Suite.runChild(Suite.java:27)
	at org.junit.runners.ParentRunner$4.run(ParentRunner.java:331)
	at org.junit.runners.ParentRunner$1.schedule(ParentRunner.java:79)
	at org.junit.runners.ParentRunner.runChildren(ParentRunner.java:329)
	at org.junit.runners.ParentRunner.access$100(ParentRunner.java:66)
	at org.junit.runners.ParentRunner$2.evaluate(ParentRunner.java:293)
	at org.junit.runners.ParentRunner$3.evaluate(ParentRunner.java:306)
	at org.junit.runners.ParentRunner.run(ParentRunner.java:413)
	at org.junit.runner.JUnitCore.run(JUnitCore.java:137)
	at org.junit.runner.JUnitCore.run(JUnitCore.java:115)
	at edu.illinois.cs.testrunner.execution.JUnitTestExecutor.execute(JUnitTestExecutor.java:246)
	at edu.illinois.cs.testrunner.execution.JUnitTestExecutor.executeWithJUnit4Runner(JUnitTestExecutor.java:315)
	at edu.illinois.cs.testrunner.execution.JUnitTestExecutor.runOrder(JUnitTestExecutor.java:46)
	at edu.illinois.cs.testrunner.execution.Executor$.$anonfun$run$1(Executor.scala:30)
	at scala.runtime.java8.JFunction0$mcV$sp.apply(JFunction0$mcV$sp.java:12)
	at scala.util.Try$.apply(Try.scala:209)
	at edu.illinois.cs.testrunner.execution.Executor$.run(Executor.scala:28)
	at edu.illinois.cs.testrunner.execution.Executor$.main(Executor.scala:18)
	at edu.illinois.cs.testrunner.execution.Executor.main(Executor.scala)
java.io.IOException: Configuration Directory [src/test/resources/bootstrap_tests/conf] not found for Bootstrap Properties
	at org.apache.nifi.properties.AbstractBootstrapPropertiesLoader.getBootstrapFile(AbstractBootstrapPropertiesLoader.java:139)
	at org.apache.nifi.properties.AbstractBootstrapPropertiesLoader.loadBootstrapProperties(AbstractBootstrapPropertiesLoader.java:79)
	at org.apache.nifi.properties.AbstractBootstrapPropertiesLoader.extractKeyFromBootstrapFile(AbstractBootstrapPropertiesLoader.java:113)
	at org.apache.nifi.properties.AbstractBootstrapPropertiesLoader.extractKeyFromBootstrapFile(AbstractBootstrapPropertiesLoader.java:69)
	at org.apache.nifi.util.NiFiBootstrapUtils.extractKeyFromBootstrapFile(NiFiBootstrapUtils.java:38)
	at org.apache.nifi.util.NiFiBootstrapUtils$extractKeyFromBootstrapFile.call(Unknown Source)
	at org.codehaus.groovy.runtime.callsite.CallSiteArray.defaultCall(CallSiteArray.java:47)
	at org.codehaus.groovy.runtime.callsite.AbstractCallSite.call(AbstractCallSite.java:115)
	at org.codehaus.groovy.runtime.callsite.AbstractCallSite.call(AbstractCallSite.java:119)
	at org.apache.nifi.properties.NiFiPropertiesLoaderGroovyTest.testShouldExtractKeyFromBootstrapFile(NiFiPropertiesLoaderGroovyTest.groovy:338)
	at sun.reflect.NativeMethodAccessorImpl.invoke0(Native Method)
	at sun.reflect.NativeMethodAccessorImpl.invoke(NativeMethodAccessorImpl.java:62)
	at sun.reflect.DelegatingMethodAccessorImpl.invoke(DelegatingMethodAccessorImpl.java:43)
	at java.lang.reflect.Method.invoke(Method.java:498)
	at org.junit.runners.model.FrameworkMethod$1.runReflectiveCall(FrameworkMethod.java:59)
	at org.junit.internal.runners.model.ReflectiveCallable.run(ReflectiveCallable.java:12)
	at org.junit.runners.model.FrameworkMethod.invokeExplosively(FrameworkMethod.java:56)
	at org.junit.internal.runners.statements.InvokeMethod.evaluate(InvokeMethod.java:17)
	at org.junit.internal.runners.statements.RunBefores.evaluate(RunBefores.java:26)
	at org.junit.internal.runners.statements.RunAfters.evaluate(RunAfters.java:27)
	at org.junit.runners.ParentRunner$3.evaluate(ParentRunner.java:306)
	at org.junit.runners.BlockJUnit4ClassRunner$1.evaluate(BlockJUnit4ClassRunner.java:100)
	at org.junit.runners.ParentRunner.runLeaf(ParentRunner.java:366)
	at org.junit.runners.BlockJUnit4ClassRunner.runChild(BlockJUnit4ClassRunner.java:103)
	at org.junit.runners.BlockJUnit4ClassRunner.runChild(BlockJUnit4ClassRunner.java:63)
	at org.junit.runners.ParentRunner$4.run(ParentRunner.java:331)
	at org.junit.runners.ParentRunner$1.schedule(ParentRunner.java:79)
	at org.junit.runners.ParentRunner.runChildren(ParentRunner.java:329)
	at org.junit.runners.ParentRunner.access$100(ParentRunner.java:66)
	at org.junit.runners.ParentRunner$2.evaluate(ParentRunner.java:293)
	at org.junit.internal.runners.statements.RunBefores.evaluate(RunBefores.java:26)
	at org.junit.internal.runners.statements.RunAfters.evaluate(RunAfters.java:27)
	at org.junit.runners.ParentRunner$3.evaluate(ParentRunner.java:306)
	at org.junit.runners.ParentRunner.run(ParentRunner.java:413)
	at org.junit.runners.Suite.runChild(Suite.java:128)
	at org.junit.runners.Suite.runChild(Suite.java:27)
	at org.junit.runners.ParentRunner$4.run(ParentRunner.java:331)
	at org.junit.runners.ParentRunner$1.schedule(ParentRunner.java:79)
	at org.junit.runners.ParentRunner.runChildren(ParentRunner.java:329)
	at org.junit.runners.ParentRunner.access$100(ParentRunner.java:66)
	at org.junit.runners.ParentRunner$2.evaluate(ParentRunner.java:293)
	at org.junit.runners.ParentRunner$3.evaluate(ParentRunner.java:306)
	at org.junit.runners.ParentRunner.run(ParentRunner.java:413)
	at org.junit.runner.JUnitCore.run(JUnitCore.java:137)
	at org.junit.runner.JUnitCore.run(JUnitCore.java:115)
	at edu.illinois.cs.testrunner.execution.JUnitTestExecutor.execute(JUnitTestExecutor.java:246)
	at edu.illinois.cs.testrunner.execution.JUnitTestExecutor.executeWithJUnit4Runner(JUnitTestExecutor.java:315)
	at edu.illinois.cs.testrunner.execution.JUnitTestExecutor.runOrder(JUnitTestExecutor.java:46)
	at edu.illinois.cs.testrunner.execution.Executor$.$anonfun$run$1(Executor.scala:30)
	at scala.runtime.java8.JFunction0$mcV$sp.apply(JFunction0$mcV$sp.java:12)
	at scala.util.Try$.apply(Try.scala:209)
	at edu.illinois.cs.testrunner.execution.Executor$.run(Executor.scala:28)
	at edu.illinois.cs.testrunner.execution.Executor$.main(Executor.scala:18)
	at edu.illinois.cs.testrunner.execution.Executor.main(Executor.scala)
[main] ERROR org.apache.nifi.properties.NiFiPropertiesLoader - Cannot read from '/home/idflakies/apache/nifi/src/test/resources/bootstrap_tests/conf/nifi_with_sensitive_properties_protected_aes.properties' -- file is missing or not readable
java.lang.IllegalArgumentException: NiFi properties file missing or unreadable
	at org.apache.nifi.properties.NiFiPropertiesLoader.readProtectedPropertiesFromDisk(NiFiPropertiesLoader.java:137)
	at org.apache.nifi.properties.NiFiPropertiesLoader.load(NiFiPropertiesLoader.java:169)
	at org.apache.nifi.properties.NiFiPropertiesLoader$load$0.call(Unknown Source)
	at org.codehaus.groovy.runtime.callsite.CallSiteArray.defaultCall(CallSiteArray.java:47)
	at org.codehaus.groovy.runtime.callsite.AbstractCallSite.call(AbstractCallSite.java:115)
	at org.codehaus.groovy.runtime.callsite.AbstractCallSite.call(AbstractCallSite.java:127)
	at org.apache.nifi.properties.NiFiPropertiesLoaderGroovyTest.testShouldLoadUnprotectedPropertiesFromProtectedDefaultFileAndUseBootstrapKey(NiFiPropertiesLoaderGroovyTest.groovy:442)
	at sun.reflect.NativeMethodAccessorImpl.invoke0(Native Method)
	at sun.reflect.NativeMethodAccessorImpl.invoke(NativeMethodAccessorImpl.java:62)
	at sun.reflect.DelegatingMethodAccessorImpl.invoke(DelegatingMethodAccessorImpl.java:43)
	at java.lang.reflect.Method.invoke(Method.java:498)
	at org.junit.runners.model.FrameworkMethod$1.runReflectiveCall(FrameworkMethod.java:59)
	at org.junit.internal.runners.model.ReflectiveCallable.run(ReflectiveCallable.java:12)
	at org.junit.runners.model.FrameworkMethod.invokeExplosively(FrameworkMethod.java:56)
	at org.junit.internal.runners.statements.InvokeMethod.evaluate(InvokeMethod.java:17)
	at org.junit.internal.runners.statements.RunBefores.evaluate(RunBefores.java:26)
	at org.junit.internal.runners.statements.RunAfters.evaluate(RunAfters.java:27)
	at org.junit.runners.ParentRunner$3.evaluate(ParentRunner.java:306)
	at org.junit.runners.BlockJUnit4ClassRunner$1.evaluate(BlockJUnit4ClassRunner.java:100)
	at org.junit.runners.ParentRunner.runLeaf(ParentRunner.java:366)
	at org.junit.runners.BlockJUnit4ClassRunner.runChild(BlockJUnit4ClassRunner.java:103)
	at org.junit.runners.BlockJUnit4ClassRunner.runChild(BlockJUnit4ClassRunner.java:63)
	at org.junit.runners.ParentRunner$4.run(ParentRunner.java:331)
	at org.junit.runners.ParentRunner$1.schedule(ParentRunner.java:79)
	at org.junit.runners.ParentRunner.runChildren(ParentRunner.java:329)
	at org.junit.runners.ParentRunner.access$100(ParentRunner.java:66)
	at org.junit.runners.ParentRunner$2.evaluate(ParentRunner.java:293)
	at org.junit.internal.runners.statements.RunBefores.evaluate(RunBefores.java:26)
	at org.junit.internal.runners.statements.RunAfters.evaluate(RunAfters.java:27)
	at org.junit.runners.ParentRunner$3.evaluate(ParentRunner.java:306)
	at org.junit.runners.ParentRunner.run(ParentRunner.java:413)
	at org.junit.runners.Suite.runChild(Suite.java:128)
	at org.junit.runners.Suite.runChild(Suite.java:27)
	at org.junit.runners.ParentRunner$4.run(ParentRunner.java:331)
	at org.junit.runners.ParentRunner$1.schedule(ParentRunner.java:79)
	at org.junit.runners.ParentRunner.runChildren(ParentRunner.java:329)
	at org.junit.runners.ParentRunner.access$100(ParentRunner.java:66)
	at org.junit.runners.ParentRunner$2.evaluate(ParentRunner.java:293)
	at org.junit.runners.ParentRunner$3.evaluate(ParentRunner.java:306)
	at org.junit.runners.ParentRunner.run(ParentRunner.java:413)
	at org.junit.runner.JUnitCore.run(JUnitCore.java:137)
	at org.junit.runner.JUnitCore.run(JUnitCore.java:115)
	at edu.illinois.cs.testrunner.execution.JUnitTestExecutor.execute(JUnitTestExecutor.java:246)
	at edu.illinois.cs.testrunner.execution.JUnitTestExecutor.executeWithJUnit4Runner(JUnitTestExecutor.java:315)
	at edu.illinois.cs.testrunner.execution.JUnitTestExecutor.runOrder(JUnitTestExecutor.java:46)
	at edu.illinois.cs.testrunner.execution.Executor$.$anonfun$run$1(Executor.scala:30)
	at scala.runtime.java8.JFunction0$mcV$sp.apply(JFunction0$mcV$sp.java:12)
	at scala.util.Try$.apply(Try.scala:209)
	at edu.illinois.cs.testrunner.execution.Executor$.run(Executor.scala:28)
	at edu.illinois.cs.testrunner.execution.Executor$.main(Executor.scala:18)
	at edu.illinois.cs.testrunner.execution.Executor.main(Executor.scala)
