<?xml version="1.0" encoding="UTF-8"?>
<testsuite xmlns:xsi="http://www.w3.org/2001/XMLSchema-instance" xsi:noNamespaceSchemaLocation="https://maven.apache.org/surefire/maven-surefire-plugin/xsd/surefire-test-report-3.0.xsd" version="3.0" name="org.apache.nifi.security.util.scrypt.ScryptGroovyTest" time="0.551" tests="16" errors="0" skipped="2" failures="0">
  <properties>
    <property name="sun.desktop" value="gnome"/>
    <property name="awt.toolkit" value="sun.awt.X11.XToolkit"/>
    <property name="file.encoding.pkg" value="sun.io"/>
    <property name="java.specification.version" value="1.8"/>
    <property name="sun.cpu.isalist" value=""/>
    <property name="sun.jnu.encoding" value="UTF-8"/>
    <property name="java.class.path" value="/home/alex/Repositories/nifi/nifi-commons/nifi-security-utils/target/test-classes:/home/alex/Repositories/nifi/nifi-commons/nifi-security-utils/target/classes:/home/alex/Repositories/nifi/nifi-api/target/classes:/home/alex/Repositories/nifi/nifi-commons/nifi-utils/target/classes:/home/alex/Repositories/nifi/nifi-commons/nifi-security-utils-api/target/classes:/home/alex/Repositories/nifi/nifi-commons/nifi-security-kms/target/classes:/home/alex/.m2/repository/org/apache/commons/commons-lang3/3.12.0/commons-lang3-3.12.0.jar:/home/alex/.m2/repository/commons-codec/commons-codec/1.14/commons-codec-1.14.jar:/home/alex/.m2/repository/org/bouncycastle/bcprov-jdk15on/1.69/bcprov-jdk15on-1.69.jar:/home/alex/.m2/repository/org/bouncycastle/bcpkix-jdk15on/1.69/bcpkix-jdk15on-1.69.jar:/home/alex/.m2/repository/org/bouncycastle/bcutil-jdk15on/1.69/bcutil-jdk15on-1.69.jar:/home/alex/Repositories/nifi/nifi-commons/nifi-properties/target/classes:/home/alex/Repositories/nifi/nifi-commons/nifi-property-utils/target/classes:/home/alex/.m2/repository/at/favre/lib/bcrypt/0.9.0/bcrypt-0.9.0.jar:/home/alex/.m2/repository/at/favre/lib/bytes/1.3.0/bytes-1.3.0.jar:/home/alex/.m2/repository/org/apache/commons/commons-configuration2/2.7/commons-configuration2-2.7.jar:/home/alex/.m2/repository/org/apache/commons/commons-text/1.8/commons-text-1.8.jar:/home/alex/.m2/repository/org/slf4j/jcl-over-slf4j/1.7.32/jcl-over-slf4j-1.7.32.jar:/home/alex/.m2/repository/org/slf4j/slf4j-api/1.7.32/slf4j-api-1.7.32.jar:/home/alex/.m2/repository/org/junit/jupiter/junit-jupiter-api/5.7.2/junit-jupiter-api-5.7.2.jar:/home/alex/.m2/repository/org/apiguardian/apiguardian-api/1.1.0/apiguardian-api-1.1.0.jar:/home/alex/.m2/repository/org/opentest4j/opentest4j/1.2.0/opentest4j-1.2.0.jar:/home/alex/.m2/repository/org/junit/platform/junit-platform-commons/1.7.2/junit-platform-commons-1.7.2.jar:/home/alex/.m2/repository/org/junit/jupiter/junit-jupiter-engine/5.7.2/junit-jupiter-engine-5.7.2.jar:/home/alex/.m2/repository/org/junit/platform/junit-platform-engine/1.7.2/junit-platform-engine-1.7.2.jar:/home/alex/.m2/repository/org/junit/vintage/junit-vintage-engine/5.7.2/junit-vintage-engine-5.7.2.jar:/home/alex/.m2/repository/junit/junit/4.13.2/junit-4.13.2.jar:/home/alex/.m2/repository/org/hamcrest/hamcrest-core/1.3/hamcrest-core-1.3.jar:/home/alex/.m2/repository/org/junit/jupiter/junit-jupiter-params/5.7.2/junit-jupiter-params-5.7.2.jar:/home/alex/.m2/repository/org/mockito/mockito-core/3.11.2/mockito-core-3.11.2.jar:/home/alex/.m2/repository/net/bytebuddy/byte-buddy/1.11.3/byte-buddy-1.11.3.jar:/home/alex/.m2/repository/net/bytebuddy/byte-buddy-agent/1.11.3/byte-buddy-agent-1.11.3.jar:/home/alex/.m2/repository/org/objenesis/objenesis/3.2/objenesis-3.2.jar:/home/alex/.m2/repository/org/mockito/mockito-junit-jupiter/3.11.2/mockito-junit-jupiter-3.11.2.jar:/home/alex/.m2/repository/org/slf4j/slf4j-simple/1.7.32/slf4j-simple-1.7.32.jar:/home/alex/.m2/repository/org/codehaus/groovy/groovy-test/2.5.14/groovy-test-2.5.14.jar:/home/alex/.m2/repository/org/codehaus/groovy/groovy/2.5.14/groovy-2.5.14.jar:"/>
    <property name="java.vm.vendor" value="Private Build"/>
    <property name="sun.arch.data.model" value="64"/>
    <property name="java.vendor.url" value="http://java.oracle.com/"/>
    <property name="user.timezone" value=""/>
    <property name="java.vm.specification.version" value="1.8"/>
    <property name="os.name" value="Linux"/>
    <property name="user.country" value="US"/>
    <property name="sun.java.launcher" value="SUN_STANDARD"/>
    <property name="sun.boot.library.path" value="/usr/lib/jvm/java-8-openjdk-amd64/jre/lib/amd64"/>
    <property name="sun.java.command" value="/home/alex/Repositories/nifi/nifi-commons/nifi-security-utils/target/surefire/surefirebooter2484183974892880044.jar /home/alex/Repositories/nifi/nifi-commons/nifi-security-utils/target/surefire 2024-05-02T01-23-45_285-jvmRun1 surefire3200246400180549808tmp surefire_63750338899853254368tmp"/>
    <property name="surefire.test.class.path" value="/home/alex/Repositories/nifi/nifi-commons/nifi-security-utils/target/test-classes:/home/alex/Repositories/nifi/nifi-commons/nifi-security-utils/target/classes:/home/alex/Repositories/nifi/nifi-api/target/classes:/home/alex/Repositories/nifi/nifi-commons/nifi-utils/target/classes:/home/alex/Repositories/nifi/nifi-commons/nifi-security-utils-api/target/classes:/home/alex/Repositories/nifi/nifi-commons/nifi-security-kms/target/classes:/home/alex/.m2/repository/org/apache/commons/commons-lang3/3.12.0/commons-lang3-3.12.0.jar:/home/alex/.m2/repository/commons-codec/commons-codec/1.14/commons-codec-1.14.jar:/home/alex/.m2/repository/org/bouncycastle/bcprov-jdk15on/1.69/bcprov-jdk15on-1.69.jar:/home/alex/.m2/repository/org/bouncycastle/bcpkix-jdk15on/1.69/bcpkix-jdk15on-1.69.jar:/home/alex/.m2/repository/org/bouncycastle/bcutil-jdk15on/1.69/bcutil-jdk15on-1.69.jar:/home/alex/Repositories/nifi/nifi-commons/nifi-properties/target/classes:/home/alex/Repositories/nifi/nifi-commons/nifi-property-utils/target/classes:/home/alex/.m2/repository/at/favre/lib/bcrypt/0.9.0/bcrypt-0.9.0.jar:/home/alex/.m2/repository/at/favre/lib/bytes/1.3.0/bytes-1.3.0.jar:/home/alex/.m2/repository/org/apache/commons/commons-configuration2/2.7/commons-configuration2-2.7.jar:/home/alex/.m2/repository/org/apache/commons/commons-text/1.8/commons-text-1.8.jar:/home/alex/.m2/repository/org/slf4j/jcl-over-slf4j/1.7.32/jcl-over-slf4j-1.7.32.jar:/home/alex/.m2/repository/org/slf4j/slf4j-api/1.7.32/slf4j-api-1.7.32.jar:/home/alex/.m2/repository/org/junit/jupiter/junit-jupiter-api/5.7.2/junit-jupiter-api-5.7.2.jar:/home/alex/.m2/repository/org/apiguardian/apiguardian-api/1.1.0/apiguardian-api-1.1.0.jar:/home/alex/.m2/repository/org/opentest4j/opentest4j/1.2.0/opentest4j-1.2.0.jar:/home/alex/.m2/repository/org/junit/platform/junit-platform-commons/1.7.2/junit-platform-commons-1.7.2.jar:/home/alex/.m2/repository/org/junit/jupiter/junit-jupiter-engine/5.7.2/junit-jupiter-engine-5.7.2.jar:/home/alex/.m2/repository/org/junit/platform/junit-platform-engine/1.7.2/junit-platform-engine-1.7.2.jar:/home/alex/.m2/repository/org/junit/vintage/junit-vintage-engine/5.7.2/junit-vintage-engine-5.7.2.jar:/home/alex/.m2/repository/junit/junit/4.13.2/junit-4.13.2.jar:/home/alex/.m2/repository/org/hamcrest/hamcrest-core/1.3/hamcrest-core-1.3.jar:/home/alex/.m2/repository/org/junit/jupiter/junit-jupiter-params/5.7.2/junit-jupiter-params-5.7.2.jar:/home/alex/.m2/repository/org/mockito/mockito-core/3.11.2/mockito-core-3.11.2.jar:/home/alex/.m2/repository/net/bytebuddy/byte-buddy/1.11.3/byte-buddy-1.11.3.jar:/home/alex/.m2/repository/net/bytebuddy/byte-buddy-agent/1.11.3/byte-buddy-agent-1.11.3.jar:/home/alex/.m2/repository/org/objenesis/objenesis/3.2/objenesis-3.2.jar:/home/alex/.m2/repository/org/mockito/mockito-junit-jupiter/3.11.2/mockito-junit-jupiter-3.11.2.jar:/home/alex/.m2/repository/org/slf4j/slf4j-simple/1.7.32/slf4j-simple-1.7.32.jar:/home/alex/.m2/repository/org/codehaus/groovy/groovy-test/2.5.14/groovy-test-2.5.14.jar:/home/alex/.m2/repository/org/codehaus/groovy/groovy/2.5.14/groovy-2.5.14.jar:"/>
    <property name="sun.cpu.endian" value="little"/>
    <property name="user.home" value="/home/alex"/>
    <property name="user.language" value="en"/>
    <property name="java.specification.vendor" value="Oracle Corporation"/>
    <property name="java.home" value="/usr/lib/jvm/java-8-openjdk-amd64/jre"/>
    <property name="basedir" value="/home/alex/Repositories/nifi/nifi-commons/nifi-security-utils"/>
    <property name="file.separator" value="/"/>
    <property name="line.separator" value="&#10;"/>
    <property name="java.vm.specification.vendor" value="Oracle Corporation"/>
    <property name="java.specification.name" value="Java Platform API Specification"/>
    <property name="java.awt.graphicsenv" value="sun.awt.X11GraphicsEnvironment"/>
    <property name="java.awt.headless" value="true"/>
    <property name="surefire.real.class.path" value="/home/alex/Repositories/nifi/nifi-commons/nifi-security-utils/target/surefire/surefirebooter2484183974892880044.jar"/>
    <property name="sun.boot.class.path" value="/usr/lib/jvm/java-8-openjdk-amd64/jre/lib/resources.jar:/usr/lib/jvm/java-8-openjdk-amd64/jre/lib/rt.jar:/usr/lib/jvm/java-8-openjdk-amd64/jre/lib/sunrsasign.jar:/usr/lib/jvm/java-8-openjdk-amd64/jre/lib/jsse.jar:/usr/lib/jvm/java-8-openjdk-amd64/jre/lib/jce.jar:/usr/lib/jvm/java-8-openjdk-amd64/jre/lib/charsets.jar:/usr/lib/jvm/java-8-openjdk-amd64/jre/lib/jfr.jar:/usr/lib/jvm/java-8-openjdk-amd64/jre/classes"/>
    <property name="sun.management.compiler" value="HotSpot 64-Bit Tiered Compilers"/>
    <property name="java.runtime.version" value="1.8.0_402-8u402-ga-2ubuntu1~22.04-b06"/>
    <property name="java.net.preferIPv4Stack" value="true"/>
    <property name="user.name" value="alex"/>
    <property name="path.separator" value=":"/>
    <property name="os.version" value="6.5.0-28-generic"/>
    <property name="java.endorsed.dirs" value="/usr/lib/jvm/java-8-openjdk-amd64/jre/lib/endorsed"/>
    <property name="java.runtime.name" value="OpenJDK Runtime Environment"/>
    <property name="file.encoding" value="UTF-8"/>
    <property name="java.vm.name" value="OpenJDK 64-Bit Server VM"/>
    <property name="localRepository" value="/home/alex/.m2/repository"/>
    <property name="java.vendor.url.bug" value="http://bugreport.sun.com/bugreport/"/>
    <property name="java.io.tmpdir" value="/tmp"/>
    <property name="java.version" value="1.8.0_402"/>
    <property name="user.dir" value="/home/alex/Repositories/nifi/nifi-commons/nifi-security-utils"/>
    <property name="os.arch" value="amd64"/>
    <property name="java.vm.specification.name" value="Java Virtual Machine Specification"/>
    <property name="java.awt.printerjob" value="sun.print.PSPrinterJob"/>
    <property name="sun.os.patch.level" value="unknown"/>
    <property name="java.library.path" value="/usr/java/packages/lib/amd64:/usr/lib/x86_64-linux-gnu/jni:/lib/x86_64-linux-gnu:/usr/lib/x86_64-linux-gnu:/usr/lib/jni:/lib:/usr/lib"/>
    <property name="java.vm.info" value="mixed mode"/>
    <property name="java.vendor" value="Private Build"/>
    <property name="java.vm.version" value="25.402-b06"/>
    <property name="java.specification.maintenance.version" value="5"/>
    <property name="java.ext.dirs" value="/usr/lib/jvm/java-8-openjdk-amd64/jre/lib/ext:/usr/java/packages/lib/ext"/>
    <property name="sun.io.unicode.encoding" value="UnicodeLittle"/>
    <property name="java.class.version" value="52.0"/>
  </properties>
  <testcase name="testScryptShouldAcceptValidR" classname="org.apache.nifi.security.util.scrypt.ScryptGroovyTest" time="0.005">
    <system-err><![CDATA[[main] INFO org.apache.nifi.security.util.scrypt.ScryptGroovyTest - Using r: 0
[main] INFO org.apache.nifi.security.util.scrypt.ScryptGroovyTest - Using r: 16384
]]></system-err>
  </testcase>
  <testcase name="testScryptShouldNotAcceptInvalidN" classname="org.apache.nifi.security.util.scrypt.ScryptGroovyTest" time="0.002">
    <system-err><![CDATA[[main] INFO org.apache.nifi.security.util.scrypt.ScryptGroovyTest - Using N: -2
[main] INFO org.apache.nifi.security.util.scrypt.ScryptGroovyTest - Using N: 0
[main] INFO org.apache.nifi.security.util.scrypt.ScryptGroovyTest - Using N: 1
[main] INFO org.apache.nifi.security.util.scrypt.ScryptGroovyTest - Using N: 3
[main] INFO org.apache.nifi.security.util.scrypt.ScryptGroovyTest - Using N: 4095
[main] INFO org.apache.nifi.security.util.scrypt.ScryptGroovyTest - Using N: 16777215
]]></system-err>
  </testcase>
  <testcase name="testScryptShouldNotAcceptInvalidP" classname="org.apache.nifi.security.util.scrypt.ScryptGroovyTest" time="0.002">
    <system-err><![CDATA[[main] INFO org.apache.nifi.security.util.scrypt.ScryptGroovyTest - Using p: 0
[main] INFO org.apache.nifi.security.util.scrypt.ScryptGroovyTest - Using p: 16777216
]]></system-err>
  </testcase>
  <testcase name="testCheckShouldNotAcceptInvalidHash" classname="org.apache.nifi.security.util.scrypt.ScryptGroovyTest" time="0.002">
    <system-err><![CDATA[[main] INFO org.apache.nifi.security.util.scrypt.ScryptGroovyTest - Using hash: 
[main] INFO org.apache.nifi.security.util.scrypt.ScryptGroovyTest - [EXPECTED] java.lang.IllegalArgumentException: Hash cannot be empty
[main] INFO org.apache.nifi.security.util.scrypt.ScryptGroovyTest - Using hash: null
[main] INFO org.apache.nifi.security.util.scrypt.ScryptGroovyTest - [EXPECTED] java.lang.IllegalArgumentException: Hash cannot be empty
[main] INFO org.apache.nifi.security.util.scrypt.ScryptGroovyTest - Using hash: $s0$a0801$
[main] INFO org.apache.nifi.security.util.scrypt.ScryptGroovyTest - [EXPECTED] java.lang.IllegalArgumentException: Hash is not properly formatted
[main] INFO org.apache.nifi.security.util.scrypt.ScryptGroovyTest - Using hash: $s0$a0801$abcdefghijklmnopqrstuv$
[main] INFO org.apache.nifi.security.util.scrypt.ScryptGroovyTest - [EXPECTED] java.lang.IllegalArgumentException: Hash is not properly formatted
]]></system-err>
  </testcase>
  <testcase name="testShouldCauseOutOfMemoryError" classname="org.apache.nifi.security.util.scrypt.ScryptGroovyTest" time="0">
    <skipped message="System property [nifi.test.unstable] does not exist"/>
  </testcase>
  <testcase name="testScryptShouldBeInternallyConsistent" classname="org.apache.nifi.security.util.scrypt.ScryptGroovyTest" time="0.003">
    <system-err><![CDATA[[main] INFO org.apache.nifi.security.util.scrypt.ScryptGroovyTest - Running with 'shortPassword', '0123456789ABCDEFFEDCBA9876543210', 16, 1, 1
[main] INFO org.apache.nifi.security.util.scrypt.ScryptGroovyTest - Hash: $s0$40101$ASNFZ4mrze/+3LqYdlQyEA$iYbQzaeBmgMbyQOnjpTvJg
[main] INFO org.apache.nifi.security.util.scrypt.ScryptGroovyTest - Hash: $s0$40101$ASNFZ4mrze/+3LqYdlQyEA$iYbQzaeBmgMbyQOnjpTvJg
[main] INFO org.apache.nifi.security.util.scrypt.ScryptGroovyTest - Hash: $s0$40101$ASNFZ4mrze/+3LqYdlQyEA$iYbQzaeBmgMbyQOnjpTvJg
[main] INFO org.apache.nifi.security.util.scrypt.ScryptGroovyTest - Hash: $s0$40101$ASNFZ4mrze/+3LqYdlQyEA$iYbQzaeBmgMbyQOnjpTvJg
[main] INFO org.apache.nifi.security.util.scrypt.ScryptGroovyTest - Hash: $s0$40101$ASNFZ4mrze/+3LqYdlQyEA$iYbQzaeBmgMbyQOnjpTvJg
[main] INFO org.apache.nifi.security.util.scrypt.ScryptGroovyTest - Hash: $s0$40101$ASNFZ4mrze/+3LqYdlQyEA$iYbQzaeBmgMbyQOnjpTvJg
[main] INFO org.apache.nifi.security.util.scrypt.ScryptGroovyTest - Hash: $s0$40101$ASNFZ4mrze/+3LqYdlQyEA$iYbQzaeBmgMbyQOnjpTvJg
[main] INFO org.apache.nifi.security.util.scrypt.ScryptGroovyTest - Hash: $s0$40101$ASNFZ4mrze/+3LqYdlQyEA$iYbQzaeBmgMbyQOnjpTvJg
[main] INFO org.apache.nifi.security.util.scrypt.ScryptGroovyTest - Hash: $s0$40101$ASNFZ4mrze/+3LqYdlQyEA$iYbQzaeBmgMbyQOnjpTvJg
[main] INFO org.apache.nifi.security.util.scrypt.ScryptGroovyTest - Hash: $s0$40101$ASNFZ4mrze/+3LqYdlQyEA$iYbQzaeBmgMbyQOnjpTvJg
]]></system-err>
  </testcase>
  <testcase name="testCheckShouldNotAcceptInvalidPassword" classname="org.apache.nifi.security.util.scrypt.ScryptGroovyTest" time="0.002">
    <system-err><![CDATA[[main] INFO org.apache.nifi.security.util.scrypt.ScryptGroovyTest - Using password: 
[main] INFO org.apache.nifi.security.util.scrypt.ScryptGroovyTest - [EXPECTED] java.lang.IllegalArgumentException: Password cannot be empty
[main] INFO org.apache.nifi.security.util.scrypt.ScryptGroovyTest - Using password: null
[main] INFO org.apache.nifi.security.util.scrypt.ScryptGroovyTest - [EXPECTED] java.lang.IllegalArgumentException: Password cannot be empty
]]></system-err>
  </testcase>
  <testcase name="testScryptShouldGenerateValidSaltIfMissing" classname="org.apache.nifi.security.util.scrypt.ScryptGroovyTest" time="0.001">
    <system-err><![CDATA[[main] INFO org.apache.nifi.security.util.scrypt.ScryptGroovyTest - Generated $s0$40101$gvCBCZ0GcJ0y2OCuSu9rew$21+Ekp6HlyRyXihZWrLq5w
]]></system-err>
  </testcase>
  <testcase name="testCheckShouldNotValidateIncorrectPassword" classname="org.apache.nifi.security.util.scrypt.ScryptGroovyTest" time="0.001">
    <system-err><![CDATA[[main] INFO org.apache.nifi.security.util.scrypt.ScryptGroovyTest - Password: thisIsABadPassword -> Hash: $s0$40101$ST+Fkyty9E1nHmgH8YYUOQ$FVj4/ziGqoGs60+7NuRSEg
[main] INFO org.apache.nifi.security.util.scrypt.ScryptGroovyTest - Check matches: false
]]></system-err>
  </testcase>
  <testcase name="testDeriveScryptKeyShouldSupportExternalCompatibility" classname="org.apache.nifi.security.util.scrypt.ScryptGroovyTest" time="0.271">
    <system-err><![CDATA[[main] INFO org.apache.nifi.security.util.scrypt.ScryptGroovyTest - Running with 'thisIsABadPassword', f5b8056ea6e66edb8d013ac432aba24a, 1024, 8, 36, 128
[main] INFO org.apache.nifi.security.util.scrypt.ScryptGroovyTest - Expected memory usage: (128 * r * N + 128 * r * p) 1085440 bytes
[main] INFO org.apache.nifi.security.util.scrypt.ScryptGroovyTest -  Expected a8efbc0a709d3f89b6bb35b05fc8edf5
[main] INFO org.apache.nifi.security.util.scrypt.ScryptGroovyTest - Generated a8efbc0a709d3f89b6bb35b05fc8edf5
]]></system-err>
  </testcase>
  <testcase name="testDeriveScryptKeyShouldMatchTestVectors" classname="org.apache.nifi.security.util.scrypt.ScryptGroovyTest" time="0.242">
    <system-err><![CDATA[[main] INFO org.apache.nifi.security.util.scrypt.ScryptGroovyTest - Running with 'password', 'NaCl', 1024, 8, 16, 512
[main] INFO org.apache.nifi.security.util.scrypt.ScryptGroovyTest - Expected memory usage: (128 * r * N + 128 * r * p) 1064960 bytes
[main] INFO org.apache.nifi.security.util.scrypt.ScryptGroovyTest -  Expected fdbabe1c9d3472007856e7190d01e9fe7c6ad7cbc8237830e77376634b3731622eaf30d92e22a3886ff109279d9830dac727afb94a83ee6d8360cbdfa2cc0640
[main] WARN org.apache.nifi.security.util.crypto.scrypt.Scrypt - A salt of length 4 was used for scrypt key derivation
[main] INFO org.apache.nifi.security.util.scrypt.ScryptGroovyTest - Generated fdbabe1c9d3472007856e7190d01e9fe7c6ad7cbc8237830e77376634b3731622eaf30d92e22a3886ff109279d9830dac727afb94a83ee6d8360cbdfa2cc0640
[main] INFO org.apache.nifi.security.util.scrypt.ScryptGroovyTest - Running with 'pleaseletmein', 'SodiumChloride', 16384, 8, 1, 512
[main] INFO org.apache.nifi.security.util.scrypt.ScryptGroovyTest - Expected memory usage: (128 * r * N + 128 * r * p) 16778240 bytes
[main] INFO org.apache.nifi.security.util.scrypt.ScryptGroovyTest -  Expected 7023bdcb3afd7348461c06cd81fd38ebfda8fbba904f8e3ea9b543f6545da1f2d5432955613f0fcf62d49705242a9af9e61e85dc0d651e40dfcf017b45575887
[main] INFO org.apache.nifi.security.util.scrypt.ScryptGroovyTest - Generated 7023bdcb3afd7348461c06cd81fd38ebfda8fbba904f8e3ea9b543f6545da1f2d5432955613f0fcf62d49705242a9af9e61e85dc0d651e40dfcf017b45575887
]]></system-err>
  </testcase>
  <testcase name="testDeriveScryptKeyShouldMatchExpensiveTestVector" classname="org.apache.nifi.security.util.scrypt.ScryptGroovyTest" time="0">
    <skipped type="org.opentest4j.TestAbortedException"><![CDATA[org.opentest4j.TestAbortedException: Assumption failed: Test is being skipped due to JVM heap size. Please run with -Xmx3072m to set sufficient heap size
	at org.apache.nifi.security.util.scrypt.ScryptGroovyTest.testDeriveScryptKeyShouldMatchExpensiveTestVector(ScryptGroovyTest.groovy:140)
]]></skipped>
    <system-err><![CDATA[[main] INFO org.apache.nifi.security.util.scrypt.ScryptGroovyTest - Required memory: 2147483648 bytes
[main] INFO org.apache.nifi.security.util.scrypt.ScryptGroovyTest - Max heap memory: 447217664 bytes
]]></system-err>
  </testcase>
  <testcase name="testDeriveScryptKeyShouldBeInternallyConsistent" classname="org.apache.nifi.security.util.scrypt.ScryptGroovyTest" time="0.003">
    <system-err><![CDATA[[main] INFO org.apache.nifi.security.util.scrypt.ScryptGroovyTest - Running with 'shortPassword', '0123456789ABCDEFFEDCBA9876543210', 16, 1, 1, 128
[main] INFO org.apache.nifi.security.util.scrypt.ScryptGroovyTest - Derived key: 8986d0cda7819a031bc903a78e94ef26
[main] INFO org.apache.nifi.security.util.scrypt.ScryptGroovyTest - Derived key: 8986d0cda7819a031bc903a78e94ef26
[main] INFO org.apache.nifi.security.util.scrypt.ScryptGroovyTest - Derived key: 8986d0cda7819a031bc903a78e94ef26
[main] INFO org.apache.nifi.security.util.scrypt.ScryptGroovyTest - Derived key: 8986d0cda7819a031bc903a78e94ef26
[main] INFO org.apache.nifi.security.util.scrypt.ScryptGroovyTest - Derived key: 8986d0cda7819a031bc903a78e94ef26
[main] INFO org.apache.nifi.security.util.scrypt.ScryptGroovyTest - Derived key: 8986d0cda7819a031bc903a78e94ef26
[main] INFO org.apache.nifi.security.util.scrypt.ScryptGroovyTest - Derived key: 8986d0cda7819a031bc903a78e94ef26
[main] INFO org.apache.nifi.security.util.scrypt.ScryptGroovyTest - Derived key: 8986d0cda7819a031bc903a78e94ef26
[main] INFO org.apache.nifi.security.util.scrypt.ScryptGroovyTest - Derived key: 8986d0cda7819a031bc903a78e94ef26
[main] INFO org.apache.nifi.security.util.scrypt.ScryptGroovyTest - Derived key: 8986d0cda7819a031bc903a78e94ef26
]]></system-err>
  </testcase>
  <testcase name="testVerifyHashFormatShouldDetectInvalidHash" classname="org.apache.nifi.security.util.scrypt.ScryptGroovyTest" time="0.002">
    <system-err><![CDATA[[main] INFO org.apache.nifi.security.util.scrypt.ScryptGroovyTest - Using hash: 
[main] INFO org.apache.nifi.security.util.scrypt.ScryptGroovyTest - Hash is valid: false
[main] INFO org.apache.nifi.security.util.scrypt.ScryptGroovyTest - Using hash: null
[main] INFO org.apache.nifi.security.util.scrypt.ScryptGroovyTest - Hash is valid: false
[main] INFO org.apache.nifi.security.util.scrypt.ScryptGroovyTest - Using hash: $s0$a0801$
[main] INFO org.apache.nifi.security.util.scrypt.ScryptGroovyTest - Hash is valid: false
[main] INFO org.apache.nifi.security.util.scrypt.ScryptGroovyTest - Using hash: $s0$a0801$abcdefghijklmnopqrstuv$
[main] INFO org.apache.nifi.security.util.scrypt.ScryptGroovyTest - Hash is valid: false
]]></system-err>
  </testcase>
  <testcase name="testCheckShouldValidateCorrectPassword" classname="org.apache.nifi.security.util.scrypt.ScryptGroovyTest" time="0">
    <system-err><![CDATA[[main] INFO org.apache.nifi.security.util.scrypt.ScryptGroovyTest - Password: thisIsABadPassword -> Hash: $s0$40101$p3PO0PtmTbLqZgBRzAidvQ$3Eb0786vzMsW8geJfwN0Fg
[main] INFO org.apache.nifi.security.util.scrypt.ScryptGroovyTest - Check matches: true
]]></system-err>
  </testcase>
  <testcase name="testVerifyHashFormatShouldDetectValidHash" classname="org.apache.nifi.security.util.scrypt.ScryptGroovyTest" time="0.002">
    <system-err><![CDATA[[main] INFO org.apache.nifi.security.util.scrypt.ScryptGroovyTest - Using hash: $s0$40801$AAAAAAAAAAAAAAAAAAAAAA$gLSh7ChbHdOIMvZ74XGjV6qF65d9qvQ8n75FeGnM8YM
[main] INFO org.apache.nifi.security.util.scrypt.ScryptGroovyTest - Hash is valid: true
[main] INFO org.apache.nifi.security.util.scrypt.ScryptGroovyTest - Using hash: $s0$40801$ABCDEFGHIJKLMNOPQRSTUQ$hxU5g0eH6sRkBqcsiApI8jxvKRT+2QMCenV0GToiMQ8
[main] INFO org.apache.nifi.security.util.scrypt.ScryptGroovyTest - Hash is valid: true
[main] INFO org.apache.nifi.security.util.scrypt.ScryptGroovyTest - Using hash: $s0$40801$eO+UUcKYL2gnpD51QCc+gnywQ7Eg9tZeLMlf0XXr2zc$99aTTB39TJo69aZCONQmRdyWOgYsDi+1MI+8D0EgMNM
[main] INFO org.apache.nifi.security.util.scrypt.ScryptGroovyTest - Hash is valid: true
[main] INFO org.apache.nifi.security.util.scrypt.ScryptGroovyTest - Using hash: $s0$40801$AAAAAAAAAAAAAAAAAAAAAA$Gk7K9YmlsWbd8FS7e4RKVWnkg9vlsqYnlD593pJ71gg
[main] INFO org.apache.nifi.security.util.scrypt.ScryptGroovyTest - Hash is valid: true
[main] INFO org.apache.nifi.security.util.scrypt.ScryptGroovyTest - Using hash: $s0$40801$ABCDEFGHIJKLMNOPQRSTUQ$Ri78VZbrp2cCVmGh2a9Nbfdov8LPnFb49MYyzPCaXmE
[main] INFO org.apache.nifi.security.util.scrypt.ScryptGroovyTest - Hash is valid: true
[main] INFO org.apache.nifi.security.util.scrypt.ScryptGroovyTest - Using hash: $s0$40801$eO+UUcKYL2gnpD51QCc+gnywQ7Eg9tZeLMlf0XXr2zc$rZIrP2qdIY7LN4CZAMgbCzl3YhXz6WhaNyXJXqFIjaI
[main] INFO org.apache.nifi.security.util.scrypt.ScryptGroovyTest - Hash is valid: true
[main] INFO org.apache.nifi.security.util.scrypt.ScryptGroovyTest - Using hash: $s0$40801$AAAAAAAAAAAAAAAAAAAAAA$GxH68bGykmPDZ6gaPIGOONOT2omlZ7cd0xlcZ9UsY/0
[main] INFO org.apache.nifi.security.util.scrypt.ScryptGroovyTest - Hash is valid: true
[main] INFO org.apache.nifi.security.util.scrypt.ScryptGroovyTest - Using hash: $s0$40801$ABCDEFGHIJKLMNOPQRSTUQ$KLGZjWlo59sbCbtmTg5b4k0Nu+biWZRRzhPhN7K5kkI
[main] INFO org.apache.nifi.security.util.scrypt.ScryptGroovyTest - Hash is valid: true
[main] INFO org.apache.nifi.security.util.scrypt.ScryptGroovyTest - Using hash: $s0$40801$eO+UUcKYL2gnpD51QCc+gnywQ7Eg9tZeLMlf0XXr2zc$6Ql6Efd2ac44ERoV31CL3Q0J3LffNZKN4elyMHux99Y
[main] INFO org.apache.nifi.security.util.scrypt.ScryptGroovyTest - Hash is valid: true
[main] INFO org.apache.nifi.security.util.scrypt.ScryptGroovyTest - Using hash: $s0$F0801$AAAAAAAAAAA$A
[main] INFO org.apache.nifi.security.util.scrypt.ScryptGroovyTest - Hash is valid: true
[main] INFO org.apache.nifi.security.util.scrypt.ScryptGroovyTest - Using hash: $s0$40801$ABCDEFGHIJKLMNOPABCDEFGHIJKLMNOPABCDEFGHIJKLMNOPABCDEFGHIJKLMNOP$A
[main] INFO org.apache.nifi.security.util.scrypt.ScryptGroovyTest - Hash is valid: true
[main] INFO org.apache.nifi.security.util.scrypt.ScryptGroovyTest - Using hash: $s0$40801$ABCDEFGHIJKLMNOPABCDEFGHIJKLMNOPABCDEFGHIJKLMNOPABCDEFGHIJKLMNOP$ABCDEFGHIJKLMNOPABCDEFGHIJKLMNOPABCDEFGHIJKLMNOPABCDEFGHIJKLMNOP
[main] INFO org.apache.nifi.security.util.scrypt.ScryptGroovyTest - Hash is valid: true
[main] INFO org.apache.nifi.security.util.scrypt.ScryptGroovyTest - Using hash: $s0$40801$ABCDEFGHIJKLMNOPABCDEFGHIJKLMNOPABCDEFGHIJKLMNOPABCDEFGHIJKLMNOP$ABCDEFGHIJKLMNOPABCDEFGHIJKLMNOPABCDEFGHIJKLMNOPABCDEFGHIJKLMNOPABCDEFGHIJKLMNOPABCDEFGHIJKLMNOPABCDEFGHIJKLMNOPABCDEFGHIJKLMNOP
[main] INFO org.apache.nifi.security.util.scrypt.ScryptGroovyTest - Hash is valid: true
[main] INFO org.apache.nifi.security.util.scrypt.ScryptGroovyTest - Using hash: $s0$F0801$AAAAAAAAAAA$A
[main] INFO org.apache.nifi.security.util.scrypt.ScryptGroovyTest - Hash is valid: true
[main] INFO org.apache.nifi.security.util.scrypt.ScryptGroovyTest - Using hash: $s0$F0801$AAAAAAAAAAA$A
[main] INFO org.apache.nifi.security.util.scrypt.ScryptGroovyTest - Hash is valid: true
[main] INFO org.apache.nifi.security.util.scrypt.ScryptGroovyTest - Using hash: $s0$F0801$AAAAAAAAAAA$A
[main] INFO org.apache.nifi.security.util.scrypt.ScryptGroovyTest - Hash is valid: true
[main] INFO org.apache.nifi.security.util.scrypt.ScryptGroovyTest - Using hash: $s0$F0801$AAAAAAAAAAA$A
[main] INFO org.apache.nifi.security.util.scrypt.ScryptGroovyTest - Hash is valid: true
[main] INFO org.apache.nifi.security.util.scrypt.ScryptGroovyTest - Using hash: $s0$F0801$AAAAAAAAAAA$A
[main] INFO org.apache.nifi.security.util.scrypt.ScryptGroovyTest - Hash is valid: true
]]></system-err>
  </testcase>
</testsuite>