-------------------------------------------------------------------------------
Test set: org.apache.hadoop.hive.metastore.TestObjectStore
-------------------------------------------------------------------------------
Tests run: 33, Failures: 1, Errors: 0, Skipped: 2, Time elapsed: 155.641 s <<< FAILURE! - in org.apache.hadoop.hive.metastore.TestObjectStore
org.apache.hadoop.hive.metastore.TestObjectStore.testTableOps  Time elapsed: 0.928 s  <<< FAILURE!
java.lang.AssertionError: expected:<1> but was:<0>
	at org.apache.hadoop.hive.metastore.TestObjectStore.testTableOps(TestObjectStore.java:299)

