-------------------------------------------------------------------------------
Test set: org.apache.hive.hcatalog.pig.TestAvroHCatStorer
-------------------------------------------------------------------------------
Tests run: 29, Failures: 2, Errors: 4, Skipped: 5, Time elapsed: 41.766 s <<< FAILURE! - in org.apache.hive.hcatalog.pig.TestAvroHCatStorer
org.apache.hive.hcatalog.pig.TestAvroHCatStorer.testStoreInPartiitonedTbl  Time elapsed: 1.236 s  <<< FAILURE!
java.lang.AssertionError: expected:<1> but was:<2>
	at org.junit.Assert.fail(Assert.java:89)
	at org.junit.Assert.failNotEquals(Assert.java:835)
	at org.junit.Assert.assertEquals(Assert.java:647)
	at org.junit.Assert.assertEquals(Assert.java:633)
	at org.apache.hive.hcatalog.pig.AbstractHCatStorerTest.testStoreInPartiitonedTbl(AbstractHCatStorerTest.java:535)
	at sun.reflect.NativeMethodAccessorImpl.invoke0(Native Method)
	at sun.reflect.NativeMethodAccessorImpl.invoke(NativeMethodAccessorImpl.java:62)
	at sun.reflect.DelegatingMethodAccessorImpl.invoke(DelegatingMethodAccessorImpl.java:43)
	at java.lang.reflect.Method.invoke(Method.java:498)
	at org.junit.runners.model.FrameworkMethod$1.runReflectiveCall(FrameworkMethod.java:59)
	at org.junit.internal.runners.model.ReflectiveCallable.run(ReflectiveCallable.java:12)
	at org.junit.runners.model.FrameworkMethod.invokeExplosively(FrameworkMethod.java:56)
	at org.junit.internal.runners.statements.InvokeMethod.evaluate(InvokeMethod.java:17)
	at org.junit.internal.runners.statements.RunBefores.evaluate(RunBefores.java:26)
	at org.junit.runners.ParentRunner$3.evaluate(ParentRunner.java:306)
	at org.junit.runners.BlockJUnit4ClassRunner$1.evaluate(BlockJUnit4ClassRunner.java:100)
	at org.junit.runners.ParentRunner.runLeaf(ParentRunner.java:366)
	at org.junit.runners.BlockJUnit4ClassRunner.runChild(BlockJUnit4ClassRunner.java:103)
	at org.junit.runners.BlockJUnit4ClassRunner.runChild(BlockJUnit4ClassRunner.java:63)
	at org.junit.runners.ParentRunner$4.run(ParentRunner.java:331)
	at org.junit.runners.ParentRunner$1.schedule(ParentRunner.java:79)
	at org.junit.runners.ParentRunner.runChildren(ParentRunner.java:329)
	at org.junit.runners.ParentRunner.access$100(ParentRunner.java:66)
	at org.junit.runners.ParentRunner$2.evaluate(ParentRunner.java:293)
	at org.junit.internal.runners.statements.RunBefores.evaluate(RunBefores.java:26)
	at org.junit.runners.ParentRunner$3.evaluate(ParentRunner.java:306)
	at org.junit.runners.ParentRunner.run(ParentRunner.java:413)
	at org.apache.maven.surefire.junit4.JUnit4Provider.execute(JUnit4Provider.java:365)
	at org.apache.maven.surefire.junit4.JUnit4Provider.executeWithRerun(JUnit4Provider.java:273)
	at org.apache.maven.surefire.junit4.JUnit4Provider.executeTestSet(JUnit4Provider.java:238)
	at org.apache.maven.surefire.junit4.JUnit4Provider.invoke(JUnit4Provider.java:159)
	at org.apache.maven.surefire.booter.ForkedBooter.runSuitesInProcess(ForkedBooter.java:377)
	at org.apache.maven.surefire.booter.ForkedBooter.execute(ForkedBooter.java:138)
	at org.apache.maven.surefire.booter.ForkedBooter.run(ForkedBooter.java:465)
	at org.apache.maven.surefire.booter.ForkedBooter.main(ForkedBooter.java:451)

org.apache.hive.hcatalog.pig.TestAvroHCatStorer.testWriteChar  Time elapsed: 0.116 s  <<< ERROR!
(responseCode = 40000, errorMessage = FAILED: Execution Error, return code 40000 from org.apache.hadoop.hive.ql.ddl.DDLTask. org.codehaus.jackson.JsonNode.asInt()I, SQLState = 08S01, exception = org.codehaus.jackson.JsonNode.asInt()I)
	at org.apache.hadoop.hive.ql.DriverUtils.createProcessorException(DriverUtils.java:156)
	at org.apache.hadoop.hive.ql.Executor.handleTaskFailure(Executor.java:403)
	at org.apache.hadoop.hive.ql.Executor.handleFinished(Executor.java:285)
	at org.apache.hadoop.hive.ql.Executor.runTasks(Executor.java:246)
	at org.apache.hadoop.hive.ql.Executor.execute(Executor.java:108)
	at org.apache.hadoop.hive.ql.Driver.execute(Driver.java:348)
	at org.apache.hadoop.hive.ql.Driver.runInternal(Driver.java:204)
	at org.apache.hadoop.hive.ql.Driver.run(Driver.java:153)
	at org.apache.hadoop.hive.ql.Driver.run(Driver.java:148)
	at org.apache.hadoop.hive.ql.reexec.ReExecDriver.run(ReExecDriver.java:164)
	at org.apache.hadoop.hive.ql.reexec.ReExecDriver.run(ReExecDriver.java:230)
	at org.apache.hive.hcatalog.pig.AbstractHCatLoaderTest.executeStatementOnDriver(AbstractHCatLoaderTest.java:151)
	at org.apache.hive.hcatalog.pig.AbstractHCatLoaderTest.createTable(AbstractHCatLoaderTest.java:134)
	at org.apache.hive.hcatalog.pig.AbstractHCatLoaderTest.createTableDefaultDB(AbstractHCatLoaderTest.java:114)
	at org.apache.hive.hcatalog.pig.AbstractHCatStorerTest.pigValueRangeTest(AbstractHCatStorerTest.java:267)
	at org.apache.hive.hcatalog.pig.AbstractHCatStorerTest.pigValueRangeTest(AbstractHCatStorerTest.java:243)
	at org.apache.hive.hcatalog.pig.AbstractHCatStorerTest.testWriteChar(AbstractHCatStorerTest.java:87)
	at sun.reflect.NativeMethodAccessorImpl.invoke0(Native Method)
	at sun.reflect.NativeMethodAccessorImpl.invoke(NativeMethodAccessorImpl.java:62)
	at sun.reflect.DelegatingMethodAccessorImpl.invoke(DelegatingMethodAccessorImpl.java:43)
	at java.lang.reflect.Method.invoke(Method.java:498)
	at org.junit.runners.model.FrameworkMethod$1.runReflectiveCall(FrameworkMethod.java:59)
	at org.junit.internal.runners.model.ReflectiveCallable.run(ReflectiveCallable.java:12)
	at org.junit.runners.model.FrameworkMethod.invokeExplosively(FrameworkMethod.java:56)
	at org.junit.internal.runners.statements.InvokeMethod.evaluate(InvokeMethod.java:17)
	at org.junit.internal.runners.statements.RunBefores.evaluate(RunBefores.java:26)
	at org.junit.runners.ParentRunner$3.evaluate(ParentRunner.java:306)
	at org.junit.runners.BlockJUnit4ClassRunner$1.evaluate(BlockJUnit4ClassRunner.java:100)
	at org.junit.runners.ParentRunner.runLeaf(ParentRunner.java:366)
	at org.junit.runners.BlockJUnit4ClassRunner.runChild(BlockJUnit4ClassRunner.java:103)
	at org.junit.runners.BlockJUnit4ClassRunner.runChild(BlockJUnit4ClassRunner.java:63)
	at org.junit.runners.ParentRunner$4.run(ParentRunner.java:331)
	at org.junit.runners.ParentRunner$1.schedule(ParentRunner.java:79)
	at org.junit.runners.ParentRunner.runChildren(ParentRunner.java:329)
	at org.junit.runners.ParentRunner.access$100(ParentRunner.java:66)
	at org.junit.runners.ParentRunner$2.evaluate(ParentRunner.java:293)
	at org.junit.internal.runners.statements.RunBefores.evaluate(RunBefores.java:26)
	at org.junit.runners.ParentRunner$3.evaluate(ParentRunner.java:306)
	at org.junit.runners.ParentRunner.run(ParentRunner.java:413)
	at org.apache.maven.surefire.junit4.JUnit4Provider.execute(JUnit4Provider.java:365)
	at org.apache.maven.surefire.junit4.JUnit4Provider.executeWithRerun(JUnit4Provider.java:273)
	at org.apache.maven.surefire.junit4.JUnit4Provider.executeTestSet(JUnit4Provider.java:238)
	at org.apache.maven.surefire.junit4.JUnit4Provider.invoke(JUnit4Provider.java:159)
	at org.apache.maven.surefire.booter.ForkedBooter.runSuitesInProcess(ForkedBooter.java:377)
	at org.apache.maven.surefire.booter.ForkedBooter.execute(ForkedBooter.java:138)
	at org.apache.maven.surefire.booter.ForkedBooter.run(ForkedBooter.java:465)
	at org.apache.maven.surefire.booter.ForkedBooter.main(ForkedBooter.java:451)
Caused by: java.lang.NoSuchMethodError: org.codehaus.jackson.JsonNode.asInt()I
	at org.apache.avro.util.internal.JacksonUtils.toObject(JacksonUtils.java:107)
	at org.apache.avro.util.internal.JacksonUtils.toObject(JacksonUtils.java:92)
	at org.apache.avro.JsonProperties.getObjectProp(JsonProperties.java:149)
	at org.apache.hadoop.hive.serde2.avro.AvroSerdeUtils.getIntFromSchema(AvroSerdeUtils.java:326)
	at org.apache.hadoop.hive.serde2.avro.SchemaToTypeInfo.generateTypeInfo(SchemaToTypeInfo.java:159)
	at org.apache.hadoop.hive.serde2.avro.SchemaToTypeInfo.generateTypeInfoWorker(SchemaToTypeInfo.java:205)
	at org.apache.hadoop.hive.serde2.avro.SchemaToTypeInfo.access$000(SchemaToTypeInfo.java:47)
	at org.apache.hadoop.hive.serde2.avro.SchemaToTypeInfo$1.makeInstance(SchemaToTypeInfo.java:120)
	at org.apache.hadoop.hive.serde2.avro.SchemaToTypeInfo$1.makeInstance(SchemaToTypeInfo.java:115)
	at org.apache.hadoop.hive.serde2.avro.InstanceCache.retrieve(InstanceCache.java:63)
	at org.apache.hadoop.hive.serde2.avro.SchemaToTypeInfo.generateTypeInfo(SchemaToTypeInfo.java:187)
	at org.apache.hadoop.hive.serde2.avro.SchemaToTypeInfo.generateColumnTypes(SchemaToTypeInfo.java:109)
	at org.apache.hadoop.hive.serde2.avro.SchemaToTypeInfo.generateColumnTypes(SchemaToTypeInfo.java:88)
	at org.apache.hadoop.hive.serde2.avro.AvroObjectInspectorGenerator.<init>(AvroObjectInspectorGenerator.java:53)
	at org.apache.hadoop.hive.serde2.avro.AvroSerDe.initialize(AvroSerDe.java:139)
	at org.apache.hadoop.hive.metastore.HiveMetaStoreUtils.getDeserializer(HiveMetaStoreUtils.java:95)
	at org.apache.hadoop.hive.metastore.HiveMetaStoreUtils.getDeserializer(HiveMetaStoreUtils.java:78)
	at org.apache.hadoop.hive.ql.metadata.Table.getDeserializerFromMetaStore(Table.java:349)
	at org.apache.hadoop.hive.ql.metadata.Table.getDeserializer(Table.java:331)
	at org.apache.hadoop.hive.ql.metadata.Table.getColsInternal(Table.java:741)
	at org.apache.hadoop.hive.ql.metadata.Table.getCols(Table.java:724)
	at org.apache.hadoop.hive.ql.ddl.table.create.CreateTableDesc.toTable(CreateTableDesc.java:933)
	at org.apache.hadoop.hive.ql.ddl.table.create.CreateTableOperation.execute(CreateTableOperation.java:59)
	at org.apache.hadoop.hive.ql.ddl.DDLTask.execute(DDLTask.java:84)
	at org.apache.hadoop.hive.ql.exec.Task.executeTask(Task.java:212)
	at org.apache.hadoop.hive.ql.exec.TaskRunner.runSequential(TaskRunner.java:105)
	at org.apache.hadoop.hive.ql.Executor.launchTask(Executor.java:361)
	at org.apache.hadoop.hive.ql.Executor.launchTasks(Executor.java:334)
	at org.apache.hadoop.hive.ql.Executor.runTasks(Executor.java:245)
	... 43 more

org.apache.hive.hcatalog.pig.TestAvroHCatStorer.testWriteVarchar  Time elapsed: 0.083 s  <<< ERROR!
(responseCode = 40000, errorMessage = FAILED: Execution Error, return code 40000 from org.apache.hadoop.hive.ql.ddl.DDLTask. org.codehaus.jackson.JsonNode.asInt()I, SQLState = 08S01, exception = org.codehaus.jackson.JsonNode.asInt()I)
	at org.apache.hadoop.hive.ql.DriverUtils.createProcessorException(DriverUtils.java:156)
	at org.apache.hadoop.hive.ql.Executor.handleTaskFailure(Executor.java:403)
	at org.apache.hadoop.hive.ql.Executor.handleFinished(Executor.java:285)
	at org.apache.hadoop.hive.ql.Executor.runTasks(Executor.java:246)
	at org.apache.hadoop.hive.ql.Executor.execute(Executor.java:108)
	at org.apache.hadoop.hive.ql.Driver.execute(Driver.java:348)
	at org.apache.hadoop.hive.ql.Driver.runInternal(Driver.java:204)
	at org.apache.hadoop.hive.ql.Driver.run(Driver.java:153)
	at org.apache.hadoop.hive.ql.Driver.run(Driver.java:148)
	at org.apache.hadoop.hive.ql.reexec.ReExecDriver.run(ReExecDriver.java:164)
	at org.apache.hadoop.hive.ql.reexec.ReExecDriver.run(ReExecDriver.java:230)
	at org.apache.hive.hcatalog.pig.AbstractHCatLoaderTest.executeStatementOnDriver(AbstractHCatLoaderTest.java:151)
	at org.apache.hive.hcatalog.pig.AbstractHCatLoaderTest.createTable(AbstractHCatLoaderTest.java:134)
	at org.apache.hive.hcatalog.pig.AbstractHCatLoaderTest.createTableDefaultDB(AbstractHCatLoaderTest.java:114)
	at org.apache.hive.hcatalog.pig.AbstractHCatStorerTest.pigValueRangeTest(AbstractHCatStorerTest.java:267)
	at org.apache.hive.hcatalog.pig.AbstractHCatStorerTest.pigValueRangeTest(AbstractHCatStorerTest.java:243)
	at org.apache.hive.hcatalog.pig.AbstractHCatStorerTest.testWriteVarchar(AbstractHCatStorerTest.java:97)
	at sun.reflect.NativeMethodAccessorImpl.invoke0(Native Method)
	at sun.reflect.NativeMethodAccessorImpl.invoke(NativeMethodAccessorImpl.java:62)
	at sun.reflect.DelegatingMethodAccessorImpl.invoke(DelegatingMethodAccessorImpl.java:43)
	at java.lang.reflect.Method.invoke(Method.java:498)
	at org.junit.runners.model.FrameworkMethod$1.runReflectiveCall(FrameworkMethod.java:59)
	at org.junit.internal.runners.model.ReflectiveCallable.run(ReflectiveCallable.java:12)
	at org.junit.runners.model.FrameworkMethod.invokeExplosively(FrameworkMethod.java:56)
	at org.junit.internal.runners.statements.InvokeMethod.evaluate(InvokeMethod.java:17)
	at org.junit.internal.runners.statements.RunBefores.evaluate(RunBefores.java:26)
	at org.junit.runners.ParentRunner$3.evaluate(ParentRunner.java:306)
	at org.junit.runners.BlockJUnit4ClassRunner$1.evaluate(BlockJUnit4ClassRunner.java:100)
	at org.junit.runners.ParentRunner.runLeaf(ParentRunner.java:366)
	at org.junit.runners.BlockJUnit4ClassRunner.runChild(BlockJUnit4ClassRunner.java:103)
	at org.junit.runners.BlockJUnit4ClassRunner.runChild(BlockJUnit4ClassRunner.java:63)
	at org.junit.runners.ParentRunner$4.run(ParentRunner.java:331)
	at org.junit.runners.ParentRunner$1.schedule(ParentRunner.java:79)
	at org.junit.runners.ParentRunner.runChildren(ParentRunner.java:329)
	at org.junit.runners.ParentRunner.access$100(ParentRunner.java:66)
	at org.junit.runners.ParentRunner$2.evaluate(ParentRunner.java:293)
	at org.junit.internal.runners.statements.RunBefores.evaluate(RunBefores.java:26)
	at org.junit.runners.ParentRunner$3.evaluate(ParentRunner.java:306)
	at org.junit.runners.ParentRunner.run(ParentRunner.java:413)
	at org.apache.maven.surefire.junit4.JUnit4Provider.execute(JUnit4Provider.java:365)
	at org.apache.maven.surefire.junit4.JUnit4Provider.executeWithRerun(JUnit4Provider.java:273)
	at org.apache.maven.surefire.junit4.JUnit4Provider.executeTestSet(JUnit4Provider.java:238)
	at org.apache.maven.surefire.junit4.JUnit4Provider.invoke(JUnit4Provider.java:159)
	at org.apache.maven.surefire.booter.ForkedBooter.runSuitesInProcess(ForkedBooter.java:377)
	at org.apache.maven.surefire.booter.ForkedBooter.execute(ForkedBooter.java:138)
	at org.apache.maven.surefire.booter.ForkedBooter.run(ForkedBooter.java:465)
	at org.apache.maven.surefire.booter.ForkedBooter.main(ForkedBooter.java:451)
Caused by: java.lang.NoSuchMethodError: org.codehaus.jackson.JsonNode.asInt()I
	at org.apache.avro.util.internal.JacksonUtils.toObject(JacksonUtils.java:107)
	at org.apache.avro.util.internal.JacksonUtils.toObject(JacksonUtils.java:92)
	at org.apache.avro.JsonProperties.getObjectProp(JsonProperties.java:149)
	at org.apache.hadoop.hive.serde2.avro.AvroSerdeUtils.getIntFromSchema(AvroSerdeUtils.java:326)
	at org.apache.hadoop.hive.serde2.avro.SchemaToTypeInfo.generateTypeInfo(SchemaToTypeInfo.java:170)
	at org.apache.hadoop.hive.serde2.avro.SchemaToTypeInfo.generateTypeInfoWorker(SchemaToTypeInfo.java:205)
	at org.apache.hadoop.hive.serde2.avro.SchemaToTypeInfo.access$000(SchemaToTypeInfo.java:47)
	at org.apache.hadoop.hive.serde2.avro.SchemaToTypeInfo$1.makeInstance(SchemaToTypeInfo.java:120)
	at org.apache.hadoop.hive.serde2.avro.SchemaToTypeInfo$1.makeInstance(SchemaToTypeInfo.java:115)
	at org.apache.hadoop.hive.serde2.avro.InstanceCache.retrieve(InstanceCache.java:63)
	at org.apache.hadoop.hive.serde2.avro.SchemaToTypeInfo.generateTypeInfo(SchemaToTypeInfo.java:187)
	at org.apache.hadoop.hive.serde2.avro.SchemaToTypeInfo.generateColumnTypes(SchemaToTypeInfo.java:109)
	at org.apache.hadoop.hive.serde2.avro.SchemaToTypeInfo.generateColumnTypes(SchemaToTypeInfo.java:88)
	at org.apache.hadoop.hive.serde2.avro.AvroObjectInspectorGenerator.<init>(AvroObjectInspectorGenerator.java:53)
	at org.apache.hadoop.hive.serde2.avro.AvroSerDe.initialize(AvroSerDe.java:139)
	at org.apache.hadoop.hive.metastore.HiveMetaStoreUtils.getDeserializer(HiveMetaStoreUtils.java:95)
	at org.apache.hadoop.hive.metastore.HiveMetaStoreUtils.getDeserializer(HiveMetaStoreUtils.java:78)
	at org.apache.hadoop.hive.ql.metadata.Table.getDeserializerFromMetaStore(Table.java:349)
	at org.apache.hadoop.hive.ql.metadata.Table.getDeserializer(Table.java:331)
	at org.apache.hadoop.hive.ql.metadata.Table.getColsInternal(Table.java:741)
	at org.apache.hadoop.hive.ql.metadata.Table.getCols(Table.java:724)
	at org.apache.hadoop.hive.ql.ddl.table.create.CreateTableDesc.toTable(CreateTableDesc.java:933)
	at org.apache.hadoop.hive.ql.ddl.table.create.CreateTableOperation.execute(CreateTableOperation.java:59)
	at org.apache.hadoop.hive.ql.ddl.DDLTask.execute(DDLTask.java:84)
	at org.apache.hadoop.hive.ql.exec.Task.executeTask(Task.java:212)
	at org.apache.hadoop.hive.ql.exec.TaskRunner.runSequential(TaskRunner.java:105)
	at org.apache.hadoop.hive.ql.Executor.launchTask(Executor.java:361)
	at org.apache.hadoop.hive.ql.Executor.launchTasks(Executor.java:334)
	at org.apache.hadoop.hive.ql.Executor.runTasks(Executor.java:245)
	... 43 more

org.apache.hive.hcatalog.pig.TestAvroHCatStorer.testWriteDecimalX  Time elapsed: 0.069 s  <<< ERROR!
(responseCode = 40000, errorMessage = FAILED: Execution Error, return code 40000 from org.apache.hadoop.hive.ql.ddl.DDLTask. org.codehaus.jackson.JsonNode.asInt()I, SQLState = 08S01, exception = org.codehaus.jackson.JsonNode.asInt()I)
	at org.apache.hadoop.hive.ql.DriverUtils.createProcessorException(DriverUtils.java:156)
	at org.apache.hadoop.hive.ql.Executor.handleTaskFailure(Executor.java:403)
	at org.apache.hadoop.hive.ql.Executor.handleFinished(Executor.java:285)
	at org.apache.hadoop.hive.ql.Executor.runTasks(Executor.java:246)
	at org.apache.hadoop.hive.ql.Executor.execute(Executor.java:108)
	at org.apache.hadoop.hive.ql.Driver.execute(Driver.java:348)
	at org.apache.hadoop.hive.ql.Driver.runInternal(Driver.java:204)
	at org.apache.hadoop.hive.ql.Driver.run(Driver.java:153)
	at org.apache.hadoop.hive.ql.Driver.run(Driver.java:148)
	at org.apache.hadoop.hive.ql.reexec.ReExecDriver.run(ReExecDriver.java:164)
	at org.apache.hadoop.hive.ql.reexec.ReExecDriver.run(ReExecDriver.java:230)
	at org.apache.hive.hcatalog.pig.AbstractHCatLoaderTest.executeStatementOnDriver(AbstractHCatLoaderTest.java:151)
	at org.apache.hive.hcatalog.pig.AbstractHCatLoaderTest.createTable(AbstractHCatLoaderTest.java:134)
	at org.apache.hive.hcatalog.pig.AbstractHCatLoaderTest.createTableDefaultDB(AbstractHCatLoaderTest.java:114)
	at org.apache.hive.hcatalog.pig.AbstractHCatStorerTest.pigValueRangeTest(AbstractHCatStorerTest.java:267)
	at org.apache.hive.hcatalog.pig.AbstractHCatStorerTest.pigValueRangeTest(AbstractHCatStorerTest.java:243)
	at org.apache.hive.hcatalog.pig.AbstractHCatStorerTest.testWriteDecimalX(AbstractHCatStorerTest.java:120)
	at sun.reflect.NativeMethodAccessorImpl.invoke0(Native Method)
	at sun.reflect.NativeMethodAccessorImpl.invoke(NativeMethodAccessorImpl.java:62)
	at sun.reflect.DelegatingMethodAccessorImpl.invoke(DelegatingMethodAccessorImpl.java:43)
	at java.lang.reflect.Method.invoke(Method.java:498)
	at org.junit.runners.model.FrameworkMethod$1.runReflectiveCall(FrameworkMethod.java:59)
	at org.junit.internal.runners.model.ReflectiveCallable.run(ReflectiveCallable.java:12)
	at org.junit.runners.model.FrameworkMethod.invokeExplosively(FrameworkMethod.java:56)
	at org.junit.internal.runners.statements.InvokeMethod.evaluate(InvokeMethod.java:17)
	at org.junit.internal.runners.statements.RunBefores.evaluate(RunBefores.java:26)
	at org.junit.runners.ParentRunner$3.evaluate(ParentRunner.java:306)
	at org.junit.runners.BlockJUnit4ClassRunner$1.evaluate(BlockJUnit4ClassRunner.java:100)
	at org.junit.runners.ParentRunner.runLeaf(ParentRunner.java:366)
	at org.junit.runners.BlockJUnit4ClassRunner.runChild(BlockJUnit4ClassRunner.java:103)
	at org.junit.runners.BlockJUnit4ClassRunner.runChild(BlockJUnit4ClassRunner.java:63)
	at org.junit.runners.ParentRunner$4.run(ParentRunner.java:331)
	at org.junit.runners.ParentRunner$1.schedule(ParentRunner.java:79)
	at org.junit.runners.ParentRunner.runChildren(ParentRunner.java:329)
	at org.junit.runners.ParentRunner.access$100(ParentRunner.java:66)
	at org.junit.runners.ParentRunner$2.evaluate(ParentRunner.java:293)
	at org.junit.internal.runners.statements.RunBefores.evaluate(RunBefores.java:26)
	at org.junit.runners.ParentRunner$3.evaluate(ParentRunner.java:306)
	at org.junit.runners.ParentRunner.run(ParentRunner.java:413)
	at org.apache.maven.surefire.junit4.JUnit4Provider.execute(JUnit4Provider.java:365)
	at org.apache.maven.surefire.junit4.JUnit4Provider.executeWithRerun(JUnit4Provider.java:273)
	at org.apache.maven.surefire.junit4.JUnit4Provider.executeTestSet(JUnit4Provider.java:238)
	at org.apache.maven.surefire.junit4.JUnit4Provider.invoke(JUnit4Provider.java:159)
	at org.apache.maven.surefire.booter.ForkedBooter.runSuitesInProcess(ForkedBooter.java:377)
	at org.apache.maven.surefire.booter.ForkedBooter.execute(ForkedBooter.java:138)
	at org.apache.maven.surefire.booter.ForkedBooter.run(ForkedBooter.java:465)
	at org.apache.maven.surefire.booter.ForkedBooter.main(ForkedBooter.java:451)
Caused by: java.lang.NoSuchMethodError: org.codehaus.jackson.JsonNode.asInt()I
	at org.apache.avro.util.internal.JacksonUtils.toObject(JacksonUtils.java:107)
	at org.apache.avro.util.internal.JacksonUtils.toObject(JacksonUtils.java:92)
	at org.apache.avro.JsonProperties.getObjectProp(JsonProperties.java:149)
	at org.apache.avro.LogicalTypes$Decimal.hasProperty(LogicalTypes.java:248)
	at org.apache.avro.LogicalTypes$Decimal.<init>(LogicalTypes.java:175)
	at org.apache.avro.LogicalTypes$Decimal.<init>(LogicalTypes.java:160)
	at org.apache.avro.LogicalTypes.fromSchemaImpl(LogicalTypes.java:69)
	at org.apache.avro.LogicalTypes.fromSchemaIgnoreInvalid(LogicalTypes.java:56)
	at org.apache.avro.Schema.parse(Schema.java:1327)
	at org.apache.avro.Schema$Parser.parse(Schema.java:1032)
	at org.apache.avro.Schema$Parser.parse(Schema.java:1020)
	at org.apache.hadoop.hive.serde2.avro.AvroSerdeUtils.getSchemaFor(AvroSerdeUtils.java:283)
	at org.apache.hadoop.hive.serde2.avro.TypeInfoToSchema.createAvroPrimitive(TypeInfoToSchema.java:148)
	at org.apache.hadoop.hive.serde2.avro.TypeInfoToSchema.createAvroSchema(TypeInfoToSchema.java:82)
	at org.apache.hadoop.hive.serde2.avro.TypeInfoToSchema.createAvroField(TypeInfoToSchema.java:75)
	at org.apache.hadoop.hive.serde2.avro.TypeInfoToSchema.convert(TypeInfoToSchema.java:60)
	at org.apache.hadoop.hive.serde2.avro.AvroSerDe.getSchemaFromCols(AvroSerDe.java:190)
	at org.apache.hadoop.hive.serde2.avro.AvroSerDe.initialize(AvroSerDe.java:123)
	at org.apache.hadoop.hive.metastore.HiveMetaStoreUtils.getDeserializer(HiveMetaStoreUtils.java:95)
	at org.apache.hadoop.hive.metastore.HiveMetaStoreUtils.getDeserializer(HiveMetaStoreUtils.java:78)
	at org.apache.hadoop.hive.ql.metadata.Table.getDeserializerFromMetaStore(Table.java:349)
	at org.apache.hadoop.hive.ql.metadata.Table.getDeserializer(Table.java:331)
	at org.apache.hadoop.hive.ql.metadata.Table.getColsInternal(Table.java:741)
	at org.apache.hadoop.hive.ql.metadata.Table.getCols(Table.java:724)
	at org.apache.hadoop.hive.ql.ddl.table.create.CreateTableDesc.toTable(CreateTableDesc.java:933)
	at org.apache.hadoop.hive.ql.ddl.table.create.CreateTableOperation.execute(CreateTableOperation.java:59)
	at org.apache.hadoop.hive.ql.ddl.DDLTask.execute(DDLTask.java:84)
	at org.apache.hadoop.hive.ql.exec.Task.executeTask(Task.java:212)
	at org.apache.hadoop.hive.ql.exec.TaskRunner.runSequential(TaskRunner.java:105)
	at org.apache.hadoop.hive.ql.Executor.launchTask(Executor.java:361)
	at org.apache.hadoop.hive.ql.Executor.launchTasks(Executor.java:334)
	at org.apache.hadoop.hive.ql.Executor.runTasks(Executor.java:245)
	... 43 more

org.apache.hive.hcatalog.pig.TestAvroHCatStorer.testWriteDecimal  Time elapsed: 0.058 s  <<< ERROR!
(responseCode = 40000, errorMessage = FAILED: Execution Error, return code 40000 from org.apache.hadoop.hive.ql.ddl.DDLTask. org.codehaus.jackson.JsonNode.asInt()I, SQLState = 08S01, exception = org.codehaus.jackson.JsonNode.asInt()I)
	at org.apache.hadoop.hive.ql.DriverUtils.createProcessorException(DriverUtils.java:156)
	at org.apache.hadoop.hive.ql.Executor.handleTaskFailure(Executor.java:403)
	at org.apache.hadoop.hive.ql.Executor.handleFinished(Executor.java:285)
	at org.apache.hadoop.hive.ql.Executor.runTasks(Executor.java:246)
	at org.apache.hadoop.hive.ql.Executor.execute(Executor.java:108)
	at org.apache.hadoop.hive.ql.Driver.execute(Driver.java:348)
	at org.apache.hadoop.hive.ql.Driver.runInternal(Driver.java:204)
	at org.apache.hadoop.hive.ql.Driver.run(Driver.java:153)
	at org.apache.hadoop.hive.ql.Driver.run(Driver.java:148)
	at org.apache.hadoop.hive.ql.reexec.ReExecDriver.run(ReExecDriver.java:164)
	at org.apache.hadoop.hive.ql.reexec.ReExecDriver.run(ReExecDriver.java:230)
	at org.apache.hive.hcatalog.pig.AbstractHCatLoaderTest.executeStatementOnDriver(AbstractHCatLoaderTest.java:151)
	at org.apache.hive.hcatalog.pig.AbstractHCatLoaderTest.createTable(AbstractHCatLoaderTest.java:134)
	at org.apache.hive.hcatalog.pig.AbstractHCatLoaderTest.createTableDefaultDB(AbstractHCatLoaderTest.java:114)
	at org.apache.hive.hcatalog.pig.AbstractHCatStorerTest.pigValueRangeTest(AbstractHCatStorerTest.java:267)
	at org.apache.hive.hcatalog.pig.AbstractHCatStorerTest.pigValueRangeTest(AbstractHCatStorerTest.java:243)
	at org.apache.hive.hcatalog.pig.AbstractHCatStorerTest.testWriteDecimal(AbstractHCatStorerTest.java:131)
	at sun.reflect.NativeMethodAccessorImpl.invoke0(Native Method)
	at sun.reflect.NativeMethodAccessorImpl.invoke(NativeMethodAccessorImpl.java:62)
	at sun.reflect.DelegatingMethodAccessorImpl.invoke(DelegatingMethodAccessorImpl.java:43)
	at java.lang.reflect.Method.invoke(Method.java:498)
	at org.junit.runners.model.FrameworkMethod$1.runReflectiveCall(FrameworkMethod.java:59)
	at org.junit.internal.runners.model.ReflectiveCallable.run(ReflectiveCallable.java:12)
	at org.junit.runners.model.FrameworkMethod.invokeExplosively(FrameworkMethod.java:56)
	at org.junit.internal.runners.statements.InvokeMethod.evaluate(InvokeMethod.java:17)
	at org.junit.internal.runners.statements.RunBefores.evaluate(RunBefores.java:26)
	at org.junit.runners.ParentRunner$3.evaluate(ParentRunner.java:306)
	at org.junit.runners.BlockJUnit4ClassRunner$1.evaluate(BlockJUnit4ClassRunner.java:100)
	at org.junit.runners.ParentRunner.runLeaf(ParentRunner.java:366)
	at org.junit.runners.BlockJUnit4ClassRunner.runChild(BlockJUnit4ClassRunner.java:103)
	at org.junit.runners.BlockJUnit4ClassRunner.runChild(BlockJUnit4ClassRunner.java:63)
	at org.junit.runners.ParentRunner$4.run(ParentRunner.java:331)
	at org.junit.runners.ParentRunner$1.schedule(ParentRunner.java:79)
	at org.junit.runners.ParentRunner.runChildren(ParentRunner.java:329)
	at org.junit.runners.ParentRunner.access$100(ParentRunner.java:66)
	at org.junit.runners.ParentRunner$2.evaluate(ParentRunner.java:293)
	at org.junit.internal.runners.statements.RunBefores.evaluate(RunBefores.java:26)
	at org.junit.runners.ParentRunner$3.evaluate(ParentRunner.java:306)
	at org.junit.runners.ParentRunner.run(ParentRunner.java:413)
	at org.apache.maven.surefire.junit4.JUnit4Provider.execute(JUnit4Provider.java:365)
	at org.apache.maven.surefire.junit4.JUnit4Provider.executeWithRerun(JUnit4Provider.java:273)
	at org.apache.maven.surefire.junit4.JUnit4Provider.executeTestSet(JUnit4Provider.java:238)
	at org.apache.maven.surefire.junit4.JUnit4Provider.invoke(JUnit4Provider.java:159)
	at org.apache.maven.surefire.booter.ForkedBooter.runSuitesInProcess(ForkedBooter.java:377)
	at org.apache.maven.surefire.booter.ForkedBooter.execute(ForkedBooter.java:138)
	at org.apache.maven.surefire.booter.ForkedBooter.run(ForkedBooter.java:465)
	at org.apache.maven.surefire.booter.ForkedBooter.main(ForkedBooter.java:451)
Caused by: java.lang.NoSuchMethodError: org.codehaus.jackson.JsonNode.asInt()I
	at org.apache.avro.util.internal.JacksonUtils.toObject(JacksonUtils.java:107)
	at org.apache.avro.util.internal.JacksonUtils.toObject(JacksonUtils.java:92)
	at org.apache.avro.JsonProperties.getObjectProp(JsonProperties.java:149)
	at org.apache.avro.LogicalTypes$Decimal.hasProperty(LogicalTypes.java:248)
	at org.apache.avro.LogicalTypes$Decimal.<init>(LogicalTypes.java:175)
	at org.apache.avro.LogicalTypes$Decimal.<init>(LogicalTypes.java:160)
	at org.apache.avro.LogicalTypes.fromSchemaImpl(LogicalTypes.java:69)
	at org.apache.avro.LogicalTypes.fromSchemaIgnoreInvalid(LogicalTypes.java:56)
	at org.apache.avro.Schema.parse(Schema.java:1327)
	at org.apache.avro.Schema$Parser.parse(Schema.java:1032)
	at org.apache.avro.Schema$Parser.parse(Schema.java:1020)
	at org.apache.hadoop.hive.serde2.avro.AvroSerdeUtils.getSchemaFor(AvroSerdeUtils.java:283)
	at org.apache.hadoop.hive.serde2.avro.TypeInfoToSchema.createAvroPrimitive(TypeInfoToSchema.java:148)
	at org.apache.hadoop.hive.serde2.avro.TypeInfoToSchema.createAvroSchema(TypeInfoToSchema.java:82)
	at org.apache.hadoop.hive.serde2.avro.TypeInfoToSchema.createAvroField(TypeInfoToSchema.java:75)
	at org.apache.hadoop.hive.serde2.avro.TypeInfoToSchema.convert(TypeInfoToSchema.java:60)
	at org.apache.hadoop.hive.serde2.avro.AvroSerDe.getSchemaFromCols(AvroSerDe.java:190)
	at org.apache.hadoop.hive.serde2.avro.AvroSerDe.initialize(AvroSerDe.java:123)
	at org.apache.hadoop.hive.metastore.HiveMetaStoreUtils.getDeserializer(HiveMetaStoreUtils.java:95)
	at org.apache.hadoop.hive.metastore.HiveMetaStoreUtils.getDeserializer(HiveMetaStoreUtils.java:78)
	at org.apache.hadoop.hive.ql.metadata.Table.getDeserializerFromMetaStore(Table.java:349)
	at org.apache.hadoop.hive.ql.metadata.Table.getDeserializer(Table.java:331)
	at org.apache.hadoop.hive.ql.metadata.Table.getColsInternal(Table.java:741)
	at org.apache.hadoop.hive.ql.metadata.Table.getCols(Table.java:724)
	at org.apache.hadoop.hive.ql.ddl.table.create.CreateTableDesc.toTable(CreateTableDesc.java:933)
	at org.apache.hadoop.hive.ql.ddl.table.create.CreateTableOperation.execute(CreateTableOperation.java:59)
	at org.apache.hadoop.hive.ql.ddl.DDLTask.execute(DDLTask.java:84)
	at org.apache.hadoop.hive.ql.exec.Task.executeTask(Task.java:212)
	at org.apache.hadoop.hive.ql.exec.TaskRunner.runSequential(TaskRunner.java:105)
	at org.apache.hadoop.hive.ql.Executor.launchTask(Executor.java:361)
	at org.apache.hadoop.hive.ql.Executor.launchTasks(Executor.java:334)
	at org.apache.hadoop.hive.ql.Executor.runTasks(Executor.java:245)
	... 43 more

org.apache.hive.hcatalog.pig.TestAvroHCatStorer.testMultiPartColsInData  Time elapsed: 1.515 s  <<< FAILURE!
java.lang.AssertionError: expected:<1> but was:<5>
	at org.junit.Assert.fail(Assert.java:89)
	at org.junit.Assert.failNotEquals(Assert.java:835)
	at org.junit.Assert.assertEquals(Assert.java:647)
	at org.junit.Assert.assertEquals(Assert.java:633)
	at org.apache.hive.hcatalog.pig.AbstractHCatStorerTest.testMultiPartColsInData(AbstractHCatStorerTest.java:491)
	at sun.reflect.NativeMethodAccessorImpl.invoke0(Native Method)
	at sun.reflect.NativeMethodAccessorImpl.invoke(NativeMethodAccessorImpl.java:62)
	at sun.reflect.DelegatingMethodAccessorImpl.invoke(DelegatingMethodAccessorImpl.java:43)
	at java.lang.reflect.Method.invoke(Method.java:498)
	at org.junit.runners.model.FrameworkMethod$1.runReflectiveCall(FrameworkMethod.java:59)
	at org.junit.internal.runners.model.ReflectiveCallable.run(ReflectiveCallable.java:12)
	at org.junit.runners.model.FrameworkMethod.invokeExplosively(FrameworkMethod.java:56)
	at org.junit.internal.runners.statements.InvokeMethod.evaluate(InvokeMethod.java:17)
	at org.junit.internal.runners.statements.RunBefores.evaluate(RunBefores.java:26)
	at org.junit.runners.ParentRunner$3.evaluate(ParentRunner.java:306)
	at org.junit.runners.BlockJUnit4ClassRunner$1.evaluate(BlockJUnit4ClassRunner.java:100)
	at org.junit.runners.ParentRunner.runLeaf(ParentRunner.java:366)
	at org.junit.runners.BlockJUnit4ClassRunner.runChild(BlockJUnit4ClassRunner.java:103)
	at org.junit.runners.BlockJUnit4ClassRunner.runChild(BlockJUnit4ClassRunner.java:63)
	at org.junit.runners.ParentRunner$4.run(ParentRunner.java:331)
	at org.junit.runners.ParentRunner$1.schedule(ParentRunner.java:79)
	at org.junit.runners.ParentRunner.runChildren(ParentRunner.java:329)
	at org.junit.runners.ParentRunner.access$100(ParentRunner.java:66)
	at org.junit.runners.ParentRunner$2.evaluate(ParentRunner.java:293)
	at org.junit.internal.runners.statements.RunBefores.evaluate(RunBefores.java:26)
	at org.junit.runners.ParentRunner$3.evaluate(ParentRunner.java:306)
	at org.junit.runners.ParentRunner.run(ParentRunner.java:413)
	at org.apache.maven.surefire.junit4.JUnit4Provider.execute(JUnit4Provider.java:365)
	at org.apache.maven.surefire.junit4.JUnit4Provider.executeWithRerun(JUnit4Provider.java:273)
	at org.apache.maven.surefire.junit4.JUnit4Provider.executeTestSet(JUnit4Provider.java:238)
	at org.apache.maven.surefire.junit4.JUnit4Provider.invoke(JUnit4Provider.java:159)
	at org.apache.maven.surefire.booter.ForkedBooter.runSuitesInProcess(ForkedBooter.java:377)
	at org.apache.maven.surefire.booter.ForkedBooter.execute(ForkedBooter.java:138)
	at org.apache.maven.surefire.booter.ForkedBooter.run(ForkedBooter.java:465)
	at org.apache.maven.surefire.booter.ForkedBooter.main(ForkedBooter.java:451)

