[INFO] Scanning for projects...
[WARNING] 
[WARNING] Some problems were encountered while building the effective model for org.jenkins-ci.main:remoting:jar:4.7-SNAPSHOT
[WARNING] 'build.plugins.plugin.version' for org.apache.maven.plugins:maven-jarsigner-plugin is missing. @ org.jenkins-ci.main:remoting:${revision}${changelist}, /home/alex/Repositories/remoting/pom.xml, line 302, column 15
[WARNING] 
[WARNING] It is highly recommended to fix these problems because they threaten the stability of your build.
[WARNING] 
[WARNING] For this reason, future Maven versions might no longer support building such malformed projects.
[WARNING] 
[INFO] 
[INFO] --------------------< org.jenkins-ci.main:remoting >--------------------
[INFO] Building Jenkins remoting layer 4.7-SNAPSHOT
[INFO] --------------------------------[ jar ]---------------------------------
[INFO] Downloading from repo.jenkins-ci.org: https://repo.jenkins-ci.org/public/org/apache/maven/plugins/maven-jarsigner-plugin/maven-metadata.xml
[INFO] Downloading from incrementals: https://repo.jenkins-ci.org/incrementals/org/apache/maven/plugins/maven-jarsigner-plugin/maven-metadata.xml
[INFO] Downloading from central: https://repo.maven.apache.org/maven2/org/apache/maven/plugins/maven-jarsigner-plugin/maven-metadata.xml
[INFO] Downloaded from central: https://repo.maven.apache.org/maven2/org/apache/maven/plugins/maven-jarsigner-plugin/maven-metadata.xml (560 B at 1.4 kB/s)
[INFO] 
[INFO] --- maven-clean-plugin:3.1.0:clean (default-clean) @ remoting ---
[INFO] Deleting /home/alex/Repositories/remoting/target
[INFO] 
[INFO] --- build-helper-maven-plugin:3.2.0:timestamp-property (timestamp-property) @ remoting ---
[INFO] 
[INFO] --- build-helper-maven-plugin:3.2.0:regex-property (user.name) @ remoting ---
[INFO] No match to regex '([$\\])' found in 'alex'. The initial value 'alex' is left as-is...
[INFO] 
[INFO] --- build-helper-maven-plugin:3.2.0:regex-property (version-property) @ remoting ---
[INFO] 
[INFO] --- maven-enforcer-plugin:3.0.0-M3:display-info (display-info) @ remoting ---
[INFO] Maven Version: 3.6.3
[INFO] JDK Version: 1.8.0_402 normalized as: 1.8.0-402
[INFO] OS Info: Arch: amd64 Family: unix Name: linux Version: 6.5.0-28-generic
[INFO] 
[INFO] --- maven-enforcer-plugin:3.0.0-M3:enforce (display-info) @ remoting ---
[INFO] Adding ignore: module-info
[INFO] 
[INFO] --- build-helper-maven-plugin:3.2.0:add-source (add-source) @ remoting ---
[INFO] Source directory: /home/alex/Repositories/remoting/target/generated-sources/localizer added.
[INFO] 
[INFO] --- maven-resources-plugin:3.2.0:resources (default-resources) @ remoting ---
[INFO] Using 'UTF-8' encoding to copy filtered resources.
[INFO] Using 'UTF-8' encoding to copy filtered properties files.
[INFO] Copying 2 resources
[INFO] Copying 1 resource
[INFO] Copying 1 resource
[INFO] The encoding used to copy filtered properties files have not been set. This means that the same encoding will be used to copy filtered properties files as when copying other filtered resources. This might not be what you want! Run your build with --debug to see which files might be affected. Read more at https://maven.apache.org/plugins/maven-resources-plugin/examples/filtering-properties-files.html
[INFO] 
[INFO] --- flatten-maven-plugin:1.2.5:flatten (flatten) @ remoting ---
[INFO] Generating flattened POM of project org.jenkins-ci.main:remoting:jar:4.7-SNAPSHOT...
[INFO] 
[INFO] --- maven-compiler-plugin:3.8.1:compile (default-compile) @ remoting ---
[INFO] Changes detected - recompiling the module!
[INFO] Compiling 185 source files to /home/alex/Repositories/remoting/target/classes
[INFO] /home/alex/Repositories/remoting/src/main/java/hudson/remoting/jnlp/MainDialog.java: Some input files use or override a deprecated API.
[INFO] /home/alex/Repositories/remoting/src/main/java/hudson/remoting/jnlp/MainDialog.java: Recompile with -Xlint:deprecation for details.
[INFO] /home/alex/Repositories/remoting/src/main/java/hudson/remoting/Request.java: Some input files use unchecked or unsafe operations.
[INFO] /home/alex/Repositories/remoting/src/main/java/hudson/remoting/Request.java: Recompile with -Xlint:unchecked for details.
[INFO] 
[INFO] --- maven-resources-plugin:3.2.0:testResources (default-testResources) @ remoting ---
[INFO] Using 'UTF-8' encoding to copy filtered resources.
[INFO] Using 'UTF-8' encoding to copy filtered properties files.
[INFO] Copying 6 resources
[INFO] 
[INFO] --- maven-compiler-plugin:3.8.1:testCompile (default-testCompile) @ remoting ---
[INFO] Changes detected - recompiling the module!
[INFO] Compiling 110 source files to /home/alex/Repositories/remoting/target/test-classes
[INFO] /home/alex/Repositories/remoting/src/test/java/org/jenkinsci/remoting/protocol/impl/AckFilterLayerTest.java: Some input files use or override a deprecated API.
[INFO] /home/alex/Repositories/remoting/src/test/java/org/jenkinsci/remoting/protocol/impl/AckFilterLayerTest.java: Recompile with -Xlint:deprecation for details.
[INFO] /home/alex/Repositories/remoting/src/test/java/org/jenkinsci/remoting/protocol/ProtocolStackTest.java: Some input files use unchecked or unsafe operations.
[INFO] /home/alex/Repositories/remoting/src/test/java/org/jenkinsci/remoting/protocol/ProtocolStackTest.java: Recompile with -Xlint:unchecked for details.
[INFO] 
[INFO] --- animal-sniffer-maven-plugin:1.19:check (check) @ remoting ---
[INFO] Resolved signature org.codehaus.mojo.signature:java18 version as 1.0 from dependencyManagement
[INFO] Checking unresolved references to org.codehaus.mojo.signature:java18:1.0
[INFO] 
[INFO] --- maven-dependency-plugin:3.1.2:copy (resgen) @ remoting ---
[INFO] Configured Artifact: org.jenkins-ci:remoting-test-client:1.0:jar
[INFO] Configured Artifact: org.jenkins-ci:remoting-test-client:tests:1.0:jar
[INFO] Copying remoting-test-client-1.0.jar to /home/alex/Repositories/remoting/target/test-classes/remoting-test-client.jar
[INFO] Copying remoting-test-client-1.0-tests.jar to /home/alex/Repositories/remoting/target/test-classes/remoting-test-client-tests.jar
[INFO] 
[INFO] --- maven-surefire-plugin:3.0.0-M5:test (default-test) @ remoting ---
[INFO] Tests are skipped.
[INFO] 
[INFO] --- maven-jar-plugin:3.2.0:jar (default-jar) @ remoting ---
[INFO] Building jar: /home/alex/Repositories/remoting/target/remoting-4.7-SNAPSHOT.jar
[INFO] 
[INFO] --- maven-shade-plugin:3.2.4:shade (default) @ remoting ---
[INFO] Including org.glassfish.tyrus.bundles:tyrus-standalone-client-jdk:jar:1.17 in the shaded jar.
[INFO] Including args4j:args4j:jar:2.33 in the shaded jar.
[INFO] Including org.jenkins-ci:constant-pool-scanner:jar:1.2 in the shaded jar.
[WARNING] args4j-2.33.jar, constant-pool-scanner-1.2.jar, remoting-4.7-SNAPSHOT.jar, tyrus-standalone-client-jdk-1.17.jar define 1 overlapping resource: 
[WARNING]   - META-INF/MANIFEST.MF
[WARNING] maven-shade-plugin has detected that some class files are
[WARNING] present in two or more JARs. When this happens, only one
[WARNING] single version of the class is copied to the uber jar.
[WARNING] Usually this is not harmful and you can skip these warnings,
[WARNING] otherwise try to manually exclude artifacts based on
[WARNING] mvn dependency:tree -Ddetail=true and the above output.
[WARNING] See http://maven.apache.org/plugins/maven-shade-plugin/
[INFO] Replacing original artifact with shaded artifact.
[INFO] Replacing /home/alex/Repositories/remoting/target/remoting-4.7-SNAPSHOT.jar with /home/alex/Repositories/remoting/target/remoting-4.7-SNAPSHOT-shaded.jar
[INFO] 
[INFO] --- maven-jar-plugin:3.2.0:test-jar (executable-tests) @ remoting ---
[INFO] Building jar: /home/alex/Repositories/remoting/target/remoting-4.7-SNAPSHOT-tests.jar
[INFO] 
[INFO] --- maven-jarsigner-plugin:3.0.0:sign (default) @ remoting ---
[INFO] 2 archive(s) processed
[INFO] 
[INFO] --- maven-assembly-plugin:3.3.0:single (make-assembly) @ remoting ---
[INFO] Reading assembly descriptor: src/assembly/agent-load-test.xml
[INFO] Downloading from central: https://repo.maven.apache.org/maven2/com/sun/tools/1.8.0/tools-1.8.0.pom
[INFO] Downloading from repo.jenkins-ci.org: https://repo.jenkins-ci.org/public/com/sun/tools/1.8.0/tools-1.8.0.pom
[INFO] Downloading from incrementals: https://repo.jenkins-ci.org/incrementals/com/sun/tools/1.8.0/tools-1.8.0.pom
[INFO] Downloading from central: https://repo.maven.apache.org/maven2/org/apache/felix/maven-bundle-plugin/maven-metadata.xml
[INFO] Downloaded from central: https://repo.maven.apache.org/maven2/org/apache/felix/maven-bundle-plugin/maven-metadata.xml (1.6 kB at 30 kB/s)
[INFO] Building tar: /home/alex/Repositories/remoting/target/remoting-4.7-SNAPSHOT-agent-load-test.tar.gz
[INFO] Downloading from jvnet-nexus-releases: https://maven.java.net/content/repositories/releases/com/sun/tools/1.8.0/tools-1.8.0.pom
[INFO] Building zip: /home/alex/Repositories/remoting/target/remoting-4.7-SNAPSHOT-agent-load-test.zip
[INFO] 
[INFO] >>> spotbugs-maven-plugin:4.1.3:check (spotbugs) > :spotbugs @ remoting >>>
[INFO] 
[INFO] --- spotbugs-maven-plugin:4.1.3:spotbugs (spotbugs) @ remoting ---
[INFO] Fork Value is true
     [java] The following errors occurred during analysis:
     [java]   Exception while analyzing hudson.remoting.ClassFilter$1.isBlacklisted(Ljava/lang/Class;)Z
     [java]     java.lang.RuntimeException: Unable to call hudson/remoting/ClassFilter.access$000()Lhudson/remoting/ClassFilter;
     [java]       At com.h3xstream.findsecbugs.taintanalysis.TaintFrameModelingVisitor.visitInvoke(TaintFrameModelingVisitor.java:599)
     [java]       At com.h3xstream.findsecbugs.taintanalysis.TaintFrameModelingVisitor.visitINVOKESTATIC(TaintFrameModelingVisitor.java:385)
     [java]       At org.apache.bcel.generic.INVOKESTATIC.accept(INVOKESTATIC.java:86)
     [java]       At edu.umd.cs.findbugs.ba.AbstractFrameModelingVisitor.analyzeInstruction(AbstractFrameModelingVisitor.java:84)
     [java]       At com.h3xstream.findsecbugs.taintanalysis.TaintFrameModelingVisitor.analyzeInstruction(TaintFrameModelingVisitor.java:129)
     [java]       At com.h3xstream.findsecbugs.taintanalysis.TaintAnalysis.transferInstruction(TaintAnalysis.java:90)
     [java]       At com.h3xstream.findsecbugs.taintanalysis.TaintAnalysis.transferInstruction(TaintAnalysis.java:51)
     [java]       At edu.umd.cs.findbugs.ba.AbstractDataflowAnalysis.transfer(AbstractDataflowAnalysis.java:136)
     [java]       At edu.umd.cs.findbugs.ba.Dataflow.execute(Dataflow.java:378)
     [java]       At com.h3xstream.findsecbugs.taintanalysis.TaintDataflowEngine.analyze(TaintDataflowEngine.java:183)
     [java]       At com.h3xstream.findsecbugs.taintanalysis.TaintDataflowEngine.analyze(TaintDataflowEngine.java:56)
     [java]       At edu.umd.cs.findbugs.classfile.impl.AnalysisCache.analyzeMethod(AnalysisCache.java:368)
     [java]       At edu.umd.cs.findbugs.classfile.impl.AnalysisCache.getMethodAnalysis(AnalysisCache.java:321)
     [java]       At com.h3xstream.findsecbugs.injection.AbstractTaintDetector.getTaintDataFlow(AbstractTaintDetector.java:142)
     [java]       At com.h3xstream.findsecbugs.injection.AbstractTaintDetector.analyzeMethod(AbstractTaintDetector.java:109)
     [java]       At com.h3xstream.findsecbugs.injection.AbstractTaintDetector.visitClassContext(AbstractTaintDetector.java:94)
     [java]       At edu.umd.cs.findbugs.DetectorToDetector2Adapter.visitClass(DetectorToDetector2Adapter.java:76)
     [java]       At edu.umd.cs.findbugs.FindBugs2.lambda$analyzeApplication$1(FindBugs2.java:1108)
     [java]       At java.util.concurrent.FutureTask.run(FutureTask.java:266)
     [java]       At edu.umd.cs.findbugs.CurrentThreadExecutorService.execute(CurrentThreadExecutorService.java:86)
     [java]       At java.util.concurrent.AbstractExecutorService.invokeAll(AbstractExecutorService.java:238)
     [java]       At edu.umd.cs.findbugs.FindBugs2.analyzeApplication(FindBugs2.java:1118)
     [java]       At edu.umd.cs.findbugs.FindBugs2.execute(FindBugs2.java:309)
     [java]       At edu.umd.cs.findbugs.FindBugs.runMain(FindBugs.java:395)
     [java]       At edu.umd.cs.findbugs.FindBugs2.main(FindBugs2.java:1231)
     [java]   Exception while analyzing hudson.remoting.ClassFilter$1.isBlacklisted(Ljava/lang/String;)Z
     [java]     java.lang.RuntimeException: Unable to call hudson/remoting/ClassFilter.access$000()Lhudson/remoting/ClassFilter;
     [java]       At com.h3xstream.findsecbugs.taintanalysis.TaintFrameModelingVisitor.visitInvoke(TaintFrameModelingVisitor.java:599)
     [java]       At com.h3xstream.findsecbugs.taintanalysis.TaintFrameModelingVisitor.visitINVOKESTATIC(TaintFrameModelingVisitor.java:385)
     [java]       At org.apache.bcel.generic.INVOKESTATIC.accept(INVOKESTATIC.java:86)
     [java]       At edu.umd.cs.findbugs.ba.AbstractFrameModelingVisitor.analyzeInstruction(AbstractFrameModelingVisitor.java:84)
     [java]       At com.h3xstream.findsecbugs.taintanalysis.TaintFrameModelingVisitor.analyzeInstruction(TaintFrameModelingVisitor.java:129)
     [java]       At com.h3xstream.findsecbugs.taintanalysis.TaintAnalysis.transferInstruction(TaintAnalysis.java:90)
     [java]       At com.h3xstream.findsecbugs.taintanalysis.TaintAnalysis.transferInstruction(TaintAnalysis.java:51)
     [java]       At edu.umd.cs.findbugs.ba.AbstractDataflowAnalysis.transfer(AbstractDataflowAnalysis.java:136)
     [java]       At edu.umd.cs.findbugs.ba.Dataflow.execute(Dataflow.java:378)
     [java]       At com.h3xstream.findsecbugs.taintanalysis.TaintDataflowEngine.analyze(TaintDataflowEngine.java:183)
     [java]       At com.h3xstream.findsecbugs.taintanalysis.TaintDataflowEngine.analyze(TaintDataflowEngine.java:56)
     [java]       At edu.umd.cs.findbugs.classfile.impl.AnalysisCache.analyzeMethod(AnalysisCache.java:368)
     [java]       At edu.umd.cs.findbugs.classfile.impl.AnalysisCache.getMethodAnalysis(AnalysisCache.java:321)
     [java]       At com.h3xstream.findsecbugs.injection.AbstractTaintDetector.getTaintDataFlow(AbstractTaintDetector.java:142)
     [java]       At com.h3xstream.findsecbugs.injection.AbstractTaintDetector.analyzeMethod(AbstractTaintDetector.java:109)
     [java]       At com.h3xstream.findsecbugs.injection.AbstractTaintDetector.visitClassContext(AbstractTaintDetector.java:94)
     [java]       At edu.umd.cs.findbugs.DetectorToDetector2Adapter.visitClass(DetectorToDetector2Adapter.java:76)
     [java]       At edu.umd.cs.findbugs.FindBugs2.lambda$analyzeApplication$1(FindBugs2.java:1108)
     [java]       At java.util.concurrent.FutureTask.run(FutureTask.java:266)
     [java]       At edu.umd.cs.findbugs.CurrentThreadExecutorService.execute(CurrentThreadExecutorService.java:86)
     [java]       At java.util.concurrent.AbstractExecutorService.invokeAll(AbstractExecutorService.java:238)
     [java]       At edu.umd.cs.findbugs.FindBugs2.analyzeApplication(FindBugs2.java:1118)
     [java]       At edu.umd.cs.findbugs.FindBugs2.execute(FindBugs2.java:309)
     [java]       At edu.umd.cs.findbugs.FindBugs.runMain(FindBugs.java:395)
     [java]       At edu.umd.cs.findbugs.FindBugs2.main(FindBugs2.java:1231)
     [java] The following classes needed for analysis were missing:
     [java]   run
     [java]   uncaughtException
     [java]   close
     [java]   call
     [java]   test
     [java]   invoke
     [java]   compare
     [java]   accept
     [java]   get
     [java]   onMessage
[INFO] Done SpotBugs Analysis....
[INFO] 
[INFO] <<< spotbugs-maven-plugin:4.1.3:check (spotbugs) < :spotbugs @ remoting <<<
[INFO] 
[INFO] 
[INFO] --- spotbugs-maven-plugin:4.1.3:check (spotbugs) @ remoting ---
[INFO] BugInstance size is 0
[INFO] Error size is 0
[INFO] No errors/warnings found
[INFO] 
[INFO] --- maven-jarsigner-plugin:3.0.0:verify (default) @ remoting ---
[INFO] 2 archive(s) processed
[INFO] 
[INFO] --- maven-install-plugin:3.0.0-M1:install (default-install) @ remoting ---
[INFO] Installing /home/alex/Repositories/remoting/target/remoting-4.7-SNAPSHOT.jar to /home/alex/.m2/repository/org/jenkins-ci/main/remoting/4.7-SNAPSHOT/remoting-4.7-SNAPSHOT.jar
[INFO] Installing /home/alex/Repositories/remoting/target/remoting-4.7-SNAPSHOT.pom to /home/alex/.m2/repository/org/jenkins-ci/main/remoting/4.7-SNAPSHOT/remoting-4.7-SNAPSHOT.pom
[INFO] Installing /home/alex/Repositories/remoting/target/remoting-4.7-SNAPSHOT-tests.jar to /home/alex/.m2/repository/org/jenkins-ci/main/remoting/4.7-SNAPSHOT/remoting-4.7-SNAPSHOT-tests.jar
[INFO] ------------------------------------------------------------------------
[INFO] BUILD SUCCESS
[INFO] ------------------------------------------------------------------------
[INFO] Total time:  31.694 s
[INFO] Finished at: 2024-05-02T17:09:41+01:00
[INFO] ------------------------------------------------------------------------
