[[1;34mINFO[m] Scanning for projects...
[[1;33mWARNING[m] 
[[1;33mWARNING[m] Some problems were encountered while building the effective model for com.alibaba:fastjson:jar:1.2.51_preview_09
[[1;33mWARNING[m] 'build.plugins.plugin.version' for org.apache.maven.plugins:maven-gpg-plugin is missing. @ line 158, column 12
[[1;33mWARNING[m] 'build.plugins.plugin.version' for org.apache.maven.plugins:maven-surefire-plugin is missing. @ line 126, column 12
[[1;33mWARNING[m] 'build.plugins.plugin.version' for org.apache.maven.plugins:maven-source-plugin is missing. @ line 110, column 12
[[1;33mWARNING[m] 'build.plugins.plugin.version' for org.apache.maven.plugins:maven-javadoc-plugin is missing. @ line 136, column 12
[[1;33mWARNING[m] 
[[1;33mWARNING[m] It is highly recommended to fix these problems because they threaten the stability of your build.
[[1;33mWARNING[m] 
[[1;33mWARNING[m] For this reason, future Maven versions might no longer support building such malformed projects.
[[1;33mWARNING[m] 
[[1;34mINFO[m] 
[[1;34mINFO[m] [1m------------------------< [0;36mcom.alibaba:fastjson[0;1m >------------------------[m
[[1;34mINFO[m] [1mBuilding fastjson 1.2.51_preview_09[m
[[1;34mINFO[m] [1m--------------------------------[ jar ]---------------------------------[m
[[1;34mINFO[m] 
[[1;34mINFO[m] [1m>>> [0;32mtestrunner-maven-plugin:1.2-SNAPSHOT:testplugin[m [1m(default-cli)[0;1m > [0;1mtest-compile[m @ [36mfastjson[0;1m >>>[m
[[1;34mINFO[m] 
[[1;34mINFO[m] [1m--- [0;32mmaven-resources-plugin:2.6:resources[m [1m(default-resources)[m @ [36mfastjson[0;1m ---[m
[[1;34mINFO[m] Using 'UTF-8' encoding to copy filtered resources.
[[1;34mINFO[m] Copying 6 resources
[[1;34mINFO[m] 
[[1;34mINFO[m] [1m--- [0;32mmaven-compiler-plugin:3.5.1:compile[m [1m(default-compile)[m @ [36mfastjson[0;1m ---[m
[[1;34mINFO[m] Nothing to compile - all classes are up to date
[[1;34mINFO[m] 
[[1;34mINFO[m] [1m--- [0;32mmaven-resources-plugin:2.6:testResources[m [1m(default-testResources)[m @ [36mfastjson[0;1m ---[m
[[1;34mINFO[m] Using 'UTF-8' encoding to copy filtered resources.
[[1;34mINFO[m] Copying 94 resources
[[1;34mINFO[m] 
[[1;34mINFO[m] [1m--- [0;32mmaven-compiler-plugin:3.5.1:testCompile[m [1m(default-testCompile)[m @ [36mfastjson[0;1m ---[m
[[1;34mINFO[m] Nothing to compile - all classes are up to date
[[1;34mINFO[m] 
[[1;34mINFO[m] [1m<<< [0;32mtestrunner-maven-plugin:1.2-SNAPSHOT:testplugin[m [1m(default-cli)[0;1m < [0;1mtest-compile[m @ [36mfastjson[0;1m <<<[m
[[1;34mINFO[m] 
[[1;34mINFO[m] 
[[1;34mINFO[m] [1m--- [0;32mtestrunner-maven-plugin:1.2-SNAPSHOT:testplugin[m [1m(default-cli)[m @ [36mfastjson[0;1m ---[m
xmlFileName: 0
replyPath: /home/alex/Repositories/ODRepair/experiments/jsonFiles_0/com.alibaba.json.bvt.serializer.MaxBufSizeTest.test_max_buf/flaky-lists.json
module: /home/alex/Repositories/ODRepair/experiments/projectsInstall/projects/alibaba/fastjson
tests!!!!!!!!!!!!!!!!!!!!!!!!!!!!!!!!!!!!!!!!!!!!!!!!!!!!!!!!!!!!!!!!!!!!!!!!!!!!!!!!!!!!!!!!!!!!!!
$$$$$$$$$$$testFailOrder_full: /home/alex/Repositories/ODRepair/experiments/projectsInstall/projects/alibaba/fastjson
dtl!!!!!!!!!!!
testFailOrder_full1 : com.alibaba.json.bvt.serializer.MaxBufSizeTest.test_max_buf
phase 0 begin
$$$$$$$$$$$testFailOrder_full: /home/alex/Repositories/ODRepair/experiments/projectsInstall/projects/alibaba/fastjson
dtl!!!!!!!!!!!
testFailOrder_full1 : com.alibaba.json.bvt.serializer.MaxBufSizeTest.test_max_buf
$$$$$$$$$$$testPassOrder_full: /home/alex/Repositories/ODRepair/experiments/projectsInstall/projects/alibaba/fastjson
dtl!!!!!!!!!!!
testFailOrder_full1 : com.alibaba.json.bvt.serializer.MaxBufSizeTest.test_max_buf
$$$$$$$$$$$testFailOrder_full: /home/alex/Repositories/ODRepair/experiments/projectsInstall/projects/alibaba/fastjson
dtl!!!!!!!!!!!
testFailOrder_full1 : com.alibaba.json.bvt.serializer.MaxBufSizeTest.test_max_buf
Failing order results: FAILURE
$$$$$$$$$$$testFailOrder_full: /home/alex/Repositories/ODRepair/experiments/projectsInstall/projects/alibaba/fastjson
dtl!!!!!!!!!!!
testFailOrder_full1 : com.alibaba.json.bvt.serializer.MaxBufSizeTest.test_max_buf
Failing order results: FAILURE
$$$$$$$$$$$testFailOrder_full: /home/alex/Repositories/ODRepair/experiments/projectsInstall/projects/alibaba/fastjson
dtl!!!!!!!!!!!
testFailOrder_full1 : com.alibaba.json.bvt.serializer.MaxBufSizeTest.test_max_buf
Failing order results: FAILURE
$$$$$$$$$$$testFailOrder_full: /home/alex/Repositories/ODRepair/experiments/projectsInstall/projects/alibaba/fastjson
dtl!!!!!!!!!!!
testFailOrder_full1 : com.alibaba.json.bvt.serializer.MaxBufSizeTest.test_max_buf
Failing order results: FAILURE
$$$$$$$$$$$testFailOrder_full: /home/alex/Repositories/ODRepair/experiments/projectsInstall/projects/alibaba/fastjson
dtl!!!!!!!!!!!
testFailOrder_full1 : com.alibaba.json.bvt.serializer.MaxBufSizeTest.test_max_buf
Failing order results: FAILURE
$$$$$$$$$$$testFailOrder_full: /home/alex/Repositories/ODRepair/experiments/projectsInstall/projects/alibaba/fastjson
dtl!!!!!!!!!!!
testFailOrder_full1 : com.alibaba.json.bvt.serializer.MaxBufSizeTest.test_max_buf
Failing order results: FAILURE
$$$$$$$$$$$testFailOrder_full: /home/alex/Repositories/ODRepair/experiments/projectsInstall/projects/alibaba/fastjson
dtl!!!!!!!!!!!
testFailOrder_full1 : com.alibaba.json.bvt.serializer.MaxBufSizeTest.test_max_buf
Failing order results: FAILURE
$$$$$$$$$$$testFailOrder_full: /home/alex/Repositories/ODRepair/experiments/projectsInstall/projects/alibaba/fastjson
dtl!!!!!!!!!!!
testFailOrder_full1 : com.alibaba.json.bvt.serializer.MaxBufSizeTest.test_max_buf
Failing order results: FAILURE
$$$$$$$$$$$testFailOrder_full: /home/alex/Repositories/ODRepair/experiments/projectsInstall/projects/alibaba/fastjson
dtl!!!!!!!!!!!
testFailOrder_full1 : com.alibaba.json.bvt.serializer.MaxBufSizeTest.test_max_buf
Failing order results: FAILURE
$$$$$$$$$$$testFailOrder_full: /home/alex/Repositories/ODRepair/experiments/projectsInstall/projects/alibaba/fastjson
dtl!!!!!!!!!!!
testFailOrder_full1 : com.alibaba.json.bvt.serializer.MaxBufSizeTest.test_max_buf
Failing order results: FAILURE
$$$$$$$$$$$testPassOrder_full: /home/alex/Repositories/ODRepair/experiments/projectsInstall/projects/alibaba/fastjson
dtl!!!!!!!!!!!
testFailOrder_full1 : com.alibaba.json.bvt.serializer.MaxBufSizeTest.test_max_buf
passing order results: PASS
$$$$$$$$$$$testPassOrder_full: /home/alex/Repositories/ODRepair/experiments/projectsInstall/projects/alibaba/fastjson
dtl!!!!!!!!!!!
testFailOrder_full1 : com.alibaba.json.bvt.serializer.MaxBufSizeTest.test_max_buf
passing order results: PASS
$$$$$$$$$$$testPassOrder_full: /home/alex/Repositories/ODRepair/experiments/projectsInstall/projects/alibaba/fastjson
dtl!!!!!!!!!!!
testFailOrder_full1 : com.alibaba.json.bvt.serializer.MaxBufSizeTest.test_max_buf
passing order results: PASS
$$$$$$$$$$$testPassOrder_full: /home/alex/Repositories/ODRepair/experiments/projectsInstall/projects/alibaba/fastjson
dtl!!!!!!!!!!!
testFailOrder_full1 : com.alibaba.json.bvt.serializer.MaxBufSizeTest.test_max_buf
passing order results: PASS
$$$$$$$$$$$testPassOrder_full: /home/alex/Repositories/ODRepair/experiments/projectsInstall/projects/alibaba/fastjson
dtl!!!!!!!!!!!
testFailOrder_full1 : com.alibaba.json.bvt.serializer.MaxBufSizeTest.test_max_buf
passing order results: PASS
$$$$$$$$$$$testPassOrder_full: /home/alex/Repositories/ODRepair/experiments/projectsInstall/projects/alibaba/fastjson
dtl!!!!!!!!!!!
testFailOrder_full1 : com.alibaba.json.bvt.serializer.MaxBufSizeTest.test_max_buf
passing order results: PASS
$$$$$$$$$$$testPassOrder_full: /home/alex/Repositories/ODRepair/experiments/projectsInstall/projects/alibaba/fastjson
dtl!!!!!!!!!!!
testFailOrder_full1 : com.alibaba.json.bvt.serializer.MaxBufSizeTest.test_max_buf
passing order results: PASS
$$$$$$$$$$$testPassOrder_full: /home/alex/Repositories/ODRepair/experiments/projectsInstall/projects/alibaba/fastjson
dtl!!!!!!!!!!!
testFailOrder_full1 : com.alibaba.json.bvt.serializer.MaxBufSizeTest.test_max_buf
passing order results: PASS
$$$$$$$$$$$testPassOrder_full: /home/alex/Repositories/ODRepair/experiments/projectsInstall/projects/alibaba/fastjson
dtl!!!!!!!!!!!
testFailOrder_full1 : com.alibaba.json.bvt.serializer.MaxBufSizeTest.test_max_buf
passing order results: PASS
$$$$$$$$$$$testPassOrder_full: /home/alex/Repositories/ODRepair/experiments/projectsInstall/projects/alibaba/fastjson
dtl!!!!!!!!!!!
testFailOrder_full1 : com.alibaba.json.bvt.serializer.MaxBufSizeTest.test_max_buf
passing order results: PASS
phase 0 ends
phase 1!!!
PASS
phase 1 results: {com.alibaba.json.bvt.serializer.MaxBufSizeTest.test_max_buf:0=TestResult(com.alibaba.json.bvt.serializer.MaxBufSizeTest.test_max_buf,PASS,0.017121819,[Ljava.lang.StackTraceElement;@2cc75074), com.alibaba.json.bvt.serializer.MaxBufSizeTest.test_max_buf:1=TestResult(com.alibaba.json.bvt.serializer.MaxBufSizeTest.test_max_buf,PASS,3.97282E-4,[Ljava.lang.StackTraceElement;@445bb139)}
finished phase 1!!
enter phase 2!!!
finished phase 2!!
xmlFileName: 1
enter phase 4 before!!
$$$$$$$$$$$testFailOrder_full: /home/alex/Repositories/ODRepair/experiments/projectsInstall/projects/alibaba/fastjson
dtl!!!!!!!!!!!
testFailOrder_full1 : com.alibaba.json.bvt.serializer.MaxBufSizeTest.test_max_buf
finish phase 4 before!!
enter phase 5!!!
xmlFileNum: 2
begining diff!!!!!!!!!!
doublevictim!!
reflection begin!!

$$$$$$$$$$$testFailOrder_full: /home/alex/Repositories/ODRepair/experiments/projectsInstall/projects/alibaba/fastjson
dtl!!!!!!!!!!!
testFailOrder_full1 : com.alibaba.json.bvt.serializer.MaxBufSizeTest.test_max_buf
diffFieldAfter com.alibaba.json.bvt.serializer.SerializeWriterTest_14.test_writer_2 java.lang.System.props
doing reflection%%%%%%%%%%%%%%%%%%%%%%%%%%%%%%%%%%
$$$$$$$$$$$testFailOrder_full: /home/alex/Repositories/ODRepair/experiments/projectsInstall/projects/alibaba/fastjson
dtl!!!!!!!!!!!
testFailOrder_full1 : com.alibaba.json.bvt.serializer.MaxBufSizeTest.test_max_buf
diffFieldAfter com.alibaba.json.bvt.serializer.SerializeWriterTest_14.test_writer_2 com.alibaba.fastjson.serializer.SerializeWriter.bufLocal
doing reflection%%%%%%%%%%%%%%%%%%%%%%%%%%%%%%%%%%
$$$$$$$$$$$testFailOrder_full: /home/alex/Repositories/ODRepair/experiments/projectsInstall/projects/alibaba/fastjson
dtl!!!!!!!!!!!
testFailOrder_full1 : com.alibaba.json.bvt.serializer.MaxBufSizeTest.test_max_buf
reflection on diffField: com.alibaba.fastjson.serializer.SerializeWriter.bufLocal is success!!
diffFieldAfter com.alibaba.json.bvt.serializer.SerializeWriterTest_14.test_writer_2 java.lang.System.out
doing reflection%%%%%%%%%%%%%%%%%%%%%%%%%%%%%%%%%%
$$$$$$$$$$$testFailOrder_full: /home/alex/Repositories/ODRepair/experiments/projectsInstall/projects/alibaba/fastjson
dtl!!!!!!!!!!!
testFailOrder_full1 : com.alibaba.json.bvt.serializer.MaxBufSizeTest.test_max_buf
error in reflection for field: java.lang.System.out java.lang.Exception: Non-zero exit code (output in /home/alex/Repositories/ODRepair/experiments/projectsInstall/projects/alibaba/fastjson/failing-test-output-1713359100406-9b090f65-f861-4123-b3dd-ec01b76ebe51): 2
[[1;34mINFO[m] [1m------------------------------------------------------------------------[m
[[1;34mINFO[m] [1;32mBUILD SUCCESS[m
[[1;34mINFO[m] [1m------------------------------------------------------------------------[m
[[1;34mINFO[m] Total time:  22.501 s
[[1;34mINFO[m] Finished at: 2024-04-17T14:05:01+01:00
[[1;34mINFO[m] [1m------------------------------------------------------------------------[m
