<?xml version="1.0" encoding="UTF-8"?>
<testsuite xmlns:xsi="http://www.w3.org/2001/XMLSchema-instance" xsi:noNamespaceSchemaLocation="https://maven.apache.org/surefire/maven-surefire-plugin/xsd/surefire-test-report-3.0.xsd" version="3.0" name="org.apache.nifi.security.util.crypto.ScryptCipherProviderGroovyTest" time="0.382" tests="23" errors="0" skipped="1" failures="0">
  <properties>
    <property name="sun.desktop" value="gnome"/>
    <property name="awt.toolkit" value="sun.awt.X11.XToolkit"/>
    <property name="java.specification.version" value="1.8"/>
    <property name="file.encoding.pkg" value="sun.io"/>
    <property name="nondexStart" value="0"/>
    <property name="sun.cpu.isalist" value=""/>
    <property name="sun.jnu.encoding" value="UTF-8"/>
    <property name="java.class.path" value="/home/alex/Repositories/nifi/nifi-commons/nifi-security-utils/target/test-classes:/home/alex/Repositories/nifi/nifi-commons/nifi-security-utils/target/classes:/home/alex/Repositories/nifi/nifi-api/target/classes:/home/alex/Repositories/nifi/nifi-commons/nifi-utils/target/classes:/home/alex/Repositories/nifi/nifi-commons/nifi-security-utils-api/target/classes:/home/alex/Repositories/nifi/nifi-commons/nifi-security-kms/target/classes:/home/alex/.m2/repository/org/apache/commons/commons-lang3/3.12.0/commons-lang3-3.12.0.jar:/home/alex/.m2/repository/commons-codec/commons-codec/1.14/commons-codec-1.14.jar:/home/alex/.m2/repository/org/bouncycastle/bcprov-jdk15on/1.69/bcprov-jdk15on-1.69.jar:/home/alex/.m2/repository/org/bouncycastle/bcpkix-jdk15on/1.69/bcpkix-jdk15on-1.69.jar:/home/alex/.m2/repository/org/bouncycastle/bcutil-jdk15on/1.69/bcutil-jdk15on-1.69.jar:/home/alex/Repositories/nifi/nifi-commons/nifi-properties/target/classes:/home/alex/Repositories/nifi/nifi-commons/nifi-property-utils/target/classes:/home/alex/.m2/repository/at/favre/lib/bcrypt/0.9.0/bcrypt-0.9.0.jar:/home/alex/.m2/repository/at/favre/lib/bytes/1.3.0/bytes-1.3.0.jar:/home/alex/.m2/repository/org/apache/commons/commons-configuration2/2.7/commons-configuration2-2.7.jar:/home/alex/.m2/repository/org/apache/commons/commons-text/1.8/commons-text-1.8.jar:/home/alex/.m2/repository/org/slf4j/jcl-over-slf4j/1.7.32/jcl-over-slf4j-1.7.32.jar:/home/alex/.m2/repository/org/slf4j/slf4j-api/1.7.32/slf4j-api-1.7.32.jar:/home/alex/.m2/repository/org/junit/jupiter/junit-jupiter-api/5.7.2/junit-jupiter-api-5.7.2.jar:/home/alex/.m2/repository/org/apiguardian/apiguardian-api/1.1.0/apiguardian-api-1.1.0.jar:/home/alex/.m2/repository/org/opentest4j/opentest4j/1.2.0/opentest4j-1.2.0.jar:/home/alex/.m2/repository/org/junit/platform/junit-platform-commons/1.7.2/junit-platform-commons-1.7.2.jar:/home/alex/.m2/repository/org/junit/jupiter/junit-jupiter-engine/5.7.2/junit-jupiter-engine-5.7.2.jar:/home/alex/.m2/repository/org/junit/platform/junit-platform-engine/1.7.2/junit-platform-engine-1.7.2.jar:/home/alex/.m2/repository/org/junit/vintage/junit-vintage-engine/5.7.2/junit-vintage-engine-5.7.2.jar:/home/alex/.m2/repository/junit/junit/4.13.2/junit-4.13.2.jar:/home/alex/.m2/repository/org/hamcrest/hamcrest-core/1.3/hamcrest-core-1.3.jar:/home/alex/.m2/repository/org/junit/jupiter/junit-jupiter-params/5.7.2/junit-jupiter-params-5.7.2.jar:/home/alex/.m2/repository/org/mockito/mockito-core/3.11.2/mockito-core-3.11.2.jar:/home/alex/.m2/repository/net/bytebuddy/byte-buddy/1.11.3/byte-buddy-1.11.3.jar:/home/alex/.m2/repository/net/bytebuddy/byte-buddy-agent/1.11.3/byte-buddy-agent-1.11.3.jar:/home/alex/.m2/repository/org/objenesis/objenesis/3.2/objenesis-3.2.jar:/home/alex/.m2/repository/org/mockito/mockito-junit-jupiter/3.11.2/mockito-junit-jupiter-3.11.2.jar:/home/alex/.m2/repository/org/slf4j/slf4j-simple/1.7.32/slf4j-simple-1.7.32.jar:/home/alex/.m2/repository/org/codehaus/groovy/groovy-test/2.5.14/groovy-test-2.5.14.jar:/home/alex/.m2/repository/org/codehaus/groovy/groovy/2.5.14/groovy-2.5.14.jar:"/>
    <property name="java.vm.vendor" value="Private Build"/>
    <property name="nondexPrintstack" value="false"/>
    <property name="sun.arch.data.model" value="64"/>
    <property name="java.vendor.url" value="http://java.oracle.com/"/>
    <property name="user.timezone" value=""/>
    <property name="os.name" value="Linux"/>
    <property name="java.vm.specification.version" value="1.8"/>
    <property name="sun.java.launcher" value="SUN_STANDARD"/>
    <property name="user.country" value="US"/>
    <property name="sun.boot.library.path" value="/usr/lib/jvm/java-8-openjdk-amd64/jre/lib/amd64"/>
    <property name="sun.java.command" value="/home/alex/Repositories/nifi/nifi-commons/nifi-security-utils/target/surefire/surefirebooter2970785943283705063.jar /home/alex/Repositories/nifi/nifi-commons/nifi-security-utils/target/surefire 2024-04-23T18-28-02_696-jvmRun1 surefire5769266180515524906tmp surefire_274378589957025572397tmp"/>
    <property name="nondexLogging" value="CONFIG"/>
    <property name="surefire.test.class.path" value="/home/alex/Repositories/nifi/nifi-commons/nifi-security-utils/target/test-classes:/home/alex/Repositories/nifi/nifi-commons/nifi-security-utils/target/classes:/home/alex/Repositories/nifi/nifi-api/target/classes:/home/alex/Repositories/nifi/nifi-commons/nifi-utils/target/classes:/home/alex/Repositories/nifi/nifi-commons/nifi-security-utils-api/target/classes:/home/alex/Repositories/nifi/nifi-commons/nifi-security-kms/target/classes:/home/alex/.m2/repository/org/apache/commons/commons-lang3/3.12.0/commons-lang3-3.12.0.jar:/home/alex/.m2/repository/commons-codec/commons-codec/1.14/commons-codec-1.14.jar:/home/alex/.m2/repository/org/bouncycastle/bcprov-jdk15on/1.69/bcprov-jdk15on-1.69.jar:/home/alex/.m2/repository/org/bouncycastle/bcpkix-jdk15on/1.69/bcpkix-jdk15on-1.69.jar:/home/alex/.m2/repository/org/bouncycastle/bcutil-jdk15on/1.69/bcutil-jdk15on-1.69.jar:/home/alex/Repositories/nifi/nifi-commons/nifi-properties/target/classes:/home/alex/Repositories/nifi/nifi-commons/nifi-property-utils/target/classes:/home/alex/.m2/repository/at/favre/lib/bcrypt/0.9.0/bcrypt-0.9.0.jar:/home/alex/.m2/repository/at/favre/lib/bytes/1.3.0/bytes-1.3.0.jar:/home/alex/.m2/repository/org/apache/commons/commons-configuration2/2.7/commons-configuration2-2.7.jar:/home/alex/.m2/repository/org/apache/commons/commons-text/1.8/commons-text-1.8.jar:/home/alex/.m2/repository/org/slf4j/jcl-over-slf4j/1.7.32/jcl-over-slf4j-1.7.32.jar:/home/alex/.m2/repository/org/slf4j/slf4j-api/1.7.32/slf4j-api-1.7.32.jar:/home/alex/.m2/repository/org/junit/jupiter/junit-jupiter-api/5.7.2/junit-jupiter-api-5.7.2.jar:/home/alex/.m2/repository/org/apiguardian/apiguardian-api/1.1.0/apiguardian-api-1.1.0.jar:/home/alex/.m2/repository/org/opentest4j/opentest4j/1.2.0/opentest4j-1.2.0.jar:/home/alex/.m2/repository/org/junit/platform/junit-platform-commons/1.7.2/junit-platform-commons-1.7.2.jar:/home/alex/.m2/repository/org/junit/jupiter/junit-jupiter-engine/5.7.2/junit-jupiter-engine-5.7.2.jar:/home/alex/.m2/repository/org/junit/platform/junit-platform-engine/1.7.2/junit-platform-engine-1.7.2.jar:/home/alex/.m2/repository/org/junit/vintage/junit-vintage-engine/5.7.2/junit-vintage-engine-5.7.2.jar:/home/alex/.m2/repository/junit/junit/4.13.2/junit-4.13.2.jar:/home/alex/.m2/repository/org/hamcrest/hamcrest-core/1.3/hamcrest-core-1.3.jar:/home/alex/.m2/repository/org/junit/jupiter/junit-jupiter-params/5.7.2/junit-jupiter-params-5.7.2.jar:/home/alex/.m2/repository/org/mockito/mockito-core/3.11.2/mockito-core-3.11.2.jar:/home/alex/.m2/repository/net/bytebuddy/byte-buddy/1.11.3/byte-buddy-1.11.3.jar:/home/alex/.m2/repository/net/bytebuddy/byte-buddy-agent/1.11.3/byte-buddy-agent-1.11.3.jar:/home/alex/.m2/repository/org/objenesis/objenesis/3.2/objenesis-3.2.jar:/home/alex/.m2/repository/org/mockito/mockito-junit-jupiter/3.11.2/mockito-junit-jupiter-3.11.2.jar:/home/alex/.m2/repository/org/slf4j/slf4j-simple/1.7.32/slf4j-simple-1.7.32.jar:/home/alex/.m2/repository/org/codehaus/groovy/groovy-test/2.5.14/groovy-test-2.5.14.jar:/home/alex/.m2/repository/org/codehaus/groovy/groovy/2.5.14/groovy-2.5.14.jar:"/>
    <property name="sun.cpu.endian" value="little"/>
    <property name="nondexExecid" value="ptdZLsz0IuaTHJPia2tqOzesfDoiZhp71MbPdEvRzY="/>
    <property name="user.home" value="/home/alex"/>
    <property name="user.language" value="en"/>
    <property name="java.specification.vendor" value="Oracle Corporation"/>
    <property name="java.home" value="/usr/lib/jvm/java-8-openjdk-amd64/jre"/>
    <property name="basedir" value="/home/alex/Repositories/nifi/nifi-commons/nifi-security-utils"/>
    <property name="file.separator" value="/"/>
    <property name="nondexEnd" value="9223372036854775807"/>
    <property name="line.separator" value="&#10;"/>
    <property name="java.vm.specification.vendor" value="Oracle Corporation"/>
    <property name="java.specification.name" value="Java Platform API Specification"/>
    <property name="java.awt.graphicsenv" value="sun.awt.X11GraphicsEnvironment"/>
    <property name="java.awt.headless" value="true"/>
    <property name="nondexFilter" value=".*"/>
    <property name="nondexSeed" value="1016066"/>
    <property name="surefire.real.class.path" value="/home/alex/Repositories/nifi/nifi-commons/nifi-security-utils/target/surefire/surefirebooter2970785943283705063.jar"/>
    <property name="sun.boot.class.path" value="/home/alex/Repositories/nifi/nifi-commons/nifi-security-utils/.nondex/nondex-instr.jar:/home/alex/.m2/repository/edu/illinois/nondex-common/2.1.7/nondex-common-2.1.7.jar:/home/alex/.m2/repository/edu/illinois/nondex-annotations/2.1.7/nondex-annotations-2.1.7.jar:/usr/lib/jvm/java-8-openjdk-amd64/jre/lib/resources.jar:/usr/lib/jvm/java-8-openjdk-amd64/jre/lib/rt.jar:/usr/lib/jvm/java-8-openjdk-amd64/jre/lib/sunrsasign.jar:/usr/lib/jvm/java-8-openjdk-amd64/jre/lib/jsse.jar:/usr/lib/jvm/java-8-openjdk-amd64/jre/lib/jce.jar:/usr/lib/jvm/java-8-openjdk-amd64/jre/lib/charsets.jar:/usr/lib/jvm/java-8-openjdk-amd64/jre/lib/jfr.jar:/usr/lib/jvm/java-8-openjdk-amd64/jre/classes"/>
    <property name="sun.management.compiler" value="HotSpot 64-Bit Tiered Compilers"/>
    <property name="java.runtime.version" value="1.8.0_402-8u402-ga-2ubuntu1~22.04-b06"/>
    <property name="java.net.preferIPv4Stack" value="true"/>
    <property name="user.name" value="alex"/>
    <property name="path.separator" value=":"/>
    <property name="os.version" value="6.5.0-28-generic"/>
    <property name="java.endorsed.dirs" value="/usr/lib/jvm/java-8-openjdk-amd64/jre/lib/endorsed"/>
    <property name="java.runtime.name" value="OpenJDK Runtime Environment"/>
    <property name="file.encoding" value="UTF-8"/>
    <property name="java.vm.name" value="OpenJDK 64-Bit Server VM"/>
    <property name="localRepository" value="/home/alex/.m2/repository"/>
    <property name="nondexDir" value="/home/alex/Repositories/nifi/nifi-commons/nifi-security-utils/.nondex"/>
    <property name="java.vendor.url.bug" value="http://bugreport.sun.com/bugreport/"/>
    <property name="nondexJarDir" value="/home/alex/Repositories/nifi/nifi-commons/nifi-security-utils/.nondex"/>
    <property name="java.io.tmpdir" value="/tmp"/>
    <property name="java.version" value="1.8.0_402"/>
    <property name="user.dir" value="/home/alex/Repositories/nifi/nifi-commons/nifi-security-utils"/>
    <property name="os.arch" value="amd64"/>
    <property name="nondexMode" value="FULL"/>
    <property name="java.vm.specification.name" value="Java Virtual Machine Specification"/>
    <property name="java.awt.printerjob" value="sun.print.PSPrinterJob"/>
    <property name="sun.os.patch.level" value="unknown"/>
    <property name="java.library.path" value="/usr/java/packages/lib/amd64:/usr/lib/x86_64-linux-gnu/jni:/lib/x86_64-linux-gnu:/usr/lib/x86_64-linux-gnu:/usr/lib/jni:/lib:/usr/lib"/>
    <property name="java.vendor" value="Private Build"/>
    <property name="java.vm.info" value="mixed mode"/>
    <property name="java.vm.version" value="25.402-b06"/>
    <property name="java.specification.maintenance.version" value="5"/>
    <property name="sun.io.unicode.encoding" value="UnicodeLittle"/>
    <property name="java.ext.dirs" value="/usr/lib/jvm/java-8-openjdk-amd64/jre/lib/ext:/usr/java/packages/lib/ext"/>
    <property name="java.class.version" value="52.0"/>
  </properties>
  <testcase name="testGetCipherForDecryptShouldRequireIV" classname="org.apache.nifi.security.util.crypto.ScryptCipherProviderGroovyTest" time="0.013">
    <system-err><![CDATA[[main] WARN org.apache.nifi.security.util.crypto.ScryptCipherProvider - The provided iteration count 4 is below the recommended minimum 16384
[main] WARN org.apache.nifi.security.util.crypto.ScryptCipherProvider - The provided block size 1 is below the recommended minimum 8
[main] INFO org.apache.nifi.security.util.crypto.ScryptCipherProviderGroovyTest - Using algorithm: AES/CBC/NoPadding
[main] WARN org.apache.nifi.security.util.crypto.ScryptSecureHasher - The provided r size 1 * 128 B is below the recommended minimum 8.
[main] WARN org.apache.nifi.security.util.crypto.ScryptSecureHasher - The provided iteration count N 4 is below the recommended minimum 16384.
[main] WARN org.apache.nifi.security.util.crypto.AESKeyedCipherProvider - An empty IV was provided of length 16 for encryption
[main] WARN org.apache.nifi.security.util.crypto.AESKeyedCipherProvider - Generating new IV. The value can be obtained in the calling code by invoking 'cipher.getIV()';
[main] INFO org.apache.nifi.security.util.crypto.ScryptCipherProviderGroovyTest - IV: 00000000000000000000000000000000
[main] INFO org.apache.nifi.security.util.crypto.ScryptCipherProviderGroovyTest - Cipher text: f7a40320f690422c6fbe5a6b2dc0234c796319334f132d4e9a08ab42b5211f20 32
[main] WARN org.apache.nifi.security.util.crypto.ScryptSecureHasher - The provided r size 1 * 128 B is below the recommended minimum 8.
[main] WARN org.apache.nifi.security.util.crypto.ScryptSecureHasher - The provided iteration count N 4 is below the recommended minimum 16384.
[main] WARN org.apache.nifi.security.util.crypto.AESKeyedCipherProvider - An IV was provided of length 0 bytes for decryption but should be 16 bytes
[main] ERROR org.apache.nifi.security.util.crypto.ScryptCipherProvider - Encountered an error generating the Scrypt hash
java.lang.IllegalArgumentException: Cannot decrypt without a valid IV
	at org.apache.nifi.security.util.crypto.AESKeyedCipherProvider.getInitializedCipher(AESKeyedCipherProvider.java:128)
	at org.apache.nifi.security.util.crypto.AESKeyedCipherProvider.getCipher(AESKeyedCipherProvider.java:60)
	at org.apache.nifi.security.util.crypto.ScryptCipherProvider.getInitializedCipher(ScryptCipherProvider.java:209)
	at org.apache.nifi.security.util.crypto.ScryptCipherProvider.getCipher(ScryptCipherProvider.java:133)
	at org.apache.nifi.security.util.crypto.ScryptCipherProvider.getCipher(ScryptCipherProvider.java:161)
	at org.apache.nifi.security.util.crypto.PBECipherProvider$getCipher$0.call(Unknown Source)
	at org.codehaus.groovy.runtime.callsite.CallSiteArray.defaultCall(CallSiteArray.java:47)
	at org.codehaus.groovy.runtime.callsite.AbstractCallSite.call(AbstractCallSite.java:115)
	at org.apache.nifi.security.util.crypto.ScryptCipherProviderGroovyTest$_testGetCipherForDecryptShouldRequireIV_closure7.doCall(ScryptCipherProviderGroovyTest.groovy:370)
	at org.apache.nifi.security.util.crypto.ScryptCipherProviderGroovyTest$_testGetCipherForDecryptShouldRequireIV_closure7.doCall(ScryptCipherProviderGroovyTest.groovy)
	at sun.reflect.NativeMethodAccessorImpl.invoke0(Native Method)
	at sun.reflect.NativeMethodAccessorImpl.invoke(NativeMethodAccessorImpl.java:62)
	at sun.reflect.DelegatingMethodAccessorImpl.invoke(DelegatingMethodAccessorImpl.java:43)
	at java.lang.reflect.Method.invoke(Method.java:498)
	at org.codehaus.groovy.reflection.CachedMethod.invoke(CachedMethod.java:101)
	at groovy.lang.MetaMethod.doMethodInvoke(MetaMethod.java:323)
	at org.codehaus.groovy.runtime.metaclass.ClosureMetaClass.invokeMethod(ClosureMetaClass.java:263)
	at groovy.lang.MetaClassImpl.invokeMethod(MetaClassImpl.java:1041)
	at groovy.lang.Closure.call(Closure.java:405)
	at groovy.lang.Closure.call(Closure.java:399)
	at groovy.test.GroovyAssert.shouldFail(GroovyAssert.java:118)
	at groovy.test.GroovyAssert$shouldFail.callStatic(Unknown Source)
	at org.codehaus.groovy.runtime.callsite.CallSiteArray.defaultCallStatic(CallSiteArray.java:55)
	at org.codehaus.groovy.runtime.callsite.AbstractCallSite.callStatic(AbstractCallSite.java:196)
	at org.codehaus.groovy.runtime.callsite.AbstractCallSite.callStatic(AbstractCallSite.java:216)
	at org.apache.nifi.security.util.crypto.ScryptCipherProviderGroovyTest.testGetCipherForDecryptShouldRequireIV(ScryptCipherProviderGroovyTest.groovy:369)
	at sun.reflect.NativeMethodAccessorImpl.invoke0(Native Method)
	at sun.reflect.NativeMethodAccessorImpl.invoke(NativeMethodAccessorImpl.java:62)
	at sun.reflect.DelegatingMethodAccessorImpl.invoke(DelegatingMethodAccessorImpl.java:43)
	at java.lang.reflect.Method.invoke(Method.java:498)
	at org.junit.platform.commons.util.ReflectionUtils.invokeMethod(ReflectionUtils.java:688)
	at org.junit.jupiter.engine.execution.MethodInvocation.proceed(MethodInvocation.java:60)
	at org.junit.jupiter.engine.execution.InvocationInterceptorChain$ValidatingInvocation.proceed(InvocationInterceptorChain.java:131)
	at org.junit.jupiter.engine.extension.TimeoutExtension.intercept(TimeoutExtension.java:149)
	at org.junit.jupiter.engine.extension.TimeoutExtension.interceptTestableMethod(TimeoutExtension.java:140)
	at org.junit.jupiter.engine.extension.TimeoutExtension.interceptTestMethod(TimeoutExtension.java:84)
	at org.junit.jupiter.engine.execution.ExecutableInvoker$ReflectiveInterceptorCall.lambda$ofVoidMethod$0(ExecutableInvoker.java:115)
	at org.junit.jupiter.engine.execution.ExecutableInvoker.lambda$invoke$0(ExecutableInvoker.java:105)
	at org.junit.jupiter.engine.execution.InvocationInterceptorChain$InterceptedInvocation.proceed(InvocationInterceptorChain.java:106)
	at org.junit.jupiter.engine.execution.InvocationInterceptorChain.proceed(InvocationInterceptorChain.java:64)
	at org.junit.jupiter.engine.execution.InvocationInterceptorChain.chainAndInvoke(InvocationInterceptorChain.java:45)
	at org.junit.jupiter.engine.execution.InvocationInterceptorChain.invoke(InvocationInterceptorChain.java:37)
	at org.junit.jupiter.engine.execution.ExecutableInvoker.invoke(ExecutableInvoker.java:104)
	at org.junit.jupiter.engine.execution.ExecutableInvoker.invoke(ExecutableInvoker.java:98)
	at org.junit.jupiter.engine.descriptor.TestMethodTestDescriptor.lambda$invokeTestMethod$6(TestMethodTestDescriptor.java:210)
	at org.junit.platform.engine.support.hierarchical.ThrowableCollector.execute(ThrowableCollector.java:73)
	at org.junit.jupiter.engine.descriptor.TestMethodTestDescriptor.invokeTestMethod(TestMethodTestDescriptor.java:206)
	at org.junit.jupiter.engine.descriptor.TestMethodTestDescriptor.execute(TestMethodTestDescriptor.java:131)
	at org.junit.jupiter.engine.descriptor.TestMethodTestDescriptor.execute(TestMethodTestDescriptor.java:65)
	at org.junit.platform.engine.support.hierarchical.NodeTestTask.lambda$executeRecursively$5(NodeTestTask.java:139)
	at org.junit.platform.engine.support.hierarchical.ThrowableCollector.execute(ThrowableCollector.java:73)
	at org.junit.platform.engine.support.hierarchical.NodeTestTask.lambda$executeRecursively$7(NodeTestTask.java:129)
	at org.junit.platform.engine.support.hierarchical.Node.around(Node.java:137)
	at org.junit.platform.engine.support.hierarchical.NodeTestTask.lambda$executeRecursively$8(NodeTestTask.java:127)
	at org.junit.platform.engine.support.hierarchical.ThrowableCollector.execute(ThrowableCollector.java:73)
	at org.junit.platform.engine.support.hierarchical.NodeTestTask.executeRecursively(NodeTestTask.java:126)
	at org.junit.platform.engine.support.hierarchical.NodeTestTask.execute(NodeTestTask.java:84)
	at java.util.ArrayList.forEach(ArrayList.java:1259)
	at org.junit.platform.engine.support.hierarchical.SameThreadHierarchicalTestExecutorService.invokeAll(SameThreadHierarchicalTestExecutorService.java:38)
	at org.junit.platform.engine.support.hierarchical.NodeTestTask.lambda$executeRecursively$5(NodeTestTask.java:143)
	at org.junit.platform.engine.support.hierarchical.ThrowableCollector.execute(ThrowableCollector.java:73)
	at org.junit.platform.engine.support.hierarchical.NodeTestTask.lambda$executeRecursively$7(NodeTestTask.java:129)
	at org.junit.platform.engine.support.hierarchical.Node.around(Node.java:137)
	at org.junit.platform.engine.support.hierarchical.NodeTestTask.lambda$executeRecursively$8(NodeTestTask.java:127)
	at org.junit.platform.engine.support.hierarchical.ThrowableCollector.execute(ThrowableCollector.java:73)
	at org.junit.platform.engine.support.hierarchical.NodeTestTask.executeRecursively(NodeTestTask.java:126)
	at org.junit.platform.engine.support.hierarchical.NodeTestTask.execute(NodeTestTask.java:84)
	at java.util.ArrayList.forEach(ArrayList.java:1259)
	at org.junit.platform.engine.support.hierarchical.SameThreadHierarchicalTestExecutorService.invokeAll(SameThreadHierarchicalTestExecutorService.java:38)
	at org.junit.platform.engine.support.hierarchical.NodeTestTask.lambda$executeRecursively$5(NodeTestTask.java:143)
	at org.junit.platform.engine.support.hierarchical.ThrowableCollector.execute(ThrowableCollector.java:73)
	at org.junit.platform.engine.support.hierarchical.NodeTestTask.lambda$executeRecursively$7(NodeTestTask.java:129)
	at org.junit.platform.engine.support.hierarchical.Node.around(Node.java:137)
	at org.junit.platform.engine.support.hierarchical.NodeTestTask.lambda$executeRecursively$8(NodeTestTask.java:127)
	at org.junit.platform.engine.support.hierarchical.ThrowableCollector.execute(ThrowableCollector.java:73)
	at org.junit.platform.engine.support.hierarchical.NodeTestTask.executeRecursively(NodeTestTask.java:126)
	at org.junit.platform.engine.support.hierarchical.NodeTestTask.execute(NodeTestTask.java:84)
	at org.junit.platform.engine.support.hierarchical.SameThreadHierarchicalTestExecutorService.submit(SameThreadHierarchicalTestExecutorService.java:32)
	at org.junit.platform.engine.support.hierarchical.HierarchicalTestExecutor.execute(HierarchicalTestExecutor.java:57)
	at org.junit.platform.engine.support.hierarchical.HierarchicalTestEngine.execute(HierarchicalTestEngine.java:51)
	at org.junit.platform.launcher.core.EngineExecutionOrchestrator.execute(EngineExecutionOrchestrator.java:108)
	at org.junit.platform.launcher.core.EngineExecutionOrchestrator.execute(EngineExecutionOrchestrator.java:88)
	at org.junit.platform.launcher.core.EngineExecutionOrchestrator.lambda$execute$0(EngineExecutionOrchestrator.java:54)
	at org.junit.platform.launcher.core.EngineExecutionOrchestrator.withInterceptedStreams(EngineExecutionOrchestrator.java:67)
	at org.junit.platform.launcher.core.EngineExecutionOrchestrator.execute(EngineExecutionOrchestrator.java:52)
	at org.junit.platform.launcher.core.DefaultLauncher.execute(DefaultLauncher.java:96)
	at org.junit.platform.launcher.core.DefaultLauncher.execute(DefaultLauncher.java:75)
	at org.apache.maven.surefire.junitplatform.JUnitPlatformProvider.execute(JUnitPlatformProvider.java:188)
	at org.apache.maven.surefire.junitplatform.JUnitPlatformProvider.invokeAllTests(JUnitPlatformProvider.java:154)
	at org.apache.maven.surefire.junitplatform.JUnitPlatformProvider.invoke(JUnitPlatformProvider.java:128)
	at org.apache.maven.surefire.booter.ForkedBooter.runSuitesInProcess(ForkedBooter.java:428)
	at org.apache.maven.surefire.booter.ForkedBooter.execute(ForkedBooter.java:162)
	at org.apache.maven.surefire.booter.ForkedBooter.run(ForkedBooter.java:562)
	at org.apache.maven.surefire.booter.ForkedBooter.main(ForkedBooter.java:548)
[main] INFO org.apache.nifi.security.util.crypto.ScryptCipherProviderGroovyTest - [EXPECTED] java.lang.IllegalArgumentException: Cannot decrypt without a valid IV
[main] INFO org.apache.nifi.security.util.crypto.ScryptCipherProviderGroovyTest - Using algorithm: AES/CBC/PKCS7Padding
[main] WARN org.apache.nifi.security.util.crypto.ScryptSecureHasher - The provided r size 1 * 128 B is below the recommended minimum 8.
[main] WARN org.apache.nifi.security.util.crypto.ScryptSecureHasher - The provided iteration count N 4 is below the recommended minimum 16384.
[main] WARN org.apache.nifi.security.util.crypto.AESKeyedCipherProvider - An empty IV was provided of length 16 for encryption
[main] WARN org.apache.nifi.security.util.crypto.AESKeyedCipherProvider - Generating new IV. The value can be obtained in the calling code by invoking 'cipher.getIV()';
[main] INFO org.apache.nifi.security.util.crypto.ScryptCipherProviderGroovyTest - IV: 00000000000000000000000000000000
[main] INFO org.apache.nifi.security.util.crypto.ScryptCipherProviderGroovyTest - Cipher text: 55f2523bdbb450ed1db8ac84b917f6cb4ac69bc01ae9ce9a560737e4c1837cd4d0ef31fd10059fda6ae3a9e9f0038f8e 48
[main] WARN org.apache.nifi.security.util.crypto.ScryptSecureHasher - The provided r size 1 * 128 B is below the recommended minimum 8.
[main] WARN org.apache.nifi.security.util.crypto.ScryptSecureHasher - The provided iteration count N 4 is below the recommended minimum 16384.
[main] WARN org.apache.nifi.security.util.crypto.AESKeyedCipherProvider - An IV was provided of length 0 bytes for decryption but should be 16 bytes
[main] ERROR org.apache.nifi.security.util.crypto.ScryptCipherProvider - Encountered an error generating the Scrypt hash
java.lang.IllegalArgumentException: Cannot decrypt without a valid IV
	at org.apache.nifi.security.util.crypto.AESKeyedCipherProvider.getInitializedCipher(AESKeyedCipherProvider.java:128)
	at org.apache.nifi.security.util.crypto.AESKeyedCipherProvider.getCipher(AESKeyedCipherProvider.java:60)
	at org.apache.nifi.security.util.crypto.ScryptCipherProvider.getInitializedCipher(ScryptCipherProvider.java:209)
	at org.apache.nifi.security.util.crypto.ScryptCipherProvider.getCipher(ScryptCipherProvider.java:133)
	at org.apache.nifi.security.util.crypto.ScryptCipherProvider.getCipher(ScryptCipherProvider.java:161)
	at org.apache.nifi.security.util.crypto.PBECipherProvider$getCipher$0.call(Unknown Source)
	at org.apache.nifi.security.util.crypto.ScryptCipherProviderGroovyTest$_testGetCipherForDecryptShouldRequireIV_closure7.doCall(ScryptCipherProviderGroovyTest.groovy:370)
	at org.apache.nifi.security.util.crypto.ScryptCipherProviderGroovyTest$_testGetCipherForDecryptShouldRequireIV_closure7.doCall(ScryptCipherProviderGroovyTest.groovy)
	at sun.reflect.NativeMethodAccessorImpl.invoke0(Native Method)
	at sun.reflect.NativeMethodAccessorImpl.invoke(NativeMethodAccessorImpl.java:62)
	at sun.reflect.DelegatingMethodAccessorImpl.invoke(DelegatingMethodAccessorImpl.java:43)
	at java.lang.reflect.Method.invoke(Method.java:498)
	at org.codehaus.groovy.reflection.CachedMethod.invoke(CachedMethod.java:101)
	at groovy.lang.MetaMethod.doMethodInvoke(MetaMethod.java:323)
	at org.codehaus.groovy.runtime.metaclass.ClosureMetaClass.invokeMethod(ClosureMetaClass.java:263)
	at groovy.lang.MetaClassImpl.invokeMethod(MetaClassImpl.java:1041)
	at groovy.lang.Closure.call(Closure.java:405)
	at groovy.lang.Closure.call(Closure.java:399)
	at groovy.test.GroovyAssert.shouldFail(GroovyAssert.java:118)
	at groovy.test.GroovyAssert$shouldFail.callStatic(Unknown Source)
	at org.apache.nifi.security.util.crypto.ScryptCipherProviderGroovyTest.testGetCipherForDecryptShouldRequireIV(ScryptCipherProviderGroovyTest.groovy:369)
	at sun.reflect.NativeMethodAccessorImpl.invoke0(Native Method)
	at sun.reflect.NativeMethodAccessorImpl.invoke(NativeMethodAccessorImpl.java:62)
	at sun.reflect.DelegatingMethodAccessorImpl.invoke(DelegatingMethodAccessorImpl.java:43)
	at java.lang.reflect.Method.invoke(Method.java:498)
	at org.junit.platform.commons.util.ReflectionUtils.invokeMethod(ReflectionUtils.java:688)
	at org.junit.jupiter.engine.execution.MethodInvocation.proceed(MethodInvocation.java:60)
	at org.junit.jupiter.engine.execution.InvocationInterceptorChain$ValidatingInvocation.proceed(InvocationInterceptorChain.java:131)
	at org.junit.jupiter.engine.extension.TimeoutExtension.intercept(TimeoutExtension.java:149)
	at org.junit.jupiter.engine.extension.TimeoutExtension.interceptTestableMethod(TimeoutExtension.java:140)
	at org.junit.jupiter.engine.extension.TimeoutExtension.interceptTestMethod(TimeoutExtension.java:84)
	at org.junit.jupiter.engine.execution.ExecutableInvoker$ReflectiveInterceptorCall.lambda$ofVoidMethod$0(ExecutableInvoker.java:115)
	at org.junit.jupiter.engine.execution.ExecutableInvoker.lambda$invoke$0(ExecutableInvoker.java:105)
	at org.junit.jupiter.engine.execution.InvocationInterceptorChain$InterceptedInvocation.proceed(InvocationInterceptorChain.java:106)
	at org.junit.jupiter.engine.execution.InvocationInterceptorChain.proceed(InvocationInterceptorChain.java:64)
	at org.junit.jupiter.engine.execution.InvocationInterceptorChain.chainAndInvoke(InvocationInterceptorChain.java:45)
	at org.junit.jupiter.engine.execution.InvocationInterceptorChain.invoke(InvocationInterceptorChain.java:37)
	at org.junit.jupiter.engine.execution.ExecutableInvoker.invoke(ExecutableInvoker.java:104)
	at org.junit.jupiter.engine.execution.ExecutableInvoker.invoke(ExecutableInvoker.java:98)
	at org.junit.jupiter.engine.descriptor.TestMethodTestDescriptor.lambda$invokeTestMethod$6(TestMethodTestDescriptor.java:210)
	at org.junit.platform.engine.support.hierarchical.ThrowableCollector.execute(ThrowableCollector.java:73)
	at org.junit.jupiter.engine.descriptor.TestMethodTestDescriptor.invokeTestMethod(TestMethodTestDescriptor.java:206)
	at org.junit.jupiter.engine.descriptor.TestMethodTestDescriptor.execute(TestMethodTestDescriptor.java:131)
	at org.junit.jupiter.engine.descriptor.TestMethodTestDescriptor.execute(TestMethodTestDescriptor.java:65)
	at org.junit.platform.engine.support.hierarchical.NodeTestTask.lambda$executeRecursively$5(NodeTestTask.java:139)
	at org.junit.platform.engine.support.hierarchical.ThrowableCollector.execute(ThrowableCollector.java:73)
	at org.junit.platform.engine.support.hierarchical.NodeTestTask.lambda$executeRecursively$7(NodeTestTask.java:129)
	at org.junit.platform.engine.support.hierarchical.Node.around(Node.java:137)
	at org.junit.platform.engine.support.hierarchical.NodeTestTask.lambda$executeRecursively$8(NodeTestTask.java:127)
	at org.junit.platform.engine.support.hierarchical.ThrowableCollector.execute(ThrowableCollector.java:73)
	at org.junit.platform.engine.support.hierarchical.NodeTestTask.executeRecursively(NodeTestTask.java:126)
	at org.junit.platform.engine.support.hierarchical.NodeTestTask.execute(NodeTestTask.java:84)
	at java.util.ArrayList.forEach(ArrayList.java:1259)
	at org.junit.platform.engine.support.hierarchical.SameThreadHierarchicalTestExecutorService.invokeAll(SameThreadHierarchicalTestExecutorService.java:38)
	at org.junit.platform.engine.support.hierarchical.NodeTestTask.lambda$executeRecursively$5(NodeTestTask.java:143)
	at org.junit.platform.engine.support.hierarchical.ThrowableCollector.execute(ThrowableCollector.java:73)
	at org.junit.platform.engine.support.hierarchical.NodeTestTask.lambda$executeRecursively$7(NodeTestTask.java:129)
	at org.junit.platform.engine.support.hierarchical.Node.around(Node.java:137)
	at org.junit.platform.engine.support.hierarchical.NodeTestTask.lambda$executeRecursively$8(NodeTestTask.java:127)
	at org.junit.platform.engine.support.hierarchical.ThrowableCollector.execute(ThrowableCollector.java:73)
	at org.junit.platform.engine.support.hierarchical.NodeTestTask.executeRecursively(NodeTestTask.java:126)
	at org.junit.platform.engine.support.hierarchical.NodeTestTask.execute(NodeTestTask.java:84)
	at java.util.ArrayList.forEach(ArrayList.java:1259)
	at org.junit.platform.engine.support.hierarchical.SameThreadHierarchicalTestExecutorService.invokeAll(SameThreadHierarchicalTestExecutorService.java:38)
	at org.junit.platform.engine.support.hierarchical.NodeTestTask.lambda$executeRecursively$5(NodeTestTask.java:143)
	at org.junit.platform.engine.support.hierarchical.ThrowableCollector.execute(ThrowableCollector.java:73)
	at org.junit.platform.engine.support.hierarchical.NodeTestTask.lambda$executeRecursively$7(NodeTestTask.java:129)
	at org.junit.platform.engine.support.hierarchical.Node.around(Node.java:137)
	at org.junit.platform.engine.support.hierarchical.NodeTestTask.lambda$executeRecursively$8(NodeTestTask.java:127)
	at org.junit.platform.engine.support.hierarchical.ThrowableCollector.execute(ThrowableCollector.java:73)
	at org.junit.platform.engine.support.hierarchical.NodeTestTask.executeRecursively(NodeTestTask.java:126)
	at org.junit.platform.engine.support.hierarchical.NodeTestTask.execute(NodeTestTask.java:84)
	at org.junit.platform.engine.support.hierarchical.SameThreadHierarchicalTestExecutorService.submit(SameThreadHierarchicalTestExecutorService.java:32)
	at org.junit.platform.engine.support.hierarchical.HierarchicalTestExecutor.execute(HierarchicalTestExecutor.java:57)
	at org.junit.platform.engine.support.hierarchical.HierarchicalTestEngine.execute(HierarchicalTestEngine.java:51)
	at org.junit.platform.launcher.core.EngineExecutionOrchestrator.execute(EngineExecutionOrchestrator.java:108)
	at org.junit.platform.launcher.core.EngineExecutionOrchestrator.execute(EngineExecutionOrchestrator.java:88)
	at org.junit.platform.launcher.core.EngineExecutionOrchestrator.lambda$execute$0(EngineExecutionOrchestrator.java:54)
	at org.junit.platform.launcher.core.EngineExecutionOrchestrator.withInterceptedStreams(EngineExecutionOrchestrator.java:67)
	at org.junit.platform.launcher.core.EngineExecutionOrchestrator.execute(EngineExecutionOrchestrator.java:52)
	at org.junit.platform.launcher.core.DefaultLauncher.execute(DefaultLauncher.java:96)
	at org.junit.platform.launcher.core.DefaultLauncher.execute(DefaultLauncher.java:75)
	at org.apache.maven.surefire.junitplatform.JUnitPlatformProvider.execute(JUnitPlatformProvider.java:188)
	at org.apache.maven.surefire.junitplatform.JUnitPlatformProvider.invokeAllTests(JUnitPlatformProvider.java:154)
	at org.apache.maven.surefire.junitplatform.JUnitPlatformProvider.invoke(JUnitPlatformProvider.java:128)
	at org.apache.maven.surefire.booter.ForkedBooter.runSuitesInProcess(ForkedBooter.java:428)
	at org.apache.maven.surefire.booter.ForkedBooter.execute(ForkedBooter.java:162)
	at org.apache.maven.surefire.booter.ForkedBooter.run(ForkedBooter.java:562)
	at org.apache.maven.surefire.booter.ForkedBooter.main(ForkedBooter.java:548)
[main] INFO org.apache.nifi.security.util.crypto.ScryptCipherProviderGroovyTest - [EXPECTED] java.lang.IllegalArgumentException: Cannot decrypt without a valid IV
[main] INFO org.apache.nifi.security.util.crypto.ScryptCipherProviderGroovyTest - Using algorithm: AES/CTR/NoPadding
[main] WARN org.apache.nifi.security.util.crypto.ScryptSecureHasher - The provided r size 1 * 128 B is below the recommended minimum 8.
[main] WARN org.apache.nifi.security.util.crypto.ScryptSecureHasher - The provided iteration count N 4 is below the recommended minimum 16384.
[main] WARN org.apache.nifi.security.util.crypto.AESKeyedCipherProvider - An empty IV was provided of length 16 for encryption
[main] WARN org.apache.nifi.security.util.crypto.AESKeyedCipherProvider - Generating new IV. The value can be obtained in the calling code by invoking 'cipher.getIV()';
[main] INFO org.apache.nifi.security.util.crypto.ScryptCipherProviderGroovyTest - IV: 00000000000000000000000000000000
[main] INFO org.apache.nifi.security.util.crypto.ScryptCipherProviderGroovyTest - Cipher text: 117a814ae1fcd3114bce3bf733675114d1a52571339091cbca614164bc26167d 32
[main] WARN org.apache.nifi.security.util.crypto.ScryptSecureHasher - The provided r size 1 * 128 B is below the recommended minimum 8.
[main] WARN org.apache.nifi.security.util.crypto.ScryptSecureHasher - The provided iteration count N 4 is below the recommended minimum 16384.
[main] WARN org.apache.nifi.security.util.crypto.AESKeyedCipherProvider - An IV was provided of length 0 bytes for decryption but should be 16 bytes
[main] ERROR org.apache.nifi.security.util.crypto.ScryptCipherProvider - Encountered an error generating the Scrypt hash
java.lang.IllegalArgumentException: Cannot decrypt without a valid IV
	at org.apache.nifi.security.util.crypto.AESKeyedCipherProvider.getInitializedCipher(AESKeyedCipherProvider.java:128)
	at org.apache.nifi.security.util.crypto.AESKeyedCipherProvider.getCipher(AESKeyedCipherProvider.java:60)
	at org.apache.nifi.security.util.crypto.ScryptCipherProvider.getInitializedCipher(ScryptCipherProvider.java:209)
	at org.apache.nifi.security.util.crypto.ScryptCipherProvider.getCipher(ScryptCipherProvider.java:133)
	at org.apache.nifi.security.util.crypto.ScryptCipherProvider.getCipher(ScryptCipherProvider.java:161)
	at org.apache.nifi.security.util.crypto.PBECipherProvider$getCipher$0.call(Unknown Source)
	at org.apache.nifi.security.util.crypto.ScryptCipherProviderGroovyTest$_testGetCipherForDecryptShouldRequireIV_closure7.doCall(ScryptCipherProviderGroovyTest.groovy:370)
	at org.apache.nifi.security.util.crypto.ScryptCipherProviderGroovyTest$_testGetCipherForDecryptShouldRequireIV_closure7.doCall(ScryptCipherProviderGroovyTest.groovy)
	at sun.reflect.NativeMethodAccessorImpl.invoke0(Native Method)
	at sun.reflect.NativeMethodAccessorImpl.invoke(NativeMethodAccessorImpl.java:62)
	at sun.reflect.DelegatingMethodAccessorImpl.invoke(DelegatingMethodAccessorImpl.java:43)
	at java.lang.reflect.Method.invoke(Method.java:498)
	at org.codehaus.groovy.reflection.CachedMethod.invoke(CachedMethod.java:101)
	at groovy.lang.MetaMethod.doMethodInvoke(MetaMethod.java:323)
	at org.codehaus.groovy.runtime.metaclass.ClosureMetaClass.invokeMethod(ClosureMetaClass.java:263)
	at groovy.lang.MetaClassImpl.invokeMethod(MetaClassImpl.java:1041)
	at groovy.lang.Closure.call(Closure.java:405)
	at groovy.lang.Closure.call(Closure.java:399)
	at groovy.test.GroovyAssert.shouldFail(GroovyAssert.java:118)
	at groovy.test.GroovyAssert$shouldFail.callStatic(Unknown Source)
	at org.apache.nifi.security.util.crypto.ScryptCipherProviderGroovyTest.testGetCipherForDecryptShouldRequireIV(ScryptCipherProviderGroovyTest.groovy:369)
	at sun.reflect.NativeMethodAccessorImpl.invoke0(Native Method)
	at sun.reflect.NativeMethodAccessorImpl.invoke(NativeMethodAccessorImpl.java:62)
	at sun.reflect.DelegatingMethodAccessorImpl.invoke(DelegatingMethodAccessorImpl.java:43)
	at java.lang.reflect.Method.invoke(Method.java:498)
	at org.junit.platform.commons.util.ReflectionUtils.invokeMethod(ReflectionUtils.java:688)
	at org.junit.jupiter.engine.execution.MethodInvocation.proceed(MethodInvocation.java:60)
	at org.junit.jupiter.engine.execution.InvocationInterceptorChain$ValidatingInvocation.proceed(InvocationInterceptorChain.java:131)
	at org.junit.jupiter.engine.extension.TimeoutExtension.intercept(TimeoutExtension.java:149)
	at org.junit.jupiter.engine.extension.TimeoutExtension.interceptTestableMethod(TimeoutExtension.java:140)
	at org.junit.jupiter.engine.extension.TimeoutExtension.interceptTestMethod(TimeoutExtension.java:84)
	at org.junit.jupiter.engine.execution.ExecutableInvoker$ReflectiveInterceptorCall.lambda$ofVoidMethod$0(ExecutableInvoker.java:115)
	at org.junit.jupiter.engine.execution.ExecutableInvoker.lambda$invoke$0(ExecutableInvoker.java:105)
	at org.junit.jupiter.engine.execution.InvocationInterceptorChain$InterceptedInvocation.proceed(InvocationInterceptorChain.java:106)
	at org.junit.jupiter.engine.execution.InvocationInterceptorChain.proceed(InvocationInterceptorChain.java:64)
	at org.junit.jupiter.engine.execution.InvocationInterceptorChain.chainAndInvoke(InvocationInterceptorChain.java:45)
	at org.junit.jupiter.engine.execution.InvocationInterceptorChain.invoke(InvocationInterceptorChain.java:37)
	at org.junit.jupiter.engine.execution.ExecutableInvoker.invoke(ExecutableInvoker.java:104)
	at org.junit.jupiter.engine.execution.ExecutableInvoker.invoke(ExecutableInvoker.java:98)
	at org.junit.jupiter.engine.descriptor.TestMethodTestDescriptor.lambda$invokeTestMethod$6(TestMethodTestDescriptor.java:210)
	at org.junit.platform.engine.support.hierarchical.ThrowableCollector.execute(ThrowableCollector.java:73)
	at org.junit.jupiter.engine.descriptor.TestMethodTestDescriptor.invokeTestMethod(TestMethodTestDescriptor.java:206)
	at org.junit.jupiter.engine.descriptor.TestMethodTestDescriptor.execute(TestMethodTestDescriptor.java:131)
	at org.junit.jupiter.engine.descriptor.TestMethodTestDescriptor.execute(TestMethodTestDescriptor.java:65)
	at org.junit.platform.engine.support.hierarchical.NodeTestTask.lambda$executeRecursively$5(NodeTestTask.java:139)
	at org.junit.platform.engine.support.hierarchical.ThrowableCollector.execute(ThrowableCollector.java:73)
	at org.junit.platform.engine.support.hierarchical.NodeTestTask.lambda$executeRecursively$7(NodeTestTask.java:129)
	at org.junit.platform.engine.support.hierarchical.Node.around(Node.java:137)
	at org.junit.platform.engine.support.hierarchical.NodeTestTask.lambda$executeRecursively$8(NodeTestTask.java:127)
	at org.junit.platform.engine.support.hierarchical.ThrowableCollector.execute(ThrowableCollector.java:73)
	at org.junit.platform.engine.support.hierarchical.NodeTestTask.executeRecursively(NodeTestTask.java:126)
	at org.junit.platform.engine.support.hierarchical.NodeTestTask.execute(NodeTestTask.java:84)
	at java.util.ArrayList.forEach(ArrayList.java:1259)
	at org.junit.platform.engine.support.hierarchical.SameThreadHierarchicalTestExecutorService.invokeAll(SameThreadHierarchicalTestExecutorService.java:38)
	at org.junit.platform.engine.support.hierarchical.NodeTestTask.lambda$executeRecursively$5(NodeTestTask.java:143)
	at org.junit.platform.engine.support.hierarchical.ThrowableCollector.execute(ThrowableCollector.java:73)
	at org.junit.platform.engine.support.hierarchical.NodeTestTask.lambda$executeRecursively$7(NodeTestTask.java:129)
	at org.junit.platform.engine.support.hierarchical.Node.around(Node.java:137)
	at org.junit.platform.engine.support.hierarchical.NodeTestTask.lambda$executeRecursively$8(NodeTestTask.java:127)
	at org.junit.platform.engine.support.hierarchical.ThrowableCollector.execute(ThrowableCollector.java:73)
	at org.junit.platform.engine.support.hierarchical.NodeTestTask.executeRecursively(NodeTestTask.java:126)
	at org.junit.platform.engine.support.hierarchical.NodeTestTask.execute(NodeTestTask.java:84)
	at java.util.ArrayList.forEach(ArrayList.java:1259)
	at org.junit.platform.engine.support.hierarchical.SameThreadHierarchicalTestExecutorService.invokeAll(SameThreadHierarchicalTestExecutorService.java:38)
	at org.junit.platform.engine.support.hierarchical.NodeTestTask.lambda$executeRecursively$5(NodeTestTask.java:143)
	at org.junit.platform.engine.support.hierarchical.ThrowableCollector.execute(ThrowableCollector.java:73)
	at org.junit.platform.engine.support.hierarchical.NodeTestTask.lambda$executeRecursively$7(NodeTestTask.java:129)
	at org.junit.platform.engine.support.hierarchical.Node.around(Node.java:137)
	at org.junit.platform.engine.support.hierarchical.NodeTestTask.lambda$executeRecursively$8(NodeTestTask.java:127)
	at org.junit.platform.engine.support.hierarchical.ThrowableCollector.execute(ThrowableCollector.java:73)
	at org.junit.platform.engine.support.hierarchical.NodeTestTask.executeRecursively(NodeTestTask.java:126)
	at org.junit.platform.engine.support.hierarchical.NodeTestTask.execute(NodeTestTask.java:84)
	at org.junit.platform.engine.support.hierarchical.SameThreadHierarchicalTestExecutorService.submit(SameThreadHierarchicalTestExecutorService.java:32)
	at org.junit.platform.engine.support.hierarchical.HierarchicalTestExecutor.execute(HierarchicalTestExecutor.java:57)
	at org.junit.platform.engine.support.hierarchical.HierarchicalTestEngine.execute(HierarchicalTestEngine.java:51)
	at org.junit.platform.launcher.core.EngineExecutionOrchestrator.execute(EngineExecutionOrchestrator.java:108)
	at org.junit.platform.launcher.core.EngineExecutionOrchestrator.execute(EngineExecutionOrchestrator.java:88)
	at org.junit.platform.launcher.core.EngineExecutionOrchestrator.lambda$execute$0(EngineExecutionOrchestrator.java:54)
	at org.junit.platform.launcher.core.EngineExecutionOrchestrator.withInterceptedStreams(EngineExecutionOrchestrator.java:67)
	at org.junit.platform.launcher.core.EngineExecutionOrchestrator.execute(EngineExecutionOrchestrator.java:52)
	at org.junit.platform.launcher.core.DefaultLauncher.execute(DefaultLauncher.java:96)
	at org.junit.platform.launcher.core.DefaultLauncher.execute(DefaultLauncher.java:75)
	at org.apache.maven.surefire.junitplatform.JUnitPlatformProvider.execute(JUnitPlatformProvider.java:188)
	at org.apache.maven.surefire.junitplatform.JUnitPlatformProvider.invokeAllTests(JUnitPlatformProvider.java:154)
	at org.apache.maven.surefire.junitplatform.JUnitPlatformProvider.invoke(JUnitPlatformProvider.java:128)
	at org.apache.maven.surefire.booter.ForkedBooter.runSuitesInProcess(ForkedBooter.java:428)
	at org.apache.maven.surefire.booter.ForkedBooter.execute(ForkedBooter.java:162)
	at org.apache.maven.surefire.booter.ForkedBooter.run(ForkedBooter.java:562)
	at org.apache.maven.surefire.booter.ForkedBooter.main(ForkedBooter.java:548)
[main] INFO org.apache.nifi.security.util.crypto.ScryptCipherProviderGroovyTest - [EXPECTED] java.lang.IllegalArgumentException: Cannot decrypt without a valid IV
[main] INFO org.apache.nifi.security.util.crypto.ScryptCipherProviderGroovyTest - Using algorithm: AES/GCM/NoPadding
[main] WARN org.apache.nifi.security.util.crypto.ScryptSecureHasher - The provided r size 1 * 128 B is below the recommended minimum 8.
[main] WARN org.apache.nifi.security.util.crypto.ScryptSecureHasher - The provided iteration count N 4 is below the recommended minimum 16384.
[main] WARN org.apache.nifi.security.util.crypto.AESKeyedCipherProvider - An empty IV was provided of length 16 for encryption
[main] WARN org.apache.nifi.security.util.crypto.AESKeyedCipherProvider - Generating new IV. The value can be obtained in the calling code by invoking 'cipher.getIV()';
[main] INFO org.apache.nifi.security.util.crypto.ScryptCipherProviderGroovyTest - IV: 00000000000000000000000000000000
[main] INFO org.apache.nifi.security.util.crypto.ScryptCipherProviderGroovyTest - Cipher text: 2984d0a5b83645a41b2bf54144d616c068f46c62e5834c83b875800bd78fa34d61b5de72b41e9f1f6f4ba46ed265be52 48
[main] WARN org.apache.nifi.security.util.crypto.ScryptSecureHasher - The provided r size 1 * 128 B is below the recommended minimum 8.
[main] WARN org.apache.nifi.security.util.crypto.ScryptSecureHasher - The provided iteration count N 4 is below the recommended minimum 16384.
[main] WARN org.apache.nifi.security.util.crypto.AESKeyedCipherProvider - An IV was provided of length 0 bytes for decryption but should be 16 bytes
[main] ERROR org.apache.nifi.security.util.crypto.ScryptCipherProvider - Encountered an error generating the Scrypt hash
java.lang.IllegalArgumentException: Cannot decrypt without a valid IV
	at org.apache.nifi.security.util.crypto.AESKeyedCipherProvider.getInitializedCipher(AESKeyedCipherProvider.java:128)
	at org.apache.nifi.security.util.crypto.AESKeyedCipherProvider.getCipher(AESKeyedCipherProvider.java:60)
	at org.apache.nifi.security.util.crypto.ScryptCipherProvider.getInitializedCipher(ScryptCipherProvider.java:209)
	at org.apache.nifi.security.util.crypto.ScryptCipherProvider.getCipher(ScryptCipherProvider.java:133)
	at org.apache.nifi.security.util.crypto.ScryptCipherProvider.getCipher(ScryptCipherProvider.java:161)
	at org.apache.nifi.security.util.crypto.PBECipherProvider$getCipher$0.call(Unknown Source)
	at org.apache.nifi.security.util.crypto.ScryptCipherProviderGroovyTest$_testGetCipherForDecryptShouldRequireIV_closure7.doCall(ScryptCipherProviderGroovyTest.groovy:370)
	at org.apache.nifi.security.util.crypto.ScryptCipherProviderGroovyTest$_testGetCipherForDecryptShouldRequireIV_closure7.doCall(ScryptCipherProviderGroovyTest.groovy)
	at sun.reflect.NativeMethodAccessorImpl.invoke0(Native Method)
	at sun.reflect.NativeMethodAccessorImpl.invoke(NativeMethodAccessorImpl.java:62)
	at sun.reflect.DelegatingMethodAccessorImpl.invoke(DelegatingMethodAccessorImpl.java:43)
	at java.lang.reflect.Method.invoke(Method.java:498)
	at org.codehaus.groovy.reflection.CachedMethod.invoke(CachedMethod.java:101)
	at groovy.lang.MetaMethod.doMethodInvoke(MetaMethod.java:323)
	at org.codehaus.groovy.runtime.metaclass.ClosureMetaClass.invokeMethod(ClosureMetaClass.java:263)
	at groovy.lang.MetaClassImpl.invokeMethod(MetaClassImpl.java:1041)
	at groovy.lang.Closure.call(Closure.java:405)
	at groovy.lang.Closure.call(Closure.java:399)
	at groovy.test.GroovyAssert.shouldFail(GroovyAssert.java:118)
	at groovy.test.GroovyAssert$shouldFail.callStatic(Unknown Source)
	at org.apache.nifi.security.util.crypto.ScryptCipherProviderGroovyTest.testGetCipherForDecryptShouldRequireIV(ScryptCipherProviderGroovyTest.groovy:369)
	at sun.reflect.NativeMethodAccessorImpl.invoke0(Native Method)
	at sun.reflect.NativeMethodAccessorImpl.invoke(NativeMethodAccessorImpl.java:62)
	at sun.reflect.DelegatingMethodAccessorImpl.invoke(DelegatingMethodAccessorImpl.java:43)
	at java.lang.reflect.Method.invoke(Method.java:498)
	at org.junit.platform.commons.util.ReflectionUtils.invokeMethod(ReflectionUtils.java:688)
	at org.junit.jupiter.engine.execution.MethodInvocation.proceed(MethodInvocation.java:60)
	at org.junit.jupiter.engine.execution.InvocationInterceptorChain$ValidatingInvocation.proceed(InvocationInterceptorChain.java:131)
	at org.junit.jupiter.engine.extension.TimeoutExtension.intercept(TimeoutExtension.java:149)
	at org.junit.jupiter.engine.extension.TimeoutExtension.interceptTestableMethod(TimeoutExtension.java:140)
	at org.junit.jupiter.engine.extension.TimeoutExtension.interceptTestMethod(TimeoutExtension.java:84)
	at org.junit.jupiter.engine.execution.ExecutableInvoker$ReflectiveInterceptorCall.lambda$ofVoidMethod$0(ExecutableInvoker.java:115)
	at org.junit.jupiter.engine.execution.ExecutableInvoker.lambda$invoke$0(ExecutableInvoker.java:105)
	at org.junit.jupiter.engine.execution.InvocationInterceptorChain$InterceptedInvocation.proceed(InvocationInterceptorChain.java:106)
	at org.junit.jupiter.engine.execution.InvocationInterceptorChain.proceed(InvocationInterceptorChain.java:64)
	at org.junit.jupiter.engine.execution.InvocationInterceptorChain.chainAndInvoke(InvocationInterceptorChain.java:45)
	at org.junit.jupiter.engine.execution.InvocationInterceptorChain.invoke(InvocationInterceptorChain.java:37)
	at org.junit.jupiter.engine.execution.ExecutableInvoker.invoke(ExecutableInvoker.java:104)
	at org.junit.jupiter.engine.execution.ExecutableInvoker.invoke(ExecutableInvoker.java:98)
	at org.junit.jupiter.engine.descriptor.TestMethodTestDescriptor.lambda$invokeTestMethod$6(TestMethodTestDescriptor.java:210)
	at org.junit.platform.engine.support.hierarchical.ThrowableCollector.execute(ThrowableCollector.java:73)
	at org.junit.jupiter.engine.descriptor.TestMethodTestDescriptor.invokeTestMethod(TestMethodTestDescriptor.java:206)
	at org.junit.jupiter.engine.descriptor.TestMethodTestDescriptor.execute(TestMethodTestDescriptor.java:131)
	at org.junit.jupiter.engine.descriptor.TestMethodTestDescriptor.execute(TestMethodTestDescriptor.java:65)
	at org.junit.platform.engine.support.hierarchical.NodeTestTask.lambda$executeRecursively$5(NodeTestTask.java:139)
	at org.junit.platform.engine.support.hierarchical.ThrowableCollector.execute(ThrowableCollector.java:73)
	at org.junit.platform.engine.support.hierarchical.NodeTestTask.lambda$executeRecursively$7(NodeTestTask.java:129)
	at org.junit.platform.engine.support.hierarchical.Node.around(Node.java:137)
	at org.junit.platform.engine.support.hierarchical.NodeTestTask.lambda$executeRecursively$8(NodeTestTask.java:127)
	at org.junit.platform.engine.support.hierarchical.ThrowableCollector.execute(ThrowableCollector.java:73)
	at org.junit.platform.engine.support.hierarchical.NodeTestTask.executeRecursively(NodeTestTask.java:126)
	at org.junit.platform.engine.support.hierarchical.NodeTestTask.execute(NodeTestTask.java:84)
	at java.util.ArrayList.forEach(ArrayList.java:1259)
	at org.junit.platform.engine.support.hierarchical.SameThreadHierarchicalTestExecutorService.invokeAll(SameThreadHierarchicalTestExecutorService.java:38)
	at org.junit.platform.engine.support.hierarchical.NodeTestTask.lambda$executeRecursively$5(NodeTestTask.java:143)
	at org.junit.platform.engine.support.hierarchical.ThrowableCollector.execute(ThrowableCollector.java:73)
	at org.junit.platform.engine.support.hierarchical.NodeTestTask.lambda$executeRecursively$7(NodeTestTask.java:129)
	at org.junit.platform.engine.support.hierarchical.Node.around(Node.java:137)
	at org.junit.platform.engine.support.hierarchical.NodeTestTask.lambda$executeRecursively$8(NodeTestTask.java:127)
	at org.junit.platform.engine.support.hierarchical.ThrowableCollector.execute(ThrowableCollector.java:73)
	at org.junit.platform.engine.support.hierarchical.NodeTestTask.executeRecursively(NodeTestTask.java:126)
	at org.junit.platform.engine.support.hierarchical.NodeTestTask.execute(NodeTestTask.java:84)
	at java.util.ArrayList.forEach(ArrayList.java:1259)
	at org.junit.platform.engine.support.hierarchical.SameThreadHierarchicalTestExecutorService.invokeAll(SameThreadHierarchicalTestExecutorService.java:38)
	at org.junit.platform.engine.support.hierarchical.NodeTestTask.lambda$executeRecursively$5(NodeTestTask.java:143)
	at org.junit.platform.engine.support.hierarchical.ThrowableCollector.execute(ThrowableCollector.java:73)
	at org.junit.platform.engine.support.hierarchical.NodeTestTask.lambda$executeRecursively$7(NodeTestTask.java:129)
	at org.junit.platform.engine.support.hierarchical.Node.around(Node.java:137)
	at org.junit.platform.engine.support.hierarchical.NodeTestTask.lambda$executeRecursively$8(NodeTestTask.java:127)
	at org.junit.platform.engine.support.hierarchical.ThrowableCollector.execute(ThrowableCollector.java:73)
	at org.junit.platform.engine.support.hierarchical.NodeTestTask.executeRecursively(NodeTestTask.java:126)
	at org.junit.platform.engine.support.hierarchical.NodeTestTask.execute(NodeTestTask.java:84)
	at org.junit.platform.engine.support.hierarchical.SameThreadHierarchicalTestExecutorService.submit(SameThreadHierarchicalTestExecutorService.java:32)
	at org.junit.platform.engine.support.hierarchical.HierarchicalTestExecutor.execute(HierarchicalTestExecutor.java:57)
	at org.junit.platform.engine.support.hierarchical.HierarchicalTestEngine.execute(HierarchicalTestEngine.java:51)
	at org.junit.platform.launcher.core.EngineExecutionOrchestrator.execute(EngineExecutionOrchestrator.java:108)
	at org.junit.platform.launcher.core.EngineExecutionOrchestrator.execute(EngineExecutionOrchestrator.java:88)
	at org.junit.platform.launcher.core.EngineExecutionOrchestrator.lambda$execute$0(EngineExecutionOrchestrator.java:54)
	at org.junit.platform.launcher.core.EngineExecutionOrchestrator.withInterceptedStreams(EngineExecutionOrchestrator.java:67)
	at org.junit.platform.launcher.core.EngineExecutionOrchestrator.execute(EngineExecutionOrchestrator.java:52)
	at org.junit.platform.launcher.core.DefaultLauncher.execute(DefaultLauncher.java:96)
	at org.junit.platform.launcher.core.DefaultLauncher.execute(DefaultLauncher.java:75)
	at org.apache.maven.surefire.junitplatform.JUnitPlatformProvider.execute(JUnitPlatformProvider.java:188)
	at org.apache.maven.surefire.junitplatform.JUnitPlatformProvider.invokeAllTests(JUnitPlatformProvider.java:154)
	at org.apache.maven.surefire.junitplatform.JUnitPlatformProvider.invoke(JUnitPlatformProvider.java:128)
	at org.apache.maven.surefire.booter.ForkedBooter.runSuitesInProcess(ForkedBooter.java:428)
	at org.apache.maven.surefire.booter.ForkedBooter.execute(ForkedBooter.java:162)
	at org.apache.maven.surefire.booter.ForkedBooter.run(ForkedBooter.java:562)
	at org.apache.maven.surefire.booter.ForkedBooter.main(ForkedBooter.java:548)
[main] INFO org.apache.nifi.security.util.crypto.ScryptCipherProviderGroovyTest - [EXPECTED] java.lang.IllegalArgumentException: Cannot decrypt without a valid IV
]]></system-err>
  </testcase>
  <testcase name="testShouldValidateScryptCipherProviderPBoundary" classname="org.apache.nifi.security.util.crypto.ScryptCipherProviderGroovyTest" time="0.001">
    <system-err><![CDATA[[main] WARN org.apache.nifi.security.util.crypto.ScryptCipherProvider - The provided iteration count 4 is below the recommended minimum 16384
[main] WARN org.apache.nifi.security.util.crypto.ScryptCipherProvider - The provided block size 1 is below the recommended minimum 8
[main] WARN org.apache.nifi.security.util.crypto.ScryptCipherProvider - The provided iteration count 64 is below the recommended minimum 16384
]]></system-err>
  </testcase>
  <testcase name="testGetCipherShouldNotAcceptInvalidKeyLengths" classname="org.apache.nifi.security.util.crypto.ScryptCipherProviderGroovyTest" time="0.004">
    <system-err><![CDATA[[main] WARN org.apache.nifi.security.util.crypto.ScryptCipherProvider - The provided iteration count 4 is below the recommended minimum 16384
[main] WARN org.apache.nifi.security.util.crypto.ScryptCipherProvider - The provided block size 1 is below the recommended minimum 8
[main] INFO org.apache.nifi.security.util.crypto.ScryptCipherProviderGroovyTest - Using algorithm: AES/CBC/PKCS7Padding with key length -1
[main] INFO org.apache.nifi.security.util.crypto.ScryptCipherProviderGroovyTest - [EXPECTED] java.lang.IllegalArgumentException: -1 is not a valid key length for AES
[main] INFO org.apache.nifi.security.util.crypto.ScryptCipherProviderGroovyTest - Using algorithm: AES/CBC/PKCS7Padding with key length 40
[main] INFO org.apache.nifi.security.util.crypto.ScryptCipherProviderGroovyTest - [EXPECTED] java.lang.IllegalArgumentException: 40 is not a valid key length for AES
[main] INFO org.apache.nifi.security.util.crypto.ScryptCipherProviderGroovyTest - Using algorithm: AES/CBC/PKCS7Padding with key length 64
[main] INFO org.apache.nifi.security.util.crypto.ScryptCipherProviderGroovyTest - [EXPECTED] java.lang.IllegalArgumentException: 64 is not a valid key length for AES
[main] INFO org.apache.nifi.security.util.crypto.ScryptCipherProviderGroovyTest - Using algorithm: AES/CBC/PKCS7Padding with key length 112
[main] INFO org.apache.nifi.security.util.crypto.ScryptCipherProviderGroovyTest - [EXPECTED] java.lang.IllegalArgumentException: 112 is not a valid key length for AES
[main] INFO org.apache.nifi.security.util.crypto.ScryptCipherProviderGroovyTest - Using algorithm: AES/CBC/PKCS7Padding with key length 512
[main] INFO org.apache.nifi.security.util.crypto.ScryptCipherProviderGroovyTest - [EXPECTED] java.lang.IllegalArgumentException: 512 is not a valid key length for AES
]]></system-err>
  </testcase>
  <testcase name="testScryptShouldSupportExternalCompatibility" classname="org.apache.nifi.security.util.crypto.ScryptCipherProviderGroovyTest" time="0.286">
    <system-err><![CDATA[[main] WARN org.apache.nifi.security.util.crypto.ScryptCipherProvider - The provided iteration count 4 is below the recommended minimum 16384
[main] WARN org.apache.nifi.security.util.crypto.ScryptCipherProvider - The provided block size 1 is below the recommended minimum 8
[main] INFO org.apache.nifi.security.util.crypto.ScryptCipherProviderGroovyTest - Expected salt: f5b8056ea6e66edb8d013ac432aba24a
[main] INFO org.apache.nifi.security.util.crypto.ScryptCipherProviderGroovyTest - [SANITY] Ruby cipher text: 604188bf8e9137bc1b24a0ab01973024bc5935e9ae5fedf617bdca028c63c261
[main] INFO org.apache.nifi.security.util.crypto.ScryptCipherProviderGroovyTest - [SANITY] Using key: a8efbc0a709d3f89b6bb35b05fc8edf5
[main] INFO org.apache.nifi.security.util.crypto.ScryptCipherProviderGroovyTest - [SANITY] Using IV:  76a00f00878b8c3db314ae67804c00a1
[main] INFO org.apache.nifi.security.util.crypto.ScryptCipherProviderGroovyTest - [SANITY] Created cipher text: 604188bf8e9137bc1b24a0ab01973024bc5935e9ae5fedf617bdca028c63c261
[main] INFO org.apache.nifi.security.util.crypto.ScryptCipherProviderGroovyTest - [SANITY] Decrypted generated cipher text successfully
[main] INFO org.apache.nifi.security.util.crypto.ScryptCipherProviderGroovyTest - [SANITY] Decrypted external cipher text successfully
[main] INFO org.apache.nifi.security.util.crypto.ScryptCipherProviderGroovyTest - Full Hash: 400$8$24$f5b8056ea6e66edb8d013ac432aba24a$a8efbc0a709d3f89b6bb35b05fc8edf5
[main] INFO org.apache.nifi.security.util.crypto.ScryptCipherProviderGroovyTest - N: Hex 400 -> 1024
[main] INFO org.apache.nifi.security.util.crypto.ScryptCipherProviderGroovyTest - r: Hex 8 -> 8
[main] INFO org.apache.nifi.security.util.crypto.ScryptCipherProviderGroovyTest - p: Hex 24 -> 36
[main] INFO org.apache.nifi.security.util.crypto.ScryptCipherProviderGroovyTest - Salt: f5b8056ea6e66edb8d013ac432aba24a
[main] INFO org.apache.nifi.security.util.crypto.ScryptCipherProviderGroovyTest - Hash: a8efbc0a709d3f89b6bb35b05fc8edf5
[main] INFO org.apache.nifi.security.util.crypto.ScryptCipherProviderGroovyTest - Formed Java-style salt: $s0$a0824$9bgFbqbmbtuNATrEMquiSg
[main] INFO org.apache.nifi.security.util.crypto.ScryptCipherProviderGroovyTest - Converted hash from hex a8efbc0a709d3f89b6bb35b05fc8edf5 to Base64 qO+8CnCdP4m2uzWwX8jt9Q
[main] INFO org.apache.nifi.security.util.crypto.ScryptCipherProviderGroovyTest - Using algorithm: AES/CBC/PKCS7Padding
[main] INFO org.apache.nifi.security.util.crypto.ScryptCipherProviderGroovyTest - External cipher text: 604188bf8e9137bc1b24a0ab01973024bc5935e9ae5fedf617bdca028c63c261 32
[main] WARN org.apache.nifi.security.util.crypto.ScryptSecureHasher - The provided iteration count N 1024 is below the recommended minimum 16384.
[main] INFO org.apache.nifi.security.util.crypto.ScryptCipherProviderGroovyTest - Recovered: This is a plaintext message.
]]></system-err>
  </testcase>
  <testcase name="testGetCipherShouldNotAcceptInvalidSalts" classname="org.apache.nifi.security.util.crypto.ScryptCipherProviderGroovyTest" time="0.004">
    <system-err><![CDATA[[main] WARN org.apache.nifi.security.util.crypto.ScryptCipherProvider - The provided iteration count 4 is below the recommended minimum 16384
[main] WARN org.apache.nifi.security.util.crypto.ScryptCipherProvider - The provided block size 1 is below the recommended minimum 8
[main] INFO org.apache.nifi.security.util.crypto.ScryptCipherProviderGroovyTest - Using algorithm: AES/CBC/PKCS7Padding
[main] INFO org.apache.nifi.security.util.crypto.ScryptCipherProviderGroovyTest - Checking salt bad_sal
[main] WARN org.apache.nifi.security.util.crypto.ScryptSecureHasher - The provided r size 1 * 128 B is below the recommended minimum 8.
[main] WARN org.apache.nifi.security.util.crypto.ScryptSecureHasher - The provided iteration count N 4 is below the recommended minimum 16384.
[main] WARN org.apache.nifi.security.util.crypto.AbstractSecureHasher - The provided dynamic salt length 7 is below the recommended minimum 16
[main] INFO org.apache.nifi.security.util.crypto.ScryptCipherProviderGroovyTest - [EXPECTED] java.lang.IllegalArgumentException: The raw salt must be greater than or equal to 8 bytes
[main] INFO org.apache.nifi.security.util.crypto.ScryptCipherProviderGroovyTest - Checking salt $3a$11$
[main] WARN org.apache.nifi.security.util.crypto.ScryptSecureHasher - The provided r size 1 * 128 B is below the recommended minimum 8.
[main] WARN org.apache.nifi.security.util.crypto.ScryptSecureHasher - The provided iteration count N 4 is below the recommended minimum 16384.
[main] WARN org.apache.nifi.security.util.crypto.AbstractSecureHasher - The provided dynamic salt length 7 is below the recommended minimum 16
[main] INFO org.apache.nifi.security.util.crypto.ScryptCipherProviderGroovyTest - [EXPECTED] java.lang.IllegalArgumentException: The raw salt must be greater than or equal to 8 bytes
[main] INFO org.apache.nifi.security.util.crypto.ScryptCipherProviderGroovyTest - Checking salt x
[main] WARN org.apache.nifi.security.util.crypto.ScryptSecureHasher - The provided r size 1 * 128 B is below the recommended minimum 8.
[main] WARN org.apache.nifi.security.util.crypto.ScryptSecureHasher - The provided iteration count N 4 is below the recommended minimum 16384.
[main] WARN org.apache.nifi.security.util.crypto.AbstractSecureHasher - The provided dynamic salt length 1 is below the recommended minimum 16
[main] INFO org.apache.nifi.security.util.crypto.ScryptCipherProviderGroovyTest - [EXPECTED] java.lang.IllegalArgumentException: The raw salt must be greater than or equal to 8 bytes
[main] INFO org.apache.nifi.security.util.crypto.ScryptCipherProviderGroovyTest - Checking salt $2a$10$
[main] WARN org.apache.nifi.security.util.crypto.ScryptSecureHasher - The provided r size 1 * 128 B is below the recommended minimum 8.
[main] WARN org.apache.nifi.security.util.crypto.ScryptSecureHasher - The provided iteration count N 4 is below the recommended minimum 16384.
[main] WARN org.apache.nifi.security.util.crypto.AbstractSecureHasher - The provided dynamic salt length 7 is below the recommended minimum 16
[main] INFO org.apache.nifi.security.util.crypto.ScryptCipherProviderGroovyTest - [EXPECTED] java.lang.IllegalArgumentException: The raw salt must be greater than or equal to 8 bytes
]]></system-err>
  </testcase>
  <testcase name="testGetCipherWithUnlimitedStrengthShouldBeInternallyConsistent" classname="org.apache.nifi.security.util.crypto.ScryptCipherProviderGroovyTest" time="0.003">
    <system-err><![CDATA[[main] WARN org.apache.nifi.security.util.crypto.ScryptCipherProvider - The provided iteration count 4 is below the recommended minimum 16384
[main] WARN org.apache.nifi.security.util.crypto.ScryptCipherProvider - The provided block size 1 is below the recommended minimum 8
[main] INFO org.apache.nifi.security.util.crypto.ScryptCipherProviderGroovyTest - Using algorithm: AES/CBC/NoPadding
[main] WARN org.apache.nifi.security.util.crypto.ScryptSecureHasher - The provided r size 1 * 128 B is below the recommended minimum 8.
[main] WARN org.apache.nifi.security.util.crypto.ScryptSecureHasher - The provided iteration count N 4 is below the recommended minimum 16384.
[main] WARN org.apache.nifi.security.util.crypto.AESKeyedCipherProvider - An IV was provided of length 0 bytes for encryption but should be 16 bytes
[main] WARN org.apache.nifi.security.util.crypto.AESKeyedCipherProvider - Generating new IV. The value can be obtained in the calling code by invoking 'cipher.getIV()';
[main] INFO org.apache.nifi.security.util.crypto.ScryptCipherProviderGroovyTest - IV: 86764478537d8c50db0efee33f216b89
[main] INFO org.apache.nifi.security.util.crypto.ScryptCipherProviderGroovyTest - Cipher text: 34630886a859a5a5d2280a24be1cd9ee4a5d9002712664e6040f8b2693cebce7 32
[main] WARN org.apache.nifi.security.util.crypto.ScryptSecureHasher - The provided r size 1 * 128 B is below the recommended minimum 8.
[main] WARN org.apache.nifi.security.util.crypto.ScryptSecureHasher - The provided iteration count N 4 is below the recommended minimum 16384.
[main] INFO org.apache.nifi.security.util.crypto.ScryptCipherProviderGroovyTest - Recovered: ExactBlockSizeRequiredForProcess
[main] INFO org.apache.nifi.security.util.crypto.ScryptCipherProviderGroovyTest - Using algorithm: AES/CBC/PKCS7Padding
[main] WARN org.apache.nifi.security.util.crypto.ScryptSecureHasher - The provided r size 1 * 128 B is below the recommended minimum 8.
[main] WARN org.apache.nifi.security.util.crypto.ScryptSecureHasher - The provided iteration count N 4 is below the recommended minimum 16384.
[main] WARN org.apache.nifi.security.util.crypto.AESKeyedCipherProvider - An IV was provided of length 0 bytes for encryption but should be 16 bytes
[main] WARN org.apache.nifi.security.util.crypto.AESKeyedCipherProvider - Generating new IV. The value can be obtained in the calling code by invoking 'cipher.getIV()';
[main] INFO org.apache.nifi.security.util.crypto.ScryptCipherProviderGroovyTest - IV: 797125682009484a23dd39a1ae551a12
[main] INFO org.apache.nifi.security.util.crypto.ScryptCipherProviderGroovyTest - Cipher text: a1c22ba3392f685a435e7dd9daf039ef2f14d9bfbabaa18869048e16ffd49cd19ccbbe100bac185e209792553f85795b 48
[main] WARN org.apache.nifi.security.util.crypto.ScryptSecureHasher - The provided r size 1 * 128 B is below the recommended minimum 8.
[main] WARN org.apache.nifi.security.util.crypto.ScryptSecureHasher - The provided iteration count N 4 is below the recommended minimum 16384.
[main] INFO org.apache.nifi.security.util.crypto.ScryptCipherProviderGroovyTest - Recovered: ExactBlockSizeRequiredForProcess
[main] INFO org.apache.nifi.security.util.crypto.ScryptCipherProviderGroovyTest - Using algorithm: AES/CTR/NoPadding
[main] WARN org.apache.nifi.security.util.crypto.ScryptSecureHasher - The provided r size 1 * 128 B is below the recommended minimum 8.
[main] WARN org.apache.nifi.security.util.crypto.ScryptSecureHasher - The provided iteration count N 4 is below the recommended minimum 16384.
[main] WARN org.apache.nifi.security.util.crypto.AESKeyedCipherProvider - An IV was provided of length 0 bytes for encryption but should be 16 bytes
[main] WARN org.apache.nifi.security.util.crypto.AESKeyedCipherProvider - Generating new IV. The value can be obtained in the calling code by invoking 'cipher.getIV()';
[main] INFO org.apache.nifi.security.util.crypto.ScryptCipherProviderGroovyTest - IV: 787e785f2e3d27738c9bc528473fe36d
[main] INFO org.apache.nifi.security.util.crypto.ScryptCipherProviderGroovyTest - Cipher text: b528ff8a565e313c408991ebcc15ace1e6938c2d8e01479bfa59e53a5ba90230 32
[main] WARN org.apache.nifi.security.util.crypto.ScryptSecureHasher - The provided r size 1 * 128 B is below the recommended minimum 8.
[main] WARN org.apache.nifi.security.util.crypto.ScryptSecureHasher - The provided iteration count N 4 is below the recommended minimum 16384.
[main] INFO org.apache.nifi.security.util.crypto.ScryptCipherProviderGroovyTest - Recovered: ExactBlockSizeRequiredForProcess
[main] INFO org.apache.nifi.security.util.crypto.ScryptCipherProviderGroovyTest - Using algorithm: AES/GCM/NoPadding
[main] WARN org.apache.nifi.security.util.crypto.ScryptSecureHasher - The provided r size 1 * 128 B is below the recommended minimum 8.
[main] WARN org.apache.nifi.security.util.crypto.ScryptSecureHasher - The provided iteration count N 4 is below the recommended minimum 16384.
[main] WARN org.apache.nifi.security.util.crypto.AESKeyedCipherProvider - An IV was provided of length 0 bytes for encryption but should be 16 bytes
[main] WARN org.apache.nifi.security.util.crypto.AESKeyedCipherProvider - Generating new IV. The value can be obtained in the calling code by invoking 'cipher.getIV()';
[main] INFO org.apache.nifi.security.util.crypto.ScryptCipherProviderGroovyTest - IV: 0c4c7b29cd19c2f4f67aa1c85e32c5de
[main] INFO org.apache.nifi.security.util.crypto.ScryptCipherProviderGroovyTest - Cipher text: cf0829743af6157fde0b9b119a94a8f0283d38ee1a1a37a6ce68af720b0a874fbe8ff147bead5d51df1d3970fe519313 48
[main] WARN org.apache.nifi.security.util.crypto.ScryptSecureHasher - The provided r size 1 * 128 B is below the recommended minimum 8.
[main] WARN org.apache.nifi.security.util.crypto.ScryptSecureHasher - The provided iteration count N 4 is below the recommended minimum 16384.
[main] INFO org.apache.nifi.security.util.crypto.ScryptCipherProviderGroovyTest - Recovered: ExactBlockSizeRequiredForProcess
]]></system-err>
  </testcase>
  <testcase name="testScryptShouldNotAcceptInvalidPassword" classname="org.apache.nifi.security.util.crypto.ScryptCipherProviderGroovyTest" time="0.002">
    <system-err><![CDATA[[main] WARN org.apache.nifi.security.util.crypto.ScryptCipherProvider - The provided iteration count 4 is below the recommended minimum 16384
[main] WARN org.apache.nifi.security.util.crypto.ScryptCipherProvider - The provided block size 1 is below the recommended minimum 8
]]></system-err>
  </testcase>
  <testcase name="testShouldCatchInvalidP" classname="org.apache.nifi.security.util.crypto.ScryptCipherProviderGroovyTest" time="0.002">
    <system-err><![CDATA[[main] WARN org.apache.nifi.security.util.crypto.ScryptCipherProvider - The provided iteration count 4 is below the recommended minimum 16384
[main] WARN org.apache.nifi.security.util.crypto.ScryptCipherProvider - The provided block size 1 is below the recommended minimum 8
[main] WARN org.apache.nifi.security.util.crypto.ScryptCipherProvider - The provided iteration count 64 is below the recommended minimum 16384
[main] WARN org.apache.nifi.security.util.crypto.ScryptCipherProvider - The provided parallelization factor 0 is below the recommended minimum 1
[main] WARN org.apache.nifi.security.util.crypto.ScryptCipherProvider - Based on the provided block size 8, the provided parallelization factor 0 is out of bounds
[main] INFO org.apache.nifi.security.util.crypto.ScryptCipherProviderGroovyTest - [EXPECTED] java.lang.IllegalArgumentException: Invalid p value exceeds p boundary
]]></system-err>
  </testcase>
  <testcase name="testShouldCatchInvalidR" classname="org.apache.nifi.security.util.crypto.ScryptCipherProviderGroovyTest" time="0.002">
    <system-err><![CDATA[[main] WARN org.apache.nifi.security.util.crypto.ScryptCipherProvider - The provided iteration count 4 is below the recommended minimum 16384
[main] WARN org.apache.nifi.security.util.crypto.ScryptCipherProvider - The provided block size 1 is below the recommended minimum 8
[main] WARN org.apache.nifi.security.util.crypto.ScryptCipherProvider - The provided iteration count 64 is below the recommended minimum 16384
[main] WARN org.apache.nifi.security.util.crypto.ScryptCipherProvider - The provided block size 0 is below the recommended minimum 8
[main] WARN org.apache.nifi.security.util.crypto.ScryptCipherProvider - The provided parallelization factor 0 is below the recommended minimum 1
[main] WARN org.apache.nifi.security.util.crypto.ScryptCipherProvider - The provided block size 0 must be greater than 0
[main] INFO org.apache.nifi.security.util.crypto.ScryptCipherProviderGroovyTest - [EXPECTED] java.lang.IllegalArgumentException: Invalid r value; must be greater than 0
]]></system-err>
  </testcase>
  <testcase name="testShouldAcceptFormattedSaltWithPlus" classname="org.apache.nifi.security.util.crypto.ScryptCipherProviderGroovyTest" time="0.002">
    <system-err><![CDATA[[main] WARN org.apache.nifi.security.util.crypto.ScryptCipherProvider - The provided iteration count 4 is below the recommended minimum 16384
[main] WARN org.apache.nifi.security.util.crypto.ScryptCipherProvider - The provided block size 1 is below the recommended minimum 8
[main] INFO org.apache.nifi.security.util.crypto.ScryptCipherProviderGroovyTest - Is Scrypt salt: true
]]></system-err>
  </testcase>
  <testcase name="testGetCipherShouldBeInternallyConsistent" classname="org.apache.nifi.security.util.crypto.ScryptCipherProviderGroovyTest" time="0.002">
    <system-err><![CDATA[[main] WARN org.apache.nifi.security.util.crypto.ScryptCipherProvider - The provided iteration count 4 is below the recommended minimum 16384
[main] WARN org.apache.nifi.security.util.crypto.ScryptCipherProvider - The provided block size 1 is below the recommended minimum 8
[main] INFO org.apache.nifi.security.util.crypto.ScryptCipherProviderGroovyTest - Using algorithm: AES/CBC/NoPadding
[main] WARN org.apache.nifi.security.util.crypto.ScryptSecureHasher - The provided r size 1 * 128 B is below the recommended minimum 8.
[main] WARN org.apache.nifi.security.util.crypto.ScryptSecureHasher - The provided iteration count N 4 is below the recommended minimum 16384.
[main] WARN org.apache.nifi.security.util.crypto.AESKeyedCipherProvider - An IV was provided of length 0 bytes for encryption but should be 16 bytes
[main] WARN org.apache.nifi.security.util.crypto.AESKeyedCipherProvider - Generating new IV. The value can be obtained in the calling code by invoking 'cipher.getIV()';
[main] INFO org.apache.nifi.security.util.crypto.ScryptCipherProviderGroovyTest - IV: 2b85b4c1be5358760b32da4d96ce9e20
[main] INFO org.apache.nifi.security.util.crypto.ScryptCipherProviderGroovyTest - Cipher text: 76f3a2a82a7b6bac9d15e0ed85c65b3ce9b0ccbc43f3540426ebf58a123a6261 32
[main] WARN org.apache.nifi.security.util.crypto.ScryptSecureHasher - The provided r size 1 * 128 B is below the recommended minimum 8.
[main] WARN org.apache.nifi.security.util.crypto.ScryptSecureHasher - The provided iteration count N 4 is below the recommended minimum 16384.
[main] INFO org.apache.nifi.security.util.crypto.ScryptCipherProviderGroovyTest - Recovered: ExactBlockSizeRequiredForProcess
[main] INFO org.apache.nifi.security.util.crypto.ScryptCipherProviderGroovyTest - Using algorithm: AES/CBC/PKCS7Padding
[main] WARN org.apache.nifi.security.util.crypto.ScryptSecureHasher - The provided r size 1 * 128 B is below the recommended minimum 8.
[main] WARN org.apache.nifi.security.util.crypto.ScryptSecureHasher - The provided iteration count N 4 is below the recommended minimum 16384.
[main] WARN org.apache.nifi.security.util.crypto.AESKeyedCipherProvider - An IV was provided of length 0 bytes for encryption but should be 16 bytes
[main] WARN org.apache.nifi.security.util.crypto.AESKeyedCipherProvider - Generating new IV. The value can be obtained in the calling code by invoking 'cipher.getIV()';
[main] INFO org.apache.nifi.security.util.crypto.ScryptCipherProviderGroovyTest - IV: b6bd5317cd3e08802d15ffe7aabd27ba
[main] INFO org.apache.nifi.security.util.crypto.ScryptCipherProviderGroovyTest - Cipher text: 8a385d2daaa53b0e078f3ea4975b7fd483caab7965dbae9ea40055c29ff27cb0df63d3e72e1bba315e9957eb6e5f64b3 48
[main] WARN org.apache.nifi.security.util.crypto.ScryptSecureHasher - The provided r size 1 * 128 B is below the recommended minimum 8.
[main] WARN org.apache.nifi.security.util.crypto.ScryptSecureHasher - The provided iteration count N 4 is below the recommended minimum 16384.
[main] INFO org.apache.nifi.security.util.crypto.ScryptCipherProviderGroovyTest - Recovered: ExactBlockSizeRequiredForProcess
[main] INFO org.apache.nifi.security.util.crypto.ScryptCipherProviderGroovyTest - Using algorithm: AES/CTR/NoPadding
[main] WARN org.apache.nifi.security.util.crypto.ScryptSecureHasher - The provided r size 1 * 128 B is below the recommended minimum 8.
[main] WARN org.apache.nifi.security.util.crypto.ScryptSecureHasher - The provided iteration count N 4 is below the recommended minimum 16384.
[main] WARN org.apache.nifi.security.util.crypto.AESKeyedCipherProvider - An IV was provided of length 0 bytes for encryption but should be 16 bytes
[main] WARN org.apache.nifi.security.util.crypto.AESKeyedCipherProvider - Generating new IV. The value can be obtained in the calling code by invoking 'cipher.getIV()';
[main] INFO org.apache.nifi.security.util.crypto.ScryptCipherProviderGroovyTest - IV: 1d043c5a3a1ccadff6ae4a00ba6a4919
[main] INFO org.apache.nifi.security.util.crypto.ScryptCipherProviderGroovyTest - Cipher text: 2041f16f24a791f0ff4535a717b64d48ce9989abf2aa2b90c48ddeec8a8c0504 32
[main] WARN org.apache.nifi.security.util.crypto.ScryptSecureHasher - The provided r size 1 * 128 B is below the recommended minimum 8.
[main] WARN org.apache.nifi.security.util.crypto.ScryptSecureHasher - The provided iteration count N 4 is below the recommended minimum 16384.
[main] INFO org.apache.nifi.security.util.crypto.ScryptCipherProviderGroovyTest - Recovered: ExactBlockSizeRequiredForProcess
[main] INFO org.apache.nifi.security.util.crypto.ScryptCipherProviderGroovyTest - Using algorithm: AES/GCM/NoPadding
[main] WARN org.apache.nifi.security.util.crypto.ScryptSecureHasher - The provided r size 1 * 128 B is below the recommended minimum 8.
[main] WARN org.apache.nifi.security.util.crypto.ScryptSecureHasher - The provided iteration count N 4 is below the recommended minimum 16384.
[main] WARN org.apache.nifi.security.util.crypto.AESKeyedCipherProvider - An IV was provided of length 0 bytes for encryption but should be 16 bytes
[main] WARN org.apache.nifi.security.util.crypto.AESKeyedCipherProvider - Generating new IV. The value can be obtained in the calling code by invoking 'cipher.getIV()';
[main] INFO org.apache.nifi.security.util.crypto.ScryptCipherProviderGroovyTest - IV: ef9be6c138ed63a93c6d7acf1550c603
[main] INFO org.apache.nifi.security.util.crypto.ScryptCipherProviderGroovyTest - Cipher text: 5e67ac8df4a3533087f098f85c089d4d7fd89476bf0f01c25289c887f9380378853030f9c34705870b7078b066e0c02f 48
[main] WARN org.apache.nifi.security.util.crypto.ScryptSecureHasher - The provided r size 1 * 128 B is below the recommended minimum 8.
[main] WARN org.apache.nifi.security.util.crypto.ScryptSecureHasher - The provided iteration count N 4 is below the recommended minimum 16384.
[main] INFO org.apache.nifi.security.util.crypto.ScryptCipherProviderGroovyTest - Recovered: ExactBlockSizeRequiredForProcess
]]></system-err>
  </testcase>
  <testcase name="testShouldVerifyRValue" classname="org.apache.nifi.security.util.crypto.ScryptCipherProviderGroovyTest" time="0.001">
    <system-err><![CDATA[[main] WARN org.apache.nifi.security.util.crypto.ScryptCipherProvider - The provided iteration count 4 is below the recommended minimum 16384
[main] WARN org.apache.nifi.security.util.crypto.ScryptCipherProvider - The provided block size 1 is below the recommended minimum 8
]]></system-err>
  </testcase>
  <testcase name="testGetCipherShouldHandleUnformattedSalts" classname="org.apache.nifi.security.util.crypto.ScryptCipherProviderGroovyTest" time="0.003">
    <system-err><![CDATA[[main] WARN org.apache.nifi.security.util.crypto.ScryptCipherProvider - The provided iteration count 4 is below the recommended minimum 16384
[main] WARN org.apache.nifi.security.util.crypto.ScryptCipherProvider - The provided block size 1 is below the recommended minimum 8
[main] INFO org.apache.nifi.security.util.crypto.ScryptCipherProviderGroovyTest - Using algorithm: AES/CBC/PKCS7Padding
[main] INFO org.apache.nifi.security.util.crypto.ScryptCipherProviderGroovyTest - Checking salt $ab$00$acbdefghijklmnopqrstuv
[main] WARN org.apache.nifi.security.util.crypto.ScryptSecureHasher - The provided r size 1 * 128 B is below the recommended minimum 8.
[main] WARN org.apache.nifi.security.util.crypto.ScryptSecureHasher - The provided iteration count N 4 is below the recommended minimum 16384.
[main] WARN org.apache.nifi.security.util.crypto.AESKeyedCipherProvider - An IV was provided of length 0 bytes for encryption but should be 16 bytes
[main] WARN org.apache.nifi.security.util.crypto.AESKeyedCipherProvider - Generating new IV. The value can be obtained in the calling code by invoking 'cipher.getIV()';
[main] INFO org.apache.nifi.security.util.crypto.ScryptCipherProviderGroovyTest - Checking salt $4$1$1$0123456789abcdef
[main] WARN org.apache.nifi.security.util.crypto.ScryptSecureHasher - The provided r size 1 * 128 B is below the recommended minimum 8.
[main] WARN org.apache.nifi.security.util.crypto.ScryptSecureHasher - The provided iteration count N 4 is below the recommended minimum 16384.
[main] WARN org.apache.nifi.security.util.crypto.AESKeyedCipherProvider - An IV was provided of length 0 bytes for encryption but should be 16 bytes
[main] WARN org.apache.nifi.security.util.crypto.AESKeyedCipherProvider - Generating new IV. The value can be obtained in the calling code by invoking 'cipher.getIV()';
[main] INFO org.apache.nifi.security.util.crypto.ScryptCipherProviderGroovyTest - Checking salt $400$1$1$abcdefghijklmnopqrstuv
[main] WARN org.apache.nifi.security.util.crypto.ScryptSecureHasher - The provided r size 1 * 128 B is below the recommended minimum 8.
[main] WARN org.apache.nifi.security.util.crypto.ScryptSecureHasher - The provided iteration count N 4 is below the recommended minimum 16384.
[main] WARN org.apache.nifi.security.util.crypto.AESKeyedCipherProvider - An IV was provided of length 0 bytes for encryption but should be 16 bytes
[main] WARN org.apache.nifi.security.util.crypto.AESKeyedCipherProvider - Generating new IV. The value can be obtained in the calling code by invoking 'cipher.getIV()';
]]></system-err>
  </testcase>
  <testcase name="testGetCipherShouldAcceptValidKeyLengths" classname="org.apache.nifi.security.util.crypto.ScryptCipherProviderGroovyTest" time="0.004">
    <system-err><![CDATA[[main] WARN org.apache.nifi.security.util.crypto.ScryptCipherProvider - The provided iteration count 4 is below the recommended minimum 16384
[main] WARN org.apache.nifi.security.util.crypto.ScryptCipherProvider - The provided block size 1 is below the recommended minimum 8
[main] INFO org.apache.nifi.security.util.crypto.ScryptCipherProviderGroovyTest - Using algorithm: AES/CBC/PKCS7Padding with key length 128
[main] WARN org.apache.nifi.security.util.crypto.ScryptSecureHasher - The provided r size 1 * 128 B is below the recommended minimum 8.
[main] WARN org.apache.nifi.security.util.crypto.ScryptSecureHasher - The provided iteration count N 4 is below the recommended minimum 16384.
[main] INFO org.apache.nifi.security.util.crypto.ScryptCipherProviderGroovyTest - IV: 01010101010101010101010101010101
[main] INFO org.apache.nifi.security.util.crypto.ScryptCipherProviderGroovyTest - Cipher text: 499d33cedc23dfdf8e6821ad20cc72d5416125f1de5c8bcc6aaa79ef1a6fa2e2862095da2ebc742a78641d307459acec 48
[main] WARN org.apache.nifi.security.util.crypto.ScryptSecureHasher - The provided r size 1 * 128 B is below the recommended minimum 8.
[main] WARN org.apache.nifi.security.util.crypto.ScryptSecureHasher - The provided iteration count N 4 is below the recommended minimum 16384.
[main] INFO org.apache.nifi.security.util.crypto.ScryptCipherProviderGroovyTest - Recovered: ExactBlockSizeRequiredForProcess
[main] INFO org.apache.nifi.security.util.crypto.ScryptCipherProviderGroovyTest - Using algorithm: AES/CBC/PKCS7Padding with key length 192
[main] WARN org.apache.nifi.security.util.crypto.ScryptSecureHasher - The provided r size 1 * 128 B is below the recommended minimum 8.
[main] WARN org.apache.nifi.security.util.crypto.ScryptSecureHasher - The provided iteration count N 4 is below the recommended minimum 16384.
[main] INFO org.apache.nifi.security.util.crypto.ScryptCipherProviderGroovyTest - IV: 01010101010101010101010101010101
[main] INFO org.apache.nifi.security.util.crypto.ScryptCipherProviderGroovyTest - Cipher text: 1878bcc745174eb48d0d16d641087ec9c8d178d303df7751d6b8a1edea6faa6171519c76b356f534a0bc4af103c4a1ed 48
[main] WARN org.apache.nifi.security.util.crypto.ScryptSecureHasher - The provided r size 1 * 128 B is below the recommended minimum 8.
[main] WARN org.apache.nifi.security.util.crypto.ScryptSecureHasher - The provided iteration count N 4 is below the recommended minimum 16384.
[main] INFO org.apache.nifi.security.util.crypto.ScryptCipherProviderGroovyTest - Recovered: ExactBlockSizeRequiredForProcess
[main] INFO org.apache.nifi.security.util.crypto.ScryptCipherProviderGroovyTest - Using algorithm: AES/CBC/PKCS7Padding with key length 256
[main] WARN org.apache.nifi.security.util.crypto.ScryptSecureHasher - The provided r size 1 * 128 B is below the recommended minimum 8.
[main] WARN org.apache.nifi.security.util.crypto.ScryptSecureHasher - The provided iteration count N 4 is below the recommended minimum 16384.
[main] INFO org.apache.nifi.security.util.crypto.ScryptCipherProviderGroovyTest - IV: 01010101010101010101010101010101
[main] INFO org.apache.nifi.security.util.crypto.ScryptCipherProviderGroovyTest - Cipher text: f1144ed5137a6901ccf9ebf9b54d39909318d047d5e13005165b830576d4aec4f21414f8edb2034a2f1c3e101c2467e4 48
[main] WARN org.apache.nifi.security.util.crypto.ScryptSecureHasher - The provided r size 1 * 128 B is below the recommended minimum 8.
[main] WARN org.apache.nifi.security.util.crypto.ScryptSecureHasher - The provided iteration count N 4 is below the recommended minimum 16384.
[main] INFO org.apache.nifi.security.util.crypto.ScryptCipherProviderGroovyTest - Recovered: ExactBlockSizeRequiredForProcess
]]></system-err>
  </testcase>
  <testcase name="testGetCipherShouldHandleSaltWithoutParameters" classname="org.apache.nifi.security.util.crypto.ScryptCipherProviderGroovyTest" time="0.003">
    <system-err><![CDATA[[main] WARN org.apache.nifi.security.util.crypto.ScryptCipherProvider - The provided iteration count 4 is below the recommended minimum 16384
[main] WARN org.apache.nifi.security.util.crypto.ScryptCipherProvider - The provided block size 1 is below the recommended minimum 8
[main] INFO org.apache.nifi.security.util.crypto.ScryptCipherProvider - Treating as raw salt bytes
[main] INFO org.apache.nifi.security.util.crypto.ScryptCipherProviderGroovyTest - Expected salt: $s0$20101$8Vp6rYV94CnjI1XuuZjSpQ
[main] INFO org.apache.nifi.security.util.crypto.ScryptCipherProviderGroovyTest - Using algorithm: AES/CBC/PKCS7Padding
[main] WARN org.apache.nifi.security.util.crypto.ScryptSecureHasher - The provided r size 1 * 128 B is below the recommended minimum 8.
[main] WARN org.apache.nifi.security.util.crypto.ScryptSecureHasher - The provided iteration count N 4 is below the recommended minimum 16384.
[main] WARN org.apache.nifi.security.util.crypto.AESKeyedCipherProvider - An IV was provided of length 0 bytes for encryption but should be 16 bytes
[main] WARN org.apache.nifi.security.util.crypto.AESKeyedCipherProvider - Generating new IV. The value can be obtained in the calling code by invoking 'cipher.getIV()';
[main] INFO org.apache.nifi.security.util.crypto.ScryptCipherProviderGroovyTest - IV: 38fc1eb5f947422e9d03b185e7a2e8b2
[main] INFO org.apache.nifi.security.util.crypto.ScryptCipherProviderGroovyTest - Cipher text: d63d86126ab2f8460b89af735fd7c346c8d1ced9aaa19c67ce3e864a91c4fd66e3f8127d87154c02c1573fa6e5e98712 48
[main] INFO org.apache.nifi.security.util.crypto.ScryptCipherProviderGroovyTest - Manually derived key bytes: 122e2eafdb84db53d05ff51519548e27
[main] INFO org.apache.nifi.security.util.crypto.ScryptCipherProviderGroovyTest - Recovered: ExactBlockSizeRequiredForProcess
]]></system-err>
  </testcase>
  <testcase name="testShouldFailPBoundary" classname="org.apache.nifi.security.util.crypto.ScryptCipherProviderGroovyTest" time="0.004">
    <system-err><![CDATA[[main] WARN org.apache.nifi.security.util.crypto.ScryptCipherProvider - The provided iteration count 4 is below the recommended minimum 16384
[main] WARN org.apache.nifi.security.util.crypto.ScryptCipherProvider - The provided block size 1 is below the recommended minimum 8
[main] INFO org.apache.nifi.security.util.crypto.ScryptCipherProviderGroovyTest - For r 8, p is false
[main] INFO org.apache.nifi.security.util.crypto.ScryptCipherProviderGroovyTest - For r 128, p is false
[main] INFO org.apache.nifi.security.util.crypto.ScryptCipherProviderGroovyTest - For r 4096, p is false
]]></system-err>
  </testcase>
  <testcase name="testGetCipherShouldRejectEmptySalt" classname="org.apache.nifi.security.util.crypto.ScryptCipherProviderGroovyTest" time="0.002">
    <system-err><![CDATA[[main] WARN org.apache.nifi.security.util.crypto.ScryptCipherProvider - The provided iteration count 4 is below the recommended minimum 16384
[main] WARN org.apache.nifi.security.util.crypto.ScryptCipherProvider - The provided block size 1 is below the recommended minimum 8
[main] INFO org.apache.nifi.security.util.crypto.ScryptCipherProviderGroovyTest - Using algorithm: AES/CBC/PKCS7Padding
[main] INFO org.apache.nifi.security.util.crypto.ScryptCipherProviderGroovyTest - [EXPECTED] java.lang.IllegalArgumentException: The salt cannot be empty. To generate a salt, use ScryptCipherProvider#generateSalt()
]]></system-err>
  </testcase>
  <testcase name="testDefaultConstructorShouldProvideStrongParameters" classname="org.apache.nifi.security.util.crypto.ScryptCipherProviderGroovyTest" time="0">
    <skipped message="System property [nifi.test.unstable] does not exist ==&gt; This test can be run on a specific machine to evaluate if the default parameters are sufficient"/>
  </testcase>
  <testcase name="testGetCipherWithExternalIVShouldBeInternallyConsistent" classname="org.apache.nifi.security.util.crypto.ScryptCipherProviderGroovyTest" time="0.003">
    <system-err><![CDATA[[main] WARN org.apache.nifi.security.util.crypto.ScryptCipherProvider - The provided iteration count 4 is below the recommended minimum 16384
[main] WARN org.apache.nifi.security.util.crypto.ScryptCipherProvider - The provided block size 1 is below the recommended minimum 8
[main] INFO org.apache.nifi.security.util.crypto.ScryptCipherProviderGroovyTest - Using algorithm: AES/CBC/NoPadding
[main] WARN org.apache.nifi.security.util.crypto.ScryptSecureHasher - The provided r size 1 * 128 B is below the recommended minimum 8.
[main] WARN org.apache.nifi.security.util.crypto.ScryptSecureHasher - The provided iteration count N 4 is below the recommended minimum 16384.
[main] INFO org.apache.nifi.security.util.crypto.ScryptCipherProviderGroovyTest - IV: 01010101010101010101010101010101
[main] INFO org.apache.nifi.security.util.crypto.ScryptCipherProviderGroovyTest - Cipher text: fde1a36c50cd5bf16e651393384789b713bc3f21adc8395156465e2f05d226eb 32
[main] WARN org.apache.nifi.security.util.crypto.ScryptSecureHasher - The provided r size 1 * 128 B is below the recommended minimum 8.
[main] WARN org.apache.nifi.security.util.crypto.ScryptSecureHasher - The provided iteration count N 4 is below the recommended minimum 16384.
[main] INFO org.apache.nifi.security.util.crypto.ScryptCipherProviderGroovyTest - Recovered: ExactBlockSizeRequiredForProcess
[main] INFO org.apache.nifi.security.util.crypto.ScryptCipherProviderGroovyTest - Using algorithm: AES/CBC/PKCS7Padding
[main] WARN org.apache.nifi.security.util.crypto.ScryptSecureHasher - The provided r size 1 * 128 B is below the recommended minimum 8.
[main] WARN org.apache.nifi.security.util.crypto.ScryptSecureHasher - The provided iteration count N 4 is below the recommended minimum 16384.
[main] INFO org.apache.nifi.security.util.crypto.ScryptCipherProviderGroovyTest - IV: 01010101010101010101010101010101
[main] INFO org.apache.nifi.security.util.crypto.ScryptCipherProviderGroovyTest - Cipher text: fde1a36c50cd5bf16e651393384789b713bc3f21adc8395156465e2f05d226eb9a69c25ab0fa758d03c74fc55f386097 48
[main] WARN org.apache.nifi.security.util.crypto.ScryptSecureHasher - The provided r size 1 * 128 B is below the recommended minimum 8.
[main] WARN org.apache.nifi.security.util.crypto.ScryptSecureHasher - The provided iteration count N 4 is below the recommended minimum 16384.
[main] INFO org.apache.nifi.security.util.crypto.ScryptCipherProviderGroovyTest - Recovered: ExactBlockSizeRequiredForProcess
[main] INFO org.apache.nifi.security.util.crypto.ScryptCipherProviderGroovyTest - Using algorithm: AES/CTR/NoPadding
[main] WARN org.apache.nifi.security.util.crypto.ScryptSecureHasher - The provided r size 1 * 128 B is below the recommended minimum 8.
[main] WARN org.apache.nifi.security.util.crypto.ScryptSecureHasher - The provided iteration count N 4 is below the recommended minimum 16384.
[main] INFO org.apache.nifi.security.util.crypto.ScryptCipherProviderGroovyTest - IV: 01010101010101010101010101010101
[main] INFO org.apache.nifi.security.util.crypto.ScryptCipherProviderGroovyTest - Cipher text: ddfbb2fbc284ea4d3840e4b5eb193b0cca8665c1a7ad4511461d40a41349512c 32
[main] WARN org.apache.nifi.security.util.crypto.ScryptSecureHasher - The provided r size 1 * 128 B is below the recommended minimum 8.
[main] WARN org.apache.nifi.security.util.crypto.ScryptSecureHasher - The provided iteration count N 4 is below the recommended minimum 16384.
[main] INFO org.apache.nifi.security.util.crypto.ScryptCipherProviderGroovyTest - Recovered: ExactBlockSizeRequiredForProcess
[main] INFO org.apache.nifi.security.util.crypto.ScryptCipherProviderGroovyTest - Using algorithm: AES/GCM/NoPadding
[main] WARN org.apache.nifi.security.util.crypto.ScryptSecureHasher - The provided r size 1 * 128 B is below the recommended minimum 8.
[main] WARN org.apache.nifi.security.util.crypto.ScryptSecureHasher - The provided iteration count N 4 is below the recommended minimum 16384.
[main] INFO org.apache.nifi.security.util.crypto.ScryptCipherProviderGroovyTest - IV: 01010101010101010101010101010101
[main] INFO org.apache.nifi.security.util.crypto.ScryptCipherProviderGroovyTest - Cipher text: bba4d0765557e151309c272496ffdbcdaf76c4f1949aae58efc174cfbde968e3c9c053f6db197b055a0b50d04697a189 48
[main] WARN org.apache.nifi.security.util.crypto.ScryptSecureHasher - The provided r size 1 * 128 B is below the recommended minimum 8.
[main] WARN org.apache.nifi.security.util.crypto.ScryptSecureHasher - The provided iteration count N 4 is below the recommended minimum 16384.
[main] INFO org.apache.nifi.security.util.crypto.ScryptCipherProviderGroovyTest - Recovered: ExactBlockSizeRequiredForProcess
]]></system-err>
  </testcase>
  <testcase name="testShouldVerifyPBoundary" classname="org.apache.nifi.security.util.crypto.ScryptCipherProviderGroovyTest" time="0.001">
    <system-err><![CDATA[[main] WARN org.apache.nifi.security.util.crypto.ScryptCipherProvider - The provided iteration count 4 is below the recommended minimum 16384
[main] WARN org.apache.nifi.security.util.crypto.ScryptCipherProvider - The provided block size 1 is below the recommended minimum 8
]]></system-err>
  </testcase>
  <testcase name="testShouldParseSalt" classname="org.apache.nifi.security.util.crypto.ScryptCipherProviderGroovyTest" time="0.001">
    <system-err><![CDATA[[main] WARN org.apache.nifi.security.util.crypto.ScryptCipherProvider - The provided iteration count 4 is below the recommended minimum 16384
[main] WARN org.apache.nifi.security.util.crypto.ScryptCipherProvider - The provided block size 1 is below the recommended minimum 8
[main] INFO org.apache.nifi.security.util.crypto.ScryptCipherProviderGroovyTest - Using salt: $s0$a0824$9bgFbqbmbtuNATrEMquiSg
]]></system-err>
  </testcase>
  <testcase name="testGenerateSaltShouldUseProvidedParameters" classname="org.apache.nifi.security.util.crypto.ScryptCipherProviderGroovyTest" time="0.002">
    <system-err><![CDATA[[main] WARN org.apache.nifi.security.util.crypto.ScryptCipherProvider - The provided iteration count 4 is below the recommended minimum 16384
[main] WARN org.apache.nifi.security.util.crypto.ScryptCipherProvider - The provided block size 1 is below the recommended minimum 8
[main] WARN org.apache.nifi.security.util.crypto.ScryptCipherProvider - The provided iteration count 8 is below the recommended minimum 16384
[main] WARN org.apache.nifi.security.util.crypto.ScryptCipherProvider - The provided block size 2 is below the recommended minimum 8
[main] INFO org.apache.nifi.security.util.crypto.ScryptCipherProviderGroovyTest - Salt: $s0$30202$Q2owFvEGdp2XDTMTCymtWA
]]></system-err>
  </testcase>
  <testcase name="testShouldFailRValue" classname="org.apache.nifi.security.util.crypto.ScryptCipherProviderGroovyTest" time="0.001">
    <system-err><![CDATA[[main] WARN org.apache.nifi.security.util.crypto.ScryptCipherProvider - The provided iteration count 4 is below the recommended minimum 16384
[main] WARN org.apache.nifi.security.util.crypto.ScryptCipherProvider - The provided block size 1 is below the recommended minimum 8
]]></system-err>
  </testcase>
</testsuite>