ERROR StatusLogger Unable to locate a logging implementation, using SimpleLogger
2024-04-22 02:32:56,156 [INFO] TableUtils dropping table 'foo'
2024-04-22 02:32:56,292 [INFO] TableUtils ignoring drop error 'org.h2.jdbc.JdbcSQLSyntaxErrorException: Table "FOO" not found; SQL statement:
DROP TABLE `foo`  [42102-200]' for statement: DROP TABLE `foo` 
2024-04-22 02:32:56,292 [INFO] TableUtils creating table 'foo'
2024-04-22 02:32:56,296 [INFO] TableUtils executed create table statement changed 0 rows: CREATE TABLE `foo` (`date` TIMESTAMP ) 
2024-04-22 02:32:56,307 [DEBUG] BaseMappedStatement insert data with statement 'INSERT INTO `foo` (`date` ) VALUES (?)' and 1 args, changed 1 rows
2024-04-22 02:32:56,308 [TRACE] BaseMappedStatement insert arguments: [2024-04-22 02:32:56.297]
2024-04-22 02:32:56,309 [INFO] TableUtils dropping table 'foo'
2024-04-22 02:32:56,311 [INFO] TableUtils ignoring drop error 'org.h2.jdbc.JdbcSQLSyntaxErrorException: Table "FOO" not found; SQL statement:
DROP TABLE `foo`  [42102-200]' for statement: DROP TABLE `foo` 
2024-04-22 02:32:56,311 [INFO] TableUtils creating table 'foo'
2024-04-22 02:32:56,312 [INFO] TableUtils executed create table statement changed 0 rows: CREATE TABLE `foo` (`date` TIMESTAMP ) 
2024-04-22 02:32:56,313 [DEBUG] BaseMappedStatement insert data with statement 'INSERT INTO `foo` (`date` ) VALUES (?)' and 1 args, changed 1 rows
2024-04-22 02:32:56,313 [TRACE] BaseMappedStatement insert arguments: [2024-04-22 02:32:56.0]
2024-04-22 02:32:56,336 [DEBUG] BaseMappedStatement prepared statement 'SELECT * FROM `foo`' with 0 args
2024-04-22 02:32:56,337 [DEBUG] StatementExecutor query of 'SELECT * FROM `foo`' with 0 args returned 1 results
2024-04-22 02:32:56,341 [DEBUG] BaseMappedStatement prepared statement 'SELECT * FROM `foo` WHERE (`date` = ?)' with 1 args
2024-04-22 02:32:56,341 [TRACE] BaseMappedStatement prepared statement arguments: [2024-04-22 02:32:56.0]
2024-04-22 02:32:56,341 [DEBUG] StatementExecutor query of 'SELECT * FROM `foo` WHERE (`date` = ?)' with 1 args returned 1 results
2024-04-22 02:32:56,342 [DEBUG] BaseMappedStatement prepared statement 'SELECT * FROM `foo` WHERE (`date` = ?)' with 1 args
2024-04-22 02:32:56,342 [TRACE] BaseMappedStatement prepared statement arguments: [2024-04-22 02:32:56.0]
2024-04-22 02:32:56,342 [DEBUG] StatementExecutor query of 'SELECT * FROM `foo` WHERE (`date` = ?)' with 1 args returned 1 results
2024-04-22 02:32:56,343 [INFO] TableUtils dropping table 'foo'
2024-04-22 02:32:56,345 [INFO] TableUtils ignoring drop error 'org.h2.jdbc.JdbcSQLSyntaxErrorException: Table "FOO" not found; SQL statement:
DROP TABLE `foo`  [42102-200]' for statement: DROP TABLE `foo` 
2024-04-22 02:32:56,345 [INFO] TableUtils creating table 'foo'
2024-04-22 02:32:56,345 [INFO] TableUtils executed create table statement changed 0 rows: CREATE TABLE `foo` (`date` TIMESTAMP ) 
2024-04-22 02:32:56,346 [DEBUG] BaseMappedStatement insert data with statement 'INSERT INTO `foo` (`date` ) VALUES (?)' and 1 args, changed 1 rows
2024-04-22 02:32:56,346 [TRACE] BaseMappedStatement insert arguments: [null]
2024-04-22 02:32:56,347 [DEBUG] BaseMappedStatement prepared statement 'SELECT * FROM `foo`' with 0 args
2024-04-22 02:32:56,347 [DEBUG] StatementExecutor query of 'SELECT * FROM `foo`' with 0 args returned 1 results
2024-04-22 02:32:56,348 [ERROR] LogbackLogBackendTest message
2024-04-22 02:32:56,349 [ERROR] LogbackLogBackendTest message
java.lang.Throwable: log throwable
	at com.j256.ormlite.logger.BaseLogBackendTest.testErrorStringThrowable(BaseLogBackendTest.java:78)
	at sun.reflect.NativeMethodAccessorImpl.invoke0(Native Method)
	at sun.reflect.NativeMethodAccessorImpl.invoke(NativeMethodAccessorImpl.java:62)
	at sun.reflect.DelegatingMethodAccessorImpl.invoke(DelegatingMethodAccessorImpl.java:43)
	at java.lang.reflect.Method.invoke(Method.java:498)
	at org.junit.runners.model.FrameworkMethod$1.runReflectiveCall(FrameworkMethod.java:59)
	at org.junit.internal.runners.model.ReflectiveCallable.run(ReflectiveCallable.java:12)
	at org.junit.runners.model.FrameworkMethod.invokeExplosively(FrameworkMethod.java:56)
	at org.junit.internal.runners.statements.InvokeMethod.evaluate(InvokeMethod.java:17)
	at org.junit.runners.ParentRunner$3.evaluate(ParentRunner.java:306)
	at org.junit.runners.BlockJUnit4ClassRunner$1.evaluate(BlockJUnit4ClassRunner.java:100)
	at org.junit.runners.ParentRunner.runLeaf(ParentRunner.java:366)
	at org.junit.runners.BlockJUnit4ClassRunner.runChild(BlockJUnit4ClassRunner.java:103)
	at org.junit.runners.BlockJUnit4ClassRunner.runChild(BlockJUnit4ClassRunner.java:63)
	at org.junit.runners.ParentRunner$4.run(ParentRunner.java:331)
	at org.junit.runners.ParentRunner$1.schedule(ParentRunner.java:79)
	at org.junit.runners.ParentRunner.runChildren(ParentRunner.java:329)
	at org.junit.runners.ParentRunner.access$100(ParentRunner.java:66)
	at org.junit.runners.ParentRunner$2.evaluate(ParentRunner.java:293)
	at org.junit.runners.ParentRunner$3.evaluate(ParentRunner.java:306)
	at org.junit.runners.ParentRunner.run(ParentRunner.java:413)
	at org.junit.runners.Suite.runChild(Suite.java:128)
	at org.junit.runners.Suite.runChild(Suite.java:27)
	at org.junit.runners.ParentRunner$4.run(ParentRunner.java:331)
	at org.junit.runners.ParentRunner$1.schedule(ParentRunner.java:79)
	at org.junit.runners.ParentRunner.runChildren(ParentRunner.java:329)
	at org.junit.runners.ParentRunner.access$100(ParentRunner.java:66)
	at org.junit.runners.ParentRunner$2.evaluate(ParentRunner.java:293)
	at org.junit.runners.ParentRunner$3.evaluate(ParentRunner.java:306)
	at org.junit.runners.ParentRunner.run(ParentRunner.java:413)
	at org.junit.runner.JUnitCore.run(JUnitCore.java:137)
	at org.junit.runner.JUnitCore.run(JUnitCore.java:115)
	at edu.illinois.cs.testrunner.execution.JUnitTestExecutor.execute(JUnitTestExecutor.java:246)
	at edu.illinois.cs.testrunner.execution.JUnitTestExecutor.executeWithJUnit4Runner(JUnitTestExecutor.java:315)
	at edu.illinois.cs.testrunner.execution.JUnitTestExecutor.runOrder(JUnitTestExecutor.java:46)
	at edu.illinois.cs.testrunner.execution.Executor$.$anonfun$run$1(Executor.scala:30)
	at scala.runtime.java8.JFunction0$mcV$sp.apply(JFunction0$mcV$sp.java:12)
	at scala.util.Try$.apply(Try.scala:209)
	at edu.illinois.cs.testrunner.execution.Executor$.run(Executor.scala:28)
	at edu.illinois.cs.testrunner.execution.Executor$.main(Executor.scala:18)
	at edu.illinois.cs.testrunner.execution.Executor.main(Executor.scala)
2024-04-22 02:32:56,351 [WARN] LogbackLogBackendTest message
java.lang.Throwable: log throwable
	at com.j256.ormlite.logger.BaseLogBackendTest.testWarnStringThrowable(BaseLogBackendTest.java:68)
	at sun.reflect.NativeMethodAccessorImpl.invoke0(Native Method)
	at sun.reflect.NativeMethodAccessorImpl.invoke(NativeMethodAccessorImpl.java:62)
	at sun.reflect.DelegatingMethodAccessorImpl.invoke(DelegatingMethodAccessorImpl.java:43)
	at java.lang.reflect.Method.invoke(Method.java:498)
	at org.junit.runners.model.FrameworkMethod$1.runReflectiveCall(FrameworkMethod.java:59)
	at org.junit.internal.runners.model.ReflectiveCallable.run(ReflectiveCallable.java:12)
	at org.junit.runners.model.FrameworkMethod.invokeExplosively(FrameworkMethod.java:56)
	at org.junit.internal.runners.statements.InvokeMethod.evaluate(InvokeMethod.java:17)
	at org.junit.runners.ParentRunner$3.evaluate(ParentRunner.java:306)
	at org.junit.runners.BlockJUnit4ClassRunner$1.evaluate(BlockJUnit4ClassRunner.java:100)
	at org.junit.runners.ParentRunner.runLeaf(ParentRunner.java:366)
	at org.junit.runners.BlockJUnit4ClassRunner.runChild(BlockJUnit4ClassRunner.java:103)
	at org.junit.runners.BlockJUnit4ClassRunner.runChild(BlockJUnit4ClassRunner.java:63)
	at org.junit.runners.ParentRunner$4.run(ParentRunner.java:331)
	at org.junit.runners.ParentRunner$1.schedule(ParentRunner.java:79)
	at org.junit.runners.ParentRunner.runChildren(ParentRunner.java:329)
	at org.junit.runners.ParentRunner.access$100(ParentRunner.java:66)
	at org.junit.runners.ParentRunner$2.evaluate(ParentRunner.java:293)
	at org.junit.runners.ParentRunner$3.evaluate(ParentRunner.java:306)
	at org.junit.runners.ParentRunner.run(ParentRunner.java:413)
	at org.junit.runners.Suite.runChild(Suite.java:128)
	at org.junit.runners.Suite.runChild(Suite.java:27)
	at org.junit.runners.ParentRunner$4.run(ParentRunner.java:331)
	at org.junit.runners.ParentRunner$1.schedule(ParentRunner.java:79)
	at org.junit.runners.ParentRunner.runChildren(ParentRunner.java:329)
	at org.junit.runners.ParentRunner.access$100(ParentRunner.java:66)
	at org.junit.runners.ParentRunner$2.evaluate(ParentRunner.java:293)
	at org.junit.runners.ParentRunner$3.evaluate(ParentRunner.java:306)
	at org.junit.runners.ParentRunner.run(ParentRunner.java:413)
	at org.junit.runner.JUnitCore.run(JUnitCore.java:137)
	at org.junit.runner.JUnitCore.run(JUnitCore.java:115)
	at edu.illinois.cs.testrunner.execution.JUnitTestExecutor.execute(JUnitTestExecutor.java:246)
	at edu.illinois.cs.testrunner.execution.JUnitTestExecutor.executeWithJUnit4Runner(JUnitTestExecutor.java:315)
	at edu.illinois.cs.testrunner.execution.JUnitTestExecutor.runOrder(JUnitTestExecutor.java:46)
	at edu.illinois.cs.testrunner.execution.Executor$.$anonfun$run$1(Executor.scala:30)
	at scala.runtime.java8.JFunction0$mcV$sp.apply(JFunction0$mcV$sp.java:12)
	at scala.util.Try$.apply(Try.scala:209)
	at edu.illinois.cs.testrunner.execution.Executor$.run(Executor.scala:28)
	at edu.illinois.cs.testrunner.execution.Executor$.main(Executor.scala:18)
	at edu.illinois.cs.testrunner.execution.Executor.main(Executor.scala)
2024-04-22 02:32:56,352 [INFO] LogbackLogBackendTest message
java.lang.Throwable: log throwable
	at com.j256.ormlite.logger.BaseLogBackendTest.testInfoStringThrowable(BaseLogBackendTest.java:58)
	at sun.reflect.NativeMethodAccessorImpl.invoke0(Native Method)
	at sun.reflect.NativeMethodAccessorImpl.invoke(NativeMethodAccessorImpl.java:62)
	at sun.reflect.DelegatingMethodAccessorImpl.invoke(DelegatingMethodAccessorImpl.java:43)
	at java.lang.reflect.Method.invoke(Method.java:498)
	at org.junit.runners.model.FrameworkMethod$1.runReflectiveCall(FrameworkMethod.java:59)
	at org.junit.internal.runners.model.ReflectiveCallable.run(ReflectiveCallable.java:12)
	at org.junit.runners.model.FrameworkMethod.invokeExplosively(FrameworkMethod.java:56)
	at org.junit.internal.runners.statements.InvokeMethod.evaluate(InvokeMethod.java:17)
	at org.junit.runners.ParentRunner$3.evaluate(ParentRunner.java:306)
	at org.junit.runners.BlockJUnit4ClassRunner$1.evaluate(BlockJUnit4ClassRunner.java:100)
	at org.junit.runners.ParentRunner.runLeaf(ParentRunner.java:366)
	at org.junit.runners.BlockJUnit4ClassRunner.runChild(BlockJUnit4ClassRunner.java:103)
	at org.junit.runners.BlockJUnit4ClassRunner.runChild(BlockJUnit4ClassRunner.java:63)
	at org.junit.runners.ParentRunner$4.run(ParentRunner.java:331)
	at org.junit.runners.ParentRunner$1.schedule(ParentRunner.java:79)
	at org.junit.runners.ParentRunner.runChildren(ParentRunner.java:329)
	at org.junit.runners.ParentRunner.access$100(ParentRunner.java:66)
	at org.junit.runners.ParentRunner$2.evaluate(ParentRunner.java:293)
	at org.junit.runners.ParentRunner$3.evaluate(ParentRunner.java:306)
	at org.junit.runners.ParentRunner.run(ParentRunner.java:413)
	at org.junit.runners.Suite.runChild(Suite.java:128)
	at org.junit.runners.Suite.runChild(Suite.java:27)
	at org.junit.runners.ParentRunner$4.run(ParentRunner.java:331)
	at org.junit.runners.ParentRunner$1.schedule(ParentRunner.java:79)
	at org.junit.runners.ParentRunner.runChildren(ParentRunner.java:329)
	at org.junit.runners.ParentRunner.access$100(ParentRunner.java:66)
	at org.junit.runners.ParentRunner$2.evaluate(ParentRunner.java:293)
	at org.junit.runners.ParentRunner$3.evaluate(ParentRunner.java:306)
	at org.junit.runners.ParentRunner.run(ParentRunner.java:413)
	at org.junit.runner.JUnitCore.run(JUnitCore.java:137)
	at org.junit.runner.JUnitCore.run(JUnitCore.java:115)
	at edu.illinois.cs.testrunner.execution.JUnitTestExecutor.execute(JUnitTestExecutor.java:246)
	at edu.illinois.cs.testrunner.execution.JUnitTestExecutor.executeWithJUnit4Runner(JUnitTestExecutor.java:315)
	at edu.illinois.cs.testrunner.execution.JUnitTestExecutor.runOrder(JUnitTestExecutor.java:46)
	at edu.illinois.cs.testrunner.execution.Executor$.$anonfun$run$1(Executor.scala:30)
	at scala.runtime.java8.JFunction0$mcV$sp.apply(JFunction0$mcV$sp.java:12)
	at scala.util.Try$.apply(Try.scala:209)
	at edu.illinois.cs.testrunner.execution.Executor$.run(Executor.scala:28)
	at edu.illinois.cs.testrunner.execution.Executor$.main(Executor.scala:18)
	at edu.illinois.cs.testrunner.execution.Executor.main(Executor.scala)
2024-04-22 02:32:56,353 [ERROR] LogbackLogBackendTest message
java.lang.Throwable: log throwable
	at com.j256.ormlite.logger.BaseLogBackendTest.testFatalStringThrowable(BaseLogBackendTest.java:88)
	at sun.reflect.NativeMethodAccessorImpl.invoke0(Native Method)
	at sun.reflect.NativeMethodAccessorImpl.invoke(NativeMethodAccessorImpl.java:62)
	at sun.reflect.DelegatingMethodAccessorImpl.invoke(DelegatingMethodAccessorImpl.java:43)
	at java.lang.reflect.Method.invoke(Method.java:498)
	at org.junit.runners.model.FrameworkMethod$1.runReflectiveCall(FrameworkMethod.java:59)
	at org.junit.internal.runners.model.ReflectiveCallable.run(ReflectiveCallable.java:12)
	at org.junit.runners.model.FrameworkMethod.invokeExplosively(FrameworkMethod.java:56)
	at org.junit.internal.runners.statements.InvokeMethod.evaluate(InvokeMethod.java:17)
	at org.junit.runners.ParentRunner$3.evaluate(ParentRunner.java:306)
	at org.junit.runners.BlockJUnit4ClassRunner$1.evaluate(BlockJUnit4ClassRunner.java:100)
	at org.junit.runners.ParentRunner.runLeaf(ParentRunner.java:366)
	at org.junit.runners.BlockJUnit4ClassRunner.runChild(BlockJUnit4ClassRunner.java:103)
	at org.junit.runners.BlockJUnit4ClassRunner.runChild(BlockJUnit4ClassRunner.java:63)
	at org.junit.runners.ParentRunner$4.run(ParentRunner.java:331)
	at org.junit.runners.ParentRunner$1.schedule(ParentRunner.java:79)
	at org.junit.runners.ParentRunner.runChildren(ParentRunner.java:329)
	at org.junit.runners.ParentRunner.access$100(ParentRunner.java:66)
	at org.junit.runners.ParentRunner$2.evaluate(ParentRunner.java:293)
	at org.junit.runners.ParentRunner$3.evaluate(ParentRunner.java:306)
	at org.junit.runners.ParentRunner.run(ParentRunner.java:413)
	at org.junit.runners.Suite.runChild(Suite.java:128)
	at org.junit.runners.Suite.runChild(Suite.java:27)
	at org.junit.runners.ParentRunner$4.run(ParentRunner.java:331)
	at org.junit.runners.ParentRunner$1.schedule(ParentRunner.java:79)
	at org.junit.runners.ParentRunner.runChildren(ParentRunner.java:329)
	at org.junit.runners.ParentRunner.access$100(ParentRunner.java:66)
	at org.junit.runners.ParentRunner$2.evaluate(ParentRunner.java:293)
	at org.junit.runners.ParentRunner$3.evaluate(ParentRunner.java:306)
	at org.junit.runners.ParentRunner.run(ParentRunner.java:413)
	at org.junit.runner.JUnitCore.run(JUnitCore.java:137)
	at org.junit.runner.JUnitCore.run(JUnitCore.java:115)
	at edu.illinois.cs.testrunner.execution.JUnitTestExecutor.execute(JUnitTestExecutor.java:246)
	at edu.illinois.cs.testrunner.execution.JUnitTestExecutor.executeWithJUnit4Runner(JUnitTestExecutor.java:315)
	at edu.illinois.cs.testrunner.execution.JUnitTestExecutor.runOrder(JUnitTestExecutor.java:46)
	at edu.illinois.cs.testrunner.execution.Executor$.$anonfun$run$1(Executor.scala:30)
	at scala.runtime.java8.JFunction0$mcV$sp.apply(JFunction0$mcV$sp.java:12)
	at scala.util.Try$.apply(Try.scala:209)
	at edu.illinois.cs.testrunner.execution.Executor$.run(Executor.scala:28)
	at edu.illinois.cs.testrunner.execution.Executor$.main(Executor.scala:18)
	at edu.illinois.cs.testrunner.execution.Executor.main(Executor.scala)
2024-04-22 02:32:56,354 [ERROR] LogbackLogBackendTest message
2024-04-22 02:32:56,354 [INFO] LogbackLogBackendTest message
2024-04-22 02:32:56,354 [INFO] LogbackLogBackendTest hello there
2024-04-22 02:32:56,355 [WARN] LogbackLogBackendTest message
2024-04-22 02:32:56,359 [INFO] TableUtils dropping table 'foo'
2024-04-22 02:32:56,361 [INFO] TableUtils ignoring drop error 'org.h2.jdbc.JdbcSQLSyntaxErrorException: Table "FOO" not found; SQL statement:
DROP TABLE `foo`  [42102-200]' for statement: DROP TABLE `foo` 
2024-04-22 02:32:56,361 [INFO] TableUtils creating table 'foo'
2024-04-22 02:32:56,362 [INFO] TableUtils executed create table statement changed 0 rows: CREATE TABLE `foo` (`string` TEXT ) 
2024-04-22 02:32:56,363 [DEBUG] BaseMappedStatement insert data with statement 'INSERT INTO `foo` (`string` ) VALUES (?)' and 1 args, changed 1 rows
2024-04-22 02:32:56,363 [TRACE] BaseMappedStatement insert arguments: [str]
2024-04-22 02:32:56,364 [DEBUG] BaseMappedStatement prepared statement 'SELECT * FROM `foo`' with 0 args
2024-04-22 02:32:56,365 [DEBUG] StatementExecutor query of 'SELECT * FROM `foo`' with 0 args returned 1 results
2024-04-22 02:32:56,365 [DEBUG] BaseMappedStatement prepared statement 'SELECT * FROM `foo` WHERE (`string` = 'str')' with 0 args
2024-04-22 02:32:56,368 [DEBUG] StatementExecutor query of 'SELECT * FROM `foo` WHERE (`string` = 'str')' with 0 args returned 1 results
2024-04-22 02:32:56,368 [DEBUG] BaseMappedStatement prepared statement 'SELECT * FROM `foo` WHERE (`string` = ?)' with 1 args
2024-04-22 02:32:56,368 [TRACE] BaseMappedStatement prepared statement arguments: [str]
2024-04-22 02:32:56,368 [DEBUG] StatementExecutor query of 'SELECT * FROM `foo` WHERE (`string` = ?)' with 1 args returned 1 results
ERROR Log4j2LogBackendTest message
FATAL Log4j2LogBackendTest message java.lang.Throwable: log throwable
	at com.j256.ormlite.logger.BaseLogBackendTest.testFatalStringThrowable(BaseLogBackendTest.java:88)
	at sun.reflect.NativeMethodAccessorImpl.invoke0(Native Method)
	at sun.reflect.NativeMethodAccessorImpl.invoke(NativeMethodAccessorImpl.java:62)
	at sun.reflect.DelegatingMethodAccessorImpl.invoke(DelegatingMethodAccessorImpl.java:43)
	at java.lang.reflect.Method.invoke(Method.java:498)
	at org.junit.runners.model.FrameworkMethod$1.runReflectiveCall(FrameworkMethod.java:59)
	at org.junit.internal.runners.model.ReflectiveCallable.run(ReflectiveCallable.java:12)
	at org.junit.runners.model.FrameworkMethod.invokeExplosively(FrameworkMethod.java:56)
	at org.junit.internal.runners.statements.InvokeMethod.evaluate(InvokeMethod.java:17)
	at org.junit.runners.ParentRunner$3.evaluate(ParentRunner.java:306)
	at org.junit.runners.BlockJUnit4ClassRunner$1.evaluate(BlockJUnit4ClassRunner.java:100)
	at org.junit.runners.ParentRunner.runLeaf(ParentRunner.java:366)
	at org.junit.runners.BlockJUnit4ClassRunner.runChild(BlockJUnit4ClassRunner.java:103)
	at org.junit.runners.BlockJUnit4ClassRunner.runChild(BlockJUnit4ClassRunner.java:63)
	at org.junit.runners.ParentRunner$4.run(ParentRunner.java:331)
	at org.junit.runners.ParentRunner$1.schedule(ParentRunner.java:79)
	at org.junit.runners.ParentRunner.runChildren(ParentRunner.java:329)
	at org.junit.runners.ParentRunner.access$100(ParentRunner.java:66)
	at org.junit.runners.ParentRunner$2.evaluate(ParentRunner.java:293)
	at org.junit.runners.ParentRunner$3.evaluate(ParentRunner.java:306)
	at org.junit.runners.ParentRunner.run(ParentRunner.java:413)
	at org.junit.runners.Suite.runChild(Suite.java:128)
	at org.junit.runners.Suite.runChild(Suite.java:27)
	at org.junit.runners.ParentRunner$4.run(ParentRunner.java:331)
	at org.junit.runners.ParentRunner$1.schedule(ParentRunner.java:79)
	at org.junit.runners.ParentRunner.runChildren(ParentRunner.java:329)
	at org.junit.runners.ParentRunner.access$100(ParentRunner.java:66)
	at org.junit.runners.ParentRunner$2.evaluate(ParentRunner.java:293)
	at org.junit.runners.ParentRunner$3.evaluate(ParentRunner.java:306)
	at org.junit.runners.ParentRunner.run(ParentRunner.java:413)
	at org.junit.runner.JUnitCore.run(JUnitCore.java:137)
	at org.junit.runner.JUnitCore.run(JUnitCore.java:115)
	at edu.illinois.cs.testrunner.execution.JUnitTestExecutor.execute(JUnitTestExecutor.java:246)
	at edu.illinois.cs.testrunner.execution.JUnitTestExecutor.executeWithJUnit4Runner(JUnitTestExecutor.java:315)
	at edu.illinois.cs.testrunner.execution.JUnitTestExecutor.runOrder(JUnitTestExecutor.java:46)
	at edu.illinois.cs.testrunner.execution.Executor$.$anonfun$run$1(Executor.scala:30)
	at scala.runtime.java8.JFunction0$mcV$sp.apply(JFunction0$mcV$sp.java:12)
	at scala.util.Try$.apply(Try.scala:209)
	at edu.illinois.cs.testrunner.execution.Executor$.run(Executor.scala:28)
	at edu.illinois.cs.testrunner.execution.Executor$.main(Executor.scala:18)
	at edu.illinois.cs.testrunner.execution.Executor.main(Executor.scala)

FATAL Log4j2LogBackendTest message
ERROR Log4j2LogBackendTest message java.lang.Throwable: log throwable
	at com.j256.ormlite.logger.BaseLogBackendTest.testErrorStringThrowable(BaseLogBackendTest.java:78)
	at sun.reflect.NativeMethodAccessorImpl.invoke0(Native Method)
	at sun.reflect.NativeMethodAccessorImpl.invoke(NativeMethodAccessorImpl.java:62)
	at sun.reflect.DelegatingMethodAccessorImpl.invoke(DelegatingMethodAccessorImpl.java:43)
	at java.lang.reflect.Method.invoke(Method.java:498)
	at org.junit.runners.model.FrameworkMethod$1.runReflectiveCall(FrameworkMethod.java:59)
	at org.junit.internal.runners.model.ReflectiveCallable.run(ReflectiveCallable.java:12)
	at org.junit.runners.model.FrameworkMethod.invokeExplosively(FrameworkMethod.java:56)
	at org.junit.internal.runners.statements.InvokeMethod.evaluate(InvokeMethod.java:17)
	at org.junit.runners.ParentRunner$3.evaluate(ParentRunner.java:306)
	at org.junit.runners.BlockJUnit4ClassRunner$1.evaluate(BlockJUnit4ClassRunner.java:100)
	at org.junit.runners.ParentRunner.runLeaf(ParentRunner.java:366)
	at org.junit.runners.BlockJUnit4ClassRunner.runChild(BlockJUnit4ClassRunner.java:103)
	at org.junit.runners.BlockJUnit4ClassRunner.runChild(BlockJUnit4ClassRunner.java:63)
	at org.junit.runners.ParentRunner$4.run(ParentRunner.java:331)
	at org.junit.runners.ParentRunner$1.schedule(ParentRunner.java:79)
	at org.junit.runners.ParentRunner.runChildren(ParentRunner.java:329)
	at org.junit.runners.ParentRunner.access$100(ParentRunner.java:66)
	at org.junit.runners.ParentRunner$2.evaluate(ParentRunner.java:293)
	at org.junit.runners.ParentRunner$3.evaluate(ParentRunner.java:306)
	at org.junit.runners.ParentRunner.run(ParentRunner.java:413)
	at org.junit.runners.Suite.runChild(Suite.java:128)
	at org.junit.runners.Suite.runChild(Suite.java:27)
	at org.junit.runners.ParentRunner$4.run(ParentRunner.java:331)
	at org.junit.runners.ParentRunner$1.schedule(ParentRunner.java:79)
	at org.junit.runners.ParentRunner.runChildren(ParentRunner.java:329)
	at org.junit.runners.ParentRunner.access$100(ParentRunner.java:66)
	at org.junit.runners.ParentRunner$2.evaluate(ParentRunner.java:293)
	at org.junit.runners.ParentRunner$3.evaluate(ParentRunner.java:306)
	at org.junit.runners.ParentRunner.run(ParentRunner.java:413)
	at org.junit.runner.JUnitCore.run(JUnitCore.java:137)
	at org.junit.runner.JUnitCore.run(JUnitCore.java:115)
	at edu.illinois.cs.testrunner.execution.JUnitTestExecutor.execute(JUnitTestExecutor.java:246)
	at edu.illinois.cs.testrunner.execution.JUnitTestExecutor.executeWithJUnit4Runner(JUnitTestExecutor.java:315)
	at edu.illinois.cs.testrunner.execution.JUnitTestExecutor.runOrder(JUnitTestExecutor.java:46)
	at edu.illinois.cs.testrunner.execution.Executor$.$anonfun$run$1(Executor.scala:30)
	at scala.runtime.java8.JFunction0$mcV$sp.apply(JFunction0$mcV$sp.java:12)
	at scala.util.Try$.apply(Try.scala:209)
	at edu.illinois.cs.testrunner.execution.Executor$.run(Executor.scala:28)
	at edu.illinois.cs.testrunner.execution.Executor$.main(Executor.scala:18)
	at edu.illinois.cs.testrunner.execution.Executor.main(Executor.scala)

2024-04-22 02:32:56,379 [INFO] TableUtils dropping table 'lazy'
2024-04-22 02:32:56,381 [INFO] TableUtils ignoring drop error 'org.h2.jdbc.JdbcSQLSyntaxErrorException: Table "LAZY" not found; SQL statement:
DROP TABLE `lazy`  [42102-200]' for statement: DROP TABLE `lazy` 
2024-04-22 02:32:56,381 [INFO] TableUtils creating table 'lazy'
2024-04-22 02:32:56,394 [INFO] TableUtils executed create table statement changed 0 rows: CREATE TABLE `lazy` (`id` INTEGER AUTO_INCREMENT , PRIMARY KEY (`id`) ) 
2024-04-22 02:32:56,396 [DEBUG] BaseMappedStatement insert data with statement 'INSERT INTO `lazy` () VALUES ()' and 0 args, changed 1 rows
2024-04-22 02:32:56,396 [DEBUG] BaseMappedStatement assigned id '1' from keyholder to 'id' in Lazy object
2024-04-22 02:32:56,397 [INFO] TableUtils dropping table 'foreign'
2024-04-22 02:32:56,397 [INFO] TableUtils ignoring drop error 'org.h2.jdbc.JdbcSQLSyntaxErrorException: Table "FOREIGN" not found; SQL statement:
DROP TABLE `foreign`  [42102-200]' for statement: DROP TABLE `foreign` 
2024-04-22 02:32:56,397 [INFO] TableUtils creating table 'foreign'
2024-04-22 02:32:56,398 [INFO] TableUtils executed create table statement changed 0 rows: CREATE TABLE `foreign` (`id` INTEGER AUTO_INCREMENT , `lazy_id` INTEGER , PRIMARY KEY (`id`) ) 
2024-04-22 02:32:56,399 [DEBUG] BaseMappedStatement insert data with statement 'INSERT INTO `foreign` (`lazy_id` ) VALUES (?)' and 1 args, changed 1 rows
2024-04-22 02:32:56,399 [TRACE] BaseMappedStatement insert arguments: [1]
2024-04-22 02:32:56,399 [DEBUG] BaseMappedStatement assigned id '1' from keyholder to 'id' in Foreign object
2024-04-22 02:32:56,400 [DEBUG] BaseMappedStatement query-for-id using 'SELECT * FROM `lazy` WHERE `id` = ?' and 1 args, got 1 result
2024-04-22 02:32:56,400 [TRACE] BaseMappedStatement query-for-id arguments: [1]
2024-04-22 02:32:56,401 [DEBUG] BaseMappedStatement prepared statement 'SELECT * FROM `foreign` WHERE `lazy_id` = ?' with 1 args
2024-04-22 02:32:56,401 [TRACE] BaseMappedStatement prepared statement arguments: [1]
2024-04-22 02:32:56,401 [DEBUG] BaseMappedStatement prepared statement 'SELECT * FROM `foreign` WHERE `lazy_id` = ?' with 1 args
2024-04-22 02:32:56,401 [TRACE] BaseMappedStatement prepared statement arguments: [1]
2024-04-22 02:32:56,402 [DEBUG] BaseMappedStatement prepared statement 'SELECT * FROM `foreign` WHERE `lazy_id` = ?' with 1 args
2024-04-22 02:32:56,402 [TRACE] BaseMappedStatement prepared statement arguments: [1]
2024-04-22 02:32:56,404 [INFO] TableUtils dropping table 'foo'
2024-04-22 02:32:56,406 [INFO] TableUtils ignoring drop error 'org.h2.jdbc.JdbcSQLSyntaxErrorException: Table "FOO" not found; SQL statement:
DROP TABLE `foo`  [42102-200]' for statement: DROP TABLE `foo` 
2024-04-22 02:32:56,406 [INFO] TableUtils creating table 'foo'
2024-04-22 02:32:56,407 [INFO] TableUtils executed create table statement changed 0 rows: CREATE TABLE `foo` (`id` INTEGER AUTO_INCREMENT , `val` INTEGER , `equal` INTEGER , `string` VARCHAR(255) , PRIMARY KEY (`id`) ) 
2024-04-22 02:32:56,409 [DEBUG] BaseMappedStatement insert data with statement 'INSERT INTO `foo` (`val` ,`equal` ,`string` ) VALUES (?,?,?)' and 3 args, changed 1 rows
2024-04-22 02:32:56,409 [TRACE] BaseMappedStatement insert arguments: [13131511, 0, null]
2024-04-22 02:32:56,409 [DEBUG] BaseMappedStatement assigned id '1' from keyholder to 'id' in Foo object
2024-04-22 02:32:56,411 [DEBUG] BaseMappedStatement delete data with statement 'DELETE FROM `foo` WHERE `id` = ?' and 1 args, changed 1 rows
2024-04-22 02:32:56,411 [TRACE] BaseMappedStatement delete arguments: [1]
2024-04-22 02:32:56,412 [DEBUG] BaseMappedStatement query-for-id using 'SELECT * FROM `foo` WHERE `id` = ?' and 1 args, got no results
2024-04-22 02:32:56,412 [TRACE] BaseMappedStatement query-for-id arguments: [1]
2024-04-22 02:32:56,412 [DEBUG] BaseMappedStatement query-for-id using 'SELECT * FROM `foo` WHERE `id` = ?' and 1 args, got no results
2024-04-22 02:32:56,412 [TRACE] BaseMappedStatement query-for-id arguments: [1]
2024-04-22 02:32:56,425 [INFO] TableUtils dropping table 'foo'
2024-04-22 02:32:56,427 [INFO] TableUtils ignoring drop error 'org.h2.jdbc.JdbcSQLSyntaxErrorException: Table "FOO" not found; SQL statement:
DROP TABLE `foo`  [42102-200]' for statement: DROP TABLE `foo` 
2024-04-22 02:32:56,427 [INFO] TableUtils creating table 'foo'
2024-04-22 02:32:56,429 [INFO] TableUtils executed create table statement changed 0 rows: CREATE TABLE `foo` (`id` INTEGER AUTO_INCREMENT , `val` INTEGER , `equal` INTEGER , `string` VARCHAR(255) , PRIMARY KEY (`id`) ) 
2024-04-22 02:32:56,430 [DEBUG] BaseMappedStatement insert data with statement 'INSERT INTO `foo` (`val` ,`equal` ,`string` ) VALUES (?,?,?)' and 3 args, changed 1 rows
2024-04-22 02:32:56,430 [TRACE] BaseMappedStatement insert arguments: [0, 0, null]
2024-04-22 02:32:56,430 [DEBUG] BaseMappedStatement assigned id '1' from keyholder to 'id' in Foo object
2024-04-22 02:32:56,431 [DEBUG] BaseMappedStatement insert data with statement 'INSERT INTO `foo` (`val` ,`equal` ,`string` ) VALUES (?,?,?)' and 3 args, changed 1 rows
2024-04-22 02:32:56,431 [TRACE] BaseMappedStatement insert arguments: [0, 0, null]
2024-04-22 02:32:56,431 [DEBUG] BaseMappedStatement assigned id '2' from keyholder to 'id' in Foo object
2024-04-22 02:32:56,432 [DEBUG] BaseMappedStatement prepared statement 'SELECT * FROM `foo`' with 0 args
2024-04-22 02:32:56,432 [DEBUG] StatementExecutor query of 'SELECT * FROM `foo`' with 0 args returned 0 results
2024-04-22 02:32:56,433 [INFO] TableUtils dropping table 'foo'
2024-04-22 02:32:56,438 [INFO] TableUtils ignoring drop error 'org.h2.jdbc.JdbcSQLSyntaxErrorException: Table "FOO" not found; SQL statement:
DROP TABLE `foo`  [42102-200]' for statement: DROP TABLE `foo` 
2024-04-22 02:32:56,438 [INFO] TableUtils creating table 'foo'
2024-04-22 02:32:56,439 [INFO] TableUtils executed create table statement changed 0 rows: CREATE TABLE `foo` (`id` INTEGER AUTO_INCREMENT , `val` INTEGER , `equal` INTEGER , `string` VARCHAR(255) , PRIMARY KEY (`id`) ) 
2024-04-22 02:32:56,440 [DEBUG] BaseMappedStatement insert data with statement 'INSERT INTO `foo` (`val` ,`equal` ,`string` ) VALUES (?,?,?)' and 3 args, changed 1 rows
2024-04-22 02:32:56,440 [TRACE] BaseMappedStatement insert arguments: [13131511, 0, null]
2024-04-22 02:32:56,440 [DEBUG] BaseMappedStatement assigned id '1' from keyholder to 'id' in Foo object
2024-04-22 02:32:56,441 [DEBUG] BaseMappedStatement delete data with statement 'DELETE FROM `foo` WHERE `id` = ?' and 1 args, changed 1 rows
2024-04-22 02:32:56,441 [TRACE] BaseMappedStatement delete arguments: [1]
2024-04-22 02:32:56,441 [DEBUG] BaseMappedStatement query-for-id using 'SELECT * FROM `foo` WHERE `id` = ?' and 1 args, got no results
2024-04-22 02:32:56,441 [TRACE] BaseMappedStatement query-for-id arguments: [1]
2024-04-22 02:32:56,442 [DEBUG] BaseMappedStatement query-for-id using 'SELECT * FROM `foo` WHERE `id` = ?' and 1 args, got 1 result
2024-04-22 02:32:56,442 [TRACE] BaseMappedStatement query-for-id arguments: [1]
2024-04-22 02:32:56,447 [INFO] TableUtils dropping table 'foo'
2024-04-22 02:32:56,449 [INFO] TableUtils ignoring drop error 'org.h2.jdbc.JdbcSQLSyntaxErrorException: Table "FOO" not found; SQL statement:
DROP TABLE `foo`  [42102-200]' for statement: DROP TABLE `foo` 
2024-04-22 02:32:56,449 [INFO] TableUtils creating table 'foo'
2024-04-22 02:32:56,451 [INFO] TableUtils executed create table statement changed 0 rows: CREATE TABLE `foo` (`id` INTEGER AUTO_INCREMENT , `val` INTEGER , `equal` INTEGER , `string` VARCHAR(255) , PRIMARY KEY (`id`) ) 
2024-04-22 02:32:56,452 [DEBUG] BaseMappedStatement insert data with statement 'INSERT INTO `foo` (`val` ,`equal` ,`string` ) VALUES (?,?,?)' and 3 args, changed 1 rows
2024-04-22 02:32:56,452 [TRACE] BaseMappedStatement insert arguments: [13131511, 0, null]
2024-04-22 02:32:56,452 [DEBUG] BaseMappedStatement assigned id '1' from keyholder to 'id' in Foo object
2024-04-22 02:32:56,452 [DEBUG] BaseMappedStatement delete data with statement 'DELETE FROM `foo` WHERE `id` = ?' and 1 args, changed 1 rows
2024-04-22 02:32:56,452 [TRACE] BaseMappedStatement delete arguments: [1]
2024-04-22 02:32:56,453 [DEBUG] BaseMappedStatement query-for-id using 'SELECT * FROM `foo` WHERE `id` = ?' and 1 args, got no results
2024-04-22 02:32:56,453 [TRACE] BaseMappedStatement query-for-id arguments: [1]
2024-04-22 02:32:56,454 [DEBUG] BaseMappedStatement query-for-id using 'SELECT * FROM `foo` WHERE `id` = ?' and 1 args, got 1 result
2024-04-22 02:32:56,454 [TRACE] BaseMappedStatement query-for-id arguments: [1]
2024-04-22 02:32:56,456 [INFO] TableUtils dropping table 'foo'
2024-04-22 02:32:56,457 [INFO] TableUtils ignoring drop error 'org.h2.jdbc.JdbcSQLSyntaxErrorException: Table "FOO" not found; SQL statement:
DROP TABLE `foo`  [42102-200]' for statement: DROP TABLE `foo` 
2024-04-22 02:32:56,458 [INFO] TableUtils creating table 'foo'
2024-04-22 02:32:56,459 [INFO] TableUtils executed create table statement changed 0 rows: CREATE TABLE `foo` (`id` INTEGER AUTO_INCREMENT , `val` INTEGER , `equal` INTEGER , `string` VARCHAR(255) , PRIMARY KEY (`id`) ) 
2024-04-22 02:32:56,460 [DEBUG] BaseMappedStatement insert data with statement 'INSERT INTO `foo` (`val` ,`equal` ,`string` ) VALUES (?,?,?)' and 3 args, changed 1 rows
2024-04-22 02:32:56,460 [TRACE] BaseMappedStatement insert arguments: [0, 0, null]
2024-04-22 02:32:56,460 [DEBUG] BaseMappedStatement assigned id '1' from keyholder to 'id' in Foo object
2024-04-22 02:32:56,461 [DEBUG] BaseMappedStatement query-for-id using 'SELECT * FROM `foo` WHERE `id` = ?' and 1 args, got 1 result
2024-04-22 02:32:56,461 [TRACE] BaseMappedStatement query-for-id arguments: [1]
2024-04-22 02:32:56,462 [DEBUG] BaseMappedStatement delete data with statement 'DELETE FROM `foo` WHERE `id` = ?' and 1 args, changed 1 rows
2024-04-22 02:32:56,462 [TRACE] BaseMappedStatement delete arguments: [1]
2024-04-22 02:32:56,463 [DEBUG] BaseMappedStatement query-for-id using 'SELECT * FROM `foo` WHERE `id` = ?' and 1 args, got 1 result
2024-04-22 02:32:56,463 [TRACE] BaseMappedStatement query-for-id arguments: [1]
2024-04-22 02:32:56,464 [INFO] TableUtils dropping table 'foo'
2024-04-22 02:32:56,465 [INFO] TableUtils ignoring drop error 'org.h2.jdbc.JdbcSQLSyntaxErrorException: Table "FOO" not found; SQL statement:
DROP TABLE `foo`  [42102-200]' for statement: DROP TABLE `foo` 
2024-04-22 02:32:56,465 [INFO] TableUtils creating table 'foo'
2024-04-22 02:32:56,467 [INFO] TableUtils executed create table statement changed 0 rows: CREATE TABLE `foo` (`id` INTEGER AUTO_INCREMENT , `val` INTEGER , `equal` INTEGER , `string` VARCHAR(255) , PRIMARY KEY (`id`) ) 
2024-04-22 02:32:56,467 [DEBUG] BaseMappedStatement insert data with statement 'INSERT INTO `foo` (`val` ,`equal` ,`string` ) VALUES (?,?,?)' and 3 args, changed 1 rows
2024-04-22 02:32:56,467 [TRACE] BaseMappedStatement insert arguments: [13131511, 0, null]
2024-04-22 02:32:56,467 [DEBUG] BaseMappedStatement assigned id '1' from keyholder to 'id' in Foo object
2024-04-22 02:32:56,468 [DEBUG] BaseMappedStatement delete data with statement 'DELETE FROM `foo` WHERE `id` = ?' and 1 args, changed 1 rows
2024-04-22 02:32:56,468 [TRACE] BaseMappedStatement delete arguments: [1]
2024-04-22 02:32:56,468 [DEBUG] BaseMappedStatement query-for-id using 'SELECT * FROM `foo` WHERE `id` = ?' and 1 args, got no results
2024-04-22 02:32:56,468 [TRACE] BaseMappedStatement query-for-id arguments: [1]
2024-04-22 02:32:56,468 [DEBUG] BaseMappedStatement query-for-id using 'SELECT * FROM `foo` WHERE `id` = ?' and 1 args, got no results
2024-04-22 02:32:56,468 [TRACE] BaseMappedStatement query-for-id arguments: [1]
2024-04-22 02:32:56,469 [INFO] TableUtils dropping table 'foo'
2024-04-22 02:32:56,470 [INFO] TableUtils ignoring drop error 'org.h2.jdbc.JdbcSQLSyntaxErrorException: Table "FOO" not found; SQL statement:
DROP TABLE `foo`  [42102-200]' for statement: DROP TABLE `foo` 
2024-04-22 02:32:56,470 [INFO] TableUtils creating table 'foo'
2024-04-22 02:32:56,471 [INFO] TableUtils executed create table statement changed 0 rows: CREATE TABLE `foo` (`id` INTEGER AUTO_INCREMENT , `val` INTEGER , `equal` INTEGER , `string` VARCHAR(255) , PRIMARY KEY (`id`) ) 
2024-04-22 02:32:56,472 [DEBUG] BaseMappedStatement insert data with statement 'INSERT INTO `foo` (`val` ,`equal` ,`string` ) VALUES (?,?,?)' and 3 args, changed 1 rows
2024-04-22 02:32:56,472 [TRACE] BaseMappedStatement insert arguments: [1, 0, null]
2024-04-22 02:32:56,472 [DEBUG] BaseMappedStatement assigned id '1' from keyholder to 'id' in Foo object
2024-04-22 02:32:56,472 [DEBUG] BaseMappedStatement insert data with statement 'INSERT INTO `foo` (`val` ,`equal` ,`string` ) VALUES (?,?,?)' and 3 args, changed 1 rows
2024-04-22 02:32:56,472 [TRACE] BaseMappedStatement insert arguments: [2, 0, null]
2024-04-22 02:32:56,472 [DEBUG] BaseMappedStatement assigned id '2' from keyholder to 'id' in Foo object
2024-04-22 02:32:56,473 [DEBUG] BaseMappedStatement insert data with statement 'INSERT INTO `foo` (`val` ,`equal` ,`string` ) VALUES (?,?,?)' and 3 args, changed 1 rows
2024-04-22 02:32:56,473 [TRACE] BaseMappedStatement insert arguments: [3, 0, null]
2024-04-22 02:32:56,473 [DEBUG] BaseMappedStatement assigned id '3' from keyholder to 'id' in Foo object
2024-04-22 02:32:56,477 [INFO] TableUtils dropping table 'foo'
2024-04-22 02:32:56,478 [INFO] TableUtils ignoring drop error 'org.h2.jdbc.JdbcSQLSyntaxErrorException: Table "FOO" not found; SQL statement:
DROP TABLE `foo`  [42102-200]' for statement: DROP TABLE `foo` 
2024-04-22 02:32:56,478 [INFO] TableUtils creating table 'foo'
2024-04-22 02:32:56,480 [INFO] TableUtils executed create table statement changed 0 rows: CREATE TABLE `foo` (`id` INTEGER AUTO_INCREMENT , `val` INTEGER , `equal` INTEGER , `string` VARCHAR(255) , PRIMARY KEY (`id`) ) 
2024-04-22 02:32:56,480 [DEBUG] BaseMappedStatement insert data with statement 'INSERT INTO `foo` (`val` ,`equal` ,`string` ) VALUES (?,?,?)' and 3 args, changed 1 rows
2024-04-22 02:32:56,480 [TRACE] BaseMappedStatement insert arguments: [13131511, 0, null]
2024-04-22 02:32:56,480 [DEBUG] BaseMappedStatement assigned id '1' from keyholder to 'id' in Foo object
2024-04-22 02:32:56,481 [DEBUG] BaseMappedStatement delete data with statement 'DELETE FROM `foo` WHERE `id` = ?' and 1 args, changed 1 rows
2024-04-22 02:32:56,481 [TRACE] BaseMappedStatement delete arguments: [1]
2024-04-22 02:32:56,481 [DEBUG] BaseMappedStatement query-for-id using 'SELECT * FROM `foo` WHERE `id` = ?' and 1 args, got no results
2024-04-22 02:32:56,481 [TRACE] BaseMappedStatement query-for-id arguments: [1]
2024-04-22 02:32:56,482 [DEBUG] BaseMappedStatement query-for-id using 'SELECT * FROM `foo` WHERE `id` = ?' and 1 args, got 1 result
2024-04-22 02:32:56,482 [TRACE] BaseMappedStatement query-for-id arguments: [1]
2024-04-22 02:32:56,485 [INFO] TableUtils dropping table 'versionfielddatestring'
2024-04-22 02:32:56,486 [INFO] TableUtils ignoring drop error 'org.h2.jdbc.JdbcSQLSyntaxErrorException: Table "VERSIONFIELDDATESTRING" not found; SQL statement:
DROP TABLE `versionfielddatestring`  [42102-200]' for statement: DROP TABLE `versionfielddatestring` 
2024-04-22 02:32:56,486 [INFO] TableUtils creating table 'versionfielddatestring'
2024-04-22 02:32:56,487 [INFO] TableUtils executed create table statement changed 0 rows: CREATE TABLE `versionfielddatestring` (`id` INTEGER AUTO_INCREMENT , `stuff1` VARCHAR(255) , `version` VARCHAR(50) , `stuff2` VARCHAR(255) , PRIMARY KEY (`id`) ) 
2024-04-22 02:32:56,488 [DEBUG] BaseMappedStatement insert data with statement 'INSERT INTO `versionfielddatestring` (`stuff1` ,`version` ,`stuff2` ) VALUES (?,?,?)' and 3 args, changed 1 rows
2024-04-22 02:32:56,488 [TRACE] BaseMappedStatement insert arguments: [null, 2024-04-22 02:32:56.000487, null]
2024-04-22 02:32:56,488 [DEBUG] BaseMappedStatement assigned id '1' from keyholder to 'id' in VersionFieldDateString object
2024-04-22 02:32:56,490 [DEBUG] BaseMappedStatement update data with statement 'UPDATE `versionfielddatestring` SET `stuff1` = ?, `version` = ?, `stuff2` = ? WHERE `id` = ? AND `version` = ?' and 5 args, changed 1 rows
2024-04-22 02:32:56,490 [TRACE] BaseMappedStatement update arguments: [null, 2024-04-22 02:32:56.000488, null, 1, 2024-04-22 02:32:56.000487]
2024-04-22 02:32:56,492 [INFO] TableUtils dropping table 'versionfield'
2024-04-22 02:32:56,493 [INFO] TableUtils ignoring drop error 'org.h2.jdbc.JdbcSQLSyntaxErrorException: Table "VERSIONFIELD" not found; SQL statement:
DROP TABLE `versionfield`  [42102-200]' for statement: DROP TABLE `versionfield` 
2024-04-22 02:32:56,493 [INFO] TableUtils creating table 'versionfield'
2024-04-22 02:32:56,494 [INFO] TableUtils executed create table statement changed 0 rows: CREATE TABLE `versionfield` (`id` INTEGER AUTO_INCREMENT , `stuff1` VARCHAR(255) , `version` INTEGER , `stuff2` VARCHAR(255) , PRIMARY KEY (`id`) ) 
2024-04-22 02:32:56,495 [DEBUG] BaseMappedStatement insert data with statement 'INSERT INTO `versionfield` (`stuff1` ,`version` ,`stuff2` ) VALUES (?,?,?)' and 3 args, changed 1 rows
2024-04-22 02:32:56,495 [TRACE] BaseMappedStatement insert arguments: [null, 10, null]
2024-04-22 02:32:56,495 [DEBUG] BaseMappedStatement assigned id '1' from keyholder to 'id' in VersionField object
2024-04-22 02:32:56,496 [DEBUG] BaseMappedStatement query-for-id using 'SELECT * FROM `versionfield` WHERE `id` = ?' and 1 args, got 1 result
2024-04-22 02:32:56,496 [TRACE] BaseMappedStatement query-for-id arguments: [1]
2024-04-22 02:32:56,497 [DEBUG] BaseMappedStatement update data with statement 'UPDATE `versionfield` SET `stuff1` = ?, `version` = ?, `stuff2` = ? WHERE `id` = ? AND `version` = ?' and 5 args, changed 1 rows
2024-04-22 02:32:56,497 [TRACE] BaseMappedStatement update arguments: [null, 11, null, 1, 10]
2024-04-22 02:32:56,498 [DEBUG] BaseMappedStatement update data with statement 'UPDATE `versionfield` SET `stuff1` = ?, `version` = ?, `stuff2` = ? WHERE `id` = ? AND `version` = ?' and 5 args, changed 1 rows
2024-04-22 02:32:56,498 [TRACE] BaseMappedStatement update arguments: [null, 12, null, 1, 11]
2024-04-22 02:32:56,499 [INFO] TableUtils dropping table 'versionfielddate'
2024-04-22 02:32:56,501 [INFO] TableUtils ignoring drop error 'org.h2.jdbc.JdbcSQLSyntaxErrorException: Table "VERSIONFIELDDATE" not found; SQL statement:
DROP TABLE `versionfielddate`  [42102-200]' for statement: DROP TABLE `versionfielddate` 
2024-04-22 02:32:56,501 [INFO] TableUtils creating table 'versionfielddate'
2024-04-22 02:32:56,502 [INFO] TableUtils executed create table statement changed 0 rows: CREATE TABLE `versionfielddate` (`id` INTEGER AUTO_INCREMENT , `stuff1` VARCHAR(255) , `version` TIMESTAMP , `stuff2` VARCHAR(255) , PRIMARY KEY (`id`) ) 
2024-04-22 02:32:56,503 [DEBUG] BaseMappedStatement insert data with statement 'INSERT INTO `versionfielddate` (`stuff1` ,`version` ,`stuff2` ) VALUES (?,?,?)' and 3 args, changed 1 rows
2024-04-22 02:32:56,503 [TRACE] BaseMappedStatement insert arguments: [null, 2024-04-22 02:32:56.502, null]
2024-04-22 02:32:56,503 [DEBUG] BaseMappedStatement assigned id '1' from keyholder to 'id' in VersionFieldDate object
2024-04-22 02:32:56,503 [DEBUG] BaseMappedStatement update data with statement 'UPDATE `versionfielddate` SET `stuff1` = ?, `version` = ?, `stuff2` = ? WHERE `id` = ? AND `version` = ?' and 5 args, changed 1 rows
2024-04-22 02:32:56,503 [TRACE] BaseMappedStatement update arguments: [null, 2024-04-22 02:32:56.503, null, 1, 2024-04-22 02:32:56.502]
2024-04-22 02:32:56,504 [INFO] TableUtils dropping table 'versionfielddatelong'
2024-04-22 02:32:56,506 [INFO] TableUtils ignoring drop error 'org.h2.jdbc.JdbcSQLSyntaxErrorException: Table "VERSIONFIELDDATELONG" not found; SQL statement:
DROP TABLE `versionfielddatelong`  [42102-200]' for statement: DROP TABLE `versionfielddatelong` 
2024-04-22 02:32:56,506 [INFO] TableUtils creating table 'versionfielddatelong'
2024-04-22 02:32:56,507 [INFO] TableUtils executed create table statement changed 0 rows: CREATE TABLE `versionfielddatelong` (`id` INTEGER AUTO_INCREMENT , `stuff1` VARCHAR(255) , `version` BIGINT , `stuff2` VARCHAR(255) , PRIMARY KEY (`id`) ) 
2024-04-22 02:32:56,508 [DEBUG] BaseMappedStatement insert data with statement 'INSERT INTO `versionfielddatelong` (`stuff1` ,`version` ,`stuff2` ) VALUES (?,?,?)' and 3 args, changed 1 rows
2024-04-22 02:32:56,508 [TRACE] BaseMappedStatement insert arguments: [null, 1713753176507, null]
2024-04-22 02:32:56,508 [DEBUG] BaseMappedStatement assigned id '1' from keyholder to 'id' in VersionFieldDateLong object
2024-04-22 02:32:56,509 [DEBUG] BaseMappedStatement update data with statement 'UPDATE `versionfielddatelong` SET `stuff1` = ?, `version` = ?, `stuff2` = ? WHERE `id` = ? AND `version` = ?' and 5 args, changed 1 rows
2024-04-22 02:32:56,509 [TRACE] BaseMappedStatement update arguments: [null, 1713753176508, null, 1, 1713753176507]
2024-04-22 02:32:56,509 [INFO] TableUtils dropping table 'versionfield'
2024-04-22 02:32:56,510 [INFO] TableUtils ignoring drop error 'org.h2.jdbc.JdbcSQLSyntaxErrorException: Table "VERSIONFIELD" not found; SQL statement:
DROP TABLE `versionfield`  [42102-200]' for statement: DROP TABLE `versionfield` 
2024-04-22 02:32:56,510 [INFO] TableUtils creating table 'versionfield'
2024-04-22 02:32:56,511 [INFO] TableUtils executed create table statement changed 0 rows: CREATE TABLE `versionfield` (`id` INTEGER AUTO_INCREMENT , `stuff1` VARCHAR(255) , `version` INTEGER , `stuff2` VARCHAR(255) , PRIMARY KEY (`id`) ) 
2024-04-22 02:32:56,512 [DEBUG] BaseMappedStatement insert data with statement 'INSERT INTO `versionfield` (`stuff1` ,`version` ,`stuff2` ) VALUES (?,?,?)' and 3 args, changed 1 rows
2024-04-22 02:32:56,512 [TRACE] BaseMappedStatement insert arguments: [null, 0, null]
2024-04-22 02:32:56,512 [DEBUG] BaseMappedStatement assigned id '1' from keyholder to 'id' in VersionField object
2024-04-22 02:32:56,512 [DEBUG] BaseMappedStatement update data with statement 'UPDATE `versionfield` SET `stuff1` = ?, `version` = ?, `stuff2` = ? WHERE `id` = ? AND `version` = ?' and 5 args, changed 1 rows
2024-04-22 02:32:56,512 [TRACE] BaseMappedStatement update arguments: [null, 1, null, 1, 0]
2024-04-22 02:32:56,513 [DEBUG] BaseMappedStatement update data with statement 'UPDATE `versionfield` SET `stuff1` = ?, `version` = ?, `stuff2` = ? WHERE `id` = ? AND `version` = ?' and 5 args, changed 1 rows
2024-04-22 02:32:56,513 [TRACE] BaseMappedStatement update arguments: [null, 2, null, 1, 1]
2024-04-22 02:32:56,513 [DEBUG] BaseMappedStatement query-for-id using 'SELECT * FROM `versionfield` WHERE `id` = ?' and 1 args, got 1 result
2024-04-22 02:32:56,513 [TRACE] BaseMappedStatement query-for-id arguments: [1]
2024-04-22 02:32:56,514 [DEBUG] BaseMappedStatement update data with statement 'UPDATE `versionfield` SET `stuff1` = ?, `version` = ?, `stuff2` = ? WHERE `id` = ? AND `version` = ?' and 5 args, changed 1 rows
2024-04-22 02:32:56,514 [TRACE] BaseMappedStatement update arguments: [null, 3, null, 1, 2]
2024-04-22 02:32:56,514 [DEBUG] BaseMappedStatement update data with statement 'UPDATE `versionfield` SET `stuff1` = ?, `version` = ?, `stuff2` = ? WHERE `id` = ? AND `version` = ?' and 5 args, changed 0 rows
2024-04-22 02:32:56,514 [TRACE] BaseMappedStatement update arguments: [null, 3, null, 1, 2]
2024-04-22 02:32:56,515 [INFO] TableUtils dropping table 'foo'
2024-04-22 02:32:56,516 [INFO] TableUtils ignoring drop error 'org.h2.jdbc.JdbcSQLSyntaxErrorException: Table "FOO" not found; SQL statement:
DROP TABLE `foo`  [42102-200]' for statement: DROP TABLE `foo` 
2024-04-22 02:32:56,516 [INFO] TableUtils creating table 'foo'
2024-04-22 02:32:56,516 [INFO] TableUtils executed create table statement changed 0 rows: CREATE TABLE `foo` (`id` INTEGER AUTO_INCREMENT , `val` INTEGER , `equal` INTEGER , `string` VARCHAR(255) , PRIMARY KEY (`id`) ) 
2024-04-22 02:32:56,517 [DEBUG] BaseMappedStatement insert data with statement 'INSERT INTO `foo` (`val` ,`equal` ,`string` ) VALUES (?,?,?)' and 3 args, changed 1 rows
2024-04-22 02:32:56,517 [TRACE] BaseMappedStatement insert arguments: [1, 10, null]
2024-04-22 02:32:56,517 [DEBUG] BaseMappedStatement assigned id '1' from keyholder to 'id' in Foo object
2024-04-22 02:32:56,517 [DEBUG] StatementExecutor executing raw query for: SELECT * FROM `foo` WHERE `val` = ?
2024-04-22 02:32:56,517 [TRACE] StatementExecutor query arguments: [1]
2024-04-22 02:32:56,518 [INFO] TableUtils dropping table 'foo'
2024-04-22 02:32:56,519 [INFO] TableUtils ignoring drop error 'org.h2.jdbc.JdbcSQLSyntaxErrorException: Table "FOO" not found; SQL statement:
DROP TABLE `foo`  [42102-200]' for statement: DROP TABLE `foo` 
2024-04-22 02:32:56,520 [INFO] TableUtils creating table 'foo'
2024-04-22 02:32:56,520 [INFO] TableUtils executed create table statement changed 0 rows: CREATE TABLE `foo` (`id` INTEGER AUTO_INCREMENT , `val` INTEGER , `equal` INTEGER , `string` VARCHAR(255) , PRIMARY KEY (`id`) ) 
2024-04-22 02:32:56,521 [DEBUG] BaseMappedStatement insert data with statement 'INSERT INTO `foo` (`val` ,`equal` ,`string` ) VALUES (?,?,?)' and 3 args, changed 1 rows
2024-04-22 02:32:56,521 [TRACE] BaseMappedStatement insert arguments: [342, 0, null]
2024-04-22 02:32:56,521 [DEBUG] BaseMappedStatement assigned id '1' from keyholder to 'id' in Foo object
2024-04-22 02:32:56,521 [DEBUG] BaseMappedStatement insert data with statement 'INSERT INTO `foo` (`val` ,`equal` ,`string` ) VALUES (?,?,?)' and 3 args, changed 1 rows
2024-04-22 02:32:56,521 [TRACE] BaseMappedStatement insert arguments: [9045342, 0, null]
2024-04-22 02:32:56,521 [DEBUG] BaseMappedStatement assigned id '2' from keyholder to 'id' in Foo object
2024-04-22 02:32:56,521 [DEBUG] StatementExecutor executing raw query for: SELECT MAX(val) FROM `foo`
2024-04-22 02:32:56,526 [INFO] TableUtils dropping table 'foo'
2024-04-22 02:32:56,527 [INFO] TableUtils ignoring drop error 'org.h2.jdbc.JdbcSQLSyntaxErrorException: Table "FOO" not found; SQL statement:
DROP TABLE `foo`  [42102-200]' for statement: DROP TABLE `foo` 
2024-04-22 02:32:56,527 [INFO] TableUtils creating table 'foo'
2024-04-22 02:32:56,528 [INFO] TableUtils executed create table statement changed 0 rows: CREATE TABLE `foo` (`id` INTEGER AUTO_INCREMENT , `val` INTEGER , `equal` INTEGER , `string` VARCHAR(255) , PRIMARY KEY (`id`) ) 
2024-04-22 02:32:56,528 [DEBUG] BaseMappedStatement insert data with statement 'INSERT INTO `foo` (`val` ,`equal` ,`string` ) VALUES (?,?,?)' and 3 args, changed 1 rows
2024-04-22 02:32:56,529 [TRACE] BaseMappedStatement insert arguments: [1, 10, null]
2024-04-22 02:32:56,529 [DEBUG] BaseMappedStatement assigned id '1' from keyholder to 'id' in Foo object
2024-04-22 02:32:56,529 [DEBUG] BaseMappedStatement insert data with statement 'INSERT INTO `foo` (`val` ,`equal` ,`string` ) VALUES (?,?,?)' and 3 args, changed 1 rows
2024-04-22 02:32:56,529 [TRACE] BaseMappedStatement insert arguments: [10, 5, null]
2024-04-22 02:32:56,529 [DEBUG] BaseMappedStatement assigned id '2' from keyholder to 'id' in Foo object
2024-04-22 02:32:56,529 [DEBUG] StatementExecutor executing raw query for: SELECT COUNT(*) FROM `foo`
2024-04-22 02:32:56,530 [DEBUG] StatementExecutor executing raw query for: SELECT MIN(val), MAX(val) FROM `foo`
2024-04-22 02:32:56,530 [INFO] TableUtils dropping table 'foo'
2024-04-22 02:32:56,531 [INFO] TableUtils ignoring drop error 'org.h2.jdbc.JdbcSQLSyntaxErrorException: Table "FOO" not found; SQL statement:
DROP TABLE `foo`  [42102-200]' for statement: DROP TABLE `foo` 
2024-04-22 02:32:56,531 [INFO] TableUtils creating table 'foo'
2024-04-22 02:32:56,532 [INFO] TableUtils executed create table statement changed 0 rows: CREATE TABLE `foo` (`id` INTEGER AUTO_INCREMENT , `val` INTEGER , `equal` INTEGER , `string` VARCHAR(255) , PRIMARY KEY (`id`) ) 
2024-04-22 02:32:56,533 [DEBUG] BaseMappedStatement insert data with statement 'INSERT INTO `foo` (`val` ,`equal` ,`string` ) VALUES (?,?,?)' and 3 args, changed 1 rows
2024-04-22 02:32:56,533 [TRACE] BaseMappedStatement insert arguments: [1213213, 0, null]
2024-04-22 02:32:56,533 [DEBUG] BaseMappedStatement assigned id '1' from keyholder to 'id' in Foo object
2024-04-22 02:32:56,533 [DEBUG] StatementExecutor executing raw query for: select id as SOME_ID, val as SOME_VAL from foo
2024-04-22 02:32:56,535 [INFO] TableUtils dropping table 'foo'
2024-04-22 02:32:56,535 [INFO] TableUtils ignoring drop error 'org.h2.jdbc.JdbcSQLSyntaxErrorException: Table "FOO" not found; SQL statement:
DROP TABLE `foo`  [42102-200]' for statement: DROP TABLE `foo` 
2024-04-22 02:32:56,536 [INFO] TableUtils creating table 'foo'
2024-04-22 02:32:56,536 [INFO] TableUtils executed create table statement changed 0 rows: CREATE TABLE `foo` (`id` INTEGER AUTO_INCREMENT , `val` INTEGER , `equal` INTEGER , `string` VARCHAR(255) , PRIMARY KEY (`id`) ) 
2024-04-22 02:32:56,537 [DEBUG] BaseMappedStatement insert data with statement 'INSERT INTO `foo` (`val` ,`equal` ,`string` ) VALUES (?,?,?)' and 3 args, changed 1 rows
2024-04-22 02:32:56,537 [TRACE] BaseMappedStatement insert arguments: [243342, 0, null]
2024-04-22 02:32:56,537 [DEBUG] BaseMappedStatement assigned id '1' from keyholder to 'id' in Foo object
2024-04-22 02:32:56,537 [DEBUG] BaseMappedStatement insert data with statement 'INSERT INTO `foo` (`val` ,`equal` ,`string` ) VALUES (?,?,?)' and 3 args, changed 1 rows
2024-04-22 02:32:56,537 [TRACE] BaseMappedStatement insert arguments: [243342, 0, null]
2024-04-22 02:32:56,537 [DEBUG] BaseMappedStatement assigned id '2' from keyholder to 'id' in Foo object
2024-04-22 02:32:56,538 [DEBUG] BaseMappedStatement insert data with statement 'INSERT INTO `foo` (`val` ,`equal` ,`string` ) VALUES (?,?,?)' and 3 args, changed 1 rows
2024-04-22 02:32:56,538 [TRACE] BaseMappedStatement insert arguments: [6543, 0, null]
2024-04-22 02:32:56,538 [DEBUG] BaseMappedStatement assigned id '3' from keyholder to 'id' in Foo object
2024-04-22 02:32:56,538 [DEBUG] StatementExecutor executing raw query for: SELECT `val` FROM `foo` GROUP BY `val` HAVING COUNT(VAL) > 1
2024-04-22 02:32:56,539 [DEBUG] StatementExecutor executing raw query for: SELECT `val` FROM `foo` GROUP BY `val` HAVING COUNT(VAL) > 2
2024-04-22 02:32:56,540 [INFO] TableUtils dropping table 'foo'
2024-04-22 02:32:56,542 [INFO] TableUtils ignoring drop error 'org.h2.jdbc.JdbcSQLSyntaxErrorException: Table "FOO" not found; SQL statement:
DROP TABLE `foo`  [42102-200]' for statement: DROP TABLE `foo` 
2024-04-22 02:32:56,542 [INFO] TableUtils creating table 'foo'
2024-04-22 02:32:56,543 [INFO] TableUtils executed create table statement changed 0 rows: CREATE TABLE `foo` (`id` INTEGER AUTO_INCREMENT , `val` INTEGER , `equal` INTEGER , `string` VARCHAR(255) , PRIMARY KEY (`id`) ) 
2024-04-22 02:32:56,544 [ERROR] Log4jLogBackendTest message
java.lang.Throwable: log throwable
	at com.j256.ormlite.logger.BaseLogBackendTest.testErrorStringThrowable(BaseLogBackendTest.java:78)
	at sun.reflect.NativeMethodAccessorImpl.invoke0(Native Method)
	at sun.reflect.NativeMethodAccessorImpl.invoke(NativeMethodAccessorImpl.java:62)
	at sun.reflect.DelegatingMethodAccessorImpl.invoke(DelegatingMethodAccessorImpl.java:43)
	at java.lang.reflect.Method.invoke(Method.java:498)
	at org.junit.runners.model.FrameworkMethod$1.runReflectiveCall(FrameworkMethod.java:59)
	at org.junit.internal.runners.model.ReflectiveCallable.run(ReflectiveCallable.java:12)
	at org.junit.runners.model.FrameworkMethod.invokeExplosively(FrameworkMethod.java:56)
	at org.junit.internal.runners.statements.InvokeMethod.evaluate(InvokeMethod.java:17)
	at org.junit.runners.ParentRunner$3.evaluate(ParentRunner.java:306)
	at org.junit.runners.BlockJUnit4ClassRunner$1.evaluate(BlockJUnit4ClassRunner.java:100)
	at org.junit.runners.ParentRunner.runLeaf(ParentRunner.java:366)
	at org.junit.runners.BlockJUnit4ClassRunner.runChild(BlockJUnit4ClassRunner.java:103)
	at org.junit.runners.BlockJUnit4ClassRunner.runChild(BlockJUnit4ClassRunner.java:63)
	at org.junit.runners.ParentRunner$4.run(ParentRunner.java:331)
	at org.junit.runners.ParentRunner$1.schedule(ParentRunner.java:79)
	at org.junit.runners.ParentRunner.runChildren(ParentRunner.java:329)
	at org.junit.runners.ParentRunner.access$100(ParentRunner.java:66)
	at org.junit.runners.ParentRunner$2.evaluate(ParentRunner.java:293)
	at org.junit.runners.ParentRunner$3.evaluate(ParentRunner.java:306)
	at org.junit.runners.ParentRunner.run(ParentRunner.java:413)
	at org.junit.runners.Suite.runChild(Suite.java:128)
	at org.junit.runners.Suite.runChild(Suite.java:27)
	at org.junit.runners.ParentRunner$4.run(ParentRunner.java:331)
	at org.junit.runners.ParentRunner$1.schedule(ParentRunner.java:79)
	at org.junit.runners.ParentRunner.runChildren(ParentRunner.java:329)
	at org.junit.runners.ParentRunner.access$100(ParentRunner.java:66)
	at org.junit.runners.ParentRunner$2.evaluate(ParentRunner.java:293)
	at org.junit.runners.ParentRunner$3.evaluate(ParentRunner.java:306)
	at org.junit.runners.ParentRunner.run(ParentRunner.java:413)
	at org.junit.runner.JUnitCore.run(JUnitCore.java:137)
	at org.junit.runner.JUnitCore.run(JUnitCore.java:115)
	at edu.illinois.cs.testrunner.execution.JUnitTestExecutor.execute(JUnitTestExecutor.java:246)
	at edu.illinois.cs.testrunner.execution.JUnitTestExecutor.executeWithJUnit4Runner(JUnitTestExecutor.java:315)
	at edu.illinois.cs.testrunner.execution.JUnitTestExecutor.runOrder(JUnitTestExecutor.java:46)
	at edu.illinois.cs.testrunner.execution.Executor$.$anonfun$run$1(Executor.scala:30)
	at scala.runtime.java8.JFunction0$mcV$sp.apply(JFunction0$mcV$sp.java:12)
	at scala.util.Try$.apply(Try.scala:209)
	at edu.illinois.cs.testrunner.execution.Executor$.run(Executor.scala:28)
	at edu.illinois.cs.testrunner.execution.Executor$.main(Executor.scala:18)
	at edu.illinois.cs.testrunner.execution.Executor.main(Executor.scala)
2024-04-22 02:32:56,544 [WARN] Log4jLogBackendTest message
2024-04-22 02:32:56,544 [INFO] Log4jLogBackendTest hello there
2024-04-22 02:32:56,544 [ERROR] Log4jLogBackendTest message
2024-04-22 02:32:56,544 [INFO] Log4jLogBackendTest message
java.lang.Throwable: log throwable
	at com.j256.ormlite.logger.BaseLogBackendTest.testInfoStringThrowable(BaseLogBackendTest.java:58)
	at sun.reflect.NativeMethodAccessorImpl.invoke0(Native Method)
	at sun.reflect.NativeMethodAccessorImpl.invoke(NativeMethodAccessorImpl.java:62)
	at sun.reflect.DelegatingMethodAccessorImpl.invoke(DelegatingMethodAccessorImpl.java:43)
	at java.lang.reflect.Method.invoke(Method.java:498)
	at org.junit.runners.model.FrameworkMethod$1.runReflectiveCall(FrameworkMethod.java:59)
	at org.junit.internal.runners.model.ReflectiveCallable.run(ReflectiveCallable.java:12)
	at org.junit.runners.model.FrameworkMethod.invokeExplosively(FrameworkMethod.java:56)
	at org.junit.internal.runners.statements.InvokeMethod.evaluate(InvokeMethod.java:17)
	at org.junit.runners.ParentRunner$3.evaluate(ParentRunner.java:306)
	at org.junit.runners.BlockJUnit4ClassRunner$1.evaluate(BlockJUnit4ClassRunner.java:100)
	at org.junit.runners.ParentRunner.runLeaf(ParentRunner.java:366)
	at org.junit.runners.BlockJUnit4ClassRunner.runChild(BlockJUnit4ClassRunner.java:103)
	at org.junit.runners.BlockJUnit4ClassRunner.runChild(BlockJUnit4ClassRunner.java:63)
	at org.junit.runners.ParentRunner$4.run(ParentRunner.java:331)
	at org.junit.runners.ParentRunner$1.schedule(ParentRunner.java:79)
	at org.junit.runners.ParentRunner.runChildren(ParentRunner.java:329)
	at org.junit.runners.ParentRunner.access$100(ParentRunner.java:66)
	at org.junit.runners.ParentRunner$2.evaluate(ParentRunner.java:293)
	at org.junit.runners.ParentRunner$3.evaluate(ParentRunner.java:306)
	at org.junit.runners.ParentRunner.run(ParentRunner.java:413)
	at org.junit.runners.Suite.runChild(Suite.java:128)
	at org.junit.runners.Suite.runChild(Suite.java:27)
	at org.junit.runners.ParentRunner$4.run(ParentRunner.java:331)
	at org.junit.runners.ParentRunner$1.schedule(ParentRunner.java:79)
	at org.junit.runners.ParentRunner.runChildren(ParentRunner.java:329)
	at org.junit.runners.ParentRunner.access$100(ParentRunner.java:66)
	at org.junit.runners.ParentRunner$2.evaluate(ParentRunner.java:293)
	at org.junit.runners.ParentRunner$3.evaluate(ParentRunner.java:306)
	at org.junit.runners.ParentRunner.run(ParentRunner.java:413)
	at org.junit.runner.JUnitCore.run(JUnitCore.java:137)
	at org.junit.runner.JUnitCore.run(JUnitCore.java:115)
	at edu.illinois.cs.testrunner.execution.JUnitTestExecutor.execute(JUnitTestExecutor.java:246)
	at edu.illinois.cs.testrunner.execution.JUnitTestExecutor.executeWithJUnit4Runner(JUnitTestExecutor.java:315)
	at edu.illinois.cs.testrunner.execution.JUnitTestExecutor.runOrder(JUnitTestExecutor.java:46)
	at edu.illinois.cs.testrunner.execution.Executor$.$anonfun$run$1(Executor.scala:30)
	at scala.runtime.java8.JFunction0$mcV$sp.apply(JFunction0$mcV$sp.java:12)
	at scala.util.Try$.apply(Try.scala:209)
	at edu.illinois.cs.testrunner.execution.Executor$.run(Executor.scala:28)
	at edu.illinois.cs.testrunner.execution.Executor$.main(Executor.scala:18)
	at edu.illinois.cs.testrunner.execution.Executor.main(Executor.scala)
2024-04-22 02:32:56,545 [INFO] Log4jLogBackendTest message
2024-04-22 02:32:56,545 [FATAL] Log4jLogBackendTest message
java.lang.Throwable: log throwable
	at com.j256.ormlite.logger.BaseLogBackendTest.testFatalStringThrowable(BaseLogBackendTest.java:88)
	at sun.reflect.NativeMethodAccessorImpl.invoke0(Native Method)
	at sun.reflect.NativeMethodAccessorImpl.invoke(NativeMethodAccessorImpl.java:62)
	at sun.reflect.DelegatingMethodAccessorImpl.invoke(DelegatingMethodAccessorImpl.java:43)
	at java.lang.reflect.Method.invoke(Method.java:498)
	at org.junit.runners.model.FrameworkMethod$1.runReflectiveCall(FrameworkMethod.java:59)
	at org.junit.internal.runners.model.ReflectiveCallable.run(ReflectiveCallable.java:12)
	at org.junit.runners.model.FrameworkMethod.invokeExplosively(FrameworkMethod.java:56)
	at org.junit.internal.runners.statements.InvokeMethod.evaluate(InvokeMethod.java:17)
	at org.junit.runners.ParentRunner$3.evaluate(ParentRunner.java:306)
	at org.junit.runners.BlockJUnit4ClassRunner$1.evaluate(BlockJUnit4ClassRunner.java:100)
	at org.junit.runners.ParentRunner.runLeaf(ParentRunner.java:366)
	at org.junit.runners.BlockJUnit4ClassRunner.runChild(BlockJUnit4ClassRunner.java:103)
	at org.junit.runners.BlockJUnit4ClassRunner.runChild(BlockJUnit4ClassRunner.java:63)
	at org.junit.runners.ParentRunner$4.run(ParentRunner.java:331)
	at org.junit.runners.ParentRunner$1.schedule(ParentRunner.java:79)
	at org.junit.runners.ParentRunner.runChildren(ParentRunner.java:329)
	at org.junit.runners.ParentRunner.access$100(ParentRunner.java:66)
	at org.junit.runners.ParentRunner$2.evaluate(ParentRunner.java:293)
	at org.junit.runners.ParentRunner$3.evaluate(ParentRunner.java:306)
	at org.junit.runners.ParentRunner.run(ParentRunner.java:413)
	at org.junit.runners.Suite.runChild(Suite.java:128)
	at org.junit.runners.Suite.runChild(Suite.java:27)
	at org.junit.runners.ParentRunner$4.run(ParentRunner.java:331)
	at org.junit.runners.ParentRunner$1.schedule(ParentRunner.java:79)
	at org.junit.runners.ParentRunner.runChildren(ParentRunner.java:329)
	at org.junit.runners.ParentRunner.access$100(ParentRunner.java:66)
	at org.junit.runners.ParentRunner$2.evaluate(ParentRunner.java:293)
	at org.junit.runners.ParentRunner$3.evaluate(ParentRunner.java:306)
	at org.junit.runners.ParentRunner.run(ParentRunner.java:413)
	at org.junit.runner.JUnitCore.run(JUnitCore.java:137)
	at org.junit.runner.JUnitCore.run(JUnitCore.java:115)
	at edu.illinois.cs.testrunner.execution.JUnitTestExecutor.execute(JUnitTestExecutor.java:246)
	at edu.illinois.cs.testrunner.execution.JUnitTestExecutor.executeWithJUnit4Runner(JUnitTestExecutor.java:315)
	at edu.illinois.cs.testrunner.execution.JUnitTestExecutor.runOrder(JUnitTestExecutor.java:46)
	at edu.illinois.cs.testrunner.execution.Executor$.$anonfun$run$1(Executor.scala:30)
	at scala.runtime.java8.JFunction0$mcV$sp.apply(JFunction0$mcV$sp.java:12)
	at scala.util.Try$.apply(Try.scala:209)
	at edu.illinois.cs.testrunner.execution.Executor$.run(Executor.scala:28)
	at edu.illinois.cs.testrunner.execution.Executor$.main(Executor.scala:18)
	at edu.illinois.cs.testrunner.execution.Executor.main(Executor.scala)
2024-04-22 02:32:56,545 [FATAL] Log4jLogBackendTest message
2024-04-22 02:32:56,545 [WARN] Log4jLogBackendTest message
java.lang.Throwable: log throwable
	at com.j256.ormlite.logger.BaseLogBackendTest.testWarnStringThrowable(BaseLogBackendTest.java:68)
	at sun.reflect.NativeMethodAccessorImpl.invoke0(Native Method)
	at sun.reflect.NativeMethodAccessorImpl.invoke(NativeMethodAccessorImpl.java:62)
	at sun.reflect.DelegatingMethodAccessorImpl.invoke(DelegatingMethodAccessorImpl.java:43)
	at java.lang.reflect.Method.invoke(Method.java:498)
	at org.junit.runners.model.FrameworkMethod$1.runReflectiveCall(FrameworkMethod.java:59)
	at org.junit.internal.runners.model.ReflectiveCallable.run(ReflectiveCallable.java:12)
	at org.junit.runners.model.FrameworkMethod.invokeExplosively(FrameworkMethod.java:56)
	at org.junit.internal.runners.statements.InvokeMethod.evaluate(InvokeMethod.java:17)
	at org.junit.runners.ParentRunner$3.evaluate(ParentRunner.java:306)
	at org.junit.runners.BlockJUnit4ClassRunner$1.evaluate(BlockJUnit4ClassRunner.java:100)
	at org.junit.runners.ParentRunner.runLeaf(ParentRunner.java:366)
	at org.junit.runners.BlockJUnit4ClassRunner.runChild(BlockJUnit4ClassRunner.java:103)
	at org.junit.runners.BlockJUnit4ClassRunner.runChild(BlockJUnit4ClassRunner.java:63)
	at org.junit.runners.ParentRunner$4.run(ParentRunner.java:331)
	at org.junit.runners.ParentRunner$1.schedule(ParentRunner.java:79)
	at org.junit.runners.ParentRunner.runChildren(ParentRunner.java:329)
	at org.junit.runners.ParentRunner.access$100(ParentRunner.java:66)
	at org.junit.runners.ParentRunner$2.evaluate(ParentRunner.java:293)
	at org.junit.runners.ParentRunner$3.evaluate(ParentRunner.java:306)
	at org.junit.runners.ParentRunner.run(ParentRunner.java:413)
	at org.junit.runners.Suite.runChild(Suite.java:128)
	at org.junit.runners.Suite.runChild(Suite.java:27)
	at org.junit.runners.ParentRunner$4.run(ParentRunner.java:331)
	at org.junit.runners.ParentRunner$1.schedule(ParentRunner.java:79)
	at org.junit.runners.ParentRunner.runChildren(ParentRunner.java:329)
	at org.junit.runners.ParentRunner.access$100(ParentRunner.java:66)
	at org.junit.runners.ParentRunner$2.evaluate(ParentRunner.java:293)
	at org.junit.runners.ParentRunner$3.evaluate(ParentRunner.java:306)
	at org.junit.runners.ParentRunner.run(ParentRunner.java:413)
	at org.junit.runner.JUnitCore.run(JUnitCore.java:137)
	at org.junit.runner.JUnitCore.run(JUnitCore.java:115)
	at edu.illinois.cs.testrunner.execution.JUnitTestExecutor.execute(JUnitTestExecutor.java:246)
	at edu.illinois.cs.testrunner.execution.JUnitTestExecutor.executeWithJUnit4Runner(JUnitTestExecutor.java:315)
	at edu.illinois.cs.testrunner.execution.JUnitTestExecutor.runOrder(JUnitTestExecutor.java:46)
	at edu.illinois.cs.testrunner.execution.Executor$.$anonfun$run$1(Executor.scala:30)
	at scala.runtime.java8.JFunction0$mcV$sp.apply(JFunction0$mcV$sp.java:12)
	at scala.util.Try$.apply(Try.scala:209)
	at edu.illinois.cs.testrunner.execution.Executor$.run(Executor.scala:28)
	at edu.illinois.cs.testrunner.execution.Executor$.main(Executor.scala:18)
	at edu.illinois.cs.testrunner.execution.Executor.main(Executor.scala)
2024-04-22 02:32:56,547 [DEBUG] LocalLogBackendTest message
java.lang.Throwable: log throwable
	at com.j256.ormlite.logger.BaseLogBackendTest.testDebugStringThrowable(BaseLogBackendTest.java:48)
	at sun.reflect.NativeMethodAccessorImpl.invoke0(Native Method)
	at sun.reflect.NativeMethodAccessorImpl.invoke(NativeMethodAccessorImpl.java:62)
	at sun.reflect.DelegatingMethodAccessorImpl.invoke(DelegatingMethodAccessorImpl.java:43)
	at java.lang.reflect.Method.invoke(Method.java:498)
	at org.junit.runners.model.FrameworkMethod$1.runReflectiveCall(FrameworkMethod.java:59)
	at org.junit.internal.runners.model.ReflectiveCallable.run(ReflectiveCallable.java:12)
	at org.junit.runners.model.FrameworkMethod.invokeExplosively(FrameworkMethod.java:56)
	at org.junit.internal.runners.statements.InvokeMethod.evaluate(InvokeMethod.java:17)
	at org.junit.runners.ParentRunner$3.evaluate(ParentRunner.java:306)
	at org.junit.runners.BlockJUnit4ClassRunner$1.evaluate(BlockJUnit4ClassRunner.java:100)
	at org.junit.runners.ParentRunner.runLeaf(ParentRunner.java:366)
	at org.junit.runners.BlockJUnit4ClassRunner.runChild(BlockJUnit4ClassRunner.java:103)
	at org.junit.runners.BlockJUnit4ClassRunner.runChild(BlockJUnit4ClassRunner.java:63)
	at org.junit.runners.ParentRunner$4.run(ParentRunner.java:331)
	at org.junit.runners.ParentRunner$1.schedule(ParentRunner.java:79)
	at org.junit.runners.ParentRunner.runChildren(ParentRunner.java:329)
	at org.junit.runners.ParentRunner.access$100(ParentRunner.java:66)
	at org.junit.runners.ParentRunner$2.evaluate(ParentRunner.java:293)
	at org.junit.runners.ParentRunner$3.evaluate(ParentRunner.java:306)
	at org.junit.runners.ParentRunner.run(ParentRunner.java:413)
	at org.junit.runners.Suite.runChild(Suite.java:128)
	at org.junit.runners.Suite.runChild(Suite.java:27)
	at org.junit.runners.ParentRunner$4.run(ParentRunner.java:331)
	at org.junit.runners.ParentRunner$1.schedule(ParentRunner.java:79)
	at org.junit.runners.ParentRunner.runChildren(ParentRunner.java:329)
	at org.junit.runners.ParentRunner.access$100(ParentRunner.java:66)
	at org.junit.runners.ParentRunner$2.evaluate(ParentRunner.java:293)
	at org.junit.runners.ParentRunner$3.evaluate(ParentRunner.java:306)
	at org.junit.runners.ParentRunner.run(ParentRunner.java:413)
	at org.junit.runner.JUnitCore.run(JUnitCore.java:137)
	at org.junit.runner.JUnitCore.run(JUnitCore.java:115)
	at edu.illinois.cs.testrunner.execution.JUnitTestExecutor.execute(JUnitTestExecutor.java:246)
	at edu.illinois.cs.testrunner.execution.JUnitTestExecutor.executeWithJUnit4Runner(JUnitTestExecutor.java:315)
	at edu.illinois.cs.testrunner.execution.JUnitTestExecutor.runOrder(JUnitTestExecutor.java:46)
	at edu.illinois.cs.testrunner.execution.Executor$.$anonfun$run$1(Executor.scala:30)
	at scala.runtime.java8.JFunction0$mcV$sp.apply(JFunction0$mcV$sp.java:12)
	at scala.util.Try$.apply(Try.scala:209)
	at edu.illinois.cs.testrunner.execution.Executor$.run(Executor.scala:28)
	at edu.illinois.cs.testrunner.execution.Executor$.main(Executor.scala:18)
	at edu.illinois.cs.testrunner.execution.Executor.main(Executor.scala)
IO exception reading the log properties file '/ormliteLocalLog.properties': java.io.IOException: simulated exception
2024-04-22 02:32:56,548 [DEBUG] LocalLogBackendTest message
2024-04-22 02:32:56,548 [ERROR] LocalLogBackendTest message
java.lang.Throwable: log throwable
	at com.j256.ormlite.logger.BaseLogBackendTest.testErrorStringThrowable(BaseLogBackendTest.java:78)
	at sun.reflect.NativeMethodAccessorImpl.invoke0(Native Method)
	at sun.reflect.NativeMethodAccessorImpl.invoke(NativeMethodAccessorImpl.java:62)
	at sun.reflect.DelegatingMethodAccessorImpl.invoke(DelegatingMethodAccessorImpl.java:43)
	at java.lang.reflect.Method.invoke(Method.java:498)
	at org.junit.runners.model.FrameworkMethod$1.runReflectiveCall(FrameworkMethod.java:59)
	at org.junit.internal.runners.model.ReflectiveCallable.run(ReflectiveCallable.java:12)
	at org.junit.runners.model.FrameworkMethod.invokeExplosively(FrameworkMethod.java:56)
	at org.junit.internal.runners.statements.InvokeMethod.evaluate(InvokeMethod.java:17)
	at org.junit.runners.ParentRunner$3.evaluate(ParentRunner.java:306)
	at org.junit.runners.BlockJUnit4ClassRunner$1.evaluate(BlockJUnit4ClassRunner.java:100)
	at org.junit.runners.ParentRunner.runLeaf(ParentRunner.java:366)
	at org.junit.runners.BlockJUnit4ClassRunner.runChild(BlockJUnit4ClassRunner.java:103)
	at org.junit.runners.BlockJUnit4ClassRunner.runChild(BlockJUnit4ClassRunner.java:63)
	at org.junit.runners.ParentRunner$4.run(ParentRunner.java:331)
	at org.junit.runners.ParentRunner$1.schedule(ParentRunner.java:79)
	at org.junit.runners.ParentRunner.runChildren(ParentRunner.java:329)
	at org.junit.runners.ParentRunner.access$100(ParentRunner.java:66)
	at org.junit.runners.ParentRunner$2.evaluate(ParentRunner.java:293)
	at org.junit.runners.ParentRunner$3.evaluate(ParentRunner.java:306)
	at org.junit.runners.ParentRunner.run(ParentRunner.java:413)
	at org.junit.runners.Suite.runChild(Suite.java:128)
	at org.junit.runners.Suite.runChild(Suite.java:27)
	at org.junit.runners.ParentRunner$4.run(ParentRunner.java:331)
	at org.junit.runners.ParentRunner$1.schedule(ParentRunner.java:79)
	at org.junit.runners.ParentRunner.runChildren(ParentRunner.java:329)
	at org.junit.runners.ParentRunner.access$100(ParentRunner.java:66)
	at org.junit.runners.ParentRunner$2.evaluate(ParentRunner.java:293)
	at org.junit.runners.ParentRunner$3.evaluate(ParentRunner.java:306)
	at org.junit.runners.ParentRunner.run(ParentRunner.java:413)
	at org.junit.runner.JUnitCore.run(JUnitCore.java:137)
	at org.junit.runner.JUnitCore.run(JUnitCore.java:115)
	at edu.illinois.cs.testrunner.execution.JUnitTestExecutor.execute(JUnitTestExecutor.java:246)
	at edu.illinois.cs.testrunner.execution.JUnitTestExecutor.executeWithJUnit4Runner(JUnitTestExecutor.java:315)
	at edu.illinois.cs.testrunner.execution.JUnitTestExecutor.runOrder(JUnitTestExecutor.java:46)
	at edu.illinois.cs.testrunner.execution.Executor$.$anonfun$run$1(Executor.scala:30)
	at scala.runtime.java8.JFunction0$mcV$sp.apply(JFunction0$mcV$sp.java:12)
	at scala.util.Try$.apply(Try.scala:209)
	at edu.illinois.cs.testrunner.execution.Executor$.run(Executor.scala:28)
	at edu.illinois.cs.testrunner.execution.Executor$.main(Executor.scala:18)
	at edu.illinois.cs.testrunner.execution.Executor.main(Executor.scala)
2024-04-22 02:32:56,549 [INFO] LocalLogBackendTest message
2024-04-22 02:32:56,549 [FATAL] LocalLogBackendTest message
java.lang.Throwable: log throwable
	at com.j256.ormlite.logger.BaseLogBackendTest.testFatalStringThrowable(BaseLogBackendTest.java:88)
	at sun.reflect.NativeMethodAccessorImpl.invoke0(Native Method)
	at sun.reflect.NativeMethodAccessorImpl.invoke(NativeMethodAccessorImpl.java:62)
	at sun.reflect.DelegatingMethodAccessorImpl.invoke(DelegatingMethodAccessorImpl.java:43)
	at java.lang.reflect.Method.invoke(Method.java:498)
	at org.junit.runners.model.FrameworkMethod$1.runReflectiveCall(FrameworkMethod.java:59)
	at org.junit.internal.runners.model.ReflectiveCallable.run(ReflectiveCallable.java:12)
	at org.junit.runners.model.FrameworkMethod.invokeExplosively(FrameworkMethod.java:56)
	at org.junit.internal.runners.statements.InvokeMethod.evaluate(InvokeMethod.java:17)
	at org.junit.runners.ParentRunner$3.evaluate(ParentRunner.java:306)
	at org.junit.runners.BlockJUnit4ClassRunner$1.evaluate(BlockJUnit4ClassRunner.java:100)
	at org.junit.runners.ParentRunner.runLeaf(ParentRunner.java:366)
	at org.junit.runners.BlockJUnit4ClassRunner.runChild(BlockJUnit4ClassRunner.java:103)
	at org.junit.runners.BlockJUnit4ClassRunner.runChild(BlockJUnit4ClassRunner.java:63)
	at org.junit.runners.ParentRunner$4.run(ParentRunner.java:331)
	at org.junit.runners.ParentRunner$1.schedule(ParentRunner.java:79)
	at org.junit.runners.ParentRunner.runChildren(ParentRunner.java:329)
	at org.junit.runners.ParentRunner.access$100(ParentRunner.java:66)
	at org.junit.runners.ParentRunner$2.evaluate(ParentRunner.java:293)
	at org.junit.runners.ParentRunner$3.evaluate(ParentRunner.java:306)
	at org.junit.runners.ParentRunner.run(ParentRunner.java:413)
	at org.junit.runners.Suite.runChild(Suite.java:128)
	at org.junit.runners.Suite.runChild(Suite.java:27)
	at org.junit.runners.ParentRunner$4.run(ParentRunner.java:331)
	at org.junit.runners.ParentRunner$1.schedule(ParentRunner.java:79)
	at org.junit.runners.ParentRunner.runChildren(ParentRunner.java:329)
	at org.junit.runners.ParentRunner.access$100(ParentRunner.java:66)
	at org.junit.runners.ParentRunner$2.evaluate(ParentRunner.java:293)
	at org.junit.runners.ParentRunner$3.evaluate(ParentRunner.java:306)
	at org.junit.runners.ParentRunner.run(ParentRunner.java:413)
	at org.junit.runner.JUnitCore.run(JUnitCore.java:137)
	at org.junit.runner.JUnitCore.run(JUnitCore.java:115)
	at edu.illinois.cs.testrunner.execution.JUnitTestExecutor.execute(JUnitTestExecutor.java:246)
	at edu.illinois.cs.testrunner.execution.JUnitTestExecutor.executeWithJUnit4Runner(JUnitTestExecutor.java:315)
	at edu.illinois.cs.testrunner.execution.JUnitTestExecutor.runOrder(JUnitTestExecutor.java:46)
	at edu.illinois.cs.testrunner.execution.Executor$.$anonfun$run$1(Executor.scala:30)
	at scala.runtime.java8.JFunction0$mcV$sp.apply(JFunction0$mcV$sp.java:12)
	at scala.util.Try$.apply(Try.scala:209)
	at edu.illinois.cs.testrunner.execution.Executor$.run(Executor.scala:28)
	at edu.illinois.cs.testrunner.execution.Executor$.main(Executor.scala:18)
	at edu.illinois.cs.testrunner.execution.Executor.main(Executor.scala)
2024-04-22 02:32:56,550 [FATAL] LocalLogBackendTest message
2024-04-22 02:32:56,554 [INFO] LocalLogBackendTest message
java.lang.Throwable: log throwable
	at com.j256.ormlite.logger.BaseLogBackendTest.testInfoStringThrowable(BaseLogBackendTest.java:58)
	at sun.reflect.NativeMethodAccessorImpl.invoke0(Native Method)
	at sun.reflect.NativeMethodAccessorImpl.invoke(NativeMethodAccessorImpl.java:62)
	at sun.reflect.DelegatingMethodAccessorImpl.invoke(DelegatingMethodAccessorImpl.java:43)
	at java.lang.reflect.Method.invoke(Method.java:498)
	at org.junit.runners.model.FrameworkMethod$1.runReflectiveCall(FrameworkMethod.java:59)
	at org.junit.internal.runners.model.ReflectiveCallable.run(ReflectiveCallable.java:12)
	at org.junit.runners.model.FrameworkMethod.invokeExplosively(FrameworkMethod.java:56)
	at org.junit.internal.runners.statements.InvokeMethod.evaluate(InvokeMethod.java:17)
	at org.junit.runners.ParentRunner$3.evaluate(ParentRunner.java:306)
	at org.junit.runners.BlockJUnit4ClassRunner$1.evaluate(BlockJUnit4ClassRunner.java:100)
	at org.junit.runners.ParentRunner.runLeaf(ParentRunner.java:366)
	at org.junit.runners.BlockJUnit4ClassRunner.runChild(BlockJUnit4ClassRunner.java:103)
	at org.junit.runners.BlockJUnit4ClassRunner.runChild(BlockJUnit4ClassRunner.java:63)
	at org.junit.runners.ParentRunner$4.run(ParentRunner.java:331)
	at org.junit.runners.ParentRunner$1.schedule(ParentRunner.java:79)
	at org.junit.runners.ParentRunner.runChildren(ParentRunner.java:329)
	at org.junit.runners.ParentRunner.access$100(ParentRunner.java:66)
	at org.junit.runners.ParentRunner$2.evaluate(ParentRunner.java:293)
	at org.junit.runners.ParentRunner$3.evaluate(ParentRunner.java:306)
	at org.junit.runners.ParentRunner.run(ParentRunner.java:413)
	at org.junit.runners.Suite.runChild(Suite.java:128)
	at org.junit.runners.Suite.runChild(Suite.java:27)
	at org.junit.runners.ParentRunner$4.run(ParentRunner.java:331)
	at org.junit.runners.ParentRunner$1.schedule(ParentRunner.java:79)
	at org.junit.runners.ParentRunner.runChildren(ParentRunner.java:329)
	at org.junit.runners.ParentRunner.access$100(ParentRunner.java:66)
	at org.junit.runners.ParentRunner$2.evaluate(ParentRunner.java:293)
	at org.junit.runners.ParentRunner$3.evaluate(ParentRunner.java:306)
	at org.junit.runners.ParentRunner.run(ParentRunner.java:413)
	at org.junit.runner.JUnitCore.run(JUnitCore.java:137)
	at org.junit.runner.JUnitCore.run(JUnitCore.java:115)
	at edu.illinois.cs.testrunner.execution.JUnitTestExecutor.execute(JUnitTestExecutor.java:246)
	at edu.illinois.cs.testrunner.execution.JUnitTestExecutor.executeWithJUnit4Runner(JUnitTestExecutor.java:315)
	at edu.illinois.cs.testrunner.execution.JUnitTestExecutor.runOrder(JUnitTestExecutor.java:46)
	at edu.illinois.cs.testrunner.execution.Executor$.$anonfun$run$1(Executor.scala:30)
	at scala.runtime.java8.JFunction0$mcV$sp.apply(JFunction0$mcV$sp.java:12)
	at scala.util.Try$.apply(Try.scala:209)
	at edu.illinois.cs.testrunner.execution.Executor$.run(Executor.scala:28)
	at edu.illinois.cs.testrunner.execution.Executor$.main(Executor.scala:18)
	at edu.illinois.cs.testrunner.execution.Executor.main(Executor.scala)
2024-04-22 02:32:56,554 [INFO] LocalLogBackendTest hello there
2024-04-22 02:32:56,554 [WARNING] LocalLogBackendTest message
java.lang.Throwable: log throwable
	at com.j256.ormlite.logger.BaseLogBackendTest.testWarnStringThrowable(BaseLogBackendTest.java:68)
	at sun.reflect.NativeMethodAccessorImpl.invoke0(Native Method)
	at sun.reflect.NativeMethodAccessorImpl.invoke(NativeMethodAccessorImpl.java:62)
	at sun.reflect.DelegatingMethodAccessorImpl.invoke(DelegatingMethodAccessorImpl.java:43)
	at java.lang.reflect.Method.invoke(Method.java:498)
	at org.junit.runners.model.FrameworkMethod$1.runReflectiveCall(FrameworkMethod.java:59)
	at org.junit.internal.runners.model.ReflectiveCallable.run(ReflectiveCallable.java:12)
	at org.junit.runners.model.FrameworkMethod.invokeExplosively(FrameworkMethod.java:56)
	at org.junit.internal.runners.statements.InvokeMethod.evaluate(InvokeMethod.java:17)
	at org.junit.runners.ParentRunner$3.evaluate(ParentRunner.java:306)
	at org.junit.runners.BlockJUnit4ClassRunner$1.evaluate(BlockJUnit4ClassRunner.java:100)
	at org.junit.runners.ParentRunner.runLeaf(ParentRunner.java:366)
	at org.junit.runners.BlockJUnit4ClassRunner.runChild(BlockJUnit4ClassRunner.java:103)
	at org.junit.runners.BlockJUnit4ClassRunner.runChild(BlockJUnit4ClassRunner.java:63)
	at org.junit.runners.ParentRunner$4.run(ParentRunner.java:331)
	at org.junit.runners.ParentRunner$1.schedule(ParentRunner.java:79)
	at org.junit.runners.ParentRunner.runChildren(ParentRunner.java:329)
	at org.junit.runners.ParentRunner.access$100(ParentRunner.java:66)
	at org.junit.runners.ParentRunner$2.evaluate(ParentRunner.java:293)
	at org.junit.runners.ParentRunner$3.evaluate(ParentRunner.java:306)
	at org.junit.runners.ParentRunner.run(ParentRunner.java:413)
	at org.junit.runners.Suite.runChild(Suite.java:128)
	at org.junit.runners.Suite.runChild(Suite.java:27)
	at org.junit.runners.ParentRunner$4.run(ParentRunner.java:331)
	at org.junit.runners.ParentRunner$1.schedule(ParentRunner.java:79)
	at org.junit.runners.ParentRunner.runChildren(ParentRunner.java:329)
	at org.junit.runners.ParentRunner.access$100(ParentRunner.java:66)
	at org.junit.runners.ParentRunner$2.evaluate(ParentRunner.java:293)
	at org.junit.runners.ParentRunner$3.evaluate(ParentRunner.java:306)
	at org.junit.runners.ParentRunner.run(ParentRunner.java:413)
	at org.junit.runner.JUnitCore.run(JUnitCore.java:137)
	at org.junit.runner.JUnitCore.run(JUnitCore.java:115)
	at edu.illinois.cs.testrunner.execution.JUnitTestExecutor.execute(JUnitTestExecutor.java:246)
	at edu.illinois.cs.testrunner.execution.JUnitTestExecutor.executeWithJUnit4Runner(JUnitTestExecutor.java:315)
	at edu.illinois.cs.testrunner.execution.JUnitTestExecutor.runOrder(JUnitTestExecutor.java:46)
	at edu.illinois.cs.testrunner.execution.Executor$.$anonfun$run$1(Executor.scala:30)
	at scala.runtime.java8.JFunction0$mcV$sp.apply(JFunction0$mcV$sp.java:12)
	at scala.util.Try$.apply(Try.scala:209)
	at edu.illinois.cs.testrunner.execution.Executor$.run(Executor.scala:28)
	at edu.illinois.cs.testrunner.execution.Executor$.main(Executor.scala:18)
	at edu.illinois.cs.testrunner.execution.Executor.main(Executor.scala)
Line is not in the format of 'pattern = level': x
Level ' INVALID_LEVEL' was not found
Line is not in the format of 'pattern = level': x
2024-04-22 02:32:56,555 [ERROR] LocalLogBackendTest message
2024-04-22 02:32:56,556 [WARNING] LocalLogBackendTest message
Skipping unknown value class class java.lang.Class
Skipping unknown value class class com.j256.ormlite.field.DataType
2024-04-22 02:32:56,561 [WARNING] LoggerFactoryTest Unable to create instance of class com.j256.ormlite.android.AndroidLogBackend$AndroidLogBackendFactory for log type ANDROID, using local log: com.j256.ormlite.android.AndroidLogBackend$AndroidLogBackendFactory
2024-04-22 02:32:56,561 [WARNING] LoggerFactory Could not find valid log-type from system property 'com.j256.simplelogger.backend', value 'some.wrong.class'
2024-04-22 02:32:56,566 [INFO] TableUtils dropping table 'serializedupdate'
2024-04-22 02:32:56,567 [INFO] TableUtils ignoring drop error 'org.h2.jdbc.JdbcSQLSyntaxErrorException: Table "SERIALIZEDUPDATE" not found; SQL statement:
DROP TABLE `serializedupdate`  [42102-200]' for statement: DROP TABLE `serializedupdate` 
2024-04-22 02:32:56,567 [INFO] TableUtils creating table 'serializedupdate'
2024-04-22 02:32:56,567 [INFO] TableUtils executed create table statement changed 0 rows: CREATE TABLE `serializedupdate` (`id` INTEGER AUTO_INCREMENT , `serialized` BLOB , PRIMARY KEY (`id`) ) 
2024-04-22 02:32:56,570 [DEBUG] BaseMappedStatement insert data with statement 'INSERT INTO `serializedupdate` (`serialized` ) VALUES (?)' and 1 args, changed 1 rows
2024-04-22 02:32:56,570 [TRACE] BaseMappedStatement insert arguments: [[-84, -19, 0, 5, 115, 114, 0, 65, 99, 111, 109, 46, 106, 50, 53, 54, 46, 111, 114, 109, 108, 105, 116, 101, 46, 102, 105, 101, 108, 100, 46, 116, 121, 112, 101, 115, 46, 83, 101, 114, 105, 97, 108, 105, 122, 97, 98, 108, 101, 84, 121, 112, 101, 84, 101, 115, 116, 36, 83, 101, 114, 105, 97, 108, 105, 122, 101, 100, 70, 105, 101, 108, 100, 62, -28, 13, -79, 82, -70, -126, 120, 2, 0, 1, 76, 0, 3, 102, 111, 111, 116, 0, 18, 76, 106, 97, 118, 97, 47, 108, 97, 110, 103, 47, 83, 116, 114, 105, 110, 103, 59, 120, 112, 116, 0, 3, 119, 111, 119]]
2024-04-22 02:32:56,570 [DEBUG] BaseMappedStatement assigned id '1' from keyholder to 'id' in SerializedUpdate object
2024-04-22 02:32:56,573 [DEBUG] BaseMappedStatement query-for-id using 'SELECT * FROM `serializedupdate` WHERE `id` = ?' and 1 args, got 1 result
2024-04-22 02:32:56,573 [TRACE] BaseMappedStatement query-for-id arguments: [1]
2024-04-22 02:32:56,573 [DEBUG] BaseMappedStatement update data with statement 'UPDATE `serializedupdate` SET `serialized` = ? WHERE `id` = ?' and 2 args, changed 1 rows
2024-04-22 02:32:56,574 [TRACE] BaseMappedStatement update arguments: [[-84, -19, 0, 5, 115, 114, 0, 65, 99, 111, 109, 46, 106, 50, 53, 54, 46, 111, 114, 109, 108, 105, 116, 101, 46, 102, 105, 101, 108, 100, 46, 116, 121, 112, 101, 115, 46, 83, 101, 114, 105, 97, 108, 105, 122, 97, 98, 108, 101, 84, 121, 112, 101, 84, 101, 115, 116, 36, 83, 101, 114, 105, 97, 108, 105, 122, 101, 100, 70, 105, 101, 108, 100, 62, -28, 13, -79, 82, -70, -126, 120, 2, 0, 1, 76, 0, 3, 102, 111, 111, 116, 0, 18, 76, 106, 97, 118, 97, 47, 108, 97, 110, 103, 47, 83, 116, 114, 105, 110, 103, 59, 120, 112, 116, 0, 3, 122, 105, 112], 1]
2024-04-22 02:32:56,574 [DEBUG] BaseMappedStatement query-for-id using 'SELECT * FROM `serializedupdate` WHERE `id` = ?' and 1 args, got 1 result
2024-04-22 02:32:56,574 [TRACE] BaseMappedStatement query-for-id arguments: [1]
2024-04-22 02:32:56,575 [DEBUG] BaseMappedStatement prepared statement 'UPDATE `serializedupdate` SET `serialized` = ? WHERE `id` = 1' with 1 args
2024-04-22 02:32:56,576 [TRACE] BaseMappedStatement prepared statement arguments: [[-84, -19, 0, 5, 115, 114, 0, 65, 99, 111, 109, 46, 106, 50, 53, 54, 46, 111, 114, 109, 108, 105, 116, 101, 46, 102, 105, 101, 108, 100, 46, 116, 121, 112, 101, 115, 46, 83, 101, 114, 105, 97, 108, 105, 122, 97, 98, 108, 101, 84, 121, 112, 101, 84, 101, 115, 116, 36, 83, 101, 114, 105, 97, 108, 105, 122, 101, 100, 70, 105, 101, 108, 100, 62, -28, 13, -79, 82, -70, -126, 120, 2, 0, 1, 76, 0, 3, 102, 111, 111, 116, 0, 18, 76, 106, 97, 118, 97, 47, 108, 97, 110, 103, 47, 83, 116, 114, 105, 110, 103, 59, 120, 112, 116, 0, 5, 99, 114, 97, 99, 107]]
2024-04-22 02:32:56,576 [DEBUG] BaseMappedStatement query-for-id using 'SELECT * FROM `serializedupdate` WHERE `id` = ?' and 1 args, got 1 result
2024-04-22 02:32:56,576 [TRACE] BaseMappedStatement query-for-id arguments: [1]
2024-04-22 02:32:56,577 [INFO] TableUtils dropping table 'foo'
2024-04-22 02:32:56,578 [INFO] TableUtils ignoring drop error 'org.h2.jdbc.JdbcSQLSyntaxErrorException: Table "FOO" not found; SQL statement:
DROP TABLE `foo`  [42102-200]' for statement: DROP TABLE `foo` 
2024-04-22 02:32:56,579 [INFO] TableUtils creating table 'foo'
2024-04-22 02:32:56,579 [INFO] TableUtils executed create table statement changed 0 rows: CREATE TABLE `foo` (`serializable` BLOB ) 
2024-04-22 02:32:56,579 [DEBUG] BaseMappedStatement insert data with statement 'INSERT INTO `foo` (`serializable` ) VALUES (?)' and 1 args, changed 1 rows
2024-04-22 02:32:56,579 [TRACE] BaseMappedStatement insert arguments: [null]
2024-04-22 02:32:56,580 [INFO] TableUtils dropping table 'foo'
2024-04-22 02:32:56,581 [INFO] TableUtils ignoring drop error 'org.h2.jdbc.JdbcSQLSyntaxErrorException: Table "FOO" not found; SQL statement:
DROP TABLE `foo`  [42102-200]' for statement: DROP TABLE `foo` 
2024-04-22 02:32:56,581 [INFO] TableUtils creating table 'foo'
2024-04-22 02:32:56,582 [INFO] TableUtils executed create table statement changed 0 rows: CREATE TABLE `foo` (`serializable` BLOB ) 
2024-04-22 02:32:56,583 [DEBUG] BaseMappedStatement insert data with statement 'INSERT INTO `foo` (`serializable` ) VALUES (?)' and 1 args, changed 1 rows
2024-04-22 02:32:56,583 [TRACE] BaseMappedStatement insert arguments: [[-84, -19, 0, 5, 115, 114, 0, 17, 106, 97, 118, 97, 46, 108, 97, 110, 103, 46, 73, 110, 116, 101, 103, 101, 114, 18, -30, -96, -92, -9, -127, -121, 56, 2, 0, 1, 73, 0, 5, 118, 97, 108, 117, 101, 120, 114, 0, 16, 106, 97, 118, 97, 46, 108, 97, 110, 103, 46, 78, 117, 109, 98, 101, 114, -122, -84, -107, 29, 11, -108, -32, -117, 2, 0, 0, 120, 112, 79, 90, -120, 11]]
2024-04-22 02:32:56,584 [DEBUG] BaseMappedStatement prepared statement 'SELECT * FROM `foo`' with 0 args
2024-04-22 02:32:56,584 [DEBUG] StatementExecutor query of 'SELECT * FROM `foo`' with 0 args returned 1 results
2024-04-22 02:32:56,584 [INFO] TableUtils dropping table 'foo'
2024-04-22 02:32:56,585 [INFO] TableUtils ignoring drop error 'org.h2.jdbc.JdbcSQLSyntaxErrorException: Table "FOO" not found; SQL statement:
DROP TABLE `foo`  [42102-200]' for statement: DROP TABLE `foo` 
2024-04-22 02:32:56,586 [INFO] TableUtils creating table 'foo'
2024-04-22 02:32:56,586 [INFO] TableUtils executed create table statement changed 0 rows: CREATE TABLE `foo` (`serializable` BLOB ) 
2024-04-22 02:32:56,586 [DEBUG] BaseMappedStatement insert data with statement 'INSERT INTO `foo` (`serializable` ) VALUES (?)' and 1 args, changed 1 rows
2024-04-22 02:32:56,586 [TRACE] BaseMappedStatement insert arguments: [null]
2024-04-22 02:32:56,587 [DEBUG] BaseMappedStatement prepared statement 'SELECT * FROM `foo`' with 0 args
2024-04-22 02:32:56,587 [DEBUG] StatementExecutor query of 'SELECT * FROM `foo`' with 0 args returned 1 results
2024-04-22 02:32:56,587 [INFO] TableUtils dropping table 'foo'
2024-04-22 02:32:56,588 [INFO] TableUtils ignoring drop error 'org.h2.jdbc.JdbcSQLSyntaxErrorException: Table "FOO" not found; SQL statement:
DROP TABLE `foo`  [42102-200]' for statement: DROP TABLE `foo` 
2024-04-22 02:32:56,588 [INFO] TableUtils creating table 'foo'
2024-04-22 02:32:56,588 [INFO] TableUtils executed create table statement changed 0 rows: CREATE TABLE `foo` (`byteField` BLOB ) 
2024-04-22 02:32:56,589 [DEBUG] BaseMappedStatement insert data with statement 'INSERT INTO `foo` (`byteField` ) VALUES (?)' and 1 args, changed 1 rows
2024-04-22 02:32:56,589 [TRACE] BaseMappedStatement insert arguments: [[1, 2, 3, 4, 5]]
2024-04-22 02:32:56,591 [INFO] TableUtils dropping table 'foo'
2024-04-22 02:32:56,592 [INFO] TableUtils ignoring drop error 'org.h2.jdbc.JdbcSQLSyntaxErrorException: Table "FOO" not found; SQL statement:
DROP TABLE `foo`  [42102-200]' for statement: DROP TABLE `foo` 
2024-04-22 02:32:56,592 [INFO] TableUtils creating table 'foo'
2024-04-22 02:32:56,592 [INFO] TableUtils executed create table statement changed 0 rows: CREATE TABLE `foo` (`floatField` FLOAT ) 
2024-04-22 02:32:56,594 [DEBUG] BaseMappedStatement insert data with statement 'INSERT INTO `foo` (`floatField` ) VALUES (?)' and 1 args, changed 1 rows
2024-04-22 02:32:56,594 [TRACE] BaseMappedStatement insert arguments: [1331.221]
2024-04-22 02:32:56,595 [DEBUG] BaseMappedStatement prepared statement 'SELECT * FROM `foo`' with 0 args
2024-04-22 02:32:56,595 [DEBUG] StatementExecutor query of 'SELECT * FROM `foo`' with 0 args returned 1 results
2024-04-22 02:32:56,596 [INFO] TableUtils dropping table 'foo'
2024-04-22 02:32:56,597 [INFO] TableUtils ignoring drop error 'org.h2.jdbc.JdbcSQLSyntaxErrorException: Table "FOO" not found; SQL statement:
DROP TABLE `foo`  [42102-200]' for statement: DROP TABLE `foo` 
2024-04-22 02:32:56,597 [INFO] TableUtils creating table 'foo'
2024-04-22 02:32:56,598 [INFO] TableUtils executed create table statement changed 0 rows: CREATE TABLE `foo` (`floatField` FLOAT ) 
2024-04-22 02:32:56,598 [DEBUG] BaseMappedStatement insert data with statement 'INSERT INTO `foo` (`floatField` ) VALUES (?)' and 1 args, changed 1 rows
2024-04-22 02:32:56,598 [TRACE] BaseMappedStatement insert arguments: [null]
2024-04-22 02:32:56,599 [DEBUG] BaseMappedStatement prepared statement 'SELECT * FROM `foo`' with 0 args
2024-04-22 02:32:56,599 [DEBUG] StatementExecutor query of 'SELECT * FROM `foo`' with 0 args returned 1 results
java.lang.Exception: Unexpected exception, expected<java.lang.RuntimeException> but was<java.lang.AssertionError>
	at org.junit.internal.runners.statements.ExpectException.evaluate(ExpectException.java:30)
	at org.junit.internal.runners.statements.RunBefores.evaluate(RunBefores.java:26)
	at org.junit.internal.runners.statements.RunAfters.evaluate(RunAfters.java:27)
	at org.junit.runners.ParentRunner$3.evaluate(ParentRunner.java:306)
	at org.junit.runners.BlockJUnit4ClassRunner$1.evaluate(BlockJUnit4ClassRunner.java:100)
	at org.junit.runners.ParentRunner.runLeaf(ParentRunner.java:366)
	at org.junit.runners.BlockJUnit4ClassRunner.runChild(BlockJUnit4ClassRunner.java:103)
	at org.junit.runners.BlockJUnit4ClassRunner.runChild(BlockJUnit4ClassRunner.java:63)
	at org.junit.runners.ParentRunner$4.run(ParentRunner.java:331)
	at org.junit.runners.ParentRunner$1.schedule(ParentRunner.java:79)
	at org.junit.runners.ParentRunner.runChildren(ParentRunner.java:329)
	at org.junit.runners.ParentRunner.access$100(ParentRunner.java:66)
	at org.junit.runners.ParentRunner$2.evaluate(ParentRunner.java:293)
	at org.junit.runners.ParentRunner$3.evaluate(ParentRunner.java:306)
	at org.junit.runners.ParentRunner.run(ParentRunner.java:413)
	at org.junit.runners.Suite.runChild(Suite.java:128)
	at org.junit.runners.Suite.runChild(Suite.java:27)
	at org.junit.runners.ParentRunner$4.run(ParentRunner.java:331)
	at org.junit.runners.ParentRunner$1.schedule(ParentRunner.java:79)
	at org.junit.runners.ParentRunner.runChildren(ParentRunner.java:329)
	at org.junit.runners.ParentRunner.access$100(ParentRunner.java:66)
	at org.junit.runners.ParentRunner$2.evaluate(ParentRunner.java:293)
	at org.junit.runners.ParentRunner$3.evaluate(ParentRunner.java:306)
	at org.junit.runners.ParentRunner.run(ParentRunner.java:413)
	at org.junit.runner.JUnitCore.run(JUnitCore.java:137)
	at org.junit.runner.JUnitCore.run(JUnitCore.java:115)
	at edu.illinois.cs.testrunner.execution.JUnitTestExecutor.execute(JUnitTestExecutor.java:246)
	at edu.illinois.cs.testrunner.execution.JUnitTestExecutor.executeWithJUnit4Runner(JUnitTestExecutor.java:315)
	at edu.illinois.cs.testrunner.execution.JUnitTestExecutor.runOrder(JUnitTestExecutor.java:46)
	at edu.illinois.cs.testrunner.execution.Executor$.$anonfun$run$1(Executor.scala:30)
	at scala.runtime.java8.JFunction0$mcV$sp.apply(JFunction0$mcV$sp.java:12)
	at scala.util.Try$.apply(Try.scala:209)
	at edu.illinois.cs.testrunner.execution.Executor$.run(Executor.scala:28)
	at edu.illinois.cs.testrunner.execution.Executor$.main(Executor.scala:18)
	at edu.illinois.cs.testrunner.execution.Executor.main(Executor.scala)
Caused by: java.lang.AssertionError: 
  Unexpected method call LogBackend.isLevelEnabled(DEBUG):
	at org.easymock.internal.MockInvocationHandler.invoke(MockInvocationHandler.java:44)
	at org.easymock.internal.ObjectMethodsFilter.invoke(ObjectMethodsFilter.java:94)
	at com.sun.proxy.$Proxy13.isLevelEnabled(Unknown Source)
	at com.j256.ormlite.logger.Logger.logIfEnabled(Logger.java:659)
	at com.j256.ormlite.logger.Logger.log(Logger.java:610)
	at com.j256.ormlite.dao.RuntimeExceptionDao.logMessage(RuntimeExceptionDao.java:981)
	at com.j256.ormlite.dao.RuntimeExceptionDao.delete(RuntimeExceptionDao.java:354)
	at com.j256.ormlite.dao.RuntimeExceptionDaoTest.testDeleteThrow(RuntimeExceptionDaoTest.java:610)
	at sun.reflect.NativeMethodAccessorImpl.invoke0(Native Method)
	at sun.reflect.NativeMethodAccessorImpl.invoke(NativeMethodAccessorImpl.java:62)
	at sun.reflect.DelegatingMethodAccessorImpl.invoke(DelegatingMethodAccessorImpl.java:43)
	at java.lang.reflect.Method.invoke(Method.java:498)
	at org.junit.runners.model.FrameworkMethod$1.runReflectiveCall(FrameworkMethod.java:59)
	at org.junit.internal.runners.model.ReflectiveCallable.run(ReflectiveCallable.java:12)
	at org.junit.runners.model.FrameworkMethod.invokeExplosively(FrameworkMethod.java:56)
	at org.junit.internal.runners.statements.InvokeMethod.evaluate(InvokeMethod.java:17)
	at org.junit.internal.runners.statements.ExpectException.evaluate(ExpectException.java:19)
	... 34 more
java.lang.Exception: Unexpected exception, expected<java.lang.RuntimeException> but was<java.lang.AssertionError>
	at org.junit.internal.runners.statements.ExpectException.evaluate(ExpectException.java:30)
	at org.junit.internal.runners.statements.RunBefores.evaluate(RunBefores.java:26)
	at org.junit.internal.runners.statements.RunAfters.evaluate(RunAfters.java:27)
	at org.junit.runners.ParentRunner$3.evaluate(ParentRunner.java:306)
	at org.junit.runners.BlockJUnit4ClassRunner$1.evaluate(BlockJUnit4ClassRunner.java:100)
	at org.junit.runners.ParentRunner.runLeaf(ParentRunner.java:366)
	at org.junit.runners.BlockJUnit4ClassRunner.runChild(BlockJUnit4ClassRunner.java:103)
	at org.junit.runners.BlockJUnit4ClassRunner.runChild(BlockJUnit4ClassRunner.java:63)
	at org.junit.runners.ParentRunner$4.run(ParentRunner.java:331)
	at org.junit.runners.ParentRunner$1.schedule(ParentRunner.java:79)
	at org.junit.runners.ParentRunner.runChildren(ParentRunner.java:329)
	at org.junit.runners.ParentRunner.access$100(ParentRunner.java:66)
	at org.junit.runners.ParentRunner$2.evaluate(ParentRunner.java:293)
	at org.junit.runners.ParentRunner$3.evaluate(ParentRunner.java:306)
	at org.junit.runners.ParentRunner.run(ParentRunner.java:413)
	at org.junit.runners.Suite.runChild(Suite.java:128)
	at org.junit.runners.Suite.runChild(Suite.java:27)
	at org.junit.runners.ParentRunner$4.run(ParentRunner.java:331)
	at org.junit.runners.ParentRunner$1.schedule(ParentRunner.java:79)
	at org.junit.runners.ParentRunner.runChildren(ParentRunner.java:329)
	at org.junit.runners.ParentRunner.access$100(ParentRunner.java:66)
	at org.junit.runners.ParentRunner$2.evaluate(ParentRunner.java:293)
	at org.junit.runners.ParentRunner$3.evaluate(ParentRunner.java:306)
	at org.junit.runners.ParentRunner.run(ParentRunner.java:413)
	at org.junit.runner.JUnitCore.run(JUnitCore.java:137)
	at org.junit.runner.JUnitCore.run(JUnitCore.java:115)
	at edu.illinois.cs.testrunner.execution.JUnitTestExecutor.execute(JUnitTestExecutor.java:246)
	at edu.illinois.cs.testrunner.execution.JUnitTestExecutor.executeWithJUnit4Runner(JUnitTestExecutor.java:315)
	at edu.illinois.cs.testrunner.execution.JUnitTestExecutor.runOrder(JUnitTestExecutor.java:46)
	at edu.illinois.cs.testrunner.execution.Executor$.$anonfun$run$1(Executor.scala:30)
	at scala.runtime.java8.JFunction0$mcV$sp.apply(JFunction0$mcV$sp.java:12)
	at scala.util.Try$.apply(Try.scala:209)
	at edu.illinois.cs.testrunner.execution.Executor$.run(Executor.scala:28)
	at edu.illinois.cs.testrunner.execution.Executor$.main(Executor.scala:18)
	at edu.illinois.cs.testrunner.execution.Executor.main(Executor.scala)
Caused by: java.lang.AssertionError: 
  Unexpected method call LogBackend.isLevelEnabled(DEBUG):
	at org.easymock.internal.MockInvocationHandler.invoke(MockInvocationHandler.java:44)
	at org.easymock.internal.ObjectMethodsFilter.invoke(ObjectMethodsFilter.java:94)
	at com.sun.proxy.$Proxy13.isLevelEnabled(Unknown Source)
	at com.j256.ormlite.logger.Logger.logIfEnabled(Logger.java:659)
	at com.j256.ormlite.logger.Logger.log(Logger.java:610)
	at com.j256.ormlite.dao.RuntimeExceptionDao.logMessage(RuntimeExceptionDao.java:981)
	at com.j256.ormlite.dao.RuntimeExceptionDao.rollBack(RuntimeExceptionDao.java:898)
	at com.j256.ormlite.dao.RuntimeExceptionDaoTest.testRollbackThrows(RuntimeExceptionDaoTest.java:1074)
	at sun.reflect.NativeMethodAccessorImpl.invoke0(Native Method)
	at sun.reflect.NativeMethodAccessorImpl.invoke(NativeMethodAccessorImpl.java:62)
	at sun.reflect.DelegatingMethodAccessorImpl.invoke(DelegatingMethodAccessorImpl.java:43)
	at java.lang.reflect.Method.invoke(Method.java:498)
	at org.junit.runners.model.FrameworkMethod$1.runReflectiveCall(FrameworkMethod.java:59)
	at org.junit.internal.runners.model.ReflectiveCallable.run(ReflectiveCallable.java:12)
	at org.junit.runners.model.FrameworkMethod.invokeExplosively(FrameworkMethod.java:56)
	at org.junit.internal.runners.statements.InvokeMethod.evaluate(InvokeMethod.java:17)
	at org.junit.internal.runners.statements.ExpectException.evaluate(ExpectException.java:19)
	... 34 more
java.lang.Exception: Unexpected exception, expected<java.lang.RuntimeException> but was<java.lang.AssertionError>
	at org.junit.internal.runners.statements.ExpectException.evaluate(ExpectException.java:30)
	at org.junit.internal.runners.statements.RunBefores.evaluate(RunBefores.java:26)
	at org.junit.internal.runners.statements.RunAfters.evaluate(RunAfters.java:27)
	at org.junit.runners.ParentRunner$3.evaluate(ParentRunner.java:306)
	at org.junit.runners.BlockJUnit4ClassRunner$1.evaluate(BlockJUnit4ClassRunner.java:100)
	at org.junit.runners.ParentRunner.runLeaf(ParentRunner.java:366)
	at org.junit.runners.BlockJUnit4ClassRunner.runChild(BlockJUnit4ClassRunner.java:103)
	at org.junit.runners.BlockJUnit4ClassRunner.runChild(BlockJUnit4ClassRunner.java:63)
	at org.junit.runners.ParentRunner$4.run(ParentRunner.java:331)
	at org.junit.runners.ParentRunner$1.schedule(ParentRunner.java:79)
	at org.junit.runners.ParentRunner.runChildren(ParentRunner.java:329)
	at org.junit.runners.ParentRunner.access$100(ParentRunner.java:66)
	at org.junit.runners.ParentRunner$2.evaluate(ParentRunner.java:293)
	at org.junit.runners.ParentRunner$3.evaluate(ParentRunner.java:306)
	at org.junit.runners.ParentRunner.run(ParentRunner.java:413)
	at org.junit.runners.Suite.runChild(Suite.java:128)
	at org.junit.runners.Suite.runChild(Suite.java:27)
	at org.junit.runners.ParentRunner$4.run(ParentRunner.java:331)
	at org.junit.runners.ParentRunner$1.schedule(ParentRunner.java:79)
	at org.junit.runners.ParentRunner.runChildren(ParentRunner.java:329)
	at org.junit.runners.ParentRunner.access$100(ParentRunner.java:66)
	at org.junit.runners.ParentRunner$2.evaluate(ParentRunner.java:293)
	at org.junit.runners.ParentRunner$3.evaluate(ParentRunner.java:306)
	at org.junit.runners.ParentRunner.run(ParentRunner.java:413)
	at org.junit.runner.JUnitCore.run(JUnitCore.java:137)
	at org.junit.runner.JUnitCore.run(JUnitCore.java:115)
	at edu.illinois.cs.testrunner.execution.JUnitTestExecutor.execute(JUnitTestExecutor.java:246)
	at edu.illinois.cs.testrunner.execution.JUnitTestExecutor.executeWithJUnit4Runner(JUnitTestExecutor.java:315)
	at edu.illinois.cs.testrunner.execution.JUnitTestExecutor.runOrder(JUnitTestExecutor.java:46)
	at edu.illinois.cs.testrunner.execution.Executor$.$anonfun$run$1(Executor.scala:30)
	at scala.runtime.java8.JFunction0$mcV$sp.apply(JFunction0$mcV$sp.java:12)
	at scala.util.Try$.apply(Try.scala:209)
	at edu.illinois.cs.testrunner.execution.Executor$.run(Executor.scala:28)
	at edu.illinois.cs.testrunner.execution.Executor$.main(Executor.scala:18)
	at edu.illinois.cs.testrunner.execution.Executor.main(Executor.scala)
Caused by: java.lang.AssertionError: 
  Unexpected method call LogBackend.isLevelEnabled(DEBUG):
	at org.easymock.internal.MockInvocationHandler.invoke(MockInvocationHandler.java:44)
	at org.easymock.internal.ObjectMethodsFilter.invoke(ObjectMethodsFilter.java:94)
	at com.sun.proxy.$Proxy13.isLevelEnabled(Unknown Source)
	at com.j256.ormlite.logger.Logger.logIfEnabled(Logger.java:659)
	at com.j256.ormlite.logger.Logger.log(Logger.java:610)
	at com.j256.ormlite.dao.RuntimeExceptionDao.logMessage(RuntimeExceptionDao.java:981)
	at com.j256.ormlite.dao.RuntimeExceptionDao.queryForFieldValuesArgs(RuntimeExceptionDao.java:187)
	at com.j256.ormlite.dao.RuntimeExceptionDaoTest.testQueryForFieldsValuesArgsThrow(RuntimeExceptionDaoTest.java:478)
	at sun.reflect.NativeMethodAccessorImpl.invoke0(Native Method)
	at sun.reflect.NativeMethodAccessorImpl.invoke(NativeMethodAccessorImpl.java:62)
	at sun.reflect.DelegatingMethodAccessorImpl.invoke(DelegatingMethodAccessorImpl.java:43)
	at java.lang.reflect.Method.invoke(Method.java:498)
	at org.junit.runners.model.FrameworkMethod$1.runReflectiveCall(FrameworkMethod.java:59)
	at org.junit.internal.runners.model.ReflectiveCallable.run(ReflectiveCallable.java:12)
	at org.junit.runners.model.FrameworkMethod.invokeExplosively(FrameworkMethod.java:56)
	at org.junit.internal.runners.statements.InvokeMethod.evaluate(InvokeMethod.java:17)
	at org.junit.internal.runners.statements.ExpectException.evaluate(ExpectException.java:19)
	... 34 more
java.lang.Exception: Unexpected exception, expected<java.lang.RuntimeException> but was<java.lang.AssertionError>
	at org.junit.internal.runners.statements.ExpectException.evaluate(ExpectException.java:30)
	at org.junit.internal.runners.statements.RunBefores.evaluate(RunBefores.java:26)
	at org.junit.internal.runners.statements.RunAfters.evaluate(RunAfters.java:27)
	at org.junit.runners.ParentRunner$3.evaluate(ParentRunner.java:306)
	at org.junit.runners.BlockJUnit4ClassRunner$1.evaluate(BlockJUnit4ClassRunner.java:100)
	at org.junit.runners.ParentRunner.runLeaf(ParentRunner.java:366)
	at org.junit.runners.BlockJUnit4ClassRunner.runChild(BlockJUnit4ClassRunner.java:103)
	at org.junit.runners.BlockJUnit4ClassRunner.runChild(BlockJUnit4ClassRunner.java:63)
	at org.junit.runners.ParentRunner$4.run(ParentRunner.java:331)
	at org.junit.runners.ParentRunner$1.schedule(ParentRunner.java:79)
	at org.junit.runners.ParentRunner.runChildren(ParentRunner.java:329)
	at org.junit.runners.ParentRunner.access$100(ParentRunner.java:66)
	at org.junit.runners.ParentRunner$2.evaluate(ParentRunner.java:293)
	at org.junit.runners.ParentRunner$3.evaluate(ParentRunner.java:306)
	at org.junit.runners.ParentRunner.run(ParentRunner.java:413)
	at org.junit.runners.Suite.runChild(Suite.java:128)
	at org.junit.runners.Suite.runChild(Suite.java:27)
	at org.junit.runners.ParentRunner$4.run(ParentRunner.java:331)
	at org.junit.runners.ParentRunner$1.schedule(ParentRunner.java:79)
	at org.junit.runners.ParentRunner.runChildren(ParentRunner.java:329)
	at org.junit.runners.ParentRunner.access$100(ParentRunner.java:66)
	at org.junit.runners.ParentRunner$2.evaluate(ParentRunner.java:293)
	at org.junit.runners.ParentRunner$3.evaluate(ParentRunner.java:306)
	at org.junit.runners.ParentRunner.run(ParentRunner.java:413)
	at org.junit.runner.JUnitCore.run(JUnitCore.java:137)
	at org.junit.runner.JUnitCore.run(JUnitCore.java:115)
	at edu.illinois.cs.testrunner.execution.JUnitTestExecutor.execute(JUnitTestExecutor.java:246)
	at edu.illinois.cs.testrunner.execution.JUnitTestExecutor.executeWithJUnit4Runner(JUnitTestExecutor.java:315)
	at edu.illinois.cs.testrunner.execution.JUnitTestExecutor.runOrder(JUnitTestExecutor.java:46)
	at edu.illinois.cs.testrunner.execution.Executor$.$anonfun$run$1(Executor.scala:30)
	at scala.runtime.java8.JFunction0$mcV$sp.apply(JFunction0$mcV$sp.java:12)
	at scala.util.Try$.apply(Try.scala:209)
	at edu.illinois.cs.testrunner.execution.Executor$.run(Executor.scala:28)
	at edu.illinois.cs.testrunner.execution.Executor$.main(Executor.scala:18)
	at edu.illinois.cs.testrunner.execution.Executor.main(Executor.scala)
Caused by: java.lang.AssertionError: 
  Unexpected method call LogBackend.isLevelEnabled(DEBUG):
	at org.easymock.internal.MockInvocationHandler.invoke(MockInvocationHandler.java:44)
	at org.easymock.internal.ObjectMethodsFilter.invoke(ObjectMethodsFilter.java:94)
	at com.sun.proxy.$Proxy13.isLevelEnabled(Unknown Source)
	at com.j256.ormlite.logger.Logger.logIfEnabled(Logger.java:659)
	at com.j256.ormlite.logger.Logger.log(Logger.java:610)
	at com.j256.ormlite.dao.RuntimeExceptionDao.logMessage(RuntimeExceptionDao.java:981)
	at com.j256.ormlite.dao.RuntimeExceptionDao.iterator(RuntimeExceptionDao.java:472)
	at com.j256.ormlite.dao.RuntimeExceptionDaoTest.testIteratorThrow(RuntimeExceptionDaoTest.java:677)
	at sun.reflect.NativeMethodAccessorImpl.invoke0(Native Method)
	at sun.reflect.NativeMethodAccessorImpl.invoke(NativeMethodAccessorImpl.java:62)
	at sun.reflect.DelegatingMethodAccessorImpl.invoke(DelegatingMethodAccessorImpl.java:43)
	at java.lang.reflect.Method.invoke(Method.java:498)
	at org.junit.runners.model.FrameworkMethod$1.runReflectiveCall(FrameworkMethod.java:59)
	at org.junit.internal.runners.model.ReflectiveCallable.run(ReflectiveCallable.java:12)
	at org.junit.runners.model.FrameworkMethod.invokeExplosively(FrameworkMethod.java:56)
	at org.junit.internal.runners.statements.InvokeMethod.evaluate(InvokeMethod.java:17)
	at org.junit.internal.runners.statements.ExpectException.evaluate(ExpectException.java:19)
	... 34 more
java.lang.Exception: Unexpected exception, expected<java.lang.RuntimeException> but was<java.lang.AssertionError>
	at org.junit.internal.runners.statements.ExpectException.evaluate(ExpectException.java:30)
	at org.junit.internal.runners.statements.RunBefores.evaluate(RunBefores.java:26)
	at org.junit.internal.runners.statements.RunAfters.evaluate(RunAfters.java:27)
	at org.junit.runners.ParentRunner$3.evaluate(ParentRunner.java:306)
	at org.junit.runners.BlockJUnit4ClassRunner$1.evaluate(BlockJUnit4ClassRunner.java:100)
	at org.junit.runners.ParentRunner.runLeaf(ParentRunner.java:366)
	at org.junit.runners.BlockJUnit4ClassRunner.runChild(BlockJUnit4ClassRunner.java:103)
	at org.junit.runners.BlockJUnit4ClassRunner.runChild(BlockJUnit4ClassRunner.java:63)
	at org.junit.runners.ParentRunner$4.run(ParentRunner.java:331)
	at org.junit.runners.ParentRunner$1.schedule(ParentRunner.java:79)
	at org.junit.runners.ParentRunner.runChildren(ParentRunner.java:329)
	at org.junit.runners.ParentRunner.access$100(ParentRunner.java:66)
	at org.junit.runners.ParentRunner$2.evaluate(ParentRunner.java:293)
	at org.junit.runners.ParentRunner$3.evaluate(ParentRunner.java:306)
	at org.junit.runners.ParentRunner.run(ParentRunner.java:413)
	at org.junit.runners.Suite.runChild(Suite.java:128)
	at org.junit.runners.Suite.runChild(Suite.java:27)
	at org.junit.runners.ParentRunner$4.run(ParentRunner.java:331)
	at org.junit.runners.ParentRunner$1.schedule(ParentRunner.java:79)
	at org.junit.runners.ParentRunner.runChildren(ParentRunner.java:329)
	at org.junit.runners.ParentRunner.access$100(ParentRunner.java:66)
	at org.junit.runners.ParentRunner$2.evaluate(ParentRunner.java:293)
	at org.junit.runners.ParentRunner$3.evaluate(ParentRunner.java:306)
	at org.junit.runners.ParentRunner.run(ParentRunner.java:413)
	at org.junit.runner.JUnitCore.run(JUnitCore.java:137)
	at org.junit.runner.JUnitCore.run(JUnitCore.java:115)
	at edu.illinois.cs.testrunner.execution.JUnitTestExecutor.execute(JUnitTestExecutor.java:246)
	at edu.illinois.cs.testrunner.execution.JUnitTestExecutor.executeWithJUnit4Runner(JUnitTestExecutor.java:315)
	at edu.illinois.cs.testrunner.execution.JUnitTestExecutor.runOrder(JUnitTestExecutor.java:46)
	at edu.illinois.cs.testrunner.execution.Executor$.$anonfun$run$1(Executor.scala:30)
	at scala.runtime.java8.JFunction0$mcV$sp.apply(JFunction0$mcV$sp.java:12)
	at scala.util.Try$.apply(Try.scala:209)
	at edu.illinois.cs.testrunner.execution.Executor$.run(Executor.scala:28)
	at edu.illinois.cs.testrunner.execution.Executor$.main(Executor.scala:18)
	at edu.illinois.cs.testrunner.execution.Executor.main(Executor.scala)
Caused by: java.lang.AssertionError: 
  Unexpected method call LogBackend.isLevelEnabled(DEBUG):
	at org.easymock.internal.MockInvocationHandler.invoke(MockInvocationHandler.java:44)
	at org.easymock.internal.ObjectMethodsFilter.invoke(ObjectMethodsFilter.java:94)
	at com.sun.proxy.$Proxy13.isLevelEnabled(Unknown Source)
	at com.j256.ormlite.logger.Logger.logIfEnabled(Logger.java:659)
	at com.j256.ormlite.logger.Logger.log(Logger.java:610)
	at com.j256.ormlite.dao.RuntimeExceptionDao.logMessage(RuntimeExceptionDao.java:981)
	at com.j256.ormlite.dao.RuntimeExceptionDao.queryRaw(RuntimeExceptionDao.java:498)
	at com.j256.ormlite.dao.RuntimeExceptionDaoTest.testQueryRawThrow(RuntimeExceptionDaoTest.java:721)
	at sun.reflect.NativeMethodAccessorImpl.invoke0(Native Method)
	at sun.reflect.NativeMethodAccessorImpl.invoke(NativeMethodAccessorImpl.java:62)
	at sun.reflect.DelegatingMethodAccessorImpl.invoke(DelegatingMethodAccessorImpl.java:43)
	at java.lang.reflect.Method.invoke(Method.java:498)
	at org.junit.runners.model.FrameworkMethod$1.runReflectiveCall(FrameworkMethod.java:59)
	at org.junit.internal.runners.model.ReflectiveCallable.run(ReflectiveCallable.java:12)
	at org.junit.runners.model.FrameworkMethod.invokeExplosively(FrameworkMethod.java:56)
	at org.junit.internal.runners.statements.InvokeMethod.evaluate(InvokeMethod.java:17)
	at org.junit.internal.runners.statements.ExpectException.evaluate(ExpectException.java:19)
	... 34 more
java.lang.Exception: Unexpected exception, expected<java.lang.RuntimeException> but was<java.lang.AssertionError>
	at org.junit.internal.runners.statements.ExpectException.evaluate(ExpectException.java:30)
	at org.junit.internal.runners.statements.RunBefores.evaluate(RunBefores.java:26)
	at org.junit.internal.runners.statements.RunAfters.evaluate(RunAfters.java:27)
	at org.junit.runners.ParentRunner$3.evaluate(ParentRunner.java:306)
	at org.junit.runners.BlockJUnit4ClassRunner$1.evaluate(BlockJUnit4ClassRunner.java:100)
	at org.junit.runners.ParentRunner.runLeaf(ParentRunner.java:366)
	at org.junit.runners.BlockJUnit4ClassRunner.runChild(BlockJUnit4ClassRunner.java:103)
	at org.junit.runners.BlockJUnit4ClassRunner.runChild(BlockJUnit4ClassRunner.java:63)
	at org.junit.runners.ParentRunner$4.run(ParentRunner.java:331)
	at org.junit.runners.ParentRunner$1.schedule(ParentRunner.java:79)
	at org.junit.runners.ParentRunner.runChildren(ParentRunner.java:329)
	at org.junit.runners.ParentRunner.access$100(ParentRunner.java:66)
	at org.junit.runners.ParentRunner$2.evaluate(ParentRunner.java:293)
	at org.junit.runners.ParentRunner$3.evaluate(ParentRunner.java:306)
	at org.junit.runners.ParentRunner.run(ParentRunner.java:413)
	at org.junit.runners.Suite.runChild(Suite.java:128)
	at org.junit.runners.Suite.runChild(Suite.java:27)
	at org.junit.runners.ParentRunner$4.run(ParentRunner.java:331)
	at org.junit.runners.ParentRunner$1.schedule(ParentRunner.java:79)
	at org.junit.runners.ParentRunner.runChildren(ParentRunner.java:329)
	at org.junit.runners.ParentRunner.access$100(ParentRunner.java:66)
	at org.junit.runners.ParentRunner$2.evaluate(ParentRunner.java:293)
	at org.junit.runners.ParentRunner$3.evaluate(ParentRunner.java:306)
	at org.junit.runners.ParentRunner.run(ParentRunner.java:413)
	at org.junit.runner.JUnitCore.run(JUnitCore.java:137)
	at org.junit.runner.JUnitCore.run(JUnitCore.java:115)
	at edu.illinois.cs.testrunner.execution.JUnitTestExecutor.execute(JUnitTestExecutor.java:246)
	at edu.illinois.cs.testrunner.execution.JUnitTestExecutor.executeWithJUnit4Runner(JUnitTestExecutor.java:315)
	at edu.illinois.cs.testrunner.execution.JUnitTestExecutor.runOrder(JUnitTestExecutor.java:46)
	at edu.illinois.cs.testrunner.execution.Executor$.$anonfun$run$1(Executor.scala:30)
	at scala.runtime.java8.JFunction0$mcV$sp.apply(JFunction0$mcV$sp.java:12)
	at scala.util.Try$.apply(Try.scala:209)
	at edu.illinois.cs.testrunner.execution.Executor$.run(Executor.scala:28)
	at edu.illinois.cs.testrunner.execution.Executor$.main(Executor.scala:18)
	at edu.illinois.cs.testrunner.execution.Executor.main(Executor.scala)
Caused by: java.lang.AssertionError: 
  Unexpected method call LogBackend.isLevelEnabled(DEBUG):
	at org.easymock.internal.MockInvocationHandler.invoke(MockInvocationHandler.java:44)
	at org.easymock.internal.ObjectMethodsFilter.invoke(ObjectMethodsFilter.java:94)
	at com.sun.proxy.$Proxy13.isLevelEnabled(Unknown Source)
	at com.j256.ormlite.logger.Logger.logIfEnabled(Logger.java:659)
	at com.j256.ormlite.logger.Logger.log(Logger.java:610)
	at com.j256.ormlite.dao.RuntimeExceptionDao.logMessage(RuntimeExceptionDao.java:981)
	at com.j256.ormlite.dao.RuntimeExceptionDao.queryForMatching(RuntimeExceptionDao.java:148)
	at com.j256.ormlite.dao.RuntimeExceptionDaoTest.testQueryForMatchingThrow(RuntimeExceptionDaoTest.java:445)
	at sun.reflect.NativeMethodAccessorImpl.invoke0(Native Method)
	at sun.reflect.NativeMethodAccessorImpl.invoke(NativeMethodAccessorImpl.java:62)
	at sun.reflect.DelegatingMethodAccessorImpl.invoke(DelegatingMethodAccessorImpl.java:43)
	at java.lang.reflect.Method.invoke(Method.java:498)
	at org.junit.runners.model.FrameworkMethod$1.runReflectiveCall(FrameworkMethod.java:59)
	at org.junit.internal.runners.model.ReflectiveCallable.run(ReflectiveCallable.java:12)
	at org.junit.runners.model.FrameworkMethod.invokeExplosively(FrameworkMethod.java:56)
	at org.junit.internal.runners.statements.InvokeMethod.evaluate(InvokeMethod.java:17)
	at org.junit.internal.runners.statements.ExpectException.evaluate(ExpectException.java:19)
	... 34 more
java.lang.Exception: Unexpected exception, expected<java.lang.RuntimeException> but was<java.lang.AssertionError>
	at org.junit.internal.runners.statements.ExpectException.evaluate(ExpectException.java:30)
	at org.junit.internal.runners.statements.RunBefores.evaluate(RunBefores.java:26)
	at org.junit.internal.runners.statements.RunAfters.evaluate(RunAfters.java:27)
	at org.junit.runners.ParentRunner$3.evaluate(ParentRunner.java:306)
	at org.junit.runners.BlockJUnit4ClassRunner$1.evaluate(BlockJUnit4ClassRunner.java:100)
	at org.junit.runners.ParentRunner.runLeaf(ParentRunner.java:366)
	at org.junit.runners.BlockJUnit4ClassRunner.runChild(BlockJUnit4ClassRunner.java:103)
	at org.junit.runners.BlockJUnit4ClassRunner.runChild(BlockJUnit4ClassRunner.java:63)
	at org.junit.runners.ParentRunner$4.run(ParentRunner.java:331)
	at org.junit.runners.ParentRunner$1.schedule(ParentRunner.java:79)
	at org.junit.runners.ParentRunner.runChildren(ParentRunner.java:329)
	at org.junit.runners.ParentRunner.access$100(ParentRunner.java:66)
	at org.junit.runners.ParentRunner$2.evaluate(ParentRunner.java:293)
	at org.junit.runners.ParentRunner$3.evaluate(ParentRunner.java:306)
	at org.junit.runners.ParentRunner.run(ParentRunner.java:413)
	at org.junit.runners.Suite.runChild(Suite.java:128)
	at org.junit.runners.Suite.runChild(Suite.java:27)
	at org.junit.runners.ParentRunner$4.run(ParentRunner.java:331)
	at org.junit.runners.ParentRunner$1.schedule(ParentRunner.java:79)
	at org.junit.runners.ParentRunner.runChildren(ParentRunner.java:329)
	at org.junit.runners.ParentRunner.access$100(ParentRunner.java:66)
	at org.junit.runners.ParentRunner$2.evaluate(ParentRunner.java:293)
	at org.junit.runners.ParentRunner$3.evaluate(ParentRunner.java:306)
	at org.junit.runners.ParentRunner.run(ParentRunner.java:413)
	at org.junit.runner.JUnitCore.run(JUnitCore.java:137)
	at org.junit.runner.JUnitCore.run(JUnitCore.java:115)
	at edu.illinois.cs.testrunner.execution.JUnitTestExecutor.execute(JUnitTestExecutor.java:246)
	at edu.illinois.cs.testrunner.execution.JUnitTestExecutor.executeWithJUnit4Runner(JUnitTestExecutor.java:315)
	at edu.illinois.cs.testrunner.execution.JUnitTestExecutor.runOrder(JUnitTestExecutor.java:46)
	at edu.illinois.cs.testrunner.execution.Executor$.$anonfun$run$1(Executor.scala:30)
	at scala.runtime.java8.JFunction0$mcV$sp.apply(JFunction0$mcV$sp.java:12)
	at scala.util.Try$.apply(Try.scala:209)
	at edu.illinois.cs.testrunner.execution.Executor$.run(Executor.scala:28)
	at edu.illinois.cs.testrunner.execution.Executor$.main(Executor.scala:18)
	at edu.illinois.cs.testrunner.execution.Executor.main(Executor.scala)
Caused by: java.lang.AssertionError: 
  Unexpected method call LogBackend.isLevelEnabled(DEBUG):
	at org.easymock.internal.MockInvocationHandler.invoke(MockInvocationHandler.java:44)
	at org.easymock.internal.ObjectMethodsFilter.invoke(ObjectMethodsFilter.java:94)
	at com.sun.proxy.$Proxy13.isLevelEnabled(Unknown Source)
	at com.j256.ormlite.logger.Logger.logIfEnabled(Logger.java:659)
	at com.j256.ormlite.logger.Logger.log(Logger.java:610)
	at com.j256.ormlite.dao.RuntimeExceptionDao.logMessage(RuntimeExceptionDao.java:981)
	at com.j256.ormlite.dao.RuntimeExceptionDao.getEmptyForeignCollection(RuntimeExceptionDao.java:739)
	at com.j256.ormlite.dao.RuntimeExceptionDaoTest.testGetEmptyForeignCollectionThrow(RuntimeExceptionDaoTest.java:969)
	at sun.reflect.NativeMethodAccessorImpl.invoke0(Native Method)
	at sun.reflect.NativeMethodAccessorImpl.invoke(NativeMethodAccessorImpl.java:62)
	at sun.reflect.DelegatingMethodAccessorImpl.invoke(DelegatingMethodAccessorImpl.java:43)
	at java.lang.reflect.Method.invoke(Method.java:498)
	at org.junit.runners.model.FrameworkMethod$1.runReflectiveCall(FrameworkMethod.java:59)
	at org.junit.internal.runners.model.ReflectiveCallable.run(ReflectiveCallable.java:12)
	at org.junit.runners.model.FrameworkMethod.invokeExplosively(FrameworkMethod.java:56)
	at org.junit.internal.runners.statements.InvokeMethod.evaluate(InvokeMethod.java:17)
	at org.junit.internal.runners.statements.ExpectException.evaluate(ExpectException.java:19)
	... 34 more
java.lang.Exception: Unexpected exception, expected<java.lang.RuntimeException> but was<java.lang.AssertionError>
	at org.junit.internal.runners.statements.ExpectException.evaluate(ExpectException.java:30)
	at org.junit.internal.runners.statements.RunBefores.evaluate(RunBefores.java:26)
	at org.junit.internal.runners.statements.RunAfters.evaluate(RunAfters.java:27)
	at org.junit.runners.ParentRunner$3.evaluate(ParentRunner.java:306)
	at org.junit.runners.BlockJUnit4ClassRunner$1.evaluate(BlockJUnit4ClassRunner.java:100)
	at org.junit.runners.ParentRunner.runLeaf(ParentRunner.java:366)
	at org.junit.runners.BlockJUnit4ClassRunner.runChild(BlockJUnit4ClassRunner.java:103)
	at org.junit.runners.BlockJUnit4ClassRunner.runChild(BlockJUnit4ClassRunner.java:63)
	at org.junit.runners.ParentRunner$4.run(ParentRunner.java:331)
	at org.junit.runners.ParentRunner$1.schedule(ParentRunner.java:79)
	at org.junit.runners.ParentRunner.runChildren(ParentRunner.java:329)
	at org.junit.runners.ParentRunner.access$100(ParentRunner.java:66)
	at org.junit.runners.ParentRunner$2.evaluate(ParentRunner.java:293)
	at org.junit.runners.ParentRunner$3.evaluate(ParentRunner.java:306)
	at org.junit.runners.ParentRunner.run(ParentRunner.java:413)
	at org.junit.runners.Suite.runChild(Suite.java:128)
	at org.junit.runners.Suite.runChild(Suite.java:27)
	at org.junit.runners.ParentRunner$4.run(ParentRunner.java:331)
	at org.junit.runners.ParentRunner$1.schedule(ParentRunner.java:79)
	at org.junit.runners.ParentRunner.runChildren(ParentRunner.java:329)
	at org.junit.runners.ParentRunner.access$100(ParentRunner.java:66)
	at org.junit.runners.ParentRunner$2.evaluate(ParentRunner.java:293)
	at org.junit.runners.ParentRunner$3.evaluate(ParentRunner.java:306)
	at org.junit.runners.ParentRunner.run(ParentRunner.java:413)
	at org.junit.runner.JUnitCore.run(JUnitCore.java:137)
	at org.junit.runner.JUnitCore.run(JUnitCore.java:115)
	at edu.illinois.cs.testrunner.execution.JUnitTestExecutor.execute(JUnitTestExecutor.java:246)
	at edu.illinois.cs.testrunner.execution.JUnitTestExecutor.executeWithJUnit4Runner(JUnitTestExecutor.java:315)
	at edu.illinois.cs.testrunner.execution.JUnitTestExecutor.runOrder(JUnitTestExecutor.java:46)
	at edu.illinois.cs.testrunner.execution.Executor$.$anonfun$run$1(Executor.scala:30)
	at scala.runtime.java8.JFunction0$mcV$sp.apply(JFunction0$mcV$sp.java:12)
	at scala.util.Try$.apply(Try.scala:209)
	at edu.illinois.cs.testrunner.execution.Executor$.run(Executor.scala:28)
	at edu.illinois.cs.testrunner.execution.Executor$.main(Executor.scala:18)
	at edu.illinois.cs.testrunner.execution.Executor.main(Executor.scala)
Caused by: java.lang.AssertionError: 
  Unexpected method call LogBackend.isLevelEnabled(DEBUG):
	at org.easymock.internal.MockInvocationHandler.invoke(MockInvocationHandler.java:44)
	at org.easymock.internal.ObjectMethodsFilter.invoke(ObjectMethodsFilter.java:94)
	at com.sun.proxy.$Proxy13.isLevelEnabled(Unknown Source)
	at com.j256.ormlite.logger.Logger.logIfEnabled(Logger.java:659)
	at com.j256.ormlite.logger.Logger.log(Logger.java:610)
	at com.j256.ormlite.dao.RuntimeExceptionDao.logMessage(RuntimeExceptionDao.java:981)
	at com.j256.ormlite.dao.RuntimeExceptionDao.startThreadConnection(RuntimeExceptionDao.java:833)
	at com.j256.ormlite.dao.RuntimeExceptionDaoTest.testStartThreadConnectionThrows(RuntimeExceptionDaoTest.java:1015)
	at sun.reflect.NativeMethodAccessorImpl.invoke0(Native Method)
	at sun.reflect.NativeMethodAccessorImpl.invoke(NativeMethodAccessorImpl.java:62)
	at sun.reflect.DelegatingMethodAccessorImpl.invoke(DelegatingMethodAccessorImpl.java:43)
	at java.lang.reflect.Method.invoke(Method.java:498)
	at org.junit.runners.model.FrameworkMethod$1.runReflectiveCall(FrameworkMethod.java:59)
	at org.junit.internal.runners.model.ReflectiveCallable.run(ReflectiveCallable.java:12)
	at org.junit.runners.model.FrameworkMethod.invokeExplosively(FrameworkMethod.java:56)
	at org.junit.internal.runners.statements.InvokeMethod.evaluate(InvokeMethod.java:17)
	at org.junit.internal.runners.statements.ExpectException.evaluate(ExpectException.java:19)
	... 34 more
java.lang.Exception: Unexpected exception, expected<java.lang.RuntimeException> but was<java.lang.AssertionError>
	at org.junit.internal.runners.statements.ExpectException.evaluate(ExpectException.java:30)
	at org.junit.internal.runners.statements.RunBefores.evaluate(RunBefores.java:26)
	at org.junit.internal.runners.statements.RunAfters.evaluate(RunAfters.java:27)
	at org.junit.runners.ParentRunner$3.evaluate(ParentRunner.java:306)
	at org.junit.runners.BlockJUnit4ClassRunner$1.evaluate(BlockJUnit4ClassRunner.java:100)
	at org.junit.runners.ParentRunner.runLeaf(ParentRunner.java:366)
	at org.junit.runners.BlockJUnit4ClassRunner.runChild(BlockJUnit4ClassRunner.java:103)
	at org.junit.runners.BlockJUnit4ClassRunner.runChild(BlockJUnit4ClassRunner.java:63)
	at org.junit.runners.ParentRunner$4.run(ParentRunner.java:331)
	at org.junit.runners.ParentRunner$1.schedule(ParentRunner.java:79)
	at org.junit.runners.ParentRunner.runChildren(ParentRunner.java:329)
	at org.junit.runners.ParentRunner.access$100(ParentRunner.java:66)
	at org.junit.runners.ParentRunner$2.evaluate(ParentRunner.java:293)
	at org.junit.runners.ParentRunner$3.evaluate(ParentRunner.java:306)
	at org.junit.runners.ParentRunner.run(ParentRunner.java:413)
	at org.junit.runners.Suite.runChild(Suite.java:128)
	at org.junit.runners.Suite.runChild(Suite.java:27)
	at org.junit.runners.ParentRunner$4.run(ParentRunner.java:331)
	at org.junit.runners.ParentRunner$1.schedule(ParentRunner.java:79)
	at org.junit.runners.ParentRunner.runChildren(ParentRunner.java:329)
	at org.junit.runners.ParentRunner.access$100(ParentRunner.java:66)
	at org.junit.runners.ParentRunner$2.evaluate(ParentRunner.java:293)
	at org.junit.runners.ParentRunner$3.evaluate(ParentRunner.java:306)
	at org.junit.runners.ParentRunner.run(ParentRunner.java:413)
	at org.junit.runner.JUnitCore.run(JUnitCore.java:137)
	at org.junit.runner.JUnitCore.run(JUnitCore.java:115)
	at edu.illinois.cs.testrunner.execution.JUnitTestExecutor.execute(JUnitTestExecutor.java:246)
	at edu.illinois.cs.testrunner.execution.JUnitTestExecutor.executeWithJUnit4Runner(JUnitTestExecutor.java:315)
	at edu.illinois.cs.testrunner.execution.JUnitTestExecutor.runOrder(JUnitTestExecutor.java:46)
	at edu.illinois.cs.testrunner.execution.Executor$.$anonfun$run$1(Executor.scala:30)
	at scala.runtime.java8.JFunction0$mcV$sp.apply(JFunction0$mcV$sp.java:12)
	at scala.util.Try$.apply(Try.scala:209)
	at edu.illinois.cs.testrunner.execution.Executor$.run(Executor.scala:28)
	at edu.illinois.cs.testrunner.execution.Executor$.main(Executor.scala:18)
	at edu.illinois.cs.testrunner.execution.Executor.main(Executor.scala)
Caused by: java.lang.AssertionError: 
  Unexpected method call LogBackend.isLevelEnabled(DEBUG):
	at org.easymock.internal.MockInvocationHandler.invoke(MockInvocationHandler.java:44)
	at org.easymock.internal.ObjectMethodsFilter.invoke(ObjectMethodsFilter.java:94)
	at com.sun.proxy.$Proxy13.isLevelEnabled(Unknown Source)
	at com.j256.ormlite.logger.Logger.logIfEnabled(Logger.java:659)
	at com.j256.ormlite.logger.Logger.log(Logger.java:610)
	at com.j256.ormlite.dao.RuntimeExceptionDao.logMessage(RuntimeExceptionDao.java:981)
	at com.j256.ormlite.dao.RuntimeExceptionDao.getSelectStarRowMapper(RuntimeExceptionDao.java:807)
	at com.j256.ormlite.dao.RuntimeExceptionDaoTest.testGetSelectStarRowMapperThrow(RuntimeExceptionDaoTest.java:992)
	at sun.reflect.NativeMethodAccessorImpl.invoke0(Native Method)
	at sun.reflect.NativeMethodAccessorImpl.invoke(NativeMethodAccessorImpl.java:62)
	at sun.reflect.DelegatingMethodAccessorImpl.invoke(DelegatingMethodAccessorImpl.java:43)
	at java.lang.reflect.Method.invoke(Method.java:498)
	at org.junit.runners.model.FrameworkMethod$1.runReflectiveCall(FrameworkMethod.java:59)
	at org.junit.internal.runners.model.ReflectiveCallable.run(ReflectiveCallable.java:12)
	at org.junit.runners.model.FrameworkMethod.invokeExplosively(FrameworkMethod.java:56)
	at org.junit.internal.runners.statements.InvokeMethod.evaluate(InvokeMethod.java:17)
	at org.junit.internal.runners.statements.ExpectException.evaluate(ExpectException.java:19)
	... 34 more
java.lang.Exception: Unexpected exception, expected<java.lang.RuntimeException> but was<java.lang.AssertionError>
	at org.junit.internal.runners.statements.ExpectException.evaluate(ExpectException.java:30)
	at org.junit.internal.runners.statements.RunBefores.evaluate(RunBefores.java:26)
	at org.junit.internal.runners.statements.RunAfters.evaluate(RunAfters.java:27)
	at org.junit.runners.ParentRunner$3.evaluate(ParentRunner.java:306)
	at org.junit.runners.BlockJUnit4ClassRunner$1.evaluate(BlockJUnit4ClassRunner.java:100)
	at org.junit.runners.ParentRunner.runLeaf(ParentRunner.java:366)
	at org.junit.runners.BlockJUnit4ClassRunner.runChild(BlockJUnit4ClassRunner.java:103)
	at org.junit.runners.BlockJUnit4ClassRunner.runChild(BlockJUnit4ClassRunner.java:63)
	at org.junit.runners.ParentRunner$4.run(ParentRunner.java:331)
	at org.junit.runners.ParentRunner$1.schedule(ParentRunner.java:79)
	at org.junit.runners.ParentRunner.runChildren(ParentRunner.java:329)
	at org.junit.runners.ParentRunner.access$100(ParentRunner.java:66)
	at org.junit.runners.ParentRunner$2.evaluate(ParentRunner.java:293)
	at org.junit.runners.ParentRunner$3.evaluate(ParentRunner.java:306)
	at org.junit.runners.ParentRunner.run(ParentRunner.java:413)
	at org.junit.runners.Suite.runChild(Suite.java:128)
	at org.junit.runners.Suite.runChild(Suite.java:27)
	at org.junit.runners.ParentRunner$4.run(ParentRunner.java:331)
	at org.junit.runners.ParentRunner$1.schedule(ParentRunner.java:79)
	at org.junit.runners.ParentRunner.runChildren(ParentRunner.java:329)
	at org.junit.runners.ParentRunner.access$100(ParentRunner.java:66)
	at org.junit.runners.ParentRunner$2.evaluate(ParentRunner.java:293)
	at org.junit.runners.ParentRunner$3.evaluate(ParentRunner.java:306)
	at org.junit.runners.ParentRunner.run(ParentRunner.java:413)
	at org.junit.runner.JUnitCore.run(JUnitCore.java:137)
	at org.junit.runner.JUnitCore.run(JUnitCore.java:115)
	at edu.illinois.cs.testrunner.execution.JUnitTestExecutor.execute(JUnitTestExecutor.java:246)
	at edu.illinois.cs.testrunner.execution.JUnitTestExecutor.executeWithJUnit4Runner(JUnitTestExecutor.java:315)
	at edu.illinois.cs.testrunner.execution.JUnitTestExecutor.runOrder(JUnitTestExecutor.java:46)
	at edu.illinois.cs.testrunner.execution.Executor$.$anonfun$run$1(Executor.scala:30)
	at scala.runtime.java8.JFunction0$mcV$sp.apply(JFunction0$mcV$sp.java:12)
	at scala.util.Try$.apply(Try.scala:209)
	at edu.illinois.cs.testrunner.execution.Executor$.run(Executor.scala:28)
	at edu.illinois.cs.testrunner.execution.Executor$.main(Executor.scala:18)
	at edu.illinois.cs.testrunner.execution.Executor.main(Executor.scala)
Caused by: java.lang.AssertionError: 
  Unexpected method call LogBackend.isLevelEnabled(DEBUG):
	at org.easymock.internal.MockInvocationHandler.invoke(MockInvocationHandler.java:44)
	at org.easymock.internal.ObjectMethodsFilter.invoke(ObjectMethodsFilter.java:94)
	at com.sun.proxy.$Proxy13.isLevelEnabled(Unknown Source)
	at com.j256.ormlite.logger.Logger.logIfEnabled(Logger.java:659)
	at com.j256.ormlite.logger.Logger.log(Logger.java:610)
	at com.j256.ormlite.dao.RuntimeExceptionDao.logMessage(RuntimeExceptionDao.java:981)
	at com.j256.ormlite.dao.RuntimeExceptionDao.updateRaw(RuntimeExceptionDao.java:603)
	at com.j256.ormlite.dao.RuntimeExceptionDaoTest.testUpdateRawThrow(RuntimeExceptionDaoTest.java:890)
	at sun.reflect.NativeMethodAccessorImpl.invoke0(Native Method)
	at sun.reflect.NativeMethodAccessorImpl.invoke(NativeMethodAccessorImpl.java:62)
	at sun.reflect.DelegatingMethodAccessorImpl.invoke(DelegatingMethodAccessorImpl.java:43)
	at java.lang.reflect.Method.invoke(Method.java:498)
	at org.junit.runners.model.FrameworkMethod$1.runReflectiveCall(FrameworkMethod.java:59)
	at org.junit.internal.runners.model.ReflectiveCallable.run(ReflectiveCallable.java:12)
	at org.junit.runners.model.FrameworkMethod.invokeExplosively(FrameworkMethod.java:56)
	at org.junit.internal.runners.statements.InvokeMethod.evaluate(InvokeMethod.java:17)
	at org.junit.internal.runners.statements.ExpectException.evaluate(ExpectException.java:19)
	... 34 more
java.lang.Exception: Unexpected exception, expected<java.lang.RuntimeException> but was<java.lang.AssertionError>
	at org.junit.internal.runners.statements.ExpectException.evaluate(ExpectException.java:30)
	at org.junit.internal.runners.statements.RunBefores.evaluate(RunBefores.java:26)
	at org.junit.internal.runners.statements.RunAfters.evaluate(RunAfters.java:27)
	at org.junit.runners.ParentRunner$3.evaluate(ParentRunner.java:306)
	at org.junit.runners.BlockJUnit4ClassRunner$1.evaluate(BlockJUnit4ClassRunner.java:100)
	at org.junit.runners.ParentRunner.runLeaf(ParentRunner.java:366)
	at org.junit.runners.BlockJUnit4ClassRunner.runChild(BlockJUnit4ClassRunner.java:103)
	at org.junit.runners.BlockJUnit4ClassRunner.runChild(BlockJUnit4ClassRunner.java:63)
	at org.junit.runners.ParentRunner$4.run(ParentRunner.java:331)
	at org.junit.runners.ParentRunner$1.schedule(ParentRunner.java:79)
	at org.junit.runners.ParentRunner.runChildren(ParentRunner.java:329)
	at org.junit.runners.ParentRunner.access$100(ParentRunner.java:66)
	at org.junit.runners.ParentRunner$2.evaluate(ParentRunner.java:293)
	at org.junit.runners.ParentRunner$3.evaluate(ParentRunner.java:306)
	at org.junit.runners.ParentRunner.run(ParentRunner.java:413)
	at org.junit.runners.Suite.runChild(Suite.java:128)
	at org.junit.runners.Suite.runChild(Suite.java:27)
	at org.junit.runners.ParentRunner$4.run(ParentRunner.java:331)
	at org.junit.runners.ParentRunner$1.schedule(ParentRunner.java:79)
	at org.junit.runners.ParentRunner.runChildren(ParentRunner.java:329)
	at org.junit.runners.ParentRunner.access$100(ParentRunner.java:66)
	at org.junit.runners.ParentRunner$2.evaluate(ParentRunner.java:293)
	at org.junit.runners.ParentRunner$3.evaluate(ParentRunner.java:306)
	at org.junit.runners.ParentRunner.run(ParentRunner.java:413)
	at org.junit.runner.JUnitCore.run(JUnitCore.java:137)
	at org.junit.runner.JUnitCore.run(JUnitCore.java:115)
	at edu.illinois.cs.testrunner.execution.JUnitTestExecutor.execute(JUnitTestExecutor.java:246)
	at edu.illinois.cs.testrunner.execution.JUnitTestExecutor.executeWithJUnit4Runner(JUnitTestExecutor.java:315)
	at edu.illinois.cs.testrunner.execution.JUnitTestExecutor.runOrder(JUnitTestExecutor.java:46)
	at edu.illinois.cs.testrunner.execution.Executor$.$anonfun$run$1(Executor.scala:30)
	at scala.runtime.java8.JFunction0$mcV$sp.apply(JFunction0$mcV$sp.java:12)
	at scala.util.Try$.apply(Try.scala:209)
	at edu.illinois.cs.testrunner.execution.Executor$.run(Executor.scala:28)
	at edu.illinois.cs.testrunner.execution.Executor$.main(Executor.scala:18)
	at edu.illinois.cs.testrunner.execution.Executor.main(Executor.scala)
Caused by: java.lang.AssertionError: 
  Unexpected method call LogBackend.isLevelEnabled(DEBUG):
	at org.easymock.internal.MockInvocationHandler.invoke(MockInvocationHandler.java:44)
	at org.easymock.internal.ObjectMethodsFilter.invoke(ObjectMethodsFilter.java:94)
	at com.sun.proxy.$Proxy13.isLevelEnabled(Unknown Source)
	at com.j256.ormlite.logger.Logger.logIfEnabled(Logger.java:659)
	at com.j256.ormlite.logger.Logger.log(Logger.java:610)
	at com.j256.ormlite.dao.RuntimeExceptionDao.logMessage(RuntimeExceptionDao.java:981)
	at com.j256.ormlite.dao.RuntimeExceptionDao.setObjectCache(RuntimeExceptionDao.java:752)
	at com.j256.ormlite.dao.RuntimeExceptionDaoTest.testSetObjectCacheThrow(RuntimeExceptionDaoTest.java:856)
	at sun.reflect.NativeMethodAccessorImpl.invoke0(Native Method)
	at sun.reflect.NativeMethodAccessorImpl.invoke(NativeMethodAccessorImpl.java:62)
	at sun.reflect.DelegatingMethodAccessorImpl.invoke(DelegatingMethodAccessorImpl.java:43)
	at java.lang.reflect.Method.invoke(Method.java:498)
	at org.junit.runners.model.FrameworkMethod$1.runReflectiveCall(FrameworkMethod.java:59)
	at org.junit.internal.runners.model.ReflectiveCallable.run(ReflectiveCallable.java:12)
	at org.junit.runners.model.FrameworkMethod.invokeExplosively(FrameworkMethod.java:56)
	at org.junit.internal.runners.statements.InvokeMethod.evaluate(InvokeMethod.java:17)
	at org.junit.internal.runners.statements.ExpectException.evaluate(ExpectException.java:19)
	... 34 more
2024-04-22 02:32:56,624 [INFO] TableUtils dropping table 'foo'
2024-04-22 02:32:56,625 [INFO] TableUtils ignoring drop error 'org.h2.jdbc.JdbcSQLSyntaxErrorException: Table "FOO" not found; SQL statement:
DROP TABLE `foo`  [42102-200]' for statement: DROP TABLE `foo` 
2024-04-22 02:32:56,625 [INFO] TableUtils creating table 'foo'
2024-04-22 02:32:56,625 [INFO] TableUtils executed create table statement changed 0 rows: CREATE TABLE `foo` (`id` INTEGER AUTO_INCREMENT , `val` INTEGER , `equal` INTEGER , `string` VARCHAR(255) , PRIMARY KEY (`id`) ) 
2024-04-22 02:32:56,626 [DEBUG] BaseMappedStatement insert data with statement 'INSERT INTO `foo` (`val` ,`equal` ,`string` ) VALUES (?,?,?)' and 3 args, changed 1 rows
2024-04-22 02:32:56,626 [TRACE] BaseMappedStatement insert arguments: [1232131321, 0, null]
2024-04-22 02:32:56,626 [DEBUG] BaseMappedStatement assigned id '1' from keyholder to 'id' in Foo object
2024-04-22 02:32:56,627 [DEBUG] BaseMappedStatement query-for-id using 'SELECT * FROM `foo` WHERE `id` = ?' and 1 args, got 1 result
2024-04-22 02:32:56,627 [TRACE] BaseMappedStatement query-for-id arguments: [1]
2024-04-22 02:32:56,627 [DEBUG] BaseMappedStatement prepared statement 'SELECT * FROM `foo`' with 0 args
2024-04-22 02:32:56,627 [DEBUG] StatementExecutor query of 'SELECT * FROM `foo`' with 0 args returned 1 results
2024-04-22 02:32:56,627 [DEBUG] BaseMappedStatement prepared statement 'SELECT * FROM `foo`' with 0 args
2024-04-22 02:32:56,627 [DEBUG] BaseMappedStatement prepared statement 'SELECT * FROM `foo` WHERE `id` = 1' with 0 args
2024-04-22 02:32:56,627 [DEBUG] StatementExecutor query of 'SELECT * FROM `foo` WHERE `id` = 1' with 0 args returned 1 results
2024-04-22 02:32:56,628 [DEBUG] BaseMappedStatement prepared statement 'SELECT * FROM `foo` WHERE (`id` = 1 AND `val` = 1232131321)' with 0 args
2024-04-22 02:32:56,628 [DEBUG] StatementExecutor query of 'SELECT * FROM `foo` WHERE (`id` = 1 AND `val` = 1232131321)' with 0 args returned 1 results
2024-04-22 02:32:56,628 [DEBUG] BaseMappedStatement prepared statement 'SELECT * FROM `foo` WHERE (`id` = ? AND `val` = ?)' with 2 args
2024-04-22 02:32:56,628 [TRACE] BaseMappedStatement prepared statement arguments: [1, 1232131321]
2024-04-22 02:32:56,628 [DEBUG] StatementExecutor query of 'SELECT * FROM `foo` WHERE (`id` = ? AND `val` = ?)' with 2 args returned 1 results
2024-04-22 02:32:56,629 [DEBUG] BaseMappedStatement query-for-id using 'SELECT * FROM `foo` WHERE `id` = ?' and 1 args, got 1 result
2024-04-22 02:32:56,629 [TRACE] BaseMappedStatement query-for-id arguments: [1]
2024-04-22 02:32:56,629 [DEBUG] BaseMappedStatement query-for-id using 'SELECT * FROM `foo` WHERE `id` = ?' and 1 args, got 1 result
2024-04-22 02:32:56,629 [TRACE] BaseMappedStatement query-for-id arguments: [1]
2024-04-22 02:32:56,629 [DEBUG] BaseMappedStatement update data with statement 'UPDATE `foo` SET `val` = ?, `equal` = ?, `string` = ? WHERE `id` = ?' and 4 args, changed 1 rows
2024-04-22 02:32:56,629 [TRACE] BaseMappedStatement update arguments: [342342343, 0, null, 1]
2024-04-22 02:32:56,630 [DEBUG] BaseMappedStatement refresh using 'SELECT * FROM `foo` WHERE `id` = ?' and 1 args, got 1 result
2024-04-22 02:32:56,630 [TRACE] BaseMappedStatement refresh arguments: [1]
2024-04-22 02:32:56,630 [DEBUG] BaseMappedStatement delete data with statement 'DELETE FROM `foo` WHERE `id` = ?' and 1 args, changed 1 rows
2024-04-22 02:32:56,630 [TRACE] BaseMappedStatement delete arguments: [1]
2024-04-22 02:32:56,631 [DEBUG] BaseMappedStatement query-for-id using 'SELECT * FROM `foo` WHERE `id` = ?' and 1 args, got no results
2024-04-22 02:32:56,631 [TRACE] BaseMappedStatement query-for-id arguments: [1]
2024-04-22 02:32:56,631 [DEBUG] BaseMappedStatement prepared statement 'SELECT * FROM `foo`' with 0 args
2024-04-22 02:32:56,631 [DEBUG] StatementExecutor query of 'SELECT * FROM `foo`' with 0 args returned 0 results
2024-04-22 02:32:56,631 [DEBUG] BaseMappedStatement prepared statement 'SELECT * FROM `foo`' with 0 args
java.lang.Exception: Unexpected exception, expected<java.lang.RuntimeException> but was<java.lang.AssertionError>
	at org.junit.internal.runners.statements.ExpectException.evaluate(ExpectException.java:30)
	at org.junit.internal.runners.statements.RunBefores.evaluate(RunBefores.java:26)
	at org.junit.internal.runners.statements.RunAfters.evaluate(RunAfters.java:27)
	at org.junit.runners.ParentRunner$3.evaluate(ParentRunner.java:306)
	at org.junit.runners.BlockJUnit4ClassRunner$1.evaluate(BlockJUnit4ClassRunner.java:100)
	at org.junit.runners.ParentRunner.runLeaf(ParentRunner.java:366)
	at org.junit.runners.BlockJUnit4ClassRunner.runChild(BlockJUnit4ClassRunner.java:103)
	at org.junit.runners.BlockJUnit4ClassRunner.runChild(BlockJUnit4ClassRunner.java:63)
	at org.junit.runners.ParentRunner$4.run(ParentRunner.java:331)
	at org.junit.runners.ParentRunner$1.schedule(ParentRunner.java:79)
	at org.junit.runners.ParentRunner.runChildren(ParentRunner.java:329)
	at org.junit.runners.ParentRunner.access$100(ParentRunner.java:66)
	at org.junit.runners.ParentRunner$2.evaluate(ParentRunner.java:293)
	at org.junit.runners.ParentRunner$3.evaluate(ParentRunner.java:306)
	at org.junit.runners.ParentRunner.run(ParentRunner.java:413)
	at org.junit.runners.Suite.runChild(Suite.java:128)
	at org.junit.runners.Suite.runChild(Suite.java:27)
	at org.junit.runners.ParentRunner$4.run(ParentRunner.java:331)
	at org.junit.runners.ParentRunner$1.schedule(ParentRunner.java:79)
	at org.junit.runners.ParentRunner.runChildren(ParentRunner.java:329)
	at org.junit.runners.ParentRunner.access$100(ParentRunner.java:66)
	at org.junit.runners.ParentRunner$2.evaluate(ParentRunner.java:293)
	at org.junit.runners.ParentRunner$3.evaluate(ParentRunner.java:306)
	at org.junit.runners.ParentRunner.run(ParentRunner.java:413)
	at org.junit.runner.JUnitCore.run(JUnitCore.java:137)
	at org.junit.runner.JUnitCore.run(JUnitCore.java:115)
	at edu.illinois.cs.testrunner.execution.JUnitTestExecutor.execute(JUnitTestExecutor.java:246)
	at edu.illinois.cs.testrunner.execution.JUnitTestExecutor.executeWithJUnit4Runner(JUnitTestExecutor.java:315)
	at edu.illinois.cs.testrunner.execution.JUnitTestExecutor.runOrder(JUnitTestExecutor.java:46)
	at edu.illinois.cs.testrunner.execution.Executor$.$anonfun$run$1(Executor.scala:30)
	at scala.runtime.java8.JFunction0$mcV$sp.apply(JFunction0$mcV$sp.java:12)
	at scala.util.Try$.apply(Try.scala:209)
	at edu.illinois.cs.testrunner.execution.Executor$.run(Executor.scala:28)
	at edu.illinois.cs.testrunner.execution.Executor$.main(Executor.scala:18)
	at edu.illinois.cs.testrunner.execution.Executor.main(Executor.scala)
Caused by: java.lang.AssertionError: 
  Unexpected method call LogBackend.isLevelEnabled(DEBUG):
	at org.easymock.internal.MockInvocationHandler.invoke(MockInvocationHandler.java:44)
	at org.easymock.internal.ObjectMethodsFilter.invoke(ObjectMethodsFilter.java:94)
	at com.sun.proxy.$Proxy13.isLevelEnabled(Unknown Source)
	at com.j256.ormlite.logger.Logger.logIfEnabled(Logger.java:659)
	at com.j256.ormlite.logger.Logger.log(Logger.java:610)
	at com.j256.ormlite.dao.RuntimeExceptionDao.logMessage(RuntimeExceptionDao.java:981)
	at com.j256.ormlite.dao.RuntimeExceptionDao.queryForMatchingArgs(RuntimeExceptionDao.java:161)
	at com.j256.ormlite.dao.RuntimeExceptionDaoTest.testQueryForMatchingArgsThrow(RuntimeExceptionDaoTest.java:456)
	at sun.reflect.NativeMethodAccessorImpl.invoke0(Native Method)
	at sun.reflect.NativeMethodAccessorImpl.invoke(NativeMethodAccessorImpl.java:62)
	at sun.reflect.DelegatingMethodAccessorImpl.invoke(DelegatingMethodAccessorImpl.java:43)
	at java.lang.reflect.Method.invoke(Method.java:498)
	at org.junit.runners.model.FrameworkMethod$1.runReflectiveCall(FrameworkMethod.java:59)
	at org.junit.internal.runners.model.ReflectiveCallable.run(ReflectiveCallable.java:12)
	at org.junit.runners.model.FrameworkMethod.invokeExplosively(FrameworkMethod.java:56)
	at org.junit.internal.runners.statements.InvokeMethod.evaluate(InvokeMethod.java:17)
	at org.junit.internal.runners.statements.ExpectException.evaluate(ExpectException.java:19)
	... 34 more
java.lang.Exception: Unexpected exception, expected<java.lang.RuntimeException> but was<java.lang.AssertionError>
	at org.junit.internal.runners.statements.ExpectException.evaluate(ExpectException.java:30)
	at org.junit.internal.runners.statements.RunBefores.evaluate(RunBefores.java:26)
	at org.junit.internal.runners.statements.RunAfters.evaluate(RunAfters.java:27)
	at org.junit.runners.ParentRunner$3.evaluate(ParentRunner.java:306)
	at org.junit.runners.BlockJUnit4ClassRunner$1.evaluate(BlockJUnit4ClassRunner.java:100)
	at org.junit.runners.ParentRunner.runLeaf(ParentRunner.java:366)
	at org.junit.runners.BlockJUnit4ClassRunner.runChild(BlockJUnit4ClassRunner.java:103)
	at org.junit.runners.BlockJUnit4ClassRunner.runChild(BlockJUnit4ClassRunner.java:63)
	at org.junit.runners.ParentRunner$4.run(ParentRunner.java:331)
	at org.junit.runners.ParentRunner$1.schedule(ParentRunner.java:79)
	at org.junit.runners.ParentRunner.runChildren(ParentRunner.java:329)
	at org.junit.runners.ParentRunner.access$100(ParentRunner.java:66)
	at org.junit.runners.ParentRunner$2.evaluate(ParentRunner.java:293)
	at org.junit.runners.ParentRunner$3.evaluate(ParentRunner.java:306)
	at org.junit.runners.ParentRunner.run(ParentRunner.java:413)
	at org.junit.runners.Suite.runChild(Suite.java:128)
	at org.junit.runners.Suite.runChild(Suite.java:27)
	at org.junit.runners.ParentRunner$4.run(ParentRunner.java:331)
	at org.junit.runners.ParentRunner$1.schedule(ParentRunner.java:79)
	at org.junit.runners.ParentRunner.runChildren(ParentRunner.java:329)
	at org.junit.runners.ParentRunner.access$100(ParentRunner.java:66)
	at org.junit.runners.ParentRunner$2.evaluate(ParentRunner.java:293)
	at org.junit.runners.ParentRunner$3.evaluate(ParentRunner.java:306)
	at org.junit.runners.ParentRunner.run(ParentRunner.java:413)
	at org.junit.runner.JUnitCore.run(JUnitCore.java:137)
	at org.junit.runner.JUnitCore.run(JUnitCore.java:115)
	at edu.illinois.cs.testrunner.execution.JUnitTestExecutor.execute(JUnitTestExecutor.java:246)
	at edu.illinois.cs.testrunner.execution.JUnitTestExecutor.executeWithJUnit4Runner(JUnitTestExecutor.java:315)
	at edu.illinois.cs.testrunner.execution.JUnitTestExecutor.runOrder(JUnitTestExecutor.java:46)
	at edu.illinois.cs.testrunner.execution.Executor$.$anonfun$run$1(Executor.scala:30)
	at scala.runtime.java8.JFunction0$mcV$sp.apply(JFunction0$mcV$sp.java:12)
	at scala.util.Try$.apply(Try.scala:209)
	at edu.illinois.cs.testrunner.execution.Executor$.run(Executor.scala:28)
	at edu.illinois.cs.testrunner.execution.Executor$.main(Executor.scala:18)
	at edu.illinois.cs.testrunner.execution.Executor.main(Executor.scala)
Caused by: java.lang.AssertionError: 
  Unexpected method call LogBackend.isLevelEnabled(DEBUG):
	at org.easymock.internal.MockInvocationHandler.invoke(MockInvocationHandler.java:44)
	at org.easymock.internal.ObjectMethodsFilter.invoke(ObjectMethodsFilter.java:94)
	at com.sun.proxy.$Proxy13.isLevelEnabled(Unknown Source)
	at com.j256.ormlite.logger.Logger.logIfEnabled(Logger.java:659)
	at com.j256.ormlite.logger.Logger.log(Logger.java:610)
	at com.j256.ormlite.dao.RuntimeExceptionDao.logMessage(RuntimeExceptionDao.java:981)
	at com.j256.ormlite.dao.RuntimeExceptionDao.extractId(RuntimeExceptionDao.java:650)
	at com.j256.ormlite.dao.RuntimeExceptionDaoTest.testExtractIdThrow(RuntimeExceptionDaoTest.java:923)
	at sun.reflect.NativeMethodAccessorImpl.invoke0(Native Method)
	at sun.reflect.NativeMethodAccessorImpl.invoke(NativeMethodAccessorImpl.java:62)
	at sun.reflect.DelegatingMethodAccessorImpl.invoke(DelegatingMethodAccessorImpl.java:43)
	at java.lang.reflect.Method.invoke(Method.java:498)
	at org.junit.runners.model.FrameworkMethod$1.runReflectiveCall(FrameworkMethod.java:59)
	at org.junit.internal.runners.model.ReflectiveCallable.run(ReflectiveCallable.java:12)
	at org.junit.runners.model.FrameworkMethod.invokeExplosively(FrameworkMethod.java:56)
	at org.junit.internal.runners.statements.InvokeMethod.evaluate(InvokeMethod.java:17)
	at org.junit.internal.runners.statements.ExpectException.evaluate(ExpectException.java:19)
	... 34 more
java.lang.Exception: Unexpected exception, expected<java.lang.RuntimeException> but was<java.lang.AssertionError>
	at org.junit.internal.runners.statements.ExpectException.evaluate(ExpectException.java:30)
	at org.junit.internal.runners.statements.RunBefores.evaluate(RunBefores.java:26)
	at org.junit.internal.runners.statements.RunAfters.evaluate(RunAfters.java:27)
	at org.junit.runners.ParentRunner$3.evaluate(ParentRunner.java:306)
	at org.junit.runners.BlockJUnit4ClassRunner$1.evaluate(BlockJUnit4ClassRunner.java:100)
	at org.junit.runners.ParentRunner.runLeaf(ParentRunner.java:366)
	at org.junit.runners.BlockJUnit4ClassRunner.runChild(BlockJUnit4ClassRunner.java:103)
	at org.junit.runners.BlockJUnit4ClassRunner.runChild(BlockJUnit4ClassRunner.java:63)
	at org.junit.runners.ParentRunner$4.run(ParentRunner.java:331)
	at org.junit.runners.ParentRunner$1.schedule(ParentRunner.java:79)
	at org.junit.runners.ParentRunner.runChildren(ParentRunner.java:329)
	at org.junit.runners.ParentRunner.access$100(ParentRunner.java:66)
	at org.junit.runners.ParentRunner$2.evaluate(ParentRunner.java:293)
	at org.junit.runners.ParentRunner$3.evaluate(ParentRunner.java:306)
	at org.junit.runners.ParentRunner.run(ParentRunner.java:413)
	at org.junit.runners.Suite.runChild(Suite.java:128)
	at org.junit.runners.Suite.runChild(Suite.java:27)
	at org.junit.runners.ParentRunner$4.run(ParentRunner.java:331)
	at org.junit.runners.ParentRunner$1.schedule(ParentRunner.java:79)
	at org.junit.runners.ParentRunner.runChildren(ParentRunner.java:329)
	at org.junit.runners.ParentRunner.access$100(ParentRunner.java:66)
	at org.junit.runners.ParentRunner$2.evaluate(ParentRunner.java:293)
	at org.junit.runners.ParentRunner$3.evaluate(ParentRunner.java:306)
	at org.junit.runners.ParentRunner.run(ParentRunner.java:413)
	at org.junit.runner.JUnitCore.run(JUnitCore.java:137)
	at org.junit.runner.JUnitCore.run(JUnitCore.java:115)
	at edu.illinois.cs.testrunner.execution.JUnitTestExecutor.execute(JUnitTestExecutor.java:246)
	at edu.illinois.cs.testrunner.execution.JUnitTestExecutor.executeWithJUnit4Runner(JUnitTestExecutor.java:315)
	at edu.illinois.cs.testrunner.execution.JUnitTestExecutor.runOrder(JUnitTestExecutor.java:46)
	at edu.illinois.cs.testrunner.execution.Executor$.$anonfun$run$1(Executor.scala:30)
	at scala.runtime.java8.JFunction0$mcV$sp.apply(JFunction0$mcV$sp.java:12)
	at scala.util.Try$.apply(Try.scala:209)
	at edu.illinois.cs.testrunner.execution.Executor$.run(Executor.scala:28)
	at edu.illinois.cs.testrunner.execution.Executor$.main(Executor.scala:18)
	at edu.illinois.cs.testrunner.execution.Executor.main(Executor.scala)
Caused by: java.lang.AssertionError: 
  Unexpected method call LogBackend.isLevelEnabled(DEBUG):
	at org.easymock.internal.MockInvocationHandler.invoke(MockInvocationHandler.java:44)
	at org.easymock.internal.ObjectMethodsFilter.invoke(ObjectMethodsFilter.java:94)
	at com.sun.proxy.$Proxy13.isLevelEnabled(Unknown Source)
	at com.j256.ormlite.logger.Logger.logIfEnabled(Logger.java:659)
	at com.j256.ormlite.logger.Logger.log(Logger.java:610)
	at com.j256.ormlite.dao.RuntimeExceptionDao.logMessage(RuntimeExceptionDao.java:981)
	at com.j256.ormlite.dao.RuntimeExceptionDao.iterator(RuntimeExceptionDao.java:485)
	at com.j256.ormlite.dao.RuntimeExceptionDaoTest.testIteratorQueryFlags(RuntimeExceptionDaoTest.java:710)
	at sun.reflect.NativeMethodAccessorImpl.invoke0(Native Method)
	at sun.reflect.NativeMethodAccessorImpl.invoke(NativeMethodAccessorImpl.java:62)
	at sun.reflect.DelegatingMethodAccessorImpl.invoke(DelegatingMethodAccessorImpl.java:43)
	at java.lang.reflect.Method.invoke(Method.java:498)
	at org.junit.runners.model.FrameworkMethod$1.runReflectiveCall(FrameworkMethod.java:59)
	at org.junit.internal.runners.model.ReflectiveCallable.run(ReflectiveCallable.java:12)
	at org.junit.runners.model.FrameworkMethod.invokeExplosively(FrameworkMethod.java:56)
	at org.junit.internal.runners.statements.InvokeMethod.evaluate(InvokeMethod.java:17)
	at org.junit.internal.runners.statements.ExpectException.evaluate(ExpectException.java:19)
	... 34 more
