ERROR StatusLogger Unable to locate a logging implementation, using SimpleLogger
2024-04-22 02:30:37,510 [INFO] TableUtils dropping table 'foo'
2024-04-22 02:30:37,671 [INFO] TableUtils ignoring drop error 'org.h2.jdbc.JdbcSQLSyntaxErrorException: Table "FOO" not found; SQL statement:
DROP TABLE `foo`  [42102-200]' for statement: DROP TABLE `foo` 
2024-04-22 02:30:37,672 [INFO] TableUtils creating table 'foo'
2024-04-22 02:30:37,675 [INFO] TableUtils executed create table statement changed 0 rows: CREATE TABLE `foo` (`date` TIMESTAMP ) 
2024-04-22 02:30:37,686 [DEBUG] BaseMappedStatement insert data with statement 'INSERT INTO `foo` (`date` ) VALUES (?)' and 1 args, changed 1 rows
2024-04-22 02:30:37,686 [TRACE] BaseMappedStatement insert arguments: [2024-04-22 02:30:37.676]
2024-04-22 02:30:37,688 [INFO] TableUtils dropping table 'foo'
2024-04-22 02:30:37,690 [INFO] TableUtils ignoring drop error 'org.h2.jdbc.JdbcSQLSyntaxErrorException: Table "FOO" not found; SQL statement:
DROP TABLE `foo`  [42102-200]' for statement: DROP TABLE `foo` 
2024-04-22 02:30:37,690 [INFO] TableUtils creating table 'foo'
2024-04-22 02:30:37,690 [INFO] TableUtils executed create table statement changed 0 rows: CREATE TABLE `foo` (`date` TIMESTAMP ) 
2024-04-22 02:30:37,691 [DEBUG] BaseMappedStatement insert data with statement 'INSERT INTO `foo` (`date` ) VALUES (?)' and 1 args, changed 1 rows
2024-04-22 02:30:37,691 [TRACE] BaseMappedStatement insert arguments: [2024-04-22 02:30:37.0]
2024-04-22 02:30:37,714 [DEBUG] BaseMappedStatement prepared statement 'SELECT * FROM `foo`' with 0 args
2024-04-22 02:30:37,715 [DEBUG] StatementExecutor query of 'SELECT * FROM `foo`' with 0 args returned 1 results
2024-04-22 02:30:37,719 [DEBUG] BaseMappedStatement prepared statement 'SELECT * FROM `foo` WHERE (`date` = ?)' with 1 args
2024-04-22 02:30:37,719 [TRACE] BaseMappedStatement prepared statement arguments: [2024-04-22 02:30:37.0]
2024-04-22 02:30:37,719 [DEBUG] StatementExecutor query of 'SELECT * FROM `foo` WHERE (`date` = ?)' with 1 args returned 1 results
2024-04-22 02:30:37,720 [DEBUG] BaseMappedStatement prepared statement 'SELECT * FROM `foo` WHERE (`date` = ?)' with 1 args
2024-04-22 02:30:37,720 [TRACE] BaseMappedStatement prepared statement arguments: [2024-04-22 02:30:37.0]
2024-04-22 02:30:37,720 [DEBUG] StatementExecutor query of 'SELECT * FROM `foo` WHERE (`date` = ?)' with 1 args returned 1 results
2024-04-22 02:30:37,721 [INFO] TableUtils dropping table 'foo'
2024-04-22 02:30:37,723 [INFO] TableUtils ignoring drop error 'org.h2.jdbc.JdbcSQLSyntaxErrorException: Table "FOO" not found; SQL statement:
DROP TABLE `foo`  [42102-200]' for statement: DROP TABLE `foo` 
2024-04-22 02:30:37,723 [INFO] TableUtils creating table 'foo'
2024-04-22 02:30:37,723 [INFO] TableUtils executed create table statement changed 0 rows: CREATE TABLE `foo` (`date` TIMESTAMP ) 
2024-04-22 02:30:37,724 [DEBUG] BaseMappedStatement insert data with statement 'INSERT INTO `foo` (`date` ) VALUES (?)' and 1 args, changed 1 rows
2024-04-22 02:30:37,724 [TRACE] BaseMappedStatement insert arguments: [null]
2024-04-22 02:30:37,724 [DEBUG] BaseMappedStatement prepared statement 'SELECT * FROM `foo`' with 0 args
2024-04-22 02:30:37,724 [DEBUG] StatementExecutor query of 'SELECT * FROM `foo`' with 0 args returned 1 results
2024-04-22 02:30:37,726 [ERROR] LogbackLogBackendTest message
2024-04-22 02:30:37,726 [ERROR] LogbackLogBackendTest message
java.lang.Throwable: log throwable
	at com.j256.ormlite.logger.BaseLogBackendTest.testErrorStringThrowable(BaseLogBackendTest.java:78)
	at sun.reflect.NativeMethodAccessorImpl.invoke0(Native Method)
	at sun.reflect.NativeMethodAccessorImpl.invoke(NativeMethodAccessorImpl.java:62)
	at sun.reflect.DelegatingMethodAccessorImpl.invoke(DelegatingMethodAccessorImpl.java:43)
	at java.lang.reflect.Method.invoke(Method.java:498)
	at org.junit.runners.model.FrameworkMethod$1.runReflectiveCall(FrameworkMethod.java:59)
	at org.junit.internal.runners.model.ReflectiveCallable.run(ReflectiveCallable.java:12)
	at org.junit.runners.model.FrameworkMethod.invokeExplosively(FrameworkMethod.java:56)
	at org.junit.internal.runners.statements.InvokeMethod.evaluate(InvokeMethod.java:17)
	at org.junit.runners.ParentRunner$3.evaluate(ParentRunner.java:306)
	at org.junit.runners.BlockJUnit4ClassRunner$1.evaluate(BlockJUnit4ClassRunner.java:100)
	at org.junit.runners.ParentRunner.runLeaf(ParentRunner.java:366)
	at org.junit.runners.BlockJUnit4ClassRunner.runChild(BlockJUnit4ClassRunner.java:103)
	at org.junit.runners.BlockJUnit4ClassRunner.runChild(BlockJUnit4ClassRunner.java:63)
	at org.junit.runners.ParentRunner$4.run(ParentRunner.java:331)
	at org.junit.runners.ParentRunner$1.schedule(ParentRunner.java:79)
	at org.junit.runners.ParentRunner.runChildren(ParentRunner.java:329)
	at org.junit.runners.ParentRunner.access$100(ParentRunner.java:66)
	at org.junit.runners.ParentRunner$2.evaluate(ParentRunner.java:293)
	at org.junit.runners.ParentRunner$3.evaluate(ParentRunner.java:306)
	at org.junit.runners.ParentRunner.run(ParentRunner.java:413)
	at org.junit.runners.Suite.runChild(Suite.java:128)
	at org.junit.runners.Suite.runChild(Suite.java:27)
	at org.junit.runners.ParentRunner$4.run(ParentRunner.java:331)
	at org.junit.runners.ParentRunner$1.schedule(ParentRunner.java:79)
	at org.junit.runners.ParentRunner.runChildren(ParentRunner.java:329)
	at org.junit.runners.ParentRunner.access$100(ParentRunner.java:66)
	at org.junit.runners.ParentRunner$2.evaluate(ParentRunner.java:293)
	at org.junit.runners.ParentRunner$3.evaluate(ParentRunner.java:306)
	at org.junit.runners.ParentRunner.run(ParentRunner.java:413)
	at org.junit.runner.JUnitCore.run(JUnitCore.java:137)
	at org.junit.runner.JUnitCore.run(JUnitCore.java:115)
	at edu.illinois.cs.testrunner.execution.JUnitTestExecutor.execute(JUnitTestExecutor.java:246)
	at edu.illinois.cs.testrunner.execution.JUnitTestExecutor.executeWithJUnit4Runner(JUnitTestExecutor.java:315)
	at edu.illinois.cs.testrunner.execution.JUnitTestExecutor.runOrder(JUnitTestExecutor.java:46)
	at edu.illinois.cs.testrunner.execution.Executor$.$anonfun$run$1(Executor.scala:30)
	at scala.runtime.java8.JFunction0$mcV$sp.apply(JFunction0$mcV$sp.java:12)
	at scala.util.Try$.apply(Try.scala:209)
	at edu.illinois.cs.testrunner.execution.Executor$.run(Executor.scala:28)
	at edu.illinois.cs.testrunner.execution.Executor$.main(Executor.scala:18)
	at edu.illinois.cs.testrunner.execution.Executor.main(Executor.scala)
2024-04-22 02:30:37,728 [WARN] LogbackLogBackendTest message
java.lang.Throwable: log throwable
	at com.j256.ormlite.logger.BaseLogBackendTest.testWarnStringThrowable(BaseLogBackendTest.java:68)
	at sun.reflect.NativeMethodAccessorImpl.invoke0(Native Method)
	at sun.reflect.NativeMethodAccessorImpl.invoke(NativeMethodAccessorImpl.java:62)
	at sun.reflect.DelegatingMethodAccessorImpl.invoke(DelegatingMethodAccessorImpl.java:43)
	at java.lang.reflect.Method.invoke(Method.java:498)
	at org.junit.runners.model.FrameworkMethod$1.runReflectiveCall(FrameworkMethod.java:59)
	at org.junit.internal.runners.model.ReflectiveCallable.run(ReflectiveCallable.java:12)
	at org.junit.runners.model.FrameworkMethod.invokeExplosively(FrameworkMethod.java:56)
	at org.junit.internal.runners.statements.InvokeMethod.evaluate(InvokeMethod.java:17)
	at org.junit.runners.ParentRunner$3.evaluate(ParentRunner.java:306)
	at org.junit.runners.BlockJUnit4ClassRunner$1.evaluate(BlockJUnit4ClassRunner.java:100)
	at org.junit.runners.ParentRunner.runLeaf(ParentRunner.java:366)
	at org.junit.runners.BlockJUnit4ClassRunner.runChild(BlockJUnit4ClassRunner.java:103)
	at org.junit.runners.BlockJUnit4ClassRunner.runChild(BlockJUnit4ClassRunner.java:63)
	at org.junit.runners.ParentRunner$4.run(ParentRunner.java:331)
	at org.junit.runners.ParentRunner$1.schedule(ParentRunner.java:79)
	at org.junit.runners.ParentRunner.runChildren(ParentRunner.java:329)
	at org.junit.runners.ParentRunner.access$100(ParentRunner.java:66)
	at org.junit.runners.ParentRunner$2.evaluate(ParentRunner.java:293)
	at org.junit.runners.ParentRunner$3.evaluate(ParentRunner.java:306)
	at org.junit.runners.ParentRunner.run(ParentRunner.java:413)
	at org.junit.runners.Suite.runChild(Suite.java:128)
	at org.junit.runners.Suite.runChild(Suite.java:27)
	at org.junit.runners.ParentRunner$4.run(ParentRunner.java:331)
	at org.junit.runners.ParentRunner$1.schedule(ParentRunner.java:79)
	at org.junit.runners.ParentRunner.runChildren(ParentRunner.java:329)
	at org.junit.runners.ParentRunner.access$100(ParentRunner.java:66)
	at org.junit.runners.ParentRunner$2.evaluate(ParentRunner.java:293)
	at org.junit.runners.ParentRunner$3.evaluate(ParentRunner.java:306)
	at org.junit.runners.ParentRunner.run(ParentRunner.java:413)
	at org.junit.runner.JUnitCore.run(JUnitCore.java:137)
	at org.junit.runner.JUnitCore.run(JUnitCore.java:115)
	at edu.illinois.cs.testrunner.execution.JUnitTestExecutor.execute(JUnitTestExecutor.java:246)
	at edu.illinois.cs.testrunner.execution.JUnitTestExecutor.executeWithJUnit4Runner(JUnitTestExecutor.java:315)
	at edu.illinois.cs.testrunner.execution.JUnitTestExecutor.runOrder(JUnitTestExecutor.java:46)
	at edu.illinois.cs.testrunner.execution.Executor$.$anonfun$run$1(Executor.scala:30)
	at scala.runtime.java8.JFunction0$mcV$sp.apply(JFunction0$mcV$sp.java:12)
	at scala.util.Try$.apply(Try.scala:209)
	at edu.illinois.cs.testrunner.execution.Executor$.run(Executor.scala:28)
	at edu.illinois.cs.testrunner.execution.Executor$.main(Executor.scala:18)
	at edu.illinois.cs.testrunner.execution.Executor.main(Executor.scala)
2024-04-22 02:30:37,729 [INFO] LogbackLogBackendTest message
java.lang.Throwable: log throwable
	at com.j256.ormlite.logger.BaseLogBackendTest.testInfoStringThrowable(BaseLogBackendTest.java:58)
	at sun.reflect.NativeMethodAccessorImpl.invoke0(Native Method)
	at sun.reflect.NativeMethodAccessorImpl.invoke(NativeMethodAccessorImpl.java:62)
	at sun.reflect.DelegatingMethodAccessorImpl.invoke(DelegatingMethodAccessorImpl.java:43)
	at java.lang.reflect.Method.invoke(Method.java:498)
	at org.junit.runners.model.FrameworkMethod$1.runReflectiveCall(FrameworkMethod.java:59)
	at org.junit.internal.runners.model.ReflectiveCallable.run(ReflectiveCallable.java:12)
	at org.junit.runners.model.FrameworkMethod.invokeExplosively(FrameworkMethod.java:56)
	at org.junit.internal.runners.statements.InvokeMethod.evaluate(InvokeMethod.java:17)
	at org.junit.runners.ParentRunner$3.evaluate(ParentRunner.java:306)
	at org.junit.runners.BlockJUnit4ClassRunner$1.evaluate(BlockJUnit4ClassRunner.java:100)
	at org.junit.runners.ParentRunner.runLeaf(ParentRunner.java:366)
	at org.junit.runners.BlockJUnit4ClassRunner.runChild(BlockJUnit4ClassRunner.java:103)
	at org.junit.runners.BlockJUnit4ClassRunner.runChild(BlockJUnit4ClassRunner.java:63)
	at org.junit.runners.ParentRunner$4.run(ParentRunner.java:331)
	at org.junit.runners.ParentRunner$1.schedule(ParentRunner.java:79)
	at org.junit.runners.ParentRunner.runChildren(ParentRunner.java:329)
	at org.junit.runners.ParentRunner.access$100(ParentRunner.java:66)
	at org.junit.runners.ParentRunner$2.evaluate(ParentRunner.java:293)
	at org.junit.runners.ParentRunner$3.evaluate(ParentRunner.java:306)
	at org.junit.runners.ParentRunner.run(ParentRunner.java:413)
	at org.junit.runners.Suite.runChild(Suite.java:128)
	at org.junit.runners.Suite.runChild(Suite.java:27)
	at org.junit.runners.ParentRunner$4.run(ParentRunner.java:331)
	at org.junit.runners.ParentRunner$1.schedule(ParentRunner.java:79)
	at org.junit.runners.ParentRunner.runChildren(ParentRunner.java:329)
	at org.junit.runners.ParentRunner.access$100(ParentRunner.java:66)
	at org.junit.runners.ParentRunner$2.evaluate(ParentRunner.java:293)
	at org.junit.runners.ParentRunner$3.evaluate(ParentRunner.java:306)
	at org.junit.runners.ParentRunner.run(ParentRunner.java:413)
	at org.junit.runner.JUnitCore.run(JUnitCore.java:137)
	at org.junit.runner.JUnitCore.run(JUnitCore.java:115)
	at edu.illinois.cs.testrunner.execution.JUnitTestExecutor.execute(JUnitTestExecutor.java:246)
	at edu.illinois.cs.testrunner.execution.JUnitTestExecutor.executeWithJUnit4Runner(JUnitTestExecutor.java:315)
	at edu.illinois.cs.testrunner.execution.JUnitTestExecutor.runOrder(JUnitTestExecutor.java:46)
	at edu.illinois.cs.testrunner.execution.Executor$.$anonfun$run$1(Executor.scala:30)
	at scala.runtime.java8.JFunction0$mcV$sp.apply(JFunction0$mcV$sp.java:12)
	at scala.util.Try$.apply(Try.scala:209)
	at edu.illinois.cs.testrunner.execution.Executor$.run(Executor.scala:28)
	at edu.illinois.cs.testrunner.execution.Executor$.main(Executor.scala:18)
	at edu.illinois.cs.testrunner.execution.Executor.main(Executor.scala)
2024-04-22 02:30:37,730 [ERROR] LogbackLogBackendTest message
java.lang.Throwable: log throwable
	at com.j256.ormlite.logger.BaseLogBackendTest.testFatalStringThrowable(BaseLogBackendTest.java:88)
	at sun.reflect.NativeMethodAccessorImpl.invoke0(Native Method)
	at sun.reflect.NativeMethodAccessorImpl.invoke(NativeMethodAccessorImpl.java:62)
	at sun.reflect.DelegatingMethodAccessorImpl.invoke(DelegatingMethodAccessorImpl.java:43)
	at java.lang.reflect.Method.invoke(Method.java:498)
	at org.junit.runners.model.FrameworkMethod$1.runReflectiveCall(FrameworkMethod.java:59)
	at org.junit.internal.runners.model.ReflectiveCallable.run(ReflectiveCallable.java:12)
	at org.junit.runners.model.FrameworkMethod.invokeExplosively(FrameworkMethod.java:56)
	at org.junit.internal.runners.statements.InvokeMethod.evaluate(InvokeMethod.java:17)
	at org.junit.runners.ParentRunner$3.evaluate(ParentRunner.java:306)
	at org.junit.runners.BlockJUnit4ClassRunner$1.evaluate(BlockJUnit4ClassRunner.java:100)
	at org.junit.runners.ParentRunner.runLeaf(ParentRunner.java:366)
	at org.junit.runners.BlockJUnit4ClassRunner.runChild(BlockJUnit4ClassRunner.java:103)
	at org.junit.runners.BlockJUnit4ClassRunner.runChild(BlockJUnit4ClassRunner.java:63)
	at org.junit.runners.ParentRunner$4.run(ParentRunner.java:331)
	at org.junit.runners.ParentRunner$1.schedule(ParentRunner.java:79)
	at org.junit.runners.ParentRunner.runChildren(ParentRunner.java:329)
	at org.junit.runners.ParentRunner.access$100(ParentRunner.java:66)
	at org.junit.runners.ParentRunner$2.evaluate(ParentRunner.java:293)
	at org.junit.runners.ParentRunner$3.evaluate(ParentRunner.java:306)
	at org.junit.runners.ParentRunner.run(ParentRunner.java:413)
	at org.junit.runners.Suite.runChild(Suite.java:128)
	at org.junit.runners.Suite.runChild(Suite.java:27)
	at org.junit.runners.ParentRunner$4.run(ParentRunner.java:331)
	at org.junit.runners.ParentRunner$1.schedule(ParentRunner.java:79)
	at org.junit.runners.ParentRunner.runChildren(ParentRunner.java:329)
	at org.junit.runners.ParentRunner.access$100(ParentRunner.java:66)
	at org.junit.runners.ParentRunner$2.evaluate(ParentRunner.java:293)
	at org.junit.runners.ParentRunner$3.evaluate(ParentRunner.java:306)
	at org.junit.runners.ParentRunner.run(ParentRunner.java:413)
	at org.junit.runner.JUnitCore.run(JUnitCore.java:137)
	at org.junit.runner.JUnitCore.run(JUnitCore.java:115)
	at edu.illinois.cs.testrunner.execution.JUnitTestExecutor.execute(JUnitTestExecutor.java:246)
	at edu.illinois.cs.testrunner.execution.JUnitTestExecutor.executeWithJUnit4Runner(JUnitTestExecutor.java:315)
	at edu.illinois.cs.testrunner.execution.JUnitTestExecutor.runOrder(JUnitTestExecutor.java:46)
	at edu.illinois.cs.testrunner.execution.Executor$.$anonfun$run$1(Executor.scala:30)
	at scala.runtime.java8.JFunction0$mcV$sp.apply(JFunction0$mcV$sp.java:12)
	at scala.util.Try$.apply(Try.scala:209)
	at edu.illinois.cs.testrunner.execution.Executor$.run(Executor.scala:28)
	at edu.illinois.cs.testrunner.execution.Executor$.main(Executor.scala:18)
	at edu.illinois.cs.testrunner.execution.Executor.main(Executor.scala)
2024-04-22 02:30:37,730 [ERROR] LogbackLogBackendTest message
2024-04-22 02:30:37,730 [INFO] LogbackLogBackendTest message
2024-04-22 02:30:37,731 [INFO] LogbackLogBackendTest hello there
2024-04-22 02:30:37,731 [WARN] LogbackLogBackendTest message
2024-04-22 02:30:37,735 [INFO] TableUtils dropping table 'foo'
2024-04-22 02:30:37,737 [INFO] TableUtils ignoring drop error 'org.h2.jdbc.JdbcSQLSyntaxErrorException: Table "FOO" not found; SQL statement:
DROP TABLE `foo`  [42102-200]' for statement: DROP TABLE `foo` 
2024-04-22 02:30:37,737 [INFO] TableUtils creating table 'foo'
2024-04-22 02:30:37,738 [INFO] TableUtils executed create table statement changed 0 rows: CREATE TABLE `foo` (`string` TEXT ) 
2024-04-22 02:30:37,739 [DEBUG] BaseMappedStatement insert data with statement 'INSERT INTO `foo` (`string` ) VALUES (?)' and 1 args, changed 1 rows
2024-04-22 02:30:37,739 [TRACE] BaseMappedStatement insert arguments: [str]
2024-04-22 02:30:37,740 [DEBUG] BaseMappedStatement prepared statement 'SELECT * FROM `foo`' with 0 args
2024-04-22 02:30:37,741 [DEBUG] StatementExecutor query of 'SELECT * FROM `foo`' with 0 args returned 1 results
2024-04-22 02:30:37,741 [DEBUG] BaseMappedStatement prepared statement 'SELECT * FROM `foo` WHERE (`string` = 'str')' with 0 args
2024-04-22 02:30:37,743 [DEBUG] StatementExecutor query of 'SELECT * FROM `foo` WHERE (`string` = 'str')' with 0 args returned 1 results
2024-04-22 02:30:37,744 [DEBUG] BaseMappedStatement prepared statement 'SELECT * FROM `foo` WHERE (`string` = ?)' with 1 args
2024-04-22 02:30:37,744 [TRACE] BaseMappedStatement prepared statement arguments: [str]
2024-04-22 02:30:37,744 [DEBUG] StatementExecutor query of 'SELECT * FROM `foo` WHERE (`string` = ?)' with 1 args returned 1 results
ERROR Log4j2LogBackendTest message
FATAL Log4j2LogBackendTest message java.lang.Throwable: log throwable
	at com.j256.ormlite.logger.BaseLogBackendTest.testFatalStringThrowable(BaseLogBackendTest.java:88)
	at sun.reflect.NativeMethodAccessorImpl.invoke0(Native Method)
	at sun.reflect.NativeMethodAccessorImpl.invoke(NativeMethodAccessorImpl.java:62)
	at sun.reflect.DelegatingMethodAccessorImpl.invoke(DelegatingMethodAccessorImpl.java:43)
	at java.lang.reflect.Method.invoke(Method.java:498)
	at org.junit.runners.model.FrameworkMethod$1.runReflectiveCall(FrameworkMethod.java:59)
	at org.junit.internal.runners.model.ReflectiveCallable.run(ReflectiveCallable.java:12)
	at org.junit.runners.model.FrameworkMethod.invokeExplosively(FrameworkMethod.java:56)
	at org.junit.internal.runners.statements.InvokeMethod.evaluate(InvokeMethod.java:17)
	at org.junit.runners.ParentRunner$3.evaluate(ParentRunner.java:306)
	at org.junit.runners.BlockJUnit4ClassRunner$1.evaluate(BlockJUnit4ClassRunner.java:100)
	at org.junit.runners.ParentRunner.runLeaf(ParentRunner.java:366)
	at org.junit.runners.BlockJUnit4ClassRunner.runChild(BlockJUnit4ClassRunner.java:103)
	at org.junit.runners.BlockJUnit4ClassRunner.runChild(BlockJUnit4ClassRunner.java:63)
	at org.junit.runners.ParentRunner$4.run(ParentRunner.java:331)
	at org.junit.runners.ParentRunner$1.schedule(ParentRunner.java:79)
	at org.junit.runners.ParentRunner.runChildren(ParentRunner.java:329)
	at org.junit.runners.ParentRunner.access$100(ParentRunner.java:66)
	at org.junit.runners.ParentRunner$2.evaluate(ParentRunner.java:293)
	at org.junit.runners.ParentRunner$3.evaluate(ParentRunner.java:306)
	at org.junit.runners.ParentRunner.run(ParentRunner.java:413)
	at org.junit.runners.Suite.runChild(Suite.java:128)
	at org.junit.runners.Suite.runChild(Suite.java:27)
	at org.junit.runners.ParentRunner$4.run(ParentRunner.java:331)
	at org.junit.runners.ParentRunner$1.schedule(ParentRunner.java:79)
	at org.junit.runners.ParentRunner.runChildren(ParentRunner.java:329)
	at org.junit.runners.ParentRunner.access$100(ParentRunner.java:66)
	at org.junit.runners.ParentRunner$2.evaluate(ParentRunner.java:293)
	at org.junit.runners.ParentRunner$3.evaluate(ParentRunner.java:306)
	at org.junit.runners.ParentRunner.run(ParentRunner.java:413)
	at org.junit.runner.JUnitCore.run(JUnitCore.java:137)
	at org.junit.runner.JUnitCore.run(JUnitCore.java:115)
	at edu.illinois.cs.testrunner.execution.JUnitTestExecutor.execute(JUnitTestExecutor.java:246)
	at edu.illinois.cs.testrunner.execution.JUnitTestExecutor.executeWithJUnit4Runner(JUnitTestExecutor.java:315)
	at edu.illinois.cs.testrunner.execution.JUnitTestExecutor.runOrder(JUnitTestExecutor.java:46)
	at edu.illinois.cs.testrunner.execution.Executor$.$anonfun$run$1(Executor.scala:30)
	at scala.runtime.java8.JFunction0$mcV$sp.apply(JFunction0$mcV$sp.java:12)
	at scala.util.Try$.apply(Try.scala:209)
	at edu.illinois.cs.testrunner.execution.Executor$.run(Executor.scala:28)
	at edu.illinois.cs.testrunner.execution.Executor$.main(Executor.scala:18)
	at edu.illinois.cs.testrunner.execution.Executor.main(Executor.scala)

FATAL Log4j2LogBackendTest message
ERROR Log4j2LogBackendTest message java.lang.Throwable: log throwable
	at com.j256.ormlite.logger.BaseLogBackendTest.testErrorStringThrowable(BaseLogBackendTest.java:78)
	at sun.reflect.NativeMethodAccessorImpl.invoke0(Native Method)
	at sun.reflect.NativeMethodAccessorImpl.invoke(NativeMethodAccessorImpl.java:62)
	at sun.reflect.DelegatingMethodAccessorImpl.invoke(DelegatingMethodAccessorImpl.java:43)
	at java.lang.reflect.Method.invoke(Method.java:498)
	at org.junit.runners.model.FrameworkMethod$1.runReflectiveCall(FrameworkMethod.java:59)
	at org.junit.internal.runners.model.ReflectiveCallable.run(ReflectiveCallable.java:12)
	at org.junit.runners.model.FrameworkMethod.invokeExplosively(FrameworkMethod.java:56)
	at org.junit.internal.runners.statements.InvokeMethod.evaluate(InvokeMethod.java:17)
	at org.junit.runners.ParentRunner$3.evaluate(ParentRunner.java:306)
	at org.junit.runners.BlockJUnit4ClassRunner$1.evaluate(BlockJUnit4ClassRunner.java:100)
	at org.junit.runners.ParentRunner.runLeaf(ParentRunner.java:366)
	at org.junit.runners.BlockJUnit4ClassRunner.runChild(BlockJUnit4ClassRunner.java:103)
	at org.junit.runners.BlockJUnit4ClassRunner.runChild(BlockJUnit4ClassRunner.java:63)
	at org.junit.runners.ParentRunner$4.run(ParentRunner.java:331)
	at org.junit.runners.ParentRunner$1.schedule(ParentRunner.java:79)
	at org.junit.runners.ParentRunner.runChildren(ParentRunner.java:329)
	at org.junit.runners.ParentRunner.access$100(ParentRunner.java:66)
	at org.junit.runners.ParentRunner$2.evaluate(ParentRunner.java:293)
	at org.junit.runners.ParentRunner$3.evaluate(ParentRunner.java:306)
	at org.junit.runners.ParentRunner.run(ParentRunner.java:413)
	at org.junit.runners.Suite.runChild(Suite.java:128)
	at org.junit.runners.Suite.runChild(Suite.java:27)
	at org.junit.runners.ParentRunner$4.run(ParentRunner.java:331)
	at org.junit.runners.ParentRunner$1.schedule(ParentRunner.java:79)
	at org.junit.runners.ParentRunner.runChildren(ParentRunner.java:329)
	at org.junit.runners.ParentRunner.access$100(ParentRunner.java:66)
	at org.junit.runners.ParentRunner$2.evaluate(ParentRunner.java:293)
	at org.junit.runners.ParentRunner$3.evaluate(ParentRunner.java:306)
	at org.junit.runners.ParentRunner.run(ParentRunner.java:413)
	at org.junit.runner.JUnitCore.run(JUnitCore.java:137)
	at org.junit.runner.JUnitCore.run(JUnitCore.java:115)
	at edu.illinois.cs.testrunner.execution.JUnitTestExecutor.execute(JUnitTestExecutor.java:246)
	at edu.illinois.cs.testrunner.execution.JUnitTestExecutor.executeWithJUnit4Runner(JUnitTestExecutor.java:315)
	at edu.illinois.cs.testrunner.execution.JUnitTestExecutor.runOrder(JUnitTestExecutor.java:46)
	at edu.illinois.cs.testrunner.execution.Executor$.$anonfun$run$1(Executor.scala:30)
	at scala.runtime.java8.JFunction0$mcV$sp.apply(JFunction0$mcV$sp.java:12)
	at scala.util.Try$.apply(Try.scala:209)
	at edu.illinois.cs.testrunner.execution.Executor$.run(Executor.scala:28)
	at edu.illinois.cs.testrunner.execution.Executor$.main(Executor.scala:18)
	at edu.illinois.cs.testrunner.execution.Executor.main(Executor.scala)

2024-04-22 02:30:37,755 [INFO] TableUtils dropping table 'lazy'
2024-04-22 02:30:37,756 [INFO] TableUtils ignoring drop error 'org.h2.jdbc.JdbcSQLSyntaxErrorException: Table "LAZY" not found; SQL statement:
DROP TABLE `lazy`  [42102-200]' for statement: DROP TABLE `lazy` 
2024-04-22 02:30:37,756 [INFO] TableUtils creating table 'lazy'
2024-04-22 02:30:37,770 [INFO] TableUtils executed create table statement changed 0 rows: CREATE TABLE `lazy` (`id` INTEGER AUTO_INCREMENT , PRIMARY KEY (`id`) ) 
2024-04-22 02:30:37,772 [DEBUG] BaseMappedStatement insert data with statement 'INSERT INTO `lazy` () VALUES ()' and 0 args, changed 1 rows
2024-04-22 02:30:37,772 [DEBUG] BaseMappedStatement assigned id '1' from keyholder to 'id' in Lazy object
2024-04-22 02:30:37,772 [INFO] TableUtils dropping table 'foreign'
2024-04-22 02:30:37,772 [INFO] TableUtils ignoring drop error 'org.h2.jdbc.JdbcSQLSyntaxErrorException: Table "FOREIGN" not found; SQL statement:
DROP TABLE `foreign`  [42102-200]' for statement: DROP TABLE `foreign` 
2024-04-22 02:30:37,772 [INFO] TableUtils creating table 'foreign'
2024-04-22 02:30:37,773 [INFO] TableUtils executed create table statement changed 0 rows: CREATE TABLE `foreign` (`id` INTEGER AUTO_INCREMENT , `lazy_id` INTEGER , PRIMARY KEY (`id`) ) 
2024-04-22 02:30:37,774 [DEBUG] BaseMappedStatement insert data with statement 'INSERT INTO `foreign` (`lazy_id` ) VALUES (?)' and 1 args, changed 1 rows
2024-04-22 02:30:37,774 [TRACE] BaseMappedStatement insert arguments: [1]
2024-04-22 02:30:37,774 [DEBUG] BaseMappedStatement assigned id '1' from keyholder to 'id' in Foreign object
2024-04-22 02:30:37,776 [DEBUG] BaseMappedStatement query-for-id using 'SELECT * FROM `lazy` WHERE `id` = ?' and 1 args, got 1 result
2024-04-22 02:30:37,776 [TRACE] BaseMappedStatement query-for-id arguments: [1]
2024-04-22 02:30:37,776 [DEBUG] BaseMappedStatement prepared statement 'SELECT * FROM `foreign` WHERE `lazy_id` = ?' with 1 args
2024-04-22 02:30:37,776 [TRACE] BaseMappedStatement prepared statement arguments: [1]
2024-04-22 02:30:37,776 [DEBUG] BaseMappedStatement prepared statement 'SELECT * FROM `foreign` WHERE `lazy_id` = ?' with 1 args
2024-04-22 02:30:37,777 [TRACE] BaseMappedStatement prepared statement arguments: [1]
2024-04-22 02:30:37,777 [DEBUG] BaseMappedStatement prepared statement 'SELECT * FROM `foreign` WHERE `lazy_id` = ?' with 1 args
2024-04-22 02:30:37,777 [TRACE] BaseMappedStatement prepared statement arguments: [1]
2024-04-22 02:30:37,780 [INFO] TableUtils dropping table 'foo'
2024-04-22 02:30:37,781 [INFO] TableUtils ignoring drop error 'org.h2.jdbc.JdbcSQLSyntaxErrorException: Table "FOO" not found; SQL statement:
DROP TABLE `foo`  [42102-200]' for statement: DROP TABLE `foo` 
2024-04-22 02:30:37,781 [INFO] TableUtils creating table 'foo'
2024-04-22 02:30:37,783 [INFO] TableUtils executed create table statement changed 0 rows: CREATE TABLE `foo` (`id` INTEGER AUTO_INCREMENT , `val` INTEGER , `equal` INTEGER , `string` VARCHAR(255) , PRIMARY KEY (`id`) ) 
2024-04-22 02:30:37,785 [DEBUG] BaseMappedStatement insert data with statement 'INSERT INTO `foo` (`val` ,`equal` ,`string` ) VALUES (?,?,?)' and 3 args, changed 1 rows
2024-04-22 02:30:37,785 [TRACE] BaseMappedStatement insert arguments: [13131511, 0, null]
2024-04-22 02:30:37,785 [DEBUG] BaseMappedStatement assigned id '1' from keyholder to 'id' in Foo object
2024-04-22 02:30:37,788 [DEBUG] BaseMappedStatement delete data with statement 'DELETE FROM `foo` WHERE `id` = ?' and 1 args, changed 1 rows
2024-04-22 02:30:37,788 [TRACE] BaseMappedStatement delete arguments: [1]
2024-04-22 02:30:37,788 [DEBUG] BaseMappedStatement query-for-id using 'SELECT * FROM `foo` WHERE `id` = ?' and 1 args, got no results
2024-04-22 02:30:37,788 [TRACE] BaseMappedStatement query-for-id arguments: [1]
2024-04-22 02:30:37,789 [DEBUG] BaseMappedStatement query-for-id using 'SELECT * FROM `foo` WHERE `id` = ?' and 1 args, got no results
2024-04-22 02:30:37,789 [TRACE] BaseMappedStatement query-for-id arguments: [1]
2024-04-22 02:30:37,802 [INFO] TableUtils dropping table 'foo'
2024-04-22 02:30:37,804 [INFO] TableUtils ignoring drop error 'org.h2.jdbc.JdbcSQLSyntaxErrorException: Table "FOO" not found; SQL statement:
DROP TABLE `foo`  [42102-200]' for statement: DROP TABLE `foo` 
2024-04-22 02:30:37,804 [INFO] TableUtils creating table 'foo'
2024-04-22 02:30:37,805 [INFO] TableUtils executed create table statement changed 0 rows: CREATE TABLE `foo` (`id` INTEGER AUTO_INCREMENT , `val` INTEGER , `equal` INTEGER , `string` VARCHAR(255) , PRIMARY KEY (`id`) ) 
2024-04-22 02:30:37,806 [DEBUG] BaseMappedStatement insert data with statement 'INSERT INTO `foo` (`val` ,`equal` ,`string` ) VALUES (?,?,?)' and 3 args, changed 1 rows
2024-04-22 02:30:37,806 [TRACE] BaseMappedStatement insert arguments: [0, 0, null]
2024-04-22 02:30:37,806 [DEBUG] BaseMappedStatement assigned id '1' from keyholder to 'id' in Foo object
2024-04-22 02:30:37,807 [DEBUG] BaseMappedStatement insert data with statement 'INSERT INTO `foo` (`val` ,`equal` ,`string` ) VALUES (?,?,?)' and 3 args, changed 1 rows
2024-04-22 02:30:37,807 [TRACE] BaseMappedStatement insert arguments: [0, 0, null]
2024-04-22 02:30:37,807 [DEBUG] BaseMappedStatement assigned id '2' from keyholder to 'id' in Foo object
2024-04-22 02:30:37,808 [DEBUG] BaseMappedStatement prepared statement 'SELECT * FROM `foo`' with 0 args
2024-04-22 02:30:37,808 [DEBUG] StatementExecutor query of 'SELECT * FROM `foo`' with 0 args returned 0 results
2024-04-22 02:30:37,809 [INFO] TableUtils dropping table 'foo'
2024-04-22 02:30:37,810 [INFO] TableUtils ignoring drop error 'org.h2.jdbc.JdbcSQLSyntaxErrorException: Table "FOO" not found; SQL statement:
DROP TABLE `foo`  [42102-200]' for statement: DROP TABLE `foo` 
2024-04-22 02:30:37,810 [INFO] TableUtils creating table 'foo'
2024-04-22 02:30:37,811 [INFO] TableUtils executed create table statement changed 0 rows: CREATE TABLE `foo` (`id` INTEGER AUTO_INCREMENT , `val` INTEGER , `equal` INTEGER , `string` VARCHAR(255) , PRIMARY KEY (`id`) ) 
2024-04-22 02:30:37,811 [DEBUG] BaseMappedStatement insert data with statement 'INSERT INTO `foo` (`val` ,`equal` ,`string` ) VALUES (?,?,?)' and 3 args, changed 1 rows
2024-04-22 02:30:37,811 [TRACE] BaseMappedStatement insert arguments: [13131511, 0, null]
2024-04-22 02:30:37,811 [DEBUG] BaseMappedStatement assigned id '1' from keyholder to 'id' in Foo object
2024-04-22 02:30:37,812 [DEBUG] BaseMappedStatement delete data with statement 'DELETE FROM `foo` WHERE `id` = ?' and 1 args, changed 1 rows
2024-04-22 02:30:37,812 [TRACE] BaseMappedStatement delete arguments: [1]
2024-04-22 02:30:37,812 [DEBUG] BaseMappedStatement query-for-id using 'SELECT * FROM `foo` WHERE `id` = ?' and 1 args, got no results
2024-04-22 02:30:37,812 [TRACE] BaseMappedStatement query-for-id arguments: [1]
2024-04-22 02:30:37,813 [DEBUG] BaseMappedStatement query-for-id using 'SELECT * FROM `foo` WHERE `id` = ?' and 1 args, got 1 result
2024-04-22 02:30:37,813 [TRACE] BaseMappedStatement query-for-id arguments: [1]
2024-04-22 02:30:37,817 [INFO] TableUtils dropping table 'foo'
2024-04-22 02:30:37,823 [INFO] TableUtils ignoring drop error 'org.h2.jdbc.JdbcSQLSyntaxErrorException: Table "FOO" not found; SQL statement:
DROP TABLE `foo`  [42102-200]' for statement: DROP TABLE `foo` 
2024-04-22 02:30:37,823 [INFO] TableUtils creating table 'foo'
2024-04-22 02:30:37,824 [INFO] TableUtils executed create table statement changed 0 rows: CREATE TABLE `foo` (`id` INTEGER AUTO_INCREMENT , `val` INTEGER , `equal` INTEGER , `string` VARCHAR(255) , PRIMARY KEY (`id`) ) 
2024-04-22 02:30:37,825 [DEBUG] BaseMappedStatement insert data with statement 'INSERT INTO `foo` (`val` ,`equal` ,`string` ) VALUES (?,?,?)' and 3 args, changed 1 rows
2024-04-22 02:30:37,825 [TRACE] BaseMappedStatement insert arguments: [13131511, 0, null]
2024-04-22 02:30:37,825 [DEBUG] BaseMappedStatement assigned id '1' from keyholder to 'id' in Foo object
2024-04-22 02:30:37,825 [DEBUG] BaseMappedStatement delete data with statement 'DELETE FROM `foo` WHERE `id` = ?' and 1 args, changed 1 rows
2024-04-22 02:30:37,825 [TRACE] BaseMappedStatement delete arguments: [1]
2024-04-22 02:30:37,826 [DEBUG] BaseMappedStatement query-for-id using 'SELECT * FROM `foo` WHERE `id` = ?' and 1 args, got no results
2024-04-22 02:30:37,826 [TRACE] BaseMappedStatement query-for-id arguments: [1]
2024-04-22 02:30:37,826 [DEBUG] BaseMappedStatement query-for-id using 'SELECT * FROM `foo` WHERE `id` = ?' and 1 args, got 1 result
2024-04-22 02:30:37,826 [TRACE] BaseMappedStatement query-for-id arguments: [1]
2024-04-22 02:30:37,828 [INFO] TableUtils dropping table 'foo'
2024-04-22 02:30:37,829 [INFO] TableUtils ignoring drop error 'org.h2.jdbc.JdbcSQLSyntaxErrorException: Table "FOO" not found; SQL statement:
DROP TABLE `foo`  [42102-200]' for statement: DROP TABLE `foo` 
2024-04-22 02:30:37,829 [INFO] TableUtils creating table 'foo'
2024-04-22 02:30:37,830 [INFO] TableUtils executed create table statement changed 0 rows: CREATE TABLE `foo` (`id` INTEGER AUTO_INCREMENT , `val` INTEGER , `equal` INTEGER , `string` VARCHAR(255) , PRIMARY KEY (`id`) ) 
2024-04-22 02:30:37,831 [DEBUG] BaseMappedStatement insert data with statement 'INSERT INTO `foo` (`val` ,`equal` ,`string` ) VALUES (?,?,?)' and 3 args, changed 1 rows
2024-04-22 02:30:37,831 [TRACE] BaseMappedStatement insert arguments: [0, 0, null]
2024-04-22 02:30:37,831 [DEBUG] BaseMappedStatement assigned id '1' from keyholder to 'id' in Foo object
2024-04-22 02:30:37,832 [DEBUG] BaseMappedStatement query-for-id using 'SELECT * FROM `foo` WHERE `id` = ?' and 1 args, got 1 result
2024-04-22 02:30:37,832 [TRACE] BaseMappedStatement query-for-id arguments: [1]
2024-04-22 02:30:37,833 [DEBUG] BaseMappedStatement delete data with statement 'DELETE FROM `foo` WHERE `id` = ?' and 1 args, changed 1 rows
2024-04-22 02:30:37,833 [TRACE] BaseMappedStatement delete arguments: [1]
2024-04-22 02:30:37,833 [DEBUG] BaseMappedStatement query-for-id using 'SELECT * FROM `foo` WHERE `id` = ?' and 1 args, got 1 result
2024-04-22 02:30:37,834 [TRACE] BaseMappedStatement query-for-id arguments: [1]
2024-04-22 02:30:37,834 [INFO] TableUtils dropping table 'foo'
2024-04-22 02:30:37,835 [INFO] TableUtils ignoring drop error 'org.h2.jdbc.JdbcSQLSyntaxErrorException: Table "FOO" not found; SQL statement:
DROP TABLE `foo`  [42102-200]' for statement: DROP TABLE `foo` 
2024-04-22 02:30:37,835 [INFO] TableUtils creating table 'foo'
2024-04-22 02:30:37,836 [INFO] TableUtils executed create table statement changed 0 rows: CREATE TABLE `foo` (`id` INTEGER AUTO_INCREMENT , `val` INTEGER , `equal` INTEGER , `string` VARCHAR(255) , PRIMARY KEY (`id`) ) 
2024-04-22 02:30:37,837 [DEBUG] BaseMappedStatement insert data with statement 'INSERT INTO `foo` (`val` ,`equal` ,`string` ) VALUES (?,?,?)' and 3 args, changed 1 rows
2024-04-22 02:30:37,837 [TRACE] BaseMappedStatement insert arguments: [13131511, 0, null]
2024-04-22 02:30:37,837 [DEBUG] BaseMappedStatement assigned id '1' from keyholder to 'id' in Foo object
2024-04-22 02:30:37,837 [DEBUG] BaseMappedStatement delete data with statement 'DELETE FROM `foo` WHERE `id` = ?' and 1 args, changed 1 rows
2024-04-22 02:30:37,837 [TRACE] BaseMappedStatement delete arguments: [1]
2024-04-22 02:30:37,838 [DEBUG] BaseMappedStatement query-for-id using 'SELECT * FROM `foo` WHERE `id` = ?' and 1 args, got no results
2024-04-22 02:30:37,838 [TRACE] BaseMappedStatement query-for-id arguments: [1]
2024-04-22 02:30:37,838 [DEBUG] BaseMappedStatement query-for-id using 'SELECT * FROM `foo` WHERE `id` = ?' and 1 args, got no results
2024-04-22 02:30:37,838 [TRACE] BaseMappedStatement query-for-id arguments: [1]
2024-04-22 02:30:37,839 [INFO] TableUtils dropping table 'foo'
2024-04-22 02:30:37,840 [INFO] TableUtils ignoring drop error 'org.h2.jdbc.JdbcSQLSyntaxErrorException: Table "FOO" not found; SQL statement:
DROP TABLE `foo`  [42102-200]' for statement: DROP TABLE `foo` 
2024-04-22 02:30:37,840 [INFO] TableUtils creating table 'foo'
2024-04-22 02:30:37,841 [INFO] TableUtils executed create table statement changed 0 rows: CREATE TABLE `foo` (`id` INTEGER AUTO_INCREMENT , `val` INTEGER , `equal` INTEGER , `string` VARCHAR(255) , PRIMARY KEY (`id`) ) 
2024-04-22 02:30:37,842 [DEBUG] BaseMappedStatement insert data with statement 'INSERT INTO `foo` (`val` ,`equal` ,`string` ) VALUES (?,?,?)' and 3 args, changed 1 rows
2024-04-22 02:30:37,842 [TRACE] BaseMappedStatement insert arguments: [1, 0, null]
2024-04-22 02:30:37,843 [DEBUG] BaseMappedStatement assigned id '1' from keyholder to 'id' in Foo object
2024-04-22 02:30:37,843 [DEBUG] BaseMappedStatement insert data with statement 'INSERT INTO `foo` (`val` ,`equal` ,`string` ) VALUES (?,?,?)' and 3 args, changed 1 rows
2024-04-22 02:30:37,843 [TRACE] BaseMappedStatement insert arguments: [2, 0, null]
2024-04-22 02:30:37,843 [DEBUG] BaseMappedStatement assigned id '2' from keyholder to 'id' in Foo object
2024-04-22 02:30:37,844 [DEBUG] BaseMappedStatement insert data with statement 'INSERT INTO `foo` (`val` ,`equal` ,`string` ) VALUES (?,?,?)' and 3 args, changed 1 rows
2024-04-22 02:30:37,844 [TRACE] BaseMappedStatement insert arguments: [3, 0, null]
2024-04-22 02:30:37,844 [DEBUG] BaseMappedStatement assigned id '3' from keyholder to 'id' in Foo object
2024-04-22 02:30:37,848 [INFO] TableUtils dropping table 'foo'
2024-04-22 02:30:37,849 [INFO] TableUtils ignoring drop error 'org.h2.jdbc.JdbcSQLSyntaxErrorException: Table "FOO" not found; SQL statement:
DROP TABLE `foo`  [42102-200]' for statement: DROP TABLE `foo` 
2024-04-22 02:30:37,849 [INFO] TableUtils creating table 'foo'
2024-04-22 02:30:37,850 [INFO] TableUtils executed create table statement changed 0 rows: CREATE TABLE `foo` (`id` INTEGER AUTO_INCREMENT , `val` INTEGER , `equal` INTEGER , `string` VARCHAR(255) , PRIMARY KEY (`id`) ) 
2024-04-22 02:30:37,850 [DEBUG] BaseMappedStatement insert data with statement 'INSERT INTO `foo` (`val` ,`equal` ,`string` ) VALUES (?,?,?)' and 3 args, changed 1 rows
2024-04-22 02:30:37,850 [TRACE] BaseMappedStatement insert arguments: [13131511, 0, null]
2024-04-22 02:30:37,850 [DEBUG] BaseMappedStatement assigned id '1' from keyholder to 'id' in Foo object
2024-04-22 02:30:37,851 [DEBUG] BaseMappedStatement delete data with statement 'DELETE FROM `foo` WHERE `id` = ?' and 1 args, changed 1 rows
2024-04-22 02:30:37,851 [TRACE] BaseMappedStatement delete arguments: [1]
2024-04-22 02:30:37,851 [DEBUG] BaseMappedStatement query-for-id using 'SELECT * FROM `foo` WHERE `id` = ?' and 1 args, got no results
2024-04-22 02:30:37,851 [TRACE] BaseMappedStatement query-for-id arguments: [1]
2024-04-22 02:30:37,852 [DEBUG] BaseMappedStatement query-for-id using 'SELECT * FROM `foo` WHERE `id` = ?' and 1 args, got 1 result
2024-04-22 02:30:37,852 [TRACE] BaseMappedStatement query-for-id arguments: [1]
2024-04-22 02:30:37,854 [INFO] TableUtils dropping table 'versionfielddatestring'
2024-04-22 02:30:37,856 [INFO] TableUtils ignoring drop error 'org.h2.jdbc.JdbcSQLSyntaxErrorException: Table "VERSIONFIELDDATESTRING" not found; SQL statement:
DROP TABLE `versionfielddatestring`  [42102-200]' for statement: DROP TABLE `versionfielddatestring` 
2024-04-22 02:30:37,856 [INFO] TableUtils creating table 'versionfielddatestring'
2024-04-22 02:30:37,857 [INFO] TableUtils executed create table statement changed 0 rows: CREATE TABLE `versionfielddatestring` (`id` INTEGER AUTO_INCREMENT , `stuff1` VARCHAR(255) , `version` VARCHAR(50) , `stuff2` VARCHAR(255) , PRIMARY KEY (`id`) ) 
2024-04-22 02:30:37,858 [DEBUG] BaseMappedStatement insert data with statement 'INSERT INTO `versionfielddatestring` (`stuff1` ,`version` ,`stuff2` ) VALUES (?,?,?)' and 3 args, changed 1 rows
2024-04-22 02:30:37,858 [TRACE] BaseMappedStatement insert arguments: [null, 2024-04-22 02:30:37.000857, null]
2024-04-22 02:30:37,858 [DEBUG] BaseMappedStatement assigned id '1' from keyholder to 'id' in VersionFieldDateString object
2024-04-22 02:30:37,860 [DEBUG] BaseMappedStatement update data with statement 'UPDATE `versionfielddatestring` SET `stuff1` = ?, `version` = ?, `stuff2` = ? WHERE `id` = ? AND `version` = ?' and 5 args, changed 1 rows
2024-04-22 02:30:37,860 [TRACE] BaseMappedStatement update arguments: [null, 2024-04-22 02:30:37.000859, null, 1, 2024-04-22 02:30:37.000857]
2024-04-22 02:30:37,862 [INFO] TableUtils dropping table 'versionfield'
2024-04-22 02:30:37,863 [INFO] TableUtils ignoring drop error 'org.h2.jdbc.JdbcSQLSyntaxErrorException: Table "VERSIONFIELD" not found; SQL statement:
DROP TABLE `versionfield`  [42102-200]' for statement: DROP TABLE `versionfield` 
2024-04-22 02:30:37,863 [INFO] TableUtils creating table 'versionfield'
2024-04-22 02:30:37,864 [INFO] TableUtils executed create table statement changed 0 rows: CREATE TABLE `versionfield` (`id` INTEGER AUTO_INCREMENT , `stuff1` VARCHAR(255) , `version` INTEGER , `stuff2` VARCHAR(255) , PRIMARY KEY (`id`) ) 
2024-04-22 02:30:37,865 [DEBUG] BaseMappedStatement insert data with statement 'INSERT INTO `versionfield` (`stuff1` ,`version` ,`stuff2` ) VALUES (?,?,?)' and 3 args, changed 1 rows
2024-04-22 02:30:37,865 [TRACE] BaseMappedStatement insert arguments: [null, 10, null]
2024-04-22 02:30:37,865 [DEBUG] BaseMappedStatement assigned id '1' from keyholder to 'id' in VersionField object
2024-04-22 02:30:37,865 [DEBUG] BaseMappedStatement query-for-id using 'SELECT * FROM `versionfield` WHERE `id` = ?' and 1 args, got 1 result
2024-04-22 02:30:37,865 [TRACE] BaseMappedStatement query-for-id arguments: [1]
2024-04-22 02:30:37,866 [DEBUG] BaseMappedStatement update data with statement 'UPDATE `versionfield` SET `stuff1` = ?, `version` = ?, `stuff2` = ? WHERE `id` = ? AND `version` = ?' and 5 args, changed 1 rows
2024-04-22 02:30:37,866 [TRACE] BaseMappedStatement update arguments: [null, 11, null, 1, 10]
2024-04-22 02:30:37,866 [DEBUG] BaseMappedStatement update data with statement 'UPDATE `versionfield` SET `stuff1` = ?, `version` = ?, `stuff2` = ? WHERE `id` = ? AND `version` = ?' and 5 args, changed 1 rows
2024-04-22 02:30:37,866 [TRACE] BaseMappedStatement update arguments: [null, 12, null, 1, 11]
2024-04-22 02:30:37,867 [INFO] TableUtils dropping table 'versionfielddate'
2024-04-22 02:30:37,868 [INFO] TableUtils ignoring drop error 'org.h2.jdbc.JdbcSQLSyntaxErrorException: Table "VERSIONFIELDDATE" not found; SQL statement:
DROP TABLE `versionfielddate`  [42102-200]' for statement: DROP TABLE `versionfielddate` 
2024-04-22 02:30:37,869 [INFO] TableUtils creating table 'versionfielddate'
2024-04-22 02:30:37,869 [INFO] TableUtils executed create table statement changed 0 rows: CREATE TABLE `versionfielddate` (`id` INTEGER AUTO_INCREMENT , `stuff1` VARCHAR(255) , `version` TIMESTAMP , `stuff2` VARCHAR(255) , PRIMARY KEY (`id`) ) 
2024-04-22 02:30:37,870 [DEBUG] BaseMappedStatement insert data with statement 'INSERT INTO `versionfielddate` (`stuff1` ,`version` ,`stuff2` ) VALUES (?,?,?)' and 3 args, changed 1 rows
2024-04-22 02:30:37,870 [TRACE] BaseMappedStatement insert arguments: [null, 2024-04-22 02:30:37.87, null]
2024-04-22 02:30:37,870 [DEBUG] BaseMappedStatement assigned id '1' from keyholder to 'id' in VersionFieldDate object
2024-04-22 02:30:37,871 [DEBUG] BaseMappedStatement update data with statement 'UPDATE `versionfielddate` SET `stuff1` = ?, `version` = ?, `stuff2` = ? WHERE `id` = ? AND `version` = ?' and 5 args, changed 1 rows
2024-04-22 02:30:37,871 [TRACE] BaseMappedStatement update arguments: [null, 2024-04-22 02:30:37.871, null, 1, 2024-04-22 02:30:37.87]
2024-04-22 02:30:37,872 [INFO] TableUtils dropping table 'versionfielddatelong'
2024-04-22 02:30:37,873 [INFO] TableUtils ignoring drop error 'org.h2.jdbc.JdbcSQLSyntaxErrorException: Table "VERSIONFIELDDATELONG" not found; SQL statement:
DROP TABLE `versionfielddatelong`  [42102-200]' for statement: DROP TABLE `versionfielddatelong` 
2024-04-22 02:30:37,874 [INFO] TableUtils creating table 'versionfielddatelong'
2024-04-22 02:30:37,874 [INFO] TableUtils executed create table statement changed 0 rows: CREATE TABLE `versionfielddatelong` (`id` INTEGER AUTO_INCREMENT , `stuff1` VARCHAR(255) , `version` BIGINT , `stuff2` VARCHAR(255) , PRIMARY KEY (`id`) ) 
2024-04-22 02:30:37,875 [DEBUG] BaseMappedStatement insert data with statement 'INSERT INTO `versionfielddatelong` (`stuff1` ,`version` ,`stuff2` ) VALUES (?,?,?)' and 3 args, changed 1 rows
2024-04-22 02:30:37,875 [TRACE] BaseMappedStatement insert arguments: [null, 1713753037875, null]
2024-04-22 02:30:37,875 [DEBUG] BaseMappedStatement assigned id '1' from keyholder to 'id' in VersionFieldDateLong object
2024-04-22 02:30:37,876 [DEBUG] BaseMappedStatement update data with statement 'UPDATE `versionfielddatelong` SET `stuff1` = ?, `version` = ?, `stuff2` = ? WHERE `id` = ? AND `version` = ?' and 5 args, changed 1 rows
2024-04-22 02:30:37,876 [TRACE] BaseMappedStatement update arguments: [null, 1713753037876, null, 1, 1713753037875]
2024-04-22 02:30:37,877 [INFO] TableUtils dropping table 'versionfield'
2024-04-22 02:30:37,878 [INFO] TableUtils ignoring drop error 'org.h2.jdbc.JdbcSQLSyntaxErrorException: Table "VERSIONFIELD" not found; SQL statement:
DROP TABLE `versionfield`  [42102-200]' for statement: DROP TABLE `versionfield` 
2024-04-22 02:30:37,878 [INFO] TableUtils creating table 'versionfield'
2024-04-22 02:30:37,879 [INFO] TableUtils executed create table statement changed 0 rows: CREATE TABLE `versionfield` (`id` INTEGER AUTO_INCREMENT , `stuff1` VARCHAR(255) , `version` INTEGER , `stuff2` VARCHAR(255) , PRIMARY KEY (`id`) ) 
2024-04-22 02:30:37,879 [DEBUG] BaseMappedStatement insert data with statement 'INSERT INTO `versionfield` (`stuff1` ,`version` ,`stuff2` ) VALUES (?,?,?)' and 3 args, changed 1 rows
2024-04-22 02:30:37,880 [TRACE] BaseMappedStatement insert arguments: [null, 0, null]
2024-04-22 02:30:37,880 [DEBUG] BaseMappedStatement assigned id '1' from keyholder to 'id' in VersionField object
2024-04-22 02:30:37,880 [DEBUG] BaseMappedStatement update data with statement 'UPDATE `versionfield` SET `stuff1` = ?, `version` = ?, `stuff2` = ? WHERE `id` = ? AND `version` = ?' and 5 args, changed 1 rows
2024-04-22 02:30:37,880 [TRACE] BaseMappedStatement update arguments: [null, 1, null, 1, 0]
2024-04-22 02:30:37,881 [DEBUG] BaseMappedStatement update data with statement 'UPDATE `versionfield` SET `stuff1` = ?, `version` = ?, `stuff2` = ? WHERE `id` = ? AND `version` = ?' and 5 args, changed 1 rows
2024-04-22 02:30:37,881 [TRACE] BaseMappedStatement update arguments: [null, 2, null, 1, 1]
2024-04-22 02:30:37,881 [DEBUG] BaseMappedStatement query-for-id using 'SELECT * FROM `versionfield` WHERE `id` = ?' and 1 args, got 1 result
2024-04-22 02:30:37,881 [TRACE] BaseMappedStatement query-for-id arguments: [1]
2024-04-22 02:30:37,882 [DEBUG] BaseMappedStatement update data with statement 'UPDATE `versionfield` SET `stuff1` = ?, `version` = ?, `stuff2` = ? WHERE `id` = ? AND `version` = ?' and 5 args, changed 1 rows
2024-04-22 02:30:37,882 [TRACE] BaseMappedStatement update arguments: [null, 3, null, 1, 2]
2024-04-22 02:30:37,882 [DEBUG] BaseMappedStatement update data with statement 'UPDATE `versionfield` SET `stuff1` = ?, `version` = ?, `stuff2` = ? WHERE `id` = ? AND `version` = ?' and 5 args, changed 0 rows
2024-04-22 02:30:37,882 [TRACE] BaseMappedStatement update arguments: [null, 3, null, 1, 2]
2024-04-22 02:30:37,882 [INFO] TableUtils dropping table 'foo'
2024-04-22 02:30:37,883 [INFO] TableUtils ignoring drop error 'org.h2.jdbc.JdbcSQLSyntaxErrorException: Table "FOO" not found; SQL statement:
DROP TABLE `foo`  [42102-200]' for statement: DROP TABLE `foo` 
2024-04-22 02:30:37,883 [INFO] TableUtils creating table 'foo'
2024-04-22 02:30:37,884 [INFO] TableUtils executed create table statement changed 0 rows: CREATE TABLE `foo` (`id` INTEGER AUTO_INCREMENT , `val` INTEGER , `equal` INTEGER , `string` VARCHAR(255) , PRIMARY KEY (`id`) ) 
2024-04-22 02:30:37,885 [DEBUG] BaseMappedStatement insert data with statement 'INSERT INTO `foo` (`val` ,`equal` ,`string` ) VALUES (?,?,?)' and 3 args, changed 1 rows
2024-04-22 02:30:37,885 [TRACE] BaseMappedStatement insert arguments: [1, 10, null]
2024-04-22 02:30:37,885 [DEBUG] BaseMappedStatement assigned id '1' from keyholder to 'id' in Foo object
2024-04-22 02:30:37,885 [DEBUG] StatementExecutor executing raw query for: SELECT * FROM `foo` WHERE `val` = ?
2024-04-22 02:30:37,885 [TRACE] StatementExecutor query arguments: [1]
2024-04-22 02:30:37,886 [INFO] TableUtils dropping table 'foo'
2024-04-22 02:30:37,887 [INFO] TableUtils ignoring drop error 'org.h2.jdbc.JdbcSQLSyntaxErrorException: Table "FOO" not found; SQL statement:
DROP TABLE `foo`  [42102-200]' for statement: DROP TABLE `foo` 
2024-04-22 02:30:37,887 [INFO] TableUtils creating table 'foo'
2024-04-22 02:30:37,888 [INFO] TableUtils executed create table statement changed 0 rows: CREATE TABLE `foo` (`id` INTEGER AUTO_INCREMENT , `val` INTEGER , `equal` INTEGER , `string` VARCHAR(255) , PRIMARY KEY (`id`) ) 
2024-04-22 02:30:37,889 [DEBUG] BaseMappedStatement insert data with statement 'INSERT INTO `foo` (`val` ,`equal` ,`string` ) VALUES (?,?,?)' and 3 args, changed 1 rows
2024-04-22 02:30:37,889 [TRACE] BaseMappedStatement insert arguments: [342, 0, null]
2024-04-22 02:30:37,889 [DEBUG] BaseMappedStatement assigned id '1' from keyholder to 'id' in Foo object
2024-04-22 02:30:37,889 [DEBUG] BaseMappedStatement insert data with statement 'INSERT INTO `foo` (`val` ,`equal` ,`string` ) VALUES (?,?,?)' and 3 args, changed 1 rows
2024-04-22 02:30:37,889 [TRACE] BaseMappedStatement insert arguments: [9045342, 0, null]
2024-04-22 02:30:37,889 [DEBUG] BaseMappedStatement assigned id '2' from keyholder to 'id' in Foo object
2024-04-22 02:30:37,889 [DEBUG] StatementExecutor executing raw query for: SELECT MAX(val) FROM `foo`
2024-04-22 02:30:37,895 [INFO] TableUtils dropping table 'foo'
2024-04-22 02:30:37,896 [INFO] TableUtils ignoring drop error 'org.h2.jdbc.JdbcSQLSyntaxErrorException: Table "FOO" not found; SQL statement:
DROP TABLE `foo`  [42102-200]' for statement: DROP TABLE `foo` 
2024-04-22 02:30:37,896 [INFO] TableUtils creating table 'foo'
2024-04-22 02:30:37,896 [INFO] TableUtils executed create table statement changed 0 rows: CREATE TABLE `foo` (`id` INTEGER AUTO_INCREMENT , `val` INTEGER , `equal` INTEGER , `string` VARCHAR(255) , PRIMARY KEY (`id`) ) 
2024-04-22 02:30:37,897 [DEBUG] BaseMappedStatement insert data with statement 'INSERT INTO `foo` (`val` ,`equal` ,`string` ) VALUES (?,?,?)' and 3 args, changed 1 rows
2024-04-22 02:30:37,897 [TRACE] BaseMappedStatement insert arguments: [1, 10, null]
2024-04-22 02:30:37,897 [DEBUG] BaseMappedStatement assigned id '1' from keyholder to 'id' in Foo object
2024-04-22 02:30:37,897 [DEBUG] BaseMappedStatement insert data with statement 'INSERT INTO `foo` (`val` ,`equal` ,`string` ) VALUES (?,?,?)' and 3 args, changed 1 rows
2024-04-22 02:30:37,897 [TRACE] BaseMappedStatement insert arguments: [10, 5, null]
2024-04-22 02:30:37,897 [DEBUG] BaseMappedStatement assigned id '2' from keyholder to 'id' in Foo object
2024-04-22 02:30:37,897 [DEBUG] StatementExecutor executing raw query for: SELECT COUNT(*) FROM `foo`
2024-04-22 02:30:37,898 [DEBUG] StatementExecutor executing raw query for: SELECT MIN(val), MAX(val) FROM `foo`
2024-04-22 02:30:37,899 [INFO] TableUtils dropping table 'foo'
2024-04-22 02:30:37,900 [INFO] TableUtils ignoring drop error 'org.h2.jdbc.JdbcSQLSyntaxErrorException: Table "FOO" not found; SQL statement:
DROP TABLE `foo`  [42102-200]' for statement: DROP TABLE `foo` 
2024-04-22 02:30:37,900 [INFO] TableUtils creating table 'foo'
2024-04-22 02:30:37,900 [INFO] TableUtils executed create table statement changed 0 rows: CREATE TABLE `foo` (`id` INTEGER AUTO_INCREMENT , `val` INTEGER , `equal` INTEGER , `string` VARCHAR(255) , PRIMARY KEY (`id`) ) 
2024-04-22 02:30:37,901 [DEBUG] BaseMappedStatement insert data with statement 'INSERT INTO `foo` (`val` ,`equal` ,`string` ) VALUES (?,?,?)' and 3 args, changed 1 rows
2024-04-22 02:30:37,901 [TRACE] BaseMappedStatement insert arguments: [1213213, 0, null]
2024-04-22 02:30:37,901 [DEBUG] BaseMappedStatement assigned id '1' from keyholder to 'id' in Foo object
2024-04-22 02:30:37,902 [DEBUG] StatementExecutor executing raw query for: select id as SOME_ID, val as SOME_VAL from foo
2024-04-22 02:30:37,903 [INFO] TableUtils dropping table 'foo'
2024-04-22 02:30:37,904 [INFO] TableUtils ignoring drop error 'org.h2.jdbc.JdbcSQLSyntaxErrorException: Table "FOO" not found; SQL statement:
DROP TABLE `foo`  [42102-200]' for statement: DROP TABLE `foo` 
2024-04-22 02:30:37,904 [INFO] TableUtils creating table 'foo'
2024-04-22 02:30:37,904 [INFO] TableUtils executed create table statement changed 0 rows: CREATE TABLE `foo` (`id` INTEGER AUTO_INCREMENT , `val` INTEGER , `equal` INTEGER , `string` VARCHAR(255) , PRIMARY KEY (`id`) ) 
2024-04-22 02:30:37,905 [DEBUG] BaseMappedStatement insert data with statement 'INSERT INTO `foo` (`val` ,`equal` ,`string` ) VALUES (?,?,?)' and 3 args, changed 1 rows
2024-04-22 02:30:37,905 [TRACE] BaseMappedStatement insert arguments: [243342, 0, null]
2024-04-22 02:30:37,905 [DEBUG] BaseMappedStatement assigned id '1' from keyholder to 'id' in Foo object
2024-04-22 02:30:37,905 [DEBUG] BaseMappedStatement insert data with statement 'INSERT INTO `foo` (`val` ,`equal` ,`string` ) VALUES (?,?,?)' and 3 args, changed 1 rows
2024-04-22 02:30:37,905 [TRACE] BaseMappedStatement insert arguments: [243342, 0, null]
2024-04-22 02:30:37,905 [DEBUG] BaseMappedStatement assigned id '2' from keyholder to 'id' in Foo object
2024-04-22 02:30:37,906 [DEBUG] BaseMappedStatement insert data with statement 'INSERT INTO `foo` (`val` ,`equal` ,`string` ) VALUES (?,?,?)' and 3 args, changed 1 rows
2024-04-22 02:30:37,906 [TRACE] BaseMappedStatement insert arguments: [6543, 0, null]
2024-04-22 02:30:37,906 [DEBUG] BaseMappedStatement assigned id '3' from keyholder to 'id' in Foo object
2024-04-22 02:30:37,906 [DEBUG] StatementExecutor executing raw query for: SELECT `val` FROM `foo` GROUP BY `val` HAVING COUNT(VAL) > 1
2024-04-22 02:30:37,907 [DEBUG] StatementExecutor executing raw query for: SELECT `val` FROM `foo` GROUP BY `val` HAVING COUNT(VAL) > 2
2024-04-22 02:30:37,908 [INFO] TableUtils dropping table 'foo'
2024-04-22 02:30:37,909 [INFO] TableUtils ignoring drop error 'org.h2.jdbc.JdbcSQLSyntaxErrorException: Table "FOO" not found; SQL statement:
DROP TABLE `foo`  [42102-200]' for statement: DROP TABLE `foo` 
2024-04-22 02:30:37,909 [INFO] TableUtils creating table 'foo'
2024-04-22 02:30:37,910 [INFO] TableUtils executed create table statement changed 0 rows: CREATE TABLE `foo` (`id` INTEGER AUTO_INCREMENT , `val` INTEGER , `equal` INTEGER , `string` VARCHAR(255) , PRIMARY KEY (`id`) ) 
2024-04-22 02:30:37,911 [ERROR] Log4jLogBackendTest message
java.lang.Throwable: log throwable
	at com.j256.ormlite.logger.BaseLogBackendTest.testErrorStringThrowable(BaseLogBackendTest.java:78)
	at sun.reflect.NativeMethodAccessorImpl.invoke0(Native Method)
	at sun.reflect.NativeMethodAccessorImpl.invoke(NativeMethodAccessorImpl.java:62)
	at sun.reflect.DelegatingMethodAccessorImpl.invoke(DelegatingMethodAccessorImpl.java:43)
	at java.lang.reflect.Method.invoke(Method.java:498)
	at org.junit.runners.model.FrameworkMethod$1.runReflectiveCall(FrameworkMethod.java:59)
	at org.junit.internal.runners.model.ReflectiveCallable.run(ReflectiveCallable.java:12)
	at org.junit.runners.model.FrameworkMethod.invokeExplosively(FrameworkMethod.java:56)
	at org.junit.internal.runners.statements.InvokeMethod.evaluate(InvokeMethod.java:17)
	at org.junit.runners.ParentRunner$3.evaluate(ParentRunner.java:306)
	at org.junit.runners.BlockJUnit4ClassRunner$1.evaluate(BlockJUnit4ClassRunner.java:100)
	at org.junit.runners.ParentRunner.runLeaf(ParentRunner.java:366)
	at org.junit.runners.BlockJUnit4ClassRunner.runChild(BlockJUnit4ClassRunner.java:103)
	at org.junit.runners.BlockJUnit4ClassRunner.runChild(BlockJUnit4ClassRunner.java:63)
	at org.junit.runners.ParentRunner$4.run(ParentRunner.java:331)
	at org.junit.runners.ParentRunner$1.schedule(ParentRunner.java:79)
	at org.junit.runners.ParentRunner.runChildren(ParentRunner.java:329)
	at org.junit.runners.ParentRunner.access$100(ParentRunner.java:66)
	at org.junit.runners.ParentRunner$2.evaluate(ParentRunner.java:293)
	at org.junit.runners.ParentRunner$3.evaluate(ParentRunner.java:306)
	at org.junit.runners.ParentRunner.run(ParentRunner.java:413)
	at org.junit.runners.Suite.runChild(Suite.java:128)
	at org.junit.runners.Suite.runChild(Suite.java:27)
	at org.junit.runners.ParentRunner$4.run(ParentRunner.java:331)
	at org.junit.runners.ParentRunner$1.schedule(ParentRunner.java:79)
	at org.junit.runners.ParentRunner.runChildren(ParentRunner.java:329)
	at org.junit.runners.ParentRunner.access$100(ParentRunner.java:66)
	at org.junit.runners.ParentRunner$2.evaluate(ParentRunner.java:293)
	at org.junit.runners.ParentRunner$3.evaluate(ParentRunner.java:306)
	at org.junit.runners.ParentRunner.run(ParentRunner.java:413)
	at org.junit.runner.JUnitCore.run(JUnitCore.java:137)
	at org.junit.runner.JUnitCore.run(JUnitCore.java:115)
	at edu.illinois.cs.testrunner.execution.JUnitTestExecutor.execute(JUnitTestExecutor.java:246)
	at edu.illinois.cs.testrunner.execution.JUnitTestExecutor.executeWithJUnit4Runner(JUnitTestExecutor.java:315)
	at edu.illinois.cs.testrunner.execution.JUnitTestExecutor.runOrder(JUnitTestExecutor.java:46)
	at edu.illinois.cs.testrunner.execution.Executor$.$anonfun$run$1(Executor.scala:30)
	at scala.runtime.java8.JFunction0$mcV$sp.apply(JFunction0$mcV$sp.java:12)
	at scala.util.Try$.apply(Try.scala:209)
	at edu.illinois.cs.testrunner.execution.Executor$.run(Executor.scala:28)
	at edu.illinois.cs.testrunner.execution.Executor$.main(Executor.scala:18)
	at edu.illinois.cs.testrunner.execution.Executor.main(Executor.scala)
2024-04-22 02:30:37,911 [WARN] Log4jLogBackendTest message
2024-04-22 02:30:37,911 [INFO] Log4jLogBackendTest hello there
2024-04-22 02:30:37,911 [ERROR] Log4jLogBackendTest message
2024-04-22 02:30:37,911 [INFO] Log4jLogBackendTest message
java.lang.Throwable: log throwable
	at com.j256.ormlite.logger.BaseLogBackendTest.testInfoStringThrowable(BaseLogBackendTest.java:58)
	at sun.reflect.NativeMethodAccessorImpl.invoke0(Native Method)
	at sun.reflect.NativeMethodAccessorImpl.invoke(NativeMethodAccessorImpl.java:62)
	at sun.reflect.DelegatingMethodAccessorImpl.invoke(DelegatingMethodAccessorImpl.java:43)
	at java.lang.reflect.Method.invoke(Method.java:498)
	at org.junit.runners.model.FrameworkMethod$1.runReflectiveCall(FrameworkMethod.java:59)
	at org.junit.internal.runners.model.ReflectiveCallable.run(ReflectiveCallable.java:12)
	at org.junit.runners.model.FrameworkMethod.invokeExplosively(FrameworkMethod.java:56)
	at org.junit.internal.runners.statements.InvokeMethod.evaluate(InvokeMethod.java:17)
	at org.junit.runners.ParentRunner$3.evaluate(ParentRunner.java:306)
	at org.junit.runners.BlockJUnit4ClassRunner$1.evaluate(BlockJUnit4ClassRunner.java:100)
	at org.junit.runners.ParentRunner.runLeaf(ParentRunner.java:366)
	at org.junit.runners.BlockJUnit4ClassRunner.runChild(BlockJUnit4ClassRunner.java:103)
	at org.junit.runners.BlockJUnit4ClassRunner.runChild(BlockJUnit4ClassRunner.java:63)
	at org.junit.runners.ParentRunner$4.run(ParentRunner.java:331)
	at org.junit.runners.ParentRunner$1.schedule(ParentRunner.java:79)
	at org.junit.runners.ParentRunner.runChildren(ParentRunner.java:329)
	at org.junit.runners.ParentRunner.access$100(ParentRunner.java:66)
	at org.junit.runners.ParentRunner$2.evaluate(ParentRunner.java:293)
	at org.junit.runners.ParentRunner$3.evaluate(ParentRunner.java:306)
	at org.junit.runners.ParentRunner.run(ParentRunner.java:413)
	at org.junit.runners.Suite.runChild(Suite.java:128)
	at org.junit.runners.Suite.runChild(Suite.java:27)
	at org.junit.runners.ParentRunner$4.run(ParentRunner.java:331)
	at org.junit.runners.ParentRunner$1.schedule(ParentRunner.java:79)
	at org.junit.runners.ParentRunner.runChildren(ParentRunner.java:329)
	at org.junit.runners.ParentRunner.access$100(ParentRunner.java:66)
	at org.junit.runners.ParentRunner$2.evaluate(ParentRunner.java:293)
	at org.junit.runners.ParentRunner$3.evaluate(ParentRunner.java:306)
	at org.junit.runners.ParentRunner.run(ParentRunner.java:413)
	at org.junit.runner.JUnitCore.run(JUnitCore.java:137)
	at org.junit.runner.JUnitCore.run(JUnitCore.java:115)
	at edu.illinois.cs.testrunner.execution.JUnitTestExecutor.execute(JUnitTestExecutor.java:246)
	at edu.illinois.cs.testrunner.execution.JUnitTestExecutor.executeWithJUnit4Runner(JUnitTestExecutor.java:315)
	at edu.illinois.cs.testrunner.execution.JUnitTestExecutor.runOrder(JUnitTestExecutor.java:46)
	at edu.illinois.cs.testrunner.execution.Executor$.$anonfun$run$1(Executor.scala:30)
	at scala.runtime.java8.JFunction0$mcV$sp.apply(JFunction0$mcV$sp.java:12)
	at scala.util.Try$.apply(Try.scala:209)
	at edu.illinois.cs.testrunner.execution.Executor$.run(Executor.scala:28)
	at edu.illinois.cs.testrunner.execution.Executor$.main(Executor.scala:18)
	at edu.illinois.cs.testrunner.execution.Executor.main(Executor.scala)
2024-04-22 02:30:37,912 [INFO] Log4jLogBackendTest message
2024-04-22 02:30:37,912 [FATAL] Log4jLogBackendTest message
java.lang.Throwable: log throwable
	at com.j256.ormlite.logger.BaseLogBackendTest.testFatalStringThrowable(BaseLogBackendTest.java:88)
	at sun.reflect.NativeMethodAccessorImpl.invoke0(Native Method)
	at sun.reflect.NativeMethodAccessorImpl.invoke(NativeMethodAccessorImpl.java:62)
	at sun.reflect.DelegatingMethodAccessorImpl.invoke(DelegatingMethodAccessorImpl.java:43)
	at java.lang.reflect.Method.invoke(Method.java:498)
	at org.junit.runners.model.FrameworkMethod$1.runReflectiveCall(FrameworkMethod.java:59)
	at org.junit.internal.runners.model.ReflectiveCallable.run(ReflectiveCallable.java:12)
	at org.junit.runners.model.FrameworkMethod.invokeExplosively(FrameworkMethod.java:56)
	at org.junit.internal.runners.statements.InvokeMethod.evaluate(InvokeMethod.java:17)
	at org.junit.runners.ParentRunner$3.evaluate(ParentRunner.java:306)
	at org.junit.runners.BlockJUnit4ClassRunner$1.evaluate(BlockJUnit4ClassRunner.java:100)
	at org.junit.runners.ParentRunner.runLeaf(ParentRunner.java:366)
	at org.junit.runners.BlockJUnit4ClassRunner.runChild(BlockJUnit4ClassRunner.java:103)
	at org.junit.runners.BlockJUnit4ClassRunner.runChild(BlockJUnit4ClassRunner.java:63)
	at org.junit.runners.ParentRunner$4.run(ParentRunner.java:331)
	at org.junit.runners.ParentRunner$1.schedule(ParentRunner.java:79)
	at org.junit.runners.ParentRunner.runChildren(ParentRunner.java:329)
	at org.junit.runners.ParentRunner.access$100(ParentRunner.java:66)
	at org.junit.runners.ParentRunner$2.evaluate(ParentRunner.java:293)
	at org.junit.runners.ParentRunner$3.evaluate(ParentRunner.java:306)
	at org.junit.runners.ParentRunner.run(ParentRunner.java:413)
	at org.junit.runners.Suite.runChild(Suite.java:128)
	at org.junit.runners.Suite.runChild(Suite.java:27)
	at org.junit.runners.ParentRunner$4.run(ParentRunner.java:331)
	at org.junit.runners.ParentRunner$1.schedule(ParentRunner.java:79)
	at org.junit.runners.ParentRunner.runChildren(ParentRunner.java:329)
	at org.junit.runners.ParentRunner.access$100(ParentRunner.java:66)
	at org.junit.runners.ParentRunner$2.evaluate(ParentRunner.java:293)
	at org.junit.runners.ParentRunner$3.evaluate(ParentRunner.java:306)
	at org.junit.runners.ParentRunner.run(ParentRunner.java:413)
	at org.junit.runner.JUnitCore.run(JUnitCore.java:137)
	at org.junit.runner.JUnitCore.run(JUnitCore.java:115)
	at edu.illinois.cs.testrunner.execution.JUnitTestExecutor.execute(JUnitTestExecutor.java:246)
	at edu.illinois.cs.testrunner.execution.JUnitTestExecutor.executeWithJUnit4Runner(JUnitTestExecutor.java:315)
	at edu.illinois.cs.testrunner.execution.JUnitTestExecutor.runOrder(JUnitTestExecutor.java:46)
	at edu.illinois.cs.testrunner.execution.Executor$.$anonfun$run$1(Executor.scala:30)
	at scala.runtime.java8.JFunction0$mcV$sp.apply(JFunction0$mcV$sp.java:12)
	at scala.util.Try$.apply(Try.scala:209)
	at edu.illinois.cs.testrunner.execution.Executor$.run(Executor.scala:28)
	at edu.illinois.cs.testrunner.execution.Executor$.main(Executor.scala:18)
	at edu.illinois.cs.testrunner.execution.Executor.main(Executor.scala)
2024-04-22 02:30:37,912 [FATAL] Log4jLogBackendTest message
2024-04-22 02:30:37,913 [WARN] Log4jLogBackendTest message
java.lang.Throwable: log throwable
	at com.j256.ormlite.logger.BaseLogBackendTest.testWarnStringThrowable(BaseLogBackendTest.java:68)
	at sun.reflect.NativeMethodAccessorImpl.invoke0(Native Method)
	at sun.reflect.NativeMethodAccessorImpl.invoke(NativeMethodAccessorImpl.java:62)
	at sun.reflect.DelegatingMethodAccessorImpl.invoke(DelegatingMethodAccessorImpl.java:43)
	at java.lang.reflect.Method.invoke(Method.java:498)
	at org.junit.runners.model.FrameworkMethod$1.runReflectiveCall(FrameworkMethod.java:59)
	at org.junit.internal.runners.model.ReflectiveCallable.run(ReflectiveCallable.java:12)
	at org.junit.runners.model.FrameworkMethod.invokeExplosively(FrameworkMethod.java:56)
	at org.junit.internal.runners.statements.InvokeMethod.evaluate(InvokeMethod.java:17)
	at org.junit.runners.ParentRunner$3.evaluate(ParentRunner.java:306)
	at org.junit.runners.BlockJUnit4ClassRunner$1.evaluate(BlockJUnit4ClassRunner.java:100)
	at org.junit.runners.ParentRunner.runLeaf(ParentRunner.java:366)
	at org.junit.runners.BlockJUnit4ClassRunner.runChild(BlockJUnit4ClassRunner.java:103)
	at org.junit.runners.BlockJUnit4ClassRunner.runChild(BlockJUnit4ClassRunner.java:63)
	at org.junit.runners.ParentRunner$4.run(ParentRunner.java:331)
	at org.junit.runners.ParentRunner$1.schedule(ParentRunner.java:79)
	at org.junit.runners.ParentRunner.runChildren(ParentRunner.java:329)
	at org.junit.runners.ParentRunner.access$100(ParentRunner.java:66)
	at org.junit.runners.ParentRunner$2.evaluate(ParentRunner.java:293)
	at org.junit.runners.ParentRunner$3.evaluate(ParentRunner.java:306)
	at org.junit.runners.ParentRunner.run(ParentRunner.java:413)
	at org.junit.runners.Suite.runChild(Suite.java:128)
	at org.junit.runners.Suite.runChild(Suite.java:27)
	at org.junit.runners.ParentRunner$4.run(ParentRunner.java:331)
	at org.junit.runners.ParentRunner$1.schedule(ParentRunner.java:79)
	at org.junit.runners.ParentRunner.runChildren(ParentRunner.java:329)
	at org.junit.runners.ParentRunner.access$100(ParentRunner.java:66)
	at org.junit.runners.ParentRunner$2.evaluate(ParentRunner.java:293)
	at org.junit.runners.ParentRunner$3.evaluate(ParentRunner.java:306)
	at org.junit.runners.ParentRunner.run(ParentRunner.java:413)
	at org.junit.runner.JUnitCore.run(JUnitCore.java:137)
	at org.junit.runner.JUnitCore.run(JUnitCore.java:115)
	at edu.illinois.cs.testrunner.execution.JUnitTestExecutor.execute(JUnitTestExecutor.java:246)
	at edu.illinois.cs.testrunner.execution.JUnitTestExecutor.executeWithJUnit4Runner(JUnitTestExecutor.java:315)
	at edu.illinois.cs.testrunner.execution.JUnitTestExecutor.runOrder(JUnitTestExecutor.java:46)
	at edu.illinois.cs.testrunner.execution.Executor$.$anonfun$run$1(Executor.scala:30)
	at scala.runtime.java8.JFunction0$mcV$sp.apply(JFunction0$mcV$sp.java:12)
	at scala.util.Try$.apply(Try.scala:209)
	at edu.illinois.cs.testrunner.execution.Executor$.run(Executor.scala:28)
	at edu.illinois.cs.testrunner.execution.Executor$.main(Executor.scala:18)
	at edu.illinois.cs.testrunner.execution.Executor.main(Executor.scala)
2024-04-22 02:30:37,914 [DEBUG] LocalLogBackendTest message
java.lang.Throwable: log throwable
	at com.j256.ormlite.logger.BaseLogBackendTest.testDebugStringThrowable(BaseLogBackendTest.java:48)
	at sun.reflect.NativeMethodAccessorImpl.invoke0(Native Method)
	at sun.reflect.NativeMethodAccessorImpl.invoke(NativeMethodAccessorImpl.java:62)
	at sun.reflect.DelegatingMethodAccessorImpl.invoke(DelegatingMethodAccessorImpl.java:43)
	at java.lang.reflect.Method.invoke(Method.java:498)
	at org.junit.runners.model.FrameworkMethod$1.runReflectiveCall(FrameworkMethod.java:59)
	at org.junit.internal.runners.model.ReflectiveCallable.run(ReflectiveCallable.java:12)
	at org.junit.runners.model.FrameworkMethod.invokeExplosively(FrameworkMethod.java:56)
	at org.junit.internal.runners.statements.InvokeMethod.evaluate(InvokeMethod.java:17)
	at org.junit.runners.ParentRunner$3.evaluate(ParentRunner.java:306)
	at org.junit.runners.BlockJUnit4ClassRunner$1.evaluate(BlockJUnit4ClassRunner.java:100)
	at org.junit.runners.ParentRunner.runLeaf(ParentRunner.java:366)
	at org.junit.runners.BlockJUnit4ClassRunner.runChild(BlockJUnit4ClassRunner.java:103)
	at org.junit.runners.BlockJUnit4ClassRunner.runChild(BlockJUnit4ClassRunner.java:63)
	at org.junit.runners.ParentRunner$4.run(ParentRunner.java:331)
	at org.junit.runners.ParentRunner$1.schedule(ParentRunner.java:79)
	at org.junit.runners.ParentRunner.runChildren(ParentRunner.java:329)
	at org.junit.runners.ParentRunner.access$100(ParentRunner.java:66)
	at org.junit.runners.ParentRunner$2.evaluate(ParentRunner.java:293)
	at org.junit.runners.ParentRunner$3.evaluate(ParentRunner.java:306)
	at org.junit.runners.ParentRunner.run(ParentRunner.java:413)
	at org.junit.runners.Suite.runChild(Suite.java:128)
	at org.junit.runners.Suite.runChild(Suite.java:27)
	at org.junit.runners.ParentRunner$4.run(ParentRunner.java:331)
	at org.junit.runners.ParentRunner$1.schedule(ParentRunner.java:79)
	at org.junit.runners.ParentRunner.runChildren(ParentRunner.java:329)
	at org.junit.runners.ParentRunner.access$100(ParentRunner.java:66)
	at org.junit.runners.ParentRunner$2.evaluate(ParentRunner.java:293)
	at org.junit.runners.ParentRunner$3.evaluate(ParentRunner.java:306)
	at org.junit.runners.ParentRunner.run(ParentRunner.java:413)
	at org.junit.runner.JUnitCore.run(JUnitCore.java:137)
	at org.junit.runner.JUnitCore.run(JUnitCore.java:115)
	at edu.illinois.cs.testrunner.execution.JUnitTestExecutor.execute(JUnitTestExecutor.java:246)
	at edu.illinois.cs.testrunner.execution.JUnitTestExecutor.executeWithJUnit4Runner(JUnitTestExecutor.java:315)
	at edu.illinois.cs.testrunner.execution.JUnitTestExecutor.runOrder(JUnitTestExecutor.java:46)
	at edu.illinois.cs.testrunner.execution.Executor$.$anonfun$run$1(Executor.scala:30)
	at scala.runtime.java8.JFunction0$mcV$sp.apply(JFunction0$mcV$sp.java:12)
	at scala.util.Try$.apply(Try.scala:209)
	at edu.illinois.cs.testrunner.execution.Executor$.run(Executor.scala:28)
	at edu.illinois.cs.testrunner.execution.Executor$.main(Executor.scala:18)
	at edu.illinois.cs.testrunner.execution.Executor.main(Executor.scala)
IO exception reading the log properties file '/ormliteLocalLog.properties': java.io.IOException: simulated exception
2024-04-22 02:30:37,916 [DEBUG] LocalLogBackendTest message
2024-04-22 02:30:37,916 [ERROR] LocalLogBackendTest message
java.lang.Throwable: log throwable
	at com.j256.ormlite.logger.BaseLogBackendTest.testErrorStringThrowable(BaseLogBackendTest.java:78)
	at sun.reflect.NativeMethodAccessorImpl.invoke0(Native Method)
	at sun.reflect.NativeMethodAccessorImpl.invoke(NativeMethodAccessorImpl.java:62)
	at sun.reflect.DelegatingMethodAccessorImpl.invoke(DelegatingMethodAccessorImpl.java:43)
	at java.lang.reflect.Method.invoke(Method.java:498)
	at org.junit.runners.model.FrameworkMethod$1.runReflectiveCall(FrameworkMethod.java:59)
	at org.junit.internal.runners.model.ReflectiveCallable.run(ReflectiveCallable.java:12)
	at org.junit.runners.model.FrameworkMethod.invokeExplosively(FrameworkMethod.java:56)
	at org.junit.internal.runners.statements.InvokeMethod.evaluate(InvokeMethod.java:17)
	at org.junit.runners.ParentRunner$3.evaluate(ParentRunner.java:306)
	at org.junit.runners.BlockJUnit4ClassRunner$1.evaluate(BlockJUnit4ClassRunner.java:100)
	at org.junit.runners.ParentRunner.runLeaf(ParentRunner.java:366)
	at org.junit.runners.BlockJUnit4ClassRunner.runChild(BlockJUnit4ClassRunner.java:103)
	at org.junit.runners.BlockJUnit4ClassRunner.runChild(BlockJUnit4ClassRunner.java:63)
	at org.junit.runners.ParentRunner$4.run(ParentRunner.java:331)
	at org.junit.runners.ParentRunner$1.schedule(ParentRunner.java:79)
	at org.junit.runners.ParentRunner.runChildren(ParentRunner.java:329)
	at org.junit.runners.ParentRunner.access$100(ParentRunner.java:66)
	at org.junit.runners.ParentRunner$2.evaluate(ParentRunner.java:293)
	at org.junit.runners.ParentRunner$3.evaluate(ParentRunner.java:306)
	at org.junit.runners.ParentRunner.run(ParentRunner.java:413)
	at org.junit.runners.Suite.runChild(Suite.java:128)
	at org.junit.runners.Suite.runChild(Suite.java:27)
	at org.junit.runners.ParentRunner$4.run(ParentRunner.java:331)
	at org.junit.runners.ParentRunner$1.schedule(ParentRunner.java:79)
	at org.junit.runners.ParentRunner.runChildren(ParentRunner.java:329)
	at org.junit.runners.ParentRunner.access$100(ParentRunner.java:66)
	at org.junit.runners.ParentRunner$2.evaluate(ParentRunner.java:293)
	at org.junit.runners.ParentRunner$3.evaluate(ParentRunner.java:306)
	at org.junit.runners.ParentRunner.run(ParentRunner.java:413)
	at org.junit.runner.JUnitCore.run(JUnitCore.java:137)
	at org.junit.runner.JUnitCore.run(JUnitCore.java:115)
	at edu.illinois.cs.testrunner.execution.JUnitTestExecutor.execute(JUnitTestExecutor.java:246)
	at edu.illinois.cs.testrunner.execution.JUnitTestExecutor.executeWithJUnit4Runner(JUnitTestExecutor.java:315)
	at edu.illinois.cs.testrunner.execution.JUnitTestExecutor.runOrder(JUnitTestExecutor.java:46)
	at edu.illinois.cs.testrunner.execution.Executor$.$anonfun$run$1(Executor.scala:30)
	at scala.runtime.java8.JFunction0$mcV$sp.apply(JFunction0$mcV$sp.java:12)
	at scala.util.Try$.apply(Try.scala:209)
	at edu.illinois.cs.testrunner.execution.Executor$.run(Executor.scala:28)
	at edu.illinois.cs.testrunner.execution.Executor$.main(Executor.scala:18)
	at edu.illinois.cs.testrunner.execution.Executor.main(Executor.scala)
2024-04-22 02:30:37,917 [INFO] LocalLogBackendTest message
2024-04-22 02:30:37,917 [FATAL] LocalLogBackendTest message
java.lang.Throwable: log throwable
	at com.j256.ormlite.logger.BaseLogBackendTest.testFatalStringThrowable(BaseLogBackendTest.java:88)
	at sun.reflect.NativeMethodAccessorImpl.invoke0(Native Method)
	at sun.reflect.NativeMethodAccessorImpl.invoke(NativeMethodAccessorImpl.java:62)
	at sun.reflect.DelegatingMethodAccessorImpl.invoke(DelegatingMethodAccessorImpl.java:43)
	at java.lang.reflect.Method.invoke(Method.java:498)
	at org.junit.runners.model.FrameworkMethod$1.runReflectiveCall(FrameworkMethod.java:59)
	at org.junit.internal.runners.model.ReflectiveCallable.run(ReflectiveCallable.java:12)
	at org.junit.runners.model.FrameworkMethod.invokeExplosively(FrameworkMethod.java:56)
	at org.junit.internal.runners.statements.InvokeMethod.evaluate(InvokeMethod.java:17)
	at org.junit.runners.ParentRunner$3.evaluate(ParentRunner.java:306)
	at org.junit.runners.BlockJUnit4ClassRunner$1.evaluate(BlockJUnit4ClassRunner.java:100)
	at org.junit.runners.ParentRunner.runLeaf(ParentRunner.java:366)
	at org.junit.runners.BlockJUnit4ClassRunner.runChild(BlockJUnit4ClassRunner.java:103)
	at org.junit.runners.BlockJUnit4ClassRunner.runChild(BlockJUnit4ClassRunner.java:63)
	at org.junit.runners.ParentRunner$4.run(ParentRunner.java:331)
	at org.junit.runners.ParentRunner$1.schedule(ParentRunner.java:79)
	at org.junit.runners.ParentRunner.runChildren(ParentRunner.java:329)
	at org.junit.runners.ParentRunner.access$100(ParentRunner.java:66)
	at org.junit.runners.ParentRunner$2.evaluate(ParentRunner.java:293)
	at org.junit.runners.ParentRunner$3.evaluate(ParentRunner.java:306)
	at org.junit.runners.ParentRunner.run(ParentRunner.java:413)
	at org.junit.runners.Suite.runChild(Suite.java:128)
	at org.junit.runners.Suite.runChild(Suite.java:27)
	at org.junit.runners.ParentRunner$4.run(ParentRunner.java:331)
	at org.junit.runners.ParentRunner$1.schedule(ParentRunner.java:79)
	at org.junit.runners.ParentRunner.runChildren(ParentRunner.java:329)
	at org.junit.runners.ParentRunner.access$100(ParentRunner.java:66)
	at org.junit.runners.ParentRunner$2.evaluate(ParentRunner.java:293)
	at org.junit.runners.ParentRunner$3.evaluate(ParentRunner.java:306)
	at org.junit.runners.ParentRunner.run(ParentRunner.java:413)
	at org.junit.runner.JUnitCore.run(JUnitCore.java:137)
	at org.junit.runner.JUnitCore.run(JUnitCore.java:115)
	at edu.illinois.cs.testrunner.execution.JUnitTestExecutor.execute(JUnitTestExecutor.java:246)
	at edu.illinois.cs.testrunner.execution.JUnitTestExecutor.executeWithJUnit4Runner(JUnitTestExecutor.java:315)
	at edu.illinois.cs.testrunner.execution.JUnitTestExecutor.runOrder(JUnitTestExecutor.java:46)
	at edu.illinois.cs.testrunner.execution.Executor$.$anonfun$run$1(Executor.scala:30)
	at scala.runtime.java8.JFunction0$mcV$sp.apply(JFunction0$mcV$sp.java:12)
	at scala.util.Try$.apply(Try.scala:209)
	at edu.illinois.cs.testrunner.execution.Executor$.run(Executor.scala:28)
	at edu.illinois.cs.testrunner.execution.Executor$.main(Executor.scala:18)
	at edu.illinois.cs.testrunner.execution.Executor.main(Executor.scala)
2024-04-22 02:30:37,918 [FATAL] LocalLogBackendTest message
2024-04-22 02:30:37,921 [INFO] LocalLogBackendTest message
java.lang.Throwable: log throwable
	at com.j256.ormlite.logger.BaseLogBackendTest.testInfoStringThrowable(BaseLogBackendTest.java:58)
	at sun.reflect.NativeMethodAccessorImpl.invoke0(Native Method)
	at sun.reflect.NativeMethodAccessorImpl.invoke(NativeMethodAccessorImpl.java:62)
	at sun.reflect.DelegatingMethodAccessorImpl.invoke(DelegatingMethodAccessorImpl.java:43)
	at java.lang.reflect.Method.invoke(Method.java:498)
	at org.junit.runners.model.FrameworkMethod$1.runReflectiveCall(FrameworkMethod.java:59)
	at org.junit.internal.runners.model.ReflectiveCallable.run(ReflectiveCallable.java:12)
	at org.junit.runners.model.FrameworkMethod.invokeExplosively(FrameworkMethod.java:56)
	at org.junit.internal.runners.statements.InvokeMethod.evaluate(InvokeMethod.java:17)
	at org.junit.runners.ParentRunner$3.evaluate(ParentRunner.java:306)
	at org.junit.runners.BlockJUnit4ClassRunner$1.evaluate(BlockJUnit4ClassRunner.java:100)
	at org.junit.runners.ParentRunner.runLeaf(ParentRunner.java:366)
	at org.junit.runners.BlockJUnit4ClassRunner.runChild(BlockJUnit4ClassRunner.java:103)
	at org.junit.runners.BlockJUnit4ClassRunner.runChild(BlockJUnit4ClassRunner.java:63)
	at org.junit.runners.ParentRunner$4.run(ParentRunner.java:331)
	at org.junit.runners.ParentRunner$1.schedule(ParentRunner.java:79)
	at org.junit.runners.ParentRunner.runChildren(ParentRunner.java:329)
	at org.junit.runners.ParentRunner.access$100(ParentRunner.java:66)
	at org.junit.runners.ParentRunner$2.evaluate(ParentRunner.java:293)
	at org.junit.runners.ParentRunner$3.evaluate(ParentRunner.java:306)
	at org.junit.runners.ParentRunner.run(ParentRunner.java:413)
	at org.junit.runners.Suite.runChild(Suite.java:128)
	at org.junit.runners.Suite.runChild(Suite.java:27)
	at org.junit.runners.ParentRunner$4.run(ParentRunner.java:331)
	at org.junit.runners.ParentRunner$1.schedule(ParentRunner.java:79)
	at org.junit.runners.ParentRunner.runChildren(ParentRunner.java:329)
	at org.junit.runners.ParentRunner.access$100(ParentRunner.java:66)
	at org.junit.runners.ParentRunner$2.evaluate(ParentRunner.java:293)
	at org.junit.runners.ParentRunner$3.evaluate(ParentRunner.java:306)
	at org.junit.runners.ParentRunner.run(ParentRunner.java:413)
	at org.junit.runner.JUnitCore.run(JUnitCore.java:137)
	at org.junit.runner.JUnitCore.run(JUnitCore.java:115)
	at edu.illinois.cs.testrunner.execution.JUnitTestExecutor.execute(JUnitTestExecutor.java:246)
	at edu.illinois.cs.testrunner.execution.JUnitTestExecutor.executeWithJUnit4Runner(JUnitTestExecutor.java:315)
	at edu.illinois.cs.testrunner.execution.JUnitTestExecutor.runOrder(JUnitTestExecutor.java:46)
	at edu.illinois.cs.testrunner.execution.Executor$.$anonfun$run$1(Executor.scala:30)
	at scala.runtime.java8.JFunction0$mcV$sp.apply(JFunction0$mcV$sp.java:12)
	at scala.util.Try$.apply(Try.scala:209)
	at edu.illinois.cs.testrunner.execution.Executor$.run(Executor.scala:28)
	at edu.illinois.cs.testrunner.execution.Executor$.main(Executor.scala:18)
	at edu.illinois.cs.testrunner.execution.Executor.main(Executor.scala)
2024-04-22 02:30:37,921 [INFO] LocalLogBackendTest hello there
2024-04-22 02:30:37,922 [WARNING] LocalLogBackendTest message
java.lang.Throwable: log throwable
	at com.j256.ormlite.logger.BaseLogBackendTest.testWarnStringThrowable(BaseLogBackendTest.java:68)
	at sun.reflect.NativeMethodAccessorImpl.invoke0(Native Method)
	at sun.reflect.NativeMethodAccessorImpl.invoke(NativeMethodAccessorImpl.java:62)
	at sun.reflect.DelegatingMethodAccessorImpl.invoke(DelegatingMethodAccessorImpl.java:43)
	at java.lang.reflect.Method.invoke(Method.java:498)
	at org.junit.runners.model.FrameworkMethod$1.runReflectiveCall(FrameworkMethod.java:59)
	at org.junit.internal.runners.model.ReflectiveCallable.run(ReflectiveCallable.java:12)
	at org.junit.runners.model.FrameworkMethod.invokeExplosively(FrameworkMethod.java:56)
	at org.junit.internal.runners.statements.InvokeMethod.evaluate(InvokeMethod.java:17)
	at org.junit.runners.ParentRunner$3.evaluate(ParentRunner.java:306)
	at org.junit.runners.BlockJUnit4ClassRunner$1.evaluate(BlockJUnit4ClassRunner.java:100)
	at org.junit.runners.ParentRunner.runLeaf(ParentRunner.java:366)
	at org.junit.runners.BlockJUnit4ClassRunner.runChild(BlockJUnit4ClassRunner.java:103)
	at org.junit.runners.BlockJUnit4ClassRunner.runChild(BlockJUnit4ClassRunner.java:63)
	at org.junit.runners.ParentRunner$4.run(ParentRunner.java:331)
	at org.junit.runners.ParentRunner$1.schedule(ParentRunner.java:79)
	at org.junit.runners.ParentRunner.runChildren(ParentRunner.java:329)
	at org.junit.runners.ParentRunner.access$100(ParentRunner.java:66)
	at org.junit.runners.ParentRunner$2.evaluate(ParentRunner.java:293)
	at org.junit.runners.ParentRunner$3.evaluate(ParentRunner.java:306)
	at org.junit.runners.ParentRunner.run(ParentRunner.java:413)
	at org.junit.runners.Suite.runChild(Suite.java:128)
	at org.junit.runners.Suite.runChild(Suite.java:27)
	at org.junit.runners.ParentRunner$4.run(ParentRunner.java:331)
	at org.junit.runners.ParentRunner$1.schedule(ParentRunner.java:79)
	at org.junit.runners.ParentRunner.runChildren(ParentRunner.java:329)
	at org.junit.runners.ParentRunner.access$100(ParentRunner.java:66)
	at org.junit.runners.ParentRunner$2.evaluate(ParentRunner.java:293)
	at org.junit.runners.ParentRunner$3.evaluate(ParentRunner.java:306)
	at org.junit.runners.ParentRunner.run(ParentRunner.java:413)
	at org.junit.runner.JUnitCore.run(JUnitCore.java:137)
	at org.junit.runner.JUnitCore.run(JUnitCore.java:115)
	at edu.illinois.cs.testrunner.execution.JUnitTestExecutor.execute(JUnitTestExecutor.java:246)
	at edu.illinois.cs.testrunner.execution.JUnitTestExecutor.executeWithJUnit4Runner(JUnitTestExecutor.java:315)
	at edu.illinois.cs.testrunner.execution.JUnitTestExecutor.runOrder(JUnitTestExecutor.java:46)
	at edu.illinois.cs.testrunner.execution.Executor$.$anonfun$run$1(Executor.scala:30)
	at scala.runtime.java8.JFunction0$mcV$sp.apply(JFunction0$mcV$sp.java:12)
	at scala.util.Try$.apply(Try.scala:209)
	at edu.illinois.cs.testrunner.execution.Executor$.run(Executor.scala:28)
	at edu.illinois.cs.testrunner.execution.Executor$.main(Executor.scala:18)
	at edu.illinois.cs.testrunner.execution.Executor.main(Executor.scala)
Line is not in the format of 'pattern = level': x
Level ' INVALID_LEVEL' was not found
Line is not in the format of 'pattern = level': x
2024-04-22 02:30:37,923 [ERROR] LocalLogBackendTest message
2024-04-22 02:30:37,924 [WARNING] LocalLogBackendTest message
Skipping unknown value class class java.lang.Class
Skipping unknown value class class com.j256.ormlite.field.DataType
2024-04-22 02:30:37,929 [WARNING] LoggerFactoryTest Unable to create instance of class com.j256.ormlite.android.AndroidLogBackend$AndroidLogBackendFactory for log type ANDROID, using local log: com.j256.ormlite.android.AndroidLogBackend$AndroidLogBackendFactory
2024-04-22 02:30:37,929 [WARNING] LoggerFactory Could not find valid log-type from system property 'com.j256.simplelogger.backend', value 'some.wrong.class'
2024-04-22 02:30:37,934 [INFO] TableUtils dropping table 'serializedupdate'
2024-04-22 02:30:37,935 [INFO] TableUtils ignoring drop error 'org.h2.jdbc.JdbcSQLSyntaxErrorException: Table "SERIALIZEDUPDATE" not found; SQL statement:
DROP TABLE `serializedupdate`  [42102-200]' for statement: DROP TABLE `serializedupdate` 
2024-04-22 02:30:37,935 [INFO] TableUtils creating table 'serializedupdate'
2024-04-22 02:30:37,936 [INFO] TableUtils executed create table statement changed 0 rows: CREATE TABLE `serializedupdate` (`id` INTEGER AUTO_INCREMENT , `serialized` BLOB , PRIMARY KEY (`id`) ) 
2024-04-22 02:30:37,938 [DEBUG] BaseMappedStatement insert data with statement 'INSERT INTO `serializedupdate` (`serialized` ) VALUES (?)' and 1 args, changed 1 rows
2024-04-22 02:30:37,938 [TRACE] BaseMappedStatement insert arguments: [[-84, -19, 0, 5, 115, 114, 0, 65, 99, 111, 109, 46, 106, 50, 53, 54, 46, 111, 114, 109, 108, 105, 116, 101, 46, 102, 105, 101, 108, 100, 46, 116, 121, 112, 101, 115, 46, 83, 101, 114, 105, 97, 108, 105, 122, 97, 98, 108, 101, 84, 121, 112, 101, 84, 101, 115, 116, 36, 83, 101, 114, 105, 97, 108, 105, 122, 101, 100, 70, 105, 101, 108, 100, 62, -28, 13, -79, 82, -70, -126, 120, 2, 0, 1, 76, 0, 3, 102, 111, 111, 116, 0, 18, 76, 106, 97, 118, 97, 47, 108, 97, 110, 103, 47, 83, 116, 114, 105, 110, 103, 59, 120, 112, 116, 0, 3, 119, 111, 119]]
2024-04-22 02:30:37,938 [DEBUG] BaseMappedStatement assigned id '1' from keyholder to 'id' in SerializedUpdate object
2024-04-22 02:30:37,941 [DEBUG] BaseMappedStatement query-for-id using 'SELECT * FROM `serializedupdate` WHERE `id` = ?' and 1 args, got 1 result
2024-04-22 02:30:37,941 [TRACE] BaseMappedStatement query-for-id arguments: [1]
2024-04-22 02:30:37,942 [DEBUG] BaseMappedStatement update data with statement 'UPDATE `serializedupdate` SET `serialized` = ? WHERE `id` = ?' and 2 args, changed 1 rows
2024-04-22 02:30:37,942 [TRACE] BaseMappedStatement update arguments: [[-84, -19, 0, 5, 115, 114, 0, 65, 99, 111, 109, 46, 106, 50, 53, 54, 46, 111, 114, 109, 108, 105, 116, 101, 46, 102, 105, 101, 108, 100, 46, 116, 121, 112, 101, 115, 46, 83, 101, 114, 105, 97, 108, 105, 122, 97, 98, 108, 101, 84, 121, 112, 101, 84, 101, 115, 116, 36, 83, 101, 114, 105, 97, 108, 105, 122, 101, 100, 70, 105, 101, 108, 100, 62, -28, 13, -79, 82, -70, -126, 120, 2, 0, 1, 76, 0, 3, 102, 111, 111, 116, 0, 18, 76, 106, 97, 118, 97, 47, 108, 97, 110, 103, 47, 83, 116, 114, 105, 110, 103, 59, 120, 112, 116, 0, 3, 122, 105, 112], 1]
2024-04-22 02:30:37,943 [DEBUG] BaseMappedStatement query-for-id using 'SELECT * FROM `serializedupdate` WHERE `id` = ?' and 1 args, got 1 result
2024-04-22 02:30:37,943 [TRACE] BaseMappedStatement query-for-id arguments: [1]
2024-04-22 02:30:37,944 [DEBUG] BaseMappedStatement prepared statement 'UPDATE `serializedupdate` SET `serialized` = ? WHERE `id` = 1' with 1 args
2024-04-22 02:30:37,944 [TRACE] BaseMappedStatement prepared statement arguments: [[-84, -19, 0, 5, 115, 114, 0, 65, 99, 111, 109, 46, 106, 50, 53, 54, 46, 111, 114, 109, 108, 105, 116, 101, 46, 102, 105, 101, 108, 100, 46, 116, 121, 112, 101, 115, 46, 83, 101, 114, 105, 97, 108, 105, 122, 97, 98, 108, 101, 84, 121, 112, 101, 84, 101, 115, 116, 36, 83, 101, 114, 105, 97, 108, 105, 122, 101, 100, 70, 105, 101, 108, 100, 62, -28, 13, -79, 82, -70, -126, 120, 2, 0, 1, 76, 0, 3, 102, 111, 111, 116, 0, 18, 76, 106, 97, 118, 97, 47, 108, 97, 110, 103, 47, 83, 116, 114, 105, 110, 103, 59, 120, 112, 116, 0, 5, 99, 114, 97, 99, 107]]
2024-04-22 02:30:37,945 [DEBUG] BaseMappedStatement query-for-id using 'SELECT * FROM `serializedupdate` WHERE `id` = ?' and 1 args, got 1 result
2024-04-22 02:30:37,945 [TRACE] BaseMappedStatement query-for-id arguments: [1]
2024-04-22 02:30:37,946 [INFO] TableUtils dropping table 'foo'
2024-04-22 02:30:37,947 [INFO] TableUtils ignoring drop error 'org.h2.jdbc.JdbcSQLSyntaxErrorException: Table "FOO" not found; SQL statement:
DROP TABLE `foo`  [42102-200]' for statement: DROP TABLE `foo` 
2024-04-22 02:30:37,947 [INFO] TableUtils creating table 'foo'
2024-04-22 02:30:37,948 [INFO] TableUtils executed create table statement changed 0 rows: CREATE TABLE `foo` (`serializable` BLOB ) 
2024-04-22 02:30:37,948 [DEBUG] BaseMappedStatement insert data with statement 'INSERT INTO `foo` (`serializable` ) VALUES (?)' and 1 args, changed 1 rows
2024-04-22 02:30:37,948 [TRACE] BaseMappedStatement insert arguments: [null]
2024-04-22 02:30:37,949 [INFO] TableUtils dropping table 'foo'
2024-04-22 02:30:37,950 [INFO] TableUtils ignoring drop error 'org.h2.jdbc.JdbcSQLSyntaxErrorException: Table "FOO" not found; SQL statement:
DROP TABLE `foo`  [42102-200]' for statement: DROP TABLE `foo` 
2024-04-22 02:30:37,950 [INFO] TableUtils creating table 'foo'
2024-04-22 02:30:37,950 [INFO] TableUtils executed create table statement changed 0 rows: CREATE TABLE `foo` (`serializable` BLOB ) 
2024-04-22 02:30:37,951 [DEBUG] BaseMappedStatement insert data with statement 'INSERT INTO `foo` (`serializable` ) VALUES (?)' and 1 args, changed 1 rows
2024-04-22 02:30:37,951 [TRACE] BaseMappedStatement insert arguments: [[-84, -19, 0, 5, 115, 114, 0, 17, 106, 97, 118, 97, 46, 108, 97, 110, 103, 46, 73, 110, 116, 101, 103, 101, 114, 18, -30, -96, -92, -9, -127, -121, 56, 2, 0, 1, 73, 0, 5, 118, 97, 108, 117, 101, 120, 114, 0, 16, 106, 97, 118, 97, 46, 108, 97, 110, 103, 46, 78, 117, 109, 98, 101, 114, -122, -84, -107, 29, 11, -108, -32, -117, 2, 0, 0, 120, 112, 79, 90, -120, 11]]
2024-04-22 02:30:37,952 [DEBUG] BaseMappedStatement prepared statement 'SELECT * FROM `foo`' with 0 args
2024-04-22 02:30:37,952 [DEBUG] StatementExecutor query of 'SELECT * FROM `foo`' with 0 args returned 1 results
2024-04-22 02:30:37,953 [INFO] TableUtils dropping table 'foo'
2024-04-22 02:30:37,954 [INFO] TableUtils ignoring drop error 'org.h2.jdbc.JdbcSQLSyntaxErrorException: Table "FOO" not found; SQL statement:
DROP TABLE `foo`  [42102-200]' for statement: DROP TABLE `foo` 
2024-04-22 02:30:37,954 [INFO] TableUtils creating table 'foo'
2024-04-22 02:30:37,954 [INFO] TableUtils executed create table statement changed 0 rows: CREATE TABLE `foo` (`serializable` BLOB ) 
2024-04-22 02:30:37,955 [DEBUG] BaseMappedStatement insert data with statement 'INSERT INTO `foo` (`serializable` ) VALUES (?)' and 1 args, changed 1 rows
2024-04-22 02:30:37,955 [TRACE] BaseMappedStatement insert arguments: [null]
2024-04-22 02:30:37,955 [DEBUG] BaseMappedStatement prepared statement 'SELECT * FROM `foo`' with 0 args
2024-04-22 02:30:37,956 [DEBUG] StatementExecutor query of 'SELECT * FROM `foo`' with 0 args returned 1 results
2024-04-22 02:30:37,956 [INFO] TableUtils dropping table 'foo'
2024-04-22 02:30:37,958 [INFO] TableUtils ignoring drop error 'org.h2.jdbc.JdbcSQLSyntaxErrorException: Table "FOO" not found; SQL statement:
DROP TABLE `foo`  [42102-200]' for statement: DROP TABLE `foo` 
2024-04-22 02:30:37,958 [INFO] TableUtils creating table 'foo'
2024-04-22 02:30:37,958 [INFO] TableUtils executed create table statement changed 0 rows: CREATE TABLE `foo` (`byteField` BLOB ) 
2024-04-22 02:30:37,958 [DEBUG] BaseMappedStatement insert data with statement 'INSERT INTO `foo` (`byteField` ) VALUES (?)' and 1 args, changed 1 rows
2024-04-22 02:30:37,958 [TRACE] BaseMappedStatement insert arguments: [[1, 2, 3, 4, 5]]
2024-04-22 02:30:37,960 [INFO] TableUtils dropping table 'foo'
2024-04-22 02:30:37,961 [INFO] TableUtils ignoring drop error 'org.h2.jdbc.JdbcSQLSyntaxErrorException: Table "FOO" not found; SQL statement:
DROP TABLE `foo`  [42102-200]' for statement: DROP TABLE `foo` 
2024-04-22 02:30:37,961 [INFO] TableUtils creating table 'foo'
2024-04-22 02:30:37,961 [INFO] TableUtils executed create table statement changed 0 rows: CREATE TABLE `foo` (`floatField` FLOAT ) 
2024-04-22 02:30:37,962 [DEBUG] BaseMappedStatement insert data with statement 'INSERT INTO `foo` (`floatField` ) VALUES (?)' and 1 args, changed 1 rows
2024-04-22 02:30:37,963 [TRACE] BaseMappedStatement insert arguments: [1331.221]
2024-04-22 02:30:37,963 [DEBUG] BaseMappedStatement prepared statement 'SELECT * FROM `foo`' with 0 args
2024-04-22 02:30:37,964 [DEBUG] StatementExecutor query of 'SELECT * FROM `foo`' with 0 args returned 1 results
2024-04-22 02:30:37,964 [INFO] TableUtils dropping table 'foo'
2024-04-22 02:30:37,965 [INFO] TableUtils ignoring drop error 'org.h2.jdbc.JdbcSQLSyntaxErrorException: Table "FOO" not found; SQL statement:
DROP TABLE `foo`  [42102-200]' for statement: DROP TABLE `foo` 
2024-04-22 02:30:37,965 [INFO] TableUtils creating table 'foo'
2024-04-22 02:30:37,966 [INFO] TableUtils executed create table statement changed 0 rows: CREATE TABLE `foo` (`floatField` FLOAT ) 
2024-04-22 02:30:37,966 [DEBUG] BaseMappedStatement insert data with statement 'INSERT INTO `foo` (`floatField` ) VALUES (?)' and 1 args, changed 1 rows
2024-04-22 02:30:37,966 [TRACE] BaseMappedStatement insert arguments: [null]
2024-04-22 02:30:37,966 [DEBUG] BaseMappedStatement prepared statement 'SELECT * FROM `foo`' with 0 args
2024-04-22 02:30:37,966 [DEBUG] StatementExecutor query of 'SELECT * FROM `foo`' with 0 args returned 1 results
java.lang.Exception: Unexpected exception, expected<java.lang.RuntimeException> but was<java.lang.AssertionError>
	at org.junit.internal.runners.statements.ExpectException.evaluate(ExpectException.java:30)
	at org.junit.internal.runners.statements.RunBefores.evaluate(RunBefores.java:26)
	at org.junit.internal.runners.statements.RunAfters.evaluate(RunAfters.java:27)
	at org.junit.runners.ParentRunner$3.evaluate(ParentRunner.java:306)
	at org.junit.runners.BlockJUnit4ClassRunner$1.evaluate(BlockJUnit4ClassRunner.java:100)
	at org.junit.runners.ParentRunner.runLeaf(ParentRunner.java:366)
	at org.junit.runners.BlockJUnit4ClassRunner.runChild(BlockJUnit4ClassRunner.java:103)
	at org.junit.runners.BlockJUnit4ClassRunner.runChild(BlockJUnit4ClassRunner.java:63)
	at org.junit.runners.ParentRunner$4.run(ParentRunner.java:331)
	at org.junit.runners.ParentRunner$1.schedule(ParentRunner.java:79)
	at org.junit.runners.ParentRunner.runChildren(ParentRunner.java:329)
	at org.junit.runners.ParentRunner.access$100(ParentRunner.java:66)
	at org.junit.runners.ParentRunner$2.evaluate(ParentRunner.java:293)
	at org.junit.runners.ParentRunner$3.evaluate(ParentRunner.java:306)
	at org.junit.runners.ParentRunner.run(ParentRunner.java:413)
	at org.junit.runners.Suite.runChild(Suite.java:128)
	at org.junit.runners.Suite.runChild(Suite.java:27)
	at org.junit.runners.ParentRunner$4.run(ParentRunner.java:331)
	at org.junit.runners.ParentRunner$1.schedule(ParentRunner.java:79)
	at org.junit.runners.ParentRunner.runChildren(ParentRunner.java:329)
	at org.junit.runners.ParentRunner.access$100(ParentRunner.java:66)
	at org.junit.runners.ParentRunner$2.evaluate(ParentRunner.java:293)
	at org.junit.runners.ParentRunner$3.evaluate(ParentRunner.java:306)
	at org.junit.runners.ParentRunner.run(ParentRunner.java:413)
	at org.junit.runner.JUnitCore.run(JUnitCore.java:137)
	at org.junit.runner.JUnitCore.run(JUnitCore.java:115)
	at edu.illinois.cs.testrunner.execution.JUnitTestExecutor.execute(JUnitTestExecutor.java:246)
	at edu.illinois.cs.testrunner.execution.JUnitTestExecutor.executeWithJUnit4Runner(JUnitTestExecutor.java:315)
	at edu.illinois.cs.testrunner.execution.JUnitTestExecutor.runOrder(JUnitTestExecutor.java:46)
	at edu.illinois.cs.testrunner.execution.Executor$.$anonfun$run$1(Executor.scala:30)
	at scala.runtime.java8.JFunction0$mcV$sp.apply(JFunction0$mcV$sp.java:12)
	at scala.util.Try$.apply(Try.scala:209)
	at edu.illinois.cs.testrunner.execution.Executor$.run(Executor.scala:28)
	at edu.illinois.cs.testrunner.execution.Executor$.main(Executor.scala:18)
	at edu.illinois.cs.testrunner.execution.Executor.main(Executor.scala)
Caused by: java.lang.AssertionError: 
  Unexpected method call LogBackend.isLevelEnabled(DEBUG):
	at org.easymock.internal.MockInvocationHandler.invoke(MockInvocationHandler.java:44)
	at org.easymock.internal.ObjectMethodsFilter.invoke(ObjectMethodsFilter.java:94)
	at com.sun.proxy.$Proxy13.isLevelEnabled(Unknown Source)
	at com.j256.ormlite.logger.Logger.logIfEnabled(Logger.java:659)
	at com.j256.ormlite.logger.Logger.log(Logger.java:610)
	at com.j256.ormlite.dao.RuntimeExceptionDao.logMessage(RuntimeExceptionDao.java:981)
	at com.j256.ormlite.dao.RuntimeExceptionDao.delete(RuntimeExceptionDao.java:354)
	at com.j256.ormlite.dao.RuntimeExceptionDaoTest.testDeleteThrow(RuntimeExceptionDaoTest.java:610)
	at sun.reflect.NativeMethodAccessorImpl.invoke0(Native Method)
	at sun.reflect.NativeMethodAccessorImpl.invoke(NativeMethodAccessorImpl.java:62)
	at sun.reflect.DelegatingMethodAccessorImpl.invoke(DelegatingMethodAccessorImpl.java:43)
	at java.lang.reflect.Method.invoke(Method.java:498)
	at org.junit.runners.model.FrameworkMethod$1.runReflectiveCall(FrameworkMethod.java:59)
	at org.junit.internal.runners.model.ReflectiveCallable.run(ReflectiveCallable.java:12)
	at org.junit.runners.model.FrameworkMethod.invokeExplosively(FrameworkMethod.java:56)
	at org.junit.internal.runners.statements.InvokeMethod.evaluate(InvokeMethod.java:17)
	at org.junit.internal.runners.statements.ExpectException.evaluate(ExpectException.java:19)
	... 34 more
