24/05/17 03:07:45 INFO wasp.WaspTestingUtility: Starting up minicluster with 1 master(s) and 3 fserver(s) 
Starting DataNode 0 with dfs.data.dir: /home/idflakies/alibaba/wasp/target/test-data/7c8ee0d0-fc08-47c0-b9ec-2bbea8503bc7/dfscluster_202de967-5bb5-4e25-915d-6c270ea3ac22/dfs/data/data1,/home/idflakies/alibaba/wasp/target/test-data/7c8ee0d0-fc08-47c0-b9ec-2bbea8503bc7/dfscluster_202de967-5bb5-4e25-915d-6c270ea3ac22/dfs/data/data2
24/05/17 03:07:46 ERROR datanode.DataNode: All directories in dfs.data.dir are invalid.
24/05/17 03:07:46 INFO wasp.WaspTestingUtility: Shutting down mini wasp cluster
24/05/17 03:07:46 INFO wasp.WaspTestingUtility: Minicluster is down
java.lang.NullPointerException
	at org.apache.hadoop.hdfs.MiniDFSCluster.startDataNodes(MiniDFSCluster.java:422)
	at org.apache.hadoop.hdfs.MiniDFSCluster.<init>(MiniDFSCluster.java:280)
	at org.apache.hadoop.hbase.HBaseTestingUtility.startMiniDFSCluster(HBaseTestingUtility.java:451)
	at org.apache.hadoop.hbase.HBaseTestingUtility.startMiniCluster(HBaseTestingUtility.java:619)
	at org.apache.hadoop.hbase.HBaseTestingUtility.startMiniCluster(HBaseTestingUtility.java:575)
	at com.alibaba.wasp.WaspTestingUtility.startMiniCluster(WaspTestingUtility.java:172)
	at com.alibaba.wasp.WaspTestingUtility.startMiniCluster(WaspTestingUtility.java:144)
	at com.alibaba.wasp.client.TestFromClientSide.setUpBeforeClass(TestFromClientSide.java:83)
	at sun.reflect.NativeMethodAccessorImpl.invoke0(Native Method)
	at sun.reflect.NativeMethodAccessorImpl.invoke(NativeMethodAccessorImpl.java:62)
	at sun.reflect.DelegatingMethodAccessorImpl.invoke(DelegatingMethodAccessorImpl.java:43)
	at java.lang.reflect.Method.invoke(Method.java:498)
	at org.junit.runners.model.FrameworkMethod$1.runReflectiveCall(FrameworkMethod.java:45)
	at org.junit.internal.runners.model.ReflectiveCallable.run(ReflectiveCallable.java:15)
	at org.junit.runners.model.FrameworkMethod.invokeExplosively(FrameworkMethod.java:42)
	at org.junit.internal.runners.statements.RunBefores.evaluate(RunBefores.java:27)
	at org.junit.internal.runners.statements.RunAfters.evaluate(RunAfters.java:30)
	at org.junit.runners.ParentRunner.run(ParentRunner.java:300)
	at org.junit.runners.Suite.runChild(Suite.java:128)
	at org.junit.runners.Suite.runChild(Suite.java:24)
	at org.junit.runners.ParentRunner$3.run(ParentRunner.java:231)
	at org.junit.runners.ParentRunner$1.schedule(ParentRunner.java:60)
	at org.junit.runners.ParentRunner.runChildren(ParentRunner.java:229)
	at org.junit.runners.ParentRunner.access$000(ParentRunner.java:50)
	at org.junit.runners.ParentRunner$2.evaluate(ParentRunner.java:222)
	at org.junit.runners.ParentRunner.run(ParentRunner.java:300)
	at org.junit.runner.JUnitCore.run(JUnitCore.java:157)
	at org.junit.runner.JUnitCore.run(JUnitCore.java:136)
	at edu.illinois.cs.testrunner.execution.JUnitTestExecutor.execute(JUnitTestExecutor.java:246)
	at edu.illinois.cs.testrunner.execution.JUnitTestExecutor.executeWithJUnit4Runner(JUnitTestExecutor.java:315)
	at edu.illinois.cs.testrunner.execution.JUnitTestExecutor.runOrder(JUnitTestExecutor.java:46)
	at edu.illinois.cs.testrunner.execution.Executor$.$anonfun$run$1(Executor.scala:30)
	at scala.runtime.java8.JFunction0$mcV$sp.apply(JFunction0$mcV$sp.java:12)
	at scala.util.Try$.apply(Try.scala:209)
	at edu.illinois.cs.testrunner.execution.Executor$.run(Executor.scala:28)
	at edu.illinois.cs.testrunner.execution.Executor$.main(Executor.scala:18)
	at edu.illinois.cs.testrunner.execution.Executor.main(Executor.scala)
24/05/17 03:07:46 INFO wasp.WaspTestingUtility: Starting up minicluster with 1 master(s) and 3 fserver(s) 
Starting DataNode 0 with dfs.data.dir: /home/idflakies/alibaba/wasp/target/test-data/a032e0f9-ce8c-499f-bd6d-039a4ec8a752/dfscluster_a8f10d52-c0fa-4c6d-a201-448596440242/dfs/data/data1,/home/idflakies/alibaba/wasp/target/test-data/a032e0f9-ce8c-499f-bd6d-039a4ec8a752/dfscluster_a8f10d52-c0fa-4c6d-a201-448596440242/dfs/data/data2
24/05/17 03:07:46 ERROR datanode.DataNode: All directories in dfs.data.dir are invalid.
java.lang.NullPointerException
	at org.apache.hadoop.hdfs.MiniDFSCluster.startDataNodes(MiniDFSCluster.java:422)
	at org.apache.hadoop.hdfs.MiniDFSCluster.<init>(MiniDFSCluster.java:280)
	at org.apache.hadoop.hbase.HBaseTestingUtility.startMiniDFSCluster(HBaseTestingUtility.java:451)
	at org.apache.hadoop.hbase.HBaseTestingUtility.startMiniCluster(HBaseTestingUtility.java:619)
	at org.apache.hadoop.hbase.HBaseTestingUtility.startMiniCluster(HBaseTestingUtility.java:575)
	at com.alibaba.wasp.WaspTestingUtility.startMiniCluster(WaspTestingUtility.java:172)
	at com.alibaba.wasp.WaspTestingUtility.startMiniCluster(WaspTestingUtility.java:144)
	at com.alibaba.wasp.jdbc.TestJdbcResultSet.setUpBeforeClass(TestJdbcResultSet.java:71)
	at sun.reflect.NativeMethodAccessorImpl.invoke0(Native Method)
	at sun.reflect.NativeMethodAccessorImpl.invoke(NativeMethodAccessorImpl.java:62)
	at sun.reflect.DelegatingMethodAccessorImpl.invoke(DelegatingMethodAccessorImpl.java:43)
	at java.lang.reflect.Method.invoke(Method.java:498)
	at org.junit.runners.model.FrameworkMethod$1.runReflectiveCall(FrameworkMethod.java:45)
	at org.junit.internal.runners.model.ReflectiveCallable.run(ReflectiveCallable.java:15)
	at org.junit.runners.model.FrameworkMethod.invokeExplosively(FrameworkMethod.java:42)
	at org.junit.internal.runners.statements.RunBefores.evaluate(RunBefores.java:27)
	at org.junit.internal.runners.statements.RunAfters.evaluate(RunAfters.java:30)
	at org.junit.runners.ParentRunner.run(ParentRunner.java:300)
	at org.junit.runners.Suite.runChild(Suite.java:128)
	at org.junit.runners.Suite.runChild(Suite.java:24)
	at org.junit.runners.ParentRunner$3.run(ParentRunner.java:231)
	at org.junit.runners.ParentRunner$1.schedule(ParentRunner.java:60)
	at org.junit.runners.ParentRunner.runChildren(ParentRunner.java:229)
	at org.junit.runners.ParentRunner.access$000(ParentRunner.java:50)
	at org.junit.runners.ParentRunner$2.evaluate(ParentRunner.java:222)
	at org.junit.runners.ParentRunner.run(ParentRunner.java:300)
	at org.junit.runner.JUnitCore.run(JUnitCore.java:157)
	at org.junit.runner.JUnitCore.run(JUnitCore.java:136)
	at edu.illinois.cs.testrunner.execution.JUnitTestExecutor.execute(JUnitTestExecutor.java:246)
	at edu.illinois.cs.testrunner.execution.JUnitTestExecutor.executeWithJUnit4Runner(JUnitTestExecutor.java:315)
	at edu.illinois.cs.testrunner.execution.JUnitTestExecutor.runOrder(JUnitTestExecutor.java:46)
	at edu.illinois.cs.testrunner.execution.Executor$.$anonfun$run$1(Executor.scala:30)
	at scala.runtime.java8.JFunction0$mcV$sp.apply(JFunction0$mcV$sp.java:12)
	at scala.util.Try$.apply(Try.scala:209)
	at edu.illinois.cs.testrunner.execution.Executor$.run(Executor.scala:28)
	at edu.illinois.cs.testrunner.execution.Executor$.main(Executor.scala:18)
	at edu.illinois.cs.testrunner.execution.Executor.main(Executor.scala)
java.lang.NullPointerException
	at com.alibaba.wasp.jdbc.TestJdbcResultSet.tearDownAfterClass(TestJdbcResultSet.java:100)
	at sun.reflect.NativeMethodAccessorImpl.invoke0(Native Method)
	at sun.reflect.NativeMethodAccessorImpl.invoke(NativeMethodAccessorImpl.java:62)
	at sun.reflect.DelegatingMethodAccessorImpl.invoke(DelegatingMethodAccessorImpl.java:43)
	at java.lang.reflect.Method.invoke(Method.java:498)
	at org.junit.runners.model.FrameworkMethod$1.runReflectiveCall(FrameworkMethod.java:45)
	at org.junit.internal.runners.model.ReflectiveCallable.run(ReflectiveCallable.java:15)
	at org.junit.runners.model.FrameworkMethod.invokeExplosively(FrameworkMethod.java:42)
	at org.junit.internal.runners.statements.RunAfters.evaluate(RunAfters.java:36)
	at org.junit.runners.ParentRunner.run(ParentRunner.java:300)
	at org.junit.runners.Suite.runChild(Suite.java:128)
	at org.junit.runners.Suite.runChild(Suite.java:24)
	at org.junit.runners.ParentRunner$3.run(ParentRunner.java:231)
	at org.junit.runners.ParentRunner$1.schedule(ParentRunner.java:60)
	at org.junit.runners.ParentRunner.runChildren(ParentRunner.java:229)
	at org.junit.runners.ParentRunner.access$000(ParentRunner.java:50)
	at org.junit.runners.ParentRunner$2.evaluate(ParentRunner.java:222)
	at org.junit.runners.ParentRunner.run(ParentRunner.java:300)
	at org.junit.runner.JUnitCore.run(JUnitCore.java:157)
	at org.junit.runner.JUnitCore.run(JUnitCore.java:136)
	at edu.illinois.cs.testrunner.execution.JUnitTestExecutor.execute(JUnitTestExecutor.java:246)
	at edu.illinois.cs.testrunner.execution.JUnitTestExecutor.executeWithJUnit4Runner(JUnitTestExecutor.java:315)
	at edu.illinois.cs.testrunner.execution.JUnitTestExecutor.runOrder(JUnitTestExecutor.java:46)
	at edu.illinois.cs.testrunner.execution.Executor$.$anonfun$run$1(Executor.scala:30)
	at scala.runtime.java8.JFunction0$mcV$sp.apply(JFunction0$mcV$sp.java:12)
	at scala.util.Try$.apply(Try.scala:209)
	at edu.illinois.cs.testrunner.execution.Executor$.run(Executor.scala:28)
	at edu.illinois.cs.testrunner.execution.Executor$.main(Executor.scala:18)
	at edu.illinois.cs.testrunner.execution.Executor.main(Executor.scala)
24/05/17 03:07:46 INFO wasp.WaspTestingUtility: Starting up minicluster with 1 master(s) and 3 fserver(s) 
Starting DataNode 0 with dfs.data.dir: /home/idflakies/alibaba/wasp/target/test-data/775fe021-5ff8-41a9-b44a-4b86ecfe7818/dfscluster_c14f94c4-8abf-4799-8156-89a8f6e2940e/dfs/data/data1,/home/idflakies/alibaba/wasp/target/test-data/775fe021-5ff8-41a9-b44a-4b86ecfe7818/dfscluster_c14f94c4-8abf-4799-8156-89a8f6e2940e/dfs/data/data2
24/05/17 03:07:47 ERROR datanode.DataNode: All directories in dfs.data.dir are invalid.
java.lang.NullPointerException
	at org.apache.hadoop.hdfs.MiniDFSCluster.startDataNodes(MiniDFSCluster.java:422)
	at org.apache.hadoop.hdfs.MiniDFSCluster.<init>(MiniDFSCluster.java:280)
	at org.apache.hadoop.hbase.HBaseTestingUtility.startMiniDFSCluster(HBaseTestingUtility.java:451)
	at org.apache.hadoop.hbase.HBaseTestingUtility.startMiniCluster(HBaseTestingUtility.java:619)
	at org.apache.hadoop.hbase.HBaseTestingUtility.startMiniCluster(HBaseTestingUtility.java:575)
	at com.alibaba.wasp.WaspTestingUtility.startMiniCluster(WaspTestingUtility.java:172)
	at com.alibaba.wasp.WaspTestingUtility.startMiniCluster(WaspTestingUtility.java:144)
	at com.alibaba.wasp.jdbc.TestPreparedStatement.beforeClass(TestPreparedStatement.java:60)
	at sun.reflect.NativeMethodAccessorImpl.invoke0(Native Method)
	at sun.reflect.NativeMethodAccessorImpl.invoke(NativeMethodAccessorImpl.java:62)
	at sun.reflect.DelegatingMethodAccessorImpl.invoke(DelegatingMethodAccessorImpl.java:43)
	at java.lang.reflect.Method.invoke(Method.java:498)
	at org.junit.runners.model.FrameworkMethod$1.runReflectiveCall(FrameworkMethod.java:45)
	at org.junit.internal.runners.model.ReflectiveCallable.run(ReflectiveCallable.java:15)
	at org.junit.runners.model.FrameworkMethod.invokeExplosively(FrameworkMethod.java:42)
	at org.junit.internal.runners.statements.RunBefores.evaluate(RunBefores.java:27)
	at org.junit.internal.runners.statements.RunAfters.evaluate(RunAfters.java:30)
	at org.junit.runners.ParentRunner.run(ParentRunner.java:300)
	at org.junit.runners.Suite.runChild(Suite.java:128)
	at org.junit.runners.Suite.runChild(Suite.java:24)
	at org.junit.runners.ParentRunner$3.run(ParentRunner.java:231)
	at org.junit.runners.ParentRunner$1.schedule(ParentRunner.java:60)
	at org.junit.runners.ParentRunner.runChildren(ParentRunner.java:229)
	at org.junit.runners.ParentRunner.access$000(ParentRunner.java:50)
	at org.junit.runners.ParentRunner$2.evaluate(ParentRunner.java:222)
	at org.junit.runners.ParentRunner.run(ParentRunner.java:300)
	at org.junit.runner.JUnitCore.run(JUnitCore.java:157)
	at org.junit.runner.JUnitCore.run(JUnitCore.java:136)
	at edu.illinois.cs.testrunner.execution.JUnitTestExecutor.execute(JUnitTestExecutor.java:246)
	at edu.illinois.cs.testrunner.execution.JUnitTestExecutor.executeWithJUnit4Runner(JUnitTestExecutor.java:315)
	at edu.illinois.cs.testrunner.execution.JUnitTestExecutor.runOrder(JUnitTestExecutor.java:46)
	at edu.illinois.cs.testrunner.execution.Executor$.$anonfun$run$1(Executor.scala:30)
	at scala.runtime.java8.JFunction0$mcV$sp.apply(JFunction0$mcV$sp.java:12)
	at scala.util.Try$.apply(Try.scala:209)
	at edu.illinois.cs.testrunner.execution.Executor$.run(Executor.scala:28)
	at edu.illinois.cs.testrunner.execution.Executor$.main(Executor.scala:18)
	at edu.illinois.cs.testrunner.execution.Executor.main(Executor.scala)
java.lang.NullPointerException
	at com.alibaba.wasp.jdbc.TestPreparedStatement.afterClass(TestPreparedStatement.java:82)
	at sun.reflect.NativeMethodAccessorImpl.invoke0(Native Method)
	at sun.reflect.NativeMethodAccessorImpl.invoke(NativeMethodAccessorImpl.java:62)
	at sun.reflect.DelegatingMethodAccessorImpl.invoke(DelegatingMethodAccessorImpl.java:43)
	at java.lang.reflect.Method.invoke(Method.java:498)
	at org.junit.runners.model.FrameworkMethod$1.runReflectiveCall(FrameworkMethod.java:45)
	at org.junit.internal.runners.model.ReflectiveCallable.run(ReflectiveCallable.java:15)
	at org.junit.runners.model.FrameworkMethod.invokeExplosively(FrameworkMethod.java:42)
	at org.junit.internal.runners.statements.RunAfters.evaluate(RunAfters.java:36)
	at org.junit.runners.ParentRunner.run(ParentRunner.java:300)
	at org.junit.runners.Suite.runChild(Suite.java:128)
	at org.junit.runners.Suite.runChild(Suite.java:24)
	at org.junit.runners.ParentRunner$3.run(ParentRunner.java:231)
	at org.junit.runners.ParentRunner$1.schedule(ParentRunner.java:60)
	at org.junit.runners.ParentRunner.runChildren(ParentRunner.java:229)
	at org.junit.runners.ParentRunner.access$000(ParentRunner.java:50)
	at org.junit.runners.ParentRunner$2.evaluate(ParentRunner.java:222)
	at org.junit.runners.ParentRunner.run(ParentRunner.java:300)
	at org.junit.runner.JUnitCore.run(JUnitCore.java:157)
	at org.junit.runner.JUnitCore.run(JUnitCore.java:136)
	at edu.illinois.cs.testrunner.execution.JUnitTestExecutor.execute(JUnitTestExecutor.java:246)
	at edu.illinois.cs.testrunner.execution.JUnitTestExecutor.executeWithJUnit4Runner(JUnitTestExecutor.java:315)
	at edu.illinois.cs.testrunner.execution.JUnitTestExecutor.runOrder(JUnitTestExecutor.java:46)
	at edu.illinois.cs.testrunner.execution.Executor$.$anonfun$run$1(Executor.scala:30)
	at scala.runtime.java8.JFunction0$mcV$sp.apply(JFunction0$mcV$sp.java:12)
	at scala.util.Try$.apply(Try.scala:209)
	at edu.illinois.cs.testrunner.execution.Executor$.run(Executor.scala:28)
	at edu.illinois.cs.testrunner.execution.Executor$.main(Executor.scala:18)
	at edu.illinois.cs.testrunner.execution.Executor.main(Executor.scala)
24/05/17 03:07:47 INFO server.NIOServerCnxnFactory: binding to port 0.0.0.0/0.0.0.0:56563
24/05/17 03:07:47 INFO persistence.FileTxnSnapLog: Snapshotting: 0x0 to /home/idflakies/alibaba/wasp/target/test-data/7451caae-6502-42d4-9d1f-b51b09f5f0c5/dfscluster_d53f1a95-a691-4224-a918-7b774b11a7e7/zookeeper_0/version-2/snapshot.0
24/05/17 03:07:47 INFO server.NIOServerCnxnFactory: Accepted socket connection from /127.0.0.1:42762
24/05/17 03:07:47 DEBUG zookeeper.ZKUtil: MockServer,123,-1 opening connection to ZooKeeper with ensemble (localhost:56563)
24/05/17 03:07:47 INFO zookeeper.RecoverableZooKeeper: The identifier of this process is 9540@a9f87c527aeb
24/05/17 03:07:47 INFO server.NIOServerCnxnFactory: Accepted socket connection from /127.0.0.1:42768
24/05/17 03:07:47 INFO persistence.FileTxnLog: Creating new log file: log.1
24/05/17 03:07:47 DEBUG zookeeper.ZooKeeperWatcher: MockServer,123,-1 Received ZooKeeper Event, type=None, state=SyncConnected, path=null
24/05/17 03:07:47 DEBUG zookeeper.ZooKeeperWatcher: MockServer,123,-1-0xff8f84851bfd0000 connected
24/05/17 03:07:47 INFO fserver.EntityGroup: creating EntityGroup TestOpenEntityGroupHandler Table == CREATE TABLE TestOpenEntityGroupHandler { 
  REQUIRED INT32 column1 COLUMNFAMILY d;
  REQUIRED INT64 column2 COLUMNFAMILY d;
  REQUIRED STRING column3 COLUMNFAMILY d;
  OPTIONAL FLOAT column4 COLUMNFAMILY d;
  OPTIONAL DOUBLE column5 COLUMNFAMILY d;
  OPTIONAL DATETIME column6 COLUMNFAMILY d;
  REPEATED PROTOBUF column7 COLUMNFAMILY d;
  OPTIONAL STRING column8 COLUMNFAMILY d;
} 
PRIMARY KEY(column1),
ENTITY GROUP ROOT,
ENTITY GROUP KEY(column1);
 Table name == TestOpenEntityGroupHandler
24/05/17 03:07:47 DEBUG fserver.MetricsEntityGroupSourceImpl: Creating new MetricsEntityGroupSourceImpl for table TestOpenEntityGroupHandler 959d9d8de0f457fd96ba38a46ef085cc
24/05/17 03:07:47 DEBUG fserver.EntityGroup: Instantiated TestOpenEntityGroupHandler,\x00\x00\x00\x00,1715915267092.959d9d8de0f457fd96ba38a46ef085cc.
24/05/17 03:07:47 ERROR server.NIOServerCnxnFactory: Thread Thread[Thread-75,5,main] died
java.lang.NullPointerException
	at com.alibaba.wasp.fserver.EntityGroup.run(EntityGroup.java:1264)
	at java.lang.Thread.run(Thread.java:748)
24/05/17 03:07:47 DEBUG zookeeper.ZKAssign: MockServer,123,-1-0xff8f84851bfd0000 Attempting to transition node 959d9d8de0f457fd96ba38a46ef085cc from M_ZK_ENTITYGROUP_OFFLINE to FSERVER_ZK_ENTITYGROUP_OPENING
24/05/17 03:07:47 DEBUG zookeeper.ZKUtil: MockServer,123,-1-0xff8f84851bfd0000 Unable to get data of znode /wasp/unassigned/959d9d8de0f457fd96ba38a46ef085cc because node does not exist (not necessarily an error)
24/05/17 03:07:47 WARN handler.OpenEntityGroupHandler: Failed transition from OFFLINE to OPENING for entityGroup=959d9d8de0f457fd96ba38a46ef085cc
24/05/17 03:07:47 WARN handler.OpenEntityGroupHandler: EntityGroup was hijacked? It no longer exists, encodedName=959d9d8de0f457fd96ba38a46ef085cc
24/05/17 03:07:47 DEBUG zookeeper.ZKAssign: MockServer,123,-1-0xff8f84851bfd0000 Creating unassigned node for 959d9d8de0f457fd96ba38a46ef085cc in OFFLINE state
24/05/17 03:07:47 DEBUG zookeeper.ZKAssign: MockServer,123,-1-0xff8f84851bfd0000 Attempting to transition node 959d9d8de0f457fd96ba38a46ef085cc from M_ZK_ENTITYGROUP_OFFLINE to FSERVER_ZK_ENTITYGROUP_OPENING
24/05/17 03:07:47 DEBUG zookeeper.ZKUtil: MockServer,123,-1-0xff8f84851bfd0000 Retrieved 117 byte(s) of data from znode /wasp/unassigned/959d9d8de0f457fd96ba38a46ef085cc; data=entityGroup=TestOpenEntityGroupHandler,\x00\x00\x00\x00,1715915267092.959d9d8de0f457fd96ba38a46ef085cc., state=M_ZK_ENTITYGROUP_OFFLINE, servername=MockServer,123,-1, createTime=1715915267181, payload.length=0
24/05/17 03:07:47 DEBUG zookeeper.ZooKeeperWatcher: MockServer,123,-1-0xff8f84851bfd0000 Received ZooKeeper Event, type=NodeDataChanged, state=SyncConnected, path=/wasp/unassigned/959d9d8de0f457fd96ba38a46ef085cc
24/05/17 03:07:47 DEBUG zookeeper.ZKAssign: MockServer,123,-1-0xff8f84851bfd0000 Successfully transitioned node 959d9d8de0f457fd96ba38a46ef085cc from M_ZK_ENTITYGROUP_OFFLINE to FSERVER_ZK_ENTITYGROUP_OPENING
24/05/17 03:07:47 INFO fserver.EntityGroup: EntityGroup.openEntityGroup EntityGroup name ==TestOpenEntityGroupHandler,\x00\x00\x00\x00,1715915267092.959d9d8de0f457fd96ba38a46ef085cc.
24/05/17 03:07:47 DEBUG fserver.EntityGroup: Opening EntityGroup: {NAME => 'TestOpenEntityGroupHandler,\x00\x00\x00\x00,1715915267092.959d9d8de0f457fd96ba38a46ef085cc.', STARTKEY => '\x00\x00\x00\x00', ENDKEY => '\x00\x00\x00\x01', ENCODED => 959d9d8de0f457fd96ba38a46ef085cc,}
24/05/17 03:07:47 DEBUG fserver.MetricsEntityGroupSourceImpl: Creating new MetricsEntityGroupSourceImpl for table TestOpenEntityGroupHandler 959d9d8de0f457fd96ba38a46ef085cc
24/05/17 03:07:47 DEBUG fserver.EntityGroup: Instantiated TestOpenEntityGroupHandler,\x00\x00\x00\x00,1715915267092.959d9d8de0f457fd96ba38a46ef085cc.
24/05/17 03:07:47 ERROR server.NIOServerCnxnFactory: Thread Thread[Thread-78,5,main] died
java.lang.NullPointerException
	at com.alibaba.wasp.fserver.EntityGroup.run(EntityGroup.java:1264)
	at java.lang.Thread.run(Thread.java:748)
24/05/17 03:07:47 DEBUG zookeeper.ZKAssign: MockServer,123,-1-0xff8f84851bfd0000 Attempting to transition node 959d9d8de0f457fd96ba38a46ef085cc from FSERVER_ZK_ENTITYGROUP_OPENING to FSERVER_ZK_ENTITYGROUP_OPENING
24/05/17 03:07:47 DEBUG zookeeper.ZKUtil: MockServer,123,-1-0xff8f84851bfd0000 Unable to get data of znode /wasp/unassigned/959d9d8de0f457fd96ba38a46ef085cc because node does not exist (not necessarily an error)
24/05/17 03:07:47 WARN handler.OpenEntityGroupHandler: Failed refreshing OPENING; entityGroup=959d9d8de0f457fd96ba38a46ef085cc, context=post_entitygroup_open
24/05/17 03:07:47 DEBUG fserver.EntityGroup: Closing TestOpenEntityGroupHandler,\x00\x00\x00\x00,1715915267092.959d9d8de0f457fd96ba38a46ef085cc.
24/05/17 03:07:47 DEBUG fserver.EntityGroup: Updates disabled for entityGroup TestOpenEntityGroupHandler,\x00\x00\x00\x00,1715915267092.959d9d8de0f457fd96ba38a46ef085cc.
24/05/17 03:07:47 INFO fserver.EntityGroup: Running commit transaction of TestOpenEntityGroupHandler,\x00\x00\x00\x00,1715915267092.959d9d8de0f457fd96ba38a46ef085cc. before close
24/05/17 03:07:47 INFO fserver.EntityGroup: Closed TestOpenEntityGroupHandler,\x00\x00\x00\x00,1715915267092.959d9d8de0f457fd96ba38a46ef085cc.
24/05/17 03:07:47 INFO handler.OpenEntityGroupHandler: Opening of entityGroup {NAME => 'TestOpenEntityGroupHandler,\x00\x00\x00\x00,1715915267092.959d9d8de0f457fd96ba38a46ef085cc.', STARTKEY => '\x00\x00\x00\x00', ENDKEY => '\x00\x00\x00\x01', ENCODED => 959d9d8de0f457fd96ba38a46ef085cc,} failed, marking as FAILED_OPEN in ZK
24/05/17 03:07:47 DEBUG zookeeper.ZKAssign: MockServer,123,-1-0xff8f84851bfd0000 Attempting to transition node 959d9d8de0f457fd96ba38a46ef085cc from FSERVER_ZK_ENTITYGROUP_OPENING to FSERVER_ZK_ENTITYGROUP_FAILED_OPEN
24/05/17 03:07:47 DEBUG zookeeper.ZKUtil: MockServer,123,-1-0xff8f84851bfd0000 Unable to get data of znode /wasp/unassigned/959d9d8de0f457fd96ba38a46ef085cc because node does not exist (not necessarily an error)
24/05/17 03:07:47 WARN handler.OpenEntityGroupHandler: Unable to mark entityGroup {NAME => 'TestOpenEntityGroupHandler,\x00\x00\x00\x00,1715915267092.959d9d8de0f457fd96ba38a46ef085cc.', STARTKEY => '\x00\x00\x00\x00', ENDKEY => '\x00\x00\x00\x01', ENCODED => 959d9d8de0f457fd96ba38a46ef085cc,} as FAILED_OPEN. It's likely that the master already timed out this open attempt, and thus another RS already has the entityGroup.
24/05/17 03:07:47 DEBUG fserver.EntityGroup: Closing TestOpenEntityGroupHandler,\x00\x00\x00\x00,1715915267092.959d9d8de0f457fd96ba38a46ef085cc.
24/05/17 03:07:47 DEBUG fserver.EntityGroup: Updates disabled for entityGroup TestOpenEntityGroupHandler,\x00\x00\x00\x00,1715915267092.959d9d8de0f457fd96ba38a46ef085cc.
24/05/17 03:07:47 INFO fserver.EntityGroup: Running commit transaction of TestOpenEntityGroupHandler,\x00\x00\x00\x00,1715915267092.959d9d8de0f457fd96ba38a46ef085cc. before close
24/05/17 03:07:47 INFO fserver.EntityGroup: Closed TestOpenEntityGroupHandler,\x00\x00\x00\x00,1715915267092.959d9d8de0f457fd96ba38a46ef085cc.
24/05/17 03:07:47 DEBUG zookeeper.ZKUtil: MockServer,123,-1 opening connection to ZooKeeper with ensemble (localhost:56563)
24/05/17 03:07:47 INFO zookeeper.RecoverableZooKeeper: The identifier of this process is 9540@a9f87c527aeb
24/05/17 03:07:47 INFO server.NIOServerCnxnFactory: Accepted socket connection from /127.0.0.1:42774
24/05/17 03:07:47 DEBUG zookeeper.ZooKeeperWatcher: MockServer,123,-1 Received ZooKeeper Event, type=None, state=SyncConnected, path=null
24/05/17 03:07:47 DEBUG zookeeper.ZooKeeperWatcher: MockServer,123,-1-0xff8f84851bfd0001 connected
24/05/17 03:07:47 DEBUG zookeeper.ZKAssign: MockServer,123,-1-0xff8f84851bfd0001 Creating unassigned node for 96ce66b429e21f5675f57bc85ad995fc in OFFLINE state
24/05/17 03:07:47 DEBUG zookeeper.ZKAssign: MockServer,123,-1-0xff8f84851bfd0001 Attempting to transition node 96ce66b429e21f5675f57bc85ad995fc from M_ZK_ENTITYGROUP_OFFLINE to FSERVER_ZK_ENTITYGROUP_OPENING
24/05/17 03:07:47 DEBUG zookeeper.ZKUtil: MockServer,123,-1-0xff8f84851bfd0001 Retrieved 117 byte(s) of data from znode /wasp/unassigned/96ce66b429e21f5675f57bc85ad995fc; data=entityGroup=TestOpenEntityGroupHandler,\x00\x00\x00\x00,1715915267209.96ce66b429e21f5675f57bc85ad995fc., state=M_ZK_ENTITYGROUP_OFFLINE, servername=MockServer,123,-1, createTime=1715915267216, payload.length=0
24/05/17 03:07:47 DEBUG zookeeper.ZooKeeperWatcher: MockServer,123,-1-0xff8f84851bfd0001 Received ZooKeeper Event, type=NodeDataChanged, state=SyncConnected, path=/wasp/unassigned/96ce66b429e21f5675f57bc85ad995fc
24/05/17 03:07:47 DEBUG zookeeper.ZKAssign: MockServer,123,-1-0xff8f84851bfd0001 Successfully transitioned node 96ce66b429e21f5675f57bc85ad995fc from M_ZK_ENTITYGROUP_OFFLINE to FSERVER_ZK_ENTITYGROUP_OPENING
24/05/17 03:07:47 INFO handler.OpenEntityGroupHandler: Opening of entityGroup {NAME => 'TestOpenEntityGroupHandler,\x00\x00\x00\x00,1715915267209.96ce66b429e21f5675f57bc85ad995fc.', STARTKEY => '\x00\x00\x00\x00', ENDKEY => '\x00\x00\x00\x01', ENCODED => 96ce66b429e21f5675f57bc85ad995fc,} failed, marking as FAILED_OPEN in ZK
24/05/17 03:07:47 DEBUG zookeeper.ZKAssign: MockServer,123,-1-0xff8f84851bfd0001 Attempting to transition node 96ce66b429e21f5675f57bc85ad995fc from FSERVER_ZK_ENTITYGROUP_OPENING to FSERVER_ZK_ENTITYGROUP_FAILED_OPEN
24/05/17 03:07:47 DEBUG zookeeper.ZKUtil: MockServer,123,-1-0xff8f84851bfd0001 Retrieved 117 byte(s) of data from znode /wasp/unassigned/96ce66b429e21f5675f57bc85ad995fc; data=entityGroup=TestOpenEntityGroupHandler,\x00\x00\x00\x00,1715915267209.96ce66b429e21f5675f57bc85ad995fc., state=FSERVER_ZK_ENTITYGROUP_OPENING, servername=MockServer,123,-1, createTime=1715915267220, payload.length=0
24/05/17 03:07:47 DEBUG zookeeper.ZKAssign: MockServer,123,-1-0xff8f84851bfd0001 Successfully transitioned node 96ce66b429e21f5675f57bc85ad995fc from FSERVER_ZK_ENTITYGROUP_OPENING to FSERVER_ZK_ENTITYGROUP_FAILED_OPEN
24/05/17 03:07:47 DEBUG zookeeper.ZKUtil: MockServer,123,-1-0xff8f84851bfd0001 Retrieved 117 byte(s) of data from znode /wasp/unassigned/96ce66b429e21f5675f57bc85ad995fc and set watcher; entityGroup=TestOpenEntityGroupHandler,\x00\x00\x00\x00,1715915267209.96ce66b429e21f5675f57bc85ad995fc., state=FSERVER_ZK_ENTITYGROUP_FAILED_OPEN, servername=MockServer,123,-1, createTime=1715915267223, payload.length=0
24/05/17 03:07:47 DEBUG zookeeper.ZKUtil: MockServer,123,-1 opening connection to ZooKeeper with ensemble (localhost:56563)
24/05/17 03:07:47 INFO zookeeper.RecoverableZooKeeper: The identifier of this process is 9540@a9f87c527aeb
24/05/17 03:07:47 INFO server.NIOServerCnxnFactory: Accepted socket connection from /127.0.0.1:42780
24/05/17 03:07:47 DEBUG zookeeper.ZooKeeperWatcher: MockServer,123,-1 Received ZooKeeper Event, type=None, state=SyncConnected, path=null
24/05/17 03:07:47 DEBUG zookeeper.ZooKeeperWatcher: MockServer,123,-1-0xff8f84851bfd0002 connected
24/05/17 03:07:47 DEBUG zookeeper.ZKAssign: MockServer,123,-1-0xff8f84851bfd0002 Creating unassigned node for 67dd1c4e5bd9c21194e591aa779fc1b8 in OFFLINE state
24/05/17 03:07:47 DEBUG zookeeper.ZKAssign: MockServer,123,-1-0xff8f84851bfd0002 Attempting to transition node 67dd1c4e5bd9c21194e591aa779fc1b8 from M_ZK_ENTITYGROUP_OFFLINE to FSERVER_ZK_ENTITYGROUP_OPENING
24/05/17 03:07:47 DEBUG zookeeper.ZKUtil: MockServer,123,-1-0xff8f84851bfd0002 Retrieved 117 byte(s) of data from znode /wasp/unassigned/67dd1c4e5bd9c21194e591aa779fc1b8; data=entityGroup=TestOpenEntityGroupHandler,\x00\x00\x00\x00,1715915267227.67dd1c4e5bd9c21194e591aa779fc1b8., state=M_ZK_ENTITYGROUP_OFFLINE, servername=MockServer,123,-1, createTime=1715915267234, payload.length=0
24/05/17 03:07:47 DEBUG zookeeper.ZooKeeperWatcher: MockServer,123,-1-0xff8f84851bfd0002 Received ZooKeeper Event, type=NodeDataChanged, state=SyncConnected, path=/wasp/unassigned/67dd1c4e5bd9c21194e591aa779fc1b8
24/05/17 03:07:47 DEBUG zookeeper.ZKAssign: MockServer,123,-1-0xff8f84851bfd0002 Successfully transitioned node 67dd1c4e5bd9c21194e591aa779fc1b8 from M_ZK_ENTITYGROUP_OFFLINE to FSERVER_ZK_ENTITYGROUP_OPENING
24/05/17 03:07:47 INFO fserver.EntityGroup: EntityGroup.openEntityGroup EntityGroup name ==TestOpenEntityGroupHandler,\x00\x00\x00\x00,1715915267227.67dd1c4e5bd9c21194e591aa779fc1b8.
24/05/17 03:07:47 DEBUG fserver.EntityGroup: Opening EntityGroup: {NAME => 'TestOpenEntityGroupHandler,\x00\x00\x00\x00,1715915267227.67dd1c4e5bd9c21194e591aa779fc1b8.', STARTKEY => '\x00\x00\x00\x00', ENDKEY => '\x00\x00\x00\x01', ENCODED => 67dd1c4e5bd9c21194e591aa779fc1b8,}
24/05/17 03:07:47 DEBUG fserver.MetricsEntityGroupSourceImpl: Creating new MetricsEntityGroupSourceImpl for table TestOpenEntityGroupHandler 67dd1c4e5bd9c21194e591aa779fc1b8
24/05/17 03:07:47 DEBUG fserver.EntityGroup: Instantiated TestOpenEntityGroupHandler,\x00\x00\x00\x00,1715915267227.67dd1c4e5bd9c21194e591aa779fc1b8.
24/05/17 03:07:47 DEBUG zookeeper.ZKAssign: MockServer,123,-1-0xff8f84851bfd0002 Attempting to transition node 67dd1c4e5bd9c21194e591aa779fc1b8 from FSERVER_ZK_ENTITYGROUP_OPENING to FSERVER_ZK_ENTITYGROUP_OPENING
24/05/17 03:07:47 ERROR server.NIOServerCnxnFactory: Thread Thread[Thread-81,5,main] died
java.lang.NullPointerException
	at com.alibaba.wasp.fserver.EntityGroup.run(EntityGroup.java:1264)
	at java.lang.Thread.run(Thread.java:748)
24/05/17 03:07:47 DEBUG zookeeper.ZKUtil: MockServer,123,-1-0xff8f84851bfd0002 Retrieved 117 byte(s) of data from znode /wasp/unassigned/67dd1c4e5bd9c21194e591aa779fc1b8; data=entityGroup=TestOpenEntityGroupHandler,\x00\x00\x00\x00,1715915267227.67dd1c4e5bd9c21194e591aa779fc1b8., state=FSERVER_ZK_ENTITYGROUP_OPENING, servername=MockServer,123,-1, createTime=1715915267237, payload.length=0
24/05/17 03:07:47 DEBUG zookeeper.ZKAssign: MockServer,123,-1-0xff8f84851bfd0002 Successfully transitioned node 67dd1c4e5bd9c21194e591aa779fc1b8 from FSERVER_ZK_ENTITYGROUP_OPENING to FSERVER_ZK_ENTITYGROUP_OPENING
24/05/17 03:07:47 DEBUG fserver.EntityGroup: Closing TestOpenEntityGroupHandler,\x00\x00\x00\x00,1715915267227.67dd1c4e5bd9c21194e591aa779fc1b8.
24/05/17 03:07:47 DEBUG fserver.EntityGroup: Updates disabled for entityGroup TestOpenEntityGroupHandler,\x00\x00\x00\x00,1715915267227.67dd1c4e5bd9c21194e591aa779fc1b8.
24/05/17 03:07:47 INFO fserver.EntityGroup: Running commit transaction of TestOpenEntityGroupHandler,\x00\x00\x00\x00,1715915267227.67dd1c4e5bd9c21194e591aa779fc1b8. before close
24/05/17 03:07:47 INFO fserver.EntityGroup: Closed TestOpenEntityGroupHandler,\x00\x00\x00\x00,1715915267227.67dd1c4e5bd9c21194e591aa779fc1b8.
24/05/17 03:07:47 INFO handler.OpenEntityGroupHandler: Opening of entityGroup {NAME => 'TestOpenEntityGroupHandler,\x00\x00\x00\x00,1715915267227.67dd1c4e5bd9c21194e591aa779fc1b8.', STARTKEY => '\x00\x00\x00\x00', ENDKEY => '\x00\x00\x00\x01', ENCODED => 67dd1c4e5bd9c21194e591aa779fc1b8,} failed, marking as FAILED_OPEN in ZK
24/05/17 03:07:47 DEBUG zookeeper.ZKAssign: MockServer,123,-1-0xff8f84851bfd0002 Attempting to transition node 67dd1c4e5bd9c21194e591aa779fc1b8 from FSERVER_ZK_ENTITYGROUP_OPENING to FSERVER_ZK_ENTITYGROUP_FAILED_OPEN
24/05/17 03:07:47 DEBUG zookeeper.ZKUtil: MockServer,123,-1-0xff8f84851bfd0002 Retrieved 117 byte(s) of data from znode /wasp/unassigned/67dd1c4e5bd9c21194e591aa779fc1b8; data=entityGroup=TestOpenEntityGroupHandler,\x00\x00\x00\x00,1715915267227.67dd1c4e5bd9c21194e591aa779fc1b8., state=FSERVER_ZK_ENTITYGROUP_OPENING, servername=MockServer,123,-1, createTime=1715915267241, payload.length=0
24/05/17 03:07:47 DEBUG zookeeper.ZKAssign: MockServer,123,-1-0xff8f84851bfd0002 Successfully transitioned node 67dd1c4e5bd9c21194e591aa779fc1b8 from FSERVER_ZK_ENTITYGROUP_OPENING to FSERVER_ZK_ENTITYGROUP_FAILED_OPEN
24/05/17 03:07:47 DEBUG zookeeper.ZKUtil: MockServer,123,-1-0xff8f84851bfd0002 Retrieved 117 byte(s) of data from znode /wasp/unassigned/67dd1c4e5bd9c21194e591aa779fc1b8 and set watcher; entityGroup=TestOpenEntityGroupHandler,\x00\x00\x00\x00,1715915267227.67dd1c4e5bd9c21194e591aa779fc1b8., state=FSERVER_ZK_ENTITYGROUP_FAILED_OPEN, servername=MockServer,123,-1, createTime=1715915267244, payload.length=0
24/05/17 03:07:47 INFO server.NIOServerCnxnFactory: NIOServerCnxn factory exited run method
24/05/17 03:07:47 INFO server.SessionTrackerImpl: Shutting down
24/05/17 03:07:47 INFO server.SyncRequestProcessor: Shutting down
24/05/17 03:07:47 INFO server.SyncRequestProcessor: SyncRequestProcessor exited!
24/05/17 03:07:47 INFO server.FinalRequestProcessor: shutdown of request processor complete
24/05/17 03:07:47 INFO wasp.WaspTestingUtility: Starting up minicluster with 1 master(s) and 3 fserver(s) 
24/05/17 03:07:47 DEBUG zookeeper.ZooKeeperWatcher: MockServer,123,-1-0xff8f84851bfd0002 Received ZooKeeper Event, type=None, state=Disconnected, path=null
24/05/17 03:07:47 DEBUG zookeeper.ZooKeeperWatcher: MockServer,123,-1-0xff8f84851bfd0002 Received Disconnected from ZooKeeper, ignoring
24/05/17 03:07:47 DEBUG zookeeper.ZooKeeperWatcher: MockServer,123,-1-0xff8f84851bfd0000 Received ZooKeeper Event, type=None, state=Disconnected, path=null
24/05/17 03:07:47 DEBUG zookeeper.ZooKeeperWatcher: MockServer,123,-1-0xff8f84851bfd0000 Received Disconnected from ZooKeeper, ignoring
24/05/17 03:07:47 DEBUG zookeeper.ZooKeeperWatcher: MockServer,123,-1-0xff8f84851bfd0001 Received ZooKeeper Event, type=None, state=Disconnected, path=null
24/05/17 03:07:47 DEBUG zookeeper.ZooKeeperWatcher: MockServer,123,-1-0xff8f84851bfd0001 Received Disconnected from ZooKeeper, ignoring
Starting DataNode 0 with dfs.data.dir: /home/idflakies/alibaba/wasp/target/test-data/bedc8cde-ec9c-419c-94df-34d2ee567644/dfscluster_d65c2338-efe7-47c0-afd7-fe834cbe8704/dfs/data/data1,/home/idflakies/alibaba/wasp/target/test-data/bedc8cde-ec9c-419c-94df-34d2ee567644/dfscluster_d65c2338-efe7-47c0-afd7-fe834cbe8704/dfs/data/data2
24/05/17 03:07:47 ERROR datanode.DataNode: All directories in dfs.data.dir are invalid.
24/05/17 03:07:47 INFO wasp.WaspTestingUtility: Shutting down mini wasp cluster
24/05/17 03:07:47 INFO wasp.WaspTestingUtility: Minicluster is down
java.lang.NullPointerException
	at org.apache.hadoop.hdfs.MiniDFSCluster.startDataNodes(MiniDFSCluster.java:422)
	at org.apache.hadoop.hdfs.MiniDFSCluster.<init>(MiniDFSCluster.java:280)
	at org.apache.hadoop.hbase.HBaseTestingUtility.startMiniDFSCluster(HBaseTestingUtility.java:451)
	at org.apache.hadoop.hbase.HBaseTestingUtility.startMiniCluster(HBaseTestingUtility.java:619)
	at org.apache.hadoop.hbase.HBaseTestingUtility.startMiniCluster(HBaseTestingUtility.java:575)
	at com.alibaba.wasp.WaspTestingUtility.startMiniCluster(WaspTestingUtility.java:172)
	at com.alibaba.wasp.WaspTestingUtility.startMiniCluster(WaspTestingUtility.java:144)
	at com.alibaba.wasp.messagequeue.TestSubscriber.setUpBeforeClass(TestSubscriber.java:71)
	at sun.reflect.NativeMethodAccessorImpl.invoke0(Native Method)
	at sun.reflect.NativeMethodAccessorImpl.invoke(NativeMethodAccessorImpl.java:62)
	at sun.reflect.DelegatingMethodAccessorImpl.invoke(DelegatingMethodAccessorImpl.java:43)
	at java.lang.reflect.Method.invoke(Method.java:498)
	at org.junit.runners.model.FrameworkMethod$1.runReflectiveCall(FrameworkMethod.java:45)
	at org.junit.internal.runners.model.ReflectiveCallable.run(ReflectiveCallable.java:15)
	at org.junit.runners.model.FrameworkMethod.invokeExplosively(FrameworkMethod.java:42)
	at org.junit.internal.runners.statements.RunBefores.evaluate(RunBefores.java:27)
	at org.junit.internal.runners.statements.RunAfters.evaluate(RunAfters.java:30)
	at org.junit.runners.ParentRunner.run(ParentRunner.java:300)
	at org.junit.runners.Suite.runChild(Suite.java:128)
	at org.junit.runners.Suite.runChild(Suite.java:24)
	at org.junit.runners.ParentRunner$3.run(ParentRunner.java:231)
	at org.junit.runners.ParentRunner$1.schedule(ParentRunner.java:60)
	at org.junit.runners.ParentRunner.runChildren(ParentRunner.java:229)
	at org.junit.runners.ParentRunner.access$000(ParentRunner.java:50)
	at org.junit.runners.ParentRunner$2.evaluate(ParentRunner.java:222)
	at org.junit.runners.ParentRunner.run(ParentRunner.java:300)
	at org.junit.runner.JUnitCore.run(JUnitCore.java:157)
	at org.junit.runner.JUnitCore.run(JUnitCore.java:136)
	at edu.illinois.cs.testrunner.execution.JUnitTestExecutor.execute(JUnitTestExecutor.java:246)
	at edu.illinois.cs.testrunner.execution.JUnitTestExecutor.executeWithJUnit4Runner(JUnitTestExecutor.java:315)
	at edu.illinois.cs.testrunner.execution.JUnitTestExecutor.runOrder(JUnitTestExecutor.java:46)
	at edu.illinois.cs.testrunner.execution.Executor$.$anonfun$run$1(Executor.scala:30)
	at scala.runtime.java8.JFunction0$mcV$sp.apply(JFunction0$mcV$sp.java:12)
	at scala.util.Try$.apply(Try.scala:209)
	at edu.illinois.cs.testrunner.execution.Executor$.run(Executor.scala:28)
	at edu.illinois.cs.testrunner.execution.Executor$.main(Executor.scala:18)
	at edu.illinois.cs.testrunner.execution.Executor.main(Executor.scala)
24/05/17 03:07:47 DEBUG master.TestOpenedEntityGroupHandler: 

TRR: Starting cluster

24/05/17 03:07:47 INFO wasp.WaspTestingUtility: Starting up minicluster with 1 master(s) and 1 fserver(s) 
Starting DataNode 0 with dfs.data.dir: /home/idflakies/alibaba/wasp/target/test-data/fee6d951-ac20-46b3-b5f6-75ed61e4ae8a/dfscluster_18a21142-44f5-4cbf-bf5a-53e50805e670/dfs/data/data1,/home/idflakies/alibaba/wasp/target/test-data/fee6d951-ac20-46b3-b5f6-75ed61e4ae8a/dfscluster_18a21142-44f5-4cbf-bf5a-53e50805e670/dfs/data/data2
24/05/17 03:07:47 ERROR datanode.DataNode: All directories in dfs.data.dir are invalid.
24/05/17 03:07:47 INFO wasp.WaspTestingUtility: Shutting down mini wasp cluster
24/05/17 03:07:47 INFO wasp.WaspTestingUtility: Minicluster is down
java.lang.NullPointerException
	at org.apache.hadoop.hdfs.MiniDFSCluster.startDataNodes(MiniDFSCluster.java:422)
	at org.apache.hadoop.hdfs.MiniDFSCluster.<init>(MiniDFSCluster.java:280)
	at org.apache.hadoop.hbase.HBaseTestingUtility.startMiniDFSCluster(HBaseTestingUtility.java:451)
	at org.apache.hadoop.hbase.HBaseTestingUtility.startMiniCluster(HBaseTestingUtility.java:619)
	at org.apache.hadoop.hbase.HBaseTestingUtility.startMiniCluster(HBaseTestingUtility.java:575)
	at com.alibaba.wasp.WaspTestingUtility.startMiniCluster(WaspTestingUtility.java:172)
	at com.alibaba.wasp.master.TestOpenedEntityGroupHandler.testOpenedEntityGroupHandlerOnMasterRestart(TestOpenedEntityGroupHandler.java:93)
	at sun.reflect.NativeMethodAccessorImpl.invoke0(Native Method)
	at sun.reflect.NativeMethodAccessorImpl.invoke(NativeMethodAccessorImpl.java:62)
	at sun.reflect.DelegatingMethodAccessorImpl.invoke(DelegatingMethodAccessorImpl.java:43)
	at java.lang.reflect.Method.invoke(Method.java:498)
	at org.junit.runners.model.FrameworkMethod$1.runReflectiveCall(FrameworkMethod.java:45)
	at org.junit.internal.runners.model.ReflectiveCallable.run(ReflectiveCallable.java:15)
	at org.junit.runners.model.FrameworkMethod.invokeExplosively(FrameworkMethod.java:42)
	at org.junit.internal.runners.statements.InvokeMethod.evaluate(InvokeMethod.java:20)
	at org.junit.internal.runners.statements.RunBefores.evaluate(RunBefores.java:28)
	at org.junit.internal.runners.statements.RunAfters.evaluate(RunAfters.java:30)
	at org.junit.runners.ParentRunner.runLeaf(ParentRunner.java:263)
	at org.junit.runners.BlockJUnit4ClassRunner.runChild(BlockJUnit4ClassRunner.java:68)
	at org.junit.runners.BlockJUnit4ClassRunner.runChild(BlockJUnit4ClassRunner.java:47)
	at org.junit.runners.ParentRunner$3.run(ParentRunner.java:231)
	at org.junit.runners.ParentRunner$1.schedule(ParentRunner.java:60)
	at org.junit.runners.ParentRunner.runChildren(ParentRunner.java:229)
	at org.junit.runners.ParentRunner.access$000(ParentRunner.java:50)
	at org.junit.runners.ParentRunner$2.evaluate(ParentRunner.java:222)
	at org.junit.runners.ParentRunner.run(ParentRunner.java:300)
	at org.junit.runners.Suite.runChild(Suite.java:128)
	at org.junit.runners.Suite.runChild(Suite.java:24)
	at org.junit.runners.ParentRunner$3.run(ParentRunner.java:231)
	at org.junit.runners.ParentRunner$1.schedule(ParentRunner.java:60)
	at org.junit.runners.ParentRunner.runChildren(ParentRunner.java:229)
	at org.junit.runners.ParentRunner.access$000(ParentRunner.java:50)
	at org.junit.runners.ParentRunner$2.evaluate(ParentRunner.java:222)
	at org.junit.runners.ParentRunner.run(ParentRunner.java:300)
	at org.junit.runner.JUnitCore.run(JUnitCore.java:157)
	at org.junit.runner.JUnitCore.run(JUnitCore.java:136)
	at edu.illinois.cs.testrunner.execution.JUnitTestExecutor.execute(JUnitTestExecutor.java:246)
	at edu.illinois.cs.testrunner.execution.JUnitTestExecutor.executeWithJUnit4Runner(JUnitTestExecutor.java:315)
	at edu.illinois.cs.testrunner.execution.JUnitTestExecutor.runOrder(JUnitTestExecutor.java:46)
	at edu.illinois.cs.testrunner.execution.Executor$.$anonfun$run$1(Executor.scala:30)
	at scala.runtime.java8.JFunction0$mcV$sp.apply(JFunction0$mcV$sp.java:12)
	at scala.util.Try$.apply(Try.scala:209)
	at edu.illinois.cs.testrunner.execution.Executor$.run(Executor.scala:28)
	at edu.illinois.cs.testrunner.execution.Executor$.main(Executor.scala:18)
	at edu.illinois.cs.testrunner.execution.Executor.main(Executor.scala)
24/05/17 03:07:47 INFO server.NIOServerCnxnFactory: binding to port 0.0.0.0/0.0.0.0:62447
24/05/17 03:07:47 INFO persistence.FileTxnSnapLog: Snapshotting: 0x0 to /home/idflakies/alibaba/wasp/target/test-data/58447aa7-ca95-4142-99b0-380980b5ea3f/dfscluster_89eb1020-894e-444a-b904-e206099d5ce1/zookeeper_0/version-2/snapshot.0
24/05/17 03:07:47 INFO server.NIOServerCnxnFactory: Accepted socket connection from /127.0.0.1:41220
24/05/17 03:07:47 DEBUG zookeeper.ZKUtil: MockServer,123,-1 opening connection to ZooKeeper with ensemble (localhost:62447)
24/05/17 03:07:47 INFO zookeeper.RecoverableZooKeeper: The identifier of this process is 9540@a9f87c527aeb
24/05/17 03:07:47 INFO server.NIOServerCnxnFactory: Accepted socket connection from /127.0.0.1:41234
24/05/17 03:07:47 INFO persistence.FileTxnLog: Creating new log file: log.1
24/05/17 03:07:47 DEBUG zookeeper.ZooKeeperWatcher: MockServer,123,-1 Received ZooKeeper Event, type=None, state=SyncConnected, path=null
24/05/17 03:07:47 DEBUG zookeeper.ZooKeeperWatcher: MockServer,123,-1-0xff8f84851f590000 connected
24/05/17 03:07:47 INFO fserver.EntityGroup: creating EntityGroup testShouldNotCompeleteOpenedEntityGroupSuccessfullyIfVersionMismatches Table == CREATE TABLE testShouldNotCompeleteOpenedEntityGroupSuccessfullyIfVersionMismatches { 
  REQUIRED INT32 column1 COLUMNFAMILY d;
  REQUIRED INT64 column2 COLUMNFAMILY d;
  REQUIRED STRING column3 COLUMNFAMILY d;
  OPTIONAL FLOAT column4 COLUMNFAMILY d;
  OPTIONAL DOUBLE column5 COLUMNFAMILY d;
  OPTIONAL DATETIME column6 COLUMNFAMILY d;
  REPEATED PROTOBUF column7 COLUMNFAMILY d;
  OPTIONAL STRING column8 COLUMNFAMILY d;
} 
PRIMARY KEY(column1),
ENTITY GROUP ROOT,
ENTITY GROUP KEY(column1);
 Table name == testShouldNotCompeleteOpenedEntityGroupSuccessfullyIfVersionMismatches
24/05/17 03:07:47 DEBUG fserver.EntityGroup: Instantiated testShouldNotCompeleteOpenedEntityGroupSuccessfullyIfVersionMismatches,\x00\x00\x00\x00,1715915267953.709e328f3a84ab56d1864ce966aa3787.
24/05/17 03:07:47 ERROR server.NIOServerCnxnFactory: Thread Thread[Thread-131,5,main] died
java.lang.NullPointerException
	at com.alibaba.wasp.fserver.EntityGroup.run(EntityGroup.java:1264)
	at java.lang.Thread.run(Thread.java:748)
24/05/17 03:07:48 INFO server.SessionTrackerImpl: SessionTrackerImpl exited loop!
24/05/17 03:07:48 DEBUG zookeeper.ZKUtil: unittest opening connection to ZooKeeper with ensemble (localhost:62447)
24/05/17 03:07:48 INFO zookeeper.RecoverableZooKeeper: The identifier of this process is 9540@a9f87c527aeb
24/05/17 03:07:48 DEBUG zookeeper.ZKAssign: unittest Creating unassigned node for 709e328f3a84ab56d1864ce966aa3787 in OFFLINE state
24/05/17 03:07:48 INFO server.NIOServerCnxnFactory: Accepted socket connection from /127.0.0.1:41248
24/05/17 03:07:48 DEBUG zookeeper.ZooKeeperWatcher: unittest Received ZooKeeper Event, type=None, state=SyncConnected, path=null
24/05/17 03:07:48 DEBUG zookeeper.ZooKeeperWatcher: unittest-0xff8f84851f590001 connected
24/05/17 03:07:48 DEBUG zookeeper.ZKAssign: unittest-0xff8f84851f590001 Attempting to transition node 709e328f3a84ab56d1864ce966aa3787 from M_ZK_ENTITYGROUP_OFFLINE to FSERVER_ZK_ENTITYGROUP_OPENING
24/05/17 03:07:48 DEBUG zookeeper.ZKUtil: unittest-0xff8f84851f590001 Retrieved 161 byte(s) of data from znode /wasp/unassigned/709e328f3a84ab56d1864ce966aa3787; data=entityGroup=testShouldNotCompeleteOpenedEntityGroupSuccessfullyIfVersionMismatches,\x00\x00\x00\x00,1715915267953.709e328f3a84ab56d1864ce966aa3787., state=M_ZK_ENTITYGROUP_OFFLINE, servername=MockServer,123,-1, createTime=1715915268059, payload.length=0
24/05/17 03:07:48 DEBUG zookeeper.ZKAssign: unittest-0xff8f84851f590001 Successfully transitioned node 709e328f3a84ab56d1864ce966aa3787 from M_ZK_ENTITYGROUP_OFFLINE to FSERVER_ZK_ENTITYGROUP_OPENING
24/05/17 03:07:48 DEBUG zookeeper.ZooKeeperWatcher: unittest-0xff8f84851f590001 Received ZooKeeper Event, type=NodeDataChanged, state=SyncConnected, path=/wasp/unassigned/709e328f3a84ab56d1864ce966aa3787
24/05/17 03:07:48 DEBUG zookeeper.ZKAssign: unittest-0xff8f84851f590001 Attempting to transition node 709e328f3a84ab56d1864ce966aa3787 from FSERVER_ZK_ENTITYGROUP_OPENING to FSERVER_ZK_ENTITYGROUP_OPENED
24/05/17 03:07:48 DEBUG zookeeper.ZKUtil: unittest-0xff8f84851f590001 Retrieved 161 byte(s) of data from znode /wasp/unassigned/709e328f3a84ab56d1864ce966aa3787; data=entityGroup=testShouldNotCompeleteOpenedEntityGroupSuccessfullyIfVersionMismatches,\x00\x00\x00\x00,1715915267953.709e328f3a84ab56d1864ce966aa3787., state=FSERVER_ZK_ENTITYGROUP_OPENING, servername=MockServer,123,-1, createTime=1715915268065, payload.length=0
24/05/17 03:07:48 DEBUG zookeeper.ZKAssign: unittest-0xff8f84851f590001 Successfully transitioned node 709e328f3a84ab56d1864ce966aa3787 from FSERVER_ZK_ENTITYGROUP_OPENING to FSERVER_ZK_ENTITYGROUP_OPENED
24/05/17 03:07:48 DEBUG zookeeper.ZKUtil: unittest-0xff8f84851f590001 Retrieved 161 byte(s) of data from znode /wasp/unassigned/709e328f3a84ab56d1864ce966aa3787 and set watcher; entityGroup=testShouldNotCompeleteOpenedEntityGroupSuccessfullyIfVersionMismatches,\x00\x00\x00\x00,1715915267953.709e328f3a84ab56d1864ce966aa3787., state=FSERVER_ZK_ENTITYGROUP_OPENED, servername=MockServer,123,-1, createTime=1715915268068, payload.length=0
24/05/17 03:07:48 DEBUG zookeeper.ZKAssign: unittest-0xff8f84851f590001 Attempting to transition node 709e328f3a84ab56d1864ce966aa3787 from FSERVER_ZK_ENTITYGROUP_OPENED to FSERVER_ZK_ENTITYGROUP_OPENED
24/05/17 03:07:48 DEBUG zookeeper.ZKUtil: unittest-0xff8f84851f590001 Retrieved 161 byte(s) of data from znode /wasp/unassigned/709e328f3a84ab56d1864ce966aa3787; data=entityGroup=testShouldNotCompeleteOpenedEntityGroupSuccessfullyIfVersionMismatches,\x00\x00\x00\x00,1715915267953.709e328f3a84ab56d1864ce966aa3787., state=FSERVER_ZK_ENTITYGROUP_OPENED, servername=MockServer,123,-1, createTime=1715915268068, payload.length=0
24/05/17 03:07:48 DEBUG zookeeper.ZooKeeperWatcher: unittest-0xff8f84851f590001 Received ZooKeeper Event, type=NodeDataChanged, state=SyncConnected, path=/wasp/unassigned/709e328f3a84ab56d1864ce966aa3787
24/05/17 03:07:48 DEBUG zookeeper.ZKAssign: unittest-0xff8f84851f590001 Successfully transitioned node 709e328f3a84ab56d1864ce966aa3787 from FSERVER_ZK_ENTITYGROUP_OPENED to FSERVER_ZK_ENTITYGROUP_OPENED
24/05/17 03:07:48 WARN handler.OpenedEntityGroupHandler: Skipping the onlining of testShouldNotCompeleteOpenedEntityGroupSuccessfullyIfVersionMismatches,\x00\x00\x00\x00,1715915267953.709e328f3a84ab56d1864ce966aa3787. because entityGroups is NOT in EGIT -- presuming this is because it SPLIT
24/05/17 03:07:48 DEBUG fserver.EntityGroup: Closing testShouldNotCompeleteOpenedEntityGroupSuccessfullyIfVersionMismatches,\x00\x00\x00\x00,1715915267953.709e328f3a84ab56d1864ce966aa3787.
24/05/17 03:07:48 DEBUG fserver.EntityGroup: Updates disabled for entityGroup testShouldNotCompeleteOpenedEntityGroupSuccessfullyIfVersionMismatches,\x00\x00\x00\x00,1715915267953.709e328f3a84ab56d1864ce966aa3787.
24/05/17 03:07:48 INFO fserver.EntityGroup: Running commit transaction of testShouldNotCompeleteOpenedEntityGroupSuccessfullyIfVersionMismatches,\x00\x00\x00\x00,1715915267953.709e328f3a84ab56d1864ce966aa3787. before close
24/05/17 03:07:48 INFO fserver.EntityGroup: Closed testShouldNotCompeleteOpenedEntityGroupSuccessfullyIfVersionMismatches,\x00\x00\x00\x00,1715915267953.709e328f3a84ab56d1864ce966aa3787.
24/05/17 03:07:48 INFO server.NIOServerCnxnFactory: NIOServerCnxn factory exited run method
24/05/17 03:07:48 INFO server.SessionTrackerImpl: Shutting down
24/05/17 03:07:48 INFO server.SyncRequestProcessor: Shutting down
24/05/17 03:07:48 INFO server.SyncRequestProcessor: SyncRequestProcessor exited!
24/05/17 03:07:48 INFO server.FinalRequestProcessor: shutdown of request processor complete
24/05/17 03:07:48 INFO wasp.WaspTestingUtility: Shutting down mini wasp cluster
24/05/17 03:07:48 INFO wasp.WaspTestingUtility: Minicluster is down
24/05/17 03:07:48 DEBUG fserver.MetricsEntityGroupSourceImpl: Creating new MetricsEntityGroupSourceImpl for table MetricsEntityGroupWrapperStub DEADBEEF001
24/05/17 03:07:48 INFO wasp.WaspTestingUtility: Starting up minicluster with 1 master(s) and 3 fserver(s) 
24/05/17 03:07:48 DEBUG zookeeper.ZooKeeperWatcher: unittest-0xff8f84851f590001 Received ZooKeeper Event, type=None, state=Disconnected, path=null
24/05/17 03:07:48 DEBUG zookeeper.ZooKeeperWatcher: unittest-0xff8f84851f590001 Received Disconnected from ZooKeeper, ignoring
24/05/17 03:07:48 DEBUG zookeeper.ZooKeeperWatcher: MockServer,123,-1-0xff8f84851f590000 Received ZooKeeper Event, type=None, state=Disconnected, path=null
24/05/17 03:07:48 DEBUG zookeeper.ZooKeeperWatcher: MockServer,123,-1-0xff8f84851f590000 Received Disconnected from ZooKeeper, ignoring
Starting DataNode 0 with dfs.data.dir: /home/idflakies/alibaba/wasp/target/test-data/49d38d10-09d4-44fb-a44b-8b1b305c505d/dfscluster_1cb3e9be-8d54-4ea8-bcd9-67abfdb9ff80/dfs/data/data1,/home/idflakies/alibaba/wasp/target/test-data/49d38d10-09d4-44fb-a44b-8b1b305c505d/dfscluster_1cb3e9be-8d54-4ea8-bcd9-67abfdb9ff80/dfs/data/data2
24/05/17 03:07:48 ERROR datanode.DataNode: All directories in dfs.data.dir are invalid.
24/05/17 03:07:48 INFO wasp.WaspTestingUtility: Shutting down mini wasp cluster
24/05/17 03:07:48 INFO wasp.WaspTestingUtility: Minicluster is down
java.lang.NullPointerException
	at org.apache.hadoop.hdfs.MiniDFSCluster.startDataNodes(MiniDFSCluster.java:422)
	at org.apache.hadoop.hdfs.MiniDFSCluster.<init>(MiniDFSCluster.java:280)
	at org.apache.hadoop.hbase.HBaseTestingUtility.startMiniDFSCluster(HBaseTestingUtility.java:451)
	at org.apache.hadoop.hbase.HBaseTestingUtility.startMiniCluster(HBaseTestingUtility.java:619)
	at org.apache.hadoop.hbase.HBaseTestingUtility.startMiniCluster(HBaseTestingUtility.java:575)
	at com.alibaba.wasp.WaspTestingUtility.startMiniCluster(WaspTestingUtility.java:172)
	at com.alibaba.wasp.WaspTestingUtility.startMiniCluster(WaspTestingUtility.java:144)
	at com.alibaba.wasp.jdbc.TestJdbcResultFormatter.setUpBeforeClass(TestJdbcResultFormatter.java:51)
	at sun.reflect.NativeMethodAccessorImpl.invoke0(Native Method)
	at sun.reflect.NativeMethodAccessorImpl.invoke(NativeMethodAccessorImpl.java:62)
	at sun.reflect.DelegatingMethodAccessorImpl.invoke(DelegatingMethodAccessorImpl.java:43)
	at java.lang.reflect.Method.invoke(Method.java:498)
	at org.junit.runners.model.FrameworkMethod$1.runReflectiveCall(FrameworkMethod.java:45)
	at org.junit.internal.runners.model.ReflectiveCallable.run(ReflectiveCallable.java:15)
	at org.junit.runners.model.FrameworkMethod.invokeExplosively(FrameworkMethod.java:42)
	at org.junit.internal.runners.statements.RunBefores.evaluate(RunBefores.java:27)
	at org.junit.internal.runners.statements.RunAfters.evaluate(RunAfters.java:30)
	at org.junit.runners.ParentRunner.run(ParentRunner.java:300)
	at org.junit.runners.Suite.runChild(Suite.java:128)
	at org.junit.runners.Suite.runChild(Suite.java:24)
	at org.junit.runners.ParentRunner$3.run(ParentRunner.java:231)
	at org.junit.runners.ParentRunner$1.schedule(ParentRunner.java:60)
	at org.junit.runners.ParentRunner.runChildren(ParentRunner.java:229)
	at org.junit.runners.ParentRunner.access$000(ParentRunner.java:50)
	at org.junit.runners.ParentRunner$2.evaluate(ParentRunner.java:222)
	at org.junit.runners.ParentRunner.run(ParentRunner.java:300)
	at org.junit.runner.JUnitCore.run(JUnitCore.java:157)
	at org.junit.runner.JUnitCore.run(JUnitCore.java:136)
	at edu.illinois.cs.testrunner.execution.JUnitTestExecutor.execute(JUnitTestExecutor.java:246)
	at edu.illinois.cs.testrunner.execution.JUnitTestExecutor.executeWithJUnit4Runner(JUnitTestExecutor.java:315)
	at edu.illinois.cs.testrunner.execution.JUnitTestExecutor.runOrder(JUnitTestExecutor.java:46)
	at edu.illinois.cs.testrunner.execution.Executor$.$anonfun$run$1(Executor.scala:30)
	at scala.runtime.java8.JFunction0$mcV$sp.apply(JFunction0$mcV$sp.java:12)
	at scala.util.Try$.apply(Try.scala:209)
	at edu.illinois.cs.testrunner.execution.Executor$.run(Executor.scala:28)
	at edu.illinois.cs.testrunner.execution.Executor$.main(Executor.scala:18)
	at edu.illinois.cs.testrunner.execution.Executor.main(Executor.scala)
java.lang.NullPointerException
	at com.alibaba.wasp.jdbc.TestJdbcResultFormatter.tearDownAfterClass(TestJdbcResultFormatter.java:71)
	at sun.reflect.NativeMethodAccessorImpl.invoke0(Native Method)
	at sun.reflect.NativeMethodAccessorImpl.invoke(NativeMethodAccessorImpl.java:62)
	at sun.reflect.DelegatingMethodAccessorImpl.invoke(DelegatingMethodAccessorImpl.java:43)
	at java.lang.reflect.Method.invoke(Method.java:498)
	at org.junit.runners.model.FrameworkMethod$1.runReflectiveCall(FrameworkMethod.java:45)
	at org.junit.internal.runners.model.ReflectiveCallable.run(ReflectiveCallable.java:15)
	at org.junit.runners.model.FrameworkMethod.invokeExplosively(FrameworkMethod.java:42)
	at org.junit.internal.runners.statements.RunAfters.evaluate(RunAfters.java:36)
	at org.junit.runners.ParentRunner.run(ParentRunner.java:300)
	at org.junit.runners.Suite.runChild(Suite.java:128)
	at org.junit.runners.Suite.runChild(Suite.java:24)
	at org.junit.runners.ParentRunner$3.run(ParentRunner.java:231)
	at org.junit.runners.ParentRunner$1.schedule(ParentRunner.java:60)
	at org.junit.runners.ParentRunner.runChildren(ParentRunner.java:229)
	at org.junit.runners.ParentRunner.access$000(ParentRunner.java:50)
	at org.junit.runners.ParentRunner$2.evaluate(ParentRunner.java:222)
	at org.junit.runners.ParentRunner.run(ParentRunner.java:300)
	at org.junit.runner.JUnitCore.run(JUnitCore.java:157)
	at org.junit.runner.JUnitCore.run(JUnitCore.java:136)
	at edu.illinois.cs.testrunner.execution.JUnitTestExecutor.execute(JUnitTestExecutor.java:246)
	at edu.illinois.cs.testrunner.execution.JUnitTestExecutor.executeWithJUnit4Runner(JUnitTestExecutor.java:315)
	at edu.illinois.cs.testrunner.execution.JUnitTestExecutor.runOrder(JUnitTestExecutor.java:46)
	at edu.illinois.cs.testrunner.execution.Executor$.$anonfun$run$1(Executor.scala:30)
	at scala.runtime.java8.JFunction0$mcV$sp.apply(JFunction0$mcV$sp.java:12)
	at scala.util.Try$.apply(Try.scala:209)
	at edu.illinois.cs.testrunner.execution.Executor$.run(Executor.scala:28)
	at edu.illinois.cs.testrunner.execution.Executor$.main(Executor.scala:18)
	at edu.illinois.cs.testrunner.execution.Executor.main(Executor.scala)
24/05/17 03:07:48 DEBUG druid.DruidParser: Parsing SQL CREATE TABLE User { Required Int64 user_id; Required String name; Optional DOUBLE value; }  primary key(user_id),  entity group root, entity group key(user_id);
24/05/17 03:07:48 DEBUG druid.DruidDDLParser: CreateTablePlan CreateTablePlan [table=CREATE TABLE User { 
  REQUIRED INT64 user_id COLUMNFAMILY d;
  REQUIRED STRING name COLUMNFAMILY d;
  OPTIONAL DOUBLE value COLUMNFAMILY d;
} 
PRIMARY KEY(user_id),
ENTITY GROUP ROOT,
ENTITY GROUP KEY(user_id);
, splitKeys=null]
24/05/17 03:07:48 DEBUG druid.DruidParser: Parsing SQL CREATE TABLE Photo { Required Int64 user_id columnfamily cf comment 'aaa';  Required Int32 photo_id comment 'child primary key';  Optional Int64 time; Optional String full_url;  Optional String thumbnail_url; Optional string tag; Optional DATETIME date; Optional Int32 int32Type; }  primary key(user_id,photo_id),  in table User,  Entity Group Key(user_id) references User; 
24/05/17 03:07:48 DEBUG druid.DruidDDLParser: CreateTablePlan CreateTablePlan [table=CREATE TABLE Photo { 
  REQUIRED INT64 user_id COLUMNFAMILY cf;
  REQUIRED INT32 photo_id COLUMNFAMILY d;
  OPTIONAL INT64 time COLUMNFAMILY d;
  OPTIONAL STRING full_url COLUMNFAMILY d;
  OPTIONAL STRING thumbnail_url COLUMNFAMILY d;
  OPTIONAL STRING tag COLUMNFAMILY d;
  OPTIONAL DATETIME date COLUMNFAMILY d;
  OPTIONAL INT32 int32Type COLUMNFAMILY d;
} 
PRIMARY KEY(user_id, photo_id, ),
 IN TABLE User,
 ENTITY GROUP KEY(user_id) REFERENCES User;
, splitKeys=null]
CREATE TABLE User { 
  REQUIRED INT64 user_id COLUMNFAMILY d;
  REQUIRED STRING name COLUMNFAMILY d;
} 
PRIMARY KEY(user_id),
ENTITY GROUP ROOT,
ENTITY GROUP KEY(user_id);



CREATE TABLE Photo { 
  REQUIRED INT64 user_id COLUMNFAMILY d;
  REQUIRED INT32 photo_id COLUMNFAMILY d;
  REQUIRED INT64 time COLUMNFAMILY d;
  REQUIRED STRING full_url COLUMNFAMILY d;
  OPTIONAL STRING thumbnail_url COLUMNFAMILY d;
  REPEATED STRING tag COLUMNFAMILY d;
} 
PRIMARY KEY(user_id, photo_id, ),
 IN TABLE User,
 ENTITY GROUP KEY(user_id) REFERENCES User;

24/05/17 03:07:48 DEBUG druid.DruidParser: Parsing SQL CREATE TABLE User { Required Int64 user_id; Required String name; Optional DOUBLE value; }  primary key(user_id),  entity group root, entity group key(user_id);
24/05/17 03:07:48 DEBUG druid.DruidDDLParser: CreateTablePlan CreateTablePlan [table=CREATE TABLE User { 
  REQUIRED INT64 user_id COLUMNFAMILY d;
  REQUIRED STRING name COLUMNFAMILY d;
  OPTIONAL DOUBLE value COLUMNFAMILY d;
} 
PRIMARY KEY(user_id),
ENTITY GROUP ROOT,
ENTITY GROUP KEY(user_id);
, splitKeys=null]
24/05/17 03:07:48 DEBUG druid.DruidParser: Parsing SQL CREATE TABLE Photo { Required Int64 user_id columnfamily cf comment 'aaa';  Required Int32 photo_id comment 'child primary key';  Optional Int64 time; Optional String full_url;  Optional String thumbnail_url; Optional string tag; Optional DATETIME date; Optional Int32 int32Type; }  primary key(user_id,photo_id),  in table User,  Entity Group Key(user_id) references User; 
24/05/17 03:07:48 DEBUG druid.DruidDDLParser: CreateTablePlan CreateTablePlan [table=CREATE TABLE Photo { 
  REQUIRED INT64 user_id COLUMNFAMILY cf;
  REQUIRED INT32 photo_id COLUMNFAMILY d;
  OPTIONAL INT64 time COLUMNFAMILY d;
  OPTIONAL STRING full_url COLUMNFAMILY d;
  OPTIONAL STRING thumbnail_url COLUMNFAMILY d;
  OPTIONAL STRING tag COLUMNFAMILY d;
  OPTIONAL DATETIME date COLUMNFAMILY d;
  OPTIONAL INT32 int32Type COLUMNFAMILY d;
} 
PRIMARY KEY(user_id, photo_id, ),
 IN TABLE User,
 ENTITY GROUP KEY(user_id) REFERENCES User;
, splitKeys=null]
24/05/17 03:07:48 DEBUG druid.DruidParser: Parsing SQL DELETE FROM User1 WHERE user_id = 123;
24/05/17 03:07:48 DEBUG druid.DruidDMLParser: UPDATE SQL From clause User1
24/05/17 03:07:48 ERROR druid.DruidParserTestUtil: execute
com.alibaba.wasp.TableNotFoundException: User1 not exists!
	at com.alibaba.wasp.plan.parser.druid.FMetaEventOperation.checkAndGetTable(FMetaEventOperation.java:79)
	at com.alibaba.wasp.plan.parser.druid.DruidDMLParser.getDeletePlan(DruidDMLParser.java:200)
	at com.alibaba.wasp.plan.parser.druid.DruidDMLParser.generatePlan(DruidDMLParser.java:108)
	at com.alibaba.wasp.plan.parser.druid.DruidParserTestUtil.execute(DruidParserTestUtil.java:104)
	at com.alibaba.wasp.plan.parser.druid.TestDruidDMLFailParser.getDeleteFailedPlan(TestDruidDMLFailParser.java:142)
	at sun.reflect.NativeMethodAccessorImpl.invoke0(Native Method)
	at sun.reflect.NativeMethodAccessorImpl.invoke(NativeMethodAccessorImpl.java:62)
	at sun.reflect.DelegatingMethodAccessorImpl.invoke(DelegatingMethodAccessorImpl.java:43)
	at java.lang.reflect.Method.invoke(Method.java:498)
	at org.junit.runners.model.FrameworkMethod$1.runReflectiveCall(FrameworkMethod.java:45)
	at org.junit.internal.runners.model.ReflectiveCallable.run(ReflectiveCallable.java:15)
	at org.junit.runners.model.FrameworkMethod.invokeExplosively(FrameworkMethod.java:42)
	at org.junit.internal.runners.statements.InvokeMethod.evaluate(InvokeMethod.java:20)
	at org.junit.internal.runners.statements.RunBefores.evaluate(RunBefores.java:28)
	at org.junit.internal.runners.statements.RunAfters.evaluate(RunAfters.java:30)
	at org.junit.runners.ParentRunner.runLeaf(ParentRunner.java:263)
	at org.junit.runners.BlockJUnit4ClassRunner.runChild(BlockJUnit4ClassRunner.java:68)
	at org.junit.runners.BlockJUnit4ClassRunner.runChild(BlockJUnit4ClassRunner.java:47)
	at org.junit.runners.ParentRunner$3.run(ParentRunner.java:231)
	at org.junit.runners.ParentRunner$1.schedule(ParentRunner.java:60)
	at org.junit.runners.ParentRunner.runChildren(ParentRunner.java:229)
	at org.junit.runners.ParentRunner.access$000(ParentRunner.java:50)
	at org.junit.runners.ParentRunner$2.evaluate(ParentRunner.java:222)
	at org.junit.internal.runners.statements.RunBefores.evaluate(RunBefores.java:28)
	at org.junit.internal.runners.statements.RunAfters.evaluate(RunAfters.java:30)
	at org.junit.runners.ParentRunner.run(ParentRunner.java:300)
	at org.junit.runners.Suite.runChild(Suite.java:128)
	at org.junit.runners.Suite.runChild(Suite.java:24)
	at org.junit.runners.ParentRunner$3.run(ParentRunner.java:231)
	at org.junit.runners.ParentRunner$1.schedule(ParentRunner.java:60)
	at org.junit.runners.ParentRunner.runChildren(ParentRunner.java:229)
	at org.junit.runners.ParentRunner.access$000(ParentRunner.java:50)
	at org.junit.runners.ParentRunner$2.evaluate(ParentRunner.java:222)
	at org.junit.runners.ParentRunner.run(ParentRunner.java:300)
	at org.junit.runner.JUnitCore.run(JUnitCore.java:157)
	at org.junit.runner.JUnitCore.run(JUnitCore.java:136)
	at edu.illinois.cs.testrunner.execution.JUnitTestExecutor.execute(JUnitTestExecutor.java:246)
	at edu.illinois.cs.testrunner.execution.JUnitTestExecutor.executeWithJUnit4Runner(JUnitTestExecutor.java:315)
	at edu.illinois.cs.testrunner.execution.JUnitTestExecutor.runOrder(JUnitTestExecutor.java:46)
	at edu.illinois.cs.testrunner.execution.Executor$.$anonfun$run$1(Executor.scala:30)
	at scala.runtime.java8.JFunction0$mcV$sp.apply(JFunction0$mcV$sp.java:12)
	at scala.util.Try$.apply(Try.scala:209)
	at edu.illinois.cs.testrunner.execution.Executor$.run(Executor.scala:28)
	at edu.illinois.cs.testrunner.execution.Executor$.main(Executor.scala:18)
	at edu.illinois.cs.testrunner.execution.Executor.main(Executor.scala)
24/05/17 03:07:48 DEBUG druid.DruidParser: Parsing SQL DELETE FROM User WHERE user_id2 = 123;
24/05/17 03:07:48 DEBUG druid.DruidDMLParser: UPDATE SQL From clause User
24/05/17 03:07:48 DEBUG druid.DruidDMLParser: UPDATE SQL where user_id2 = 123
24/05/17 03:07:48 ERROR druid.DruidParserTestUtil: execute
com.alibaba.wasp.plan.parser.UnsupportedException: User does not have column 'user_id2'!
	at com.alibaba.wasp.plan.parser.druid.FMetaEventOperation.checkAndGetFields(FMetaEventOperation.java:114)
	at com.alibaba.wasp.plan.parser.druid.DruidDMLParser.getDeletePlan(DruidDMLParser.java:213)
	at com.alibaba.wasp.plan.parser.druid.DruidDMLParser.generatePlan(DruidDMLParser.java:108)
	at com.alibaba.wasp.plan.parser.druid.DruidParserTestUtil.execute(DruidParserTestUtil.java:104)
	at com.alibaba.wasp.plan.parser.druid.TestDruidDMLFailParser.getDeleteFailedPlan(TestDruidDMLFailParser.java:142)
	at sun.reflect.NativeMethodAccessorImpl.invoke0(Native Method)
	at sun.reflect.NativeMethodAccessorImpl.invoke(NativeMethodAccessorImpl.java:62)
	at sun.reflect.DelegatingMethodAccessorImpl.invoke(DelegatingMethodAccessorImpl.java:43)
	at java.lang.reflect.Method.invoke(Method.java:498)
	at org.junit.runners.model.FrameworkMethod$1.runReflectiveCall(FrameworkMethod.java:45)
	at org.junit.internal.runners.model.ReflectiveCallable.run(ReflectiveCallable.java:15)
	at org.junit.runners.model.FrameworkMethod.invokeExplosively(FrameworkMethod.java:42)
	at org.junit.internal.runners.statements.InvokeMethod.evaluate(InvokeMethod.java:20)
	at org.junit.internal.runners.statements.RunBefores.evaluate(RunBefores.java:28)
	at org.junit.internal.runners.statements.RunAfters.evaluate(RunAfters.java:30)
	at org.junit.runners.ParentRunner.runLeaf(ParentRunner.java:263)
	at org.junit.runners.BlockJUnit4ClassRunner.runChild(BlockJUnit4ClassRunner.java:68)
	at org.junit.runners.BlockJUnit4ClassRunner.runChild(BlockJUnit4ClassRunner.java:47)
	at org.junit.runners.ParentRunner$3.run(ParentRunner.java:231)
	at org.junit.runners.ParentRunner$1.schedule(ParentRunner.java:60)
	at org.junit.runners.ParentRunner.runChildren(ParentRunner.java:229)
	at org.junit.runners.ParentRunner.access$000(ParentRunner.java:50)
	at org.junit.runners.ParentRunner$2.evaluate(ParentRunner.java:222)
	at org.junit.internal.runners.statements.RunBefores.evaluate(RunBefores.java:28)
	at org.junit.internal.runners.statements.RunAfters.evaluate(RunAfters.java:30)
	at org.junit.runners.ParentRunner.run(ParentRunner.java:300)
	at org.junit.runners.Suite.runChild(Suite.java:128)
	at org.junit.runners.Suite.runChild(Suite.java:24)
	at org.junit.runners.ParentRunner$3.run(ParentRunner.java:231)
	at org.junit.runners.ParentRunner$1.schedule(ParentRunner.java:60)
	at org.junit.runners.ParentRunner.runChildren(ParentRunner.java:229)
	at org.junit.runners.ParentRunner.access$000(ParentRunner.java:50)
	at org.junit.runners.ParentRunner$2.evaluate(ParentRunner.java:222)
	at org.junit.runners.ParentRunner.run(ParentRunner.java:300)
	at org.junit.runner.JUnitCore.run(JUnitCore.java:157)
	at org.junit.runner.JUnitCore.run(JUnitCore.java:136)
	at edu.illinois.cs.testrunner.execution.JUnitTestExecutor.execute(JUnitTestExecutor.java:246)
	at edu.illinois.cs.testrunner.execution.JUnitTestExecutor.executeWithJUnit4Runner(JUnitTestExecutor.java:315)
	at edu.illinois.cs.testrunner.execution.JUnitTestExecutor.runOrder(JUnitTestExecutor.java:46)
	at edu.illinois.cs.testrunner.execution.Executor$.$anonfun$run$1(Executor.scala:30)
	at scala.runtime.java8.JFunction0$mcV$sp.apply(JFunction0$mcV$sp.java:12)
	at scala.util.Try$.apply(Try.scala:209)
	at edu.illinois.cs.testrunner.execution.Executor$.run(Executor.scala:28)
	at edu.illinois.cs.testrunner.execution.Executor$.main(Executor.scala:18)
	at edu.illinois.cs.testrunner.execution.Executor.main(Executor.scala)
24/05/17 03:07:48 DEBUG druid.DruidParser: Parsing SQL DELETE FROM Photo WHERE photo_id = 123;
24/05/17 03:07:48 DEBUG druid.DruidDMLParser: UPDATE SQL From clause Photo
24/05/17 03:07:48 DEBUG druid.DruidDMLParser: UPDATE SQL where photo_id = 123
24/05/17 03:07:48 ERROR druid.DruidParserTestUtil: execute
com.alibaba.wasp.NotMatchPrimaryKeyException: Not match primary key.
	at com.alibaba.wasp.plan.parser.druid.DruidDMLParser.getDeletePlan(DruidDMLParser.java:218)
	at com.alibaba.wasp.plan.parser.druid.DruidDMLParser.generatePlan(DruidDMLParser.java:108)
	at com.alibaba.wasp.plan.parser.druid.DruidParserTestUtil.execute(DruidParserTestUtil.java:104)
	at com.alibaba.wasp.plan.parser.druid.TestDruidDMLFailParser.getDeleteFailedPlan(TestDruidDMLFailParser.java:142)
	at sun.reflect.NativeMethodAccessorImpl.invoke0(Native Method)
	at sun.reflect.NativeMethodAccessorImpl.invoke(NativeMethodAccessorImpl.java:62)
	at sun.reflect.DelegatingMethodAccessorImpl.invoke(DelegatingMethodAccessorImpl.java:43)
	at java.lang.reflect.Method.invoke(Method.java:498)
	at org.junit.runners.model.FrameworkMethod$1.runReflectiveCall(FrameworkMethod.java:45)
	at org.junit.internal.runners.model.ReflectiveCallable.run(ReflectiveCallable.java:15)
	at org.junit.runners.model.FrameworkMethod.invokeExplosively(FrameworkMethod.java:42)
	at org.junit.internal.runners.statements.InvokeMethod.evaluate(InvokeMethod.java:20)
	at org.junit.internal.runners.statements.RunBefores.evaluate(RunBefores.java:28)
	at org.junit.internal.runners.statements.RunAfters.evaluate(RunAfters.java:30)
	at org.junit.runners.ParentRunner.runLeaf(ParentRunner.java:263)
	at org.junit.runners.BlockJUnit4ClassRunner.runChild(BlockJUnit4ClassRunner.java:68)
	at org.junit.runners.BlockJUnit4ClassRunner.runChild(BlockJUnit4ClassRunner.java:47)
	at org.junit.runners.ParentRunner$3.run(ParentRunner.java:231)
	at org.junit.runners.ParentRunner$1.schedule(ParentRunner.java:60)
	at org.junit.runners.ParentRunner.runChildren(ParentRunner.java:229)
	at org.junit.runners.ParentRunner.access$000(ParentRunner.java:50)
	at org.junit.runners.ParentRunner$2.evaluate(ParentRunner.java:222)
	at org.junit.internal.runners.statements.RunBefores.evaluate(RunBefores.java:28)
	at org.junit.internal.runners.statements.RunAfters.evaluate(RunAfters.java:30)
	at org.junit.runners.ParentRunner.run(ParentRunner.java:300)
	at org.junit.runners.Suite.runChild(Suite.java:128)
	at org.junit.runners.Suite.runChild(Suite.java:24)
	at org.junit.runners.ParentRunner$3.run(ParentRunner.java:231)
	at org.junit.runners.ParentRunner$1.schedule(ParentRunner.java:60)
	at org.junit.runners.ParentRunner.runChildren(ParentRunner.java:229)
	at org.junit.runners.ParentRunner.access$000(ParentRunner.java:50)
	at org.junit.runners.ParentRunner$2.evaluate(ParentRunner.java:222)
	at org.junit.runners.ParentRunner.run(ParentRunner.java:300)
	at org.junit.runner.JUnitCore.run(JUnitCore.java:157)
	at org.junit.runner.JUnitCore.run(JUnitCore.java:136)
	at edu.illinois.cs.testrunner.execution.JUnitTestExecutor.execute(JUnitTestExecutor.java:246)
	at edu.illinois.cs.testrunner.execution.JUnitTestExecutor.executeWithJUnit4Runner(JUnitTestExecutor.java:315)
	at edu.illinois.cs.testrunner.execution.JUnitTestExecutor.runOrder(JUnitTestExecutor.java:46)
	at edu.illinois.cs.testrunner.execution.Executor$.$anonfun$run$1(Executor.scala:30)
	at scala.runtime.java8.JFunction0$mcV$sp.apply(JFunction0$mcV$sp.java:12)
	at scala.util.Try$.apply(Try.scala:209)
	at edu.illinois.cs.testrunner.execution.Executor$.run(Executor.scala:28)
	at edu.illinois.cs.testrunner.execution.Executor$.main(Executor.scala:18)
	at edu.illinois.cs.testrunner.execution.Executor.main(Executor.scala)
24/05/17 03:07:48 DEBUG druid.DruidParser: Parsing SQL DELETE FROM User WHERE user_id >= 123;
24/05/17 03:07:48 DEBUG druid.DruidDMLParser: UPDATE SQL From clause User
24/05/17 03:07:48 DEBUG druid.DruidDMLParser: UPDATE SQL where user_id >= 123
24/05/17 03:07:48 ERROR druid.DruidParserTestUtil: execute
com.alibaba.wasp.plan.parser.UnsupportedException: RANGE is not supported!
	at com.alibaba.wasp.plan.parser.druid.DruidDMLParser.getDeletePlan(DruidDMLParser.java:209)
	at com.alibaba.wasp.plan.parser.druid.DruidDMLParser.generatePlan(DruidDMLParser.java:108)
	at com.alibaba.wasp.plan.parser.druid.DruidParserTestUtil.execute(DruidParserTestUtil.java:104)
	at com.alibaba.wasp.plan.parser.druid.TestDruidDMLFailParser.getDeleteFailedPlan(TestDruidDMLFailParser.java:142)
	at sun.reflect.NativeMethodAccessorImpl.invoke0(Native Method)
	at sun.reflect.NativeMethodAccessorImpl.invoke(NativeMethodAccessorImpl.java:62)
	at sun.reflect.DelegatingMethodAccessorImpl.invoke(DelegatingMethodAccessorImpl.java:43)
	at java.lang.reflect.Method.invoke(Method.java:498)
	at org.junit.runners.model.FrameworkMethod$1.runReflectiveCall(FrameworkMethod.java:45)
	at org.junit.internal.runners.model.ReflectiveCallable.run(ReflectiveCallable.java:15)
	at org.junit.runners.model.FrameworkMethod.invokeExplosively(FrameworkMethod.java:42)
	at org.junit.internal.runners.statements.InvokeMethod.evaluate(InvokeMethod.java:20)
	at org.junit.internal.runners.statements.RunBefores.evaluate(RunBefores.java:28)
	at org.junit.internal.runners.statements.RunAfters.evaluate(RunAfters.java:30)
	at org.junit.runners.ParentRunner.runLeaf(ParentRunner.java:263)
	at org.junit.runners.BlockJUnit4ClassRunner.runChild(BlockJUnit4ClassRunner.java:68)
	at org.junit.runners.BlockJUnit4ClassRunner.runChild(BlockJUnit4ClassRunner.java:47)
	at org.junit.runners.ParentRunner$3.run(ParentRunner.java:231)
	at org.junit.runners.ParentRunner$1.schedule(ParentRunner.java:60)
	at org.junit.runners.ParentRunner.runChildren(ParentRunner.java:229)
	at org.junit.runners.ParentRunner.access$000(ParentRunner.java:50)
	at org.junit.runners.ParentRunner$2.evaluate(ParentRunner.java:222)
	at org.junit.internal.runners.statements.RunBefores.evaluate(RunBefores.java:28)
	at org.junit.internal.runners.statements.RunAfters.evaluate(RunAfters.java:30)
	at org.junit.runners.ParentRunner.run(ParentRunner.java:300)
	at org.junit.runners.Suite.runChild(Suite.java:128)
	at org.junit.runners.Suite.runChild(Suite.java:24)
	at org.junit.runners.ParentRunner$3.run(ParentRunner.java:231)
	at org.junit.runners.ParentRunner$1.schedule(ParentRunner.java:60)
	at org.junit.runners.ParentRunner.runChildren(ParentRunner.java:229)
	at org.junit.runners.ParentRunner.access$000(ParentRunner.java:50)
	at org.junit.runners.ParentRunner$2.evaluate(ParentRunner.java:222)
	at org.junit.runners.ParentRunner.run(ParentRunner.java:300)
	at org.junit.runner.JUnitCore.run(JUnitCore.java:157)
	at org.junit.runner.JUnitCore.run(JUnitCore.java:136)
	at edu.illinois.cs.testrunner.execution.JUnitTestExecutor.execute(JUnitTestExecutor.java:246)
	at edu.illinois.cs.testrunner.execution.JUnitTestExecutor.executeWithJUnit4Runner(JUnitTestExecutor.java:315)
	at edu.illinois.cs.testrunner.execution.JUnitTestExecutor.runOrder(JUnitTestExecutor.java:46)
	at edu.illinois.cs.testrunner.execution.Executor$.$anonfun$run$1(Executor.scala:30)
	at scala.runtime.java8.JFunction0$mcV$sp.apply(JFunction0$mcV$sp.java:12)
	at scala.util.Try$.apply(Try.scala:209)
	at edu.illinois.cs.testrunner.execution.Executor$.run(Executor.scala:28)
	at edu.illinois.cs.testrunner.execution.Executor$.main(Executor.scala:18)
	at edu.illinois.cs.testrunner.execution.Executor.main(Executor.scala)
24/05/17 03:07:48 DEBUG druid.DruidParser: Parsing SQL CREATE TABLE User { Required Int64 user_id; Required String name; Optional DOUBLE value; }  primary key(user_id),  entity group root, entity group key(user_id);
24/05/17 03:07:48 DEBUG druid.DruidDDLParser: CreateTablePlan CreateTablePlan [table=CREATE TABLE User { 
  REQUIRED INT64 user_id COLUMNFAMILY d;
  REQUIRED STRING name COLUMNFAMILY d;
  OPTIONAL DOUBLE value COLUMNFAMILY d;
} 
PRIMARY KEY(user_id),
ENTITY GROUP ROOT,
ENTITY GROUP KEY(user_id);
, splitKeys=null]
24/05/17 03:07:48 DEBUG druid.DruidParser: Parsing SQL CREATE TABLE Photo { Required Int64 user_id columnfamily cf comment 'aaa';  Required Int32 photo_id comment 'child primary key';  Optional Int64 time; Optional String full_url;  Optional String thumbnail_url; Optional string tag; Optional DATETIME date; Optional Int32 int32Type; }  primary key(user_id,photo_id),  in table User,  Entity Group Key(user_id) references User; 
24/05/17 03:07:48 DEBUG druid.DruidDDLParser: CreateTablePlan CreateTablePlan [table=CREATE TABLE Photo { 
  REQUIRED INT64 user_id COLUMNFAMILY cf;
  REQUIRED INT32 photo_id COLUMNFAMILY d;
  OPTIONAL INT64 time COLUMNFAMILY d;
  OPTIONAL STRING full_url COLUMNFAMILY d;
  OPTIONAL STRING thumbnail_url COLUMNFAMILY d;
  OPTIONAL STRING tag COLUMNFAMILY d;
  OPTIONAL DATETIME date COLUMNFAMILY d;
  OPTIONAL INT32 int32Type COLUMNFAMILY d;
} 
PRIMARY KEY(user_id, photo_id, ),
 IN TABLE User,
 ENTITY GROUP KEY(user_id) REFERENCES User;
, splitKeys=null]
24/05/17 03:07:48 DEBUG druid.DruidParser: Parsing SQL UPDATE User1 SET name = 'Mike' WHERE user_id = 123;
24/05/17 03:07:48 DEBUG druid.DruidDMLParser: UPDATE SQL From clause User1
24/05/17 03:07:48 ERROR druid.DruidParserTestUtil: execute
com.alibaba.wasp.TableNotFoundException: User1 not exists!
	at com.alibaba.wasp.plan.parser.druid.FMetaEventOperation.checkAndGetTable(FMetaEventOperation.java:79)
	at com.alibaba.wasp.plan.parser.druid.DruidDMLParser.getUpdatePlan(DruidDMLParser.java:253)
	at com.alibaba.wasp.plan.parser.druid.DruidDMLParser.generatePlan(DruidDMLParser.java:102)
	at com.alibaba.wasp.plan.parser.druid.DruidParserTestUtil.execute(DruidParserTestUtil.java:104)
	at com.alibaba.wasp.plan.parser.druid.TestDruidDMLFailParser.getUpdateFailedPlan(TestDruidDMLFailParser.java:124)
	at sun.reflect.NativeMethodAccessorImpl.invoke0(Native Method)
	at sun.reflect.NativeMethodAccessorImpl.invoke(NativeMethodAccessorImpl.java:62)
	at sun.reflect.DelegatingMethodAccessorImpl.invoke(DelegatingMethodAccessorImpl.java:43)
	at java.lang.reflect.Method.invoke(Method.java:498)
	at org.junit.runners.model.FrameworkMethod$1.runReflectiveCall(FrameworkMethod.java:45)
	at org.junit.internal.runners.model.ReflectiveCallable.run(ReflectiveCallable.java:15)
	at org.junit.runners.model.FrameworkMethod.invokeExplosively(FrameworkMethod.java:42)
	at org.junit.internal.runners.statements.InvokeMethod.evaluate(InvokeMethod.java:20)
	at org.junit.internal.runners.statements.RunBefores.evaluate(RunBefores.java:28)
	at org.junit.internal.runners.statements.RunAfters.evaluate(RunAfters.java:30)
	at org.junit.runners.ParentRunner.runLeaf(ParentRunner.java:263)
	at org.junit.runners.BlockJUnit4ClassRunner.runChild(BlockJUnit4ClassRunner.java:68)
	at org.junit.runners.BlockJUnit4ClassRunner.runChild(BlockJUnit4ClassRunner.java:47)
	at org.junit.runners.ParentRunner$3.run(ParentRunner.java:231)
	at org.junit.runners.ParentRunner$1.schedule(ParentRunner.java:60)
	at org.junit.runners.ParentRunner.runChildren(ParentRunner.java:229)
	at org.junit.runners.ParentRunner.access$000(ParentRunner.java:50)
	at org.junit.runners.ParentRunner$2.evaluate(ParentRunner.java:222)
	at org.junit.internal.runners.statements.RunBefores.evaluate(RunBefores.java:28)
	at org.junit.internal.runners.statements.RunAfters.evaluate(RunAfters.java:30)
	at org.junit.runners.ParentRunner.run(ParentRunner.java:300)
	at org.junit.runners.Suite.runChild(Suite.java:128)
	at org.junit.runners.Suite.runChild(Suite.java:24)
	at org.junit.runners.ParentRunner$3.run(ParentRunner.java:231)
	at org.junit.runners.ParentRunner$1.schedule(ParentRunner.java:60)
	at org.junit.runners.ParentRunner.runChildren(ParentRunner.java:229)
	at org.junit.runners.ParentRunner.access$000(ParentRunner.java:50)
	at org.junit.runners.ParentRunner$2.evaluate(ParentRunner.java:222)
	at org.junit.runners.ParentRunner.run(ParentRunner.java:300)
	at org.junit.runner.JUnitCore.run(JUnitCore.java:157)
	at org.junit.runner.JUnitCore.run(JUnitCore.java:136)
	at edu.illinois.cs.testrunner.execution.JUnitTestExecutor.execute(JUnitTestExecutor.java:246)
	at edu.illinois.cs.testrunner.execution.JUnitTestExecutor.executeWithJUnit4Runner(JUnitTestExecutor.java:315)
	at edu.illinois.cs.testrunner.execution.JUnitTestExecutor.runOrder(JUnitTestExecutor.java:46)
	at edu.illinois.cs.testrunner.execution.Executor$.$anonfun$run$1(Executor.scala:30)
	at scala.runtime.java8.JFunction0$mcV$sp.apply(JFunction0$mcV$sp.java:12)
	at scala.util.Try$.apply(Try.scala:209)
	at edu.illinois.cs.testrunner.execution.Executor$.run(Executor.scala:28)
	at edu.illinois.cs.testrunner.execution.Executor$.main(Executor.scala:18)
	at edu.illinois.cs.testrunner.execution.Executor.main(Executor.scala)
24/05/17 03:07:48 DEBUG druid.DruidParser: Parsing SQL UPDATE User SET name2 = 'Mike' WHERE user_id = 123;
24/05/17 03:07:48 DEBUG druid.DruidDMLParser: UPDATE SQL From clause User
24/05/17 03:07:48 DEBUG druid.DruidDMLParser: UPDATE SQL where user_id = 123
24/05/17 03:07:48 ERROR druid.DruidParserTestUtil: execute
java.lang.NullPointerException
	at com.alibaba.wasp.plan.parser.druid.DruidParser.checkType(DruidParser.java:238)
	at com.alibaba.wasp.plan.parser.druid.DruidDMLParser.getUpdatePlan(DruidDMLParser.java:290)
	at com.alibaba.wasp.plan.parser.druid.DruidDMLParser.generatePlan(DruidDMLParser.java:102)
	at com.alibaba.wasp.plan.parser.druid.DruidParserTestUtil.execute(DruidParserTestUtil.java:104)
	at com.alibaba.wasp.plan.parser.druid.TestDruidDMLFailParser.getUpdateFailedPlan(TestDruidDMLFailParser.java:124)
	at sun.reflect.NativeMethodAccessorImpl.invoke0(Native Method)
	at sun.reflect.NativeMethodAccessorImpl.invoke(NativeMethodAccessorImpl.java:62)
	at sun.reflect.DelegatingMethodAccessorImpl.invoke(DelegatingMethodAccessorImpl.java:43)
	at java.lang.reflect.Method.invoke(Method.java:498)
	at org.junit.runners.model.FrameworkMethod$1.runReflectiveCall(FrameworkMethod.java:45)
	at org.junit.internal.runners.model.ReflectiveCallable.run(ReflectiveCallable.java:15)
	at org.junit.runners.model.FrameworkMethod.invokeExplosively(FrameworkMethod.java:42)
	at org.junit.internal.runners.statements.InvokeMethod.evaluate(InvokeMethod.java:20)
	at org.junit.internal.runners.statements.RunBefores.evaluate(RunBefores.java:28)
	at org.junit.internal.runners.statements.RunAfters.evaluate(RunAfters.java:30)
	at org.junit.runners.ParentRunner.runLeaf(ParentRunner.java:263)
	at org.junit.runners.BlockJUnit4ClassRunner.runChild(BlockJUnit4ClassRunner.java:68)
	at org.junit.runners.BlockJUnit4ClassRunner.runChild(BlockJUnit4ClassRunner.java:47)
	at org.junit.runners.ParentRunner$3.run(ParentRunner.java:231)
	at org.junit.runners.ParentRunner$1.schedule(ParentRunner.java:60)
	at org.junit.runners.ParentRunner.runChildren(ParentRunner.java:229)
	at org.junit.runners.ParentRunner.access$000(ParentRunner.java:50)
	at org.junit.runners.ParentRunner$2.evaluate(ParentRunner.java:222)
	at org.junit.internal.runners.statements.RunBefores.evaluate(RunBefores.java:28)
	at org.junit.internal.runners.statements.RunAfters.evaluate(RunAfters.java:30)
	at org.junit.runners.ParentRunner.run(ParentRunner.java:300)
	at org.junit.runners.Suite.runChild(Suite.java:128)
	at org.junit.runners.Suite.runChild(Suite.java:24)
	at org.junit.runners.ParentRunner$3.run(ParentRunner.java:231)
	at org.junit.runners.ParentRunner$1.schedule(ParentRunner.java:60)
	at org.junit.runners.ParentRunner.runChildren(ParentRunner.java:229)
	at org.junit.runners.ParentRunner.access$000(ParentRunner.java:50)
	at org.junit.runners.ParentRunner$2.evaluate(ParentRunner.java:222)
	at org.junit.runners.ParentRunner.run(ParentRunner.java:300)
	at org.junit.runner.JUnitCore.run(JUnitCore.java:157)
	at org.junit.runner.JUnitCore.run(JUnitCore.java:136)
	at edu.illinois.cs.testrunner.execution.JUnitTestExecutor.execute(JUnitTestExecutor.java:246)
	at edu.illinois.cs.testrunner.execution.JUnitTestExecutor.executeWithJUnit4Runner(JUnitTestExecutor.java:315)
	at edu.illinois.cs.testrunner.execution.JUnitTestExecutor.runOrder(JUnitTestExecutor.java:46)
	at edu.illinois.cs.testrunner.execution.Executor$.$anonfun$run$1(Executor.scala:30)
	at scala.runtime.java8.JFunction0$mcV$sp.apply(JFunction0$mcV$sp.java:12)
	at scala.util.Try$.apply(Try.scala:209)
	at edu.illinois.cs.testrunner.execution.Executor$.run(Executor.scala:28)
	at edu.illinois.cs.testrunner.execution.Executor$.main(Executor.scala:18)
	at edu.illinois.cs.testrunner.execution.Executor.main(Executor.scala)
24/05/17 03:07:48 DEBUG druid.DruidParser: Parsing SQL UPDATE Photo SET time=2000 WHERE photo_id = 123
24/05/17 03:07:48 DEBUG druid.DruidDMLParser: UPDATE SQL From clause Photo
24/05/17 03:07:48 DEBUG druid.DruidDMLParser: UPDATE SQL where photo_id = 123
24/05/17 03:07:48 ERROR druid.DruidParserTestUtil: execute
com.alibaba.wasp.plan.parser.UnsupportedException: [photo_id] is not Primary Key !
	at com.alibaba.wasp.plan.parser.druid.FMetaEventOperation.checkIsPrimaryKey(FMetaEventOperation.java:152)
	at com.alibaba.wasp.plan.parser.druid.DruidDMLParser.getUpdatePlan(DruidDMLParser.java:271)
	at com.alibaba.wasp.plan.parser.druid.DruidDMLParser.generatePlan(DruidDMLParser.java:102)
	at com.alibaba.wasp.plan.parser.druid.DruidParserTestUtil.execute(DruidParserTestUtil.java:104)
	at com.alibaba.wasp.plan.parser.druid.TestDruidDMLFailParser.getUpdateFailedPlan(TestDruidDMLFailParser.java:124)
	at sun.reflect.NativeMethodAccessorImpl.invoke0(Native Method)
	at sun.reflect.NativeMethodAccessorImpl.invoke(NativeMethodAccessorImpl.java:62)
	at sun.reflect.DelegatingMethodAccessorImpl.invoke(DelegatingMethodAccessorImpl.java:43)
	at java.lang.reflect.Method.invoke(Method.java:498)
	at org.junit.runners.model.FrameworkMethod$1.runReflectiveCall(FrameworkMethod.java:45)
	at org.junit.internal.runners.model.ReflectiveCallable.run(ReflectiveCallable.java:15)
	at org.junit.runners.model.FrameworkMethod.invokeExplosively(FrameworkMethod.java:42)
	at org.junit.internal.runners.statements.InvokeMethod.evaluate(InvokeMethod.java:20)
	at org.junit.internal.runners.statements.RunBefores.evaluate(RunBefores.java:28)
	at org.junit.internal.runners.statements.RunAfters.evaluate(RunAfters.java:30)
	at org.junit.runners.ParentRunner.runLeaf(ParentRunner.java:263)
	at org.junit.runners.BlockJUnit4ClassRunner.runChild(BlockJUnit4ClassRunner.java:68)
	at org.junit.runners.BlockJUnit4ClassRunner.runChild(BlockJUnit4ClassRunner.java:47)
	at org.junit.runners.ParentRunner$3.run(ParentRunner.java:231)
	at org.junit.runners.ParentRunner$1.schedule(ParentRunner.java:60)
	at org.junit.runners.ParentRunner.runChildren(ParentRunner.java:229)
	at org.junit.runners.ParentRunner.access$000(ParentRunner.java:50)
	at org.junit.runners.ParentRunner$2.evaluate(ParentRunner.java:222)
	at org.junit.internal.runners.statements.RunBefores.evaluate(RunBefores.java:28)
	at org.junit.internal.runners.statements.RunAfters.evaluate(RunAfters.java:30)
	at org.junit.runners.ParentRunner.run(ParentRunner.java:300)
	at org.junit.runners.Suite.runChild(Suite.java:128)
	at org.junit.runners.Suite.runChild(Suite.java:24)
	at org.junit.runners.ParentRunner$3.run(ParentRunner.java:231)
	at org.junit.runners.ParentRunner$1.schedule(ParentRunner.java:60)
	at org.junit.runners.ParentRunner.runChildren(ParentRunner.java:229)
	at org.junit.runners.ParentRunner.access$000(ParentRunner.java:50)
	at org.junit.runners.ParentRunner$2.evaluate(ParentRunner.java:222)
	at org.junit.runners.ParentRunner.run(ParentRunner.java:300)
	at org.junit.runner.JUnitCore.run(JUnitCore.java:157)
	at org.junit.runner.JUnitCore.run(JUnitCore.java:136)
	at edu.illinois.cs.testrunner.execution.JUnitTestExecutor.execute(JUnitTestExecutor.java:246)
	at edu.illinois.cs.testrunner.execution.JUnitTestExecutor.executeWithJUnit4Runner(JUnitTestExecutor.java:315)
	at edu.illinois.cs.testrunner.execution.JUnitTestExecutor.runOrder(JUnitTestExecutor.java:46)
	at edu.illinois.cs.testrunner.execution.Executor$.$anonfun$run$1(Executor.scala:30)
	at scala.runtime.java8.JFunction0$mcV$sp.apply(JFunction0$mcV$sp.java:12)
	at scala.util.Try$.apply(Try.scala:209)
	at edu.illinois.cs.testrunner.execution.Executor$.run(Executor.scala:28)
	at edu.illinois.cs.testrunner.execution.Executor$.main(Executor.scala:18)
	at edu.illinois.cs.testrunner.execution.Executor.main(Executor.scala)
24/05/17 03:07:48 DEBUG druid.DruidParser: Parsing SQL UPDATE User SET name = 'Mike' WHERE user_id22 = 123;
24/05/17 03:07:48 DEBUG druid.DruidDMLParser: UPDATE SQL From clause User
24/05/17 03:07:48 DEBUG druid.DruidDMLParser: UPDATE SQL where user_id22 = 123
24/05/17 03:07:48 ERROR druid.DruidParserTestUtil: execute
com.alibaba.wasp.plan.parser.UnsupportedException: User does not have column 'user_id22'!
	at com.alibaba.wasp.plan.parser.druid.FMetaEventOperation.checkAndGetFields(FMetaEventOperation.java:114)
	at com.alibaba.wasp.plan.parser.druid.DruidDMLParser.getUpdatePlan(DruidDMLParser.java:269)
	at com.alibaba.wasp.plan.parser.druid.DruidDMLParser.generatePlan(DruidDMLParser.java:102)
	at com.alibaba.wasp.plan.parser.druid.DruidParserTestUtil.execute(DruidParserTestUtil.java:104)
	at com.alibaba.wasp.plan.parser.druid.TestDruidDMLFailParser.getUpdateFailedPlan(TestDruidDMLFailParser.java:124)
	at sun.reflect.NativeMethodAccessorImpl.invoke0(Native Method)
	at sun.reflect.NativeMethodAccessorImpl.invoke(NativeMethodAccessorImpl.java:62)
	at sun.reflect.DelegatingMethodAccessorImpl.invoke(DelegatingMethodAccessorImpl.java:43)
	at java.lang.reflect.Method.invoke(Method.java:498)
	at org.junit.runners.model.FrameworkMethod$1.runReflectiveCall(FrameworkMethod.java:45)
	at org.junit.internal.runners.model.ReflectiveCallable.run(ReflectiveCallable.java:15)
	at org.junit.runners.model.FrameworkMethod.invokeExplosively(FrameworkMethod.java:42)
	at org.junit.internal.runners.statements.InvokeMethod.evaluate(InvokeMethod.java:20)
	at org.junit.internal.runners.statements.RunBefores.evaluate(RunBefores.java:28)
	at org.junit.internal.runners.statements.RunAfters.evaluate(RunAfters.java:30)
	at org.junit.runners.ParentRunner.runLeaf(ParentRunner.java:263)
	at org.junit.runners.BlockJUnit4ClassRunner.runChild(BlockJUnit4ClassRunner.java:68)
	at org.junit.runners.BlockJUnit4ClassRunner.runChild(BlockJUnit4ClassRunner.java:47)
	at org.junit.runners.ParentRunner$3.run(ParentRunner.java:231)
	at org.junit.runners.ParentRunner$1.schedule(ParentRunner.java:60)
	at org.junit.runners.ParentRunner.runChildren(ParentRunner.java:229)
	at org.junit.runners.ParentRunner.access$000(ParentRunner.java:50)
	at org.junit.runners.ParentRunner$2.evaluate(ParentRunner.java:222)
	at org.junit.internal.runners.statements.RunBefores.evaluate(RunBefores.java:28)
	at org.junit.internal.runners.statements.RunAfters.evaluate(RunAfters.java:30)
	at org.junit.runners.ParentRunner.run(ParentRunner.java:300)
	at org.junit.runners.Suite.runChild(Suite.java:128)
	at org.junit.runners.Suite.runChild(Suite.java:24)
	at org.junit.runners.ParentRunner$3.run(ParentRunner.java:231)
	at org.junit.runners.ParentRunner$1.schedule(ParentRunner.java:60)
	at org.junit.runners.ParentRunner.runChildren(ParentRunner.java:229)
	at org.junit.runners.ParentRunner.access$000(ParentRunner.java:50)
	at org.junit.runners.ParentRunner$2.evaluate(ParentRunner.java:222)
	at org.junit.runners.ParentRunner.run(ParentRunner.java:300)
	at org.junit.runner.JUnitCore.run(JUnitCore.java:157)
	at org.junit.runner.JUnitCore.run(JUnitCore.java:136)
	at edu.illinois.cs.testrunner.execution.JUnitTestExecutor.execute(JUnitTestExecutor.java:246)
	at edu.illinois.cs.testrunner.execution.JUnitTestExecutor.executeWithJUnit4Runner(JUnitTestExecutor.java:315)
	at edu.illinois.cs.testrunner.execution.JUnitTestExecutor.runOrder(JUnitTestExecutor.java:46)
	at edu.illinois.cs.testrunner.execution.Executor$.$anonfun$run$1(Executor.scala:30)
	at scala.runtime.java8.JFunction0$mcV$sp.apply(JFunction0$mcV$sp.java:12)
	at scala.util.Try$.apply(Try.scala:209)
	at edu.illinois.cs.testrunner.execution.Executor$.run(Executor.scala:28)
	at edu.illinois.cs.testrunner.execution.Executor$.main(Executor.scala:18)
	at edu.illinois.cs.testrunner.execution.Executor.main(Executor.scala)
24/05/17 03:07:48 DEBUG druid.DruidParser: Parsing SQL UPDATE User SET name = 'Mike' WHERE user_id >= 123;
24/05/17 03:07:48 DEBUG druid.DruidDMLParser: UPDATE SQL From clause User
24/05/17 03:07:48 DEBUG druid.DruidDMLParser: UPDATE SQL where user_id >= 123
24/05/17 03:07:48 ERROR druid.DruidParserTestUtil: execute
com.alibaba.wasp.plan.parser.UnsupportedException: RANGE is not supported by update operation!
	at com.alibaba.wasp.plan.parser.druid.DruidDMLParser.getUpdatePlan(DruidDMLParser.java:263)
	at com.alibaba.wasp.plan.parser.druid.DruidDMLParser.generatePlan(DruidDMLParser.java:102)
	at com.alibaba.wasp.plan.parser.druid.DruidParserTestUtil.execute(DruidParserTestUtil.java:104)
	at com.alibaba.wasp.plan.parser.druid.TestDruidDMLFailParser.getUpdateFailedPlan(TestDruidDMLFailParser.java:124)
	at sun.reflect.NativeMethodAccessorImpl.invoke0(Native Method)
	at sun.reflect.NativeMethodAccessorImpl.invoke(NativeMethodAccessorImpl.java:62)
	at sun.reflect.DelegatingMethodAccessorImpl.invoke(DelegatingMethodAccessorImpl.java:43)
	at java.lang.reflect.Method.invoke(Method.java:498)
	at org.junit.runners.model.FrameworkMethod$1.runReflectiveCall(FrameworkMethod.java:45)
	at org.junit.internal.runners.model.ReflectiveCallable.run(ReflectiveCallable.java:15)
	at org.junit.runners.model.FrameworkMethod.invokeExplosively(FrameworkMethod.java:42)
	at org.junit.internal.runners.statements.InvokeMethod.evaluate(InvokeMethod.java:20)
	at org.junit.internal.runners.statements.RunBefores.evaluate(RunBefores.java:28)
	at org.junit.internal.runners.statements.RunAfters.evaluate(RunAfters.java:30)
	at org.junit.runners.ParentRunner.runLeaf(ParentRunner.java:263)
	at org.junit.runners.BlockJUnit4ClassRunner.runChild(BlockJUnit4ClassRunner.java:68)
	at org.junit.runners.BlockJUnit4ClassRunner.runChild(BlockJUnit4ClassRunner.java:47)
	at org.junit.runners.ParentRunner$3.run(ParentRunner.java:231)
	at org.junit.runners.ParentRunner$1.schedule(ParentRunner.java:60)
	at org.junit.runners.ParentRunner.runChildren(ParentRunner.java:229)
	at org.junit.runners.ParentRunner.access$000(ParentRunner.java:50)
	at org.junit.runners.ParentRunner$2.evaluate(ParentRunner.java:222)
	at org.junit.internal.runners.statements.RunBefores.evaluate(RunBefores.java:28)
	at org.junit.internal.runners.statements.RunAfters.evaluate(RunAfters.java:30)
	at org.junit.runners.ParentRunner.run(ParentRunner.java:300)
	at org.junit.runners.Suite.runChild(Suite.java:128)
	at org.junit.runners.Suite.runChild(Suite.java:24)
	at org.junit.runners.ParentRunner$3.run(ParentRunner.java:231)
	at org.junit.runners.ParentRunner$1.schedule(ParentRunner.java:60)
	at org.junit.runners.ParentRunner.runChildren(ParentRunner.java:229)
	at org.junit.runners.ParentRunner.access$000(ParentRunner.java:50)
	at org.junit.runners.ParentRunner$2.evaluate(ParentRunner.java:222)
	at org.junit.runners.ParentRunner.run(ParentRunner.java:300)
	at org.junit.runner.JUnitCore.run(JUnitCore.java:157)
	at org.junit.runner.JUnitCore.run(JUnitCore.java:136)
	at edu.illinois.cs.testrunner.execution.JUnitTestExecutor.execute(JUnitTestExecutor.java:246)
	at edu.illinois.cs.testrunner.execution.JUnitTestExecutor.executeWithJUnit4Runner(JUnitTestExecutor.java:315)
	at edu.illinois.cs.testrunner.execution.JUnitTestExecutor.runOrder(JUnitTestExecutor.java:46)
	at edu.illinois.cs.testrunner.execution.Executor$.$anonfun$run$1(Executor.scala:30)
	at scala.runtime.java8.JFunction0$mcV$sp.apply(JFunction0$mcV$sp.java:12)
	at scala.util.Try$.apply(Try.scala:209)
	at edu.illinois.cs.testrunner.execution.Executor$.run(Executor.scala:28)
	at edu.illinois.cs.testrunner.execution.Executor$.main(Executor.scala:18)
	at edu.illinois.cs.testrunner.execution.Executor.main(Executor.scala)
24/05/17 03:07:48 DEBUG druid.DruidParser: Parsing SQL UPDATE Photo SET photo_id=2000 WHERE user_id = 321 and photo_id = 123
24/05/17 03:07:48 DEBUG druid.DruidDMLParser: UPDATE SQL From clause Photo
24/05/17 03:07:48 DEBUG druid.DruidDMLParser: UPDATE SQL where user_id = 321 AND photo_id = 123
24/05/17 03:07:48 ERROR druid.DruidParserTestUtil: execute
com.alibaba.wasp.plan.parser.UnsupportedException: photo_id is primary key!
	at com.alibaba.wasp.plan.parser.druid.FMetaEventOperation.checkFieldNotInPrimaryKeys(FMetaEventOperation.java:195)
	at com.alibaba.wasp.plan.parser.druid.DruidDMLParser.getUpdatePlan(DruidDMLParser.java:287)
	at com.alibaba.wasp.plan.parser.druid.DruidDMLParser.generatePlan(DruidDMLParser.java:102)
	at com.alibaba.wasp.plan.parser.druid.DruidParserTestUtil.execute(DruidParserTestUtil.java:104)
	at com.alibaba.wasp.plan.parser.druid.TestDruidDMLFailParser.getUpdateFailedPlan(TestDruidDMLFailParser.java:124)
	at sun.reflect.NativeMethodAccessorImpl.invoke0(Native Method)
	at sun.reflect.NativeMethodAccessorImpl.invoke(NativeMethodAccessorImpl.java:62)
	at sun.reflect.DelegatingMethodAccessorImpl.invoke(DelegatingMethodAccessorImpl.java:43)
	at java.lang.reflect.Method.invoke(Method.java:498)
	at org.junit.runners.model.FrameworkMethod$1.runReflectiveCall(FrameworkMethod.java:45)
	at org.junit.internal.runners.model.ReflectiveCallable.run(ReflectiveCallable.java:15)
	at org.junit.runners.model.FrameworkMethod.invokeExplosively(FrameworkMethod.java:42)
	at org.junit.internal.runners.statements.InvokeMethod.evaluate(InvokeMethod.java:20)
	at org.junit.internal.runners.statements.RunBefores.evaluate(RunBefores.java:28)
	at org.junit.internal.runners.statements.RunAfters.evaluate(RunAfters.java:30)
	at org.junit.runners.ParentRunner.runLeaf(ParentRunner.java:263)
	at org.junit.runners.BlockJUnit4ClassRunner.runChild(BlockJUnit4ClassRunner.java:68)
	at org.junit.runners.BlockJUnit4ClassRunner.runChild(BlockJUnit4ClassRunner.java:47)
	at org.junit.runners.ParentRunner$3.run(ParentRunner.java:231)
	at org.junit.runners.ParentRunner$1.schedule(ParentRunner.java:60)
	at org.junit.runners.ParentRunner.runChildren(ParentRunner.java:229)
	at org.junit.runners.ParentRunner.access$000(ParentRunner.java:50)
	at org.junit.runners.ParentRunner$2.evaluate(ParentRunner.java:222)
	at org.junit.internal.runners.statements.RunBefores.evaluate(RunBefores.java:28)
	at org.junit.internal.runners.statements.RunAfters.evaluate(RunAfters.java:30)
	at org.junit.runners.ParentRunner.run(ParentRunner.java:300)
	at org.junit.runners.Suite.runChild(Suite.java:128)
	at org.junit.runners.Suite.runChild(Suite.java:24)
	at org.junit.runners.ParentRunner$3.run(ParentRunner.java:231)
	at org.junit.runners.ParentRunner$1.schedule(ParentRunner.java:60)
	at org.junit.runners.ParentRunner.runChildren(ParentRunner.java:229)
	at org.junit.runners.ParentRunner.access$000(ParentRunner.java:50)
	at org.junit.runners.ParentRunner$2.evaluate(ParentRunner.java:222)
	at org.junit.runners.ParentRunner.run(ParentRunner.java:300)
	at org.junit.runner.JUnitCore.run(JUnitCore.java:157)
	at org.junit.runner.JUnitCore.run(JUnitCore.java:136)
	at edu.illinois.cs.testrunner.execution.JUnitTestExecutor.execute(JUnitTestExecutor.java:246)
	at edu.illinois.cs.testrunner.execution.JUnitTestExecutor.executeWithJUnit4Runner(JUnitTestExecutor.java:315)
	at edu.illinois.cs.testrunner.execution.JUnitTestExecutor.runOrder(JUnitTestExecutor.java:46)
	at edu.illinois.cs.testrunner.execution.Executor$.$anonfun$run$1(Executor.scala:30)
	at scala.runtime.java8.JFunction0$mcV$sp.apply(JFunction0$mcV$sp.java:12)
	at scala.util.Try$.apply(Try.scala:209)
	at edu.illinois.cs.testrunner.execution.Executor$.run(Executor.scala:28)
	at edu.illinois.cs.testrunner.execution.Executor$.main(Executor.scala:18)
	at edu.illinois.cs.testrunner.execution.Executor.main(Executor.scala)
24/05/17 03:07:48 DEBUG druid.DruidParser: Parsing SQL UPDATE Photo SET int32Type = '22' WHERE user_id = 123 and photo_id=123;
24/05/17 03:07:48 DEBUG druid.DruidDMLParser: UPDATE SQL From clause Photo
24/05/17 03:07:48 DEBUG druid.DruidDMLParser: UPDATE SQL where user_id = 123 AND photo_id = 123
24/05/17 03:07:48 ERROR druid.DruidParserTestUtil: execute
com.alibaba.wasp.plan.parser.UnsupportedException: Unsupported DataType INT32, input is '22'
	at com.alibaba.wasp.plan.parser.druid.DruidParser.checkType(DruidParser.java:258)
	at com.alibaba.wasp.plan.parser.druid.DruidDMLParser.getUpdatePlan(DruidDMLParser.java:290)
	at com.alibaba.wasp.plan.parser.druid.DruidDMLParser.generatePlan(DruidDMLParser.java:102)
	at com.alibaba.wasp.plan.parser.druid.DruidParserTestUtil.execute(DruidParserTestUtil.java:104)
	at com.alibaba.wasp.plan.parser.druid.TestDruidDMLFailParser.getUpdateFailedPlan(TestDruidDMLFailParser.java:124)
	at sun.reflect.NativeMethodAccessorImpl.invoke0(Native Method)
	at sun.reflect.NativeMethodAccessorImpl.invoke(NativeMethodAccessorImpl.java:62)
	at sun.reflect.DelegatingMethodAccessorImpl.invoke(DelegatingMethodAccessorImpl.java:43)
	at java.lang.reflect.Method.invoke(Method.java:498)
	at org.junit.runners.model.FrameworkMethod$1.runReflectiveCall(FrameworkMethod.java:45)
	at org.junit.internal.runners.model.ReflectiveCallable.run(ReflectiveCallable.java:15)
	at org.junit.runners.model.FrameworkMethod.invokeExplosively(FrameworkMethod.java:42)
	at org.junit.internal.runners.statements.InvokeMethod.evaluate(InvokeMethod.java:20)
	at org.junit.internal.runners.statements.RunBefores.evaluate(RunBefores.java:28)
	at org.junit.internal.runners.statements.RunAfters.evaluate(RunAfters.java:30)
	at org.junit.runners.ParentRunner.runLeaf(ParentRunner.java:263)
	at org.junit.runners.BlockJUnit4ClassRunner.runChild(BlockJUnit4ClassRunner.java:68)
	at org.junit.runners.BlockJUnit4ClassRunner.runChild(BlockJUnit4ClassRunner.java:47)
	at org.junit.runners.ParentRunner$3.run(ParentRunner.java:231)
	at org.junit.runners.ParentRunner$1.schedule(ParentRunner.java:60)
	at org.junit.runners.ParentRunner.runChildren(ParentRunner.java:229)
	at org.junit.runners.ParentRunner.access$000(ParentRunner.java:50)
	at org.junit.runners.ParentRunner$2.evaluate(ParentRunner.java:222)
	at org.junit.internal.runners.statements.RunBefores.evaluate(RunBefores.java:28)
	at org.junit.internal.runners.statements.RunAfters.evaluate(RunAfters.java:30)
	at org.junit.runners.ParentRunner.run(ParentRunner.java:300)
	at org.junit.runners.Suite.runChild(Suite.java:128)
	at org.junit.runners.Suite.runChild(Suite.java:24)
	at org.junit.runners.ParentRunner$3.run(ParentRunner.java:231)
	at org.junit.runners.ParentRunner$1.schedule(ParentRunner.java:60)
	at org.junit.runners.ParentRunner.runChildren(ParentRunner.java:229)
	at org.junit.runners.ParentRunner.access$000(ParentRunner.java:50)
	at org.junit.runners.ParentRunner$2.evaluate(ParentRunner.java:222)
	at org.junit.runners.ParentRunner.run(ParentRunner.java:300)
	at org.junit.runner.JUnitCore.run(JUnitCore.java:157)
	at org.junit.runner.JUnitCore.run(JUnitCore.java:136)
	at edu.illinois.cs.testrunner.execution.JUnitTestExecutor.execute(JUnitTestExecutor.java:246)
	at edu.illinois.cs.testrunner.execution.JUnitTestExecutor.executeWithJUnit4Runner(JUnitTestExecutor.java:315)
	at edu.illinois.cs.testrunner.execution.JUnitTestExecutor.runOrder(JUnitTestExecutor.java:46)
	at edu.illinois.cs.testrunner.execution.Executor$.$anonfun$run$1(Executor.scala:30)
	at scala.runtime.java8.JFunction0$mcV$sp.apply(JFunction0$mcV$sp.java:12)
	at scala.util.Try$.apply(Try.scala:209)
	at edu.illinois.cs.testrunner.execution.Executor$.run(Executor.scala:28)
	at edu.illinois.cs.testrunner.execution.Executor$.main(Executor.scala:18)
	at edu.illinois.cs.testrunner.execution.Executor.main(Executor.scala)
24/05/17 03:07:48 DEBUG druid.DruidParser: Parsing SQL CREATE TABLE User { Required Int64 user_id; Required String name; Optional DOUBLE value; }  primary key(user_id),  entity group root, entity group key(user_id);
24/05/17 03:07:48 DEBUG druid.DruidDDLParser: CreateTablePlan CreateTablePlan [table=CREATE TABLE User { 
  REQUIRED INT64 user_id COLUMNFAMILY d;
  REQUIRED STRING name COLUMNFAMILY d;
  OPTIONAL DOUBLE value COLUMNFAMILY d;
} 
PRIMARY KEY(user_id),
ENTITY GROUP ROOT,
ENTITY GROUP KEY(user_id);
, splitKeys=null]
24/05/17 03:07:48 DEBUG druid.DruidParser: Parsing SQL CREATE TABLE Photo { Required Int64 user_id columnfamily cf comment 'aaa';  Required Int32 photo_id comment 'child primary key';  Optional Int64 time; Optional String full_url;  Optional String thumbnail_url; Optional string tag; Optional DATETIME date; Optional Int32 int32Type; }  primary key(user_id,photo_id),  in table User,  Entity Group Key(user_id) references User; 
24/05/17 03:07:48 DEBUG druid.DruidDDLParser: CreateTablePlan CreateTablePlan [table=CREATE TABLE Photo { 
  REQUIRED INT64 user_id COLUMNFAMILY cf;
  REQUIRED INT32 photo_id COLUMNFAMILY d;
  OPTIONAL INT64 time COLUMNFAMILY d;
  OPTIONAL STRING full_url COLUMNFAMILY d;
  OPTIONAL STRING thumbnail_url COLUMNFAMILY d;
  OPTIONAL STRING tag COLUMNFAMILY d;
  OPTIONAL DATETIME date COLUMNFAMILY d;
  OPTIONAL INT32 int32Type COLUMNFAMILY d;
} 
PRIMARY KEY(user_id, photo_id, ),
 IN TABLE User,
 ENTITY GROUP KEY(user_id) REFERENCES User;
, splitKeys=null]
24/05/17 03:07:48 DEBUG druid.DruidParser: Parsing SQL Insert into User1(ID,NAME) values(1,'binlijin');
24/05/17 03:07:48 DEBUG druid.DruidDMLParser: INSERT SQL TableSource User1
24/05/17 03:07:48 DEBUG druid.DruidDMLParser: From table User1
24/05/17 03:07:48 ERROR druid.DruidParserTestUtil: execute
com.alibaba.wasp.TableNotFoundException: User1 not exists!
	at com.alibaba.wasp.plan.parser.druid.FMetaEventOperation.checkAndGetTable(FMetaEventOperation.java:79)
	at com.alibaba.wasp.plan.parser.druid.DruidDMLParser.getInsertPlan(DruidDMLParser.java:129)
	at com.alibaba.wasp.plan.parser.druid.DruidDMLParser.generatePlan(DruidDMLParser.java:105)
	at com.alibaba.wasp.plan.parser.druid.DruidParserTestUtil.execute(DruidParserTestUtil.java:104)
	at com.alibaba.wasp.plan.parser.druid.TestDruidDMLFailParser.getInsertFailedPlan(TestDruidDMLFailParser.java:97)
	at sun.reflect.NativeMethodAccessorImpl.invoke0(Native Method)
	at sun.reflect.NativeMethodAccessorImpl.invoke(NativeMethodAccessorImpl.java:62)
	at sun.reflect.DelegatingMethodAccessorImpl.invoke(DelegatingMethodAccessorImpl.java:43)
	at java.lang.reflect.Method.invoke(Method.java:498)
	at org.junit.runners.model.FrameworkMethod$1.runReflectiveCall(FrameworkMethod.java:45)
	at org.junit.internal.runners.model.ReflectiveCallable.run(ReflectiveCallable.java:15)
	at org.junit.runners.model.FrameworkMethod.invokeExplosively(FrameworkMethod.java:42)
	at org.junit.internal.runners.statements.InvokeMethod.evaluate(InvokeMethod.java:20)
	at org.junit.internal.runners.statements.RunBefores.evaluate(RunBefores.java:28)
	at org.junit.internal.runners.statements.RunAfters.evaluate(RunAfters.java:30)
	at org.junit.runners.ParentRunner.runLeaf(ParentRunner.java:263)
	at org.junit.runners.BlockJUnit4ClassRunner.runChild(BlockJUnit4ClassRunner.java:68)
	at org.junit.runners.BlockJUnit4ClassRunner.runChild(BlockJUnit4ClassRunner.java:47)
	at org.junit.runners.ParentRunner$3.run(ParentRunner.java:231)
	at org.junit.runners.ParentRunner$1.schedule(ParentRunner.java:60)
	at org.junit.runners.ParentRunner.runChildren(ParentRunner.java:229)
	at org.junit.runners.ParentRunner.access$000(ParentRunner.java:50)
	at org.junit.runners.ParentRunner$2.evaluate(ParentRunner.java:222)
	at org.junit.internal.runners.statements.RunBefores.evaluate(RunBefores.java:28)
	at org.junit.internal.runners.statements.RunAfters.evaluate(RunAfters.java:30)
	at org.junit.runners.ParentRunner.run(ParentRunner.java:300)
	at org.junit.runners.Suite.runChild(Suite.java:128)
	at org.junit.runners.Suite.runChild(Suite.java:24)
	at org.junit.runners.ParentRunner$3.run(ParentRunner.java:231)
	at org.junit.runners.ParentRunner$1.schedule(ParentRunner.java:60)
	at org.junit.runners.ParentRunner.runChildren(ParentRunner.java:229)
	at org.junit.runners.ParentRunner.access$000(ParentRunner.java:50)
	at org.junit.runners.ParentRunner$2.evaluate(ParentRunner.java:222)
	at org.junit.runners.ParentRunner.run(ParentRunner.java:300)
	at org.junit.runner.JUnitCore.run(JUnitCore.java:157)
	at org.junit.runner.JUnitCore.run(JUnitCore.java:136)
	at edu.illinois.cs.testrunner.execution.JUnitTestExecutor.execute(JUnitTestExecutor.java:246)
	at edu.illinois.cs.testrunner.execution.JUnitTestExecutor.executeWithJUnit4Runner(JUnitTestExecutor.java:315)
	at edu.illinois.cs.testrunner.execution.JUnitTestExecutor.runOrder(JUnitTestExecutor.java:46)
	at edu.illinois.cs.testrunner.execution.Executor$.$anonfun$run$1(Executor.scala:30)
	at scala.runtime.java8.JFunction0$mcV$sp.apply(JFunction0$mcV$sp.java:12)
	at scala.util.Try$.apply(Try.scala:209)
	at edu.illinois.cs.testrunner.execution.Executor$.run(Executor.scala:28)
	at edu.illinois.cs.testrunner.execution.Executor$.main(Executor.scala:18)
	at edu.illinois.cs.testrunner.execution.Executor.main(Executor.scala)
24/05/17 03:07:48 DEBUG druid.DruidParser: Parsing SQL Insert into User(ID,NAME2) values(1,'binlijin'),(2,'lars');
24/05/17 03:07:48 DEBUG druid.DruidDMLParser: INSERT SQL TableSource User
24/05/17 03:07:48 DEBUG druid.DruidDMLParser: From table User
24/05/17 03:07:48 DEBUG druid.DruidDMLParser:  SQLInsertItem ID
24/05/17 03:07:48 DEBUG druid.DruidDMLParser:  SQLInsertItem NAME2
24/05/17 03:07:48 DEBUG druid.DruidDMLParser: INSERT SQL Insert columns [ID, NAME2]
24/05/17 03:07:48 ERROR druid.DruidParserTestUtil: execute
com.alibaba.wasp.plan.parser.UnsupportedException: User does not have column 'ID'!
	at com.alibaba.wasp.plan.parser.druid.FMetaEventOperation.checkAndGetFields(FMetaEventOperation.java:114)
	at com.alibaba.wasp.plan.parser.druid.DruidDMLParser.getInsertPlan(DruidDMLParser.java:136)
	at com.alibaba.wasp.plan.parser.druid.DruidDMLParser.generatePlan(DruidDMLParser.java:105)
	at com.alibaba.wasp.plan.parser.druid.DruidParserTestUtil.execute(DruidParserTestUtil.java:104)
	at com.alibaba.wasp.plan.parser.druid.TestDruidDMLFailParser.getInsertFailedPlan(TestDruidDMLFailParser.java:97)
	at sun.reflect.NativeMethodAccessorImpl.invoke0(Native Method)
	at sun.reflect.NativeMethodAccessorImpl.invoke(NativeMethodAccessorImpl.java:62)
	at sun.reflect.DelegatingMethodAccessorImpl.invoke(DelegatingMethodAccessorImpl.java:43)
	at java.lang.reflect.Method.invoke(Method.java:498)
	at org.junit.runners.model.FrameworkMethod$1.runReflectiveCall(FrameworkMethod.java:45)
	at org.junit.internal.runners.model.ReflectiveCallable.run(ReflectiveCallable.java:15)
	at org.junit.runners.model.FrameworkMethod.invokeExplosively(FrameworkMethod.java:42)
	at org.junit.internal.runners.statements.InvokeMethod.evaluate(InvokeMethod.java:20)
	at org.junit.internal.runners.statements.RunBefores.evaluate(RunBefores.java:28)
	at org.junit.internal.runners.statements.RunAfters.evaluate(RunAfters.java:30)
	at org.junit.runners.ParentRunner.runLeaf(ParentRunner.java:263)
	at org.junit.runners.BlockJUnit4ClassRunner.runChild(BlockJUnit4ClassRunner.java:68)
	at org.junit.runners.BlockJUnit4ClassRunner.runChild(BlockJUnit4ClassRunner.java:47)
	at org.junit.runners.ParentRunner$3.run(ParentRunner.java:231)
	at org.junit.runners.ParentRunner$1.schedule(ParentRunner.java:60)
	at org.junit.runners.ParentRunner.runChildren(ParentRunner.java:229)
	at org.junit.runners.ParentRunner.access$000(ParentRunner.java:50)
	at org.junit.runners.ParentRunner$2.evaluate(ParentRunner.java:222)
	at org.junit.internal.runners.statements.RunBefores.evaluate(RunBefores.java:28)
	at org.junit.internal.runners.statements.RunAfters.evaluate(RunAfters.java:30)
	at org.junit.runners.ParentRunner.run(ParentRunner.java:300)
	at org.junit.runners.Suite.runChild(Suite.java:128)
	at org.junit.runners.Suite.runChild(Suite.java:24)
	at org.junit.runners.ParentRunner$3.run(ParentRunner.java:231)
	at org.junit.runners.ParentRunner$1.schedule(ParentRunner.java:60)
	at org.junit.runners.ParentRunner.runChildren(ParentRunner.java:229)
	at org.junit.runners.ParentRunner.access$000(ParentRunner.java:50)
	at org.junit.runners.ParentRunner$2.evaluate(ParentRunner.java:222)
	at org.junit.runners.ParentRunner.run(ParentRunner.java:300)
	at org.junit.runner.JUnitCore.run(JUnitCore.java:157)
	at org.junit.runner.JUnitCore.run(JUnitCore.java:136)
	at edu.illinois.cs.testrunner.execution.JUnitTestExecutor.execute(JUnitTestExecutor.java:246)
	at edu.illinois.cs.testrunner.execution.JUnitTestExecutor.executeWithJUnit4Runner(JUnitTestExecutor.java:315)
	at edu.illinois.cs.testrunner.execution.JUnitTestExecutor.runOrder(JUnitTestExecutor.java:46)
	at edu.illinois.cs.testrunner.execution.Executor$.$anonfun$run$1(Executor.scala:30)
	at scala.runtime.java8.JFunction0$mcV$sp.apply(JFunction0$mcV$sp.java:12)
	at scala.util.Try$.apply(Try.scala:209)
	at edu.illinois.cs.testrunner.execution.Executor$.run(Executor.scala:28)
	at edu.illinois.cs.testrunner.execution.Executor$.main(Executor.scala:18)
	at edu.illinois.cs.testrunner.execution.Executor.main(Executor.scala)
24/05/17 03:07:48 DEBUG druid.DruidParser: Parsing SQL Insert into Photo(photo_id,time) values(1, 10000),(2,20000);
24/05/17 03:07:48 DEBUG druid.DruidDMLParser: INSERT SQL TableSource Photo
24/05/17 03:07:48 DEBUG druid.DruidDMLParser: From table Photo
24/05/17 03:07:48 DEBUG druid.DruidDMLParser:  SQLInsertItem photo_id
24/05/17 03:07:48 DEBUG druid.DruidDMLParser:  SQLInsertItem time
24/05/17 03:07:48 DEBUG druid.DruidDMLParser: INSERT SQL Insert columns [photo_id, time]
24/05/17 03:07:48 ERROR druid.DruidParserTestUtil: execute
com.alibaba.wasp.plan.parser.UnsupportedException: PrimaryKeys have 2 Fields, but only find 1 Fields
	at com.alibaba.wasp.plan.parser.druid.FMetaEventOperation.checkRequiredFields(FMetaEventOperation.java:378)
	at com.alibaba.wasp.plan.parser.druid.DruidDMLParser.getInsertPlan(DruidDMLParser.java:137)
	at com.alibaba.wasp.plan.parser.druid.DruidDMLParser.generatePlan(DruidDMLParser.java:105)
	at com.alibaba.wasp.plan.parser.druid.DruidParserTestUtil.execute(DruidParserTestUtil.java:104)
	at com.alibaba.wasp.plan.parser.druid.TestDruidDMLFailParser.getInsertFailedPlan(TestDruidDMLFailParser.java:97)
	at sun.reflect.NativeMethodAccessorImpl.invoke0(Native Method)
	at sun.reflect.NativeMethodAccessorImpl.invoke(NativeMethodAccessorImpl.java:62)
	at sun.reflect.DelegatingMethodAccessorImpl.invoke(DelegatingMethodAccessorImpl.java:43)
	at java.lang.reflect.Method.invoke(Method.java:498)
	at org.junit.runners.model.FrameworkMethod$1.runReflectiveCall(FrameworkMethod.java:45)
	at org.junit.internal.runners.model.ReflectiveCallable.run(ReflectiveCallable.java:15)
	at org.junit.runners.model.FrameworkMethod.invokeExplosively(FrameworkMethod.java:42)
	at org.junit.internal.runners.statements.InvokeMethod.evaluate(InvokeMethod.java:20)
	at org.junit.internal.runners.statements.RunBefores.evaluate(RunBefores.java:28)
	at org.junit.internal.runners.statements.RunAfters.evaluate(RunAfters.java:30)
	at org.junit.runners.ParentRunner.runLeaf(ParentRunner.java:263)
	at org.junit.runners.BlockJUnit4ClassRunner.runChild(BlockJUnit4ClassRunner.java:68)
	at org.junit.runners.BlockJUnit4ClassRunner.runChild(BlockJUnit4ClassRunner.java:47)
	at org.junit.runners.ParentRunner$3.run(ParentRunner.java:231)
	at org.junit.runners.ParentRunner$1.schedule(ParentRunner.java:60)
	at org.junit.runners.ParentRunner.runChildren(ParentRunner.java:229)
	at org.junit.runners.ParentRunner.access$000(ParentRunner.java:50)
	at org.junit.runners.ParentRunner$2.evaluate(ParentRunner.java:222)
	at org.junit.internal.runners.statements.RunBefores.evaluate(RunBefores.java:28)
	at org.junit.internal.runners.statements.RunAfters.evaluate(RunAfters.java:30)
	at org.junit.runners.ParentRunner.run(ParentRunner.java:300)
	at org.junit.runners.Suite.runChild(Suite.java:128)
	at org.junit.runners.Suite.runChild(Suite.java:24)
	at org.junit.runners.ParentRunner$3.run(ParentRunner.java:231)
	at org.junit.runners.ParentRunner$1.schedule(ParentRunner.java:60)
	at org.junit.runners.ParentRunner.runChildren(ParentRunner.java:229)
	at org.junit.runners.ParentRunner.access$000(ParentRunner.java:50)
	at org.junit.runners.ParentRunner$2.evaluate(ParentRunner.java:222)
	at org.junit.runners.ParentRunner.run(ParentRunner.java:300)
	at org.junit.runner.JUnitCore.run(JUnitCore.java:157)
	at org.junit.runner.JUnitCore.run(JUnitCore.java:136)
	at edu.illinois.cs.testrunner.execution.JUnitTestExecutor.execute(JUnitTestExecutor.java:246)
	at edu.illinois.cs.testrunner.execution.JUnitTestExecutor.executeWithJUnit4Runner(JUnitTestExecutor.java:315)
	at edu.illinois.cs.testrunner.execution.JUnitTestExecutor.runOrder(JUnitTestExecutor.java:46)
	at edu.illinois.cs.testrunner.execution.Executor$.$anonfun$run$1(Executor.scala:30)
	at scala.runtime.java8.JFunction0$mcV$sp.apply(JFunction0$mcV$sp.java:12)
	at scala.util.Try$.apply(Try.scala:209)
	at edu.illinois.cs.testrunner.execution.Executor$.run(Executor.scala:28)
	at edu.illinois.cs.testrunner.execution.Executor$.main(Executor.scala:18)
	at edu.illinois.cs.testrunner.execution.Executor.main(Executor.scala)
24/05/17 03:07:48 DEBUG druid.DruidParser: Parsing SQL Insert into User(user_id,name,value) values(1,'binlijin',1.,'aa');
24/05/17 03:07:48 DEBUG druid.DruidDMLParser: INSERT SQL TableSource User
24/05/17 03:07:48 DEBUG druid.DruidDMLParser: From table User
24/05/17 03:07:48 DEBUG druid.DruidDMLParser:  SQLInsertItem user_id
24/05/17 03:07:48 DEBUG druid.DruidDMLParser:  SQLInsertItem name
24/05/17 03:07:48 DEBUG druid.DruidDMLParser:  SQLInsertItem value
24/05/17 03:07:48 DEBUG druid.DruidDMLParser: INSERT SQL Insert columns [user_id, name, value]
24/05/17 03:07:48 DEBUG druid.DruidDMLParser: INSERT SQL Insert Values List [ VALUES (1, 'binlijin', 1, 'aa')]
24/05/17 03:07:48 ERROR druid.DruidParserTestUtil: execute
java.io.IOException: Insert clause 3 columns  not match 4 values 
	at com.alibaba.wasp.plan.parser.druid.DruidDMLParser.buildFieldsPair(DruidDMLParser.java:334)
	at com.alibaba.wasp.plan.parser.druid.DruidDMLParser.genInsertAction(DruidDMLParser.java:180)
	at com.alibaba.wasp.plan.parser.druid.DruidDMLParser.getInsertPlan(DruidDMLParser.java:152)
	at com.alibaba.wasp.plan.parser.druid.DruidDMLParser.generatePlan(DruidDMLParser.java:105)
	at com.alibaba.wasp.plan.parser.druid.DruidParserTestUtil.execute(DruidParserTestUtil.java:104)
	at com.alibaba.wasp.plan.parser.druid.TestDruidDMLFailParser.getInsertFailedPlan(TestDruidDMLFailParser.java:97)
	at sun.reflect.NativeMethodAccessorImpl.invoke0(Native Method)
	at sun.reflect.NativeMethodAccessorImpl.invoke(NativeMethodAccessorImpl.java:62)
	at sun.reflect.DelegatingMethodAccessorImpl.invoke(DelegatingMethodAccessorImpl.java:43)
	at java.lang.reflect.Method.invoke(Method.java:498)
	at org.junit.runners.model.FrameworkMethod$1.runReflectiveCall(FrameworkMethod.java:45)
	at org.junit.internal.runners.model.ReflectiveCallable.run(ReflectiveCallable.java:15)
	at org.junit.runners.model.FrameworkMethod.invokeExplosively(FrameworkMethod.java:42)
	at org.junit.internal.runners.statements.InvokeMethod.evaluate(InvokeMethod.java:20)
	at org.junit.internal.runners.statements.RunBefores.evaluate(RunBefores.java:28)
	at org.junit.internal.runners.statements.RunAfters.evaluate(RunAfters.java:30)
	at org.junit.runners.ParentRunner.runLeaf(ParentRunner.java:263)
	at org.junit.runners.BlockJUnit4ClassRunner.runChild(BlockJUnit4ClassRunner.java:68)
	at org.junit.runners.BlockJUnit4ClassRunner.runChild(BlockJUnit4ClassRunner.java:47)
	at org.junit.runners.ParentRunner$3.run(ParentRunner.java:231)
	at org.junit.runners.ParentRunner$1.schedule(ParentRunner.java:60)
	at org.junit.runners.ParentRunner.runChildren(ParentRunner.java:229)
	at org.junit.runners.ParentRunner.access$000(ParentRunner.java:50)
	at org.junit.runners.ParentRunner$2.evaluate(ParentRunner.java:222)
	at org.junit.internal.runners.statements.RunBefores.evaluate(RunBefores.java:28)
	at org.junit.internal.runners.statements.RunAfters.evaluate(RunAfters.java:30)
	at org.junit.runners.ParentRunner.run(ParentRunner.java:300)
	at org.junit.runners.Suite.runChild(Suite.java:128)
	at org.junit.runners.Suite.runChild(Suite.java:24)
	at org.junit.runners.ParentRunner$3.run(ParentRunner.java:231)
	at org.junit.runners.ParentRunner$1.schedule(ParentRunner.java:60)
	at org.junit.runners.ParentRunner.runChildren(ParentRunner.java:229)
	at org.junit.runners.ParentRunner.access$000(ParentRunner.java:50)
	at org.junit.runners.ParentRunner$2.evaluate(ParentRunner.java:222)
	at org.junit.runners.ParentRunner.run(ParentRunner.java:300)
	at org.junit.runner.JUnitCore.run(JUnitCore.java:157)
	at org.junit.runner.JUnitCore.run(JUnitCore.java:136)
	at edu.illinois.cs.testrunner.execution.JUnitTestExecutor.execute(JUnitTestExecutor.java:246)
	at edu.illinois.cs.testrunner.execution.JUnitTestExecutor.executeWithJUnit4Runner(JUnitTestExecutor.java:315)
	at edu.illinois.cs.testrunner.execution.JUnitTestExecutor.runOrder(JUnitTestExecutor.java:46)
	at edu.illinois.cs.testrunner.execution.Executor$.$anonfun$run$1(Executor.scala:30)
	at scala.runtime.java8.JFunction0$mcV$sp.apply(JFunction0$mcV$sp.java:12)
	at scala.util.Try$.apply(Try.scala:209)
	at edu.illinois.cs.testrunner.execution.Executor$.run(Executor.scala:28)
	at edu.illinois.cs.testrunner.execution.Executor$.main(Executor.scala:18)
	at edu.illinois.cs.testrunner.execution.Executor.main(Executor.scala)
24/05/17 03:07:48 DEBUG druid.DruidParser: Parsing SQL Insert into User(user_id,name,value) values(1,'binlijin');
24/05/17 03:07:48 DEBUG druid.DruidDMLParser: INSERT SQL TableSource User
24/05/17 03:07:48 DEBUG druid.DruidDMLParser: From table User
24/05/17 03:07:48 DEBUG druid.DruidDMLParser:  SQLInsertItem user_id
24/05/17 03:07:48 DEBUG druid.DruidDMLParser:  SQLInsertItem name
24/05/17 03:07:48 DEBUG druid.DruidDMLParser:  SQLInsertItem value
24/05/17 03:07:48 DEBUG druid.DruidDMLParser: INSERT SQL Insert columns [user_id, name, value]
24/05/17 03:07:48 DEBUG druid.DruidDMLParser: INSERT SQL Insert Values List [ VALUES (1, 'binlijin')]
24/05/17 03:07:48 ERROR druid.DruidParserTestUtil: execute
java.io.IOException: Insert clause 3 columns  not match 2 values 
	at com.alibaba.wasp.plan.parser.druid.DruidDMLParser.buildFieldsPair(DruidDMLParser.java:334)
	at com.alibaba.wasp.plan.parser.druid.DruidDMLParser.genInsertAction(DruidDMLParser.java:180)
	at com.alibaba.wasp.plan.parser.druid.DruidDMLParser.getInsertPlan(DruidDMLParser.java:152)
	at com.alibaba.wasp.plan.parser.druid.DruidDMLParser.generatePlan(DruidDMLParser.java:105)
	at com.alibaba.wasp.plan.parser.druid.DruidParserTestUtil.execute(DruidParserTestUtil.java:104)
	at com.alibaba.wasp.plan.parser.druid.TestDruidDMLFailParser.getInsertFailedPlan(TestDruidDMLFailParser.java:97)
	at sun.reflect.NativeMethodAccessorImpl.invoke0(Native Method)
	at sun.reflect.NativeMethodAccessorImpl.invoke(NativeMethodAccessorImpl.java:62)
	at sun.reflect.DelegatingMethodAccessorImpl.invoke(DelegatingMethodAccessorImpl.java:43)
	at java.lang.reflect.Method.invoke(Method.java:498)
	at org.junit.runners.model.FrameworkMethod$1.runReflectiveCall(FrameworkMethod.java:45)
	at org.junit.internal.runners.model.ReflectiveCallable.run(ReflectiveCallable.java:15)
	at org.junit.runners.model.FrameworkMethod.invokeExplosively(FrameworkMethod.java:42)
	at org.junit.internal.runners.statements.InvokeMethod.evaluate(InvokeMethod.java:20)
	at org.junit.internal.runners.statements.RunBefores.evaluate(RunBefores.java:28)
	at org.junit.internal.runners.statements.RunAfters.evaluate(RunAfters.java:30)
	at org.junit.runners.ParentRunner.runLeaf(ParentRunner.java:263)
	at org.junit.runners.BlockJUnit4ClassRunner.runChild(BlockJUnit4ClassRunner.java:68)
	at org.junit.runners.BlockJUnit4ClassRunner.runChild(BlockJUnit4ClassRunner.java:47)
	at org.junit.runners.ParentRunner$3.run(ParentRunner.java:231)
	at org.junit.runners.ParentRunner$1.schedule(ParentRunner.java:60)
	at org.junit.runners.ParentRunner.runChildren(ParentRunner.java:229)
	at org.junit.runners.ParentRunner.access$000(ParentRunner.java:50)
	at org.junit.runners.ParentRunner$2.evaluate(ParentRunner.java:222)
	at org.junit.internal.runners.statements.RunBefores.evaluate(RunBefores.java:28)
	at org.junit.internal.runners.statements.RunAfters.evaluate(RunAfters.java:30)
	at org.junit.runners.ParentRunner.run(ParentRunner.java:300)
	at org.junit.runners.Suite.runChild(Suite.java:128)
	at org.junit.runners.Suite.runChild(Suite.java:24)
	at org.junit.runners.ParentRunner$3.run(ParentRunner.java:231)
	at org.junit.runners.ParentRunner$1.schedule(ParentRunner.java:60)
	at org.junit.runners.ParentRunner.runChildren(ParentRunner.java:229)
	at org.junit.runners.ParentRunner.access$000(ParentRunner.java:50)
	at org.junit.runners.ParentRunner$2.evaluate(ParentRunner.java:222)
	at org.junit.runners.ParentRunner.run(ParentRunner.java:300)
	at org.junit.runner.JUnitCore.run(JUnitCore.java:157)
	at org.junit.runner.JUnitCore.run(JUnitCore.java:136)
	at edu.illinois.cs.testrunner.execution.JUnitTestExecutor.execute(JUnitTestExecutor.java:246)
	at edu.illinois.cs.testrunner.execution.JUnitTestExecutor.executeWithJUnit4Runner(JUnitTestExecutor.java:315)
	at edu.illinois.cs.testrunner.execution.JUnitTestExecutor.runOrder(JUnitTestExecutor.java:46)
	at edu.illinois.cs.testrunner.execution.Executor$.$anonfun$run$1(Executor.scala:30)
	at scala.runtime.java8.JFunction0$mcV$sp.apply(JFunction0$mcV$sp.java:12)
	at scala.util.Try$.apply(Try.scala:209)
	at edu.illinois.cs.testrunner.execution.Executor$.run(Executor.scala:28)
	at edu.illinois.cs.testrunner.execution.Executor$.main(Executor.scala:18)
	at edu.illinois.cs.testrunner.execution.Executor.main(Executor.scala)
24/05/17 03:07:48 DEBUG fserver.MetricsEntityGroupSourceImpl: Creating new MetricsEntityGroupSourceImpl for table null TEST
24/05/17 03:07:48 DEBUG fserver.MetricsEntityGroupSourceImpl: Creating new MetricsEntityGroupSourceImpl for table null TEST
24/05/17 03:07:48 DEBUG fserver.MetricsEntityGroupSourceImpl: Creating new MetricsEntityGroupSourceImpl for table null TWO
Starting DataNode 0 with dfs.data.dir: /home/idflakies/alibaba/wasp/target/test-data/36b3303f-88fb-49e6-b28f-59c75af85c8a/dfscluster_6e2324dd-1d10-493e-bedb-523ec9eec58d/dfs/data/data1,/home/idflakies/alibaba/wasp/target/test-data/36b3303f-88fb-49e6-b28f-59c75af85c8a/dfscluster_6e2324dd-1d10-493e-bedb-523ec9eec58d/dfs/data/data2
24/05/17 03:07:49 ERROR datanode.DataNode: All directories in dfs.data.dir are invalid.
java.lang.NullPointerException
	at org.apache.hadoop.hdfs.MiniDFSCluster.startDataNodes(MiniDFSCluster.java:422)
	at org.apache.hadoop.hdfs.MiniDFSCluster.<init>(MiniDFSCluster.java:280)
	at org.apache.hadoop.hbase.HBaseTestingUtility.startMiniDFSCluster(HBaseTestingUtility.java:451)
	at org.apache.hadoop.hbase.HBaseTestingUtility.startMiniCluster(HBaseTestingUtility.java:619)
	at org.apache.hadoop.hbase.HBaseTestingUtility.startMiniCluster(HBaseTestingUtility.java:575)
	at org.apache.hadoop.hbase.HBaseTestingUtility.startMiniCluster(HBaseTestingUtility.java:562)
	at com.alibaba.wasp.meta.TestFMetaStore.setUpBeforeClass(TestFMetaStore.java:73)
	at sun.reflect.NativeMethodAccessorImpl.invoke0(Native Method)
	at sun.reflect.NativeMethodAccessorImpl.invoke(NativeMethodAccessorImpl.java:62)
	at sun.reflect.DelegatingMethodAccessorImpl.invoke(DelegatingMethodAccessorImpl.java:43)
	at java.lang.reflect.Method.invoke(Method.java:498)
	at org.junit.runners.model.FrameworkMethod$1.runReflectiveCall(FrameworkMethod.java:45)
	at org.junit.internal.runners.model.ReflectiveCallable.run(ReflectiveCallable.java:15)
	at org.junit.runners.model.FrameworkMethod.invokeExplosively(FrameworkMethod.java:42)
	at org.junit.internal.runners.statements.RunBefores.evaluate(RunBefores.java:27)
	at org.junit.internal.runners.statements.RunAfters.evaluate(RunAfters.java:30)
	at org.junit.runners.ParentRunner.run(ParentRunner.java:300)
	at org.junit.runners.Suite.runChild(Suite.java:128)
	at org.junit.runners.Suite.runChild(Suite.java:24)
	at org.junit.runners.ParentRunner$3.run(ParentRunner.java:231)
	at org.junit.runners.ParentRunner$1.schedule(ParentRunner.java:60)
	at org.junit.runners.ParentRunner.runChildren(ParentRunner.java:229)
	at org.junit.runners.ParentRunner.access$000(ParentRunner.java:50)
	at org.junit.runners.ParentRunner$2.evaluate(ParentRunner.java:222)
	at org.junit.runners.ParentRunner.run(ParentRunner.java:300)
	at org.junit.runner.JUnitCore.run(JUnitCore.java:157)
	at org.junit.runner.JUnitCore.run(JUnitCore.java:136)
	at edu.illinois.cs.testrunner.execution.JUnitTestExecutor.execute(JUnitTestExecutor.java:246)
	at edu.illinois.cs.testrunner.execution.JUnitTestExecutor.executeWithJUnit4Runner(JUnitTestExecutor.java:315)
	at edu.illinois.cs.testrunner.execution.JUnitTestExecutor.runOrder(JUnitTestExecutor.java:46)
	at edu.illinois.cs.testrunner.execution.Executor$.$anonfun$run$1(Executor.scala:30)
	at scala.runtime.java8.JFunction0$mcV$sp.apply(JFunction0$mcV$sp.java:12)
	at scala.util.Try$.apply(Try.scala:209)
	at edu.illinois.cs.testrunner.execution.Executor$.run(Executor.scala:28)
	at edu.illinois.cs.testrunner.execution.Executor$.main(Executor.scala:18)
	at edu.illinois.cs.testrunner.execution.Executor.main(Executor.scala)
24/05/17 03:07:49 INFO balancer.TestDefaultLoadBalancer: Mock Cluster : { srv99442:0 } [srvr=1 rgns=0 avg=0.0 max=0 min=0]
24/05/17 03:07:49 INFO balancer.DefaultLoadBalancer: Skipping load balancing because balanced cluster; servers=1 entityGroups=0 average=0.0 mostloaded=0 leastloaded=0
24/05/17 03:07:49 INFO balancer.TestDefaultLoadBalancer: Mock Balance : {  }
24/05/17 03:07:49 INFO balancer.TestDefaultLoadBalancer: Mock Cluster : { srv99442:1 } [srvr=1 rgns=1 avg=1.0 max=1 min=1]
24/05/17 03:07:49 INFO balancer.DefaultLoadBalancer: Skipping load balancing because balanced cluster; servers=1 entityGroups=1 average=1.0 mostloaded=1 leastloaded=1
24/05/17 03:07:49 INFO balancer.TestDefaultLoadBalancer: Mock Balance : {  }
24/05/17 03:07:49 INFO balancer.TestDefaultLoadBalancer: Mock Cluster : { srv99442:10 } [srvr=1 rgns=10 avg=10.0 max=10 min=10]
24/05/17 03:07:49 INFO balancer.DefaultLoadBalancer: Skipping load balancing because balanced cluster; servers=1 entityGroups=10 average=10.0 mostloaded=10 leastloaded=10
24/05/17 03:07:49 INFO balancer.TestDefaultLoadBalancer: Mock Balance : {  }
24/05/17 03:07:49 INFO balancer.TestDefaultLoadBalancer: Mock Cluster : { srv60353:0 , srv99442:0 } [srvr=2 rgns=0 avg=0.0 max=0 min=0]
24/05/17 03:07:49 INFO balancer.DefaultLoadBalancer: Skipping load balancing because balanced cluster; servers=2 entityGroups=0 average=0.0 mostloaded=0 leastloaded=0
24/05/17 03:07:49 INFO balancer.TestDefaultLoadBalancer: Mock Balance : {  }
24/05/17 03:07:49 INFO balancer.TestDefaultLoadBalancer: Mock Cluster : { srv99442:0 , srv60353:2 } [srvr=2 rgns=2 avg=1.0 max=1 min=1]
24/05/17 03:07:49 DEBUG balancer.DefaultLoadBalancer: Balance parameter: numEntityGroups=2, numServers=2, max=1, min=1
24/05/17 03:07:49 INFO balancer.DefaultLoadBalancer: Calculated a load balance in 5ms. Moving 1 entityGroups off of 1 overloaded servers onto 1 less loaded servers
24/05/17 03:07:49 INFO balancer.TestDefaultLoadBalancer: Mock Balance : { srv60353:1 , srv99442:1 }
24/05/17 03:07:49 INFO balancer.TestDefaultLoadBalancer: Mock Cluster : { srv99442:1 , srv60353:2 } [srvr=2 rgns=3 avg=1.5 max=2 min=1]
24/05/17 03:07:49 INFO balancer.DefaultLoadBalancer: Skipping load balancing because balanced cluster; servers=2 entityGroups=3 average=1.5 mostloaded=2 leastloaded=1
24/05/17 03:07:49 INFO balancer.TestDefaultLoadBalancer: Mock Balance : {  }
24/05/17 03:07:49 INFO balancer.TestDefaultLoadBalancer: Mock Cluster : { srv60353:2 , srv99442:2 } [srvr=2 rgns=4 avg=2.0 max=2 min=2]
24/05/17 03:07:49 INFO balancer.DefaultLoadBalancer: Skipping load balancing because balanced cluster; servers=2 entityGroups=4 average=2.0 mostloaded=2 leastloaded=2
24/05/17 03:07:49 INFO balancer.TestDefaultLoadBalancer: Mock Balance : {  }
24/05/17 03:07:49 INFO balancer.TestDefaultLoadBalancer: Mock Cluster : { srv60353:2 , srv99442:3 } [srvr=2 rgns=5 avg=2.5 max=3 min=2]
24/05/17 03:07:49 INFO balancer.DefaultLoadBalancer: Skipping load balancing because balanced cluster; servers=2 entityGroups=5 average=2.5 mostloaded=3 leastloaded=2
24/05/17 03:07:49 INFO balancer.TestDefaultLoadBalancer: Mock Balance : {  }
24/05/17 03:07:49 INFO balancer.TestDefaultLoadBalancer: Mock Cluster : { srv60353:2 , srv99442:4 } [srvr=2 rgns=6 avg=3.0 max=3 min=3]
24/05/17 03:07:49 DEBUG balancer.DefaultLoadBalancer: Balance parameter: numEntityGroups=6, numServers=2, max=3, min=3
24/05/17 03:07:49 INFO balancer.DefaultLoadBalancer: Calculated a load balance in 0ms. Moving 1 entityGroups off of 1 overloaded servers onto 1 less loaded servers
24/05/17 03:07:49 INFO balancer.TestDefaultLoadBalancer: Mock Balance : { srv60353:3 , srv99442:3 }
24/05/17 03:07:49 INFO balancer.TestDefaultLoadBalancer: Mock Cluster : { srv60353:1 , srv99442:1 } [srvr=2 rgns=2 avg=1.0 max=1 min=1]
24/05/17 03:07:49 INFO balancer.DefaultLoadBalancer: Skipping load balancing because balanced cluster; servers=2 entityGroups=2 average=1.0 mostloaded=1 leastloaded=1
24/05/17 03:07:49 INFO balancer.TestDefaultLoadBalancer: Mock Balance : {  }
24/05/17 03:07:49 INFO balancer.TestDefaultLoadBalancer: Mock Cluster : { srv60353:0 , srv99442:1 } [srvr=2 rgns=1 avg=0.5 max=1 min=0]
24/05/17 03:07:49 INFO balancer.DefaultLoadBalancer: Skipping load balancing because balanced cluster; servers=2 entityGroups=1 average=0.5 mostloaded=1 leastloaded=0
24/05/17 03:07:49 INFO balancer.TestDefaultLoadBalancer: Mock Balance : {  }
24/05/17 03:07:49 INFO balancer.TestDefaultLoadBalancer: Mock Cluster : { srv99442:1 , srv60353:10 } [srvr=2 rgns=11 avg=5.5 max=6 min=5]
24/05/17 03:07:49 DEBUG balancer.DefaultLoadBalancer: Balance parameter: numEntityGroups=11, numServers=2, max=6, min=5
24/05/17 03:07:49 INFO balancer.DefaultLoadBalancer: Calculated a load balance in 0ms. Moving 4 entityGroups off of 1 overloaded servers onto 1 less loaded servers
24/05/17 03:07:49 INFO balancer.TestDefaultLoadBalancer: Mock Balance : { srv99442:5 , srv60353:6 }
24/05/17 03:07:49 INFO balancer.TestDefaultLoadBalancer: Mock Cluster : { srv60353:14 , srv99442:1432 } [srvr=2 rgns=1446 avg=723.0 max=723 min=723]
24/05/17 03:07:49 DEBUG balancer.DefaultLoadBalancer: Balance parameter: numEntityGroups=1446, numServers=2, max=723, min=723
24/05/17 03:07:49 INFO balancer.DefaultLoadBalancer: Calculated a load balance in 7ms. Moving 709 entityGroups off of 1 overloaded servers onto 1 less loaded servers
24/05/17 03:07:49 INFO balancer.TestDefaultLoadBalancer: Mock Balance : { srv60353:723 , srv99442:723 }
24/05/17 03:07:49 INFO balancer.TestDefaultLoadBalancer: Mock Cluster : { srv60353:47 , srv99442:53 } [srvr=2 rgns=100 avg=50.0 max=50 min=50]
24/05/17 03:07:49 DEBUG balancer.DefaultLoadBalancer: Balance parameter: numEntityGroups=100, numServers=2, max=50, min=50
24/05/17 03:07:49 INFO balancer.DefaultLoadBalancer: Calculated a load balance in 0ms. Moving 3 entityGroups off of 1 overloaded servers onto 1 less loaded servers
24/05/17 03:07:49 INFO balancer.TestDefaultLoadBalancer: Mock Balance : { srv60353:50 , srv99442:50 }
24/05/17 03:07:49 INFO balancer.TestDefaultLoadBalancer: Mock Cluster : { srv60353:0 , srv99442:1 , srv58351:2 } [srvr=3 rgns=3 avg=1.0 max=1 min=1]
24/05/17 03:07:49 DEBUG balancer.DefaultLoadBalancer: Balance parameter: numEntityGroups=3, numServers=3, max=1, min=1
24/05/17 03:07:49 INFO balancer.DefaultLoadBalancer: Calculated a load balance in 0ms. Moving 1 entityGroups off of 1 overloaded servers onto 1 less loaded servers
24/05/17 03:07:49 INFO balancer.TestDefaultLoadBalancer: Mock Balance : { srv58351:1 , srv60353:1 , srv99442:1 }
24/05/17 03:07:49 INFO balancer.TestDefaultLoadBalancer: Mock Cluster : { srv58351:1 , srv60353:2 , srv99442:3 } [srvr=3 rgns=6 avg=2.0 max=2 min=2]
24/05/17 03:07:49 DEBUG balancer.DefaultLoadBalancer: Balance parameter: numEntityGroups=6, numServers=3, max=2, min=2
24/05/17 03:07:49 INFO balancer.DefaultLoadBalancer: Calculated a load balance in 0ms. Moving 1 entityGroups off of 1 overloaded servers onto 1 less loaded servers
24/05/17 03:07:49 INFO balancer.TestDefaultLoadBalancer: Mock Balance : { srv58351:2 , srv60353:2 , srv99442:2 }
24/05/17 03:07:49 INFO balancer.TestDefaultLoadBalancer: Mock Cluster : { srv58351:0 , srv60353:2 , srv99442:2 } [srvr=3 rgns=4 avg=1.3333334 max=2 min=1]
24/05/17 03:07:49 DEBUG balancer.DefaultLoadBalancer: Balance parameter: numEntityGroups=4, numServers=3, max=2, min=1
24/05/17 03:07:49 INFO balancer.DefaultLoadBalancer: Done. Calculated a load balance in 0ms. Moving 1 entityGroups off of 0 overloaded servers onto 1 less loaded servers
24/05/17 03:07:49 INFO balancer.TestDefaultLoadBalancer: Mock Balance : { srv58351:1 , srv99442:1 , srv60353:2 }
24/05/17 03:07:49 INFO balancer.TestDefaultLoadBalancer: Mock Cluster : { srv58351:0 , srv99442:0 , srv60353:3 } [srvr=3 rgns=3 avg=1.0 max=1 min=1]
24/05/17 03:07:49 DEBUG balancer.DefaultLoadBalancer: Balance parameter: numEntityGroups=3, numServers=3, max=1, min=1
24/05/17 03:07:49 INFO balancer.DefaultLoadBalancer: Calculated a load balance in 0ms. Moving 2 entityGroups off of 1 overloaded servers onto 2 less loaded servers
24/05/17 03:07:49 INFO balancer.TestDefaultLoadBalancer: Mock Balance : { srv58351:1 , srv60353:1 , srv99442:1 }
24/05/17 03:07:49 INFO balancer.TestDefaultLoadBalancer: Mock Cluster : { srv58351:0 , srv99442:0 , srv60353:4 } [srvr=3 rgns=4 avg=1.3333334 max=2 min=1]
24/05/17 03:07:49 DEBUG balancer.DefaultLoadBalancer: Balance parameter: numEntityGroups=4, numServers=3, max=2, min=1
24/05/17 03:07:49 INFO balancer.DefaultLoadBalancer: Calculated a load balance in 0ms. Moving 2 entityGroups off of 1 overloaded servers onto 2 less loaded servers
24/05/17 03:07:49 INFO balancer.TestDefaultLoadBalancer: Mock Balance : { srv58351:1 , srv99442:1 , srv60353:2 }
24/05/17 03:07:49 INFO balancer.TestDefaultLoadBalancer: Mock Cluster : { srv99442:0 , srv58351:20 , srv60353:20 } [srvr=3 rgns=40 avg=13.333333 max=14 min=13]
24/05/17 03:07:49 DEBUG balancer.DefaultLoadBalancer: Balance parameter: numEntityGroups=40, numServers=3, max=14, min=13
24/05/17 03:07:49 INFO balancer.DefaultLoadBalancer: Done. Calculated a load balance in 1ms. Moving 13 entityGroups off of 2 overloaded servers onto 1 less loaded servers
24/05/17 03:07:49 INFO balancer.TestDefaultLoadBalancer: Mock Balance : { srv60353:13 , srv99442:13 , srv58351:14 }
24/05/17 03:07:49 INFO balancer.TestDefaultLoadBalancer: Mock Cluster : { srv58351:0 , srv60353:1 , srv99442:2 , srv65059:3 } [srvr=4 rgns=6 avg=1.5 max=2 min=1]
24/05/17 03:07:49 DEBUG balancer.DefaultLoadBalancer: Balance parameter: numEntityGroups=6, numServers=4, max=2, min=1
24/05/17 03:07:49 INFO balancer.DefaultLoadBalancer: Calculated a load balance in 0ms. Moving 1 entityGroups off of 1 overloaded servers onto 1 less loaded servers
24/05/17 03:07:49 INFO balancer.TestDefaultLoadBalancer: Mock Balance : { srv58351:1 , srv60353:1 , srv65059:2 , srv99442:2 }
24/05/17 03:07:49 INFO balancer.TestDefaultLoadBalancer: Mock Cluster : { srv60353:0 , srv65059:0 , srv99442:0 , srv58351:4 } [srvr=4 rgns=4 avg=1.0 max=1 min=1]
24/05/17 03:07:49 DEBUG balancer.DefaultLoadBalancer: Balance parameter: numEntityGroups=4, numServers=4, max=1, min=1
24/05/17 03:07:49 INFO balancer.DefaultLoadBalancer: Calculated a load balance in 0ms. Moving 3 entityGroups off of 1 overloaded servers onto 3 less loaded servers
24/05/17 03:07:49 INFO balancer.TestDefaultLoadBalancer: Mock Balance : { srv58351:1 , srv60353:1 , srv65059:1 , srv99442:1 }
24/05/17 03:07:49 INFO balancer.TestDefaultLoadBalancer: Mock Cluster : { srv60353:0 , srv65059:0 , srv99442:0 , srv58351:5 } [srvr=4 rgns=5 avg=1.25 max=2 min=1]
24/05/17 03:07:49 DEBUG balancer.DefaultLoadBalancer: Balance parameter: numEntityGroups=5, numServers=4, max=2, min=1
24/05/17 03:07:49 INFO balancer.DefaultLoadBalancer: Calculated a load balance in 0ms. Moving 3 entityGroups off of 1 overloaded servers onto 3 less loaded servers
24/05/17 03:07:49 INFO balancer.TestDefaultLoadBalancer: Mock Balance : { srv60353:1 , srv65059:1 , srv99442:1 , srv58351:2 }
24/05/17 03:07:49 INFO balancer.TestDefaultLoadBalancer: Mock Cluster : { srv65059:0 , srv99442:0 , srv58351:6 , srv60353:6 } [srvr=4 rgns=12 avg=3.0 max=3 min=3]
24/05/17 03:07:49 DEBUG balancer.DefaultLoadBalancer: Balance parameter: numEntityGroups=12, numServers=4, max=3, min=3
24/05/17 03:07:49 INFO balancer.DefaultLoadBalancer: Calculated a load balance in 0ms. Moving 6 entityGroups off of 2 overloaded servers onto 2 less loaded servers
24/05/17 03:07:49 INFO balancer.TestDefaultLoadBalancer: Mock Balance : { srv58351:3 , srv60353:3 , srv65059:3 , srv99442:3 }
24/05/17 03:07:49 INFO balancer.TestDefaultLoadBalancer: Mock Cluster : { srv65059:0 , srv99442:0 , srv60353:2 , srv58351:6 } [srvr=4 rgns=8 avg=2.0 max=2 min=2]
24/05/17 03:07:49 DEBUG balancer.DefaultLoadBalancer: Balance parameter: numEntityGroups=8, numServers=4, max=2, min=2
24/05/17 03:07:49 INFO balancer.DefaultLoadBalancer: Calculated a load balance in 1ms. Moving 4 entityGroups off of 1 overloaded servers onto 2 less loaded servers
24/05/17 03:07:49 INFO balancer.TestDefaultLoadBalancer: Mock Balance : { srv58351:2 , srv60353:2 , srv65059:2 , srv99442:2 }
24/05/17 03:07:49 INFO balancer.TestDefaultLoadBalancer: Mock Cluster : { srv65059:0 , srv99442:0 , srv60353:1 , srv58351:6 } [srvr=4 rgns=7 avg=1.75 max=2 min=1]
24/05/17 03:07:49 DEBUG balancer.DefaultLoadBalancer: Balance parameter: numEntityGroups=7, numServers=4, max=2, min=1
24/05/17 03:07:49 INFO balancer.DefaultLoadBalancer: Done. Calculated a load balance in 0ms. Moving 4 entityGroups off of 1 overloaded servers onto 2 less loaded servers
24/05/17 03:07:49 INFO balancer.TestDefaultLoadBalancer: Mock Balance : { srv60353:1 , srv58351:2 , srv65059:2 , srv99442:2 }
24/05/17 03:07:49 INFO balancer.TestDefaultLoadBalancer: Mock Cluster : { srv60353:0 , srv65059:0 , srv99442:0 , srv58351:6 } [srvr=4 rgns=6 avg=1.5 max=2 min=1]
24/05/17 03:07:49 DEBUG balancer.DefaultLoadBalancer: Balance parameter: numEntityGroups=6, numServers=4, max=2, min=1
24/05/17 03:07:49 INFO balancer.DefaultLoadBalancer: Done. Calculated a load balance in 1ms. Moving 4 entityGroups off of 1 overloaded servers onto 3 less loaded servers
24/05/17 03:07:49 INFO balancer.TestDefaultLoadBalancer: Mock Balance : { srv65059:1 , srv99442:1 , srv58351:2 , srv60353:2 }
24/05/17 03:07:49 INFO balancer.TestDefaultLoadBalancer: Mock Cluster : { srv58351:4 , srv60353:4 , srv65059:4 , srv99442:7 } [srvr=4 rgns=19 avg=4.75 max=5 min=4]
24/05/17 03:07:49 DEBUG balancer.DefaultLoadBalancer: Balance parameter: numEntityGroups=19, numServers=4, max=5, min=4
24/05/17 03:07:49 INFO balancer.DefaultLoadBalancer: Done. Calculated a load balance in 0ms. Moving 2 entityGroups off of 1 overloaded servers onto 0 less loaded servers
24/05/17 03:07:49 INFO balancer.TestDefaultLoadBalancer: Mock Balance : { srv65059:4 , srv58351:5 , srv60353:5 , srv99442:5 }
24/05/17 03:07:49 INFO balancer.TestDefaultLoadBalancer: Mock Cluster : { srv58351:4 , srv60353:4 , srv65059:4 , srv99442:8 } [srvr=4 rgns=20 avg=5.0 max=5 min=5]
24/05/17 03:07:49 DEBUG balancer.DefaultLoadBalancer: Balance parameter: numEntityGroups=20, numServers=4, max=5, min=5
24/05/17 03:07:49 INFO balancer.DefaultLoadBalancer: Calculated a load balance in 0ms. Moving 3 entityGroups off of 1 overloaded servers onto 3 less loaded servers
24/05/17 03:07:49 INFO balancer.TestDefaultLoadBalancer: Mock Balance : { srv58351:5 , srv60353:5 , srv65059:5 , srv99442:5 }
24/05/17 03:07:49 INFO balancer.TestDefaultLoadBalancer: Mock Cluster : { srv58351:0 , srv60353:0 , srv65059:0 , srv99442:7 } [srvr=4 rgns=7 avg=1.75 max=2 min=1]
24/05/17 03:07:49 DEBUG balancer.DefaultLoadBalancer: Balance parameter: numEntityGroups=7, numServers=4, max=2, min=1
24/05/17 03:07:49 INFO balancer.DefaultLoadBalancer: Done. Calculated a load balance in 0ms. Moving 5 entityGroups off of 1 overloaded servers onto 3 less loaded servers
24/05/17 03:07:49 INFO balancer.TestDefaultLoadBalancer: Mock Balance : { srv65059:1 , srv58351:2 , srv60353:2 , srv99442:2 }
24/05/17 03:07:49 INFO balancer.TestDefaultLoadBalancer: Mock Cluster : { srv58351:1 , srv60353:1 , srv65059:1 , srv99442:1 , srv65222:4 } [srvr=5 rgns=8 avg=1.6 max=2 min=1]
24/05/17 03:07:49 DEBUG balancer.DefaultLoadBalancer: Balance parameter: numEntityGroups=8, numServers=5, max=2, min=1
24/05/17 03:07:49 INFO balancer.DefaultLoadBalancer: Done. Calculated a load balance in 0ms. Moving 2 entityGroups off of 1 overloaded servers onto 0 less loaded servers
24/05/17 03:07:49 INFO balancer.TestDefaultLoadBalancer: Mock Balance : { srv65059:1 , srv99442:1 , srv58351:2 , srv60353:2 , srv65222:2 }
24/05/17 03:07:49 INFO balancer.TestDefaultLoadBalancer: Mock Cluster : { srv58351:1 , srv60353:2 , srv65059:3 , srv65222:4 , srv99442:5 , srv56954:6 , srv69925:7 , srv49579:8 , srv67964:9 , srv60329:10 , srv65971:11 , srv84343:12 , srv63072:13 , srv27058:14 , srv38775:15 } [srvr=15 rgns=120 avg=8.0 max=8 min=8]
24/05/17 03:07:49 DEBUG balancer.DefaultLoadBalancer: Balance parameter: numEntityGroups=120, numServers=15, max=8, min=8
24/05/17 03:07:49 INFO balancer.DefaultLoadBalancer: Calculated a load balance in 1ms. Moving 28 entityGroups off of 7 overloaded servers onto 7 less loaded servers
24/05/17 03:07:49 INFO balancer.TestDefaultLoadBalancer: Mock Balance : { srv27058:8 , srv38775:8 , srv49579:8 , srv56954:8 , srv58351:8 , srv60329:8 , srv60353:8 , srv63072:8 , srv65059:8 , srv65222:8 , srv65971:8 , srv67964:8 , srv69925:8 , srv84343:8 , srv99442:8 }
24/05/17 03:07:49 INFO balancer.TestDefaultLoadBalancer: Mock Cluster : { srv27058:0 , srv38775:0 , srv49579:0 , srv56954:0 , srv58351:0 , srv60329:0 , srv60353:0 , srv63072:0 , srv65059:0 , srv65222:10 } [srvr=10 rgns=10 avg=1.0 max=1 min=1]
24/05/17 03:07:49 DEBUG balancer.DefaultLoadBalancer: Balance parameter: numEntityGroups=10, numServers=10, max=1, min=1
24/05/17 03:07:49 INFO balancer.DefaultLoadBalancer: Calculated a load balance in 0ms. Moving 9 entityGroups off of 1 overloaded servers onto 9 less loaded servers
24/05/17 03:07:49 INFO balancer.TestDefaultLoadBalancer: Mock Balance : { srv27058:1 , srv38775:1 , srv49579:1 , srv56954:1 , srv58351:1 , srv60329:1 , srv60353:1 , srv63072:1 , srv65059:1 , srv65222:1 }
24/05/17 03:07:49 INFO balancer.TestDefaultLoadBalancer: Mock Cluster : { srv58351:1 , srv69925:5 , srv27058:6 , srv38775:6 , srv49579:6 , srv56954:6 , srv65971:6 , srv67964:6 , srv84343:6 , srv99442:6 } [srvr=10 rgns=54 avg=5.4 max=6 min=5]
24/05/17 03:07:49 DEBUG balancer.DefaultLoadBalancer: Balance parameter: numEntityGroups=54, numServers=10, max=6, min=5
24/05/17 03:07:49 INFO balancer.DefaultLoadBalancer: Done. Calculated a load balance in 0ms. Moving 4 entityGroups off of 0 overloaded servers onto 1 less loaded servers
24/05/17 03:07:49 INFO balancer.TestDefaultLoadBalancer: Mock Balance : { srv58351:5 , srv65971:5 , srv67964:5 , srv69925:5 , srv84343:5 , srv99442:5 , srv27058:6 , srv38775:6 , srv49579:6 , srv56954:6 }
24/05/17 03:07:49 INFO balancer.TestDefaultLoadBalancer: Mock Cluster : { srv27058:0 , srv38775:0 , srv49579:0 , srv56954:0 , srv60329:0 , srv60353:0 , srv63072:0 , srv65059:0 , srv65222:0 , srv58351:54 } [srvr=10 rgns=54 avg=5.4 max=6 min=5]
24/05/17 03:07:49 DEBUG balancer.DefaultLoadBalancer: Balance parameter: numEntityGroups=54, numServers=10, max=6, min=5
24/05/17 03:07:49 INFO balancer.DefaultLoadBalancer: Done. Calculated a load balance in 0ms. Moving 48 entityGroups off of 1 overloaded servers onto 9 less loaded servers
24/05/17 03:07:49 INFO balancer.TestDefaultLoadBalancer: Mock Balance : { srv56954:5 , srv60329:5 , srv60353:5 , srv63072:5 , srv65059:5 , srv65222:5 , srv27058:6 , srv38775:6 , srv49579:6 , srv58351:6 }
24/05/17 03:07:49 INFO balancer.TestDefaultLoadBalancer: Mock Cluster : { srv27058:0 , srv38775:0 , srv49579:0 , srv56954:0 , srv65971:0 , srv67964:0 , srv69925:0 , srv84343:0 , srv99442:0 , srv58351:55 } [srvr=10 rgns=55 avg=5.5 max=6 min=5]
24/05/17 03:07:49 DEBUG balancer.DefaultLoadBalancer: Balance parameter: numEntityGroups=55, numServers=10, max=6, min=5
24/05/17 03:07:49 INFO balancer.DefaultLoadBalancer: Done. Calculated a load balance in 0ms. Moving 49 entityGroups off of 1 overloaded servers onto 9 less loaded servers
24/05/17 03:07:49 INFO balancer.TestDefaultLoadBalancer: Mock Balance : { srv65971:5 , srv67964:5 , srv69925:5 , srv84343:5 , srv99442:5 , srv27058:6 , srv38775:6 , srv49579:6 , srv56954:6 , srv58351:6 }
24/05/17 03:07:49 INFO balancer.TestDefaultLoadBalancer: Mock Cluster : { srv27058:0 , srv38775:0 , srv49579:0 , srv56954:0 , srv60329:0 , srv60353:0 , srv63072:0 , srv65059:0 , srv65222:0 , srv58351:56 } [srvr=10 rgns=56 avg=5.6 max=6 min=5]
24/05/17 03:07:49 DEBUG balancer.DefaultLoadBalancer: Balance parameter: numEntityGroups=56, numServers=10, max=6, min=5
24/05/17 03:07:49 INFO balancer.DefaultLoadBalancer: Done. Calculated a load balance in 1ms. Moving 50 entityGroups off of 1 overloaded servers onto 9 less loaded servers
24/05/17 03:07:49 INFO balancer.TestDefaultLoadBalancer: Mock Balance : { srv60353:5 , srv63072:5 , srv65059:5 , srv65222:5 , srv27058:6 , srv38775:6 , srv49579:6 , srv56954:6 , srv58351:6 , srv60329:6 }
24/05/17 03:07:49 INFO balancer.TestDefaultLoadBalancer: Mock Cluster : { srv27058:0 , srv38775:0 , srv49579:0 , srv56954:0 , srv65971:0 , srv67964:0 , srv69925:0 , srv84343:0 , srv99442:0 , srv58351:16 } [srvr=10 rgns=16 avg=1.6 max=2 min=1]
24/05/17 03:07:49 DEBUG balancer.DefaultLoadBalancer: Balance parameter: numEntityGroups=16, numServers=10, max=2, min=1
24/05/17 03:07:49 INFO balancer.DefaultLoadBalancer: Done. Calculated a load balance in 0ms. Moving 14 entityGroups off of 1 overloaded servers onto 9 less loaded servers
24/05/17 03:07:49 INFO balancer.TestDefaultLoadBalancer: Mock Balance : { srv67964:1 , srv69925:1 , srv84343:1 , srv99442:1 , srv27058:2 , srv38775:2 , srv49579:2 , srv56954:2 , srv58351:2 , srv65971:2 }
24/05/17 03:07:49 INFO balancer.TestDefaultLoadBalancer: Mock Cluster : { srv27058:1 , srv38775:1 , srv49579:1 , srv56954:1 , srv60329:1 , srv60353:1 , srv63072:1 , srv65059:1 , srv65222:1 , srv58351:8 } [srvr=10 rgns=17 avg=1.7 max=2 min=1]
24/05/17 03:07:49 DEBUG balancer.DefaultLoadBalancer: Balance parameter: numEntityGroups=17, numServers=10, max=2, min=1
24/05/17 03:07:49 INFO balancer.DefaultLoadBalancer: Done. Calculated a load balance in 1ms. Moving 6 entityGroups off of 1 overloaded servers onto 0 less loaded servers
24/05/17 03:07:49 INFO balancer.TestDefaultLoadBalancer: Mock Balance : { srv63072:1 , srv65059:1 , srv65222:1 , srv27058:2 , srv38775:2 , srv49579:2 , srv56954:2 , srv58351:2 , srv60329:2 , srv60353:2 }
24/05/17 03:07:49 INFO balancer.TestDefaultLoadBalancer: Mock Cluster : { srv27058:1 , srv38775:1 , srv49579:1 , srv56954:1 , srv65971:1 , srv67964:1 , srv69925:1 , srv84343:1 , srv99442:1 , srv58351:9 } [srvr=10 rgns=18 avg=1.8 max=2 min=1]
24/05/17 03:07:49 DEBUG balancer.DefaultLoadBalancer: Balance parameter: numEntityGroups=18, numServers=10, max=2, min=1
24/05/17 03:07:49 INFO balancer.DefaultLoadBalancer: Done. Calculated a load balance in 0ms. Moving 7 entityGroups off of 1 overloaded servers onto 0 less loaded servers
24/05/17 03:07:49 INFO balancer.TestDefaultLoadBalancer: Mock Balance : { srv84343:1 , srv99442:1 , srv27058:2 , srv38775:2 , srv49579:2 , srv56954:2 , srv58351:2 , srv65971:2 , srv67964:2 , srv69925:2 }
24/05/17 03:07:49 INFO balancer.TestDefaultLoadBalancer: Mock Cluster : { srv27058:1 , srv38775:1 , srv49579:1 , srv56954:1 , srv60329:1 , srv60353:1 , srv63072:1 , srv65059:1 , srv65222:1 , srv58351:10 } [srvr=10 rgns=19 avg=1.9 max=2 min=1]
24/05/17 03:07:49 DEBUG balancer.DefaultLoadBalancer: Balance parameter: numEntityGroups=19, numServers=10, max=2, min=1
24/05/17 03:07:49 INFO balancer.DefaultLoadBalancer: Done. Calculated a load balance in 0ms. Moving 8 entityGroups off of 1 overloaded servers onto 0 less loaded servers
24/05/17 03:07:49 INFO balancer.TestDefaultLoadBalancer: Mock Balance : { srv65222:1 , srv27058:2 , srv38775:2 , srv49579:2 , srv56954:2 , srv58351:2 , srv60329:2 , srv60353:2 , srv63072:2 , srv65059:2 }
24/05/17 03:07:49 INFO balancer.TestDefaultLoadBalancer: Mock Cluster : { srv27058:1 , srv38775:1 , srv49579:1 , srv56954:1 , srv65971:1 , srv67964:1 , srv69925:1 , srv84343:1 , srv99442:1 , srv58351:123 } [srvr=10 rgns=132 avg=13.2 max=14 min=13]
24/05/17 03:07:49 DEBUG balancer.DefaultLoadBalancer: Balance parameter: numEntityGroups=132, numServers=10, max=14, min=13
24/05/17 03:07:49 INFO balancer.DefaultLoadBalancer: Done. Calculated a load balance in 0ms. Moving 109 entityGroups off of 1 overloaded servers onto 9 less loaded servers
24/05/17 03:07:49 INFO balancer.TestDefaultLoadBalancer: Mock Balance : { srv38775:13 , srv49579:13 , srv56954:13 , srv65971:13 , srv67964:13 , srv69925:13 , srv84343:13 , srv99442:13 , srv27058:14 , srv58351:14 }
24/05/17 03:07:49 INFO balancer.TestDefaultLoadBalancer: Mock Cluster : { srv27058:1 , srv38775:1 , srv49579:1 , srv56954:1 , srv60329:1 , srv60353:1 , srv63072:1 , srv65059:1 , srv65222:1 , srv58351:155 } [srvr=10 rgns=164 avg=16.4 max=17 min=16]
24/05/17 03:07:49 DEBUG balancer.DefaultLoadBalancer: Balance parameter: numEntityGroups=164, numServers=10, max=17, min=16
24/05/17 03:07:49 INFO balancer.DefaultLoadBalancer: Done. Calculated a load balance in 1ms. Moving 138 entityGroups off of 1 overloaded servers onto 9 less loaded servers
24/05/17 03:07:49 INFO balancer.TestDefaultLoadBalancer: Mock Balance : { srv56954:16 , srv60329:16 , srv60353:16 , srv63072:16 , srv65059:16 , srv65222:16 , srv27058:17 , srv38775:17 , srv49579:17 , srv58351:17 }
24/05/17 03:07:49 INFO balancer.TestDefaultLoadBalancer: Mock Cluster : { srv65971:0 , srv67964:0 , srv27058:1 , srv38775:1 , srv84343:1 , srv99442:1 , srv60329:12 , srv56954:133 , srv58351:138 , srv69925:144 , srv49579:1123 , srv60353:1444 } [srvr=12 rgns=2998 avg=249.83333 max=250 min=249]
24/05/17 03:07:49 DEBUG balancer.DefaultLoadBalancer: Balance parameter: numEntityGroups=2998, numServers=12, max=250, min=249
24/05/17 03:07:49 INFO balancer.DefaultLoadBalancer: Done. Calculated a load balance in 4ms. Moving 2067 entityGroups off of 2 overloaded servers onto 10 less loaded servers
24/05/17 03:07:49 INFO balancer.TestDefaultLoadBalancer: Mock Balance : { srv58351:249 , srv69925:249 , srv27058:250 , srv38775:250 , srv49579:250 , srv56954:250 , srv60329:250 , srv60353:250 , srv65971:250 , srv67964:250 , srv84343:250 , srv99442:250 }
24/05/17 03:07:49 INFO balancer.TestDefaultLoadBalancer: Mock Cluster : { srv38775:0 , srv63072:0 , srv65059:0 , srv27058:1 , srv56954:1 , srv49579:4 , srv65971:12 , srv60329:133 , srv60353:138 , srv65222:144 , srv58351:1123 , srv67964:1444 } [srvr=12 rgns=3000 avg=250.0 max=250 min=250]
24/05/17 03:07:49 DEBUG balancer.DefaultLoadBalancer: Balance parameter: numEntityGroups=3000, numServers=12, max=250, min=250
24/05/17 03:07:49 INFO balancer.DefaultLoadBalancer: Calculated a load balance in 5ms. Moving 2067 entityGroups off of 2 overloaded servers onto 10 less loaded servers
24/05/17 03:07:49 INFO balancer.TestDefaultLoadBalancer: Mock Balance : { srv27058:250 , srv38775:250 , srv49579:250 , srv56954:250 , srv58351:250 , srv60329:250 , srv60353:250 , srv63072:250 , srv65059:250 , srv65222:250 , srv65971:250 , srv67964:250 }
24/05/17 03:07:49 INFO balancer.TestDefaultLoadBalancer: Mock Cluster : { srv56954:1385 , srv84343:1392 , srv38775:1535 , srv69925:1538 , srv58351:1542 , srv49579:1553 , srv27058:1557 , srv99442:1561 , srv60329:1619 } [srvr=9 rgns=13682 avg=1520.2222 max=1521 min=1520]
24/05/17 03:07:49 DEBUG balancer.DefaultLoadBalancer: Balance parameter: numEntityGroups=13682, numServers=9, max=1521, min=1520
24/05/17 03:07:49 INFO balancer.DefaultLoadBalancer: Done. Calculated a load balance in 1ms. Moving 263 entityGroups off of 7 overloaded servers onto 2 less loaded servers
24/05/17 03:07:49 INFO balancer.TestDefaultLoadBalancer: Mock Balance : { srv27058:1520 , srv49579:1520 , srv56954:1520 , srv58351:1520 , srv60329:1520 , srv84343:1520 , srv99442:1520 , srv38775:1521 , srv69925:1521 }
24/05/17 03:07:49 INFO wasp.WaspTestingUtility: Starting up minicluster with 1 master(s) and 2 fserver(s) 
Starting DataNode 0 with dfs.data.dir: /home/idflakies/alibaba/wasp/target/test-data/82240ce8-2544-4a28-b5f3-69f62bfb6a83/dfscluster_92793246-0ae6-4b59-bae3-430e5a5a2f29/dfs/data/data1,/home/idflakies/alibaba/wasp/target/test-data/82240ce8-2544-4a28-b5f3-69f62bfb6a83/dfscluster_92793246-0ae6-4b59-bae3-430e5a5a2f29/dfs/data/data2
24/05/17 03:07:49 ERROR datanode.DataNode: All directories in dfs.data.dir are invalid.
24/05/17 03:07:49 INFO wasp.WaspTestingUtility: Shutting down mini wasp cluster
24/05/17 03:07:49 INFO wasp.WaspTestingUtility: Minicluster is down
java.lang.NullPointerException
	at org.apache.hadoop.hdfs.MiniDFSCluster.startDataNodes(MiniDFSCluster.java:422)
	at org.apache.hadoop.hdfs.MiniDFSCluster.<init>(MiniDFSCluster.java:280)
	at org.apache.hadoop.hbase.HBaseTestingUtility.startMiniDFSCluster(HBaseTestingUtility.java:451)
	at org.apache.hadoop.hbase.HBaseTestingUtility.startMiniCluster(HBaseTestingUtility.java:619)
	at org.apache.hadoop.hbase.HBaseTestingUtility.startMiniCluster(HBaseTestingUtility.java:575)
	at com.alibaba.wasp.WaspTestingUtility.startMiniCluster(WaspTestingUtility.java:172)
	at com.alibaba.wasp.WaspTestingUtility.startMiniCluster(WaspTestingUtility.java:144)
	at com.alibaba.wasp.master.TestMaster.beforeAllTests(TestMaster.java:60)
	at sun.reflect.NativeMethodAccessorImpl.invoke0(Native Method)
	at sun.reflect.NativeMethodAccessorImpl.invoke(NativeMethodAccessorImpl.java:62)
	at sun.reflect.DelegatingMethodAccessorImpl.invoke(DelegatingMethodAccessorImpl.java:43)
	at java.lang.reflect.Method.invoke(Method.java:498)
	at org.junit.runners.model.FrameworkMethod$1.runReflectiveCall(FrameworkMethod.java:45)
	at org.junit.internal.runners.model.ReflectiveCallable.run(ReflectiveCallable.java:15)
	at org.junit.runners.model.FrameworkMethod.invokeExplosively(FrameworkMethod.java:42)
	at org.junit.internal.runners.statements.RunBefores.evaluate(RunBefores.java:27)
	at org.junit.internal.runners.statements.RunAfters.evaluate(RunAfters.java:30)
	at org.junit.runners.ParentRunner.run(ParentRunner.java:300)
	at org.junit.runners.Suite.runChild(Suite.java:128)
	at org.junit.runners.Suite.runChild(Suite.java:24)
	at org.junit.runners.ParentRunner$3.run(ParentRunner.java:231)
	at org.junit.runners.ParentRunner$1.schedule(ParentRunner.java:60)
	at org.junit.runners.ParentRunner.runChildren(ParentRunner.java:229)
	at org.junit.runners.ParentRunner.access$000(ParentRunner.java:50)
	at org.junit.runners.ParentRunner$2.evaluate(ParentRunner.java:222)
	at org.junit.runners.ParentRunner.run(ParentRunner.java:300)
	at org.junit.runner.JUnitCore.run(JUnitCore.java:157)
	at org.junit.runner.JUnitCore.run(JUnitCore.java:136)
	at edu.illinois.cs.testrunner.execution.JUnitTestExecutor.execute(JUnitTestExecutor.java:246)
	at edu.illinois.cs.testrunner.execution.JUnitTestExecutor.executeWithJUnit4Runner(JUnitTestExecutor.java:315)
	at edu.illinois.cs.testrunner.execution.JUnitTestExecutor.runOrder(JUnitTestExecutor.java:46)
	at edu.illinois.cs.testrunner.execution.Executor$.$anonfun$run$1(Executor.scala:30)
	at scala.runtime.java8.JFunction0$mcV$sp.apply(JFunction0$mcV$sp.java:12)
	at scala.util.Try$.apply(Try.scala:209)
	at edu.illinois.cs.testrunner.execution.Executor$.run(Executor.scala:28)
	at edu.illinois.cs.testrunner.execution.Executor$.main(Executor.scala:18)
	at edu.illinois.cs.testrunner.execution.Executor.main(Executor.scala)
24/05/17 03:07:49 DEBUG ipc.WaspRPC: Using com.alibaba.wasp.ipc.ProtobufRpcEngine for com.alibaba.wasp.ipc.TestProtoBufRpc$TestRpcService
24/05/17 03:07:49 DEBUG ipc.NettyTransceiver: Using Netty bootstrap options: {connectTimeoutMillis=3000, tcpNoDelay=true}
24/05/17 03:07:49 DEBUG ipc.NettyTransceiver: Connecting to /0.0.0.0:42515
24/05/17 03:07:49 DEBUG ipc.NettyTransceiver: [id: 0x61e45f87] OPEN
24/05/17 03:07:49 INFO ipc.NettyTransceiver: Successfully connected to bookie: /0.0.0.0:42515
24/05/17 03:07:49 DEBUG ipc.NettyTransceiver: [id: 0x61e45f87, /172.17.0.2:58862 => /0.0.0.0:42515] BOUND: /172.17.0.2:58862
24/05/17 03:07:49 DEBUG ipc.NettyTransceiver: [id: 0x61e45f87, /172.17.0.2:58862 => /0.0.0.0:42515] CONNECTED: /0.0.0.0:42515
24/05/17 03:07:49 DEBUG ipc.NettyServer: [id: 0x3ebd1a56, /172.17.0.2:58862 => /172.17.0.2:42515] OPEN
24/05/17 03:07:49 DEBUG ipc.NettyServer: [id: 0x3ebd1a56, /172.17.0.2:58862 => /172.17.0.2:42515] BOUND: /172.17.0.2:42515
24/05/17 03:07:49 DEBUG ipc.NettyServer: [id: 0x3ebd1a56, /172.17.0.2:58862 => /172.17.0.2:42515] CONNECTED: /172.17.0.2:58862
24/05/17 03:07:50 INFO server.SessionTrackerImpl: SessionTrackerImpl exited loop!
24/05/17 03:07:50 ERROR ipc.NettyServer: pool-11-thread-8, call methodName: "error"
clientProtocolVersion: 1
request: ""
requestClassName: "com.alibaba.wasp.ipc.protobuf.generated.TestProtos$EmptyRequestProto"
: error: 
java.io.IOException: error
	at com.alibaba.wasp.ipc.TestProtoBufRpc$PBServerImpl.error(TestProtoBufRpc.java:68)
	at sun.reflect.NativeMethodAccessorImpl.invoke0(Native Method)
	at sun.reflect.NativeMethodAccessorImpl.invoke(NativeMethodAccessorImpl.java:62)
	at sun.reflect.DelegatingMethodAccessorImpl.invoke(DelegatingMethodAccessorImpl.java:43)
	at java.lang.reflect.Method.invoke(Method.java:498)
	at com.alibaba.wasp.ipc.ProtobufRpcEngine$Server.call(ProtobufRpcEngine.java:270)
	at com.alibaba.wasp.ipc.NettyServer$NettyServerWaspHandler.messageReceived(NettyServer.java:234)
	at org.jboss.netty.channel.SimpleChannelUpstreamHandler.handleUpstream(SimpleChannelUpstreamHandler.java:75)
	at com.alibaba.wasp.ipc.NettyServer$NettyServerWaspHandler.handleUpstream(NettyServer.java:171)
	at org.jboss.netty.channel.DefaultChannelPipeline.sendUpstream(DefaultChannelPipeline.java:563)
	at org.jboss.netty.channel.DefaultChannelPipeline$DefaultChannelHandlerContext.sendUpstream(DefaultChannelPipeline.java:791)
	at org.jboss.netty.handler.execution.ChannelUpstreamEventRunnable.doRun(ChannelUpstreamEventRunnable.java:45)
	at org.jboss.netty.handler.execution.ChannelEventRunnable.run(ChannelEventRunnable.java:64)
	at java.util.concurrent.ThreadPoolExecutor.runWorker(ThreadPoolExecutor.java:1149)
	at java.util.concurrent.ThreadPoolExecutor$Worker.run(ThreadPoolExecutor.java:624)
	at java.lang.Thread.run(Thread.java:748)
24/05/17 03:07:50 INFO ipc.NettyServer: Stopping server on 0
24/05/17 03:07:50 DEBUG ipc.NettyTransceiver: [id: 0x61e45f87, /172.17.0.2:58862 :> /0.0.0.0:42515] DISCONNECTED
24/05/17 03:07:50 DEBUG ipc.NettyTransceiver: [id: 0x61e45f87, /172.17.0.2:58862 :> /0.0.0.0:42515] UNBOUND
24/05/17 03:07:50 DEBUG ipc.NettyTransceiver: [id: 0x61e45f87, /172.17.0.2:58862 :> /0.0.0.0:42515] CLOSED
24/05/17 03:07:50 DEBUG ipc.NettyTransceiver: Remote peer /0.0.0.0:42515 closed connection.
24/05/17 03:07:50 DEBUG ipc.NettyTransceiver: Disconnecting from /0.0.0.0:42515
24/05/17 03:07:50 DEBUG ipc.NettyServer: [id: 0x3ebd1a56, /172.17.0.2:58862 :> /172.17.0.2:42515] DISCONNECTED
24/05/17 03:07:50 DEBUG ipc.NettyServer: [id: 0x3ebd1a56, /172.17.0.2:58862 :> /172.17.0.2:42515] UNBOUND
24/05/17 03:07:50 DEBUG ipc.NettyServer: [id: 0x3ebd1a56, /172.17.0.2:58862 :> /172.17.0.2:42515] CLOSED
24/05/17 03:07:50 INFO wasp.WaspTestingUtility: Starting up minicluster with 1 master(s) and 1 fserver(s) 
Starting DataNode 0 with dfs.data.dir: /home/idflakies/alibaba/wasp/target/test-data/11b91816-8593-426c-bfd8-9931184b4833/dfscluster_438d7a6f-011c-46a1-b3e9-de312691fe1a/dfs/data/data1,/home/idflakies/alibaba/wasp/target/test-data/11b91816-8593-426c-bfd8-9931184b4833/dfscluster_438d7a6f-011c-46a1-b3e9-de312691fe1a/dfs/data/data2
24/05/17 03:07:50 ERROR datanode.DataNode: All directories in dfs.data.dir are invalid.
24/05/17 03:07:50 INFO wasp.WaspTestingUtility: Shutting down mini wasp cluster
24/05/17 03:07:50 INFO wasp.WaspTestingUtility: Minicluster is down
java.lang.NullPointerException
	at org.apache.hadoop.hdfs.MiniDFSCluster.startDataNodes(MiniDFSCluster.java:422)
	at org.apache.hadoop.hdfs.MiniDFSCluster.<init>(MiniDFSCluster.java:280)
	at org.apache.hadoop.hbase.HBaseTestingUtility.startMiniDFSCluster(HBaseTestingUtility.java:451)
	at org.apache.hadoop.hbase.HBaseTestingUtility.startMiniCluster(HBaseTestingUtility.java:619)
	at org.apache.hadoop.hbase.HBaseTestingUtility.startMiniCluster(HBaseTestingUtility.java:575)
	at com.alibaba.wasp.WaspTestingUtility.startMiniCluster(WaspTestingUtility.java:172)
	at com.alibaba.wasp.WaspTestingUtility.startMiniCluster(WaspTestingUtility.java:144)
	at com.alibaba.wasp.plan.execute.TestExecutionEngine.before(TestExecutionEngine.java:89)
	at sun.reflect.NativeMethodAccessorImpl.invoke0(Native Method)
	at sun.reflect.NativeMethodAccessorImpl.invoke(NativeMethodAccessorImpl.java:62)
	at sun.reflect.DelegatingMethodAccessorImpl.invoke(DelegatingMethodAccessorImpl.java:43)
	at java.lang.reflect.Method.invoke(Method.java:498)
	at org.junit.runners.model.FrameworkMethod$1.runReflectiveCall(FrameworkMethod.java:45)
	at org.junit.internal.runners.model.ReflectiveCallable.run(ReflectiveCallable.java:15)
	at org.junit.runners.model.FrameworkMethod.invokeExplosively(FrameworkMethod.java:42)
	at org.junit.internal.runners.statements.RunBefores.evaluate(RunBefores.java:27)
	at org.junit.internal.runners.statements.RunAfters.evaluate(RunAfters.java:30)
	at org.junit.runners.ParentRunner.run(ParentRunner.java:300)
	at org.junit.runners.Suite.runChild(Suite.java:128)
	at org.junit.runners.Suite.runChild(Suite.java:24)
	at org.junit.runners.ParentRunner$3.run(ParentRunner.java:231)
	at org.junit.runners.ParentRunner$1.schedule(ParentRunner.java:60)
	at org.junit.runners.ParentRunner.runChildren(ParentRunner.java:229)
	at org.junit.runners.ParentRunner.access$000(ParentRunner.java:50)
	at org.junit.runners.ParentRunner$2.evaluate(ParentRunner.java:222)
	at org.junit.runners.ParentRunner.run(ParentRunner.java:300)
	at org.junit.runner.JUnitCore.run(JUnitCore.java:157)
	at org.junit.runner.JUnitCore.run(JUnitCore.java:136)
	at edu.illinois.cs.testrunner.execution.JUnitTestExecutor.execute(JUnitTestExecutor.java:246)
	at edu.illinois.cs.testrunner.execution.JUnitTestExecutor.executeWithJUnit4Runner(JUnitTestExecutor.java:315)
	at edu.illinois.cs.testrunner.execution.JUnitTestExecutor.runOrder(JUnitTestExecutor.java:46)
	at edu.illinois.cs.testrunner.execution.Executor$.$anonfun$run$1(Executor.scala:30)
	at scala.runtime.java8.JFunction0$mcV$sp.apply(JFunction0$mcV$sp.java:12)
	at scala.util.Try$.apply(Try.scala:209)
	at edu.illinois.cs.testrunner.execution.Executor$.run(Executor.scala:28)
	at edu.illinois.cs.testrunner.execution.Executor$.main(Executor.scala:18)
	at edu.illinois.cs.testrunner.execution.Executor.main(Executor.scala)
24/05/17 03:07:50 INFO wasp.WaspTestingUtility: Starting up minicluster with 3 master(s) and 3 fserver(s) 
Starting DataNode 0 with dfs.data.dir: /home/idflakies/alibaba/wasp/target/test-data/c9a936d3-a28c-465d-b67c-2ed161faee59/dfscluster_fb866003-f710-44c9-ad91-3a9e10c12e8c/dfs/data/data1,/home/idflakies/alibaba/wasp/target/test-data/c9a936d3-a28c-465d-b67c-2ed161faee59/dfscluster_fb866003-f710-44c9-ad91-3a9e10c12e8c/dfs/data/data2
24/05/17 03:07:50 ERROR datanode.DataNode: All directories in dfs.data.dir are invalid.
java.lang.NullPointerException
	at org.apache.hadoop.hdfs.MiniDFSCluster.startDataNodes(MiniDFSCluster.java:422)
	at org.apache.hadoop.hdfs.MiniDFSCluster.<init>(MiniDFSCluster.java:280)
	at org.apache.hadoop.hbase.HBaseTestingUtility.startMiniDFSCluster(HBaseTestingUtility.java:451)
	at org.apache.hadoop.hbase.HBaseTestingUtility.startMiniCluster(HBaseTestingUtility.java:619)
	at org.apache.hadoop.hbase.HBaseTestingUtility.startMiniCluster(HBaseTestingUtility.java:575)
	at com.alibaba.wasp.WaspTestingUtility.startMiniCluster(WaspTestingUtility.java:172)
	at com.alibaba.wasp.master.TestMasterShutdown.testMasterShutdown(TestMasterShutdown.java:57)
	at sun.reflect.NativeMethodAccessorImpl.invoke0(Native Method)
	at sun.reflect.NativeMethodAccessorImpl.invoke(NativeMethodAccessorImpl.java:62)
	at sun.reflect.DelegatingMethodAccessorImpl.invoke(DelegatingMethodAccessorImpl.java:43)
	at java.lang.reflect.Method.invoke(Method.java:498)
	at org.junit.runners.model.FrameworkMethod$1.runReflectiveCall(FrameworkMethod.java:45)
	at org.junit.internal.runners.model.ReflectiveCallable.run(ReflectiveCallable.java:15)
	at org.junit.runners.model.FrameworkMethod.invokeExplosively(FrameworkMethod.java:42)
	at org.junit.internal.runners.statements.InvokeMethod.evaluate(InvokeMethod.java:20)
	at org.junit.internal.runners.statements.FailOnTimeout$StatementThread.run(FailOnTimeout.java:62)
24/05/17 03:07:50 DEBUG druid.DruidParser: Parsing SQL CREATE TABLE User { Required Int64 user_id; Required String name; Optional DOUBLE value; }  primary key(user_id),  entity group root, entity group key(user_id);
24/05/17 03:07:50 DEBUG druid.DruidDDLParser: CreateTablePlan CreateTablePlan [table=CREATE TABLE User { 
  REQUIRED INT64 user_id COLUMNFAMILY d;
  REQUIRED STRING name COLUMNFAMILY d;
  OPTIONAL DOUBLE value COLUMNFAMILY d;
} 
PRIMARY KEY(user_id),
ENTITY GROUP ROOT,
ENTITY GROUP KEY(user_id);
, splitKeys=null]
24/05/17 03:07:50 DEBUG druid.DruidParser: Parsing SQL CREATE TABLE Photo { Required Int64 user_id columnfamily cf comment 'aaa';  Required Int32 photo_id comment 'child primary key';  Optional Int64 time; Optional String full_url;  Optional String thumbnail_url; Optional string tag; Optional DATETIME date; Optional Int32 int32Type; }  primary key(user_id,photo_id),  in table User,  Entity Group Key(user_id) references User; 
24/05/17 03:07:50 DEBUG druid.DruidDDLParser: CreateTablePlan CreateTablePlan [table=CREATE TABLE Photo { 
  REQUIRED INT64 user_id COLUMNFAMILY cf;
  REQUIRED INT32 photo_id COLUMNFAMILY d;
  OPTIONAL INT64 time COLUMNFAMILY d;
  OPTIONAL STRING full_url COLUMNFAMILY d;
  OPTIONAL STRING thumbnail_url COLUMNFAMILY d;
  OPTIONAL STRING tag COLUMNFAMILY d;
  OPTIONAL DATETIME date COLUMNFAMILY d;
  OPTIONAL INT32 int32Type COLUMNFAMILY d;
} 
PRIMARY KEY(user_id, photo_id, ),
 IN TABLE User,
 ENTITY GROUP KEY(user_id) REFERENCES User;
, splitKeys=null]
24/05/17 03:07:50 DEBUG druid.DruidParser: Parsing SQL Insert into User(user_id,name) values(1,'binlijin');
24/05/17 03:07:50 DEBUG druid.DruidDMLParser: INSERT SQL TableSource User
24/05/17 03:07:50 DEBUG druid.DruidDMLParser: From table User
24/05/17 03:07:50 DEBUG druid.DruidDMLParser:  SQLInsertItem user_id
24/05/17 03:07:50 DEBUG druid.DruidDMLParser:  SQLInsertItem name
24/05/17 03:07:50 DEBUG druid.DruidDMLParser: INSERT SQL Insert columns [user_id, name]
24/05/17 03:07:50 DEBUG druid.DruidDMLParser: INSERT SQL Insert Values List [ VALUES (1, 'binlijin')]
24/05/17 03:07:50 DEBUG druid.DruidDMLParser: InsertPlan InsertPlan [actions=[InsertAction [tableName=User, primayKey=[0, 0, 0, 0, 0, 0, 0, 1], columns=[ColumnAction [tableName=User, familyName=d, columnName=user_id, value=[0, 0, 0, 0, 0, 0, 0, 1], isIndex=false], ColumnAction [tableName=User, familyName=d, columnName=name, value=[98, 105, 110, 108, 105, 106, 105, 110], isIndex=false]]]]]
24/05/17 03:07:50 DEBUG druid.DruidParser: Parsing SQL Insert into Photo(user_id,photo_id,tag) values(1,1,'tag');
24/05/17 03:07:50 DEBUG druid.DruidDMLParser: INSERT SQL TableSource Photo
24/05/17 03:07:50 DEBUG druid.DruidDMLParser: From table Photo
24/05/17 03:07:50 DEBUG druid.DruidDMLParser:  SQLInsertItem user_id
24/05/17 03:07:50 DEBUG druid.DruidDMLParser:  SQLInsertItem photo_id
24/05/17 03:07:50 DEBUG druid.DruidDMLParser:  SQLInsertItem tag
24/05/17 03:07:50 DEBUG druid.DruidDMLParser: INSERT SQL Insert columns [user_id, photo_id, tag]
24/05/17 03:07:50 DEBUG druid.DruidDMLParser: INSERT SQL Insert Values List [ VALUES (1, 1, 'tag')]
24/05/17 03:07:50 DEBUG druid.DruidDMLParser: InsertPlan InsertPlan [actions=[InsertAction [tableName=Photo, primayKey=[0, 0, 0, 0, 0, 0, 0, 1, 0, 0, 0, 0, 1], columns=[ColumnAction [tableName=Photo, familyName=cf, columnName=user_id, value=[0, 0, 0, 0, 0, 0, 0, 1], isIndex=false], ColumnAction [tableName=Photo, familyName=d, columnName=photo_id, value=[0, 0, 0, 1], isIndex=false], ColumnAction [tableName=Photo, familyName=d, columnName=tag, value=[116, 97, 103], isIndex=false]]]]]
24/05/17 03:07:50 INFO server.ZooKeeperServer: Created server with tickTime 2000 minSessionTimeout 4000 maxSessionTimeout 40000 datadir /home/idflakies/alibaba/wasp/target/test-data/77c36005-4f41-4d55-8f11-f053a79c3cb5/dfscluster_72dea9f3-ca4b-44db-82a0-1bf1c7ecf489/zookeeper_0/version-2 snapdir /home/idflakies/alibaba/wasp/target/test-data/77c36005-4f41-4d55-8f11-f053a79c3cb5/dfscluster_72dea9f3-ca4b-44db-82a0-1bf1c7ecf489/zookeeper_0/version-2
24/05/17 03:07:50 INFO server.NIOServerCnxnFactory: binding to port 0.0.0.0/0.0.0.0:55366
24/05/17 03:07:50 INFO persistence.FileTxnSnapLog: Snapshotting: 0x0 to /home/idflakies/alibaba/wasp/target/test-data/77c36005-4f41-4d55-8f11-f053a79c3cb5/dfscluster_72dea9f3-ca4b-44db-82a0-1bf1c7ecf489/zookeeper_0/version-2/snapshot.0
24/05/17 03:07:50 INFO server.NIOServerCnxnFactory: Accepted socket connection from /127.0.0.1:50102
24/05/17 03:07:50 INFO server.NIOServerCnxn: Processing stat command from /127.0.0.1:50102
24/05/17 03:07:50 INFO server.NIOServerCnxn: Stat command output
24/05/17 03:07:50 INFO server.NIOServerCnxn: Closed socket connection for client /127.0.0.1:50102 (no session established for client)
24/05/17 03:07:50 DEBUG zookeeper.ZKUtil: MockServer,123,-1 opening connection to ZooKeeper with ensemble (localhost:55366)
24/05/17 03:07:50 INFO zookeeper.ZooKeeper: Initiating client connection, connectString=localhost:55366 sessionTimeout=180000 watcher=MockServer,123,-1
24/05/17 03:07:50 INFO zookeeper.RecoverableZooKeeper: The identifier of this process is 9540@a9f87c527aeb
24/05/17 03:07:50 INFO server.NIOServerCnxnFactory: Accepted socket connection from /127.0.0.1:50112
24/05/17 03:07:50 DEBUG server.ZooKeeperServer: Session establishment request from client /127.0.0.1:50112 client's lastZxid is 0x0
24/05/17 03:07:50 INFO server.ZooKeeperServer: Client attempting to establish new session at /127.0.0.1:50112
24/05/17 03:07:50 INFO persistence.FileTxnLog: Creating new log file: log.1
24/05/17 03:07:50 INFO server.ZooKeeperServer: Established session 0xff8f84852b100000 with negotiated timeout 40000 for client /127.0.0.1:50112
24/05/17 03:07:50 DEBUG zookeeper.ZooKeeperWatcher: MockServer,123,-1 Received ZooKeeper Event, type=None, state=SyncConnected, path=null
24/05/17 03:07:50 DEBUG zookeeper.ZooKeeperWatcher: MockServer,123,-1-0xff8f84852b100000 connected
24/05/17 03:07:50 DEBUG zookeeper.ZKAssign: MockServer,123,-1-0xff8f84852b100000 Creating unassigned node for d98ef3461b80e2b5b5d00c39ce9646b1 in OFFLINE state
24/05/17 03:07:50 DEBUG zookeeper.ZKAssign: MockServer,123,-1-0xff8f84852b100000 Attempting to transition node d98ef3461b80e2b5b5d00c39ce9646b1 from M_ZK_ENTITYGROUP_OFFLINE to FSERVER_ZK_ENTITYGROUP_OPENING
24/05/17 03:07:50 DEBUG zookeeper.ZKUtil: MockServer,123,-1-0xff8f84852b100000 Retrieved 118 byte(s) of data from znode /wasp/unassigned/d98ef3461b80e2b5b5d00c39ce9646b1; data=entityGroup=TestCloseEntityGroupHandler,\x00\x00\x00\x00,1715915270933.d98ef3461b80e2b5b5d00c39ce9646b1., state=M_ZK_ENTITYGROUP_OFFLINE, servername=MockServer,123,-1, createTime=1715915270965, payload.length=0
24/05/17 03:07:50 DEBUG zookeeper.ZooKeeperWatcher: MockServer,123,-1-0xff8f84852b100000 Received ZooKeeper Event, type=NodeDataChanged, state=SyncConnected, path=/wasp/unassigned/d98ef3461b80e2b5b5d00c39ce9646b1
24/05/17 03:07:50 DEBUG zookeeper.ZKAssign: MockServer,123,-1-0xff8f84852b100000 Successfully transitioned node d98ef3461b80e2b5b5d00c39ce9646b1 from M_ZK_ENTITYGROUP_OFFLINE to FSERVER_ZK_ENTITYGROUP_OPENING
24/05/17 03:07:50 INFO fserver.EntityGroup: EntityGroup.openEntityGroup EntityGroup name ==TestCloseEntityGroupHandler,\x00\x00\x00\x00,1715915270933.d98ef3461b80e2b5b5d00c39ce9646b1.
24/05/17 03:07:50 DEBUG fserver.EntityGroup: Opening EntityGroup: {NAME => 'TestCloseEntityGroupHandler,\x00\x00\x00\x00,1715915270933.d98ef3461b80e2b5b5d00c39ce9646b1.', STARTKEY => '\x00\x00\x00\x00', ENDKEY => '\x00\x00\x00\x01', ENCODED => d98ef3461b80e2b5b5d00c39ce9646b1,}
24/05/17 03:07:50 DEBUG fserver.MetricsEntityGroupSourceImpl: Creating new MetricsEntityGroupSourceImpl for table TestCloseEntityGroupHandler d98ef3461b80e2b5b5d00c39ce9646b1
24/05/17 03:07:50 DEBUG fserver.EntityGroup: Instantiated TestCloseEntityGroupHandler,\x00\x00\x00\x00,1715915270933.d98ef3461b80e2b5b5d00c39ce9646b1.
24/05/17 03:07:50 DEBUG zookeeper.ZKAssign: MockServer,123,-1-0xff8f84852b100000 Attempting to transition node d98ef3461b80e2b5b5d00c39ce9646b1 from FSERVER_ZK_ENTITYGROUP_OPENING to FSERVER_ZK_ENTITYGROUP_OPENING
24/05/17 03:07:50 ERROR server.NIOServerCnxnFactory: Thread Thread[Thread-253,5,main] died
java.lang.NullPointerException
	at com.alibaba.wasp.fserver.EntityGroup.run(EntityGroup.java:1264)
	at java.lang.Thread.run(Thread.java:748)
24/05/17 03:07:50 DEBUG zookeeper.ZKUtil: MockServer,123,-1-0xff8f84852b100000 Retrieved 118 byte(s) of data from znode /wasp/unassigned/d98ef3461b80e2b5b5d00c39ce9646b1; data=entityGroup=TestCloseEntityGroupHandler,\x00\x00\x00\x00,1715915270933.d98ef3461b80e2b5b5d00c39ce9646b1., state=FSERVER_ZK_ENTITYGROUP_OPENING, servername=MockServer,123,-1, createTime=1715915270975, payload.length=0
24/05/17 03:07:50 DEBUG zookeeper.ZKAssign: MockServer,123,-1-0xff8f84852b100000 Successfully transitioned node d98ef3461b80e2b5b5d00c39ce9646b1 from FSERVER_ZK_ENTITYGROUP_OPENING to FSERVER_ZK_ENTITYGROUP_OPENING
24/05/17 03:07:50 DEBUG zookeeper.ZKAssign: MockServer,123,-1-0xff8f84852b100000 Attempting to transition node d98ef3461b80e2b5b5d00c39ce9646b1 from FSERVER_ZK_ENTITYGROUP_OPENING to FSERVER_ZK_ENTITYGROUP_OPENED
24/05/17 03:07:50 DEBUG zookeeper.ZKUtil: MockServer,123,-1-0xff8f84852b100000 Retrieved 118 byte(s) of data from znode /wasp/unassigned/d98ef3461b80e2b5b5d00c39ce9646b1; data=entityGroup=TestCloseEntityGroupHandler,\x00\x00\x00\x00,1715915270933.d98ef3461b80e2b5b5d00c39ce9646b1., state=FSERVER_ZK_ENTITYGROUP_OPENING, servername=MockServer,123,-1, createTime=1715915270985, payload.length=0
24/05/17 03:07:50 DEBUG zookeeper.ZKAssign: MockServer,123,-1-0xff8f84852b100000 Successfully transitioned node d98ef3461b80e2b5b5d00c39ce9646b1 from FSERVER_ZK_ENTITYGROUP_OPENING to FSERVER_ZK_ENTITYGROUP_OPENED
24/05/17 03:07:50 DEBUG handler.OpenEntityGroupHandler: entityGroup transitioned to opened in zookeeper: {NAME => 'TestCloseEntityGroupHandler,\x00\x00\x00\x00,1715915270933.d98ef3461b80e2b5b5d00c39ce9646b1.', STARTKEY => '\x00\x00\x00\x00', ENDKEY => '\x00\x00\x00\x01', ENCODED => d98ef3461b80e2b5b5d00c39ce9646b1,}, server: MockServer,123,-1
24/05/17 03:07:50 DEBUG handler.OpenEntityGroupHandler: Opened TestCloseEntityGroupHandler,\x00\x00\x00\x00,1715915270933.d98ef3461b80e2b5b5d00c39ce9646b1. on server:MockServer,123,-1
24/05/17 03:07:50 DEBUG zookeeper.ZKUtil: MockServer,123,-1-0xff8f84852b100000 Retrieved 118 byte(s) of data from znode /wasp/unassigned/d98ef3461b80e2b5b5d00c39ce9646b1 and set watcher; entityGroup=TestCloseEntityGroupHandler,\x00\x00\x00\x00,1715915270933.d98ef3461b80e2b5b5d00c39ce9646b1., state=FSERVER_ZK_ENTITYGROUP_OPENED, servername=MockServer,123,-1, createTime=1715915270994, payload.length=0
24/05/17 03:07:50 DEBUG zookeeper.ZKAssign: MockServer,123,-1-0xff8f84852b100000 Deleting existing unassigned node for d98ef3461b80e2b5b5d00c39ce9646b1 that is in expected state FSERVER_ZK_ENTITYGROUP_OPENED
24/05/17 03:07:50 DEBUG zookeeper.ZKUtil: MockServer,123,-1-0xff8f84852b100000 Retrieved 118 byte(s) of data from znode /wasp/unassigned/d98ef3461b80e2b5b5d00c39ce9646b1; data=entityGroup=TestCloseEntityGroupHandler,\x00\x00\x00\x00,1715915270933.d98ef3461b80e2b5b5d00c39ce9646b1., state=FSERVER_ZK_ENTITYGROUP_OPENED, servername=MockServer,123,-1, createTime=1715915270994, payload.length=0
24/05/17 03:07:51 DEBUG zookeeper.ZooKeeperWatcher: MockServer,123,-1-0xff8f84852b100000 Received ZooKeeper Event, type=NodeDeleted, state=SyncConnected, path=/wasp/unassigned/d98ef3461b80e2b5b5d00c39ce9646b1
24/05/17 03:07:51 DEBUG zookeeper.ZKAssign: MockServer,123,-1-0xff8f84852b100000 Successfully deleted unassigned node for entityGroup d98ef3461b80e2b5b5d00c39ce9646b1 in expected state FSERVER_ZK_ENTITYGROUP_OPENED
24/05/17 03:07:51 DEBUG zookeeper.ZKAssign: MockServer,123,-1-0xff8f84852b100000 Creating unassigned node for d98ef3461b80e2b5b5d00c39ce9646b1 in a CLOSING state
24/05/17 03:07:51 DEBUG handler.CloseEntityGroupHandler: Processing close of TestCloseEntityGroupHandler,\x00\x00\x00\x00,1715915270933.d98ef3461b80e2b5b5d00c39ce9646b1.
24/05/17 03:07:51 DEBUG fserver.EntityGroup: Closing TestCloseEntityGroupHandler,\x00\x00\x00\x00,1715915270933.d98ef3461b80e2b5b5d00c39ce9646b1.
24/05/17 03:07:51 DEBUG fserver.EntityGroup: Updates disabled for entityGroup TestCloseEntityGroupHandler,\x00\x00\x00\x00,1715915270933.d98ef3461b80e2b5b5d00c39ce9646b1.
24/05/17 03:07:51 INFO fserver.EntityGroup: Running commit transaction of TestCloseEntityGroupHandler,\x00\x00\x00\x00,1715915270933.d98ef3461b80e2b5b5d00c39ce9646b1. before close
24/05/17 03:07:51 INFO fserver.EntityGroup: Closed TestCloseEntityGroupHandler,\x00\x00\x00\x00,1715915270933.d98ef3461b80e2b5b5d00c39ce9646b1.
24/05/17 03:07:51 DEBUG zookeeper.ZKAssign: MockServer,123,-1-0xff8f84852b100000 Attempting to transition node d98ef3461b80e2b5b5d00c39ce9646b1 from M_ZK_ENTITYGROUP_CLOSING to FSERVER_ZK_ENTITYGROUP_CLOSED
24/05/17 03:07:51 DEBUG zookeeper.ZKUtil: MockServer,123,-1-0xff8f84852b100000 Retrieved 120 byte(s) of data from znode /wasp/unassigned/d98ef3461b80e2b5b5d00c39ce9646b1; data=entityGroup=TestCloseEntityGroupHandler,\x00\x00\x00\x00,1715915270933.d98ef3461b80e2b5b5d00c39ce9646b1., state=M_ZK_ENTITYGROUP_CLOSING, servername=MockServer,123,-1, createTime=1715915271001, payload.length=0
24/05/17 03:07:51 WARN zookeeper.ZKAssign: MockServer,123,-1-0xff8f84852b100000 Attempt to transition the unassigned node for d98ef3461b80e2b5b5d00c39ce9646b1 from M_ZK_ENTITYGROUP_CLOSING to FSERVER_ZK_ENTITYGROUP_CLOSED failed, the node existed but was version 0 not the expected version 1
24/05/17 03:07:51 WARN handler.CloseEntityGroupHandler: Completed the CLOSE of a entityGroup but when transitioning from  CLOSING to CLOSED got a version mismatch, someone else clashed so now unassigning
24/05/17 03:07:51 WARN fserver.EntityGroup: EntityGroup TestCloseEntityGroupHandler,\x00\x00\x00\x00,1715915270933.d98ef3461b80e2b5b5d00c39ce9646b1. already closed
24/05/17 03:07:51 DEBUG handler.CloseEntityGroupHandler: set entityGroup closed state in zk unsuccessfully for entityGroup TestCloseEntityGroupHandler,\x00\x00\x00\x00,1715915270933.d98ef3461b80e2b5b5d00c39ce9646b1. sn name: MockServer,123,-1
24/05/17 03:07:51 DEBUG handler.CloseEntityGroupHandler: Closed entityGroup TestCloseEntityGroupHandler,\x00\x00\x00\x00,1715915270933.d98ef3461b80e2b5b5d00c39ce9646b1.
24/05/17 03:07:51 DEBUG zookeeper.ZKUtil: MockServer,123,-1-0xff8f84852b100000 Retrieved 120 byte(s) of data from znode /wasp/unassigned/d98ef3461b80e2b5b5d00c39ce9646b1 and set watcher; entityGroup=TestCloseEntityGroupHandler,\x00\x00\x00\x00,1715915270933.d98ef3461b80e2b5b5d00c39ce9646b1., state=M_ZK_ENTITYGROUP_CLOSING, servername=MockServer,123,-1, createTime=1715915271001, payload.length=0
24/05/17 03:07:51 DEBUG zookeeper.ZKUtil: MockServer,123,-1 opening connection to ZooKeeper with ensemble (localhost:55366)
24/05/17 03:07:51 INFO zookeeper.ZooKeeper: Initiating client connection, connectString=localhost:55366 sessionTimeout=180000 watcher=MockServer,123,-1
24/05/17 03:07:51 INFO zookeeper.RecoverableZooKeeper: The identifier of this process is 9540@a9f87c527aeb
24/05/17 03:07:51 INFO server.NIOServerCnxnFactory: Accepted socket connection from /127.0.0.1:50122
24/05/17 03:07:51 DEBUG server.ZooKeeperServer: Session establishment request from client /127.0.0.1:50122 client's lastZxid is 0x0
24/05/17 03:07:51 INFO server.ZooKeeperServer: Client attempting to establish new session at /127.0.0.1:50122
24/05/17 03:07:51 INFO server.ZooKeeperServer: Established session 0xff8f84852b100001 with negotiated timeout 40000 for client /127.0.0.1:50122
24/05/17 03:07:51 DEBUG zookeeper.ZooKeeperWatcher: MockServer,123,-1 Received ZooKeeper Event, type=None, state=SyncConnected, path=null
24/05/17 03:07:51 DEBUG zookeeper.ZooKeeperWatcher: MockServer,123,-1-0xff8f84852b100001 connected
24/05/17 03:07:51 DEBUG zookeeper.ZKAssign: MockServer,123,-1-0xff8f84852b100001 Creating unassigned node for 127024b79cf54ae57be9b928e49a309b in OFFLINE state
24/05/17 03:07:51 DEBUG zookeeper.ZKAssign: MockServer,123,-1-0xff8f84852b100001 Attempting to transition node 127024b79cf54ae57be9b928e49a309b from M_ZK_ENTITYGROUP_OFFLINE to FSERVER_ZK_ENTITYGROUP_OPENING
24/05/17 03:07:51 DEBUG zookeeper.ZKUtil: MockServer,123,-1-0xff8f84852b100001 Retrieved 118 byte(s) of data from znode /wasp/unassigned/127024b79cf54ae57be9b928e49a309b; data=entityGroup=TestCloseEntityGroupHandler,\x00\x00\x00\x00,1715915271008.127024b79cf54ae57be9b928e49a309b., state=M_ZK_ENTITYGROUP_OFFLINE, servername=MockServer,123,-1, createTime=1715915271017, payload.length=0
24/05/17 03:07:51 DEBUG zookeeper.ZooKeeperWatcher: MockServer,123,-1-0xff8f84852b100001 Received ZooKeeper Event, type=NodeDataChanged, state=SyncConnected, path=/wasp/unassigned/127024b79cf54ae57be9b928e49a309b
24/05/17 03:07:51 DEBUG zookeeper.ZKAssign: MockServer,123,-1-0xff8f84852b100001 Successfully transitioned node 127024b79cf54ae57be9b928e49a309b from M_ZK_ENTITYGROUP_OFFLINE to FSERVER_ZK_ENTITYGROUP_OPENING
24/05/17 03:07:51 INFO fserver.EntityGroup: EntityGroup.openEntityGroup EntityGroup name ==TestCloseEntityGroupHandler,\x00\x00\x00\x00,1715915271008.127024b79cf54ae57be9b928e49a309b.
24/05/17 03:07:51 DEBUG fserver.EntityGroup: Opening EntityGroup: {NAME => 'TestCloseEntityGroupHandler,\x00\x00\x00\x00,1715915271008.127024b79cf54ae57be9b928e49a309b.', STARTKEY => '\x00\x00\x00\x00', ENDKEY => '\x00\x00\x00\x01', ENCODED => 127024b79cf54ae57be9b928e49a309b,}
24/05/17 03:07:51 DEBUG fserver.MetricsEntityGroupSourceImpl: Creating new MetricsEntityGroupSourceImpl for table TestCloseEntityGroupHandler 127024b79cf54ae57be9b928e49a309b
24/05/17 03:07:51 DEBUG fserver.EntityGroup: Instantiated TestCloseEntityGroupHandler,\x00\x00\x00\x00,1715915271008.127024b79cf54ae57be9b928e49a309b.
24/05/17 03:07:51 DEBUG zookeeper.ZKAssign: MockServer,123,-1-0xff8f84852b100001 Attempting to transition node 127024b79cf54ae57be9b928e49a309b from FSERVER_ZK_ENTITYGROUP_OPENING to FSERVER_ZK_ENTITYGROUP_OPENING
24/05/17 03:07:51 ERROR server.NIOServerCnxnFactory: Thread Thread[Thread-256,5,main] died
java.lang.NullPointerException
	at com.alibaba.wasp.fserver.EntityGroup.run(EntityGroup.java:1264)
	at java.lang.Thread.run(Thread.java:748)
24/05/17 03:07:51 DEBUG zookeeper.ZKUtil: MockServer,123,-1-0xff8f84852b100001 Retrieved 118 byte(s) of data from znode /wasp/unassigned/127024b79cf54ae57be9b928e49a309b; data=entityGroup=TestCloseEntityGroupHandler,\x00\x00\x00\x00,1715915271008.127024b79cf54ae57be9b928e49a309b., state=FSERVER_ZK_ENTITYGROUP_OPENING, servername=MockServer,123,-1, createTime=1715915271022, payload.length=0
24/05/17 03:07:51 DEBUG zookeeper.ZKAssign: MockServer,123,-1-0xff8f84852b100001 Successfully transitioned node 127024b79cf54ae57be9b928e49a309b from FSERVER_ZK_ENTITYGROUP_OPENING to FSERVER_ZK_ENTITYGROUP_OPENING
24/05/17 03:07:51 DEBUG zookeeper.ZKAssign: MockServer,123,-1-0xff8f84852b100001 Attempting to transition node 127024b79cf54ae57be9b928e49a309b from FSERVER_ZK_ENTITYGROUP_OPENING to FSERVER_ZK_ENTITYGROUP_OPENED
24/05/17 03:07:51 DEBUG zookeeper.ZKUtil: MockServer,123,-1-0xff8f84852b100001 Retrieved 118 byte(s) of data from znode /wasp/unassigned/127024b79cf54ae57be9b928e49a309b; data=entityGroup=TestCloseEntityGroupHandler,\x00\x00\x00\x00,1715915271008.127024b79cf54ae57be9b928e49a309b., state=FSERVER_ZK_ENTITYGROUP_OPENING, servername=MockServer,123,-1, createTime=1715915271027, payload.length=0
24/05/17 03:07:51 DEBUG zookeeper.ZKAssign: MockServer,123,-1-0xff8f84852b100001 Successfully transitioned node 127024b79cf54ae57be9b928e49a309b from FSERVER_ZK_ENTITYGROUP_OPENING to FSERVER_ZK_ENTITYGROUP_OPENED
24/05/17 03:07:51 DEBUG handler.OpenEntityGroupHandler: entityGroup transitioned to opened in zookeeper: {NAME => 'TestCloseEntityGroupHandler,\x00\x00\x00\x00,1715915271008.127024b79cf54ae57be9b928e49a309b.', STARTKEY => '\x00\x00\x00\x00', ENDKEY => '\x00\x00\x00\x01', ENCODED => 127024b79cf54ae57be9b928e49a309b,}, server: MockServer,123,-1
24/05/17 03:07:51 DEBUG handler.OpenEntityGroupHandler: Opened TestCloseEntityGroupHandler,\x00\x00\x00\x00,1715915271008.127024b79cf54ae57be9b928e49a309b. on server:MockServer,123,-1
24/05/17 03:07:51 DEBUG zookeeper.ZKUtil: MockServer,123,-1-0xff8f84852b100001 Retrieved 118 byte(s) of data from znode /wasp/unassigned/127024b79cf54ae57be9b928e49a309b and set watcher; entityGroup=TestCloseEntityGroupHandler,\x00\x00\x00\x00,1715915271008.127024b79cf54ae57be9b928e49a309b., state=FSERVER_ZK_ENTITYGROUP_OPENED, servername=MockServer,123,-1, createTime=1715915271031, payload.length=0
24/05/17 03:07:51 DEBUG zookeeper.ZKAssign: MockServer,123,-1-0xff8f84852b100001 Deleting existing unassigned node for 127024b79cf54ae57be9b928e49a309b that is in expected state FSERVER_ZK_ENTITYGROUP_OPENED
24/05/17 03:07:51 DEBUG zookeeper.ZKUtil: MockServer,123,-1-0xff8f84852b100001 Retrieved 118 byte(s) of data from znode /wasp/unassigned/127024b79cf54ae57be9b928e49a309b; data=entityGroup=TestCloseEntityGroupHandler,\x00\x00\x00\x00,1715915271008.127024b79cf54ae57be9b928e49a309b., state=FSERVER_ZK_ENTITYGROUP_OPENED, servername=MockServer,123,-1, createTime=1715915271031, payload.length=0
24/05/17 03:07:51 DEBUG zookeeper.ZooKeeperWatcher: MockServer,123,-1-0xff8f84852b100001 Received ZooKeeper Event, type=NodeDeleted, state=SyncConnected, path=/wasp/unassigned/127024b79cf54ae57be9b928e49a309b
24/05/17 03:07:51 DEBUG zookeeper.ZKAssign: MockServer,123,-1-0xff8f84852b100001 Successfully deleted unassigned node for entityGroup 127024b79cf54ae57be9b928e49a309b in expected state FSERVER_ZK_ENTITYGROUP_OPENED
24/05/17 03:07:51 DEBUG zookeeper.ZKAssign: MockServer,123,-1-0xff8f84852b100001 Creating unassigned node for 127024b79cf54ae57be9b928e49a309b in a CLOSING state
24/05/17 03:07:51 DEBUG handler.CloseEntityGroupHandler: Processing close of TestCloseEntityGroupHandler,\x00\x00\x00\x00,1715915271008.127024b79cf54ae57be9b928e49a309b.
24/05/17 03:07:51 DEBUG fserver.EntityGroup: Closing TestCloseEntityGroupHandler,\x00\x00\x00\x00,1715915271008.127024b79cf54ae57be9b928e49a309b.
24/05/17 03:07:51 DEBUG fserver.EntityGroup: Updates disabled for entityGroup TestCloseEntityGroupHandler,\x00\x00\x00\x00,1715915271008.127024b79cf54ae57be9b928e49a309b.
24/05/17 03:07:51 INFO fserver.EntityGroup: Running commit transaction of TestCloseEntityGroupHandler,\x00\x00\x00\x00,1715915271008.127024b79cf54ae57be9b928e49a309b. before close
24/05/17 03:07:51 INFO fserver.EntityGroup: Closed TestCloseEntityGroupHandler,\x00\x00\x00\x00,1715915271008.127024b79cf54ae57be9b928e49a309b.
24/05/17 03:07:51 DEBUG zookeeper.ZKAssign: MockServer,123,-1-0xff8f84852b100001 Attempting to transition node 127024b79cf54ae57be9b928e49a309b from M_ZK_ENTITYGROUP_CLOSING to FSERVER_ZK_ENTITYGROUP_CLOSED
24/05/17 03:07:51 DEBUG zookeeper.ZKUtil: MockServer,123,-1-0xff8f84852b100001 Retrieved 120 byte(s) of data from znode /wasp/unassigned/127024b79cf54ae57be9b928e49a309b; data=entityGroup=TestCloseEntityGroupHandler,\x00\x00\x00\x00,1715915271008.127024b79cf54ae57be9b928e49a309b., state=M_ZK_ENTITYGROUP_CLOSING, servername=MockServer,123,-1, createTime=1715915271037, payload.length=0
24/05/17 03:07:51 DEBUG zookeeper.ZooKeeperWatcher: MockServer,123,-1-0xff8f84852b100001 Received ZooKeeper Event, type=NodeDataChanged, state=SyncConnected, path=/wasp/unassigned/127024b79cf54ae57be9b928e49a309b
24/05/17 03:07:51 DEBUG zookeeper.ZKAssign: MockServer,123,-1-0xff8f84852b100001 Successfully transitioned node 127024b79cf54ae57be9b928e49a309b from M_ZK_ENTITYGROUP_CLOSING to FSERVER_ZK_ENTITYGROUP_CLOSED
24/05/17 03:07:51 DEBUG handler.CloseEntityGroupHandler: set entityGroup closed state in zk successfully for entityGroup TestCloseEntityGroupHandler,\x00\x00\x00\x00,1715915271008.127024b79cf54ae57be9b928e49a309b. sn name: MockServer,123,-1
24/05/17 03:07:51 DEBUG handler.CloseEntityGroupHandler: Closed entityGroup TestCloseEntityGroupHandler,\x00\x00\x00\x00,1715915271008.127024b79cf54ae57be9b928e49a309b.
24/05/17 03:07:51 DEBUG zookeeper.ZKUtil: MockServer,123,-1-0xff8f84852b100001 Retrieved 118 byte(s) of data from znode /wasp/unassigned/127024b79cf54ae57be9b928e49a309b and set watcher; entityGroup=TestCloseEntityGroupHandler,\x00\x00\x00\x00,1715915271008.127024b79cf54ae57be9b928e49a309b., state=FSERVER_ZK_ENTITYGROUP_CLOSED, servername=MockServer,123,-1, createTime=1715915271041, payload.length=0
24/05/17 03:07:51 INFO fserver.EntityGroup: creating EntityGroup TestCloseEntityGroupHandler Table == CREATE TABLE TestCloseEntityGroupHandler { 
  REQUIRED INT32 column1 COLUMNFAMILY d;
  REQUIRED INT64 column2 COLUMNFAMILY d;
  REQUIRED STRING column3 COLUMNFAMILY d;
  OPTIONAL FLOAT column4 COLUMNFAMILY d;
  OPTIONAL DOUBLE column5 COLUMNFAMILY d;
  OPTIONAL DATETIME column6 COLUMNFAMILY d;
  REPEATED PROTOBUF column7 COLUMNFAMILY d;
  OPTIONAL STRING column8 COLUMNFAMILY d;
} 
PRIMARY KEY(column1),
ENTITY GROUP ROOT,
ENTITY GROUP KEY(column1);
 Table name == TestCloseEntityGroupHandler
24/05/17 03:07:51 DEBUG fserver.MetricsEntityGroupSourceImpl: Creating new MetricsEntityGroupSourceImpl for table TestCloseEntityGroupHandler 654c8d623d06666dae9b1ad88285df7c
24/05/17 03:07:51 DEBUG fserver.EntityGroup: Instantiated TestCloseEntityGroupHandler,,1715915271045.654c8d623d06666dae9b1ad88285df7c.
24/05/17 03:07:51 ERROR server.NIOServerCnxnFactory: Thread Thread[Thread-259,5,main] died
java.lang.NullPointerException
	at com.alibaba.wasp.fserver.EntityGroup.run(EntityGroup.java:1264)
	at java.lang.Thread.run(Thread.java:748)
24/05/17 03:07:51 DEBUG fserver.EntityGroup: Closing TestCloseEntityGroupHandler,,1715915271045.654c8d623d06666dae9b1ad88285df7c.
24/05/17 03:07:51 DEBUG fserver.EntityGroup: Updates disabled for entityGroup TestCloseEntityGroupHandler,,1715915271045.654c8d623d06666dae9b1ad88285df7c.
24/05/17 03:07:51 INFO fserver.EntityGroup: Running commit transaction of TestCloseEntityGroupHandler,,1715915271045.654c8d623d06666dae9b1ad88285df7c. before close
24/05/17 03:07:51 INFO fserver.EntityGroup: Closed TestCloseEntityGroupHandler,,1715915271045.654c8d623d06666dae9b1ad88285df7c.
24/05/17 03:07:51 DEBUG handler.CloseEntityGroupHandler: Processing close of TestCloseEntityGroupHandler,,1715915271045.654c8d623d06666dae9b1ad88285df7c.
24/05/17 03:07:51 FATAL util.MockServer: Abort why=Unrecoverable exception while closing entityGroup TestCloseEntityGroupHandler,,1715915271045.654c8d623d06666dae9b1ad88285df7c., still finishing close
java.lang.RuntimeException: Mocked failed close!
	at com.alibaba.wasp.fserver.handler.CloseEntityGroupHandler.process(CloseEntityGroupHandler.java:103)
	at com.alibaba.wasp.fserver.handler.TestCloseEntityGroupHandler.testFailedCommitAborts(TestCloseEntityGroupHandler.java:122)
	at sun.reflect.NativeMethodAccessorImpl.invoke0(Native Method)
	at sun.reflect.NativeMethodAccessorImpl.invoke(NativeMethodAccessorImpl.java:62)
	at sun.reflect.DelegatingMethodAccessorImpl.invoke(DelegatingMethodAccessorImpl.java:43)
	at java.lang.reflect.Method.invoke(Method.java:498)
	at org.junit.runners.model.FrameworkMethod$1.runReflectiveCall(FrameworkMethod.java:45)
	at org.junit.internal.runners.model.ReflectiveCallable.run(ReflectiveCallable.java:15)
	at org.junit.runners.model.FrameworkMethod.invokeExplosively(FrameworkMethod.java:42)
	at org.junit.internal.runners.statements.InvokeMethod.evaluate(InvokeMethod.java:20)
	at org.junit.internal.runners.statements.RunBefores.evaluate(RunBefores.java:28)
	at org.junit.runners.ParentRunner.runLeaf(ParentRunner.java:263)
	at org.junit.runners.BlockJUnit4ClassRunner.runChild(BlockJUnit4ClassRunner.java:68)
	at org.junit.runners.BlockJUnit4ClassRunner.runChild(BlockJUnit4ClassRunner.java:47)
	at org.junit.runners.ParentRunner$3.run(ParentRunner.java:231)
	at org.junit.runners.ParentRunner$1.schedule(ParentRunner.java:60)
	at org.junit.runners.ParentRunner.runChildren(ParentRunner.java:229)
	at org.junit.runners.ParentRunner.access$000(ParentRunner.java:50)
	at org.junit.runners.ParentRunner$2.evaluate(ParentRunner.java:222)
	at org.junit.internal.runners.statements.RunBefores.evaluate(RunBefores.java:28)
	at org.junit.internal.runners.statements.RunAfters.evaluate(RunAfters.java:30)
	at org.junit.runners.ParentRunner.run(ParentRunner.java:300)
	at org.junit.runners.Suite.runChild(Suite.java:128)
	at org.junit.runners.Suite.runChild(Suite.java:24)
	at org.junit.runners.ParentRunner$3.run(ParentRunner.java:231)
	at org.junit.runners.ParentRunner$1.schedule(ParentRunner.java:60)
	at org.junit.runners.ParentRunner.runChildren(ParentRunner.java:229)
	at org.junit.runners.ParentRunner.access$000(ParentRunner.java:50)
	at org.junit.runners.ParentRunner$2.evaluate(ParentRunner.java:222)
	at org.junit.runners.ParentRunner.run(ParentRunner.java:300)
	at org.junit.runner.JUnitCore.run(JUnitCore.java:157)
	at org.junit.runner.JUnitCore.run(JUnitCore.java:136)
	at edu.illinois.cs.testrunner.execution.JUnitTestExecutor.execute(JUnitTestExecutor.java:246)
	at edu.illinois.cs.testrunner.execution.JUnitTestExecutor.executeWithJUnit4Runner(JUnitTestExecutor.java:315)
	at edu.illinois.cs.testrunner.execution.JUnitTestExecutor.runOrder(JUnitTestExecutor.java:46)
	at edu.illinois.cs.testrunner.execution.Executor$.$anonfun$run$1(Executor.scala:30)
	at scala.runtime.java8.JFunction0$mcV$sp.apply(JFunction0$mcV$sp.java:12)
	at scala.util.Try$.apply(Try.scala:209)
	at edu.illinois.cs.testrunner.execution.Executor$.run(Executor.scala:28)
	at edu.illinois.cs.testrunner.execution.Executor$.main(Executor.scala:18)
	at edu.illinois.cs.testrunner.execution.Executor.main(Executor.scala)
24/05/17 03:07:51 DEBUG util.MockServer: Stop why=Unrecoverable exception while closing entityGroup TestCloseEntityGroupHandler,,1715915271045.654c8d623d06666dae9b1ad88285df7c., still finishing close
24/05/17 03:07:51 WARN fserver.EntityGroup: EntityGroup TestCloseEntityGroupHandler,,1715915271045.654c8d623d06666dae9b1ad88285df7c. already closed
24/05/17 03:07:51 INFO server.NIOServerCnxn: Closed socket connection for client /127.0.0.1:50122 which had sessionid 0xff8f84852b100001
24/05/17 03:07:51 INFO server.NIOServerCnxn: Closed socket connection for client /127.0.0.1:50112 which had sessionid 0xff8f84852b100000
24/05/17 03:07:51 INFO server.NIOServerCnxnFactory: NIOServerCnxn factory exited run method
24/05/17 03:07:51 INFO server.ZooKeeperServer: shutting down
24/05/17 03:07:51 INFO server.SessionTrackerImpl: Shutting down
24/05/17 03:07:51 INFO server.PrepRequestProcessor: Shutting down
24/05/17 03:07:51 INFO server.SyncRequestProcessor: Shutting down
24/05/17 03:07:51 INFO server.PrepRequestProcessor: PrepRequestProcessor exited loop!
24/05/17 03:07:51 INFO server.SyncRequestProcessor: SyncRequestProcessor exited!
24/05/17 03:07:51 INFO server.FinalRequestProcessor: shutdown of request processor complete
java.lang.NullPointerException
	at com.alibaba.wasp.protobuf.generated.MetaProtos$GetActionProto$Builder.setSessionId(MetaProtos.java:6187)
	at com.alibaba.wasp.plan.action.GetAction.convert(GetAction.java:97)
	at com.alibaba.wasp.protobuf.ProtobufUtil.toGetActionProto(ProtobufUtil.java:466)
	at com.alibaba.wasp.protobuf.TestProtobufUtil.testGet(TestProtobufUtil.java:103)
	at sun.reflect.NativeMethodAccessorImpl.invoke0(Native Method)
	at sun.reflect.NativeMethodAccessorImpl.invoke(NativeMethodAccessorImpl.java:62)
	at sun.reflect.DelegatingMethodAccessorImpl.invoke(DelegatingMethodAccessorImpl.java:43)
	at java.lang.reflect.Method.invoke(Method.java:498)
	at org.junit.runners.model.FrameworkMethod$1.runReflectiveCall(FrameworkMethod.java:45)
	at org.junit.internal.runners.model.ReflectiveCallable.run(ReflectiveCallable.java:15)
	at org.junit.runners.model.FrameworkMethod.invokeExplosively(FrameworkMethod.java:42)
	at org.junit.internal.runners.statements.InvokeMethod.evaluate(InvokeMethod.java:20)
	at org.junit.runners.ParentRunner.runLeaf(ParentRunner.java:263)
	at org.junit.runners.BlockJUnit4ClassRunner.runChild(BlockJUnit4ClassRunner.java:68)
	at org.junit.runners.BlockJUnit4ClassRunner.runChild(BlockJUnit4ClassRunner.java:47)
	at org.junit.runners.ParentRunner$3.run(ParentRunner.java:231)
	at org.junit.runners.ParentRunner$1.schedule(ParentRunner.java:60)
	at org.junit.runners.ParentRunner.runChildren(ParentRunner.java:229)
	at org.junit.runners.ParentRunner.access$000(ParentRunner.java:50)
	at org.junit.runners.ParentRunner$2.evaluate(ParentRunner.java:222)
	at org.junit.runners.ParentRunner.run(ParentRunner.java:300)
	at org.junit.runners.Suite.runChild(Suite.java:128)
	at org.junit.runners.Suite.runChild(Suite.java:24)
	at org.junit.runners.ParentRunner$3.run(ParentRunner.java:231)
	at org.junit.runners.ParentRunner$1.schedule(ParentRunner.java:60)
	at org.junit.runners.ParentRunner.runChildren(ParentRunner.java:229)
	at org.junit.runners.ParentRunner.access$000(ParentRunner.java:50)
	at org.junit.runners.ParentRunner$2.evaluate(ParentRunner.java:222)
	at org.junit.runners.ParentRunner.run(ParentRunner.java:300)
	at org.junit.runner.JUnitCore.run(JUnitCore.java:157)
	at org.junit.runner.JUnitCore.run(JUnitCore.java:136)
	at edu.illinois.cs.testrunner.execution.JUnitTestExecutor.execute(JUnitTestExecutor.java:246)
	at edu.illinois.cs.testrunner.execution.JUnitTestExecutor.executeWithJUnit4Runner(JUnitTestExecutor.java:315)
	at edu.illinois.cs.testrunner.execution.JUnitTestExecutor.runOrder(JUnitTestExecutor.java:46)
	at edu.illinois.cs.testrunner.execution.Executor$.$anonfun$run$1(Executor.scala:30)
	at scala.runtime.java8.JFunction0$mcV$sp.apply(JFunction0$mcV$sp.java:12)
	at scala.util.Try$.apply(Try.scala:209)
	at edu.illinois.cs.testrunner.execution.Executor$.run(Executor.scala:28)
	at edu.illinois.cs.testrunner.execution.Executor$.main(Executor.scala:18)
	at edu.illinois.cs.testrunner.execution.Executor.main(Executor.scala)
java.lang.NullPointerException
	at com.alibaba.wasp.protobuf.generated.MetaProtos$UpdateActionProto$Builder.setSessionId(MetaProtos.java:10088)
	at com.alibaba.wasp.plan.action.UpdateAction.convert(UpdateAction.java:113)
	at com.alibaba.wasp.protobuf.ProtobufUtil.convertUpdateAction(ProtobufUtil.java:559)
	at com.alibaba.wasp.protobuf.TestProtobufUtil.testUpdate(TestProtobufUtil.java:83)
	at sun.reflect.NativeMethodAccessorImpl.invoke0(Native Method)
	at sun.reflect.NativeMethodAccessorImpl.invoke(NativeMethodAccessorImpl.java:62)
	at sun.reflect.DelegatingMethodAccessorImpl.invoke(DelegatingMethodAccessorImpl.java:43)
	at java.lang.reflect.Method.invoke(Method.java:498)
	at org.junit.runners.model.FrameworkMethod$1.runReflectiveCall(FrameworkMethod.java:45)
	at org.junit.internal.runners.model.ReflectiveCallable.run(ReflectiveCallable.java:15)
	at org.junit.runners.model.FrameworkMethod.invokeExplosively(FrameworkMethod.java:42)
	at org.junit.internal.runners.statements.InvokeMethod.evaluate(InvokeMethod.java:20)
	at org.junit.runners.ParentRunner.runLeaf(ParentRunner.java:263)
	at org.junit.runners.BlockJUnit4ClassRunner.runChild(BlockJUnit4ClassRunner.java:68)
	at org.junit.runners.BlockJUnit4ClassRunner.runChild(BlockJUnit4ClassRunner.java:47)
	at org.junit.runners.ParentRunner$3.run(ParentRunner.java:231)
	at org.junit.runners.ParentRunner$1.schedule(ParentRunner.java:60)
	at org.junit.runners.ParentRunner.runChildren(ParentRunner.java:229)
	at org.junit.runners.ParentRunner.access$000(ParentRunner.java:50)
	at org.junit.runners.ParentRunner$2.evaluate(ParentRunner.java:222)
	at org.junit.runners.ParentRunner.run(ParentRunner.java:300)
	at org.junit.runners.Suite.runChild(Suite.java:128)
	at org.junit.runners.Suite.runChild(Suite.java:24)
	at org.junit.runners.ParentRunner$3.run(ParentRunner.java:231)
	at org.junit.runners.ParentRunner$1.schedule(ParentRunner.java:60)
	at org.junit.runners.ParentRunner.runChildren(ParentRunner.java:229)
	at org.junit.runners.ParentRunner.access$000(ParentRunner.java:50)
	at org.junit.runners.ParentRunner$2.evaluate(ParentRunner.java:222)
	at org.junit.runners.ParentRunner.run(ParentRunner.java:300)
	at org.junit.runner.JUnitCore.run(JUnitCore.java:157)
	at org.junit.runner.JUnitCore.run(JUnitCore.java:136)
	at edu.illinois.cs.testrunner.execution.JUnitTestExecutor.execute(JUnitTestExecutor.java:246)
	at edu.illinois.cs.testrunner.execution.JUnitTestExecutor.executeWithJUnit4Runner(JUnitTestExecutor.java:315)
	at edu.illinois.cs.testrunner.execution.JUnitTestExecutor.runOrder(JUnitTestExecutor.java:46)
	at edu.illinois.cs.testrunner.execution.Executor$.$anonfun$run$1(Executor.scala:30)
	at scala.runtime.java8.JFunction0$mcV$sp.apply(JFunction0$mcV$sp.java:12)
	at scala.util.Try$.apply(Try.scala:209)
	at edu.illinois.cs.testrunner.execution.Executor$.run(Executor.scala:28)
	at edu.illinois.cs.testrunner.execution.Executor$.main(Executor.scala:18)
	at edu.illinois.cs.testrunner.execution.Executor.main(Executor.scala)
24/05/17 03:07:51 INFO wasp.WaspTestingUtility: Starting up minicluster with 1 master(s) and 3 fserver(s) 
24/05/17 03:07:51 DEBUG zookeeper.ZooKeeperWatcher: MockServer,123,-1-0xff8f84852b100000 Received ZooKeeper Event, type=None, state=Disconnected, path=null
24/05/17 03:07:51 DEBUG zookeeper.ZooKeeperWatcher: MockServer,123,-1-0xff8f84852b100000 Received Disconnected from ZooKeeper, ignoring
24/05/17 03:07:51 DEBUG zookeeper.ZooKeeperWatcher: MockServer,123,-1-0xff8f84852b100001 Received ZooKeeper Event, type=None, state=Disconnected, path=null
24/05/17 03:07:51 DEBUG zookeeper.ZooKeeperWatcher: MockServer,123,-1-0xff8f84852b100001 Received Disconnected from ZooKeeper, ignoring
Starting DataNode 0 with dfs.data.dir: /home/idflakies/alibaba/wasp/target/test-data/e32b7b06-31f1-4eed-b195-d4f7c9bec7b5/dfscluster_24f38a4b-ae3b-41c3-b67e-810b278c08ee/dfs/data/data1,/home/idflakies/alibaba/wasp/target/test-data/e32b7b06-31f1-4eed-b195-d4f7c9bec7b5/dfscluster_24f38a4b-ae3b-41c3-b67e-810b278c08ee/dfs/data/data2
24/05/17 03:07:51 ERROR datanode.DataNode: All directories in dfs.data.dir are invalid.
24/05/17 03:07:51 INFO wasp.WaspTestingUtility: Shutting down mini wasp cluster
24/05/17 03:07:51 INFO wasp.WaspTestingUtility: Minicluster is down
java.lang.NullPointerException
	at org.apache.hadoop.hdfs.MiniDFSCluster.startDataNodes(MiniDFSCluster.java:422)
	at org.apache.hadoop.hdfs.MiniDFSCluster.<init>(MiniDFSCluster.java:280)
	at org.apache.hadoop.hbase.HBaseTestingUtility.startMiniDFSCluster(HBaseTestingUtility.java:451)
	at org.apache.hadoop.hbase.HBaseTestingUtility.startMiniCluster(HBaseTestingUtility.java:619)
	at org.apache.hadoop.hbase.HBaseTestingUtility.startMiniCluster(HBaseTestingUtility.java:575)
	at com.alibaba.wasp.WaspTestingUtility.startMiniCluster(WaspTestingUtility.java:172)
	at com.alibaba.wasp.WaspTestingUtility.startMiniCluster(WaspTestingUtility.java:144)
	at com.alibaba.wasp.client.TestAdmin.setUpBeforeClass(TestAdmin.java:91)
	at sun.reflect.NativeMethodAccessorImpl.invoke0(Native Method)
	at sun.reflect.NativeMethodAccessorImpl.invoke(NativeMethodAccessorImpl.java:62)
	at sun.reflect.DelegatingMethodAccessorImpl.invoke(DelegatingMethodAccessorImpl.java:43)
	at java.lang.reflect.Method.invoke(Method.java:498)
	at org.junit.runners.model.FrameworkMethod$1.runReflectiveCall(FrameworkMethod.java:45)
	at org.junit.internal.runners.model.ReflectiveCallable.run(ReflectiveCallable.java:15)
	at org.junit.runners.model.FrameworkMethod.invokeExplosively(FrameworkMethod.java:42)
	at org.junit.internal.runners.statements.RunBefores.evaluate(RunBefores.java:27)
	at org.junit.internal.runners.statements.RunAfters.evaluate(RunAfters.java:30)
	at org.junit.runners.ParentRunner.run(ParentRunner.java:300)
	at org.junit.runners.Suite.runChild(Suite.java:128)
	at org.junit.runners.Suite.runChild(Suite.java:24)
	at org.junit.runners.ParentRunner$3.run(ParentRunner.java:231)
	at org.junit.runners.ParentRunner$1.schedule(ParentRunner.java:60)
	at org.junit.runners.ParentRunner.runChildren(ParentRunner.java:229)
	at org.junit.runners.ParentRunner.access$000(ParentRunner.java:50)
	at org.junit.runners.ParentRunner$2.evaluate(ParentRunner.java:222)
	at org.junit.runners.ParentRunner.run(ParentRunner.java:300)
	at org.junit.runner.JUnitCore.run(JUnitCore.java:157)
	at org.junit.runner.JUnitCore.run(JUnitCore.java:136)
	at edu.illinois.cs.testrunner.execution.JUnitTestExecutor.execute(JUnitTestExecutor.java:246)
	at edu.illinois.cs.testrunner.execution.JUnitTestExecutor.executeWithJUnit4Runner(JUnitTestExecutor.java:315)
	at edu.illinois.cs.testrunner.execution.JUnitTestExecutor.runOrder(JUnitTestExecutor.java:46)
	at edu.illinois.cs.testrunner.execution.Executor$.$anonfun$run$1(Executor.scala:30)
	at scala.runtime.java8.JFunction0$mcV$sp.apply(JFunction0$mcV$sp.java:12)
	at scala.util.Try$.apply(Try.scala:209)
	at edu.illinois.cs.testrunner.execution.Executor$.run(Executor.scala:28)
	at edu.illinois.cs.testrunner.execution.Executor$.main(Executor.scala:18)
	at edu.illinois.cs.testrunner.execution.Executor.main(Executor.scala)
