24/05/17 03:11:01 INFO wasp.WaspTestingUtility: Starting up minicluster with 1 master(s) and 3 fserver(s) 
Starting DataNode 0 with dfs.data.dir: /home/idflakies/alibaba/wasp/target/test-data/d269d820-737d-4723-b967-1dddfbab2c45/dfscluster_ad8cd348-0d41-4fa5-aba6-c0f72f4fabdf/dfs/data/data1,/home/idflakies/alibaba/wasp/target/test-data/d269d820-737d-4723-b967-1dddfbab2c45/dfscluster_ad8cd348-0d41-4fa5-aba6-c0f72f4fabdf/dfs/data/data2
24/05/17 03:11:02 ERROR datanode.DataNode: All directories in dfs.data.dir are invalid.
24/05/17 03:11:02 INFO wasp.WaspTestingUtility: Shutting down mini wasp cluster
24/05/17 03:11:02 INFO wasp.WaspTestingUtility: Minicluster is down
java.lang.NullPointerException
	at org.apache.hadoop.hdfs.MiniDFSCluster.startDataNodes(MiniDFSCluster.java:422)
	at org.apache.hadoop.hdfs.MiniDFSCluster.<init>(MiniDFSCluster.java:280)
	at org.apache.hadoop.hbase.HBaseTestingUtility.startMiniDFSCluster(HBaseTestingUtility.java:451)
	at org.apache.hadoop.hbase.HBaseTestingUtility.startMiniCluster(HBaseTestingUtility.java:619)
	at org.apache.hadoop.hbase.HBaseTestingUtility.startMiniCluster(HBaseTestingUtility.java:575)
	at com.alibaba.wasp.WaspTestingUtility.startMiniCluster(WaspTestingUtility.java:172)
	at com.alibaba.wasp.WaspTestingUtility.startMiniCluster(WaspTestingUtility.java:144)
	at com.alibaba.wasp.client.TestFromClientSide.setUpBeforeClass(TestFromClientSide.java:83)
	at sun.reflect.NativeMethodAccessorImpl.invoke0(Native Method)
	at sun.reflect.NativeMethodAccessorImpl.invoke(NativeMethodAccessorImpl.java:62)
	at sun.reflect.DelegatingMethodAccessorImpl.invoke(DelegatingMethodAccessorImpl.java:43)
	at java.lang.reflect.Method.invoke(Method.java:498)
	at org.junit.runners.model.FrameworkMethod$1.runReflectiveCall(FrameworkMethod.java:45)
	at org.junit.internal.runners.model.ReflectiveCallable.run(ReflectiveCallable.java:15)
	at org.junit.runners.model.FrameworkMethod.invokeExplosively(FrameworkMethod.java:42)
	at org.junit.internal.runners.statements.RunBefores.evaluate(RunBefores.java:27)
	at org.junit.internal.runners.statements.RunAfters.evaluate(RunAfters.java:30)
	at org.junit.runners.ParentRunner.run(ParentRunner.java:300)
	at org.junit.runners.Suite.runChild(Suite.java:128)
	at org.junit.runners.Suite.runChild(Suite.java:24)
	at org.junit.runners.ParentRunner$3.run(ParentRunner.java:231)
	at org.junit.runners.ParentRunner$1.schedule(ParentRunner.java:60)
	at org.junit.runners.ParentRunner.runChildren(ParentRunner.java:229)
	at org.junit.runners.ParentRunner.access$000(ParentRunner.java:50)
	at org.junit.runners.ParentRunner$2.evaluate(ParentRunner.java:222)
	at org.junit.runners.ParentRunner.run(ParentRunner.java:300)
	at org.junit.runner.JUnitCore.run(JUnitCore.java:157)
	at org.junit.runner.JUnitCore.run(JUnitCore.java:136)
	at edu.illinois.cs.testrunner.execution.JUnitTestExecutor.execute(JUnitTestExecutor.java:246)
	at edu.illinois.cs.testrunner.execution.JUnitTestExecutor.executeWithJUnit4Runner(JUnitTestExecutor.java:315)
	at edu.illinois.cs.testrunner.execution.JUnitTestExecutor.runOrder(JUnitTestExecutor.java:46)
	at edu.illinois.cs.testrunner.execution.Executor$.$anonfun$run$1(Executor.scala:30)
	at scala.runtime.java8.JFunction0$mcV$sp.apply(JFunction0$mcV$sp.java:12)
	at scala.util.Try$.apply(Try.scala:209)
	at edu.illinois.cs.testrunner.execution.Executor$.run(Executor.scala:28)
	at edu.illinois.cs.testrunner.execution.Executor$.main(Executor.scala:18)
	at edu.illinois.cs.testrunner.execution.Executor.main(Executor.scala)
24/05/17 03:11:02 INFO wasp.WaspTestingUtility: Starting up minicluster with 1 master(s) and 3 fserver(s) 
Starting DataNode 0 with dfs.data.dir: /home/idflakies/alibaba/wasp/target/test-data/b94acded-da62-4c3d-bba0-af60f03f0e5f/dfscluster_2cc30b80-e64c-4d0a-a0dc-e2b0c9c5de8a/dfs/data/data1,/home/idflakies/alibaba/wasp/target/test-data/b94acded-da62-4c3d-bba0-af60f03f0e5f/dfscluster_2cc30b80-e64c-4d0a-a0dc-e2b0c9c5de8a/dfs/data/data2
24/05/17 03:11:03 ERROR datanode.DataNode: All directories in dfs.data.dir are invalid.
java.lang.NullPointerException
	at org.apache.hadoop.hdfs.MiniDFSCluster.startDataNodes(MiniDFSCluster.java:422)
	at org.apache.hadoop.hdfs.MiniDFSCluster.<init>(MiniDFSCluster.java:280)
	at org.apache.hadoop.hbase.HBaseTestingUtility.startMiniDFSCluster(HBaseTestingUtility.java:451)
	at org.apache.hadoop.hbase.HBaseTestingUtility.startMiniCluster(HBaseTestingUtility.java:619)
	at org.apache.hadoop.hbase.HBaseTestingUtility.startMiniCluster(HBaseTestingUtility.java:575)
	at com.alibaba.wasp.WaspTestingUtility.startMiniCluster(WaspTestingUtility.java:172)
	at com.alibaba.wasp.WaspTestingUtility.startMiniCluster(WaspTestingUtility.java:144)
	at com.alibaba.wasp.jdbc.TestJdbcResultSet.setUpBeforeClass(TestJdbcResultSet.java:71)
	at sun.reflect.NativeMethodAccessorImpl.invoke0(Native Method)
	at sun.reflect.NativeMethodAccessorImpl.invoke(NativeMethodAccessorImpl.java:62)
	at sun.reflect.DelegatingMethodAccessorImpl.invoke(DelegatingMethodAccessorImpl.java:43)
	at java.lang.reflect.Method.invoke(Method.java:498)
	at org.junit.runners.model.FrameworkMethod$1.runReflectiveCall(FrameworkMethod.java:45)
	at org.junit.internal.runners.model.ReflectiveCallable.run(ReflectiveCallable.java:15)
	at org.junit.runners.model.FrameworkMethod.invokeExplosively(FrameworkMethod.java:42)
	at org.junit.internal.runners.statements.RunBefores.evaluate(RunBefores.java:27)
	at org.junit.internal.runners.statements.RunAfters.evaluate(RunAfters.java:30)
	at org.junit.runners.ParentRunner.run(ParentRunner.java:300)
	at org.junit.runners.Suite.runChild(Suite.java:128)
	at org.junit.runners.Suite.runChild(Suite.java:24)
	at org.junit.runners.ParentRunner$3.run(ParentRunner.java:231)
	at org.junit.runners.ParentRunner$1.schedule(ParentRunner.java:60)
	at org.junit.runners.ParentRunner.runChildren(ParentRunner.java:229)
	at org.junit.runners.ParentRunner.access$000(ParentRunner.java:50)
	at org.junit.runners.ParentRunner$2.evaluate(ParentRunner.java:222)
	at org.junit.runners.ParentRunner.run(ParentRunner.java:300)
	at org.junit.runner.JUnitCore.run(JUnitCore.java:157)
	at org.junit.runner.JUnitCore.run(JUnitCore.java:136)
	at edu.illinois.cs.testrunner.execution.JUnitTestExecutor.execute(JUnitTestExecutor.java:246)
	at edu.illinois.cs.testrunner.execution.JUnitTestExecutor.executeWithJUnit4Runner(JUnitTestExecutor.java:315)
	at edu.illinois.cs.testrunner.execution.JUnitTestExecutor.runOrder(JUnitTestExecutor.java:46)
	at edu.illinois.cs.testrunner.execution.Executor$.$anonfun$run$1(Executor.scala:30)
	at scala.runtime.java8.JFunction0$mcV$sp.apply(JFunction0$mcV$sp.java:12)
	at scala.util.Try$.apply(Try.scala:209)
	at edu.illinois.cs.testrunner.execution.Executor$.run(Executor.scala:28)
	at edu.illinois.cs.testrunner.execution.Executor$.main(Executor.scala:18)
	at edu.illinois.cs.testrunner.execution.Executor.main(Executor.scala)
java.lang.NullPointerException
	at com.alibaba.wasp.jdbc.TestJdbcResultSet.tearDownAfterClass(TestJdbcResultSet.java:100)
	at sun.reflect.NativeMethodAccessorImpl.invoke0(Native Method)
	at sun.reflect.NativeMethodAccessorImpl.invoke(NativeMethodAccessorImpl.java:62)
	at sun.reflect.DelegatingMethodAccessorImpl.invoke(DelegatingMethodAccessorImpl.java:43)
	at java.lang.reflect.Method.invoke(Method.java:498)
	at org.junit.runners.model.FrameworkMethod$1.runReflectiveCall(FrameworkMethod.java:45)
	at org.junit.internal.runners.model.ReflectiveCallable.run(ReflectiveCallable.java:15)
	at org.junit.runners.model.FrameworkMethod.invokeExplosively(FrameworkMethod.java:42)
	at org.junit.internal.runners.statements.RunAfters.evaluate(RunAfters.java:36)
	at org.junit.runners.ParentRunner.run(ParentRunner.java:300)
	at org.junit.runners.Suite.runChild(Suite.java:128)
	at org.junit.runners.Suite.runChild(Suite.java:24)
	at org.junit.runners.ParentRunner$3.run(ParentRunner.java:231)
	at org.junit.runners.ParentRunner$1.schedule(ParentRunner.java:60)
	at org.junit.runners.ParentRunner.runChildren(ParentRunner.java:229)
	at org.junit.runners.ParentRunner.access$000(ParentRunner.java:50)
	at org.junit.runners.ParentRunner$2.evaluate(ParentRunner.java:222)
	at org.junit.runners.ParentRunner.run(ParentRunner.java:300)
	at org.junit.runner.JUnitCore.run(JUnitCore.java:157)
	at org.junit.runner.JUnitCore.run(JUnitCore.java:136)
	at edu.illinois.cs.testrunner.execution.JUnitTestExecutor.execute(JUnitTestExecutor.java:246)
	at edu.illinois.cs.testrunner.execution.JUnitTestExecutor.executeWithJUnit4Runner(JUnitTestExecutor.java:315)
	at edu.illinois.cs.testrunner.execution.JUnitTestExecutor.runOrder(JUnitTestExecutor.java:46)
	at edu.illinois.cs.testrunner.execution.Executor$.$anonfun$run$1(Executor.scala:30)
	at scala.runtime.java8.JFunction0$mcV$sp.apply(JFunction0$mcV$sp.java:12)
	at scala.util.Try$.apply(Try.scala:209)
	at edu.illinois.cs.testrunner.execution.Executor$.run(Executor.scala:28)
	at edu.illinois.cs.testrunner.execution.Executor$.main(Executor.scala:18)
	at edu.illinois.cs.testrunner.execution.Executor.main(Executor.scala)
24/05/17 03:11:03 INFO wasp.WaspTestingUtility: Starting up minicluster with 1 master(s) and 3 fserver(s) 
Starting DataNode 0 with dfs.data.dir: /home/idflakies/alibaba/wasp/target/test-data/1badb0f5-0994-4796-ba87-d12709d7ff2a/dfscluster_d3f58340-22b7-4b3a-8547-b46ec99b1d38/dfs/data/data1,/home/idflakies/alibaba/wasp/target/test-data/1badb0f5-0994-4796-ba87-d12709d7ff2a/dfscluster_d3f58340-22b7-4b3a-8547-b46ec99b1d38/dfs/data/data2
24/05/17 03:11:03 ERROR datanode.DataNode: All directories in dfs.data.dir are invalid.
java.lang.NullPointerException
	at org.apache.hadoop.hdfs.MiniDFSCluster.startDataNodes(MiniDFSCluster.java:422)
	at org.apache.hadoop.hdfs.MiniDFSCluster.<init>(MiniDFSCluster.java:280)
	at org.apache.hadoop.hbase.HBaseTestingUtility.startMiniDFSCluster(HBaseTestingUtility.java:451)
	at org.apache.hadoop.hbase.HBaseTestingUtility.startMiniCluster(HBaseTestingUtility.java:619)
	at org.apache.hadoop.hbase.HBaseTestingUtility.startMiniCluster(HBaseTestingUtility.java:575)
	at com.alibaba.wasp.WaspTestingUtility.startMiniCluster(WaspTestingUtility.java:172)
	at com.alibaba.wasp.WaspTestingUtility.startMiniCluster(WaspTestingUtility.java:144)
	at com.alibaba.wasp.jdbc.TestPreparedStatement.beforeClass(TestPreparedStatement.java:60)
	at sun.reflect.NativeMethodAccessorImpl.invoke0(Native Method)
	at sun.reflect.NativeMethodAccessorImpl.invoke(NativeMethodAccessorImpl.java:62)
	at sun.reflect.DelegatingMethodAccessorImpl.invoke(DelegatingMethodAccessorImpl.java:43)
	at java.lang.reflect.Method.invoke(Method.java:498)
	at org.junit.runners.model.FrameworkMethod$1.runReflectiveCall(FrameworkMethod.java:45)
	at org.junit.internal.runners.model.ReflectiveCallable.run(ReflectiveCallable.java:15)
	at org.junit.runners.model.FrameworkMethod.invokeExplosively(FrameworkMethod.java:42)
	at org.junit.internal.runners.statements.RunBefores.evaluate(RunBefores.java:27)
	at org.junit.internal.runners.statements.RunAfters.evaluate(RunAfters.java:30)
	at org.junit.runners.ParentRunner.run(ParentRunner.java:300)
	at org.junit.runners.Suite.runChild(Suite.java:128)
	at org.junit.runners.Suite.runChild(Suite.java:24)
	at org.junit.runners.ParentRunner$3.run(ParentRunner.java:231)
	at org.junit.runners.ParentRunner$1.schedule(ParentRunner.java:60)
	at org.junit.runners.ParentRunner.runChildren(ParentRunner.java:229)
	at org.junit.runners.ParentRunner.access$000(ParentRunner.java:50)
	at org.junit.runners.ParentRunner$2.evaluate(ParentRunner.java:222)
	at org.junit.runners.ParentRunner.run(ParentRunner.java:300)
	at org.junit.runner.JUnitCore.run(JUnitCore.java:157)
	at org.junit.runner.JUnitCore.run(JUnitCore.java:136)
	at edu.illinois.cs.testrunner.execution.JUnitTestExecutor.execute(JUnitTestExecutor.java:246)
	at edu.illinois.cs.testrunner.execution.JUnitTestExecutor.executeWithJUnit4Runner(JUnitTestExecutor.java:315)
	at edu.illinois.cs.testrunner.execution.JUnitTestExecutor.runOrder(JUnitTestExecutor.java:46)
	at edu.illinois.cs.testrunner.execution.Executor$.$anonfun$run$1(Executor.scala:30)
	at scala.runtime.java8.JFunction0$mcV$sp.apply(JFunction0$mcV$sp.java:12)
	at scala.util.Try$.apply(Try.scala:209)
	at edu.illinois.cs.testrunner.execution.Executor$.run(Executor.scala:28)
	at edu.illinois.cs.testrunner.execution.Executor$.main(Executor.scala:18)
	at edu.illinois.cs.testrunner.execution.Executor.main(Executor.scala)
java.lang.NullPointerException
	at com.alibaba.wasp.jdbc.TestPreparedStatement.afterClass(TestPreparedStatement.java:82)
	at sun.reflect.NativeMethodAccessorImpl.invoke0(Native Method)
	at sun.reflect.NativeMethodAccessorImpl.invoke(NativeMethodAccessorImpl.java:62)
	at sun.reflect.DelegatingMethodAccessorImpl.invoke(DelegatingMethodAccessorImpl.java:43)
	at java.lang.reflect.Method.invoke(Method.java:498)
	at org.junit.runners.model.FrameworkMethod$1.runReflectiveCall(FrameworkMethod.java:45)
	at org.junit.internal.runners.model.ReflectiveCallable.run(ReflectiveCallable.java:15)
	at org.junit.runners.model.FrameworkMethod.invokeExplosively(FrameworkMethod.java:42)
	at org.junit.internal.runners.statements.RunAfters.evaluate(RunAfters.java:36)
	at org.junit.runners.ParentRunner.run(ParentRunner.java:300)
	at org.junit.runners.Suite.runChild(Suite.java:128)
	at org.junit.runners.Suite.runChild(Suite.java:24)
	at org.junit.runners.ParentRunner$3.run(ParentRunner.java:231)
	at org.junit.runners.ParentRunner$1.schedule(ParentRunner.java:60)
	at org.junit.runners.ParentRunner.runChildren(ParentRunner.java:229)
	at org.junit.runners.ParentRunner.access$000(ParentRunner.java:50)
	at org.junit.runners.ParentRunner$2.evaluate(ParentRunner.java:222)
	at org.junit.runners.ParentRunner.run(ParentRunner.java:300)
	at org.junit.runner.JUnitCore.run(JUnitCore.java:157)
	at org.junit.runner.JUnitCore.run(JUnitCore.java:136)
	at edu.illinois.cs.testrunner.execution.JUnitTestExecutor.execute(JUnitTestExecutor.java:246)
	at edu.illinois.cs.testrunner.execution.JUnitTestExecutor.executeWithJUnit4Runner(JUnitTestExecutor.java:315)
	at edu.illinois.cs.testrunner.execution.JUnitTestExecutor.runOrder(JUnitTestExecutor.java:46)
	at edu.illinois.cs.testrunner.execution.Executor$.$anonfun$run$1(Executor.scala:30)
	at scala.runtime.java8.JFunction0$mcV$sp.apply(JFunction0$mcV$sp.java:12)
	at scala.util.Try$.apply(Try.scala:209)
	at edu.illinois.cs.testrunner.execution.Executor$.run(Executor.scala:28)
	at edu.illinois.cs.testrunner.execution.Executor$.main(Executor.scala:18)
	at edu.illinois.cs.testrunner.execution.Executor.main(Executor.scala)
24/05/17 03:11:03 INFO server.NIOServerCnxnFactory: binding to port 0.0.0.0/0.0.0.0:64953
24/05/17 03:11:03 INFO persistence.FileTxnSnapLog: Snapshotting: 0x0 to /home/idflakies/alibaba/wasp/target/test-data/c665467f-7862-46e3-9758-5d12de603716/dfscluster_ae0ea1f8-8b13-4445-9c73-55747f89412c/zookeeper_0/version-2/snapshot.0
24/05/17 03:11:03 INFO server.NIOServerCnxnFactory: Accepted socket connection from /127.0.0.1:47958
24/05/17 03:11:03 DEBUG zookeeper.ZKUtil: MockServer,123,-1 opening connection to ZooKeeper with ensemble (localhost:64953)
24/05/17 03:11:03 INFO zookeeper.RecoverableZooKeeper: The identifier of this process is 18621@a9f87c527aeb
24/05/17 03:11:03 INFO server.NIOServerCnxnFactory: Accepted socket connection from /127.0.0.1:47968
24/05/17 03:11:03 INFO persistence.FileTxnLog: Creating new log file: log.1
24/05/17 03:11:03 DEBUG zookeeper.ZooKeeperWatcher: MockServer,123,-1 Received ZooKeeper Event, type=None, state=SyncConnected, path=null
24/05/17 03:11:03 DEBUG zookeeper.ZooKeeperWatcher: MockServer,123,-1-0xff8f84881bfd0000 connected
24/05/17 03:11:03 INFO fserver.EntityGroup: creating EntityGroup TestOpenEntityGroupHandler Table == CREATE TABLE TestOpenEntityGroupHandler { 
  REQUIRED INT32 column1 COLUMNFAMILY d;
  REQUIRED INT64 column2 COLUMNFAMILY d;
  REQUIRED STRING column3 COLUMNFAMILY d;
  OPTIONAL FLOAT column4 COLUMNFAMILY d;
  OPTIONAL DOUBLE column5 COLUMNFAMILY d;
  OPTIONAL DATETIME column6 COLUMNFAMILY d;
  REPEATED PROTOBUF column7 COLUMNFAMILY d;
  OPTIONAL STRING column8 COLUMNFAMILY d;
} 
PRIMARY KEY(column1),
ENTITY GROUP ROOT,
ENTITY GROUP KEY(column1);
 Table name == TestOpenEntityGroupHandler
24/05/17 03:11:03 DEBUG fserver.MetricsEntityGroupSourceImpl: Creating new MetricsEntityGroupSourceImpl for table TestOpenEntityGroupHandler f194f8a8fd441642c45d2e8d954475b7
24/05/17 03:11:03 DEBUG fserver.EntityGroup: Instantiated TestOpenEntityGroupHandler,\x00\x00\x00\x00,1715915463699.f194f8a8fd441642c45d2e8d954475b7.
24/05/17 03:11:03 ERROR server.NIOServerCnxnFactory: Thread Thread[Thread-75,5,main] died
java.lang.NullPointerException
	at com.alibaba.wasp.fserver.EntityGroup.run(EntityGroup.java:1264)
	at java.lang.Thread.run(Thread.java:748)
24/05/17 03:11:03 DEBUG zookeeper.ZKAssign: MockServer,123,-1-0xff8f84881bfd0000 Attempting to transition node f194f8a8fd441642c45d2e8d954475b7 from M_ZK_ENTITYGROUP_OFFLINE to FSERVER_ZK_ENTITYGROUP_OPENING
24/05/17 03:11:03 DEBUG zookeeper.ZKUtil: MockServer,123,-1-0xff8f84881bfd0000 Unable to get data of znode /wasp/unassigned/f194f8a8fd441642c45d2e8d954475b7 because node does not exist (not necessarily an error)
24/05/17 03:11:03 WARN handler.OpenEntityGroupHandler: Failed transition from OFFLINE to OPENING for entityGroup=f194f8a8fd441642c45d2e8d954475b7
24/05/17 03:11:03 WARN handler.OpenEntityGroupHandler: EntityGroup was hijacked? It no longer exists, encodedName=f194f8a8fd441642c45d2e8d954475b7
24/05/17 03:11:03 DEBUG zookeeper.ZKAssign: MockServer,123,-1-0xff8f84881bfd0000 Creating unassigned node for f194f8a8fd441642c45d2e8d954475b7 in OFFLINE state
24/05/17 03:11:03 DEBUG zookeeper.ZKAssign: MockServer,123,-1-0xff8f84881bfd0000 Attempting to transition node f194f8a8fd441642c45d2e8d954475b7 from M_ZK_ENTITYGROUP_OFFLINE to FSERVER_ZK_ENTITYGROUP_OPENING
24/05/17 03:11:03 DEBUG zookeeper.ZKUtil: MockServer,123,-1-0xff8f84881bfd0000 Retrieved 117 byte(s) of data from znode /wasp/unassigned/f194f8a8fd441642c45d2e8d954475b7; data=entityGroup=TestOpenEntityGroupHandler,\x00\x00\x00\x00,1715915463699.f194f8a8fd441642c45d2e8d954475b7., state=M_ZK_ENTITYGROUP_OFFLINE, servername=MockServer,123,-1, createTime=1715915463850, payload.length=0
24/05/17 03:11:03 DEBUG zookeeper.ZooKeeperWatcher: MockServer,123,-1-0xff8f84881bfd0000 Received ZooKeeper Event, type=NodeDataChanged, state=SyncConnected, path=/wasp/unassigned/f194f8a8fd441642c45d2e8d954475b7
24/05/17 03:11:03 DEBUG zookeeper.ZKAssign: MockServer,123,-1-0xff8f84881bfd0000 Successfully transitioned node f194f8a8fd441642c45d2e8d954475b7 from M_ZK_ENTITYGROUP_OFFLINE to FSERVER_ZK_ENTITYGROUP_OPENING
24/05/17 03:11:03 INFO fserver.EntityGroup: EntityGroup.openEntityGroup EntityGroup name ==TestOpenEntityGroupHandler,\x00\x00\x00\x00,1715915463699.f194f8a8fd441642c45d2e8d954475b7.
24/05/17 03:11:03 DEBUG fserver.EntityGroup: Opening EntityGroup: {NAME => 'TestOpenEntityGroupHandler,\x00\x00\x00\x00,1715915463699.f194f8a8fd441642c45d2e8d954475b7.', STARTKEY => '\x00\x00\x00\x00', ENDKEY => '\x00\x00\x00\x01', ENCODED => f194f8a8fd441642c45d2e8d954475b7,}
24/05/17 03:11:03 DEBUG fserver.MetricsEntityGroupSourceImpl: Creating new MetricsEntityGroupSourceImpl for table TestOpenEntityGroupHandler f194f8a8fd441642c45d2e8d954475b7
24/05/17 03:11:03 DEBUG fserver.EntityGroup: Instantiated TestOpenEntityGroupHandler,\x00\x00\x00\x00,1715915463699.f194f8a8fd441642c45d2e8d954475b7.
24/05/17 03:11:03 ERROR server.NIOServerCnxnFactory: Thread Thread[Thread-78,5,main] died
java.lang.NullPointerException
	at com.alibaba.wasp.fserver.EntityGroup.run(EntityGroup.java:1264)
	at java.lang.Thread.run(Thread.java:748)
24/05/17 03:11:03 DEBUG zookeeper.ZKAssign: MockServer,123,-1-0xff8f84881bfd0000 Attempting to transition node f194f8a8fd441642c45d2e8d954475b7 from FSERVER_ZK_ENTITYGROUP_OPENING to FSERVER_ZK_ENTITYGROUP_OPENING
24/05/17 03:11:03 DEBUG zookeeper.ZKUtil: MockServer,123,-1-0xff8f84881bfd0000 Unable to get data of znode /wasp/unassigned/f194f8a8fd441642c45d2e8d954475b7 because node does not exist (not necessarily an error)
24/05/17 03:11:03 WARN handler.OpenEntityGroupHandler: Failed refreshing OPENING; entityGroup=f194f8a8fd441642c45d2e8d954475b7, context=post_entitygroup_open
24/05/17 03:11:03 DEBUG fserver.EntityGroup: Closing TestOpenEntityGroupHandler,\x00\x00\x00\x00,1715915463699.f194f8a8fd441642c45d2e8d954475b7.
24/05/17 03:11:03 DEBUG fserver.EntityGroup: Updates disabled for entityGroup TestOpenEntityGroupHandler,\x00\x00\x00\x00,1715915463699.f194f8a8fd441642c45d2e8d954475b7.
24/05/17 03:11:03 INFO fserver.EntityGroup: Running commit transaction of TestOpenEntityGroupHandler,\x00\x00\x00\x00,1715915463699.f194f8a8fd441642c45d2e8d954475b7. before close
24/05/17 03:11:03 INFO fserver.EntityGroup: Closed TestOpenEntityGroupHandler,\x00\x00\x00\x00,1715915463699.f194f8a8fd441642c45d2e8d954475b7.
24/05/17 03:11:03 INFO handler.OpenEntityGroupHandler: Opening of entityGroup {NAME => 'TestOpenEntityGroupHandler,\x00\x00\x00\x00,1715915463699.f194f8a8fd441642c45d2e8d954475b7.', STARTKEY => '\x00\x00\x00\x00', ENDKEY => '\x00\x00\x00\x01', ENCODED => f194f8a8fd441642c45d2e8d954475b7,} failed, marking as FAILED_OPEN in ZK
24/05/17 03:11:03 DEBUG zookeeper.ZKAssign: MockServer,123,-1-0xff8f84881bfd0000 Attempting to transition node f194f8a8fd441642c45d2e8d954475b7 from FSERVER_ZK_ENTITYGROUP_OPENING to FSERVER_ZK_ENTITYGROUP_FAILED_OPEN
24/05/17 03:11:03 DEBUG zookeeper.ZKUtil: MockServer,123,-1-0xff8f84881bfd0000 Unable to get data of znode /wasp/unassigned/f194f8a8fd441642c45d2e8d954475b7 because node does not exist (not necessarily an error)
24/05/17 03:11:03 WARN handler.OpenEntityGroupHandler: Unable to mark entityGroup {NAME => 'TestOpenEntityGroupHandler,\x00\x00\x00\x00,1715915463699.f194f8a8fd441642c45d2e8d954475b7.', STARTKEY => '\x00\x00\x00\x00', ENDKEY => '\x00\x00\x00\x01', ENCODED => f194f8a8fd441642c45d2e8d954475b7,} as FAILED_OPEN. It's likely that the master already timed out this open attempt, and thus another RS already has the entityGroup.
24/05/17 03:11:03 DEBUG fserver.EntityGroup: Closing TestOpenEntityGroupHandler,\x00\x00\x00\x00,1715915463699.f194f8a8fd441642c45d2e8d954475b7.
24/05/17 03:11:03 DEBUG fserver.EntityGroup: Updates disabled for entityGroup TestOpenEntityGroupHandler,\x00\x00\x00\x00,1715915463699.f194f8a8fd441642c45d2e8d954475b7.
24/05/17 03:11:03 INFO fserver.EntityGroup: Running commit transaction of TestOpenEntityGroupHandler,\x00\x00\x00\x00,1715915463699.f194f8a8fd441642c45d2e8d954475b7. before close
24/05/17 03:11:03 INFO fserver.EntityGroup: Closed TestOpenEntityGroupHandler,\x00\x00\x00\x00,1715915463699.f194f8a8fd441642c45d2e8d954475b7.
24/05/17 03:11:03 DEBUG zookeeper.ZKUtil: MockServer,123,-1 opening connection to ZooKeeper with ensemble (localhost:64953)
24/05/17 03:11:03 INFO zookeeper.RecoverableZooKeeper: The identifier of this process is 18621@a9f87c527aeb
24/05/17 03:11:03 INFO server.NIOServerCnxnFactory: Accepted socket connection from /127.0.0.1:47970
24/05/17 03:11:03 DEBUG zookeeper.ZooKeeperWatcher: MockServer,123,-1 Received ZooKeeper Event, type=None, state=SyncConnected, path=null
24/05/17 03:11:03 DEBUG zookeeper.ZooKeeperWatcher: MockServer,123,-1-0xff8f84881bfd0001 connected
24/05/17 03:11:03 DEBUG zookeeper.ZKAssign: MockServer,123,-1-0xff8f84881bfd0001 Creating unassigned node for 750ed0d10e6e7c895366b4cef051d401 in OFFLINE state
24/05/17 03:11:03 DEBUG zookeeper.ZKAssign: MockServer,123,-1-0xff8f84881bfd0001 Attempting to transition node 750ed0d10e6e7c895366b4cef051d401 from M_ZK_ENTITYGROUP_OFFLINE to FSERVER_ZK_ENTITYGROUP_OPENING
24/05/17 03:11:03 DEBUG zookeeper.ZKUtil: MockServer,123,-1-0xff8f84881bfd0001 Retrieved 117 byte(s) of data from znode /wasp/unassigned/750ed0d10e6e7c895366b4cef051d401; data=entityGroup=TestOpenEntityGroupHandler,\x00\x00\x00\x00,1715915463889.750ed0d10e6e7c895366b4cef051d401., state=M_ZK_ENTITYGROUP_OFFLINE, servername=MockServer,123,-1, createTime=1715915463897, payload.length=0
24/05/17 03:11:03 DEBUG zookeeper.ZooKeeperWatcher: MockServer,123,-1-0xff8f84881bfd0001 Received ZooKeeper Event, type=NodeDataChanged, state=SyncConnected, path=/wasp/unassigned/750ed0d10e6e7c895366b4cef051d401
24/05/17 03:11:03 DEBUG zookeeper.ZKAssign: MockServer,123,-1-0xff8f84881bfd0001 Successfully transitioned node 750ed0d10e6e7c895366b4cef051d401 from M_ZK_ENTITYGROUP_OFFLINE to FSERVER_ZK_ENTITYGROUP_OPENING
24/05/17 03:11:03 INFO handler.OpenEntityGroupHandler: Opening of entityGroup {NAME => 'TestOpenEntityGroupHandler,\x00\x00\x00\x00,1715915463889.750ed0d10e6e7c895366b4cef051d401.', STARTKEY => '\x00\x00\x00\x00', ENDKEY => '\x00\x00\x00\x01', ENCODED => 750ed0d10e6e7c895366b4cef051d401,} failed, marking as FAILED_OPEN in ZK
24/05/17 03:11:03 DEBUG zookeeper.ZKAssign: MockServer,123,-1-0xff8f84881bfd0001 Attempting to transition node 750ed0d10e6e7c895366b4cef051d401 from FSERVER_ZK_ENTITYGROUP_OPENING to FSERVER_ZK_ENTITYGROUP_FAILED_OPEN
24/05/17 03:11:03 DEBUG zookeeper.ZKUtil: MockServer,123,-1-0xff8f84881bfd0001 Retrieved 117 byte(s) of data from znode /wasp/unassigned/750ed0d10e6e7c895366b4cef051d401; data=entityGroup=TestOpenEntityGroupHandler,\x00\x00\x00\x00,1715915463889.750ed0d10e6e7c895366b4cef051d401., state=FSERVER_ZK_ENTITYGROUP_OPENING, servername=MockServer,123,-1, createTime=1715915463901, payload.length=0
24/05/17 03:11:03 DEBUG zookeeper.ZKAssign: MockServer,123,-1-0xff8f84881bfd0001 Successfully transitioned node 750ed0d10e6e7c895366b4cef051d401 from FSERVER_ZK_ENTITYGROUP_OPENING to FSERVER_ZK_ENTITYGROUP_FAILED_OPEN
24/05/17 03:11:03 DEBUG zookeeper.ZKUtil: MockServer,123,-1-0xff8f84881bfd0001 Retrieved 117 byte(s) of data from znode /wasp/unassigned/750ed0d10e6e7c895366b4cef051d401 and set watcher; entityGroup=TestOpenEntityGroupHandler,\x00\x00\x00\x00,1715915463889.750ed0d10e6e7c895366b4cef051d401., state=FSERVER_ZK_ENTITYGROUP_FAILED_OPEN, servername=MockServer,123,-1, createTime=1715915463905, payload.length=0
24/05/17 03:11:03 DEBUG zookeeper.ZKUtil: MockServer,123,-1 opening connection to ZooKeeper with ensemble (localhost:64953)
24/05/17 03:11:03 INFO zookeeper.RecoverableZooKeeper: The identifier of this process is 18621@a9f87c527aeb
24/05/17 03:11:03 INFO server.NIOServerCnxnFactory: Accepted socket connection from /127.0.0.1:47976
24/05/17 03:11:03 DEBUG zookeeper.ZooKeeperWatcher: MockServer,123,-1 Received ZooKeeper Event, type=None, state=SyncConnected, path=null
24/05/17 03:11:03 DEBUG zookeeper.ZooKeeperWatcher: MockServer,123,-1-0xff8f84881bfd0002 connected
24/05/17 03:11:03 DEBUG zookeeper.ZKAssign: MockServer,123,-1-0xff8f84881bfd0002 Creating unassigned node for 705115ebcc8376ff4701d171d76caf81 in OFFLINE state
24/05/17 03:11:03 DEBUG zookeeper.ZKAssign: MockServer,123,-1-0xff8f84881bfd0002 Attempting to transition node 705115ebcc8376ff4701d171d76caf81 from M_ZK_ENTITYGROUP_OFFLINE to FSERVER_ZK_ENTITYGROUP_OPENING
24/05/17 03:11:03 DEBUG zookeeper.ZKUtil: MockServer,123,-1-0xff8f84881bfd0002 Retrieved 117 byte(s) of data from znode /wasp/unassigned/705115ebcc8376ff4701d171d76caf81; data=entityGroup=TestOpenEntityGroupHandler,\x00\x00\x00\x00,1715915463910.705115ebcc8376ff4701d171d76caf81., state=M_ZK_ENTITYGROUP_OFFLINE, servername=MockServer,123,-1, createTime=1715915463919, payload.length=0
24/05/17 03:11:03 DEBUG zookeeper.ZooKeeperWatcher: MockServer,123,-1-0xff8f84881bfd0002 Received ZooKeeper Event, type=NodeDataChanged, state=SyncConnected, path=/wasp/unassigned/705115ebcc8376ff4701d171d76caf81
24/05/17 03:11:03 DEBUG zookeeper.ZKAssign: MockServer,123,-1-0xff8f84881bfd0002 Successfully transitioned node 705115ebcc8376ff4701d171d76caf81 from M_ZK_ENTITYGROUP_OFFLINE to FSERVER_ZK_ENTITYGROUP_OPENING
24/05/17 03:11:03 INFO fserver.EntityGroup: EntityGroup.openEntityGroup EntityGroup name ==TestOpenEntityGroupHandler,\x00\x00\x00\x00,1715915463910.705115ebcc8376ff4701d171d76caf81.
24/05/17 03:11:03 DEBUG fserver.EntityGroup: Opening EntityGroup: {NAME => 'TestOpenEntityGroupHandler,\x00\x00\x00\x00,1715915463910.705115ebcc8376ff4701d171d76caf81.', STARTKEY => '\x00\x00\x00\x00', ENDKEY => '\x00\x00\x00\x01', ENCODED => 705115ebcc8376ff4701d171d76caf81,}
24/05/17 03:11:03 DEBUG fserver.MetricsEntityGroupSourceImpl: Creating new MetricsEntityGroupSourceImpl for table TestOpenEntityGroupHandler 705115ebcc8376ff4701d171d76caf81
24/05/17 03:11:03 DEBUG fserver.EntityGroup: Instantiated TestOpenEntityGroupHandler,\x00\x00\x00\x00,1715915463910.705115ebcc8376ff4701d171d76caf81.
24/05/17 03:11:03 DEBUG zookeeper.ZKAssign: MockServer,123,-1-0xff8f84881bfd0002 Attempting to transition node 705115ebcc8376ff4701d171d76caf81 from FSERVER_ZK_ENTITYGROUP_OPENING to FSERVER_ZK_ENTITYGROUP_OPENING
24/05/17 03:11:03 ERROR server.NIOServerCnxnFactory: Thread Thread[Thread-81,5,main] died
java.lang.NullPointerException
	at com.alibaba.wasp.fserver.EntityGroup.run(EntityGroup.java:1264)
	at java.lang.Thread.run(Thread.java:748)
24/05/17 03:11:03 DEBUG zookeeper.ZKUtil: MockServer,123,-1-0xff8f84881bfd0002 Retrieved 117 byte(s) of data from znode /wasp/unassigned/705115ebcc8376ff4701d171d76caf81; data=entityGroup=TestOpenEntityGroupHandler,\x00\x00\x00\x00,1715915463910.705115ebcc8376ff4701d171d76caf81., state=FSERVER_ZK_ENTITYGROUP_OPENING, servername=MockServer,123,-1, createTime=1715915463924, payload.length=0
24/05/17 03:11:03 DEBUG zookeeper.ZKAssign: MockServer,123,-1-0xff8f84881bfd0002 Successfully transitioned node 705115ebcc8376ff4701d171d76caf81 from FSERVER_ZK_ENTITYGROUP_OPENING to FSERVER_ZK_ENTITYGROUP_OPENING
24/05/17 03:11:03 DEBUG fserver.EntityGroup: Closing TestOpenEntityGroupHandler,\x00\x00\x00\x00,1715915463910.705115ebcc8376ff4701d171d76caf81.
24/05/17 03:11:03 DEBUG fserver.EntityGroup: Updates disabled for entityGroup TestOpenEntityGroupHandler,\x00\x00\x00\x00,1715915463910.705115ebcc8376ff4701d171d76caf81.
24/05/17 03:11:03 INFO fserver.EntityGroup: Running commit transaction of TestOpenEntityGroupHandler,\x00\x00\x00\x00,1715915463910.705115ebcc8376ff4701d171d76caf81. before close
24/05/17 03:11:03 INFO fserver.EntityGroup: Closed TestOpenEntityGroupHandler,\x00\x00\x00\x00,1715915463910.705115ebcc8376ff4701d171d76caf81.
24/05/17 03:11:03 INFO handler.OpenEntityGroupHandler: Opening of entityGroup {NAME => 'TestOpenEntityGroupHandler,\x00\x00\x00\x00,1715915463910.705115ebcc8376ff4701d171d76caf81.', STARTKEY => '\x00\x00\x00\x00', ENDKEY => '\x00\x00\x00\x01', ENCODED => 705115ebcc8376ff4701d171d76caf81,} failed, marking as FAILED_OPEN in ZK
24/05/17 03:11:03 DEBUG zookeeper.ZKAssign: MockServer,123,-1-0xff8f84881bfd0002 Attempting to transition node 705115ebcc8376ff4701d171d76caf81 from FSERVER_ZK_ENTITYGROUP_OPENING to FSERVER_ZK_ENTITYGROUP_FAILED_OPEN
24/05/17 03:11:03 DEBUG zookeeper.ZKUtil: MockServer,123,-1-0xff8f84881bfd0002 Retrieved 117 byte(s) of data from znode /wasp/unassigned/705115ebcc8376ff4701d171d76caf81; data=entityGroup=TestOpenEntityGroupHandler,\x00\x00\x00\x00,1715915463910.705115ebcc8376ff4701d171d76caf81., state=FSERVER_ZK_ENTITYGROUP_OPENING, servername=MockServer,123,-1, createTime=1715915463928, payload.length=0
24/05/17 03:11:03 DEBUG zookeeper.ZKAssign: MockServer,123,-1-0xff8f84881bfd0002 Successfully transitioned node 705115ebcc8376ff4701d171d76caf81 from FSERVER_ZK_ENTITYGROUP_OPENING to FSERVER_ZK_ENTITYGROUP_FAILED_OPEN
24/05/17 03:11:03 DEBUG zookeeper.ZKUtil: MockServer,123,-1-0xff8f84881bfd0002 Retrieved 117 byte(s) of data from znode /wasp/unassigned/705115ebcc8376ff4701d171d76caf81 and set watcher; entityGroup=TestOpenEntityGroupHandler,\x00\x00\x00\x00,1715915463910.705115ebcc8376ff4701d171d76caf81., state=FSERVER_ZK_ENTITYGROUP_FAILED_OPEN, servername=MockServer,123,-1, createTime=1715915463932, payload.length=0
24/05/17 03:11:03 INFO server.NIOServerCnxnFactory: NIOServerCnxn factory exited run method
24/05/17 03:11:03 INFO server.SessionTrackerImpl: Shutting down
24/05/17 03:11:03 INFO server.SyncRequestProcessor: Shutting down
24/05/17 03:11:03 INFO server.SyncRequestProcessor: SyncRequestProcessor exited!
24/05/17 03:11:03 INFO server.FinalRequestProcessor: shutdown of request processor complete
24/05/17 03:11:03 INFO wasp.WaspTestingUtility: Starting up minicluster with 1 master(s) and 3 fserver(s) 
24/05/17 03:11:04 INFO server.SessionTrackerImpl: SessionTrackerImpl exited loop!
24/05/17 03:11:04 DEBUG zookeeper.ZooKeeperWatcher: MockServer,123,-1-0xff8f84881bfd0000 Received ZooKeeper Event, type=None, state=Disconnected, path=null
24/05/17 03:11:04 DEBUG zookeeper.ZooKeeperWatcher: MockServer,123,-1-0xff8f84881bfd0001 Received ZooKeeper Event, type=None, state=Disconnected, path=null
24/05/17 03:11:04 DEBUG zookeeper.ZooKeeperWatcher: MockServer,123,-1-0xff8f84881bfd0001 Received Disconnected from ZooKeeper, ignoring
24/05/17 03:11:04 DEBUG zookeeper.ZooKeeperWatcher: MockServer,123,-1-0xff8f84881bfd0002 Received ZooKeeper Event, type=None, state=Disconnected, path=null
24/05/17 03:11:04 DEBUG zookeeper.ZooKeeperWatcher: MockServer,123,-1-0xff8f84881bfd0002 Received Disconnected from ZooKeeper, ignoring
24/05/17 03:11:04 DEBUG zookeeper.ZooKeeperWatcher: MockServer,123,-1-0xff8f84881bfd0000 Received Disconnected from ZooKeeper, ignoring
Starting DataNode 0 with dfs.data.dir: /home/idflakies/alibaba/wasp/target/test-data/624fcfe1-2975-4cd5-a0e0-577d072133c6/dfscluster_b9a63855-817f-4b71-9111-6828e5313179/dfs/data/data1,/home/idflakies/alibaba/wasp/target/test-data/624fcfe1-2975-4cd5-a0e0-577d072133c6/dfscluster_b9a63855-817f-4b71-9111-6828e5313179/dfs/data/data2
24/05/17 03:11:04 ERROR datanode.DataNode: All directories in dfs.data.dir are invalid.
24/05/17 03:11:04 INFO wasp.WaspTestingUtility: Shutting down mini wasp cluster
24/05/17 03:11:04 INFO wasp.WaspTestingUtility: Minicluster is down
java.lang.NullPointerException
	at org.apache.hadoop.hdfs.MiniDFSCluster.startDataNodes(MiniDFSCluster.java:422)
	at org.apache.hadoop.hdfs.MiniDFSCluster.<init>(MiniDFSCluster.java:280)
	at org.apache.hadoop.hbase.HBaseTestingUtility.startMiniDFSCluster(HBaseTestingUtility.java:451)
	at org.apache.hadoop.hbase.HBaseTestingUtility.startMiniCluster(HBaseTestingUtility.java:619)
	at org.apache.hadoop.hbase.HBaseTestingUtility.startMiniCluster(HBaseTestingUtility.java:575)
	at com.alibaba.wasp.WaspTestingUtility.startMiniCluster(WaspTestingUtility.java:172)
	at com.alibaba.wasp.WaspTestingUtility.startMiniCluster(WaspTestingUtility.java:144)
	at com.alibaba.wasp.messagequeue.TestSubscriber.setUpBeforeClass(TestSubscriber.java:71)
	at sun.reflect.NativeMethodAccessorImpl.invoke0(Native Method)
	at sun.reflect.NativeMethodAccessorImpl.invoke(NativeMethodAccessorImpl.java:62)
	at sun.reflect.DelegatingMethodAccessorImpl.invoke(DelegatingMethodAccessorImpl.java:43)
	at java.lang.reflect.Method.invoke(Method.java:498)
	at org.junit.runners.model.FrameworkMethod$1.runReflectiveCall(FrameworkMethod.java:45)
	at org.junit.internal.runners.model.ReflectiveCallable.run(ReflectiveCallable.java:15)
	at org.junit.runners.model.FrameworkMethod.invokeExplosively(FrameworkMethod.java:42)
	at org.junit.internal.runners.statements.RunBefores.evaluate(RunBefores.java:27)
	at org.junit.internal.runners.statements.RunAfters.evaluate(RunAfters.java:30)
	at org.junit.runners.ParentRunner.run(ParentRunner.java:300)
	at org.junit.runners.Suite.runChild(Suite.java:128)
	at org.junit.runners.Suite.runChild(Suite.java:24)
	at org.junit.runners.ParentRunner$3.run(ParentRunner.java:231)
	at org.junit.runners.ParentRunner$1.schedule(ParentRunner.java:60)
	at org.junit.runners.ParentRunner.runChildren(ParentRunner.java:229)
	at org.junit.runners.ParentRunner.access$000(ParentRunner.java:50)
	at org.junit.runners.ParentRunner$2.evaluate(ParentRunner.java:222)
	at org.junit.runners.ParentRunner.run(ParentRunner.java:300)
	at org.junit.runner.JUnitCore.run(JUnitCore.java:157)
	at org.junit.runner.JUnitCore.run(JUnitCore.java:136)
	at edu.illinois.cs.testrunner.execution.JUnitTestExecutor.execute(JUnitTestExecutor.java:246)
	at edu.illinois.cs.testrunner.execution.JUnitTestExecutor.executeWithJUnit4Runner(JUnitTestExecutor.java:315)
	at edu.illinois.cs.testrunner.execution.JUnitTestExecutor.runOrder(JUnitTestExecutor.java:46)
	at edu.illinois.cs.testrunner.execution.Executor$.$anonfun$run$1(Executor.scala:30)
	at scala.runtime.java8.JFunction0$mcV$sp.apply(JFunction0$mcV$sp.java:12)
	at scala.util.Try$.apply(Try.scala:209)
	at edu.illinois.cs.testrunner.execution.Executor$.run(Executor.scala:28)
	at edu.illinois.cs.testrunner.execution.Executor$.main(Executor.scala:18)
	at edu.illinois.cs.testrunner.execution.Executor.main(Executor.scala)
24/05/17 03:11:04 DEBUG master.TestOpenedEntityGroupHandler: 

TRR: Starting cluster

24/05/17 03:11:04 INFO wasp.WaspTestingUtility: Starting up minicluster with 1 master(s) and 1 fserver(s) 
Starting DataNode 0 with dfs.data.dir: /home/idflakies/alibaba/wasp/target/test-data/41de58ed-8166-4ca0-9242-21a0cf2baaa3/dfscluster_20b81208-6723-4f35-b521-42aa8bf0f306/dfs/data/data1,/home/idflakies/alibaba/wasp/target/test-data/41de58ed-8166-4ca0-9242-21a0cf2baaa3/dfscluster_20b81208-6723-4f35-b521-42aa8bf0f306/dfs/data/data2
24/05/17 03:11:04 ERROR datanode.DataNode: All directories in dfs.data.dir are invalid.
24/05/17 03:11:04 INFO wasp.WaspTestingUtility: Shutting down mini wasp cluster
24/05/17 03:11:04 INFO wasp.WaspTestingUtility: Minicluster is down
java.lang.NullPointerException
	at org.apache.hadoop.hdfs.MiniDFSCluster.startDataNodes(MiniDFSCluster.java:422)
	at org.apache.hadoop.hdfs.MiniDFSCluster.<init>(MiniDFSCluster.java:280)
	at org.apache.hadoop.hbase.HBaseTestingUtility.startMiniDFSCluster(HBaseTestingUtility.java:451)
	at org.apache.hadoop.hbase.HBaseTestingUtility.startMiniCluster(HBaseTestingUtility.java:619)
	at org.apache.hadoop.hbase.HBaseTestingUtility.startMiniCluster(HBaseTestingUtility.java:575)
	at com.alibaba.wasp.WaspTestingUtility.startMiniCluster(WaspTestingUtility.java:172)
	at com.alibaba.wasp.master.TestOpenedEntityGroupHandler.testOpenedEntityGroupHandlerOnMasterRestart(TestOpenedEntityGroupHandler.java:93)
	at sun.reflect.NativeMethodAccessorImpl.invoke0(Native Method)
	at sun.reflect.NativeMethodAccessorImpl.invoke(NativeMethodAccessorImpl.java:62)
	at sun.reflect.DelegatingMethodAccessorImpl.invoke(DelegatingMethodAccessorImpl.java:43)
	at java.lang.reflect.Method.invoke(Method.java:498)
	at org.junit.runners.model.FrameworkMethod$1.runReflectiveCall(FrameworkMethod.java:45)
	at org.junit.internal.runners.model.ReflectiveCallable.run(ReflectiveCallable.java:15)
	at org.junit.runners.model.FrameworkMethod.invokeExplosively(FrameworkMethod.java:42)
	at org.junit.internal.runners.statements.InvokeMethod.evaluate(InvokeMethod.java:20)
	at org.junit.internal.runners.statements.RunBefores.evaluate(RunBefores.java:28)
	at org.junit.internal.runners.statements.RunAfters.evaluate(RunAfters.java:30)
	at org.junit.runners.ParentRunner.runLeaf(ParentRunner.java:263)
	at org.junit.runners.BlockJUnit4ClassRunner.runChild(BlockJUnit4ClassRunner.java:68)
	at org.junit.runners.BlockJUnit4ClassRunner.runChild(BlockJUnit4ClassRunner.java:47)
	at org.junit.runners.ParentRunner$3.run(ParentRunner.java:231)
	at org.junit.runners.ParentRunner$1.schedule(ParentRunner.java:60)
	at org.junit.runners.ParentRunner.runChildren(ParentRunner.java:229)
	at org.junit.runners.ParentRunner.access$000(ParentRunner.java:50)
	at org.junit.runners.ParentRunner$2.evaluate(ParentRunner.java:222)
	at org.junit.runners.ParentRunner.run(ParentRunner.java:300)
	at org.junit.runners.Suite.runChild(Suite.java:128)
	at org.junit.runners.Suite.runChild(Suite.java:24)
	at org.junit.runners.ParentRunner$3.run(ParentRunner.java:231)
	at org.junit.runners.ParentRunner$1.schedule(ParentRunner.java:60)
	at org.junit.runners.ParentRunner.runChildren(ParentRunner.java:229)
	at org.junit.runners.ParentRunner.access$000(ParentRunner.java:50)
	at org.junit.runners.ParentRunner$2.evaluate(ParentRunner.java:222)
	at org.junit.runners.ParentRunner.run(ParentRunner.java:300)
	at org.junit.runner.JUnitCore.run(JUnitCore.java:157)
	at org.junit.runner.JUnitCore.run(JUnitCore.java:136)
	at edu.illinois.cs.testrunner.execution.JUnitTestExecutor.execute(JUnitTestExecutor.java:246)
	at edu.illinois.cs.testrunner.execution.JUnitTestExecutor.executeWithJUnit4Runner(JUnitTestExecutor.java:315)
	at edu.illinois.cs.testrunner.execution.JUnitTestExecutor.runOrder(JUnitTestExecutor.java:46)
	at edu.illinois.cs.testrunner.execution.Executor$.$anonfun$run$1(Executor.scala:30)
	at scala.runtime.java8.JFunction0$mcV$sp.apply(JFunction0$mcV$sp.java:12)
	at scala.util.Try$.apply(Try.scala:209)
	at edu.illinois.cs.testrunner.execution.Executor$.run(Executor.scala:28)
	at edu.illinois.cs.testrunner.execution.Executor$.main(Executor.scala:18)
	at edu.illinois.cs.testrunner.execution.Executor.main(Executor.scala)
24/05/17 03:11:04 INFO server.NIOServerCnxnFactory: binding to port 0.0.0.0/0.0.0.0:62160
24/05/17 03:11:04 INFO persistence.FileTxnSnapLog: Snapshotting: 0x0 to /home/idflakies/alibaba/wasp/target/test-data/8c0bc02e-9609-4ec4-a595-4e616bb07467/dfscluster_0bbbd295-cf1f-4ac0-a4aa-ff2d2a8f9609/zookeeper_0/version-2/snapshot.0
24/05/17 03:11:04 INFO server.NIOServerCnxnFactory: Accepted socket connection from /127.0.0.1:55910
24/05/17 03:11:04 DEBUG zookeeper.ZKUtil: MockServer,123,-1 opening connection to ZooKeeper with ensemble (localhost:62160)
24/05/17 03:11:04 INFO zookeeper.RecoverableZooKeeper: The identifier of this process is 18621@a9f87c527aeb
24/05/17 03:11:04 INFO server.NIOServerCnxnFactory: Accepted socket connection from /127.0.0.1:55922
24/05/17 03:11:04 INFO persistence.FileTxnLog: Creating new log file: log.1
24/05/17 03:11:04 DEBUG zookeeper.ZooKeeperWatcher: MockServer,123,-1 Received ZooKeeper Event, type=None, state=SyncConnected, path=null
24/05/17 03:11:04 DEBUG zookeeper.ZooKeeperWatcher: MockServer,123,-1-0xff8f84881fc30000 connected
24/05/17 03:11:04 INFO fserver.EntityGroup: creating EntityGroup testShouldNotCompeleteOpenedEntityGroupSuccessfullyIfVersionMismatches Table == CREATE TABLE testShouldNotCompeleteOpenedEntityGroupSuccessfullyIfVersionMismatches { 
  REQUIRED INT32 column1 COLUMNFAMILY d;
  REQUIRED INT64 column2 COLUMNFAMILY d;
  REQUIRED STRING column3 COLUMNFAMILY d;
  OPTIONAL FLOAT column4 COLUMNFAMILY d;
  OPTIONAL DOUBLE column5 COLUMNFAMILY d;
  OPTIONAL DATETIME column6 COLUMNFAMILY d;
  REPEATED PROTOBUF column7 COLUMNFAMILY d;
  OPTIONAL STRING column8 COLUMNFAMILY d;
} 
PRIMARY KEY(column1),
ENTITY GROUP ROOT,
ENTITY GROUP KEY(column1);
 Table name == testShouldNotCompeleteOpenedEntityGroupSuccessfullyIfVersionMismatches
24/05/17 03:11:04 DEBUG fserver.EntityGroup: Instantiated testShouldNotCompeleteOpenedEntityGroupSuccessfullyIfVersionMismatches,\x00\x00\x00\x00,1715915464667.c8999e91ee09013ad40fbc4bb5081242.
24/05/17 03:11:04 ERROR server.NIOServerCnxnFactory: Thread Thread[Thread-131,5,main] died
java.lang.NullPointerException
	at com.alibaba.wasp.fserver.EntityGroup.run(EntityGroup.java:1264)
	at java.lang.Thread.run(Thread.java:748)
24/05/17 03:11:04 DEBUG zookeeper.ZKUtil: unittest opening connection to ZooKeeper with ensemble (localhost:62160)
24/05/17 03:11:04 INFO zookeeper.RecoverableZooKeeper: The identifier of this process is 18621@a9f87c527aeb
24/05/17 03:11:04 DEBUG zookeeper.ZKAssign: unittest Creating unassigned node for c8999e91ee09013ad40fbc4bb5081242 in OFFLINE state
24/05/17 03:11:04 INFO server.NIOServerCnxnFactory: Accepted socket connection from /127.0.0.1:55924
24/05/17 03:11:04 DEBUG zookeeper.ZooKeeperWatcher: unittest Received ZooKeeper Event, type=None, state=SyncConnected, path=null
24/05/17 03:11:04 DEBUG zookeeper.ZooKeeperWatcher: unittest-0xff8f84881fc30001 connected
24/05/17 03:11:04 DEBUG zookeeper.ZKAssign: unittest-0xff8f84881fc30001 Attempting to transition node c8999e91ee09013ad40fbc4bb5081242 from M_ZK_ENTITYGROUP_OFFLINE to FSERVER_ZK_ENTITYGROUP_OPENING
24/05/17 03:11:04 DEBUG zookeeper.ZKUtil: unittest-0xff8f84881fc30001 Retrieved 161 byte(s) of data from znode /wasp/unassigned/c8999e91ee09013ad40fbc4bb5081242; data=entityGroup=testShouldNotCompeleteOpenedEntityGroupSuccessfullyIfVersionMismatches,\x00\x00\x00\x00,1715915464667.c8999e91ee09013ad40fbc4bb5081242., state=M_ZK_ENTITYGROUP_OFFLINE, servername=MockServer,123,-1, createTime=1715915464781, payload.length=0
24/05/17 03:11:04 DEBUG zookeeper.ZooKeeperWatcher: unittest-0xff8f84881fc30001 Received ZooKeeper Event, type=NodeDataChanged, state=SyncConnected, path=/wasp/unassigned/c8999e91ee09013ad40fbc4bb5081242
24/05/17 03:11:04 DEBUG zookeeper.ZKAssign: unittest-0xff8f84881fc30001 Successfully transitioned node c8999e91ee09013ad40fbc4bb5081242 from M_ZK_ENTITYGROUP_OFFLINE to FSERVER_ZK_ENTITYGROUP_OPENING
24/05/17 03:11:04 DEBUG zookeeper.ZKAssign: unittest-0xff8f84881fc30001 Attempting to transition node c8999e91ee09013ad40fbc4bb5081242 from FSERVER_ZK_ENTITYGROUP_OPENING to FSERVER_ZK_ENTITYGROUP_OPENED
24/05/17 03:11:04 DEBUG zookeeper.ZKUtil: unittest-0xff8f84881fc30001 Retrieved 161 byte(s) of data from znode /wasp/unassigned/c8999e91ee09013ad40fbc4bb5081242; data=entityGroup=testShouldNotCompeleteOpenedEntityGroupSuccessfullyIfVersionMismatches,\x00\x00\x00\x00,1715915464667.c8999e91ee09013ad40fbc4bb5081242., state=FSERVER_ZK_ENTITYGROUP_OPENING, servername=MockServer,123,-1, createTime=1715915464787, payload.length=0
24/05/17 03:11:04 DEBUG zookeeper.ZKAssign: unittest-0xff8f84881fc30001 Successfully transitioned node c8999e91ee09013ad40fbc4bb5081242 from FSERVER_ZK_ENTITYGROUP_OPENING to FSERVER_ZK_ENTITYGROUP_OPENED
24/05/17 03:11:04 DEBUG zookeeper.ZKUtil: unittest-0xff8f84881fc30001 Retrieved 161 byte(s) of data from znode /wasp/unassigned/c8999e91ee09013ad40fbc4bb5081242 and set watcher; entityGroup=testShouldNotCompeleteOpenedEntityGroupSuccessfullyIfVersionMismatches,\x00\x00\x00\x00,1715915464667.c8999e91ee09013ad40fbc4bb5081242., state=FSERVER_ZK_ENTITYGROUP_OPENED, servername=MockServer,123,-1, createTime=1715915464791, payload.length=0
24/05/17 03:11:04 DEBUG zookeeper.ZKAssign: unittest-0xff8f84881fc30001 Attempting to transition node c8999e91ee09013ad40fbc4bb5081242 from FSERVER_ZK_ENTITYGROUP_OPENED to FSERVER_ZK_ENTITYGROUP_OPENED
24/05/17 03:11:04 DEBUG zookeeper.ZKUtil: unittest-0xff8f84881fc30001 Retrieved 161 byte(s) of data from znode /wasp/unassigned/c8999e91ee09013ad40fbc4bb5081242; data=entityGroup=testShouldNotCompeleteOpenedEntityGroupSuccessfullyIfVersionMismatches,\x00\x00\x00\x00,1715915464667.c8999e91ee09013ad40fbc4bb5081242., state=FSERVER_ZK_ENTITYGROUP_OPENED, servername=MockServer,123,-1, createTime=1715915464791, payload.length=0
24/05/17 03:11:04 DEBUG zookeeper.ZooKeeperWatcher: unittest-0xff8f84881fc30001 Received ZooKeeper Event, type=NodeDataChanged, state=SyncConnected, path=/wasp/unassigned/c8999e91ee09013ad40fbc4bb5081242
24/05/17 03:11:04 DEBUG zookeeper.ZKAssign: unittest-0xff8f84881fc30001 Successfully transitioned node c8999e91ee09013ad40fbc4bb5081242 from FSERVER_ZK_ENTITYGROUP_OPENED to FSERVER_ZK_ENTITYGROUP_OPENED
24/05/17 03:11:04 WARN handler.OpenedEntityGroupHandler: Skipping the onlining of testShouldNotCompeleteOpenedEntityGroupSuccessfullyIfVersionMismatches,\x00\x00\x00\x00,1715915464667.c8999e91ee09013ad40fbc4bb5081242. because entityGroups is NOT in EGIT -- presuming this is because it SPLIT
24/05/17 03:11:04 DEBUG fserver.EntityGroup: Closing testShouldNotCompeleteOpenedEntityGroupSuccessfullyIfVersionMismatches,\x00\x00\x00\x00,1715915464667.c8999e91ee09013ad40fbc4bb5081242.
24/05/17 03:11:04 DEBUG fserver.EntityGroup: Updates disabled for entityGroup testShouldNotCompeleteOpenedEntityGroupSuccessfullyIfVersionMismatches,\x00\x00\x00\x00,1715915464667.c8999e91ee09013ad40fbc4bb5081242.
24/05/17 03:11:04 INFO fserver.EntityGroup: Running commit transaction of testShouldNotCompeleteOpenedEntityGroupSuccessfullyIfVersionMismatches,\x00\x00\x00\x00,1715915464667.c8999e91ee09013ad40fbc4bb5081242. before close
24/05/17 03:11:04 INFO fserver.EntityGroup: Closed testShouldNotCompeleteOpenedEntityGroupSuccessfullyIfVersionMismatches,\x00\x00\x00\x00,1715915464667.c8999e91ee09013ad40fbc4bb5081242.
24/05/17 03:11:04 INFO server.NIOServerCnxnFactory: NIOServerCnxn factory exited run method
24/05/17 03:11:04 INFO server.SessionTrackerImpl: Shutting down
24/05/17 03:11:04 INFO server.SyncRequestProcessor: Shutting down
24/05/17 03:11:04 INFO server.SyncRequestProcessor: SyncRequestProcessor exited!
24/05/17 03:11:04 INFO server.FinalRequestProcessor: shutdown of request processor complete
24/05/17 03:11:04 INFO wasp.WaspTestingUtility: Shutting down mini wasp cluster
24/05/17 03:11:04 INFO wasp.WaspTestingUtility: Minicluster is down
24/05/17 03:11:04 DEBUG fserver.MetricsEntityGroupSourceImpl: Creating new MetricsEntityGroupSourceImpl for table MetricsEntityGroupWrapperStub DEADBEEF001
24/05/17 03:11:04 INFO wasp.WaspTestingUtility: Starting up minicluster with 1 master(s) and 3 fserver(s) 
24/05/17 03:11:04 DEBUG zookeeper.ZooKeeperWatcher: MockServer,123,-1-0xff8f84881fc30000 Received ZooKeeper Event, type=None, state=Disconnected, path=null
24/05/17 03:11:04 DEBUG zookeeper.ZooKeeperWatcher: unittest-0xff8f84881fc30001 Received ZooKeeper Event, type=None, state=Disconnected, path=null
24/05/17 03:11:04 DEBUG zookeeper.ZooKeeperWatcher: unittest-0xff8f84881fc30001 Received Disconnected from ZooKeeper, ignoring
24/05/17 03:11:04 DEBUG zookeeper.ZooKeeperWatcher: MockServer,123,-1-0xff8f84881fc30000 Received Disconnected from ZooKeeper, ignoring
Starting DataNode 0 with dfs.data.dir: /home/idflakies/alibaba/wasp/target/test-data/c84a30e6-813f-4d17-a6ac-5d40367e3c64/dfscluster_3c3e656e-4c7e-4612-a609-74b551c34780/dfs/data/data1,/home/idflakies/alibaba/wasp/target/test-data/c84a30e6-813f-4d17-a6ac-5d40367e3c64/dfscluster_3c3e656e-4c7e-4612-a609-74b551c34780/dfs/data/data2
24/05/17 03:11:05 ERROR datanode.DataNode: All directories in dfs.data.dir are invalid.
24/05/17 03:11:05 INFO wasp.WaspTestingUtility: Shutting down mini wasp cluster
24/05/17 03:11:05 INFO wasp.WaspTestingUtility: Minicluster is down
java.lang.NullPointerException
	at org.apache.hadoop.hdfs.MiniDFSCluster.startDataNodes(MiniDFSCluster.java:422)
	at org.apache.hadoop.hdfs.MiniDFSCluster.<init>(MiniDFSCluster.java:280)
	at org.apache.hadoop.hbase.HBaseTestingUtility.startMiniDFSCluster(HBaseTestingUtility.java:451)
	at org.apache.hadoop.hbase.HBaseTestingUtility.startMiniCluster(HBaseTestingUtility.java:619)
	at org.apache.hadoop.hbase.HBaseTestingUtility.startMiniCluster(HBaseTestingUtility.java:575)
	at com.alibaba.wasp.WaspTestingUtility.startMiniCluster(WaspTestingUtility.java:172)
	at com.alibaba.wasp.WaspTestingUtility.startMiniCluster(WaspTestingUtility.java:144)
	at com.alibaba.wasp.jdbc.TestJdbcResultFormatter.setUpBeforeClass(TestJdbcResultFormatter.java:51)
	at sun.reflect.NativeMethodAccessorImpl.invoke0(Native Method)
	at sun.reflect.NativeMethodAccessorImpl.invoke(NativeMethodAccessorImpl.java:62)
	at sun.reflect.DelegatingMethodAccessorImpl.invoke(DelegatingMethodAccessorImpl.java:43)
	at java.lang.reflect.Method.invoke(Method.java:498)
	at org.junit.runners.model.FrameworkMethod$1.runReflectiveCall(FrameworkMethod.java:45)
	at org.junit.internal.runners.model.ReflectiveCallable.run(ReflectiveCallable.java:15)
	at org.junit.runners.model.FrameworkMethod.invokeExplosively(FrameworkMethod.java:42)
	at org.junit.internal.runners.statements.RunBefores.evaluate(RunBefores.java:27)
	at org.junit.internal.runners.statements.RunAfters.evaluate(RunAfters.java:30)
	at org.junit.runners.ParentRunner.run(ParentRunner.java:300)
	at org.junit.runners.Suite.runChild(Suite.java:128)
	at org.junit.runners.Suite.runChild(Suite.java:24)
	at org.junit.runners.ParentRunner$3.run(ParentRunner.java:231)
	at org.junit.runners.ParentRunner$1.schedule(ParentRunner.java:60)
	at org.junit.runners.ParentRunner.runChildren(ParentRunner.java:229)
	at org.junit.runners.ParentRunner.access$000(ParentRunner.java:50)
	at org.junit.runners.ParentRunner$2.evaluate(ParentRunner.java:222)
	at org.junit.runners.ParentRunner.run(ParentRunner.java:300)
	at org.junit.runner.JUnitCore.run(JUnitCore.java:157)
	at org.junit.runner.JUnitCore.run(JUnitCore.java:136)
	at edu.illinois.cs.testrunner.execution.JUnitTestExecutor.execute(JUnitTestExecutor.java:246)
	at edu.illinois.cs.testrunner.execution.JUnitTestExecutor.executeWithJUnit4Runner(JUnitTestExecutor.java:315)
	at edu.illinois.cs.testrunner.execution.JUnitTestExecutor.runOrder(JUnitTestExecutor.java:46)
	at edu.illinois.cs.testrunner.execution.Executor$.$anonfun$run$1(Executor.scala:30)
	at scala.runtime.java8.JFunction0$mcV$sp.apply(JFunction0$mcV$sp.java:12)
	at scala.util.Try$.apply(Try.scala:209)
	at edu.illinois.cs.testrunner.execution.Executor$.run(Executor.scala:28)
	at edu.illinois.cs.testrunner.execution.Executor$.main(Executor.scala:18)
	at edu.illinois.cs.testrunner.execution.Executor.main(Executor.scala)
java.lang.NullPointerException
	at com.alibaba.wasp.jdbc.TestJdbcResultFormatter.tearDownAfterClass(TestJdbcResultFormatter.java:71)
	at sun.reflect.NativeMethodAccessorImpl.invoke0(Native Method)
	at sun.reflect.NativeMethodAccessorImpl.invoke(NativeMethodAccessorImpl.java:62)
	at sun.reflect.DelegatingMethodAccessorImpl.invoke(DelegatingMethodAccessorImpl.java:43)
	at java.lang.reflect.Method.invoke(Method.java:498)
	at org.junit.runners.model.FrameworkMethod$1.runReflectiveCall(FrameworkMethod.java:45)
	at org.junit.internal.runners.model.ReflectiveCallable.run(ReflectiveCallable.java:15)
	at org.junit.runners.model.FrameworkMethod.invokeExplosively(FrameworkMethod.java:42)
	at org.junit.internal.runners.statements.RunAfters.evaluate(RunAfters.java:36)
	at org.junit.runners.ParentRunner.run(ParentRunner.java:300)
	at org.junit.runners.Suite.runChild(Suite.java:128)
	at org.junit.runners.Suite.runChild(Suite.java:24)
	at org.junit.runners.ParentRunner$3.run(ParentRunner.java:231)
	at org.junit.runners.ParentRunner$1.schedule(ParentRunner.java:60)
	at org.junit.runners.ParentRunner.runChildren(ParentRunner.java:229)
	at org.junit.runners.ParentRunner.access$000(ParentRunner.java:50)
	at org.junit.runners.ParentRunner$2.evaluate(ParentRunner.java:222)
	at org.junit.runners.ParentRunner.run(ParentRunner.java:300)
	at org.junit.runner.JUnitCore.run(JUnitCore.java:157)
	at org.junit.runner.JUnitCore.run(JUnitCore.java:136)
	at edu.illinois.cs.testrunner.execution.JUnitTestExecutor.execute(JUnitTestExecutor.java:246)
	at edu.illinois.cs.testrunner.execution.JUnitTestExecutor.executeWithJUnit4Runner(JUnitTestExecutor.java:315)
	at edu.illinois.cs.testrunner.execution.JUnitTestExecutor.runOrder(JUnitTestExecutor.java:46)
	at edu.illinois.cs.testrunner.execution.Executor$.$anonfun$run$1(Executor.scala:30)
	at scala.runtime.java8.JFunction0$mcV$sp.apply(JFunction0$mcV$sp.java:12)
	at scala.util.Try$.apply(Try.scala:209)
	at edu.illinois.cs.testrunner.execution.Executor$.run(Executor.scala:28)
	at edu.illinois.cs.testrunner.execution.Executor$.main(Executor.scala:18)
	at edu.illinois.cs.testrunner.execution.Executor.main(Executor.scala)
24/05/17 03:11:05 DEBUG druid.DruidParser: Parsing SQL CREATE TABLE User { Required Int64 user_id; Required String name; Optional DOUBLE value; }  primary key(user_id),  entity group root, entity group key(user_id);
24/05/17 03:11:05 DEBUG druid.DruidDDLParser: CreateTablePlan CreateTablePlan [table=CREATE TABLE User { 
  REQUIRED INT64 user_id COLUMNFAMILY d;
  REQUIRED STRING name COLUMNFAMILY d;
  OPTIONAL DOUBLE value COLUMNFAMILY d;
} 
PRIMARY KEY(user_id),
ENTITY GROUP ROOT,
ENTITY GROUP KEY(user_id);
, splitKeys=null]
24/05/17 03:11:05 DEBUG druid.DruidParser: Parsing SQL CREATE TABLE Photo { Required Int64 user_id columnfamily cf comment 'aaa';  Required Int32 photo_id comment 'child primary key';  Optional Int64 time; Optional String full_url;  Optional String thumbnail_url; Optional string tag; Optional DATETIME date; Optional Int32 int32Type; }  primary key(user_id,photo_id),  in table User,  Entity Group Key(user_id) references User; 
24/05/17 03:11:05 DEBUG druid.DruidDDLParser: CreateTablePlan CreateTablePlan [table=CREATE TABLE Photo { 
  REQUIRED INT64 user_id COLUMNFAMILY cf;
  REQUIRED INT32 photo_id COLUMNFAMILY d;
  OPTIONAL INT64 time COLUMNFAMILY d;
  OPTIONAL STRING full_url COLUMNFAMILY d;
  OPTIONAL STRING thumbnail_url COLUMNFAMILY d;
  OPTIONAL STRING tag COLUMNFAMILY d;
  OPTIONAL DATETIME date COLUMNFAMILY d;
  OPTIONAL INT32 int32Type COLUMNFAMILY d;
} 
PRIMARY KEY(user_id, photo_id, ),
 IN TABLE User,
 ENTITY GROUP KEY(user_id) REFERENCES User;
, splitKeys=null]
CREATE TABLE User { 
  REQUIRED INT64 user_id COLUMNFAMILY d;
  REQUIRED STRING name COLUMNFAMILY d;
} 
PRIMARY KEY(user_id),
ENTITY GROUP ROOT,
ENTITY GROUP KEY(user_id);



CREATE TABLE Photo { 
  REQUIRED INT64 user_id COLUMNFAMILY d;
  REQUIRED INT32 photo_id COLUMNFAMILY d;
  REQUIRED INT64 time COLUMNFAMILY d;
  REQUIRED STRING full_url COLUMNFAMILY d;
  OPTIONAL STRING thumbnail_url COLUMNFAMILY d;
  REPEATED STRING tag COLUMNFAMILY d;
} 
PRIMARY KEY(user_id, photo_id, ),
 IN TABLE User,
 ENTITY GROUP KEY(user_id) REFERENCES User;

24/05/17 03:11:05 DEBUG druid.DruidParser: Parsing SQL CREATE TABLE User { Required Int64 user_id; Required String name; Optional DOUBLE value; }  primary key(user_id),  entity group root, entity group key(user_id);
24/05/17 03:11:05 DEBUG druid.DruidDDLParser: CreateTablePlan CreateTablePlan [table=CREATE TABLE User { 
  REQUIRED INT64 user_id COLUMNFAMILY d;
  REQUIRED STRING name COLUMNFAMILY d;
  OPTIONAL DOUBLE value COLUMNFAMILY d;
} 
PRIMARY KEY(user_id),
ENTITY GROUP ROOT,
ENTITY GROUP KEY(user_id);
, splitKeys=null]
24/05/17 03:11:05 DEBUG druid.DruidParser: Parsing SQL CREATE TABLE Photo { Required Int64 user_id columnfamily cf comment 'aaa';  Required Int32 photo_id comment 'child primary key';  Optional Int64 time; Optional String full_url;  Optional String thumbnail_url; Optional string tag; Optional DATETIME date; Optional Int32 int32Type; }  primary key(user_id,photo_id),  in table User,  Entity Group Key(user_id) references User; 
24/05/17 03:11:05 DEBUG druid.DruidDDLParser: CreateTablePlan CreateTablePlan [table=CREATE TABLE Photo { 
  REQUIRED INT64 user_id COLUMNFAMILY cf;
  REQUIRED INT32 photo_id COLUMNFAMILY d;
  OPTIONAL INT64 time COLUMNFAMILY d;
  OPTIONAL STRING full_url COLUMNFAMILY d;
  OPTIONAL STRING thumbnail_url COLUMNFAMILY d;
  OPTIONAL STRING tag COLUMNFAMILY d;
  OPTIONAL DATETIME date COLUMNFAMILY d;
  OPTIONAL INT32 int32Type COLUMNFAMILY d;
} 
PRIMARY KEY(user_id, photo_id, ),
 IN TABLE User,
 ENTITY GROUP KEY(user_id) REFERENCES User;
, splitKeys=null]
24/05/17 03:11:05 DEBUG druid.DruidParser: Parsing SQL DELETE FROM User1 WHERE user_id = 123;
24/05/17 03:11:05 DEBUG druid.DruidDMLParser: UPDATE SQL From clause User1
24/05/17 03:11:05 ERROR druid.DruidParserTestUtil: execute
com.alibaba.wasp.TableNotFoundException: User1 not exists!
	at com.alibaba.wasp.plan.parser.druid.FMetaEventOperation.checkAndGetTable(FMetaEventOperation.java:79)
	at com.alibaba.wasp.plan.parser.druid.DruidDMLParser.getDeletePlan(DruidDMLParser.java:200)
	at com.alibaba.wasp.plan.parser.druid.DruidDMLParser.generatePlan(DruidDMLParser.java:108)
	at com.alibaba.wasp.plan.parser.druid.DruidParserTestUtil.execute(DruidParserTestUtil.java:104)
	at com.alibaba.wasp.plan.parser.druid.TestDruidDMLFailParser.getDeleteFailedPlan(TestDruidDMLFailParser.java:142)
	at sun.reflect.NativeMethodAccessorImpl.invoke0(Native Method)
	at sun.reflect.NativeMethodAccessorImpl.invoke(NativeMethodAccessorImpl.java:62)
	at sun.reflect.DelegatingMethodAccessorImpl.invoke(DelegatingMethodAccessorImpl.java:43)
	at java.lang.reflect.Method.invoke(Method.java:498)
	at org.junit.runners.model.FrameworkMethod$1.runReflectiveCall(FrameworkMethod.java:45)
	at org.junit.internal.runners.model.ReflectiveCallable.run(ReflectiveCallable.java:15)
	at org.junit.runners.model.FrameworkMethod.invokeExplosively(FrameworkMethod.java:42)
	at org.junit.internal.runners.statements.InvokeMethod.evaluate(InvokeMethod.java:20)
	at org.junit.internal.runners.statements.RunBefores.evaluate(RunBefores.java:28)
	at org.junit.internal.runners.statements.RunAfters.evaluate(RunAfters.java:30)
	at org.junit.runners.ParentRunner.runLeaf(ParentRunner.java:263)
	at org.junit.runners.BlockJUnit4ClassRunner.runChild(BlockJUnit4ClassRunner.java:68)
	at org.junit.runners.BlockJUnit4ClassRunner.runChild(BlockJUnit4ClassRunner.java:47)
	at org.junit.runners.ParentRunner$3.run(ParentRunner.java:231)
	at org.junit.runners.ParentRunner$1.schedule(ParentRunner.java:60)
	at org.junit.runners.ParentRunner.runChildren(ParentRunner.java:229)
	at org.junit.runners.ParentRunner.access$000(ParentRunner.java:50)
	at org.junit.runners.ParentRunner$2.evaluate(ParentRunner.java:222)
	at org.junit.internal.runners.statements.RunBefores.evaluate(RunBefores.java:28)
	at org.junit.internal.runners.statements.RunAfters.evaluate(RunAfters.java:30)
	at org.junit.runners.ParentRunner.run(ParentRunner.java:300)
	at org.junit.runners.Suite.runChild(Suite.java:128)
	at org.junit.runners.Suite.runChild(Suite.java:24)
	at org.junit.runners.ParentRunner$3.run(ParentRunner.java:231)
	at org.junit.runners.ParentRunner$1.schedule(ParentRunner.java:60)
	at org.junit.runners.ParentRunner.runChildren(ParentRunner.java:229)
	at org.junit.runners.ParentRunner.access$000(ParentRunner.java:50)
	at org.junit.runners.ParentRunner$2.evaluate(ParentRunner.java:222)
	at org.junit.runners.ParentRunner.run(ParentRunner.java:300)
	at org.junit.runner.JUnitCore.run(JUnitCore.java:157)
	at org.junit.runner.JUnitCore.run(JUnitCore.java:136)
	at edu.illinois.cs.testrunner.execution.JUnitTestExecutor.execute(JUnitTestExecutor.java:246)
	at edu.illinois.cs.testrunner.execution.JUnitTestExecutor.executeWithJUnit4Runner(JUnitTestExecutor.java:315)
	at edu.illinois.cs.testrunner.execution.JUnitTestExecutor.runOrder(JUnitTestExecutor.java:46)
	at edu.illinois.cs.testrunner.execution.Executor$.$anonfun$run$1(Executor.scala:30)
	at scala.runtime.java8.JFunction0$mcV$sp.apply(JFunction0$mcV$sp.java:12)
	at scala.util.Try$.apply(Try.scala:209)
	at edu.illinois.cs.testrunner.execution.Executor$.run(Executor.scala:28)
	at edu.illinois.cs.testrunner.execution.Executor$.main(Executor.scala:18)
	at edu.illinois.cs.testrunner.execution.Executor.main(Executor.scala)
24/05/17 03:11:05 DEBUG druid.DruidParser: Parsing SQL DELETE FROM User WHERE user_id2 = 123;
24/05/17 03:11:05 DEBUG druid.DruidDMLParser: UPDATE SQL From clause User
24/05/17 03:11:05 DEBUG druid.DruidDMLParser: UPDATE SQL where user_id2 = 123
24/05/17 03:11:05 ERROR druid.DruidParserTestUtil: execute
com.alibaba.wasp.plan.parser.UnsupportedException: User does not have column 'user_id2'!
	at com.alibaba.wasp.plan.parser.druid.FMetaEventOperation.checkAndGetFields(FMetaEventOperation.java:114)
	at com.alibaba.wasp.plan.parser.druid.DruidDMLParser.getDeletePlan(DruidDMLParser.java:213)
	at com.alibaba.wasp.plan.parser.druid.DruidDMLParser.generatePlan(DruidDMLParser.java:108)
	at com.alibaba.wasp.plan.parser.druid.DruidParserTestUtil.execute(DruidParserTestUtil.java:104)
	at com.alibaba.wasp.plan.parser.druid.TestDruidDMLFailParser.getDeleteFailedPlan(TestDruidDMLFailParser.java:142)
	at sun.reflect.NativeMethodAccessorImpl.invoke0(Native Method)
	at sun.reflect.NativeMethodAccessorImpl.invoke(NativeMethodAccessorImpl.java:62)
	at sun.reflect.DelegatingMethodAccessorImpl.invoke(DelegatingMethodAccessorImpl.java:43)
	at java.lang.reflect.Method.invoke(Method.java:498)
	at org.junit.runners.model.FrameworkMethod$1.runReflectiveCall(FrameworkMethod.java:45)
	at org.junit.internal.runners.model.ReflectiveCallable.run(ReflectiveCallable.java:15)
	at org.junit.runners.model.FrameworkMethod.invokeExplosively(FrameworkMethod.java:42)
	at org.junit.internal.runners.statements.InvokeMethod.evaluate(InvokeMethod.java:20)
	at org.junit.internal.runners.statements.RunBefores.evaluate(RunBefores.java:28)
	at org.junit.internal.runners.statements.RunAfters.evaluate(RunAfters.java:30)
	at org.junit.runners.ParentRunner.runLeaf(ParentRunner.java:263)
	at org.junit.runners.BlockJUnit4ClassRunner.runChild(BlockJUnit4ClassRunner.java:68)
	at org.junit.runners.BlockJUnit4ClassRunner.runChild(BlockJUnit4ClassRunner.java:47)
	at org.junit.runners.ParentRunner$3.run(ParentRunner.java:231)
	at org.junit.runners.ParentRunner$1.schedule(ParentRunner.java:60)
	at org.junit.runners.ParentRunner.runChildren(ParentRunner.java:229)
	at org.junit.runners.ParentRunner.access$000(ParentRunner.java:50)
	at org.junit.runners.ParentRunner$2.evaluate(ParentRunner.java:222)
	at org.junit.internal.runners.statements.RunBefores.evaluate(RunBefores.java:28)
	at org.junit.internal.runners.statements.RunAfters.evaluate(RunAfters.java:30)
	at org.junit.runners.ParentRunner.run(ParentRunner.java:300)
	at org.junit.runners.Suite.runChild(Suite.java:128)
	at org.junit.runners.Suite.runChild(Suite.java:24)
	at org.junit.runners.ParentRunner$3.run(ParentRunner.java:231)
	at org.junit.runners.ParentRunner$1.schedule(ParentRunner.java:60)
	at org.junit.runners.ParentRunner.runChildren(ParentRunner.java:229)
	at org.junit.runners.ParentRunner.access$000(ParentRunner.java:50)
	at org.junit.runners.ParentRunner$2.evaluate(ParentRunner.java:222)
	at org.junit.runners.ParentRunner.run(ParentRunner.java:300)
	at org.junit.runner.JUnitCore.run(JUnitCore.java:157)
	at org.junit.runner.JUnitCore.run(JUnitCore.java:136)
	at edu.illinois.cs.testrunner.execution.JUnitTestExecutor.execute(JUnitTestExecutor.java:246)
	at edu.illinois.cs.testrunner.execution.JUnitTestExecutor.executeWithJUnit4Runner(JUnitTestExecutor.java:315)
	at edu.illinois.cs.testrunner.execution.JUnitTestExecutor.runOrder(JUnitTestExecutor.java:46)
	at edu.illinois.cs.testrunner.execution.Executor$.$anonfun$run$1(Executor.scala:30)
	at scala.runtime.java8.JFunction0$mcV$sp.apply(JFunction0$mcV$sp.java:12)
	at scala.util.Try$.apply(Try.scala:209)
	at edu.illinois.cs.testrunner.execution.Executor$.run(Executor.scala:28)
	at edu.illinois.cs.testrunner.execution.Executor$.main(Executor.scala:18)
	at edu.illinois.cs.testrunner.execution.Executor.main(Executor.scala)
24/05/17 03:11:05 DEBUG druid.DruidParser: Parsing SQL DELETE FROM Photo WHERE photo_id = 123;
24/05/17 03:11:05 DEBUG druid.DruidDMLParser: UPDATE SQL From clause Photo
24/05/17 03:11:05 DEBUG druid.DruidDMLParser: UPDATE SQL where photo_id = 123
24/05/17 03:11:05 ERROR druid.DruidParserTestUtil: execute
com.alibaba.wasp.NotMatchPrimaryKeyException: Not match primary key.
	at com.alibaba.wasp.plan.parser.druid.DruidDMLParser.getDeletePlan(DruidDMLParser.java:218)
	at com.alibaba.wasp.plan.parser.druid.DruidDMLParser.generatePlan(DruidDMLParser.java:108)
	at com.alibaba.wasp.plan.parser.druid.DruidParserTestUtil.execute(DruidParserTestUtil.java:104)
	at com.alibaba.wasp.plan.parser.druid.TestDruidDMLFailParser.getDeleteFailedPlan(TestDruidDMLFailParser.java:142)
	at sun.reflect.NativeMethodAccessorImpl.invoke0(Native Method)
	at sun.reflect.NativeMethodAccessorImpl.invoke(NativeMethodAccessorImpl.java:62)
	at sun.reflect.DelegatingMethodAccessorImpl.invoke(DelegatingMethodAccessorImpl.java:43)
	at java.lang.reflect.Method.invoke(Method.java:498)
	at org.junit.runners.model.FrameworkMethod$1.runReflectiveCall(FrameworkMethod.java:45)
	at org.junit.internal.runners.model.ReflectiveCallable.run(ReflectiveCallable.java:15)
	at org.junit.runners.model.FrameworkMethod.invokeExplosively(FrameworkMethod.java:42)
	at org.junit.internal.runners.statements.InvokeMethod.evaluate(InvokeMethod.java:20)
	at org.junit.internal.runners.statements.RunBefores.evaluate(RunBefores.java:28)
	at org.junit.internal.runners.statements.RunAfters.evaluate(RunAfters.java:30)
	at org.junit.runners.ParentRunner.runLeaf(ParentRunner.java:263)
	at org.junit.runners.BlockJUnit4ClassRunner.runChild(BlockJUnit4ClassRunner.java:68)
	at org.junit.runners.BlockJUnit4ClassRunner.runChild(BlockJUnit4ClassRunner.java:47)
	at org.junit.runners.ParentRunner$3.run(ParentRunner.java:231)
	at org.junit.runners.ParentRunner$1.schedule(ParentRunner.java:60)
	at org.junit.runners.ParentRunner.runChildren(ParentRunner.java:229)
	at org.junit.runners.ParentRunner.access$000(ParentRunner.java:50)
	at org.junit.runners.ParentRunner$2.evaluate(ParentRunner.java:222)
	at org.junit.internal.runners.statements.RunBefores.evaluate(RunBefores.java:28)
	at org.junit.internal.runners.statements.RunAfters.evaluate(RunAfters.java:30)
	at org.junit.runners.ParentRunner.run(ParentRunner.java:300)
	at org.junit.runners.Suite.runChild(Suite.java:128)
	at org.junit.runners.Suite.runChild(Suite.java:24)
	at org.junit.runners.ParentRunner$3.run(ParentRunner.java:231)
	at org.junit.runners.ParentRunner$1.schedule(ParentRunner.java:60)
	at org.junit.runners.ParentRunner.runChildren(ParentRunner.java:229)
	at org.junit.runners.ParentRunner.access$000(ParentRunner.java:50)
	at org.junit.runners.ParentRunner$2.evaluate(ParentRunner.java:222)
	at org.junit.runners.ParentRunner.run(ParentRunner.java:300)
	at org.junit.runner.JUnitCore.run(JUnitCore.java:157)
	at org.junit.runner.JUnitCore.run(JUnitCore.java:136)
	at edu.illinois.cs.testrunner.execution.JUnitTestExecutor.execute(JUnitTestExecutor.java:246)
	at edu.illinois.cs.testrunner.execution.JUnitTestExecutor.executeWithJUnit4Runner(JUnitTestExecutor.java:315)
	at edu.illinois.cs.testrunner.execution.JUnitTestExecutor.runOrder(JUnitTestExecutor.java:46)
	at edu.illinois.cs.testrunner.execution.Executor$.$anonfun$run$1(Executor.scala:30)
	at scala.runtime.java8.JFunction0$mcV$sp.apply(JFunction0$mcV$sp.java:12)
	at scala.util.Try$.apply(Try.scala:209)
	at edu.illinois.cs.testrunner.execution.Executor$.run(Executor.scala:28)
	at edu.illinois.cs.testrunner.execution.Executor$.main(Executor.scala:18)
	at edu.illinois.cs.testrunner.execution.Executor.main(Executor.scala)
24/05/17 03:11:05 DEBUG druid.DruidParser: Parsing SQL DELETE FROM User WHERE user_id >= 123;
24/05/17 03:11:05 DEBUG druid.DruidDMLParser: UPDATE SQL From clause User
24/05/17 03:11:05 DEBUG druid.DruidDMLParser: UPDATE SQL where user_id >= 123
24/05/17 03:11:05 ERROR druid.DruidParserTestUtil: execute
com.alibaba.wasp.plan.parser.UnsupportedException: RANGE is not supported!
	at com.alibaba.wasp.plan.parser.druid.DruidDMLParser.getDeletePlan(DruidDMLParser.java:209)
	at com.alibaba.wasp.plan.parser.druid.DruidDMLParser.generatePlan(DruidDMLParser.java:108)
	at com.alibaba.wasp.plan.parser.druid.DruidParserTestUtil.execute(DruidParserTestUtil.java:104)
	at com.alibaba.wasp.plan.parser.druid.TestDruidDMLFailParser.getDeleteFailedPlan(TestDruidDMLFailParser.java:142)
	at sun.reflect.NativeMethodAccessorImpl.invoke0(Native Method)
	at sun.reflect.NativeMethodAccessorImpl.invoke(NativeMethodAccessorImpl.java:62)
	at sun.reflect.DelegatingMethodAccessorImpl.invoke(DelegatingMethodAccessorImpl.java:43)
	at java.lang.reflect.Method.invoke(Method.java:498)
	at org.junit.runners.model.FrameworkMethod$1.runReflectiveCall(FrameworkMethod.java:45)
	at org.junit.internal.runners.model.ReflectiveCallable.run(ReflectiveCallable.java:15)
	at org.junit.runners.model.FrameworkMethod.invokeExplosively(FrameworkMethod.java:42)
	at org.junit.internal.runners.statements.InvokeMethod.evaluate(InvokeMethod.java:20)
	at org.junit.internal.runners.statements.RunBefores.evaluate(RunBefores.java:28)
	at org.junit.internal.runners.statements.RunAfters.evaluate(RunAfters.java:30)
	at org.junit.runners.ParentRunner.runLeaf(ParentRunner.java:263)
	at org.junit.runners.BlockJUnit4ClassRunner.runChild(BlockJUnit4ClassRunner.java:68)
	at org.junit.runners.BlockJUnit4ClassRunner.runChild(BlockJUnit4ClassRunner.java:47)
	at org.junit.runners.ParentRunner$3.run(ParentRunner.java:231)
	at org.junit.runners.ParentRunner$1.schedule(ParentRunner.java:60)
	at org.junit.runners.ParentRunner.runChildren(ParentRunner.java:229)
	at org.junit.runners.ParentRunner.access$000(ParentRunner.java:50)
	at org.junit.runners.ParentRunner$2.evaluate(ParentRunner.java:222)
	at org.junit.internal.runners.statements.RunBefores.evaluate(RunBefores.java:28)
	at org.junit.internal.runners.statements.RunAfters.evaluate(RunAfters.java:30)
	at org.junit.runners.ParentRunner.run(ParentRunner.java:300)
	at org.junit.runners.Suite.runChild(Suite.java:128)
	at org.junit.runners.Suite.runChild(Suite.java:24)
	at org.junit.runners.ParentRunner$3.run(ParentRunner.java:231)
	at org.junit.runners.ParentRunner$1.schedule(ParentRunner.java:60)
	at org.junit.runners.ParentRunner.runChildren(ParentRunner.java:229)
	at org.junit.runners.ParentRunner.access$000(ParentRunner.java:50)
	at org.junit.runners.ParentRunner$2.evaluate(ParentRunner.java:222)
	at org.junit.runners.ParentRunner.run(ParentRunner.java:300)
	at org.junit.runner.JUnitCore.run(JUnitCore.java:157)
	at org.junit.runner.JUnitCore.run(JUnitCore.java:136)
	at edu.illinois.cs.testrunner.execution.JUnitTestExecutor.execute(JUnitTestExecutor.java:246)
	at edu.illinois.cs.testrunner.execution.JUnitTestExecutor.executeWithJUnit4Runner(JUnitTestExecutor.java:315)
	at edu.illinois.cs.testrunner.execution.JUnitTestExecutor.runOrder(JUnitTestExecutor.java:46)
	at edu.illinois.cs.testrunner.execution.Executor$.$anonfun$run$1(Executor.scala:30)
	at scala.runtime.java8.JFunction0$mcV$sp.apply(JFunction0$mcV$sp.java:12)
	at scala.util.Try$.apply(Try.scala:209)
	at edu.illinois.cs.testrunner.execution.Executor$.run(Executor.scala:28)
	at edu.illinois.cs.testrunner.execution.Executor$.main(Executor.scala:18)
	at edu.illinois.cs.testrunner.execution.Executor.main(Executor.scala)
24/05/17 03:11:05 DEBUG druid.DruidParser: Parsing SQL CREATE TABLE User { Required Int64 user_id; Required String name; Optional DOUBLE value; }  primary key(user_id),  entity group root, entity group key(user_id);
24/05/17 03:11:05 DEBUG druid.DruidDDLParser: CreateTablePlan CreateTablePlan [table=CREATE TABLE User { 
  REQUIRED INT64 user_id COLUMNFAMILY d;
  REQUIRED STRING name COLUMNFAMILY d;
  OPTIONAL DOUBLE value COLUMNFAMILY d;
} 
PRIMARY KEY(user_id),
ENTITY GROUP ROOT,
ENTITY GROUP KEY(user_id);
, splitKeys=null]
24/05/17 03:11:05 DEBUG druid.DruidParser: Parsing SQL CREATE TABLE Photo { Required Int64 user_id columnfamily cf comment 'aaa';  Required Int32 photo_id comment 'child primary key';  Optional Int64 time; Optional String full_url;  Optional String thumbnail_url; Optional string tag; Optional DATETIME date; Optional Int32 int32Type; }  primary key(user_id,photo_id),  in table User,  Entity Group Key(user_id) references User; 
24/05/17 03:11:05 DEBUG druid.DruidDDLParser: CreateTablePlan CreateTablePlan [table=CREATE TABLE Photo { 
  REQUIRED INT64 user_id COLUMNFAMILY cf;
  REQUIRED INT32 photo_id COLUMNFAMILY d;
  OPTIONAL INT64 time COLUMNFAMILY d;
  OPTIONAL STRING full_url COLUMNFAMILY d;
  OPTIONAL STRING thumbnail_url COLUMNFAMILY d;
  OPTIONAL STRING tag COLUMNFAMILY d;
  OPTIONAL DATETIME date COLUMNFAMILY d;
  OPTIONAL INT32 int32Type COLUMNFAMILY d;
} 
PRIMARY KEY(user_id, photo_id, ),
 IN TABLE User,
 ENTITY GROUP KEY(user_id) REFERENCES User;
, splitKeys=null]
24/05/17 03:11:05 DEBUG druid.DruidParser: Parsing SQL UPDATE User1 SET name = 'Mike' WHERE user_id = 123;
24/05/17 03:11:05 DEBUG druid.DruidDMLParser: UPDATE SQL From clause User1
24/05/17 03:11:05 ERROR druid.DruidParserTestUtil: execute
com.alibaba.wasp.TableNotFoundException: User1 not exists!
	at com.alibaba.wasp.plan.parser.druid.FMetaEventOperation.checkAndGetTable(FMetaEventOperation.java:79)
	at com.alibaba.wasp.plan.parser.druid.DruidDMLParser.getUpdatePlan(DruidDMLParser.java:253)
	at com.alibaba.wasp.plan.parser.druid.DruidDMLParser.generatePlan(DruidDMLParser.java:102)
	at com.alibaba.wasp.plan.parser.druid.DruidParserTestUtil.execute(DruidParserTestUtil.java:104)
	at com.alibaba.wasp.plan.parser.druid.TestDruidDMLFailParser.getUpdateFailedPlan(TestDruidDMLFailParser.java:124)
	at sun.reflect.NativeMethodAccessorImpl.invoke0(Native Method)
	at sun.reflect.NativeMethodAccessorImpl.invoke(NativeMethodAccessorImpl.java:62)
	at sun.reflect.DelegatingMethodAccessorImpl.invoke(DelegatingMethodAccessorImpl.java:43)
	at java.lang.reflect.Method.invoke(Method.java:498)
	at org.junit.runners.model.FrameworkMethod$1.runReflectiveCall(FrameworkMethod.java:45)
	at org.junit.internal.runners.model.ReflectiveCallable.run(ReflectiveCallable.java:15)
	at org.junit.runners.model.FrameworkMethod.invokeExplosively(FrameworkMethod.java:42)
	at org.junit.internal.runners.statements.InvokeMethod.evaluate(InvokeMethod.java:20)
	at org.junit.internal.runners.statements.RunBefores.evaluate(RunBefores.java:28)
	at org.junit.internal.runners.statements.RunAfters.evaluate(RunAfters.java:30)
	at org.junit.runners.ParentRunner.runLeaf(ParentRunner.java:263)
	at org.junit.runners.BlockJUnit4ClassRunner.runChild(BlockJUnit4ClassRunner.java:68)
	at org.junit.runners.BlockJUnit4ClassRunner.runChild(BlockJUnit4ClassRunner.java:47)
	at org.junit.runners.ParentRunner$3.run(ParentRunner.java:231)
	at org.junit.runners.ParentRunner$1.schedule(ParentRunner.java:60)
	at org.junit.runners.ParentRunner.runChildren(ParentRunner.java:229)
	at org.junit.runners.ParentRunner.access$000(ParentRunner.java:50)
	at org.junit.runners.ParentRunner$2.evaluate(ParentRunner.java:222)
	at org.junit.internal.runners.statements.RunBefores.evaluate(RunBefores.java:28)
	at org.junit.internal.runners.statements.RunAfters.evaluate(RunAfters.java:30)
	at org.junit.runners.ParentRunner.run(ParentRunner.java:300)
	at org.junit.runners.Suite.runChild(Suite.java:128)
	at org.junit.runners.Suite.runChild(Suite.java:24)
	at org.junit.runners.ParentRunner$3.run(ParentRunner.java:231)
	at org.junit.runners.ParentRunner$1.schedule(ParentRunner.java:60)
	at org.junit.runners.ParentRunner.runChildren(ParentRunner.java:229)
	at org.junit.runners.ParentRunner.access$000(ParentRunner.java:50)
	at org.junit.runners.ParentRunner$2.evaluate(ParentRunner.java:222)
	at org.junit.runners.ParentRunner.run(ParentRunner.java:300)
	at org.junit.runner.JUnitCore.run(JUnitCore.java:157)
	at org.junit.runner.JUnitCore.run(JUnitCore.java:136)
	at edu.illinois.cs.testrunner.execution.JUnitTestExecutor.execute(JUnitTestExecutor.java:246)
	at edu.illinois.cs.testrunner.execution.JUnitTestExecutor.executeWithJUnit4Runner(JUnitTestExecutor.java:315)
	at edu.illinois.cs.testrunner.execution.JUnitTestExecutor.runOrder(JUnitTestExecutor.java:46)
	at edu.illinois.cs.testrunner.execution.Executor$.$anonfun$run$1(Executor.scala:30)
	at scala.runtime.java8.JFunction0$mcV$sp.apply(JFunction0$mcV$sp.java:12)
	at scala.util.Try$.apply(Try.scala:209)
	at edu.illinois.cs.testrunner.execution.Executor$.run(Executor.scala:28)
	at edu.illinois.cs.testrunner.execution.Executor$.main(Executor.scala:18)
	at edu.illinois.cs.testrunner.execution.Executor.main(Executor.scala)
24/05/17 03:11:05 DEBUG druid.DruidParser: Parsing SQL UPDATE User SET name2 = 'Mike' WHERE user_id = 123;
24/05/17 03:11:05 DEBUG druid.DruidDMLParser: UPDATE SQL From clause User
24/05/17 03:11:05 DEBUG druid.DruidDMLParser: UPDATE SQL where user_id = 123
24/05/17 03:11:05 ERROR druid.DruidParserTestUtil: execute
java.lang.NullPointerException
	at com.alibaba.wasp.plan.parser.druid.DruidParser.checkType(DruidParser.java:238)
	at com.alibaba.wasp.plan.parser.druid.DruidDMLParser.getUpdatePlan(DruidDMLParser.java:290)
	at com.alibaba.wasp.plan.parser.druid.DruidDMLParser.generatePlan(DruidDMLParser.java:102)
	at com.alibaba.wasp.plan.parser.druid.DruidParserTestUtil.execute(DruidParserTestUtil.java:104)
	at com.alibaba.wasp.plan.parser.druid.TestDruidDMLFailParser.getUpdateFailedPlan(TestDruidDMLFailParser.java:124)
	at sun.reflect.NativeMethodAccessorImpl.invoke0(Native Method)
	at sun.reflect.NativeMethodAccessorImpl.invoke(NativeMethodAccessorImpl.java:62)
	at sun.reflect.DelegatingMethodAccessorImpl.invoke(DelegatingMethodAccessorImpl.java:43)
	at java.lang.reflect.Method.invoke(Method.java:498)
	at org.junit.runners.model.FrameworkMethod$1.runReflectiveCall(FrameworkMethod.java:45)
	at org.junit.internal.runners.model.ReflectiveCallable.run(ReflectiveCallable.java:15)
	at org.junit.runners.model.FrameworkMethod.invokeExplosively(FrameworkMethod.java:42)
	at org.junit.internal.runners.statements.InvokeMethod.evaluate(InvokeMethod.java:20)
	at org.junit.internal.runners.statements.RunBefores.evaluate(RunBefores.java:28)
	at org.junit.internal.runners.statements.RunAfters.evaluate(RunAfters.java:30)
	at org.junit.runners.ParentRunner.runLeaf(ParentRunner.java:263)
	at org.junit.runners.BlockJUnit4ClassRunner.runChild(BlockJUnit4ClassRunner.java:68)
	at org.junit.runners.BlockJUnit4ClassRunner.runChild(BlockJUnit4ClassRunner.java:47)
	at org.junit.runners.ParentRunner$3.run(ParentRunner.java:231)
	at org.junit.runners.ParentRunner$1.schedule(ParentRunner.java:60)
	at org.junit.runners.ParentRunner.runChildren(ParentRunner.java:229)
	at org.junit.runners.ParentRunner.access$000(ParentRunner.java:50)
	at org.junit.runners.ParentRunner$2.evaluate(ParentRunner.java:222)
	at org.junit.internal.runners.statements.RunBefores.evaluate(RunBefores.java:28)
	at org.junit.internal.runners.statements.RunAfters.evaluate(RunAfters.java:30)
	at org.junit.runners.ParentRunner.run(ParentRunner.java:300)
	at org.junit.runners.Suite.runChild(Suite.java:128)
	at org.junit.runners.Suite.runChild(Suite.java:24)
	at org.junit.runners.ParentRunner$3.run(ParentRunner.java:231)
	at org.junit.runners.ParentRunner$1.schedule(ParentRunner.java:60)
	at org.junit.runners.ParentRunner.runChildren(ParentRunner.java:229)
	at org.junit.runners.ParentRunner.access$000(ParentRunner.java:50)
	at org.junit.runners.ParentRunner$2.evaluate(ParentRunner.java:222)
	at org.junit.runners.ParentRunner.run(ParentRunner.java:300)
	at org.junit.runner.JUnitCore.run(JUnitCore.java:157)
	at org.junit.runner.JUnitCore.run(JUnitCore.java:136)
	at edu.illinois.cs.testrunner.execution.JUnitTestExecutor.execute(JUnitTestExecutor.java:246)
	at edu.illinois.cs.testrunner.execution.JUnitTestExecutor.executeWithJUnit4Runner(JUnitTestExecutor.java:315)
	at edu.illinois.cs.testrunner.execution.JUnitTestExecutor.runOrder(JUnitTestExecutor.java:46)
	at edu.illinois.cs.testrunner.execution.Executor$.$anonfun$run$1(Executor.scala:30)
	at scala.runtime.java8.JFunction0$mcV$sp.apply(JFunction0$mcV$sp.java:12)
	at scala.util.Try$.apply(Try.scala:209)
	at edu.illinois.cs.testrunner.execution.Executor$.run(Executor.scala:28)
	at edu.illinois.cs.testrunner.execution.Executor$.main(Executor.scala:18)
	at edu.illinois.cs.testrunner.execution.Executor.main(Executor.scala)
24/05/17 03:11:05 DEBUG druid.DruidParser: Parsing SQL UPDATE Photo SET time=2000 WHERE photo_id = 123
24/05/17 03:11:05 DEBUG druid.DruidDMLParser: UPDATE SQL From clause Photo
24/05/17 03:11:05 DEBUG druid.DruidDMLParser: UPDATE SQL where photo_id = 123
24/05/17 03:11:05 ERROR druid.DruidParserTestUtil: execute
com.alibaba.wasp.plan.parser.UnsupportedException: [photo_id] is not Primary Key !
	at com.alibaba.wasp.plan.parser.druid.FMetaEventOperation.checkIsPrimaryKey(FMetaEventOperation.java:152)
	at com.alibaba.wasp.plan.parser.druid.DruidDMLParser.getUpdatePlan(DruidDMLParser.java:271)
	at com.alibaba.wasp.plan.parser.druid.DruidDMLParser.generatePlan(DruidDMLParser.java:102)
	at com.alibaba.wasp.plan.parser.druid.DruidParserTestUtil.execute(DruidParserTestUtil.java:104)
	at com.alibaba.wasp.plan.parser.druid.TestDruidDMLFailParser.getUpdateFailedPlan(TestDruidDMLFailParser.java:124)
	at sun.reflect.NativeMethodAccessorImpl.invoke0(Native Method)
	at sun.reflect.NativeMethodAccessorImpl.invoke(NativeMethodAccessorImpl.java:62)
	at sun.reflect.DelegatingMethodAccessorImpl.invoke(DelegatingMethodAccessorImpl.java:43)
	at java.lang.reflect.Method.invoke(Method.java:498)
	at org.junit.runners.model.FrameworkMethod$1.runReflectiveCall(FrameworkMethod.java:45)
	at org.junit.internal.runners.model.ReflectiveCallable.run(ReflectiveCallable.java:15)
	at org.junit.runners.model.FrameworkMethod.invokeExplosively(FrameworkMethod.java:42)
	at org.junit.internal.runners.statements.InvokeMethod.evaluate(InvokeMethod.java:20)
	at org.junit.internal.runners.statements.RunBefores.evaluate(RunBefores.java:28)
	at org.junit.internal.runners.statements.RunAfters.evaluate(RunAfters.java:30)
	at org.junit.runners.ParentRunner.runLeaf(ParentRunner.java:263)
	at org.junit.runners.BlockJUnit4ClassRunner.runChild(BlockJUnit4ClassRunner.java:68)
	at org.junit.runners.BlockJUnit4ClassRunner.runChild(BlockJUnit4ClassRunner.java:47)
	at org.junit.runners.ParentRunner$3.run(ParentRunner.java:231)
	at org.junit.runners.ParentRunner$1.schedule(ParentRunner.java:60)
	at org.junit.runners.ParentRunner.runChildren(ParentRunner.java:229)
	at org.junit.runners.ParentRunner.access$000(ParentRunner.java:50)
	at org.junit.runners.ParentRunner$2.evaluate(ParentRunner.java:222)
	at org.junit.internal.runners.statements.RunBefores.evaluate(RunBefores.java:28)
	at org.junit.internal.runners.statements.RunAfters.evaluate(RunAfters.java:30)
	at org.junit.runners.ParentRunner.run(ParentRunner.java:300)
	at org.junit.runners.Suite.runChild(Suite.java:128)
	at org.junit.runners.Suite.runChild(Suite.java:24)
	at org.junit.runners.ParentRunner$3.run(ParentRunner.java:231)
	at org.junit.runners.ParentRunner$1.schedule(ParentRunner.java:60)
	at org.junit.runners.ParentRunner.runChildren(ParentRunner.java:229)
	at org.junit.runners.ParentRunner.access$000(ParentRunner.java:50)
	at org.junit.runners.ParentRunner$2.evaluate(ParentRunner.java:222)
	at org.junit.runners.ParentRunner.run(ParentRunner.java:300)
	at org.junit.runner.JUnitCore.run(JUnitCore.java:157)
	at org.junit.runner.JUnitCore.run(JUnitCore.java:136)
	at edu.illinois.cs.testrunner.execution.JUnitTestExecutor.execute(JUnitTestExecutor.java:246)
	at edu.illinois.cs.testrunner.execution.JUnitTestExecutor.executeWithJUnit4Runner(JUnitTestExecutor.java:315)
	at edu.illinois.cs.testrunner.execution.JUnitTestExecutor.runOrder(JUnitTestExecutor.java:46)
	at edu.illinois.cs.testrunner.execution.Executor$.$anonfun$run$1(Executor.scala:30)
	at scala.runtime.java8.JFunction0$mcV$sp.apply(JFunction0$mcV$sp.java:12)
	at scala.util.Try$.apply(Try.scala:209)
	at edu.illinois.cs.testrunner.execution.Executor$.run(Executor.scala:28)
	at edu.illinois.cs.testrunner.execution.Executor$.main(Executor.scala:18)
	at edu.illinois.cs.testrunner.execution.Executor.main(Executor.scala)
24/05/17 03:11:05 DEBUG druid.DruidParser: Parsing SQL UPDATE User SET name = 'Mike' WHERE user_id22 = 123;
24/05/17 03:11:05 DEBUG druid.DruidDMLParser: UPDATE SQL From clause User
24/05/17 03:11:05 DEBUG druid.DruidDMLParser: UPDATE SQL where user_id22 = 123
24/05/17 03:11:05 ERROR druid.DruidParserTestUtil: execute
com.alibaba.wasp.plan.parser.UnsupportedException: User does not have column 'user_id22'!
	at com.alibaba.wasp.plan.parser.druid.FMetaEventOperation.checkAndGetFields(FMetaEventOperation.java:114)
	at com.alibaba.wasp.plan.parser.druid.DruidDMLParser.getUpdatePlan(DruidDMLParser.java:269)
	at com.alibaba.wasp.plan.parser.druid.DruidDMLParser.generatePlan(DruidDMLParser.java:102)
	at com.alibaba.wasp.plan.parser.druid.DruidParserTestUtil.execute(DruidParserTestUtil.java:104)
	at com.alibaba.wasp.plan.parser.druid.TestDruidDMLFailParser.getUpdateFailedPlan(TestDruidDMLFailParser.java:124)
	at sun.reflect.NativeMethodAccessorImpl.invoke0(Native Method)
	at sun.reflect.NativeMethodAccessorImpl.invoke(NativeMethodAccessorImpl.java:62)
	at sun.reflect.DelegatingMethodAccessorImpl.invoke(DelegatingMethodAccessorImpl.java:43)
	at java.lang.reflect.Method.invoke(Method.java:498)
	at org.junit.runners.model.FrameworkMethod$1.runReflectiveCall(FrameworkMethod.java:45)
	at org.junit.internal.runners.model.ReflectiveCallable.run(ReflectiveCallable.java:15)
	at org.junit.runners.model.FrameworkMethod.invokeExplosively(FrameworkMethod.java:42)
	at org.junit.internal.runners.statements.InvokeMethod.evaluate(InvokeMethod.java:20)
	at org.junit.internal.runners.statements.RunBefores.evaluate(RunBefores.java:28)
	at org.junit.internal.runners.statements.RunAfters.evaluate(RunAfters.java:30)
	at org.junit.runners.ParentRunner.runLeaf(ParentRunner.java:263)
	at org.junit.runners.BlockJUnit4ClassRunner.runChild(BlockJUnit4ClassRunner.java:68)
	at org.junit.runners.BlockJUnit4ClassRunner.runChild(BlockJUnit4ClassRunner.java:47)
	at org.junit.runners.ParentRunner$3.run(ParentRunner.java:231)
	at org.junit.runners.ParentRunner$1.schedule(ParentRunner.java:60)
	at org.junit.runners.ParentRunner.runChildren(ParentRunner.java:229)
	at org.junit.runners.ParentRunner.access$000(ParentRunner.java:50)
	at org.junit.runners.ParentRunner$2.evaluate(ParentRunner.java:222)
	at org.junit.internal.runners.statements.RunBefores.evaluate(RunBefores.java:28)
	at org.junit.internal.runners.statements.RunAfters.evaluate(RunAfters.java:30)
	at org.junit.runners.ParentRunner.run(ParentRunner.java:300)
	at org.junit.runners.Suite.runChild(Suite.java:128)
	at org.junit.runners.Suite.runChild(Suite.java:24)
	at org.junit.runners.ParentRunner$3.run(ParentRunner.java:231)
	at org.junit.runners.ParentRunner$1.schedule(ParentRunner.java:60)
	at org.junit.runners.ParentRunner.runChildren(ParentRunner.java:229)
	at org.junit.runners.ParentRunner.access$000(ParentRunner.java:50)
	at org.junit.runners.ParentRunner$2.evaluate(ParentRunner.java:222)
	at org.junit.runners.ParentRunner.run(ParentRunner.java:300)
	at org.junit.runner.JUnitCore.run(JUnitCore.java:157)
	at org.junit.runner.JUnitCore.run(JUnitCore.java:136)
	at edu.illinois.cs.testrunner.execution.JUnitTestExecutor.execute(JUnitTestExecutor.java:246)
	at edu.illinois.cs.testrunner.execution.JUnitTestExecutor.executeWithJUnit4Runner(JUnitTestExecutor.java:315)
	at edu.illinois.cs.testrunner.execution.JUnitTestExecutor.runOrder(JUnitTestExecutor.java:46)
	at edu.illinois.cs.testrunner.execution.Executor$.$anonfun$run$1(Executor.scala:30)
	at scala.runtime.java8.JFunction0$mcV$sp.apply(JFunction0$mcV$sp.java:12)
	at scala.util.Try$.apply(Try.scala:209)
	at edu.illinois.cs.testrunner.execution.Executor$.run(Executor.scala:28)
	at edu.illinois.cs.testrunner.execution.Executor$.main(Executor.scala:18)
	at edu.illinois.cs.testrunner.execution.Executor.main(Executor.scala)
24/05/17 03:11:05 DEBUG druid.DruidParser: Parsing SQL UPDATE User SET name = 'Mike' WHERE user_id >= 123;
24/05/17 03:11:05 DEBUG druid.DruidDMLParser: UPDATE SQL From clause User
24/05/17 03:11:05 DEBUG druid.DruidDMLParser: UPDATE SQL where user_id >= 123
24/05/17 03:11:05 ERROR druid.DruidParserTestUtil: execute
com.alibaba.wasp.plan.parser.UnsupportedException: RANGE is not supported by update operation!
	at com.alibaba.wasp.plan.parser.druid.DruidDMLParser.getUpdatePlan(DruidDMLParser.java:263)
	at com.alibaba.wasp.plan.parser.druid.DruidDMLParser.generatePlan(DruidDMLParser.java:102)
	at com.alibaba.wasp.plan.parser.druid.DruidParserTestUtil.execute(DruidParserTestUtil.java:104)
	at com.alibaba.wasp.plan.parser.druid.TestDruidDMLFailParser.getUpdateFailedPlan(TestDruidDMLFailParser.java:124)
	at sun.reflect.NativeMethodAccessorImpl.invoke0(Native Method)
	at sun.reflect.NativeMethodAccessorImpl.invoke(NativeMethodAccessorImpl.java:62)
	at sun.reflect.DelegatingMethodAccessorImpl.invoke(DelegatingMethodAccessorImpl.java:43)
	at java.lang.reflect.Method.invoke(Method.java:498)
	at org.junit.runners.model.FrameworkMethod$1.runReflectiveCall(FrameworkMethod.java:45)
	at org.junit.internal.runners.model.ReflectiveCallable.run(ReflectiveCallable.java:15)
	at org.junit.runners.model.FrameworkMethod.invokeExplosively(FrameworkMethod.java:42)
	at org.junit.internal.runners.statements.InvokeMethod.evaluate(InvokeMethod.java:20)
	at org.junit.internal.runners.statements.RunBefores.evaluate(RunBefores.java:28)
	at org.junit.internal.runners.statements.RunAfters.evaluate(RunAfters.java:30)
	at org.junit.runners.ParentRunner.runLeaf(ParentRunner.java:263)
	at org.junit.runners.BlockJUnit4ClassRunner.runChild(BlockJUnit4ClassRunner.java:68)
	at org.junit.runners.BlockJUnit4ClassRunner.runChild(BlockJUnit4ClassRunner.java:47)
	at org.junit.runners.ParentRunner$3.run(ParentRunner.java:231)
	at org.junit.runners.ParentRunner$1.schedule(ParentRunner.java:60)
	at org.junit.runners.ParentRunner.runChildren(ParentRunner.java:229)
	at org.junit.runners.ParentRunner.access$000(ParentRunner.java:50)
	at org.junit.runners.ParentRunner$2.evaluate(ParentRunner.java:222)
	at org.junit.internal.runners.statements.RunBefores.evaluate(RunBefores.java:28)
	at org.junit.internal.runners.statements.RunAfters.evaluate(RunAfters.java:30)
	at org.junit.runners.ParentRunner.run(ParentRunner.java:300)
	at org.junit.runners.Suite.runChild(Suite.java:128)
	at org.junit.runners.Suite.runChild(Suite.java:24)
	at org.junit.runners.ParentRunner$3.run(ParentRunner.java:231)
	at org.junit.runners.ParentRunner$1.schedule(ParentRunner.java:60)
	at org.junit.runners.ParentRunner.runChildren(ParentRunner.java:229)
	at org.junit.runners.ParentRunner.access$000(ParentRunner.java:50)
	at org.junit.runners.ParentRunner$2.evaluate(ParentRunner.java:222)
	at org.junit.runners.ParentRunner.run(ParentRunner.java:300)
	at org.junit.runner.JUnitCore.run(JUnitCore.java:157)
	at org.junit.runner.JUnitCore.run(JUnitCore.java:136)
	at edu.illinois.cs.testrunner.execution.JUnitTestExecutor.execute(JUnitTestExecutor.java:246)
	at edu.illinois.cs.testrunner.execution.JUnitTestExecutor.executeWithJUnit4Runner(JUnitTestExecutor.java:315)
	at edu.illinois.cs.testrunner.execution.JUnitTestExecutor.runOrder(JUnitTestExecutor.java:46)
	at edu.illinois.cs.testrunner.execution.Executor$.$anonfun$run$1(Executor.scala:30)
	at scala.runtime.java8.JFunction0$mcV$sp.apply(JFunction0$mcV$sp.java:12)
	at scala.util.Try$.apply(Try.scala:209)
	at edu.illinois.cs.testrunner.execution.Executor$.run(Executor.scala:28)
	at edu.illinois.cs.testrunner.execution.Executor$.main(Executor.scala:18)
	at edu.illinois.cs.testrunner.execution.Executor.main(Executor.scala)
24/05/17 03:11:05 DEBUG druid.DruidParser: Parsing SQL UPDATE Photo SET photo_id=2000 WHERE user_id = 321 and photo_id = 123
24/05/17 03:11:05 DEBUG druid.DruidDMLParser: UPDATE SQL From clause Photo
24/05/17 03:11:05 DEBUG druid.DruidDMLParser: UPDATE SQL where user_id = 321 AND photo_id = 123
24/05/17 03:11:05 ERROR druid.DruidParserTestUtil: execute
com.alibaba.wasp.plan.parser.UnsupportedException: photo_id is primary key!
	at com.alibaba.wasp.plan.parser.druid.FMetaEventOperation.checkFieldNotInPrimaryKeys(FMetaEventOperation.java:195)
	at com.alibaba.wasp.plan.parser.druid.DruidDMLParser.getUpdatePlan(DruidDMLParser.java:287)
	at com.alibaba.wasp.plan.parser.druid.DruidDMLParser.generatePlan(DruidDMLParser.java:102)
	at com.alibaba.wasp.plan.parser.druid.DruidParserTestUtil.execute(DruidParserTestUtil.java:104)
	at com.alibaba.wasp.plan.parser.druid.TestDruidDMLFailParser.getUpdateFailedPlan(TestDruidDMLFailParser.java:124)
	at sun.reflect.NativeMethodAccessorImpl.invoke0(Native Method)
	at sun.reflect.NativeMethodAccessorImpl.invoke(NativeMethodAccessorImpl.java:62)
	at sun.reflect.DelegatingMethodAccessorImpl.invoke(DelegatingMethodAccessorImpl.java:43)
	at java.lang.reflect.Method.invoke(Method.java:498)
	at org.junit.runners.model.FrameworkMethod$1.runReflectiveCall(FrameworkMethod.java:45)
	at org.junit.internal.runners.model.ReflectiveCallable.run(ReflectiveCallable.java:15)
	at org.junit.runners.model.FrameworkMethod.invokeExplosively(FrameworkMethod.java:42)
	at org.junit.internal.runners.statements.InvokeMethod.evaluate(InvokeMethod.java:20)
	at org.junit.internal.runners.statements.RunBefores.evaluate(RunBefores.java:28)
	at org.junit.internal.runners.statements.RunAfters.evaluate(RunAfters.java:30)
	at org.junit.runners.ParentRunner.runLeaf(ParentRunner.java:263)
	at org.junit.runners.BlockJUnit4ClassRunner.runChild(BlockJUnit4ClassRunner.java:68)
	at org.junit.runners.BlockJUnit4ClassRunner.runChild(BlockJUnit4ClassRunner.java:47)
	at org.junit.runners.ParentRunner$3.run(ParentRunner.java:231)
	at org.junit.runners.ParentRunner$1.schedule(ParentRunner.java:60)
	at org.junit.runners.ParentRunner.runChildren(ParentRunner.java:229)
	at org.junit.runners.ParentRunner.access$000(ParentRunner.java:50)
	at org.junit.runners.ParentRunner$2.evaluate(ParentRunner.java:222)
	at org.junit.internal.runners.statements.RunBefores.evaluate(RunBefores.java:28)
	at org.junit.internal.runners.statements.RunAfters.evaluate(RunAfters.java:30)
	at org.junit.runners.ParentRunner.run(ParentRunner.java:300)
	at org.junit.runners.Suite.runChild(Suite.java:128)
	at org.junit.runners.Suite.runChild(Suite.java:24)
	at org.junit.runners.ParentRunner$3.run(ParentRunner.java:231)
	at org.junit.runners.ParentRunner$1.schedule(ParentRunner.java:60)
	at org.junit.runners.ParentRunner.runChildren(ParentRunner.java:229)
	at org.junit.runners.ParentRunner.access$000(ParentRunner.java:50)
	at org.junit.runners.ParentRunner$2.evaluate(ParentRunner.java:222)
	at org.junit.runners.ParentRunner.run(ParentRunner.java:300)
	at org.junit.runner.JUnitCore.run(JUnitCore.java:157)
	at org.junit.runner.JUnitCore.run(JUnitCore.java:136)
	at edu.illinois.cs.testrunner.execution.JUnitTestExecutor.execute(JUnitTestExecutor.java:246)
	at edu.illinois.cs.testrunner.execution.JUnitTestExecutor.executeWithJUnit4Runner(JUnitTestExecutor.java:315)
	at edu.illinois.cs.testrunner.execution.JUnitTestExecutor.runOrder(JUnitTestExecutor.java:46)
	at edu.illinois.cs.testrunner.execution.Executor$.$anonfun$run$1(Executor.scala:30)
	at scala.runtime.java8.JFunction0$mcV$sp.apply(JFunction0$mcV$sp.java:12)
	at scala.util.Try$.apply(Try.scala:209)
	at edu.illinois.cs.testrunner.execution.Executor$.run(Executor.scala:28)
	at edu.illinois.cs.testrunner.execution.Executor$.main(Executor.scala:18)
	at edu.illinois.cs.testrunner.execution.Executor.main(Executor.scala)
24/05/17 03:11:05 DEBUG druid.DruidParser: Parsing SQL UPDATE Photo SET int32Type = '22' WHERE user_id = 123 and photo_id=123;
24/05/17 03:11:05 DEBUG druid.DruidDMLParser: UPDATE SQL From clause Photo
24/05/17 03:11:05 DEBUG druid.DruidDMLParser: UPDATE SQL where user_id = 123 AND photo_id = 123
24/05/17 03:11:05 ERROR druid.DruidParserTestUtil: execute
com.alibaba.wasp.plan.parser.UnsupportedException: Unsupported DataType INT32, input is '22'
	at com.alibaba.wasp.plan.parser.druid.DruidParser.checkType(DruidParser.java:258)
	at com.alibaba.wasp.plan.parser.druid.DruidDMLParser.getUpdatePlan(DruidDMLParser.java:290)
	at com.alibaba.wasp.plan.parser.druid.DruidDMLParser.generatePlan(DruidDMLParser.java:102)
	at com.alibaba.wasp.plan.parser.druid.DruidParserTestUtil.execute(DruidParserTestUtil.java:104)
	at com.alibaba.wasp.plan.parser.druid.TestDruidDMLFailParser.getUpdateFailedPlan(TestDruidDMLFailParser.java:124)
	at sun.reflect.NativeMethodAccessorImpl.invoke0(Native Method)
	at sun.reflect.NativeMethodAccessorImpl.invoke(NativeMethodAccessorImpl.java:62)
	at sun.reflect.DelegatingMethodAccessorImpl.invoke(DelegatingMethodAccessorImpl.java:43)
	at java.lang.reflect.Method.invoke(Method.java:498)
	at org.junit.runners.model.FrameworkMethod$1.runReflectiveCall(FrameworkMethod.java:45)
	at org.junit.internal.runners.model.ReflectiveCallable.run(ReflectiveCallable.java:15)
	at org.junit.runners.model.FrameworkMethod.invokeExplosively(FrameworkMethod.java:42)
	at org.junit.internal.runners.statements.InvokeMethod.evaluate(InvokeMethod.java:20)
	at org.junit.internal.runners.statements.RunBefores.evaluate(RunBefores.java:28)
	at org.junit.internal.runners.statements.RunAfters.evaluate(RunAfters.java:30)
	at org.junit.runners.ParentRunner.runLeaf(ParentRunner.java:263)
	at org.junit.runners.BlockJUnit4ClassRunner.runChild(BlockJUnit4ClassRunner.java:68)
	at org.junit.runners.BlockJUnit4ClassRunner.runChild(BlockJUnit4ClassRunner.java:47)
	at org.junit.runners.ParentRunner$3.run(ParentRunner.java:231)
	at org.junit.runners.ParentRunner$1.schedule(ParentRunner.java:60)
	at org.junit.runners.ParentRunner.runChildren(ParentRunner.java:229)
	at org.junit.runners.ParentRunner.access$000(ParentRunner.java:50)
	at org.junit.runners.ParentRunner$2.evaluate(ParentRunner.java:222)
	at org.junit.internal.runners.statements.RunBefores.evaluate(RunBefores.java:28)
	at org.junit.internal.runners.statements.RunAfters.evaluate(RunAfters.java:30)
	at org.junit.runners.ParentRunner.run(ParentRunner.java:300)
	at org.junit.runners.Suite.runChild(Suite.java:128)
	at org.junit.runners.Suite.runChild(Suite.java:24)
	at org.junit.runners.ParentRunner$3.run(ParentRunner.java:231)
	at org.junit.runners.ParentRunner$1.schedule(ParentRunner.java:60)
	at org.junit.runners.ParentRunner.runChildren(ParentRunner.java:229)
	at org.junit.runners.ParentRunner.access$000(ParentRunner.java:50)
	at org.junit.runners.ParentRunner$2.evaluate(ParentRunner.java:222)
	at org.junit.runners.ParentRunner.run(ParentRunner.java:300)
	at org.junit.runner.JUnitCore.run(JUnitCore.java:157)
	at org.junit.runner.JUnitCore.run(JUnitCore.java:136)
	at edu.illinois.cs.testrunner.execution.JUnitTestExecutor.execute(JUnitTestExecutor.java:246)
	at edu.illinois.cs.testrunner.execution.JUnitTestExecutor.executeWithJUnit4Runner(JUnitTestExecutor.java:315)
	at edu.illinois.cs.testrunner.execution.JUnitTestExecutor.runOrder(JUnitTestExecutor.java:46)
	at edu.illinois.cs.testrunner.execution.Executor$.$anonfun$run$1(Executor.scala:30)
	at scala.runtime.java8.JFunction0$mcV$sp.apply(JFunction0$mcV$sp.java:12)
	at scala.util.Try$.apply(Try.scala:209)
	at edu.illinois.cs.testrunner.execution.Executor$.run(Executor.scala:28)
	at edu.illinois.cs.testrunner.execution.Executor$.main(Executor.scala:18)
	at edu.illinois.cs.testrunner.execution.Executor.main(Executor.scala)
24/05/17 03:11:05 DEBUG druid.DruidParser: Parsing SQL CREATE TABLE User { Required Int64 user_id; Required String name; Optional DOUBLE value; }  primary key(user_id),  entity group root, entity group key(user_id);
24/05/17 03:11:05 DEBUG druid.DruidDDLParser: CreateTablePlan CreateTablePlan [table=CREATE TABLE User { 
  REQUIRED INT64 user_id COLUMNFAMILY d;
  REQUIRED STRING name COLUMNFAMILY d;
  OPTIONAL DOUBLE value COLUMNFAMILY d;
} 
PRIMARY KEY(user_id),
ENTITY GROUP ROOT,
ENTITY GROUP KEY(user_id);
, splitKeys=null]
24/05/17 03:11:05 DEBUG druid.DruidParser: Parsing SQL CREATE TABLE Photo { Required Int64 user_id columnfamily cf comment 'aaa';  Required Int32 photo_id comment 'child primary key';  Optional Int64 time; Optional String full_url;  Optional String thumbnail_url; Optional string tag; Optional DATETIME date; Optional Int32 int32Type; }  primary key(user_id,photo_id),  in table User,  Entity Group Key(user_id) references User; 
24/05/17 03:11:05 DEBUG druid.DruidDDLParser: CreateTablePlan CreateTablePlan [table=CREATE TABLE Photo { 
  REQUIRED INT64 user_id COLUMNFAMILY cf;
  REQUIRED INT32 photo_id COLUMNFAMILY d;
  OPTIONAL INT64 time COLUMNFAMILY d;
  OPTIONAL STRING full_url COLUMNFAMILY d;
  OPTIONAL STRING thumbnail_url COLUMNFAMILY d;
  OPTIONAL STRING tag COLUMNFAMILY d;
  OPTIONAL DATETIME date COLUMNFAMILY d;
  OPTIONAL INT32 int32Type COLUMNFAMILY d;
} 
PRIMARY KEY(user_id, photo_id, ),
 IN TABLE User,
 ENTITY GROUP KEY(user_id) REFERENCES User;
, splitKeys=null]
24/05/17 03:11:05 DEBUG druid.DruidParser: Parsing SQL Insert into User1(ID,NAME) values(1,'binlijin');
24/05/17 03:11:05 DEBUG druid.DruidDMLParser: INSERT SQL TableSource User1
24/05/17 03:11:05 DEBUG druid.DruidDMLParser: From table User1
24/05/17 03:11:05 ERROR druid.DruidParserTestUtil: execute
com.alibaba.wasp.TableNotFoundException: User1 not exists!
	at com.alibaba.wasp.plan.parser.druid.FMetaEventOperation.checkAndGetTable(FMetaEventOperation.java:79)
	at com.alibaba.wasp.plan.parser.druid.DruidDMLParser.getInsertPlan(DruidDMLParser.java:129)
	at com.alibaba.wasp.plan.parser.druid.DruidDMLParser.generatePlan(DruidDMLParser.java:105)
	at com.alibaba.wasp.plan.parser.druid.DruidParserTestUtil.execute(DruidParserTestUtil.java:104)
	at com.alibaba.wasp.plan.parser.druid.TestDruidDMLFailParser.getInsertFailedPlan(TestDruidDMLFailParser.java:97)
	at sun.reflect.NativeMethodAccessorImpl.invoke0(Native Method)
	at sun.reflect.NativeMethodAccessorImpl.invoke(NativeMethodAccessorImpl.java:62)
	at sun.reflect.DelegatingMethodAccessorImpl.invoke(DelegatingMethodAccessorImpl.java:43)
	at java.lang.reflect.Method.invoke(Method.java:498)
	at org.junit.runners.model.FrameworkMethod$1.runReflectiveCall(FrameworkMethod.java:45)
	at org.junit.internal.runners.model.ReflectiveCallable.run(ReflectiveCallable.java:15)
	at org.junit.runners.model.FrameworkMethod.invokeExplosively(FrameworkMethod.java:42)
	at org.junit.internal.runners.statements.InvokeMethod.evaluate(InvokeMethod.java:20)
	at org.junit.internal.runners.statements.RunBefores.evaluate(RunBefores.java:28)
	at org.junit.internal.runners.statements.RunAfters.evaluate(RunAfters.java:30)
	at org.junit.runners.ParentRunner.runLeaf(ParentRunner.java:263)
	at org.junit.runners.BlockJUnit4ClassRunner.runChild(BlockJUnit4ClassRunner.java:68)
	at org.junit.runners.BlockJUnit4ClassRunner.runChild(BlockJUnit4ClassRunner.java:47)
	at org.junit.runners.ParentRunner$3.run(ParentRunner.java:231)
	at org.junit.runners.ParentRunner$1.schedule(ParentRunner.java:60)
	at org.junit.runners.ParentRunner.runChildren(ParentRunner.java:229)
	at org.junit.runners.ParentRunner.access$000(ParentRunner.java:50)
	at org.junit.runners.ParentRunner$2.evaluate(ParentRunner.java:222)
	at org.junit.internal.runners.statements.RunBefores.evaluate(RunBefores.java:28)
	at org.junit.internal.runners.statements.RunAfters.evaluate(RunAfters.java:30)
	at org.junit.runners.ParentRunner.run(ParentRunner.java:300)
	at org.junit.runners.Suite.runChild(Suite.java:128)
	at org.junit.runners.Suite.runChild(Suite.java:24)
	at org.junit.runners.ParentRunner$3.run(ParentRunner.java:231)
	at org.junit.runners.ParentRunner$1.schedule(ParentRunner.java:60)
	at org.junit.runners.ParentRunner.runChildren(ParentRunner.java:229)
	at org.junit.runners.ParentRunner.access$000(ParentRunner.java:50)
	at org.junit.runners.ParentRunner$2.evaluate(ParentRunner.java:222)
	at org.junit.runners.ParentRunner.run(ParentRunner.java:300)
	at org.junit.runner.JUnitCore.run(JUnitCore.java:157)
	at org.junit.runner.JUnitCore.run(JUnitCore.java:136)
	at edu.illinois.cs.testrunner.execution.JUnitTestExecutor.execute(JUnitTestExecutor.java:246)
	at edu.illinois.cs.testrunner.execution.JUnitTestExecutor.executeWithJUnit4Runner(JUnitTestExecutor.java:315)
	at edu.illinois.cs.testrunner.execution.JUnitTestExecutor.runOrder(JUnitTestExecutor.java:46)
	at edu.illinois.cs.testrunner.execution.Executor$.$anonfun$run$1(Executor.scala:30)
	at scala.runtime.java8.JFunction0$mcV$sp.apply(JFunction0$mcV$sp.java:12)
	at scala.util.Try$.apply(Try.scala:209)
	at edu.illinois.cs.testrunner.execution.Executor$.run(Executor.scala:28)
	at edu.illinois.cs.testrunner.execution.Executor$.main(Executor.scala:18)
	at edu.illinois.cs.testrunner.execution.Executor.main(Executor.scala)
24/05/17 03:11:05 DEBUG druid.DruidParser: Parsing SQL Insert into User(ID,NAME2) values(1,'binlijin'),(2,'lars');
24/05/17 03:11:05 DEBUG druid.DruidDMLParser: INSERT SQL TableSource User
24/05/17 03:11:05 DEBUG druid.DruidDMLParser: From table User
24/05/17 03:11:05 DEBUG druid.DruidDMLParser:  SQLInsertItem ID
24/05/17 03:11:05 DEBUG druid.DruidDMLParser:  SQLInsertItem NAME2
24/05/17 03:11:05 DEBUG druid.DruidDMLParser: INSERT SQL Insert columns [ID, NAME2]
24/05/17 03:11:05 ERROR druid.DruidParserTestUtil: execute
com.alibaba.wasp.plan.parser.UnsupportedException: User does not have column 'ID'!
	at com.alibaba.wasp.plan.parser.druid.FMetaEventOperation.checkAndGetFields(FMetaEventOperation.java:114)
	at com.alibaba.wasp.plan.parser.druid.DruidDMLParser.getInsertPlan(DruidDMLParser.java:136)
	at com.alibaba.wasp.plan.parser.druid.DruidDMLParser.generatePlan(DruidDMLParser.java:105)
	at com.alibaba.wasp.plan.parser.druid.DruidParserTestUtil.execute(DruidParserTestUtil.java:104)
	at com.alibaba.wasp.plan.parser.druid.TestDruidDMLFailParser.getInsertFailedPlan(TestDruidDMLFailParser.java:97)
	at sun.reflect.NativeMethodAccessorImpl.invoke0(Native Method)
	at sun.reflect.NativeMethodAccessorImpl.invoke(NativeMethodAccessorImpl.java:62)
	at sun.reflect.DelegatingMethodAccessorImpl.invoke(DelegatingMethodAccessorImpl.java:43)
	at java.lang.reflect.Method.invoke(Method.java:498)
	at org.junit.runners.model.FrameworkMethod$1.runReflectiveCall(FrameworkMethod.java:45)
	at org.junit.internal.runners.model.ReflectiveCallable.run(ReflectiveCallable.java:15)
	at org.junit.runners.model.FrameworkMethod.invokeExplosively(FrameworkMethod.java:42)
	at org.junit.internal.runners.statements.InvokeMethod.evaluate(InvokeMethod.java:20)
	at org.junit.internal.runners.statements.RunBefores.evaluate(RunBefores.java:28)
	at org.junit.internal.runners.statements.RunAfters.evaluate(RunAfters.java:30)
	at org.junit.runners.ParentRunner.runLeaf(ParentRunner.java:263)
	at org.junit.runners.BlockJUnit4ClassRunner.runChild(BlockJUnit4ClassRunner.java:68)
	at org.junit.runners.BlockJUnit4ClassRunner.runChild(BlockJUnit4ClassRunner.java:47)
	at org.junit.runners.ParentRunner$3.run(ParentRunner.java:231)
	at org.junit.runners.ParentRunner$1.schedule(ParentRunner.java:60)
	at org.junit.runners.ParentRunner.runChildren(ParentRunner.java:229)
	at org.junit.runners.ParentRunner.access$000(ParentRunner.java:50)
	at org.junit.runners.ParentRunner$2.evaluate(ParentRunner.java:222)
	at org.junit.internal.runners.statements.RunBefores.evaluate(RunBefores.java:28)
	at org.junit.internal.runners.statements.RunAfters.evaluate(RunAfters.java:30)
	at org.junit.runners.ParentRunner.run(ParentRunner.java:300)
	at org.junit.runners.Suite.runChild(Suite.java:128)
	at org.junit.runners.Suite.runChild(Suite.java:24)
	at org.junit.runners.ParentRunner$3.run(ParentRunner.java:231)
	at org.junit.runners.ParentRunner$1.schedule(ParentRunner.java:60)
	at org.junit.runners.ParentRunner.runChildren(ParentRunner.java:229)
	at org.junit.runners.ParentRunner.access$000(ParentRunner.java:50)
	at org.junit.runners.ParentRunner$2.evaluate(ParentRunner.java:222)
	at org.junit.runners.ParentRunner.run(ParentRunner.java:300)
	at org.junit.runner.JUnitCore.run(JUnitCore.java:157)
	at org.junit.runner.JUnitCore.run(JUnitCore.java:136)
	at edu.illinois.cs.testrunner.execution.JUnitTestExecutor.execute(JUnitTestExecutor.java:246)
	at edu.illinois.cs.testrunner.execution.JUnitTestExecutor.executeWithJUnit4Runner(JUnitTestExecutor.java:315)
	at edu.illinois.cs.testrunner.execution.JUnitTestExecutor.runOrder(JUnitTestExecutor.java:46)
	at edu.illinois.cs.testrunner.execution.Executor$.$anonfun$run$1(Executor.scala:30)
	at scala.runtime.java8.JFunction0$mcV$sp.apply(JFunction0$mcV$sp.java:12)
	at scala.util.Try$.apply(Try.scala:209)
	at edu.illinois.cs.testrunner.execution.Executor$.run(Executor.scala:28)
	at edu.illinois.cs.testrunner.execution.Executor$.main(Executor.scala:18)
	at edu.illinois.cs.testrunner.execution.Executor.main(Executor.scala)
24/05/17 03:11:05 DEBUG druid.DruidParser: Parsing SQL Insert into Photo(photo_id,time) values(1, 10000),(2,20000);
24/05/17 03:11:05 DEBUG druid.DruidDMLParser: INSERT SQL TableSource Photo
24/05/17 03:11:05 DEBUG druid.DruidDMLParser: From table Photo
24/05/17 03:11:05 DEBUG druid.DruidDMLParser:  SQLInsertItem photo_id
24/05/17 03:11:05 DEBUG druid.DruidDMLParser:  SQLInsertItem time
24/05/17 03:11:05 DEBUG druid.DruidDMLParser: INSERT SQL Insert columns [photo_id, time]
24/05/17 03:11:05 ERROR druid.DruidParserTestUtil: execute
com.alibaba.wasp.plan.parser.UnsupportedException: PrimaryKeys have 2 Fields, but only find 1 Fields
	at com.alibaba.wasp.plan.parser.druid.FMetaEventOperation.checkRequiredFields(FMetaEventOperation.java:378)
	at com.alibaba.wasp.plan.parser.druid.DruidDMLParser.getInsertPlan(DruidDMLParser.java:137)
	at com.alibaba.wasp.plan.parser.druid.DruidDMLParser.generatePlan(DruidDMLParser.java:105)
	at com.alibaba.wasp.plan.parser.druid.DruidParserTestUtil.execute(DruidParserTestUtil.java:104)
	at com.alibaba.wasp.plan.parser.druid.TestDruidDMLFailParser.getInsertFailedPlan(TestDruidDMLFailParser.java:97)
	at sun.reflect.NativeMethodAccessorImpl.invoke0(Native Method)
	at sun.reflect.NativeMethodAccessorImpl.invoke(NativeMethodAccessorImpl.java:62)
	at sun.reflect.DelegatingMethodAccessorImpl.invoke(DelegatingMethodAccessorImpl.java:43)
	at java.lang.reflect.Method.invoke(Method.java:498)
	at org.junit.runners.model.FrameworkMethod$1.runReflectiveCall(FrameworkMethod.java:45)
	at org.junit.internal.runners.model.ReflectiveCallable.run(ReflectiveCallable.java:15)
	at org.junit.runners.model.FrameworkMethod.invokeExplosively(FrameworkMethod.java:42)
	at org.junit.internal.runners.statements.InvokeMethod.evaluate(InvokeMethod.java:20)
	at org.junit.internal.runners.statements.RunBefores.evaluate(RunBefores.java:28)
	at org.junit.internal.runners.statements.RunAfters.evaluate(RunAfters.java:30)
	at org.junit.runners.ParentRunner.runLeaf(ParentRunner.java:263)
	at org.junit.runners.BlockJUnit4ClassRunner.runChild(BlockJUnit4ClassRunner.java:68)
	at org.junit.runners.BlockJUnit4ClassRunner.runChild(BlockJUnit4ClassRunner.java:47)
	at org.junit.runners.ParentRunner$3.run(ParentRunner.java:231)
	at org.junit.runners.ParentRunner$1.schedule(ParentRunner.java:60)
	at org.junit.runners.ParentRunner.runChildren(ParentRunner.java:229)
	at org.junit.runners.ParentRunner.access$000(ParentRunner.java:50)
	at org.junit.runners.ParentRunner$2.evaluate(ParentRunner.java:222)
	at org.junit.internal.runners.statements.RunBefores.evaluate(RunBefores.java:28)
	at org.junit.internal.runners.statements.RunAfters.evaluate(RunAfters.java:30)
	at org.junit.runners.ParentRunner.run(ParentRunner.java:300)
	at org.junit.runners.Suite.runChild(Suite.java:128)
	at org.junit.runners.Suite.runChild(Suite.java:24)
	at org.junit.runners.ParentRunner$3.run(ParentRunner.java:231)
	at org.junit.runners.ParentRunner$1.schedule(ParentRunner.java:60)
	at org.junit.runners.ParentRunner.runChildren(ParentRunner.java:229)
	at org.junit.runners.ParentRunner.access$000(ParentRunner.java:50)
	at org.junit.runners.ParentRunner$2.evaluate(ParentRunner.java:222)
	at org.junit.runners.ParentRunner.run(ParentRunner.java:300)
	at org.junit.runner.JUnitCore.run(JUnitCore.java:157)
	at org.junit.runner.JUnitCore.run(JUnitCore.java:136)
	at edu.illinois.cs.testrunner.execution.JUnitTestExecutor.execute(JUnitTestExecutor.java:246)
	at edu.illinois.cs.testrunner.execution.JUnitTestExecutor.executeWithJUnit4Runner(JUnitTestExecutor.java:315)
	at edu.illinois.cs.testrunner.execution.JUnitTestExecutor.runOrder(JUnitTestExecutor.java:46)
	at edu.illinois.cs.testrunner.execution.Executor$.$anonfun$run$1(Executor.scala:30)
	at scala.runtime.java8.JFunction0$mcV$sp.apply(JFunction0$mcV$sp.java:12)
	at scala.util.Try$.apply(Try.scala:209)
	at edu.illinois.cs.testrunner.execution.Executor$.run(Executor.scala:28)
	at edu.illinois.cs.testrunner.execution.Executor$.main(Executor.scala:18)
	at edu.illinois.cs.testrunner.execution.Executor.main(Executor.scala)
24/05/17 03:11:05 DEBUG druid.DruidParser: Parsing SQL Insert into User(user_id,name,value) values(1,'binlijin',1.,'aa');
24/05/17 03:11:05 DEBUG druid.DruidDMLParser: INSERT SQL TableSource User
24/05/17 03:11:05 DEBUG druid.DruidDMLParser: From table User
24/05/17 03:11:05 DEBUG druid.DruidDMLParser:  SQLInsertItem user_id
24/05/17 03:11:05 DEBUG druid.DruidDMLParser:  SQLInsertItem name
24/05/17 03:11:05 DEBUG druid.DruidDMLParser:  SQLInsertItem value
24/05/17 03:11:05 DEBUG druid.DruidDMLParser: INSERT SQL Insert columns [user_id, name, value]
24/05/17 03:11:05 DEBUG druid.DruidDMLParser: INSERT SQL Insert Values List [ VALUES (1, 'binlijin', 1, 'aa')]
24/05/17 03:11:05 ERROR druid.DruidParserTestUtil: execute
java.io.IOException: Insert clause 3 columns  not match 4 values 
	at com.alibaba.wasp.plan.parser.druid.DruidDMLParser.buildFieldsPair(DruidDMLParser.java:334)
	at com.alibaba.wasp.plan.parser.druid.DruidDMLParser.genInsertAction(DruidDMLParser.java:180)
	at com.alibaba.wasp.plan.parser.druid.DruidDMLParser.getInsertPlan(DruidDMLParser.java:152)
	at com.alibaba.wasp.plan.parser.druid.DruidDMLParser.generatePlan(DruidDMLParser.java:105)
	at com.alibaba.wasp.plan.parser.druid.DruidParserTestUtil.execute(DruidParserTestUtil.java:104)
	at com.alibaba.wasp.plan.parser.druid.TestDruidDMLFailParser.getInsertFailedPlan(TestDruidDMLFailParser.java:97)
	at sun.reflect.NativeMethodAccessorImpl.invoke0(Native Method)
	at sun.reflect.NativeMethodAccessorImpl.invoke(NativeMethodAccessorImpl.java:62)
	at sun.reflect.DelegatingMethodAccessorImpl.invoke(DelegatingMethodAccessorImpl.java:43)
	at java.lang.reflect.Method.invoke(Method.java:498)
	at org.junit.runners.model.FrameworkMethod$1.runReflectiveCall(FrameworkMethod.java:45)
	at org.junit.internal.runners.model.ReflectiveCallable.run(ReflectiveCallable.java:15)
	at org.junit.runners.model.FrameworkMethod.invokeExplosively(FrameworkMethod.java:42)
	at org.junit.internal.runners.statements.InvokeMethod.evaluate(InvokeMethod.java:20)
	at org.junit.internal.runners.statements.RunBefores.evaluate(RunBefores.java:28)
	at org.junit.internal.runners.statements.RunAfters.evaluate(RunAfters.java:30)
	at org.junit.runners.ParentRunner.runLeaf(ParentRunner.java:263)
	at org.junit.runners.BlockJUnit4ClassRunner.runChild(BlockJUnit4ClassRunner.java:68)
	at org.junit.runners.BlockJUnit4ClassRunner.runChild(BlockJUnit4ClassRunner.java:47)
	at org.junit.runners.ParentRunner$3.run(ParentRunner.java:231)
	at org.junit.runners.ParentRunner$1.schedule(ParentRunner.java:60)
	at org.junit.runners.ParentRunner.runChildren(ParentRunner.java:229)
	at org.junit.runners.ParentRunner.access$000(ParentRunner.java:50)
	at org.junit.runners.ParentRunner$2.evaluate(ParentRunner.java:222)
	at org.junit.internal.runners.statements.RunBefores.evaluate(RunBefores.java:28)
	at org.junit.internal.runners.statements.RunAfters.evaluate(RunAfters.java:30)
	at org.junit.runners.ParentRunner.run(ParentRunner.java:300)
	at org.junit.runners.Suite.runChild(Suite.java:128)
	at org.junit.runners.Suite.runChild(Suite.java:24)
	at org.junit.runners.ParentRunner$3.run(ParentRunner.java:231)
	at org.junit.runners.ParentRunner$1.schedule(ParentRunner.java:60)
	at org.junit.runners.ParentRunner.runChildren(ParentRunner.java:229)
	at org.junit.runners.ParentRunner.access$000(ParentRunner.java:50)
	at org.junit.runners.ParentRunner$2.evaluate(ParentRunner.java:222)
	at org.junit.runners.ParentRunner.run(ParentRunner.java:300)
	at org.junit.runner.JUnitCore.run(JUnitCore.java:157)
	at org.junit.runner.JUnitCore.run(JUnitCore.java:136)
	at edu.illinois.cs.testrunner.execution.JUnitTestExecutor.execute(JUnitTestExecutor.java:246)
	at edu.illinois.cs.testrunner.execution.JUnitTestExecutor.executeWithJUnit4Runner(JUnitTestExecutor.java:315)
	at edu.illinois.cs.testrunner.execution.JUnitTestExecutor.runOrder(JUnitTestExecutor.java:46)
	at edu.illinois.cs.testrunner.execution.Executor$.$anonfun$run$1(Executor.scala:30)
	at scala.runtime.java8.JFunction0$mcV$sp.apply(JFunction0$mcV$sp.java:12)
	at scala.util.Try$.apply(Try.scala:209)
	at edu.illinois.cs.testrunner.execution.Executor$.run(Executor.scala:28)
	at edu.illinois.cs.testrunner.execution.Executor$.main(Executor.scala:18)
	at edu.illinois.cs.testrunner.execution.Executor.main(Executor.scala)
24/05/17 03:11:05 DEBUG druid.DruidParser: Parsing SQL Insert into User(user_id,name,value) values(1,'binlijin');
24/05/17 03:11:05 DEBUG druid.DruidDMLParser: INSERT SQL TableSource User
24/05/17 03:11:05 DEBUG druid.DruidDMLParser: From table User
24/05/17 03:11:05 DEBUG druid.DruidDMLParser:  SQLInsertItem user_id
24/05/17 03:11:05 DEBUG druid.DruidDMLParser:  SQLInsertItem name
24/05/17 03:11:05 DEBUG druid.DruidDMLParser:  SQLInsertItem value
24/05/17 03:11:05 DEBUG druid.DruidDMLParser: INSERT SQL Insert columns [user_id, name, value]
24/05/17 03:11:05 DEBUG druid.DruidDMLParser: INSERT SQL Insert Values List [ VALUES (1, 'binlijin')]
24/05/17 03:11:05 ERROR druid.DruidParserTestUtil: execute
java.io.IOException: Insert clause 3 columns  not match 2 values 
	at com.alibaba.wasp.plan.parser.druid.DruidDMLParser.buildFieldsPair(DruidDMLParser.java:334)
	at com.alibaba.wasp.plan.parser.druid.DruidDMLParser.genInsertAction(DruidDMLParser.java:180)
	at com.alibaba.wasp.plan.parser.druid.DruidDMLParser.getInsertPlan(DruidDMLParser.java:152)
	at com.alibaba.wasp.plan.parser.druid.DruidDMLParser.generatePlan(DruidDMLParser.java:105)
	at com.alibaba.wasp.plan.parser.druid.DruidParserTestUtil.execute(DruidParserTestUtil.java:104)
	at com.alibaba.wasp.plan.parser.druid.TestDruidDMLFailParser.getInsertFailedPlan(TestDruidDMLFailParser.java:97)
	at sun.reflect.NativeMethodAccessorImpl.invoke0(Native Method)
	at sun.reflect.NativeMethodAccessorImpl.invoke(NativeMethodAccessorImpl.java:62)
	at sun.reflect.DelegatingMethodAccessorImpl.invoke(DelegatingMethodAccessorImpl.java:43)
	at java.lang.reflect.Method.invoke(Method.java:498)
	at org.junit.runners.model.FrameworkMethod$1.runReflectiveCall(FrameworkMethod.java:45)
	at org.junit.internal.runners.model.ReflectiveCallable.run(ReflectiveCallable.java:15)
	at org.junit.runners.model.FrameworkMethod.invokeExplosively(FrameworkMethod.java:42)
	at org.junit.internal.runners.statements.InvokeMethod.evaluate(InvokeMethod.java:20)
	at org.junit.internal.runners.statements.RunBefores.evaluate(RunBefores.java:28)
	at org.junit.internal.runners.statements.RunAfters.evaluate(RunAfters.java:30)
	at org.junit.runners.ParentRunner.runLeaf(ParentRunner.java:263)
	at org.junit.runners.BlockJUnit4ClassRunner.runChild(BlockJUnit4ClassRunner.java:68)
	at org.junit.runners.BlockJUnit4ClassRunner.runChild(BlockJUnit4ClassRunner.java:47)
	at org.junit.runners.ParentRunner$3.run(ParentRunner.java:231)
	at org.junit.runners.ParentRunner$1.schedule(ParentRunner.java:60)
	at org.junit.runners.ParentRunner.runChildren(ParentRunner.java:229)
	at org.junit.runners.ParentRunner.access$000(ParentRunner.java:50)
	at org.junit.runners.ParentRunner$2.evaluate(ParentRunner.java:222)
	at org.junit.internal.runners.statements.RunBefores.evaluate(RunBefores.java:28)
	at org.junit.internal.runners.statements.RunAfters.evaluate(RunAfters.java:30)
	at org.junit.runners.ParentRunner.run(ParentRunner.java:300)
	at org.junit.runners.Suite.runChild(Suite.java:128)
	at org.junit.runners.Suite.runChild(Suite.java:24)
	at org.junit.runners.ParentRunner$3.run(ParentRunner.java:231)
	at org.junit.runners.ParentRunner$1.schedule(ParentRunner.java:60)
	at org.junit.runners.ParentRunner.runChildren(ParentRunner.java:229)
	at org.junit.runners.ParentRunner.access$000(ParentRunner.java:50)
	at org.junit.runners.ParentRunner$2.evaluate(ParentRunner.java:222)
	at org.junit.runners.ParentRunner.run(ParentRunner.java:300)
	at org.junit.runner.JUnitCore.run(JUnitCore.java:157)
	at org.junit.runner.JUnitCore.run(JUnitCore.java:136)
	at edu.illinois.cs.testrunner.execution.JUnitTestExecutor.execute(JUnitTestExecutor.java:246)
	at edu.illinois.cs.testrunner.execution.JUnitTestExecutor.executeWithJUnit4Runner(JUnitTestExecutor.java:315)
	at edu.illinois.cs.testrunner.execution.JUnitTestExecutor.runOrder(JUnitTestExecutor.java:46)
	at edu.illinois.cs.testrunner.execution.Executor$.$anonfun$run$1(Executor.scala:30)
	at scala.runtime.java8.JFunction0$mcV$sp.apply(JFunction0$mcV$sp.java:12)
	at scala.util.Try$.apply(Try.scala:209)
	at edu.illinois.cs.testrunner.execution.Executor$.run(Executor.scala:28)
	at edu.illinois.cs.testrunner.execution.Executor$.main(Executor.scala:18)
	at edu.illinois.cs.testrunner.execution.Executor.main(Executor.scala)
24/05/17 03:11:05 DEBUG fserver.MetricsEntityGroupSourceImpl: Creating new MetricsEntityGroupSourceImpl for table null TEST
24/05/17 03:11:05 DEBUG fserver.MetricsEntityGroupSourceImpl: Creating new MetricsEntityGroupSourceImpl for table null TEST
24/05/17 03:11:05 DEBUG fserver.MetricsEntityGroupSourceImpl: Creating new MetricsEntityGroupSourceImpl for table null TWO
Starting DataNode 0 with dfs.data.dir: /home/idflakies/alibaba/wasp/target/test-data/f8b3a8e0-8680-435b-a7f8-0a3d4ab338f8/dfscluster_ef677547-2c83-47c0-8867-a1ead8781bf0/dfs/data/data1,/home/idflakies/alibaba/wasp/target/test-data/f8b3a8e0-8680-435b-a7f8-0a3d4ab338f8/dfscluster_ef677547-2c83-47c0-8867-a1ead8781bf0/dfs/data/data2
24/05/17 03:11:05 ERROR datanode.DataNode: All directories in dfs.data.dir are invalid.
java.lang.NullPointerException
	at org.apache.hadoop.hdfs.MiniDFSCluster.startDataNodes(MiniDFSCluster.java:422)
	at org.apache.hadoop.hdfs.MiniDFSCluster.<init>(MiniDFSCluster.java:280)
	at org.apache.hadoop.hbase.HBaseTestingUtility.startMiniDFSCluster(HBaseTestingUtility.java:451)
	at org.apache.hadoop.hbase.HBaseTestingUtility.startMiniCluster(HBaseTestingUtility.java:619)
	at org.apache.hadoop.hbase.HBaseTestingUtility.startMiniCluster(HBaseTestingUtility.java:575)
	at org.apache.hadoop.hbase.HBaseTestingUtility.startMiniCluster(HBaseTestingUtility.java:562)
	at com.alibaba.wasp.meta.TestFMetaStore.setUpBeforeClass(TestFMetaStore.java:73)
	at sun.reflect.NativeMethodAccessorImpl.invoke0(Native Method)
	at sun.reflect.NativeMethodAccessorImpl.invoke(NativeMethodAccessorImpl.java:62)
	at sun.reflect.DelegatingMethodAccessorImpl.invoke(DelegatingMethodAccessorImpl.java:43)
	at java.lang.reflect.Method.invoke(Method.java:498)
	at org.junit.runners.model.FrameworkMethod$1.runReflectiveCall(FrameworkMethod.java:45)
	at org.junit.internal.runners.model.ReflectiveCallable.run(ReflectiveCallable.java:15)
	at org.junit.runners.model.FrameworkMethod.invokeExplosively(FrameworkMethod.java:42)
	at org.junit.internal.runners.statements.RunBefores.evaluate(RunBefores.java:27)
	at org.junit.internal.runners.statements.RunAfters.evaluate(RunAfters.java:30)
	at org.junit.runners.ParentRunner.run(ParentRunner.java:300)
	at org.junit.runners.Suite.runChild(Suite.java:128)
	at org.junit.runners.Suite.runChild(Suite.java:24)
	at org.junit.runners.ParentRunner$3.run(ParentRunner.java:231)
	at org.junit.runners.ParentRunner$1.schedule(ParentRunner.java:60)
	at org.junit.runners.ParentRunner.runChildren(ParentRunner.java:229)
	at org.junit.runners.ParentRunner.access$000(ParentRunner.java:50)
	at org.junit.runners.ParentRunner$2.evaluate(ParentRunner.java:222)
	at org.junit.runners.ParentRunner.run(ParentRunner.java:300)
	at org.junit.runner.JUnitCore.run(JUnitCore.java:157)
	at org.junit.runner.JUnitCore.run(JUnitCore.java:136)
	at edu.illinois.cs.testrunner.execution.JUnitTestExecutor.execute(JUnitTestExecutor.java:246)
	at edu.illinois.cs.testrunner.execution.JUnitTestExecutor.executeWithJUnit4Runner(JUnitTestExecutor.java:315)
	at edu.illinois.cs.testrunner.execution.JUnitTestExecutor.runOrder(JUnitTestExecutor.java:46)
	at edu.illinois.cs.testrunner.execution.Executor$.$anonfun$run$1(Executor.scala:30)
	at scala.runtime.java8.JFunction0$mcV$sp.apply(JFunction0$mcV$sp.java:12)
	at scala.util.Try$.apply(Try.scala:209)
	at edu.illinois.cs.testrunner.execution.Executor$.run(Executor.scala:28)
	at edu.illinois.cs.testrunner.execution.Executor$.main(Executor.scala:18)
	at edu.illinois.cs.testrunner.execution.Executor.main(Executor.scala)
24/05/17 03:11:05 INFO balancer.TestDefaultLoadBalancer: Mock Cluster : { srv59140:0 } [srvr=1 rgns=0 avg=0.0 max=0 min=0]
24/05/17 03:11:05 INFO balancer.DefaultLoadBalancer: Skipping load balancing because balanced cluster; servers=1 entityGroups=0 average=0.0 mostloaded=0 leastloaded=0
24/05/17 03:11:05 INFO balancer.TestDefaultLoadBalancer: Mock Balance : {  }
24/05/17 03:11:05 INFO balancer.TestDefaultLoadBalancer: Mock Cluster : { srv59140:1 } [srvr=1 rgns=1 avg=1.0 max=1 min=1]
24/05/17 03:11:05 INFO balancer.DefaultLoadBalancer: Skipping load balancing because balanced cluster; servers=1 entityGroups=1 average=1.0 mostloaded=1 leastloaded=1
24/05/17 03:11:05 INFO balancer.TestDefaultLoadBalancer: Mock Balance : {  }
24/05/17 03:11:05 INFO balancer.TestDefaultLoadBalancer: Mock Cluster : { srv59140:10 } [srvr=1 rgns=10 avg=10.0 max=10 min=10]
24/05/17 03:11:05 INFO balancer.DefaultLoadBalancer: Skipping load balancing because balanced cluster; servers=1 entityGroups=10 average=10.0 mostloaded=10 leastloaded=10
24/05/17 03:11:05 INFO balancer.TestDefaultLoadBalancer: Mock Balance : {  }
24/05/17 03:11:05 INFO balancer.TestDefaultLoadBalancer: Mock Cluster : { srv59140:0 , srv97561:0 } [srvr=2 rgns=0 avg=0.0 max=0 min=0]
24/05/17 03:11:05 INFO balancer.DefaultLoadBalancer: Skipping load balancing because balanced cluster; servers=2 entityGroups=0 average=0.0 mostloaded=0 leastloaded=0
24/05/17 03:11:05 INFO balancer.TestDefaultLoadBalancer: Mock Balance : {  }
24/05/17 03:11:05 INFO balancer.TestDefaultLoadBalancer: Mock Cluster : { srv97561:0 , srv59140:2 } [srvr=2 rgns=2 avg=1.0 max=1 min=1]
24/05/17 03:11:05 DEBUG balancer.DefaultLoadBalancer: Balance parameter: numEntityGroups=2, numServers=2, max=1, min=1
24/05/17 03:11:05 INFO balancer.DefaultLoadBalancer: Calculated a load balance in 5ms. Moving 1 entityGroups off of 1 overloaded servers onto 1 less loaded servers
24/05/17 03:11:05 INFO balancer.TestDefaultLoadBalancer: Mock Balance : { srv59140:1 , srv97561:1 }
24/05/17 03:11:05 INFO balancer.TestDefaultLoadBalancer: Mock Cluster : { srv97561:1 , srv59140:2 } [srvr=2 rgns=3 avg=1.5 max=2 min=1]
24/05/17 03:11:05 INFO balancer.DefaultLoadBalancer: Skipping load balancing because balanced cluster; servers=2 entityGroups=3 average=1.5 mostloaded=2 leastloaded=1
24/05/17 03:11:05 INFO balancer.TestDefaultLoadBalancer: Mock Balance : {  }
24/05/17 03:11:05 INFO balancer.TestDefaultLoadBalancer: Mock Cluster : { srv59140:2 , srv97561:2 } [srvr=2 rgns=4 avg=2.0 max=2 min=2]
24/05/17 03:11:05 INFO balancer.DefaultLoadBalancer: Skipping load balancing because balanced cluster; servers=2 entityGroups=4 average=2.0 mostloaded=2 leastloaded=2
24/05/17 03:11:05 INFO balancer.TestDefaultLoadBalancer: Mock Balance : {  }
24/05/17 03:11:05 INFO balancer.TestDefaultLoadBalancer: Mock Cluster : { srv59140:2 , srv97561:3 } [srvr=2 rgns=5 avg=2.5 max=3 min=2]
24/05/17 03:11:05 INFO balancer.DefaultLoadBalancer: Skipping load balancing because balanced cluster; servers=2 entityGroups=5 average=2.5 mostloaded=3 leastloaded=2
24/05/17 03:11:05 INFO balancer.TestDefaultLoadBalancer: Mock Balance : {  }
24/05/17 03:11:05 INFO balancer.TestDefaultLoadBalancer: Mock Cluster : { srv59140:2 , srv97561:4 } [srvr=2 rgns=6 avg=3.0 max=3 min=3]
24/05/17 03:11:05 DEBUG balancer.DefaultLoadBalancer: Balance parameter: numEntityGroups=6, numServers=2, max=3, min=3
24/05/17 03:11:05 INFO balancer.DefaultLoadBalancer: Calculated a load balance in 0ms. Moving 1 entityGroups off of 1 overloaded servers onto 1 less loaded servers
24/05/17 03:11:05 INFO balancer.TestDefaultLoadBalancer: Mock Balance : { srv59140:3 , srv97561:3 }
24/05/17 03:11:05 INFO balancer.TestDefaultLoadBalancer: Mock Cluster : { srv59140:1 , srv97561:1 } [srvr=2 rgns=2 avg=1.0 max=1 min=1]
24/05/17 03:11:05 INFO balancer.DefaultLoadBalancer: Skipping load balancing because balanced cluster; servers=2 entityGroups=2 average=1.0 mostloaded=1 leastloaded=1
24/05/17 03:11:05 INFO balancer.TestDefaultLoadBalancer: Mock Balance : {  }
24/05/17 03:11:05 INFO balancer.TestDefaultLoadBalancer: Mock Cluster : { srv59140:0 , srv97561:1 } [srvr=2 rgns=1 avg=0.5 max=1 min=0]
24/05/17 03:11:05 INFO balancer.DefaultLoadBalancer: Skipping load balancing because balanced cluster; servers=2 entityGroups=1 average=0.5 mostloaded=1 leastloaded=0
24/05/17 03:11:05 INFO balancer.TestDefaultLoadBalancer: Mock Balance : {  }
24/05/17 03:11:05 INFO balancer.TestDefaultLoadBalancer: Mock Cluster : { srv97561:1 , srv59140:10 } [srvr=2 rgns=11 avg=5.5 max=6 min=5]
24/05/17 03:11:05 DEBUG balancer.DefaultLoadBalancer: Balance parameter: numEntityGroups=11, numServers=2, max=6, min=5
24/05/17 03:11:05 INFO balancer.DefaultLoadBalancer: Calculated a load balance in 0ms. Moving 4 entityGroups off of 1 overloaded servers onto 1 less loaded servers
24/05/17 03:11:05 INFO balancer.TestDefaultLoadBalancer: Mock Balance : { srv97561:5 , srv59140:6 }
24/05/17 03:11:05 INFO balancer.TestDefaultLoadBalancer: Mock Cluster : { srv59140:14 , srv97561:1432 } [srvr=2 rgns=1446 avg=723.0 max=723 min=723]
24/05/17 03:11:05 DEBUG balancer.DefaultLoadBalancer: Balance parameter: numEntityGroups=1446, numServers=2, max=723, min=723
24/05/17 03:11:05 INFO balancer.DefaultLoadBalancer: Calculated a load balance in 8ms. Moving 709 entityGroups off of 1 overloaded servers onto 1 less loaded servers
24/05/17 03:11:05 INFO balancer.TestDefaultLoadBalancer: Mock Balance : { srv59140:723 , srv97561:723 }
24/05/17 03:11:05 INFO balancer.TestDefaultLoadBalancer: Mock Cluster : { srv59140:47 , srv97561:53 } [srvr=2 rgns=100 avg=50.0 max=50 min=50]
24/05/17 03:11:05 DEBUG balancer.DefaultLoadBalancer: Balance parameter: numEntityGroups=100, numServers=2, max=50, min=50
24/05/17 03:11:05 INFO balancer.DefaultLoadBalancer: Calculated a load balance in 0ms. Moving 3 entityGroups off of 1 overloaded servers onto 1 less loaded servers
24/05/17 03:11:05 INFO balancer.TestDefaultLoadBalancer: Mock Balance : { srv59140:50 , srv97561:50 }
24/05/17 03:11:05 INFO balancer.TestDefaultLoadBalancer: Mock Cluster : { srv59140:0 , srv97561:1 , srv3338:2 } [srvr=3 rgns=3 avg=1.0 max=1 min=1]
24/05/17 03:11:05 DEBUG balancer.DefaultLoadBalancer: Balance parameter: numEntityGroups=3, numServers=3, max=1, min=1
24/05/17 03:11:05 INFO balancer.DefaultLoadBalancer: Calculated a load balance in 1ms. Moving 1 entityGroups off of 1 overloaded servers onto 1 less loaded servers
24/05/17 03:11:05 INFO balancer.TestDefaultLoadBalancer: Mock Balance : { srv3338:1 , srv59140:1 , srv97561:1 }
24/05/17 03:11:05 INFO balancer.TestDefaultLoadBalancer: Mock Cluster : { srv3338:1 , srv59140:2 , srv97561:3 } [srvr=3 rgns=6 avg=2.0 max=2 min=2]
24/05/17 03:11:05 DEBUG balancer.DefaultLoadBalancer: Balance parameter: numEntityGroups=6, numServers=3, max=2, min=2
24/05/17 03:11:05 INFO balancer.DefaultLoadBalancer: Calculated a load balance in 0ms. Moving 1 entityGroups off of 1 overloaded servers onto 1 less loaded servers
24/05/17 03:11:05 INFO balancer.TestDefaultLoadBalancer: Mock Balance : { srv3338:2 , srv59140:2 , srv97561:2 }
24/05/17 03:11:05 INFO balancer.TestDefaultLoadBalancer: Mock Cluster : { srv3338:0 , srv59140:2 , srv97561:2 } [srvr=3 rgns=4 avg=1.3333334 max=2 min=1]
24/05/17 03:11:05 DEBUG balancer.DefaultLoadBalancer: Balance parameter: numEntityGroups=4, numServers=3, max=2, min=1
24/05/17 03:11:05 INFO balancer.DefaultLoadBalancer: Done. Calculated a load balance in 0ms. Moving 1 entityGroups off of 0 overloaded servers onto 1 less loaded servers
24/05/17 03:11:05 INFO balancer.TestDefaultLoadBalancer: Mock Balance : { srv3338:1 , srv97561:1 , srv59140:2 }
24/05/17 03:11:05 INFO balancer.TestDefaultLoadBalancer: Mock Cluster : { srv3338:0 , srv97561:0 , srv59140:3 } [srvr=3 rgns=3 avg=1.0 max=1 min=1]
24/05/17 03:11:05 DEBUG balancer.DefaultLoadBalancer: Balance parameter: numEntityGroups=3, numServers=3, max=1, min=1
24/05/17 03:11:05 INFO balancer.DefaultLoadBalancer: Calculated a load balance in 1ms. Moving 2 entityGroups off of 1 overloaded servers onto 2 less loaded servers
24/05/17 03:11:05 INFO balancer.TestDefaultLoadBalancer: Mock Balance : { srv3338:1 , srv59140:1 , srv97561:1 }
24/05/17 03:11:05 INFO balancer.TestDefaultLoadBalancer: Mock Cluster : { srv3338:0 , srv97561:0 , srv59140:4 } [srvr=3 rgns=4 avg=1.3333334 max=2 min=1]
24/05/17 03:11:05 DEBUG balancer.DefaultLoadBalancer: Balance parameter: numEntityGroups=4, numServers=3, max=2, min=1
24/05/17 03:11:05 INFO balancer.DefaultLoadBalancer: Calculated a load balance in 0ms. Moving 2 entityGroups off of 1 overloaded servers onto 2 less loaded servers
24/05/17 03:11:05 INFO balancer.TestDefaultLoadBalancer: Mock Balance : { srv3338:1 , srv97561:1 , srv59140:2 }
24/05/17 03:11:05 INFO balancer.TestDefaultLoadBalancer: Mock Cluster : { srv97561:0 , srv3338:20 , srv59140:20 } [srvr=3 rgns=40 avg=13.333333 max=14 min=13]
24/05/17 03:11:05 DEBUG balancer.DefaultLoadBalancer: Balance parameter: numEntityGroups=40, numServers=3, max=14, min=13
24/05/17 03:11:05 INFO balancer.DefaultLoadBalancer: Done. Calculated a load balance in 0ms. Moving 13 entityGroups off of 2 overloaded servers onto 1 less loaded servers
24/05/17 03:11:05 INFO balancer.TestDefaultLoadBalancer: Mock Balance : { srv59140:13 , srv97561:13 , srv3338:14 }
24/05/17 03:11:05 INFO balancer.TestDefaultLoadBalancer: Mock Cluster : { srv3338:0 , srv59140:1 , srv97561:2 , srv39980:3 } [srvr=4 rgns=6 avg=1.5 max=2 min=1]
24/05/17 03:11:05 DEBUG balancer.DefaultLoadBalancer: Balance parameter: numEntityGroups=6, numServers=4, max=2, min=1
24/05/17 03:11:05 INFO balancer.DefaultLoadBalancer: Calculated a load balance in 0ms. Moving 1 entityGroups off of 1 overloaded servers onto 1 less loaded servers
24/05/17 03:11:05 INFO balancer.TestDefaultLoadBalancer: Mock Balance : { srv3338:1 , srv59140:1 , srv39980:2 , srv97561:2 }
24/05/17 03:11:05 INFO balancer.TestDefaultLoadBalancer: Mock Cluster : { srv39980:0 , srv59140:0 , srv97561:0 , srv3338:4 } [srvr=4 rgns=4 avg=1.0 max=1 min=1]
24/05/17 03:11:05 DEBUG balancer.DefaultLoadBalancer: Balance parameter: numEntityGroups=4, numServers=4, max=1, min=1
24/05/17 03:11:05 INFO balancer.DefaultLoadBalancer: Calculated a load balance in 0ms. Moving 3 entityGroups off of 1 overloaded servers onto 3 less loaded servers
24/05/17 03:11:05 INFO balancer.TestDefaultLoadBalancer: Mock Balance : { srv3338:1 , srv39980:1 , srv59140:1 , srv97561:1 }
24/05/17 03:11:05 INFO balancer.TestDefaultLoadBalancer: Mock Cluster : { srv39980:0 , srv59140:0 , srv97561:0 , srv3338:5 } [srvr=4 rgns=5 avg=1.25 max=2 min=1]
24/05/17 03:11:05 DEBUG balancer.DefaultLoadBalancer: Balance parameter: numEntityGroups=5, numServers=4, max=2, min=1
24/05/17 03:11:05 INFO balancer.DefaultLoadBalancer: Calculated a load balance in 1ms. Moving 3 entityGroups off of 1 overloaded servers onto 3 less loaded servers
24/05/17 03:11:05 INFO balancer.TestDefaultLoadBalancer: Mock Balance : { srv39980:1 , srv59140:1 , srv97561:1 , srv3338:2 }
24/05/17 03:11:05 INFO balancer.TestDefaultLoadBalancer: Mock Cluster : { srv59140:0 , srv97561:0 , srv3338:6 , srv39980:6 } [srvr=4 rgns=12 avg=3.0 max=3 min=3]
24/05/17 03:11:05 DEBUG balancer.DefaultLoadBalancer: Balance parameter: numEntityGroups=12, numServers=4, max=3, min=3
24/05/17 03:11:05 INFO balancer.DefaultLoadBalancer: Calculated a load balance in 0ms. Moving 6 entityGroups off of 2 overloaded servers onto 2 less loaded servers
24/05/17 03:11:05 INFO balancer.TestDefaultLoadBalancer: Mock Balance : { srv3338:3 , srv39980:3 , srv59140:3 , srv97561:3 }
24/05/17 03:11:05 INFO balancer.TestDefaultLoadBalancer: Mock Cluster : { srv59140:0 , srv97561:0 , srv39980:2 , srv3338:6 } [srvr=4 rgns=8 avg=2.0 max=2 min=2]
24/05/17 03:11:05 DEBUG balancer.DefaultLoadBalancer: Balance parameter: numEntityGroups=8, numServers=4, max=2, min=2
24/05/17 03:11:05 INFO balancer.DefaultLoadBalancer: Calculated a load balance in 0ms. Moving 4 entityGroups off of 1 overloaded servers onto 2 less loaded servers
24/05/17 03:11:05 INFO balancer.TestDefaultLoadBalancer: Mock Balance : { srv3338:2 , srv39980:2 , srv59140:2 , srv97561:2 }
24/05/17 03:11:05 INFO balancer.TestDefaultLoadBalancer: Mock Cluster : { srv59140:0 , srv97561:0 , srv39980:1 , srv3338:6 } [srvr=4 rgns=7 avg=1.75 max=2 min=1]
24/05/17 03:11:05 DEBUG balancer.DefaultLoadBalancer: Balance parameter: numEntityGroups=7, numServers=4, max=2, min=1
24/05/17 03:11:05 INFO balancer.DefaultLoadBalancer: Done. Calculated a load balance in 0ms. Moving 4 entityGroups off of 1 overloaded servers onto 2 less loaded servers
24/05/17 03:11:05 INFO balancer.TestDefaultLoadBalancer: Mock Balance : { srv39980:1 , srv3338:2 , srv59140:2 , srv97561:2 }
24/05/17 03:11:05 INFO balancer.TestDefaultLoadBalancer: Mock Cluster : { srv39980:0 , srv59140:0 , srv97561:0 , srv3338:6 } [srvr=4 rgns=6 avg=1.5 max=2 min=1]
24/05/17 03:11:05 DEBUG balancer.DefaultLoadBalancer: Balance parameter: numEntityGroups=6, numServers=4, max=2, min=1
24/05/17 03:11:05 INFO balancer.DefaultLoadBalancer: Done. Calculated a load balance in 0ms. Moving 4 entityGroups off of 1 overloaded servers onto 3 less loaded servers
24/05/17 03:11:05 INFO balancer.TestDefaultLoadBalancer: Mock Balance : { srv59140:1 , srv97561:1 , srv3338:2 , srv39980:2 }
24/05/17 03:11:05 INFO balancer.TestDefaultLoadBalancer: Mock Cluster : { srv3338:4 , srv39980:4 , srv59140:4 , srv97561:7 } [srvr=4 rgns=19 avg=4.75 max=5 min=4]
24/05/17 03:11:05 DEBUG balancer.DefaultLoadBalancer: Balance parameter: numEntityGroups=19, numServers=4, max=5, min=4
24/05/17 03:11:05 INFO balancer.DefaultLoadBalancer: Done. Calculated a load balance in 0ms. Moving 2 entityGroups off of 1 overloaded servers onto 0 less loaded servers
24/05/17 03:11:05 INFO balancer.TestDefaultLoadBalancer: Mock Balance : { srv59140:4 , srv3338:5 , srv39980:5 , srv97561:5 }
24/05/17 03:11:05 INFO balancer.TestDefaultLoadBalancer: Mock Cluster : { srv3338:4 , srv39980:4 , srv59140:4 , srv97561:8 } [srvr=4 rgns=20 avg=5.0 max=5 min=5]
24/05/17 03:11:05 DEBUG balancer.DefaultLoadBalancer: Balance parameter: numEntityGroups=20, numServers=4, max=5, min=5
24/05/17 03:11:05 INFO balancer.DefaultLoadBalancer: Calculated a load balance in 0ms. Moving 3 entityGroups off of 1 overloaded servers onto 3 less loaded servers
24/05/17 03:11:05 INFO balancer.TestDefaultLoadBalancer: Mock Balance : { srv3338:5 , srv39980:5 , srv59140:5 , srv97561:5 }
24/05/17 03:11:05 INFO balancer.TestDefaultLoadBalancer: Mock Cluster : { srv3338:0 , srv39980:0 , srv59140:0 , srv97561:7 } [srvr=4 rgns=7 avg=1.75 max=2 min=1]
24/05/17 03:11:05 DEBUG balancer.DefaultLoadBalancer: Balance parameter: numEntityGroups=7, numServers=4, max=2, min=1
24/05/17 03:11:05 INFO balancer.DefaultLoadBalancer: Done. Calculated a load balance in 0ms. Moving 5 entityGroups off of 1 overloaded servers onto 3 less loaded servers
24/05/17 03:11:05 INFO balancer.TestDefaultLoadBalancer: Mock Balance : { srv59140:1 , srv3338:2 , srv39980:2 , srv97561:2 }
24/05/17 03:11:05 INFO balancer.TestDefaultLoadBalancer: Mock Cluster : { srv3338:1 , srv39980:1 , srv59140:1 , srv97561:1 , srv24255:4 } [srvr=5 rgns=8 avg=1.6 max=2 min=1]
24/05/17 03:11:05 DEBUG balancer.DefaultLoadBalancer: Balance parameter: numEntityGroups=8, numServers=5, max=2, min=1
24/05/17 03:11:05 INFO balancer.DefaultLoadBalancer: Done. Calculated a load balance in 0ms. Moving 2 entityGroups off of 1 overloaded servers onto 0 less loaded servers
24/05/17 03:11:05 INFO balancer.TestDefaultLoadBalancer: Mock Balance : { srv59140:1 , srv97561:1 , srv24255:2 , srv3338:2 , srv39980:2 }
24/05/17 03:11:05 INFO balancer.TestDefaultLoadBalancer: Mock Cluster : { srv24255:1 , srv3338:2 , srv39980:3 , srv59140:4 , srv97561:5 , srv17293:6 , srv60132:7 , srv62929:8 , srv74598:9 , srv20404:10 , srv35482:11 , srv7124:12 , srv79046:13 , srv23980:14 , srv2215:15 } [srvr=15 rgns=120 avg=8.0 max=8 min=8]
24/05/17 03:11:05 DEBUG balancer.DefaultLoadBalancer: Balance parameter: numEntityGroups=120, numServers=15, max=8, min=8
24/05/17 03:11:05 INFO balancer.DefaultLoadBalancer: Calculated a load balance in 1ms. Moving 28 entityGroups off of 7 overloaded servers onto 7 less loaded servers
24/05/17 03:11:05 INFO balancer.TestDefaultLoadBalancer: Mock Balance : { srv17293:8 , srv20404:8 , srv2215:8 , srv23980:8 , srv24255:8 , srv3338:8 , srv35482:8 , srv39980:8 , srv59140:8 , srv60132:8 , srv62929:8 , srv7124:8 , srv74598:8 , srv79046:8 , srv97561:8 }
24/05/17 03:11:05 INFO balancer.TestDefaultLoadBalancer: Mock Cluster : { srv17293:0 , srv20404:0 , srv2215:0 , srv23980:0 , srv24255:0 , srv3338:0 , srv35482:0 , srv39980:0 , srv59140:0 , srv60132:10 } [srvr=10 rgns=10 avg=1.0 max=1 min=1]
24/05/17 03:11:05 DEBUG balancer.DefaultLoadBalancer: Balance parameter: numEntityGroups=10, numServers=10, max=1, min=1
24/05/17 03:11:05 INFO balancer.DefaultLoadBalancer: Calculated a load balance in 0ms. Moving 9 entityGroups off of 1 overloaded servers onto 9 less loaded servers
24/05/17 03:11:05 INFO balancer.TestDefaultLoadBalancer: Mock Balance : { srv17293:1 , srv20404:1 , srv2215:1 , srv23980:1 , srv24255:1 , srv3338:1 , srv35482:1 , srv39980:1 , srv59140:1 , srv60132:1 }
24/05/17 03:11:05 INFO balancer.TestDefaultLoadBalancer: Mock Cluster : { srv24255:1 , srv74598:5 , srv17293:6 , srv20404:6 , srv2215:6 , srv23980:6 , srv62929:6 , srv7124:6 , srv79046:6 , srv97561:6 } [srvr=10 rgns=54 avg=5.4 max=6 min=5]
24/05/17 03:11:05 DEBUG balancer.DefaultLoadBalancer: Balance parameter: numEntityGroups=54, numServers=10, max=6, min=5
24/05/17 03:11:05 INFO balancer.DefaultLoadBalancer: Done. Calculated a load balance in 0ms. Moving 4 entityGroups off of 0 overloaded servers onto 1 less loaded servers
24/05/17 03:11:05 INFO balancer.TestDefaultLoadBalancer: Mock Balance : { srv24255:5 , srv62929:5 , srv7124:5 , srv74598:5 , srv79046:5 , srv97561:5 , srv17293:6 , srv20404:6 , srv2215:6 , srv23980:6 }
24/05/17 03:11:05 INFO balancer.TestDefaultLoadBalancer: Mock Cluster : { srv17293:0 , srv20404:0 , srv2215:0 , srv23980:0 , srv3338:0 , srv35482:0 , srv39980:0 , srv59140:0 , srv60132:0 , srv24255:54 } [srvr=10 rgns=54 avg=5.4 max=6 min=5]
24/05/17 03:11:05 DEBUG balancer.DefaultLoadBalancer: Balance parameter: numEntityGroups=54, numServers=10, max=6, min=5
24/05/17 03:11:05 INFO balancer.DefaultLoadBalancer: Done. Calculated a load balance in 0ms. Moving 48 entityGroups off of 1 overloaded servers onto 9 less loaded servers
24/05/17 03:11:05 INFO balancer.TestDefaultLoadBalancer: Mock Balance : { srv23980:5 , srv3338:5 , srv35482:5 , srv39980:5 , srv59140:5 , srv60132:5 , srv17293:6 , srv20404:6 , srv2215:6 , srv24255:6 }
24/05/17 03:11:05 INFO balancer.TestDefaultLoadBalancer: Mock Cluster : { srv17293:0 , srv20404:0 , srv2215:0 , srv23980:0 , srv62929:0 , srv7124:0 , srv74598:0 , srv79046:0 , srv97561:0 , srv24255:55 } [srvr=10 rgns=55 avg=5.5 max=6 min=5]
24/05/17 03:11:05 DEBUG balancer.DefaultLoadBalancer: Balance parameter: numEntityGroups=55, numServers=10, max=6, min=5
24/05/17 03:11:05 INFO balancer.DefaultLoadBalancer: Done. Calculated a load balance in 0ms. Moving 49 entityGroups off of 1 overloaded servers onto 9 less loaded servers
24/05/17 03:11:05 INFO balancer.TestDefaultLoadBalancer: Mock Balance : { srv62929:5 , srv7124:5 , srv74598:5 , srv79046:5 , srv97561:5 , srv17293:6 , srv20404:6 , srv2215:6 , srv23980:6 , srv24255:6 }
24/05/17 03:11:05 INFO balancer.TestDefaultLoadBalancer: Mock Cluster : { srv17293:0 , srv20404:0 , srv2215:0 , srv23980:0 , srv3338:0 , srv35482:0 , srv39980:0 , srv59140:0 , srv60132:0 , srv24255:56 } [srvr=10 rgns=56 avg=5.6 max=6 min=5]
24/05/17 03:11:05 DEBUG balancer.DefaultLoadBalancer: Balance parameter: numEntityGroups=56, numServers=10, max=6, min=5
24/05/17 03:11:05 INFO balancer.DefaultLoadBalancer: Done. Calculated a load balance in 0ms. Moving 50 entityGroups off of 1 overloaded servers onto 9 less loaded servers
24/05/17 03:11:05 INFO balancer.TestDefaultLoadBalancer: Mock Balance : { srv35482:5 , srv39980:5 , srv59140:5 , srv60132:5 , srv17293:6 , srv20404:6 , srv2215:6 , srv23980:6 , srv24255:6 , srv3338:6 }
24/05/17 03:11:05 INFO balancer.TestDefaultLoadBalancer: Mock Cluster : { srv17293:0 , srv20404:0 , srv2215:0 , srv23980:0 , srv62929:0 , srv7124:0 , srv74598:0 , srv79046:0 , srv97561:0 , srv24255:16 } [srvr=10 rgns=16 avg=1.6 max=2 min=1]
24/05/17 03:11:05 DEBUG balancer.DefaultLoadBalancer: Balance parameter: numEntityGroups=16, numServers=10, max=2, min=1
24/05/17 03:11:05 INFO balancer.DefaultLoadBalancer: Done. Calculated a load balance in 0ms. Moving 14 entityGroups off of 1 overloaded servers onto 9 less loaded servers
24/05/17 03:11:05 INFO balancer.TestDefaultLoadBalancer: Mock Balance : { srv7124:1 , srv74598:1 , srv79046:1 , srv97561:1 , srv17293:2 , srv20404:2 , srv2215:2 , srv23980:2 , srv24255:2 , srv62929:2 }
24/05/17 03:11:05 INFO balancer.TestDefaultLoadBalancer: Mock Cluster : { srv17293:1 , srv20404:1 , srv2215:1 , srv23980:1 , srv3338:1 , srv35482:1 , srv39980:1 , srv59140:1 , srv60132:1 , srv24255:8 } [srvr=10 rgns=17 avg=1.7 max=2 min=1]
24/05/17 03:11:05 DEBUG balancer.DefaultLoadBalancer: Balance parameter: numEntityGroups=17, numServers=10, max=2, min=1
24/05/17 03:11:05 INFO balancer.DefaultLoadBalancer: Done. Calculated a load balance in 0ms. Moving 6 entityGroups off of 1 overloaded servers onto 0 less loaded servers
24/05/17 03:11:05 INFO balancer.TestDefaultLoadBalancer: Mock Balance : { srv39980:1 , srv59140:1 , srv60132:1 , srv17293:2 , srv20404:2 , srv2215:2 , srv23980:2 , srv24255:2 , srv3338:2 , srv35482:2 }
24/05/17 03:11:05 INFO balancer.TestDefaultLoadBalancer: Mock Cluster : { srv17293:1 , srv20404:1 , srv2215:1 , srv23980:1 , srv62929:1 , srv7124:1 , srv74598:1 , srv79046:1 , srv97561:1 , srv24255:9 } [srvr=10 rgns=18 avg=1.8 max=2 min=1]
24/05/17 03:11:05 DEBUG balancer.DefaultLoadBalancer: Balance parameter: numEntityGroups=18, numServers=10, max=2, min=1
24/05/17 03:11:05 INFO balancer.DefaultLoadBalancer: Done. Calculated a load balance in 0ms. Moving 7 entityGroups off of 1 overloaded servers onto 0 less loaded servers
24/05/17 03:11:05 INFO balancer.TestDefaultLoadBalancer: Mock Balance : { srv79046:1 , srv97561:1 , srv17293:2 , srv20404:2 , srv2215:2 , srv23980:2 , srv24255:2 , srv62929:2 , srv7124:2 , srv74598:2 }
24/05/17 03:11:05 INFO balancer.TestDefaultLoadBalancer: Mock Cluster : { srv17293:1 , srv20404:1 , srv2215:1 , srv23980:1 , srv3338:1 , srv35482:1 , srv39980:1 , srv59140:1 , srv60132:1 , srv24255:10 } [srvr=10 rgns=19 avg=1.9 max=2 min=1]
24/05/17 03:11:05 DEBUG balancer.DefaultLoadBalancer: Balance parameter: numEntityGroups=19, numServers=10, max=2, min=1
24/05/17 03:11:05 INFO balancer.DefaultLoadBalancer: Done. Calculated a load balance in 0ms. Moving 8 entityGroups off of 1 overloaded servers onto 0 less loaded servers
24/05/17 03:11:05 INFO balancer.TestDefaultLoadBalancer: Mock Balance : { srv60132:1 , srv17293:2 , srv20404:2 , srv2215:2 , srv23980:2 , srv24255:2 , srv3338:2 , srv35482:2 , srv39980:2 , srv59140:2 }
24/05/17 03:11:05 INFO balancer.TestDefaultLoadBalancer: Mock Cluster : { srv17293:1 , srv20404:1 , srv2215:1 , srv23980:1 , srv62929:1 , srv7124:1 , srv74598:1 , srv79046:1 , srv97561:1 , srv24255:123 } [srvr=10 rgns=132 avg=13.2 max=14 min=13]
24/05/17 03:11:05 DEBUG balancer.DefaultLoadBalancer: Balance parameter: numEntityGroups=132, numServers=10, max=14, min=13
24/05/17 03:11:05 INFO balancer.DefaultLoadBalancer: Done. Calculated a load balance in 0ms. Moving 109 entityGroups off of 1 overloaded servers onto 9 less loaded servers
24/05/17 03:11:05 INFO balancer.TestDefaultLoadBalancer: Mock Balance : { srv20404:13 , srv2215:13 , srv23980:13 , srv62929:13 , srv7124:13 , srv74598:13 , srv79046:13 , srv97561:13 , srv17293:14 , srv24255:14 }
24/05/17 03:11:05 INFO balancer.TestDefaultLoadBalancer: Mock Cluster : { srv17293:1 , srv20404:1 , srv2215:1 , srv23980:1 , srv3338:1 , srv35482:1 , srv39980:1 , srv59140:1 , srv60132:1 , srv24255:155 } [srvr=10 rgns=164 avg=16.4 max=17 min=16]
24/05/17 03:11:05 DEBUG balancer.DefaultLoadBalancer: Balance parameter: numEntityGroups=164, numServers=10, max=17, min=16
24/05/17 03:11:05 INFO balancer.DefaultLoadBalancer: Done. Calculated a load balance in 0ms. Moving 138 entityGroups off of 1 overloaded servers onto 9 less loaded servers
24/05/17 03:11:05 INFO balancer.TestDefaultLoadBalancer: Mock Balance : { srv23980:16 , srv3338:16 , srv35482:16 , srv39980:16 , srv59140:16 , srv60132:16 , srv17293:17 , srv20404:17 , srv2215:17 , srv24255:17 }
24/05/17 03:11:05 INFO balancer.TestDefaultLoadBalancer: Mock Cluster : { srv62929:0 , srv7124:0 , srv17293:1 , srv20404:1 , srv79046:1 , srv97561:1 , srv3338:12 , srv23980:133 , srv24255:138 , srv74598:144 , srv2215:1123 , srv35482:1444 } [srvr=12 rgns=2998 avg=249.83333 max=250 min=249]
24/05/17 03:11:05 DEBUG balancer.DefaultLoadBalancer: Balance parameter: numEntityGroups=2998, numServers=12, max=250, min=249
24/05/17 03:11:05 INFO balancer.DefaultLoadBalancer: Done. Calculated a load balance in 4ms. Moving 2067 entityGroups off of 2 overloaded servers onto 10 less loaded servers
24/05/17 03:11:05 INFO balancer.TestDefaultLoadBalancer: Mock Balance : { srv24255:249 , srv74598:249 , srv17293:250 , srv20404:250 , srv2215:250 , srv23980:250 , srv3338:250 , srv35482:250 , srv62929:250 , srv7124:250 , srv79046:250 , srv97561:250 }
24/05/17 03:11:05 INFO balancer.TestDefaultLoadBalancer: Mock Cluster : { srv20404:0 , srv39980:0 , srv59140:0 , srv17293:1 , srv23980:1 , srv2215:4 , srv62929:12 , srv3338:133 , srv35482:138 , srv60132:144 , srv24255:1123 , srv7124:1444 } [srvr=12 rgns=3000 avg=250.0 max=250 min=250]
24/05/17 03:11:05 DEBUG balancer.DefaultLoadBalancer: Balance parameter: numEntityGroups=3000, numServers=12, max=250, min=250
24/05/17 03:11:05 INFO balancer.DefaultLoadBalancer: Calculated a load balance in 5ms. Moving 2067 entityGroups off of 2 overloaded servers onto 10 less loaded servers
24/05/17 03:11:05 INFO balancer.TestDefaultLoadBalancer: Mock Balance : { srv17293:250 , srv20404:250 , srv2215:250 , srv23980:250 , srv24255:250 , srv3338:250 , srv35482:250 , srv39980:250 , srv59140:250 , srv60132:250 , srv62929:250 , srv7124:250 }
24/05/17 03:11:06 INFO server.SessionTrackerImpl: SessionTrackerImpl exited loop!
24/05/17 03:11:06 INFO balancer.TestDefaultLoadBalancer: Mock Cluster : { srv23980:1385 , srv79046:1392 , srv20404:1535 , srv74598:1538 , srv24255:1542 , srv2215:1553 , srv17293:1557 , srv97561:1561 , srv3338:1619 } [srvr=9 rgns=13682 avg=1520.2222 max=1521 min=1520]
24/05/17 03:11:06 DEBUG balancer.DefaultLoadBalancer: Balance parameter: numEntityGroups=13682, numServers=9, max=1521, min=1520
24/05/17 03:11:06 INFO balancer.DefaultLoadBalancer: Done. Calculated a load balance in 1ms. Moving 263 entityGroups off of 7 overloaded servers onto 2 less loaded servers
24/05/17 03:11:06 INFO balancer.TestDefaultLoadBalancer: Mock Balance : { srv17293:1520 , srv2215:1520 , srv23980:1520 , srv24255:1520 , srv3338:1520 , srv79046:1520 , srv97561:1520 , srv20404:1521 , srv74598:1521 }
24/05/17 03:11:06 INFO wasp.WaspTestingUtility: Starting up minicluster with 1 master(s) and 2 fserver(s) 
Starting DataNode 0 with dfs.data.dir: /home/idflakies/alibaba/wasp/target/test-data/84ad133b-39da-40ae-839e-6ed1188d6e07/dfscluster_fa806dd2-d873-4d9d-b29b-4672f6c55881/dfs/data/data1,/home/idflakies/alibaba/wasp/target/test-data/84ad133b-39da-40ae-839e-6ed1188d6e07/dfscluster_fa806dd2-d873-4d9d-b29b-4672f6c55881/dfs/data/data2
24/05/17 03:11:06 ERROR datanode.DataNode: All directories in dfs.data.dir are invalid.
24/05/17 03:11:06 INFO wasp.WaspTestingUtility: Shutting down mini wasp cluster
24/05/17 03:11:06 INFO wasp.WaspTestingUtility: Minicluster is down
java.lang.NullPointerException
	at org.apache.hadoop.hdfs.MiniDFSCluster.startDataNodes(MiniDFSCluster.java:422)
	at org.apache.hadoop.hdfs.MiniDFSCluster.<init>(MiniDFSCluster.java:280)
	at org.apache.hadoop.hbase.HBaseTestingUtility.startMiniDFSCluster(HBaseTestingUtility.java:451)
	at org.apache.hadoop.hbase.HBaseTestingUtility.startMiniCluster(HBaseTestingUtility.java:619)
	at org.apache.hadoop.hbase.HBaseTestingUtility.startMiniCluster(HBaseTestingUtility.java:575)
	at com.alibaba.wasp.WaspTestingUtility.startMiniCluster(WaspTestingUtility.java:172)
	at com.alibaba.wasp.WaspTestingUtility.startMiniCluster(WaspTestingUtility.java:144)
	at com.alibaba.wasp.master.TestMaster.beforeAllTests(TestMaster.java:60)
	at sun.reflect.NativeMethodAccessorImpl.invoke0(Native Method)
	at sun.reflect.NativeMethodAccessorImpl.invoke(NativeMethodAccessorImpl.java:62)
	at sun.reflect.DelegatingMethodAccessorImpl.invoke(DelegatingMethodAccessorImpl.java:43)
	at java.lang.reflect.Method.invoke(Method.java:498)
	at org.junit.runners.model.FrameworkMethod$1.runReflectiveCall(FrameworkMethod.java:45)
	at org.junit.internal.runners.model.ReflectiveCallable.run(ReflectiveCallable.java:15)
	at org.junit.runners.model.FrameworkMethod.invokeExplosively(FrameworkMethod.java:42)
	at org.junit.internal.runners.statements.RunBefores.evaluate(RunBefores.java:27)
	at org.junit.internal.runners.statements.RunAfters.evaluate(RunAfters.java:30)
	at org.junit.runners.ParentRunner.run(ParentRunner.java:300)
	at org.junit.runners.Suite.runChild(Suite.java:128)
	at org.junit.runners.Suite.runChild(Suite.java:24)
	at org.junit.runners.ParentRunner$3.run(ParentRunner.java:231)
	at org.junit.runners.ParentRunner$1.schedule(ParentRunner.java:60)
	at org.junit.runners.ParentRunner.runChildren(ParentRunner.java:229)
	at org.junit.runners.ParentRunner.access$000(ParentRunner.java:50)
	at org.junit.runners.ParentRunner$2.evaluate(ParentRunner.java:222)
	at org.junit.runners.ParentRunner.run(ParentRunner.java:300)
	at org.junit.runner.JUnitCore.run(JUnitCore.java:157)
	at org.junit.runner.JUnitCore.run(JUnitCore.java:136)
	at edu.illinois.cs.testrunner.execution.JUnitTestExecutor.execute(JUnitTestExecutor.java:246)
	at edu.illinois.cs.testrunner.execution.JUnitTestExecutor.executeWithJUnit4Runner(JUnitTestExecutor.java:315)
	at edu.illinois.cs.testrunner.execution.JUnitTestExecutor.runOrder(JUnitTestExecutor.java:46)
	at edu.illinois.cs.testrunner.execution.Executor$.$anonfun$run$1(Executor.scala:30)
	at scala.runtime.java8.JFunction0$mcV$sp.apply(JFunction0$mcV$sp.java:12)
	at scala.util.Try$.apply(Try.scala:209)
	at edu.illinois.cs.testrunner.execution.Executor$.run(Executor.scala:28)
	at edu.illinois.cs.testrunner.execution.Executor$.main(Executor.scala:18)
	at edu.illinois.cs.testrunner.execution.Executor.main(Executor.scala)
24/05/17 03:11:06 DEBUG ipc.WaspRPC: Using com.alibaba.wasp.ipc.ProtobufRpcEngine for com.alibaba.wasp.ipc.TestProtoBufRpc$TestRpcService
24/05/17 03:11:06 DEBUG ipc.NettyTransceiver: Using Netty bootstrap options: {connectTimeoutMillis=3000, tcpNoDelay=true}
24/05/17 03:11:06 DEBUG ipc.NettyTransceiver: Connecting to /0.0.0.0:33151
24/05/17 03:11:06 DEBUG ipc.NettyTransceiver: [id: 0x61e45f87] OPEN
24/05/17 03:11:06 INFO ipc.NettyTransceiver: Successfully connected to bookie: /0.0.0.0:33151
24/05/17 03:11:06 DEBUG ipc.NettyServer: [id: 0x109bd048, /172.17.0.2:43882 => /172.17.0.2:33151] OPEN
24/05/17 03:11:06 DEBUG ipc.NettyTransceiver: [id: 0x61e45f87, /172.17.0.2:43882 => /0.0.0.0:33151] BOUND: /172.17.0.2:43882
24/05/17 03:11:06 DEBUG ipc.NettyTransceiver: [id: 0x61e45f87, /172.17.0.2:43882 => /0.0.0.0:33151] CONNECTED: /0.0.0.0:33151
24/05/17 03:11:06 DEBUG ipc.NettyServer: [id: 0x109bd048, /172.17.0.2:43882 => /172.17.0.2:33151] BOUND: /172.17.0.2:33151
24/05/17 03:11:06 DEBUG ipc.NettyServer: [id: 0x109bd048, /172.17.0.2:43882 => /172.17.0.2:33151] CONNECTED: /172.17.0.2:43882
24/05/17 03:11:06 ERROR ipc.NettyServer: pool-11-thread-8, call methodName: "error"
clientProtocolVersion: 1
request: ""
requestClassName: "com.alibaba.wasp.ipc.protobuf.generated.TestProtos$EmptyRequestProto"
: error: 
java.io.IOException: error
	at com.alibaba.wasp.ipc.TestProtoBufRpc$PBServerImpl.error(TestProtoBufRpc.java:68)
	at sun.reflect.NativeMethodAccessorImpl.invoke0(Native Method)
	at sun.reflect.NativeMethodAccessorImpl.invoke(NativeMethodAccessorImpl.java:62)
	at sun.reflect.DelegatingMethodAccessorImpl.invoke(DelegatingMethodAccessorImpl.java:43)
	at java.lang.reflect.Method.invoke(Method.java:498)
	at com.alibaba.wasp.ipc.ProtobufRpcEngine$Server.call(ProtobufRpcEngine.java:270)
	at com.alibaba.wasp.ipc.NettyServer$NettyServerWaspHandler.messageReceived(NettyServer.java:234)
	at org.jboss.netty.channel.SimpleChannelUpstreamHandler.handleUpstream(SimpleChannelUpstreamHandler.java:75)
	at com.alibaba.wasp.ipc.NettyServer$NettyServerWaspHandler.handleUpstream(NettyServer.java:171)
	at org.jboss.netty.channel.DefaultChannelPipeline.sendUpstream(DefaultChannelPipeline.java:563)
	at org.jboss.netty.channel.DefaultChannelPipeline$DefaultChannelHandlerContext.sendUpstream(DefaultChannelPipeline.java:791)
	at org.jboss.netty.handler.execution.ChannelUpstreamEventRunnable.doRun(ChannelUpstreamEventRunnable.java:45)
	at org.jboss.netty.handler.execution.ChannelEventRunnable.run(ChannelEventRunnable.java:64)
	at java.util.concurrent.ThreadPoolExecutor.runWorker(ThreadPoolExecutor.java:1149)
	at java.util.concurrent.ThreadPoolExecutor$Worker.run(ThreadPoolExecutor.java:624)
	at java.lang.Thread.run(Thread.java:748)
24/05/17 03:11:06 INFO ipc.NettyServer: Stopping server on 0
24/05/17 03:11:06 DEBUG ipc.NettyTransceiver: [id: 0x61e45f87, /172.17.0.2:43882 :> /0.0.0.0:33151] DISCONNECTED
24/05/17 03:11:06 DEBUG ipc.NettyTransceiver: [id: 0x61e45f87, /172.17.0.2:43882 :> /0.0.0.0:33151] UNBOUND
24/05/17 03:11:06 DEBUG ipc.NettyTransceiver: [id: 0x61e45f87, /172.17.0.2:43882 :> /0.0.0.0:33151] CLOSED
24/05/17 03:11:06 DEBUG ipc.NettyTransceiver: Remote peer /0.0.0.0:33151 closed connection.
24/05/17 03:11:06 DEBUG ipc.NettyTransceiver: Disconnecting from /0.0.0.0:33151
24/05/17 03:11:06 DEBUG ipc.NettyServer: [id: 0x109bd048, /172.17.0.2:43882 :> /172.17.0.2:33151] DISCONNECTED
24/05/17 03:11:06 DEBUG ipc.NettyServer: [id: 0x109bd048, /172.17.0.2:43882 :> /172.17.0.2:33151] UNBOUND
24/05/17 03:11:06 DEBUG ipc.NettyServer: [id: 0x109bd048, /172.17.0.2:43882 :> /172.17.0.2:33151] CLOSED
24/05/17 03:11:06 INFO wasp.WaspTestingUtility: Starting up minicluster with 1 master(s) and 1 fserver(s) 
Starting DataNode 0 with dfs.data.dir: /home/idflakies/alibaba/wasp/target/test-data/352b74ab-f802-42b1-b32e-1ae8e4082c9c/dfscluster_ab869d43-d181-49a0-9cba-000a0b2801c8/dfs/data/data1,/home/idflakies/alibaba/wasp/target/test-data/352b74ab-f802-42b1-b32e-1ae8e4082c9c/dfscluster_ab869d43-d181-49a0-9cba-000a0b2801c8/dfs/data/data2
24/05/17 03:11:07 ERROR datanode.DataNode: All directories in dfs.data.dir are invalid.
24/05/17 03:11:07 INFO wasp.WaspTestingUtility: Shutting down mini wasp cluster
24/05/17 03:11:07 INFO wasp.WaspTestingUtility: Minicluster is down
java.lang.NullPointerException
	at org.apache.hadoop.hdfs.MiniDFSCluster.startDataNodes(MiniDFSCluster.java:422)
	at org.apache.hadoop.hdfs.MiniDFSCluster.<init>(MiniDFSCluster.java:280)
	at org.apache.hadoop.hbase.HBaseTestingUtility.startMiniDFSCluster(HBaseTestingUtility.java:451)
	at org.apache.hadoop.hbase.HBaseTestingUtility.startMiniCluster(HBaseTestingUtility.java:619)
	at org.apache.hadoop.hbase.HBaseTestingUtility.startMiniCluster(HBaseTestingUtility.java:575)
	at com.alibaba.wasp.WaspTestingUtility.startMiniCluster(WaspTestingUtility.java:172)
	at com.alibaba.wasp.WaspTestingUtility.startMiniCluster(WaspTestingUtility.java:144)
	at com.alibaba.wasp.plan.execute.TestExecutionEngine.before(TestExecutionEngine.java:89)
	at sun.reflect.NativeMethodAccessorImpl.invoke0(Native Method)
	at sun.reflect.NativeMethodAccessorImpl.invoke(NativeMethodAccessorImpl.java:62)
	at sun.reflect.DelegatingMethodAccessorImpl.invoke(DelegatingMethodAccessorImpl.java:43)
	at java.lang.reflect.Method.invoke(Method.java:498)
	at org.junit.runners.model.FrameworkMethod$1.runReflectiveCall(FrameworkMethod.java:45)
	at org.junit.internal.runners.model.ReflectiveCallable.run(ReflectiveCallable.java:15)
	at org.junit.runners.model.FrameworkMethod.invokeExplosively(FrameworkMethod.java:42)
	at org.junit.internal.runners.statements.RunBefores.evaluate(RunBefores.java:27)
	at org.junit.internal.runners.statements.RunAfters.evaluate(RunAfters.java:30)
	at org.junit.runners.ParentRunner.run(ParentRunner.java:300)
	at org.junit.runners.Suite.runChild(Suite.java:128)
	at org.junit.runners.Suite.runChild(Suite.java:24)
	at org.junit.runners.ParentRunner$3.run(ParentRunner.java:231)
	at org.junit.runners.ParentRunner$1.schedule(ParentRunner.java:60)
	at org.junit.runners.ParentRunner.runChildren(ParentRunner.java:229)
	at org.junit.runners.ParentRunner.access$000(ParentRunner.java:50)
	at org.junit.runners.ParentRunner$2.evaluate(ParentRunner.java:222)
	at org.junit.runners.ParentRunner.run(ParentRunner.java:300)
	at org.junit.runner.JUnitCore.run(JUnitCore.java:157)
	at org.junit.runner.JUnitCore.run(JUnitCore.java:136)
	at edu.illinois.cs.testrunner.execution.JUnitTestExecutor.execute(JUnitTestExecutor.java:246)
	at edu.illinois.cs.testrunner.execution.JUnitTestExecutor.executeWithJUnit4Runner(JUnitTestExecutor.java:315)
	at edu.illinois.cs.testrunner.execution.JUnitTestExecutor.runOrder(JUnitTestExecutor.java:46)
	at edu.illinois.cs.testrunner.execution.Executor$.$anonfun$run$1(Executor.scala:30)
	at scala.runtime.java8.JFunction0$mcV$sp.apply(JFunction0$mcV$sp.java:12)
	at scala.util.Try$.apply(Try.scala:209)
	at edu.illinois.cs.testrunner.execution.Executor$.run(Executor.scala:28)
	at edu.illinois.cs.testrunner.execution.Executor$.main(Executor.scala:18)
	at edu.illinois.cs.testrunner.execution.Executor.main(Executor.scala)
24/05/17 03:11:07 INFO wasp.WaspTestingUtility: Starting up minicluster with 3 master(s) and 3 fserver(s) 
Starting DataNode 0 with dfs.data.dir: /home/idflakies/alibaba/wasp/target/test-data/0b291b65-9747-4cc9-8f04-d90169c9a2dd/dfscluster_8135f848-b280-4f96-bf3f-7dd38c933e01/dfs/data/data1,/home/idflakies/alibaba/wasp/target/test-data/0b291b65-9747-4cc9-8f04-d90169c9a2dd/dfscluster_8135f848-b280-4f96-bf3f-7dd38c933e01/dfs/data/data2
24/05/17 03:11:07 ERROR datanode.DataNode: All directories in dfs.data.dir are invalid.
java.lang.NullPointerException
	at org.apache.hadoop.hdfs.MiniDFSCluster.startDataNodes(MiniDFSCluster.java:422)
	at org.apache.hadoop.hdfs.MiniDFSCluster.<init>(MiniDFSCluster.java:280)
	at org.apache.hadoop.hbase.HBaseTestingUtility.startMiniDFSCluster(HBaseTestingUtility.java:451)
	at org.apache.hadoop.hbase.HBaseTestingUtility.startMiniCluster(HBaseTestingUtility.java:619)
	at org.apache.hadoop.hbase.HBaseTestingUtility.startMiniCluster(HBaseTestingUtility.java:575)
	at com.alibaba.wasp.WaspTestingUtility.startMiniCluster(WaspTestingUtility.java:172)
	at com.alibaba.wasp.master.TestMasterShutdown.testMasterShutdown(TestMasterShutdown.java:57)
	at sun.reflect.NativeMethodAccessorImpl.invoke0(Native Method)
	at sun.reflect.NativeMethodAccessorImpl.invoke(NativeMethodAccessorImpl.java:62)
	at sun.reflect.DelegatingMethodAccessorImpl.invoke(DelegatingMethodAccessorImpl.java:43)
	at java.lang.reflect.Method.invoke(Method.java:498)
	at org.junit.runners.model.FrameworkMethod$1.runReflectiveCall(FrameworkMethod.java:45)
	at org.junit.internal.runners.model.ReflectiveCallable.run(ReflectiveCallable.java:15)
	at org.junit.runners.model.FrameworkMethod.invokeExplosively(FrameworkMethod.java:42)
	at org.junit.internal.runners.statements.InvokeMethod.evaluate(InvokeMethod.java:20)
	at org.junit.internal.runners.statements.FailOnTimeout$StatementThread.run(FailOnTimeout.java:62)
24/05/17 03:11:07 DEBUG druid.DruidParser: Parsing SQL CREATE TABLE User { Required Int64 user_id; Required String name; Optional DOUBLE value; }  primary key(user_id),  entity group root, entity group key(user_id);
24/05/17 03:11:07 DEBUG druid.DruidDDLParser: CreateTablePlan CreateTablePlan [table=CREATE TABLE User { 
  REQUIRED INT64 user_id COLUMNFAMILY d;
  REQUIRED STRING name COLUMNFAMILY d;
  OPTIONAL DOUBLE value COLUMNFAMILY d;
} 
PRIMARY KEY(user_id),
ENTITY GROUP ROOT,
ENTITY GROUP KEY(user_id);
, splitKeys=null]
24/05/17 03:11:07 DEBUG druid.DruidParser: Parsing SQL CREATE TABLE Photo { Required Int64 user_id columnfamily cf comment 'aaa';  Required Int32 photo_id comment 'child primary key';  Optional Int64 time; Optional String full_url;  Optional String thumbnail_url; Optional string tag; Optional DATETIME date; Optional Int32 int32Type; }  primary key(user_id,photo_id),  in table User,  Entity Group Key(user_id) references User; 
24/05/17 03:11:07 DEBUG druid.DruidDDLParser: CreateTablePlan CreateTablePlan [table=CREATE TABLE Photo { 
  REQUIRED INT64 user_id COLUMNFAMILY cf;
  REQUIRED INT32 photo_id COLUMNFAMILY d;
  OPTIONAL INT64 time COLUMNFAMILY d;
  OPTIONAL STRING full_url COLUMNFAMILY d;
  OPTIONAL STRING thumbnail_url COLUMNFAMILY d;
  OPTIONAL STRING tag COLUMNFAMILY d;
  OPTIONAL DATETIME date COLUMNFAMILY d;
  OPTIONAL INT32 int32Type COLUMNFAMILY d;
} 
PRIMARY KEY(user_id, photo_id, ),
 IN TABLE User,
 ENTITY GROUP KEY(user_id) REFERENCES User;
, splitKeys=null]
24/05/17 03:11:07 DEBUG druid.DruidParser: Parsing SQL Insert into User(user_id,name) values(1,'binlijin');
24/05/17 03:11:07 DEBUG druid.DruidDMLParser: INSERT SQL TableSource User
24/05/17 03:11:07 DEBUG druid.DruidDMLParser: From table User
24/05/17 03:11:07 DEBUG druid.DruidDMLParser:  SQLInsertItem user_id
24/05/17 03:11:07 DEBUG druid.DruidDMLParser:  SQLInsertItem name
24/05/17 03:11:07 DEBUG druid.DruidDMLParser: INSERT SQL Insert columns [user_id, name]
24/05/17 03:11:07 DEBUG druid.DruidDMLParser: INSERT SQL Insert Values List [ VALUES (1, 'binlijin')]
24/05/17 03:11:07 DEBUG druid.DruidDMLParser: InsertPlan InsertPlan [actions=[InsertAction [tableName=User, primayKey=[0, 0, 0, 0, 0, 0, 0, 1], columns=[ColumnAction [tableName=User, familyName=d, columnName=user_id, value=[0, 0, 0, 0, 0, 0, 0, 1], isIndex=false], ColumnAction [tableName=User, familyName=d, columnName=name, value=[98, 105, 110, 108, 105, 106, 105, 110], isIndex=false]]]]]
24/05/17 03:11:07 DEBUG druid.DruidParser: Parsing SQL Insert into Photo(user_id,photo_id,tag) values(1,1,'tag');
24/05/17 03:11:07 DEBUG druid.DruidDMLParser: INSERT SQL TableSource Photo
24/05/17 03:11:07 DEBUG druid.DruidDMLParser: From table Photo
24/05/17 03:11:07 DEBUG druid.DruidDMLParser:  SQLInsertItem user_id
24/05/17 03:11:07 DEBUG druid.DruidDMLParser:  SQLInsertItem photo_id
24/05/17 03:11:07 DEBUG druid.DruidDMLParser:  SQLInsertItem tag
24/05/17 03:11:07 DEBUG druid.DruidDMLParser: INSERT SQL Insert columns [user_id, photo_id, tag]
24/05/17 03:11:07 DEBUG druid.DruidDMLParser: INSERT SQL Insert Values List [ VALUES (1, 1, 'tag')]
24/05/17 03:11:07 DEBUG druid.DruidDMLParser: InsertPlan InsertPlan [actions=[InsertAction [tableName=Photo, primayKey=[0, 0, 0, 0, 0, 0, 0, 1, 0, 0, 0, 0, 1], columns=[ColumnAction [tableName=Photo, familyName=cf, columnName=user_id, value=[0, 0, 0, 0, 0, 0, 0, 1], isIndex=false], ColumnAction [tableName=Photo, familyName=d, columnName=photo_id, value=[0, 0, 0, 1], isIndex=false], ColumnAction [tableName=Photo, familyName=d, columnName=tag, value=[116, 97, 103], isIndex=false]]]]]
24/05/17 03:11:07 INFO server.ZooKeeperServer: Created server with tickTime 2000 minSessionTimeout 4000 maxSessionTimeout 40000 datadir /home/idflakies/alibaba/wasp/target/test-data/1b39aa52-92c4-46aa-81ed-53e3425c4df1/dfscluster_8bc43e7c-aaa4-4527-a506-fcc59dc72a03/zookeeper_0/version-2 snapdir /home/idflakies/alibaba/wasp/target/test-data/1b39aa52-92c4-46aa-81ed-53e3425c4df1/dfscluster_8bc43e7c-aaa4-4527-a506-fcc59dc72a03/zookeeper_0/version-2
24/05/17 03:11:07 INFO server.NIOServerCnxnFactory: binding to port 0.0.0.0/0.0.0.0:52488
24/05/17 03:11:07 INFO persistence.FileTxnSnapLog: Snapshotting: 0x0 to /home/idflakies/alibaba/wasp/target/test-data/1b39aa52-92c4-46aa-81ed-53e3425c4df1/dfscluster_8bc43e7c-aaa4-4527-a506-fcc59dc72a03/zookeeper_0/version-2/snapshot.0
24/05/17 03:11:07 INFO server.NIOServerCnxnFactory: Accepted socket connection from /127.0.0.1:36712
24/05/17 03:11:07 INFO server.NIOServerCnxn: Processing stat command from /127.0.0.1:36712
24/05/17 03:11:07 INFO server.NIOServerCnxn: Stat command output
24/05/17 03:11:07 INFO server.NIOServerCnxn: Closed socket connection for client /127.0.0.1:36712 (no session established for client)
24/05/17 03:11:07 DEBUG zookeeper.ZKUtil: MockServer,123,-1 opening connection to ZooKeeper with ensemble (localhost:52488)
24/05/17 03:11:07 INFO zookeeper.ZooKeeper: Initiating client connection, connectString=localhost:52488 sessionTimeout=180000 watcher=MockServer,123,-1
24/05/17 03:11:07 INFO zookeeper.RecoverableZooKeeper: The identifier of this process is 18621@a9f87c527aeb
24/05/17 03:11:07 INFO server.NIOServerCnxnFactory: Accepted socket connection from /127.0.0.1:36722
24/05/17 03:11:07 DEBUG server.ZooKeeperServer: Session establishment request from client /127.0.0.1:36722 client's lastZxid is 0x0
24/05/17 03:11:07 INFO server.ZooKeeperServer: Client attempting to establish new session at /127.0.0.1:36722
24/05/17 03:11:07 INFO persistence.FileTxnLog: Creating new log file: log.1
24/05/17 03:11:07 INFO server.ZooKeeperServer: Established session 0xff8f84882b680000 with negotiated timeout 40000 for client /127.0.0.1:36722
24/05/17 03:11:07 DEBUG zookeeper.ZooKeeperWatcher: MockServer,123,-1 Received ZooKeeper Event, type=None, state=SyncConnected, path=null
24/05/17 03:11:07 DEBUG zookeeper.ZooKeeperWatcher: MockServer,123,-1-0xff8f84882b680000 connected
24/05/17 03:11:07 DEBUG zookeeper.ZKAssign: MockServer,123,-1-0xff8f84882b680000 Creating unassigned node for 10845db09133987f4f109d0d83a12948 in OFFLINE state
24/05/17 03:11:07 DEBUG zookeeper.ZKAssign: MockServer,123,-1-0xff8f84882b680000 Attempting to transition node 10845db09133987f4f109d0d83a12948 from M_ZK_ENTITYGROUP_OFFLINE to FSERVER_ZK_ENTITYGROUP_OPENING
24/05/17 03:11:07 DEBUG zookeeper.ZKUtil: MockServer,123,-1-0xff8f84882b680000 Retrieved 118 byte(s) of data from znode /wasp/unassigned/10845db09133987f4f109d0d83a12948; data=entityGroup=TestCloseEntityGroupHandler,\x00\x00\x00\x00,1715915467629.10845db09133987f4f109d0d83a12948., state=M_ZK_ENTITYGROUP_OFFLINE, servername=MockServer,123,-1, createTime=1715915467653, payload.length=0
24/05/17 03:11:07 DEBUG zookeeper.ZKAssign: MockServer,123,-1-0xff8f84882b680000 Successfully transitioned node 10845db09133987f4f109d0d83a12948 from M_ZK_ENTITYGROUP_OFFLINE to FSERVER_ZK_ENTITYGROUP_OPENING
24/05/17 03:11:07 DEBUG zookeeper.ZooKeeperWatcher: MockServer,123,-1-0xff8f84882b680000 Received ZooKeeper Event, type=NodeDataChanged, state=SyncConnected, path=/wasp/unassigned/10845db09133987f4f109d0d83a12948
24/05/17 03:11:07 INFO fserver.EntityGroup: EntityGroup.openEntityGroup EntityGroup name ==TestCloseEntityGroupHandler,\x00\x00\x00\x00,1715915467629.10845db09133987f4f109d0d83a12948.
24/05/17 03:11:07 DEBUG fserver.EntityGroup: Opening EntityGroup: {NAME => 'TestCloseEntityGroupHandler,\x00\x00\x00\x00,1715915467629.10845db09133987f4f109d0d83a12948.', STARTKEY => '\x00\x00\x00\x00', ENDKEY => '\x00\x00\x00\x01', ENCODED => 10845db09133987f4f109d0d83a12948,}
24/05/17 03:11:07 DEBUG fserver.MetricsEntityGroupSourceImpl: Creating new MetricsEntityGroupSourceImpl for table TestCloseEntityGroupHandler 10845db09133987f4f109d0d83a12948
24/05/17 03:11:07 DEBUG fserver.EntityGroup: Instantiated TestCloseEntityGroupHandler,\x00\x00\x00\x00,1715915467629.10845db09133987f4f109d0d83a12948.
24/05/17 03:11:07 DEBUG zookeeper.ZKAssign: MockServer,123,-1-0xff8f84882b680000 Attempting to transition node 10845db09133987f4f109d0d83a12948 from FSERVER_ZK_ENTITYGROUP_OPENING to FSERVER_ZK_ENTITYGROUP_OPENING
24/05/17 03:11:07 ERROR server.NIOServerCnxnFactory: Thread Thread[Thread-253,5,main] died
java.lang.NullPointerException
	at com.alibaba.wasp.fserver.EntityGroup.run(EntityGroup.java:1264)
	at java.lang.Thread.run(Thread.java:748)
24/05/17 03:11:07 DEBUG zookeeper.ZKUtil: MockServer,123,-1-0xff8f84882b680000 Retrieved 118 byte(s) of data from znode /wasp/unassigned/10845db09133987f4f109d0d83a12948; data=entityGroup=TestCloseEntityGroupHandler,\x00\x00\x00\x00,1715915467629.10845db09133987f4f109d0d83a12948., state=FSERVER_ZK_ENTITYGROUP_OPENING, servername=MockServer,123,-1, createTime=1715915467657, payload.length=0
24/05/17 03:11:07 DEBUG zookeeper.ZKAssign: MockServer,123,-1-0xff8f84882b680000 Successfully transitioned node 10845db09133987f4f109d0d83a12948 from FSERVER_ZK_ENTITYGROUP_OPENING to FSERVER_ZK_ENTITYGROUP_OPENING
24/05/17 03:11:07 DEBUG zookeeper.ZKAssign: MockServer,123,-1-0xff8f84882b680000 Attempting to transition node 10845db09133987f4f109d0d83a12948 from FSERVER_ZK_ENTITYGROUP_OPENING to FSERVER_ZK_ENTITYGROUP_OPENED
24/05/17 03:11:07 DEBUG zookeeper.ZKUtil: MockServer,123,-1-0xff8f84882b680000 Retrieved 118 byte(s) of data from znode /wasp/unassigned/10845db09133987f4f109d0d83a12948; data=entityGroup=TestCloseEntityGroupHandler,\x00\x00\x00\x00,1715915467629.10845db09133987f4f109d0d83a12948., state=FSERVER_ZK_ENTITYGROUP_OPENING, servername=MockServer,123,-1, createTime=1715915467661, payload.length=0
24/05/17 03:11:07 DEBUG zookeeper.ZKAssign: MockServer,123,-1-0xff8f84882b680000 Successfully transitioned node 10845db09133987f4f109d0d83a12948 from FSERVER_ZK_ENTITYGROUP_OPENING to FSERVER_ZK_ENTITYGROUP_OPENED
24/05/17 03:11:07 DEBUG handler.OpenEntityGroupHandler: entityGroup transitioned to opened in zookeeper: {NAME => 'TestCloseEntityGroupHandler,\x00\x00\x00\x00,1715915467629.10845db09133987f4f109d0d83a12948.', STARTKEY => '\x00\x00\x00\x00', ENDKEY => '\x00\x00\x00\x01', ENCODED => 10845db09133987f4f109d0d83a12948,}, server: MockServer,123,-1
24/05/17 03:11:07 DEBUG handler.OpenEntityGroupHandler: Opened TestCloseEntityGroupHandler,\x00\x00\x00\x00,1715915467629.10845db09133987f4f109d0d83a12948. on server:MockServer,123,-1
24/05/17 03:11:07 DEBUG zookeeper.ZKUtil: MockServer,123,-1-0xff8f84882b680000 Retrieved 118 byte(s) of data from znode /wasp/unassigned/10845db09133987f4f109d0d83a12948 and set watcher; entityGroup=TestCloseEntityGroupHandler,\x00\x00\x00\x00,1715915467629.10845db09133987f4f109d0d83a12948., state=FSERVER_ZK_ENTITYGROUP_OPENED, servername=MockServer,123,-1, createTime=1715915467666, payload.length=0
24/05/17 03:11:07 DEBUG zookeeper.ZKAssign: MockServer,123,-1-0xff8f84882b680000 Deleting existing unassigned node for 10845db09133987f4f109d0d83a12948 that is in expected state FSERVER_ZK_ENTITYGROUP_OPENED
24/05/17 03:11:07 DEBUG zookeeper.ZKUtil: MockServer,123,-1-0xff8f84882b680000 Retrieved 118 byte(s) of data from znode /wasp/unassigned/10845db09133987f4f109d0d83a12948; data=entityGroup=TestCloseEntityGroupHandler,\x00\x00\x00\x00,1715915467629.10845db09133987f4f109d0d83a12948., state=FSERVER_ZK_ENTITYGROUP_OPENED, servername=MockServer,123,-1, createTime=1715915467666, payload.length=0
24/05/17 03:11:07 DEBUG zookeeper.ZooKeeperWatcher: MockServer,123,-1-0xff8f84882b680000 Received ZooKeeper Event, type=NodeDeleted, state=SyncConnected, path=/wasp/unassigned/10845db09133987f4f109d0d83a12948
24/05/17 03:11:07 DEBUG zookeeper.ZKAssign: MockServer,123,-1-0xff8f84882b680000 Successfully deleted unassigned node for entityGroup 10845db09133987f4f109d0d83a12948 in expected state FSERVER_ZK_ENTITYGROUP_OPENED
24/05/17 03:11:07 DEBUG zookeeper.ZKAssign: MockServer,123,-1-0xff8f84882b680000 Creating unassigned node for 10845db09133987f4f109d0d83a12948 in a CLOSING state
24/05/17 03:11:07 DEBUG handler.CloseEntityGroupHandler: Processing close of TestCloseEntityGroupHandler,\x00\x00\x00\x00,1715915467629.10845db09133987f4f109d0d83a12948.
24/05/17 03:11:07 DEBUG fserver.EntityGroup: Closing TestCloseEntityGroupHandler,\x00\x00\x00\x00,1715915467629.10845db09133987f4f109d0d83a12948.
24/05/17 03:11:07 DEBUG fserver.EntityGroup: Updates disabled for entityGroup TestCloseEntityGroupHandler,\x00\x00\x00\x00,1715915467629.10845db09133987f4f109d0d83a12948.
24/05/17 03:11:07 INFO fserver.EntityGroup: Running commit transaction of TestCloseEntityGroupHandler,\x00\x00\x00\x00,1715915467629.10845db09133987f4f109d0d83a12948. before close
24/05/17 03:11:07 INFO fserver.EntityGroup: Closed TestCloseEntityGroupHandler,\x00\x00\x00\x00,1715915467629.10845db09133987f4f109d0d83a12948.
24/05/17 03:11:07 DEBUG zookeeper.ZKAssign: MockServer,123,-1-0xff8f84882b680000 Attempting to transition node 10845db09133987f4f109d0d83a12948 from M_ZK_ENTITYGROUP_CLOSING to FSERVER_ZK_ENTITYGROUP_CLOSED
24/05/17 03:11:07 DEBUG zookeeper.ZKUtil: MockServer,123,-1-0xff8f84882b680000 Retrieved 120 byte(s) of data from znode /wasp/unassigned/10845db09133987f4f109d0d83a12948; data=entityGroup=TestCloseEntityGroupHandler,\x00\x00\x00\x00,1715915467629.10845db09133987f4f109d0d83a12948., state=M_ZK_ENTITYGROUP_CLOSING, servername=MockServer,123,-1, createTime=1715915467672, payload.length=0
24/05/17 03:11:07 WARN zookeeper.ZKAssign: MockServer,123,-1-0xff8f84882b680000 Attempt to transition the unassigned node for 10845db09133987f4f109d0d83a12948 from M_ZK_ENTITYGROUP_CLOSING to FSERVER_ZK_ENTITYGROUP_CLOSED failed, the node existed but was version 0 not the expected version 1
24/05/17 03:11:07 WARN handler.CloseEntityGroupHandler: Completed the CLOSE of a entityGroup but when transitioning from  CLOSING to CLOSED got a version mismatch, someone else clashed so now unassigning
24/05/17 03:11:07 WARN fserver.EntityGroup: EntityGroup TestCloseEntityGroupHandler,\x00\x00\x00\x00,1715915467629.10845db09133987f4f109d0d83a12948. already closed
24/05/17 03:11:07 DEBUG handler.CloseEntityGroupHandler: set entityGroup closed state in zk unsuccessfully for entityGroup TestCloseEntityGroupHandler,\x00\x00\x00\x00,1715915467629.10845db09133987f4f109d0d83a12948. sn name: MockServer,123,-1
24/05/17 03:11:07 DEBUG handler.CloseEntityGroupHandler: Closed entityGroup TestCloseEntityGroupHandler,\x00\x00\x00\x00,1715915467629.10845db09133987f4f109d0d83a12948.
24/05/17 03:11:07 DEBUG zookeeper.ZKUtil: MockServer,123,-1-0xff8f84882b680000 Retrieved 120 byte(s) of data from znode /wasp/unassigned/10845db09133987f4f109d0d83a12948 and set watcher; entityGroup=TestCloseEntityGroupHandler,\x00\x00\x00\x00,1715915467629.10845db09133987f4f109d0d83a12948., state=M_ZK_ENTITYGROUP_CLOSING, servername=MockServer,123,-1, createTime=1715915467672, payload.length=0
24/05/17 03:11:07 DEBUG zookeeper.ZKUtil: MockServer,123,-1 opening connection to ZooKeeper with ensemble (localhost:52488)
24/05/17 03:11:07 INFO zookeeper.ZooKeeper: Initiating client connection, connectString=localhost:52488 sessionTimeout=180000 watcher=MockServer,123,-1
24/05/17 03:11:07 INFO zookeeper.RecoverableZooKeeper: The identifier of this process is 18621@a9f87c527aeb
24/05/17 03:11:07 INFO server.NIOServerCnxnFactory: Accepted socket connection from /127.0.0.1:36732
24/05/17 03:11:07 DEBUG server.ZooKeeperServer: Session establishment request from client /127.0.0.1:36732 client's lastZxid is 0x0
24/05/17 03:11:07 INFO server.ZooKeeperServer: Client attempting to establish new session at /127.0.0.1:36732
24/05/17 03:11:07 INFO server.ZooKeeperServer: Established session 0xff8f84882b680001 with negotiated timeout 40000 for client /127.0.0.1:36732
24/05/17 03:11:07 DEBUG zookeeper.ZooKeeperWatcher: MockServer,123,-1 Received ZooKeeper Event, type=None, state=SyncConnected, path=null
24/05/17 03:11:07 DEBUG zookeeper.ZooKeeperWatcher: MockServer,123,-1-0xff8f84882b680001 connected
24/05/17 03:11:07 DEBUG zookeeper.ZKAssign: MockServer,123,-1-0xff8f84882b680001 Creating unassigned node for 0b73187fb36fd7f7df8370469f48fb80 in OFFLINE state
24/05/17 03:11:07 DEBUG zookeeper.ZKAssign: MockServer,123,-1-0xff8f84882b680001 Attempting to transition node 0b73187fb36fd7f7df8370469f48fb80 from M_ZK_ENTITYGROUP_OFFLINE to FSERVER_ZK_ENTITYGROUP_OPENING
24/05/17 03:11:07 DEBUG zookeeper.ZKUtil: MockServer,123,-1-0xff8f84882b680001 Retrieved 118 byte(s) of data from znode /wasp/unassigned/0b73187fb36fd7f7df8370469f48fb80; data=entityGroup=TestCloseEntityGroupHandler,\x00\x00\x00\x00,1715915467678.0b73187fb36fd7f7df8370469f48fb80., state=M_ZK_ENTITYGROUP_OFFLINE, servername=MockServer,123,-1, createTime=1715915467686, payload.length=0
24/05/17 03:11:07 DEBUG zookeeper.ZooKeeperWatcher: MockServer,123,-1-0xff8f84882b680001 Received ZooKeeper Event, type=NodeDataChanged, state=SyncConnected, path=/wasp/unassigned/0b73187fb36fd7f7df8370469f48fb80
24/05/17 03:11:07 DEBUG zookeeper.ZKAssign: MockServer,123,-1-0xff8f84882b680001 Successfully transitioned node 0b73187fb36fd7f7df8370469f48fb80 from M_ZK_ENTITYGROUP_OFFLINE to FSERVER_ZK_ENTITYGROUP_OPENING
24/05/17 03:11:07 INFO fserver.EntityGroup: EntityGroup.openEntityGroup EntityGroup name ==TestCloseEntityGroupHandler,\x00\x00\x00\x00,1715915467678.0b73187fb36fd7f7df8370469f48fb80.
24/05/17 03:11:07 DEBUG fserver.EntityGroup: Opening EntityGroup: {NAME => 'TestCloseEntityGroupHandler,\x00\x00\x00\x00,1715915467678.0b73187fb36fd7f7df8370469f48fb80.', STARTKEY => '\x00\x00\x00\x00', ENDKEY => '\x00\x00\x00\x01', ENCODED => 0b73187fb36fd7f7df8370469f48fb80,}
24/05/17 03:11:07 DEBUG fserver.MetricsEntityGroupSourceImpl: Creating new MetricsEntityGroupSourceImpl for table TestCloseEntityGroupHandler 0b73187fb36fd7f7df8370469f48fb80
24/05/17 03:11:07 DEBUG fserver.EntityGroup: Instantiated TestCloseEntityGroupHandler,\x00\x00\x00\x00,1715915467678.0b73187fb36fd7f7df8370469f48fb80.
24/05/17 03:11:07 DEBUG zookeeper.ZKAssign: MockServer,123,-1-0xff8f84882b680001 Attempting to transition node 0b73187fb36fd7f7df8370469f48fb80 from FSERVER_ZK_ENTITYGROUP_OPENING to FSERVER_ZK_ENTITYGROUP_OPENING
24/05/17 03:11:07 ERROR server.NIOServerCnxnFactory: Thread Thread[Thread-256,5,main] died
java.lang.NullPointerException
	at com.alibaba.wasp.fserver.EntityGroup.run(EntityGroup.java:1264)
	at java.lang.Thread.run(Thread.java:748)
24/05/17 03:11:07 DEBUG zookeeper.ZKUtil: MockServer,123,-1-0xff8f84882b680001 Retrieved 118 byte(s) of data from znode /wasp/unassigned/0b73187fb36fd7f7df8370469f48fb80; data=entityGroup=TestCloseEntityGroupHandler,\x00\x00\x00\x00,1715915467678.0b73187fb36fd7f7df8370469f48fb80., state=FSERVER_ZK_ENTITYGROUP_OPENING, servername=MockServer,123,-1, createTime=1715915467690, payload.length=0
24/05/17 03:11:07 DEBUG zookeeper.ZKAssign: MockServer,123,-1-0xff8f84882b680001 Successfully transitioned node 0b73187fb36fd7f7df8370469f48fb80 from FSERVER_ZK_ENTITYGROUP_OPENING to FSERVER_ZK_ENTITYGROUP_OPENING
24/05/17 03:11:07 DEBUG zookeeper.ZKAssign: MockServer,123,-1-0xff8f84882b680001 Attempting to transition node 0b73187fb36fd7f7df8370469f48fb80 from FSERVER_ZK_ENTITYGROUP_OPENING to FSERVER_ZK_ENTITYGROUP_OPENED
24/05/17 03:11:07 DEBUG zookeeper.ZKUtil: MockServer,123,-1-0xff8f84882b680001 Retrieved 118 byte(s) of data from znode /wasp/unassigned/0b73187fb36fd7f7df8370469f48fb80; data=entityGroup=TestCloseEntityGroupHandler,\x00\x00\x00\x00,1715915467678.0b73187fb36fd7f7df8370469f48fb80., state=FSERVER_ZK_ENTITYGROUP_OPENING, servername=MockServer,123,-1, createTime=1715915467694, payload.length=0
24/05/17 03:11:07 DEBUG zookeeper.ZKAssign: MockServer,123,-1-0xff8f84882b680001 Successfully transitioned node 0b73187fb36fd7f7df8370469f48fb80 from FSERVER_ZK_ENTITYGROUP_OPENING to FSERVER_ZK_ENTITYGROUP_OPENED
24/05/17 03:11:07 DEBUG handler.OpenEntityGroupHandler: entityGroup transitioned to opened in zookeeper: {NAME => 'TestCloseEntityGroupHandler,\x00\x00\x00\x00,1715915467678.0b73187fb36fd7f7df8370469f48fb80.', STARTKEY => '\x00\x00\x00\x00', ENDKEY => '\x00\x00\x00\x01', ENCODED => 0b73187fb36fd7f7df8370469f48fb80,}, server: MockServer,123,-1
24/05/17 03:11:07 DEBUG handler.OpenEntityGroupHandler: Opened TestCloseEntityGroupHandler,\x00\x00\x00\x00,1715915467678.0b73187fb36fd7f7df8370469f48fb80. on server:MockServer,123,-1
24/05/17 03:11:07 DEBUG zookeeper.ZKUtil: MockServer,123,-1-0xff8f84882b680001 Retrieved 118 byte(s) of data from znode /wasp/unassigned/0b73187fb36fd7f7df8370469f48fb80 and set watcher; entityGroup=TestCloseEntityGroupHandler,\x00\x00\x00\x00,1715915467678.0b73187fb36fd7f7df8370469f48fb80., state=FSERVER_ZK_ENTITYGROUP_OPENED, servername=MockServer,123,-1, createTime=1715915467697, payload.length=0
24/05/17 03:11:07 DEBUG zookeeper.ZKAssign: MockServer,123,-1-0xff8f84882b680001 Deleting existing unassigned node for 0b73187fb36fd7f7df8370469f48fb80 that is in expected state FSERVER_ZK_ENTITYGROUP_OPENED
24/05/17 03:11:07 DEBUG zookeeper.ZKUtil: MockServer,123,-1-0xff8f84882b680001 Retrieved 118 byte(s) of data from znode /wasp/unassigned/0b73187fb36fd7f7df8370469f48fb80; data=entityGroup=TestCloseEntityGroupHandler,\x00\x00\x00\x00,1715915467678.0b73187fb36fd7f7df8370469f48fb80., state=FSERVER_ZK_ENTITYGROUP_OPENED, servername=MockServer,123,-1, createTime=1715915467697, payload.length=0
24/05/17 03:11:07 DEBUG zookeeper.ZooKeeperWatcher: MockServer,123,-1-0xff8f84882b680001 Received ZooKeeper Event, type=NodeDeleted, state=SyncConnected, path=/wasp/unassigned/0b73187fb36fd7f7df8370469f48fb80
24/05/17 03:11:07 DEBUG zookeeper.ZKAssign: MockServer,123,-1-0xff8f84882b680001 Successfully deleted unassigned node for entityGroup 0b73187fb36fd7f7df8370469f48fb80 in expected state FSERVER_ZK_ENTITYGROUP_OPENED
24/05/17 03:11:07 DEBUG zookeeper.ZKAssign: MockServer,123,-1-0xff8f84882b680001 Creating unassigned node for 0b73187fb36fd7f7df8370469f48fb80 in a CLOSING state
24/05/17 03:11:07 DEBUG handler.CloseEntityGroupHandler: Processing close of TestCloseEntityGroupHandler,\x00\x00\x00\x00,1715915467678.0b73187fb36fd7f7df8370469f48fb80.
24/05/17 03:11:07 DEBUG fserver.EntityGroup: Closing TestCloseEntityGroupHandler,\x00\x00\x00\x00,1715915467678.0b73187fb36fd7f7df8370469f48fb80.
24/05/17 03:11:07 DEBUG fserver.EntityGroup: Updates disabled for entityGroup TestCloseEntityGroupHandler,\x00\x00\x00\x00,1715915467678.0b73187fb36fd7f7df8370469f48fb80.
24/05/17 03:11:07 INFO fserver.EntityGroup: Running commit transaction of TestCloseEntityGroupHandler,\x00\x00\x00\x00,1715915467678.0b73187fb36fd7f7df8370469f48fb80. before close
24/05/17 03:11:07 INFO fserver.EntityGroup: Closed TestCloseEntityGroupHandler,\x00\x00\x00\x00,1715915467678.0b73187fb36fd7f7df8370469f48fb80.
24/05/17 03:11:07 DEBUG zookeeper.ZKAssign: MockServer,123,-1-0xff8f84882b680001 Attempting to transition node 0b73187fb36fd7f7df8370469f48fb80 from M_ZK_ENTITYGROUP_CLOSING to FSERVER_ZK_ENTITYGROUP_CLOSED
24/05/17 03:11:07 DEBUG zookeeper.ZKUtil: MockServer,123,-1-0xff8f84882b680001 Retrieved 120 byte(s) of data from znode /wasp/unassigned/0b73187fb36fd7f7df8370469f48fb80; data=entityGroup=TestCloseEntityGroupHandler,\x00\x00\x00\x00,1715915467678.0b73187fb36fd7f7df8370469f48fb80., state=M_ZK_ENTITYGROUP_CLOSING, servername=MockServer,123,-1, createTime=1715915467702, payload.length=0
24/05/17 03:11:07 DEBUG zookeeper.ZooKeeperWatcher: MockServer,123,-1-0xff8f84882b680001 Received ZooKeeper Event, type=NodeDataChanged, state=SyncConnected, path=/wasp/unassigned/0b73187fb36fd7f7df8370469f48fb80
24/05/17 03:11:07 DEBUG zookeeper.ZKAssign: MockServer,123,-1-0xff8f84882b680001 Successfully transitioned node 0b73187fb36fd7f7df8370469f48fb80 from M_ZK_ENTITYGROUP_CLOSING to FSERVER_ZK_ENTITYGROUP_CLOSED
24/05/17 03:11:07 DEBUG handler.CloseEntityGroupHandler: set entityGroup closed state in zk successfully for entityGroup TestCloseEntityGroupHandler,\x00\x00\x00\x00,1715915467678.0b73187fb36fd7f7df8370469f48fb80. sn name: MockServer,123,-1
24/05/17 03:11:07 DEBUG handler.CloseEntityGroupHandler: Closed entityGroup TestCloseEntityGroupHandler,\x00\x00\x00\x00,1715915467678.0b73187fb36fd7f7df8370469f48fb80.
24/05/17 03:11:07 DEBUG zookeeper.ZKUtil: MockServer,123,-1-0xff8f84882b680001 Retrieved 118 byte(s) of data from znode /wasp/unassigned/0b73187fb36fd7f7df8370469f48fb80 and set watcher; entityGroup=TestCloseEntityGroupHandler,\x00\x00\x00\x00,1715915467678.0b73187fb36fd7f7df8370469f48fb80., state=FSERVER_ZK_ENTITYGROUP_CLOSED, servername=MockServer,123,-1, createTime=1715915467705, payload.length=0
24/05/17 03:11:07 INFO fserver.EntityGroup: creating EntityGroup TestCloseEntityGroupHandler Table == CREATE TABLE TestCloseEntityGroupHandler { 
  REQUIRED INT32 column1 COLUMNFAMILY d;
  REQUIRED INT64 column2 COLUMNFAMILY d;
  REQUIRED STRING column3 COLUMNFAMILY d;
  OPTIONAL FLOAT column4 COLUMNFAMILY d;
  OPTIONAL DOUBLE column5 COLUMNFAMILY d;
  OPTIONAL DATETIME column6 COLUMNFAMILY d;
  REPEATED PROTOBUF column7 COLUMNFAMILY d;
  OPTIONAL STRING column8 COLUMNFAMILY d;
} 
PRIMARY KEY(column1),
ENTITY GROUP ROOT,
ENTITY GROUP KEY(column1);
 Table name == TestCloseEntityGroupHandler
24/05/17 03:11:07 DEBUG fserver.MetricsEntityGroupSourceImpl: Creating new MetricsEntityGroupSourceImpl for table TestCloseEntityGroupHandler 41d472041a9aba4c11737efb1852aa0c
24/05/17 03:11:07 DEBUG fserver.EntityGroup: Instantiated TestCloseEntityGroupHandler,,1715915467709.41d472041a9aba4c11737efb1852aa0c.
24/05/17 03:11:07 ERROR server.NIOServerCnxnFactory: Thread Thread[Thread-259,5,main] died
java.lang.NullPointerException
	at com.alibaba.wasp.fserver.EntityGroup.run(EntityGroup.java:1264)
	at java.lang.Thread.run(Thread.java:748)
24/05/17 03:11:07 DEBUG fserver.EntityGroup: Closing TestCloseEntityGroupHandler,,1715915467709.41d472041a9aba4c11737efb1852aa0c.
24/05/17 03:11:07 DEBUG fserver.EntityGroup: Updates disabled for entityGroup TestCloseEntityGroupHandler,,1715915467709.41d472041a9aba4c11737efb1852aa0c.
24/05/17 03:11:07 INFO fserver.EntityGroup: Running commit transaction of TestCloseEntityGroupHandler,,1715915467709.41d472041a9aba4c11737efb1852aa0c. before close
24/05/17 03:11:07 INFO fserver.EntityGroup: Closed TestCloseEntityGroupHandler,,1715915467709.41d472041a9aba4c11737efb1852aa0c.
24/05/17 03:11:07 DEBUG handler.CloseEntityGroupHandler: Processing close of TestCloseEntityGroupHandler,,1715915467709.41d472041a9aba4c11737efb1852aa0c.
24/05/17 03:11:07 FATAL util.MockServer: Abort why=Unrecoverable exception while closing entityGroup TestCloseEntityGroupHandler,,1715915467709.41d472041a9aba4c11737efb1852aa0c., still finishing close
java.lang.RuntimeException: Mocked failed close!
	at com.alibaba.wasp.fserver.handler.CloseEntityGroupHandler.process(CloseEntityGroupHandler.java:103)
	at com.alibaba.wasp.fserver.handler.TestCloseEntityGroupHandler.testFailedCommitAborts(TestCloseEntityGroupHandler.java:122)
	at sun.reflect.NativeMethodAccessorImpl.invoke0(Native Method)
	at sun.reflect.NativeMethodAccessorImpl.invoke(NativeMethodAccessorImpl.java:62)
	at sun.reflect.DelegatingMethodAccessorImpl.invoke(DelegatingMethodAccessorImpl.java:43)
	at java.lang.reflect.Method.invoke(Method.java:498)
	at org.junit.runners.model.FrameworkMethod$1.runReflectiveCall(FrameworkMethod.java:45)
	at org.junit.internal.runners.model.ReflectiveCallable.run(ReflectiveCallable.java:15)
	at org.junit.runners.model.FrameworkMethod.invokeExplosively(FrameworkMethod.java:42)
	at org.junit.internal.runners.statements.InvokeMethod.evaluate(InvokeMethod.java:20)
	at org.junit.internal.runners.statements.RunBefores.evaluate(RunBefores.java:28)
	at org.junit.runners.ParentRunner.runLeaf(ParentRunner.java:263)
	at org.junit.runners.BlockJUnit4ClassRunner.runChild(BlockJUnit4ClassRunner.java:68)
	at org.junit.runners.BlockJUnit4ClassRunner.runChild(BlockJUnit4ClassRunner.java:47)
	at org.junit.runners.ParentRunner$3.run(ParentRunner.java:231)
	at org.junit.runners.ParentRunner$1.schedule(ParentRunner.java:60)
	at org.junit.runners.ParentRunner.runChildren(ParentRunner.java:229)
	at org.junit.runners.ParentRunner.access$000(ParentRunner.java:50)
	at org.junit.runners.ParentRunner$2.evaluate(ParentRunner.java:222)
	at org.junit.internal.runners.statements.RunBefores.evaluate(RunBefores.java:28)
	at org.junit.internal.runners.statements.RunAfters.evaluate(RunAfters.java:30)
	at org.junit.runners.ParentRunner.run(ParentRunner.java:300)
	at org.junit.runners.Suite.runChild(Suite.java:128)
	at org.junit.runners.Suite.runChild(Suite.java:24)
	at org.junit.runners.ParentRunner$3.run(ParentRunner.java:231)
	at org.junit.runners.ParentRunner$1.schedule(ParentRunner.java:60)
	at org.junit.runners.ParentRunner.runChildren(ParentRunner.java:229)
	at org.junit.runners.ParentRunner.access$000(ParentRunner.java:50)
	at org.junit.runners.ParentRunner$2.evaluate(ParentRunner.java:222)
	at org.junit.runners.ParentRunner.run(ParentRunner.java:300)
	at org.junit.runner.JUnitCore.run(JUnitCore.java:157)
	at org.junit.runner.JUnitCore.run(JUnitCore.java:136)
	at edu.illinois.cs.testrunner.execution.JUnitTestExecutor.execute(JUnitTestExecutor.java:246)
	at edu.illinois.cs.testrunner.execution.JUnitTestExecutor.executeWithJUnit4Runner(JUnitTestExecutor.java:315)
	at edu.illinois.cs.testrunner.execution.JUnitTestExecutor.runOrder(JUnitTestExecutor.java:46)
	at edu.illinois.cs.testrunner.execution.Executor$.$anonfun$run$1(Executor.scala:30)
	at scala.runtime.java8.JFunction0$mcV$sp.apply(JFunction0$mcV$sp.java:12)
	at scala.util.Try$.apply(Try.scala:209)
	at edu.illinois.cs.testrunner.execution.Executor$.run(Executor.scala:28)
	at edu.illinois.cs.testrunner.execution.Executor$.main(Executor.scala:18)
	at edu.illinois.cs.testrunner.execution.Executor.main(Executor.scala)
24/05/17 03:11:07 DEBUG util.MockServer: Stop why=Unrecoverable exception while closing entityGroup TestCloseEntityGroupHandler,,1715915467709.41d472041a9aba4c11737efb1852aa0c., still finishing close
24/05/17 03:11:07 WARN fserver.EntityGroup: EntityGroup TestCloseEntityGroupHandler,,1715915467709.41d472041a9aba4c11737efb1852aa0c. already closed
24/05/17 03:11:07 INFO server.NIOServerCnxn: Closed socket connection for client /127.0.0.1:36722 which had sessionid 0xff8f84882b680000
24/05/17 03:11:07 INFO server.NIOServerCnxn: Closed socket connection for client /127.0.0.1:36732 which had sessionid 0xff8f84882b680001
24/05/17 03:11:07 INFO server.NIOServerCnxnFactory: NIOServerCnxn factory exited run method
24/05/17 03:11:07 INFO server.ZooKeeperServer: shutting down
24/05/17 03:11:07 INFO server.SessionTrackerImpl: Shutting down
24/05/17 03:11:07 INFO server.PrepRequestProcessor: Shutting down
24/05/17 03:11:07 INFO server.SyncRequestProcessor: Shutting down
24/05/17 03:11:07 INFO server.PrepRequestProcessor: PrepRequestProcessor exited loop!
24/05/17 03:11:07 INFO server.SyncRequestProcessor: SyncRequestProcessor exited!
24/05/17 03:11:07 INFO server.FinalRequestProcessor: shutdown of request processor complete
java.lang.NullPointerException
	at com.alibaba.wasp.protobuf.generated.MetaProtos$GetActionProto$Builder.setSessionId(MetaProtos.java:6187)
	at com.alibaba.wasp.plan.action.GetAction.convert(GetAction.java:97)
	at com.alibaba.wasp.protobuf.ProtobufUtil.toGetActionProto(ProtobufUtil.java:466)
	at com.alibaba.wasp.protobuf.TestProtobufUtil.testGet(TestProtobufUtil.java:103)
	at sun.reflect.NativeMethodAccessorImpl.invoke0(Native Method)
	at sun.reflect.NativeMethodAccessorImpl.invoke(NativeMethodAccessorImpl.java:62)
	at sun.reflect.DelegatingMethodAccessorImpl.invoke(DelegatingMethodAccessorImpl.java:43)
	at java.lang.reflect.Method.invoke(Method.java:498)
	at org.junit.runners.model.FrameworkMethod$1.runReflectiveCall(FrameworkMethod.java:45)
	at org.junit.internal.runners.model.ReflectiveCallable.run(ReflectiveCallable.java:15)
	at org.junit.runners.model.FrameworkMethod.invokeExplosively(FrameworkMethod.java:42)
	at org.junit.internal.runners.statements.InvokeMethod.evaluate(InvokeMethod.java:20)
	at org.junit.runners.ParentRunner.runLeaf(ParentRunner.java:263)
	at org.junit.runners.BlockJUnit4ClassRunner.runChild(BlockJUnit4ClassRunner.java:68)
	at org.junit.runners.BlockJUnit4ClassRunner.runChild(BlockJUnit4ClassRunner.java:47)
	at org.junit.runners.ParentRunner$3.run(ParentRunner.java:231)
	at org.junit.runners.ParentRunner$1.schedule(ParentRunner.java:60)
	at org.junit.runners.ParentRunner.runChildren(ParentRunner.java:229)
	at org.junit.runners.ParentRunner.access$000(ParentRunner.java:50)
	at org.junit.runners.ParentRunner$2.evaluate(ParentRunner.java:222)
	at org.junit.runners.ParentRunner.run(ParentRunner.java:300)
	at org.junit.runners.Suite.runChild(Suite.java:128)
	at org.junit.runners.Suite.runChild(Suite.java:24)
	at org.junit.runners.ParentRunner$3.run(ParentRunner.java:231)
	at org.junit.runners.ParentRunner$1.schedule(ParentRunner.java:60)
	at org.junit.runners.ParentRunner.runChildren(ParentRunner.java:229)
	at org.junit.runners.ParentRunner.access$000(ParentRunner.java:50)
	at org.junit.runners.ParentRunner$2.evaluate(ParentRunner.java:222)
	at org.junit.runners.ParentRunner.run(ParentRunner.java:300)
	at org.junit.runner.JUnitCore.run(JUnitCore.java:157)
	at org.junit.runner.JUnitCore.run(JUnitCore.java:136)
	at edu.illinois.cs.testrunner.execution.JUnitTestExecutor.execute(JUnitTestExecutor.java:246)
	at edu.illinois.cs.testrunner.execution.JUnitTestExecutor.executeWithJUnit4Runner(JUnitTestExecutor.java:315)
	at edu.illinois.cs.testrunner.execution.JUnitTestExecutor.runOrder(JUnitTestExecutor.java:46)
	at edu.illinois.cs.testrunner.execution.Executor$.$anonfun$run$1(Executor.scala:30)
	at scala.runtime.java8.JFunction0$mcV$sp.apply(JFunction0$mcV$sp.java:12)
	at scala.util.Try$.apply(Try.scala:209)
	at edu.illinois.cs.testrunner.execution.Executor$.run(Executor.scala:28)
	at edu.illinois.cs.testrunner.execution.Executor$.main(Executor.scala:18)
	at edu.illinois.cs.testrunner.execution.Executor.main(Executor.scala)
java.lang.NullPointerException
	at com.alibaba.wasp.protobuf.generated.MetaProtos$UpdateActionProto$Builder.setSessionId(MetaProtos.java:10088)
	at com.alibaba.wasp.plan.action.UpdateAction.convert(UpdateAction.java:113)
	at com.alibaba.wasp.protobuf.ProtobufUtil.convertUpdateAction(ProtobufUtil.java:559)
	at com.alibaba.wasp.protobuf.TestProtobufUtil.testUpdate(TestProtobufUtil.java:83)
	at sun.reflect.NativeMethodAccessorImpl.invoke0(Native Method)
	at sun.reflect.NativeMethodAccessorImpl.invoke(NativeMethodAccessorImpl.java:62)
	at sun.reflect.DelegatingMethodAccessorImpl.invoke(DelegatingMethodAccessorImpl.java:43)
	at java.lang.reflect.Method.invoke(Method.java:498)
	at org.junit.runners.model.FrameworkMethod$1.runReflectiveCall(FrameworkMethod.java:45)
	at org.junit.internal.runners.model.ReflectiveCallable.run(ReflectiveCallable.java:15)
	at org.junit.runners.model.FrameworkMethod.invokeExplosively(FrameworkMethod.java:42)
	at org.junit.internal.runners.statements.InvokeMethod.evaluate(InvokeMethod.java:20)
	at org.junit.runners.ParentRunner.runLeaf(ParentRunner.java:263)
	at org.junit.runners.BlockJUnit4ClassRunner.runChild(BlockJUnit4ClassRunner.java:68)
	at org.junit.runners.BlockJUnit4ClassRunner.runChild(BlockJUnit4ClassRunner.java:47)
	at org.junit.runners.ParentRunner$3.run(ParentRunner.java:231)
	at org.junit.runners.ParentRunner$1.schedule(ParentRunner.java:60)
	at org.junit.runners.ParentRunner.runChildren(ParentRunner.java:229)
	at org.junit.runners.ParentRunner.access$000(ParentRunner.java:50)
	at org.junit.runners.ParentRunner$2.evaluate(ParentRunner.java:222)
	at org.junit.runners.ParentRunner.run(ParentRunner.java:300)
	at org.junit.runners.Suite.runChild(Suite.java:128)
	at org.junit.runners.Suite.runChild(Suite.java:24)
	at org.junit.runners.ParentRunner$3.run(ParentRunner.java:231)
	at org.junit.runners.ParentRunner$1.schedule(ParentRunner.java:60)
	at org.junit.runners.ParentRunner.runChildren(ParentRunner.java:229)
	at org.junit.runners.ParentRunner.access$000(ParentRunner.java:50)
	at org.junit.runners.ParentRunner$2.evaluate(ParentRunner.java:222)
	at org.junit.runners.ParentRunner.run(ParentRunner.java:300)
	at org.junit.runner.JUnitCore.run(JUnitCore.java:157)
	at org.junit.runner.JUnitCore.run(JUnitCore.java:136)
	at edu.illinois.cs.testrunner.execution.JUnitTestExecutor.execute(JUnitTestExecutor.java:246)
	at edu.illinois.cs.testrunner.execution.JUnitTestExecutor.executeWithJUnit4Runner(JUnitTestExecutor.java:315)
	at edu.illinois.cs.testrunner.execution.JUnitTestExecutor.runOrder(JUnitTestExecutor.java:46)
	at edu.illinois.cs.testrunner.execution.Executor$.$anonfun$run$1(Executor.scala:30)
	at scala.runtime.java8.JFunction0$mcV$sp.apply(JFunction0$mcV$sp.java:12)
	at scala.util.Try$.apply(Try.scala:209)
	at edu.illinois.cs.testrunner.execution.Executor$.run(Executor.scala:28)
	at edu.illinois.cs.testrunner.execution.Executor$.main(Executor.scala:18)
	at edu.illinois.cs.testrunner.execution.Executor.main(Executor.scala)
24/05/17 03:11:07 INFO wasp.WaspTestingUtility: Starting up minicluster with 1 master(s) and 3 fserver(s) 
24/05/17 03:11:07 DEBUG zookeeper.ZooKeeperWatcher: MockServer,123,-1-0xff8f84882b680000 Received ZooKeeper Event, type=None, state=Disconnected, path=null
24/05/17 03:11:07 DEBUG zookeeper.ZooKeeperWatcher: MockServer,123,-1-0xff8f84882b680001 Received ZooKeeper Event, type=None, state=Disconnected, path=null
24/05/17 03:11:07 DEBUG zookeeper.ZooKeeperWatcher: MockServer,123,-1-0xff8f84882b680001 Received Disconnected from ZooKeeper, ignoring
24/05/17 03:11:07 DEBUG zookeeper.ZooKeeperWatcher: MockServer,123,-1-0xff8f84882b680000 Received Disconnected from ZooKeeper, ignoring
24/05/17 03:11:08 INFO server.SessionTrackerImpl: SessionTrackerImpl exited loop!
Starting DataNode 0 with dfs.data.dir: /home/idflakies/alibaba/wasp/target/test-data/88a02502-be87-42f6-892d-cdeefd111e51/dfscluster_3d948cb1-18ee-4028-8556-968a0f90d156/dfs/data/data1,/home/idflakies/alibaba/wasp/target/test-data/88a02502-be87-42f6-892d-cdeefd111e51/dfscluster_3d948cb1-18ee-4028-8556-968a0f90d156/dfs/data/data2
24/05/17 03:11:08 ERROR datanode.DataNode: All directories in dfs.data.dir are invalid.
24/05/17 03:11:08 INFO wasp.WaspTestingUtility: Shutting down mini wasp cluster
24/05/17 03:11:08 INFO wasp.WaspTestingUtility: Minicluster is down
java.lang.NullPointerException
	at org.apache.hadoop.hdfs.MiniDFSCluster.startDataNodes(MiniDFSCluster.java:422)
	at org.apache.hadoop.hdfs.MiniDFSCluster.<init>(MiniDFSCluster.java:280)
	at org.apache.hadoop.hbase.HBaseTestingUtility.startMiniDFSCluster(HBaseTestingUtility.java:451)
	at org.apache.hadoop.hbase.HBaseTestingUtility.startMiniCluster(HBaseTestingUtility.java:619)
	at org.apache.hadoop.hbase.HBaseTestingUtility.startMiniCluster(HBaseTestingUtility.java:575)
	at com.alibaba.wasp.WaspTestingUtility.startMiniCluster(WaspTestingUtility.java:172)
	at com.alibaba.wasp.WaspTestingUtility.startMiniCluster(WaspTestingUtility.java:144)
	at com.alibaba.wasp.client.TestAdmin.setUpBeforeClass(TestAdmin.java:91)
	at sun.reflect.NativeMethodAccessorImpl.invoke0(Native Method)
	at sun.reflect.NativeMethodAccessorImpl.invoke(NativeMethodAccessorImpl.java:62)
	at sun.reflect.DelegatingMethodAccessorImpl.invoke(DelegatingMethodAccessorImpl.java:43)
	at java.lang.reflect.Method.invoke(Method.java:498)
	at org.junit.runners.model.FrameworkMethod$1.runReflectiveCall(FrameworkMethod.java:45)
	at org.junit.internal.runners.model.ReflectiveCallable.run(ReflectiveCallable.java:15)
	at org.junit.runners.model.FrameworkMethod.invokeExplosively(FrameworkMethod.java:42)
	at org.junit.internal.runners.statements.RunBefores.evaluate(RunBefores.java:27)
	at org.junit.internal.runners.statements.RunAfters.evaluate(RunAfters.java:30)
	at org.junit.runners.ParentRunner.run(ParentRunner.java:300)
	at org.junit.runners.Suite.runChild(Suite.java:128)
	at org.junit.runners.Suite.runChild(Suite.java:24)
	at org.junit.runners.ParentRunner$3.run(ParentRunner.java:231)
	at org.junit.runners.ParentRunner$1.schedule(ParentRunner.java:60)
	at org.junit.runners.ParentRunner.runChildren(ParentRunner.java:229)
	at org.junit.runners.ParentRunner.access$000(ParentRunner.java:50)
	at org.junit.runners.ParentRunner$2.evaluate(ParentRunner.java:222)
	at org.junit.runners.ParentRunner.run(ParentRunner.java:300)
	at org.junit.runner.JUnitCore.run(JUnitCore.java:157)
	at org.junit.runner.JUnitCore.run(JUnitCore.java:136)
	at edu.illinois.cs.testrunner.execution.JUnitTestExecutor.execute(JUnitTestExecutor.java:246)
	at edu.illinois.cs.testrunner.execution.JUnitTestExecutor.executeWithJUnit4Runner(JUnitTestExecutor.java:315)
	at edu.illinois.cs.testrunner.execution.JUnitTestExecutor.runOrder(JUnitTestExecutor.java:46)
	at edu.illinois.cs.testrunner.execution.Executor$.$anonfun$run$1(Executor.scala:30)
	at scala.runtime.java8.JFunction0$mcV$sp.apply(JFunction0$mcV$sp.java:12)
	at scala.util.Try$.apply(Try.scala:209)
	at edu.illinois.cs.testrunner.execution.Executor$.run(Executor.scala:28)
	at edu.illinois.cs.testrunner.execution.Executor$.main(Executor.scala:18)
	at edu.illinois.cs.testrunner.execution.Executor.main(Executor.scala)
