24/05/17 03:13:10 INFO wasp.WaspTestingUtility: Starting up minicluster with 1 master(s) and 3 fserver(s) 
Starting DataNode 0 with dfs.data.dir: /home/idflakies/alibaba/wasp/target/test-data/d7208fac-b165-40a9-ab2a-d13753e34472/dfscluster_130742f2-43e8-4a76-9a80-7bc394baba69/dfs/data/data1,/home/idflakies/alibaba/wasp/target/test-data/d7208fac-b165-40a9-ab2a-d13753e34472/dfscluster_130742f2-43e8-4a76-9a80-7bc394baba69/dfs/data/data2
24/05/17 03:13:11 ERROR datanode.DataNode: All directories in dfs.data.dir are invalid.
24/05/17 03:13:11 INFO wasp.WaspTestingUtility: Shutting down mini wasp cluster
24/05/17 03:13:11 INFO wasp.WaspTestingUtility: Minicluster is down
java.lang.NullPointerException
	at org.apache.hadoop.hdfs.MiniDFSCluster.startDataNodes(MiniDFSCluster.java:422)
	at org.apache.hadoop.hdfs.MiniDFSCluster.<init>(MiniDFSCluster.java:280)
	at org.apache.hadoop.hbase.HBaseTestingUtility.startMiniDFSCluster(HBaseTestingUtility.java:451)
	at org.apache.hadoop.hbase.HBaseTestingUtility.startMiniCluster(HBaseTestingUtility.java:619)
	at org.apache.hadoop.hbase.HBaseTestingUtility.startMiniCluster(HBaseTestingUtility.java:575)
	at com.alibaba.wasp.WaspTestingUtility.startMiniCluster(WaspTestingUtility.java:172)
	at com.alibaba.wasp.WaspTestingUtility.startMiniCluster(WaspTestingUtility.java:144)
	at com.alibaba.wasp.client.TestFromClientSide.setUpBeforeClass(TestFromClientSide.java:83)
	at sun.reflect.NativeMethodAccessorImpl.invoke0(Native Method)
	at sun.reflect.NativeMethodAccessorImpl.invoke(NativeMethodAccessorImpl.java:62)
	at sun.reflect.DelegatingMethodAccessorImpl.invoke(DelegatingMethodAccessorImpl.java:43)
	at java.lang.reflect.Method.invoke(Method.java:498)
	at org.junit.runners.model.FrameworkMethod$1.runReflectiveCall(FrameworkMethod.java:45)
	at org.junit.internal.runners.model.ReflectiveCallable.run(ReflectiveCallable.java:15)
	at org.junit.runners.model.FrameworkMethod.invokeExplosively(FrameworkMethod.java:42)
	at org.junit.internal.runners.statements.RunBefores.evaluate(RunBefores.java:27)
	at org.junit.internal.runners.statements.RunAfters.evaluate(RunAfters.java:30)
	at org.junit.runners.ParentRunner.run(ParentRunner.java:300)
	at org.junit.runners.Suite.runChild(Suite.java:128)
	at org.junit.runners.Suite.runChild(Suite.java:24)
	at org.junit.runners.ParentRunner$3.run(ParentRunner.java:231)
	at org.junit.runners.ParentRunner$1.schedule(ParentRunner.java:60)
	at org.junit.runners.ParentRunner.runChildren(ParentRunner.java:229)
	at org.junit.runners.ParentRunner.access$000(ParentRunner.java:50)
	at org.junit.runners.ParentRunner$2.evaluate(ParentRunner.java:222)
	at org.junit.runners.ParentRunner.run(ParentRunner.java:300)
	at org.junit.runner.JUnitCore.run(JUnitCore.java:157)
	at org.junit.runner.JUnitCore.run(JUnitCore.java:136)
	at edu.illinois.cs.testrunner.execution.JUnitTestExecutor.execute(JUnitTestExecutor.java:246)
	at edu.illinois.cs.testrunner.execution.JUnitTestExecutor.executeWithJUnit4Runner(JUnitTestExecutor.java:315)
	at edu.illinois.cs.testrunner.execution.JUnitTestExecutor.runOrder(JUnitTestExecutor.java:46)
	at edu.illinois.cs.testrunner.execution.Executor$.$anonfun$run$1(Executor.scala:30)
	at scala.runtime.java8.JFunction0$mcV$sp.apply(JFunction0$mcV$sp.java:12)
	at scala.util.Try$.apply(Try.scala:209)
	at edu.illinois.cs.testrunner.execution.Executor$.run(Executor.scala:28)
	at edu.illinois.cs.testrunner.execution.Executor$.main(Executor.scala:18)
	at edu.illinois.cs.testrunner.execution.Executor.main(Executor.scala)
24/05/17 03:13:11 INFO wasp.WaspTestingUtility: Starting up minicluster with 1 master(s) and 3 fserver(s) 
Starting DataNode 0 with dfs.data.dir: /home/idflakies/alibaba/wasp/target/test-data/57a7ccea-ade9-45c3-bd0e-f6e35678ab25/dfscluster_3f4b7737-f1e7-474d-855a-0f48db174975/dfs/data/data1,/home/idflakies/alibaba/wasp/target/test-data/57a7ccea-ade9-45c3-bd0e-f6e35678ab25/dfscluster_3f4b7737-f1e7-474d-855a-0f48db174975/dfs/data/data2
24/05/17 03:13:11 ERROR datanode.DataNode: All directories in dfs.data.dir are invalid.
java.lang.NullPointerException
	at org.apache.hadoop.hdfs.MiniDFSCluster.startDataNodes(MiniDFSCluster.java:422)
	at org.apache.hadoop.hdfs.MiniDFSCluster.<init>(MiniDFSCluster.java:280)
	at org.apache.hadoop.hbase.HBaseTestingUtility.startMiniDFSCluster(HBaseTestingUtility.java:451)
	at org.apache.hadoop.hbase.HBaseTestingUtility.startMiniCluster(HBaseTestingUtility.java:619)
	at org.apache.hadoop.hbase.HBaseTestingUtility.startMiniCluster(HBaseTestingUtility.java:575)
	at com.alibaba.wasp.WaspTestingUtility.startMiniCluster(WaspTestingUtility.java:172)
	at com.alibaba.wasp.WaspTestingUtility.startMiniCluster(WaspTestingUtility.java:144)
	at com.alibaba.wasp.jdbc.TestJdbcResultSet.setUpBeforeClass(TestJdbcResultSet.java:71)
	at sun.reflect.NativeMethodAccessorImpl.invoke0(Native Method)
	at sun.reflect.NativeMethodAccessorImpl.invoke(NativeMethodAccessorImpl.java:62)
	at sun.reflect.DelegatingMethodAccessorImpl.invoke(DelegatingMethodAccessorImpl.java:43)
	at java.lang.reflect.Method.invoke(Method.java:498)
	at org.junit.runners.model.FrameworkMethod$1.runReflectiveCall(FrameworkMethod.java:45)
	at org.junit.internal.runners.model.ReflectiveCallable.run(ReflectiveCallable.java:15)
	at org.junit.runners.model.FrameworkMethod.invokeExplosively(FrameworkMethod.java:42)
	at org.junit.internal.runners.statements.RunBefores.evaluate(RunBefores.java:27)
	at org.junit.internal.runners.statements.RunAfters.evaluate(RunAfters.java:30)
	at org.junit.runners.ParentRunner.run(ParentRunner.java:300)
	at org.junit.runners.Suite.runChild(Suite.java:128)
	at org.junit.runners.Suite.runChild(Suite.java:24)
	at org.junit.runners.ParentRunner$3.run(ParentRunner.java:231)
	at org.junit.runners.ParentRunner$1.schedule(ParentRunner.java:60)
	at org.junit.runners.ParentRunner.runChildren(ParentRunner.java:229)
	at org.junit.runners.ParentRunner.access$000(ParentRunner.java:50)
	at org.junit.runners.ParentRunner$2.evaluate(ParentRunner.java:222)
	at org.junit.runners.ParentRunner.run(ParentRunner.java:300)
	at org.junit.runner.JUnitCore.run(JUnitCore.java:157)
	at org.junit.runner.JUnitCore.run(JUnitCore.java:136)
	at edu.illinois.cs.testrunner.execution.JUnitTestExecutor.execute(JUnitTestExecutor.java:246)
	at edu.illinois.cs.testrunner.execution.JUnitTestExecutor.executeWithJUnit4Runner(JUnitTestExecutor.java:315)
	at edu.illinois.cs.testrunner.execution.JUnitTestExecutor.runOrder(JUnitTestExecutor.java:46)
	at edu.illinois.cs.testrunner.execution.Executor$.$anonfun$run$1(Executor.scala:30)
	at scala.runtime.java8.JFunction0$mcV$sp.apply(JFunction0$mcV$sp.java:12)
	at scala.util.Try$.apply(Try.scala:209)
	at edu.illinois.cs.testrunner.execution.Executor$.run(Executor.scala:28)
	at edu.illinois.cs.testrunner.execution.Executor$.main(Executor.scala:18)
	at edu.illinois.cs.testrunner.execution.Executor.main(Executor.scala)
java.lang.NullPointerException
	at com.alibaba.wasp.jdbc.TestJdbcResultSet.tearDownAfterClass(TestJdbcResultSet.java:100)
	at sun.reflect.NativeMethodAccessorImpl.invoke0(Native Method)
	at sun.reflect.NativeMethodAccessorImpl.invoke(NativeMethodAccessorImpl.java:62)
	at sun.reflect.DelegatingMethodAccessorImpl.invoke(DelegatingMethodAccessorImpl.java:43)
	at java.lang.reflect.Method.invoke(Method.java:498)
	at org.junit.runners.model.FrameworkMethod$1.runReflectiveCall(FrameworkMethod.java:45)
	at org.junit.internal.runners.model.ReflectiveCallable.run(ReflectiveCallable.java:15)
	at org.junit.runners.model.FrameworkMethod.invokeExplosively(FrameworkMethod.java:42)
	at org.junit.internal.runners.statements.RunAfters.evaluate(RunAfters.java:36)
	at org.junit.runners.ParentRunner.run(ParentRunner.java:300)
	at org.junit.runners.Suite.runChild(Suite.java:128)
	at org.junit.runners.Suite.runChild(Suite.java:24)
	at org.junit.runners.ParentRunner$3.run(ParentRunner.java:231)
	at org.junit.runners.ParentRunner$1.schedule(ParentRunner.java:60)
	at org.junit.runners.ParentRunner.runChildren(ParentRunner.java:229)
	at org.junit.runners.ParentRunner.access$000(ParentRunner.java:50)
	at org.junit.runners.ParentRunner$2.evaluate(ParentRunner.java:222)
	at org.junit.runners.ParentRunner.run(ParentRunner.java:300)
	at org.junit.runner.JUnitCore.run(JUnitCore.java:157)
	at org.junit.runner.JUnitCore.run(JUnitCore.java:136)
	at edu.illinois.cs.testrunner.execution.JUnitTestExecutor.execute(JUnitTestExecutor.java:246)
	at edu.illinois.cs.testrunner.execution.JUnitTestExecutor.executeWithJUnit4Runner(JUnitTestExecutor.java:315)
	at edu.illinois.cs.testrunner.execution.JUnitTestExecutor.runOrder(JUnitTestExecutor.java:46)
	at edu.illinois.cs.testrunner.execution.Executor$.$anonfun$run$1(Executor.scala:30)
	at scala.runtime.java8.JFunction0$mcV$sp.apply(JFunction0$mcV$sp.java:12)
	at scala.util.Try$.apply(Try.scala:209)
	at edu.illinois.cs.testrunner.execution.Executor$.run(Executor.scala:28)
	at edu.illinois.cs.testrunner.execution.Executor$.main(Executor.scala:18)
	at edu.illinois.cs.testrunner.execution.Executor.main(Executor.scala)
24/05/17 03:13:11 INFO wasp.WaspTestingUtility: Starting up minicluster with 1 master(s) and 3 fserver(s) 
Starting DataNode 0 with dfs.data.dir: /home/idflakies/alibaba/wasp/target/test-data/e942efc5-eb2f-438f-afc0-51054a2ff53e/dfscluster_7a2502b9-946a-4061-8cab-736826080721/dfs/data/data1,/home/idflakies/alibaba/wasp/target/test-data/e942efc5-eb2f-438f-afc0-51054a2ff53e/dfscluster_7a2502b9-946a-4061-8cab-736826080721/dfs/data/data2
24/05/17 03:13:11 ERROR datanode.DataNode: All directories in dfs.data.dir are invalid.
java.lang.NullPointerException
	at org.apache.hadoop.hdfs.MiniDFSCluster.startDataNodes(MiniDFSCluster.java:422)
	at org.apache.hadoop.hdfs.MiniDFSCluster.<init>(MiniDFSCluster.java:280)
	at org.apache.hadoop.hbase.HBaseTestingUtility.startMiniDFSCluster(HBaseTestingUtility.java:451)
	at org.apache.hadoop.hbase.HBaseTestingUtility.startMiniCluster(HBaseTestingUtility.java:619)
	at org.apache.hadoop.hbase.HBaseTestingUtility.startMiniCluster(HBaseTestingUtility.java:575)
	at com.alibaba.wasp.WaspTestingUtility.startMiniCluster(WaspTestingUtility.java:172)
	at com.alibaba.wasp.WaspTestingUtility.startMiniCluster(WaspTestingUtility.java:144)
	at com.alibaba.wasp.jdbc.TestPreparedStatement.beforeClass(TestPreparedStatement.java:60)
	at sun.reflect.NativeMethodAccessorImpl.invoke0(Native Method)
	at sun.reflect.NativeMethodAccessorImpl.invoke(NativeMethodAccessorImpl.java:62)
	at sun.reflect.DelegatingMethodAccessorImpl.invoke(DelegatingMethodAccessorImpl.java:43)
	at java.lang.reflect.Method.invoke(Method.java:498)
	at org.junit.runners.model.FrameworkMethod$1.runReflectiveCall(FrameworkMethod.java:45)
	at org.junit.internal.runners.model.ReflectiveCallable.run(ReflectiveCallable.java:15)
	at org.junit.runners.model.FrameworkMethod.invokeExplosively(FrameworkMethod.java:42)
	at org.junit.internal.runners.statements.RunBefores.evaluate(RunBefores.java:27)
	at org.junit.internal.runners.statements.RunAfters.evaluate(RunAfters.java:30)
	at org.junit.runners.ParentRunner.run(ParentRunner.java:300)
	at org.junit.runners.Suite.runChild(Suite.java:128)
	at org.junit.runners.Suite.runChild(Suite.java:24)
	at org.junit.runners.ParentRunner$3.run(ParentRunner.java:231)
	at org.junit.runners.ParentRunner$1.schedule(ParentRunner.java:60)
	at org.junit.runners.ParentRunner.runChildren(ParentRunner.java:229)
	at org.junit.runners.ParentRunner.access$000(ParentRunner.java:50)
	at org.junit.runners.ParentRunner$2.evaluate(ParentRunner.java:222)
	at org.junit.runners.ParentRunner.run(ParentRunner.java:300)
	at org.junit.runner.JUnitCore.run(JUnitCore.java:157)
	at org.junit.runner.JUnitCore.run(JUnitCore.java:136)
	at edu.illinois.cs.testrunner.execution.JUnitTestExecutor.execute(JUnitTestExecutor.java:246)
	at edu.illinois.cs.testrunner.execution.JUnitTestExecutor.executeWithJUnit4Runner(JUnitTestExecutor.java:315)
	at edu.illinois.cs.testrunner.execution.JUnitTestExecutor.runOrder(JUnitTestExecutor.java:46)
	at edu.illinois.cs.testrunner.execution.Executor$.$anonfun$run$1(Executor.scala:30)
	at scala.runtime.java8.JFunction0$mcV$sp.apply(JFunction0$mcV$sp.java:12)
	at scala.util.Try$.apply(Try.scala:209)
	at edu.illinois.cs.testrunner.execution.Executor$.run(Executor.scala:28)
	at edu.illinois.cs.testrunner.execution.Executor$.main(Executor.scala:18)
	at edu.illinois.cs.testrunner.execution.Executor.main(Executor.scala)
java.lang.NullPointerException
	at com.alibaba.wasp.jdbc.TestPreparedStatement.afterClass(TestPreparedStatement.java:82)
	at sun.reflect.NativeMethodAccessorImpl.invoke0(Native Method)
	at sun.reflect.NativeMethodAccessorImpl.invoke(NativeMethodAccessorImpl.java:62)
	at sun.reflect.DelegatingMethodAccessorImpl.invoke(DelegatingMethodAccessorImpl.java:43)
	at java.lang.reflect.Method.invoke(Method.java:498)
	at org.junit.runners.model.FrameworkMethod$1.runReflectiveCall(FrameworkMethod.java:45)
	at org.junit.internal.runners.model.ReflectiveCallable.run(ReflectiveCallable.java:15)
	at org.junit.runners.model.FrameworkMethod.invokeExplosively(FrameworkMethod.java:42)
	at org.junit.internal.runners.statements.RunAfters.evaluate(RunAfters.java:36)
	at org.junit.runners.ParentRunner.run(ParentRunner.java:300)
	at org.junit.runners.Suite.runChild(Suite.java:128)
	at org.junit.runners.Suite.runChild(Suite.java:24)
	at org.junit.runners.ParentRunner$3.run(ParentRunner.java:231)
	at org.junit.runners.ParentRunner$1.schedule(ParentRunner.java:60)
	at org.junit.runners.ParentRunner.runChildren(ParentRunner.java:229)
	at org.junit.runners.ParentRunner.access$000(ParentRunner.java:50)
	at org.junit.runners.ParentRunner$2.evaluate(ParentRunner.java:222)
	at org.junit.runners.ParentRunner.run(ParentRunner.java:300)
	at org.junit.runner.JUnitCore.run(JUnitCore.java:157)
	at org.junit.runner.JUnitCore.run(JUnitCore.java:136)
	at edu.illinois.cs.testrunner.execution.JUnitTestExecutor.execute(JUnitTestExecutor.java:246)
	at edu.illinois.cs.testrunner.execution.JUnitTestExecutor.executeWithJUnit4Runner(JUnitTestExecutor.java:315)
	at edu.illinois.cs.testrunner.execution.JUnitTestExecutor.runOrder(JUnitTestExecutor.java:46)
	at edu.illinois.cs.testrunner.execution.Executor$.$anonfun$run$1(Executor.scala:30)
	at scala.runtime.java8.JFunction0$mcV$sp.apply(JFunction0$mcV$sp.java:12)
	at scala.util.Try$.apply(Try.scala:209)
	at edu.illinois.cs.testrunner.execution.Executor$.run(Executor.scala:28)
	at edu.illinois.cs.testrunner.execution.Executor$.main(Executor.scala:18)
	at edu.illinois.cs.testrunner.execution.Executor.main(Executor.scala)
24/05/17 03:13:11 INFO server.NIOServerCnxnFactory: binding to port 0.0.0.0/0.0.0.0:53049
24/05/17 03:13:11 INFO persistence.FileTxnSnapLog: Snapshotting: 0x0 to /home/idflakies/alibaba/wasp/target/test-data/c10b5f15-8b33-4764-9bca-81bb8acd13f7/dfscluster_c2102c5d-74b5-4b76-8560-c50db2abc3bd/zookeeper_0/version-2/snapshot.0
24/05/17 03:13:11 INFO server.NIOServerCnxnFactory: Accepted socket connection from /127.0.0.1:46610
24/05/17 03:13:11 DEBUG zookeeper.ZKUtil: MockServer,123,-1 opening connection to ZooKeeper with ensemble (localhost:53049)
24/05/17 03:13:11 INFO zookeeper.RecoverableZooKeeper: The identifier of this process is 24334@a9f87c527aeb
24/05/17 03:13:11 INFO server.NIOServerCnxnFactory: Accepted socket connection from /127.0.0.1:46626
24/05/17 03:13:11 INFO persistence.FileTxnLog: Creating new log file: log.1
24/05/17 03:13:11 DEBUG zookeeper.ZooKeeperWatcher: MockServer,123,-1 Received ZooKeeper Event, type=None, state=SyncConnected, path=null
24/05/17 03:13:11 DEBUG zookeeper.ZooKeeperWatcher: MockServer,123,-1-0xff8f848a10fa0000 connected
24/05/17 03:13:12 INFO fserver.EntityGroup: creating EntityGroup TestOpenEntityGroupHandler Table == CREATE TABLE TestOpenEntityGroupHandler { 
  REQUIRED INT32 column1 COLUMNFAMILY d;
  REQUIRED INT64 column2 COLUMNFAMILY d;
  REQUIRED STRING column3 COLUMNFAMILY d;
  OPTIONAL FLOAT column4 COLUMNFAMILY d;
  OPTIONAL DOUBLE column5 COLUMNFAMILY d;
  OPTIONAL DATETIME column6 COLUMNFAMILY d;
  REPEATED PROTOBUF column7 COLUMNFAMILY d;
  OPTIONAL STRING column8 COLUMNFAMILY d;
} 
PRIMARY KEY(column1),
ENTITY GROUP ROOT,
ENTITY GROUP KEY(column1);
 Table name == TestOpenEntityGroupHandler
24/05/17 03:13:12 DEBUG fserver.MetricsEntityGroupSourceImpl: Creating new MetricsEntityGroupSourceImpl for table TestOpenEntityGroupHandler dcd42e88ad394481b95246214d9ce02e
24/05/17 03:13:12 DEBUG fserver.EntityGroup: Instantiated TestOpenEntityGroupHandler,\x00\x00\x00\x00,1715915591953.dcd42e88ad394481b95246214d9ce02e.
24/05/17 03:13:12 ERROR server.NIOServerCnxnFactory: Thread Thread[Thread-75,5,main] died
java.lang.NullPointerException
	at com.alibaba.wasp.fserver.EntityGroup.run(EntityGroup.java:1264)
	at java.lang.Thread.run(Thread.java:748)
24/05/17 03:13:12 DEBUG zookeeper.ZKAssign: MockServer,123,-1-0xff8f848a10fa0000 Attempting to transition node dcd42e88ad394481b95246214d9ce02e from M_ZK_ENTITYGROUP_OFFLINE to FSERVER_ZK_ENTITYGROUP_OPENING
24/05/17 03:13:12 DEBUG zookeeper.ZKUtil: MockServer,123,-1-0xff8f848a10fa0000 Unable to get data of znode /wasp/unassigned/dcd42e88ad394481b95246214d9ce02e because node does not exist (not necessarily an error)
24/05/17 03:13:12 WARN handler.OpenEntityGroupHandler: Failed transition from OFFLINE to OPENING for entityGroup=dcd42e88ad394481b95246214d9ce02e
24/05/17 03:13:12 WARN handler.OpenEntityGroupHandler: EntityGroup was hijacked? It no longer exists, encodedName=dcd42e88ad394481b95246214d9ce02e
24/05/17 03:13:12 DEBUG zookeeper.ZKAssign: MockServer,123,-1-0xff8f848a10fa0000 Creating unassigned node for dcd42e88ad394481b95246214d9ce02e in OFFLINE state
24/05/17 03:13:12 DEBUG zookeeper.ZKAssign: MockServer,123,-1-0xff8f848a10fa0000 Attempting to transition node dcd42e88ad394481b95246214d9ce02e from M_ZK_ENTITYGROUP_OFFLINE to FSERVER_ZK_ENTITYGROUP_OPENING
24/05/17 03:13:12 DEBUG zookeeper.ZKUtil: MockServer,123,-1-0xff8f848a10fa0000 Retrieved 117 byte(s) of data from znode /wasp/unassigned/dcd42e88ad394481b95246214d9ce02e; data=entityGroup=TestOpenEntityGroupHandler,\x00\x00\x00\x00,1715915591953.dcd42e88ad394481b95246214d9ce02e., state=M_ZK_ENTITYGROUP_OFFLINE, servername=MockServer,123,-1, createTime=1715915592043, payload.length=0
24/05/17 03:13:12 DEBUG zookeeper.ZooKeeperWatcher: MockServer,123,-1-0xff8f848a10fa0000 Received ZooKeeper Event, type=NodeDataChanged, state=SyncConnected, path=/wasp/unassigned/dcd42e88ad394481b95246214d9ce02e
24/05/17 03:13:12 DEBUG zookeeper.ZKAssign: MockServer,123,-1-0xff8f848a10fa0000 Successfully transitioned node dcd42e88ad394481b95246214d9ce02e from M_ZK_ENTITYGROUP_OFFLINE to FSERVER_ZK_ENTITYGROUP_OPENING
24/05/17 03:13:12 INFO fserver.EntityGroup: EntityGroup.openEntityGroup EntityGroup name ==TestOpenEntityGroupHandler,\x00\x00\x00\x00,1715915591953.dcd42e88ad394481b95246214d9ce02e.
24/05/17 03:13:12 DEBUG fserver.EntityGroup: Opening EntityGroup: {NAME => 'TestOpenEntityGroupHandler,\x00\x00\x00\x00,1715915591953.dcd42e88ad394481b95246214d9ce02e.', STARTKEY => '\x00\x00\x00\x00', ENDKEY => '\x00\x00\x00\x01', ENCODED => dcd42e88ad394481b95246214d9ce02e,}
24/05/17 03:13:12 DEBUG fserver.MetricsEntityGroupSourceImpl: Creating new MetricsEntityGroupSourceImpl for table TestOpenEntityGroupHandler dcd42e88ad394481b95246214d9ce02e
24/05/17 03:13:12 DEBUG fserver.EntityGroup: Instantiated TestOpenEntityGroupHandler,\x00\x00\x00\x00,1715915591953.dcd42e88ad394481b95246214d9ce02e.
24/05/17 03:13:12 ERROR server.NIOServerCnxnFactory: Thread Thread[Thread-78,5,main] died
java.lang.NullPointerException
	at com.alibaba.wasp.fserver.EntityGroup.run(EntityGroup.java:1264)
	at java.lang.Thread.run(Thread.java:748)
24/05/17 03:13:12 DEBUG zookeeper.ZKAssign: MockServer,123,-1-0xff8f848a10fa0000 Attempting to transition node dcd42e88ad394481b95246214d9ce02e from FSERVER_ZK_ENTITYGROUP_OPENING to FSERVER_ZK_ENTITYGROUP_OPENING
24/05/17 03:13:12 DEBUG zookeeper.ZKUtil: MockServer,123,-1-0xff8f848a10fa0000 Unable to get data of znode /wasp/unassigned/dcd42e88ad394481b95246214d9ce02e because node does not exist (not necessarily an error)
24/05/17 03:13:12 WARN handler.OpenEntityGroupHandler: Failed refreshing OPENING; entityGroup=dcd42e88ad394481b95246214d9ce02e, context=post_entitygroup_open
24/05/17 03:13:12 DEBUG fserver.EntityGroup: Closing TestOpenEntityGroupHandler,\x00\x00\x00\x00,1715915591953.dcd42e88ad394481b95246214d9ce02e.
24/05/17 03:13:12 DEBUG fserver.EntityGroup: Updates disabled for entityGroup TestOpenEntityGroupHandler,\x00\x00\x00\x00,1715915591953.dcd42e88ad394481b95246214d9ce02e.
24/05/17 03:13:12 INFO fserver.EntityGroup: Running commit transaction of TestOpenEntityGroupHandler,\x00\x00\x00\x00,1715915591953.dcd42e88ad394481b95246214d9ce02e. before close
24/05/17 03:13:12 INFO fserver.EntityGroup: Closed TestOpenEntityGroupHandler,\x00\x00\x00\x00,1715915591953.dcd42e88ad394481b95246214d9ce02e.
24/05/17 03:13:12 INFO handler.OpenEntityGroupHandler: Opening of entityGroup {NAME => 'TestOpenEntityGroupHandler,\x00\x00\x00\x00,1715915591953.dcd42e88ad394481b95246214d9ce02e.', STARTKEY => '\x00\x00\x00\x00', ENDKEY => '\x00\x00\x00\x01', ENCODED => dcd42e88ad394481b95246214d9ce02e,} failed, marking as FAILED_OPEN in ZK
24/05/17 03:13:12 DEBUG zookeeper.ZKAssign: MockServer,123,-1-0xff8f848a10fa0000 Attempting to transition node dcd42e88ad394481b95246214d9ce02e from FSERVER_ZK_ENTITYGROUP_OPENING to FSERVER_ZK_ENTITYGROUP_FAILED_OPEN
24/05/17 03:13:12 DEBUG zookeeper.ZKUtil: MockServer,123,-1-0xff8f848a10fa0000 Unable to get data of znode /wasp/unassigned/dcd42e88ad394481b95246214d9ce02e because node does not exist (not necessarily an error)
24/05/17 03:13:12 WARN handler.OpenEntityGroupHandler: Unable to mark entityGroup {NAME => 'TestOpenEntityGroupHandler,\x00\x00\x00\x00,1715915591953.dcd42e88ad394481b95246214d9ce02e.', STARTKEY => '\x00\x00\x00\x00', ENDKEY => '\x00\x00\x00\x01', ENCODED => dcd42e88ad394481b95246214d9ce02e,} as FAILED_OPEN. It's likely that the master already timed out this open attempt, and thus another RS already has the entityGroup.
24/05/17 03:13:12 DEBUG fserver.EntityGroup: Closing TestOpenEntityGroupHandler,\x00\x00\x00\x00,1715915591953.dcd42e88ad394481b95246214d9ce02e.
24/05/17 03:13:12 DEBUG fserver.EntityGroup: Updates disabled for entityGroup TestOpenEntityGroupHandler,\x00\x00\x00\x00,1715915591953.dcd42e88ad394481b95246214d9ce02e.
24/05/17 03:13:12 INFO fserver.EntityGroup: Running commit transaction of TestOpenEntityGroupHandler,\x00\x00\x00\x00,1715915591953.dcd42e88ad394481b95246214d9ce02e. before close
24/05/17 03:13:12 INFO fserver.EntityGroup: Closed TestOpenEntityGroupHandler,\x00\x00\x00\x00,1715915591953.dcd42e88ad394481b95246214d9ce02e.
24/05/17 03:13:12 DEBUG zookeeper.ZKUtil: MockServer,123,-1 opening connection to ZooKeeper with ensemble (localhost:53049)
24/05/17 03:13:12 INFO zookeeper.RecoverableZooKeeper: The identifier of this process is 24334@a9f87c527aeb
24/05/17 03:13:12 INFO server.NIOServerCnxnFactory: Accepted socket connection from /127.0.0.1:46640
24/05/17 03:13:12 DEBUG zookeeper.ZooKeeperWatcher: MockServer,123,-1 Received ZooKeeper Event, type=None, state=SyncConnected, path=null
24/05/17 03:13:12 DEBUG zookeeper.ZooKeeperWatcher: MockServer,123,-1-0xff8f848a10fa0001 connected
24/05/17 03:13:12 DEBUG zookeeper.ZKAssign: MockServer,123,-1-0xff8f848a10fa0001 Creating unassigned node for 22a224195f27ba691e10e74c0269d4fb in OFFLINE state
24/05/17 03:13:12 DEBUG zookeeper.ZKAssign: MockServer,123,-1-0xff8f848a10fa0001 Attempting to transition node 22a224195f27ba691e10e74c0269d4fb from M_ZK_ENTITYGROUP_OFFLINE to FSERVER_ZK_ENTITYGROUP_OPENING
24/05/17 03:13:12 DEBUG zookeeper.ZKUtil: MockServer,123,-1-0xff8f848a10fa0001 Retrieved 117 byte(s) of data from znode /wasp/unassigned/22a224195f27ba691e10e74c0269d4fb; data=entityGroup=TestOpenEntityGroupHandler,\x00\x00\x00\x00,1715915592071.22a224195f27ba691e10e74c0269d4fb., state=M_ZK_ENTITYGROUP_OFFLINE, servername=MockServer,123,-1, createTime=1715915592079, payload.length=0
24/05/17 03:13:12 DEBUG zookeeper.ZooKeeperWatcher: MockServer,123,-1-0xff8f848a10fa0001 Received ZooKeeper Event, type=NodeDataChanged, state=SyncConnected, path=/wasp/unassigned/22a224195f27ba691e10e74c0269d4fb
24/05/17 03:13:12 DEBUG zookeeper.ZKAssign: MockServer,123,-1-0xff8f848a10fa0001 Successfully transitioned node 22a224195f27ba691e10e74c0269d4fb from M_ZK_ENTITYGROUP_OFFLINE to FSERVER_ZK_ENTITYGROUP_OPENING
24/05/17 03:13:12 INFO handler.OpenEntityGroupHandler: Opening of entityGroup {NAME => 'TestOpenEntityGroupHandler,\x00\x00\x00\x00,1715915592071.22a224195f27ba691e10e74c0269d4fb.', STARTKEY => '\x00\x00\x00\x00', ENDKEY => '\x00\x00\x00\x01', ENCODED => 22a224195f27ba691e10e74c0269d4fb,} failed, marking as FAILED_OPEN in ZK
24/05/17 03:13:12 DEBUG zookeeper.ZKAssign: MockServer,123,-1-0xff8f848a10fa0001 Attempting to transition node 22a224195f27ba691e10e74c0269d4fb from FSERVER_ZK_ENTITYGROUP_OPENING to FSERVER_ZK_ENTITYGROUP_FAILED_OPEN
24/05/17 03:13:12 DEBUG zookeeper.ZKUtil: MockServer,123,-1-0xff8f848a10fa0001 Retrieved 117 byte(s) of data from znode /wasp/unassigned/22a224195f27ba691e10e74c0269d4fb; data=entityGroup=TestOpenEntityGroupHandler,\x00\x00\x00\x00,1715915592071.22a224195f27ba691e10e74c0269d4fb., state=FSERVER_ZK_ENTITYGROUP_OPENING, servername=MockServer,123,-1, createTime=1715915592082, payload.length=0
24/05/17 03:13:12 DEBUG zookeeper.ZKAssign: MockServer,123,-1-0xff8f848a10fa0001 Successfully transitioned node 22a224195f27ba691e10e74c0269d4fb from FSERVER_ZK_ENTITYGROUP_OPENING to FSERVER_ZK_ENTITYGROUP_FAILED_OPEN
24/05/17 03:13:12 DEBUG zookeeper.ZKUtil: MockServer,123,-1-0xff8f848a10fa0001 Retrieved 117 byte(s) of data from znode /wasp/unassigned/22a224195f27ba691e10e74c0269d4fb and set watcher; entityGroup=TestOpenEntityGroupHandler,\x00\x00\x00\x00,1715915592071.22a224195f27ba691e10e74c0269d4fb., state=FSERVER_ZK_ENTITYGROUP_FAILED_OPEN, servername=MockServer,123,-1, createTime=1715915592085, payload.length=0
24/05/17 03:13:12 DEBUG zookeeper.ZKUtil: MockServer,123,-1 opening connection to ZooKeeper with ensemble (localhost:53049)
24/05/17 03:13:12 INFO zookeeper.RecoverableZooKeeper: The identifier of this process is 24334@a9f87c527aeb
24/05/17 03:13:12 INFO server.NIOServerCnxnFactory: Accepted socket connection from /127.0.0.1:46652
24/05/17 03:13:12 DEBUG zookeeper.ZooKeeperWatcher: MockServer,123,-1 Received ZooKeeper Event, type=None, state=SyncConnected, path=null
24/05/17 03:13:12 DEBUG zookeeper.ZooKeeperWatcher: MockServer,123,-1-0xff8f848a10fa0002 connected
24/05/17 03:13:12 DEBUG zookeeper.ZKAssign: MockServer,123,-1-0xff8f848a10fa0002 Creating unassigned node for bef46d912c81957c7cbf00cf9ed58140 in OFFLINE state
24/05/17 03:13:12 DEBUG zookeeper.ZKAssign: MockServer,123,-1-0xff8f848a10fa0002 Attempting to transition node bef46d912c81957c7cbf00cf9ed58140 from M_ZK_ENTITYGROUP_OFFLINE to FSERVER_ZK_ENTITYGROUP_OPENING
24/05/17 03:13:12 DEBUG zookeeper.ZKUtil: MockServer,123,-1-0xff8f848a10fa0002 Retrieved 117 byte(s) of data from znode /wasp/unassigned/bef46d912c81957c7cbf00cf9ed58140; data=entityGroup=TestOpenEntityGroupHandler,\x00\x00\x00\x00,1715915592088.bef46d912c81957c7cbf00cf9ed58140., state=M_ZK_ENTITYGROUP_OFFLINE, servername=MockServer,123,-1, createTime=1715915592095, payload.length=0
24/05/17 03:13:12 DEBUG zookeeper.ZooKeeperWatcher: MockServer,123,-1-0xff8f848a10fa0002 Received ZooKeeper Event, type=NodeDataChanged, state=SyncConnected, path=/wasp/unassigned/bef46d912c81957c7cbf00cf9ed58140
24/05/17 03:13:12 DEBUG zookeeper.ZKAssign: MockServer,123,-1-0xff8f848a10fa0002 Successfully transitioned node bef46d912c81957c7cbf00cf9ed58140 from M_ZK_ENTITYGROUP_OFFLINE to FSERVER_ZK_ENTITYGROUP_OPENING
24/05/17 03:13:12 INFO fserver.EntityGroup: EntityGroup.openEntityGroup EntityGroup name ==TestOpenEntityGroupHandler,\x00\x00\x00\x00,1715915592088.bef46d912c81957c7cbf00cf9ed58140.
24/05/17 03:13:12 DEBUG fserver.EntityGroup: Opening EntityGroup: {NAME => 'TestOpenEntityGroupHandler,\x00\x00\x00\x00,1715915592088.bef46d912c81957c7cbf00cf9ed58140.', STARTKEY => '\x00\x00\x00\x00', ENDKEY => '\x00\x00\x00\x01', ENCODED => bef46d912c81957c7cbf00cf9ed58140,}
24/05/17 03:13:12 DEBUG fserver.MetricsEntityGroupSourceImpl: Creating new MetricsEntityGroupSourceImpl for table TestOpenEntityGroupHandler bef46d912c81957c7cbf00cf9ed58140
24/05/17 03:13:12 DEBUG fserver.EntityGroup: Instantiated TestOpenEntityGroupHandler,\x00\x00\x00\x00,1715915592088.bef46d912c81957c7cbf00cf9ed58140.
24/05/17 03:13:12 DEBUG zookeeper.ZKAssign: MockServer,123,-1-0xff8f848a10fa0002 Attempting to transition node bef46d912c81957c7cbf00cf9ed58140 from FSERVER_ZK_ENTITYGROUP_OPENING to FSERVER_ZK_ENTITYGROUP_OPENING
24/05/17 03:13:12 ERROR server.NIOServerCnxnFactory: Thread Thread[Thread-81,5,main] died
java.lang.NullPointerException
	at com.alibaba.wasp.fserver.EntityGroup.run(EntityGroup.java:1264)
	at java.lang.Thread.run(Thread.java:748)
24/05/17 03:13:12 DEBUG zookeeper.ZKUtil: MockServer,123,-1-0xff8f848a10fa0002 Retrieved 117 byte(s) of data from znode /wasp/unassigned/bef46d912c81957c7cbf00cf9ed58140; data=entityGroup=TestOpenEntityGroupHandler,\x00\x00\x00\x00,1715915592088.bef46d912c81957c7cbf00cf9ed58140., state=FSERVER_ZK_ENTITYGROUP_OPENING, servername=MockServer,123,-1, createTime=1715915592099, payload.length=0
24/05/17 03:13:12 DEBUG zookeeper.ZKAssign: MockServer,123,-1-0xff8f848a10fa0002 Successfully transitioned node bef46d912c81957c7cbf00cf9ed58140 from FSERVER_ZK_ENTITYGROUP_OPENING to FSERVER_ZK_ENTITYGROUP_OPENING
24/05/17 03:13:12 DEBUG fserver.EntityGroup: Closing TestOpenEntityGroupHandler,\x00\x00\x00\x00,1715915592088.bef46d912c81957c7cbf00cf9ed58140.
24/05/17 03:13:12 DEBUG fserver.EntityGroup: Updates disabled for entityGroup TestOpenEntityGroupHandler,\x00\x00\x00\x00,1715915592088.bef46d912c81957c7cbf00cf9ed58140.
24/05/17 03:13:12 INFO fserver.EntityGroup: Running commit transaction of TestOpenEntityGroupHandler,\x00\x00\x00\x00,1715915592088.bef46d912c81957c7cbf00cf9ed58140. before close
24/05/17 03:13:12 INFO fserver.EntityGroup: Closed TestOpenEntityGroupHandler,\x00\x00\x00\x00,1715915592088.bef46d912c81957c7cbf00cf9ed58140.
24/05/17 03:13:12 INFO handler.OpenEntityGroupHandler: Opening of entityGroup {NAME => 'TestOpenEntityGroupHandler,\x00\x00\x00\x00,1715915592088.bef46d912c81957c7cbf00cf9ed58140.', STARTKEY => '\x00\x00\x00\x00', ENDKEY => '\x00\x00\x00\x01', ENCODED => bef46d912c81957c7cbf00cf9ed58140,} failed, marking as FAILED_OPEN in ZK
24/05/17 03:13:12 DEBUG zookeeper.ZKAssign: MockServer,123,-1-0xff8f848a10fa0002 Attempting to transition node bef46d912c81957c7cbf00cf9ed58140 from FSERVER_ZK_ENTITYGROUP_OPENING to FSERVER_ZK_ENTITYGROUP_FAILED_OPEN
24/05/17 03:13:12 DEBUG zookeeper.ZKUtil: MockServer,123,-1-0xff8f848a10fa0002 Retrieved 117 byte(s) of data from znode /wasp/unassigned/bef46d912c81957c7cbf00cf9ed58140; data=entityGroup=TestOpenEntityGroupHandler,\x00\x00\x00\x00,1715915592088.bef46d912c81957c7cbf00cf9ed58140., state=FSERVER_ZK_ENTITYGROUP_OPENING, servername=MockServer,123,-1, createTime=1715915592103, payload.length=0
24/05/17 03:13:12 DEBUG zookeeper.ZKAssign: MockServer,123,-1-0xff8f848a10fa0002 Successfully transitioned node bef46d912c81957c7cbf00cf9ed58140 from FSERVER_ZK_ENTITYGROUP_OPENING to FSERVER_ZK_ENTITYGROUP_FAILED_OPEN
24/05/17 03:13:12 DEBUG zookeeper.ZKUtil: MockServer,123,-1-0xff8f848a10fa0002 Retrieved 117 byte(s) of data from znode /wasp/unassigned/bef46d912c81957c7cbf00cf9ed58140 and set watcher; entityGroup=TestOpenEntityGroupHandler,\x00\x00\x00\x00,1715915592088.bef46d912c81957c7cbf00cf9ed58140., state=FSERVER_ZK_ENTITYGROUP_FAILED_OPEN, servername=MockServer,123,-1, createTime=1715915592107, payload.length=0
24/05/17 03:13:12 INFO server.NIOServerCnxnFactory: NIOServerCnxn factory exited run method
24/05/17 03:13:12 INFO server.SessionTrackerImpl: Shutting down
24/05/17 03:13:12 INFO server.SyncRequestProcessor: Shutting down
24/05/17 03:13:12 INFO server.SyncRequestProcessor: SyncRequestProcessor exited!
24/05/17 03:13:12 INFO server.FinalRequestProcessor: shutdown of request processor complete
24/05/17 03:13:12 INFO wasp.WaspTestingUtility: Starting up minicluster with 1 master(s) and 3 fserver(s) 
24/05/17 03:13:12 DEBUG zookeeper.ZooKeeperWatcher: MockServer,123,-1-0xff8f848a10fa0000 Received ZooKeeper Event, type=None, state=Disconnected, path=null
24/05/17 03:13:12 DEBUG zookeeper.ZooKeeperWatcher: MockServer,123,-1-0xff8f848a10fa0000 Received Disconnected from ZooKeeper, ignoring
24/05/17 03:13:12 DEBUG zookeeper.ZooKeeperWatcher: MockServer,123,-1-0xff8f848a10fa0002 Received ZooKeeper Event, type=None, state=Disconnected, path=null
24/05/17 03:13:12 DEBUG zookeeper.ZooKeeperWatcher: MockServer,123,-1-0xff8f848a10fa0002 Received Disconnected from ZooKeeper, ignoring
24/05/17 03:13:12 DEBUG zookeeper.ZooKeeperWatcher: MockServer,123,-1-0xff8f848a10fa0001 Received ZooKeeper Event, type=None, state=Disconnected, path=null
24/05/17 03:13:12 DEBUG zookeeper.ZooKeeperWatcher: MockServer,123,-1-0xff8f848a10fa0001 Received Disconnected from ZooKeeper, ignoring
Starting DataNode 0 with dfs.data.dir: /home/idflakies/alibaba/wasp/target/test-data/ef536fd2-d2f6-4c36-9ed6-af0e7997356e/dfscluster_2f642e91-8ec6-4c6d-9ebb-5ab22712f248/dfs/data/data1,/home/idflakies/alibaba/wasp/target/test-data/ef536fd2-d2f6-4c36-9ed6-af0e7997356e/dfscluster_2f642e91-8ec6-4c6d-9ebb-5ab22712f248/dfs/data/data2
24/05/17 03:13:12 ERROR datanode.DataNode: All directories in dfs.data.dir are invalid.
24/05/17 03:13:12 INFO wasp.WaspTestingUtility: Shutting down mini wasp cluster
24/05/17 03:13:12 INFO wasp.WaspTestingUtility: Minicluster is down
java.lang.NullPointerException
	at org.apache.hadoop.hdfs.MiniDFSCluster.startDataNodes(MiniDFSCluster.java:422)
	at org.apache.hadoop.hdfs.MiniDFSCluster.<init>(MiniDFSCluster.java:280)
	at org.apache.hadoop.hbase.HBaseTestingUtility.startMiniDFSCluster(HBaseTestingUtility.java:451)
	at org.apache.hadoop.hbase.HBaseTestingUtility.startMiniCluster(HBaseTestingUtility.java:619)
	at org.apache.hadoop.hbase.HBaseTestingUtility.startMiniCluster(HBaseTestingUtility.java:575)
	at com.alibaba.wasp.WaspTestingUtility.startMiniCluster(WaspTestingUtility.java:172)
	at com.alibaba.wasp.WaspTestingUtility.startMiniCluster(WaspTestingUtility.java:144)
	at com.alibaba.wasp.messagequeue.TestSubscriber.setUpBeforeClass(TestSubscriber.java:71)
	at sun.reflect.NativeMethodAccessorImpl.invoke0(Native Method)
	at sun.reflect.NativeMethodAccessorImpl.invoke(NativeMethodAccessorImpl.java:62)
	at sun.reflect.DelegatingMethodAccessorImpl.invoke(DelegatingMethodAccessorImpl.java:43)
	at java.lang.reflect.Method.invoke(Method.java:498)
	at org.junit.runners.model.FrameworkMethod$1.runReflectiveCall(FrameworkMethod.java:45)
	at org.junit.internal.runners.model.ReflectiveCallable.run(ReflectiveCallable.java:15)
	at org.junit.runners.model.FrameworkMethod.invokeExplosively(FrameworkMethod.java:42)
	at org.junit.internal.runners.statements.RunBefores.evaluate(RunBefores.java:27)
	at org.junit.internal.runners.statements.RunAfters.evaluate(RunAfters.java:30)
	at org.junit.runners.ParentRunner.run(ParentRunner.java:300)
	at org.junit.runners.Suite.runChild(Suite.java:128)
	at org.junit.runners.Suite.runChild(Suite.java:24)
	at org.junit.runners.ParentRunner$3.run(ParentRunner.java:231)
	at org.junit.runners.ParentRunner$1.schedule(ParentRunner.java:60)
	at org.junit.runners.ParentRunner.runChildren(ParentRunner.java:229)
	at org.junit.runners.ParentRunner.access$000(ParentRunner.java:50)
	at org.junit.runners.ParentRunner$2.evaluate(ParentRunner.java:222)
	at org.junit.runners.ParentRunner.run(ParentRunner.java:300)
	at org.junit.runner.JUnitCore.run(JUnitCore.java:157)
	at org.junit.runner.JUnitCore.run(JUnitCore.java:136)
	at edu.illinois.cs.testrunner.execution.JUnitTestExecutor.execute(JUnitTestExecutor.java:246)
	at edu.illinois.cs.testrunner.execution.JUnitTestExecutor.executeWithJUnit4Runner(JUnitTestExecutor.java:315)
	at edu.illinois.cs.testrunner.execution.JUnitTestExecutor.runOrder(JUnitTestExecutor.java:46)
	at edu.illinois.cs.testrunner.execution.Executor$.$anonfun$run$1(Executor.scala:30)
	at scala.runtime.java8.JFunction0$mcV$sp.apply(JFunction0$mcV$sp.java:12)
	at scala.util.Try$.apply(Try.scala:209)
	at edu.illinois.cs.testrunner.execution.Executor$.run(Executor.scala:28)
	at edu.illinois.cs.testrunner.execution.Executor$.main(Executor.scala:18)
	at edu.illinois.cs.testrunner.execution.Executor.main(Executor.scala)
24/05/17 03:13:12 DEBUG master.TestOpenedEntityGroupHandler: 

TRR: Starting cluster

24/05/17 03:13:12 INFO wasp.WaspTestingUtility: Starting up minicluster with 1 master(s) and 1 fserver(s) 
Starting DataNode 0 with dfs.data.dir: /home/idflakies/alibaba/wasp/target/test-data/b204867a-fdbc-406c-9a4d-6620087d0685/dfscluster_0b3068ec-a924-4597-a52d-a5eb3e66821c/dfs/data/data1,/home/idflakies/alibaba/wasp/target/test-data/b204867a-fdbc-406c-9a4d-6620087d0685/dfscluster_0b3068ec-a924-4597-a52d-a5eb3e66821c/dfs/data/data2
24/05/17 03:13:12 ERROR datanode.DataNode: All directories in dfs.data.dir are invalid.
24/05/17 03:13:12 INFO wasp.WaspTestingUtility: Shutting down mini wasp cluster
24/05/17 03:13:12 INFO wasp.WaspTestingUtility: Minicluster is down
java.lang.NullPointerException
	at org.apache.hadoop.hdfs.MiniDFSCluster.startDataNodes(MiniDFSCluster.java:422)
	at org.apache.hadoop.hdfs.MiniDFSCluster.<init>(MiniDFSCluster.java:280)
	at org.apache.hadoop.hbase.HBaseTestingUtility.startMiniDFSCluster(HBaseTestingUtility.java:451)
	at org.apache.hadoop.hbase.HBaseTestingUtility.startMiniCluster(HBaseTestingUtility.java:619)
	at org.apache.hadoop.hbase.HBaseTestingUtility.startMiniCluster(HBaseTestingUtility.java:575)
	at com.alibaba.wasp.WaspTestingUtility.startMiniCluster(WaspTestingUtility.java:172)
	at com.alibaba.wasp.master.TestOpenedEntityGroupHandler.testOpenedEntityGroupHandlerOnMasterRestart(TestOpenedEntityGroupHandler.java:93)
	at sun.reflect.NativeMethodAccessorImpl.invoke0(Native Method)
	at sun.reflect.NativeMethodAccessorImpl.invoke(NativeMethodAccessorImpl.java:62)
	at sun.reflect.DelegatingMethodAccessorImpl.invoke(DelegatingMethodAccessorImpl.java:43)
	at java.lang.reflect.Method.invoke(Method.java:498)
	at org.junit.runners.model.FrameworkMethod$1.runReflectiveCall(FrameworkMethod.java:45)
	at org.junit.internal.runners.model.ReflectiveCallable.run(ReflectiveCallable.java:15)
	at org.junit.runners.model.FrameworkMethod.invokeExplosively(FrameworkMethod.java:42)
	at org.junit.internal.runners.statements.InvokeMethod.evaluate(InvokeMethod.java:20)
	at org.junit.internal.runners.statements.RunBefores.evaluate(RunBefores.java:28)
	at org.junit.internal.runners.statements.RunAfters.evaluate(RunAfters.java:30)
	at org.junit.runners.ParentRunner.runLeaf(ParentRunner.java:263)
	at org.junit.runners.BlockJUnit4ClassRunner.runChild(BlockJUnit4ClassRunner.java:68)
	at org.junit.runners.BlockJUnit4ClassRunner.runChild(BlockJUnit4ClassRunner.java:47)
	at org.junit.runners.ParentRunner$3.run(ParentRunner.java:231)
	at org.junit.runners.ParentRunner$1.schedule(ParentRunner.java:60)
	at org.junit.runners.ParentRunner.runChildren(ParentRunner.java:229)
	at org.junit.runners.ParentRunner.access$000(ParentRunner.java:50)
	at org.junit.runners.ParentRunner$2.evaluate(ParentRunner.java:222)
	at org.junit.runners.ParentRunner.run(ParentRunner.java:300)
	at org.junit.runners.Suite.runChild(Suite.java:128)
	at org.junit.runners.Suite.runChild(Suite.java:24)
	at org.junit.runners.ParentRunner$3.run(ParentRunner.java:231)
	at org.junit.runners.ParentRunner$1.schedule(ParentRunner.java:60)
	at org.junit.runners.ParentRunner.runChildren(ParentRunner.java:229)
	at org.junit.runners.ParentRunner.access$000(ParentRunner.java:50)
	at org.junit.runners.ParentRunner$2.evaluate(ParentRunner.java:222)
	at org.junit.runners.ParentRunner.run(ParentRunner.java:300)
	at org.junit.runner.JUnitCore.run(JUnitCore.java:157)
	at org.junit.runner.JUnitCore.run(JUnitCore.java:136)
	at edu.illinois.cs.testrunner.execution.JUnitTestExecutor.execute(JUnitTestExecutor.java:246)
	at edu.illinois.cs.testrunner.execution.JUnitTestExecutor.executeWithJUnit4Runner(JUnitTestExecutor.java:315)
	at edu.illinois.cs.testrunner.execution.JUnitTestExecutor.runOrder(JUnitTestExecutor.java:46)
	at edu.illinois.cs.testrunner.execution.Executor$.$anonfun$run$1(Executor.scala:30)
	at scala.runtime.java8.JFunction0$mcV$sp.apply(JFunction0$mcV$sp.java:12)
	at scala.util.Try$.apply(Try.scala:209)
	at edu.illinois.cs.testrunner.execution.Executor$.run(Executor.scala:28)
	at edu.illinois.cs.testrunner.execution.Executor$.main(Executor.scala:18)
	at edu.illinois.cs.testrunner.execution.Executor.main(Executor.scala)
24/05/17 03:13:12 INFO server.NIOServerCnxnFactory: binding to port 0.0.0.0/0.0.0.0:51453
24/05/17 03:13:12 INFO persistence.FileTxnSnapLog: Snapshotting: 0x0 to /home/idflakies/alibaba/wasp/target/test-data/ffbb99e7-e7d7-4ab7-bbe7-589ab13ea368/dfscluster_39402874-1482-469d-a4c6-b1918613b8d0/zookeeper_0/version-2/snapshot.0
24/05/17 03:13:12 INFO server.NIOServerCnxnFactory: Accepted socket connection from /127.0.0.1:58748
24/05/17 03:13:12 DEBUG zookeeper.ZKUtil: MockServer,123,-1 opening connection to ZooKeeper with ensemble (localhost:51453)
24/05/17 03:13:12 INFO zookeeper.RecoverableZooKeeper: The identifier of this process is 24334@a9f87c527aeb
24/05/17 03:13:12 INFO server.NIOServerCnxnFactory: Accepted socket connection from /127.0.0.1:58756
24/05/17 03:13:12 INFO persistence.FileTxnLog: Creating new log file: log.1
24/05/17 03:13:12 DEBUG zookeeper.ZooKeeperWatcher: MockServer,123,-1 Received ZooKeeper Event, type=None, state=SyncConnected, path=null
24/05/17 03:13:12 DEBUG zookeeper.ZooKeeperWatcher: MockServer,123,-1-0xff8f848a14730000 connected
24/05/17 03:13:12 INFO fserver.EntityGroup: creating EntityGroup testShouldNotCompeleteOpenedEntityGroupSuccessfullyIfVersionMismatches Table == CREATE TABLE testShouldNotCompeleteOpenedEntityGroupSuccessfullyIfVersionMismatches { 
  REQUIRED INT32 column1 COLUMNFAMILY d;
  REQUIRED INT64 column2 COLUMNFAMILY d;
  REQUIRED STRING column3 COLUMNFAMILY d;
  OPTIONAL FLOAT column4 COLUMNFAMILY d;
  OPTIONAL DOUBLE column5 COLUMNFAMILY d;
  OPTIONAL DATETIME column6 COLUMNFAMILY d;
  REPEATED PROTOBUF column7 COLUMNFAMILY d;
  OPTIONAL STRING column8 COLUMNFAMILY d;
} 
PRIMARY KEY(column1),
ENTITY GROUP ROOT,
ENTITY GROUP KEY(column1);
 Table name == testShouldNotCompeleteOpenedEntityGroupSuccessfullyIfVersionMismatches
24/05/17 03:13:12 DEBUG fserver.EntityGroup: Instantiated testShouldNotCompeleteOpenedEntityGroupSuccessfullyIfVersionMismatches,\x00\x00\x00\x00,1715915592843.a4f73a48b251bcffbd62ff803277213f.
24/05/17 03:13:12 ERROR server.NIOServerCnxnFactory: Thread Thread[Thread-131,5,main] died
java.lang.NullPointerException
	at com.alibaba.wasp.fserver.EntityGroup.run(EntityGroup.java:1264)
	at java.lang.Thread.run(Thread.java:748)
24/05/17 03:13:12 DEBUG zookeeper.ZKUtil: unittest opening connection to ZooKeeper with ensemble (localhost:51453)
24/05/17 03:13:12 INFO zookeeper.RecoverableZooKeeper: The identifier of this process is 24334@a9f87c527aeb
24/05/17 03:13:12 DEBUG zookeeper.ZKAssign: unittest Creating unassigned node for a4f73a48b251bcffbd62ff803277213f in OFFLINE state
24/05/17 03:13:12 INFO server.NIOServerCnxnFactory: Accepted socket connection from /127.0.0.1:58760
24/05/17 03:13:12 DEBUG zookeeper.ZooKeeperWatcher: unittest Received ZooKeeper Event, type=None, state=SyncConnected, path=null
24/05/17 03:13:12 DEBUG zookeeper.ZooKeeperWatcher: unittest-0xff8f848a14730001 connected
24/05/17 03:13:12 DEBUG zookeeper.ZKAssign: unittest-0xff8f848a14730001 Attempting to transition node a4f73a48b251bcffbd62ff803277213f from M_ZK_ENTITYGROUP_OFFLINE to FSERVER_ZK_ENTITYGROUP_OPENING
24/05/17 03:13:12 DEBUG zookeeper.ZKUtil: unittest-0xff8f848a14730001 Retrieved 161 byte(s) of data from znode /wasp/unassigned/a4f73a48b251bcffbd62ff803277213f; data=entityGroup=testShouldNotCompeleteOpenedEntityGroupSuccessfullyIfVersionMismatches,\x00\x00\x00\x00,1715915592843.a4f73a48b251bcffbd62ff803277213f., state=M_ZK_ENTITYGROUP_OFFLINE, servername=MockServer,123,-1, createTime=1715915592950, payload.length=0
24/05/17 03:13:12 DEBUG zookeeper.ZooKeeperWatcher: unittest-0xff8f848a14730001 Received ZooKeeper Event, type=NodeDataChanged, state=SyncConnected, path=/wasp/unassigned/a4f73a48b251bcffbd62ff803277213f
24/05/17 03:13:12 DEBUG zookeeper.ZKAssign: unittest-0xff8f848a14730001 Successfully transitioned node a4f73a48b251bcffbd62ff803277213f from M_ZK_ENTITYGROUP_OFFLINE to FSERVER_ZK_ENTITYGROUP_OPENING
24/05/17 03:13:12 DEBUG zookeeper.ZKAssign: unittest-0xff8f848a14730001 Attempting to transition node a4f73a48b251bcffbd62ff803277213f from FSERVER_ZK_ENTITYGROUP_OPENING to FSERVER_ZK_ENTITYGROUP_OPENED
24/05/17 03:13:12 DEBUG zookeeper.ZKUtil: unittest-0xff8f848a14730001 Retrieved 161 byte(s) of data from znode /wasp/unassigned/a4f73a48b251bcffbd62ff803277213f; data=entityGroup=testShouldNotCompeleteOpenedEntityGroupSuccessfullyIfVersionMismatches,\x00\x00\x00\x00,1715915592843.a4f73a48b251bcffbd62ff803277213f., state=FSERVER_ZK_ENTITYGROUP_OPENING, servername=MockServer,123,-1, createTime=1715915592956, payload.length=0
24/05/17 03:13:12 DEBUG zookeeper.ZKAssign: unittest-0xff8f848a14730001 Successfully transitioned node a4f73a48b251bcffbd62ff803277213f from FSERVER_ZK_ENTITYGROUP_OPENING to FSERVER_ZK_ENTITYGROUP_OPENED
24/05/17 03:13:12 DEBUG zookeeper.ZKUtil: unittest-0xff8f848a14730001 Retrieved 161 byte(s) of data from znode /wasp/unassigned/a4f73a48b251bcffbd62ff803277213f and set watcher; entityGroup=testShouldNotCompeleteOpenedEntityGroupSuccessfullyIfVersionMismatches,\x00\x00\x00\x00,1715915592843.a4f73a48b251bcffbd62ff803277213f., state=FSERVER_ZK_ENTITYGROUP_OPENED, servername=MockServer,123,-1, createTime=1715915592959, payload.length=0
24/05/17 03:13:12 DEBUG zookeeper.ZKAssign: unittest-0xff8f848a14730001 Attempting to transition node a4f73a48b251bcffbd62ff803277213f from FSERVER_ZK_ENTITYGROUP_OPENED to FSERVER_ZK_ENTITYGROUP_OPENED
24/05/17 03:13:12 DEBUG zookeeper.ZKUtil: unittest-0xff8f848a14730001 Retrieved 161 byte(s) of data from znode /wasp/unassigned/a4f73a48b251bcffbd62ff803277213f; data=entityGroup=testShouldNotCompeleteOpenedEntityGroupSuccessfullyIfVersionMismatches,\x00\x00\x00\x00,1715915592843.a4f73a48b251bcffbd62ff803277213f., state=FSERVER_ZK_ENTITYGROUP_OPENED, servername=MockServer,123,-1, createTime=1715915592959, payload.length=0
24/05/17 03:13:12 DEBUG zookeeper.ZooKeeperWatcher: unittest-0xff8f848a14730001 Received ZooKeeper Event, type=NodeDataChanged, state=SyncConnected, path=/wasp/unassigned/a4f73a48b251bcffbd62ff803277213f
24/05/17 03:13:12 DEBUG zookeeper.ZKAssign: unittest-0xff8f848a14730001 Successfully transitioned node a4f73a48b251bcffbd62ff803277213f from FSERVER_ZK_ENTITYGROUP_OPENED to FSERVER_ZK_ENTITYGROUP_OPENED
24/05/17 03:13:12 WARN handler.OpenedEntityGroupHandler: Skipping the onlining of testShouldNotCompeleteOpenedEntityGroupSuccessfullyIfVersionMismatches,\x00\x00\x00\x00,1715915592843.a4f73a48b251bcffbd62ff803277213f. because entityGroups is NOT in EGIT -- presuming this is because it SPLIT
24/05/17 03:13:12 DEBUG fserver.EntityGroup: Closing testShouldNotCompeleteOpenedEntityGroupSuccessfullyIfVersionMismatches,\x00\x00\x00\x00,1715915592843.a4f73a48b251bcffbd62ff803277213f.
24/05/17 03:13:12 DEBUG fserver.EntityGroup: Updates disabled for entityGroup testShouldNotCompeleteOpenedEntityGroupSuccessfullyIfVersionMismatches,\x00\x00\x00\x00,1715915592843.a4f73a48b251bcffbd62ff803277213f.
24/05/17 03:13:12 INFO fserver.EntityGroup: Running commit transaction of testShouldNotCompeleteOpenedEntityGroupSuccessfullyIfVersionMismatches,\x00\x00\x00\x00,1715915592843.a4f73a48b251bcffbd62ff803277213f. before close
24/05/17 03:13:12 INFO fserver.EntityGroup: Closed testShouldNotCompeleteOpenedEntityGroupSuccessfullyIfVersionMismatches,\x00\x00\x00\x00,1715915592843.a4f73a48b251bcffbd62ff803277213f.
24/05/17 03:13:12 INFO server.NIOServerCnxnFactory: NIOServerCnxn factory exited run method
24/05/17 03:13:12 INFO server.SessionTrackerImpl: Shutting down
24/05/17 03:13:12 INFO server.SyncRequestProcessor: Shutting down
24/05/17 03:13:12 INFO server.SyncRequestProcessor: SyncRequestProcessor exited!
24/05/17 03:13:12 INFO server.FinalRequestProcessor: shutdown of request processor complete
24/05/17 03:13:12 INFO wasp.WaspTestingUtility: Shutting down mini wasp cluster
24/05/17 03:13:12 INFO wasp.WaspTestingUtility: Minicluster is down
24/05/17 03:13:12 DEBUG fserver.MetricsEntityGroupSourceImpl: Creating new MetricsEntityGroupSourceImpl for table MetricsEntityGroupWrapperStub DEADBEEF001
24/05/17 03:13:12 INFO wasp.WaspTestingUtility: Starting up minicluster with 1 master(s) and 3 fserver(s) 
24/05/17 03:13:13 DEBUG zookeeper.ZooKeeperWatcher: MockServer,123,-1-0xff8f848a14730000 Received ZooKeeper Event, type=None, state=Disconnected, path=null
24/05/17 03:13:13 DEBUG zookeeper.ZooKeeperWatcher: MockServer,123,-1-0xff8f848a14730000 Received Disconnected from ZooKeeper, ignoring
24/05/17 03:13:13 DEBUG zookeeper.ZooKeeperWatcher: unittest-0xff8f848a14730001 Received ZooKeeper Event, type=None, state=Disconnected, path=null
24/05/17 03:13:13 DEBUG zookeeper.ZooKeeperWatcher: unittest-0xff8f848a14730001 Received Disconnected from ZooKeeper, ignoring
Starting DataNode 0 with dfs.data.dir: /home/idflakies/alibaba/wasp/target/test-data/b8370e38-2665-4414-919b-b31c5f30f302/dfscluster_92e085bd-cc58-4dc8-b3a5-f3eae8053c9a/dfs/data/data1,/home/idflakies/alibaba/wasp/target/test-data/b8370e38-2665-4414-919b-b31c5f30f302/dfscluster_92e085bd-cc58-4dc8-b3a5-f3eae8053c9a/dfs/data/data2
24/05/17 03:13:13 ERROR datanode.DataNode: All directories in dfs.data.dir are invalid.
24/05/17 03:13:13 INFO wasp.WaspTestingUtility: Shutting down mini wasp cluster
24/05/17 03:13:13 INFO wasp.WaspTestingUtility: Minicluster is down
java.lang.NullPointerException
	at org.apache.hadoop.hdfs.MiniDFSCluster.startDataNodes(MiniDFSCluster.java:422)
	at org.apache.hadoop.hdfs.MiniDFSCluster.<init>(MiniDFSCluster.java:280)
	at org.apache.hadoop.hbase.HBaseTestingUtility.startMiniDFSCluster(HBaseTestingUtility.java:451)
	at org.apache.hadoop.hbase.HBaseTestingUtility.startMiniCluster(HBaseTestingUtility.java:619)
	at org.apache.hadoop.hbase.HBaseTestingUtility.startMiniCluster(HBaseTestingUtility.java:575)
	at com.alibaba.wasp.WaspTestingUtility.startMiniCluster(WaspTestingUtility.java:172)
	at com.alibaba.wasp.WaspTestingUtility.startMiniCluster(WaspTestingUtility.java:144)
	at com.alibaba.wasp.jdbc.TestJdbcResultFormatter.setUpBeforeClass(TestJdbcResultFormatter.java:51)
	at sun.reflect.NativeMethodAccessorImpl.invoke0(Native Method)
	at sun.reflect.NativeMethodAccessorImpl.invoke(NativeMethodAccessorImpl.java:62)
	at sun.reflect.DelegatingMethodAccessorImpl.invoke(DelegatingMethodAccessorImpl.java:43)
	at java.lang.reflect.Method.invoke(Method.java:498)
	at org.junit.runners.model.FrameworkMethod$1.runReflectiveCall(FrameworkMethod.java:45)
	at org.junit.internal.runners.model.ReflectiveCallable.run(ReflectiveCallable.java:15)
	at org.junit.runners.model.FrameworkMethod.invokeExplosively(FrameworkMethod.java:42)
	at org.junit.internal.runners.statements.RunBefores.evaluate(RunBefores.java:27)
	at org.junit.internal.runners.statements.RunAfters.evaluate(RunAfters.java:30)
	at org.junit.runners.ParentRunner.run(ParentRunner.java:300)
	at org.junit.runners.Suite.runChild(Suite.java:128)
	at org.junit.runners.Suite.runChild(Suite.java:24)
	at org.junit.runners.ParentRunner$3.run(ParentRunner.java:231)
	at org.junit.runners.ParentRunner$1.schedule(ParentRunner.java:60)
	at org.junit.runners.ParentRunner.runChildren(ParentRunner.java:229)
	at org.junit.runners.ParentRunner.access$000(ParentRunner.java:50)
	at org.junit.runners.ParentRunner$2.evaluate(ParentRunner.java:222)
	at org.junit.runners.ParentRunner.run(ParentRunner.java:300)
	at org.junit.runner.JUnitCore.run(JUnitCore.java:157)
	at org.junit.runner.JUnitCore.run(JUnitCore.java:136)
	at edu.illinois.cs.testrunner.execution.JUnitTestExecutor.execute(JUnitTestExecutor.java:246)
	at edu.illinois.cs.testrunner.execution.JUnitTestExecutor.executeWithJUnit4Runner(JUnitTestExecutor.java:315)
	at edu.illinois.cs.testrunner.execution.JUnitTestExecutor.runOrder(JUnitTestExecutor.java:46)
	at edu.illinois.cs.testrunner.execution.Executor$.$anonfun$run$1(Executor.scala:30)
	at scala.runtime.java8.JFunction0$mcV$sp.apply(JFunction0$mcV$sp.java:12)
	at scala.util.Try$.apply(Try.scala:209)
	at edu.illinois.cs.testrunner.execution.Executor$.run(Executor.scala:28)
	at edu.illinois.cs.testrunner.execution.Executor$.main(Executor.scala:18)
	at edu.illinois.cs.testrunner.execution.Executor.main(Executor.scala)
java.lang.NullPointerException
	at com.alibaba.wasp.jdbc.TestJdbcResultFormatter.tearDownAfterClass(TestJdbcResultFormatter.java:71)
	at sun.reflect.NativeMethodAccessorImpl.invoke0(Native Method)
	at sun.reflect.NativeMethodAccessorImpl.invoke(NativeMethodAccessorImpl.java:62)
	at sun.reflect.DelegatingMethodAccessorImpl.invoke(DelegatingMethodAccessorImpl.java:43)
	at java.lang.reflect.Method.invoke(Method.java:498)
	at org.junit.runners.model.FrameworkMethod$1.runReflectiveCall(FrameworkMethod.java:45)
	at org.junit.internal.runners.model.ReflectiveCallable.run(ReflectiveCallable.java:15)
	at org.junit.runners.model.FrameworkMethod.invokeExplosively(FrameworkMethod.java:42)
	at org.junit.internal.runners.statements.RunAfters.evaluate(RunAfters.java:36)
	at org.junit.runners.ParentRunner.run(ParentRunner.java:300)
	at org.junit.runners.Suite.runChild(Suite.java:128)
	at org.junit.runners.Suite.runChild(Suite.java:24)
	at org.junit.runners.ParentRunner$3.run(ParentRunner.java:231)
	at org.junit.runners.ParentRunner$1.schedule(ParentRunner.java:60)
	at org.junit.runners.ParentRunner.runChildren(ParentRunner.java:229)
	at org.junit.runners.ParentRunner.access$000(ParentRunner.java:50)
	at org.junit.runners.ParentRunner$2.evaluate(ParentRunner.java:222)
	at org.junit.runners.ParentRunner.run(ParentRunner.java:300)
	at org.junit.runner.JUnitCore.run(JUnitCore.java:157)
	at org.junit.runner.JUnitCore.run(JUnitCore.java:136)
	at edu.illinois.cs.testrunner.execution.JUnitTestExecutor.execute(JUnitTestExecutor.java:246)
	at edu.illinois.cs.testrunner.execution.JUnitTestExecutor.executeWithJUnit4Runner(JUnitTestExecutor.java:315)
	at edu.illinois.cs.testrunner.execution.JUnitTestExecutor.runOrder(JUnitTestExecutor.java:46)
	at edu.illinois.cs.testrunner.execution.Executor$.$anonfun$run$1(Executor.scala:30)
	at scala.runtime.java8.JFunction0$mcV$sp.apply(JFunction0$mcV$sp.java:12)
	at scala.util.Try$.apply(Try.scala:209)
	at edu.illinois.cs.testrunner.execution.Executor$.run(Executor.scala:28)
	at edu.illinois.cs.testrunner.execution.Executor$.main(Executor.scala:18)
	at edu.illinois.cs.testrunner.execution.Executor.main(Executor.scala)
24/05/17 03:13:13 DEBUG druid.DruidParser: Parsing SQL CREATE TABLE User { Required Int64 user_id; Required String name; Optional DOUBLE value; }  primary key(user_id),  entity group root, entity group key(user_id);
24/05/17 03:13:13 DEBUG druid.DruidDDLParser: CreateTablePlan CreateTablePlan [table=CREATE TABLE User { 
  REQUIRED INT64 user_id COLUMNFAMILY d;
  REQUIRED STRING name COLUMNFAMILY d;
  OPTIONAL DOUBLE value COLUMNFAMILY d;
} 
PRIMARY KEY(user_id),
ENTITY GROUP ROOT,
ENTITY GROUP KEY(user_id);
, splitKeys=null]
24/05/17 03:13:13 DEBUG druid.DruidParser: Parsing SQL CREATE TABLE Photo { Required Int64 user_id columnfamily cf comment 'aaa';  Required Int32 photo_id comment 'child primary key';  Optional Int64 time; Optional String full_url;  Optional String thumbnail_url; Optional string tag; Optional DATETIME date; Optional Int32 int32Type; }  primary key(user_id,photo_id),  in table User,  Entity Group Key(user_id) references User; 
24/05/17 03:13:13 DEBUG druid.DruidDDLParser: CreateTablePlan CreateTablePlan [table=CREATE TABLE Photo { 
  REQUIRED INT64 user_id COLUMNFAMILY cf;
  REQUIRED INT32 photo_id COLUMNFAMILY d;
  OPTIONAL INT64 time COLUMNFAMILY d;
  OPTIONAL STRING full_url COLUMNFAMILY d;
  OPTIONAL STRING thumbnail_url COLUMNFAMILY d;
  OPTIONAL STRING tag COLUMNFAMILY d;
  OPTIONAL DATETIME date COLUMNFAMILY d;
  OPTIONAL INT32 int32Type COLUMNFAMILY d;
} 
PRIMARY KEY(user_id, photo_id, ),
 IN TABLE User,
 ENTITY GROUP KEY(user_id) REFERENCES User;
, splitKeys=null]
CREATE TABLE User { 
  REQUIRED INT64 user_id COLUMNFAMILY d;
  REQUIRED STRING name COLUMNFAMILY d;
} 
PRIMARY KEY(user_id),
ENTITY GROUP ROOT,
ENTITY GROUP KEY(user_id);



CREATE TABLE Photo { 
  REQUIRED INT64 user_id COLUMNFAMILY d;
  REQUIRED INT32 photo_id COLUMNFAMILY d;
  REQUIRED INT64 time COLUMNFAMILY d;
  REQUIRED STRING full_url COLUMNFAMILY d;
  OPTIONAL STRING thumbnail_url COLUMNFAMILY d;
  REPEATED STRING tag COLUMNFAMILY d;
} 
PRIMARY KEY(user_id, photo_id, ),
 IN TABLE User,
 ENTITY GROUP KEY(user_id) REFERENCES User;

24/05/17 03:13:13 DEBUG druid.DruidParser: Parsing SQL CREATE TABLE User { Required Int64 user_id; Required String name; Optional DOUBLE value; }  primary key(user_id),  entity group root, entity group key(user_id);
24/05/17 03:13:13 DEBUG druid.DruidDDLParser: CreateTablePlan CreateTablePlan [table=CREATE TABLE User { 
  REQUIRED INT64 user_id COLUMNFAMILY d;
  REQUIRED STRING name COLUMNFAMILY d;
  OPTIONAL DOUBLE value COLUMNFAMILY d;
} 
PRIMARY KEY(user_id),
ENTITY GROUP ROOT,
ENTITY GROUP KEY(user_id);
, splitKeys=null]
24/05/17 03:13:13 DEBUG druid.DruidParser: Parsing SQL CREATE TABLE Photo { Required Int64 user_id columnfamily cf comment 'aaa';  Required Int32 photo_id comment 'child primary key';  Optional Int64 time; Optional String full_url;  Optional String thumbnail_url; Optional string tag; Optional DATETIME date; Optional Int32 int32Type; }  primary key(user_id,photo_id),  in table User,  Entity Group Key(user_id) references User; 
24/05/17 03:13:13 DEBUG druid.DruidDDLParser: CreateTablePlan CreateTablePlan [table=CREATE TABLE Photo { 
  REQUIRED INT64 user_id COLUMNFAMILY cf;
  REQUIRED INT32 photo_id COLUMNFAMILY d;
  OPTIONAL INT64 time COLUMNFAMILY d;
  OPTIONAL STRING full_url COLUMNFAMILY d;
  OPTIONAL STRING thumbnail_url COLUMNFAMILY d;
  OPTIONAL STRING tag COLUMNFAMILY d;
  OPTIONAL DATETIME date COLUMNFAMILY d;
  OPTIONAL INT32 int32Type COLUMNFAMILY d;
} 
PRIMARY KEY(user_id, photo_id, ),
 IN TABLE User,
 ENTITY GROUP KEY(user_id) REFERENCES User;
, splitKeys=null]
24/05/17 03:13:13 DEBUG druid.DruidParser: Parsing SQL DELETE FROM User1 WHERE user_id = 123;
24/05/17 03:13:13 DEBUG druid.DruidDMLParser: UPDATE SQL From clause User1
24/05/17 03:13:13 ERROR druid.DruidParserTestUtil: execute
com.alibaba.wasp.TableNotFoundException: User1 not exists!
	at com.alibaba.wasp.plan.parser.druid.FMetaEventOperation.checkAndGetTable(FMetaEventOperation.java:79)
	at com.alibaba.wasp.plan.parser.druid.DruidDMLParser.getDeletePlan(DruidDMLParser.java:200)
	at com.alibaba.wasp.plan.parser.druid.DruidDMLParser.generatePlan(DruidDMLParser.java:108)
	at com.alibaba.wasp.plan.parser.druid.DruidParserTestUtil.execute(DruidParserTestUtil.java:104)
	at com.alibaba.wasp.plan.parser.druid.TestDruidDMLFailParser.getDeleteFailedPlan(TestDruidDMLFailParser.java:142)
	at sun.reflect.NativeMethodAccessorImpl.invoke0(Native Method)
	at sun.reflect.NativeMethodAccessorImpl.invoke(NativeMethodAccessorImpl.java:62)
	at sun.reflect.DelegatingMethodAccessorImpl.invoke(DelegatingMethodAccessorImpl.java:43)
	at java.lang.reflect.Method.invoke(Method.java:498)
	at org.junit.runners.model.FrameworkMethod$1.runReflectiveCall(FrameworkMethod.java:45)
	at org.junit.internal.runners.model.ReflectiveCallable.run(ReflectiveCallable.java:15)
	at org.junit.runners.model.FrameworkMethod.invokeExplosively(FrameworkMethod.java:42)
	at org.junit.internal.runners.statements.InvokeMethod.evaluate(InvokeMethod.java:20)
	at org.junit.internal.runners.statements.RunBefores.evaluate(RunBefores.java:28)
	at org.junit.internal.runners.statements.RunAfters.evaluate(RunAfters.java:30)
	at org.junit.runners.ParentRunner.runLeaf(ParentRunner.java:263)
	at org.junit.runners.BlockJUnit4ClassRunner.runChild(BlockJUnit4ClassRunner.java:68)
	at org.junit.runners.BlockJUnit4ClassRunner.runChild(BlockJUnit4ClassRunner.java:47)
	at org.junit.runners.ParentRunner$3.run(ParentRunner.java:231)
	at org.junit.runners.ParentRunner$1.schedule(ParentRunner.java:60)
	at org.junit.runners.ParentRunner.runChildren(ParentRunner.java:229)
	at org.junit.runners.ParentRunner.access$000(ParentRunner.java:50)
	at org.junit.runners.ParentRunner$2.evaluate(ParentRunner.java:222)
	at org.junit.internal.runners.statements.RunBefores.evaluate(RunBefores.java:28)
	at org.junit.internal.runners.statements.RunAfters.evaluate(RunAfters.java:30)
	at org.junit.runners.ParentRunner.run(ParentRunner.java:300)
	at org.junit.runners.Suite.runChild(Suite.java:128)
	at org.junit.runners.Suite.runChild(Suite.java:24)
	at org.junit.runners.ParentRunner$3.run(ParentRunner.java:231)
	at org.junit.runners.ParentRunner$1.schedule(ParentRunner.java:60)
	at org.junit.runners.ParentRunner.runChildren(ParentRunner.java:229)
	at org.junit.runners.ParentRunner.access$000(ParentRunner.java:50)
	at org.junit.runners.ParentRunner$2.evaluate(ParentRunner.java:222)
	at org.junit.runners.ParentRunner.run(ParentRunner.java:300)
	at org.junit.runner.JUnitCore.run(JUnitCore.java:157)
	at org.junit.runner.JUnitCore.run(JUnitCore.java:136)
	at edu.illinois.cs.testrunner.execution.JUnitTestExecutor.execute(JUnitTestExecutor.java:246)
	at edu.illinois.cs.testrunner.execution.JUnitTestExecutor.executeWithJUnit4Runner(JUnitTestExecutor.java:315)
	at edu.illinois.cs.testrunner.execution.JUnitTestExecutor.runOrder(JUnitTestExecutor.java:46)
	at edu.illinois.cs.testrunner.execution.Executor$.$anonfun$run$1(Executor.scala:30)
	at scala.runtime.java8.JFunction0$mcV$sp.apply(JFunction0$mcV$sp.java:12)
	at scala.util.Try$.apply(Try.scala:209)
	at edu.illinois.cs.testrunner.execution.Executor$.run(Executor.scala:28)
	at edu.illinois.cs.testrunner.execution.Executor$.main(Executor.scala:18)
	at edu.illinois.cs.testrunner.execution.Executor.main(Executor.scala)
24/05/17 03:13:13 DEBUG druid.DruidParser: Parsing SQL DELETE FROM User WHERE user_id2 = 123;
24/05/17 03:13:13 DEBUG druid.DruidDMLParser: UPDATE SQL From clause User
24/05/17 03:13:13 DEBUG druid.DruidDMLParser: UPDATE SQL where user_id2 = 123
24/05/17 03:13:13 ERROR druid.DruidParserTestUtil: execute
com.alibaba.wasp.plan.parser.UnsupportedException: User does not have column 'user_id2'!
	at com.alibaba.wasp.plan.parser.druid.FMetaEventOperation.checkAndGetFields(FMetaEventOperation.java:114)
	at com.alibaba.wasp.plan.parser.druid.DruidDMLParser.getDeletePlan(DruidDMLParser.java:213)
	at com.alibaba.wasp.plan.parser.druid.DruidDMLParser.generatePlan(DruidDMLParser.java:108)
	at com.alibaba.wasp.plan.parser.druid.DruidParserTestUtil.execute(DruidParserTestUtil.java:104)
	at com.alibaba.wasp.plan.parser.druid.TestDruidDMLFailParser.getDeleteFailedPlan(TestDruidDMLFailParser.java:142)
	at sun.reflect.NativeMethodAccessorImpl.invoke0(Native Method)
	at sun.reflect.NativeMethodAccessorImpl.invoke(NativeMethodAccessorImpl.java:62)
	at sun.reflect.DelegatingMethodAccessorImpl.invoke(DelegatingMethodAccessorImpl.java:43)
	at java.lang.reflect.Method.invoke(Method.java:498)
	at org.junit.runners.model.FrameworkMethod$1.runReflectiveCall(FrameworkMethod.java:45)
	at org.junit.internal.runners.model.ReflectiveCallable.run(ReflectiveCallable.java:15)
	at org.junit.runners.model.FrameworkMethod.invokeExplosively(FrameworkMethod.java:42)
	at org.junit.internal.runners.statements.InvokeMethod.evaluate(InvokeMethod.java:20)
	at org.junit.internal.runners.statements.RunBefores.evaluate(RunBefores.java:28)
	at org.junit.internal.runners.statements.RunAfters.evaluate(RunAfters.java:30)
	at org.junit.runners.ParentRunner.runLeaf(ParentRunner.java:263)
	at org.junit.runners.BlockJUnit4ClassRunner.runChild(BlockJUnit4ClassRunner.java:68)
	at org.junit.runners.BlockJUnit4ClassRunner.runChild(BlockJUnit4ClassRunner.java:47)
	at org.junit.runners.ParentRunner$3.run(ParentRunner.java:231)
	at org.junit.runners.ParentRunner$1.schedule(ParentRunner.java:60)
	at org.junit.runners.ParentRunner.runChildren(ParentRunner.java:229)
	at org.junit.runners.ParentRunner.access$000(ParentRunner.java:50)
	at org.junit.runners.ParentRunner$2.evaluate(ParentRunner.java:222)
	at org.junit.internal.runners.statements.RunBefores.evaluate(RunBefores.java:28)
	at org.junit.internal.runners.statements.RunAfters.evaluate(RunAfters.java:30)
	at org.junit.runners.ParentRunner.run(ParentRunner.java:300)
	at org.junit.runners.Suite.runChild(Suite.java:128)
	at org.junit.runners.Suite.runChild(Suite.java:24)
	at org.junit.runners.ParentRunner$3.run(ParentRunner.java:231)
	at org.junit.runners.ParentRunner$1.schedule(ParentRunner.java:60)
	at org.junit.runners.ParentRunner.runChildren(ParentRunner.java:229)
	at org.junit.runners.ParentRunner.access$000(ParentRunner.java:50)
	at org.junit.runners.ParentRunner$2.evaluate(ParentRunner.java:222)
	at org.junit.runners.ParentRunner.run(ParentRunner.java:300)
	at org.junit.runner.JUnitCore.run(JUnitCore.java:157)
	at org.junit.runner.JUnitCore.run(JUnitCore.java:136)
	at edu.illinois.cs.testrunner.execution.JUnitTestExecutor.execute(JUnitTestExecutor.java:246)
	at edu.illinois.cs.testrunner.execution.JUnitTestExecutor.executeWithJUnit4Runner(JUnitTestExecutor.java:315)
	at edu.illinois.cs.testrunner.execution.JUnitTestExecutor.runOrder(JUnitTestExecutor.java:46)
	at edu.illinois.cs.testrunner.execution.Executor$.$anonfun$run$1(Executor.scala:30)
	at scala.runtime.java8.JFunction0$mcV$sp.apply(JFunction0$mcV$sp.java:12)
	at scala.util.Try$.apply(Try.scala:209)
	at edu.illinois.cs.testrunner.execution.Executor$.run(Executor.scala:28)
	at edu.illinois.cs.testrunner.execution.Executor$.main(Executor.scala:18)
	at edu.illinois.cs.testrunner.execution.Executor.main(Executor.scala)
24/05/17 03:13:13 DEBUG druid.DruidParser: Parsing SQL DELETE FROM Photo WHERE photo_id = 123;
24/05/17 03:13:13 DEBUG druid.DruidDMLParser: UPDATE SQL From clause Photo
24/05/17 03:13:13 DEBUG druid.DruidDMLParser: UPDATE SQL where photo_id = 123
24/05/17 03:13:13 ERROR druid.DruidParserTestUtil: execute
com.alibaba.wasp.NotMatchPrimaryKeyException: Not match primary key.
	at com.alibaba.wasp.plan.parser.druid.DruidDMLParser.getDeletePlan(DruidDMLParser.java:218)
	at com.alibaba.wasp.plan.parser.druid.DruidDMLParser.generatePlan(DruidDMLParser.java:108)
	at com.alibaba.wasp.plan.parser.druid.DruidParserTestUtil.execute(DruidParserTestUtil.java:104)
	at com.alibaba.wasp.plan.parser.druid.TestDruidDMLFailParser.getDeleteFailedPlan(TestDruidDMLFailParser.java:142)
	at sun.reflect.NativeMethodAccessorImpl.invoke0(Native Method)
	at sun.reflect.NativeMethodAccessorImpl.invoke(NativeMethodAccessorImpl.java:62)
	at sun.reflect.DelegatingMethodAccessorImpl.invoke(DelegatingMethodAccessorImpl.java:43)
	at java.lang.reflect.Method.invoke(Method.java:498)
	at org.junit.runners.model.FrameworkMethod$1.runReflectiveCall(FrameworkMethod.java:45)
	at org.junit.internal.runners.model.ReflectiveCallable.run(ReflectiveCallable.java:15)
	at org.junit.runners.model.FrameworkMethod.invokeExplosively(FrameworkMethod.java:42)
	at org.junit.internal.runners.statements.InvokeMethod.evaluate(InvokeMethod.java:20)
	at org.junit.internal.runners.statements.RunBefores.evaluate(RunBefores.java:28)
	at org.junit.internal.runners.statements.RunAfters.evaluate(RunAfters.java:30)
	at org.junit.runners.ParentRunner.runLeaf(ParentRunner.java:263)
	at org.junit.runners.BlockJUnit4ClassRunner.runChild(BlockJUnit4ClassRunner.java:68)
	at org.junit.runners.BlockJUnit4ClassRunner.runChild(BlockJUnit4ClassRunner.java:47)
	at org.junit.runners.ParentRunner$3.run(ParentRunner.java:231)
	at org.junit.runners.ParentRunner$1.schedule(ParentRunner.java:60)
	at org.junit.runners.ParentRunner.runChildren(ParentRunner.java:229)
	at org.junit.runners.ParentRunner.access$000(ParentRunner.java:50)
	at org.junit.runners.ParentRunner$2.evaluate(ParentRunner.java:222)
	at org.junit.internal.runners.statements.RunBefores.evaluate(RunBefores.java:28)
	at org.junit.internal.runners.statements.RunAfters.evaluate(RunAfters.java:30)
	at org.junit.runners.ParentRunner.run(ParentRunner.java:300)
	at org.junit.runners.Suite.runChild(Suite.java:128)
	at org.junit.runners.Suite.runChild(Suite.java:24)
	at org.junit.runners.ParentRunner$3.run(ParentRunner.java:231)
	at org.junit.runners.ParentRunner$1.schedule(ParentRunner.java:60)
	at org.junit.runners.ParentRunner.runChildren(ParentRunner.java:229)
	at org.junit.runners.ParentRunner.access$000(ParentRunner.java:50)
	at org.junit.runners.ParentRunner$2.evaluate(ParentRunner.java:222)
	at org.junit.runners.ParentRunner.run(ParentRunner.java:300)
	at org.junit.runner.JUnitCore.run(JUnitCore.java:157)
	at org.junit.runner.JUnitCore.run(JUnitCore.java:136)
	at edu.illinois.cs.testrunner.execution.JUnitTestExecutor.execute(JUnitTestExecutor.java:246)
	at edu.illinois.cs.testrunner.execution.JUnitTestExecutor.executeWithJUnit4Runner(JUnitTestExecutor.java:315)
	at edu.illinois.cs.testrunner.execution.JUnitTestExecutor.runOrder(JUnitTestExecutor.java:46)
	at edu.illinois.cs.testrunner.execution.Executor$.$anonfun$run$1(Executor.scala:30)
	at scala.runtime.java8.JFunction0$mcV$sp.apply(JFunction0$mcV$sp.java:12)
	at scala.util.Try$.apply(Try.scala:209)
	at edu.illinois.cs.testrunner.execution.Executor$.run(Executor.scala:28)
	at edu.illinois.cs.testrunner.execution.Executor$.main(Executor.scala:18)
	at edu.illinois.cs.testrunner.execution.Executor.main(Executor.scala)
24/05/17 03:13:13 DEBUG druid.DruidParser: Parsing SQL DELETE FROM User WHERE user_id >= 123;
24/05/17 03:13:13 DEBUG druid.DruidDMLParser: UPDATE SQL From clause User
24/05/17 03:13:13 DEBUG druid.DruidDMLParser: UPDATE SQL where user_id >= 123
24/05/17 03:13:13 ERROR druid.DruidParserTestUtil: execute
com.alibaba.wasp.plan.parser.UnsupportedException: RANGE is not supported!
	at com.alibaba.wasp.plan.parser.druid.DruidDMLParser.getDeletePlan(DruidDMLParser.java:209)
	at com.alibaba.wasp.plan.parser.druid.DruidDMLParser.generatePlan(DruidDMLParser.java:108)
	at com.alibaba.wasp.plan.parser.druid.DruidParserTestUtil.execute(DruidParserTestUtil.java:104)
	at com.alibaba.wasp.plan.parser.druid.TestDruidDMLFailParser.getDeleteFailedPlan(TestDruidDMLFailParser.java:142)
	at sun.reflect.NativeMethodAccessorImpl.invoke0(Native Method)
	at sun.reflect.NativeMethodAccessorImpl.invoke(NativeMethodAccessorImpl.java:62)
	at sun.reflect.DelegatingMethodAccessorImpl.invoke(DelegatingMethodAccessorImpl.java:43)
	at java.lang.reflect.Method.invoke(Method.java:498)
	at org.junit.runners.model.FrameworkMethod$1.runReflectiveCall(FrameworkMethod.java:45)
	at org.junit.internal.runners.model.ReflectiveCallable.run(ReflectiveCallable.java:15)
	at org.junit.runners.model.FrameworkMethod.invokeExplosively(FrameworkMethod.java:42)
	at org.junit.internal.runners.statements.InvokeMethod.evaluate(InvokeMethod.java:20)
	at org.junit.internal.runners.statements.RunBefores.evaluate(RunBefores.java:28)
	at org.junit.internal.runners.statements.RunAfters.evaluate(RunAfters.java:30)
	at org.junit.runners.ParentRunner.runLeaf(ParentRunner.java:263)
	at org.junit.runners.BlockJUnit4ClassRunner.runChild(BlockJUnit4ClassRunner.java:68)
	at org.junit.runners.BlockJUnit4ClassRunner.runChild(BlockJUnit4ClassRunner.java:47)
	at org.junit.runners.ParentRunner$3.run(ParentRunner.java:231)
	at org.junit.runners.ParentRunner$1.schedule(ParentRunner.java:60)
	at org.junit.runners.ParentRunner.runChildren(ParentRunner.java:229)
	at org.junit.runners.ParentRunner.access$000(ParentRunner.java:50)
	at org.junit.runners.ParentRunner$2.evaluate(ParentRunner.java:222)
	at org.junit.internal.runners.statements.RunBefores.evaluate(RunBefores.java:28)
	at org.junit.internal.runners.statements.RunAfters.evaluate(RunAfters.java:30)
	at org.junit.runners.ParentRunner.run(ParentRunner.java:300)
	at org.junit.runners.Suite.runChild(Suite.java:128)
	at org.junit.runners.Suite.runChild(Suite.java:24)
	at org.junit.runners.ParentRunner$3.run(ParentRunner.java:231)
	at org.junit.runners.ParentRunner$1.schedule(ParentRunner.java:60)
	at org.junit.runners.ParentRunner.runChildren(ParentRunner.java:229)
	at org.junit.runners.ParentRunner.access$000(ParentRunner.java:50)
	at org.junit.runners.ParentRunner$2.evaluate(ParentRunner.java:222)
	at org.junit.runners.ParentRunner.run(ParentRunner.java:300)
	at org.junit.runner.JUnitCore.run(JUnitCore.java:157)
	at org.junit.runner.JUnitCore.run(JUnitCore.java:136)
	at edu.illinois.cs.testrunner.execution.JUnitTestExecutor.execute(JUnitTestExecutor.java:246)
	at edu.illinois.cs.testrunner.execution.JUnitTestExecutor.executeWithJUnit4Runner(JUnitTestExecutor.java:315)
	at edu.illinois.cs.testrunner.execution.JUnitTestExecutor.runOrder(JUnitTestExecutor.java:46)
	at edu.illinois.cs.testrunner.execution.Executor$.$anonfun$run$1(Executor.scala:30)
	at scala.runtime.java8.JFunction0$mcV$sp.apply(JFunction0$mcV$sp.java:12)
	at scala.util.Try$.apply(Try.scala:209)
	at edu.illinois.cs.testrunner.execution.Executor$.run(Executor.scala:28)
	at edu.illinois.cs.testrunner.execution.Executor$.main(Executor.scala:18)
	at edu.illinois.cs.testrunner.execution.Executor.main(Executor.scala)
24/05/17 03:13:13 DEBUG druid.DruidParser: Parsing SQL CREATE TABLE User { Required Int64 user_id; Required String name; Optional DOUBLE value; }  primary key(user_id),  entity group root, entity group key(user_id);
24/05/17 03:13:13 DEBUG druid.DruidDDLParser: CreateTablePlan CreateTablePlan [table=CREATE TABLE User { 
  REQUIRED INT64 user_id COLUMNFAMILY d;
  REQUIRED STRING name COLUMNFAMILY d;
  OPTIONAL DOUBLE value COLUMNFAMILY d;
} 
PRIMARY KEY(user_id),
ENTITY GROUP ROOT,
ENTITY GROUP KEY(user_id);
, splitKeys=null]
24/05/17 03:13:13 DEBUG druid.DruidParser: Parsing SQL CREATE TABLE Photo { Required Int64 user_id columnfamily cf comment 'aaa';  Required Int32 photo_id comment 'child primary key';  Optional Int64 time; Optional String full_url;  Optional String thumbnail_url; Optional string tag; Optional DATETIME date; Optional Int32 int32Type; }  primary key(user_id,photo_id),  in table User,  Entity Group Key(user_id) references User; 
24/05/17 03:13:13 DEBUG druid.DruidDDLParser: CreateTablePlan CreateTablePlan [table=CREATE TABLE Photo { 
  REQUIRED INT64 user_id COLUMNFAMILY cf;
  REQUIRED INT32 photo_id COLUMNFAMILY d;
  OPTIONAL INT64 time COLUMNFAMILY d;
  OPTIONAL STRING full_url COLUMNFAMILY d;
  OPTIONAL STRING thumbnail_url COLUMNFAMILY d;
  OPTIONAL STRING tag COLUMNFAMILY d;
  OPTIONAL DATETIME date COLUMNFAMILY d;
  OPTIONAL INT32 int32Type COLUMNFAMILY d;
} 
PRIMARY KEY(user_id, photo_id, ),
 IN TABLE User,
 ENTITY GROUP KEY(user_id) REFERENCES User;
, splitKeys=null]
24/05/17 03:13:13 DEBUG druid.DruidParser: Parsing SQL UPDATE User1 SET name = 'Mike' WHERE user_id = 123;
24/05/17 03:13:13 DEBUG druid.DruidDMLParser: UPDATE SQL From clause User1
24/05/17 03:13:13 ERROR druid.DruidParserTestUtil: execute
com.alibaba.wasp.TableNotFoundException: User1 not exists!
	at com.alibaba.wasp.plan.parser.druid.FMetaEventOperation.checkAndGetTable(FMetaEventOperation.java:79)
	at com.alibaba.wasp.plan.parser.druid.DruidDMLParser.getUpdatePlan(DruidDMLParser.java:253)
	at com.alibaba.wasp.plan.parser.druid.DruidDMLParser.generatePlan(DruidDMLParser.java:102)
	at com.alibaba.wasp.plan.parser.druid.DruidParserTestUtil.execute(DruidParserTestUtil.java:104)
	at com.alibaba.wasp.plan.parser.druid.TestDruidDMLFailParser.getUpdateFailedPlan(TestDruidDMLFailParser.java:124)
	at sun.reflect.NativeMethodAccessorImpl.invoke0(Native Method)
	at sun.reflect.NativeMethodAccessorImpl.invoke(NativeMethodAccessorImpl.java:62)
	at sun.reflect.DelegatingMethodAccessorImpl.invoke(DelegatingMethodAccessorImpl.java:43)
	at java.lang.reflect.Method.invoke(Method.java:498)
	at org.junit.runners.model.FrameworkMethod$1.runReflectiveCall(FrameworkMethod.java:45)
	at org.junit.internal.runners.model.ReflectiveCallable.run(ReflectiveCallable.java:15)
	at org.junit.runners.model.FrameworkMethod.invokeExplosively(FrameworkMethod.java:42)
	at org.junit.internal.runners.statements.InvokeMethod.evaluate(InvokeMethod.java:20)
	at org.junit.internal.runners.statements.RunBefores.evaluate(RunBefores.java:28)
	at org.junit.internal.runners.statements.RunAfters.evaluate(RunAfters.java:30)
	at org.junit.runners.ParentRunner.runLeaf(ParentRunner.java:263)
	at org.junit.runners.BlockJUnit4ClassRunner.runChild(BlockJUnit4ClassRunner.java:68)
	at org.junit.runners.BlockJUnit4ClassRunner.runChild(BlockJUnit4ClassRunner.java:47)
	at org.junit.runners.ParentRunner$3.run(ParentRunner.java:231)
	at org.junit.runners.ParentRunner$1.schedule(ParentRunner.java:60)
	at org.junit.runners.ParentRunner.runChildren(ParentRunner.java:229)
	at org.junit.runners.ParentRunner.access$000(ParentRunner.java:50)
	at org.junit.runners.ParentRunner$2.evaluate(ParentRunner.java:222)
	at org.junit.internal.runners.statements.RunBefores.evaluate(RunBefores.java:28)
	at org.junit.internal.runners.statements.RunAfters.evaluate(RunAfters.java:30)
	at org.junit.runners.ParentRunner.run(ParentRunner.java:300)
	at org.junit.runners.Suite.runChild(Suite.java:128)
	at org.junit.runners.Suite.runChild(Suite.java:24)
	at org.junit.runners.ParentRunner$3.run(ParentRunner.java:231)
	at org.junit.runners.ParentRunner$1.schedule(ParentRunner.java:60)
	at org.junit.runners.ParentRunner.runChildren(ParentRunner.java:229)
	at org.junit.runners.ParentRunner.access$000(ParentRunner.java:50)
	at org.junit.runners.ParentRunner$2.evaluate(ParentRunner.java:222)
	at org.junit.runners.ParentRunner.run(ParentRunner.java:300)
	at org.junit.runner.JUnitCore.run(JUnitCore.java:157)
	at org.junit.runner.JUnitCore.run(JUnitCore.java:136)
	at edu.illinois.cs.testrunner.execution.JUnitTestExecutor.execute(JUnitTestExecutor.java:246)
	at edu.illinois.cs.testrunner.execution.JUnitTestExecutor.executeWithJUnit4Runner(JUnitTestExecutor.java:315)
	at edu.illinois.cs.testrunner.execution.JUnitTestExecutor.runOrder(JUnitTestExecutor.java:46)
	at edu.illinois.cs.testrunner.execution.Executor$.$anonfun$run$1(Executor.scala:30)
	at scala.runtime.java8.JFunction0$mcV$sp.apply(JFunction0$mcV$sp.java:12)
	at scala.util.Try$.apply(Try.scala:209)
	at edu.illinois.cs.testrunner.execution.Executor$.run(Executor.scala:28)
	at edu.illinois.cs.testrunner.execution.Executor$.main(Executor.scala:18)
	at edu.illinois.cs.testrunner.execution.Executor.main(Executor.scala)
24/05/17 03:13:13 DEBUG druid.DruidParser: Parsing SQL UPDATE User SET name2 = 'Mike' WHERE user_id = 123;
24/05/17 03:13:13 DEBUG druid.DruidDMLParser: UPDATE SQL From clause User
24/05/17 03:13:13 DEBUG druid.DruidDMLParser: UPDATE SQL where user_id = 123
24/05/17 03:13:13 ERROR druid.DruidParserTestUtil: execute
java.lang.NullPointerException
	at com.alibaba.wasp.plan.parser.druid.DruidParser.checkType(DruidParser.java:238)
	at com.alibaba.wasp.plan.parser.druid.DruidDMLParser.getUpdatePlan(DruidDMLParser.java:290)
	at com.alibaba.wasp.plan.parser.druid.DruidDMLParser.generatePlan(DruidDMLParser.java:102)
	at com.alibaba.wasp.plan.parser.druid.DruidParserTestUtil.execute(DruidParserTestUtil.java:104)
	at com.alibaba.wasp.plan.parser.druid.TestDruidDMLFailParser.getUpdateFailedPlan(TestDruidDMLFailParser.java:124)
	at sun.reflect.NativeMethodAccessorImpl.invoke0(Native Method)
	at sun.reflect.NativeMethodAccessorImpl.invoke(NativeMethodAccessorImpl.java:62)
	at sun.reflect.DelegatingMethodAccessorImpl.invoke(DelegatingMethodAccessorImpl.java:43)
	at java.lang.reflect.Method.invoke(Method.java:498)
	at org.junit.runners.model.FrameworkMethod$1.runReflectiveCall(FrameworkMethod.java:45)
	at org.junit.internal.runners.model.ReflectiveCallable.run(ReflectiveCallable.java:15)
	at org.junit.runners.model.FrameworkMethod.invokeExplosively(FrameworkMethod.java:42)
	at org.junit.internal.runners.statements.InvokeMethod.evaluate(InvokeMethod.java:20)
	at org.junit.internal.runners.statements.RunBefores.evaluate(RunBefores.java:28)
	at org.junit.internal.runners.statements.RunAfters.evaluate(RunAfters.java:30)
	at org.junit.runners.ParentRunner.runLeaf(ParentRunner.java:263)
	at org.junit.runners.BlockJUnit4ClassRunner.runChild(BlockJUnit4ClassRunner.java:68)
	at org.junit.runners.BlockJUnit4ClassRunner.runChild(BlockJUnit4ClassRunner.java:47)
	at org.junit.runners.ParentRunner$3.run(ParentRunner.java:231)
	at org.junit.runners.ParentRunner$1.schedule(ParentRunner.java:60)
	at org.junit.runners.ParentRunner.runChildren(ParentRunner.java:229)
	at org.junit.runners.ParentRunner.access$000(ParentRunner.java:50)
	at org.junit.runners.ParentRunner$2.evaluate(ParentRunner.java:222)
	at org.junit.internal.runners.statements.RunBefores.evaluate(RunBefores.java:28)
	at org.junit.internal.runners.statements.RunAfters.evaluate(RunAfters.java:30)
	at org.junit.runners.ParentRunner.run(ParentRunner.java:300)
	at org.junit.runners.Suite.runChild(Suite.java:128)
	at org.junit.runners.Suite.runChild(Suite.java:24)
	at org.junit.runners.ParentRunner$3.run(ParentRunner.java:231)
	at org.junit.runners.ParentRunner$1.schedule(ParentRunner.java:60)
	at org.junit.runners.ParentRunner.runChildren(ParentRunner.java:229)
	at org.junit.runners.ParentRunner.access$000(ParentRunner.java:50)
	at org.junit.runners.ParentRunner$2.evaluate(ParentRunner.java:222)
	at org.junit.runners.ParentRunner.run(ParentRunner.java:300)
	at org.junit.runner.JUnitCore.run(JUnitCore.java:157)
	at org.junit.runner.JUnitCore.run(JUnitCore.java:136)
	at edu.illinois.cs.testrunner.execution.JUnitTestExecutor.execute(JUnitTestExecutor.java:246)
	at edu.illinois.cs.testrunner.execution.JUnitTestExecutor.executeWithJUnit4Runner(JUnitTestExecutor.java:315)
	at edu.illinois.cs.testrunner.execution.JUnitTestExecutor.runOrder(JUnitTestExecutor.java:46)
	at edu.illinois.cs.testrunner.execution.Executor$.$anonfun$run$1(Executor.scala:30)
	at scala.runtime.java8.JFunction0$mcV$sp.apply(JFunction0$mcV$sp.java:12)
	at scala.util.Try$.apply(Try.scala:209)
	at edu.illinois.cs.testrunner.execution.Executor$.run(Executor.scala:28)
	at edu.illinois.cs.testrunner.execution.Executor$.main(Executor.scala:18)
	at edu.illinois.cs.testrunner.execution.Executor.main(Executor.scala)
24/05/17 03:13:13 DEBUG druid.DruidParser: Parsing SQL UPDATE Photo SET time=2000 WHERE photo_id = 123
24/05/17 03:13:13 DEBUG druid.DruidDMLParser: UPDATE SQL From clause Photo
24/05/17 03:13:13 DEBUG druid.DruidDMLParser: UPDATE SQL where photo_id = 123
24/05/17 03:13:13 ERROR druid.DruidParserTestUtil: execute
com.alibaba.wasp.plan.parser.UnsupportedException: [photo_id] is not Primary Key !
	at com.alibaba.wasp.plan.parser.druid.FMetaEventOperation.checkIsPrimaryKey(FMetaEventOperation.java:152)
	at com.alibaba.wasp.plan.parser.druid.DruidDMLParser.getUpdatePlan(DruidDMLParser.java:271)
	at com.alibaba.wasp.plan.parser.druid.DruidDMLParser.generatePlan(DruidDMLParser.java:102)
	at com.alibaba.wasp.plan.parser.druid.DruidParserTestUtil.execute(DruidParserTestUtil.java:104)
	at com.alibaba.wasp.plan.parser.druid.TestDruidDMLFailParser.getUpdateFailedPlan(TestDruidDMLFailParser.java:124)
	at sun.reflect.NativeMethodAccessorImpl.invoke0(Native Method)
	at sun.reflect.NativeMethodAccessorImpl.invoke(NativeMethodAccessorImpl.java:62)
	at sun.reflect.DelegatingMethodAccessorImpl.invoke(DelegatingMethodAccessorImpl.java:43)
	at java.lang.reflect.Method.invoke(Method.java:498)
	at org.junit.runners.model.FrameworkMethod$1.runReflectiveCall(FrameworkMethod.java:45)
	at org.junit.internal.runners.model.ReflectiveCallable.run(ReflectiveCallable.java:15)
	at org.junit.runners.model.FrameworkMethod.invokeExplosively(FrameworkMethod.java:42)
	at org.junit.internal.runners.statements.InvokeMethod.evaluate(InvokeMethod.java:20)
	at org.junit.internal.runners.statements.RunBefores.evaluate(RunBefores.java:28)
	at org.junit.internal.runners.statements.RunAfters.evaluate(RunAfters.java:30)
	at org.junit.runners.ParentRunner.runLeaf(ParentRunner.java:263)
	at org.junit.runners.BlockJUnit4ClassRunner.runChild(BlockJUnit4ClassRunner.java:68)
	at org.junit.runners.BlockJUnit4ClassRunner.runChild(BlockJUnit4ClassRunner.java:47)
	at org.junit.runners.ParentRunner$3.run(ParentRunner.java:231)
	at org.junit.runners.ParentRunner$1.schedule(ParentRunner.java:60)
	at org.junit.runners.ParentRunner.runChildren(ParentRunner.java:229)
	at org.junit.runners.ParentRunner.access$000(ParentRunner.java:50)
	at org.junit.runners.ParentRunner$2.evaluate(ParentRunner.java:222)
	at org.junit.internal.runners.statements.RunBefores.evaluate(RunBefores.java:28)
	at org.junit.internal.runners.statements.RunAfters.evaluate(RunAfters.java:30)
	at org.junit.runners.ParentRunner.run(ParentRunner.java:300)
	at org.junit.runners.Suite.runChild(Suite.java:128)
	at org.junit.runners.Suite.runChild(Suite.java:24)
	at org.junit.runners.ParentRunner$3.run(ParentRunner.java:231)
	at org.junit.runners.ParentRunner$1.schedule(ParentRunner.java:60)
	at org.junit.runners.ParentRunner.runChildren(ParentRunner.java:229)
	at org.junit.runners.ParentRunner.access$000(ParentRunner.java:50)
	at org.junit.runners.ParentRunner$2.evaluate(ParentRunner.java:222)
	at org.junit.runners.ParentRunner.run(ParentRunner.java:300)
	at org.junit.runner.JUnitCore.run(JUnitCore.java:157)
	at org.junit.runner.JUnitCore.run(JUnitCore.java:136)
	at edu.illinois.cs.testrunner.execution.JUnitTestExecutor.execute(JUnitTestExecutor.java:246)
	at edu.illinois.cs.testrunner.execution.JUnitTestExecutor.executeWithJUnit4Runner(JUnitTestExecutor.java:315)
	at edu.illinois.cs.testrunner.execution.JUnitTestExecutor.runOrder(JUnitTestExecutor.java:46)
	at edu.illinois.cs.testrunner.execution.Executor$.$anonfun$run$1(Executor.scala:30)
	at scala.runtime.java8.JFunction0$mcV$sp.apply(JFunction0$mcV$sp.java:12)
	at scala.util.Try$.apply(Try.scala:209)
	at edu.illinois.cs.testrunner.execution.Executor$.run(Executor.scala:28)
	at edu.illinois.cs.testrunner.execution.Executor$.main(Executor.scala:18)
	at edu.illinois.cs.testrunner.execution.Executor.main(Executor.scala)
24/05/17 03:13:13 DEBUG druid.DruidParser: Parsing SQL UPDATE User SET name = 'Mike' WHERE user_id22 = 123;
24/05/17 03:13:13 DEBUG druid.DruidDMLParser: UPDATE SQL From clause User
24/05/17 03:13:13 DEBUG druid.DruidDMLParser: UPDATE SQL where user_id22 = 123
24/05/17 03:13:13 ERROR druid.DruidParserTestUtil: execute
com.alibaba.wasp.plan.parser.UnsupportedException: User does not have column 'user_id22'!
	at com.alibaba.wasp.plan.parser.druid.FMetaEventOperation.checkAndGetFields(FMetaEventOperation.java:114)
	at com.alibaba.wasp.plan.parser.druid.DruidDMLParser.getUpdatePlan(DruidDMLParser.java:269)
	at com.alibaba.wasp.plan.parser.druid.DruidDMLParser.generatePlan(DruidDMLParser.java:102)
	at com.alibaba.wasp.plan.parser.druid.DruidParserTestUtil.execute(DruidParserTestUtil.java:104)
	at com.alibaba.wasp.plan.parser.druid.TestDruidDMLFailParser.getUpdateFailedPlan(TestDruidDMLFailParser.java:124)
	at sun.reflect.NativeMethodAccessorImpl.invoke0(Native Method)
	at sun.reflect.NativeMethodAccessorImpl.invoke(NativeMethodAccessorImpl.java:62)
	at sun.reflect.DelegatingMethodAccessorImpl.invoke(DelegatingMethodAccessorImpl.java:43)
	at java.lang.reflect.Method.invoke(Method.java:498)
	at org.junit.runners.model.FrameworkMethod$1.runReflectiveCall(FrameworkMethod.java:45)
	at org.junit.internal.runners.model.ReflectiveCallable.run(ReflectiveCallable.java:15)
	at org.junit.runners.model.FrameworkMethod.invokeExplosively(FrameworkMethod.java:42)
	at org.junit.internal.runners.statements.InvokeMethod.evaluate(InvokeMethod.java:20)
	at org.junit.internal.runners.statements.RunBefores.evaluate(RunBefores.java:28)
	at org.junit.internal.runners.statements.RunAfters.evaluate(RunAfters.java:30)
	at org.junit.runners.ParentRunner.runLeaf(ParentRunner.java:263)
	at org.junit.runners.BlockJUnit4ClassRunner.runChild(BlockJUnit4ClassRunner.java:68)
	at org.junit.runners.BlockJUnit4ClassRunner.runChild(BlockJUnit4ClassRunner.java:47)
	at org.junit.runners.ParentRunner$3.run(ParentRunner.java:231)
	at org.junit.runners.ParentRunner$1.schedule(ParentRunner.java:60)
	at org.junit.runners.ParentRunner.runChildren(ParentRunner.java:229)
	at org.junit.runners.ParentRunner.access$000(ParentRunner.java:50)
	at org.junit.runners.ParentRunner$2.evaluate(ParentRunner.java:222)
	at org.junit.internal.runners.statements.RunBefores.evaluate(RunBefores.java:28)
	at org.junit.internal.runners.statements.RunAfters.evaluate(RunAfters.java:30)
	at org.junit.runners.ParentRunner.run(ParentRunner.java:300)
	at org.junit.runners.Suite.runChild(Suite.java:128)
	at org.junit.runners.Suite.runChild(Suite.java:24)
	at org.junit.runners.ParentRunner$3.run(ParentRunner.java:231)
	at org.junit.runners.ParentRunner$1.schedule(ParentRunner.java:60)
	at org.junit.runners.ParentRunner.runChildren(ParentRunner.java:229)
	at org.junit.runners.ParentRunner.access$000(ParentRunner.java:50)
	at org.junit.runners.ParentRunner$2.evaluate(ParentRunner.java:222)
	at org.junit.runners.ParentRunner.run(ParentRunner.java:300)
	at org.junit.runner.JUnitCore.run(JUnitCore.java:157)
	at org.junit.runner.JUnitCore.run(JUnitCore.java:136)
	at edu.illinois.cs.testrunner.execution.JUnitTestExecutor.execute(JUnitTestExecutor.java:246)
	at edu.illinois.cs.testrunner.execution.JUnitTestExecutor.executeWithJUnit4Runner(JUnitTestExecutor.java:315)
	at edu.illinois.cs.testrunner.execution.JUnitTestExecutor.runOrder(JUnitTestExecutor.java:46)
	at edu.illinois.cs.testrunner.execution.Executor$.$anonfun$run$1(Executor.scala:30)
	at scala.runtime.java8.JFunction0$mcV$sp.apply(JFunction0$mcV$sp.java:12)
	at scala.util.Try$.apply(Try.scala:209)
	at edu.illinois.cs.testrunner.execution.Executor$.run(Executor.scala:28)
	at edu.illinois.cs.testrunner.execution.Executor$.main(Executor.scala:18)
	at edu.illinois.cs.testrunner.execution.Executor.main(Executor.scala)
24/05/17 03:13:13 DEBUG druid.DruidParser: Parsing SQL UPDATE User SET name = 'Mike' WHERE user_id >= 123;
24/05/17 03:13:13 DEBUG druid.DruidDMLParser: UPDATE SQL From clause User
24/05/17 03:13:13 DEBUG druid.DruidDMLParser: UPDATE SQL where user_id >= 123
24/05/17 03:13:13 ERROR druid.DruidParserTestUtil: execute
com.alibaba.wasp.plan.parser.UnsupportedException: RANGE is not supported by update operation!
	at com.alibaba.wasp.plan.parser.druid.DruidDMLParser.getUpdatePlan(DruidDMLParser.java:263)
	at com.alibaba.wasp.plan.parser.druid.DruidDMLParser.generatePlan(DruidDMLParser.java:102)
	at com.alibaba.wasp.plan.parser.druid.DruidParserTestUtil.execute(DruidParserTestUtil.java:104)
	at com.alibaba.wasp.plan.parser.druid.TestDruidDMLFailParser.getUpdateFailedPlan(TestDruidDMLFailParser.java:124)
	at sun.reflect.NativeMethodAccessorImpl.invoke0(Native Method)
	at sun.reflect.NativeMethodAccessorImpl.invoke(NativeMethodAccessorImpl.java:62)
	at sun.reflect.DelegatingMethodAccessorImpl.invoke(DelegatingMethodAccessorImpl.java:43)
	at java.lang.reflect.Method.invoke(Method.java:498)
	at org.junit.runners.model.FrameworkMethod$1.runReflectiveCall(FrameworkMethod.java:45)
	at org.junit.internal.runners.model.ReflectiveCallable.run(ReflectiveCallable.java:15)
	at org.junit.runners.model.FrameworkMethod.invokeExplosively(FrameworkMethod.java:42)
	at org.junit.internal.runners.statements.InvokeMethod.evaluate(InvokeMethod.java:20)
	at org.junit.internal.runners.statements.RunBefores.evaluate(RunBefores.java:28)
	at org.junit.internal.runners.statements.RunAfters.evaluate(RunAfters.java:30)
	at org.junit.runners.ParentRunner.runLeaf(ParentRunner.java:263)
	at org.junit.runners.BlockJUnit4ClassRunner.runChild(BlockJUnit4ClassRunner.java:68)
	at org.junit.runners.BlockJUnit4ClassRunner.runChild(BlockJUnit4ClassRunner.java:47)
	at org.junit.runners.ParentRunner$3.run(ParentRunner.java:231)
	at org.junit.runners.ParentRunner$1.schedule(ParentRunner.java:60)
	at org.junit.runners.ParentRunner.runChildren(ParentRunner.java:229)
	at org.junit.runners.ParentRunner.access$000(ParentRunner.java:50)
	at org.junit.runners.ParentRunner$2.evaluate(ParentRunner.java:222)
	at org.junit.internal.runners.statements.RunBefores.evaluate(RunBefores.java:28)
	at org.junit.internal.runners.statements.RunAfters.evaluate(RunAfters.java:30)
	at org.junit.runners.ParentRunner.run(ParentRunner.java:300)
	at org.junit.runners.Suite.runChild(Suite.java:128)
	at org.junit.runners.Suite.runChild(Suite.java:24)
	at org.junit.runners.ParentRunner$3.run(ParentRunner.java:231)
	at org.junit.runners.ParentRunner$1.schedule(ParentRunner.java:60)
	at org.junit.runners.ParentRunner.runChildren(ParentRunner.java:229)
	at org.junit.runners.ParentRunner.access$000(ParentRunner.java:50)
	at org.junit.runners.ParentRunner$2.evaluate(ParentRunner.java:222)
	at org.junit.runners.ParentRunner.run(ParentRunner.java:300)
	at org.junit.runner.JUnitCore.run(JUnitCore.java:157)
	at org.junit.runner.JUnitCore.run(JUnitCore.java:136)
	at edu.illinois.cs.testrunner.execution.JUnitTestExecutor.execute(JUnitTestExecutor.java:246)
	at edu.illinois.cs.testrunner.execution.JUnitTestExecutor.executeWithJUnit4Runner(JUnitTestExecutor.java:315)
	at edu.illinois.cs.testrunner.execution.JUnitTestExecutor.runOrder(JUnitTestExecutor.java:46)
	at edu.illinois.cs.testrunner.execution.Executor$.$anonfun$run$1(Executor.scala:30)
	at scala.runtime.java8.JFunction0$mcV$sp.apply(JFunction0$mcV$sp.java:12)
	at scala.util.Try$.apply(Try.scala:209)
	at edu.illinois.cs.testrunner.execution.Executor$.run(Executor.scala:28)
	at edu.illinois.cs.testrunner.execution.Executor$.main(Executor.scala:18)
	at edu.illinois.cs.testrunner.execution.Executor.main(Executor.scala)
24/05/17 03:13:13 DEBUG druid.DruidParser: Parsing SQL UPDATE Photo SET photo_id=2000 WHERE user_id = 321 and photo_id = 123
24/05/17 03:13:13 DEBUG druid.DruidDMLParser: UPDATE SQL From clause Photo
24/05/17 03:13:13 DEBUG druid.DruidDMLParser: UPDATE SQL where user_id = 321 AND photo_id = 123
24/05/17 03:13:13 ERROR druid.DruidParserTestUtil: execute
com.alibaba.wasp.plan.parser.UnsupportedException: photo_id is primary key!
	at com.alibaba.wasp.plan.parser.druid.FMetaEventOperation.checkFieldNotInPrimaryKeys(FMetaEventOperation.java:195)
	at com.alibaba.wasp.plan.parser.druid.DruidDMLParser.getUpdatePlan(DruidDMLParser.java:287)
	at com.alibaba.wasp.plan.parser.druid.DruidDMLParser.generatePlan(DruidDMLParser.java:102)
	at com.alibaba.wasp.plan.parser.druid.DruidParserTestUtil.execute(DruidParserTestUtil.java:104)
	at com.alibaba.wasp.plan.parser.druid.TestDruidDMLFailParser.getUpdateFailedPlan(TestDruidDMLFailParser.java:124)
	at sun.reflect.NativeMethodAccessorImpl.invoke0(Native Method)
	at sun.reflect.NativeMethodAccessorImpl.invoke(NativeMethodAccessorImpl.java:62)
	at sun.reflect.DelegatingMethodAccessorImpl.invoke(DelegatingMethodAccessorImpl.java:43)
	at java.lang.reflect.Method.invoke(Method.java:498)
	at org.junit.runners.model.FrameworkMethod$1.runReflectiveCall(FrameworkMethod.java:45)
	at org.junit.internal.runners.model.ReflectiveCallable.run(ReflectiveCallable.java:15)
	at org.junit.runners.model.FrameworkMethod.invokeExplosively(FrameworkMethod.java:42)
	at org.junit.internal.runners.statements.InvokeMethod.evaluate(InvokeMethod.java:20)
	at org.junit.internal.runners.statements.RunBefores.evaluate(RunBefores.java:28)
	at org.junit.internal.runners.statements.RunAfters.evaluate(RunAfters.java:30)
	at org.junit.runners.ParentRunner.runLeaf(ParentRunner.java:263)
	at org.junit.runners.BlockJUnit4ClassRunner.runChild(BlockJUnit4ClassRunner.java:68)
	at org.junit.runners.BlockJUnit4ClassRunner.runChild(BlockJUnit4ClassRunner.java:47)
	at org.junit.runners.ParentRunner$3.run(ParentRunner.java:231)
	at org.junit.runners.ParentRunner$1.schedule(ParentRunner.java:60)
	at org.junit.runners.ParentRunner.runChildren(ParentRunner.java:229)
	at org.junit.runners.ParentRunner.access$000(ParentRunner.java:50)
	at org.junit.runners.ParentRunner$2.evaluate(ParentRunner.java:222)
	at org.junit.internal.runners.statements.RunBefores.evaluate(RunBefores.java:28)
	at org.junit.internal.runners.statements.RunAfters.evaluate(RunAfters.java:30)
	at org.junit.runners.ParentRunner.run(ParentRunner.java:300)
	at org.junit.runners.Suite.runChild(Suite.java:128)
	at org.junit.runners.Suite.runChild(Suite.java:24)
	at org.junit.runners.ParentRunner$3.run(ParentRunner.java:231)
	at org.junit.runners.ParentRunner$1.schedule(ParentRunner.java:60)
	at org.junit.runners.ParentRunner.runChildren(ParentRunner.java:229)
	at org.junit.runners.ParentRunner.access$000(ParentRunner.java:50)
	at org.junit.runners.ParentRunner$2.evaluate(ParentRunner.java:222)
	at org.junit.runners.ParentRunner.run(ParentRunner.java:300)
	at org.junit.runner.JUnitCore.run(JUnitCore.java:157)
	at org.junit.runner.JUnitCore.run(JUnitCore.java:136)
	at edu.illinois.cs.testrunner.execution.JUnitTestExecutor.execute(JUnitTestExecutor.java:246)
	at edu.illinois.cs.testrunner.execution.JUnitTestExecutor.executeWithJUnit4Runner(JUnitTestExecutor.java:315)
	at edu.illinois.cs.testrunner.execution.JUnitTestExecutor.runOrder(JUnitTestExecutor.java:46)
	at edu.illinois.cs.testrunner.execution.Executor$.$anonfun$run$1(Executor.scala:30)
	at scala.runtime.java8.JFunction0$mcV$sp.apply(JFunction0$mcV$sp.java:12)
	at scala.util.Try$.apply(Try.scala:209)
	at edu.illinois.cs.testrunner.execution.Executor$.run(Executor.scala:28)
	at edu.illinois.cs.testrunner.execution.Executor$.main(Executor.scala:18)
	at edu.illinois.cs.testrunner.execution.Executor.main(Executor.scala)
24/05/17 03:13:13 DEBUG druid.DruidParser: Parsing SQL UPDATE Photo SET int32Type = '22' WHERE user_id = 123 and photo_id=123;
24/05/17 03:13:13 DEBUG druid.DruidDMLParser: UPDATE SQL From clause Photo
24/05/17 03:13:13 DEBUG druid.DruidDMLParser: UPDATE SQL where user_id = 123 AND photo_id = 123
24/05/17 03:13:13 ERROR druid.DruidParserTestUtil: execute
com.alibaba.wasp.plan.parser.UnsupportedException: Unsupported DataType INT32, input is '22'
	at com.alibaba.wasp.plan.parser.druid.DruidParser.checkType(DruidParser.java:258)
	at com.alibaba.wasp.plan.parser.druid.DruidDMLParser.getUpdatePlan(DruidDMLParser.java:290)
	at com.alibaba.wasp.plan.parser.druid.DruidDMLParser.generatePlan(DruidDMLParser.java:102)
	at com.alibaba.wasp.plan.parser.druid.DruidParserTestUtil.execute(DruidParserTestUtil.java:104)
	at com.alibaba.wasp.plan.parser.druid.TestDruidDMLFailParser.getUpdateFailedPlan(TestDruidDMLFailParser.java:124)
	at sun.reflect.NativeMethodAccessorImpl.invoke0(Native Method)
	at sun.reflect.NativeMethodAccessorImpl.invoke(NativeMethodAccessorImpl.java:62)
	at sun.reflect.DelegatingMethodAccessorImpl.invoke(DelegatingMethodAccessorImpl.java:43)
	at java.lang.reflect.Method.invoke(Method.java:498)
	at org.junit.runners.model.FrameworkMethod$1.runReflectiveCall(FrameworkMethod.java:45)
	at org.junit.internal.runners.model.ReflectiveCallable.run(ReflectiveCallable.java:15)
	at org.junit.runners.model.FrameworkMethod.invokeExplosively(FrameworkMethod.java:42)
	at org.junit.internal.runners.statements.InvokeMethod.evaluate(InvokeMethod.java:20)
	at org.junit.internal.runners.statements.RunBefores.evaluate(RunBefores.java:28)
	at org.junit.internal.runners.statements.RunAfters.evaluate(RunAfters.java:30)
	at org.junit.runners.ParentRunner.runLeaf(ParentRunner.java:263)
	at org.junit.runners.BlockJUnit4ClassRunner.runChild(BlockJUnit4ClassRunner.java:68)
	at org.junit.runners.BlockJUnit4ClassRunner.runChild(BlockJUnit4ClassRunner.java:47)
	at org.junit.runners.ParentRunner$3.run(ParentRunner.java:231)
	at org.junit.runners.ParentRunner$1.schedule(ParentRunner.java:60)
	at org.junit.runners.ParentRunner.runChildren(ParentRunner.java:229)
	at org.junit.runners.ParentRunner.access$000(ParentRunner.java:50)
	at org.junit.runners.ParentRunner$2.evaluate(ParentRunner.java:222)
	at org.junit.internal.runners.statements.RunBefores.evaluate(RunBefores.java:28)
	at org.junit.internal.runners.statements.RunAfters.evaluate(RunAfters.java:30)
	at org.junit.runners.ParentRunner.run(ParentRunner.java:300)
	at org.junit.runners.Suite.runChild(Suite.java:128)
	at org.junit.runners.Suite.runChild(Suite.java:24)
	at org.junit.runners.ParentRunner$3.run(ParentRunner.java:231)
	at org.junit.runners.ParentRunner$1.schedule(ParentRunner.java:60)
	at org.junit.runners.ParentRunner.runChildren(ParentRunner.java:229)
	at org.junit.runners.ParentRunner.access$000(ParentRunner.java:50)
	at org.junit.runners.ParentRunner$2.evaluate(ParentRunner.java:222)
	at org.junit.runners.ParentRunner.run(ParentRunner.java:300)
	at org.junit.runner.JUnitCore.run(JUnitCore.java:157)
	at org.junit.runner.JUnitCore.run(JUnitCore.java:136)
	at edu.illinois.cs.testrunner.execution.JUnitTestExecutor.execute(JUnitTestExecutor.java:246)
	at edu.illinois.cs.testrunner.execution.JUnitTestExecutor.executeWithJUnit4Runner(JUnitTestExecutor.java:315)
	at edu.illinois.cs.testrunner.execution.JUnitTestExecutor.runOrder(JUnitTestExecutor.java:46)
	at edu.illinois.cs.testrunner.execution.Executor$.$anonfun$run$1(Executor.scala:30)
	at scala.runtime.java8.JFunction0$mcV$sp.apply(JFunction0$mcV$sp.java:12)
	at scala.util.Try$.apply(Try.scala:209)
	at edu.illinois.cs.testrunner.execution.Executor$.run(Executor.scala:28)
	at edu.illinois.cs.testrunner.execution.Executor$.main(Executor.scala:18)
	at edu.illinois.cs.testrunner.execution.Executor.main(Executor.scala)
24/05/17 03:13:13 DEBUG druid.DruidParser: Parsing SQL CREATE TABLE User { Required Int64 user_id; Required String name; Optional DOUBLE value; }  primary key(user_id),  entity group root, entity group key(user_id);
24/05/17 03:13:13 DEBUG druid.DruidDDLParser: CreateTablePlan CreateTablePlan [table=CREATE TABLE User { 
  REQUIRED INT64 user_id COLUMNFAMILY d;
  REQUIRED STRING name COLUMNFAMILY d;
  OPTIONAL DOUBLE value COLUMNFAMILY d;
} 
PRIMARY KEY(user_id),
ENTITY GROUP ROOT,
ENTITY GROUP KEY(user_id);
, splitKeys=null]
24/05/17 03:13:13 DEBUG druid.DruidParser: Parsing SQL CREATE TABLE Photo { Required Int64 user_id columnfamily cf comment 'aaa';  Required Int32 photo_id comment 'child primary key';  Optional Int64 time; Optional String full_url;  Optional String thumbnail_url; Optional string tag; Optional DATETIME date; Optional Int32 int32Type; }  primary key(user_id,photo_id),  in table User,  Entity Group Key(user_id) references User; 
24/05/17 03:13:13 DEBUG druid.DruidDDLParser: CreateTablePlan CreateTablePlan [table=CREATE TABLE Photo { 
  REQUIRED INT64 user_id COLUMNFAMILY cf;
  REQUIRED INT32 photo_id COLUMNFAMILY d;
  OPTIONAL INT64 time COLUMNFAMILY d;
  OPTIONAL STRING full_url COLUMNFAMILY d;
  OPTIONAL STRING thumbnail_url COLUMNFAMILY d;
  OPTIONAL STRING tag COLUMNFAMILY d;
  OPTIONAL DATETIME date COLUMNFAMILY d;
  OPTIONAL INT32 int32Type COLUMNFAMILY d;
} 
PRIMARY KEY(user_id, photo_id, ),
 IN TABLE User,
 ENTITY GROUP KEY(user_id) REFERENCES User;
, splitKeys=null]
24/05/17 03:13:13 DEBUG druid.DruidParser: Parsing SQL Insert into User1(ID,NAME) values(1,'binlijin');
24/05/17 03:13:13 DEBUG druid.DruidDMLParser: INSERT SQL TableSource User1
24/05/17 03:13:13 DEBUG druid.DruidDMLParser: From table User1
24/05/17 03:13:13 ERROR druid.DruidParserTestUtil: execute
com.alibaba.wasp.TableNotFoundException: User1 not exists!
	at com.alibaba.wasp.plan.parser.druid.FMetaEventOperation.checkAndGetTable(FMetaEventOperation.java:79)
	at com.alibaba.wasp.plan.parser.druid.DruidDMLParser.getInsertPlan(DruidDMLParser.java:129)
	at com.alibaba.wasp.plan.parser.druid.DruidDMLParser.generatePlan(DruidDMLParser.java:105)
	at com.alibaba.wasp.plan.parser.druid.DruidParserTestUtil.execute(DruidParserTestUtil.java:104)
	at com.alibaba.wasp.plan.parser.druid.TestDruidDMLFailParser.getInsertFailedPlan(TestDruidDMLFailParser.java:97)
	at sun.reflect.NativeMethodAccessorImpl.invoke0(Native Method)
	at sun.reflect.NativeMethodAccessorImpl.invoke(NativeMethodAccessorImpl.java:62)
	at sun.reflect.DelegatingMethodAccessorImpl.invoke(DelegatingMethodAccessorImpl.java:43)
	at java.lang.reflect.Method.invoke(Method.java:498)
	at org.junit.runners.model.FrameworkMethod$1.runReflectiveCall(FrameworkMethod.java:45)
	at org.junit.internal.runners.model.ReflectiveCallable.run(ReflectiveCallable.java:15)
	at org.junit.runners.model.FrameworkMethod.invokeExplosively(FrameworkMethod.java:42)
	at org.junit.internal.runners.statements.InvokeMethod.evaluate(InvokeMethod.java:20)
	at org.junit.internal.runners.statements.RunBefores.evaluate(RunBefores.java:28)
	at org.junit.internal.runners.statements.RunAfters.evaluate(RunAfters.java:30)
	at org.junit.runners.ParentRunner.runLeaf(ParentRunner.java:263)
	at org.junit.runners.BlockJUnit4ClassRunner.runChild(BlockJUnit4ClassRunner.java:68)
	at org.junit.runners.BlockJUnit4ClassRunner.runChild(BlockJUnit4ClassRunner.java:47)
	at org.junit.runners.ParentRunner$3.run(ParentRunner.java:231)
	at org.junit.runners.ParentRunner$1.schedule(ParentRunner.java:60)
	at org.junit.runners.ParentRunner.runChildren(ParentRunner.java:229)
	at org.junit.runners.ParentRunner.access$000(ParentRunner.java:50)
	at org.junit.runners.ParentRunner$2.evaluate(ParentRunner.java:222)
	at org.junit.internal.runners.statements.RunBefores.evaluate(RunBefores.java:28)
	at org.junit.internal.runners.statements.RunAfters.evaluate(RunAfters.java:30)
	at org.junit.runners.ParentRunner.run(ParentRunner.java:300)
	at org.junit.runners.Suite.runChild(Suite.java:128)
	at org.junit.runners.Suite.runChild(Suite.java:24)
	at org.junit.runners.ParentRunner$3.run(ParentRunner.java:231)
	at org.junit.runners.ParentRunner$1.schedule(ParentRunner.java:60)
	at org.junit.runners.ParentRunner.runChildren(ParentRunner.java:229)
	at org.junit.runners.ParentRunner.access$000(ParentRunner.java:50)
	at org.junit.runners.ParentRunner$2.evaluate(ParentRunner.java:222)
	at org.junit.runners.ParentRunner.run(ParentRunner.java:300)
	at org.junit.runner.JUnitCore.run(JUnitCore.java:157)
	at org.junit.runner.JUnitCore.run(JUnitCore.java:136)
	at edu.illinois.cs.testrunner.execution.JUnitTestExecutor.execute(JUnitTestExecutor.java:246)
	at edu.illinois.cs.testrunner.execution.JUnitTestExecutor.executeWithJUnit4Runner(JUnitTestExecutor.java:315)
	at edu.illinois.cs.testrunner.execution.JUnitTestExecutor.runOrder(JUnitTestExecutor.java:46)
	at edu.illinois.cs.testrunner.execution.Executor$.$anonfun$run$1(Executor.scala:30)
	at scala.runtime.java8.JFunction0$mcV$sp.apply(JFunction0$mcV$sp.java:12)
	at scala.util.Try$.apply(Try.scala:209)
	at edu.illinois.cs.testrunner.execution.Executor$.run(Executor.scala:28)
	at edu.illinois.cs.testrunner.execution.Executor$.main(Executor.scala:18)
	at edu.illinois.cs.testrunner.execution.Executor.main(Executor.scala)
24/05/17 03:13:13 DEBUG druid.DruidParser: Parsing SQL Insert into User(ID,NAME2) values(1,'binlijin'),(2,'lars');
24/05/17 03:13:13 DEBUG druid.DruidDMLParser: INSERT SQL TableSource User
24/05/17 03:13:13 DEBUG druid.DruidDMLParser: From table User
24/05/17 03:13:13 DEBUG druid.DruidDMLParser:  SQLInsertItem ID
24/05/17 03:13:13 DEBUG druid.DruidDMLParser:  SQLInsertItem NAME2
24/05/17 03:13:13 DEBUG druid.DruidDMLParser: INSERT SQL Insert columns [ID, NAME2]
24/05/17 03:13:13 ERROR druid.DruidParserTestUtil: execute
com.alibaba.wasp.plan.parser.UnsupportedException: User does not have column 'ID'!
	at com.alibaba.wasp.plan.parser.druid.FMetaEventOperation.checkAndGetFields(FMetaEventOperation.java:114)
	at com.alibaba.wasp.plan.parser.druid.DruidDMLParser.getInsertPlan(DruidDMLParser.java:136)
	at com.alibaba.wasp.plan.parser.druid.DruidDMLParser.generatePlan(DruidDMLParser.java:105)
	at com.alibaba.wasp.plan.parser.druid.DruidParserTestUtil.execute(DruidParserTestUtil.java:104)
	at com.alibaba.wasp.plan.parser.druid.TestDruidDMLFailParser.getInsertFailedPlan(TestDruidDMLFailParser.java:97)
	at sun.reflect.NativeMethodAccessorImpl.invoke0(Native Method)
	at sun.reflect.NativeMethodAccessorImpl.invoke(NativeMethodAccessorImpl.java:62)
	at sun.reflect.DelegatingMethodAccessorImpl.invoke(DelegatingMethodAccessorImpl.java:43)
	at java.lang.reflect.Method.invoke(Method.java:498)
	at org.junit.runners.model.FrameworkMethod$1.runReflectiveCall(FrameworkMethod.java:45)
	at org.junit.internal.runners.model.ReflectiveCallable.run(ReflectiveCallable.java:15)
	at org.junit.runners.model.FrameworkMethod.invokeExplosively(FrameworkMethod.java:42)
	at org.junit.internal.runners.statements.InvokeMethod.evaluate(InvokeMethod.java:20)
	at org.junit.internal.runners.statements.RunBefores.evaluate(RunBefores.java:28)
	at org.junit.internal.runners.statements.RunAfters.evaluate(RunAfters.java:30)
	at org.junit.runners.ParentRunner.runLeaf(ParentRunner.java:263)
	at org.junit.runners.BlockJUnit4ClassRunner.runChild(BlockJUnit4ClassRunner.java:68)
	at org.junit.runners.BlockJUnit4ClassRunner.runChild(BlockJUnit4ClassRunner.java:47)
	at org.junit.runners.ParentRunner$3.run(ParentRunner.java:231)
	at org.junit.runners.ParentRunner$1.schedule(ParentRunner.java:60)
	at org.junit.runners.ParentRunner.runChildren(ParentRunner.java:229)
	at org.junit.runners.ParentRunner.access$000(ParentRunner.java:50)
	at org.junit.runners.ParentRunner$2.evaluate(ParentRunner.java:222)
	at org.junit.internal.runners.statements.RunBefores.evaluate(RunBefores.java:28)
	at org.junit.internal.runners.statements.RunAfters.evaluate(RunAfters.java:30)
	at org.junit.runners.ParentRunner.run(ParentRunner.java:300)
	at org.junit.runners.Suite.runChild(Suite.java:128)
	at org.junit.runners.Suite.runChild(Suite.java:24)
	at org.junit.runners.ParentRunner$3.run(ParentRunner.java:231)
	at org.junit.runners.ParentRunner$1.schedule(ParentRunner.java:60)
	at org.junit.runners.ParentRunner.runChildren(ParentRunner.java:229)
	at org.junit.runners.ParentRunner.access$000(ParentRunner.java:50)
	at org.junit.runners.ParentRunner$2.evaluate(ParentRunner.java:222)
	at org.junit.runners.ParentRunner.run(ParentRunner.java:300)
	at org.junit.runner.JUnitCore.run(JUnitCore.java:157)
	at org.junit.runner.JUnitCore.run(JUnitCore.java:136)
	at edu.illinois.cs.testrunner.execution.JUnitTestExecutor.execute(JUnitTestExecutor.java:246)
	at edu.illinois.cs.testrunner.execution.JUnitTestExecutor.executeWithJUnit4Runner(JUnitTestExecutor.java:315)
	at edu.illinois.cs.testrunner.execution.JUnitTestExecutor.runOrder(JUnitTestExecutor.java:46)
	at edu.illinois.cs.testrunner.execution.Executor$.$anonfun$run$1(Executor.scala:30)
	at scala.runtime.java8.JFunction0$mcV$sp.apply(JFunction0$mcV$sp.java:12)
	at scala.util.Try$.apply(Try.scala:209)
	at edu.illinois.cs.testrunner.execution.Executor$.run(Executor.scala:28)
	at edu.illinois.cs.testrunner.execution.Executor$.main(Executor.scala:18)
	at edu.illinois.cs.testrunner.execution.Executor.main(Executor.scala)
24/05/17 03:13:13 DEBUG druid.DruidParser: Parsing SQL Insert into Photo(photo_id,time) values(1, 10000),(2,20000);
24/05/17 03:13:13 DEBUG druid.DruidDMLParser: INSERT SQL TableSource Photo
24/05/17 03:13:13 DEBUG druid.DruidDMLParser: From table Photo
24/05/17 03:13:13 DEBUG druid.DruidDMLParser:  SQLInsertItem photo_id
24/05/17 03:13:13 DEBUG druid.DruidDMLParser:  SQLInsertItem time
24/05/17 03:13:13 DEBUG druid.DruidDMLParser: INSERT SQL Insert columns [photo_id, time]
24/05/17 03:13:13 ERROR druid.DruidParserTestUtil: execute
com.alibaba.wasp.plan.parser.UnsupportedException: PrimaryKeys have 2 Fields, but only find 1 Fields
	at com.alibaba.wasp.plan.parser.druid.FMetaEventOperation.checkRequiredFields(FMetaEventOperation.java:378)
	at com.alibaba.wasp.plan.parser.druid.DruidDMLParser.getInsertPlan(DruidDMLParser.java:137)
	at com.alibaba.wasp.plan.parser.druid.DruidDMLParser.generatePlan(DruidDMLParser.java:105)
	at com.alibaba.wasp.plan.parser.druid.DruidParserTestUtil.execute(DruidParserTestUtil.java:104)
	at com.alibaba.wasp.plan.parser.druid.TestDruidDMLFailParser.getInsertFailedPlan(TestDruidDMLFailParser.java:97)
	at sun.reflect.NativeMethodAccessorImpl.invoke0(Native Method)
	at sun.reflect.NativeMethodAccessorImpl.invoke(NativeMethodAccessorImpl.java:62)
	at sun.reflect.DelegatingMethodAccessorImpl.invoke(DelegatingMethodAccessorImpl.java:43)
	at java.lang.reflect.Method.invoke(Method.java:498)
	at org.junit.runners.model.FrameworkMethod$1.runReflectiveCall(FrameworkMethod.java:45)
	at org.junit.internal.runners.model.ReflectiveCallable.run(ReflectiveCallable.java:15)
	at org.junit.runners.model.FrameworkMethod.invokeExplosively(FrameworkMethod.java:42)
	at org.junit.internal.runners.statements.InvokeMethod.evaluate(InvokeMethod.java:20)
	at org.junit.internal.runners.statements.RunBefores.evaluate(RunBefores.java:28)
	at org.junit.internal.runners.statements.RunAfters.evaluate(RunAfters.java:30)
	at org.junit.runners.ParentRunner.runLeaf(ParentRunner.java:263)
	at org.junit.runners.BlockJUnit4ClassRunner.runChild(BlockJUnit4ClassRunner.java:68)
	at org.junit.runners.BlockJUnit4ClassRunner.runChild(BlockJUnit4ClassRunner.java:47)
	at org.junit.runners.ParentRunner$3.run(ParentRunner.java:231)
	at org.junit.runners.ParentRunner$1.schedule(ParentRunner.java:60)
	at org.junit.runners.ParentRunner.runChildren(ParentRunner.java:229)
	at org.junit.runners.ParentRunner.access$000(ParentRunner.java:50)
	at org.junit.runners.ParentRunner$2.evaluate(ParentRunner.java:222)
	at org.junit.internal.runners.statements.RunBefores.evaluate(RunBefores.java:28)
	at org.junit.internal.runners.statements.RunAfters.evaluate(RunAfters.java:30)
	at org.junit.runners.ParentRunner.run(ParentRunner.java:300)
	at org.junit.runners.Suite.runChild(Suite.java:128)
	at org.junit.runners.Suite.runChild(Suite.java:24)
	at org.junit.runners.ParentRunner$3.run(ParentRunner.java:231)
	at org.junit.runners.ParentRunner$1.schedule(ParentRunner.java:60)
	at org.junit.runners.ParentRunner.runChildren(ParentRunner.java:229)
	at org.junit.runners.ParentRunner.access$000(ParentRunner.java:50)
	at org.junit.runners.ParentRunner$2.evaluate(ParentRunner.java:222)
	at org.junit.runners.ParentRunner.run(ParentRunner.java:300)
	at org.junit.runner.JUnitCore.run(JUnitCore.java:157)
	at org.junit.runner.JUnitCore.run(JUnitCore.java:136)
	at edu.illinois.cs.testrunner.execution.JUnitTestExecutor.execute(JUnitTestExecutor.java:246)
	at edu.illinois.cs.testrunner.execution.JUnitTestExecutor.executeWithJUnit4Runner(JUnitTestExecutor.java:315)
	at edu.illinois.cs.testrunner.execution.JUnitTestExecutor.runOrder(JUnitTestExecutor.java:46)
	at edu.illinois.cs.testrunner.execution.Executor$.$anonfun$run$1(Executor.scala:30)
	at scala.runtime.java8.JFunction0$mcV$sp.apply(JFunction0$mcV$sp.java:12)
	at scala.util.Try$.apply(Try.scala:209)
	at edu.illinois.cs.testrunner.execution.Executor$.run(Executor.scala:28)
	at edu.illinois.cs.testrunner.execution.Executor$.main(Executor.scala:18)
	at edu.illinois.cs.testrunner.execution.Executor.main(Executor.scala)
24/05/17 03:13:13 DEBUG druid.DruidParser: Parsing SQL Insert into User(user_id,name,value) values(1,'binlijin',1.,'aa');
24/05/17 03:13:13 DEBUG druid.DruidDMLParser: INSERT SQL TableSource User
24/05/17 03:13:13 DEBUG druid.DruidDMLParser: From table User
24/05/17 03:13:13 DEBUG druid.DruidDMLParser:  SQLInsertItem user_id
24/05/17 03:13:13 DEBUG druid.DruidDMLParser:  SQLInsertItem name
24/05/17 03:13:13 DEBUG druid.DruidDMLParser:  SQLInsertItem value
24/05/17 03:13:13 DEBUG druid.DruidDMLParser: INSERT SQL Insert columns [user_id, name, value]
24/05/17 03:13:13 DEBUG druid.DruidDMLParser: INSERT SQL Insert Values List [ VALUES (1, 'binlijin', 1, 'aa')]
24/05/17 03:13:13 ERROR druid.DruidParserTestUtil: execute
java.io.IOException: Insert clause 3 columns  not match 4 values 
	at com.alibaba.wasp.plan.parser.druid.DruidDMLParser.buildFieldsPair(DruidDMLParser.java:334)
	at com.alibaba.wasp.plan.parser.druid.DruidDMLParser.genInsertAction(DruidDMLParser.java:180)
	at com.alibaba.wasp.plan.parser.druid.DruidDMLParser.getInsertPlan(DruidDMLParser.java:152)
	at com.alibaba.wasp.plan.parser.druid.DruidDMLParser.generatePlan(DruidDMLParser.java:105)
	at com.alibaba.wasp.plan.parser.druid.DruidParserTestUtil.execute(DruidParserTestUtil.java:104)
	at com.alibaba.wasp.plan.parser.druid.TestDruidDMLFailParser.getInsertFailedPlan(TestDruidDMLFailParser.java:97)
	at sun.reflect.NativeMethodAccessorImpl.invoke0(Native Method)
	at sun.reflect.NativeMethodAccessorImpl.invoke(NativeMethodAccessorImpl.java:62)
	at sun.reflect.DelegatingMethodAccessorImpl.invoke(DelegatingMethodAccessorImpl.java:43)
	at java.lang.reflect.Method.invoke(Method.java:498)
	at org.junit.runners.model.FrameworkMethod$1.runReflectiveCall(FrameworkMethod.java:45)
	at org.junit.internal.runners.model.ReflectiveCallable.run(ReflectiveCallable.java:15)
	at org.junit.runners.model.FrameworkMethod.invokeExplosively(FrameworkMethod.java:42)
	at org.junit.internal.runners.statements.InvokeMethod.evaluate(InvokeMethod.java:20)
	at org.junit.internal.runners.statements.RunBefores.evaluate(RunBefores.java:28)
	at org.junit.internal.runners.statements.RunAfters.evaluate(RunAfters.java:30)
	at org.junit.runners.ParentRunner.runLeaf(ParentRunner.java:263)
	at org.junit.runners.BlockJUnit4ClassRunner.runChild(BlockJUnit4ClassRunner.java:68)
	at org.junit.runners.BlockJUnit4ClassRunner.runChild(BlockJUnit4ClassRunner.java:47)
	at org.junit.runners.ParentRunner$3.run(ParentRunner.java:231)
	at org.junit.runners.ParentRunner$1.schedule(ParentRunner.java:60)
	at org.junit.runners.ParentRunner.runChildren(ParentRunner.java:229)
	at org.junit.runners.ParentRunner.access$000(ParentRunner.java:50)
	at org.junit.runners.ParentRunner$2.evaluate(ParentRunner.java:222)
	at org.junit.internal.runners.statements.RunBefores.evaluate(RunBefores.java:28)
	at org.junit.internal.runners.statements.RunAfters.evaluate(RunAfters.java:30)
	at org.junit.runners.ParentRunner.run(ParentRunner.java:300)
	at org.junit.runners.Suite.runChild(Suite.java:128)
	at org.junit.runners.Suite.runChild(Suite.java:24)
	at org.junit.runners.ParentRunner$3.run(ParentRunner.java:231)
	at org.junit.runners.ParentRunner$1.schedule(ParentRunner.java:60)
	at org.junit.runners.ParentRunner.runChildren(ParentRunner.java:229)
	at org.junit.runners.ParentRunner.access$000(ParentRunner.java:50)
	at org.junit.runners.ParentRunner$2.evaluate(ParentRunner.java:222)
	at org.junit.runners.ParentRunner.run(ParentRunner.java:300)
	at org.junit.runner.JUnitCore.run(JUnitCore.java:157)
	at org.junit.runner.JUnitCore.run(JUnitCore.java:136)
	at edu.illinois.cs.testrunner.execution.JUnitTestExecutor.execute(JUnitTestExecutor.java:246)
	at edu.illinois.cs.testrunner.execution.JUnitTestExecutor.executeWithJUnit4Runner(JUnitTestExecutor.java:315)
	at edu.illinois.cs.testrunner.execution.JUnitTestExecutor.runOrder(JUnitTestExecutor.java:46)
	at edu.illinois.cs.testrunner.execution.Executor$.$anonfun$run$1(Executor.scala:30)
	at scala.runtime.java8.JFunction0$mcV$sp.apply(JFunction0$mcV$sp.java:12)
	at scala.util.Try$.apply(Try.scala:209)
	at edu.illinois.cs.testrunner.execution.Executor$.run(Executor.scala:28)
	at edu.illinois.cs.testrunner.execution.Executor$.main(Executor.scala:18)
	at edu.illinois.cs.testrunner.execution.Executor.main(Executor.scala)
24/05/17 03:13:13 DEBUG druid.DruidParser: Parsing SQL Insert into User(user_id,name,value) values(1,'binlijin');
24/05/17 03:13:13 DEBUG druid.DruidDMLParser: INSERT SQL TableSource User
24/05/17 03:13:13 DEBUG druid.DruidDMLParser: From table User
24/05/17 03:13:13 DEBUG druid.DruidDMLParser:  SQLInsertItem user_id
24/05/17 03:13:13 DEBUG druid.DruidDMLParser:  SQLInsertItem name
24/05/17 03:13:13 DEBUG druid.DruidDMLParser:  SQLInsertItem value
24/05/17 03:13:13 DEBUG druid.DruidDMLParser: INSERT SQL Insert columns [user_id, name, value]
24/05/17 03:13:13 DEBUG druid.DruidDMLParser: INSERT SQL Insert Values List [ VALUES (1, 'binlijin')]
24/05/17 03:13:13 ERROR druid.DruidParserTestUtil: execute
java.io.IOException: Insert clause 3 columns  not match 2 values 
	at com.alibaba.wasp.plan.parser.druid.DruidDMLParser.buildFieldsPair(DruidDMLParser.java:334)
	at com.alibaba.wasp.plan.parser.druid.DruidDMLParser.genInsertAction(DruidDMLParser.java:180)
	at com.alibaba.wasp.plan.parser.druid.DruidDMLParser.getInsertPlan(DruidDMLParser.java:152)
	at com.alibaba.wasp.plan.parser.druid.DruidDMLParser.generatePlan(DruidDMLParser.java:105)
	at com.alibaba.wasp.plan.parser.druid.DruidParserTestUtil.execute(DruidParserTestUtil.java:104)
	at com.alibaba.wasp.plan.parser.druid.TestDruidDMLFailParser.getInsertFailedPlan(TestDruidDMLFailParser.java:97)
	at sun.reflect.NativeMethodAccessorImpl.invoke0(Native Method)
	at sun.reflect.NativeMethodAccessorImpl.invoke(NativeMethodAccessorImpl.java:62)
	at sun.reflect.DelegatingMethodAccessorImpl.invoke(DelegatingMethodAccessorImpl.java:43)
	at java.lang.reflect.Method.invoke(Method.java:498)
	at org.junit.runners.model.FrameworkMethod$1.runReflectiveCall(FrameworkMethod.java:45)
	at org.junit.internal.runners.model.ReflectiveCallable.run(ReflectiveCallable.java:15)
	at org.junit.runners.model.FrameworkMethod.invokeExplosively(FrameworkMethod.java:42)
	at org.junit.internal.runners.statements.InvokeMethod.evaluate(InvokeMethod.java:20)
	at org.junit.internal.runners.statements.RunBefores.evaluate(RunBefores.java:28)
	at org.junit.internal.runners.statements.RunAfters.evaluate(RunAfters.java:30)
	at org.junit.runners.ParentRunner.runLeaf(ParentRunner.java:263)
	at org.junit.runners.BlockJUnit4ClassRunner.runChild(BlockJUnit4ClassRunner.java:68)
	at org.junit.runners.BlockJUnit4ClassRunner.runChild(BlockJUnit4ClassRunner.java:47)
	at org.junit.runners.ParentRunner$3.run(ParentRunner.java:231)
	at org.junit.runners.ParentRunner$1.schedule(ParentRunner.java:60)
	at org.junit.runners.ParentRunner.runChildren(ParentRunner.java:229)
	at org.junit.runners.ParentRunner.access$000(ParentRunner.java:50)
	at org.junit.runners.ParentRunner$2.evaluate(ParentRunner.java:222)
	at org.junit.internal.runners.statements.RunBefores.evaluate(RunBefores.java:28)
	at org.junit.internal.runners.statements.RunAfters.evaluate(RunAfters.java:30)
	at org.junit.runners.ParentRunner.run(ParentRunner.java:300)
	at org.junit.runners.Suite.runChild(Suite.java:128)
	at org.junit.runners.Suite.runChild(Suite.java:24)
	at org.junit.runners.ParentRunner$3.run(ParentRunner.java:231)
	at org.junit.runners.ParentRunner$1.schedule(ParentRunner.java:60)
	at org.junit.runners.ParentRunner.runChildren(ParentRunner.java:229)
	at org.junit.runners.ParentRunner.access$000(ParentRunner.java:50)
	at org.junit.runners.ParentRunner$2.evaluate(ParentRunner.java:222)
	at org.junit.runners.ParentRunner.run(ParentRunner.java:300)
	at org.junit.runner.JUnitCore.run(JUnitCore.java:157)
	at org.junit.runner.JUnitCore.run(JUnitCore.java:136)
	at edu.illinois.cs.testrunner.execution.JUnitTestExecutor.execute(JUnitTestExecutor.java:246)
	at edu.illinois.cs.testrunner.execution.JUnitTestExecutor.executeWithJUnit4Runner(JUnitTestExecutor.java:315)
	at edu.illinois.cs.testrunner.execution.JUnitTestExecutor.runOrder(JUnitTestExecutor.java:46)
	at edu.illinois.cs.testrunner.execution.Executor$.$anonfun$run$1(Executor.scala:30)
	at scala.runtime.java8.JFunction0$mcV$sp.apply(JFunction0$mcV$sp.java:12)
	at scala.util.Try$.apply(Try.scala:209)
	at edu.illinois.cs.testrunner.execution.Executor$.run(Executor.scala:28)
	at edu.illinois.cs.testrunner.execution.Executor$.main(Executor.scala:18)
	at edu.illinois.cs.testrunner.execution.Executor.main(Executor.scala)
24/05/17 03:13:13 DEBUG fserver.MetricsEntityGroupSourceImpl: Creating new MetricsEntityGroupSourceImpl for table null TEST
24/05/17 03:13:13 DEBUG fserver.MetricsEntityGroupSourceImpl: Creating new MetricsEntityGroupSourceImpl for table null TEST
24/05/17 03:13:13 DEBUG fserver.MetricsEntityGroupSourceImpl: Creating new MetricsEntityGroupSourceImpl for table null TWO
Starting DataNode 0 with dfs.data.dir: /home/idflakies/alibaba/wasp/target/test-data/f1bb9613-6508-444c-957d-c69d889bf0d3/dfscluster_7f58be67-4b27-4b0a-8da5-7f80f2e29685/dfs/data/data1,/home/idflakies/alibaba/wasp/target/test-data/f1bb9613-6508-444c-957d-c69d889bf0d3/dfscluster_7f58be67-4b27-4b0a-8da5-7f80f2e29685/dfs/data/data2
24/05/17 03:13:13 ERROR datanode.DataNode: All directories in dfs.data.dir are invalid.
java.lang.NullPointerException
	at org.apache.hadoop.hdfs.MiniDFSCluster.startDataNodes(MiniDFSCluster.java:422)
	at org.apache.hadoop.hdfs.MiniDFSCluster.<init>(MiniDFSCluster.java:280)
	at org.apache.hadoop.hbase.HBaseTestingUtility.startMiniDFSCluster(HBaseTestingUtility.java:451)
	at org.apache.hadoop.hbase.HBaseTestingUtility.startMiniCluster(HBaseTestingUtility.java:619)
	at org.apache.hadoop.hbase.HBaseTestingUtility.startMiniCluster(HBaseTestingUtility.java:575)
	at org.apache.hadoop.hbase.HBaseTestingUtility.startMiniCluster(HBaseTestingUtility.java:562)
	at com.alibaba.wasp.meta.TestFMetaStore.setUpBeforeClass(TestFMetaStore.java:73)
	at sun.reflect.NativeMethodAccessorImpl.invoke0(Native Method)
	at sun.reflect.NativeMethodAccessorImpl.invoke(NativeMethodAccessorImpl.java:62)
	at sun.reflect.DelegatingMethodAccessorImpl.invoke(DelegatingMethodAccessorImpl.java:43)
	at java.lang.reflect.Method.invoke(Method.java:498)
	at org.junit.runners.model.FrameworkMethod$1.runReflectiveCall(FrameworkMethod.java:45)
	at org.junit.internal.runners.model.ReflectiveCallable.run(ReflectiveCallable.java:15)
	at org.junit.runners.model.FrameworkMethod.invokeExplosively(FrameworkMethod.java:42)
	at org.junit.internal.runners.statements.RunBefores.evaluate(RunBefores.java:27)
	at org.junit.internal.runners.statements.RunAfters.evaluate(RunAfters.java:30)
	at org.junit.runners.ParentRunner.run(ParentRunner.java:300)
	at org.junit.runners.Suite.runChild(Suite.java:128)
	at org.junit.runners.Suite.runChild(Suite.java:24)
	at org.junit.runners.ParentRunner$3.run(ParentRunner.java:231)
	at org.junit.runners.ParentRunner$1.schedule(ParentRunner.java:60)
	at org.junit.runners.ParentRunner.runChildren(ParentRunner.java:229)
	at org.junit.runners.ParentRunner.access$000(ParentRunner.java:50)
	at org.junit.runners.ParentRunner$2.evaluate(ParentRunner.java:222)
	at org.junit.runners.ParentRunner.run(ParentRunner.java:300)
	at org.junit.runner.JUnitCore.run(JUnitCore.java:157)
	at org.junit.runner.JUnitCore.run(JUnitCore.java:136)
	at edu.illinois.cs.testrunner.execution.JUnitTestExecutor.execute(JUnitTestExecutor.java:246)
	at edu.illinois.cs.testrunner.execution.JUnitTestExecutor.executeWithJUnit4Runner(JUnitTestExecutor.java:315)
	at edu.illinois.cs.testrunner.execution.JUnitTestExecutor.runOrder(JUnitTestExecutor.java:46)
	at edu.illinois.cs.testrunner.execution.Executor$.$anonfun$run$1(Executor.scala:30)
	at scala.runtime.java8.JFunction0$mcV$sp.apply(JFunction0$mcV$sp.java:12)
	at scala.util.Try$.apply(Try.scala:209)
	at edu.illinois.cs.testrunner.execution.Executor$.run(Executor.scala:28)
	at edu.illinois.cs.testrunner.execution.Executor$.main(Executor.scala:18)
	at edu.illinois.cs.testrunner.execution.Executor.main(Executor.scala)
24/05/17 03:13:13 INFO balancer.TestDefaultLoadBalancer: Mock Cluster : { srv57273:0 } [srvr=1 rgns=0 avg=0.0 max=0 min=0]
24/05/17 03:13:13 INFO balancer.DefaultLoadBalancer: Skipping load balancing because balanced cluster; servers=1 entityGroups=0 average=0.0 mostloaded=0 leastloaded=0
24/05/17 03:13:13 INFO balancer.TestDefaultLoadBalancer: Mock Balance : {  }
24/05/17 03:13:13 INFO balancer.TestDefaultLoadBalancer: Mock Cluster : { srv57273:1 } [srvr=1 rgns=1 avg=1.0 max=1 min=1]
24/05/17 03:13:13 INFO balancer.DefaultLoadBalancer: Skipping load balancing because balanced cluster; servers=1 entityGroups=1 average=1.0 mostloaded=1 leastloaded=1
24/05/17 03:13:13 INFO balancer.TestDefaultLoadBalancer: Mock Balance : {  }
24/05/17 03:13:13 INFO balancer.TestDefaultLoadBalancer: Mock Cluster : { srv57273:10 } [srvr=1 rgns=10 avg=10.0 max=10 min=10]
24/05/17 03:13:13 INFO balancer.DefaultLoadBalancer: Skipping load balancing because balanced cluster; servers=1 entityGroups=10 average=10.0 mostloaded=10 leastloaded=10
24/05/17 03:13:13 INFO balancer.TestDefaultLoadBalancer: Mock Balance : {  }
24/05/17 03:13:13 INFO balancer.TestDefaultLoadBalancer: Mock Cluster : { srv57273:0 , srv60173:0 } [srvr=2 rgns=0 avg=0.0 max=0 min=0]
24/05/17 03:13:13 INFO balancer.DefaultLoadBalancer: Skipping load balancing because balanced cluster; servers=2 entityGroups=0 average=0.0 mostloaded=0 leastloaded=0
24/05/17 03:13:13 INFO balancer.TestDefaultLoadBalancer: Mock Balance : {  }
24/05/17 03:13:13 INFO balancer.TestDefaultLoadBalancer: Mock Cluster : { srv60173:0 , srv57273:2 } [srvr=2 rgns=2 avg=1.0 max=1 min=1]
24/05/17 03:13:13 DEBUG balancer.DefaultLoadBalancer: Balance parameter: numEntityGroups=2, numServers=2, max=1, min=1
24/05/17 03:13:13 INFO balancer.DefaultLoadBalancer: Calculated a load balance in 6ms. Moving 1 entityGroups off of 1 overloaded servers onto 1 less loaded servers
24/05/17 03:13:13 INFO balancer.TestDefaultLoadBalancer: Mock Balance : { srv57273:1 , srv60173:1 }
24/05/17 03:13:13 INFO balancer.TestDefaultLoadBalancer: Mock Cluster : { srv60173:1 , srv57273:2 } [srvr=2 rgns=3 avg=1.5 max=2 min=1]
24/05/17 03:13:13 INFO balancer.DefaultLoadBalancer: Skipping load balancing because balanced cluster; servers=2 entityGroups=3 average=1.5 mostloaded=2 leastloaded=1
24/05/17 03:13:13 INFO balancer.TestDefaultLoadBalancer: Mock Balance : {  }
24/05/17 03:13:13 INFO balancer.TestDefaultLoadBalancer: Mock Cluster : { srv57273:2 , srv60173:2 } [srvr=2 rgns=4 avg=2.0 max=2 min=2]
24/05/17 03:13:13 INFO balancer.DefaultLoadBalancer: Skipping load balancing because balanced cluster; servers=2 entityGroups=4 average=2.0 mostloaded=2 leastloaded=2
24/05/17 03:13:13 INFO balancer.TestDefaultLoadBalancer: Mock Balance : {  }
24/05/17 03:13:13 INFO balancer.TestDefaultLoadBalancer: Mock Cluster : { srv57273:2 , srv60173:3 } [srvr=2 rgns=5 avg=2.5 max=3 min=2]
24/05/17 03:13:13 INFO balancer.DefaultLoadBalancer: Skipping load balancing because balanced cluster; servers=2 entityGroups=5 average=2.5 mostloaded=3 leastloaded=2
24/05/17 03:13:13 INFO balancer.TestDefaultLoadBalancer: Mock Balance : {  }
24/05/17 03:13:13 INFO balancer.TestDefaultLoadBalancer: Mock Cluster : { srv57273:2 , srv60173:4 } [srvr=2 rgns=6 avg=3.0 max=3 min=3]
24/05/17 03:13:13 DEBUG balancer.DefaultLoadBalancer: Balance parameter: numEntityGroups=6, numServers=2, max=3, min=3
24/05/17 03:13:13 INFO balancer.DefaultLoadBalancer: Calculated a load balance in 0ms. Moving 1 entityGroups off of 1 overloaded servers onto 1 less loaded servers
24/05/17 03:13:13 INFO balancer.TestDefaultLoadBalancer: Mock Balance : { srv57273:3 , srv60173:3 }
24/05/17 03:13:13 INFO balancer.TestDefaultLoadBalancer: Mock Cluster : { srv57273:1 , srv60173:1 } [srvr=2 rgns=2 avg=1.0 max=1 min=1]
24/05/17 03:13:13 INFO balancer.DefaultLoadBalancer: Skipping load balancing because balanced cluster; servers=2 entityGroups=2 average=1.0 mostloaded=1 leastloaded=1
24/05/17 03:13:13 INFO balancer.TestDefaultLoadBalancer: Mock Balance : {  }
24/05/17 03:13:13 INFO balancer.TestDefaultLoadBalancer: Mock Cluster : { srv57273:0 , srv60173:1 } [srvr=2 rgns=1 avg=0.5 max=1 min=0]
24/05/17 03:13:13 INFO balancer.DefaultLoadBalancer: Skipping load balancing because balanced cluster; servers=2 entityGroups=1 average=0.5 mostloaded=1 leastloaded=0
24/05/17 03:13:13 INFO balancer.TestDefaultLoadBalancer: Mock Balance : {  }
24/05/17 03:13:13 INFO balancer.TestDefaultLoadBalancer: Mock Cluster : { srv60173:1 , srv57273:10 } [srvr=2 rgns=11 avg=5.5 max=6 min=5]
24/05/17 03:13:13 DEBUG balancer.DefaultLoadBalancer: Balance parameter: numEntityGroups=11, numServers=2, max=6, min=5
24/05/17 03:13:13 INFO balancer.DefaultLoadBalancer: Calculated a load balance in 0ms. Moving 4 entityGroups off of 1 overloaded servers onto 1 less loaded servers
24/05/17 03:13:13 INFO balancer.TestDefaultLoadBalancer: Mock Balance : { srv60173:5 , srv57273:6 }
24/05/17 03:13:13 INFO balancer.TestDefaultLoadBalancer: Mock Cluster : { srv57273:14 , srv60173:1432 } [srvr=2 rgns=1446 avg=723.0 max=723 min=723]
24/05/17 03:13:13 DEBUG balancer.DefaultLoadBalancer: Balance parameter: numEntityGroups=1446, numServers=2, max=723, min=723
24/05/17 03:13:13 INFO balancer.DefaultLoadBalancer: Calculated a load balance in 7ms. Moving 709 entityGroups off of 1 overloaded servers onto 1 less loaded servers
24/05/17 03:13:13 INFO balancer.TestDefaultLoadBalancer: Mock Balance : { srv57273:723 , srv60173:723 }
24/05/17 03:13:13 INFO balancer.TestDefaultLoadBalancer: Mock Cluster : { srv57273:47 , srv60173:53 } [srvr=2 rgns=100 avg=50.0 max=50 min=50]
24/05/17 03:13:13 DEBUG balancer.DefaultLoadBalancer: Balance parameter: numEntityGroups=100, numServers=2, max=50, min=50
24/05/17 03:13:13 INFO balancer.DefaultLoadBalancer: Calculated a load balance in 0ms. Moving 3 entityGroups off of 1 overloaded servers onto 1 less loaded servers
24/05/17 03:13:13 INFO balancer.TestDefaultLoadBalancer: Mock Balance : { srv57273:50 , srv60173:50 }
24/05/17 03:13:13 INFO balancer.TestDefaultLoadBalancer: Mock Cluster : { srv57273:0 , srv60173:1 , srv34039:2 } [srvr=3 rgns=3 avg=1.0 max=1 min=1]
24/05/17 03:13:13 DEBUG balancer.DefaultLoadBalancer: Balance parameter: numEntityGroups=3, numServers=3, max=1, min=1
24/05/17 03:13:13 INFO balancer.DefaultLoadBalancer: Calculated a load balance in 0ms. Moving 1 entityGroups off of 1 overloaded servers onto 1 less loaded servers
24/05/17 03:13:13 INFO balancer.TestDefaultLoadBalancer: Mock Balance : { srv34039:1 , srv57273:1 , srv60173:1 }
24/05/17 03:13:13 INFO balancer.TestDefaultLoadBalancer: Mock Cluster : { srv34039:1 , srv57273:2 , srv60173:3 } [srvr=3 rgns=6 avg=2.0 max=2 min=2]
24/05/17 03:13:13 DEBUG balancer.DefaultLoadBalancer: Balance parameter: numEntityGroups=6, numServers=3, max=2, min=2
24/05/17 03:13:13 INFO balancer.DefaultLoadBalancer: Calculated a load balance in 1ms. Moving 1 entityGroups off of 1 overloaded servers onto 1 less loaded servers
24/05/17 03:13:13 INFO balancer.TestDefaultLoadBalancer: Mock Balance : { srv34039:2 , srv57273:2 , srv60173:2 }
24/05/17 03:13:13 INFO balancer.TestDefaultLoadBalancer: Mock Cluster : { srv34039:0 , srv57273:2 , srv60173:2 } [srvr=3 rgns=4 avg=1.3333334 max=2 min=1]
24/05/17 03:13:13 DEBUG balancer.DefaultLoadBalancer: Balance parameter: numEntityGroups=4, numServers=3, max=2, min=1
24/05/17 03:13:13 INFO balancer.DefaultLoadBalancer: Done. Calculated a load balance in 0ms. Moving 1 entityGroups off of 0 overloaded servers onto 1 less loaded servers
24/05/17 03:13:13 INFO balancer.TestDefaultLoadBalancer: Mock Balance : { srv34039:1 , srv60173:1 , srv57273:2 }
24/05/17 03:13:13 INFO balancer.TestDefaultLoadBalancer: Mock Cluster : { srv34039:0 , srv60173:0 , srv57273:3 } [srvr=3 rgns=3 avg=1.0 max=1 min=1]
24/05/17 03:13:13 DEBUG balancer.DefaultLoadBalancer: Balance parameter: numEntityGroups=3, numServers=3, max=1, min=1
24/05/17 03:13:13 INFO balancer.DefaultLoadBalancer: Calculated a load balance in 0ms. Moving 2 entityGroups off of 1 overloaded servers onto 2 less loaded servers
24/05/17 03:13:13 INFO balancer.TestDefaultLoadBalancer: Mock Balance : { srv34039:1 , srv57273:1 , srv60173:1 }
24/05/17 03:13:13 INFO balancer.TestDefaultLoadBalancer: Mock Cluster : { srv34039:0 , srv60173:0 , srv57273:4 } [srvr=3 rgns=4 avg=1.3333334 max=2 min=1]
24/05/17 03:13:13 DEBUG balancer.DefaultLoadBalancer: Balance parameter: numEntityGroups=4, numServers=3, max=2, min=1
24/05/17 03:13:13 INFO balancer.DefaultLoadBalancer: Calculated a load balance in 0ms. Moving 2 entityGroups off of 1 overloaded servers onto 2 less loaded servers
24/05/17 03:13:13 INFO balancer.TestDefaultLoadBalancer: Mock Balance : { srv34039:1 , srv60173:1 , srv57273:2 }
24/05/17 03:13:13 INFO balancer.TestDefaultLoadBalancer: Mock Cluster : { srv60173:0 , srv34039:20 , srv57273:20 } [srvr=3 rgns=40 avg=13.333333 max=14 min=13]
24/05/17 03:13:13 DEBUG balancer.DefaultLoadBalancer: Balance parameter: numEntityGroups=40, numServers=3, max=14, min=13
24/05/17 03:13:13 INFO balancer.DefaultLoadBalancer: Done. Calculated a load balance in 1ms. Moving 13 entityGroups off of 2 overloaded servers onto 1 less loaded servers
24/05/17 03:13:13 INFO balancer.TestDefaultLoadBalancer: Mock Balance : { srv57273:13 , srv60173:13 , srv34039:14 }
24/05/17 03:13:13 INFO balancer.TestDefaultLoadBalancer: Mock Cluster : { srv34039:0 , srv57273:1 , srv60173:2 , srv56057:3 } [srvr=4 rgns=6 avg=1.5 max=2 min=1]
24/05/17 03:13:13 DEBUG balancer.DefaultLoadBalancer: Balance parameter: numEntityGroups=6, numServers=4, max=2, min=1
24/05/17 03:13:13 INFO balancer.DefaultLoadBalancer: Calculated a load balance in 0ms. Moving 1 entityGroups off of 1 overloaded servers onto 1 less loaded servers
24/05/17 03:13:13 INFO balancer.TestDefaultLoadBalancer: Mock Balance : { srv34039:1 , srv57273:1 , srv56057:2 , srv60173:2 }
24/05/17 03:13:13 INFO balancer.TestDefaultLoadBalancer: Mock Cluster : { srv56057:0 , srv57273:0 , srv60173:0 , srv34039:4 } [srvr=4 rgns=4 avg=1.0 max=1 min=1]
24/05/17 03:13:13 DEBUG balancer.DefaultLoadBalancer: Balance parameter: numEntityGroups=4, numServers=4, max=1, min=1
24/05/17 03:13:13 INFO balancer.DefaultLoadBalancer: Calculated a load balance in 0ms. Moving 3 entityGroups off of 1 overloaded servers onto 3 less loaded servers
24/05/17 03:13:13 INFO balancer.TestDefaultLoadBalancer: Mock Balance : { srv34039:1 , srv56057:1 , srv57273:1 , srv60173:1 }
24/05/17 03:13:13 INFO balancer.TestDefaultLoadBalancer: Mock Cluster : { srv56057:0 , srv57273:0 , srv60173:0 , srv34039:5 } [srvr=4 rgns=5 avg=1.25 max=2 min=1]
24/05/17 03:13:13 DEBUG balancer.DefaultLoadBalancer: Balance parameter: numEntityGroups=5, numServers=4, max=2, min=1
24/05/17 03:13:13 INFO balancer.DefaultLoadBalancer: Calculated a load balance in 1ms. Moving 3 entityGroups off of 1 overloaded servers onto 3 less loaded servers
24/05/17 03:13:13 INFO balancer.TestDefaultLoadBalancer: Mock Balance : { srv56057:1 , srv57273:1 , srv60173:1 , srv34039:2 }
24/05/17 03:13:13 INFO balancer.TestDefaultLoadBalancer: Mock Cluster : { srv57273:0 , srv60173:0 , srv34039:6 , srv56057:6 } [srvr=4 rgns=12 avg=3.0 max=3 min=3]
24/05/17 03:13:13 DEBUG balancer.DefaultLoadBalancer: Balance parameter: numEntityGroups=12, numServers=4, max=3, min=3
24/05/17 03:13:13 INFO balancer.DefaultLoadBalancer: Calculated a load balance in 0ms. Moving 6 entityGroups off of 2 overloaded servers onto 2 less loaded servers
24/05/17 03:13:13 INFO balancer.TestDefaultLoadBalancer: Mock Balance : { srv34039:3 , srv56057:3 , srv57273:3 , srv60173:3 }
24/05/17 03:13:13 INFO balancer.TestDefaultLoadBalancer: Mock Cluster : { srv57273:0 , srv60173:0 , srv56057:2 , srv34039:6 } [srvr=4 rgns=8 avg=2.0 max=2 min=2]
24/05/17 03:13:13 DEBUG balancer.DefaultLoadBalancer: Balance parameter: numEntityGroups=8, numServers=4, max=2, min=2
24/05/17 03:13:13 INFO balancer.DefaultLoadBalancer: Calculated a load balance in 0ms. Moving 4 entityGroups off of 1 overloaded servers onto 2 less loaded servers
24/05/17 03:13:13 INFO balancer.TestDefaultLoadBalancer: Mock Balance : { srv34039:2 , srv56057:2 , srv57273:2 , srv60173:2 }
24/05/17 03:13:13 INFO balancer.TestDefaultLoadBalancer: Mock Cluster : { srv57273:0 , srv60173:0 , srv56057:1 , srv34039:6 } [srvr=4 rgns=7 avg=1.75 max=2 min=1]
24/05/17 03:13:13 DEBUG balancer.DefaultLoadBalancer: Balance parameter: numEntityGroups=7, numServers=4, max=2, min=1
24/05/17 03:13:13 INFO balancer.DefaultLoadBalancer: Done. Calculated a load balance in 0ms. Moving 4 entityGroups off of 1 overloaded servers onto 2 less loaded servers
24/05/17 03:13:13 INFO balancer.TestDefaultLoadBalancer: Mock Balance : { srv56057:1 , srv34039:2 , srv57273:2 , srv60173:2 }
24/05/17 03:13:13 INFO balancer.TestDefaultLoadBalancer: Mock Cluster : { srv56057:0 , srv57273:0 , srv60173:0 , srv34039:6 } [srvr=4 rgns=6 avg=1.5 max=2 min=1]
24/05/17 03:13:13 DEBUG balancer.DefaultLoadBalancer: Balance parameter: numEntityGroups=6, numServers=4, max=2, min=1
24/05/17 03:13:13 INFO balancer.DefaultLoadBalancer: Done. Calculated a load balance in 0ms. Moving 4 entityGroups off of 1 overloaded servers onto 3 less loaded servers
24/05/17 03:13:13 INFO balancer.TestDefaultLoadBalancer: Mock Balance : { srv57273:1 , srv60173:1 , srv34039:2 , srv56057:2 }
24/05/17 03:13:13 INFO balancer.TestDefaultLoadBalancer: Mock Cluster : { srv34039:4 , srv56057:4 , srv57273:4 , srv60173:7 } [srvr=4 rgns=19 avg=4.75 max=5 min=4]
24/05/17 03:13:13 DEBUG balancer.DefaultLoadBalancer: Balance parameter: numEntityGroups=19, numServers=4, max=5, min=4
24/05/17 03:13:13 INFO balancer.DefaultLoadBalancer: Done. Calculated a load balance in 0ms. Moving 2 entityGroups off of 1 overloaded servers onto 0 less loaded servers
24/05/17 03:13:13 INFO balancer.TestDefaultLoadBalancer: Mock Balance : { srv57273:4 , srv34039:5 , srv56057:5 , srv60173:5 }
24/05/17 03:13:13 INFO balancer.TestDefaultLoadBalancer: Mock Cluster : { srv34039:4 , srv56057:4 , srv57273:4 , srv60173:8 } [srvr=4 rgns=20 avg=5.0 max=5 min=5]
24/05/17 03:13:13 DEBUG balancer.DefaultLoadBalancer: Balance parameter: numEntityGroups=20, numServers=4, max=5, min=5
24/05/17 03:13:13 INFO balancer.DefaultLoadBalancer: Calculated a load balance in 0ms. Moving 3 entityGroups off of 1 overloaded servers onto 3 less loaded servers
24/05/17 03:13:13 INFO balancer.TestDefaultLoadBalancer: Mock Balance : { srv34039:5 , srv56057:5 , srv57273:5 , srv60173:5 }
24/05/17 03:13:13 INFO balancer.TestDefaultLoadBalancer: Mock Cluster : { srv34039:0 , srv56057:0 , srv57273:0 , srv60173:7 } [srvr=4 rgns=7 avg=1.75 max=2 min=1]
24/05/17 03:13:13 DEBUG balancer.DefaultLoadBalancer: Balance parameter: numEntityGroups=7, numServers=4, max=2, min=1
24/05/17 03:13:13 INFO balancer.DefaultLoadBalancer: Done. Calculated a load balance in 0ms. Moving 5 entityGroups off of 1 overloaded servers onto 3 less loaded servers
24/05/17 03:13:13 INFO balancer.TestDefaultLoadBalancer: Mock Balance : { srv57273:1 , srv34039:2 , srv56057:2 , srv60173:2 }
24/05/17 03:13:13 INFO balancer.TestDefaultLoadBalancer: Mock Cluster : { srv34039:1 , srv56057:1 , srv57273:1 , srv60173:1 , srv14722:4 } [srvr=5 rgns=8 avg=1.6 max=2 min=1]
24/05/17 03:13:13 DEBUG balancer.DefaultLoadBalancer: Balance parameter: numEntityGroups=8, numServers=5, max=2, min=1
24/05/17 03:13:13 INFO balancer.DefaultLoadBalancer: Done. Calculated a load balance in 0ms. Moving 2 entityGroups off of 1 overloaded servers onto 0 less loaded servers
24/05/17 03:13:13 INFO balancer.TestDefaultLoadBalancer: Mock Balance : { srv57273:1 , srv60173:1 , srv14722:2 , srv34039:2 , srv56057:2 }
24/05/17 03:13:13 INFO balancer.TestDefaultLoadBalancer: Mock Cluster : { srv14722:1 , srv34039:2 , srv56057:3 , srv57273:4 , srv60173:5 , srv76933:6 , srv85066:7 , srv37836:8 , srv72571:9 , srv9194:10 , srv37454:11 , srv61901:12 , srv39292:13 , srv91497:14 , srv69025:15 } [srvr=15 rgns=120 avg=8.0 max=8 min=8]
24/05/17 03:13:13 DEBUG balancer.DefaultLoadBalancer: Balance parameter: numEntityGroups=120, numServers=15, max=8, min=8
24/05/17 03:13:13 INFO balancer.DefaultLoadBalancer: Calculated a load balance in 1ms. Moving 28 entityGroups off of 7 overloaded servers onto 7 less loaded servers
24/05/17 03:13:13 INFO balancer.TestDefaultLoadBalancer: Mock Balance : { srv14722:8 , srv34039:8 , srv37454:8 , srv37836:8 , srv39292:8 , srv56057:8 , srv57273:8 , srv60173:8 , srv61901:8 , srv69025:8 , srv72571:8 , srv76933:8 , srv85066:8 , srv91497:8 , srv9194:8 }
24/05/17 03:13:13 INFO balancer.TestDefaultLoadBalancer: Mock Cluster : { srv14722:0 , srv34039:0 , srv37454:0 , srv37836:0 , srv39292:0 , srv56057:0 , srv57273:0 , srv60173:0 , srv61901:0 , srv69025:10 } [srvr=10 rgns=10 avg=1.0 max=1 min=1]
24/05/17 03:13:13 DEBUG balancer.DefaultLoadBalancer: Balance parameter: numEntityGroups=10, numServers=10, max=1, min=1
24/05/17 03:13:13 INFO balancer.DefaultLoadBalancer: Calculated a load balance in 0ms. Moving 9 entityGroups off of 1 overloaded servers onto 9 less loaded servers
24/05/17 03:13:13 INFO balancer.TestDefaultLoadBalancer: Mock Balance : { srv14722:1 , srv34039:1 , srv37454:1 , srv37836:1 , srv39292:1 , srv56057:1 , srv57273:1 , srv60173:1 , srv61901:1 , srv69025:1 }
24/05/17 03:13:13 INFO balancer.TestDefaultLoadBalancer: Mock Cluster : { srv39292:1 , srv85066:5 , srv14722:6 , srv34039:6 , srv37454:6 , srv37836:6 , srv72571:6 , srv76933:6 , srv91497:6 , srv9194:6 } [srvr=10 rgns=54 avg=5.4 max=6 min=5]
24/05/17 03:13:13 DEBUG balancer.DefaultLoadBalancer: Balance parameter: numEntityGroups=54, numServers=10, max=6, min=5
24/05/17 03:13:13 INFO balancer.DefaultLoadBalancer: Done. Calculated a load balance in 0ms. Moving 4 entityGroups off of 0 overloaded servers onto 1 less loaded servers
24/05/17 03:13:13 INFO balancer.TestDefaultLoadBalancer: Mock Balance : { srv39292:5 , srv72571:5 , srv76933:5 , srv85066:5 , srv91497:5 , srv9194:5 , srv14722:6 , srv34039:6 , srv37454:6 , srv37836:6 }
24/05/17 03:13:13 INFO balancer.TestDefaultLoadBalancer: Mock Cluster : { srv14722:0 , srv34039:0 , srv37454:0 , srv37836:0 , srv56057:0 , srv57273:0 , srv60173:0 , srv61901:0 , srv69025:0 , srv39292:54 } [srvr=10 rgns=54 avg=5.4 max=6 min=5]
24/05/17 03:13:13 DEBUG balancer.DefaultLoadBalancer: Balance parameter: numEntityGroups=54, numServers=10, max=6, min=5
24/05/17 03:13:13 INFO balancer.DefaultLoadBalancer: Done. Calculated a load balance in 1ms. Moving 48 entityGroups off of 1 overloaded servers onto 9 less loaded servers
24/05/17 03:13:13 INFO balancer.TestDefaultLoadBalancer: Mock Balance : { srv37836:5 , srv56057:5 , srv57273:5 , srv60173:5 , srv61901:5 , srv69025:5 , srv14722:6 , srv34039:6 , srv37454:6 , srv39292:6 }
24/05/17 03:13:13 INFO balancer.TestDefaultLoadBalancer: Mock Cluster : { srv14722:0 , srv34039:0 , srv37454:0 , srv37836:0 , srv72571:0 , srv76933:0 , srv85066:0 , srv91497:0 , srv9194:0 , srv39292:55 } [srvr=10 rgns=55 avg=5.5 max=6 min=5]
24/05/17 03:13:13 DEBUG balancer.DefaultLoadBalancer: Balance parameter: numEntityGroups=55, numServers=10, max=6, min=5
24/05/17 03:13:13 INFO balancer.DefaultLoadBalancer: Done. Calculated a load balance in 0ms. Moving 49 entityGroups off of 1 overloaded servers onto 9 less loaded servers
24/05/17 03:13:13 INFO balancer.TestDefaultLoadBalancer: Mock Balance : { srv72571:5 , srv76933:5 , srv85066:5 , srv91497:5 , srv9194:5 , srv14722:6 , srv34039:6 , srv37454:6 , srv37836:6 , srv39292:6 }
24/05/17 03:13:13 INFO balancer.TestDefaultLoadBalancer: Mock Cluster : { srv14722:0 , srv34039:0 , srv37454:0 , srv37836:0 , srv56057:0 , srv57273:0 , srv60173:0 , srv61901:0 , srv69025:0 , srv39292:56 } [srvr=10 rgns=56 avg=5.6 max=6 min=5]
24/05/17 03:13:13 DEBUG balancer.DefaultLoadBalancer: Balance parameter: numEntityGroups=56, numServers=10, max=6, min=5
24/05/17 03:13:13 INFO balancer.DefaultLoadBalancer: Done. Calculated a load balance in 0ms. Moving 50 entityGroups off of 1 overloaded servers onto 9 less loaded servers
24/05/17 03:13:13 INFO balancer.TestDefaultLoadBalancer: Mock Balance : { srv57273:5 , srv60173:5 , srv61901:5 , srv69025:5 , srv14722:6 , srv34039:6 , srv37454:6 , srv37836:6 , srv39292:6 , srv56057:6 }
24/05/17 03:13:13 INFO balancer.TestDefaultLoadBalancer: Mock Cluster : { srv14722:0 , srv34039:0 , srv37454:0 , srv37836:0 , srv72571:0 , srv76933:0 , srv85066:0 , srv91497:0 , srv9194:0 , srv39292:16 } [srvr=10 rgns=16 avg=1.6 max=2 min=1]
24/05/17 03:13:13 DEBUG balancer.DefaultLoadBalancer: Balance parameter: numEntityGroups=16, numServers=10, max=2, min=1
24/05/17 03:13:13 INFO balancer.DefaultLoadBalancer: Done. Calculated a load balance in 0ms. Moving 14 entityGroups off of 1 overloaded servers onto 9 less loaded servers
24/05/17 03:13:13 INFO balancer.TestDefaultLoadBalancer: Mock Balance : { srv76933:1 , srv85066:1 , srv91497:1 , srv9194:1 , srv14722:2 , srv34039:2 , srv37454:2 , srv37836:2 , srv39292:2 , srv72571:2 }
24/05/17 03:13:13 INFO balancer.TestDefaultLoadBalancer: Mock Cluster : { srv14722:1 , srv34039:1 , srv37454:1 , srv37836:1 , srv56057:1 , srv57273:1 , srv60173:1 , srv61901:1 , srv69025:1 , srv39292:8 } [srvr=10 rgns=17 avg=1.7 max=2 min=1]
24/05/17 03:13:13 DEBUG balancer.DefaultLoadBalancer: Balance parameter: numEntityGroups=17, numServers=10, max=2, min=1
24/05/17 03:13:13 INFO balancer.DefaultLoadBalancer: Done. Calculated a load balance in 0ms. Moving 6 entityGroups off of 1 overloaded servers onto 0 less loaded servers
24/05/17 03:13:13 INFO balancer.TestDefaultLoadBalancer: Mock Balance : { srv60173:1 , srv61901:1 , srv69025:1 , srv14722:2 , srv34039:2 , srv37454:2 , srv37836:2 , srv39292:2 , srv56057:2 , srv57273:2 }
24/05/17 03:13:13 INFO balancer.TestDefaultLoadBalancer: Mock Cluster : { srv14722:1 , srv34039:1 , srv37454:1 , srv37836:1 , srv72571:1 , srv76933:1 , srv85066:1 , srv91497:1 , srv9194:1 , srv39292:9 } [srvr=10 rgns=18 avg=1.8 max=2 min=1]
24/05/17 03:13:13 DEBUG balancer.DefaultLoadBalancer: Balance parameter: numEntityGroups=18, numServers=10, max=2, min=1
24/05/17 03:13:13 INFO balancer.DefaultLoadBalancer: Done. Calculated a load balance in 0ms. Moving 7 entityGroups off of 1 overloaded servers onto 0 less loaded servers
24/05/17 03:13:13 INFO balancer.TestDefaultLoadBalancer: Mock Balance : { srv91497:1 , srv9194:1 , srv14722:2 , srv34039:2 , srv37454:2 , srv37836:2 , srv39292:2 , srv72571:2 , srv76933:2 , srv85066:2 }
24/05/17 03:13:13 INFO balancer.TestDefaultLoadBalancer: Mock Cluster : { srv14722:1 , srv34039:1 , srv37454:1 , srv37836:1 , srv56057:1 , srv57273:1 , srv60173:1 , srv61901:1 , srv69025:1 , srv39292:10 } [srvr=10 rgns=19 avg=1.9 max=2 min=1]
24/05/17 03:13:13 DEBUG balancer.DefaultLoadBalancer: Balance parameter: numEntityGroups=19, numServers=10, max=2, min=1
24/05/17 03:13:13 INFO balancer.DefaultLoadBalancer: Done. Calculated a load balance in 0ms. Moving 8 entityGroups off of 1 overloaded servers onto 0 less loaded servers
24/05/17 03:13:13 INFO balancer.TestDefaultLoadBalancer: Mock Balance : { srv69025:1 , srv14722:2 , srv34039:2 , srv37454:2 , srv37836:2 , srv39292:2 , srv56057:2 , srv57273:2 , srv60173:2 , srv61901:2 }
24/05/17 03:13:13 INFO balancer.TestDefaultLoadBalancer: Mock Cluster : { srv14722:1 , srv34039:1 , srv37454:1 , srv37836:1 , srv72571:1 , srv76933:1 , srv85066:1 , srv91497:1 , srv9194:1 , srv39292:123 } [srvr=10 rgns=132 avg=13.2 max=14 min=13]
24/05/17 03:13:13 DEBUG balancer.DefaultLoadBalancer: Balance parameter: numEntityGroups=132, numServers=10, max=14, min=13
24/05/17 03:13:13 INFO balancer.DefaultLoadBalancer: Done. Calculated a load balance in 1ms. Moving 109 entityGroups off of 1 overloaded servers onto 9 less loaded servers
24/05/17 03:13:13 INFO balancer.TestDefaultLoadBalancer: Mock Balance : { srv34039:13 , srv37454:13 , srv37836:13 , srv72571:13 , srv76933:13 , srv85066:13 , srv91497:13 , srv9194:13 , srv14722:14 , srv39292:14 }
24/05/17 03:13:13 INFO balancer.TestDefaultLoadBalancer: Mock Cluster : { srv14722:1 , srv34039:1 , srv37454:1 , srv37836:1 , srv56057:1 , srv57273:1 , srv60173:1 , srv61901:1 , srv69025:1 , srv39292:155 } [srvr=10 rgns=164 avg=16.4 max=17 min=16]
24/05/17 03:13:13 DEBUG balancer.DefaultLoadBalancer: Balance parameter: numEntityGroups=164, numServers=10, max=17, min=16
24/05/17 03:13:13 INFO balancer.DefaultLoadBalancer: Done. Calculated a load balance in 1ms. Moving 138 entityGroups off of 1 overloaded servers onto 9 less loaded servers
24/05/17 03:13:13 INFO balancer.TestDefaultLoadBalancer: Mock Balance : { srv37836:16 , srv56057:16 , srv57273:16 , srv60173:16 , srv61901:16 , srv69025:16 , srv14722:17 , srv34039:17 , srv37454:17 , srv39292:17 }
24/05/17 03:13:13 INFO balancer.TestDefaultLoadBalancer: Mock Cluster : { srv72571:0 , srv76933:0 , srv14722:1 , srv34039:1 , srv91497:1 , srv9194:1 , srv56057:12 , srv37836:133 , srv39292:138 , srv85066:144 , srv37454:1123 , srv57273:1444 } [srvr=12 rgns=2998 avg=249.83333 max=250 min=249]
24/05/17 03:13:13 DEBUG balancer.DefaultLoadBalancer: Balance parameter: numEntityGroups=2998, numServers=12, max=250, min=249
24/05/17 03:13:13 INFO balancer.DefaultLoadBalancer: Done. Calculated a load balance in 5ms. Moving 2067 entityGroups off of 2 overloaded servers onto 10 less loaded servers
24/05/17 03:13:13 INFO balancer.TestDefaultLoadBalancer: Mock Balance : { srv39292:249 , srv85066:249 , srv14722:250 , srv34039:250 , srv37454:250 , srv37836:250 , srv56057:250 , srv57273:250 , srv72571:250 , srv76933:250 , srv91497:250 , srv9194:250 }
24/05/17 03:13:13 INFO balancer.TestDefaultLoadBalancer: Mock Cluster : { srv34039:0 , srv60173:0 , srv61901:0 , srv14722:1 , srv37836:1 , srv37454:4 , srv72571:12 , srv56057:133 , srv57273:138 , srv69025:144 , srv39292:1123 , srv76933:1444 } [srvr=12 rgns=3000 avg=250.0 max=250 min=250]
24/05/17 03:13:13 DEBUG balancer.DefaultLoadBalancer: Balance parameter: numEntityGroups=3000, numServers=12, max=250, min=250
24/05/17 03:13:13 INFO balancer.DefaultLoadBalancer: Calculated a load balance in 5ms. Moving 2067 entityGroups off of 2 overloaded servers onto 10 less loaded servers
24/05/17 03:13:13 INFO balancer.TestDefaultLoadBalancer: Mock Balance : { srv14722:250 , srv34039:250 , srv37454:250 , srv37836:250 , srv39292:250 , srv56057:250 , srv57273:250 , srv60173:250 , srv61901:250 , srv69025:250 , srv72571:250 , srv76933:250 }
24/05/17 03:13:14 INFO server.SessionTrackerImpl: SessionTrackerImpl exited loop!
24/05/17 03:13:14 INFO server.SessionTrackerImpl: SessionTrackerImpl exited loop!
24/05/17 03:13:14 INFO balancer.TestDefaultLoadBalancer: Mock Cluster : { srv37836:1385 , srv91497:1392 , srv34039:1535 , srv85066:1538 , srv39292:1542 , srv37454:1553 , srv14722:1557 , srv9194:1561 , srv56057:1619 } [srvr=9 rgns=13682 avg=1520.2222 max=1521 min=1520]
24/05/17 03:13:14 DEBUG balancer.DefaultLoadBalancer: Balance parameter: numEntityGroups=13682, numServers=9, max=1521, min=1520
24/05/17 03:13:14 INFO balancer.DefaultLoadBalancer: Done. Calculated a load balance in 2ms. Moving 263 entityGroups off of 7 overloaded servers onto 2 less loaded servers
24/05/17 03:13:14 INFO balancer.TestDefaultLoadBalancer: Mock Balance : { srv14722:1520 , srv37454:1520 , srv37836:1520 , srv39292:1520 , srv56057:1520 , srv91497:1520 , srv9194:1520 , srv34039:1521 , srv85066:1521 }
24/05/17 03:13:14 INFO wasp.WaspTestingUtility: Starting up minicluster with 1 master(s) and 2 fserver(s) 
Starting DataNode 0 with dfs.data.dir: /home/idflakies/alibaba/wasp/target/test-data/cafbbefc-0b3d-4d4e-9251-d6a32387434f/dfscluster_fd86ff47-075a-4bae-b724-259cd54ed20a/dfs/data/data1,/home/idflakies/alibaba/wasp/target/test-data/cafbbefc-0b3d-4d4e-9251-d6a32387434f/dfscluster_fd86ff47-075a-4bae-b724-259cd54ed20a/dfs/data/data2
24/05/17 03:13:14 ERROR datanode.DataNode: All directories in dfs.data.dir are invalid.
24/05/17 03:13:14 INFO wasp.WaspTestingUtility: Shutting down mini wasp cluster
24/05/17 03:13:14 INFO wasp.WaspTestingUtility: Minicluster is down
java.lang.NullPointerException
	at org.apache.hadoop.hdfs.MiniDFSCluster.startDataNodes(MiniDFSCluster.java:422)
	at org.apache.hadoop.hdfs.MiniDFSCluster.<init>(MiniDFSCluster.java:280)
	at org.apache.hadoop.hbase.HBaseTestingUtility.startMiniDFSCluster(HBaseTestingUtility.java:451)
	at org.apache.hadoop.hbase.HBaseTestingUtility.startMiniCluster(HBaseTestingUtility.java:619)
	at org.apache.hadoop.hbase.HBaseTestingUtility.startMiniCluster(HBaseTestingUtility.java:575)
	at com.alibaba.wasp.WaspTestingUtility.startMiniCluster(WaspTestingUtility.java:172)
	at com.alibaba.wasp.WaspTestingUtility.startMiniCluster(WaspTestingUtility.java:144)
	at com.alibaba.wasp.master.TestMaster.beforeAllTests(TestMaster.java:60)
	at sun.reflect.NativeMethodAccessorImpl.invoke0(Native Method)
	at sun.reflect.NativeMethodAccessorImpl.invoke(NativeMethodAccessorImpl.java:62)
	at sun.reflect.DelegatingMethodAccessorImpl.invoke(DelegatingMethodAccessorImpl.java:43)
	at java.lang.reflect.Method.invoke(Method.java:498)
	at org.junit.runners.model.FrameworkMethod$1.runReflectiveCall(FrameworkMethod.java:45)
	at org.junit.internal.runners.model.ReflectiveCallable.run(ReflectiveCallable.java:15)
	at org.junit.runners.model.FrameworkMethod.invokeExplosively(FrameworkMethod.java:42)
	at org.junit.internal.runners.statements.RunBefores.evaluate(RunBefores.java:27)
	at org.junit.internal.runners.statements.RunAfters.evaluate(RunAfters.java:30)
	at org.junit.runners.ParentRunner.run(ParentRunner.java:300)
	at org.junit.runners.Suite.runChild(Suite.java:128)
	at org.junit.runners.Suite.runChild(Suite.java:24)
	at org.junit.runners.ParentRunner$3.run(ParentRunner.java:231)
	at org.junit.runners.ParentRunner$1.schedule(ParentRunner.java:60)
	at org.junit.runners.ParentRunner.runChildren(ParentRunner.java:229)
	at org.junit.runners.ParentRunner.access$000(ParentRunner.java:50)
	at org.junit.runners.ParentRunner$2.evaluate(ParentRunner.java:222)
	at org.junit.runners.ParentRunner.run(ParentRunner.java:300)
	at org.junit.runner.JUnitCore.run(JUnitCore.java:157)
	at org.junit.runner.JUnitCore.run(JUnitCore.java:136)
	at edu.illinois.cs.testrunner.execution.JUnitTestExecutor.execute(JUnitTestExecutor.java:246)
	at edu.illinois.cs.testrunner.execution.JUnitTestExecutor.executeWithJUnit4Runner(JUnitTestExecutor.java:315)
	at edu.illinois.cs.testrunner.execution.JUnitTestExecutor.runOrder(JUnitTestExecutor.java:46)
	at edu.illinois.cs.testrunner.execution.Executor$.$anonfun$run$1(Executor.scala:30)
	at scala.runtime.java8.JFunction0$mcV$sp.apply(JFunction0$mcV$sp.java:12)
	at scala.util.Try$.apply(Try.scala:209)
	at edu.illinois.cs.testrunner.execution.Executor$.run(Executor.scala:28)
	at edu.illinois.cs.testrunner.execution.Executor$.main(Executor.scala:18)
	at edu.illinois.cs.testrunner.execution.Executor.main(Executor.scala)
24/05/17 03:13:14 DEBUG ipc.WaspRPC: Using com.alibaba.wasp.ipc.ProtobufRpcEngine for com.alibaba.wasp.ipc.TestProtoBufRpc$TestRpcService
24/05/17 03:13:14 DEBUG ipc.NettyTransceiver: Using Netty bootstrap options: {connectTimeoutMillis=3000, tcpNoDelay=true}
24/05/17 03:13:14 DEBUG ipc.NettyTransceiver: Connecting to /0.0.0.0:41467
24/05/17 03:13:14 DEBUG ipc.NettyTransceiver: [id: 0x61e45f87] OPEN
24/05/17 03:13:14 INFO ipc.NettyTransceiver: Successfully connected to bookie: /0.0.0.0:41467
24/05/17 03:13:14 DEBUG ipc.NettyTransceiver: [id: 0x61e45f87, /172.17.0.2:53952 => /0.0.0.0:41467] BOUND: /172.17.0.2:53952
24/05/17 03:13:14 DEBUG ipc.NettyTransceiver: [id: 0x61e45f87, /172.17.0.2:53952 => /0.0.0.0:41467] CONNECTED: /0.0.0.0:41467
24/05/17 03:13:14 DEBUG ipc.NettyServer: [id: 0x52aeabe3, /172.17.0.2:53952 => /172.17.0.2:41467] OPEN
24/05/17 03:13:14 DEBUG ipc.NettyServer: [id: 0x52aeabe3, /172.17.0.2:53952 => /172.17.0.2:41467] BOUND: /172.17.0.2:41467
24/05/17 03:13:14 DEBUG ipc.NettyServer: [id: 0x52aeabe3, /172.17.0.2:53952 => /172.17.0.2:41467] CONNECTED: /172.17.0.2:53952
24/05/17 03:13:14 ERROR ipc.NettyServer: pool-11-thread-8, call methodName: "error"
clientProtocolVersion: 1
request: ""
requestClassName: "com.alibaba.wasp.ipc.protobuf.generated.TestProtos$EmptyRequestProto"
: error: 
java.io.IOException: error
	at com.alibaba.wasp.ipc.TestProtoBufRpc$PBServerImpl.error(TestProtoBufRpc.java:68)
	at sun.reflect.NativeMethodAccessorImpl.invoke0(Native Method)
	at sun.reflect.NativeMethodAccessorImpl.invoke(NativeMethodAccessorImpl.java:62)
	at sun.reflect.DelegatingMethodAccessorImpl.invoke(DelegatingMethodAccessorImpl.java:43)
	at java.lang.reflect.Method.invoke(Method.java:498)
	at com.alibaba.wasp.ipc.ProtobufRpcEngine$Server.call(ProtobufRpcEngine.java:270)
	at com.alibaba.wasp.ipc.NettyServer$NettyServerWaspHandler.messageReceived(NettyServer.java:234)
	at org.jboss.netty.channel.SimpleChannelUpstreamHandler.handleUpstream(SimpleChannelUpstreamHandler.java:75)
	at com.alibaba.wasp.ipc.NettyServer$NettyServerWaspHandler.handleUpstream(NettyServer.java:171)
	at org.jboss.netty.channel.DefaultChannelPipeline.sendUpstream(DefaultChannelPipeline.java:563)
	at org.jboss.netty.channel.DefaultChannelPipeline$DefaultChannelHandlerContext.sendUpstream(DefaultChannelPipeline.java:791)
	at org.jboss.netty.handler.execution.ChannelUpstreamEventRunnable.doRun(ChannelUpstreamEventRunnable.java:45)
	at org.jboss.netty.handler.execution.ChannelEventRunnable.run(ChannelEventRunnable.java:64)
	at java.util.concurrent.ThreadPoolExecutor.runWorker(ThreadPoolExecutor.java:1149)
	at java.util.concurrent.ThreadPoolExecutor$Worker.run(ThreadPoolExecutor.java:624)
	at java.lang.Thread.run(Thread.java:748)
24/05/17 03:13:14 INFO ipc.NettyServer: Stopping server on 0
24/05/17 03:13:14 DEBUG ipc.NettyTransceiver: [id: 0x61e45f87, /172.17.0.2:53952 :> /0.0.0.0:41467] DISCONNECTED
24/05/17 03:13:14 DEBUG ipc.NettyTransceiver: [id: 0x61e45f87, /172.17.0.2:53952 :> /0.0.0.0:41467] UNBOUND
24/05/17 03:13:14 DEBUG ipc.NettyTransceiver: [id: 0x61e45f87, /172.17.0.2:53952 :> /0.0.0.0:41467] CLOSED
24/05/17 03:13:14 DEBUG ipc.NettyTransceiver: Remote peer /0.0.0.0:41467 closed connection.
24/05/17 03:13:14 DEBUG ipc.NettyTransceiver: Disconnecting from /0.0.0.0:41467
24/05/17 03:13:14 DEBUG ipc.NettyServer: [id: 0x52aeabe3, /172.17.0.2:53952 :> /172.17.0.2:41467] DISCONNECTED
24/05/17 03:13:14 DEBUG ipc.NettyServer: [id: 0x52aeabe3, /172.17.0.2:53952 :> /172.17.0.2:41467] UNBOUND
24/05/17 03:13:14 DEBUG ipc.NettyServer: [id: 0x52aeabe3, /172.17.0.2:53952 :> /172.17.0.2:41467] CLOSED
24/05/17 03:13:14 INFO wasp.WaspTestingUtility: Starting up minicluster with 1 master(s) and 1 fserver(s) 
Starting DataNode 0 with dfs.data.dir: /home/idflakies/alibaba/wasp/target/test-data/7d30de6a-71ac-4b4c-8f9f-8270ac8eb59a/dfscluster_91c3e973-a929-4b0f-96b5-d9ab2e441b47/dfs/data/data1,/home/idflakies/alibaba/wasp/target/test-data/7d30de6a-71ac-4b4c-8f9f-8270ac8eb59a/dfscluster_91c3e973-a929-4b0f-96b5-d9ab2e441b47/dfs/data/data2
24/05/17 03:13:15 ERROR datanode.DataNode: All directories in dfs.data.dir are invalid.
24/05/17 03:13:15 INFO wasp.WaspTestingUtility: Shutting down mini wasp cluster
24/05/17 03:13:15 INFO wasp.WaspTestingUtility: Minicluster is down
java.lang.NullPointerException
	at org.apache.hadoop.hdfs.MiniDFSCluster.startDataNodes(MiniDFSCluster.java:422)
	at org.apache.hadoop.hdfs.MiniDFSCluster.<init>(MiniDFSCluster.java:280)
	at org.apache.hadoop.hbase.HBaseTestingUtility.startMiniDFSCluster(HBaseTestingUtility.java:451)
	at org.apache.hadoop.hbase.HBaseTestingUtility.startMiniCluster(HBaseTestingUtility.java:619)
	at org.apache.hadoop.hbase.HBaseTestingUtility.startMiniCluster(HBaseTestingUtility.java:575)
	at com.alibaba.wasp.WaspTestingUtility.startMiniCluster(WaspTestingUtility.java:172)
	at com.alibaba.wasp.WaspTestingUtility.startMiniCluster(WaspTestingUtility.java:144)
	at com.alibaba.wasp.plan.execute.TestExecutionEngine.before(TestExecutionEngine.java:89)
	at sun.reflect.NativeMethodAccessorImpl.invoke0(Native Method)
	at sun.reflect.NativeMethodAccessorImpl.invoke(NativeMethodAccessorImpl.java:62)
	at sun.reflect.DelegatingMethodAccessorImpl.invoke(DelegatingMethodAccessorImpl.java:43)
	at java.lang.reflect.Method.invoke(Method.java:498)
	at org.junit.runners.model.FrameworkMethod$1.runReflectiveCall(FrameworkMethod.java:45)
	at org.junit.internal.runners.model.ReflectiveCallable.run(ReflectiveCallable.java:15)
	at org.junit.runners.model.FrameworkMethod.invokeExplosively(FrameworkMethod.java:42)
	at org.junit.internal.runners.statements.RunBefores.evaluate(RunBefores.java:27)
	at org.junit.internal.runners.statements.RunAfters.evaluate(RunAfters.java:30)
	at org.junit.runners.ParentRunner.run(ParentRunner.java:300)
	at org.junit.runners.Suite.runChild(Suite.java:128)
	at org.junit.runners.Suite.runChild(Suite.java:24)
	at org.junit.runners.ParentRunner$3.run(ParentRunner.java:231)
	at org.junit.runners.ParentRunner$1.schedule(ParentRunner.java:60)
	at org.junit.runners.ParentRunner.runChildren(ParentRunner.java:229)
	at org.junit.runners.ParentRunner.access$000(ParentRunner.java:50)
	at org.junit.runners.ParentRunner$2.evaluate(ParentRunner.java:222)
	at org.junit.runners.ParentRunner.run(ParentRunner.java:300)
	at org.junit.runner.JUnitCore.run(JUnitCore.java:157)
	at org.junit.runner.JUnitCore.run(JUnitCore.java:136)
	at edu.illinois.cs.testrunner.execution.JUnitTestExecutor.execute(JUnitTestExecutor.java:246)
	at edu.illinois.cs.testrunner.execution.JUnitTestExecutor.executeWithJUnit4Runner(JUnitTestExecutor.java:315)
	at edu.illinois.cs.testrunner.execution.JUnitTestExecutor.runOrder(JUnitTestExecutor.java:46)
	at edu.illinois.cs.testrunner.execution.Executor$.$anonfun$run$1(Executor.scala:30)
	at scala.runtime.java8.JFunction0$mcV$sp.apply(JFunction0$mcV$sp.java:12)
	at scala.util.Try$.apply(Try.scala:209)
	at edu.illinois.cs.testrunner.execution.Executor$.run(Executor.scala:28)
	at edu.illinois.cs.testrunner.execution.Executor$.main(Executor.scala:18)
	at edu.illinois.cs.testrunner.execution.Executor.main(Executor.scala)
24/05/17 03:13:15 INFO wasp.WaspTestingUtility: Starting up minicluster with 3 master(s) and 3 fserver(s) 
Starting DataNode 0 with dfs.data.dir: /home/idflakies/alibaba/wasp/target/test-data/75b6ca42-668f-498e-aa61-3ee7255fcdcf/dfscluster_97369733-82bf-4737-93c5-ad21ab8f78a2/dfs/data/data1,/home/idflakies/alibaba/wasp/target/test-data/75b6ca42-668f-498e-aa61-3ee7255fcdcf/dfscluster_97369733-82bf-4737-93c5-ad21ab8f78a2/dfs/data/data2
24/05/17 03:13:15 ERROR datanode.DataNode: All directories in dfs.data.dir are invalid.
java.lang.NullPointerException
	at org.apache.hadoop.hdfs.MiniDFSCluster.startDataNodes(MiniDFSCluster.java:422)
	at org.apache.hadoop.hdfs.MiniDFSCluster.<init>(MiniDFSCluster.java:280)
	at org.apache.hadoop.hbase.HBaseTestingUtility.startMiniDFSCluster(HBaseTestingUtility.java:451)
	at org.apache.hadoop.hbase.HBaseTestingUtility.startMiniCluster(HBaseTestingUtility.java:619)
	at org.apache.hadoop.hbase.HBaseTestingUtility.startMiniCluster(HBaseTestingUtility.java:575)
	at com.alibaba.wasp.WaspTestingUtility.startMiniCluster(WaspTestingUtility.java:172)
	at com.alibaba.wasp.master.TestMasterShutdown.testMasterShutdown(TestMasterShutdown.java:57)
	at sun.reflect.NativeMethodAccessorImpl.invoke0(Native Method)
	at sun.reflect.NativeMethodAccessorImpl.invoke(NativeMethodAccessorImpl.java:62)
	at sun.reflect.DelegatingMethodAccessorImpl.invoke(DelegatingMethodAccessorImpl.java:43)
	at java.lang.reflect.Method.invoke(Method.java:498)
	at org.junit.runners.model.FrameworkMethod$1.runReflectiveCall(FrameworkMethod.java:45)
	at org.junit.internal.runners.model.ReflectiveCallable.run(ReflectiveCallable.java:15)
	at org.junit.runners.model.FrameworkMethod.invokeExplosively(FrameworkMethod.java:42)
	at org.junit.internal.runners.statements.InvokeMethod.evaluate(InvokeMethod.java:20)
	at org.junit.internal.runners.statements.FailOnTimeout$StatementThread.run(FailOnTimeout.java:62)
24/05/17 03:13:15 DEBUG druid.DruidParser: Parsing SQL CREATE TABLE User { Required Int64 user_id; Required String name; Optional DOUBLE value; }  primary key(user_id),  entity group root, entity group key(user_id);
24/05/17 03:13:15 DEBUG druid.DruidDDLParser: CreateTablePlan CreateTablePlan [table=CREATE TABLE User { 
  REQUIRED INT64 user_id COLUMNFAMILY d;
  REQUIRED STRING name COLUMNFAMILY d;
  OPTIONAL DOUBLE value COLUMNFAMILY d;
} 
PRIMARY KEY(user_id),
ENTITY GROUP ROOT,
ENTITY GROUP KEY(user_id);
, splitKeys=null]
24/05/17 03:13:15 DEBUG druid.DruidParser: Parsing SQL CREATE TABLE Photo { Required Int64 user_id columnfamily cf comment 'aaa';  Required Int32 photo_id comment 'child primary key';  Optional Int64 time; Optional String full_url;  Optional String thumbnail_url; Optional string tag; Optional DATETIME date; Optional Int32 int32Type; }  primary key(user_id,photo_id),  in table User,  Entity Group Key(user_id) references User; 
24/05/17 03:13:15 DEBUG druid.DruidDDLParser: CreateTablePlan CreateTablePlan [table=CREATE TABLE Photo { 
  REQUIRED INT64 user_id COLUMNFAMILY cf;
  REQUIRED INT32 photo_id COLUMNFAMILY d;
  OPTIONAL INT64 time COLUMNFAMILY d;
  OPTIONAL STRING full_url COLUMNFAMILY d;
  OPTIONAL STRING thumbnail_url COLUMNFAMILY d;
  OPTIONAL STRING tag COLUMNFAMILY d;
  OPTIONAL DATETIME date COLUMNFAMILY d;
  OPTIONAL INT32 int32Type COLUMNFAMILY d;
} 
PRIMARY KEY(user_id, photo_id, ),
 IN TABLE User,
 ENTITY GROUP KEY(user_id) REFERENCES User;
, splitKeys=null]
24/05/17 03:13:15 DEBUG druid.DruidParser: Parsing SQL Insert into User(user_id,name) values(1,'binlijin');
24/05/17 03:13:15 DEBUG druid.DruidDMLParser: INSERT SQL TableSource User
24/05/17 03:13:15 DEBUG druid.DruidDMLParser: From table User
24/05/17 03:13:15 DEBUG druid.DruidDMLParser:  SQLInsertItem user_id
24/05/17 03:13:15 DEBUG druid.DruidDMLParser:  SQLInsertItem name
24/05/17 03:13:15 DEBUG druid.DruidDMLParser: INSERT SQL Insert columns [user_id, name]
24/05/17 03:13:15 DEBUG druid.DruidDMLParser: INSERT SQL Insert Values List [ VALUES (1, 'binlijin')]
24/05/17 03:13:15 DEBUG druid.DruidDMLParser: InsertPlan InsertPlan [actions=[InsertAction [tableName=User, primayKey=[0, 0, 0, 0, 0, 0, 0, 1], columns=[ColumnAction [tableName=User, familyName=d, columnName=user_id, value=[0, 0, 0, 0, 0, 0, 0, 1], isIndex=false], ColumnAction [tableName=User, familyName=d, columnName=name, value=[98, 105, 110, 108, 105, 106, 105, 110], isIndex=false]]]]]
24/05/17 03:13:15 DEBUG druid.DruidParser: Parsing SQL Insert into Photo(user_id,photo_id,tag) values(1,1,'tag');
24/05/17 03:13:15 DEBUG druid.DruidDMLParser: INSERT SQL TableSource Photo
24/05/17 03:13:15 DEBUG druid.DruidDMLParser: From table Photo
24/05/17 03:13:15 DEBUG druid.DruidDMLParser:  SQLInsertItem user_id
24/05/17 03:13:15 DEBUG druid.DruidDMLParser:  SQLInsertItem photo_id
24/05/17 03:13:15 DEBUG druid.DruidDMLParser:  SQLInsertItem tag
24/05/17 03:13:15 DEBUG druid.DruidDMLParser: INSERT SQL Insert columns [user_id, photo_id, tag]
24/05/17 03:13:15 DEBUG druid.DruidDMLParser: INSERT SQL Insert Values List [ VALUES (1, 1, 'tag')]
24/05/17 03:13:15 DEBUG druid.DruidDMLParser: InsertPlan InsertPlan [actions=[InsertAction [tableName=Photo, primayKey=[0, 0, 0, 0, 0, 0, 0, 1, 0, 0, 0, 0, 1], columns=[ColumnAction [tableName=Photo, familyName=cf, columnName=user_id, value=[0, 0, 0, 0, 0, 0, 0, 1], isIndex=false], ColumnAction [tableName=Photo, familyName=d, columnName=photo_id, value=[0, 0, 0, 1], isIndex=false], ColumnAction [tableName=Photo, familyName=d, columnName=tag, value=[116, 97, 103], isIndex=false]]]]]
24/05/17 03:13:15 INFO server.ZooKeeperServer: Created server with tickTime 2000 minSessionTimeout 4000 maxSessionTimeout 40000 datadir /home/idflakies/alibaba/wasp/target/test-data/0750c944-7dbe-49ff-b42d-1d9451814d18/dfscluster_76f77386-4aef-4e38-a22d-6ab1ecbe61af/zookeeper_0/version-2 snapdir /home/idflakies/alibaba/wasp/target/test-data/0750c944-7dbe-49ff-b42d-1d9451814d18/dfscluster_76f77386-4aef-4e38-a22d-6ab1ecbe61af/zookeeper_0/version-2
24/05/17 03:13:15 INFO server.NIOServerCnxnFactory: binding to port 0.0.0.0/0.0.0.0:49351
24/05/17 03:13:15 INFO persistence.FileTxnSnapLog: Snapshotting: 0x0 to /home/idflakies/alibaba/wasp/target/test-data/0750c944-7dbe-49ff-b42d-1d9451814d18/dfscluster_76f77386-4aef-4e38-a22d-6ab1ecbe61af/zookeeper_0/version-2/snapshot.0
24/05/17 03:13:15 INFO server.NIOServerCnxnFactory: Accepted socket connection from /127.0.0.1:50980
24/05/17 03:13:15 INFO server.NIOServerCnxn: Processing stat command from /127.0.0.1:50980
24/05/17 03:13:15 INFO server.NIOServerCnxn: Stat command output
24/05/17 03:13:15 INFO server.NIOServerCnxn: Closed socket connection for client /127.0.0.1:50980 (no session established for client)
24/05/17 03:13:15 DEBUG zookeeper.ZKUtil: MockServer,123,-1 opening connection to ZooKeeper with ensemble (localhost:49351)
24/05/17 03:13:15 INFO zookeeper.ZooKeeper: Initiating client connection, connectString=localhost:49351 sessionTimeout=180000 watcher=MockServer,123,-1
24/05/17 03:13:15 INFO zookeeper.RecoverableZooKeeper: The identifier of this process is 24334@a9f87c527aeb
24/05/17 03:13:15 INFO server.NIOServerCnxnFactory: Accepted socket connection from /127.0.0.1:50990
24/05/17 03:13:15 DEBUG server.ZooKeeperServer: Session establishment request from client /127.0.0.1:50990 client's lastZxid is 0x0
24/05/17 03:13:15 INFO server.ZooKeeperServer: Client attempting to establish new session at /127.0.0.1:50990
24/05/17 03:13:15 INFO persistence.FileTxnLog: Creating new log file: log.1
24/05/17 03:13:15 INFO server.ZooKeeperServer: Established session 0xff8f848a1f4f0000 with negotiated timeout 40000 for client /127.0.0.1:50990
24/05/17 03:13:15 DEBUG zookeeper.ZooKeeperWatcher: MockServer,123,-1 Received ZooKeeper Event, type=None, state=SyncConnected, path=null
24/05/17 03:13:15 DEBUG zookeeper.ZooKeeperWatcher: MockServer,123,-1-0xff8f848a1f4f0000 connected
24/05/17 03:13:15 DEBUG zookeeper.ZKAssign: MockServer,123,-1-0xff8f848a1f4f0000 Creating unassigned node for 4c28928f435ee246470f28ecd07ef488 in OFFLINE state
24/05/17 03:13:15 DEBUG zookeeper.ZKAssign: MockServer,123,-1-0xff8f848a1f4f0000 Attempting to transition node 4c28928f435ee246470f28ecd07ef488 from M_ZK_ENTITYGROUP_OFFLINE to FSERVER_ZK_ENTITYGROUP_OPENING
24/05/17 03:13:15 DEBUG zookeeper.ZKUtil: MockServer,123,-1-0xff8f848a1f4f0000 Retrieved 118 byte(s) of data from znode /wasp/unassigned/4c28928f435ee246470f28ecd07ef488; data=entityGroup=TestCloseEntityGroupHandler,\x00\x00\x00\x00,1715915595605.4c28928f435ee246470f28ecd07ef488., state=M_ZK_ENTITYGROUP_OFFLINE, servername=MockServer,123,-1, createTime=1715915595631, payload.length=0
24/05/17 03:13:15 DEBUG zookeeper.ZooKeeperWatcher: MockServer,123,-1-0xff8f848a1f4f0000 Received ZooKeeper Event, type=NodeDataChanged, state=SyncConnected, path=/wasp/unassigned/4c28928f435ee246470f28ecd07ef488
24/05/17 03:13:15 DEBUG zookeeper.ZKAssign: MockServer,123,-1-0xff8f848a1f4f0000 Successfully transitioned node 4c28928f435ee246470f28ecd07ef488 from M_ZK_ENTITYGROUP_OFFLINE to FSERVER_ZK_ENTITYGROUP_OPENING
24/05/17 03:13:15 INFO fserver.EntityGroup: EntityGroup.openEntityGroup EntityGroup name ==TestCloseEntityGroupHandler,\x00\x00\x00\x00,1715915595605.4c28928f435ee246470f28ecd07ef488.
24/05/17 03:13:15 DEBUG fserver.EntityGroup: Opening EntityGroup: {NAME => 'TestCloseEntityGroupHandler,\x00\x00\x00\x00,1715915595605.4c28928f435ee246470f28ecd07ef488.', STARTKEY => '\x00\x00\x00\x00', ENDKEY => '\x00\x00\x00\x01', ENCODED => 4c28928f435ee246470f28ecd07ef488,}
24/05/17 03:13:15 DEBUG fserver.MetricsEntityGroupSourceImpl: Creating new MetricsEntityGroupSourceImpl for table TestCloseEntityGroupHandler 4c28928f435ee246470f28ecd07ef488
24/05/17 03:13:15 DEBUG fserver.EntityGroup: Instantiated TestCloseEntityGroupHandler,\x00\x00\x00\x00,1715915595605.4c28928f435ee246470f28ecd07ef488.
24/05/17 03:13:15 DEBUG zookeeper.ZKAssign: MockServer,123,-1-0xff8f848a1f4f0000 Attempting to transition node 4c28928f435ee246470f28ecd07ef488 from FSERVER_ZK_ENTITYGROUP_OPENING to FSERVER_ZK_ENTITYGROUP_OPENING
24/05/17 03:13:15 ERROR server.NIOServerCnxnFactory: Thread Thread[Thread-253,5,main] died
java.lang.NullPointerException
	at com.alibaba.wasp.fserver.EntityGroup.run(EntityGroup.java:1264)
	at java.lang.Thread.run(Thread.java:748)
24/05/17 03:13:15 DEBUG zookeeper.ZKUtil: MockServer,123,-1-0xff8f848a1f4f0000 Retrieved 118 byte(s) of data from znode /wasp/unassigned/4c28928f435ee246470f28ecd07ef488; data=entityGroup=TestCloseEntityGroupHandler,\x00\x00\x00\x00,1715915595605.4c28928f435ee246470f28ecd07ef488., state=FSERVER_ZK_ENTITYGROUP_OPENING, servername=MockServer,123,-1, createTime=1715915595635, payload.length=0
24/05/17 03:13:15 DEBUG zookeeper.ZKAssign: MockServer,123,-1-0xff8f848a1f4f0000 Successfully transitioned node 4c28928f435ee246470f28ecd07ef488 from FSERVER_ZK_ENTITYGROUP_OPENING to FSERVER_ZK_ENTITYGROUP_OPENING
24/05/17 03:13:15 DEBUG zookeeper.ZKAssign: MockServer,123,-1-0xff8f848a1f4f0000 Attempting to transition node 4c28928f435ee246470f28ecd07ef488 from FSERVER_ZK_ENTITYGROUP_OPENING to FSERVER_ZK_ENTITYGROUP_OPENED
24/05/17 03:13:15 DEBUG zookeeper.ZKUtil: MockServer,123,-1-0xff8f848a1f4f0000 Retrieved 118 byte(s) of data from znode /wasp/unassigned/4c28928f435ee246470f28ecd07ef488; data=entityGroup=TestCloseEntityGroupHandler,\x00\x00\x00\x00,1715915595605.4c28928f435ee246470f28ecd07ef488., state=FSERVER_ZK_ENTITYGROUP_OPENING, servername=MockServer,123,-1, createTime=1715915595639, payload.length=0
24/05/17 03:13:15 DEBUG zookeeper.ZKAssign: MockServer,123,-1-0xff8f848a1f4f0000 Successfully transitioned node 4c28928f435ee246470f28ecd07ef488 from FSERVER_ZK_ENTITYGROUP_OPENING to FSERVER_ZK_ENTITYGROUP_OPENED
24/05/17 03:13:15 DEBUG handler.OpenEntityGroupHandler: entityGroup transitioned to opened in zookeeper: {NAME => 'TestCloseEntityGroupHandler,\x00\x00\x00\x00,1715915595605.4c28928f435ee246470f28ecd07ef488.', STARTKEY => '\x00\x00\x00\x00', ENDKEY => '\x00\x00\x00\x01', ENCODED => 4c28928f435ee246470f28ecd07ef488,}, server: MockServer,123,-1
24/05/17 03:13:15 DEBUG handler.OpenEntityGroupHandler: Opened TestCloseEntityGroupHandler,\x00\x00\x00\x00,1715915595605.4c28928f435ee246470f28ecd07ef488. on server:MockServer,123,-1
24/05/17 03:13:15 DEBUG zookeeper.ZKUtil: MockServer,123,-1-0xff8f848a1f4f0000 Retrieved 118 byte(s) of data from znode /wasp/unassigned/4c28928f435ee246470f28ecd07ef488 and set watcher; entityGroup=TestCloseEntityGroupHandler,\x00\x00\x00\x00,1715915595605.4c28928f435ee246470f28ecd07ef488., state=FSERVER_ZK_ENTITYGROUP_OPENED, servername=MockServer,123,-1, createTime=1715915595645, payload.length=0
24/05/17 03:13:15 DEBUG zookeeper.ZKAssign: MockServer,123,-1-0xff8f848a1f4f0000 Deleting existing unassigned node for 4c28928f435ee246470f28ecd07ef488 that is in expected state FSERVER_ZK_ENTITYGROUP_OPENED
24/05/17 03:13:15 DEBUG zookeeper.ZKUtil: MockServer,123,-1-0xff8f848a1f4f0000 Retrieved 118 byte(s) of data from znode /wasp/unassigned/4c28928f435ee246470f28ecd07ef488; data=entityGroup=TestCloseEntityGroupHandler,\x00\x00\x00\x00,1715915595605.4c28928f435ee246470f28ecd07ef488., state=FSERVER_ZK_ENTITYGROUP_OPENED, servername=MockServer,123,-1, createTime=1715915595645, payload.length=0
24/05/17 03:13:15 DEBUG zookeeper.ZooKeeperWatcher: MockServer,123,-1-0xff8f848a1f4f0000 Received ZooKeeper Event, type=NodeDeleted, state=SyncConnected, path=/wasp/unassigned/4c28928f435ee246470f28ecd07ef488
24/05/17 03:13:15 DEBUG zookeeper.ZKAssign: MockServer,123,-1-0xff8f848a1f4f0000 Successfully deleted unassigned node for entityGroup 4c28928f435ee246470f28ecd07ef488 in expected state FSERVER_ZK_ENTITYGROUP_OPENED
24/05/17 03:13:15 DEBUG zookeeper.ZKAssign: MockServer,123,-1-0xff8f848a1f4f0000 Creating unassigned node for 4c28928f435ee246470f28ecd07ef488 in a CLOSING state
24/05/17 03:13:15 DEBUG handler.CloseEntityGroupHandler: Processing close of TestCloseEntityGroupHandler,\x00\x00\x00\x00,1715915595605.4c28928f435ee246470f28ecd07ef488.
24/05/17 03:13:15 DEBUG fserver.EntityGroup: Closing TestCloseEntityGroupHandler,\x00\x00\x00\x00,1715915595605.4c28928f435ee246470f28ecd07ef488.
24/05/17 03:13:15 DEBUG fserver.EntityGroup: Updates disabled for entityGroup TestCloseEntityGroupHandler,\x00\x00\x00\x00,1715915595605.4c28928f435ee246470f28ecd07ef488.
24/05/17 03:13:15 INFO fserver.EntityGroup: Running commit transaction of TestCloseEntityGroupHandler,\x00\x00\x00\x00,1715915595605.4c28928f435ee246470f28ecd07ef488. before close
24/05/17 03:13:15 INFO fserver.EntityGroup: Closed TestCloseEntityGroupHandler,\x00\x00\x00\x00,1715915595605.4c28928f435ee246470f28ecd07ef488.
24/05/17 03:13:15 DEBUG zookeeper.ZKAssign: MockServer,123,-1-0xff8f848a1f4f0000 Attempting to transition node 4c28928f435ee246470f28ecd07ef488 from M_ZK_ENTITYGROUP_CLOSING to FSERVER_ZK_ENTITYGROUP_CLOSED
24/05/17 03:13:15 DEBUG zookeeper.ZKUtil: MockServer,123,-1-0xff8f848a1f4f0000 Retrieved 120 byte(s) of data from znode /wasp/unassigned/4c28928f435ee246470f28ecd07ef488; data=entityGroup=TestCloseEntityGroupHandler,\x00\x00\x00\x00,1715915595605.4c28928f435ee246470f28ecd07ef488., state=M_ZK_ENTITYGROUP_CLOSING, servername=MockServer,123,-1, createTime=1715915595650, payload.length=0
24/05/17 03:13:15 WARN zookeeper.ZKAssign: MockServer,123,-1-0xff8f848a1f4f0000 Attempt to transition the unassigned node for 4c28928f435ee246470f28ecd07ef488 from M_ZK_ENTITYGROUP_CLOSING to FSERVER_ZK_ENTITYGROUP_CLOSED failed, the node existed but was version 0 not the expected version 1
24/05/17 03:13:15 WARN handler.CloseEntityGroupHandler: Completed the CLOSE of a entityGroup but when transitioning from  CLOSING to CLOSED got a version mismatch, someone else clashed so now unassigning
24/05/17 03:13:15 WARN fserver.EntityGroup: EntityGroup TestCloseEntityGroupHandler,\x00\x00\x00\x00,1715915595605.4c28928f435ee246470f28ecd07ef488. already closed
24/05/17 03:13:15 DEBUG handler.CloseEntityGroupHandler: set entityGroup closed state in zk unsuccessfully for entityGroup TestCloseEntityGroupHandler,\x00\x00\x00\x00,1715915595605.4c28928f435ee246470f28ecd07ef488. sn name: MockServer,123,-1
24/05/17 03:13:15 DEBUG handler.CloseEntityGroupHandler: Closed entityGroup TestCloseEntityGroupHandler,\x00\x00\x00\x00,1715915595605.4c28928f435ee246470f28ecd07ef488.
24/05/17 03:13:15 DEBUG zookeeper.ZKUtil: MockServer,123,-1-0xff8f848a1f4f0000 Retrieved 120 byte(s) of data from znode /wasp/unassigned/4c28928f435ee246470f28ecd07ef488 and set watcher; entityGroup=TestCloseEntityGroupHandler,\x00\x00\x00\x00,1715915595605.4c28928f435ee246470f28ecd07ef488., state=M_ZK_ENTITYGROUP_CLOSING, servername=MockServer,123,-1, createTime=1715915595650, payload.length=0
24/05/17 03:13:15 DEBUG zookeeper.ZKUtil: MockServer,123,-1 opening connection to ZooKeeper with ensemble (localhost:49351)
24/05/17 03:13:15 INFO zookeeper.ZooKeeper: Initiating client connection, connectString=localhost:49351 sessionTimeout=180000 watcher=MockServer,123,-1
24/05/17 03:13:15 INFO zookeeper.RecoverableZooKeeper: The identifier of this process is 24334@a9f87c527aeb
24/05/17 03:13:15 INFO server.NIOServerCnxnFactory: Accepted socket connection from /127.0.0.1:51004
24/05/17 03:13:15 DEBUG server.ZooKeeperServer: Session establishment request from client /127.0.0.1:51004 client's lastZxid is 0x0
24/05/17 03:13:15 INFO server.ZooKeeperServer: Client attempting to establish new session at /127.0.0.1:51004
24/05/17 03:13:15 INFO server.ZooKeeperServer: Established session 0xff8f848a1f4f0001 with negotiated timeout 40000 for client /127.0.0.1:51004
24/05/17 03:13:15 DEBUG zookeeper.ZooKeeperWatcher: MockServer,123,-1 Received ZooKeeper Event, type=None, state=SyncConnected, path=null
24/05/17 03:13:15 DEBUG zookeeper.ZooKeeperWatcher: MockServer,123,-1-0xff8f848a1f4f0001 connected
24/05/17 03:13:15 DEBUG zookeeper.ZKAssign: MockServer,123,-1-0xff8f848a1f4f0001 Creating unassigned node for 6b1fa4609fdf5a9cdc3c29ca2d768e7f in OFFLINE state
24/05/17 03:13:15 DEBUG zookeeper.ZKAssign: MockServer,123,-1-0xff8f848a1f4f0001 Attempting to transition node 6b1fa4609fdf5a9cdc3c29ca2d768e7f from M_ZK_ENTITYGROUP_OFFLINE to FSERVER_ZK_ENTITYGROUP_OPENING
24/05/17 03:13:15 DEBUG zookeeper.ZKUtil: MockServer,123,-1-0xff8f848a1f4f0001 Retrieved 118 byte(s) of data from znode /wasp/unassigned/6b1fa4609fdf5a9cdc3c29ca2d768e7f; data=entityGroup=TestCloseEntityGroupHandler,\x00\x00\x00\x00,1715915595656.6b1fa4609fdf5a9cdc3c29ca2d768e7f., state=M_ZK_ENTITYGROUP_OFFLINE, servername=MockServer,123,-1, createTime=1715915595664, payload.length=0
24/05/17 03:13:15 DEBUG zookeeper.ZooKeeperWatcher: MockServer,123,-1-0xff8f848a1f4f0001 Received ZooKeeper Event, type=NodeDataChanged, state=SyncConnected, path=/wasp/unassigned/6b1fa4609fdf5a9cdc3c29ca2d768e7f
24/05/17 03:13:15 DEBUG zookeeper.ZKAssign: MockServer,123,-1-0xff8f848a1f4f0001 Successfully transitioned node 6b1fa4609fdf5a9cdc3c29ca2d768e7f from M_ZK_ENTITYGROUP_OFFLINE to FSERVER_ZK_ENTITYGROUP_OPENING
24/05/17 03:13:15 INFO fserver.EntityGroup: EntityGroup.openEntityGroup EntityGroup name ==TestCloseEntityGroupHandler,\x00\x00\x00\x00,1715915595656.6b1fa4609fdf5a9cdc3c29ca2d768e7f.
24/05/17 03:13:15 DEBUG fserver.EntityGroup: Opening EntityGroup: {NAME => 'TestCloseEntityGroupHandler,\x00\x00\x00\x00,1715915595656.6b1fa4609fdf5a9cdc3c29ca2d768e7f.', STARTKEY => '\x00\x00\x00\x00', ENDKEY => '\x00\x00\x00\x01', ENCODED => 6b1fa4609fdf5a9cdc3c29ca2d768e7f,}
24/05/17 03:13:15 DEBUG fserver.MetricsEntityGroupSourceImpl: Creating new MetricsEntityGroupSourceImpl for table TestCloseEntityGroupHandler 6b1fa4609fdf5a9cdc3c29ca2d768e7f
24/05/17 03:13:15 DEBUG fserver.EntityGroup: Instantiated TestCloseEntityGroupHandler,\x00\x00\x00\x00,1715915595656.6b1fa4609fdf5a9cdc3c29ca2d768e7f.
24/05/17 03:13:15 DEBUG zookeeper.ZKAssign: MockServer,123,-1-0xff8f848a1f4f0001 Attempting to transition node 6b1fa4609fdf5a9cdc3c29ca2d768e7f from FSERVER_ZK_ENTITYGROUP_OPENING to FSERVER_ZK_ENTITYGROUP_OPENING
24/05/17 03:13:15 ERROR server.NIOServerCnxnFactory: Thread Thread[Thread-256,5,main] died
java.lang.NullPointerException
	at com.alibaba.wasp.fserver.EntityGroup.run(EntityGroup.java:1264)
	at java.lang.Thread.run(Thread.java:748)
24/05/17 03:13:15 DEBUG zookeeper.ZKUtil: MockServer,123,-1-0xff8f848a1f4f0001 Retrieved 118 byte(s) of data from znode /wasp/unassigned/6b1fa4609fdf5a9cdc3c29ca2d768e7f; data=entityGroup=TestCloseEntityGroupHandler,\x00\x00\x00\x00,1715915595656.6b1fa4609fdf5a9cdc3c29ca2d768e7f., state=FSERVER_ZK_ENTITYGROUP_OPENING, servername=MockServer,123,-1, createTime=1715915595668, payload.length=0
24/05/17 03:13:15 DEBUG zookeeper.ZKAssign: MockServer,123,-1-0xff8f848a1f4f0001 Successfully transitioned node 6b1fa4609fdf5a9cdc3c29ca2d768e7f from FSERVER_ZK_ENTITYGROUP_OPENING to FSERVER_ZK_ENTITYGROUP_OPENING
24/05/17 03:13:15 DEBUG zookeeper.ZKAssign: MockServer,123,-1-0xff8f848a1f4f0001 Attempting to transition node 6b1fa4609fdf5a9cdc3c29ca2d768e7f from FSERVER_ZK_ENTITYGROUP_OPENING to FSERVER_ZK_ENTITYGROUP_OPENED
24/05/17 03:13:15 DEBUG zookeeper.ZKUtil: MockServer,123,-1-0xff8f848a1f4f0001 Retrieved 118 byte(s) of data from znode /wasp/unassigned/6b1fa4609fdf5a9cdc3c29ca2d768e7f; data=entityGroup=TestCloseEntityGroupHandler,\x00\x00\x00\x00,1715915595656.6b1fa4609fdf5a9cdc3c29ca2d768e7f., state=FSERVER_ZK_ENTITYGROUP_OPENING, servername=MockServer,123,-1, createTime=1715915595672, payload.length=0
24/05/17 03:13:15 DEBUG zookeeper.ZKAssign: MockServer,123,-1-0xff8f848a1f4f0001 Successfully transitioned node 6b1fa4609fdf5a9cdc3c29ca2d768e7f from FSERVER_ZK_ENTITYGROUP_OPENING to FSERVER_ZK_ENTITYGROUP_OPENED
24/05/17 03:13:15 DEBUG handler.OpenEntityGroupHandler: entityGroup transitioned to opened in zookeeper: {NAME => 'TestCloseEntityGroupHandler,\x00\x00\x00\x00,1715915595656.6b1fa4609fdf5a9cdc3c29ca2d768e7f.', STARTKEY => '\x00\x00\x00\x00', ENDKEY => '\x00\x00\x00\x01', ENCODED => 6b1fa4609fdf5a9cdc3c29ca2d768e7f,}, server: MockServer,123,-1
24/05/17 03:13:15 DEBUG handler.OpenEntityGroupHandler: Opened TestCloseEntityGroupHandler,\x00\x00\x00\x00,1715915595656.6b1fa4609fdf5a9cdc3c29ca2d768e7f. on server:MockServer,123,-1
24/05/17 03:13:15 DEBUG zookeeper.ZKUtil: MockServer,123,-1-0xff8f848a1f4f0001 Retrieved 118 byte(s) of data from znode /wasp/unassigned/6b1fa4609fdf5a9cdc3c29ca2d768e7f and set watcher; entityGroup=TestCloseEntityGroupHandler,\x00\x00\x00\x00,1715915595656.6b1fa4609fdf5a9cdc3c29ca2d768e7f., state=FSERVER_ZK_ENTITYGROUP_OPENED, servername=MockServer,123,-1, createTime=1715915595675, payload.length=0
24/05/17 03:13:15 DEBUG zookeeper.ZKAssign: MockServer,123,-1-0xff8f848a1f4f0001 Deleting existing unassigned node for 6b1fa4609fdf5a9cdc3c29ca2d768e7f that is in expected state FSERVER_ZK_ENTITYGROUP_OPENED
24/05/17 03:13:15 DEBUG zookeeper.ZKUtil: MockServer,123,-1-0xff8f848a1f4f0001 Retrieved 118 byte(s) of data from znode /wasp/unassigned/6b1fa4609fdf5a9cdc3c29ca2d768e7f; data=entityGroup=TestCloseEntityGroupHandler,\x00\x00\x00\x00,1715915595656.6b1fa4609fdf5a9cdc3c29ca2d768e7f., state=FSERVER_ZK_ENTITYGROUP_OPENED, servername=MockServer,123,-1, createTime=1715915595675, payload.length=0
24/05/17 03:13:15 DEBUG zookeeper.ZooKeeperWatcher: MockServer,123,-1-0xff8f848a1f4f0001 Received ZooKeeper Event, type=NodeDeleted, state=SyncConnected, path=/wasp/unassigned/6b1fa4609fdf5a9cdc3c29ca2d768e7f
24/05/17 03:13:15 DEBUG zookeeper.ZKAssign: MockServer,123,-1-0xff8f848a1f4f0001 Successfully deleted unassigned node for entityGroup 6b1fa4609fdf5a9cdc3c29ca2d768e7f in expected state FSERVER_ZK_ENTITYGROUP_OPENED
24/05/17 03:13:15 DEBUG zookeeper.ZKAssign: MockServer,123,-1-0xff8f848a1f4f0001 Creating unassigned node for 6b1fa4609fdf5a9cdc3c29ca2d768e7f in a CLOSING state
24/05/17 03:13:15 DEBUG handler.CloseEntityGroupHandler: Processing close of TestCloseEntityGroupHandler,\x00\x00\x00\x00,1715915595656.6b1fa4609fdf5a9cdc3c29ca2d768e7f.
24/05/17 03:13:15 DEBUG fserver.EntityGroup: Closing TestCloseEntityGroupHandler,\x00\x00\x00\x00,1715915595656.6b1fa4609fdf5a9cdc3c29ca2d768e7f.
24/05/17 03:13:15 DEBUG fserver.EntityGroup: Updates disabled for entityGroup TestCloseEntityGroupHandler,\x00\x00\x00\x00,1715915595656.6b1fa4609fdf5a9cdc3c29ca2d768e7f.
24/05/17 03:13:15 INFO fserver.EntityGroup: Running commit transaction of TestCloseEntityGroupHandler,\x00\x00\x00\x00,1715915595656.6b1fa4609fdf5a9cdc3c29ca2d768e7f. before close
24/05/17 03:13:15 INFO fserver.EntityGroup: Closed TestCloseEntityGroupHandler,\x00\x00\x00\x00,1715915595656.6b1fa4609fdf5a9cdc3c29ca2d768e7f.
24/05/17 03:13:15 DEBUG zookeeper.ZKAssign: MockServer,123,-1-0xff8f848a1f4f0001 Attempting to transition node 6b1fa4609fdf5a9cdc3c29ca2d768e7f from M_ZK_ENTITYGROUP_CLOSING to FSERVER_ZK_ENTITYGROUP_CLOSED
24/05/17 03:13:15 DEBUG zookeeper.ZKUtil: MockServer,123,-1-0xff8f848a1f4f0001 Retrieved 120 byte(s) of data from znode /wasp/unassigned/6b1fa4609fdf5a9cdc3c29ca2d768e7f; data=entityGroup=TestCloseEntityGroupHandler,\x00\x00\x00\x00,1715915595656.6b1fa4609fdf5a9cdc3c29ca2d768e7f., state=M_ZK_ENTITYGROUP_CLOSING, servername=MockServer,123,-1, createTime=1715915595680, payload.length=0
24/05/17 03:13:15 DEBUG zookeeper.ZooKeeperWatcher: MockServer,123,-1-0xff8f848a1f4f0001 Received ZooKeeper Event, type=NodeDataChanged, state=SyncConnected, path=/wasp/unassigned/6b1fa4609fdf5a9cdc3c29ca2d768e7f
24/05/17 03:13:15 DEBUG zookeeper.ZKAssign: MockServer,123,-1-0xff8f848a1f4f0001 Successfully transitioned node 6b1fa4609fdf5a9cdc3c29ca2d768e7f from M_ZK_ENTITYGROUP_CLOSING to FSERVER_ZK_ENTITYGROUP_CLOSED
24/05/17 03:13:15 DEBUG handler.CloseEntityGroupHandler: set entityGroup closed state in zk successfully for entityGroup TestCloseEntityGroupHandler,\x00\x00\x00\x00,1715915595656.6b1fa4609fdf5a9cdc3c29ca2d768e7f. sn name: MockServer,123,-1
24/05/17 03:13:15 DEBUG handler.CloseEntityGroupHandler: Closed entityGroup TestCloseEntityGroupHandler,\x00\x00\x00\x00,1715915595656.6b1fa4609fdf5a9cdc3c29ca2d768e7f.
24/05/17 03:13:15 DEBUG zookeeper.ZKUtil: MockServer,123,-1-0xff8f848a1f4f0001 Retrieved 118 byte(s) of data from znode /wasp/unassigned/6b1fa4609fdf5a9cdc3c29ca2d768e7f and set watcher; entityGroup=TestCloseEntityGroupHandler,\x00\x00\x00\x00,1715915595656.6b1fa4609fdf5a9cdc3c29ca2d768e7f., state=FSERVER_ZK_ENTITYGROUP_CLOSED, servername=MockServer,123,-1, createTime=1715915595683, payload.length=0
24/05/17 03:13:15 INFO fserver.EntityGroup: creating EntityGroup TestCloseEntityGroupHandler Table == CREATE TABLE TestCloseEntityGroupHandler { 
  REQUIRED INT32 column1 COLUMNFAMILY d;
  REQUIRED INT64 column2 COLUMNFAMILY d;
  REQUIRED STRING column3 COLUMNFAMILY d;
  OPTIONAL FLOAT column4 COLUMNFAMILY d;
  OPTIONAL DOUBLE column5 COLUMNFAMILY d;
  OPTIONAL DATETIME column6 COLUMNFAMILY d;
  REPEATED PROTOBUF column7 COLUMNFAMILY d;
  OPTIONAL STRING column8 COLUMNFAMILY d;
} 
PRIMARY KEY(column1),
ENTITY GROUP ROOT,
ENTITY GROUP KEY(column1);
 Table name == TestCloseEntityGroupHandler
24/05/17 03:13:15 DEBUG fserver.MetricsEntityGroupSourceImpl: Creating new MetricsEntityGroupSourceImpl for table TestCloseEntityGroupHandler 1776aac048734cd6f77e455d922f69f1
24/05/17 03:13:15 DEBUG fserver.EntityGroup: Instantiated TestCloseEntityGroupHandler,,1715915595686.1776aac048734cd6f77e455d922f69f1.
24/05/17 03:13:15 ERROR server.NIOServerCnxnFactory: Thread Thread[Thread-259,5,main] died
java.lang.NullPointerException
	at com.alibaba.wasp.fserver.EntityGroup.run(EntityGroup.java:1264)
	at java.lang.Thread.run(Thread.java:748)
24/05/17 03:13:15 DEBUG fserver.EntityGroup: Closing TestCloseEntityGroupHandler,,1715915595686.1776aac048734cd6f77e455d922f69f1.
24/05/17 03:13:15 DEBUG fserver.EntityGroup: Updates disabled for entityGroup TestCloseEntityGroupHandler,,1715915595686.1776aac048734cd6f77e455d922f69f1.
24/05/17 03:13:15 INFO fserver.EntityGroup: Running commit transaction of TestCloseEntityGroupHandler,,1715915595686.1776aac048734cd6f77e455d922f69f1. before close
24/05/17 03:13:15 INFO fserver.EntityGroup: Closed TestCloseEntityGroupHandler,,1715915595686.1776aac048734cd6f77e455d922f69f1.
24/05/17 03:13:15 DEBUG handler.CloseEntityGroupHandler: Processing close of TestCloseEntityGroupHandler,,1715915595686.1776aac048734cd6f77e455d922f69f1.
24/05/17 03:13:15 FATAL util.MockServer: Abort why=Unrecoverable exception while closing entityGroup TestCloseEntityGroupHandler,,1715915595686.1776aac048734cd6f77e455d922f69f1., still finishing close
java.lang.RuntimeException: Mocked failed close!
	at com.alibaba.wasp.fserver.handler.CloseEntityGroupHandler.process(CloseEntityGroupHandler.java:103)
	at com.alibaba.wasp.fserver.handler.TestCloseEntityGroupHandler.testFailedCommitAborts(TestCloseEntityGroupHandler.java:122)
	at sun.reflect.NativeMethodAccessorImpl.invoke0(Native Method)
	at sun.reflect.NativeMethodAccessorImpl.invoke(NativeMethodAccessorImpl.java:62)
	at sun.reflect.DelegatingMethodAccessorImpl.invoke(DelegatingMethodAccessorImpl.java:43)
	at java.lang.reflect.Method.invoke(Method.java:498)
	at org.junit.runners.model.FrameworkMethod$1.runReflectiveCall(FrameworkMethod.java:45)
	at org.junit.internal.runners.model.ReflectiveCallable.run(ReflectiveCallable.java:15)
	at org.junit.runners.model.FrameworkMethod.invokeExplosively(FrameworkMethod.java:42)
	at org.junit.internal.runners.statements.InvokeMethod.evaluate(InvokeMethod.java:20)
	at org.junit.internal.runners.statements.RunBefores.evaluate(RunBefores.java:28)
	at org.junit.runners.ParentRunner.runLeaf(ParentRunner.java:263)
	at org.junit.runners.BlockJUnit4ClassRunner.runChild(BlockJUnit4ClassRunner.java:68)
	at org.junit.runners.BlockJUnit4ClassRunner.runChild(BlockJUnit4ClassRunner.java:47)
	at org.junit.runners.ParentRunner$3.run(ParentRunner.java:231)
	at org.junit.runners.ParentRunner$1.schedule(ParentRunner.java:60)
	at org.junit.runners.ParentRunner.runChildren(ParentRunner.java:229)
	at org.junit.runners.ParentRunner.access$000(ParentRunner.java:50)
	at org.junit.runners.ParentRunner$2.evaluate(ParentRunner.java:222)
	at org.junit.internal.runners.statements.RunBefores.evaluate(RunBefores.java:28)
	at org.junit.internal.runners.statements.RunAfters.evaluate(RunAfters.java:30)
	at org.junit.runners.ParentRunner.run(ParentRunner.java:300)
	at org.junit.runners.Suite.runChild(Suite.java:128)
	at org.junit.runners.Suite.runChild(Suite.java:24)
	at org.junit.runners.ParentRunner$3.run(ParentRunner.java:231)
	at org.junit.runners.ParentRunner$1.schedule(ParentRunner.java:60)
	at org.junit.runners.ParentRunner.runChildren(ParentRunner.java:229)
	at org.junit.runners.ParentRunner.access$000(ParentRunner.java:50)
	at org.junit.runners.ParentRunner$2.evaluate(ParentRunner.java:222)
	at org.junit.runners.ParentRunner.run(ParentRunner.java:300)
	at org.junit.runner.JUnitCore.run(JUnitCore.java:157)
	at org.junit.runner.JUnitCore.run(JUnitCore.java:136)
	at edu.illinois.cs.testrunner.execution.JUnitTestExecutor.execute(JUnitTestExecutor.java:246)
	at edu.illinois.cs.testrunner.execution.JUnitTestExecutor.executeWithJUnit4Runner(JUnitTestExecutor.java:315)
	at edu.illinois.cs.testrunner.execution.JUnitTestExecutor.runOrder(JUnitTestExecutor.java:46)
	at edu.illinois.cs.testrunner.execution.Executor$.$anonfun$run$1(Executor.scala:30)
	at scala.runtime.java8.JFunction0$mcV$sp.apply(JFunction0$mcV$sp.java:12)
	at scala.util.Try$.apply(Try.scala:209)
	at edu.illinois.cs.testrunner.execution.Executor$.run(Executor.scala:28)
	at edu.illinois.cs.testrunner.execution.Executor$.main(Executor.scala:18)
	at edu.illinois.cs.testrunner.execution.Executor.main(Executor.scala)
24/05/17 03:13:15 DEBUG util.MockServer: Stop why=Unrecoverable exception while closing entityGroup TestCloseEntityGroupHandler,,1715915595686.1776aac048734cd6f77e455d922f69f1., still finishing close
24/05/17 03:13:15 WARN fserver.EntityGroup: EntityGroup TestCloseEntityGroupHandler,,1715915595686.1776aac048734cd6f77e455d922f69f1. already closed
24/05/17 03:13:15 INFO server.NIOServerCnxn: Closed socket connection for client /127.0.0.1:50990 which had sessionid 0xff8f848a1f4f0000
24/05/17 03:13:15 INFO server.NIOServerCnxn: Closed socket connection for client /127.0.0.1:51004 which had sessionid 0xff8f848a1f4f0001
24/05/17 03:13:15 INFO server.NIOServerCnxnFactory: NIOServerCnxn factory exited run method
24/05/17 03:13:15 INFO server.ZooKeeperServer: shutting down
24/05/17 03:13:15 INFO server.SessionTrackerImpl: Shutting down
24/05/17 03:13:15 INFO server.PrepRequestProcessor: Shutting down
24/05/17 03:13:15 INFO server.SyncRequestProcessor: Shutting down
24/05/17 03:13:15 INFO server.PrepRequestProcessor: PrepRequestProcessor exited loop!
24/05/17 03:13:15 INFO server.SyncRequestProcessor: SyncRequestProcessor exited!
24/05/17 03:13:15 INFO server.FinalRequestProcessor: shutdown of request processor complete
java.lang.NullPointerException
	at com.alibaba.wasp.protobuf.generated.MetaProtos$GetActionProto$Builder.setSessionId(MetaProtos.java:6187)
	at com.alibaba.wasp.plan.action.GetAction.convert(GetAction.java:97)
	at com.alibaba.wasp.protobuf.ProtobufUtil.toGetActionProto(ProtobufUtil.java:466)
	at com.alibaba.wasp.protobuf.TestProtobufUtil.testGet(TestProtobufUtil.java:103)
	at sun.reflect.NativeMethodAccessorImpl.invoke0(Native Method)
	at sun.reflect.NativeMethodAccessorImpl.invoke(NativeMethodAccessorImpl.java:62)
	at sun.reflect.DelegatingMethodAccessorImpl.invoke(DelegatingMethodAccessorImpl.java:43)
	at java.lang.reflect.Method.invoke(Method.java:498)
	at org.junit.runners.model.FrameworkMethod$1.runReflectiveCall(FrameworkMethod.java:45)
	at org.junit.internal.runners.model.ReflectiveCallable.run(ReflectiveCallable.java:15)
	at org.junit.runners.model.FrameworkMethod.invokeExplosively(FrameworkMethod.java:42)
	at org.junit.internal.runners.statements.InvokeMethod.evaluate(InvokeMethod.java:20)
	at org.junit.runners.ParentRunner.runLeaf(ParentRunner.java:263)
	at org.junit.runners.BlockJUnit4ClassRunner.runChild(BlockJUnit4ClassRunner.java:68)
	at org.junit.runners.BlockJUnit4ClassRunner.runChild(BlockJUnit4ClassRunner.java:47)
	at org.junit.runners.ParentRunner$3.run(ParentRunner.java:231)
	at org.junit.runners.ParentRunner$1.schedule(ParentRunner.java:60)
	at org.junit.runners.ParentRunner.runChildren(ParentRunner.java:229)
	at org.junit.runners.ParentRunner.access$000(ParentRunner.java:50)
	at org.junit.runners.ParentRunner$2.evaluate(ParentRunner.java:222)
	at org.junit.runners.ParentRunner.run(ParentRunner.java:300)
	at org.junit.runners.Suite.runChild(Suite.java:128)
	at org.junit.runners.Suite.runChild(Suite.java:24)
	at org.junit.runners.ParentRunner$3.run(ParentRunner.java:231)
	at org.junit.runners.ParentRunner$1.schedule(ParentRunner.java:60)
	at org.junit.runners.ParentRunner.runChildren(ParentRunner.java:229)
	at org.junit.runners.ParentRunner.access$000(ParentRunner.java:50)
	at org.junit.runners.ParentRunner$2.evaluate(ParentRunner.java:222)
	at org.junit.runners.ParentRunner.run(ParentRunner.java:300)
	at org.junit.runner.JUnitCore.run(JUnitCore.java:157)
	at org.junit.runner.JUnitCore.run(JUnitCore.java:136)
	at edu.illinois.cs.testrunner.execution.JUnitTestExecutor.execute(JUnitTestExecutor.java:246)
	at edu.illinois.cs.testrunner.execution.JUnitTestExecutor.executeWithJUnit4Runner(JUnitTestExecutor.java:315)
	at edu.illinois.cs.testrunner.execution.JUnitTestExecutor.runOrder(JUnitTestExecutor.java:46)
	at edu.illinois.cs.testrunner.execution.Executor$.$anonfun$run$1(Executor.scala:30)
	at scala.runtime.java8.JFunction0$mcV$sp.apply(JFunction0$mcV$sp.java:12)
	at scala.util.Try$.apply(Try.scala:209)
	at edu.illinois.cs.testrunner.execution.Executor$.run(Executor.scala:28)
	at edu.illinois.cs.testrunner.execution.Executor$.main(Executor.scala:18)
	at edu.illinois.cs.testrunner.execution.Executor.main(Executor.scala)
java.lang.NullPointerException
	at com.alibaba.wasp.protobuf.generated.MetaProtos$UpdateActionProto$Builder.setSessionId(MetaProtos.java:10088)
	at com.alibaba.wasp.plan.action.UpdateAction.convert(UpdateAction.java:113)
	at com.alibaba.wasp.protobuf.ProtobufUtil.convertUpdateAction(ProtobufUtil.java:559)
	at com.alibaba.wasp.protobuf.TestProtobufUtil.testUpdate(TestProtobufUtil.java:83)
	at sun.reflect.NativeMethodAccessorImpl.invoke0(Native Method)
	at sun.reflect.NativeMethodAccessorImpl.invoke(NativeMethodAccessorImpl.java:62)
	at sun.reflect.DelegatingMethodAccessorImpl.invoke(DelegatingMethodAccessorImpl.java:43)
	at java.lang.reflect.Method.invoke(Method.java:498)
	at org.junit.runners.model.FrameworkMethod$1.runReflectiveCall(FrameworkMethod.java:45)
	at org.junit.internal.runners.model.ReflectiveCallable.run(ReflectiveCallable.java:15)
	at org.junit.runners.model.FrameworkMethod.invokeExplosively(FrameworkMethod.java:42)
	at org.junit.internal.runners.statements.InvokeMethod.evaluate(InvokeMethod.java:20)
	at org.junit.runners.ParentRunner.runLeaf(ParentRunner.java:263)
	at org.junit.runners.BlockJUnit4ClassRunner.runChild(BlockJUnit4ClassRunner.java:68)
	at org.junit.runners.BlockJUnit4ClassRunner.runChild(BlockJUnit4ClassRunner.java:47)
	at org.junit.runners.ParentRunner$3.run(ParentRunner.java:231)
	at org.junit.runners.ParentRunner$1.schedule(ParentRunner.java:60)
	at org.junit.runners.ParentRunner.runChildren(ParentRunner.java:229)
	at org.junit.runners.ParentRunner.access$000(ParentRunner.java:50)
	at org.junit.runners.ParentRunner$2.evaluate(ParentRunner.java:222)
	at org.junit.runners.ParentRunner.run(ParentRunner.java:300)
	at org.junit.runners.Suite.runChild(Suite.java:128)
	at org.junit.runners.Suite.runChild(Suite.java:24)
	at org.junit.runners.ParentRunner$3.run(ParentRunner.java:231)
	at org.junit.runners.ParentRunner$1.schedule(ParentRunner.java:60)
	at org.junit.runners.ParentRunner.runChildren(ParentRunner.java:229)
	at org.junit.runners.ParentRunner.access$000(ParentRunner.java:50)
	at org.junit.runners.ParentRunner$2.evaluate(ParentRunner.java:222)
	at org.junit.runners.ParentRunner.run(ParentRunner.java:300)
	at org.junit.runner.JUnitCore.run(JUnitCore.java:157)
	at org.junit.runner.JUnitCore.run(JUnitCore.java:136)
	at edu.illinois.cs.testrunner.execution.JUnitTestExecutor.execute(JUnitTestExecutor.java:246)
	at edu.illinois.cs.testrunner.execution.JUnitTestExecutor.executeWithJUnit4Runner(JUnitTestExecutor.java:315)
	at edu.illinois.cs.testrunner.execution.JUnitTestExecutor.runOrder(JUnitTestExecutor.java:46)
	at edu.illinois.cs.testrunner.execution.Executor$.$anonfun$run$1(Executor.scala:30)
	at scala.runtime.java8.JFunction0$mcV$sp.apply(JFunction0$mcV$sp.java:12)
	at scala.util.Try$.apply(Try.scala:209)
	at edu.illinois.cs.testrunner.execution.Executor$.run(Executor.scala:28)
	at edu.illinois.cs.testrunner.execution.Executor$.main(Executor.scala:18)
	at edu.illinois.cs.testrunner.execution.Executor.main(Executor.scala)
24/05/17 03:13:15 INFO wasp.WaspTestingUtility: Starting up minicluster with 1 master(s) and 3 fserver(s) 
24/05/17 03:13:15 DEBUG zookeeper.ZooKeeperWatcher: MockServer,123,-1-0xff8f848a1f4f0000 Received ZooKeeper Event, type=None, state=Disconnected, path=null
24/05/17 03:13:15 DEBUG zookeeper.ZooKeeperWatcher: MockServer,123,-1-0xff8f848a1f4f0001 Received ZooKeeper Event, type=None, state=Disconnected, path=null
24/05/17 03:13:15 DEBUG zookeeper.ZooKeeperWatcher: MockServer,123,-1-0xff8f848a1f4f0001 Received Disconnected from ZooKeeper, ignoring
24/05/17 03:13:15 DEBUG zookeeper.ZooKeeperWatcher: MockServer,123,-1-0xff8f848a1f4f0000 Received Disconnected from ZooKeeper, ignoring
24/05/17 03:13:16 INFO server.SessionTrackerImpl: SessionTrackerImpl exited loop!
Starting DataNode 0 with dfs.data.dir: /home/idflakies/alibaba/wasp/target/test-data/33748630-68fc-4510-aa72-bf566bae1504/dfscluster_6fa83e36-4a81-44ea-adf3-a0980a067a6b/dfs/data/data1,/home/idflakies/alibaba/wasp/target/test-data/33748630-68fc-4510-aa72-bf566bae1504/dfscluster_6fa83e36-4a81-44ea-adf3-a0980a067a6b/dfs/data/data2
24/05/17 03:13:16 ERROR datanode.DataNode: All directories in dfs.data.dir are invalid.
24/05/17 03:13:16 INFO wasp.WaspTestingUtility: Shutting down mini wasp cluster
24/05/17 03:13:16 INFO wasp.WaspTestingUtility: Minicluster is down
java.lang.NullPointerException
	at org.apache.hadoop.hdfs.MiniDFSCluster.startDataNodes(MiniDFSCluster.java:422)
	at org.apache.hadoop.hdfs.MiniDFSCluster.<init>(MiniDFSCluster.java:280)
	at org.apache.hadoop.hbase.HBaseTestingUtility.startMiniDFSCluster(HBaseTestingUtility.java:451)
	at org.apache.hadoop.hbase.HBaseTestingUtility.startMiniCluster(HBaseTestingUtility.java:619)
	at org.apache.hadoop.hbase.HBaseTestingUtility.startMiniCluster(HBaseTestingUtility.java:575)
	at com.alibaba.wasp.WaspTestingUtility.startMiniCluster(WaspTestingUtility.java:172)
	at com.alibaba.wasp.WaspTestingUtility.startMiniCluster(WaspTestingUtility.java:144)
	at com.alibaba.wasp.client.TestAdmin.setUpBeforeClass(TestAdmin.java:91)
	at sun.reflect.NativeMethodAccessorImpl.invoke0(Native Method)
	at sun.reflect.NativeMethodAccessorImpl.invoke(NativeMethodAccessorImpl.java:62)
	at sun.reflect.DelegatingMethodAccessorImpl.invoke(DelegatingMethodAccessorImpl.java:43)
	at java.lang.reflect.Method.invoke(Method.java:498)
	at org.junit.runners.model.FrameworkMethod$1.runReflectiveCall(FrameworkMethod.java:45)
	at org.junit.internal.runners.model.ReflectiveCallable.run(ReflectiveCallable.java:15)
	at org.junit.runners.model.FrameworkMethod.invokeExplosively(FrameworkMethod.java:42)
	at org.junit.internal.runners.statements.RunBefores.evaluate(RunBefores.java:27)
	at org.junit.internal.runners.statements.RunAfters.evaluate(RunAfters.java:30)
	at org.junit.runners.ParentRunner.run(ParentRunner.java:300)
	at org.junit.runners.Suite.runChild(Suite.java:128)
	at org.junit.runners.Suite.runChild(Suite.java:24)
	at org.junit.runners.ParentRunner$3.run(ParentRunner.java:231)
	at org.junit.runners.ParentRunner$1.schedule(ParentRunner.java:60)
	at org.junit.runners.ParentRunner.runChildren(ParentRunner.java:229)
	at org.junit.runners.ParentRunner.access$000(ParentRunner.java:50)
	at org.junit.runners.ParentRunner$2.evaluate(ParentRunner.java:222)
	at org.junit.runners.ParentRunner.run(ParentRunner.java:300)
	at org.junit.runner.JUnitCore.run(JUnitCore.java:157)
	at org.junit.runner.JUnitCore.run(JUnitCore.java:136)
	at edu.illinois.cs.testrunner.execution.JUnitTestExecutor.execute(JUnitTestExecutor.java:246)
	at edu.illinois.cs.testrunner.execution.JUnitTestExecutor.executeWithJUnit4Runner(JUnitTestExecutor.java:315)
	at edu.illinois.cs.testrunner.execution.JUnitTestExecutor.runOrder(JUnitTestExecutor.java:46)
	at edu.illinois.cs.testrunner.execution.Executor$.$anonfun$run$1(Executor.scala:30)
	at scala.runtime.java8.JFunction0$mcV$sp.apply(JFunction0$mcV$sp.java:12)
	at scala.util.Try$.apply(Try.scala:209)
	at edu.illinois.cs.testrunner.execution.Executor$.run(Executor.scala:28)
	at edu.illinois.cs.testrunner.execution.Executor$.main(Executor.scala:18)
	at edu.illinois.cs.testrunner.execution.Executor.main(Executor.scala)
