[INFO] Error stacktraces are turned on.
[INFO] Scanning for projects...
[INFO] Inspecting build with total of 1 modules...
[INFO] Installing Nexus Staging features:
[INFO]   ... total of 1 executions of maven-deploy-plugin replaced with nexus-staging-maven-plugin
[INFO] 
[INFO] -----------------------< com.jsoniter:jsoniter >------------------------
[INFO] Building json iterator 0.9.24-SNAPSHOT
[INFO] --------------------------------[ jar ]---------------------------------
[INFO] 
[INFO] >>> idflakies-maven-plugin:2.0.1-SNAPSHOT:detect (default-cli) > test-compile @ jsoniter >>>
[INFO] 
[INFO] --- maven-resources-plugin:2.6:resources (default-resources) @ jsoniter ---
[INFO] Using 'UTF-8' encoding to copy filtered resources.
[INFO] skip non existing resourceDirectory /home/idflakies/json-iterator/java/src/main/resources
[INFO] 
[INFO] --- maven-compiler-plugin:3.7.0:compile (default-compile) @ jsoniter ---
[INFO] Nothing to compile - all classes are up to date
[INFO] 
[INFO] --- maven-resources-plugin:2.6:testResources (default-testResources) @ jsoniter ---
[INFO] Using 'UTF-8' encoding to copy filtered resources.
[INFO] skip non existing resourceDirectory /home/idflakies/json-iterator/java/test/main/resources
[INFO] 
[INFO] --- maven-compiler-plugin:3.7.0:testCompile (default-testCompile) @ jsoniter ---
[INFO] Nothing to compile - all classes are up to date
[INFO] 
[INFO] <<< idflakies-maven-plugin:2.0.1-SNAPSHOT:detect (default-cli) < test-compile @ jsoniter <<<
[INFO] 
[INFO] 
[INFO] --- idflakies-maven-plugin:2.0.1-SNAPSHOT:detect (default-cli) @ jsoniter ---
INFO: Locating tests...
INFO: Located 383 tests. Time taken: 1.0209999084472656 seconds
INFO: TIMEOUT_VALUE: Using a timeout of 10800.0, and that the total mvn test time is: 8.4
INFO: ROUNDS_CALCULATED: Giving com.jsoniter:jsoniter:0.9.24-SNAPSHOT 10 rounds to run for random
INFO: Using original order in path: /Scratch/all-output/json-iterator.java_output/java/original-order
INFO: Using original order in path: /Scratch/all-output/json-iterator.java_output/java/original-order
[INFO] Getting original results (383 tests).
INFO: No passing order for tests (3 runs). Continuing anyway with last run.
INFO: Created dependent test detector (class edu.illinois.cs.dt.tools.detection.detectors.RandomDetector).
Verified com.jsoniter.TestIO.test_read_byte, status: expected PASS, got PASS
Verified com.jsoniter.TestIO.test_read_byte, status: expected FAILURE, got FAILURE
Verified com.jsoniter.TestReadAny.test_read_any_in_streaming, status: expected PASS, got PASS
Verified com.jsoniter.TestReadAny.test_read_any_in_streaming, status: expected ERROR, got ERROR
Verified com.jsoniter.TestString.test_normal_escape, status: expected PASS, got PASS
Verified com.jsoniter.TestString.test_normal_escape, status: expected ERROR, got ERROR
Verified com.jsoniter.output.TestObject.test_transient_field_getter, status: expected ERROR, got ERROR
Verified com.jsoniter.output.TestObject.test_transient_field_getter, status: expected PASS, got PASS
Verified com.jsoniter.TestString.test_long_string_in_streaming, status: expected PASS, got PASS
Verified com.jsoniter.TestString.test_long_string_in_streaming, status: expected ERROR, got ERROR
Verified com.jsoniter.TestIO.test_unread_byte, status: expected PASS, got PASS
Verified com.jsoniter.TestIO.test_unread_byte, status: expected FAILURE, got FAILURE
Verified com.jsoniter.TestString.test_unicode_escape, status: expected PASS, got PASS
Verified com.jsoniter.TestString.test_unicode_escape, status: expected ERROR, got ERROR
Verified com.jsoniter.TestIO.test_read_bytes, status: expected PASS, got PASS
Verified com.jsoniter.TestIO.test_read_bytes, status: expected FAILURE, got FAILURE
Verified com.jsoniter.TestString.test_string_across_buffer, status: expected PASS, got PASS
Verified com.jsoniter.TestString.test_string_across_buffer, status: expected ERROR, got ERROR
Verified com.jsoniter.extra.TestPreciseFloat.test_indirect_encode, status: expected PASS, got PASS
Verified com.jsoniter.extra.TestPreciseFloat.test_indirect_encode, status: expected ERROR, got PASS
Verified com.jsoniter.TestBoolean.test_streaming, status: expected PASS, got PASS
Verified com.jsoniter.TestBoolean.test_streaming, status: expected ERROR, got ERROR
Verified com.jsoniter.extra.TestPreciseFloat.test_direct_encode, status: expected PASS, got PASS
Verified com.jsoniter.extra.TestPreciseFloat.test_direct_encode, status: expected ERROR, got PASS
Verified com.jsoniter.output.TestObject.test_omit_selft_defined, status: expected ERROR, got ERROR
Verified com.jsoniter.output.TestObject.test_omit_selft_defined, status: expected PASS, got PASS
Verified com.jsoniter.TestSkip.test_skip_string_streaming, status: expected PASS, got PASS
Verified com.jsoniter.TestSkip.test_skip_string_streaming, status: expected ERROR, got ERROR
Verified com.jsoniter.TestFloat.test_streaming, status: expected PASS, got PASS
Verified com.jsoniter.TestFloat.test_streaming, status: expected ERROR, got ERROR
Verified com.jsoniter.TestString.test_utf8, status: expected PASS, got PASS
Verified com.jsoniter.TestString.test_utf8, status: expected ERROR, got ERROR
Verified com.jsoniter.TestMap.test_MapKeyCodec, status: expected ERROR, got ERROR
Verified com.jsoniter.TestMap.test_MapKeyCodec, status: expected PASS, got PASS
Verified com.jsoniter.TestInteger.test_streaming, status: expected PASS, got PASS
Verified com.jsoniter.TestInteger.test_streaming, status: expected ERROR, got ERROR
Verified com.jsoniter.IterImplForStreamingTest.testLoadMore, status: expected PASS, got PASS
Verified com.jsoniter.IterImplForStreamingTest.testLoadMore, status: expected ERROR, got ERROR
[INFO] Found 17 tests in round 1 of 10 (0.0 seconds elapsed (40.5 total), 0.0 seconds remaining).
Verified com.jsoniter.TestObject.test_inheritance, status: expected PASS, got PASS
Verified com.jsoniter.TestObject.test_inheritance, status: expected ERROR, got ERROR
Verified com.jsoniter.TestFloat.test_streaming, status: expected PASS, got PASS
Verified com.jsoniter.TestFloat.test_streaming, status: expected ERROR, got ERROR
Verified com.jsoniter.TestString.test_utf8, status: expected PASS, got PASS
Verified com.jsoniter.TestString.test_utf8, status: expected ERROR, got ERROR
[INFO] Found 1 tests in round 2 of 10 (0.0 seconds elapsed (49.1 total), 0.0 seconds remaining).
Verified com.jsoniter.TestObject.test_inheritance, status: expected PASS, got PASS
Verified com.jsoniter.TestObject.test_inheritance, status: expected ERROR, got ERROR
Verified com.jsoniter.TestIO.test_unread_byte, status: expected PASS, got PASS
Verified com.jsoniter.TestIO.test_unread_byte, status: expected FAILURE, got FAILURE
Verified com.jsoniter.TestIO.test_read_bytes, status: expected PASS, got PASS
Verified com.jsoniter.TestIO.test_read_bytes, status: expected FAILURE, got FAILURE
Verified com.jsoniter.TestBoolean.test_streaming, status: expected PASS, got PASS
Verified com.jsoniter.TestBoolean.test_streaming, status: expected ERROR, got ERROR
[INFO] Found 0 tests in round 3 of 10 (0.0 seconds elapsed (58.8 total), 0.0 seconds remaining).
Verified com.jsoniter.extra.TestPreciseFloat.test_indirect_encode, status: expected PASS, got PASS
Verified com.jsoniter.extra.TestPreciseFloat.test_indirect_encode, status: expected ERROR, got PASS
Verified com.jsoniter.TestSkip.test_skip_string_streaming, status: expected PASS, got PASS
Verified com.jsoniter.TestSkip.test_skip_string_streaming, status: expected ERROR, got ERROR
[INFO] Found 2 tests in round 4 of 10 (9.6 seconds elapsed (64.9 total), 14.4 seconds remaining).
Verified com.jsoniter.TestString.test_normal_escape, status: expected PASS, got PASS
Verified com.jsoniter.TestString.test_normal_escape, status: expected ERROR, got ERROR
Verified com.jsoniter.TestString.test_long_string_in_streaming, status: expected PASS, got PASS
Verified com.jsoniter.TestString.test_long_string_in_streaming, status: expected ERROR, got ERROR
Verified com.jsoniter.IterImplForStreamingTest.testLoadMore, status: expected PASS, got PASS
Verified com.jsoniter.IterImplForStreamingTest.testLoadMore, status: expected ERROR, got ERROR
[INFO] Found 0 tests in round 5 of 10 (0.0 seconds elapsed (72.5 total), 0.0 seconds remaining).
Verified com.jsoniter.TestIO.test_read_byte, status: expected PASS, got PASS
Verified com.jsoniter.TestIO.test_read_byte, status: expected FAILURE, got FAILURE
Verified com.jsoniter.TestReadAny.test_read_any_in_streaming, status: expected PASS, got PASS
Verified com.jsoniter.TestReadAny.test_read_any_in_streaming, status: expected ERROR, got ERROR
Verified com.jsoniter.TestString.test_unicode_escape, status: expected PASS, got PASS
Verified com.jsoniter.TestString.test_unicode_escape, status: expected ERROR, got ERROR
Verified com.jsoniter.output.TestObject.test_omit_selft_defined, status: expected ERROR, got ERROR
Verified com.jsoniter.output.TestObject.test_omit_selft_defined, status: expected PASS, got PASS
Verified com.jsoniter.TestSkip.test_skip_string_streaming, status: expected PASS, got PASS
Verified com.jsoniter.TestSkip.test_skip_string_streaming, status: expected ERROR, got ERROR
[INFO] Found 0 tests in round 6 of 10 (7.6 seconds elapsed (85.3 total), 5.0 seconds remaining).
Verified com.jsoniter.TestIO.test_read_byte, status: expected PASS, got PASS
Verified com.jsoniter.TestIO.test_read_byte, status: expected FAILURE, got FAILURE
Verified com.jsoniter.TestString.test_normal_escape, status: expected PASS, got PASS
Verified com.jsoniter.TestString.test_normal_escape, status: expected ERROR, got ERROR
Verified com.jsoniter.TestString.test_unicode_escape, status: expected PASS, got PASS
Verified com.jsoniter.TestString.test_unicode_escape, status: expected ERROR, got ERROR
Verified com.jsoniter.TestFloat.test_streaming, status: expected PASS, got PASS
Verified com.jsoniter.TestFloat.test_streaming, status: expected ERROR, got ERROR
Verified com.jsoniter.TestInteger.test_streaming, status: expected PASS, got PASS
Verified com.jsoniter.TestInteger.test_streaming, status: expected ERROR, got ERROR
[INFO] Found 0 tests in round 7 of 10 (20.4 seconds elapsed (97.5 total), 8.7 seconds remaining).
Verified com.jsoniter.TestIO.test_read_byte, status: expected PASS, got PASS
Verified com.jsoniter.TestIO.test_read_byte, status: expected FAILURE, got FAILURE
Verified com.jsoniter.TestString.test_long_string_in_streaming, status: expected PASS, got PASS
Verified com.jsoniter.TestString.test_long_string_in_streaming, status: expected ERROR, got ERROR
Verified com.jsoniter.TestBoolean.test_streaming, status: expected PASS, got PASS
Verified com.jsoniter.TestBoolean.test_streaming, status: expected ERROR, got ERROR
Verified com.jsoniter.TestString.test_utf8, status: expected PASS, got PASS
Verified com.jsoniter.TestString.test_utf8, status: expected ERROR, got ERROR
[INFO] Found 0 tests in round 8 of 10 (32.6 seconds elapsed (107.4 total), 8.1 seconds remaining).
Verified com.jsoniter.extra.TestPreciseFloat.test_direct_encode, status: expected PASS, got PASS
Verified com.jsoniter.extra.TestPreciseFloat.test_direct_encode, status: expected ERROR, got PASS
Verified com.jsoniter.TestInteger.test_streaming, status: expected PASS, got PASS
Verified com.jsoniter.TestInteger.test_streaming, status: expected ERROR, got ERROR
[INFO] Found 0 tests in round 9 of 10 (42.4 seconds elapsed (113.2 total), 4.7 seconds remaining).
Verified com.jsoniter.TestIO.test_read_byte, status: expected PASS, got PASS
Verified com.jsoniter.TestIO.test_read_byte, status: expected FAILURE, got FAILURE
Verified com.jsoniter.TestInteger.test_streaming, status: expected PASS, got PASS
Verified com.jsoniter.TestInteger.test_streaming, status: expected ERROR, got ERROR
[INFO] Found 0 tests in round 10 of 10 (48.3 seconds elapsed (118.7 total), 0.0 seconds remaining).

[INFO] Found 20 tests, writing list to /Scratch/all-output/json-iterator.java_output/java/detection-results/list.txt and dt lists to /Scratch/all-output/json-iterator.java_output/java/detection-results/flaky-lists.json
TRY_COPY_ALL_FAILING_TEST_OUTPUT
[INFO] ------------------------------------------------------------------------
[INFO] BUILD SUCCESS
[INFO] ------------------------------------------------------------------------
[INFO] Total time: 02:06 min
[INFO] Finished at: 2024-04-20T14:17:43Z
[INFO] ------------------------------------------------------------------------
