[INFO] Error stacktraces are turned on.
[INFO] Scanning for projects...
[INFO] Inspecting build with total of 1 modules...
[INFO] Installing Nexus Staging features:
[INFO]   ... total of 1 executions of maven-deploy-plugin replaced with nexus-staging-maven-plugin
[INFO] 
[INFO] -----------------------< com.jsoniter:jsoniter >------------------------
[INFO] Building json iterator 0.9.24-SNAPSHOT
[INFO] --------------------------------[ jar ]---------------------------------
[INFO] 
[INFO] >>> idflakies-maven-plugin:2.0.1-SNAPSHOT:detect (default-cli) > test-compile @ jsoniter >>>
[INFO] 
[INFO] --- maven-resources-plugin:2.6:resources (default-resources) @ jsoniter ---
[INFO] Using 'UTF-8' encoding to copy filtered resources.
[INFO] skip non existing resourceDirectory /home/idflakies/json-iterator/java/src/main/resources
[INFO] 
[INFO] --- maven-compiler-plugin:3.7.0:compile (default-compile) @ jsoniter ---
[INFO] Nothing to compile - all classes are up to date
[INFO] 
[INFO] --- maven-resources-plugin:2.6:testResources (default-testResources) @ jsoniter ---
[INFO] Using 'UTF-8' encoding to copy filtered resources.
[INFO] skip non existing resourceDirectory /home/idflakies/json-iterator/java/test/main/resources
[INFO] 
[INFO] --- maven-compiler-plugin:3.7.0:testCompile (default-testCompile) @ jsoniter ---
[INFO] Nothing to compile - all classes are up to date
[INFO] 
[INFO] <<< idflakies-maven-plugin:2.0.1-SNAPSHOT:detect (default-cli) < test-compile @ jsoniter <<<
[INFO] 
[INFO] 
[INFO] --- idflakies-maven-plugin:2.0.1-SNAPSHOT:detect (default-cli) @ jsoniter ---
INFO: Locating tests...
INFO: Located 383 tests. Time taken: 1.2160000801086426 seconds
INFO: TIMEOUT_VALUE: Using a timeout of 10800.0, and that the total mvn test time is: 8.4
INFO: ROUNDS_CALCULATED: Giving com.jsoniter:jsoniter:0.9.24-SNAPSHOT 10 rounds to run for reverse
INFO: Using original order in path: /Scratch/all-output/json-iterator.java_output/java/original-order
INFO: Using original order in path: /Scratch/all-output/json-iterator.java_output/java/original-order
[INFO] Getting original results (383 tests).
INFO: No passing order for tests (3 runs). Continuing anyway with last run.
INFO: Created dependent test detector (class edu.illinois.cs.dt.tools.detection.detectors.ReverseDetector).
Verified com.jsoniter.TestObject.test_inheritance, status: expected PASS, got PASS
Verified com.jsoniter.TestObject.test_inheritance, status: expected ERROR, got ERROR
Verified com.jsoniter.TestIO.test_read_byte, status: expected PASS, got PASS
Verified com.jsoniter.TestIO.test_read_byte, status: expected FAILURE, got FAILURE
Verified com.jsoniter.TestReadAny.test_read_any_in_streaming, status: expected PASS, got PASS
Verified com.jsoniter.TestReadAny.test_read_any_in_streaming, status: expected ERROR, got ERROR
Verified com.jsoniter.TestString.test_normal_escape, status: expected PASS, got PASS
Verified com.jsoniter.TestString.test_normal_escape, status: expected ERROR, got ERROR
Verified com.jsoniter.output.TestObject.test_transient_field_getter, status: expected ERROR, got ERROR
Verified com.jsoniter.output.TestObject.test_transient_field_getter, status: expected PASS, got PASS
Verified com.jsoniter.TestString.test_long_string_in_streaming, status: expected PASS, got PASS
Verified com.jsoniter.TestString.test_long_string_in_streaming, status: expected ERROR, got ERROR
Verified com.jsoniter.TestIO.test_unread_byte, status: expected PASS, got PASS
Verified com.jsoniter.TestIO.test_unread_byte, status: expected FAILURE, got FAILURE
Verified com.jsoniter.TestString.test_unicode_escape, status: expected PASS, got PASS
Verified com.jsoniter.TestString.test_unicode_escape, status: expected ERROR, got ERROR
Verified com.jsoniter.TestIO.test_read_bytes, status: expected PASS, got PASS
Verified com.jsoniter.TestIO.test_read_bytes, status: expected FAILURE, got FAILURE
Verified com.jsoniter.TestString.test_string_across_buffer, status: expected PASS, got PASS
Verified com.jsoniter.TestString.test_string_across_buffer, status: expected ERROR, got ERROR
Verified com.jsoniter.extra.TestPreciseFloat.test_indirect_encode, status: expected PASS, got PASS
Verified com.jsoniter.extra.TestPreciseFloat.test_indirect_encode, status: expected ERROR, got PASS
Verified com.jsoniter.TestBoolean.test_streaming, status: expected PASS, got PASS
Verified com.jsoniter.TestBoolean.test_streaming, status: expected ERROR, got ERROR
Verified com.jsoniter.extra.TestPreciseFloat.test_direct_encode, status: expected PASS, got PASS
Verified com.jsoniter.extra.TestPreciseFloat.test_direct_encode, status: expected ERROR, got PASS
Verified com.jsoniter.output.TestObject.test_omit_selft_defined, status: expected ERROR, got ERROR
Verified com.jsoniter.output.TestObject.test_omit_selft_defined, status: expected PASS, got PASS
Verified com.jsoniter.TestSkip.test_skip_string_streaming, status: expected PASS, got PASS
Verified com.jsoniter.TestSkip.test_skip_string_streaming, status: expected ERROR, got ERROR
Verified com.jsoniter.TestFloat.test_streaming, status: expected PASS, got PASS
Verified com.jsoniter.TestFloat.test_streaming, status: expected ERROR, got ERROR
Verified com.jsoniter.TestString.test_utf8, status: expected PASS, got PASS
Verified com.jsoniter.TestString.test_utf8, status: expected ERROR, got ERROR
Verified com.jsoniter.TestInteger.test_streaming, status: expected PASS, got PASS
Verified com.jsoniter.TestInteger.test_streaming, status: expected ERROR, got ERROR
Verified com.jsoniter.IterImplForStreamingTest.testLoadMore, status: expected PASS, got PASS
Verified com.jsoniter.IterImplForStreamingTest.testLoadMore, status: expected ERROR, got ERROR
[INFO] Found 17 tests in round 1 of 1 (0.0 seconds elapsed (44.6 total), 0.0 seconds remaining).

[INFO] Found 17 tests, writing list to /Scratch/all-output/json-iterator.java_output/java/detection-results/list.txt and dt lists to /Scratch/all-output/json-iterator.java_output/java/detection-results/flaky-lists.json
TRY_COPY_ALL_FAILING_TEST_OUTPUT
[INFO] ------------------------------------------------------------------------
[INFO] BUILD SUCCESS
[INFO] ------------------------------------------------------------------------
[INFO] Total time: 52.485 s
[INFO] Finished at: 2024-04-20T14:14:19Z
[INFO] ------------------------------------------------------------------------
