-------------------------------------------------------------------------------
Test set: com.jsoniter.extra.TestPreciseFloat
-------------------------------------------------------------------------------
Tests run: 2, Failures: 1, Errors: 0, Skipped: 0, Time elapsed: 0.017 s <<< FAILURE! - in com.jsoniter.extra.TestPreciseFloat
test_indirect_encode(com.jsoniter.extra.TestPreciseFloat)  Time elapsed: 0.013 s  <<< FAILURE!
junit.framework.ComparisonFailure: expected:<{"field[1":0.12345678,"field2":0.12345678,"field3]":0.12345678,"field4...> but was:<{"field[2":0.12345678,"field3":0.12345678,"field1]":0.12345678,"field4...>
	at com.jsoniter.extra.TestPreciseFloat.test_indirect_encode(TestPreciseFloat.java:29)

