ERROR StatusLogger Unable to locate a logging implementation, using SimpleLogger
2024-05-17 19:58:57,967 [INFO] TableUtils dropping table 'foo'
2024-05-17 19:58:58,111 [INFO] TableUtils ignoring drop error 'org.h2.jdbc.JdbcSQLSyntaxErrorException: Table "FOO" not found; SQL statement:
DROP TABLE `foo`  [42102-200]' for statement: DROP TABLE `foo` 
2024-05-17 19:58:58,112 [INFO] TableUtils creating table 'foo'
2024-05-17 19:58:58,115 [INFO] TableUtils executed create table statement changed 0 rows: CREATE TABLE `foo` (`date` TIMESTAMP ) 
2024-05-17 19:58:58,128 [DEBUG] BaseMappedStatement insert data with statement 'INSERT INTO `foo` (`date` ) VALUES (?)' and 1 args, changed 1 rows
2024-05-17 19:58:58,128 [TRACE] BaseMappedStatement insert arguments: [2024-05-17 19:58:58.116]
2024-05-17 19:58:58,130 [INFO] TableUtils dropping table 'foo'
2024-05-17 19:58:58,132 [INFO] TableUtils ignoring drop error 'org.h2.jdbc.JdbcSQLSyntaxErrorException: Table "FOO" not found; SQL statement:
DROP TABLE `foo`  [42102-200]' for statement: DROP TABLE `foo` 
2024-05-17 19:58:58,132 [INFO] TableUtils creating table 'foo'
2024-05-17 19:58:58,133 [INFO] TableUtils executed create table statement changed 0 rows: CREATE TABLE `foo` (`date` TIMESTAMP ) 
2024-05-17 19:58:58,134 [DEBUG] BaseMappedStatement insert data with statement 'INSERT INTO `foo` (`date` ) VALUES (?)' and 1 args, changed 1 rows
2024-05-17 19:58:58,134 [TRACE] BaseMappedStatement insert arguments: [2024-05-17 19:58:58.0]
2024-05-17 19:58:58,159 [DEBUG] BaseMappedStatement prepared statement 'SELECT * FROM `foo`' with 0 args
2024-05-17 19:58:58,160 [DEBUG] StatementExecutor query of 'SELECT * FROM `foo`' with 0 args returned 1 results
2024-05-17 19:58:58,164 [DEBUG] BaseMappedStatement prepared statement 'SELECT * FROM `foo` WHERE (`date` = ?)' with 1 args
2024-05-17 19:58:58,164 [TRACE] BaseMappedStatement prepared statement arguments: [2024-05-17 19:58:58.0]
2024-05-17 19:58:58,165 [DEBUG] StatementExecutor query of 'SELECT * FROM `foo` WHERE (`date` = ?)' with 1 args returned 1 results
2024-05-17 19:58:58,165 [DEBUG] BaseMappedStatement prepared statement 'SELECT * FROM `foo` WHERE (`date` = ?)' with 1 args
2024-05-17 19:58:58,165 [TRACE] BaseMappedStatement prepared statement arguments: [2024-05-17 19:58:58.0]
2024-05-17 19:58:58,166 [DEBUG] StatementExecutor query of 'SELECT * FROM `foo` WHERE (`date` = ?)' with 1 args returned 1 results
2024-05-17 19:58:58,167 [INFO] TableUtils dropping table 'foo'
2024-05-17 19:58:58,169 [INFO] TableUtils ignoring drop error 'org.h2.jdbc.JdbcSQLSyntaxErrorException: Table "FOO" not found; SQL statement:
DROP TABLE `foo`  [42102-200]' for statement: DROP TABLE `foo` 
2024-05-17 19:58:58,169 [INFO] TableUtils creating table 'foo'
2024-05-17 19:58:58,169 [INFO] TableUtils executed create table statement changed 0 rows: CREATE TABLE `foo` (`date` TIMESTAMP ) 
2024-05-17 19:58:58,170 [DEBUG] BaseMappedStatement insert data with statement 'INSERT INTO `foo` (`date` ) VALUES (?)' and 1 args, changed 1 rows
2024-05-17 19:58:58,170 [TRACE] BaseMappedStatement insert arguments: [null]
2024-05-17 19:58:58,171 [DEBUG] BaseMappedStatement prepared statement 'SELECT * FROM `foo`' with 0 args
2024-05-17 19:58:58,171 [DEBUG] StatementExecutor query of 'SELECT * FROM `foo`' with 0 args returned 1 results
2024-05-17 19:58:58,172 [ERROR] LogbackLogBackendTest message
2024-05-17 19:58:58,173 [ERROR] LogbackLogBackendTest message
java.lang.Throwable: log throwable
	at com.j256.ormlite.logger.BaseLogBackendTest.testErrorStringThrowable(BaseLogBackendTest.java:78)
	at sun.reflect.NativeMethodAccessorImpl.invoke0(Native Method)
	at sun.reflect.NativeMethodAccessorImpl.invoke(NativeMethodAccessorImpl.java:62)
	at sun.reflect.DelegatingMethodAccessorImpl.invoke(DelegatingMethodAccessorImpl.java:43)
	at java.lang.reflect.Method.invoke(Method.java:498)
	at org.junit.runners.model.FrameworkMethod$1.runReflectiveCall(FrameworkMethod.java:59)
	at org.junit.internal.runners.model.ReflectiveCallable.run(ReflectiveCallable.java:12)
	at org.junit.runners.model.FrameworkMethod.invokeExplosively(FrameworkMethod.java:56)
	at org.junit.internal.runners.statements.InvokeMethod.evaluate(InvokeMethod.java:17)
	at org.junit.runners.ParentRunner$3.evaluate(ParentRunner.java:306)
	at org.junit.runners.BlockJUnit4ClassRunner$1.evaluate(BlockJUnit4ClassRunner.java:100)
	at org.junit.runners.ParentRunner.runLeaf(ParentRunner.java:366)
	at org.junit.runners.BlockJUnit4ClassRunner.runChild(BlockJUnit4ClassRunner.java:103)
	at org.junit.runners.BlockJUnit4ClassRunner.runChild(BlockJUnit4ClassRunner.java:63)
	at org.junit.runners.ParentRunner$4.run(ParentRunner.java:331)
	at org.junit.runners.ParentRunner$1.schedule(ParentRunner.java:79)
	at org.junit.runners.ParentRunner.runChildren(ParentRunner.java:329)
	at org.junit.runners.ParentRunner.access$100(ParentRunner.java:66)
	at org.junit.runners.ParentRunner$2.evaluate(ParentRunner.java:293)
	at org.junit.runners.ParentRunner$3.evaluate(ParentRunner.java:306)
	at org.junit.runners.ParentRunner.run(ParentRunner.java:413)
	at org.junit.runners.Suite.runChild(Suite.java:128)
	at org.junit.runners.Suite.runChild(Suite.java:27)
	at org.junit.runners.ParentRunner$4.run(ParentRunner.java:331)
	at org.junit.runners.ParentRunner$1.schedule(ParentRunner.java:79)
	at org.junit.runners.ParentRunner.runChildren(ParentRunner.java:329)
	at org.junit.runners.ParentRunner.access$100(ParentRunner.java:66)
	at org.junit.runners.ParentRunner$2.evaluate(ParentRunner.java:293)
	at org.junit.runners.ParentRunner$3.evaluate(ParentRunner.java:306)
	at org.junit.runners.ParentRunner.run(ParentRunner.java:413)
	at org.junit.runner.JUnitCore.run(JUnitCore.java:137)
	at org.junit.runner.JUnitCore.run(JUnitCore.java:115)
	at edu.illinois.cs.testrunner.execution.JUnitTestExecutor.execute(JUnitTestExecutor.java:246)
	at edu.illinois.cs.testrunner.execution.JUnitTestExecutor.executeWithJUnit4Runner(JUnitTestExecutor.java:315)
	at edu.illinois.cs.testrunner.execution.JUnitTestExecutor.runOrder(JUnitTestExecutor.java:46)
	at edu.illinois.cs.testrunner.execution.Executor$.$anonfun$run$1(Executor.scala:30)
	at scala.runtime.java8.JFunction0$mcV$sp.apply(JFunction0$mcV$sp.java:12)
	at scala.util.Try$.apply(Try.scala:209)
	at edu.illinois.cs.testrunner.execution.Executor$.run(Executor.scala:28)
	at edu.illinois.cs.testrunner.execution.Executor$.main(Executor.scala:18)
	at edu.illinois.cs.testrunner.execution.Executor.main(Executor.scala)
2024-05-17 19:58:58,176 [WARN] LogbackLogBackendTest message
java.lang.Throwable: log throwable
	at com.j256.ormlite.logger.BaseLogBackendTest.testWarnStringThrowable(BaseLogBackendTest.java:68)
	at sun.reflect.NativeMethodAccessorImpl.invoke0(Native Method)
	at sun.reflect.NativeMethodAccessorImpl.invoke(NativeMethodAccessorImpl.java:62)
	at sun.reflect.DelegatingMethodAccessorImpl.invoke(DelegatingMethodAccessorImpl.java:43)
	at java.lang.reflect.Method.invoke(Method.java:498)
	at org.junit.runners.model.FrameworkMethod$1.runReflectiveCall(FrameworkMethod.java:59)
	at org.junit.internal.runners.model.ReflectiveCallable.run(ReflectiveCallable.java:12)
	at org.junit.runners.model.FrameworkMethod.invokeExplosively(FrameworkMethod.java:56)
	at org.junit.internal.runners.statements.InvokeMethod.evaluate(InvokeMethod.java:17)
	at org.junit.runners.ParentRunner$3.evaluate(ParentRunner.java:306)
	at org.junit.runners.BlockJUnit4ClassRunner$1.evaluate(BlockJUnit4ClassRunner.java:100)
	at org.junit.runners.ParentRunner.runLeaf(ParentRunner.java:366)
	at org.junit.runners.BlockJUnit4ClassRunner.runChild(BlockJUnit4ClassRunner.java:103)
	at org.junit.runners.BlockJUnit4ClassRunner.runChild(BlockJUnit4ClassRunner.java:63)
	at org.junit.runners.ParentRunner$4.run(ParentRunner.java:331)
	at org.junit.runners.ParentRunner$1.schedule(ParentRunner.java:79)
	at org.junit.runners.ParentRunner.runChildren(ParentRunner.java:329)
	at org.junit.runners.ParentRunner.access$100(ParentRunner.java:66)
	at org.junit.runners.ParentRunner$2.evaluate(ParentRunner.java:293)
	at org.junit.runners.ParentRunner$3.evaluate(ParentRunner.java:306)
	at org.junit.runners.ParentRunner.run(ParentRunner.java:413)
	at org.junit.runners.Suite.runChild(Suite.java:128)
	at org.junit.runners.Suite.runChild(Suite.java:27)
	at org.junit.runners.ParentRunner$4.run(ParentRunner.java:331)
	at org.junit.runners.ParentRunner$1.schedule(ParentRunner.java:79)
	at org.junit.runners.ParentRunner.runChildren(ParentRunner.java:329)
	at org.junit.runners.ParentRunner.access$100(ParentRunner.java:66)
	at org.junit.runners.ParentRunner$2.evaluate(ParentRunner.java:293)
	at org.junit.runners.ParentRunner$3.evaluate(ParentRunner.java:306)
	at org.junit.runners.ParentRunner.run(ParentRunner.java:413)
	at org.junit.runner.JUnitCore.run(JUnitCore.java:137)
	at org.junit.runner.JUnitCore.run(JUnitCore.java:115)
	at edu.illinois.cs.testrunner.execution.JUnitTestExecutor.execute(JUnitTestExecutor.java:246)
	at edu.illinois.cs.testrunner.execution.JUnitTestExecutor.executeWithJUnit4Runner(JUnitTestExecutor.java:315)
	at edu.illinois.cs.testrunner.execution.JUnitTestExecutor.runOrder(JUnitTestExecutor.java:46)
	at edu.illinois.cs.testrunner.execution.Executor$.$anonfun$run$1(Executor.scala:30)
	at scala.runtime.java8.JFunction0$mcV$sp.apply(JFunction0$mcV$sp.java:12)
	at scala.util.Try$.apply(Try.scala:209)
	at edu.illinois.cs.testrunner.execution.Executor$.run(Executor.scala:28)
	at edu.illinois.cs.testrunner.execution.Executor$.main(Executor.scala:18)
	at edu.illinois.cs.testrunner.execution.Executor.main(Executor.scala)
2024-05-17 19:58:58,177 [INFO] LogbackLogBackendTest message
java.lang.Throwable: log throwable
	at com.j256.ormlite.logger.BaseLogBackendTest.testInfoStringThrowable(BaseLogBackendTest.java:58)
	at sun.reflect.NativeMethodAccessorImpl.invoke0(Native Method)
	at sun.reflect.NativeMethodAccessorImpl.invoke(NativeMethodAccessorImpl.java:62)
	at sun.reflect.DelegatingMethodAccessorImpl.invoke(DelegatingMethodAccessorImpl.java:43)
	at java.lang.reflect.Method.invoke(Method.java:498)
	at org.junit.runners.model.FrameworkMethod$1.runReflectiveCall(FrameworkMethod.java:59)
	at org.junit.internal.runners.model.ReflectiveCallable.run(ReflectiveCallable.java:12)
	at org.junit.runners.model.FrameworkMethod.invokeExplosively(FrameworkMethod.java:56)
	at org.junit.internal.runners.statements.InvokeMethod.evaluate(InvokeMethod.java:17)
	at org.junit.runners.ParentRunner$3.evaluate(ParentRunner.java:306)
	at org.junit.runners.BlockJUnit4ClassRunner$1.evaluate(BlockJUnit4ClassRunner.java:100)
	at org.junit.runners.ParentRunner.runLeaf(ParentRunner.java:366)
	at org.junit.runners.BlockJUnit4ClassRunner.runChild(BlockJUnit4ClassRunner.java:103)
	at org.junit.runners.BlockJUnit4ClassRunner.runChild(BlockJUnit4ClassRunner.java:63)
	at org.junit.runners.ParentRunner$4.run(ParentRunner.java:331)
	at org.junit.runners.ParentRunner$1.schedule(ParentRunner.java:79)
	at org.junit.runners.ParentRunner.runChildren(ParentRunner.java:329)
	at org.junit.runners.ParentRunner.access$100(ParentRunner.java:66)
	at org.junit.runners.ParentRunner$2.evaluate(ParentRunner.java:293)
	at org.junit.runners.ParentRunner$3.evaluate(ParentRunner.java:306)
	at org.junit.runners.ParentRunner.run(ParentRunner.java:413)
	at org.junit.runners.Suite.runChild(Suite.java:128)
	at org.junit.runners.Suite.runChild(Suite.java:27)
	at org.junit.runners.ParentRunner$4.run(ParentRunner.java:331)
	at org.junit.runners.ParentRunner$1.schedule(ParentRunner.java:79)
	at org.junit.runners.ParentRunner.runChildren(ParentRunner.java:329)
	at org.junit.runners.ParentRunner.access$100(ParentRunner.java:66)
	at org.junit.runners.ParentRunner$2.evaluate(ParentRunner.java:293)
	at org.junit.runners.ParentRunner$3.evaluate(ParentRunner.java:306)
	at org.junit.runners.ParentRunner.run(ParentRunner.java:413)
	at org.junit.runner.JUnitCore.run(JUnitCore.java:137)
	at org.junit.runner.JUnitCore.run(JUnitCore.java:115)
	at edu.illinois.cs.testrunner.execution.JUnitTestExecutor.execute(JUnitTestExecutor.java:246)
	at edu.illinois.cs.testrunner.execution.JUnitTestExecutor.executeWithJUnit4Runner(JUnitTestExecutor.java:315)
	at edu.illinois.cs.testrunner.execution.JUnitTestExecutor.runOrder(JUnitTestExecutor.java:46)
	at edu.illinois.cs.testrunner.execution.Executor$.$anonfun$run$1(Executor.scala:30)
	at scala.runtime.java8.JFunction0$mcV$sp.apply(JFunction0$mcV$sp.java:12)
	at scala.util.Try$.apply(Try.scala:209)
	at edu.illinois.cs.testrunner.execution.Executor$.run(Executor.scala:28)
	at edu.illinois.cs.testrunner.execution.Executor$.main(Executor.scala:18)
	at edu.illinois.cs.testrunner.execution.Executor.main(Executor.scala)
2024-05-17 19:58:58,178 [ERROR] LogbackLogBackendTest message
java.lang.Throwable: log throwable
	at com.j256.ormlite.logger.BaseLogBackendTest.testFatalStringThrowable(BaseLogBackendTest.java:88)
	at sun.reflect.NativeMethodAccessorImpl.invoke0(Native Method)
	at sun.reflect.NativeMethodAccessorImpl.invoke(NativeMethodAccessorImpl.java:62)
	at sun.reflect.DelegatingMethodAccessorImpl.invoke(DelegatingMethodAccessorImpl.java:43)
	at java.lang.reflect.Method.invoke(Method.java:498)
	at org.junit.runners.model.FrameworkMethod$1.runReflectiveCall(FrameworkMethod.java:59)
	at org.junit.internal.runners.model.ReflectiveCallable.run(ReflectiveCallable.java:12)
	at org.junit.runners.model.FrameworkMethod.invokeExplosively(FrameworkMethod.java:56)
	at org.junit.internal.runners.statements.InvokeMethod.evaluate(InvokeMethod.java:17)
	at org.junit.runners.ParentRunner$3.evaluate(ParentRunner.java:306)
	at org.junit.runners.BlockJUnit4ClassRunner$1.evaluate(BlockJUnit4ClassRunner.java:100)
	at org.junit.runners.ParentRunner.runLeaf(ParentRunner.java:366)
	at org.junit.runners.BlockJUnit4ClassRunner.runChild(BlockJUnit4ClassRunner.java:103)
	at org.junit.runners.BlockJUnit4ClassRunner.runChild(BlockJUnit4ClassRunner.java:63)
	at org.junit.runners.ParentRunner$4.run(ParentRunner.java:331)
	at org.junit.runners.ParentRunner$1.schedule(ParentRunner.java:79)
	at org.junit.runners.ParentRunner.runChildren(ParentRunner.java:329)
	at org.junit.runners.ParentRunner.access$100(ParentRunner.java:66)
	at org.junit.runners.ParentRunner$2.evaluate(ParentRunner.java:293)
	at org.junit.runners.ParentRunner$3.evaluate(ParentRunner.java:306)
	at org.junit.runners.ParentRunner.run(ParentRunner.java:413)
	at org.junit.runners.Suite.runChild(Suite.java:128)
	at org.junit.runners.Suite.runChild(Suite.java:27)
	at org.junit.runners.ParentRunner$4.run(ParentRunner.java:331)
	at org.junit.runners.ParentRunner$1.schedule(ParentRunner.java:79)
	at org.junit.runners.ParentRunner.runChildren(ParentRunner.java:329)
	at org.junit.runners.ParentRunner.access$100(ParentRunner.java:66)
	at org.junit.runners.ParentRunner$2.evaluate(ParentRunner.java:293)
	at org.junit.runners.ParentRunner$3.evaluate(ParentRunner.java:306)
	at org.junit.runners.ParentRunner.run(ParentRunner.java:413)
	at org.junit.runner.JUnitCore.run(JUnitCore.java:137)
	at org.junit.runner.JUnitCore.run(JUnitCore.java:115)
	at edu.illinois.cs.testrunner.execution.JUnitTestExecutor.execute(JUnitTestExecutor.java:246)
	at edu.illinois.cs.testrunner.execution.JUnitTestExecutor.executeWithJUnit4Runner(JUnitTestExecutor.java:315)
	at edu.illinois.cs.testrunner.execution.JUnitTestExecutor.runOrder(JUnitTestExecutor.java:46)
	at edu.illinois.cs.testrunner.execution.Executor$.$anonfun$run$1(Executor.scala:30)
	at scala.runtime.java8.JFunction0$mcV$sp.apply(JFunction0$mcV$sp.java:12)
	at scala.util.Try$.apply(Try.scala:209)
	at edu.illinois.cs.testrunner.execution.Executor$.run(Executor.scala:28)
	at edu.illinois.cs.testrunner.execution.Executor$.main(Executor.scala:18)
	at edu.illinois.cs.testrunner.execution.Executor.main(Executor.scala)
2024-05-17 19:58:58,179 [ERROR] LogbackLogBackendTest message
2024-05-17 19:58:58,179 [INFO] LogbackLogBackendTest message
2024-05-17 19:58:58,179 [INFO] LogbackLogBackendTest hello there
2024-05-17 19:58:58,180 [WARN] LogbackLogBackendTest message
2024-05-17 19:58:58,185 [INFO] TableUtils dropping table 'foo'
2024-05-17 19:58:58,187 [INFO] TableUtils ignoring drop error 'org.h2.jdbc.JdbcSQLSyntaxErrorException: Table "FOO" not found; SQL statement:
DROP TABLE `foo`  [42102-200]' for statement: DROP TABLE `foo` 
2024-05-17 19:58:58,187 [INFO] TableUtils creating table 'foo'
2024-05-17 19:58:58,188 [INFO] TableUtils executed create table statement changed 0 rows: CREATE TABLE `foo` (`string` TEXT ) 
2024-05-17 19:58:58,189 [DEBUG] BaseMappedStatement insert data with statement 'INSERT INTO `foo` (`string` ) VALUES (?)' and 1 args, changed 1 rows
2024-05-17 19:58:58,189 [TRACE] BaseMappedStatement insert arguments: [str]
2024-05-17 19:58:58,191 [DEBUG] BaseMappedStatement prepared statement 'SELECT * FROM `foo`' with 0 args
2024-05-17 19:58:58,192 [DEBUG] StatementExecutor query of 'SELECT * FROM `foo`' with 0 args returned 1 results
2024-05-17 19:58:58,192 [DEBUG] BaseMappedStatement prepared statement 'SELECT * FROM `foo` WHERE (`string` = 'str')' with 0 args
2024-05-17 19:58:58,195 [DEBUG] StatementExecutor query of 'SELECT * FROM `foo` WHERE (`string` = 'str')' with 0 args returned 1 results
2024-05-17 19:58:58,195 [DEBUG] BaseMappedStatement prepared statement 'SELECT * FROM `foo` WHERE (`string` = ?)' with 1 args
2024-05-17 19:58:58,195 [TRACE] BaseMappedStatement prepared statement arguments: [str]
2024-05-17 19:58:58,196 [DEBUG] StatementExecutor query of 'SELECT * FROM `foo` WHERE (`string` = ?)' with 1 args returned 1 results
ERROR Log4j2LogBackendTest message
FATAL Log4j2LogBackendTest message java.lang.Throwable: log throwable
	at com.j256.ormlite.logger.BaseLogBackendTest.testFatalStringThrowable(BaseLogBackendTest.java:88)
	at sun.reflect.NativeMethodAccessorImpl.invoke0(Native Method)
	at sun.reflect.NativeMethodAccessorImpl.invoke(NativeMethodAccessorImpl.java:62)
	at sun.reflect.DelegatingMethodAccessorImpl.invoke(DelegatingMethodAccessorImpl.java:43)
	at java.lang.reflect.Method.invoke(Method.java:498)
	at org.junit.runners.model.FrameworkMethod$1.runReflectiveCall(FrameworkMethod.java:59)
	at org.junit.internal.runners.model.ReflectiveCallable.run(ReflectiveCallable.java:12)
	at org.junit.runners.model.FrameworkMethod.invokeExplosively(FrameworkMethod.java:56)
	at org.junit.internal.runners.statements.InvokeMethod.evaluate(InvokeMethod.java:17)
	at org.junit.runners.ParentRunner$3.evaluate(ParentRunner.java:306)
	at org.junit.runners.BlockJUnit4ClassRunner$1.evaluate(BlockJUnit4ClassRunner.java:100)
	at org.junit.runners.ParentRunner.runLeaf(ParentRunner.java:366)
	at org.junit.runners.BlockJUnit4ClassRunner.runChild(BlockJUnit4ClassRunner.java:103)
	at org.junit.runners.BlockJUnit4ClassRunner.runChild(BlockJUnit4ClassRunner.java:63)
	at org.junit.runners.ParentRunner$4.run(ParentRunner.java:331)
	at org.junit.runners.ParentRunner$1.schedule(ParentRunner.java:79)
	at org.junit.runners.ParentRunner.runChildren(ParentRunner.java:329)
	at org.junit.runners.ParentRunner.access$100(ParentRunner.java:66)
	at org.junit.runners.ParentRunner$2.evaluate(ParentRunner.java:293)
	at org.junit.runners.ParentRunner$3.evaluate(ParentRunner.java:306)
	at org.junit.runners.ParentRunner.run(ParentRunner.java:413)
	at org.junit.runners.Suite.runChild(Suite.java:128)
	at org.junit.runners.Suite.runChild(Suite.java:27)
	at org.junit.runners.ParentRunner$4.run(ParentRunner.java:331)
	at org.junit.runners.ParentRunner$1.schedule(ParentRunner.java:79)
	at org.junit.runners.ParentRunner.runChildren(ParentRunner.java:329)
	at org.junit.runners.ParentRunner.access$100(ParentRunner.java:66)
	at org.junit.runners.ParentRunner$2.evaluate(ParentRunner.java:293)
	at org.junit.runners.ParentRunner$3.evaluate(ParentRunner.java:306)
	at org.junit.runners.ParentRunner.run(ParentRunner.java:413)
	at org.junit.runner.JUnitCore.run(JUnitCore.java:137)
	at org.junit.runner.JUnitCore.run(JUnitCore.java:115)
	at edu.illinois.cs.testrunner.execution.JUnitTestExecutor.execute(JUnitTestExecutor.java:246)
	at edu.illinois.cs.testrunner.execution.JUnitTestExecutor.executeWithJUnit4Runner(JUnitTestExecutor.java:315)
	at edu.illinois.cs.testrunner.execution.JUnitTestExecutor.runOrder(JUnitTestExecutor.java:46)
	at edu.illinois.cs.testrunner.execution.Executor$.$anonfun$run$1(Executor.scala:30)
	at scala.runtime.java8.JFunction0$mcV$sp.apply(JFunction0$mcV$sp.java:12)
	at scala.util.Try$.apply(Try.scala:209)
	at edu.illinois.cs.testrunner.execution.Executor$.run(Executor.scala:28)
	at edu.illinois.cs.testrunner.execution.Executor$.main(Executor.scala:18)
	at edu.illinois.cs.testrunner.execution.Executor.main(Executor.scala)

FATAL Log4j2LogBackendTest message
ERROR Log4j2LogBackendTest message java.lang.Throwable: log throwable
	at com.j256.ormlite.logger.BaseLogBackendTest.testErrorStringThrowable(BaseLogBackendTest.java:78)
	at sun.reflect.NativeMethodAccessorImpl.invoke0(Native Method)
	at sun.reflect.NativeMethodAccessorImpl.invoke(NativeMethodAccessorImpl.java:62)
	at sun.reflect.DelegatingMethodAccessorImpl.invoke(DelegatingMethodAccessorImpl.java:43)
	at java.lang.reflect.Method.invoke(Method.java:498)
	at org.junit.runners.model.FrameworkMethod$1.runReflectiveCall(FrameworkMethod.java:59)
	at org.junit.internal.runners.model.ReflectiveCallable.run(ReflectiveCallable.java:12)
	at org.junit.runners.model.FrameworkMethod.invokeExplosively(FrameworkMethod.java:56)
	at org.junit.internal.runners.statements.InvokeMethod.evaluate(InvokeMethod.java:17)
	at org.junit.runners.ParentRunner$3.evaluate(ParentRunner.java:306)
	at org.junit.runners.BlockJUnit4ClassRunner$1.evaluate(BlockJUnit4ClassRunner.java:100)
	at org.junit.runners.ParentRunner.runLeaf(ParentRunner.java:366)
	at org.junit.runners.BlockJUnit4ClassRunner.runChild(BlockJUnit4ClassRunner.java:103)
	at org.junit.runners.BlockJUnit4ClassRunner.runChild(BlockJUnit4ClassRunner.java:63)
	at org.junit.runners.ParentRunner$4.run(ParentRunner.java:331)
	at org.junit.runners.ParentRunner$1.schedule(ParentRunner.java:79)
	at org.junit.runners.ParentRunner.runChildren(ParentRunner.java:329)
	at org.junit.runners.ParentRunner.access$100(ParentRunner.java:66)
	at org.junit.runners.ParentRunner$2.evaluate(ParentRunner.java:293)
	at org.junit.runners.ParentRunner$3.evaluate(ParentRunner.java:306)
	at org.junit.runners.ParentRunner.run(ParentRunner.java:413)
	at org.junit.runners.Suite.runChild(Suite.java:128)
	at org.junit.runners.Suite.runChild(Suite.java:27)
	at org.junit.runners.ParentRunner$4.run(ParentRunner.java:331)
	at org.junit.runners.ParentRunner$1.schedule(ParentRunner.java:79)
	at org.junit.runners.ParentRunner.runChildren(ParentRunner.java:329)
	at org.junit.runners.ParentRunner.access$100(ParentRunner.java:66)
	at org.junit.runners.ParentRunner$2.evaluate(ParentRunner.java:293)
	at org.junit.runners.ParentRunner$3.evaluate(ParentRunner.java:306)
	at org.junit.runners.ParentRunner.run(ParentRunner.java:413)
	at org.junit.runner.JUnitCore.run(JUnitCore.java:137)
	at org.junit.runner.JUnitCore.run(JUnitCore.java:115)
	at edu.illinois.cs.testrunner.execution.JUnitTestExecutor.execute(JUnitTestExecutor.java:246)
	at edu.illinois.cs.testrunner.execution.JUnitTestExecutor.executeWithJUnit4Runner(JUnitTestExecutor.java:315)
	at edu.illinois.cs.testrunner.execution.JUnitTestExecutor.runOrder(JUnitTestExecutor.java:46)
	at edu.illinois.cs.testrunner.execution.Executor$.$anonfun$run$1(Executor.scala:30)
	at scala.runtime.java8.JFunction0$mcV$sp.apply(JFunction0$mcV$sp.java:12)
	at scala.util.Try$.apply(Try.scala:209)
	at edu.illinois.cs.testrunner.execution.Executor$.run(Executor.scala:28)
	at edu.illinois.cs.testrunner.execution.Executor$.main(Executor.scala:18)
	at edu.illinois.cs.testrunner.execution.Executor.main(Executor.scala)

2024-05-17 19:58:58,211 [INFO] TableUtils dropping table 'lazy'
2024-05-17 19:58:58,213 [INFO] TableUtils ignoring drop error 'org.h2.jdbc.JdbcSQLSyntaxErrorException: Table "LAZY" not found; SQL statement:
DROP TABLE `lazy`  [42102-200]' for statement: DROP TABLE `lazy` 
2024-05-17 19:58:58,213 [INFO] TableUtils creating table 'lazy'
2024-05-17 19:58:58,231 [INFO] TableUtils executed create table statement changed 0 rows: CREATE TABLE `lazy` (`id` INTEGER AUTO_INCREMENT , PRIMARY KEY (`id`) ) 
2024-05-17 19:58:58,233 [DEBUG] BaseMappedStatement insert data with statement 'INSERT INTO `lazy` () VALUES ()' and 0 args, changed 1 rows
2024-05-17 19:58:58,233 [DEBUG] BaseMappedStatement assigned id '1' from keyholder to 'id' in Lazy object
2024-05-17 19:58:58,233 [INFO] TableUtils dropping table 'foreign'
2024-05-17 19:58:58,234 [INFO] TableUtils ignoring drop error 'org.h2.jdbc.JdbcSQLSyntaxErrorException: Table "FOREIGN" not found; SQL statement:
DROP TABLE `foreign`  [42102-200]' for statement: DROP TABLE `foreign` 
2024-05-17 19:58:58,234 [INFO] TableUtils creating table 'foreign'
2024-05-17 19:58:58,235 [INFO] TableUtils executed create table statement changed 0 rows: CREATE TABLE `foreign` (`id` INTEGER AUTO_INCREMENT , `lazy_id` INTEGER , PRIMARY KEY (`id`) ) 
2024-05-17 19:58:58,235 [DEBUG] BaseMappedStatement insert data with statement 'INSERT INTO `foreign` (`lazy_id` ) VALUES (?)' and 1 args, changed 1 rows
2024-05-17 19:58:58,235 [TRACE] BaseMappedStatement insert arguments: [1]
2024-05-17 19:58:58,235 [DEBUG] BaseMappedStatement assigned id '1' from keyholder to 'id' in Foreign object
2024-05-17 19:58:58,237 [DEBUG] BaseMappedStatement query-for-id using 'SELECT * FROM `lazy` WHERE `id` = ?' and 1 args, got 1 result
2024-05-17 19:58:58,237 [TRACE] BaseMappedStatement query-for-id arguments: [1]
2024-05-17 19:58:58,237 [DEBUG] BaseMappedStatement prepared statement 'SELECT * FROM `foreign` WHERE `lazy_id` = ?' with 1 args
2024-05-17 19:58:58,237 [TRACE] BaseMappedStatement prepared statement arguments: [1]
2024-05-17 19:58:58,238 [DEBUG] BaseMappedStatement prepared statement 'SELECT * FROM `foreign` WHERE `lazy_id` = ?' with 1 args
2024-05-17 19:58:58,238 [TRACE] BaseMappedStatement prepared statement arguments: [1]
2024-05-17 19:58:58,238 [DEBUG] BaseMappedStatement prepared statement 'SELECT * FROM `foreign` WHERE `lazy_id` = ?' with 1 args
2024-05-17 19:58:58,238 [TRACE] BaseMappedStatement prepared statement arguments: [1]
2024-05-17 19:58:58,241 [INFO] TableUtils dropping table 'foo'
2024-05-17 19:58:58,243 [INFO] TableUtils ignoring drop error 'org.h2.jdbc.JdbcSQLSyntaxErrorException: Table "FOO" not found; SQL statement:
DROP TABLE `foo`  [42102-200]' for statement: DROP TABLE `foo` 
2024-05-17 19:58:58,243 [INFO] TableUtils creating table 'foo'
2024-05-17 19:58:58,244 [INFO] TableUtils executed create table statement changed 0 rows: CREATE TABLE `foo` (`id` INTEGER AUTO_INCREMENT , `val` INTEGER , `equal` INTEGER , `string` VARCHAR(255) , PRIMARY KEY (`id`) ) 
2024-05-17 19:58:58,246 [DEBUG] BaseMappedStatement insert data with statement 'INSERT INTO `foo` (`val` ,`equal` ,`string` ) VALUES (?,?,?)' and 3 args, changed 1 rows
2024-05-17 19:58:58,246 [TRACE] BaseMappedStatement insert arguments: [13131511, 0, null]
2024-05-17 19:58:58,246 [DEBUG] BaseMappedStatement assigned id '1' from keyholder to 'id' in Foo object
2024-05-17 19:58:58,248 [DEBUG] BaseMappedStatement delete data with statement 'DELETE FROM `foo` WHERE `id` = ?' and 1 args, changed 1 rows
2024-05-17 19:58:58,248 [TRACE] BaseMappedStatement delete arguments: [1]
2024-05-17 19:58:58,249 [DEBUG] BaseMappedStatement query-for-id using 'SELECT * FROM `foo` WHERE `id` = ?' and 1 args, got no results
2024-05-17 19:58:58,249 [TRACE] BaseMappedStatement query-for-id arguments: [1]
2024-05-17 19:58:58,249 [DEBUG] BaseMappedStatement query-for-id using 'SELECT * FROM `foo` WHERE `id` = ?' and 1 args, got no results
2024-05-17 19:58:58,249 [TRACE] BaseMappedStatement query-for-id arguments: [1]
2024-05-17 19:58:58,263 [INFO] TableUtils dropping table 'foo'
2024-05-17 19:58:58,265 [INFO] TableUtils ignoring drop error 'org.h2.jdbc.JdbcSQLSyntaxErrorException: Table "FOO" not found; SQL statement:
DROP TABLE `foo`  [42102-200]' for statement: DROP TABLE `foo` 
2024-05-17 19:58:58,265 [INFO] TableUtils creating table 'foo'
2024-05-17 19:58:58,266 [INFO] TableUtils executed create table statement changed 0 rows: CREATE TABLE `foo` (`id` INTEGER AUTO_INCREMENT , `val` INTEGER , `equal` INTEGER , `string` VARCHAR(255) , PRIMARY KEY (`id`) ) 
2024-05-17 19:58:58,267 [DEBUG] BaseMappedStatement insert data with statement 'INSERT INTO `foo` (`val` ,`equal` ,`string` ) VALUES (?,?,?)' and 3 args, changed 1 rows
2024-05-17 19:58:58,268 [TRACE] BaseMappedStatement insert arguments: [0, 0, null]
2024-05-17 19:58:58,268 [DEBUG] BaseMappedStatement assigned id '1' from keyholder to 'id' in Foo object
2024-05-17 19:58:58,268 [DEBUG] BaseMappedStatement insert data with statement 'INSERT INTO `foo` (`val` ,`equal` ,`string` ) VALUES (?,?,?)' and 3 args, changed 1 rows
2024-05-17 19:58:58,268 [TRACE] BaseMappedStatement insert arguments: [0, 0, null]
2024-05-17 19:58:58,268 [DEBUG] BaseMappedStatement assigned id '2' from keyholder to 'id' in Foo object
2024-05-17 19:58:58,269 [DEBUG] BaseMappedStatement prepared statement 'SELECT * FROM `foo`' with 0 args
2024-05-17 19:58:58,270 [DEBUG] StatementExecutor query of 'SELECT * FROM `foo`' with 0 args returned 0 results
2024-05-17 19:58:58,270 [INFO] TableUtils dropping table 'foo'
2024-05-17 19:58:58,271 [INFO] TableUtils ignoring drop error 'org.h2.jdbc.JdbcSQLSyntaxErrorException: Table "FOO" not found; SQL statement:
DROP TABLE `foo`  [42102-200]' for statement: DROP TABLE `foo` 
2024-05-17 19:58:58,272 [INFO] TableUtils creating table 'foo'
2024-05-17 19:58:58,273 [INFO] TableUtils executed create table statement changed 0 rows: CREATE TABLE `foo` (`id` INTEGER AUTO_INCREMENT , `val` INTEGER , `equal` INTEGER , `string` VARCHAR(255) , PRIMARY KEY (`id`) ) 
2024-05-17 19:58:58,273 [DEBUG] BaseMappedStatement insert data with statement 'INSERT INTO `foo` (`val` ,`equal` ,`string` ) VALUES (?,?,?)' and 3 args, changed 1 rows
2024-05-17 19:58:58,273 [TRACE] BaseMappedStatement insert arguments: [13131511, 0, null]
2024-05-17 19:58:58,273 [DEBUG] BaseMappedStatement assigned id '1' from keyholder to 'id' in Foo object
2024-05-17 19:58:58,274 [DEBUG] BaseMappedStatement delete data with statement 'DELETE FROM `foo` WHERE `id` = ?' and 1 args, changed 1 rows
2024-05-17 19:58:58,274 [TRACE] BaseMappedStatement delete arguments: [1]
2024-05-17 19:58:58,274 [DEBUG] BaseMappedStatement query-for-id using 'SELECT * FROM `foo` WHERE `id` = ?' and 1 args, got no results
2024-05-17 19:58:58,274 [TRACE] BaseMappedStatement query-for-id arguments: [1]
2024-05-17 19:58:58,275 [DEBUG] BaseMappedStatement query-for-id using 'SELECT * FROM `foo` WHERE `id` = ?' and 1 args, got 1 result
2024-05-17 19:58:58,275 [TRACE] BaseMappedStatement query-for-id arguments: [1]
2024-05-17 19:58:58,285 [INFO] TableUtils dropping table 'foo'
2024-05-17 19:58:58,287 [INFO] TableUtils ignoring drop error 'org.h2.jdbc.JdbcSQLSyntaxErrorException: Table "FOO" not found; SQL statement:
DROP TABLE `foo`  [42102-200]' for statement: DROP TABLE `foo` 
2024-05-17 19:58:58,287 [INFO] TableUtils creating table 'foo'
2024-05-17 19:58:58,288 [INFO] TableUtils executed create table statement changed 0 rows: CREATE TABLE `foo` (`id` INTEGER AUTO_INCREMENT , `val` INTEGER , `equal` INTEGER , `string` VARCHAR(255) , PRIMARY KEY (`id`) ) 
2024-05-17 19:58:58,289 [DEBUG] BaseMappedStatement insert data with statement 'INSERT INTO `foo` (`val` ,`equal` ,`string` ) VALUES (?,?,?)' and 3 args, changed 1 rows
2024-05-17 19:58:58,289 [TRACE] BaseMappedStatement insert arguments: [13131511, 0, null]
2024-05-17 19:58:58,289 [DEBUG] BaseMappedStatement assigned id '1' from keyholder to 'id' in Foo object
2024-05-17 19:58:58,289 [DEBUG] BaseMappedStatement delete data with statement 'DELETE FROM `foo` WHERE `id` = ?' and 1 args, changed 1 rows
2024-05-17 19:58:58,289 [TRACE] BaseMappedStatement delete arguments: [1]
2024-05-17 19:58:58,290 [DEBUG] BaseMappedStatement query-for-id using 'SELECT * FROM `foo` WHERE `id` = ?' and 1 args, got no results
2024-05-17 19:58:58,290 [TRACE] BaseMappedStatement query-for-id arguments: [1]
2024-05-17 19:58:58,290 [DEBUG] BaseMappedStatement query-for-id using 'SELECT * FROM `foo` WHERE `id` = ?' and 1 args, got 1 result
2024-05-17 19:58:58,290 [TRACE] BaseMappedStatement query-for-id arguments: [1]
2024-05-17 19:58:58,293 [INFO] TableUtils dropping table 'foo'
2024-05-17 19:58:58,294 [INFO] TableUtils ignoring drop error 'org.h2.jdbc.JdbcSQLSyntaxErrorException: Table "FOO" not found; SQL statement:
DROP TABLE `foo`  [42102-200]' for statement: DROP TABLE `foo` 
2024-05-17 19:58:58,294 [INFO] TableUtils creating table 'foo'
2024-05-17 19:58:58,295 [INFO] TableUtils executed create table statement changed 0 rows: CREATE TABLE `foo` (`id` INTEGER AUTO_INCREMENT , `val` INTEGER , `equal` INTEGER , `string` VARCHAR(255) , PRIMARY KEY (`id`) ) 
2024-05-17 19:58:58,296 [DEBUG] BaseMappedStatement insert data with statement 'INSERT INTO `foo` (`val` ,`equal` ,`string` ) VALUES (?,?,?)' and 3 args, changed 1 rows
2024-05-17 19:58:58,296 [TRACE] BaseMappedStatement insert arguments: [0, 0, null]
2024-05-17 19:58:58,296 [DEBUG] BaseMappedStatement assigned id '1' from keyholder to 'id' in Foo object
2024-05-17 19:58:58,297 [DEBUG] BaseMappedStatement query-for-id using 'SELECT * FROM `foo` WHERE `id` = ?' and 1 args, got 1 result
2024-05-17 19:58:58,297 [TRACE] BaseMappedStatement query-for-id arguments: [1]
2024-05-17 19:58:58,298 [DEBUG] BaseMappedStatement delete data with statement 'DELETE FROM `foo` WHERE `id` = ?' and 1 args, changed 1 rows
2024-05-17 19:58:58,298 [TRACE] BaseMappedStatement delete arguments: [1]
2024-05-17 19:58:58,299 [DEBUG] BaseMappedStatement query-for-id using 'SELECT * FROM `foo` WHERE `id` = ?' and 1 args, got 1 result
2024-05-17 19:58:58,299 [TRACE] BaseMappedStatement query-for-id arguments: [1]
2024-05-17 19:58:58,300 [INFO] TableUtils dropping table 'foo'
2024-05-17 19:58:58,301 [INFO] TableUtils ignoring drop error 'org.h2.jdbc.JdbcSQLSyntaxErrorException: Table "FOO" not found; SQL statement:
DROP TABLE `foo`  [42102-200]' for statement: DROP TABLE `foo` 
2024-05-17 19:58:58,301 [INFO] TableUtils creating table 'foo'
2024-05-17 19:58:58,302 [INFO] TableUtils executed create table statement changed 0 rows: CREATE TABLE `foo` (`id` INTEGER AUTO_INCREMENT , `val` INTEGER , `equal` INTEGER , `string` VARCHAR(255) , PRIMARY KEY (`id`) ) 
2024-05-17 19:58:58,303 [DEBUG] BaseMappedStatement insert data with statement 'INSERT INTO `foo` (`val` ,`equal` ,`string` ) VALUES (?,?,?)' and 3 args, changed 1 rows
2024-05-17 19:58:58,303 [TRACE] BaseMappedStatement insert arguments: [13131511, 0, null]
2024-05-17 19:58:58,303 [DEBUG] BaseMappedStatement assigned id '1' from keyholder to 'id' in Foo object
2024-05-17 19:58:58,304 [DEBUG] BaseMappedStatement delete data with statement 'DELETE FROM `foo` WHERE `id` = ?' and 1 args, changed 1 rows
2024-05-17 19:58:58,304 [TRACE] BaseMappedStatement delete arguments: [1]
2024-05-17 19:58:58,304 [DEBUG] BaseMappedStatement query-for-id using 'SELECT * FROM `foo` WHERE `id` = ?' and 1 args, got no results
2024-05-17 19:58:58,304 [TRACE] BaseMappedStatement query-for-id arguments: [1]
2024-05-17 19:58:58,305 [DEBUG] BaseMappedStatement query-for-id using 'SELECT * FROM `foo` WHERE `id` = ?' and 1 args, got no results
2024-05-17 19:58:58,305 [TRACE] BaseMappedStatement query-for-id arguments: [1]
2024-05-17 19:58:58,305 [INFO] TableUtils dropping table 'foo'
2024-05-17 19:58:58,307 [INFO] TableUtils ignoring drop error 'org.h2.jdbc.JdbcSQLSyntaxErrorException: Table "FOO" not found; SQL statement:
DROP TABLE `foo`  [42102-200]' for statement: DROP TABLE `foo` 
2024-05-17 19:58:58,307 [INFO] TableUtils creating table 'foo'
2024-05-17 19:58:58,308 [INFO] TableUtils executed create table statement changed 0 rows: CREATE TABLE `foo` (`id` INTEGER AUTO_INCREMENT , `val` INTEGER , `equal` INTEGER , `string` VARCHAR(255) , PRIMARY KEY (`id`) ) 
2024-05-17 19:58:58,309 [DEBUG] BaseMappedStatement insert data with statement 'INSERT INTO `foo` (`val` ,`equal` ,`string` ) VALUES (?,?,?)' and 3 args, changed 1 rows
2024-05-17 19:58:58,309 [TRACE] BaseMappedStatement insert arguments: [1, 0, null]
2024-05-17 19:58:58,309 [DEBUG] BaseMappedStatement assigned id '1' from keyholder to 'id' in Foo object
2024-05-17 19:58:58,309 [DEBUG] BaseMappedStatement insert data with statement 'INSERT INTO `foo` (`val` ,`equal` ,`string` ) VALUES (?,?,?)' and 3 args, changed 1 rows
2024-05-17 19:58:58,309 [TRACE] BaseMappedStatement insert arguments: [2, 0, null]
2024-05-17 19:58:58,310 [DEBUG] BaseMappedStatement assigned id '2' from keyholder to 'id' in Foo object
2024-05-17 19:58:58,310 [DEBUG] BaseMappedStatement insert data with statement 'INSERT INTO `foo` (`val` ,`equal` ,`string` ) VALUES (?,?,?)' and 3 args, changed 1 rows
2024-05-17 19:58:58,310 [TRACE] BaseMappedStatement insert arguments: [3, 0, null]
2024-05-17 19:58:58,310 [DEBUG] BaseMappedStatement assigned id '3' from keyholder to 'id' in Foo object
2024-05-17 19:58:58,314 [INFO] TableUtils dropping table 'foo'
2024-05-17 19:58:58,316 [INFO] TableUtils ignoring drop error 'org.h2.jdbc.JdbcSQLSyntaxErrorException: Table "FOO" not found; SQL statement:
DROP TABLE `foo`  [42102-200]' for statement: DROP TABLE `foo` 
2024-05-17 19:58:58,316 [INFO] TableUtils creating table 'foo'
2024-05-17 19:58:58,317 [INFO] TableUtils executed create table statement changed 0 rows: CREATE TABLE `foo` (`id` INTEGER AUTO_INCREMENT , `val` INTEGER , `equal` INTEGER , `string` VARCHAR(255) , PRIMARY KEY (`id`) ) 
2024-05-17 19:58:58,318 [DEBUG] BaseMappedStatement insert data with statement 'INSERT INTO `foo` (`val` ,`equal` ,`string` ) VALUES (?,?,?)' and 3 args, changed 1 rows
2024-05-17 19:58:58,318 [TRACE] BaseMappedStatement insert arguments: [13131511, 0, null]
2024-05-17 19:58:58,318 [DEBUG] BaseMappedStatement assigned id '1' from keyholder to 'id' in Foo object
2024-05-17 19:58:58,318 [DEBUG] BaseMappedStatement delete data with statement 'DELETE FROM `foo` WHERE `id` = ?' and 1 args, changed 1 rows
2024-05-17 19:58:58,318 [TRACE] BaseMappedStatement delete arguments: [1]
2024-05-17 19:58:58,319 [DEBUG] BaseMappedStatement query-for-id using 'SELECT * FROM `foo` WHERE `id` = ?' and 1 args, got no results
2024-05-17 19:58:58,319 [TRACE] BaseMappedStatement query-for-id arguments: [1]
2024-05-17 19:58:58,320 [DEBUG] BaseMappedStatement query-for-id using 'SELECT * FROM `foo` WHERE `id` = ?' and 1 args, got 1 result
2024-05-17 19:58:58,320 [TRACE] BaseMappedStatement query-for-id arguments: [1]
2024-05-17 19:58:58,324 [INFO] TableUtils dropping table 'versionfielddatestring'
2024-05-17 19:58:58,325 [INFO] TableUtils ignoring drop error 'org.h2.jdbc.JdbcSQLSyntaxErrorException: Table "VERSIONFIELDDATESTRING" not found; SQL statement:
DROP TABLE `versionfielddatestring`  [42102-200]' for statement: DROP TABLE `versionfielddatestring` 
2024-05-17 19:58:58,325 [INFO] TableUtils creating table 'versionfielddatestring'
2024-05-17 19:58:58,327 [INFO] TableUtils executed create table statement changed 0 rows: CREATE TABLE `versionfielddatestring` (`id` INTEGER AUTO_INCREMENT , `stuff1` VARCHAR(255) , `version` VARCHAR(50) , `stuff2` VARCHAR(255) , PRIMARY KEY (`id`) ) 
2024-05-17 19:58:58,328 [DEBUG] BaseMappedStatement insert data with statement 'INSERT INTO `versionfielddatestring` (`stuff1` ,`version` ,`stuff2` ) VALUES (?,?,?)' and 3 args, changed 1 rows
2024-05-17 19:58:58,328 [TRACE] BaseMappedStatement insert arguments: [null, 2024-05-17 19:58:58.000327, null]
2024-05-17 19:58:58,328 [DEBUG] BaseMappedStatement assigned id '1' from keyholder to 'id' in VersionFieldDateString object
2024-05-17 19:58:58,330 [DEBUG] BaseMappedStatement update data with statement 'UPDATE `versionfielddatestring` SET `stuff1` = ?, `version` = ?, `stuff2` = ? WHERE `id` = ? AND `version` = ?' and 5 args, changed 1 rows
2024-05-17 19:58:58,330 [TRACE] BaseMappedStatement update arguments: [null, 2024-05-17 19:58:58.000329, null, 1, 2024-05-17 19:58:58.000327]
2024-05-17 19:58:58,333 [INFO] TableUtils dropping table 'versionfield'
2024-05-17 19:58:58,335 [INFO] TableUtils ignoring drop error 'org.h2.jdbc.JdbcSQLSyntaxErrorException: Table "VERSIONFIELD" not found; SQL statement:
DROP TABLE `versionfield`  [42102-200]' for statement: DROP TABLE `versionfield` 
2024-05-17 19:58:58,335 [INFO] TableUtils creating table 'versionfield'
2024-05-17 19:58:58,336 [INFO] TableUtils executed create table statement changed 0 rows: CREATE TABLE `versionfield` (`id` INTEGER AUTO_INCREMENT , `stuff1` VARCHAR(255) , `version` INTEGER , `stuff2` VARCHAR(255) , PRIMARY KEY (`id`) ) 
2024-05-17 19:58:58,336 [DEBUG] BaseMappedStatement insert data with statement 'INSERT INTO `versionfield` (`stuff1` ,`version` ,`stuff2` ) VALUES (?,?,?)' and 3 args, changed 1 rows
2024-05-17 19:58:58,336 [TRACE] BaseMappedStatement insert arguments: [null, 10, null]
2024-05-17 19:58:58,336 [DEBUG] BaseMappedStatement assigned id '1' from keyholder to 'id' in VersionField object
2024-05-17 19:58:58,337 [DEBUG] BaseMappedStatement query-for-id using 'SELECT * FROM `versionfield` WHERE `id` = ?' and 1 args, got 1 result
2024-05-17 19:58:58,337 [TRACE] BaseMappedStatement query-for-id arguments: [1]
2024-05-17 19:58:58,338 [DEBUG] BaseMappedStatement update data with statement 'UPDATE `versionfield` SET `stuff1` = ?, `version` = ?, `stuff2` = ? WHERE `id` = ? AND `version` = ?' and 5 args, changed 1 rows
2024-05-17 19:58:58,338 [TRACE] BaseMappedStatement update arguments: [null, 11, null, 1, 10]
2024-05-17 19:58:58,338 [DEBUG] BaseMappedStatement update data with statement 'UPDATE `versionfield` SET `stuff1` = ?, `version` = ?, `stuff2` = ? WHERE `id` = ? AND `version` = ?' and 5 args, changed 1 rows
2024-05-17 19:58:58,338 [TRACE] BaseMappedStatement update arguments: [null, 12, null, 1, 11]
2024-05-17 19:58:58,339 [INFO] TableUtils dropping table 'versionfielddate'
2024-05-17 19:58:58,340 [INFO] TableUtils ignoring drop error 'org.h2.jdbc.JdbcSQLSyntaxErrorException: Table "VERSIONFIELDDATE" not found; SQL statement:
DROP TABLE `versionfielddate`  [42102-200]' for statement: DROP TABLE `versionfielddate` 
2024-05-17 19:58:58,340 [INFO] TableUtils creating table 'versionfielddate'
2024-05-17 19:58:58,341 [INFO] TableUtils executed create table statement changed 0 rows: CREATE TABLE `versionfielddate` (`id` INTEGER AUTO_INCREMENT , `stuff1` VARCHAR(255) , `version` TIMESTAMP , `stuff2` VARCHAR(255) , PRIMARY KEY (`id`) ) 
2024-05-17 19:58:58,342 [DEBUG] BaseMappedStatement insert data with statement 'INSERT INTO `versionfielddate` (`stuff1` ,`version` ,`stuff2` ) VALUES (?,?,?)' and 3 args, changed 1 rows
2024-05-17 19:58:58,342 [TRACE] BaseMappedStatement insert arguments: [null, 2024-05-17 19:58:58.342, null]
2024-05-17 19:58:58,342 [DEBUG] BaseMappedStatement assigned id '1' from keyholder to 'id' in VersionFieldDate object
2024-05-17 19:58:58,343 [DEBUG] BaseMappedStatement update data with statement 'UPDATE `versionfielddate` SET `stuff1` = ?, `version` = ?, `stuff2` = ? WHERE `id` = ? AND `version` = ?' and 5 args, changed 1 rows
2024-05-17 19:58:58,343 [TRACE] BaseMappedStatement update arguments: [null, 2024-05-17 19:58:58.343, null, 1, 2024-05-17 19:58:58.342]
2024-05-17 19:58:58,344 [INFO] TableUtils dropping table 'versionfielddatelong'
2024-05-17 19:58:58,345 [INFO] TableUtils ignoring drop error 'org.h2.jdbc.JdbcSQLSyntaxErrorException: Table "VERSIONFIELDDATELONG" not found; SQL statement:
DROP TABLE `versionfielddatelong`  [42102-200]' for statement: DROP TABLE `versionfielddatelong` 
2024-05-17 19:58:58,345 [INFO] TableUtils creating table 'versionfielddatelong'
2024-05-17 19:58:58,346 [INFO] TableUtils executed create table statement changed 0 rows: CREATE TABLE `versionfielddatelong` (`id` INTEGER AUTO_INCREMENT , `stuff1` VARCHAR(255) , `version` BIGINT , `stuff2` VARCHAR(255) , PRIMARY KEY (`id`) ) 
2024-05-17 19:58:58,347 [DEBUG] BaseMappedStatement insert data with statement 'INSERT INTO `versionfielddatelong` (`stuff1` ,`version` ,`stuff2` ) VALUES (?,?,?)' and 3 args, changed 1 rows
2024-05-17 19:58:58,347 [TRACE] BaseMappedStatement insert arguments: [null, 1715975938346, null]
2024-05-17 19:58:58,347 [DEBUG] BaseMappedStatement assigned id '1' from keyholder to 'id' in VersionFieldDateLong object
2024-05-17 19:58:58,347 [DEBUG] BaseMappedStatement update data with statement 'UPDATE `versionfielddatelong` SET `stuff1` = ?, `version` = ?, `stuff2` = ? WHERE `id` = ? AND `version` = ?' and 5 args, changed 1 rows
2024-05-17 19:58:58,348 [TRACE] BaseMappedStatement update arguments: [null, 1715975938347, null, 1, 1715975938346]
2024-05-17 19:58:58,348 [INFO] TableUtils dropping table 'versionfield'
2024-05-17 19:58:58,349 [INFO] TableUtils ignoring drop error 'org.h2.jdbc.JdbcSQLSyntaxErrorException: Table "VERSIONFIELD" not found; SQL statement:
DROP TABLE `versionfield`  [42102-200]' for statement: DROP TABLE `versionfield` 
2024-05-17 19:58:58,349 [INFO] TableUtils creating table 'versionfield'
2024-05-17 19:58:58,350 [INFO] TableUtils executed create table statement changed 0 rows: CREATE TABLE `versionfield` (`id` INTEGER AUTO_INCREMENT , `stuff1` VARCHAR(255) , `version` INTEGER , `stuff2` VARCHAR(255) , PRIMARY KEY (`id`) ) 
2024-05-17 19:58:58,350 [DEBUG] BaseMappedStatement insert data with statement 'INSERT INTO `versionfield` (`stuff1` ,`version` ,`stuff2` ) VALUES (?,?,?)' and 3 args, changed 1 rows
2024-05-17 19:58:58,350 [TRACE] BaseMappedStatement insert arguments: [null, 0, null]
2024-05-17 19:58:58,350 [DEBUG] BaseMappedStatement assigned id '1' from keyholder to 'id' in VersionField object
2024-05-17 19:58:58,351 [DEBUG] BaseMappedStatement update data with statement 'UPDATE `versionfield` SET `stuff1` = ?, `version` = ?, `stuff2` = ? WHERE `id` = ? AND `version` = ?' and 5 args, changed 1 rows
2024-05-17 19:58:58,351 [TRACE] BaseMappedStatement update arguments: [null, 1, null, 1, 0]
2024-05-17 19:58:58,351 [DEBUG] BaseMappedStatement update data with statement 'UPDATE `versionfield` SET `stuff1` = ?, `version` = ?, `stuff2` = ? WHERE `id` = ? AND `version` = ?' and 5 args, changed 1 rows
2024-05-17 19:58:58,351 [TRACE] BaseMappedStatement update arguments: [null, 2, null, 1, 1]
2024-05-17 19:58:58,352 [DEBUG] BaseMappedStatement query-for-id using 'SELECT * FROM `versionfield` WHERE `id` = ?' and 1 args, got 1 result
2024-05-17 19:58:58,352 [TRACE] BaseMappedStatement query-for-id arguments: [1]
2024-05-17 19:58:58,352 [DEBUG] BaseMappedStatement update data with statement 'UPDATE `versionfield` SET `stuff1` = ?, `version` = ?, `stuff2` = ? WHERE `id` = ? AND `version` = ?' and 5 args, changed 1 rows
2024-05-17 19:58:58,352 [TRACE] BaseMappedStatement update arguments: [null, 3, null, 1, 2]
2024-05-17 19:58:58,352 [DEBUG] BaseMappedStatement update data with statement 'UPDATE `versionfield` SET `stuff1` = ?, `version` = ?, `stuff2` = ? WHERE `id` = ? AND `version` = ?' and 5 args, changed 0 rows
2024-05-17 19:58:58,352 [TRACE] BaseMappedStatement update arguments: [null, 3, null, 1, 2]
2024-05-17 19:58:58,353 [INFO] TableUtils dropping table 'foo'
2024-05-17 19:58:58,354 [INFO] TableUtils ignoring drop error 'org.h2.jdbc.JdbcSQLSyntaxErrorException: Table "FOO" not found; SQL statement:
DROP TABLE `foo`  [42102-200]' for statement: DROP TABLE `foo` 
2024-05-17 19:58:58,354 [INFO] TableUtils creating table 'foo'
2024-05-17 19:58:58,355 [INFO] TableUtils executed create table statement changed 0 rows: CREATE TABLE `foo` (`id` INTEGER AUTO_INCREMENT , `val` INTEGER , `equal` INTEGER , `string` VARCHAR(255) , PRIMARY KEY (`id`) ) 
2024-05-17 19:58:58,356 [DEBUG] BaseMappedStatement insert data with statement 'INSERT INTO `foo` (`val` ,`equal` ,`string` ) VALUES (?,?,?)' and 3 args, changed 1 rows
2024-05-17 19:58:58,356 [TRACE] BaseMappedStatement insert arguments: [1, 10, null]
2024-05-17 19:58:58,356 [DEBUG] BaseMappedStatement assigned id '1' from keyholder to 'id' in Foo object
2024-05-17 19:58:58,356 [DEBUG] StatementExecutor executing raw query for: SELECT * FROM `foo` WHERE `val` = ?
2024-05-17 19:58:58,356 [TRACE] StatementExecutor query arguments: [1]
2024-05-17 19:58:58,358 [INFO] TableUtils dropping table 'foo'
2024-05-17 19:58:58,358 [INFO] TableUtils ignoring drop error 'org.h2.jdbc.JdbcSQLSyntaxErrorException: Table "FOO" not found; SQL statement:
DROP TABLE `foo`  [42102-200]' for statement: DROP TABLE `foo` 
2024-05-17 19:58:58,359 [INFO] TableUtils creating table 'foo'
2024-05-17 19:58:58,359 [INFO] TableUtils executed create table statement changed 0 rows: CREATE TABLE `foo` (`id` INTEGER AUTO_INCREMENT , `val` INTEGER , `equal` INTEGER , `string` VARCHAR(255) , PRIMARY KEY (`id`) ) 
2024-05-17 19:58:58,360 [DEBUG] BaseMappedStatement insert data with statement 'INSERT INTO `foo` (`val` ,`equal` ,`string` ) VALUES (?,?,?)' and 3 args, changed 1 rows
2024-05-17 19:58:58,360 [TRACE] BaseMappedStatement insert arguments: [342, 0, null]
2024-05-17 19:58:58,360 [DEBUG] BaseMappedStatement assigned id '1' from keyholder to 'id' in Foo object
2024-05-17 19:58:58,360 [DEBUG] BaseMappedStatement insert data with statement 'INSERT INTO `foo` (`val` ,`equal` ,`string` ) VALUES (?,?,?)' and 3 args, changed 1 rows
2024-05-17 19:58:58,360 [TRACE] BaseMappedStatement insert arguments: [9045342, 0, null]
2024-05-17 19:58:58,360 [DEBUG] BaseMappedStatement assigned id '2' from keyholder to 'id' in Foo object
2024-05-17 19:58:58,361 [DEBUG] StatementExecutor executing raw query for: SELECT MAX(val) FROM `foo`
2024-05-17 19:58:58,365 [INFO] TableUtils dropping table 'foo'
2024-05-17 19:58:58,366 [INFO] TableUtils ignoring drop error 'org.h2.jdbc.JdbcSQLSyntaxErrorException: Table "FOO" not found; SQL statement:
DROP TABLE `foo`  [42102-200]' for statement: DROP TABLE `foo` 
2024-05-17 19:58:58,367 [INFO] TableUtils creating table 'foo'
2024-05-17 19:58:58,367 [INFO] TableUtils executed create table statement changed 0 rows: CREATE TABLE `foo` (`id` INTEGER AUTO_INCREMENT , `val` INTEGER , `equal` INTEGER , `string` VARCHAR(255) , PRIMARY KEY (`id`) ) 
2024-05-17 19:58:58,368 [DEBUG] BaseMappedStatement insert data with statement 'INSERT INTO `foo` (`val` ,`equal` ,`string` ) VALUES (?,?,?)' and 3 args, changed 1 rows
2024-05-17 19:58:58,368 [TRACE] BaseMappedStatement insert arguments: [1, 10, null]
2024-05-17 19:58:58,368 [DEBUG] BaseMappedStatement assigned id '1' from keyholder to 'id' in Foo object
2024-05-17 19:58:58,368 [DEBUG] BaseMappedStatement insert data with statement 'INSERT INTO `foo` (`val` ,`equal` ,`string` ) VALUES (?,?,?)' and 3 args, changed 1 rows
2024-05-17 19:58:58,368 [TRACE] BaseMappedStatement insert arguments: [10, 5, null]
2024-05-17 19:58:58,368 [DEBUG] BaseMappedStatement assigned id '2' from keyholder to 'id' in Foo object
2024-05-17 19:58:58,368 [DEBUG] StatementExecutor executing raw query for: SELECT COUNT(*) FROM `foo`
2024-05-17 19:58:58,369 [DEBUG] StatementExecutor executing raw query for: SELECT MIN(val), MAX(val) FROM `foo`
2024-05-17 19:58:58,369 [INFO] TableUtils dropping table 'foo'
2024-05-17 19:58:58,370 [INFO] TableUtils ignoring drop error 'org.h2.jdbc.JdbcSQLSyntaxErrorException: Table "FOO" not found; SQL statement:
DROP TABLE `foo`  [42102-200]' for statement: DROP TABLE `foo` 
2024-05-17 19:58:58,370 [INFO] TableUtils creating table 'foo'
2024-05-17 19:58:58,371 [INFO] TableUtils executed create table statement changed 0 rows: CREATE TABLE `foo` (`id` INTEGER AUTO_INCREMENT , `val` INTEGER , `equal` INTEGER , `string` VARCHAR(255) , PRIMARY KEY (`id`) ) 
2024-05-17 19:58:58,372 [DEBUG] BaseMappedStatement insert data with statement 'INSERT INTO `foo` (`val` ,`equal` ,`string` ) VALUES (?,?,?)' and 3 args, changed 1 rows
2024-05-17 19:58:58,372 [TRACE] BaseMappedStatement insert arguments: [1213213, 0, null]
2024-05-17 19:58:58,372 [DEBUG] BaseMappedStatement assigned id '1' from keyholder to 'id' in Foo object
2024-05-17 19:58:58,372 [DEBUG] StatementExecutor executing raw query for: select id as SOME_ID, val as SOME_VAL from foo
2024-05-17 19:58:58,373 [INFO] TableUtils dropping table 'foo'
2024-05-17 19:58:58,374 [INFO] TableUtils ignoring drop error 'org.h2.jdbc.JdbcSQLSyntaxErrorException: Table "FOO" not found; SQL statement:
DROP TABLE `foo`  [42102-200]' for statement: DROP TABLE `foo` 
2024-05-17 19:58:58,374 [INFO] TableUtils creating table 'foo'
2024-05-17 19:58:58,375 [INFO] TableUtils executed create table statement changed 0 rows: CREATE TABLE `foo` (`id` INTEGER AUTO_INCREMENT , `val` INTEGER , `equal` INTEGER , `string` VARCHAR(255) , PRIMARY KEY (`id`) ) 
2024-05-17 19:58:58,375 [DEBUG] BaseMappedStatement insert data with statement 'INSERT INTO `foo` (`val` ,`equal` ,`string` ) VALUES (?,?,?)' and 3 args, changed 1 rows
2024-05-17 19:58:58,375 [TRACE] BaseMappedStatement insert arguments: [243342, 0, null]
2024-05-17 19:58:58,375 [DEBUG] BaseMappedStatement assigned id '1' from keyholder to 'id' in Foo object
2024-05-17 19:58:58,376 [DEBUG] BaseMappedStatement insert data with statement 'INSERT INTO `foo` (`val` ,`equal` ,`string` ) VALUES (?,?,?)' and 3 args, changed 1 rows
2024-05-17 19:58:58,376 [TRACE] BaseMappedStatement insert arguments: [243342, 0, null]
2024-05-17 19:58:58,376 [DEBUG] BaseMappedStatement assigned id '2' from keyholder to 'id' in Foo object
2024-05-17 19:58:58,376 [DEBUG] BaseMappedStatement insert data with statement 'INSERT INTO `foo` (`val` ,`equal` ,`string` ) VALUES (?,?,?)' and 3 args, changed 1 rows
2024-05-17 19:58:58,376 [TRACE] BaseMappedStatement insert arguments: [6543, 0, null]
2024-05-17 19:58:58,376 [DEBUG] BaseMappedStatement assigned id '3' from keyholder to 'id' in Foo object
2024-05-17 19:58:58,376 [DEBUG] StatementExecutor executing raw query for: SELECT `val` FROM `foo` GROUP BY `val` HAVING COUNT(VAL) > 1
2024-05-17 19:58:58,378 [DEBUG] StatementExecutor executing raw query for: SELECT `val` FROM `foo` GROUP BY `val` HAVING COUNT(VAL) > 2
2024-05-17 19:58:58,379 [INFO] TableUtils dropping table 'foo'
2024-05-17 19:58:58,380 [INFO] TableUtils ignoring drop error 'org.h2.jdbc.JdbcSQLSyntaxErrorException: Table "FOO" not found; SQL statement:
DROP TABLE `foo`  [42102-200]' for statement: DROP TABLE `foo` 
2024-05-17 19:58:58,380 [INFO] TableUtils creating table 'foo'
2024-05-17 19:58:58,381 [INFO] TableUtils executed create table statement changed 0 rows: CREATE TABLE `foo` (`id` INTEGER AUTO_INCREMENT , `val` INTEGER , `equal` INTEGER , `string` VARCHAR(255) , PRIMARY KEY (`id`) ) 
2024-05-17 19:58:58,381 [ERROR] Log4jLogBackendTest message
java.lang.Throwable: log throwable
	at com.j256.ormlite.logger.BaseLogBackendTest.testErrorStringThrowable(BaseLogBackendTest.java:78)
	at sun.reflect.NativeMethodAccessorImpl.invoke0(Native Method)
	at sun.reflect.NativeMethodAccessorImpl.invoke(NativeMethodAccessorImpl.java:62)
	at sun.reflect.DelegatingMethodAccessorImpl.invoke(DelegatingMethodAccessorImpl.java:43)
	at java.lang.reflect.Method.invoke(Method.java:498)
	at org.junit.runners.model.FrameworkMethod$1.runReflectiveCall(FrameworkMethod.java:59)
	at org.junit.internal.runners.model.ReflectiveCallable.run(ReflectiveCallable.java:12)
	at org.junit.runners.model.FrameworkMethod.invokeExplosively(FrameworkMethod.java:56)
	at org.junit.internal.runners.statements.InvokeMethod.evaluate(InvokeMethod.java:17)
	at org.junit.runners.ParentRunner$3.evaluate(ParentRunner.java:306)
	at org.junit.runners.BlockJUnit4ClassRunner$1.evaluate(BlockJUnit4ClassRunner.java:100)
	at org.junit.runners.ParentRunner.runLeaf(ParentRunner.java:366)
	at org.junit.runners.BlockJUnit4ClassRunner.runChild(BlockJUnit4ClassRunner.java:103)
	at org.junit.runners.BlockJUnit4ClassRunner.runChild(BlockJUnit4ClassRunner.java:63)
	at org.junit.runners.ParentRunner$4.run(ParentRunner.java:331)
	at org.junit.runners.ParentRunner$1.schedule(ParentRunner.java:79)
	at org.junit.runners.ParentRunner.runChildren(ParentRunner.java:329)
	at org.junit.runners.ParentRunner.access$100(ParentRunner.java:66)
	at org.junit.runners.ParentRunner$2.evaluate(ParentRunner.java:293)
	at org.junit.runners.ParentRunner$3.evaluate(ParentRunner.java:306)
	at org.junit.runners.ParentRunner.run(ParentRunner.java:413)
	at org.junit.runners.Suite.runChild(Suite.java:128)
	at org.junit.runners.Suite.runChild(Suite.java:27)
	at org.junit.runners.ParentRunner$4.run(ParentRunner.java:331)
	at org.junit.runners.ParentRunner$1.schedule(ParentRunner.java:79)
	at org.junit.runners.ParentRunner.runChildren(ParentRunner.java:329)
	at org.junit.runners.ParentRunner.access$100(ParentRunner.java:66)
	at org.junit.runners.ParentRunner$2.evaluate(ParentRunner.java:293)
	at org.junit.runners.ParentRunner$3.evaluate(ParentRunner.java:306)
	at org.junit.runners.ParentRunner.run(ParentRunner.java:413)
	at org.junit.runner.JUnitCore.run(JUnitCore.java:137)
	at org.junit.runner.JUnitCore.run(JUnitCore.java:115)
	at edu.illinois.cs.testrunner.execution.JUnitTestExecutor.execute(JUnitTestExecutor.java:246)
	at edu.illinois.cs.testrunner.execution.JUnitTestExecutor.executeWithJUnit4Runner(JUnitTestExecutor.java:315)
	at edu.illinois.cs.testrunner.execution.JUnitTestExecutor.runOrder(JUnitTestExecutor.java:46)
	at edu.illinois.cs.testrunner.execution.Executor$.$anonfun$run$1(Executor.scala:30)
	at scala.runtime.java8.JFunction0$mcV$sp.apply(JFunction0$mcV$sp.java:12)
	at scala.util.Try$.apply(Try.scala:209)
	at edu.illinois.cs.testrunner.execution.Executor$.run(Executor.scala:28)
	at edu.illinois.cs.testrunner.execution.Executor$.main(Executor.scala:18)
	at edu.illinois.cs.testrunner.execution.Executor.main(Executor.scala)
2024-05-17 19:58:58,382 [WARN] Log4jLogBackendTest message
2024-05-17 19:58:58,382 [INFO] Log4jLogBackendTest hello there
2024-05-17 19:58:58,382 [ERROR] Log4jLogBackendTest message
2024-05-17 19:58:58,382 [INFO] Log4jLogBackendTest message
java.lang.Throwable: log throwable
	at com.j256.ormlite.logger.BaseLogBackendTest.testInfoStringThrowable(BaseLogBackendTest.java:58)
	at sun.reflect.NativeMethodAccessorImpl.invoke0(Native Method)
	at sun.reflect.NativeMethodAccessorImpl.invoke(NativeMethodAccessorImpl.java:62)
	at sun.reflect.DelegatingMethodAccessorImpl.invoke(DelegatingMethodAccessorImpl.java:43)
	at java.lang.reflect.Method.invoke(Method.java:498)
	at org.junit.runners.model.FrameworkMethod$1.runReflectiveCall(FrameworkMethod.java:59)
	at org.junit.internal.runners.model.ReflectiveCallable.run(ReflectiveCallable.java:12)
	at org.junit.runners.model.FrameworkMethod.invokeExplosively(FrameworkMethod.java:56)
	at org.junit.internal.runners.statements.InvokeMethod.evaluate(InvokeMethod.java:17)
	at org.junit.runners.ParentRunner$3.evaluate(ParentRunner.java:306)
	at org.junit.runners.BlockJUnit4ClassRunner$1.evaluate(BlockJUnit4ClassRunner.java:100)
	at org.junit.runners.ParentRunner.runLeaf(ParentRunner.java:366)
	at org.junit.runners.BlockJUnit4ClassRunner.runChild(BlockJUnit4ClassRunner.java:103)
	at org.junit.runners.BlockJUnit4ClassRunner.runChild(BlockJUnit4ClassRunner.java:63)
	at org.junit.runners.ParentRunner$4.run(ParentRunner.java:331)
	at org.junit.runners.ParentRunner$1.schedule(ParentRunner.java:79)
	at org.junit.runners.ParentRunner.runChildren(ParentRunner.java:329)
	at org.junit.runners.ParentRunner.access$100(ParentRunner.java:66)
	at org.junit.runners.ParentRunner$2.evaluate(ParentRunner.java:293)
	at org.junit.runners.ParentRunner$3.evaluate(ParentRunner.java:306)
	at org.junit.runners.ParentRunner.run(ParentRunner.java:413)
	at org.junit.runners.Suite.runChild(Suite.java:128)
	at org.junit.runners.Suite.runChild(Suite.java:27)
	at org.junit.runners.ParentRunner$4.run(ParentRunner.java:331)
	at org.junit.runners.ParentRunner$1.schedule(ParentRunner.java:79)
	at org.junit.runners.ParentRunner.runChildren(ParentRunner.java:329)
	at org.junit.runners.ParentRunner.access$100(ParentRunner.java:66)
	at org.junit.runners.ParentRunner$2.evaluate(ParentRunner.java:293)
	at org.junit.runners.ParentRunner$3.evaluate(ParentRunner.java:306)
	at org.junit.runners.ParentRunner.run(ParentRunner.java:413)
	at org.junit.runner.JUnitCore.run(JUnitCore.java:137)
	at org.junit.runner.JUnitCore.run(JUnitCore.java:115)
	at edu.illinois.cs.testrunner.execution.JUnitTestExecutor.execute(JUnitTestExecutor.java:246)
	at edu.illinois.cs.testrunner.execution.JUnitTestExecutor.executeWithJUnit4Runner(JUnitTestExecutor.java:315)
	at edu.illinois.cs.testrunner.execution.JUnitTestExecutor.runOrder(JUnitTestExecutor.java:46)
	at edu.illinois.cs.testrunner.execution.Executor$.$anonfun$run$1(Executor.scala:30)
	at scala.runtime.java8.JFunction0$mcV$sp.apply(JFunction0$mcV$sp.java:12)
	at scala.util.Try$.apply(Try.scala:209)
	at edu.illinois.cs.testrunner.execution.Executor$.run(Executor.scala:28)
	at edu.illinois.cs.testrunner.execution.Executor$.main(Executor.scala:18)
	at edu.illinois.cs.testrunner.execution.Executor.main(Executor.scala)
2024-05-17 19:58:58,382 [INFO] Log4jLogBackendTest message
2024-05-17 19:58:58,382 [FATAL] Log4jLogBackendTest message
java.lang.Throwable: log throwable
	at com.j256.ormlite.logger.BaseLogBackendTest.testFatalStringThrowable(BaseLogBackendTest.java:88)
	at sun.reflect.NativeMethodAccessorImpl.invoke0(Native Method)
	at sun.reflect.NativeMethodAccessorImpl.invoke(NativeMethodAccessorImpl.java:62)
	at sun.reflect.DelegatingMethodAccessorImpl.invoke(DelegatingMethodAccessorImpl.java:43)
	at java.lang.reflect.Method.invoke(Method.java:498)
	at org.junit.runners.model.FrameworkMethod$1.runReflectiveCall(FrameworkMethod.java:59)
	at org.junit.internal.runners.model.ReflectiveCallable.run(ReflectiveCallable.java:12)
	at org.junit.runners.model.FrameworkMethod.invokeExplosively(FrameworkMethod.java:56)
	at org.junit.internal.runners.statements.InvokeMethod.evaluate(InvokeMethod.java:17)
	at org.junit.runners.ParentRunner$3.evaluate(ParentRunner.java:306)
	at org.junit.runners.BlockJUnit4ClassRunner$1.evaluate(BlockJUnit4ClassRunner.java:100)
	at org.junit.runners.ParentRunner.runLeaf(ParentRunner.java:366)
	at org.junit.runners.BlockJUnit4ClassRunner.runChild(BlockJUnit4ClassRunner.java:103)
	at org.junit.runners.BlockJUnit4ClassRunner.runChild(BlockJUnit4ClassRunner.java:63)
	at org.junit.runners.ParentRunner$4.run(ParentRunner.java:331)
	at org.junit.runners.ParentRunner$1.schedule(ParentRunner.java:79)
	at org.junit.runners.ParentRunner.runChildren(ParentRunner.java:329)
	at org.junit.runners.ParentRunner.access$100(ParentRunner.java:66)
	at org.junit.runners.ParentRunner$2.evaluate(ParentRunner.java:293)
	at org.junit.runners.ParentRunner$3.evaluate(ParentRunner.java:306)
	at org.junit.runners.ParentRunner.run(ParentRunner.java:413)
	at org.junit.runners.Suite.runChild(Suite.java:128)
	at org.junit.runners.Suite.runChild(Suite.java:27)
	at org.junit.runners.ParentRunner$4.run(ParentRunner.java:331)
	at org.junit.runners.ParentRunner$1.schedule(ParentRunner.java:79)
	at org.junit.runners.ParentRunner.runChildren(ParentRunner.java:329)
	at org.junit.runners.ParentRunner.access$100(ParentRunner.java:66)
	at org.junit.runners.ParentRunner$2.evaluate(ParentRunner.java:293)
	at org.junit.runners.ParentRunner$3.evaluate(ParentRunner.java:306)
	at org.junit.runners.ParentRunner.run(ParentRunner.java:413)
	at org.junit.runner.JUnitCore.run(JUnitCore.java:137)
	at org.junit.runner.JUnitCore.run(JUnitCore.java:115)
	at edu.illinois.cs.testrunner.execution.JUnitTestExecutor.execute(JUnitTestExecutor.java:246)
	at edu.illinois.cs.testrunner.execution.JUnitTestExecutor.executeWithJUnit4Runner(JUnitTestExecutor.java:315)
	at edu.illinois.cs.testrunner.execution.JUnitTestExecutor.runOrder(JUnitTestExecutor.java:46)
	at edu.illinois.cs.testrunner.execution.Executor$.$anonfun$run$1(Executor.scala:30)
	at scala.runtime.java8.JFunction0$mcV$sp.apply(JFunction0$mcV$sp.java:12)
	at scala.util.Try$.apply(Try.scala:209)
	at edu.illinois.cs.testrunner.execution.Executor$.run(Executor.scala:28)
	at edu.illinois.cs.testrunner.execution.Executor$.main(Executor.scala:18)
	at edu.illinois.cs.testrunner.execution.Executor.main(Executor.scala)
2024-05-17 19:58:58,383 [FATAL] Log4jLogBackendTest message
2024-05-17 19:58:58,383 [WARN] Log4jLogBackendTest message
java.lang.Throwable: log throwable
	at com.j256.ormlite.logger.BaseLogBackendTest.testWarnStringThrowable(BaseLogBackendTest.java:68)
	at sun.reflect.NativeMethodAccessorImpl.invoke0(Native Method)
	at sun.reflect.NativeMethodAccessorImpl.invoke(NativeMethodAccessorImpl.java:62)
	at sun.reflect.DelegatingMethodAccessorImpl.invoke(DelegatingMethodAccessorImpl.java:43)
	at java.lang.reflect.Method.invoke(Method.java:498)
	at org.junit.runners.model.FrameworkMethod$1.runReflectiveCall(FrameworkMethod.java:59)
	at org.junit.internal.runners.model.ReflectiveCallable.run(ReflectiveCallable.java:12)
	at org.junit.runners.model.FrameworkMethod.invokeExplosively(FrameworkMethod.java:56)
	at org.junit.internal.runners.statements.InvokeMethod.evaluate(InvokeMethod.java:17)
	at org.junit.runners.ParentRunner$3.evaluate(ParentRunner.java:306)
	at org.junit.runners.BlockJUnit4ClassRunner$1.evaluate(BlockJUnit4ClassRunner.java:100)
	at org.junit.runners.ParentRunner.runLeaf(ParentRunner.java:366)
	at org.junit.runners.BlockJUnit4ClassRunner.runChild(BlockJUnit4ClassRunner.java:103)
	at org.junit.runners.BlockJUnit4ClassRunner.runChild(BlockJUnit4ClassRunner.java:63)
	at org.junit.runners.ParentRunner$4.run(ParentRunner.java:331)
	at org.junit.runners.ParentRunner$1.schedule(ParentRunner.java:79)
	at org.junit.runners.ParentRunner.runChildren(ParentRunner.java:329)
	at org.junit.runners.ParentRunner.access$100(ParentRunner.java:66)
	at org.junit.runners.ParentRunner$2.evaluate(ParentRunner.java:293)
	at org.junit.runners.ParentRunner$3.evaluate(ParentRunner.java:306)
	at org.junit.runners.ParentRunner.run(ParentRunner.java:413)
	at org.junit.runners.Suite.runChild(Suite.java:128)
	at org.junit.runners.Suite.runChild(Suite.java:27)
	at org.junit.runners.ParentRunner$4.run(ParentRunner.java:331)
	at org.junit.runners.ParentRunner$1.schedule(ParentRunner.java:79)
	at org.junit.runners.ParentRunner.runChildren(ParentRunner.java:329)
	at org.junit.runners.ParentRunner.access$100(ParentRunner.java:66)
	at org.junit.runners.ParentRunner$2.evaluate(ParentRunner.java:293)
	at org.junit.runners.ParentRunner$3.evaluate(ParentRunner.java:306)
	at org.junit.runners.ParentRunner.run(ParentRunner.java:413)
	at org.junit.runner.JUnitCore.run(JUnitCore.java:137)
	at org.junit.runner.JUnitCore.run(JUnitCore.java:115)
	at edu.illinois.cs.testrunner.execution.JUnitTestExecutor.execute(JUnitTestExecutor.java:246)
	at edu.illinois.cs.testrunner.execution.JUnitTestExecutor.executeWithJUnit4Runner(JUnitTestExecutor.java:315)
	at edu.illinois.cs.testrunner.execution.JUnitTestExecutor.runOrder(JUnitTestExecutor.java:46)
	at edu.illinois.cs.testrunner.execution.Executor$.$anonfun$run$1(Executor.scala:30)
	at scala.runtime.java8.JFunction0$mcV$sp.apply(JFunction0$mcV$sp.java:12)
	at scala.util.Try$.apply(Try.scala:209)
	at edu.illinois.cs.testrunner.execution.Executor$.run(Executor.scala:28)
	at edu.illinois.cs.testrunner.execution.Executor$.main(Executor.scala:18)
	at edu.illinois.cs.testrunner.execution.Executor.main(Executor.scala)
2024-05-17 19:58:58,384 [DEBUG] LocalLogBackendTest message
java.lang.Throwable: log throwable
	at com.j256.ormlite.logger.BaseLogBackendTest.testDebugStringThrowable(BaseLogBackendTest.java:48)
	at sun.reflect.NativeMethodAccessorImpl.invoke0(Native Method)
	at sun.reflect.NativeMethodAccessorImpl.invoke(NativeMethodAccessorImpl.java:62)
	at sun.reflect.DelegatingMethodAccessorImpl.invoke(DelegatingMethodAccessorImpl.java:43)
	at java.lang.reflect.Method.invoke(Method.java:498)
	at org.junit.runners.model.FrameworkMethod$1.runReflectiveCall(FrameworkMethod.java:59)
	at org.junit.internal.runners.model.ReflectiveCallable.run(ReflectiveCallable.java:12)
	at org.junit.runners.model.FrameworkMethod.invokeExplosively(FrameworkMethod.java:56)
	at org.junit.internal.runners.statements.InvokeMethod.evaluate(InvokeMethod.java:17)
	at org.junit.runners.ParentRunner$3.evaluate(ParentRunner.java:306)
	at org.junit.runners.BlockJUnit4ClassRunner$1.evaluate(BlockJUnit4ClassRunner.java:100)
	at org.junit.runners.ParentRunner.runLeaf(ParentRunner.java:366)
	at org.junit.runners.BlockJUnit4ClassRunner.runChild(BlockJUnit4ClassRunner.java:103)
	at org.junit.runners.BlockJUnit4ClassRunner.runChild(BlockJUnit4ClassRunner.java:63)
	at org.junit.runners.ParentRunner$4.run(ParentRunner.java:331)
	at org.junit.runners.ParentRunner$1.schedule(ParentRunner.java:79)
	at org.junit.runners.ParentRunner.runChildren(ParentRunner.java:329)
	at org.junit.runners.ParentRunner.access$100(ParentRunner.java:66)
	at org.junit.runners.ParentRunner$2.evaluate(ParentRunner.java:293)
	at org.junit.runners.ParentRunner$3.evaluate(ParentRunner.java:306)
	at org.junit.runners.ParentRunner.run(ParentRunner.java:413)
	at org.junit.runners.Suite.runChild(Suite.java:128)
	at org.junit.runners.Suite.runChild(Suite.java:27)
	at org.junit.runners.ParentRunner$4.run(ParentRunner.java:331)
	at org.junit.runners.ParentRunner$1.schedule(ParentRunner.java:79)
	at org.junit.runners.ParentRunner.runChildren(ParentRunner.java:329)
	at org.junit.runners.ParentRunner.access$100(ParentRunner.java:66)
	at org.junit.runners.ParentRunner$2.evaluate(ParentRunner.java:293)
	at org.junit.runners.ParentRunner$3.evaluate(ParentRunner.java:306)
	at org.junit.runners.ParentRunner.run(ParentRunner.java:413)
	at org.junit.runner.JUnitCore.run(JUnitCore.java:137)
	at org.junit.runner.JUnitCore.run(JUnitCore.java:115)
	at edu.illinois.cs.testrunner.execution.JUnitTestExecutor.execute(JUnitTestExecutor.java:246)
	at edu.illinois.cs.testrunner.execution.JUnitTestExecutor.executeWithJUnit4Runner(JUnitTestExecutor.java:315)
	at edu.illinois.cs.testrunner.execution.JUnitTestExecutor.runOrder(JUnitTestExecutor.java:46)
	at edu.illinois.cs.testrunner.execution.Executor$.$anonfun$run$1(Executor.scala:30)
	at scala.runtime.java8.JFunction0$mcV$sp.apply(JFunction0$mcV$sp.java:12)
	at scala.util.Try$.apply(Try.scala:209)
	at edu.illinois.cs.testrunner.execution.Executor$.run(Executor.scala:28)
	at edu.illinois.cs.testrunner.execution.Executor$.main(Executor.scala:18)
	at edu.illinois.cs.testrunner.execution.Executor.main(Executor.scala)
IO exception reading the log properties file '/ormliteLocalLog.properties': java.io.IOException: simulated exception
2024-05-17 19:58:58,385 [DEBUG] LocalLogBackendTest message
2024-05-17 19:58:58,386 [ERROR] LocalLogBackendTest message
java.lang.Throwable: log throwable
	at com.j256.ormlite.logger.BaseLogBackendTest.testErrorStringThrowable(BaseLogBackendTest.java:78)
	at sun.reflect.NativeMethodAccessorImpl.invoke0(Native Method)
	at sun.reflect.NativeMethodAccessorImpl.invoke(NativeMethodAccessorImpl.java:62)
	at sun.reflect.DelegatingMethodAccessorImpl.invoke(DelegatingMethodAccessorImpl.java:43)
	at java.lang.reflect.Method.invoke(Method.java:498)
	at org.junit.runners.model.FrameworkMethod$1.runReflectiveCall(FrameworkMethod.java:59)
	at org.junit.internal.runners.model.ReflectiveCallable.run(ReflectiveCallable.java:12)
	at org.junit.runners.model.FrameworkMethod.invokeExplosively(FrameworkMethod.java:56)
	at org.junit.internal.runners.statements.InvokeMethod.evaluate(InvokeMethod.java:17)
	at org.junit.runners.ParentRunner$3.evaluate(ParentRunner.java:306)
	at org.junit.runners.BlockJUnit4ClassRunner$1.evaluate(BlockJUnit4ClassRunner.java:100)
	at org.junit.runners.ParentRunner.runLeaf(ParentRunner.java:366)
	at org.junit.runners.BlockJUnit4ClassRunner.runChild(BlockJUnit4ClassRunner.java:103)
	at org.junit.runners.BlockJUnit4ClassRunner.runChild(BlockJUnit4ClassRunner.java:63)
	at org.junit.runners.ParentRunner$4.run(ParentRunner.java:331)
	at org.junit.runners.ParentRunner$1.schedule(ParentRunner.java:79)
	at org.junit.runners.ParentRunner.runChildren(ParentRunner.java:329)
	at org.junit.runners.ParentRunner.access$100(ParentRunner.java:66)
	at org.junit.runners.ParentRunner$2.evaluate(ParentRunner.java:293)
	at org.junit.runners.ParentRunner$3.evaluate(ParentRunner.java:306)
	at org.junit.runners.ParentRunner.run(ParentRunner.java:413)
	at org.junit.runners.Suite.runChild(Suite.java:128)
	at org.junit.runners.Suite.runChild(Suite.java:27)
	at org.junit.runners.ParentRunner$4.run(ParentRunner.java:331)
	at org.junit.runners.ParentRunner$1.schedule(ParentRunner.java:79)
	at org.junit.runners.ParentRunner.runChildren(ParentRunner.java:329)
	at org.junit.runners.ParentRunner.access$100(ParentRunner.java:66)
	at org.junit.runners.ParentRunner$2.evaluate(ParentRunner.java:293)
	at org.junit.runners.ParentRunner$3.evaluate(ParentRunner.java:306)
	at org.junit.runners.ParentRunner.run(ParentRunner.java:413)
	at org.junit.runner.JUnitCore.run(JUnitCore.java:137)
	at org.junit.runner.JUnitCore.run(JUnitCore.java:115)
	at edu.illinois.cs.testrunner.execution.JUnitTestExecutor.execute(JUnitTestExecutor.java:246)
	at edu.illinois.cs.testrunner.execution.JUnitTestExecutor.executeWithJUnit4Runner(JUnitTestExecutor.java:315)
	at edu.illinois.cs.testrunner.execution.JUnitTestExecutor.runOrder(JUnitTestExecutor.java:46)
	at edu.illinois.cs.testrunner.execution.Executor$.$anonfun$run$1(Executor.scala:30)
	at scala.runtime.java8.JFunction0$mcV$sp.apply(JFunction0$mcV$sp.java:12)
	at scala.util.Try$.apply(Try.scala:209)
	at edu.illinois.cs.testrunner.execution.Executor$.run(Executor.scala:28)
	at edu.illinois.cs.testrunner.execution.Executor$.main(Executor.scala:18)
	at edu.illinois.cs.testrunner.execution.Executor.main(Executor.scala)
2024-05-17 19:58:58,386 [INFO] LocalLogBackendTest message
2024-05-17 19:58:58,386 [FATAL] LocalLogBackendTest message
java.lang.Throwable: log throwable
	at com.j256.ormlite.logger.BaseLogBackendTest.testFatalStringThrowable(BaseLogBackendTest.java:88)
	at sun.reflect.NativeMethodAccessorImpl.invoke0(Native Method)
	at sun.reflect.NativeMethodAccessorImpl.invoke(NativeMethodAccessorImpl.java:62)
	at sun.reflect.DelegatingMethodAccessorImpl.invoke(DelegatingMethodAccessorImpl.java:43)
	at java.lang.reflect.Method.invoke(Method.java:498)
	at org.junit.runners.model.FrameworkMethod$1.runReflectiveCall(FrameworkMethod.java:59)
	at org.junit.internal.runners.model.ReflectiveCallable.run(ReflectiveCallable.java:12)
	at org.junit.runners.model.FrameworkMethod.invokeExplosively(FrameworkMethod.java:56)
	at org.junit.internal.runners.statements.InvokeMethod.evaluate(InvokeMethod.java:17)
	at org.junit.runners.ParentRunner$3.evaluate(ParentRunner.java:306)
	at org.junit.runners.BlockJUnit4ClassRunner$1.evaluate(BlockJUnit4ClassRunner.java:100)
	at org.junit.runners.ParentRunner.runLeaf(ParentRunner.java:366)
	at org.junit.runners.BlockJUnit4ClassRunner.runChild(BlockJUnit4ClassRunner.java:103)
	at org.junit.runners.BlockJUnit4ClassRunner.runChild(BlockJUnit4ClassRunner.java:63)
	at org.junit.runners.ParentRunner$4.run(ParentRunner.java:331)
	at org.junit.runners.ParentRunner$1.schedule(ParentRunner.java:79)
	at org.junit.runners.ParentRunner.runChildren(ParentRunner.java:329)
	at org.junit.runners.ParentRunner.access$100(ParentRunner.java:66)
	at org.junit.runners.ParentRunner$2.evaluate(ParentRunner.java:293)
	at org.junit.runners.ParentRunner$3.evaluate(ParentRunner.java:306)
	at org.junit.runners.ParentRunner.run(ParentRunner.java:413)
	at org.junit.runners.Suite.runChild(Suite.java:128)
	at org.junit.runners.Suite.runChild(Suite.java:27)
	at org.junit.runners.ParentRunner$4.run(ParentRunner.java:331)
	at org.junit.runners.ParentRunner$1.schedule(ParentRunner.java:79)
	at org.junit.runners.ParentRunner.runChildren(ParentRunner.java:329)
	at org.junit.runners.ParentRunner.access$100(ParentRunner.java:66)
	at org.junit.runners.ParentRunner$2.evaluate(ParentRunner.java:293)
	at org.junit.runners.ParentRunner$3.evaluate(ParentRunner.java:306)
	at org.junit.runners.ParentRunner.run(ParentRunner.java:413)
	at org.junit.runner.JUnitCore.run(JUnitCore.java:137)
	at org.junit.runner.JUnitCore.run(JUnitCore.java:115)
	at edu.illinois.cs.testrunner.execution.JUnitTestExecutor.execute(JUnitTestExecutor.java:246)
	at edu.illinois.cs.testrunner.execution.JUnitTestExecutor.executeWithJUnit4Runner(JUnitTestExecutor.java:315)
	at edu.illinois.cs.testrunner.execution.JUnitTestExecutor.runOrder(JUnitTestExecutor.java:46)
	at edu.illinois.cs.testrunner.execution.Executor$.$anonfun$run$1(Executor.scala:30)
	at scala.runtime.java8.JFunction0$mcV$sp.apply(JFunction0$mcV$sp.java:12)
	at scala.util.Try$.apply(Try.scala:209)
	at edu.illinois.cs.testrunner.execution.Executor$.run(Executor.scala:28)
	at edu.illinois.cs.testrunner.execution.Executor$.main(Executor.scala:18)
	at edu.illinois.cs.testrunner.execution.Executor.main(Executor.scala)
2024-05-17 19:58:58,387 [FATAL] LocalLogBackendTest message
2024-05-17 19:58:58,391 [INFO] LocalLogBackendTest message
java.lang.Throwable: log throwable
	at com.j256.ormlite.logger.BaseLogBackendTest.testInfoStringThrowable(BaseLogBackendTest.java:58)
	at sun.reflect.NativeMethodAccessorImpl.invoke0(Native Method)
	at sun.reflect.NativeMethodAccessorImpl.invoke(NativeMethodAccessorImpl.java:62)
	at sun.reflect.DelegatingMethodAccessorImpl.invoke(DelegatingMethodAccessorImpl.java:43)
	at java.lang.reflect.Method.invoke(Method.java:498)
	at org.junit.runners.model.FrameworkMethod$1.runReflectiveCall(FrameworkMethod.java:59)
	at org.junit.internal.runners.model.ReflectiveCallable.run(ReflectiveCallable.java:12)
	at org.junit.runners.model.FrameworkMethod.invokeExplosively(FrameworkMethod.java:56)
	at org.junit.internal.runners.statements.InvokeMethod.evaluate(InvokeMethod.java:17)
	at org.junit.runners.ParentRunner$3.evaluate(ParentRunner.java:306)
	at org.junit.runners.BlockJUnit4ClassRunner$1.evaluate(BlockJUnit4ClassRunner.java:100)
	at org.junit.runners.ParentRunner.runLeaf(ParentRunner.java:366)
	at org.junit.runners.BlockJUnit4ClassRunner.runChild(BlockJUnit4ClassRunner.java:103)
	at org.junit.runners.BlockJUnit4ClassRunner.runChild(BlockJUnit4ClassRunner.java:63)
	at org.junit.runners.ParentRunner$4.run(ParentRunner.java:331)
	at org.junit.runners.ParentRunner$1.schedule(ParentRunner.java:79)
	at org.junit.runners.ParentRunner.runChildren(ParentRunner.java:329)
	at org.junit.runners.ParentRunner.access$100(ParentRunner.java:66)
	at org.junit.runners.ParentRunner$2.evaluate(ParentRunner.java:293)
	at org.junit.runners.ParentRunner$3.evaluate(ParentRunner.java:306)
	at org.junit.runners.ParentRunner.run(ParentRunner.java:413)
	at org.junit.runners.Suite.runChild(Suite.java:128)
	at org.junit.runners.Suite.runChild(Suite.java:27)
	at org.junit.runners.ParentRunner$4.run(ParentRunner.java:331)
	at org.junit.runners.ParentRunner$1.schedule(ParentRunner.java:79)
	at org.junit.runners.ParentRunner.runChildren(ParentRunner.java:329)
	at org.junit.runners.ParentRunner.access$100(ParentRunner.java:66)
	at org.junit.runners.ParentRunner$2.evaluate(ParentRunner.java:293)
	at org.junit.runners.ParentRunner$3.evaluate(ParentRunner.java:306)
	at org.junit.runners.ParentRunner.run(ParentRunner.java:413)
	at org.junit.runner.JUnitCore.run(JUnitCore.java:137)
	at org.junit.runner.JUnitCore.run(JUnitCore.java:115)
	at edu.illinois.cs.testrunner.execution.JUnitTestExecutor.execute(JUnitTestExecutor.java:246)
	at edu.illinois.cs.testrunner.execution.JUnitTestExecutor.executeWithJUnit4Runner(JUnitTestExecutor.java:315)
	at edu.illinois.cs.testrunner.execution.JUnitTestExecutor.runOrder(JUnitTestExecutor.java:46)
	at edu.illinois.cs.testrunner.execution.Executor$.$anonfun$run$1(Executor.scala:30)
	at scala.runtime.java8.JFunction0$mcV$sp.apply(JFunction0$mcV$sp.java:12)
	at scala.util.Try$.apply(Try.scala:209)
	at edu.illinois.cs.testrunner.execution.Executor$.run(Executor.scala:28)
	at edu.illinois.cs.testrunner.execution.Executor$.main(Executor.scala:18)
	at edu.illinois.cs.testrunner.execution.Executor.main(Executor.scala)
2024-05-17 19:58:58,392 [INFO] LocalLogBackendTest hello there
2024-05-17 19:58:58,392 [WARNING] LocalLogBackendTest message
java.lang.Throwable: log throwable
	at com.j256.ormlite.logger.BaseLogBackendTest.testWarnStringThrowable(BaseLogBackendTest.java:68)
	at sun.reflect.NativeMethodAccessorImpl.invoke0(Native Method)
	at sun.reflect.NativeMethodAccessorImpl.invoke(NativeMethodAccessorImpl.java:62)
	at sun.reflect.DelegatingMethodAccessorImpl.invoke(DelegatingMethodAccessorImpl.java:43)
	at java.lang.reflect.Method.invoke(Method.java:498)
	at org.junit.runners.model.FrameworkMethod$1.runReflectiveCall(FrameworkMethod.java:59)
	at org.junit.internal.runners.model.ReflectiveCallable.run(ReflectiveCallable.java:12)
	at org.junit.runners.model.FrameworkMethod.invokeExplosively(FrameworkMethod.java:56)
	at org.junit.internal.runners.statements.InvokeMethod.evaluate(InvokeMethod.java:17)
	at org.junit.runners.ParentRunner$3.evaluate(ParentRunner.java:306)
	at org.junit.runners.BlockJUnit4ClassRunner$1.evaluate(BlockJUnit4ClassRunner.java:100)
	at org.junit.runners.ParentRunner.runLeaf(ParentRunner.java:366)
	at org.junit.runners.BlockJUnit4ClassRunner.runChild(BlockJUnit4ClassRunner.java:103)
	at org.junit.runners.BlockJUnit4ClassRunner.runChild(BlockJUnit4ClassRunner.java:63)
	at org.junit.runners.ParentRunner$4.run(ParentRunner.java:331)
	at org.junit.runners.ParentRunner$1.schedule(ParentRunner.java:79)
	at org.junit.runners.ParentRunner.runChildren(ParentRunner.java:329)
	at org.junit.runners.ParentRunner.access$100(ParentRunner.java:66)
	at org.junit.runners.ParentRunner$2.evaluate(ParentRunner.java:293)
	at org.junit.runners.ParentRunner$3.evaluate(ParentRunner.java:306)
	at org.junit.runners.ParentRunner.run(ParentRunner.java:413)
	at org.junit.runners.Suite.runChild(Suite.java:128)
	at org.junit.runners.Suite.runChild(Suite.java:27)
	at org.junit.runners.ParentRunner$4.run(ParentRunner.java:331)
	at org.junit.runners.ParentRunner$1.schedule(ParentRunner.java:79)
	at org.junit.runners.ParentRunner.runChildren(ParentRunner.java:329)
	at org.junit.runners.ParentRunner.access$100(ParentRunner.java:66)
	at org.junit.runners.ParentRunner$2.evaluate(ParentRunner.java:293)
	at org.junit.runners.ParentRunner$3.evaluate(ParentRunner.java:306)
	at org.junit.runners.ParentRunner.run(ParentRunner.java:413)
	at org.junit.runner.JUnitCore.run(JUnitCore.java:137)
	at org.junit.runner.JUnitCore.run(JUnitCore.java:115)
	at edu.illinois.cs.testrunner.execution.JUnitTestExecutor.execute(JUnitTestExecutor.java:246)
	at edu.illinois.cs.testrunner.execution.JUnitTestExecutor.executeWithJUnit4Runner(JUnitTestExecutor.java:315)
	at edu.illinois.cs.testrunner.execution.JUnitTestExecutor.runOrder(JUnitTestExecutor.java:46)
	at edu.illinois.cs.testrunner.execution.Executor$.$anonfun$run$1(Executor.scala:30)
	at scala.runtime.java8.JFunction0$mcV$sp.apply(JFunction0$mcV$sp.java:12)
	at scala.util.Try$.apply(Try.scala:209)
	at edu.illinois.cs.testrunner.execution.Executor$.run(Executor.scala:28)
	at edu.illinois.cs.testrunner.execution.Executor$.main(Executor.scala:18)
	at edu.illinois.cs.testrunner.execution.Executor.main(Executor.scala)
Line is not in the format of 'pattern = level': x
Level ' INVALID_LEVEL' was not found
Line is not in the format of 'pattern = level': x
2024-05-17 19:58:58,394 [ERROR] LocalLogBackendTest message
2024-05-17 19:58:58,394 [WARNING] LocalLogBackendTest message
Skipping unknown value class class java.lang.Class
Skipping unknown value class class com.j256.ormlite.field.DataType
2024-05-17 19:58:58,402 [WARNING] LoggerFactoryTest Unable to create instance of class com.j256.ormlite.android.AndroidLogBackend$AndroidLogBackendFactory for log type ANDROID, using local log: com.j256.ormlite.android.AndroidLogBackend$AndroidLogBackendFactory
2024-05-17 19:58:58,403 [WARNING] LoggerFactory Could not find valid log-type from system property 'com.j256.simplelogger.backend', value 'some.wrong.class'
2024-05-17 19:58:58,410 [INFO] TableUtils dropping table 'serializedupdate'
2024-05-17 19:58:58,411 [INFO] TableUtils ignoring drop error 'org.h2.jdbc.JdbcSQLSyntaxErrorException: Table "SERIALIZEDUPDATE" not found; SQL statement:
DROP TABLE `serializedupdate`  [42102-200]' for statement: DROP TABLE `serializedupdate` 
2024-05-17 19:58:58,411 [INFO] TableUtils creating table 'serializedupdate'
2024-05-17 19:58:58,412 [INFO] TableUtils executed create table statement changed 0 rows: CREATE TABLE `serializedupdate` (`id` INTEGER AUTO_INCREMENT , `serialized` BLOB , PRIMARY KEY (`id`) ) 
2024-05-17 19:58:58,414 [DEBUG] BaseMappedStatement insert data with statement 'INSERT INTO `serializedupdate` (`serialized` ) VALUES (?)' and 1 args, changed 1 rows
2024-05-17 19:58:58,414 [TRACE] BaseMappedStatement insert arguments: [[-84, -19, 0, 5, 115, 114, 0, 65, 99, 111, 109, 46, 106, 50, 53, 54, 46, 111, 114, 109, 108, 105, 116, 101, 46, 102, 105, 101, 108, 100, 46, 116, 121, 112, 101, 115, 46, 83, 101, 114, 105, 97, 108, 105, 122, 97, 98, 108, 101, 84, 121, 112, 101, 84, 101, 115, 116, 36, 83, 101, 114, 105, 97, 108, 105, 122, 101, 100, 70, 105, 101, 108, 100, 62, -28, 13, -79, 82, -70, -126, 120, 2, 0, 1, 76, 0, 3, 102, 111, 111, 116, 0, 18, 76, 106, 97, 118, 97, 47, 108, 97, 110, 103, 47, 83, 116, 114, 105, 110, 103, 59, 120, 112, 116, 0, 3, 119, 111, 119]]
2024-05-17 19:58:58,414 [DEBUG] BaseMappedStatement assigned id '1' from keyholder to 'id' in SerializedUpdate object
2024-05-17 19:58:58,418 [DEBUG] BaseMappedStatement query-for-id using 'SELECT * FROM `serializedupdate` WHERE `id` = ?' and 1 args, got 1 result
2024-05-17 19:58:58,418 [TRACE] BaseMappedStatement query-for-id arguments: [1]
2024-05-17 19:58:58,419 [DEBUG] BaseMappedStatement update data with statement 'UPDATE `serializedupdate` SET `serialized` = ? WHERE `id` = ?' and 2 args, changed 1 rows
2024-05-17 19:58:58,419 [TRACE] BaseMappedStatement update arguments: [[-84, -19, 0, 5, 115, 114, 0, 65, 99, 111, 109, 46, 106, 50, 53, 54, 46, 111, 114, 109, 108, 105, 116, 101, 46, 102, 105, 101, 108, 100, 46, 116, 121, 112, 101, 115, 46, 83, 101, 114, 105, 97, 108, 105, 122, 97, 98, 108, 101, 84, 121, 112, 101, 84, 101, 115, 116, 36, 83, 101, 114, 105, 97, 108, 105, 122, 101, 100, 70, 105, 101, 108, 100, 62, -28, 13, -79, 82, -70, -126, 120, 2, 0, 1, 76, 0, 3, 102, 111, 111, 116, 0, 18, 76, 106, 97, 118, 97, 47, 108, 97, 110, 103, 47, 83, 116, 114, 105, 110, 103, 59, 120, 112, 116, 0, 3, 122, 105, 112], 1]
2024-05-17 19:58:58,420 [DEBUG] BaseMappedStatement query-for-id using 'SELECT * FROM `serializedupdate` WHERE `id` = ?' and 1 args, got 1 result
2024-05-17 19:58:58,420 [TRACE] BaseMappedStatement query-for-id arguments: [1]
2024-05-17 19:58:58,421 [DEBUG] BaseMappedStatement prepared statement 'UPDATE `serializedupdate` SET `serialized` = ? WHERE `id` = 1' with 1 args
2024-05-17 19:58:58,422 [TRACE] BaseMappedStatement prepared statement arguments: [[-84, -19, 0, 5, 115, 114, 0, 65, 99, 111, 109, 46, 106, 50, 53, 54, 46, 111, 114, 109, 108, 105, 116, 101, 46, 102, 105, 101, 108, 100, 46, 116, 121, 112, 101, 115, 46, 83, 101, 114, 105, 97, 108, 105, 122, 97, 98, 108, 101, 84, 121, 112, 101, 84, 101, 115, 116, 36, 83, 101, 114, 105, 97, 108, 105, 122, 101, 100, 70, 105, 101, 108, 100, 62, -28, 13, -79, 82, -70, -126, 120, 2, 0, 1, 76, 0, 3, 102, 111, 111, 116, 0, 18, 76, 106, 97, 118, 97, 47, 108, 97, 110, 103, 47, 83, 116, 114, 105, 110, 103, 59, 120, 112, 116, 0, 5, 99, 114, 97, 99, 107]]
2024-05-17 19:58:58,422 [DEBUG] BaseMappedStatement query-for-id using 'SELECT * FROM `serializedupdate` WHERE `id` = ?' and 1 args, got 1 result
2024-05-17 19:58:58,422 [TRACE] BaseMappedStatement query-for-id arguments: [1]
2024-05-17 19:58:58,423 [INFO] TableUtils dropping table 'foo'
2024-05-17 19:58:58,424 [INFO] TableUtils ignoring drop error 'org.h2.jdbc.JdbcSQLSyntaxErrorException: Table "FOO" not found; SQL statement:
DROP TABLE `foo`  [42102-200]' for statement: DROP TABLE `foo` 
2024-05-17 19:58:58,425 [INFO] TableUtils creating table 'foo'
2024-05-17 19:58:58,425 [INFO] TableUtils executed create table statement changed 0 rows: CREATE TABLE `foo` (`serializable` BLOB ) 
2024-05-17 19:58:58,426 [DEBUG] BaseMappedStatement insert data with statement 'INSERT INTO `foo` (`serializable` ) VALUES (?)' and 1 args, changed 1 rows
2024-05-17 19:58:58,426 [TRACE] BaseMappedStatement insert arguments: [null]
2024-05-17 19:58:58,427 [INFO] TableUtils dropping table 'foo'
2024-05-17 19:58:58,428 [INFO] TableUtils ignoring drop error 'org.h2.jdbc.JdbcSQLSyntaxErrorException: Table "FOO" not found; SQL statement:
DROP TABLE `foo`  [42102-200]' for statement: DROP TABLE `foo` 
2024-05-17 19:58:58,428 [INFO] TableUtils creating table 'foo'
2024-05-17 19:58:58,428 [INFO] TableUtils executed create table statement changed 0 rows: CREATE TABLE `foo` (`serializable` BLOB ) 
2024-05-17 19:58:58,429 [DEBUG] BaseMappedStatement insert data with statement 'INSERT INTO `foo` (`serializable` ) VALUES (?)' and 1 args, changed 1 rows
2024-05-17 19:58:58,429 [TRACE] BaseMappedStatement insert arguments: [[-84, -19, 0, 5, 115, 114, 0, 17, 106, 97, 118, 97, 46, 108, 97, 110, 103, 46, 73, 110, 116, 101, 103, 101, 114, 18, -30, -96, -92, -9, -127, -121, 56, 2, 0, 1, 73, 0, 5, 118, 97, 108, 117, 101, 120, 114, 0, 16, 106, 97, 118, 97, 46, 108, 97, 110, 103, 46, 78, 117, 109, 98, 101, 114, -122, -84, -107, 29, 11, -108, -32, -117, 2, 0, 0, 120, 112, 79, 90, -120, 11]]
2024-05-17 19:58:58,430 [DEBUG] BaseMappedStatement prepared statement 'SELECT * FROM `foo`' with 0 args
2024-05-17 19:58:58,430 [DEBUG] StatementExecutor query of 'SELECT * FROM `foo`' with 0 args returned 1 results
2024-05-17 19:58:58,431 [INFO] TableUtils dropping table 'foo'
2024-05-17 19:58:58,432 [INFO] TableUtils ignoring drop error 'org.h2.jdbc.JdbcSQLSyntaxErrorException: Table "FOO" not found; SQL statement:
DROP TABLE `foo`  [42102-200]' for statement: DROP TABLE `foo` 
2024-05-17 19:58:58,432 [INFO] TableUtils creating table 'foo'
2024-05-17 19:58:58,432 [INFO] TableUtils executed create table statement changed 0 rows: CREATE TABLE `foo` (`serializable` BLOB ) 
2024-05-17 19:58:58,433 [DEBUG] BaseMappedStatement insert data with statement 'INSERT INTO `foo` (`serializable` ) VALUES (?)' and 1 args, changed 1 rows
2024-05-17 19:58:58,433 [TRACE] BaseMappedStatement insert arguments: [null]
2024-05-17 19:58:58,433 [DEBUG] BaseMappedStatement prepared statement 'SELECT * FROM `foo`' with 0 args
2024-05-17 19:58:58,433 [DEBUG] StatementExecutor query of 'SELECT * FROM `foo`' with 0 args returned 1 results
2024-05-17 19:58:58,434 [INFO] TableUtils dropping table 'foo'
2024-05-17 19:58:58,435 [INFO] TableUtils ignoring drop error 'org.h2.jdbc.JdbcSQLSyntaxErrorException: Table "FOO" not found; SQL statement:
DROP TABLE `foo`  [42102-200]' for statement: DROP TABLE `foo` 
2024-05-17 19:58:58,435 [INFO] TableUtils creating table 'foo'
2024-05-17 19:58:58,435 [INFO] TableUtils executed create table statement changed 0 rows: CREATE TABLE `foo` (`byteField` BLOB ) 
2024-05-17 19:58:58,436 [DEBUG] BaseMappedStatement insert data with statement 'INSERT INTO `foo` (`byteField` ) VALUES (?)' and 1 args, changed 1 rows
2024-05-17 19:58:58,436 [TRACE] BaseMappedStatement insert arguments: [[1, 2, 3, 4, 5]]
2024-05-17 19:58:58,438 [INFO] TableUtils dropping table 'foo'
2024-05-17 19:58:58,439 [INFO] TableUtils ignoring drop error 'org.h2.jdbc.JdbcSQLSyntaxErrorException: Table "FOO" not found; SQL statement:
DROP TABLE `foo`  [42102-200]' for statement: DROP TABLE `foo` 
2024-05-17 19:58:58,439 [INFO] TableUtils creating table 'foo'
2024-05-17 19:58:58,439 [INFO] TableUtils executed create table statement changed 0 rows: CREATE TABLE `foo` (`floatField` FLOAT ) 
2024-05-17 19:58:58,440 [DEBUG] BaseMappedStatement insert data with statement 'INSERT INTO `foo` (`floatField` ) VALUES (?)' and 1 args, changed 1 rows
2024-05-17 19:58:58,440 [TRACE] BaseMappedStatement insert arguments: [1331.221]
2024-05-17 19:58:58,441 [DEBUG] BaseMappedStatement prepared statement 'SELECT * FROM `foo`' with 0 args
2024-05-17 19:58:58,441 [DEBUG] StatementExecutor query of 'SELECT * FROM `foo`' with 0 args returned 1 results
2024-05-17 19:58:58,442 [INFO] TableUtils dropping table 'foo'
2024-05-17 19:58:58,443 [INFO] TableUtils ignoring drop error 'org.h2.jdbc.JdbcSQLSyntaxErrorException: Table "FOO" not found; SQL statement:
DROP TABLE `foo`  [42102-200]' for statement: DROP TABLE `foo` 
2024-05-17 19:58:58,443 [INFO] TableUtils creating table 'foo'
2024-05-17 19:58:58,443 [INFO] TableUtils executed create table statement changed 0 rows: CREATE TABLE `foo` (`floatField` FLOAT ) 
2024-05-17 19:58:58,444 [DEBUG] BaseMappedStatement insert data with statement 'INSERT INTO `foo` (`floatField` ) VALUES (?)' and 1 args, changed 1 rows
2024-05-17 19:58:58,444 [TRACE] BaseMappedStatement insert arguments: [null]
2024-05-17 19:58:58,444 [DEBUG] BaseMappedStatement prepared statement 'SELECT * FROM `foo`' with 0 args
2024-05-17 19:58:58,444 [DEBUG] StatementExecutor query of 'SELECT * FROM `foo`' with 0 args returned 1 results
java.lang.Exception: Unexpected exception, expected<java.lang.RuntimeException> but was<java.lang.AssertionError>
	at org.junit.internal.runners.statements.ExpectException.evaluate(ExpectException.java:30)
	at org.junit.internal.runners.statements.RunBefores.evaluate(RunBefores.java:26)
	at org.junit.internal.runners.statements.RunAfters.evaluate(RunAfters.java:27)
	at org.junit.runners.ParentRunner$3.evaluate(ParentRunner.java:306)
	at org.junit.runners.BlockJUnit4ClassRunner$1.evaluate(BlockJUnit4ClassRunner.java:100)
	at org.junit.runners.ParentRunner.runLeaf(ParentRunner.java:366)
	at org.junit.runners.BlockJUnit4ClassRunner.runChild(BlockJUnit4ClassRunner.java:103)
	at org.junit.runners.BlockJUnit4ClassRunner.runChild(BlockJUnit4ClassRunner.java:63)
	at org.junit.runners.ParentRunner$4.run(ParentRunner.java:331)
	at org.junit.runners.ParentRunner$1.schedule(ParentRunner.java:79)
	at org.junit.runners.ParentRunner.runChildren(ParentRunner.java:329)
	at org.junit.runners.ParentRunner.access$100(ParentRunner.java:66)
	at org.junit.runners.ParentRunner$2.evaluate(ParentRunner.java:293)
	at org.junit.runners.ParentRunner$3.evaluate(ParentRunner.java:306)
	at org.junit.runners.ParentRunner.run(ParentRunner.java:413)
	at org.junit.runners.Suite.runChild(Suite.java:128)
	at org.junit.runners.Suite.runChild(Suite.java:27)
	at org.junit.runners.ParentRunner$4.run(ParentRunner.java:331)
	at org.junit.runners.ParentRunner$1.schedule(ParentRunner.java:79)
	at org.junit.runners.ParentRunner.runChildren(ParentRunner.java:329)
	at org.junit.runners.ParentRunner.access$100(ParentRunner.java:66)
	at org.junit.runners.ParentRunner$2.evaluate(ParentRunner.java:293)
	at org.junit.runners.ParentRunner$3.evaluate(ParentRunner.java:306)
	at org.junit.runners.ParentRunner.run(ParentRunner.java:413)
	at org.junit.runner.JUnitCore.run(JUnitCore.java:137)
	at org.junit.runner.JUnitCore.run(JUnitCore.java:115)
	at edu.illinois.cs.testrunner.execution.JUnitTestExecutor.execute(JUnitTestExecutor.java:246)
	at edu.illinois.cs.testrunner.execution.JUnitTestExecutor.executeWithJUnit4Runner(JUnitTestExecutor.java:315)
	at edu.illinois.cs.testrunner.execution.JUnitTestExecutor.runOrder(JUnitTestExecutor.java:46)
	at edu.illinois.cs.testrunner.execution.Executor$.$anonfun$run$1(Executor.scala:30)
	at scala.runtime.java8.JFunction0$mcV$sp.apply(JFunction0$mcV$sp.java:12)
	at scala.util.Try$.apply(Try.scala:209)
	at edu.illinois.cs.testrunner.execution.Executor$.run(Executor.scala:28)
	at edu.illinois.cs.testrunner.execution.Executor$.main(Executor.scala:18)
	at edu.illinois.cs.testrunner.execution.Executor.main(Executor.scala)
Caused by: java.lang.AssertionError: 
  Unexpected method call LogBackend.isLevelEnabled(DEBUG):
	at org.easymock.internal.MockInvocationHandler.invoke(MockInvocationHandler.java:44)
	at org.easymock.internal.ObjectMethodsFilter.invoke(ObjectMethodsFilter.java:94)
	at com.sun.proxy.$Proxy13.isLevelEnabled(Unknown Source)
	at com.j256.ormlite.logger.Logger.logIfEnabled(Logger.java:659)
	at com.j256.ormlite.logger.Logger.log(Logger.java:610)
	at com.j256.ormlite.dao.RuntimeExceptionDao.logMessage(RuntimeExceptionDao.java:981)
	at com.j256.ormlite.dao.RuntimeExceptionDao.delete(RuntimeExceptionDao.java:354)
	at com.j256.ormlite.dao.RuntimeExceptionDaoTest.testDeleteThrow(RuntimeExceptionDaoTest.java:610)
	at sun.reflect.NativeMethodAccessorImpl.invoke0(Native Method)
	at sun.reflect.NativeMethodAccessorImpl.invoke(NativeMethodAccessorImpl.java:62)
	at sun.reflect.DelegatingMethodAccessorImpl.invoke(DelegatingMethodAccessorImpl.java:43)
	at java.lang.reflect.Method.invoke(Method.java:498)
	at org.junit.runners.model.FrameworkMethod$1.runReflectiveCall(FrameworkMethod.java:59)
	at org.junit.internal.runners.model.ReflectiveCallable.run(ReflectiveCallable.java:12)
	at org.junit.runners.model.FrameworkMethod.invokeExplosively(FrameworkMethod.java:56)
	at org.junit.internal.runners.statements.InvokeMethod.evaluate(InvokeMethod.java:17)
	at org.junit.internal.runners.statements.ExpectException.evaluate(ExpectException.java:19)
	... 34 more
java.lang.Exception: Unexpected exception, expected<java.lang.RuntimeException> but was<java.lang.AssertionError>
	at org.junit.internal.runners.statements.ExpectException.evaluate(ExpectException.java:30)
	at org.junit.internal.runners.statements.RunBefores.evaluate(RunBefores.java:26)
	at org.junit.internal.runners.statements.RunAfters.evaluate(RunAfters.java:27)
	at org.junit.runners.ParentRunner$3.evaluate(ParentRunner.java:306)
	at org.junit.runners.BlockJUnit4ClassRunner$1.evaluate(BlockJUnit4ClassRunner.java:100)
	at org.junit.runners.ParentRunner.runLeaf(ParentRunner.java:366)
	at org.junit.runners.BlockJUnit4ClassRunner.runChild(BlockJUnit4ClassRunner.java:103)
	at org.junit.runners.BlockJUnit4ClassRunner.runChild(BlockJUnit4ClassRunner.java:63)
	at org.junit.runners.ParentRunner$4.run(ParentRunner.java:331)
	at org.junit.runners.ParentRunner$1.schedule(ParentRunner.java:79)
	at org.junit.runners.ParentRunner.runChildren(ParentRunner.java:329)
	at org.junit.runners.ParentRunner.access$100(ParentRunner.java:66)
	at org.junit.runners.ParentRunner$2.evaluate(ParentRunner.java:293)
	at org.junit.runners.ParentRunner$3.evaluate(ParentRunner.java:306)
	at org.junit.runners.ParentRunner.run(ParentRunner.java:413)
	at org.junit.runners.Suite.runChild(Suite.java:128)
	at org.junit.runners.Suite.runChild(Suite.java:27)
	at org.junit.runners.ParentRunner$4.run(ParentRunner.java:331)
	at org.junit.runners.ParentRunner$1.schedule(ParentRunner.java:79)
	at org.junit.runners.ParentRunner.runChildren(ParentRunner.java:329)
	at org.junit.runners.ParentRunner.access$100(ParentRunner.java:66)
	at org.junit.runners.ParentRunner$2.evaluate(ParentRunner.java:293)
	at org.junit.runners.ParentRunner$3.evaluate(ParentRunner.java:306)
	at org.junit.runners.ParentRunner.run(ParentRunner.java:413)
	at org.junit.runner.JUnitCore.run(JUnitCore.java:137)
	at org.junit.runner.JUnitCore.run(JUnitCore.java:115)
	at edu.illinois.cs.testrunner.execution.JUnitTestExecutor.execute(JUnitTestExecutor.java:246)
	at edu.illinois.cs.testrunner.execution.JUnitTestExecutor.executeWithJUnit4Runner(JUnitTestExecutor.java:315)
	at edu.illinois.cs.testrunner.execution.JUnitTestExecutor.runOrder(JUnitTestExecutor.java:46)
	at edu.illinois.cs.testrunner.execution.Executor$.$anonfun$run$1(Executor.scala:30)
	at scala.runtime.java8.JFunction0$mcV$sp.apply(JFunction0$mcV$sp.java:12)
	at scala.util.Try$.apply(Try.scala:209)
	at edu.illinois.cs.testrunner.execution.Executor$.run(Executor.scala:28)
	at edu.illinois.cs.testrunner.execution.Executor$.main(Executor.scala:18)
	at edu.illinois.cs.testrunner.execution.Executor.main(Executor.scala)
Caused by: java.lang.AssertionError: 
  Unexpected method call LogBackend.isLevelEnabled(DEBUG):
	at org.easymock.internal.MockInvocationHandler.invoke(MockInvocationHandler.java:44)
	at org.easymock.internal.ObjectMethodsFilter.invoke(ObjectMethodsFilter.java:94)
	at com.sun.proxy.$Proxy13.isLevelEnabled(Unknown Source)
	at com.j256.ormlite.logger.Logger.logIfEnabled(Logger.java:659)
	at com.j256.ormlite.logger.Logger.log(Logger.java:610)
	at com.j256.ormlite.dao.RuntimeExceptionDao.logMessage(RuntimeExceptionDao.java:981)
	at com.j256.ormlite.dao.RuntimeExceptionDao.rollBack(RuntimeExceptionDao.java:898)
	at com.j256.ormlite.dao.RuntimeExceptionDaoTest.testRollbackThrows(RuntimeExceptionDaoTest.java:1074)
	at sun.reflect.NativeMethodAccessorImpl.invoke0(Native Method)
	at sun.reflect.NativeMethodAccessorImpl.invoke(NativeMethodAccessorImpl.java:62)
	at sun.reflect.DelegatingMethodAccessorImpl.invoke(DelegatingMethodAccessorImpl.java:43)
	at java.lang.reflect.Method.invoke(Method.java:498)
	at org.junit.runners.model.FrameworkMethod$1.runReflectiveCall(FrameworkMethod.java:59)
	at org.junit.internal.runners.model.ReflectiveCallable.run(ReflectiveCallable.java:12)
	at org.junit.runners.model.FrameworkMethod.invokeExplosively(FrameworkMethod.java:56)
	at org.junit.internal.runners.statements.InvokeMethod.evaluate(InvokeMethod.java:17)
	at org.junit.internal.runners.statements.ExpectException.evaluate(ExpectException.java:19)
	... 34 more
java.lang.Exception: Unexpected exception, expected<java.lang.RuntimeException> but was<java.lang.AssertionError>
	at org.junit.internal.runners.statements.ExpectException.evaluate(ExpectException.java:30)
	at org.junit.internal.runners.statements.RunBefores.evaluate(RunBefores.java:26)
	at org.junit.internal.runners.statements.RunAfters.evaluate(RunAfters.java:27)
	at org.junit.runners.ParentRunner$3.evaluate(ParentRunner.java:306)
	at org.junit.runners.BlockJUnit4ClassRunner$1.evaluate(BlockJUnit4ClassRunner.java:100)
	at org.junit.runners.ParentRunner.runLeaf(ParentRunner.java:366)
	at org.junit.runners.BlockJUnit4ClassRunner.runChild(BlockJUnit4ClassRunner.java:103)
	at org.junit.runners.BlockJUnit4ClassRunner.runChild(BlockJUnit4ClassRunner.java:63)
	at org.junit.runners.ParentRunner$4.run(ParentRunner.java:331)
	at org.junit.runners.ParentRunner$1.schedule(ParentRunner.java:79)
	at org.junit.runners.ParentRunner.runChildren(ParentRunner.java:329)
	at org.junit.runners.ParentRunner.access$100(ParentRunner.java:66)
	at org.junit.runners.ParentRunner$2.evaluate(ParentRunner.java:293)
	at org.junit.runners.ParentRunner$3.evaluate(ParentRunner.java:306)
	at org.junit.runners.ParentRunner.run(ParentRunner.java:413)
	at org.junit.runners.Suite.runChild(Suite.java:128)
	at org.junit.runners.Suite.runChild(Suite.java:27)
	at org.junit.runners.ParentRunner$4.run(ParentRunner.java:331)
	at org.junit.runners.ParentRunner$1.schedule(ParentRunner.java:79)
	at org.junit.runners.ParentRunner.runChildren(ParentRunner.java:329)
	at org.junit.runners.ParentRunner.access$100(ParentRunner.java:66)
	at org.junit.runners.ParentRunner$2.evaluate(ParentRunner.java:293)
	at org.junit.runners.ParentRunner$3.evaluate(ParentRunner.java:306)
	at org.junit.runners.ParentRunner.run(ParentRunner.java:413)
	at org.junit.runner.JUnitCore.run(JUnitCore.java:137)
	at org.junit.runner.JUnitCore.run(JUnitCore.java:115)
	at edu.illinois.cs.testrunner.execution.JUnitTestExecutor.execute(JUnitTestExecutor.java:246)
	at edu.illinois.cs.testrunner.execution.JUnitTestExecutor.executeWithJUnit4Runner(JUnitTestExecutor.java:315)
	at edu.illinois.cs.testrunner.execution.JUnitTestExecutor.runOrder(JUnitTestExecutor.java:46)
	at edu.illinois.cs.testrunner.execution.Executor$.$anonfun$run$1(Executor.scala:30)
	at scala.runtime.java8.JFunction0$mcV$sp.apply(JFunction0$mcV$sp.java:12)
	at scala.util.Try$.apply(Try.scala:209)
	at edu.illinois.cs.testrunner.execution.Executor$.run(Executor.scala:28)
	at edu.illinois.cs.testrunner.execution.Executor$.main(Executor.scala:18)
	at edu.illinois.cs.testrunner.execution.Executor.main(Executor.scala)
Caused by: java.lang.AssertionError: 
  Unexpected method call LogBackend.isLevelEnabled(DEBUG):
	at org.easymock.internal.MockInvocationHandler.invoke(MockInvocationHandler.java:44)
	at org.easymock.internal.ObjectMethodsFilter.invoke(ObjectMethodsFilter.java:94)
	at com.sun.proxy.$Proxy13.isLevelEnabled(Unknown Source)
	at com.j256.ormlite.logger.Logger.logIfEnabled(Logger.java:659)
	at com.j256.ormlite.logger.Logger.log(Logger.java:610)
	at com.j256.ormlite.dao.RuntimeExceptionDao.logMessage(RuntimeExceptionDao.java:981)
	at com.j256.ormlite.dao.RuntimeExceptionDao.queryForFieldValuesArgs(RuntimeExceptionDao.java:187)
	at com.j256.ormlite.dao.RuntimeExceptionDaoTest.testQueryForFieldsValuesArgsThrow(RuntimeExceptionDaoTest.java:478)
	at sun.reflect.NativeMethodAccessorImpl.invoke0(Native Method)
	at sun.reflect.NativeMethodAccessorImpl.invoke(NativeMethodAccessorImpl.java:62)
	at sun.reflect.DelegatingMethodAccessorImpl.invoke(DelegatingMethodAccessorImpl.java:43)
	at java.lang.reflect.Method.invoke(Method.java:498)
	at org.junit.runners.model.FrameworkMethod$1.runReflectiveCall(FrameworkMethod.java:59)
	at org.junit.internal.runners.model.ReflectiveCallable.run(ReflectiveCallable.java:12)
	at org.junit.runners.model.FrameworkMethod.invokeExplosively(FrameworkMethod.java:56)
	at org.junit.internal.runners.statements.InvokeMethod.evaluate(InvokeMethod.java:17)
	at org.junit.internal.runners.statements.ExpectException.evaluate(ExpectException.java:19)
	... 34 more
java.lang.Exception: Unexpected exception, expected<java.lang.RuntimeException> but was<java.lang.AssertionError>
	at org.junit.internal.runners.statements.ExpectException.evaluate(ExpectException.java:30)
	at org.junit.internal.runners.statements.RunBefores.evaluate(RunBefores.java:26)
	at org.junit.internal.runners.statements.RunAfters.evaluate(RunAfters.java:27)
	at org.junit.runners.ParentRunner$3.evaluate(ParentRunner.java:306)
	at org.junit.runners.BlockJUnit4ClassRunner$1.evaluate(BlockJUnit4ClassRunner.java:100)
	at org.junit.runners.ParentRunner.runLeaf(ParentRunner.java:366)
	at org.junit.runners.BlockJUnit4ClassRunner.runChild(BlockJUnit4ClassRunner.java:103)
	at org.junit.runners.BlockJUnit4ClassRunner.runChild(BlockJUnit4ClassRunner.java:63)
	at org.junit.runners.ParentRunner$4.run(ParentRunner.java:331)
	at org.junit.runners.ParentRunner$1.schedule(ParentRunner.java:79)
	at org.junit.runners.ParentRunner.runChildren(ParentRunner.java:329)
	at org.junit.runners.ParentRunner.access$100(ParentRunner.java:66)
	at org.junit.runners.ParentRunner$2.evaluate(ParentRunner.java:293)
	at org.junit.runners.ParentRunner$3.evaluate(ParentRunner.java:306)
	at org.junit.runners.ParentRunner.run(ParentRunner.java:413)
	at org.junit.runners.Suite.runChild(Suite.java:128)
	at org.junit.runners.Suite.runChild(Suite.java:27)
	at org.junit.runners.ParentRunner$4.run(ParentRunner.java:331)
	at org.junit.runners.ParentRunner$1.schedule(ParentRunner.java:79)
	at org.junit.runners.ParentRunner.runChildren(ParentRunner.java:329)
	at org.junit.runners.ParentRunner.access$100(ParentRunner.java:66)
	at org.junit.runners.ParentRunner$2.evaluate(ParentRunner.java:293)
	at org.junit.runners.ParentRunner$3.evaluate(ParentRunner.java:306)
	at org.junit.runners.ParentRunner.run(ParentRunner.java:413)
	at org.junit.runner.JUnitCore.run(JUnitCore.java:137)
	at org.junit.runner.JUnitCore.run(JUnitCore.java:115)
	at edu.illinois.cs.testrunner.execution.JUnitTestExecutor.execute(JUnitTestExecutor.java:246)
	at edu.illinois.cs.testrunner.execution.JUnitTestExecutor.executeWithJUnit4Runner(JUnitTestExecutor.java:315)
	at edu.illinois.cs.testrunner.execution.JUnitTestExecutor.runOrder(JUnitTestExecutor.java:46)
	at edu.illinois.cs.testrunner.execution.Executor$.$anonfun$run$1(Executor.scala:30)
	at scala.runtime.java8.JFunction0$mcV$sp.apply(JFunction0$mcV$sp.java:12)
	at scala.util.Try$.apply(Try.scala:209)
	at edu.illinois.cs.testrunner.execution.Executor$.run(Executor.scala:28)
	at edu.illinois.cs.testrunner.execution.Executor$.main(Executor.scala:18)
	at edu.illinois.cs.testrunner.execution.Executor.main(Executor.scala)
Caused by: java.lang.AssertionError: 
  Unexpected method call LogBackend.isLevelEnabled(DEBUG):
	at org.easymock.internal.MockInvocationHandler.invoke(MockInvocationHandler.java:44)
	at org.easymock.internal.ObjectMethodsFilter.invoke(ObjectMethodsFilter.java:94)
	at com.sun.proxy.$Proxy13.isLevelEnabled(Unknown Source)
	at com.j256.ormlite.logger.Logger.logIfEnabled(Logger.java:659)
	at com.j256.ormlite.logger.Logger.log(Logger.java:610)
	at com.j256.ormlite.dao.RuntimeExceptionDao.logMessage(RuntimeExceptionDao.java:981)
	at com.j256.ormlite.dao.RuntimeExceptionDao.iterator(RuntimeExceptionDao.java:472)
	at com.j256.ormlite.dao.RuntimeExceptionDaoTest.testIteratorThrow(RuntimeExceptionDaoTest.java:677)
	at sun.reflect.NativeMethodAccessorImpl.invoke0(Native Method)
	at sun.reflect.NativeMethodAccessorImpl.invoke(NativeMethodAccessorImpl.java:62)
	at sun.reflect.DelegatingMethodAccessorImpl.invoke(DelegatingMethodAccessorImpl.java:43)
	at java.lang.reflect.Method.invoke(Method.java:498)
	at org.junit.runners.model.FrameworkMethod$1.runReflectiveCall(FrameworkMethod.java:59)
	at org.junit.internal.runners.model.ReflectiveCallable.run(ReflectiveCallable.java:12)
	at org.junit.runners.model.FrameworkMethod.invokeExplosively(FrameworkMethod.java:56)
	at org.junit.internal.runners.statements.InvokeMethod.evaluate(InvokeMethod.java:17)
	at org.junit.internal.runners.statements.ExpectException.evaluate(ExpectException.java:19)
	... 34 more
java.lang.Exception: Unexpected exception, expected<java.lang.RuntimeException> but was<java.lang.AssertionError>
	at org.junit.internal.runners.statements.ExpectException.evaluate(ExpectException.java:30)
	at org.junit.internal.runners.statements.RunBefores.evaluate(RunBefores.java:26)
	at org.junit.internal.runners.statements.RunAfters.evaluate(RunAfters.java:27)
	at org.junit.runners.ParentRunner$3.evaluate(ParentRunner.java:306)
	at org.junit.runners.BlockJUnit4ClassRunner$1.evaluate(BlockJUnit4ClassRunner.java:100)
	at org.junit.runners.ParentRunner.runLeaf(ParentRunner.java:366)
	at org.junit.runners.BlockJUnit4ClassRunner.runChild(BlockJUnit4ClassRunner.java:103)
	at org.junit.runners.BlockJUnit4ClassRunner.runChild(BlockJUnit4ClassRunner.java:63)
	at org.junit.runners.ParentRunner$4.run(ParentRunner.java:331)
	at org.junit.runners.ParentRunner$1.schedule(ParentRunner.java:79)
	at org.junit.runners.ParentRunner.runChildren(ParentRunner.java:329)
	at org.junit.runners.ParentRunner.access$100(ParentRunner.java:66)
	at org.junit.runners.ParentRunner$2.evaluate(ParentRunner.java:293)
	at org.junit.runners.ParentRunner$3.evaluate(ParentRunner.java:306)
	at org.junit.runners.ParentRunner.run(ParentRunner.java:413)
	at org.junit.runners.Suite.runChild(Suite.java:128)
	at org.junit.runners.Suite.runChild(Suite.java:27)
	at org.junit.runners.ParentRunner$4.run(ParentRunner.java:331)
	at org.junit.runners.ParentRunner$1.schedule(ParentRunner.java:79)
	at org.junit.runners.ParentRunner.runChildren(ParentRunner.java:329)
	at org.junit.runners.ParentRunner.access$100(ParentRunner.java:66)
	at org.junit.runners.ParentRunner$2.evaluate(ParentRunner.java:293)
	at org.junit.runners.ParentRunner$3.evaluate(ParentRunner.java:306)
	at org.junit.runners.ParentRunner.run(ParentRunner.java:413)
	at org.junit.runner.JUnitCore.run(JUnitCore.java:137)
	at org.junit.runner.JUnitCore.run(JUnitCore.java:115)
	at edu.illinois.cs.testrunner.execution.JUnitTestExecutor.execute(JUnitTestExecutor.java:246)
	at edu.illinois.cs.testrunner.execution.JUnitTestExecutor.executeWithJUnit4Runner(JUnitTestExecutor.java:315)
	at edu.illinois.cs.testrunner.execution.JUnitTestExecutor.runOrder(JUnitTestExecutor.java:46)
	at edu.illinois.cs.testrunner.execution.Executor$.$anonfun$run$1(Executor.scala:30)
	at scala.runtime.java8.JFunction0$mcV$sp.apply(JFunction0$mcV$sp.java:12)
	at scala.util.Try$.apply(Try.scala:209)
	at edu.illinois.cs.testrunner.execution.Executor$.run(Executor.scala:28)
	at edu.illinois.cs.testrunner.execution.Executor$.main(Executor.scala:18)
	at edu.illinois.cs.testrunner.execution.Executor.main(Executor.scala)
Caused by: java.lang.AssertionError: 
  Unexpected method call LogBackend.isLevelEnabled(DEBUG):
	at org.easymock.internal.MockInvocationHandler.invoke(MockInvocationHandler.java:44)
	at org.easymock.internal.ObjectMethodsFilter.invoke(ObjectMethodsFilter.java:94)
	at com.sun.proxy.$Proxy13.isLevelEnabled(Unknown Source)
	at com.j256.ormlite.logger.Logger.logIfEnabled(Logger.java:659)
	at com.j256.ormlite.logger.Logger.log(Logger.java:610)
	at com.j256.ormlite.dao.RuntimeExceptionDao.logMessage(RuntimeExceptionDao.java:981)
	at com.j256.ormlite.dao.RuntimeExceptionDao.queryRaw(RuntimeExceptionDao.java:498)
	at com.j256.ormlite.dao.RuntimeExceptionDaoTest.testQueryRawThrow(RuntimeExceptionDaoTest.java:721)
	at sun.reflect.NativeMethodAccessorImpl.invoke0(Native Method)
	at sun.reflect.NativeMethodAccessorImpl.invoke(NativeMethodAccessorImpl.java:62)
	at sun.reflect.DelegatingMethodAccessorImpl.invoke(DelegatingMethodAccessorImpl.java:43)
	at java.lang.reflect.Method.invoke(Method.java:498)
	at org.junit.runners.model.FrameworkMethod$1.runReflectiveCall(FrameworkMethod.java:59)
	at org.junit.internal.runners.model.ReflectiveCallable.run(ReflectiveCallable.java:12)
	at org.junit.runners.model.FrameworkMethod.invokeExplosively(FrameworkMethod.java:56)
	at org.junit.internal.runners.statements.InvokeMethod.evaluate(InvokeMethod.java:17)
	at org.junit.internal.runners.statements.ExpectException.evaluate(ExpectException.java:19)
	... 34 more
