<?xml version="1.0" encoding="UTF-8"?>
<testsuite xmlns:xsi="http://www.w3.org/2001/XMLSchema-instance" xsi:noNamespaceSchemaLocation="https://maven.apache.org/surefire/maven-surefire-plugin/xsd/surefire-test-report-3.0.xsd" version="3.0" name="org.apache.nifi.properties.AESSensitivePropertyProviderTest" time="0.06" tests="16" errors="0" skipped="0" failures="0">
  <properties>
    <property name="sun.desktop" value="gnome"/>
    <property name="awt.toolkit" value="sun.awt.X11.XToolkit"/>
    <property name="file.encoding.pkg" value="sun.io"/>
    <property name="java.specification.version" value="1.8"/>
    <property name="sun.cpu.isalist" value=""/>
    <property name="sun.jnu.encoding" value="UTF-8"/>
    <property name="java.class.path" value="/home/alex/Repositories/nifi/nifi-commons/nifi-sensitive-property-provider/target/test-classes:/home/alex/Repositories/nifi/nifi-commons/nifi-sensitive-property-provider/target/classes:/home/alex/Repositories/nifi/nifi-commons/nifi-properties/target/classes:/home/alex/Repositories/nifi/nifi-commons/nifi-property-utils/target/classes:/home/alex/.m2/repository/org/bouncycastle/bcprov-jdk15on/1.69/bcprov-jdk15on-1.69.jar:/home/alex/.m2/repository/org/apache/commons/commons-lang3/3.12.0/commons-lang3-3.12.0.jar:/home/alex/Repositories/nifi/nifi-commons/nifi-security-utils/target/classes:/home/alex/Repositories/nifi/nifi-api/target/classes:/home/alex/Repositories/nifi/nifi-commons/nifi-utils/target/classes:/home/alex/Repositories/nifi/nifi-commons/nifi-security-utils-api/target/classes:/home/alex/Repositories/nifi/nifi-commons/nifi-security-kms/target/classes:/home/alex/.m2/repository/commons-codec/commons-codec/1.14/commons-codec-1.14.jar:/home/alex/.m2/repository/org/bouncycastle/bcpkix-jdk15on/1.69/bcpkix-jdk15on-1.69.jar:/home/alex/.m2/repository/org/bouncycastle/bcutil-jdk15on/1.69/bcutil-jdk15on-1.69.jar:/home/alex/.m2/repository/at/favre/lib/bcrypt/0.9.0/bcrypt-0.9.0.jar:/home/alex/.m2/repository/at/favre/lib/bytes/1.3.0/bytes-1.3.0.jar:/home/alex/.m2/repository/org/apache/commons/commons-configuration2/2.7/commons-configuration2-2.7.jar:/home/alex/.m2/repository/org/apache/commons/commons-text/1.8/commons-text-1.8.jar:/home/alex/.m2/repository/software/amazon/awssdk/kms/2.17.1/kms-2.17.1.jar:/home/alex/.m2/repository/software/amazon/awssdk/aws-json-protocol/2.17.1/aws-json-protocol-2.17.1.jar:/home/alex/.m2/repository/software/amazon/awssdk/third-party-jackson-core/2.17.1/third-party-jackson-core-2.17.1.jar:/home/alex/.m2/repository/software/amazon/awssdk/json-utils/2.17.1/json-utils-2.17.1.jar:/home/alex/.m2/repository/software/amazon/awssdk/protocol-core/2.17.1/protocol-core-2.17.1.jar:/home/alex/.m2/repository/software/amazon/awssdk/sdk-core/2.17.1/sdk-core-2.17.1.jar:/home/alex/.m2/repository/software/amazon/awssdk/profiles/2.17.1/profiles-2.17.1.jar:/home/alex/.m2/repository/org/reactivestreams/reactive-streams/1.0.3/reactive-streams-1.0.3.jar:/home/alex/.m2/repository/software/amazon/awssdk/auth/2.17.1/auth-2.17.1.jar:/home/alex/.m2/repository/software/amazon/eventstream/eventstream/1.0.1/eventstream-1.0.1.jar:/home/alex/.m2/repository/software/amazon/awssdk/http-client-spi/2.17.1/http-client-spi-2.17.1.jar:/home/alex/.m2/repository/software/amazon/awssdk/regions/2.17.1/regions-2.17.1.jar:/home/alex/.m2/repository/software/amazon/awssdk/annotations/2.17.1/annotations-2.17.1.jar:/home/alex/.m2/repository/software/amazon/awssdk/utils/2.17.1/utils-2.17.1.jar:/home/alex/.m2/repository/software/amazon/awssdk/aws-core/2.17.1/aws-core-2.17.1.jar:/home/alex/.m2/repository/software/amazon/awssdk/metrics-spi/2.17.1/metrics-spi-2.17.1.jar:/home/alex/.m2/repository/software/amazon/awssdk/secretsmanager/2.17.1/secretsmanager-2.17.1.jar:/home/alex/.m2/repository/com/azure/azure-security-keyvault-secrets/4.3.3/azure-security-keyvault-secrets-4.3.3.jar:/home/alex/.m2/repository/com/azure/azure-core/1.20.0/azure-core-1.20.0.jar:/home/alex/.m2/repository/com/fasterxml/jackson/core/jackson-annotations/2.12.4/jackson-annotations-2.12.4.jar:/home/alex/.m2/repository/com/fasterxml/jackson/core/jackson-core/2.12.4/jackson-core-2.12.4.jar:/home/alex/.m2/repository/com/fasterxml/jackson/core/jackson-databind/2.12.4/jackson-databind-2.12.4.jar:/home/alex/.m2/repository/com/fasterxml/jackson/datatype/jackson-datatype-jsr310/2.12.4/jackson-datatype-jsr310-2.12.4.jar:/home/alex/.m2/repository/com/fasterxml/jackson/dataformat/jackson-dataformat-xml/2.12.4/jackson-dataformat-xml-2.12.4.jar:/home/alex/.m2/repository/com/fasterxml/jackson/module/jackson-module-jaxb-annotations/2.12.4/jackson-module-jaxb-annotations-2.12.4.jar:/home/alex/.m2/repository/jakarta/xml/bind/jakarta.xml.bind-api/2.3.2/jakarta.xml.bind-api-2.3.2.jar:/home/alex/.m2/repository/jakarta/activation/jakarta.activation-api/1.2.1/jakarta.activation-api-1.2.1.jar:/home/alex/.m2/repository/io/projectreactor/reactor-core/3.4.9/reactor-core-3.4.9.jar:/home/alex/.m2/repository/com/azure/azure-security-keyvault-keys/4.3.3/azure-security-keyvault-keys-4.3.3.jar:/home/alex/.m2/repository/com/azure/azure-identity/1.3.4/azure-identity-1.3.4.jar:/home/alex/.m2/repository/com/microsoft/azure/msal4j/1.10.1/msal4j-1.10.1.jar:/home/alex/.m2/repository/com/nimbusds/oauth2-oidc-sdk/9.7/oauth2-oidc-sdk-9.7.jar:/home/alex/.m2/repository/com/github/stephenc/jcip/jcip-annotations/1.0-1/jcip-annotations-1.0-1.jar:/home/alex/.m2/repository/com/nimbusds/content-type/2.1/content-type-2.1.jar:/home/alex/.m2/repository/com/nimbusds/lang-tag/1.5/lang-tag-1.5.jar:/home/alex/.m2/repository/com/nimbusds/nimbus-jose-jwt/9.9.3/nimbus-jose-jwt-9.9.3.jar:/home/alex/.m2/repository/com/microsoft/azure/msal4j-persistence-extension/1.1.0/msal4j-persistence-extension-1.1.0.jar:/home/alex/.m2/repository/net/java/dev/jna/jna/5.5.0/jna-5.5.0.jar:/home/alex/.m2/repository/net/java/dev/jna/jna-platform/5.6.0/jna-platform-5.6.0.jar:/home/alex/.m2/repository/net/minidev/json-smart/2.4.7/json-smart-2.4.7.jar:/home/alex/.m2/repository/net/minidev/accessors-smart/2.4.7/accessors-smart-2.4.7.jar:/home/alex/.m2/repository/org/ow2/asm/asm/9.1/asm-9.1.jar:/home/alex/.m2/repository/com/azure/azure-core-http-okhttp/1.7.1/azure-core-http-okhttp-1.7.1.jar:/home/alex/.m2/repository/com/squareup/okhttp3/okhttp/4.8.1/okhttp-4.8.1.jar:/home/alex/.m2/repository/com/squareup/okio/okio/2.7.0/okio-2.7.0.jar:/home/alex/.m2/repository/org/jetbrains/kotlin/kotlin-stdlib-common/1.3.70/kotlin-stdlib-common-1.3.70.jar:/home/alex/.m2/repository/org/jetbrains/kotlin/kotlin-stdlib/1.3.72/kotlin-stdlib-1.3.72.jar:/home/alex/.m2/repository/org/jetbrains/annotations/13.0/annotations-13.0.jar:/home/alex/.m2/repository/software/amazon/awssdk/url-connection-client/2.17.1/url-connection-client-2.17.1.jar:/home/alex/.m2/repository/com/google/cloud/google-cloud-kms/2.0.2/google-cloud-kms-2.0.2.jar:/home/alex/.m2/repository/io/grpc/grpc-api/1.40.0/grpc-api-1.40.0.jar:/home/alex/.m2/repository/io/grpc/grpc-context/1.40.0/grpc-context-1.40.0.jar:/home/alex/.m2/repository/com/google/code/findbugs/jsr305/3.0.2/jsr305-3.0.2.jar:/home/alex/.m2/repository/io/grpc/grpc-stub/1.40.0/grpc-stub-1.40.0.jar:/home/alex/.m2/repository/io/grpc/grpc-protobuf/1.40.0/grpc-protobuf-1.40.0.jar:/home/alex/.m2/repository/io/grpc/grpc-protobuf-lite/1.40.0/grpc-protobuf-lite-1.40.0.jar:/home/alex/.m2/repository/com/google/api/api-common/2.0.1/api-common-2.0.1.jar:/home/alex/.m2/repository/javax/annotation/javax.annotation-api/1.3.2/javax.annotation-api-1.3.2.jar:/home/alex/.m2/repository/com/google/auto/value/auto-value-annotations/1.8.2/auto-value-annotations-1.8.2.jar:/home/alex/.m2/repository/com/google/protobuf/protobuf-java/3.17.3/protobuf-java-3.17.3.jar:/home/alex/.m2/repository/com/google/api/grpc/proto-google-common-protos/2.3.2/proto-google-common-protos-2.3.2.jar:/home/alex/.m2/repository/com/google/api/grpc/proto-google-cloud-kms-v1/0.91.2/proto-google-cloud-kms-v1-0.91.2.jar:/home/alex/.m2/repository/com/google/guava/guava/30.1.1-jre/guava-30.1.1-jre.jar:/home/alex/.m2/repository/com/google/guava/failureaccess/1.0.1/failureaccess-1.0.1.jar:/home/alex/.m2/repository/com/google/guava/listenablefuture/9999.0-empty-to-avoid-conflict-with-guava/listenablefuture-9999.0-empty-to-avoid-conflict-with-guava.jar:/home/alex/.m2/repository/org/checkerframework/checker-qual/3.8.0/checker-qual-3.8.0.jar:/home/alex/.m2/repository/com/google/errorprone/error_prone_annotations/2.9.0/error_prone_annotations-2.9.0.jar:/home/alex/.m2/repository/com/google/j2objc/j2objc-annotations/1.3/j2objc-annotations-1.3.jar:/home/alex/.m2/repository/com/google/api/gax/2.3.0/gax-2.3.0.jar:/home/alex/.m2/repository/io/opencensus/opencensus-api/0.28.0/opencensus-api-0.28.0.jar:/home/alex/.m2/repository/com/google/api/gax-grpc/2.3.0/gax-grpc-2.3.0.jar:/home/alex/.m2/repository/com/google/auth/google-auth-library-credentials/1.1.0/google-auth-library-credentials-1.1.0.jar:/home/alex/.m2/repository/io/grpc/grpc-netty-shaded/1.40.0/grpc-netty-shaded-1.40.0.jar:/home/alex/.m2/repository/io/perfmark/perfmark-api/0.23.0/perfmark-api-0.23.0.jar:/home/alex/.m2/repository/io/grpc/grpc-core/1.40.0/grpc-core-1.40.0.jar:/home/alex/.m2/repository/com/google/android/annotations/4.1.1.4/annotations-4.1.1.4.jar:/home/alex/.m2/repository/org/codehaus/mojo/animal-sniffer-annotations/1.20/animal-sniffer-annotations-1.20.jar:/home/alex/.m2/repository/io/grpc/grpc-alts/1.40.0/grpc-alts-1.40.0.jar:/home/alex/.m2/repository/io/grpc/grpc-grpclb/1.40.0/grpc-grpclb-1.40.0.jar:/home/alex/.m2/repository/com/google/protobuf/protobuf-java-util/3.17.3/protobuf-java-util-3.17.3.jar:/home/alex/.m2/repository/org/conscrypt/conscrypt-openjdk-uber/2.5.1/conscrypt-openjdk-uber-2.5.1.jar:/home/alex/.m2/repository/org/threeten/threetenbp/1.5.1/threetenbp-1.5.1.jar:/home/alex/.m2/repository/io/grpc/grpc-auth/1.40.0/grpc-auth-1.40.0.jar:/home/alex/.m2/repository/com/google/api/grpc/proto-google-iam-v1/1.0.14/proto-google-iam-v1-1.0.14.jar:/home/alex/.m2/repository/com/google/auth/google-auth-library-oauth2-http/1.1.0/google-auth-library-oauth2-http-1.1.0.jar:/home/alex/.m2/repository/com/google/http-client/google-http-client/1.39.2/google-http-client-1.39.2.jar:/home/alex/.m2/repository/org/apache/httpcomponents/httpclient/4.5.13/httpclient-4.5.13.jar:/home/alex/.m2/repository/org/apache/httpcomponents/httpcore/4.4.14/httpcore-4.4.14.jar:/home/alex/.m2/repository/io/opencensus/opencensus-contrib-http-util/0.28.0/opencensus-contrib-http-util-0.28.0.jar:/home/alex/.m2/repository/com/google/http-client/google-http-client-gson/1.39.2/google-http-client-gson-1.39.2.jar:/home/alex/.m2/repository/com/google/code/gson/gson/2.8.8/gson-2.8.8.jar:/home/alex/Repositories/nifi/nifi-commons/nifi-vault-utils/target/classes:/home/alex/.m2/repository/org/springframework/vault/spring-vault-core/2.3.2/spring-vault-core-2.3.2.jar:/home/alex/.m2/repository/org/springframework/spring-core/5.3.11/spring-core-5.3.11.jar:/home/alex/.m2/repository/org/springframework/spring-jcl/5.3.11/spring-jcl-5.3.11.jar:/home/alex/.m2/repository/org/springframework/spring-context/5.3.11/spring-context-5.3.11.jar:/home/alex/.m2/repository/org/springframework/spring-aop/5.3.11/spring-aop-5.3.11.jar:/home/alex/.m2/repository/org/springframework/spring-expression/5.3.11/spring-expression-5.3.11.jar:/home/alex/.m2/repository/org/springframework/spring-beans/5.3.11/spring-beans-5.3.11.jar:/home/alex/.m2/repository/org/springframework/spring-web/5.3.11/spring-web-5.3.11.jar:/home/alex/.m2/repository/commons-io/commons-io/2.10.0/commons-io-2.10.0.jar:/home/alex/.m2/repository/org/mockito/mockito-inline/3.11.2/mockito-inline-3.11.2.jar:/home/alex/.m2/repository/org/junit/jupiter/junit-jupiter-api/5.7.2/junit-jupiter-api-5.7.2.jar:/home/alex/.m2/repository/org/apiguardian/apiguardian-api/1.1.0/apiguardian-api-1.1.0.jar:/home/alex/.m2/repository/org/opentest4j/opentest4j/1.2.0/opentest4j-1.2.0.jar:/home/alex/.m2/repository/org/junit/platform/junit-platform-commons/1.7.2/junit-platform-commons-1.7.2.jar:/home/alex/.m2/repository/org/junit/jupiter/junit-jupiter-engine/5.7.2/junit-jupiter-engine-5.7.2.jar:/home/alex/.m2/repository/org/junit/platform/junit-platform-engine/1.7.2/junit-platform-engine-1.7.2.jar:/home/alex/.m2/repository/org/junit/vintage/junit-vintage-engine/5.7.2/junit-vintage-engine-5.7.2.jar:/home/alex/.m2/repository/junit/junit/4.13.2/junit-4.13.2.jar:/home/alex/.m2/repository/org/hamcrest/hamcrest-core/1.3/hamcrest-core-1.3.jar:/home/alex/.m2/repository/org/junit/jupiter/junit-jupiter-params/5.7.2/junit-jupiter-params-5.7.2.jar:/home/alex/.m2/repository/org/mockito/mockito-core/3.11.2/mockito-core-3.11.2.jar:/home/alex/.m2/repository/net/bytebuddy/byte-buddy/1.11.3/byte-buddy-1.11.3.jar:/home/alex/.m2/repository/net/bytebuddy/byte-buddy-agent/1.11.3/byte-buddy-agent-1.11.3.jar:/home/alex/.m2/repository/org/objenesis/objenesis/3.2/objenesis-3.2.jar:/home/alex/.m2/repository/org/mockito/mockito-junit-jupiter/3.11.2/mockito-junit-jupiter-3.11.2.jar:/home/alex/.m2/repository/org/slf4j/slf4j-simple/1.7.32/slf4j-simple-1.7.32.jar:/home/alex/.m2/repository/org/slf4j/slf4j-api/1.7.32/slf4j-api-1.7.32.jar:/home/alex/.m2/repository/org/codehaus/groovy/groovy-test/2.5.14/groovy-test-2.5.14.jar:/home/alex/.m2/repository/org/codehaus/groovy/groovy/2.5.14/groovy-2.5.14.jar:"/>
    <property name="java.vm.vendor" value="Private Build"/>
    <property name="sun.arch.data.model" value="64"/>
    <property name="java.vendor.url" value="http://java.oracle.com/"/>
    <property name="user.timezone" value="Europe/Lisbon"/>
    <property name="java.vm.specification.version" value="1.8"/>
    <property name="os.name" value="Linux"/>
    <property name="user.country" value="US"/>
    <property name="sun.java.launcher" value="SUN_STANDARD"/>
    <property name="sun.boot.library.path" value="/usr/lib/jvm/java-8-openjdk-amd64/jre/lib/amd64"/>
    <property name="sun.java.command" value="/home/alex/Repositories/nifi/nifi-commons/nifi-sensitive-property-provider/target/surefire/surefirebooter2674557194594667991.jar /home/alex/Repositories/nifi/nifi-commons/nifi-sensitive-property-provider/target/surefire 2024-05-02T04-10-31_566-jvmRun1 surefire7821897304378938032tmp surefire_16374998181306704288tmp"/>
    <property name="surefire.test.class.path" value="/home/alex/Repositories/nifi/nifi-commons/nifi-sensitive-property-provider/target/test-classes:/home/alex/Repositories/nifi/nifi-commons/nifi-sensitive-property-provider/target/classes:/home/alex/Repositories/nifi/nifi-commons/nifi-properties/target/classes:/home/alex/Repositories/nifi/nifi-commons/nifi-property-utils/target/classes:/home/alex/.m2/repository/org/bouncycastle/bcprov-jdk15on/1.69/bcprov-jdk15on-1.69.jar:/home/alex/.m2/repository/org/apache/commons/commons-lang3/3.12.0/commons-lang3-3.12.0.jar:/home/alex/Repositories/nifi/nifi-commons/nifi-security-utils/target/classes:/home/alex/Repositories/nifi/nifi-api/target/classes:/home/alex/Repositories/nifi/nifi-commons/nifi-utils/target/classes:/home/alex/Repositories/nifi/nifi-commons/nifi-security-utils-api/target/classes:/home/alex/Repositories/nifi/nifi-commons/nifi-security-kms/target/classes:/home/alex/.m2/repository/commons-codec/commons-codec/1.14/commons-codec-1.14.jar:/home/alex/.m2/repository/org/bouncycastle/bcpkix-jdk15on/1.69/bcpkix-jdk15on-1.69.jar:/home/alex/.m2/repository/org/bouncycastle/bcutil-jdk15on/1.69/bcutil-jdk15on-1.69.jar:/home/alex/.m2/repository/at/favre/lib/bcrypt/0.9.0/bcrypt-0.9.0.jar:/home/alex/.m2/repository/at/favre/lib/bytes/1.3.0/bytes-1.3.0.jar:/home/alex/.m2/repository/org/apache/commons/commons-configuration2/2.7/commons-configuration2-2.7.jar:/home/alex/.m2/repository/org/apache/commons/commons-text/1.8/commons-text-1.8.jar:/home/alex/.m2/repository/software/amazon/awssdk/kms/2.17.1/kms-2.17.1.jar:/home/alex/.m2/repository/software/amazon/awssdk/aws-json-protocol/2.17.1/aws-json-protocol-2.17.1.jar:/home/alex/.m2/repository/software/amazon/awssdk/third-party-jackson-core/2.17.1/third-party-jackson-core-2.17.1.jar:/home/alex/.m2/repository/software/amazon/awssdk/json-utils/2.17.1/json-utils-2.17.1.jar:/home/alex/.m2/repository/software/amazon/awssdk/protocol-core/2.17.1/protocol-core-2.17.1.jar:/home/alex/.m2/repository/software/amazon/awssdk/sdk-core/2.17.1/sdk-core-2.17.1.jar:/home/alex/.m2/repository/software/amazon/awssdk/profiles/2.17.1/profiles-2.17.1.jar:/home/alex/.m2/repository/org/reactivestreams/reactive-streams/1.0.3/reactive-streams-1.0.3.jar:/home/alex/.m2/repository/software/amazon/awssdk/auth/2.17.1/auth-2.17.1.jar:/home/alex/.m2/repository/software/amazon/eventstream/eventstream/1.0.1/eventstream-1.0.1.jar:/home/alex/.m2/repository/software/amazon/awssdk/http-client-spi/2.17.1/http-client-spi-2.17.1.jar:/home/alex/.m2/repository/software/amazon/awssdk/regions/2.17.1/regions-2.17.1.jar:/home/alex/.m2/repository/software/amazon/awssdk/annotations/2.17.1/annotations-2.17.1.jar:/home/alex/.m2/repository/software/amazon/awssdk/utils/2.17.1/utils-2.17.1.jar:/home/alex/.m2/repository/software/amazon/awssdk/aws-core/2.17.1/aws-core-2.17.1.jar:/home/alex/.m2/repository/software/amazon/awssdk/metrics-spi/2.17.1/metrics-spi-2.17.1.jar:/home/alex/.m2/repository/software/amazon/awssdk/secretsmanager/2.17.1/secretsmanager-2.17.1.jar:/home/alex/.m2/repository/com/azure/azure-security-keyvault-secrets/4.3.3/azure-security-keyvault-secrets-4.3.3.jar:/home/alex/.m2/repository/com/azure/azure-core/1.20.0/azure-core-1.20.0.jar:/home/alex/.m2/repository/com/fasterxml/jackson/core/jackson-annotations/2.12.4/jackson-annotations-2.12.4.jar:/home/alex/.m2/repository/com/fasterxml/jackson/core/jackson-core/2.12.4/jackson-core-2.12.4.jar:/home/alex/.m2/repository/com/fasterxml/jackson/core/jackson-databind/2.12.4/jackson-databind-2.12.4.jar:/home/alex/.m2/repository/com/fasterxml/jackson/datatype/jackson-datatype-jsr310/2.12.4/jackson-datatype-jsr310-2.12.4.jar:/home/alex/.m2/repository/com/fasterxml/jackson/dataformat/jackson-dataformat-xml/2.12.4/jackson-dataformat-xml-2.12.4.jar:/home/alex/.m2/repository/com/fasterxml/jackson/module/jackson-module-jaxb-annotations/2.12.4/jackson-module-jaxb-annotations-2.12.4.jar:/home/alex/.m2/repository/jakarta/xml/bind/jakarta.xml.bind-api/2.3.2/jakarta.xml.bind-api-2.3.2.jar:/home/alex/.m2/repository/jakarta/activation/jakarta.activation-api/1.2.1/jakarta.activation-api-1.2.1.jar:/home/alex/.m2/repository/io/projectreactor/reactor-core/3.4.9/reactor-core-3.4.9.jar:/home/alex/.m2/repository/com/azure/azure-security-keyvault-keys/4.3.3/azure-security-keyvault-keys-4.3.3.jar:/home/alex/.m2/repository/com/azure/azure-identity/1.3.4/azure-identity-1.3.4.jar:/home/alex/.m2/repository/com/microsoft/azure/msal4j/1.10.1/msal4j-1.10.1.jar:/home/alex/.m2/repository/com/nimbusds/oauth2-oidc-sdk/9.7/oauth2-oidc-sdk-9.7.jar:/home/alex/.m2/repository/com/github/stephenc/jcip/jcip-annotations/1.0-1/jcip-annotations-1.0-1.jar:/home/alex/.m2/repository/com/nimbusds/content-type/2.1/content-type-2.1.jar:/home/alex/.m2/repository/com/nimbusds/lang-tag/1.5/lang-tag-1.5.jar:/home/alex/.m2/repository/com/nimbusds/nimbus-jose-jwt/9.9.3/nimbus-jose-jwt-9.9.3.jar:/home/alex/.m2/repository/com/microsoft/azure/msal4j-persistence-extension/1.1.0/msal4j-persistence-extension-1.1.0.jar:/home/alex/.m2/repository/net/java/dev/jna/jna/5.5.0/jna-5.5.0.jar:/home/alex/.m2/repository/net/java/dev/jna/jna-platform/5.6.0/jna-platform-5.6.0.jar:/home/alex/.m2/repository/net/minidev/json-smart/2.4.7/json-smart-2.4.7.jar:/home/alex/.m2/repository/net/minidev/accessors-smart/2.4.7/accessors-smart-2.4.7.jar:/home/alex/.m2/repository/org/ow2/asm/asm/9.1/asm-9.1.jar:/home/alex/.m2/repository/com/azure/azure-core-http-okhttp/1.7.1/azure-core-http-okhttp-1.7.1.jar:/home/alex/.m2/repository/com/squareup/okhttp3/okhttp/4.8.1/okhttp-4.8.1.jar:/home/alex/.m2/repository/com/squareup/okio/okio/2.7.0/okio-2.7.0.jar:/home/alex/.m2/repository/org/jetbrains/kotlin/kotlin-stdlib-common/1.3.70/kotlin-stdlib-common-1.3.70.jar:/home/alex/.m2/repository/org/jetbrains/kotlin/kotlin-stdlib/1.3.72/kotlin-stdlib-1.3.72.jar:/home/alex/.m2/repository/org/jetbrains/annotations/13.0/annotations-13.0.jar:/home/alex/.m2/repository/software/amazon/awssdk/url-connection-client/2.17.1/url-connection-client-2.17.1.jar:/home/alex/.m2/repository/com/google/cloud/google-cloud-kms/2.0.2/google-cloud-kms-2.0.2.jar:/home/alex/.m2/repository/io/grpc/grpc-api/1.40.0/grpc-api-1.40.0.jar:/home/alex/.m2/repository/io/grpc/grpc-context/1.40.0/grpc-context-1.40.0.jar:/home/alex/.m2/repository/com/google/code/findbugs/jsr305/3.0.2/jsr305-3.0.2.jar:/home/alex/.m2/repository/io/grpc/grpc-stub/1.40.0/grpc-stub-1.40.0.jar:/home/alex/.m2/repository/io/grpc/grpc-protobuf/1.40.0/grpc-protobuf-1.40.0.jar:/home/alex/.m2/repository/io/grpc/grpc-protobuf-lite/1.40.0/grpc-protobuf-lite-1.40.0.jar:/home/alex/.m2/repository/com/google/api/api-common/2.0.1/api-common-2.0.1.jar:/home/alex/.m2/repository/javax/annotation/javax.annotation-api/1.3.2/javax.annotation-api-1.3.2.jar:/home/alex/.m2/repository/com/google/auto/value/auto-value-annotations/1.8.2/auto-value-annotations-1.8.2.jar:/home/alex/.m2/repository/com/google/protobuf/protobuf-java/3.17.3/protobuf-java-3.17.3.jar:/home/alex/.m2/repository/com/google/api/grpc/proto-google-common-protos/2.3.2/proto-google-common-protos-2.3.2.jar:/home/alex/.m2/repository/com/google/api/grpc/proto-google-cloud-kms-v1/0.91.2/proto-google-cloud-kms-v1-0.91.2.jar:/home/alex/.m2/repository/com/google/guava/guava/30.1.1-jre/guava-30.1.1-jre.jar:/home/alex/.m2/repository/com/google/guava/failureaccess/1.0.1/failureaccess-1.0.1.jar:/home/alex/.m2/repository/com/google/guava/listenablefuture/9999.0-empty-to-avoid-conflict-with-guava/listenablefuture-9999.0-empty-to-avoid-conflict-with-guava.jar:/home/alex/.m2/repository/org/checkerframework/checker-qual/3.8.0/checker-qual-3.8.0.jar:/home/alex/.m2/repository/com/google/errorprone/error_prone_annotations/2.9.0/error_prone_annotations-2.9.0.jar:/home/alex/.m2/repository/com/google/j2objc/j2objc-annotations/1.3/j2objc-annotations-1.3.jar:/home/alex/.m2/repository/com/google/api/gax/2.3.0/gax-2.3.0.jar:/home/alex/.m2/repository/io/opencensus/opencensus-api/0.28.0/opencensus-api-0.28.0.jar:/home/alex/.m2/repository/com/google/api/gax-grpc/2.3.0/gax-grpc-2.3.0.jar:/home/alex/.m2/repository/com/google/auth/google-auth-library-credentials/1.1.0/google-auth-library-credentials-1.1.0.jar:/home/alex/.m2/repository/io/grpc/grpc-netty-shaded/1.40.0/grpc-netty-shaded-1.40.0.jar:/home/alex/.m2/repository/io/perfmark/perfmark-api/0.23.0/perfmark-api-0.23.0.jar:/home/alex/.m2/repository/io/grpc/grpc-core/1.40.0/grpc-core-1.40.0.jar:/home/alex/.m2/repository/com/google/android/annotations/4.1.1.4/annotations-4.1.1.4.jar:/home/alex/.m2/repository/org/codehaus/mojo/animal-sniffer-annotations/1.20/animal-sniffer-annotations-1.20.jar:/home/alex/.m2/repository/io/grpc/grpc-alts/1.40.0/grpc-alts-1.40.0.jar:/home/alex/.m2/repository/io/grpc/grpc-grpclb/1.40.0/grpc-grpclb-1.40.0.jar:/home/alex/.m2/repository/com/google/protobuf/protobuf-java-util/3.17.3/protobuf-java-util-3.17.3.jar:/home/alex/.m2/repository/org/conscrypt/conscrypt-openjdk-uber/2.5.1/conscrypt-openjdk-uber-2.5.1.jar:/home/alex/.m2/repository/org/threeten/threetenbp/1.5.1/threetenbp-1.5.1.jar:/home/alex/.m2/repository/io/grpc/grpc-auth/1.40.0/grpc-auth-1.40.0.jar:/home/alex/.m2/repository/com/google/api/grpc/proto-google-iam-v1/1.0.14/proto-google-iam-v1-1.0.14.jar:/home/alex/.m2/repository/com/google/auth/google-auth-library-oauth2-http/1.1.0/google-auth-library-oauth2-http-1.1.0.jar:/home/alex/.m2/repository/com/google/http-client/google-http-client/1.39.2/google-http-client-1.39.2.jar:/home/alex/.m2/repository/org/apache/httpcomponents/httpclient/4.5.13/httpclient-4.5.13.jar:/home/alex/.m2/repository/org/apache/httpcomponents/httpcore/4.4.14/httpcore-4.4.14.jar:/home/alex/.m2/repository/io/opencensus/opencensus-contrib-http-util/0.28.0/opencensus-contrib-http-util-0.28.0.jar:/home/alex/.m2/repository/com/google/http-client/google-http-client-gson/1.39.2/google-http-client-gson-1.39.2.jar:/home/alex/.m2/repository/com/google/code/gson/gson/2.8.8/gson-2.8.8.jar:/home/alex/Repositories/nifi/nifi-commons/nifi-vault-utils/target/classes:/home/alex/.m2/repository/org/springframework/vault/spring-vault-core/2.3.2/spring-vault-core-2.3.2.jar:/home/alex/.m2/repository/org/springframework/spring-core/5.3.11/spring-core-5.3.11.jar:/home/alex/.m2/repository/org/springframework/spring-jcl/5.3.11/spring-jcl-5.3.11.jar:/home/alex/.m2/repository/org/springframework/spring-context/5.3.11/spring-context-5.3.11.jar:/home/alex/.m2/repository/org/springframework/spring-aop/5.3.11/spring-aop-5.3.11.jar:/home/alex/.m2/repository/org/springframework/spring-expression/5.3.11/spring-expression-5.3.11.jar:/home/alex/.m2/repository/org/springframework/spring-beans/5.3.11/spring-beans-5.3.11.jar:/home/alex/.m2/repository/org/springframework/spring-web/5.3.11/spring-web-5.3.11.jar:/home/alex/.m2/repository/commons-io/commons-io/2.10.0/commons-io-2.10.0.jar:/home/alex/.m2/repository/org/mockito/mockito-inline/3.11.2/mockito-inline-3.11.2.jar:/home/alex/.m2/repository/org/junit/jupiter/junit-jupiter-api/5.7.2/junit-jupiter-api-5.7.2.jar:/home/alex/.m2/repository/org/apiguardian/apiguardian-api/1.1.0/apiguardian-api-1.1.0.jar:/home/alex/.m2/repository/org/opentest4j/opentest4j/1.2.0/opentest4j-1.2.0.jar:/home/alex/.m2/repository/org/junit/platform/junit-platform-commons/1.7.2/junit-platform-commons-1.7.2.jar:/home/alex/.m2/repository/org/junit/jupiter/junit-jupiter-engine/5.7.2/junit-jupiter-engine-5.7.2.jar:/home/alex/.m2/repository/org/junit/platform/junit-platform-engine/1.7.2/junit-platform-engine-1.7.2.jar:/home/alex/.m2/repository/org/junit/vintage/junit-vintage-engine/5.7.2/junit-vintage-engine-5.7.2.jar:/home/alex/.m2/repository/junit/junit/4.13.2/junit-4.13.2.jar:/home/alex/.m2/repository/org/hamcrest/hamcrest-core/1.3/hamcrest-core-1.3.jar:/home/alex/.m2/repository/org/junit/jupiter/junit-jupiter-params/5.7.2/junit-jupiter-params-5.7.2.jar:/home/alex/.m2/repository/org/mockito/mockito-core/3.11.2/mockito-core-3.11.2.jar:/home/alex/.m2/repository/net/bytebuddy/byte-buddy/1.11.3/byte-buddy-1.11.3.jar:/home/alex/.m2/repository/net/bytebuddy/byte-buddy-agent/1.11.3/byte-buddy-agent-1.11.3.jar:/home/alex/.m2/repository/org/objenesis/objenesis/3.2/objenesis-3.2.jar:/home/alex/.m2/repository/org/mockito/mockito-junit-jupiter/3.11.2/mockito-junit-jupiter-3.11.2.jar:/home/alex/.m2/repository/org/slf4j/slf4j-simple/1.7.32/slf4j-simple-1.7.32.jar:/home/alex/.m2/repository/org/slf4j/slf4j-api/1.7.32/slf4j-api-1.7.32.jar:/home/alex/.m2/repository/org/codehaus/groovy/groovy-test/2.5.14/groovy-test-2.5.14.jar:/home/alex/.m2/repository/org/codehaus/groovy/groovy/2.5.14/groovy-2.5.14.jar:"/>
    <property name="sun.cpu.endian" value="little"/>
    <property name="user.home" value="/home/alex"/>
    <property name="user.language" value="en"/>
    <property name="java.specification.vendor" value="Oracle Corporation"/>
    <property name="java.home" value="/usr/lib/jvm/java-8-openjdk-amd64/jre"/>
    <property name="basedir" value="/home/alex/Repositories/nifi/nifi-commons/nifi-sensitive-property-provider"/>
    <property name="file.separator" value="/"/>
    <property name="line.separator" value="&#10;"/>
    <property name="java.vm.specification.vendor" value="Oracle Corporation"/>
    <property name="java.specification.name" value="Java Platform API Specification"/>
    <property name="java.awt.graphicsenv" value="sun.awt.X11GraphicsEnvironment"/>
    <property name="java.awt.headless" value="true"/>
    <property name="surefire.real.class.path" value="/home/alex/Repositories/nifi/nifi-commons/nifi-sensitive-property-provider/target/surefire/surefirebooter2674557194594667991.jar"/>
    <property name="sun.boot.class.path" value="/usr/lib/jvm/java-8-openjdk-amd64/jre/lib/resources.jar:/usr/lib/jvm/java-8-openjdk-amd64/jre/lib/rt.jar:/usr/lib/jvm/java-8-openjdk-amd64/jre/lib/sunrsasign.jar:/usr/lib/jvm/java-8-openjdk-amd64/jre/lib/jsse.jar:/usr/lib/jvm/java-8-openjdk-amd64/jre/lib/jce.jar:/usr/lib/jvm/java-8-openjdk-amd64/jre/lib/charsets.jar:/usr/lib/jvm/java-8-openjdk-amd64/jre/lib/jfr.jar:/usr/lib/jvm/java-8-openjdk-amd64/jre/classes"/>
    <property name="sun.management.compiler" value="HotSpot 64-Bit Tiered Compilers"/>
    <property name="java.runtime.version" value="1.8.0_402-8u402-ga-2ubuntu1~22.04-b06"/>
    <property name="java.net.preferIPv4Stack" value="true"/>
    <property name="user.name" value="alex"/>
    <property name="path.separator" value=":"/>
    <property name="os.version" value="6.5.0-28-generic"/>
    <property name="java.endorsed.dirs" value="/usr/lib/jvm/java-8-openjdk-amd64/jre/lib/endorsed"/>
    <property name="java.runtime.name" value="OpenJDK Runtime Environment"/>
    <property name="file.encoding" value="UTF-8"/>
    <property name="java.vm.name" value="OpenJDK 64-Bit Server VM"/>
    <property name="localRepository" value="/home/alex/.m2/repository"/>
    <property name="java.vendor.url.bug" value="http://bugreport.sun.com/bugreport/"/>
    <property name="java.io.tmpdir" value="/tmp"/>
    <property name="java.version" value="1.8.0_402"/>
    <property name="user.dir" value="/home/alex/Repositories/nifi/nifi-commons/nifi-sensitive-property-provider"/>
    <property name="os.arch" value="amd64"/>
    <property name="java.vm.specification.name" value="Java Virtual Machine Specification"/>
    <property name="java.awt.printerjob" value="sun.print.PSPrinterJob"/>
    <property name="sun.os.patch.level" value="unknown"/>
    <property name="java.library.path" value="/usr/java/packages/lib/amd64:/usr/lib/x86_64-linux-gnu/jni:/lib/x86_64-linux-gnu:/usr/lib/x86_64-linux-gnu:/usr/lib/jni:/lib:/usr/lib"/>
    <property name="java.vm.info" value="mixed mode"/>
    <property name="java.vendor" value="Private Build"/>
    <property name="java.vm.version" value="25.402-b06"/>
    <property name="java.specification.maintenance.version" value="5"/>
    <property name="java.ext.dirs" value="/usr/lib/jvm/java-8-openjdk-amd64/jre/lib/ext:/usr/java/packages/lib/ext"/>
    <property name="sun.io.unicode.encoding" value="UnicodeLittle"/>
    <property name="java.class.version" value="52.0"/>
  </properties>
  <testcase name="testShouldNotAllowIncorrectlySizedKey" classname="org.apache.nifi.properties.AESSensitivePropertyProviderTest" time="0.01"/>
  <testcase name="testShouldNotAllowIncorrectlySizedKey" classname="org.apache.nifi.properties.AESSensitivePropertyProviderTest" time="0.001"/>
  <testcase name="testShouldHandleUnprotectMalformedIV" classname="org.apache.nifi.properties.AESSensitivePropertyProviderTest" time="0.079">
    <system-err><![CDATA[[main] INFO org.apache.nifi.properties.AESSensitivePropertyProviderTest - Initialized AES Sensitive Property Provider with key size 128
[main] INFO org.apache.nifi.properties.AESSensitivePropertyProviderTest - Manipulated aNRjl6AHlpZGWtNL||MKTDQ/aoT00z3vI2FREFPAnDEkR8tynerGn4yQYc+jwOnnrMs6vOfr0 to
                                                                                          aNRjl6AHZGlpWtNL||MKTDQ/aoT00z3vI2FREFPAnDEkR8tynerGn4yQYc+jwOnnrMs6vOfr0
[main] ERROR org.apache.nifi.properties.AESSensitivePropertyProvider - Error decrypting a protected value
javax.crypto.AEADBadTagException: mac check in GCM failed
	at sun.reflect.NativeConstructorAccessorImpl.newInstance0(Native Method)
	at sun.reflect.NativeConstructorAccessorImpl.newInstance(NativeConstructorAccessorImpl.java:62)
	at sun.reflect.DelegatingConstructorAccessorImpl.newInstance(DelegatingConstructorAccessorImpl.java:45)
	at java.lang.reflect.Constructor.newInstance(Constructor.java:423)
	at org.bouncycastle.jcajce.provider.symmetric.util.BaseBlockCipher$AEADGenericBlockCipher.doFinal(Unknown Source)
	at org.bouncycastle.jcajce.provider.symmetric.util.BaseBlockCipher.engineDoFinal(Unknown Source)
	at javax.crypto.Cipher.doFinal(Cipher.java:2168)
	at org.apache.nifi.properties.AESSensitivePropertyProvider.unprotect(AESSensitivePropertyProvider.java:241)
	at org.apache.nifi.properties.SensitivePropertyProvider$unprotect$0.call(Unknown Source)
	at org.codehaus.groovy.runtime.callsite.CallSiteArray.defaultCall(CallSiteArray.java:47)
	at org.codehaus.groovy.runtime.callsite.AbstractCallSite.call(AbstractCallSite.java:115)
	at org.codehaus.groovy.runtime.callsite.AbstractCallSite.call(AbstractCallSite.java:135)
	at org.apache.nifi.properties.AESSensitivePropertyProviderTest$_testShouldHandleUnprotectMalformedIV_closure27$_closure44.doCall(AESSensitivePropertyProviderTest.groovy:375)
	at org.apache.nifi.properties.AESSensitivePropertyProviderTest$_testShouldHandleUnprotectMalformedIV_closure27$_closure44.doCall(AESSensitivePropertyProviderTest.groovy)
	at sun.reflect.NativeMethodAccessorImpl.invoke0(Native Method)
	at sun.reflect.NativeMethodAccessorImpl.invoke(NativeMethodAccessorImpl.java:62)
	at sun.reflect.DelegatingMethodAccessorImpl.invoke(DelegatingMethodAccessorImpl.java:43)
	at java.lang.reflect.Method.invoke(Method.java:498)
	at org.codehaus.groovy.reflection.CachedMethod.invoke(CachedMethod.java:101)
	at groovy.lang.MetaMethod.doMethodInvoke(MetaMethod.java:323)
	at org.codehaus.groovy.runtime.metaclass.ClosureMetaClass.invokeMethod(ClosureMetaClass.java:263)
	at groovy.lang.MetaClassImpl.invokeMethod(MetaClassImpl.java:1041)
	at groovy.lang.Closure.call(Closure.java:405)
	at groovy.lang.Closure.call(Closure.java:399)
	at groovy.test.GroovyAssert.shouldFail(GroovyAssert.java:118)
	at groovy.util.GroovyTestCase.shouldFail(GroovyTestCase.java:216)
	at sun.reflect.NativeMethodAccessorImpl.invoke0(Native Method)
	at sun.reflect.NativeMethodAccessorImpl.invoke(NativeMethodAccessorImpl.java:62)
	at sun.reflect.DelegatingMethodAccessorImpl.invoke(DelegatingMethodAccessorImpl.java:43)
	at java.lang.reflect.Method.invoke(Method.java:498)
	at org.codehaus.groovy.reflection.CachedMethod.invoke(CachedMethod.java:101)
	at groovy.lang.MetaMethod.doMethodInvoke(MetaMethod.java:323)
	at org.codehaus.groovy.runtime.metaclass.ClosureMetaClass.invokeMethod(ClosureMetaClass.java:351)
	at org.codehaus.groovy.runtime.callsite.PogoMetaClassSite.callCurrent(PogoMetaClassSite.java:64)
	at org.codehaus.groovy.runtime.callsite.CallSiteArray.defaultCallCurrent(CallSiteArray.java:51)
	at org.codehaus.groovy.runtime.callsite.AbstractCallSite.callCurrent(AbstractCallSite.java:156)
	at org.codehaus.groovy.runtime.callsite.AbstractCallSite.callCurrent(AbstractCallSite.java:176)
	at org.apache.nifi.properties.AESSensitivePropertyProviderTest$_testShouldHandleUnprotectMalformedIV_closure27.doCall(AESSensitivePropertyProviderTest.groovy:374)
	at sun.reflect.NativeMethodAccessorImpl.invoke0(Native Method)
	at sun.reflect.NativeMethodAccessorImpl.invoke(NativeMethodAccessorImpl.java:62)
	at sun.reflect.DelegatingMethodAccessorImpl.invoke(DelegatingMethodAccessorImpl.java:43)
	at java.lang.reflect.Method.invoke(Method.java:498)
	at org.codehaus.groovy.reflection.CachedMethod.invoke(CachedMethod.java:101)
	at groovy.lang.MetaMethod.doMethodInvoke(MetaMethod.java:323)
	at org.codehaus.groovy.runtime.metaclass.ClosureMetaClass.invokeMethod(ClosureMetaClass.java:263)
	at groovy.lang.MetaClassImpl.invokeMethod(MetaClassImpl.java:1041)
	at groovy.lang.Closure.call(Closure.java:405)
	at groovy.lang.Closure.call(Closure.java:421)
	at org.codehaus.groovy.runtime.DefaultGroovyMethods.each(DefaultGroovyMethods.java:2330)
	at org.codehaus.groovy.runtime.DefaultGroovyMethods.each(DefaultGroovyMethods.java:2315)
	at org.codehaus.groovy.runtime.DefaultGroovyMethods.each(DefaultGroovyMethods.java:2356)
	at org.codehaus.groovy.runtime.dgm$186.invoke(Unknown Source)
	at org.codehaus.groovy.runtime.callsite.PojoMetaMethodSite$PojoMetaMethodSiteNoUnwrapNoCoerce.invoke(PojoMetaMethodSite.java:244)
	at org.codehaus.groovy.runtime.callsite.PojoMetaMethodSite.call(PojoMetaMethodSite.java:53)
	at org.codehaus.groovy.runtime.callsite.CallSiteArray.defaultCall(CallSiteArray.java:47)
	at org.codehaus.groovy.runtime.callsite.AbstractCallSite.call(AbstractCallSite.java:115)
	at org.codehaus.groovy.runtime.callsite.AbstractCallSite.call(AbstractCallSite.java:127)
	at org.apache.nifi.properties.AESSensitivePropertyProviderTest.testShouldHandleUnprotectMalformedIV(AESSensitivePropertyProviderTest.groovy:366)
	at sun.reflect.NativeMethodAccessorImpl.invoke0(Native Method)
	at sun.reflect.NativeMethodAccessorImpl.invoke(NativeMethodAccessorImpl.java:62)
	at sun.reflect.DelegatingMethodAccessorImpl.invoke(DelegatingMethodAccessorImpl.java:43)
	at java.lang.reflect.Method.invoke(Method.java:498)
	at org.junit.platform.commons.util.ReflectionUtils.invokeMethod(ReflectionUtils.java:688)
	at org.junit.jupiter.engine.execution.MethodInvocation.proceed(MethodInvocation.java:60)
	at org.junit.jupiter.engine.execution.InvocationInterceptorChain$ValidatingInvocation.proceed(InvocationInterceptorChain.java:131)
	at org.junit.jupiter.engine.extension.TimeoutExtension.intercept(TimeoutExtension.java:149)
	at org.junit.jupiter.engine.extension.TimeoutExtension.interceptTestableMethod(TimeoutExtension.java:140)
	at org.junit.jupiter.engine.extension.TimeoutExtension.interceptTestMethod(TimeoutExtension.java:84)
	at org.junit.jupiter.engine.execution.ExecutableInvoker$ReflectiveInterceptorCall.lambda$ofVoidMethod$0(ExecutableInvoker.java:115)
	at org.junit.jupiter.engine.execution.ExecutableInvoker.lambda$invoke$0(ExecutableInvoker.java:105)
	at org.junit.jupiter.engine.execution.InvocationInterceptorChain$InterceptedInvocation.proceed(InvocationInterceptorChain.java:106)
	at org.junit.jupiter.engine.execution.InvocationInterceptorChain.proceed(InvocationInterceptorChain.java:64)
	at org.junit.jupiter.engine.execution.InvocationInterceptorChain.chainAndInvoke(InvocationInterceptorChain.java:45)
	at org.junit.jupiter.engine.execution.InvocationInterceptorChain.invoke(InvocationInterceptorChain.java:37)
	at org.junit.jupiter.engine.execution.ExecutableInvoker.invoke(ExecutableInvoker.java:104)
	at org.junit.jupiter.engine.execution.ExecutableInvoker.invoke(ExecutableInvoker.java:98)
	at org.junit.jupiter.engine.descriptor.TestMethodTestDescriptor.lambda$invokeTestMethod$6(TestMethodTestDescriptor.java:210)
	at org.junit.platform.engine.support.hierarchical.ThrowableCollector.execute(ThrowableCollector.java:73)
	at org.junit.jupiter.engine.descriptor.TestMethodTestDescriptor.invokeTestMethod(TestMethodTestDescriptor.java:206)
	at org.junit.jupiter.engine.descriptor.TestMethodTestDescriptor.execute(TestMethodTestDescriptor.java:131)
	at org.junit.jupiter.engine.descriptor.TestMethodTestDescriptor.execute(TestMethodTestDescriptor.java:65)
	at org.junit.platform.engine.support.hierarchical.NodeTestTask.lambda$executeRecursively$5(NodeTestTask.java:139)
	at org.junit.platform.engine.support.hierarchical.ThrowableCollector.execute(ThrowableCollector.java:73)
	at org.junit.platform.engine.support.hierarchical.NodeTestTask.lambda$executeRecursively$7(NodeTestTask.java:129)
	at org.junit.platform.engine.support.hierarchical.Node.around(Node.java:137)
	at org.junit.platform.engine.support.hierarchical.NodeTestTask.lambda$executeRecursively$8(NodeTestTask.java:127)
	at org.junit.platform.engine.support.hierarchical.ThrowableCollector.execute(ThrowableCollector.java:73)
	at org.junit.platform.engine.support.hierarchical.NodeTestTask.executeRecursively(NodeTestTask.java:126)
	at org.junit.platform.engine.support.hierarchical.NodeTestTask.execute(NodeTestTask.java:84)
	at java.util.ArrayList.forEach(ArrayList.java:1259)
	at org.junit.platform.engine.support.hierarchical.SameThreadHierarchicalTestExecutorService.invokeAll(SameThreadHierarchicalTestExecutorService.java:38)
	at org.junit.platform.engine.support.hierarchical.NodeTestTask.lambda$executeRecursively$5(NodeTestTask.java:143)
	at org.junit.platform.engine.support.hierarchical.ThrowableCollector.execute(ThrowableCollector.java:73)
	at org.junit.platform.engine.support.hierarchical.NodeTestTask.lambda$executeRecursively$7(NodeTestTask.java:129)
	at org.junit.platform.engine.support.hierarchical.Node.around(Node.java:137)
	at org.junit.platform.engine.support.hierarchical.NodeTestTask.lambda$executeRecursively$8(NodeTestTask.java:127)
	at org.junit.platform.engine.support.hierarchical.ThrowableCollector.execute(ThrowableCollector.java:73)
	at org.junit.platform.engine.support.hierarchical.NodeTestTask.executeRecursively(NodeTestTask.java:126)
	at org.junit.platform.engine.support.hierarchical.NodeTestTask.execute(NodeTestTask.java:84)
	at java.util.ArrayList.forEach(ArrayList.java:1259)
	at org.junit.platform.engine.support.hierarchical.SameThreadHierarchicalTestExecutorService.invokeAll(SameThreadHierarchicalTestExecutorService.java:38)
	at org.junit.platform.engine.support.hierarchical.NodeTestTask.lambda$executeRecursively$5(NodeTestTask.java:143)
	at org.junit.platform.engine.support.hierarchical.ThrowableCollector.execute(ThrowableCollector.java:73)
	at org.junit.platform.engine.support.hierarchical.NodeTestTask.lambda$executeRecursively$7(NodeTestTask.java:129)
	at org.junit.platform.engine.support.hierarchical.Node.around(Node.java:137)
	at org.junit.platform.engine.support.hierarchical.NodeTestTask.lambda$executeRecursively$8(NodeTestTask.java:127)
	at org.junit.platform.engine.support.hierarchical.ThrowableCollector.execute(ThrowableCollector.java:73)
	at org.junit.platform.engine.support.hierarchical.NodeTestTask.executeRecursively(NodeTestTask.java:126)
	at org.junit.platform.engine.support.hierarchical.NodeTestTask.execute(NodeTestTask.java:84)
	at org.junit.platform.engine.support.hierarchical.SameThreadHierarchicalTestExecutorService.submit(SameThreadHierarchicalTestExecutorService.java:32)
	at org.junit.platform.engine.support.hierarchical.HierarchicalTestExecutor.execute(HierarchicalTestExecutor.java:57)
	at org.junit.platform.engine.support.hierarchical.HierarchicalTestEngine.execute(HierarchicalTestEngine.java:51)
	at org.junit.platform.launcher.core.EngineExecutionOrchestrator.execute(EngineExecutionOrchestrator.java:108)
	at org.junit.platform.launcher.core.EngineExecutionOrchestrator.execute(EngineExecutionOrchestrator.java:88)
	at org.junit.platform.launcher.core.EngineExecutionOrchestrator.lambda$execute$0(EngineExecutionOrchestrator.java:54)
	at org.junit.platform.launcher.core.EngineExecutionOrchestrator.withInterceptedStreams(EngineExecutionOrchestrator.java:67)
	at org.junit.platform.launcher.core.EngineExecutionOrchestrator.execute(EngineExecutionOrchestrator.java:52)
	at org.junit.platform.launcher.core.DefaultLauncher.execute(DefaultLauncher.java:96)
	at org.junit.platform.launcher.core.DefaultLauncher.execute(DefaultLauncher.java:75)
	at org.apache.maven.surefire.junitplatform.JUnitPlatformProvider.execute(JUnitPlatformProvider.java:188)
	at org.apache.maven.surefire.junitplatform.JUnitPlatformProvider.invokeAllTests(JUnitPlatformProvider.java:154)
	at org.apache.maven.surefire.junitplatform.JUnitPlatformProvider.invoke(JUnitPlatformProvider.java:128)
	at org.apache.maven.surefire.booter.ForkedBooter.runSuitesInProcess(ForkedBooter.java:428)
	at org.apache.maven.surefire.booter.ForkedBooter.execute(ForkedBooter.java:162)
	at org.apache.maven.surefire.booter.ForkedBooter.run(ForkedBooter.java:562)
	at org.apache.maven.surefire.booter.ForkedBooter.main(ForkedBooter.java:548)
[main] INFO org.apache.nifi.properties.AESSensitivePropertyProviderTest - [EXPECTED] Error decrypting a protected value for keySize 128 and cipher text [aNRjl6AHZGlpWtNL||MKTDQ/aoT00z3vI2FREFPAnDEkR8tynerGn4yQYc+jwOnnrMs6vOfr0]
[main] INFO org.apache.nifi.properties.AESSensitivePropertyProviderTest - Initialized AES Sensitive Property Provider with key size 192
[main] INFO org.apache.nifi.properties.AESSensitivePropertyProviderTest - Manipulated urz6rN/9mouwd+ea||AZHeMWRRzRemI+AHH0PaZ5qRdeRUT156g1UGKNW2zPZFnHV+rAGm3do to
                                                                                          urz6rN/9wumod+ea||AZHeMWRRzRemI+AHH0PaZ5qRdeRUT156g1UGKNW2zPZFnHV+rAGm3do
[main] ERROR org.apache.nifi.properties.AESSensitivePropertyProvider - Error decrypting a protected value
javax.crypto.AEADBadTagException: mac check in GCM failed
	at sun.reflect.NativeConstructorAccessorImpl.newInstance0(Native Method)
	at sun.reflect.NativeConstructorAccessorImpl.newInstance(NativeConstructorAccessorImpl.java:62)
	at sun.reflect.DelegatingConstructorAccessorImpl.newInstance(DelegatingConstructorAccessorImpl.java:45)
	at java.lang.reflect.Constructor.newInstance(Constructor.java:423)
	at org.bouncycastle.jcajce.provider.symmetric.util.BaseBlockCipher$AEADGenericBlockCipher.doFinal(Unknown Source)
	at org.bouncycastle.jcajce.provider.symmetric.util.BaseBlockCipher.engineDoFinal(Unknown Source)
	at javax.crypto.Cipher.doFinal(Cipher.java:2168)
	at org.apache.nifi.properties.AESSensitivePropertyProvider.unprotect(AESSensitivePropertyProvider.java:241)
	at org.apache.nifi.properties.SensitivePropertyProvider$unprotect$0.call(Unknown Source)
	at org.apache.nifi.properties.AESSensitivePropertyProviderTest$_testShouldHandleUnprotectMalformedIV_closure27$_closure44.doCall(AESSensitivePropertyProviderTest.groovy:375)
	at org.apache.nifi.properties.AESSensitivePropertyProviderTest$_testShouldHandleUnprotectMalformedIV_closure27$_closure44.doCall(AESSensitivePropertyProviderTest.groovy)
	at sun.reflect.NativeMethodAccessorImpl.invoke0(Native Method)
	at sun.reflect.NativeMethodAccessorImpl.invoke(NativeMethodAccessorImpl.java:62)
	at sun.reflect.DelegatingMethodAccessorImpl.invoke(DelegatingMethodAccessorImpl.java:43)
	at java.lang.reflect.Method.invoke(Method.java:498)
	at org.codehaus.groovy.reflection.CachedMethod.invoke(CachedMethod.java:101)
	at groovy.lang.MetaMethod.doMethodInvoke(MetaMethod.java:323)
	at org.codehaus.groovy.runtime.metaclass.ClosureMetaClass.invokeMethod(ClosureMetaClass.java:263)
	at groovy.lang.MetaClassImpl.invokeMethod(MetaClassImpl.java:1041)
	at groovy.lang.Closure.call(Closure.java:405)
	at groovy.lang.Closure.call(Closure.java:399)
	at groovy.test.GroovyAssert.shouldFail(GroovyAssert.java:118)
	at groovy.util.GroovyTestCase.shouldFail(GroovyTestCase.java:216)
	at sun.reflect.NativeMethodAccessorImpl.invoke0(Native Method)
	at sun.reflect.NativeMethodAccessorImpl.invoke(NativeMethodAccessorImpl.java:62)
	at sun.reflect.DelegatingMethodAccessorImpl.invoke(DelegatingMethodAccessorImpl.java:43)
	at java.lang.reflect.Method.invoke(Method.java:498)
	at org.codehaus.groovy.reflection.CachedMethod.invoke(CachedMethod.java:101)
	at groovy.lang.MetaMethod.doMethodInvoke(MetaMethod.java:323)
	at org.codehaus.groovy.runtime.metaclass.ClosureMetaClass.invokeMethod(ClosureMetaClass.java:351)
	at org.codehaus.groovy.runtime.callsite.PogoMetaClassSite.callCurrent(PogoMetaClassSite.java:64)
	at org.codehaus.groovy.runtime.callsite.AbstractCallSite.callCurrent(AbstractCallSite.java:176)
	at org.apache.nifi.properties.AESSensitivePropertyProviderTest$_testShouldHandleUnprotectMalformedIV_closure27.doCall(AESSensitivePropertyProviderTest.groovy:374)
	at sun.reflect.NativeMethodAccessorImpl.invoke0(Native Method)
	at sun.reflect.NativeMethodAccessorImpl.invoke(NativeMethodAccessorImpl.java:62)
	at sun.reflect.DelegatingMethodAccessorImpl.invoke(DelegatingMethodAccessorImpl.java:43)
	at java.lang.reflect.Method.invoke(Method.java:498)
	at org.codehaus.groovy.reflection.CachedMethod.invoke(CachedMethod.java:101)
	at groovy.lang.MetaMethod.doMethodInvoke(MetaMethod.java:323)
	at org.codehaus.groovy.runtime.metaclass.ClosureMetaClass.invokeMethod(ClosureMetaClass.java:263)
	at groovy.lang.MetaClassImpl.invokeMethod(MetaClassImpl.java:1041)
	at groovy.lang.Closure.call(Closure.java:405)
	at groovy.lang.Closure.call(Closure.java:421)
	at org.codehaus.groovy.runtime.DefaultGroovyMethods.each(DefaultGroovyMethods.java:2330)
	at org.codehaus.groovy.runtime.DefaultGroovyMethods.each(DefaultGroovyMethods.java:2315)
	at org.codehaus.groovy.runtime.DefaultGroovyMethods.each(DefaultGroovyMethods.java:2356)
	at org.codehaus.groovy.runtime.dgm$186.invoke(Unknown Source)
	at org.codehaus.groovy.runtime.callsite.PojoMetaMethodSite$PojoMetaMethodSiteNoUnwrapNoCoerce.invoke(PojoMetaMethodSite.java:244)
	at org.codehaus.groovy.runtime.callsite.PojoMetaMethodSite.call(PojoMetaMethodSite.java:53)
	at org.codehaus.groovy.runtime.callsite.CallSiteArray.defaultCall(CallSiteArray.java:47)
	at org.codehaus.groovy.runtime.callsite.AbstractCallSite.call(AbstractCallSite.java:115)
	at org.codehaus.groovy.runtime.callsite.AbstractCallSite.call(AbstractCallSite.java:127)
	at org.apache.nifi.properties.AESSensitivePropertyProviderTest.testShouldHandleUnprotectMalformedIV(AESSensitivePropertyProviderTest.groovy:366)
	at sun.reflect.NativeMethodAccessorImpl.invoke0(Native Method)
	at sun.reflect.NativeMethodAccessorImpl.invoke(NativeMethodAccessorImpl.java:62)
	at sun.reflect.DelegatingMethodAccessorImpl.invoke(DelegatingMethodAccessorImpl.java:43)
	at java.lang.reflect.Method.invoke(Method.java:498)
	at org.junit.platform.commons.util.ReflectionUtils.invokeMethod(ReflectionUtils.java:688)
	at org.junit.jupiter.engine.execution.MethodInvocation.proceed(MethodInvocation.java:60)
	at org.junit.jupiter.engine.execution.InvocationInterceptorChain$ValidatingInvocation.proceed(InvocationInterceptorChain.java:131)
	at org.junit.jupiter.engine.extension.TimeoutExtension.intercept(TimeoutExtension.java:149)
	at org.junit.jupiter.engine.extension.TimeoutExtension.interceptTestableMethod(TimeoutExtension.java:140)
	at org.junit.jupiter.engine.extension.TimeoutExtension.interceptTestMethod(TimeoutExtension.java:84)
	at org.junit.jupiter.engine.execution.ExecutableInvoker$ReflectiveInterceptorCall.lambda$ofVoidMethod$0(ExecutableInvoker.java:115)
	at org.junit.jupiter.engine.execution.ExecutableInvoker.lambda$invoke$0(ExecutableInvoker.java:105)
	at org.junit.jupiter.engine.execution.InvocationInterceptorChain$InterceptedInvocation.proceed(InvocationInterceptorChain.java:106)
	at org.junit.jupiter.engine.execution.InvocationInterceptorChain.proceed(InvocationInterceptorChain.java:64)
	at org.junit.jupiter.engine.execution.InvocationInterceptorChain.chainAndInvoke(InvocationInterceptorChain.java:45)
	at org.junit.jupiter.engine.execution.InvocationInterceptorChain.invoke(InvocationInterceptorChain.java:37)
	at org.junit.jupiter.engine.execution.ExecutableInvoker.invoke(ExecutableInvoker.java:104)
	at org.junit.jupiter.engine.execution.ExecutableInvoker.invoke(ExecutableInvoker.java:98)
	at org.junit.jupiter.engine.descriptor.TestMethodTestDescriptor.lambda$invokeTestMethod$6(TestMethodTestDescriptor.java:210)
	at org.junit.platform.engine.support.hierarchical.ThrowableCollector.execute(ThrowableCollector.java:73)
	at org.junit.jupiter.engine.descriptor.TestMethodTestDescriptor.invokeTestMethod(TestMethodTestDescriptor.java:206)
	at org.junit.jupiter.engine.descriptor.TestMethodTestDescriptor.execute(TestMethodTestDescriptor.java:131)
	at org.junit.jupiter.engine.descriptor.TestMethodTestDescriptor.execute(TestMethodTestDescriptor.java:65)
	at org.junit.platform.engine.support.hierarchical.NodeTestTask.lambda$executeRecursively$5(NodeTestTask.java:139)
	at org.junit.platform.engine.support.hierarchical.ThrowableCollector.execute(ThrowableCollector.java:73)
	at org.junit.platform.engine.support.hierarchical.NodeTestTask.lambda$executeRecursively$7(NodeTestTask.java:129)
	at org.junit.platform.engine.support.hierarchical.Node.around(Node.java:137)
	at org.junit.platform.engine.support.hierarchical.NodeTestTask.lambda$executeRecursively$8(NodeTestTask.java:127)
	at org.junit.platform.engine.support.hierarchical.ThrowableCollector.execute(ThrowableCollector.java:73)
	at org.junit.platform.engine.support.hierarchical.NodeTestTask.executeRecursively(NodeTestTask.java:126)
	at org.junit.platform.engine.support.hierarchical.NodeTestTask.execute(NodeTestTask.java:84)
	at java.util.ArrayList.forEach(ArrayList.java:1259)
	at org.junit.platform.engine.support.hierarchical.SameThreadHierarchicalTestExecutorService.invokeAll(SameThreadHierarchicalTestExecutorService.java:38)
	at org.junit.platform.engine.support.hierarchical.NodeTestTask.lambda$executeRecursively$5(NodeTestTask.java:143)
	at org.junit.platform.engine.support.hierarchical.ThrowableCollector.execute(ThrowableCollector.java:73)
	at org.junit.platform.engine.support.hierarchical.NodeTestTask.lambda$executeRecursively$7(NodeTestTask.java:129)
	at org.junit.platform.engine.support.hierarchical.Node.around(Node.java:137)
	at org.junit.platform.engine.support.hierarchical.NodeTestTask.lambda$executeRecursively$8(NodeTestTask.java:127)
	at org.junit.platform.engine.support.hierarchical.ThrowableCollector.execute(ThrowableCollector.java:73)
	at org.junit.platform.engine.support.hierarchical.NodeTestTask.executeRecursively(NodeTestTask.java:126)
	at org.junit.platform.engine.support.hierarchical.NodeTestTask.execute(NodeTestTask.java:84)
	at java.util.ArrayList.forEach(ArrayList.java:1259)
	at org.junit.platform.engine.support.hierarchical.SameThreadHierarchicalTestExecutorService.invokeAll(SameThreadHierarchicalTestExecutorService.java:38)
	at org.junit.platform.engine.support.hierarchical.NodeTestTask.lambda$executeRecursively$5(NodeTestTask.java:143)
	at org.junit.platform.engine.support.hierarchical.ThrowableCollector.execute(ThrowableCollector.java:73)
	at org.junit.platform.engine.support.hierarchical.NodeTestTask.lambda$executeRecursively$7(NodeTestTask.java:129)
	at org.junit.platform.engine.support.hierarchical.Node.around(Node.java:137)
	at org.junit.platform.engine.support.hierarchical.NodeTestTask.lambda$executeRecursively$8(NodeTestTask.java:127)
	at org.junit.platform.engine.support.hierarchical.ThrowableCollector.execute(ThrowableCollector.java:73)
	at org.junit.platform.engine.support.hierarchical.NodeTestTask.executeRecursively(NodeTestTask.java:126)
	at org.junit.platform.engine.support.hierarchical.NodeTestTask.execute(NodeTestTask.java:84)
	at org.junit.platform.engine.support.hierarchical.SameThreadHierarchicalTestExecutorService.submit(SameThreadHierarchicalTestExecutorService.java:32)
	at org.junit.platform.engine.support.hierarchical.HierarchicalTestExecutor.execute(HierarchicalTestExecutor.java:57)
	at org.junit.platform.engine.support.hierarchical.HierarchicalTestEngine.execute(HierarchicalTestEngine.java:51)
	at org.junit.platform.launcher.core.EngineExecutionOrchestrator.execute(EngineExecutionOrchestrator.java:108)
	at org.junit.platform.launcher.core.EngineExecutionOrchestrator.execute(EngineExecutionOrchestrator.java:88)
	at org.junit.platform.launcher.core.EngineExecutionOrchestrator.lambda$execute$0(EngineExecutionOrchestrator.java:54)
	at org.junit.platform.launcher.core.EngineExecutionOrchestrator.withInterceptedStreams(EngineExecutionOrchestrator.java:67)
	at org.junit.platform.launcher.core.EngineExecutionOrchestrator.execute(EngineExecutionOrchestrator.java:52)
	at org.junit.platform.launcher.core.DefaultLauncher.execute(DefaultLauncher.java:96)
	at org.junit.platform.launcher.core.DefaultLauncher.execute(DefaultLauncher.java:75)
	at org.apache.maven.surefire.junitplatform.JUnitPlatformProvider.execute(JUnitPlatformProvider.java:188)
	at org.apache.maven.surefire.junitplatform.JUnitPlatformProvider.invokeAllTests(JUnitPlatformProvider.java:154)
	at org.apache.maven.surefire.junitplatform.JUnitPlatformProvider.invoke(JUnitPlatformProvider.java:128)
	at org.apache.maven.surefire.booter.ForkedBooter.runSuitesInProcess(ForkedBooter.java:428)
	at org.apache.maven.surefire.booter.ForkedBooter.execute(ForkedBooter.java:162)
	at org.apache.maven.surefire.booter.ForkedBooter.run(ForkedBooter.java:562)
	at org.apache.maven.surefire.booter.ForkedBooter.main(ForkedBooter.java:548)
[main] INFO org.apache.nifi.properties.AESSensitivePropertyProviderTest - [EXPECTED] Error decrypting a protected value for keySize 192 and cipher text [urz6rN/9wumod+ea||AZHeMWRRzRemI+AHH0PaZ5qRdeRUT156g1UGKNW2zPZFnHV+rAGm3do]
[main] INFO org.apache.nifi.properties.AESSensitivePropertyProviderTest - Initialized AES Sensitive Property Provider with key size 256
[main] INFO org.apache.nifi.properties.AESSensitivePropertyProviderTest - Manipulated TnAYq3LFbrgBVdvu||qUBELsG96oJXkMw8P1uaIGjEiWwgCT+JVCshmkwBHBnwID1Ie+Y/q0A to
                                                                                          TnAYq3LFrBgbVdvu||qUBELsG96oJXkMw8P1uaIGjEiWwgCT+JVCshmkwBHBnwID1Ie+Y/q0A
[main] ERROR org.apache.nifi.properties.AESSensitivePropertyProvider - Error decrypting a protected value
javax.crypto.AEADBadTagException: mac check in GCM failed
	at sun.reflect.NativeConstructorAccessorImpl.newInstance0(Native Method)
	at sun.reflect.NativeConstructorAccessorImpl.newInstance(NativeConstructorAccessorImpl.java:62)
	at sun.reflect.DelegatingConstructorAccessorImpl.newInstance(DelegatingConstructorAccessorImpl.java:45)
	at java.lang.reflect.Constructor.newInstance(Constructor.java:423)
	at org.bouncycastle.jcajce.provider.symmetric.util.BaseBlockCipher$AEADGenericBlockCipher.doFinal(Unknown Source)
	at org.bouncycastle.jcajce.provider.symmetric.util.BaseBlockCipher.engineDoFinal(Unknown Source)
	at javax.crypto.Cipher.doFinal(Cipher.java:2168)
	at org.apache.nifi.properties.AESSensitivePropertyProvider.unprotect(AESSensitivePropertyProvider.java:241)
	at org.apache.nifi.properties.SensitivePropertyProvider$unprotect$0.call(Unknown Source)
	at org.apache.nifi.properties.AESSensitivePropertyProviderTest$_testShouldHandleUnprotectMalformedIV_closure27$_closure44.doCall(AESSensitivePropertyProviderTest.groovy:375)
	at org.apache.nifi.properties.AESSensitivePropertyProviderTest$_testShouldHandleUnprotectMalformedIV_closure27$_closure44.doCall(AESSensitivePropertyProviderTest.groovy)
	at sun.reflect.NativeMethodAccessorImpl.invoke0(Native Method)
	at sun.reflect.NativeMethodAccessorImpl.invoke(NativeMethodAccessorImpl.java:62)
	at sun.reflect.DelegatingMethodAccessorImpl.invoke(DelegatingMethodAccessorImpl.java:43)
	at java.lang.reflect.Method.invoke(Method.java:498)
	at org.codehaus.groovy.reflection.CachedMethod.invoke(CachedMethod.java:101)
	at groovy.lang.MetaMethod.doMethodInvoke(MetaMethod.java:323)
	at org.codehaus.groovy.runtime.metaclass.ClosureMetaClass.invokeMethod(ClosureMetaClass.java:263)
	at groovy.lang.MetaClassImpl.invokeMethod(MetaClassImpl.java:1041)
	at groovy.lang.Closure.call(Closure.java:405)
	at groovy.lang.Closure.call(Closure.java:399)
	at groovy.test.GroovyAssert.shouldFail(GroovyAssert.java:118)
	at groovy.util.GroovyTestCase.shouldFail(GroovyTestCase.java:216)
	at sun.reflect.NativeMethodAccessorImpl.invoke0(Native Method)
	at sun.reflect.NativeMethodAccessorImpl.invoke(NativeMethodAccessorImpl.java:62)
	at sun.reflect.DelegatingMethodAccessorImpl.invoke(DelegatingMethodAccessorImpl.java:43)
	at java.lang.reflect.Method.invoke(Method.java:498)
	at org.codehaus.groovy.reflection.CachedMethod.invoke(CachedMethod.java:101)
	at groovy.lang.MetaMethod.doMethodInvoke(MetaMethod.java:323)
	at org.codehaus.groovy.runtime.metaclass.ClosureMetaClass.invokeMethod(ClosureMetaClass.java:351)
	at org.codehaus.groovy.runtime.callsite.PogoMetaClassSite.callCurrent(PogoMetaClassSite.java:64)
	at org.codehaus.groovy.runtime.callsite.AbstractCallSite.callCurrent(AbstractCallSite.java:176)
	at org.apache.nifi.properties.AESSensitivePropertyProviderTest$_testShouldHandleUnprotectMalformedIV_closure27.doCall(AESSensitivePropertyProviderTest.groovy:374)
	at sun.reflect.NativeMethodAccessorImpl.invoke0(Native Method)
	at sun.reflect.NativeMethodAccessorImpl.invoke(NativeMethodAccessorImpl.java:62)
	at sun.reflect.DelegatingMethodAccessorImpl.invoke(DelegatingMethodAccessorImpl.java:43)
	at java.lang.reflect.Method.invoke(Method.java:498)
	at org.codehaus.groovy.reflection.CachedMethod.invoke(CachedMethod.java:101)
	at groovy.lang.MetaMethod.doMethodInvoke(MetaMethod.java:323)
	at org.codehaus.groovy.runtime.metaclass.ClosureMetaClass.invokeMethod(ClosureMetaClass.java:263)
	at groovy.lang.MetaClassImpl.invokeMethod(MetaClassImpl.java:1041)
	at groovy.lang.Closure.call(Closure.java:405)
	at groovy.lang.Closure.call(Closure.java:421)
	at org.codehaus.groovy.runtime.DefaultGroovyMethods.each(DefaultGroovyMethods.java:2330)
	at org.codehaus.groovy.runtime.DefaultGroovyMethods.each(DefaultGroovyMethods.java:2315)
	at org.codehaus.groovy.runtime.DefaultGroovyMethods.each(DefaultGroovyMethods.java:2356)
	at org.codehaus.groovy.runtime.dgm$186.invoke(Unknown Source)
	at org.codehaus.groovy.runtime.callsite.PojoMetaMethodSite$PojoMetaMethodSiteNoUnwrapNoCoerce.invoke(PojoMetaMethodSite.java:244)
	at org.codehaus.groovy.runtime.callsite.PojoMetaMethodSite.call(PojoMetaMethodSite.java:53)
	at org.codehaus.groovy.runtime.callsite.CallSiteArray.defaultCall(CallSiteArray.java:47)
	at org.codehaus.groovy.runtime.callsite.AbstractCallSite.call(AbstractCallSite.java:115)
	at org.codehaus.groovy.runtime.callsite.AbstractCallSite.call(AbstractCallSite.java:127)
	at org.apache.nifi.properties.AESSensitivePropertyProviderTest.testShouldHandleUnprotectMalformedIV(AESSensitivePropertyProviderTest.groovy:366)
	at sun.reflect.NativeMethodAccessorImpl.invoke0(Native Method)
	at sun.reflect.NativeMethodAccessorImpl.invoke(NativeMethodAccessorImpl.java:62)
	at sun.reflect.DelegatingMethodAccessorImpl.invoke(DelegatingMethodAccessorImpl.java:43)
	at java.lang.reflect.Method.invoke(Method.java:498)
	at org.junit.platform.commons.util.ReflectionUtils.invokeMethod(ReflectionUtils.java:688)
	at org.junit.jupiter.engine.execution.MethodInvocation.proceed(MethodInvocation.java:60)
	at org.junit.jupiter.engine.execution.InvocationInterceptorChain$ValidatingInvocation.proceed(InvocationInterceptorChain.java:131)
	at org.junit.jupiter.engine.extension.TimeoutExtension.intercept(TimeoutExtension.java:149)
	at org.junit.jupiter.engine.extension.TimeoutExtension.interceptTestableMethod(TimeoutExtension.java:140)
	at org.junit.jupiter.engine.extension.TimeoutExtension.interceptTestMethod(TimeoutExtension.java:84)
	at org.junit.jupiter.engine.execution.ExecutableInvoker$ReflectiveInterceptorCall.lambda$ofVoidMethod$0(ExecutableInvoker.java:115)
	at org.junit.jupiter.engine.execution.ExecutableInvoker.lambda$invoke$0(ExecutableInvoker.java:105)
	at org.junit.jupiter.engine.execution.InvocationInterceptorChain$InterceptedInvocation.proceed(InvocationInterceptorChain.java:106)
	at org.junit.jupiter.engine.execution.InvocationInterceptorChain.proceed(InvocationInterceptorChain.java:64)
	at org.junit.jupiter.engine.execution.InvocationInterceptorChain.chainAndInvoke(InvocationInterceptorChain.java:45)
	at org.junit.jupiter.engine.execution.InvocationInterceptorChain.invoke(InvocationInterceptorChain.java:37)
	at org.junit.jupiter.engine.execution.ExecutableInvoker.invoke(ExecutableInvoker.java:104)
	at org.junit.jupiter.engine.execution.ExecutableInvoker.invoke(ExecutableInvoker.java:98)
	at org.junit.jupiter.engine.descriptor.TestMethodTestDescriptor.lambda$invokeTestMethod$6(TestMethodTestDescriptor.java:210)
	at org.junit.platform.engine.support.hierarchical.ThrowableCollector.execute(ThrowableCollector.java:73)
	at org.junit.jupiter.engine.descriptor.TestMethodTestDescriptor.invokeTestMethod(TestMethodTestDescriptor.java:206)
	at org.junit.jupiter.engine.descriptor.TestMethodTestDescriptor.execute(TestMethodTestDescriptor.java:131)
	at org.junit.jupiter.engine.descriptor.TestMethodTestDescriptor.execute(TestMethodTestDescriptor.java:65)
	at org.junit.platform.engine.support.hierarchical.NodeTestTask.lambda$executeRecursively$5(NodeTestTask.java:139)
	at org.junit.platform.engine.support.hierarchical.ThrowableCollector.execute(ThrowableCollector.java:73)
	at org.junit.platform.engine.support.hierarchical.NodeTestTask.lambda$executeRecursively$7(NodeTestTask.java:129)
	at org.junit.platform.engine.support.hierarchical.Node.around(Node.java:137)
	at org.junit.platform.engine.support.hierarchical.NodeTestTask.lambda$executeRecursively$8(NodeTestTask.java:127)
	at org.junit.platform.engine.support.hierarchical.ThrowableCollector.execute(ThrowableCollector.java:73)
	at org.junit.platform.engine.support.hierarchical.NodeTestTask.executeRecursively(NodeTestTask.java:126)
	at org.junit.platform.engine.support.hierarchical.NodeTestTask.execute(NodeTestTask.java:84)
	at java.util.ArrayList.forEach(ArrayList.java:1259)
	at org.junit.platform.engine.support.hierarchical.SameThreadHierarchicalTestExecutorService.invokeAll(SameThreadHierarchicalTestExecutorService.java:38)
	at org.junit.platform.engine.support.hierarchical.NodeTestTask.lambda$executeRecursively$5(NodeTestTask.java:143)
	at org.junit.platform.engine.support.hierarchical.ThrowableCollector.execute(ThrowableCollector.java:73)
	at org.junit.platform.engine.support.hierarchical.NodeTestTask.lambda$executeRecursively$7(NodeTestTask.java:129)
	at org.junit.platform.engine.support.hierarchical.Node.around(Node.java:137)
	at org.junit.platform.engine.support.hierarchical.NodeTestTask.lambda$executeRecursively$8(NodeTestTask.java:127)
	at org.junit.platform.engine.support.hierarchical.ThrowableCollector.execute(ThrowableCollector.java:73)
	at org.junit.platform.engine.support.hierarchical.NodeTestTask.executeRecursively(NodeTestTask.java:126)
	at org.junit.platform.engine.support.hierarchical.NodeTestTask.execute(NodeTestTask.java:84)
	at java.util.ArrayList.forEach(ArrayList.java:1259)
	at org.junit.platform.engine.support.hierarchical.SameThreadHierarchicalTestExecutorService.invokeAll(SameThreadHierarchicalTestExecutorService.java:38)
	at org.junit.platform.engine.support.hierarchical.NodeTestTask.lambda$executeRecursively$5(NodeTestTask.java:143)
	at org.junit.platform.engine.support.hierarchical.ThrowableCollector.execute(ThrowableCollector.java:73)
	at org.junit.platform.engine.support.hierarchical.NodeTestTask.lambda$executeRecursively$7(NodeTestTask.java:129)
	at org.junit.platform.engine.support.hierarchical.Node.around(Node.java:137)
	at org.junit.platform.engine.support.hierarchical.NodeTestTask.lambda$executeRecursively$8(NodeTestTask.java:127)
	at org.junit.platform.engine.support.hierarchical.ThrowableCollector.execute(ThrowableCollector.java:73)
	at org.junit.platform.engine.support.hierarchical.NodeTestTask.executeRecursively(NodeTestTask.java:126)
	at org.junit.platform.engine.support.hierarchical.NodeTestTask.execute(NodeTestTask.java:84)
	at org.junit.platform.engine.support.hierarchical.SameThreadHierarchicalTestExecutorService.submit(SameThreadHierarchicalTestExecutorService.java:32)
	at org.junit.platform.engine.support.hierarchical.HierarchicalTestExecutor.execute(HierarchicalTestExecutor.java:57)
	at org.junit.platform.engine.support.hierarchical.HierarchicalTestEngine.execute(HierarchicalTestEngine.java:51)
	at org.junit.platform.launcher.core.EngineExecutionOrchestrator.execute(EngineExecutionOrchestrator.java:108)
	at org.junit.platform.launcher.core.EngineExecutionOrchestrator.execute(EngineExecutionOrchestrator.java:88)
	at org.junit.platform.launcher.core.EngineExecutionOrchestrator.lambda$execute$0(EngineExecutionOrchestrator.java:54)
	at org.junit.platform.launcher.core.EngineExecutionOrchestrator.withInterceptedStreams(EngineExecutionOrchestrator.java:67)
	at org.junit.platform.launcher.core.EngineExecutionOrchestrator.execute(EngineExecutionOrchestrator.java:52)
	at org.junit.platform.launcher.core.DefaultLauncher.execute(DefaultLauncher.java:96)
	at org.junit.platform.launcher.core.DefaultLauncher.execute(DefaultLauncher.java:75)
	at org.apache.maven.surefire.junitplatform.JUnitPlatformProvider.execute(JUnitPlatformProvider.java:188)
	at org.apache.maven.surefire.junitplatform.JUnitPlatformProvider.invokeAllTests(JUnitPlatformProvider.java:154)
	at org.apache.maven.surefire.junitplatform.JUnitPlatformProvider.invoke(JUnitPlatformProvider.java:128)
	at org.apache.maven.surefire.booter.ForkedBooter.runSuitesInProcess(ForkedBooter.java:428)
	at org.apache.maven.surefire.booter.ForkedBooter.execute(ForkedBooter.java:162)
	at org.apache.maven.surefire.booter.ForkedBooter.run(ForkedBooter.java:562)
	at org.apache.maven.surefire.booter.ForkedBooter.main(ForkedBooter.java:548)
[main] INFO org.apache.nifi.properties.AESSensitivePropertyProviderTest - [EXPECTED] Error decrypting a protected value for keySize 256 and cipher text [TnAYq3LFrBgbVdvu||qUBELsG96oJXkMw8P1uaIGjEiWwgCT+JVCshmkwBHBnwID1Ie+Y/q0A]
]]></system-err>
  </testcase>
  <testcase name="testShouldHandleUnprotectMalformedIV" classname="org.apache.nifi.properties.AESSensitivePropertyProviderTest" time="0.004">
    <system-err><![CDATA[[main] INFO org.apache.nifi.properties.AESSensitivePropertyProviderTest - Initialized AES Sensitive Property Provider with key size 128
[main] INFO org.apache.nifi.properties.AESSensitivePropertyProviderTest - Manipulated mn+MpcH/5I7n+1ad||+Ciksd69ZJTjZ0VAHFUlgslBsP6pAG52psoE1v4Wy6D499YMzEdfOnQ to
                                                                                          mn+MpcH/75nI+1ad||+Ciksd69ZJTjZ0VAHFUlgslBsP6pAG52psoE1v4Wy6D499YMzEdfOnQ
[main] ERROR org.apache.nifi.properties.AESSensitivePropertyProvider - Error decrypting a protected value
javax.crypto.AEADBadTagException: mac check in GCM failed
	at sun.reflect.NativeConstructorAccessorImpl.newInstance0(Native Method)
	at sun.reflect.NativeConstructorAccessorImpl.newInstance(NativeConstructorAccessorImpl.java:62)
	at sun.reflect.DelegatingConstructorAccessorImpl.newInstance(DelegatingConstructorAccessorImpl.java:45)
	at java.lang.reflect.Constructor.newInstance(Constructor.java:423)
	at org.bouncycastle.jcajce.provider.symmetric.util.BaseBlockCipher$AEADGenericBlockCipher.doFinal(Unknown Source)
	at org.bouncycastle.jcajce.provider.symmetric.util.BaseBlockCipher.engineDoFinal(Unknown Source)
	at javax.crypto.Cipher.doFinal(Cipher.java:2168)
	at org.apache.nifi.properties.AESSensitivePropertyProvider.unprotect(AESSensitivePropertyProvider.java:241)
	at org.apache.nifi.properties.SensitivePropertyProvider$unprotect$0.call(Unknown Source)
	at org.apache.nifi.properties.AESSensitivePropertyProviderTest$_testShouldHandleUnprotectMalformedIV_closure27$_closure44.doCall(AESSensitivePropertyProviderTest.groovy:375)
	at org.apache.nifi.properties.AESSensitivePropertyProviderTest$_testShouldHandleUnprotectMalformedIV_closure27$_closure44.doCall(AESSensitivePropertyProviderTest.groovy)
	at sun.reflect.NativeMethodAccessorImpl.invoke0(Native Method)
	at sun.reflect.NativeMethodAccessorImpl.invoke(NativeMethodAccessorImpl.java:62)
	at sun.reflect.DelegatingMethodAccessorImpl.invoke(DelegatingMethodAccessorImpl.java:43)
	at java.lang.reflect.Method.invoke(Method.java:498)
	at org.codehaus.groovy.reflection.CachedMethod.invoke(CachedMethod.java:101)
	at groovy.lang.MetaMethod.doMethodInvoke(MetaMethod.java:323)
	at org.codehaus.groovy.runtime.metaclass.ClosureMetaClass.invokeMethod(ClosureMetaClass.java:263)
	at groovy.lang.MetaClassImpl.invokeMethod(MetaClassImpl.java:1041)
	at groovy.lang.Closure.call(Closure.java:405)
	at groovy.lang.Closure.call(Closure.java:399)
	at groovy.test.GroovyAssert.shouldFail(GroovyAssert.java:118)
	at groovy.util.GroovyTestCase.shouldFail(GroovyTestCase.java:216)
	at sun.reflect.GeneratedMethodAccessor14.invoke(Unknown Source)
	at sun.reflect.DelegatingMethodAccessorImpl.invoke(DelegatingMethodAccessorImpl.java:43)
	at java.lang.reflect.Method.invoke(Method.java:498)
	at org.codehaus.groovy.reflection.CachedMethod.invoke(CachedMethod.java:101)
	at groovy.lang.MetaMethod.doMethodInvoke(MetaMethod.java:323)
	at org.codehaus.groovy.runtime.metaclass.ClosureMetaClass.invokeMethod(ClosureMetaClass.java:351)
	at org.codehaus.groovy.runtime.callsite.PogoMetaClassSite.callCurrent(PogoMetaClassSite.java:64)
	at org.codehaus.groovy.runtime.callsite.AbstractCallSite.callCurrent(AbstractCallSite.java:176)
	at org.apache.nifi.properties.AESSensitivePropertyProviderTest$_testShouldHandleUnprotectMalformedIV_closure27.doCall(AESSensitivePropertyProviderTest.groovy:374)
	at sun.reflect.NativeMethodAccessorImpl.invoke0(Native Method)
	at sun.reflect.NativeMethodAccessorImpl.invoke(NativeMethodAccessorImpl.java:62)
	at sun.reflect.DelegatingMethodAccessorImpl.invoke(DelegatingMethodAccessorImpl.java:43)
	at java.lang.reflect.Method.invoke(Method.java:498)
	at org.codehaus.groovy.reflection.CachedMethod.invoke(CachedMethod.java:101)
	at groovy.lang.MetaMethod.doMethodInvoke(MetaMethod.java:323)
	at org.codehaus.groovy.runtime.metaclass.ClosureMetaClass.invokeMethod(ClosureMetaClass.java:263)
	at groovy.lang.MetaClassImpl.invokeMethod(MetaClassImpl.java:1041)
	at groovy.lang.Closure.call(Closure.java:405)
	at groovy.lang.Closure.call(Closure.java:421)
	at org.codehaus.groovy.runtime.DefaultGroovyMethods.each(DefaultGroovyMethods.java:2330)
	at org.codehaus.groovy.runtime.DefaultGroovyMethods.each(DefaultGroovyMethods.java:2315)
	at org.codehaus.groovy.runtime.DefaultGroovyMethods.each(DefaultGroovyMethods.java:2356)
	at org.codehaus.groovy.runtime.dgm$186.invoke(Unknown Source)
	at org.codehaus.groovy.runtime.callsite.PojoMetaMethodSite$PojoMetaMethodSiteNoUnwrapNoCoerce.invoke(PojoMetaMethodSite.java:244)
	at org.codehaus.groovy.runtime.callsite.PojoMetaMethodSite.call(PojoMetaMethodSite.java:53)
	at org.codehaus.groovy.runtime.callsite.AbstractCallSite.call(AbstractCallSite.java:127)
	at org.apache.nifi.properties.AESSensitivePropertyProviderTest.testShouldHandleUnprotectMalformedIV(AESSensitivePropertyProviderTest.groovy:366)
	at sun.reflect.NativeMethodAccessorImpl.invoke0(Native Method)
	at sun.reflect.NativeMethodAccessorImpl.invoke(NativeMethodAccessorImpl.java:62)
	at sun.reflect.DelegatingMethodAccessorImpl.invoke(DelegatingMethodAccessorImpl.java:43)
	at java.lang.reflect.Method.invoke(Method.java:498)
	at junit.framework.TestCase.runTest(TestCase.java:177)
	at junit.framework.TestCase.runBare(TestCase.java:142)
	at junit.framework.TestResult$1.protect(TestResult.java:122)
	at junit.framework.TestResult.runProtected(TestResult.java:142)
	at junit.framework.TestResult.run(TestResult.java:125)
	at junit.framework.TestCase.run(TestCase.java:130)
	at junit.framework.TestSuite.runTest(TestSuite.java:241)
	at junit.framework.TestSuite.run(TestSuite.java:236)
	at org.junit.internal.runners.JUnit38ClassRunner.run(JUnit38ClassRunner.java:90)
	at org.junit.runner.JUnitCore.run(JUnitCore.java:137)
	at org.junit.runner.JUnitCore.run(JUnitCore.java:115)
	at org.junit.vintage.engine.execution.RunnerExecutor.execute(RunnerExecutor.java:43)
	at java.util.stream.ForEachOps$ForEachOp$OfRef.accept(ForEachOps.java:183)
	at java.util.stream.ReferencePipeline$3$1.accept(ReferencePipeline.java:193)
	at java.util.Iterator.forEachRemaining(Iterator.java:116)
	at java.util.Spliterators$IteratorSpliterator.forEachRemaining(Spliterators.java:1801)
	at java.util.stream.AbstractPipeline.copyInto(AbstractPipeline.java:482)
	at java.util.stream.AbstractPipeline.wrapAndCopyInto(AbstractPipeline.java:472)
	at java.util.stream.ForEachOps$ForEachOp.evaluateSequential(ForEachOps.java:150)
	at java.util.stream.ForEachOps$ForEachOp$OfRef.evaluateSequential(ForEachOps.java:173)
	at java.util.stream.AbstractPipeline.evaluate(AbstractPipeline.java:234)
	at java.util.stream.ReferencePipeline.forEach(ReferencePipeline.java:485)
	at org.junit.vintage.engine.VintageTestEngine.executeAllChildren(VintageTestEngine.java:82)
	at org.junit.vintage.engine.VintageTestEngine.execute(VintageTestEngine.java:73)
	at org.junit.platform.launcher.core.EngineExecutionOrchestrator.execute(EngineExecutionOrchestrator.java:108)
	at org.junit.platform.launcher.core.EngineExecutionOrchestrator.execute(EngineExecutionOrchestrator.java:88)
	at org.junit.platform.launcher.core.EngineExecutionOrchestrator.lambda$execute$0(EngineExecutionOrchestrator.java:54)
	at org.junit.platform.launcher.core.EngineExecutionOrchestrator.withInterceptedStreams(EngineExecutionOrchestrator.java:67)
	at org.junit.platform.launcher.core.EngineExecutionOrchestrator.execute(EngineExecutionOrchestrator.java:52)
	at org.junit.platform.launcher.core.DefaultLauncher.execute(DefaultLauncher.java:96)
	at org.junit.platform.launcher.core.DefaultLauncher.execute(DefaultLauncher.java:75)
	at org.apache.maven.surefire.junitplatform.JUnitPlatformProvider.execute(JUnitPlatformProvider.java:188)
	at org.apache.maven.surefire.junitplatform.JUnitPlatformProvider.invokeAllTests(JUnitPlatformProvider.java:154)
	at org.apache.maven.surefire.junitplatform.JUnitPlatformProvider.invoke(JUnitPlatformProvider.java:128)
	at org.apache.maven.surefire.booter.ForkedBooter.runSuitesInProcess(ForkedBooter.java:428)
	at org.apache.maven.surefire.booter.ForkedBooter.execute(ForkedBooter.java:162)
	at org.apache.maven.surefire.booter.ForkedBooter.run(ForkedBooter.java:562)
	at org.apache.maven.surefire.booter.ForkedBooter.main(ForkedBooter.java:548)
[main] INFO org.apache.nifi.properties.AESSensitivePropertyProviderTest - [EXPECTED] Error decrypting a protected value for keySize 128 and cipher text [mn+MpcH/75nI+1ad||+Ciksd69ZJTjZ0VAHFUlgslBsP6pAG52psoE1v4Wy6D499YMzEdfOnQ]
[main] INFO org.apache.nifi.properties.AESSensitivePropertyProviderTest - Initialized AES Sensitive Property Provider with key size 192
[main] INFO org.apache.nifi.properties.AESSensitivePropertyProviderTest - Manipulated ZoC0lahLKtsXVf9L||Ay9jpUXhIUmF/ppkEhJS6iW2IXisKZzfhf9ckoRqT8X8exXHfRqMqnE to
                                                                                          ZoC0lahLXKtsVf9L||Ay9jpUXhIUmF/ppkEhJS6iW2IXisKZzfhf9ckoRqT8X8exXHfRqMqnE
[main] ERROR org.apache.nifi.properties.AESSensitivePropertyProvider - Error decrypting a protected value
javax.crypto.AEADBadTagException: mac check in GCM failed
	at sun.reflect.NativeConstructorAccessorImpl.newInstance0(Native Method)
	at sun.reflect.NativeConstructorAccessorImpl.newInstance(NativeConstructorAccessorImpl.java:62)
	at sun.reflect.DelegatingConstructorAccessorImpl.newInstance(DelegatingConstructorAccessorImpl.java:45)
	at java.lang.reflect.Constructor.newInstance(Constructor.java:423)
	at org.bouncycastle.jcajce.provider.symmetric.util.BaseBlockCipher$AEADGenericBlockCipher.doFinal(Unknown Source)
	at org.bouncycastle.jcajce.provider.symmetric.util.BaseBlockCipher.engineDoFinal(Unknown Source)
	at javax.crypto.Cipher.doFinal(Cipher.java:2168)
	at org.apache.nifi.properties.AESSensitivePropertyProvider.unprotect(AESSensitivePropertyProvider.java:241)
	at org.apache.nifi.properties.SensitivePropertyProvider$unprotect$0.call(Unknown Source)
	at org.apache.nifi.properties.AESSensitivePropertyProviderTest$_testShouldHandleUnprotectMalformedIV_closure27$_closure44.doCall(AESSensitivePropertyProviderTest.groovy:375)
	at org.apache.nifi.properties.AESSensitivePropertyProviderTest$_testShouldHandleUnprotectMalformedIV_closure27$_closure44.doCall(AESSensitivePropertyProviderTest.groovy)
	at sun.reflect.NativeMethodAccessorImpl.invoke0(Native Method)
	at sun.reflect.NativeMethodAccessorImpl.invoke(NativeMethodAccessorImpl.java:62)
	at sun.reflect.DelegatingMethodAccessorImpl.invoke(DelegatingMethodAccessorImpl.java:43)
	at java.lang.reflect.Method.invoke(Method.java:498)
	at org.codehaus.groovy.reflection.CachedMethod.invoke(CachedMethod.java:101)
	at groovy.lang.MetaMethod.doMethodInvoke(MetaMethod.java:323)
	at org.codehaus.groovy.runtime.metaclass.ClosureMetaClass.invokeMethod(ClosureMetaClass.java:263)
	at groovy.lang.MetaClassImpl.invokeMethod(MetaClassImpl.java:1041)
	at groovy.lang.Closure.call(Closure.java:405)
	at groovy.lang.Closure.call(Closure.java:399)
	at groovy.test.GroovyAssert.shouldFail(GroovyAssert.java:118)
	at groovy.util.GroovyTestCase.shouldFail(GroovyTestCase.java:216)
	at sun.reflect.GeneratedMethodAccessor14.invoke(Unknown Source)
	at sun.reflect.DelegatingMethodAccessorImpl.invoke(DelegatingMethodAccessorImpl.java:43)
	at java.lang.reflect.Method.invoke(Method.java:498)
	at org.codehaus.groovy.reflection.CachedMethod.invoke(CachedMethod.java:101)
	at groovy.lang.MetaMethod.doMethodInvoke(MetaMethod.java:323)
	at org.codehaus.groovy.runtime.metaclass.ClosureMetaClass.invokeMethod(ClosureMetaClass.java:351)
	at org.codehaus.groovy.runtime.callsite.PogoMetaClassSite.callCurrent(PogoMetaClassSite.java:64)
	at org.codehaus.groovy.runtime.callsite.AbstractCallSite.callCurrent(AbstractCallSite.java:176)
	at org.apache.nifi.properties.AESSensitivePropertyProviderTest$_testShouldHandleUnprotectMalformedIV_closure27.doCall(AESSensitivePropertyProviderTest.groovy:374)
	at sun.reflect.NativeMethodAccessorImpl.invoke0(Native Method)
	at sun.reflect.NativeMethodAccessorImpl.invoke(NativeMethodAccessorImpl.java:62)
	at sun.reflect.DelegatingMethodAccessorImpl.invoke(DelegatingMethodAccessorImpl.java:43)
	at java.lang.reflect.Method.invoke(Method.java:498)
	at org.codehaus.groovy.reflection.CachedMethod.invoke(CachedMethod.java:101)
	at groovy.lang.MetaMethod.doMethodInvoke(MetaMethod.java:323)
	at org.codehaus.groovy.runtime.metaclass.ClosureMetaClass.invokeMethod(ClosureMetaClass.java:263)
	at groovy.lang.MetaClassImpl.invokeMethod(MetaClassImpl.java:1041)
	at groovy.lang.Closure.call(Closure.java:405)
	at groovy.lang.Closure.call(Closure.java:421)
	at org.codehaus.groovy.runtime.DefaultGroovyMethods.each(DefaultGroovyMethods.java:2330)
	at org.codehaus.groovy.runtime.DefaultGroovyMethods.each(DefaultGroovyMethods.java:2315)
	at org.codehaus.groovy.runtime.DefaultGroovyMethods.each(DefaultGroovyMethods.java:2356)
	at org.codehaus.groovy.runtime.dgm$186.invoke(Unknown Source)
	at org.codehaus.groovy.runtime.callsite.PojoMetaMethodSite$PojoMetaMethodSiteNoUnwrapNoCoerce.invoke(PojoMetaMethodSite.java:244)
	at org.codehaus.groovy.runtime.callsite.PojoMetaMethodSite.call(PojoMetaMethodSite.java:53)
	at org.codehaus.groovy.runtime.callsite.AbstractCallSite.call(AbstractCallSite.java:127)
	at org.apache.nifi.properties.AESSensitivePropertyProviderTest.testShouldHandleUnprotectMalformedIV(AESSensitivePropertyProviderTest.groovy:366)
	at sun.reflect.NativeMethodAccessorImpl.invoke0(Native Method)
	at sun.reflect.NativeMethodAccessorImpl.invoke(NativeMethodAccessorImpl.java:62)
	at sun.reflect.DelegatingMethodAccessorImpl.invoke(DelegatingMethodAccessorImpl.java:43)
	at java.lang.reflect.Method.invoke(Method.java:498)
	at junit.framework.TestCase.runTest(TestCase.java:177)
	at junit.framework.TestCase.runBare(TestCase.java:142)
	at junit.framework.TestResult$1.protect(TestResult.java:122)
	at junit.framework.TestResult.runProtected(TestResult.java:142)
	at junit.framework.TestResult.run(TestResult.java:125)
	at junit.framework.TestCase.run(TestCase.java:130)
	at junit.framework.TestSuite.runTest(TestSuite.java:241)
	at junit.framework.TestSuite.run(TestSuite.java:236)
	at org.junit.internal.runners.JUnit38ClassRunner.run(JUnit38ClassRunner.java:90)
	at org.junit.runner.JUnitCore.run(JUnitCore.java:137)
	at org.junit.runner.JUnitCore.run(JUnitCore.java:115)
	at org.junit.vintage.engine.execution.RunnerExecutor.execute(RunnerExecutor.java:43)
	at java.util.stream.ForEachOps$ForEachOp$OfRef.accept(ForEachOps.java:183)
	at java.util.stream.ReferencePipeline$3$1.accept(ReferencePipeline.java:193)
	at java.util.Iterator.forEachRemaining(Iterator.java:116)
	at java.util.Spliterators$IteratorSpliterator.forEachRemaining(Spliterators.java:1801)
	at java.util.stream.AbstractPipeline.copyInto(AbstractPipeline.java:482)
	at java.util.stream.AbstractPipeline.wrapAndCopyInto(AbstractPipeline.java:472)
	at java.util.stream.ForEachOps$ForEachOp.evaluateSequential(ForEachOps.java:150)
	at java.util.stream.ForEachOps$ForEachOp$OfRef.evaluateSequential(ForEachOps.java:173)
	at java.util.stream.AbstractPipeline.evaluate(AbstractPipeline.java:234)
	at java.util.stream.ReferencePipeline.forEach(ReferencePipeline.java:485)
	at org.junit.vintage.engine.VintageTestEngine.executeAllChildren(VintageTestEngine.java:82)
	at org.junit.vintage.engine.VintageTestEngine.execute(VintageTestEngine.java:73)
	at org.junit.platform.launcher.core.EngineExecutionOrchestrator.execute(EngineExecutionOrchestrator.java:108)
	at org.junit.platform.launcher.core.EngineExecutionOrchestrator.execute(EngineExecutionOrchestrator.java:88)
	at org.junit.platform.launcher.core.EngineExecutionOrchestrator.lambda$execute$0(EngineExecutionOrchestrator.java:54)
	at org.junit.platform.launcher.core.EngineExecutionOrchestrator.withInterceptedStreams(EngineExecutionOrchestrator.java:67)
	at org.junit.platform.launcher.core.EngineExecutionOrchestrator.execute(EngineExecutionOrchestrator.java:52)
	at org.junit.platform.launcher.core.DefaultLauncher.execute(DefaultLauncher.java:96)
	at org.junit.platform.launcher.core.DefaultLauncher.execute(DefaultLauncher.java:75)
	at org.apache.maven.surefire.junitplatform.JUnitPlatformProvider.execute(JUnitPlatformProvider.java:188)
	at org.apache.maven.surefire.junitplatform.JUnitPlatformProvider.invokeAllTests(JUnitPlatformProvider.java:154)
	at org.apache.maven.surefire.junitplatform.JUnitPlatformProvider.invoke(JUnitPlatformProvider.java:128)
	at org.apache.maven.surefire.booter.ForkedBooter.runSuitesInProcess(ForkedBooter.java:428)
	at org.apache.maven.surefire.booter.ForkedBooter.execute(ForkedBooter.java:162)
	at org.apache.maven.surefire.booter.ForkedBooter.run(ForkedBooter.java:562)
	at org.apache.maven.surefire.booter.ForkedBooter.main(ForkedBooter.java:548)
[main] INFO org.apache.nifi.properties.AESSensitivePropertyProviderTest - [EXPECTED] Error decrypting a protected value for keySize 192 and cipher text [ZoC0lahLXKtsVf9L||Ay9jpUXhIUmF/ppkEhJS6iW2IXisKZzfhf9ckoRqT8X8exXHfRqMqnE]
[main] INFO org.apache.nifi.properties.AESSensitivePropertyProviderTest - Initialized AES Sensitive Property Provider with key size 256
[main] INFO org.apache.nifi.properties.AESSensitivePropertyProviderTest - Manipulated o3wzdn0H9USjc5mm||RBrH3aLk+4vtMlnXxZEh60yYsRt2bPidqJsz936i3VmFAZSFy4MVWiI to
                                                                                          o3wzdn0HU9Sjc5mm||RBrH3aLk+4vtMlnXxZEh60yYsRt2bPidqJsz936i3VmFAZSFy4MVWiI
[main] ERROR org.apache.nifi.properties.AESSensitivePropertyProvider - Error decrypting a protected value
javax.crypto.AEADBadTagException: mac check in GCM failed
	at sun.reflect.NativeConstructorAccessorImpl.newInstance0(Native Method)
	at sun.reflect.NativeConstructorAccessorImpl.newInstance(NativeConstructorAccessorImpl.java:62)
	at sun.reflect.DelegatingConstructorAccessorImpl.newInstance(DelegatingConstructorAccessorImpl.java:45)
	at java.lang.reflect.Constructor.newInstance(Constructor.java:423)
	at org.bouncycastle.jcajce.provider.symmetric.util.BaseBlockCipher$AEADGenericBlockCipher.doFinal(Unknown Source)
	at org.bouncycastle.jcajce.provider.symmetric.util.BaseBlockCipher.engineDoFinal(Unknown Source)
	at javax.crypto.Cipher.doFinal(Cipher.java:2168)
	at org.apache.nifi.properties.AESSensitivePropertyProvider.unprotect(AESSensitivePropertyProvider.java:241)
	at org.apache.nifi.properties.SensitivePropertyProvider$unprotect$0.call(Unknown Source)
	at org.apache.nifi.properties.AESSensitivePropertyProviderTest$_testShouldHandleUnprotectMalformedIV_closure27$_closure44.doCall(AESSensitivePropertyProviderTest.groovy:375)
	at org.apache.nifi.properties.AESSensitivePropertyProviderTest$_testShouldHandleUnprotectMalformedIV_closure27$_closure44.doCall(AESSensitivePropertyProviderTest.groovy)
	at sun.reflect.NativeMethodAccessorImpl.invoke0(Native Method)
	at sun.reflect.NativeMethodAccessorImpl.invoke(NativeMethodAccessorImpl.java:62)
	at sun.reflect.DelegatingMethodAccessorImpl.invoke(DelegatingMethodAccessorImpl.java:43)
	at java.lang.reflect.Method.invoke(Method.java:498)
	at org.codehaus.groovy.reflection.CachedMethod.invoke(CachedMethod.java:101)
	at groovy.lang.MetaMethod.doMethodInvoke(MetaMethod.java:323)
	at org.codehaus.groovy.runtime.metaclass.ClosureMetaClass.invokeMethod(ClosureMetaClass.java:263)
	at groovy.lang.MetaClassImpl.invokeMethod(MetaClassImpl.java:1041)
	at groovy.lang.Closure.call(Closure.java:405)
	at groovy.lang.Closure.call(Closure.java:399)
	at groovy.test.GroovyAssert.shouldFail(GroovyAssert.java:118)
	at groovy.util.GroovyTestCase.shouldFail(GroovyTestCase.java:216)
	at sun.reflect.GeneratedMethodAccessor14.invoke(Unknown Source)
	at sun.reflect.DelegatingMethodAccessorImpl.invoke(DelegatingMethodAccessorImpl.java:43)
	at java.lang.reflect.Method.invoke(Method.java:498)
	at org.codehaus.groovy.reflection.CachedMethod.invoke(CachedMethod.java:101)
	at groovy.lang.MetaMethod.doMethodInvoke(MetaMethod.java:323)
	at org.codehaus.groovy.runtime.metaclass.ClosureMetaClass.invokeMethod(ClosureMetaClass.java:351)
	at org.codehaus.groovy.runtime.callsite.PogoMetaClassSite.callCurrent(PogoMetaClassSite.java:64)
	at org.codehaus.groovy.runtime.callsite.AbstractCallSite.callCurrent(AbstractCallSite.java:176)
	at org.apache.nifi.properties.AESSensitivePropertyProviderTest$_testShouldHandleUnprotectMalformedIV_closure27.doCall(AESSensitivePropertyProviderTest.groovy:374)
	at sun.reflect.NativeMethodAccessorImpl.invoke0(Native Method)
	at sun.reflect.NativeMethodAccessorImpl.invoke(NativeMethodAccessorImpl.java:62)
	at sun.reflect.DelegatingMethodAccessorImpl.invoke(DelegatingMethodAccessorImpl.java:43)
	at java.lang.reflect.Method.invoke(Method.java:498)
	at org.codehaus.groovy.reflection.CachedMethod.invoke(CachedMethod.java:101)
	at groovy.lang.MetaMethod.doMethodInvoke(MetaMethod.java:323)
	at org.codehaus.groovy.runtime.metaclass.ClosureMetaClass.invokeMethod(ClosureMetaClass.java:263)
	at groovy.lang.MetaClassImpl.invokeMethod(MetaClassImpl.java:1041)
	at groovy.lang.Closure.call(Closure.java:405)
	at groovy.lang.Closure.call(Closure.java:421)
	at org.codehaus.groovy.runtime.DefaultGroovyMethods.each(DefaultGroovyMethods.java:2330)
	at org.codehaus.groovy.runtime.DefaultGroovyMethods.each(DefaultGroovyMethods.java:2315)
	at org.codehaus.groovy.runtime.DefaultGroovyMethods.each(DefaultGroovyMethods.java:2356)
	at org.codehaus.groovy.runtime.dgm$186.invoke(Unknown Source)
	at org.codehaus.groovy.runtime.callsite.PojoMetaMethodSite$PojoMetaMethodSiteNoUnwrapNoCoerce.invoke(PojoMetaMethodSite.java:244)
	at org.codehaus.groovy.runtime.callsite.PojoMetaMethodSite.call(PojoMetaMethodSite.java:53)
	at org.codehaus.groovy.runtime.callsite.AbstractCallSite.call(AbstractCallSite.java:127)
	at org.apache.nifi.properties.AESSensitivePropertyProviderTest.testShouldHandleUnprotectMalformedIV(AESSensitivePropertyProviderTest.groovy:366)
	at sun.reflect.NativeMethodAccessorImpl.invoke0(Native Method)
	at sun.reflect.NativeMethodAccessorImpl.invoke(NativeMethodAccessorImpl.java:62)
	at sun.reflect.DelegatingMethodAccessorImpl.invoke(DelegatingMethodAccessorImpl.java:43)
	at java.lang.reflect.Method.invoke(Method.java:498)
	at junit.framework.TestCase.runTest(TestCase.java:177)
	at junit.framework.TestCase.runBare(TestCase.java:142)
	at junit.framework.TestResult$1.protect(TestResult.java:122)
	at junit.framework.TestResult.runProtected(TestResult.java:142)
	at junit.framework.TestResult.run(TestResult.java:125)
	at junit.framework.TestCase.run(TestCase.java:130)
	at junit.framework.TestSuite.runTest(TestSuite.java:241)
	at junit.framework.TestSuite.run(TestSuite.java:236)
	at org.junit.internal.runners.JUnit38ClassRunner.run(JUnit38ClassRunner.java:90)
	at org.junit.runner.JUnitCore.run(JUnitCore.java:137)
	at org.junit.runner.JUnitCore.run(JUnitCore.java:115)
	at org.junit.vintage.engine.execution.RunnerExecutor.execute(RunnerExecutor.java:43)
	at java.util.stream.ForEachOps$ForEachOp$OfRef.accept(ForEachOps.java:183)
	at java.util.stream.ReferencePipeline$3$1.accept(ReferencePipeline.java:193)
	at java.util.Iterator.forEachRemaining(Iterator.java:116)
	at java.util.Spliterators$IteratorSpliterator.forEachRemaining(Spliterators.java:1801)
	at java.util.stream.AbstractPipeline.copyInto(AbstractPipeline.java:482)
	at java.util.stream.AbstractPipeline.wrapAndCopyInto(AbstractPipeline.java:472)
	at java.util.stream.ForEachOps$ForEachOp.evaluateSequential(ForEachOps.java:150)
	at java.util.stream.ForEachOps$ForEachOp$OfRef.evaluateSequential(ForEachOps.java:173)
	at java.util.stream.AbstractPipeline.evaluate(AbstractPipeline.java:234)
	at java.util.stream.ReferencePipeline.forEach(ReferencePipeline.java:485)
	at org.junit.vintage.engine.VintageTestEngine.executeAllChildren(VintageTestEngine.java:82)
	at org.junit.vintage.engine.VintageTestEngine.execute(VintageTestEngine.java:73)
	at org.junit.platform.launcher.core.EngineExecutionOrchestrator.execute(EngineExecutionOrchestrator.java:108)
	at org.junit.platform.launcher.core.EngineExecutionOrchestrator.execute(EngineExecutionOrchestrator.java:88)
	at org.junit.platform.launcher.core.EngineExecutionOrchestrator.lambda$execute$0(EngineExecutionOrchestrator.java:54)
	at org.junit.platform.launcher.core.EngineExecutionOrchestrator.withInterceptedStreams(EngineExecutionOrchestrator.java:67)
	at org.junit.platform.launcher.core.EngineExecutionOrchestrator.execute(EngineExecutionOrchestrator.java:52)
	at org.junit.platform.launcher.core.DefaultLauncher.execute(DefaultLauncher.java:96)
	at org.junit.platform.launcher.core.DefaultLauncher.execute(DefaultLauncher.java:75)
	at org.apache.maven.surefire.junitplatform.JUnitPlatformProvider.execute(JUnitPlatformProvider.java:188)
	at org.apache.maven.surefire.junitplatform.JUnitPlatformProvider.invokeAllTests(JUnitPlatformProvider.java:154)
	at org.apache.maven.surefire.junitplatform.JUnitPlatformProvider.invoke(JUnitPlatformProvider.java:128)
	at org.apache.maven.surefire.booter.ForkedBooter.runSuitesInProcess(ForkedBooter.java:428)
	at org.apache.maven.surefire.booter.ForkedBooter.execute(ForkedBooter.java:162)
	at org.apache.maven.surefire.booter.ForkedBooter.run(ForkedBooter.java:562)
	at org.apache.maven.surefire.booter.ForkedBooter.main(ForkedBooter.java:548)
[main] INFO org.apache.nifi.properties.AESSensitivePropertyProviderTest - [EXPECTED] Error decrypting a protected value for keySize 256 and cipher text [o3wzdn0HU9Sjc5mm||RBrH3aLk+4vtMlnXxZEh60yYsRt2bPidqJsz936i3VmFAZSFy4MVWiI]
]]></system-err>
  </testcase>
  <testcase name="testShouldHandleUnprotectEmptyCipherText" classname="org.apache.nifi.properties.AESSensitivePropertyProviderTest" time="0.017">
    <system-err><![CDATA[[main] INFO org.apache.nifi.properties.AESSensitivePropertyProviderTest - IV and delimiter: QmFkIElWIHZhbHVl||
[main] INFO org.apache.nifi.properties.AESSensitivePropertyProviderTest - Initialized AES Sensitive Property Provider with key size 128
[main] INFO org.apache.nifi.properties.AESSensitivePropertyProviderTest - [EXPECTED] Cannot decrypt a cipher text shorter than 19 chars for keySize 128 and cipher text [QmFkIElWIHZhbHVl||]
[main] INFO org.apache.nifi.properties.AESSensitivePropertyProviderTest - [EXPECTED] Cannot decrypt a cipher text shorter than 19 chars for keySize 128 and cipher text [QmFkIElWIHZhbHVl||      ]
[main] INFO org.apache.nifi.properties.AESSensitivePropertyProviderTest - [EXPECTED] Cannot decrypt a cipher text shorter than 19 chars for keySize 128 and cipher text [QmFkIElWIHZhbHVl||
]
[main] INFO org.apache.nifi.properties.AESSensitivePropertyProviderTest - Initialized AES Sensitive Property Provider with key size 192
[main] INFO org.apache.nifi.properties.AESSensitivePropertyProviderTest - [EXPECTED] Cannot decrypt a cipher text shorter than 19 chars for keySize 192 and cipher text [QmFkIElWIHZhbHVl||]
[main] INFO org.apache.nifi.properties.AESSensitivePropertyProviderTest - [EXPECTED] Cannot decrypt a cipher text shorter than 19 chars for keySize 192 and cipher text [QmFkIElWIHZhbHVl||      ]
[main] INFO org.apache.nifi.properties.AESSensitivePropertyProviderTest - [EXPECTED] Cannot decrypt a cipher text shorter than 19 chars for keySize 192 and cipher text [QmFkIElWIHZhbHVl||
]
[main] INFO org.apache.nifi.properties.AESSensitivePropertyProviderTest - Initialized AES Sensitive Property Provider with key size 256
[main] INFO org.apache.nifi.properties.AESSensitivePropertyProviderTest - [EXPECTED] Cannot decrypt a cipher text shorter than 19 chars for keySize 256 and cipher text [QmFkIElWIHZhbHVl||]
[main] INFO org.apache.nifi.properties.AESSensitivePropertyProviderTest - [EXPECTED] Cannot decrypt a cipher text shorter than 19 chars for keySize 256 and cipher text [QmFkIElWIHZhbHVl||      ]
[main] INFO org.apache.nifi.properties.AESSensitivePropertyProviderTest - [EXPECTED] Cannot decrypt a cipher text shorter than 19 chars for keySize 256 and cipher text [QmFkIElWIHZhbHVl||
]
]]></system-err>
  </testcase>
  <testcase name="testShouldHandleUnprotectEmptyCipherText" classname="org.apache.nifi.properties.AESSensitivePropertyProviderTest" time="0.004">
    <system-err><![CDATA[[main] INFO org.apache.nifi.properties.AESSensitivePropertyProviderTest - IV and delimiter: QmFkIElWIHZhbHVl||
[main] INFO org.apache.nifi.properties.AESSensitivePropertyProviderTest - Initialized AES Sensitive Property Provider with key size 128
[main] INFO org.apache.nifi.properties.AESSensitivePropertyProviderTest - [EXPECTED] Cannot decrypt a cipher text shorter than 19 chars for keySize 128 and cipher text [QmFkIElWIHZhbHVl||]
[main] INFO org.apache.nifi.properties.AESSensitivePropertyProviderTest - [EXPECTED] Cannot decrypt a cipher text shorter than 19 chars for keySize 128 and cipher text [QmFkIElWIHZhbHVl||      ]
[main] INFO org.apache.nifi.properties.AESSensitivePropertyProviderTest - [EXPECTED] Cannot decrypt a cipher text shorter than 19 chars for keySize 128 and cipher text [QmFkIElWIHZhbHVl||
]
[main] INFO org.apache.nifi.properties.AESSensitivePropertyProviderTest - Initialized AES Sensitive Property Provider with key size 192
[main] INFO org.apache.nifi.properties.AESSensitivePropertyProviderTest - [EXPECTED] Cannot decrypt a cipher text shorter than 19 chars for keySize 192 and cipher text [QmFkIElWIHZhbHVl||]
[main] INFO org.apache.nifi.properties.AESSensitivePropertyProviderTest - [EXPECTED] Cannot decrypt a cipher text shorter than 19 chars for keySize 192 and cipher text [QmFkIElWIHZhbHVl||      ]
[main] INFO org.apache.nifi.properties.AESSensitivePropertyProviderTest - [EXPECTED] Cannot decrypt a cipher text shorter than 19 chars for keySize 192 and cipher text [QmFkIElWIHZhbHVl||
]
[main] INFO org.apache.nifi.properties.AESSensitivePropertyProviderTest - Initialized AES Sensitive Property Provider with key size 256
[main] INFO org.apache.nifi.properties.AESSensitivePropertyProviderTest - [EXPECTED] Cannot decrypt a cipher text shorter than 19 chars for keySize 256 and cipher text [QmFkIElWIHZhbHVl||]
[main] INFO org.apache.nifi.properties.AESSensitivePropertyProviderTest - [EXPECTED] Cannot decrypt a cipher text shorter than 19 chars for keySize 256 and cipher text [QmFkIElWIHZhbHVl||      ]
[main] INFO org.apache.nifi.properties.AESSensitivePropertyProviderTest - [EXPECTED] Cannot decrypt a cipher text shorter than 19 chars for keySize 256 and cipher text [QmFkIElWIHZhbHVl||
]
]]></system-err>
  </testcase>
  <testcase name="testShouldThrowExceptionOnInitializationWithoutBouncyCastle" classname="org.apache.nifi.properties.AESSensitivePropertyProviderTest" time="0.015">
    <system-err><![CDATA[[main] ERROR org.apache.nifi.properties.AESSensitivePropertyProvider - Encountered an error initializing the AES Sensitive Property Provider: No such provider: BC
]]></system-err>
  </testcase>
  <testcase name="testShouldThrowExceptionOnInitializationWithoutBouncyCastle" classname="org.apache.nifi.properties.AESSensitivePropertyProviderTest" time="0.006">
    <system-err><![CDATA[[main] ERROR org.apache.nifi.properties.AESSensitivePropertyProvider - Encountered an error initializing the AES Sensitive Property Provider: No such provider: BC
]]></system-err>
  </testcase>
  <testcase name="testShouldNotAllowInvalidKey" classname="org.apache.nifi.properties.AESSensitivePropertyProviderTest" time="0.002"/>
  <testcase name="testShouldNotAllowInvalidKey" classname="org.apache.nifi.properties.AESSensitivePropertyProviderTest" time="0"/>
  <testcase name="testShouldUnprotectValueWithWhitespace" classname="org.apache.nifi.properties.AESSensitivePropertyProviderTest" time="0.064">
    <system-err><![CDATA[[main] INFO org.apache.nifi.properties.AESSensitivePropertyProviderTest - [SETUP] Initialized a cipher in encrypt mode with a key of length 128 bits
[main] INFO org.apache.nifi.properties.AESSensitivePropertyProviderTest - [SETUP] Initialized a cipher in encrypt mode with a key of length 192 bits
[main] INFO org.apache.nifi.properties.AESSensitivePropertyProviderTest - [SETUP] Initialized a cipher in encrypt mode with a key of length 256 bits
[main] INFO org.apache.nifi.properties.AESSensitivePropertyProviderTest - [EXPECTED] Cipher text for 128 length key: exjO7fwf5XmOtWV+||ED/xo/jHhCjc4zVlLtwo1tjvrLH5pUOMmWIeGioAklqcPJTKT4UI9w0=
[main] INFO org.apache.nifi.properties.AESSensitivePropertyProviderTest - [EXPECTED] Cipher text for 192 length key: qMZ7D9PN7dK+VGzB||k8DbIrPL4kBrOynp3LLwfTJnDTG6rgsGGnCg7GmOp/DjtRjMP7Fi2FA=
[main] INFO org.apache.nifi.properties.AESSensitivePropertyProviderTest - [EXPECTED] Cipher text for 256 length key: BhbZegZ/KgTvLuXR||b11L7dwDcY185i6mBtvIktOhiB0VHrMIUx1L6UXUzftSA5iSTdOJ2Ik=
[main] INFO org.apache.nifi.properties.AESSensitivePropertyProviderTest - Initialized AES Sensitive Property Provider with key size 128
[main] INFO org.apache.nifi.properties.AESSensitivePropertyProviderTest - Initialized AES Sensitive Property Provider with key size 192
[main] INFO org.apache.nifi.properties.AESSensitivePropertyProviderTest - Initialized AES Sensitive Property Provider with key size 256
[main] INFO org.apache.nifi.properties.AESSensitivePropertyProviderTest - Decrypted for 128 length key: This is a plaintext value
[main] INFO org.apache.nifi.properties.AESSensitivePropertyProviderTest - Decrypted for 192 length key: This is a plaintext value
[main] INFO org.apache.nifi.properties.AESSensitivePropertyProviderTest - Decrypted for 256 length key: This is a plaintext value
]]></system-err>
  </testcase>
  <testcase name="testShouldUnprotectValueWithWhitespace" classname="org.apache.nifi.properties.AESSensitivePropertyProviderTest" time="0.01">
    <system-err><![CDATA[[main] INFO org.apache.nifi.properties.AESSensitivePropertyProviderTest - [SETUP] Initialized a cipher in encrypt mode with a key of length 128 bits
[main] INFO org.apache.nifi.properties.AESSensitivePropertyProviderTest - [SETUP] Initialized a cipher in encrypt mode with a key of length 192 bits
[main] INFO org.apache.nifi.properties.AESSensitivePropertyProviderTest - [SETUP] Initialized a cipher in encrypt mode with a key of length 256 bits
[main] INFO org.apache.nifi.properties.AESSensitivePropertyProviderTest - [EXPECTED] Cipher text for 128 length key: ApGiHN8gspcYn6dz||1zvkumiiHFBLdxcLvtzJENcFhQ9TnSweCa+65a87K0y4bCr/FWJaEWA=
[main] INFO org.apache.nifi.properties.AESSensitivePropertyProviderTest - [EXPECTED] Cipher text for 192 length key: Jivd8HHo5KPyNu+p||nsXwxjD0KgT7LpgCSxQ4vhgBWQ8SfOe97MBWSEQqBpB3K7T66gCW5bc=
[main] INFO org.apache.nifi.properties.AESSensitivePropertyProviderTest - [EXPECTED] Cipher text for 256 length key: N7dRrTUT88sYK/ow||Ve59LYinFMB4t96hZvoaoSZqyb0PcPu7Xl9wPdpr5eDDSc901tVRM/U=
[main] INFO org.apache.nifi.properties.AESSensitivePropertyProviderTest - Initialized AES Sensitive Property Provider with key size 128
[main] INFO org.apache.nifi.properties.AESSensitivePropertyProviderTest - Initialized AES Sensitive Property Provider with key size 192
[main] INFO org.apache.nifi.properties.AESSensitivePropertyProviderTest - Initialized AES Sensitive Property Provider with key size 256
[main] INFO org.apache.nifi.properties.AESSensitivePropertyProviderTest - Decrypted for 128 length key: This is a plaintext value
[main] INFO org.apache.nifi.properties.AESSensitivePropertyProviderTest - Decrypted for 192 length key: This is a plaintext value
[main] INFO org.apache.nifi.properties.AESSensitivePropertyProviderTest - Decrypted for 256 length key: This is a plaintext value
]]></system-err>
  </testcase>
  <testcase name="testShouldProtectValue" classname="org.apache.nifi.properties.AESSensitivePropertyProviderTest" time="0.015">
    <system-err><![CDATA[[main] INFO org.apache.nifi.properties.AESSensitivePropertyProviderTest - Initialized AES Sensitive Property Provider with key size 128
[main] INFO org.apache.nifi.properties.AESSensitivePropertyProviderTest - Initialized AES Sensitive Property Provider with key size 192
[main] INFO org.apache.nifi.properties.AESSensitivePropertyProviderTest - Initialized AES Sensitive Property Provider with key size 256
[main] INFO org.apache.nifi.properties.AESSensitivePropertyProviderTest - Encrypted for 128 length key: H9n3xzNqvwazQ5EJ||Ol+Kz/h2+coNcUjPv8k6H1+UnfbBx3K6hkt/CsLK7w2/yhaIvCSavho
[main] INFO org.apache.nifi.properties.AESSensitivePropertyProviderTest - Encrypted for 192 length key: f8RI04PsN7/ovKQj||EuZTdkJXWg8v3SmUvdOOjQ8aw3Z6ukItqu9zKJQSzr3vDiNafJ9bRjM
[main] INFO org.apache.nifi.properties.AESSensitivePropertyProviderTest - Encrypted for 256 length key: 4D8D3gdetvYzEKMH||5jEo8OTnifcEYcqRKulUCl4Yo0wT0e2H+lPhWha3xi5vC3qBYjzNduw
[main] INFO org.apache.nifi.properties.AESSensitivePropertyProviderTest - [SETUP] Initialized a cipher in decrypt mode with a key of length 128 bits
[main] INFO org.apache.nifi.properties.AESSensitivePropertyProviderTest - [SETUP] Initialized a cipher in decrypt mode with a key of length 192 bits
[main] INFO org.apache.nifi.properties.AESSensitivePropertyProviderTest - [SETUP] Initialized a cipher in decrypt mode with a key of length 256 bits
[main] INFO org.apache.nifi.properties.AESSensitivePropertyProviderTest - [EXPECTED] Cipher text for 128 length key: H9n3xzNqvwazQ5EJ||Ol+Kz/h2+coNcUjPv8k6H1+UnfbBx3K6hkt/CsLK7w2/yhaIvCSavho
[main] INFO org.apache.nifi.properties.AESSensitivePropertyProviderTest - [EXPECTED] Cipher text for 192 length key: f8RI04PsN7/ovKQj||EuZTdkJXWg8v3SmUvdOOjQ8aw3Z6ukItqu9zKJQSzr3vDiNafJ9bRjM
[main] INFO org.apache.nifi.properties.AESSensitivePropertyProviderTest - [EXPECTED] Cipher text for 256 length key: 4D8D3gdetvYzEKMH||5jEo8OTnifcEYcqRKulUCl4Yo0wT0e2H+lPhWha3xi5vC3qBYjzNduw
]]></system-err>
  </testcase>
  <testcase name="testShouldProtectValue" classname="org.apache.nifi.properties.AESSensitivePropertyProviderTest" time="0.003">
    <system-err><![CDATA[[main] INFO org.apache.nifi.properties.AESSensitivePropertyProviderTest - Initialized AES Sensitive Property Provider with key size 128
[main] INFO org.apache.nifi.properties.AESSensitivePropertyProviderTest - Initialized AES Sensitive Property Provider with key size 192
[main] INFO org.apache.nifi.properties.AESSensitivePropertyProviderTest - Initialized AES Sensitive Property Provider with key size 256
[main] INFO org.apache.nifi.properties.AESSensitivePropertyProviderTest - Encrypted for 128 length key: Hi1R4Ca3A/rhnLIC||hi3wUlHdqeVuzQB6RveK6YKKpXh73hALeROq/QBZagsrxwVZwnVyPP4
[main] INFO org.apache.nifi.properties.AESSensitivePropertyProviderTest - Encrypted for 192 length key: kMduJfW6cPV4Q5VR||ivM6w1Qkmkm+YcftwB+uHL2YMA1WEmO2T5Y2nRvf73RKDYUAK7WAl2g
[main] INFO org.apache.nifi.properties.AESSensitivePropertyProviderTest - Encrypted for 256 length key: DxrLTCki5xpvxK+P||ToGhzgonshzm600NuYEANE4lrkgU5Ixiin3Z3EwelFkkdK7vAChzIts
[main] INFO org.apache.nifi.properties.AESSensitivePropertyProviderTest - [SETUP] Initialized a cipher in decrypt mode with a key of length 128 bits
[main] INFO org.apache.nifi.properties.AESSensitivePropertyProviderTest - [SETUP] Initialized a cipher in decrypt mode with a key of length 192 bits
[main] INFO org.apache.nifi.properties.AESSensitivePropertyProviderTest - [SETUP] Initialized a cipher in decrypt mode with a key of length 256 bits
[main] INFO org.apache.nifi.properties.AESSensitivePropertyProviderTest - [EXPECTED] Cipher text for 128 length key: Hi1R4Ca3A/rhnLIC||hi3wUlHdqeVuzQB6RveK6YKKpXh73hALeROq/QBZagsrxwVZwnVyPP4
[main] INFO org.apache.nifi.properties.AESSensitivePropertyProviderTest - [EXPECTED] Cipher text for 192 length key: kMduJfW6cPV4Q5VR||ivM6w1Qkmkm+YcftwB+uHL2YMA1WEmO2T5Y2nRvf73RKDYUAK7WAl2g
[main] INFO org.apache.nifi.properties.AESSensitivePropertyProviderTest - [EXPECTED] Cipher text for 256 length key: DxrLTCki5xpvxK+P||ToGhzgonshzm600NuYEANE4lrkgU5Ixiin3Z3EwelFkkdK7vAChzIts
]]></system-err>
  </testcase>
  <testcase name="testShouldUnprotectValue" classname="org.apache.nifi.properties.AESSensitivePropertyProviderTest" time="0.012">
    <system-err><![CDATA[[main] INFO org.apache.nifi.properties.AESSensitivePropertyProviderTest - [SETUP] Initialized a cipher in encrypt mode with a key of length 128 bits
[main] INFO org.apache.nifi.properties.AESSensitivePropertyProviderTest - [SETUP] Initialized a cipher in encrypt mode with a key of length 192 bits
[main] INFO org.apache.nifi.properties.AESSensitivePropertyProviderTest - [SETUP] Initialized a cipher in encrypt mode with a key of length 256 bits
[main] INFO org.apache.nifi.properties.AESSensitivePropertyProviderTest - [EXPECTED] Cipher text for 128 length key: 1WBgRl7RdmBHAz3W||86vW07okgDWIjlLXdS58l9LxONVNYSiqrAuSWIVoS4d3ZBuDsRTm7eE=
[main] INFO org.apache.nifi.properties.AESSensitivePropertyProviderTest - [EXPECTED] Cipher text for 192 length key: 63Y0rzOqVOmhE3dH||9641uHWNQC56JG6D+NFuk+zqWhA3wh6l51zAdSWeAFOTOA5x169rpdQ=
[main] INFO org.apache.nifi.properties.AESSensitivePropertyProviderTest - [EXPECTED] Cipher text for 256 length key: P8WUsOHPw9Roif92||2fi4QEU0tiV79UemEKzQSlTJL1f8NxQErlTL5XraFfBeKOKGk664D+I=
[main] INFO org.apache.nifi.properties.AESSensitivePropertyProviderTest - Initialized AES Sensitive Property Provider with key size 128
[main] INFO org.apache.nifi.properties.AESSensitivePropertyProviderTest - Initialized AES Sensitive Property Provider with key size 192
[main] INFO org.apache.nifi.properties.AESSensitivePropertyProviderTest - Initialized AES Sensitive Property Provider with key size 256
[main] INFO org.apache.nifi.properties.AESSensitivePropertyProviderTest - Decrypted for 128 length key: This is a plaintext value
[main] INFO org.apache.nifi.properties.AESSensitivePropertyProviderTest - Decrypted for 192 length key: This is a plaintext value
[main] INFO org.apache.nifi.properties.AESSensitivePropertyProviderTest - Decrypted for 256 length key: This is a plaintext value
]]></system-err>
  </testcase>
  <testcase name="testShouldUnprotectValue" classname="org.apache.nifi.properties.AESSensitivePropertyProviderTest" time="0.005">
    <system-err><![CDATA[[main] INFO org.apache.nifi.properties.AESSensitivePropertyProviderTest - [SETUP] Initialized a cipher in encrypt mode with a key of length 128 bits
[main] INFO org.apache.nifi.properties.AESSensitivePropertyProviderTest - [SETUP] Initialized a cipher in encrypt mode with a key of length 192 bits
[main] INFO org.apache.nifi.properties.AESSensitivePropertyProviderTest - [SETUP] Initialized a cipher in encrypt mode with a key of length 256 bits
[main] INFO org.apache.nifi.properties.AESSensitivePropertyProviderTest - [EXPECTED] Cipher text for 128 length key: 9OncA5t35FiEhO5K||RpgdMKa/esbpFMz0cf1t9csls9gQZW5RJ4hStMaRSuFq+2LZsWgea48=
[main] INFO org.apache.nifi.properties.AESSensitivePropertyProviderTest - [EXPECTED] Cipher text for 192 length key: 2j9IBP3iuhSnUN4i||H8cg8YWpnfHe+93oTD3kGJaKlkWN2JMu5U8C8z3XtQPXUwCt0iUwKbE=
[main] INFO org.apache.nifi.properties.AESSensitivePropertyProviderTest - [EXPECTED] Cipher text for 256 length key: srKMNRxaLM4oovDW||k+zi+e2tvc/WX+BIB6iUGhpRDj/Rgd7bMHYE8w9B0gIxb4XJgHjhfl0=
[main] INFO org.apache.nifi.properties.AESSensitivePropertyProviderTest - Initialized AES Sensitive Property Provider with key size 128
[main] INFO org.apache.nifi.properties.AESSensitivePropertyProviderTest - Initialized AES Sensitive Property Provider with key size 192
[main] INFO org.apache.nifi.properties.AESSensitivePropertyProviderTest - Initialized AES Sensitive Property Provider with key size 256
[main] INFO org.apache.nifi.properties.AESSensitivePropertyProviderTest - Decrypted for 128 length key: This is a plaintext value
[main] INFO org.apache.nifi.properties.AESSensitivePropertyProviderTest - Decrypted for 192 length key: This is a plaintext value
[main] INFO org.apache.nifi.properties.AESSensitivePropertyProviderTest - Decrypted for 256 length key: This is a plaintext value
]]></system-err>
  </testcase>
  <testcase name="testShouldHandleUnprotectMalformedValue" classname="org.apache.nifi.properties.AESSensitivePropertyProviderTest" time="0.011">
    <system-err><![CDATA[[main] INFO org.apache.nifi.properties.AESSensitivePropertyProviderTest - Initialized AES Sensitive Property Provider with key size 128
[main] INFO org.apache.nifi.properties.AESSensitivePropertyProviderTest - Manipulated 6EUI7+z8IVw39uTs||PI9JsuSpVFODsjsIQDJWiR0Mx6bDsNLONI6kHOTC8K4Z3CcMmsTyc3o to
                                                                                          6EUI7+z8IVw39uTs||PI9JsuSFOpVDsjsIQDJWiR0Mx6bDsNLONI6kHOTC8K4Z3CcMmsTyc3o
[main] ERROR org.apache.nifi.properties.AESSensitivePropertyProvider - Error decrypting a protected value
javax.crypto.AEADBadTagException: mac check in GCM failed
	at sun.reflect.NativeConstructorAccessorImpl.newInstance0(Native Method)
	at sun.reflect.NativeConstructorAccessorImpl.newInstance(NativeConstructorAccessorImpl.java:62)
	at sun.reflect.DelegatingConstructorAccessorImpl.newInstance(DelegatingConstructorAccessorImpl.java:45)
	at java.lang.reflect.Constructor.newInstance(Constructor.java:423)
	at org.bouncycastle.jcajce.provider.symmetric.util.BaseBlockCipher$AEADGenericBlockCipher.doFinal(Unknown Source)
	at org.bouncycastle.jcajce.provider.symmetric.util.BaseBlockCipher.engineDoFinal(Unknown Source)
	at javax.crypto.Cipher.doFinal(Cipher.java:2168)
	at org.apache.nifi.properties.AESSensitivePropertyProvider.unprotect(AESSensitivePropertyProvider.java:241)
	at org.apache.nifi.properties.SensitivePropertyProvider$unprotect$0.call(Unknown Source)
	at org.codehaus.groovy.runtime.callsite.CallSiteArray.defaultCall(CallSiteArray.java:47)
	at org.codehaus.groovy.runtime.callsite.AbstractCallSite.call(AbstractCallSite.java:115)
	at org.codehaus.groovy.runtime.callsite.AbstractCallSite.call(AbstractCallSite.java:135)
	at org.apache.nifi.properties.AESSensitivePropertyProviderTest$_testShouldHandleUnprotectMalformedValue_closure23$_closure39.doCall(AESSensitivePropertyProviderTest.groovy:285)
	at org.apache.nifi.properties.AESSensitivePropertyProviderTest$_testShouldHandleUnprotectMalformedValue_closure23$_closure39.doCall(AESSensitivePropertyProviderTest.groovy)
	at sun.reflect.NativeMethodAccessorImpl.invoke0(Native Method)
	at sun.reflect.NativeMethodAccessorImpl.invoke(NativeMethodAccessorImpl.java:62)
	at sun.reflect.DelegatingMethodAccessorImpl.invoke(DelegatingMethodAccessorImpl.java:43)
	at java.lang.reflect.Method.invoke(Method.java:498)
	at org.codehaus.groovy.reflection.CachedMethod.invoke(CachedMethod.java:101)
	at groovy.lang.MetaMethod.doMethodInvoke(MetaMethod.java:323)
	at org.codehaus.groovy.runtime.metaclass.ClosureMetaClass.invokeMethod(ClosureMetaClass.java:263)
	at groovy.lang.MetaClassImpl.invokeMethod(MetaClassImpl.java:1041)
	at groovy.lang.Closure.call(Closure.java:405)
	at groovy.lang.Closure.call(Closure.java:399)
	at groovy.test.GroovyAssert.shouldFail(GroovyAssert.java:118)
	at groovy.util.GroovyTestCase.shouldFail(GroovyTestCase.java:216)
	at sun.reflect.NativeMethodAccessorImpl.invoke0(Native Method)
	at sun.reflect.NativeMethodAccessorImpl.invoke(NativeMethodAccessorImpl.java:62)
	at sun.reflect.DelegatingMethodAccessorImpl.invoke(DelegatingMethodAccessorImpl.java:43)
	at java.lang.reflect.Method.invoke(Method.java:498)
	at org.codehaus.groovy.reflection.CachedMethod.invoke(CachedMethod.java:101)
	at groovy.lang.MetaMethod.doMethodInvoke(MetaMethod.java:323)
	at org.codehaus.groovy.runtime.metaclass.ClosureMetaClass.invokeMethod(ClosureMetaClass.java:351)
	at org.codehaus.groovy.runtime.callsite.PogoMetaClassSite.callCurrent(PogoMetaClassSite.java:64)
	at org.codehaus.groovy.runtime.callsite.CallSiteArray.defaultCallCurrent(CallSiteArray.java:51)
	at org.codehaus.groovy.runtime.callsite.AbstractCallSite.callCurrent(AbstractCallSite.java:156)
	at org.codehaus.groovy.runtime.callsite.AbstractCallSite.callCurrent(AbstractCallSite.java:176)
	at org.apache.nifi.properties.AESSensitivePropertyProviderTest$_testShouldHandleUnprotectMalformedValue_closure23.doCall(AESSensitivePropertyProviderTest.groovy:284)
	at sun.reflect.NativeMethodAccessorImpl.invoke0(Native Method)
	at sun.reflect.NativeMethodAccessorImpl.invoke(NativeMethodAccessorImpl.java:62)
	at sun.reflect.DelegatingMethodAccessorImpl.invoke(DelegatingMethodAccessorImpl.java:43)
	at java.lang.reflect.Method.invoke(Method.java:498)
	at org.codehaus.groovy.reflection.CachedMethod.invoke(CachedMethod.java:101)
	at groovy.lang.MetaMethod.doMethodInvoke(MetaMethod.java:323)
	at org.codehaus.groovy.runtime.metaclass.ClosureMetaClass.invokeMethod(ClosureMetaClass.java:263)
	at groovy.lang.MetaClassImpl.invokeMethod(MetaClassImpl.java:1041)
	at groovy.lang.Closure.call(Closure.java:405)
	at groovy.lang.Closure.call(Closure.java:421)
	at org.codehaus.groovy.runtime.DefaultGroovyMethods.each(DefaultGroovyMethods.java:2330)
	at org.codehaus.groovy.runtime.DefaultGroovyMethods.each(DefaultGroovyMethods.java:2315)
	at org.codehaus.groovy.runtime.DefaultGroovyMethods.each(DefaultGroovyMethods.java:2356)
	at org.codehaus.groovy.runtime.dgm$186.invoke(Unknown Source)
	at org.codehaus.groovy.runtime.callsite.PojoMetaMethodSite$PojoMetaMethodSiteNoUnwrapNoCoerce.invoke(PojoMetaMethodSite.java:244)
	at org.codehaus.groovy.runtime.callsite.PojoMetaMethodSite.call(PojoMetaMethodSite.java:53)
	at org.codehaus.groovy.runtime.callsite.CallSiteArray.defaultCall(CallSiteArray.java:47)
	at org.codehaus.groovy.runtime.callsite.AbstractCallSite.call(AbstractCallSite.java:115)
	at org.codehaus.groovy.runtime.callsite.AbstractCallSite.call(AbstractCallSite.java:127)
	at org.apache.nifi.properties.AESSensitivePropertyProviderTest.testShouldHandleUnprotectMalformedValue(AESSensitivePropertyProviderTest.groovy:276)
	at sun.reflect.NativeMethodAccessorImpl.invoke0(Native Method)
	at sun.reflect.NativeMethodAccessorImpl.invoke(NativeMethodAccessorImpl.java:62)
	at sun.reflect.DelegatingMethodAccessorImpl.invoke(DelegatingMethodAccessorImpl.java:43)
	at java.lang.reflect.Method.invoke(Method.java:498)
	at org.junit.platform.commons.util.ReflectionUtils.invokeMethod(ReflectionUtils.java:688)
	at org.junit.jupiter.engine.execution.MethodInvocation.proceed(MethodInvocation.java:60)
	at org.junit.jupiter.engine.execution.InvocationInterceptorChain$ValidatingInvocation.proceed(InvocationInterceptorChain.java:131)
	at org.junit.jupiter.engine.extension.TimeoutExtension.intercept(TimeoutExtension.java:149)
	at org.junit.jupiter.engine.extension.TimeoutExtension.interceptTestableMethod(TimeoutExtension.java:140)
	at org.junit.jupiter.engine.extension.TimeoutExtension.interceptTestMethod(TimeoutExtension.java:84)
	at org.junit.jupiter.engine.execution.ExecutableInvoker$ReflectiveInterceptorCall.lambda$ofVoidMethod$0(ExecutableInvoker.java:115)
	at org.junit.jupiter.engine.execution.ExecutableInvoker.lambda$invoke$0(ExecutableInvoker.java:105)
	at org.junit.jupiter.engine.execution.InvocationInterceptorChain$InterceptedInvocation.proceed(InvocationInterceptorChain.java:106)
	at org.junit.jupiter.engine.execution.InvocationInterceptorChain.proceed(InvocationInterceptorChain.java:64)
	at org.junit.jupiter.engine.execution.InvocationInterceptorChain.chainAndInvoke(InvocationInterceptorChain.java:45)
	at org.junit.jupiter.engine.execution.InvocationInterceptorChain.invoke(InvocationInterceptorChain.java:37)
	at org.junit.jupiter.engine.execution.ExecutableInvoker.invoke(ExecutableInvoker.java:104)
	at org.junit.jupiter.engine.execution.ExecutableInvoker.invoke(ExecutableInvoker.java:98)
	at org.junit.jupiter.engine.descriptor.TestMethodTestDescriptor.lambda$invokeTestMethod$6(TestMethodTestDescriptor.java:210)
	at org.junit.platform.engine.support.hierarchical.ThrowableCollector.execute(ThrowableCollector.java:73)
	at org.junit.jupiter.engine.descriptor.TestMethodTestDescriptor.invokeTestMethod(TestMethodTestDescriptor.java:206)
	at org.junit.jupiter.engine.descriptor.TestMethodTestDescriptor.execute(TestMethodTestDescriptor.java:131)
	at org.junit.jupiter.engine.descriptor.TestMethodTestDescriptor.execute(TestMethodTestDescriptor.java:65)
	at org.junit.platform.engine.support.hierarchical.NodeTestTask.lambda$executeRecursively$5(NodeTestTask.java:139)
	at org.junit.platform.engine.support.hierarchical.ThrowableCollector.execute(ThrowableCollector.java:73)
	at org.junit.platform.engine.support.hierarchical.NodeTestTask.lambda$executeRecursively$7(NodeTestTask.java:129)
	at org.junit.platform.engine.support.hierarchical.Node.around(Node.java:137)
	at org.junit.platform.engine.support.hierarchical.NodeTestTask.lambda$executeRecursively$8(NodeTestTask.java:127)
	at org.junit.platform.engine.support.hierarchical.ThrowableCollector.execute(ThrowableCollector.java:73)
	at org.junit.platform.engine.support.hierarchical.NodeTestTask.executeRecursively(NodeTestTask.java:126)
	at org.junit.platform.engine.support.hierarchical.NodeTestTask.execute(NodeTestTask.java:84)
	at java.util.ArrayList.forEach(ArrayList.java:1259)
	at org.junit.platform.engine.support.hierarchical.SameThreadHierarchicalTestExecutorService.invokeAll(SameThreadHierarchicalTestExecutorService.java:38)
	at org.junit.platform.engine.support.hierarchical.NodeTestTask.lambda$executeRecursively$5(NodeTestTask.java:143)
	at org.junit.platform.engine.support.hierarchical.ThrowableCollector.execute(ThrowableCollector.java:73)
	at org.junit.platform.engine.support.hierarchical.NodeTestTask.lambda$executeRecursively$7(NodeTestTask.java:129)
	at org.junit.platform.engine.support.hierarchical.Node.around(Node.java:137)
	at org.junit.platform.engine.support.hierarchical.NodeTestTask.lambda$executeRecursively$8(NodeTestTask.java:127)
	at org.junit.platform.engine.support.hierarchical.ThrowableCollector.execute(ThrowableCollector.java:73)
	at org.junit.platform.engine.support.hierarchical.NodeTestTask.executeRecursively(NodeTestTask.java:126)
	at org.junit.platform.engine.support.hierarchical.NodeTestTask.execute(NodeTestTask.java:84)
	at java.util.ArrayList.forEach(ArrayList.java:1259)
	at org.junit.platform.engine.support.hierarchical.SameThreadHierarchicalTestExecutorService.invokeAll(SameThreadHierarchicalTestExecutorService.java:38)
	at org.junit.platform.engine.support.hierarchical.NodeTestTask.lambda$executeRecursively$5(NodeTestTask.java:143)
	at org.junit.platform.engine.support.hierarchical.ThrowableCollector.execute(ThrowableCollector.java:73)
	at org.junit.platform.engine.support.hierarchical.NodeTestTask.lambda$executeRecursively$7(NodeTestTask.java:129)
	at org.junit.platform.engine.support.hierarchical.Node.around(Node.java:137)
	at org.junit.platform.engine.support.hierarchical.NodeTestTask.lambda$executeRecursively$8(NodeTestTask.java:127)
	at org.junit.platform.engine.support.hierarchical.ThrowableCollector.execute(ThrowableCollector.java:73)
	at org.junit.platform.engine.support.hierarchical.NodeTestTask.executeRecursively(NodeTestTask.java:126)
	at org.junit.platform.engine.support.hierarchical.NodeTestTask.execute(NodeTestTask.java:84)
	at org.junit.platform.engine.support.hierarchical.SameThreadHierarchicalTestExecutorService.submit(SameThreadHierarchicalTestExecutorService.java:32)
	at org.junit.platform.engine.support.hierarchical.HierarchicalTestExecutor.execute(HierarchicalTestExecutor.java:57)
	at org.junit.platform.engine.support.hierarchical.HierarchicalTestEngine.execute(HierarchicalTestEngine.java:51)
	at org.junit.platform.launcher.core.EngineExecutionOrchestrator.execute(EngineExecutionOrchestrator.java:108)
	at org.junit.platform.launcher.core.EngineExecutionOrchestrator.execute(EngineExecutionOrchestrator.java:88)
	at org.junit.platform.launcher.core.EngineExecutionOrchestrator.lambda$execute$0(EngineExecutionOrchestrator.java:54)
	at org.junit.platform.launcher.core.EngineExecutionOrchestrator.withInterceptedStreams(EngineExecutionOrchestrator.java:67)
	at org.junit.platform.launcher.core.EngineExecutionOrchestrator.execute(EngineExecutionOrchestrator.java:52)
	at org.junit.platform.launcher.core.DefaultLauncher.execute(DefaultLauncher.java:96)
	at org.junit.platform.launcher.core.DefaultLauncher.execute(DefaultLauncher.java:75)
	at org.apache.maven.surefire.junitplatform.JUnitPlatformProvider.execute(JUnitPlatformProvider.java:188)
	at org.apache.maven.surefire.junitplatform.JUnitPlatformProvider.invokeAllTests(JUnitPlatformProvider.java:154)
	at org.apache.maven.surefire.junitplatform.JUnitPlatformProvider.invoke(JUnitPlatformProvider.java:128)
	at org.apache.maven.surefire.booter.ForkedBooter.runSuitesInProcess(ForkedBooter.java:428)
	at org.apache.maven.surefire.booter.ForkedBooter.execute(ForkedBooter.java:162)
	at org.apache.maven.surefire.booter.ForkedBooter.run(ForkedBooter.java:562)
	at org.apache.maven.surefire.booter.ForkedBooter.main(ForkedBooter.java:548)
[main] INFO org.apache.nifi.properties.AESSensitivePropertyProviderTest - [EXPECTED] Error decrypting a protected value for keySize 128 and cipher text [6EUI7+z8IVw39uTs||PI9JsuSFOpVDsjsIQDJWiR0Mx6bDsNLONI6kHOTC8K4Z3CcMmsTyc3o]
[main] INFO org.apache.nifi.properties.AESSensitivePropertyProviderTest - Initialized AES Sensitive Property Provider with key size 192
[main] INFO org.apache.nifi.properties.AESSensitivePropertyProviderTest - Manipulated m7G8PGSnYhtn+bCX||dmwv3xlCF/ueSOAy1Jn5uur50hYNx7TvkjZs22GFeFbLyFH3vIklV+Y to
                                                                                          m7G8PGSnYhtn+bCX||dmwv3xluCF/eSOAy1Jn5uur50hYNx7TvkjZs22GFeFbLyFH3vIklV+Y
[main] ERROR org.apache.nifi.properties.AESSensitivePropertyProvider - Error decrypting a protected value
javax.crypto.AEADBadTagException: mac check in GCM failed
	at sun.reflect.NativeConstructorAccessorImpl.newInstance0(Native Method)
	at sun.reflect.NativeConstructorAccessorImpl.newInstance(NativeConstructorAccessorImpl.java:62)
	at sun.reflect.DelegatingConstructorAccessorImpl.newInstance(DelegatingConstructorAccessorImpl.java:45)
	at java.lang.reflect.Constructor.newInstance(Constructor.java:423)
	at org.bouncycastle.jcajce.provider.symmetric.util.BaseBlockCipher$AEADGenericBlockCipher.doFinal(Unknown Source)
	at org.bouncycastle.jcajce.provider.symmetric.util.BaseBlockCipher.engineDoFinal(Unknown Source)
	at javax.crypto.Cipher.doFinal(Cipher.java:2168)
	at org.apache.nifi.properties.AESSensitivePropertyProvider.unprotect(AESSensitivePropertyProvider.java:241)
	at org.apache.nifi.properties.SensitivePropertyProvider$unprotect$0.call(Unknown Source)
	at org.apache.nifi.properties.AESSensitivePropertyProviderTest$_testShouldHandleUnprotectMalformedValue_closure23$_closure39.doCall(AESSensitivePropertyProviderTest.groovy:285)
	at org.apache.nifi.properties.AESSensitivePropertyProviderTest$_testShouldHandleUnprotectMalformedValue_closure23$_closure39.doCall(AESSensitivePropertyProviderTest.groovy)
	at sun.reflect.NativeMethodAccessorImpl.invoke0(Native Method)
	at sun.reflect.NativeMethodAccessorImpl.invoke(NativeMethodAccessorImpl.java:62)
	at sun.reflect.DelegatingMethodAccessorImpl.invoke(DelegatingMethodAccessorImpl.java:43)
	at java.lang.reflect.Method.invoke(Method.java:498)
	at org.codehaus.groovy.reflection.CachedMethod.invoke(CachedMethod.java:101)
	at groovy.lang.MetaMethod.doMethodInvoke(MetaMethod.java:323)
	at org.codehaus.groovy.runtime.metaclass.ClosureMetaClass.invokeMethod(ClosureMetaClass.java:263)
	at groovy.lang.MetaClassImpl.invokeMethod(MetaClassImpl.java:1041)
	at groovy.lang.Closure.call(Closure.java:405)
	at groovy.lang.Closure.call(Closure.java:399)
	at groovy.test.GroovyAssert.shouldFail(GroovyAssert.java:118)
	at groovy.util.GroovyTestCase.shouldFail(GroovyTestCase.java:216)
	at sun.reflect.GeneratedMethodAccessor14.invoke(Unknown Source)
	at sun.reflect.DelegatingMethodAccessorImpl.invoke(DelegatingMethodAccessorImpl.java:43)
	at java.lang.reflect.Method.invoke(Method.java:498)
	at org.codehaus.groovy.reflection.CachedMethod.invoke(CachedMethod.java:101)
	at groovy.lang.MetaMethod.doMethodInvoke(MetaMethod.java:323)
	at org.codehaus.groovy.runtime.metaclass.ClosureMetaClass.invokeMethod(ClosureMetaClass.java:351)
	at org.codehaus.groovy.runtime.callsite.PogoMetaClassSite.callCurrent(PogoMetaClassSite.java:64)
	at org.codehaus.groovy.runtime.callsite.AbstractCallSite.callCurrent(AbstractCallSite.java:176)
	at org.apache.nifi.properties.AESSensitivePropertyProviderTest$_testShouldHandleUnprotectMalformedValue_closure23.doCall(AESSensitivePropertyProviderTest.groovy:284)
	at sun.reflect.NativeMethodAccessorImpl.invoke0(Native Method)
	at sun.reflect.NativeMethodAccessorImpl.invoke(NativeMethodAccessorImpl.java:62)
	at sun.reflect.DelegatingMethodAccessorImpl.invoke(DelegatingMethodAccessorImpl.java:43)
	at java.lang.reflect.Method.invoke(Method.java:498)
	at org.codehaus.groovy.reflection.CachedMethod.invoke(CachedMethod.java:101)
	at groovy.lang.MetaMethod.doMethodInvoke(MetaMethod.java:323)
	at org.codehaus.groovy.runtime.metaclass.ClosureMetaClass.invokeMethod(ClosureMetaClass.java:263)
	at groovy.lang.MetaClassImpl.invokeMethod(MetaClassImpl.java:1041)
	at groovy.lang.Closure.call(Closure.java:405)
	at groovy.lang.Closure.call(Closure.java:421)
	at org.codehaus.groovy.runtime.DefaultGroovyMethods.each(DefaultGroovyMethods.java:2330)
	at org.codehaus.groovy.runtime.DefaultGroovyMethods.each(DefaultGroovyMethods.java:2315)
	at org.codehaus.groovy.runtime.DefaultGroovyMethods.each(DefaultGroovyMethods.java:2356)
	at org.codehaus.groovy.runtime.dgm$186.invoke(Unknown Source)
	at org.codehaus.groovy.runtime.callsite.PojoMetaMethodSite$PojoMetaMethodSiteNoUnwrapNoCoerce.invoke(PojoMetaMethodSite.java:244)
	at org.codehaus.groovy.runtime.callsite.PojoMetaMethodSite.call(PojoMetaMethodSite.java:53)
	at org.codehaus.groovy.runtime.callsite.CallSiteArray.defaultCall(CallSiteArray.java:47)
	at org.codehaus.groovy.runtime.callsite.AbstractCallSite.call(AbstractCallSite.java:115)
	at org.codehaus.groovy.runtime.callsite.AbstractCallSite.call(AbstractCallSite.java:127)
	at org.apache.nifi.properties.AESSensitivePropertyProviderTest.testShouldHandleUnprotectMalformedValue(AESSensitivePropertyProviderTest.groovy:276)
	at sun.reflect.NativeMethodAccessorImpl.invoke0(Native Method)
	at sun.reflect.NativeMethodAccessorImpl.invoke(NativeMethodAccessorImpl.java:62)
	at sun.reflect.DelegatingMethodAccessorImpl.invoke(DelegatingMethodAccessorImpl.java:43)
	at java.lang.reflect.Method.invoke(Method.java:498)
	at org.junit.platform.commons.util.ReflectionUtils.invokeMethod(ReflectionUtils.java:688)
	at org.junit.jupiter.engine.execution.MethodInvocation.proceed(MethodInvocation.java:60)
	at org.junit.jupiter.engine.execution.InvocationInterceptorChain$ValidatingInvocation.proceed(InvocationInterceptorChain.java:131)
	at org.junit.jupiter.engine.extension.TimeoutExtension.intercept(TimeoutExtension.java:149)
	at org.junit.jupiter.engine.extension.TimeoutExtension.interceptTestableMethod(TimeoutExtension.java:140)
	at org.junit.jupiter.engine.extension.TimeoutExtension.interceptTestMethod(TimeoutExtension.java:84)
	at org.junit.jupiter.engine.execution.ExecutableInvoker$ReflectiveInterceptorCall.lambda$ofVoidMethod$0(ExecutableInvoker.java:115)
	at org.junit.jupiter.engine.execution.ExecutableInvoker.lambda$invoke$0(ExecutableInvoker.java:105)
	at org.junit.jupiter.engine.execution.InvocationInterceptorChain$InterceptedInvocation.proceed(InvocationInterceptorChain.java:106)
	at org.junit.jupiter.engine.execution.InvocationInterceptorChain.proceed(InvocationInterceptorChain.java:64)
	at org.junit.jupiter.engine.execution.InvocationInterceptorChain.chainAndInvoke(InvocationInterceptorChain.java:45)
	at org.junit.jupiter.engine.execution.InvocationInterceptorChain.invoke(InvocationInterceptorChain.java:37)
	at org.junit.jupiter.engine.execution.ExecutableInvoker.invoke(ExecutableInvoker.java:104)
	at org.junit.jupiter.engine.execution.ExecutableInvoker.invoke(ExecutableInvoker.java:98)
	at org.junit.jupiter.engine.descriptor.TestMethodTestDescriptor.lambda$invokeTestMethod$6(TestMethodTestDescriptor.java:210)
	at org.junit.platform.engine.support.hierarchical.ThrowableCollector.execute(ThrowableCollector.java:73)
	at org.junit.jupiter.engine.descriptor.TestMethodTestDescriptor.invokeTestMethod(TestMethodTestDescriptor.java:206)
	at org.junit.jupiter.engine.descriptor.TestMethodTestDescriptor.execute(TestMethodTestDescriptor.java:131)
	at org.junit.jupiter.engine.descriptor.TestMethodTestDescriptor.execute(TestMethodTestDescriptor.java:65)
	at org.junit.platform.engine.support.hierarchical.NodeTestTask.lambda$executeRecursively$5(NodeTestTask.java:139)
	at org.junit.platform.engine.support.hierarchical.ThrowableCollector.execute(ThrowableCollector.java:73)
	at org.junit.platform.engine.support.hierarchical.NodeTestTask.lambda$executeRecursively$7(NodeTestTask.java:129)
	at org.junit.platform.engine.support.hierarchical.Node.around(Node.java:137)
	at org.junit.platform.engine.support.hierarchical.NodeTestTask.lambda$executeRecursively$8(NodeTestTask.java:127)
	at org.junit.platform.engine.support.hierarchical.ThrowableCollector.execute(ThrowableCollector.java:73)
	at org.junit.platform.engine.support.hierarchical.NodeTestTask.executeRecursively(NodeTestTask.java:126)
	at org.junit.platform.engine.support.hierarchical.NodeTestTask.execute(NodeTestTask.java:84)
	at java.util.ArrayList.forEach(ArrayList.java:1259)
	at org.junit.platform.engine.support.hierarchical.SameThreadHierarchicalTestExecutorService.invokeAll(SameThreadHierarchicalTestExecutorService.java:38)
	at org.junit.platform.engine.support.hierarchical.NodeTestTask.lambda$executeRecursively$5(NodeTestTask.java:143)
	at org.junit.platform.engine.support.hierarchical.ThrowableCollector.execute(ThrowableCollector.java:73)
	at org.junit.platform.engine.support.hierarchical.NodeTestTask.lambda$executeRecursively$7(NodeTestTask.java:129)
	at org.junit.platform.engine.support.hierarchical.Node.around(Node.java:137)
	at org.junit.platform.engine.support.hierarchical.NodeTestTask.lambda$executeRecursively$8(NodeTestTask.java:127)
	at org.junit.platform.engine.support.hierarchical.ThrowableCollector.execute(ThrowableCollector.java:73)
	at org.junit.platform.engine.support.hierarchical.NodeTestTask.executeRecursively(NodeTestTask.java:126)
	at org.junit.platform.engine.support.hierarchical.NodeTestTask.execute(NodeTestTask.java:84)
	at java.util.ArrayList.forEach(ArrayList.java:1259)
	at org.junit.platform.engine.support.hierarchical.SameThreadHierarchicalTestExecutorService.invokeAll(SameThreadHierarchicalTestExecutorService.java:38)
	at org.junit.platform.engine.support.hierarchical.NodeTestTask.lambda$executeRecursively$5(NodeTestTask.java:143)
	at org.junit.platform.engine.support.hierarchical.ThrowableCollector.execute(ThrowableCollector.java:73)
	at org.junit.platform.engine.support.hierarchical.NodeTestTask.lambda$executeRecursively$7(NodeTestTask.java:129)
	at org.junit.platform.engine.support.hierarchical.Node.around(Node.java:137)
	at org.junit.platform.engine.support.hierarchical.NodeTestTask.lambda$executeRecursively$8(NodeTestTask.java:127)
	at org.junit.platform.engine.support.hierarchical.ThrowableCollector.execute(ThrowableCollector.java:73)
	at org.junit.platform.engine.support.hierarchical.NodeTestTask.executeRecursively(NodeTestTask.java:126)
	at org.junit.platform.engine.support.hierarchical.NodeTestTask.execute(NodeTestTask.java:84)
	at org.junit.platform.engine.support.hierarchical.SameThreadHierarchicalTestExecutorService.submit(SameThreadHierarchicalTestExecutorService.java:32)
	at org.junit.platform.engine.support.hierarchical.HierarchicalTestExecutor.execute(HierarchicalTestExecutor.java:57)
	at org.junit.platform.engine.support.hierarchical.HierarchicalTestEngine.execute(HierarchicalTestEngine.java:51)
	at org.junit.platform.launcher.core.EngineExecutionOrchestrator.execute(EngineExecutionOrchestrator.java:108)
	at org.junit.platform.launcher.core.EngineExecutionOrchestrator.execute(EngineExecutionOrchestrator.java:88)
	at org.junit.platform.launcher.core.EngineExecutionOrchestrator.lambda$execute$0(EngineExecutionOrchestrator.java:54)
	at org.junit.platform.launcher.core.EngineExecutionOrchestrator.withInterceptedStreams(EngineExecutionOrchestrator.java:67)
	at org.junit.platform.launcher.core.EngineExecutionOrchestrator.execute(EngineExecutionOrchestrator.java:52)
	at org.junit.platform.launcher.core.DefaultLauncher.execute(DefaultLauncher.java:96)
	at org.junit.platform.launcher.core.DefaultLauncher.execute(DefaultLauncher.java:75)
	at org.apache.maven.surefire.junitplatform.JUnitPlatformProvider.execute(JUnitPlatformProvider.java:188)
	at org.apache.maven.surefire.junitplatform.JUnitPlatformProvider.invokeAllTests(JUnitPlatformProvider.java:154)
	at org.apache.maven.surefire.junitplatform.JUnitPlatformProvider.invoke(JUnitPlatformProvider.java:128)
	at org.apache.maven.surefire.booter.ForkedBooter.runSuitesInProcess(ForkedBooter.java:428)
	at org.apache.maven.surefire.booter.ForkedBooter.execute(ForkedBooter.java:162)
	at org.apache.maven.surefire.booter.ForkedBooter.run(ForkedBooter.java:562)
	at org.apache.maven.surefire.booter.ForkedBooter.main(ForkedBooter.java:548)
[main] INFO org.apache.nifi.properties.AESSensitivePropertyProviderTest - [EXPECTED] Error decrypting a protected value for keySize 192 and cipher text [m7G8PGSnYhtn+bCX||dmwv3xluCF/eSOAy1Jn5uur50hYNx7TvkjZs22GFeFbLyFH3vIklV+Y]
[main] INFO org.apache.nifi.properties.AESSensitivePropertyProviderTest - Initialized AES Sensitive Property Provider with key size 256
[main] INFO org.apache.nifi.properties.AESSensitivePropertyProviderTest - Manipulated fcuGQujsqDDUwAbp||wWiKmrChJQW0H5DCLzBsxsX2UYWEvt3/4GAoVHlbGUtTemdsIykXazU to
                                                                                          fcuGQujsqDDUwAbp||wWiKmrCJQWh0H5DCLzBsxsX2UYWEvt3/4GAoVHlbGUtTemdsIykXazU
[main] ERROR org.apache.nifi.properties.AESSensitivePropertyProvider - Error decrypting a protected value
javax.crypto.AEADBadTagException: mac check in GCM failed
	at sun.reflect.NativeConstructorAccessorImpl.newInstance0(Native Method)
	at sun.reflect.NativeConstructorAccessorImpl.newInstance(NativeConstructorAccessorImpl.java:62)
	at sun.reflect.DelegatingConstructorAccessorImpl.newInstance(DelegatingConstructorAccessorImpl.java:45)
	at java.lang.reflect.Constructor.newInstance(Constructor.java:423)
	at org.bouncycastle.jcajce.provider.symmetric.util.BaseBlockCipher$AEADGenericBlockCipher.doFinal(Unknown Source)
	at org.bouncycastle.jcajce.provider.symmetric.util.BaseBlockCipher.engineDoFinal(Unknown Source)
	at javax.crypto.Cipher.doFinal(Cipher.java:2168)
	at org.apache.nifi.properties.AESSensitivePropertyProvider.unprotect(AESSensitivePropertyProvider.java:241)
	at org.apache.nifi.properties.SensitivePropertyProvider$unprotect$0.call(Unknown Source)
	at org.apache.nifi.properties.AESSensitivePropertyProviderTest$_testShouldHandleUnprotectMalformedValue_closure23$_closure39.doCall(AESSensitivePropertyProviderTest.groovy:285)
	at org.apache.nifi.properties.AESSensitivePropertyProviderTest$_testShouldHandleUnprotectMalformedValue_closure23$_closure39.doCall(AESSensitivePropertyProviderTest.groovy)
	at sun.reflect.NativeMethodAccessorImpl.invoke0(Native Method)
	at sun.reflect.NativeMethodAccessorImpl.invoke(NativeMethodAccessorImpl.java:62)
	at sun.reflect.DelegatingMethodAccessorImpl.invoke(DelegatingMethodAccessorImpl.java:43)
	at java.lang.reflect.Method.invoke(Method.java:498)
	at org.codehaus.groovy.reflection.CachedMethod.invoke(CachedMethod.java:101)
	at groovy.lang.MetaMethod.doMethodInvoke(MetaMethod.java:323)
	at org.codehaus.groovy.runtime.metaclass.ClosureMetaClass.invokeMethod(ClosureMetaClass.java:263)
	at groovy.lang.MetaClassImpl.invokeMethod(MetaClassImpl.java:1041)
	at groovy.lang.Closure.call(Closure.java:405)
	at groovy.lang.Closure.call(Closure.java:399)
	at groovy.test.GroovyAssert.shouldFail(GroovyAssert.java:118)
	at groovy.util.GroovyTestCase.shouldFail(GroovyTestCase.java:216)
	at sun.reflect.GeneratedMethodAccessor14.invoke(Unknown Source)
	at sun.reflect.DelegatingMethodAccessorImpl.invoke(DelegatingMethodAccessorImpl.java:43)
	at java.lang.reflect.Method.invoke(Method.java:498)
	at org.codehaus.groovy.reflection.CachedMethod.invoke(CachedMethod.java:101)
	at groovy.lang.MetaMethod.doMethodInvoke(MetaMethod.java:323)
	at org.codehaus.groovy.runtime.metaclass.ClosureMetaClass.invokeMethod(ClosureMetaClass.java:351)
	at org.codehaus.groovy.runtime.callsite.PogoMetaClassSite.callCurrent(PogoMetaClassSite.java:64)
	at org.codehaus.groovy.runtime.callsite.AbstractCallSite.callCurrent(AbstractCallSite.java:176)
	at org.apache.nifi.properties.AESSensitivePropertyProviderTest$_testShouldHandleUnprotectMalformedValue_closure23.doCall(AESSensitivePropertyProviderTest.groovy:284)
	at sun.reflect.NativeMethodAccessorImpl.invoke0(Native Method)
	at sun.reflect.NativeMethodAccessorImpl.invoke(NativeMethodAccessorImpl.java:62)
	at sun.reflect.DelegatingMethodAccessorImpl.invoke(DelegatingMethodAccessorImpl.java:43)
	at java.lang.reflect.Method.invoke(Method.java:498)
	at org.codehaus.groovy.reflection.CachedMethod.invoke(CachedMethod.java:101)
	at groovy.lang.MetaMethod.doMethodInvoke(MetaMethod.java:323)
	at org.codehaus.groovy.runtime.metaclass.ClosureMetaClass.invokeMethod(ClosureMetaClass.java:263)
	at groovy.lang.MetaClassImpl.invokeMethod(MetaClassImpl.java:1041)
	at groovy.lang.Closure.call(Closure.java:405)
	at groovy.lang.Closure.call(Closure.java:421)
	at org.codehaus.groovy.runtime.DefaultGroovyMethods.each(DefaultGroovyMethods.java:2330)
	at org.codehaus.groovy.runtime.DefaultGroovyMethods.each(DefaultGroovyMethods.java:2315)
	at org.codehaus.groovy.runtime.DefaultGroovyMethods.each(DefaultGroovyMethods.java:2356)
	at org.codehaus.groovy.runtime.dgm$186.invoke(Unknown Source)
	at org.codehaus.groovy.runtime.callsite.PojoMetaMethodSite$PojoMetaMethodSiteNoUnwrapNoCoerce.invoke(PojoMetaMethodSite.java:244)
	at org.codehaus.groovy.runtime.callsite.PojoMetaMethodSite.call(PojoMetaMethodSite.java:53)
	at org.codehaus.groovy.runtime.callsite.CallSiteArray.defaultCall(CallSiteArray.java:47)
	at org.codehaus.groovy.runtime.callsite.AbstractCallSite.call(AbstractCallSite.java:115)
	at org.codehaus.groovy.runtime.callsite.AbstractCallSite.call(AbstractCallSite.java:127)
	at org.apache.nifi.properties.AESSensitivePropertyProviderTest.testShouldHandleUnprotectMalformedValue(AESSensitivePropertyProviderTest.groovy:276)
	at sun.reflect.NativeMethodAccessorImpl.invoke0(Native Method)
	at sun.reflect.NativeMethodAccessorImpl.invoke(NativeMethodAccessorImpl.java:62)
	at sun.reflect.DelegatingMethodAccessorImpl.invoke(DelegatingMethodAccessorImpl.java:43)
	at java.lang.reflect.Method.invoke(Method.java:498)
	at org.junit.platform.commons.util.ReflectionUtils.invokeMethod(ReflectionUtils.java:688)
	at org.junit.jupiter.engine.execution.MethodInvocation.proceed(MethodInvocation.java:60)
	at org.junit.jupiter.engine.execution.InvocationInterceptorChain$ValidatingInvocation.proceed(InvocationInterceptorChain.java:131)
	at org.junit.jupiter.engine.extension.TimeoutExtension.intercept(TimeoutExtension.java:149)
	at org.junit.jupiter.engine.extension.TimeoutExtension.interceptTestableMethod(TimeoutExtension.java:140)
	at org.junit.jupiter.engine.extension.TimeoutExtension.interceptTestMethod(TimeoutExtension.java:84)
	at org.junit.jupiter.engine.execution.ExecutableInvoker$ReflectiveInterceptorCall.lambda$ofVoidMethod$0(ExecutableInvoker.java:115)
	at org.junit.jupiter.engine.execution.ExecutableInvoker.lambda$invoke$0(ExecutableInvoker.java:105)
	at org.junit.jupiter.engine.execution.InvocationInterceptorChain$InterceptedInvocation.proceed(InvocationInterceptorChain.java:106)
	at org.junit.jupiter.engine.execution.InvocationInterceptorChain.proceed(InvocationInterceptorChain.java:64)
	at org.junit.jupiter.engine.execution.InvocationInterceptorChain.chainAndInvoke(InvocationInterceptorChain.java:45)
	at org.junit.jupiter.engine.execution.InvocationInterceptorChain.invoke(InvocationInterceptorChain.java:37)
	at org.junit.jupiter.engine.execution.ExecutableInvoker.invoke(ExecutableInvoker.java:104)
	at org.junit.jupiter.engine.execution.ExecutableInvoker.invoke(ExecutableInvoker.java:98)
	at org.junit.jupiter.engine.descriptor.TestMethodTestDescriptor.lambda$invokeTestMethod$6(TestMethodTestDescriptor.java:210)
	at org.junit.platform.engine.support.hierarchical.ThrowableCollector.execute(ThrowableCollector.java:73)
	at org.junit.jupiter.engine.descriptor.TestMethodTestDescriptor.invokeTestMethod(TestMethodTestDescriptor.java:206)
	at org.junit.jupiter.engine.descriptor.TestMethodTestDescriptor.execute(TestMethodTestDescriptor.java:131)
	at org.junit.jupiter.engine.descriptor.TestMethodTestDescriptor.execute(TestMethodTestDescriptor.java:65)
	at org.junit.platform.engine.support.hierarchical.NodeTestTask.lambda$executeRecursively$5(NodeTestTask.java:139)
	at org.junit.platform.engine.support.hierarchical.ThrowableCollector.execute(ThrowableCollector.java:73)
	at org.junit.platform.engine.support.hierarchical.NodeTestTask.lambda$executeRecursively$7(NodeTestTask.java:129)
	at org.junit.platform.engine.support.hierarchical.Node.around(Node.java:137)
	at org.junit.platform.engine.support.hierarchical.NodeTestTask.lambda$executeRecursively$8(NodeTestTask.java:127)
	at org.junit.platform.engine.support.hierarchical.ThrowableCollector.execute(ThrowableCollector.java:73)
	at org.junit.platform.engine.support.hierarchical.NodeTestTask.executeRecursively(NodeTestTask.java:126)
	at org.junit.platform.engine.support.hierarchical.NodeTestTask.execute(NodeTestTask.java:84)
	at java.util.ArrayList.forEach(ArrayList.java:1259)
	at org.junit.platform.engine.support.hierarchical.SameThreadHierarchicalTestExecutorService.invokeAll(SameThreadHierarchicalTestExecutorService.java:38)
	at org.junit.platform.engine.support.hierarchical.NodeTestTask.lambda$executeRecursively$5(NodeTestTask.java:143)
	at org.junit.platform.engine.support.hierarchical.ThrowableCollector.execute(ThrowableCollector.java:73)
	at org.junit.platform.engine.support.hierarchical.NodeTestTask.lambda$executeRecursively$7(NodeTestTask.java:129)
	at org.junit.platform.engine.support.hierarchical.Node.around(Node.java:137)
	at org.junit.platform.engine.support.hierarchical.NodeTestTask.lambda$executeRecursively$8(NodeTestTask.java:127)
	at org.junit.platform.engine.support.hierarchical.ThrowableCollector.execute(ThrowableCollector.java:73)
	at org.junit.platform.engine.support.hierarchical.NodeTestTask.executeRecursively(NodeTestTask.java:126)
	at org.junit.platform.engine.support.hierarchical.NodeTestTask.execute(NodeTestTask.java:84)
	at java.util.ArrayList.forEach(ArrayList.java:1259)
	at org.junit.platform.engine.support.hierarchical.SameThreadHierarchicalTestExecutorService.invokeAll(SameThreadHierarchicalTestExecutorService.java:38)
	at org.junit.platform.engine.support.hierarchical.NodeTestTask.lambda$executeRecursively$5(NodeTestTask.java:143)
	at org.junit.platform.engine.support.hierarchical.ThrowableCollector.execute(ThrowableCollector.java:73)
	at org.junit.platform.engine.support.hierarchical.NodeTestTask.lambda$executeRecursively$7(NodeTestTask.java:129)
	at org.junit.platform.engine.support.hierarchical.Node.around(Node.java:137)
	at org.junit.platform.engine.support.hierarchical.NodeTestTask.lambda$executeRecursively$8(NodeTestTask.java:127)
	at org.junit.platform.engine.support.hierarchical.ThrowableCollector.execute(ThrowableCollector.java:73)
	at org.junit.platform.engine.support.hierarchical.NodeTestTask.executeRecursively(NodeTestTask.java:126)
	at org.junit.platform.engine.support.hierarchical.NodeTestTask.execute(NodeTestTask.java:84)
	at org.junit.platform.engine.support.hierarchical.SameThreadHierarchicalTestExecutorService.submit(SameThreadHierarchicalTestExecutorService.java:32)
	at org.junit.platform.engine.support.hierarchical.HierarchicalTestExecutor.execute(HierarchicalTestExecutor.java:57)
	at org.junit.platform.engine.support.hierarchical.HierarchicalTestEngine.execute(HierarchicalTestEngine.java:51)
	at org.junit.platform.launcher.core.EngineExecutionOrchestrator.execute(EngineExecutionOrchestrator.java:108)
	at org.junit.platform.launcher.core.EngineExecutionOrchestrator.execute(EngineExecutionOrchestrator.java:88)
	at org.junit.platform.launcher.core.EngineExecutionOrchestrator.lambda$execute$0(EngineExecutionOrchestrator.java:54)
	at org.junit.platform.launcher.core.EngineExecutionOrchestrator.withInterceptedStreams(EngineExecutionOrchestrator.java:67)
	at org.junit.platform.launcher.core.EngineExecutionOrchestrator.execute(EngineExecutionOrchestrator.java:52)
	at org.junit.platform.launcher.core.DefaultLauncher.execute(DefaultLauncher.java:96)
	at org.junit.platform.launcher.core.DefaultLauncher.execute(DefaultLauncher.java:75)
	at org.apache.maven.surefire.junitplatform.JUnitPlatformProvider.execute(JUnitPlatformProvider.java:188)
	at org.apache.maven.surefire.junitplatform.JUnitPlatformProvider.invokeAllTests(JUnitPlatformProvider.java:154)
	at org.apache.maven.surefire.junitplatform.JUnitPlatformProvider.invoke(JUnitPlatformProvider.java:128)
	at org.apache.maven.surefire.booter.ForkedBooter.runSuitesInProcess(ForkedBooter.java:428)
	at org.apache.maven.surefire.booter.ForkedBooter.execute(ForkedBooter.java:162)
	at org.apache.maven.surefire.booter.ForkedBooter.run(ForkedBooter.java:562)
	at org.apache.maven.surefire.booter.ForkedBooter.main(ForkedBooter.java:548)
[main] INFO org.apache.nifi.properties.AESSensitivePropertyProviderTest - [EXPECTED] Error decrypting a protected value for keySize 256 and cipher text [fcuGQujsqDDUwAbp||wWiKmrCJQWh0H5DCLzBsxsX2UYWEvt3/4GAoVHlbGUtTemdsIykXazU]
]]></system-err>
  </testcase>
  <testcase name="testShouldHandleUnprotectMalformedValue" classname="org.apache.nifi.properties.AESSensitivePropertyProviderTest" time="0.005">
    <system-err><![CDATA[[main] INFO org.apache.nifi.properties.AESSensitivePropertyProviderTest - Initialized AES Sensitive Property Provider with key size 128
[main] INFO org.apache.nifi.properties.AESSensitivePropertyProviderTest - Manipulated 4/yBhc+lWIi/4PP0||6MMEJGZkIwTyBNEB1WHgUerGjA/uK95iuXlRsn/6VfV8wuzlSBZgvQM to
                                                                                          4/yBhc+lWIi/4PP0||6MMEJGZkwITyBNEB1WHgUerGjA/uK95iuXlRsn/6VfV8wuzlSBZgvQM
[main] ERROR org.apache.nifi.properties.AESSensitivePropertyProvider - Error decrypting a protected value
javax.crypto.AEADBadTagException: mac check in GCM failed
	at sun.reflect.NativeConstructorAccessorImpl.newInstance0(Native Method)
	at sun.reflect.NativeConstructorAccessorImpl.newInstance(NativeConstructorAccessorImpl.java:62)
	at sun.reflect.DelegatingConstructorAccessorImpl.newInstance(DelegatingConstructorAccessorImpl.java:45)
	at java.lang.reflect.Constructor.newInstance(Constructor.java:423)
	at org.bouncycastle.jcajce.provider.symmetric.util.BaseBlockCipher$AEADGenericBlockCipher.doFinal(Unknown Source)
	at org.bouncycastle.jcajce.provider.symmetric.util.BaseBlockCipher.engineDoFinal(Unknown Source)
	at javax.crypto.Cipher.doFinal(Cipher.java:2168)
	at org.apache.nifi.properties.AESSensitivePropertyProvider.unprotect(AESSensitivePropertyProvider.java:241)
	at org.apache.nifi.properties.SensitivePropertyProvider$unprotect$0.call(Unknown Source)
	at org.apache.nifi.properties.AESSensitivePropertyProviderTest$_testShouldHandleUnprotectMalformedValue_closure23$_closure39.doCall(AESSensitivePropertyProviderTest.groovy:285)
	at org.apache.nifi.properties.AESSensitivePropertyProviderTest$_testShouldHandleUnprotectMalformedValue_closure23$_closure39.doCall(AESSensitivePropertyProviderTest.groovy)
	at sun.reflect.NativeMethodAccessorImpl.invoke0(Native Method)
	at sun.reflect.NativeMethodAccessorImpl.invoke(NativeMethodAccessorImpl.java:62)
	at sun.reflect.DelegatingMethodAccessorImpl.invoke(DelegatingMethodAccessorImpl.java:43)
	at java.lang.reflect.Method.invoke(Method.java:498)
	at org.codehaus.groovy.reflection.CachedMethod.invoke(CachedMethod.java:101)
	at groovy.lang.MetaMethod.doMethodInvoke(MetaMethod.java:323)
	at org.codehaus.groovy.runtime.metaclass.ClosureMetaClass.invokeMethod(ClosureMetaClass.java:263)
	at groovy.lang.MetaClassImpl.invokeMethod(MetaClassImpl.java:1041)
	at groovy.lang.Closure.call(Closure.java:405)
	at groovy.lang.Closure.call(Closure.java:399)
	at groovy.test.GroovyAssert.shouldFail(GroovyAssert.java:118)
	at groovy.util.GroovyTestCase.shouldFail(GroovyTestCase.java:216)
	at sun.reflect.GeneratedMethodAccessor14.invoke(Unknown Source)
	at sun.reflect.DelegatingMethodAccessorImpl.invoke(DelegatingMethodAccessorImpl.java:43)
	at java.lang.reflect.Method.invoke(Method.java:498)
	at org.codehaus.groovy.reflection.CachedMethod.invoke(CachedMethod.java:101)
	at groovy.lang.MetaMethod.doMethodInvoke(MetaMethod.java:323)
	at org.codehaus.groovy.runtime.metaclass.ClosureMetaClass.invokeMethod(ClosureMetaClass.java:351)
	at org.codehaus.groovy.runtime.callsite.PogoMetaClassSite.callCurrent(PogoMetaClassSite.java:64)
	at org.codehaus.groovy.runtime.callsite.AbstractCallSite.callCurrent(AbstractCallSite.java:176)
	at org.apache.nifi.properties.AESSensitivePropertyProviderTest$_testShouldHandleUnprotectMalformedValue_closure23.doCall(AESSensitivePropertyProviderTest.groovy:284)
	at sun.reflect.NativeMethodAccessorImpl.invoke0(Native Method)
	at sun.reflect.NativeMethodAccessorImpl.invoke(NativeMethodAccessorImpl.java:62)
	at sun.reflect.DelegatingMethodAccessorImpl.invoke(DelegatingMethodAccessorImpl.java:43)
	at java.lang.reflect.Method.invoke(Method.java:498)
	at org.codehaus.groovy.reflection.CachedMethod.invoke(CachedMethod.java:101)
	at groovy.lang.MetaMethod.doMethodInvoke(MetaMethod.java:323)
	at org.codehaus.groovy.runtime.metaclass.ClosureMetaClass.invokeMethod(ClosureMetaClass.java:263)
	at groovy.lang.MetaClassImpl.invokeMethod(MetaClassImpl.java:1041)
	at groovy.lang.Closure.call(Closure.java:405)
	at groovy.lang.Closure.call(Closure.java:421)
	at org.codehaus.groovy.runtime.DefaultGroovyMethods.each(DefaultGroovyMethods.java:2330)
	at org.codehaus.groovy.runtime.DefaultGroovyMethods.each(DefaultGroovyMethods.java:2315)
	at org.codehaus.groovy.runtime.DefaultGroovyMethods.each(DefaultGroovyMethods.java:2356)
	at org.codehaus.groovy.runtime.dgm$186.invoke(Unknown Source)
	at org.codehaus.groovy.runtime.callsite.PojoMetaMethodSite$PojoMetaMethodSiteNoUnwrapNoCoerce.invoke(PojoMetaMethodSite.java:244)
	at org.codehaus.groovy.runtime.callsite.PojoMetaMethodSite.call(PojoMetaMethodSite.java:53)
	at org.codehaus.groovy.runtime.callsite.AbstractCallSite.call(AbstractCallSite.java:127)
	at org.apache.nifi.properties.AESSensitivePropertyProviderTest.testShouldHandleUnprotectMalformedValue(AESSensitivePropertyProviderTest.groovy:276)
	at sun.reflect.NativeMethodAccessorImpl.invoke0(Native Method)
	at sun.reflect.NativeMethodAccessorImpl.invoke(NativeMethodAccessorImpl.java:62)
	at sun.reflect.DelegatingMethodAccessorImpl.invoke(DelegatingMethodAccessorImpl.java:43)
	at java.lang.reflect.Method.invoke(Method.java:498)
	at junit.framework.TestCase.runTest(TestCase.java:177)
	at junit.framework.TestCase.runBare(TestCase.java:142)
	at junit.framework.TestResult$1.protect(TestResult.java:122)
	at junit.framework.TestResult.runProtected(TestResult.java:142)
	at junit.framework.TestResult.run(TestResult.java:125)
	at junit.framework.TestCase.run(TestCase.java:130)
	at junit.framework.TestSuite.runTest(TestSuite.java:241)
	at junit.framework.TestSuite.run(TestSuite.java:236)
	at org.junit.internal.runners.JUnit38ClassRunner.run(JUnit38ClassRunner.java:90)
	at org.junit.runner.JUnitCore.run(JUnitCore.java:137)
	at org.junit.runner.JUnitCore.run(JUnitCore.java:115)
	at org.junit.vintage.engine.execution.RunnerExecutor.execute(RunnerExecutor.java:43)
	at java.util.stream.ForEachOps$ForEachOp$OfRef.accept(ForEachOps.java:183)
	at java.util.stream.ReferencePipeline$3$1.accept(ReferencePipeline.java:193)
	at java.util.Iterator.forEachRemaining(Iterator.java:116)
	at java.util.Spliterators$IteratorSpliterator.forEachRemaining(Spliterators.java:1801)
	at java.util.stream.AbstractPipeline.copyInto(AbstractPipeline.java:482)
	at java.util.stream.AbstractPipeline.wrapAndCopyInto(AbstractPipeline.java:472)
	at java.util.stream.ForEachOps$ForEachOp.evaluateSequential(ForEachOps.java:150)
	at java.util.stream.ForEachOps$ForEachOp$OfRef.evaluateSequential(ForEachOps.java:173)
	at java.util.stream.AbstractPipeline.evaluate(AbstractPipeline.java:234)
	at java.util.stream.ReferencePipeline.forEach(ReferencePipeline.java:485)
	at org.junit.vintage.engine.VintageTestEngine.executeAllChildren(VintageTestEngine.java:82)
	at org.junit.vintage.engine.VintageTestEngine.execute(VintageTestEngine.java:73)
	at org.junit.platform.launcher.core.EngineExecutionOrchestrator.execute(EngineExecutionOrchestrator.java:108)
	at org.junit.platform.launcher.core.EngineExecutionOrchestrator.execute(EngineExecutionOrchestrator.java:88)
	at org.junit.platform.launcher.core.EngineExecutionOrchestrator.lambda$execute$0(EngineExecutionOrchestrator.java:54)
	at org.junit.platform.launcher.core.EngineExecutionOrchestrator.withInterceptedStreams(EngineExecutionOrchestrator.java:67)
	at org.junit.platform.launcher.core.EngineExecutionOrchestrator.execute(EngineExecutionOrchestrator.java:52)
	at org.junit.platform.launcher.core.DefaultLauncher.execute(DefaultLauncher.java:96)
	at org.junit.platform.launcher.core.DefaultLauncher.execute(DefaultLauncher.java:75)
	at org.apache.maven.surefire.junitplatform.JUnitPlatformProvider.execute(JUnitPlatformProvider.java:188)
	at org.apache.maven.surefire.junitplatform.JUnitPlatformProvider.invokeAllTests(JUnitPlatformProvider.java:154)
	at org.apache.maven.surefire.junitplatform.JUnitPlatformProvider.invoke(JUnitPlatformProvider.java:128)
	at org.apache.maven.surefire.booter.ForkedBooter.runSuitesInProcess(ForkedBooter.java:428)
	at org.apache.maven.surefire.booter.ForkedBooter.execute(ForkedBooter.java:162)
	at org.apache.maven.surefire.booter.ForkedBooter.run(ForkedBooter.java:562)
	at org.apache.maven.surefire.booter.ForkedBooter.main(ForkedBooter.java:548)
[main] INFO org.apache.nifi.properties.AESSensitivePropertyProviderTest - [EXPECTED] Error decrypting a protected value for keySize 128 and cipher text [4/yBhc+lWIi/4PP0||6MMEJGZkwITyBNEB1WHgUerGjA/uK95iuXlRsn/6VfV8wuzlSBZgvQM]
[main] INFO org.apache.nifi.properties.AESSensitivePropertyProviderTest - Initialized AES Sensitive Property Provider with key size 192
[main] INFO org.apache.nifi.properties.AESSensitivePropertyProviderTest - Manipulated o9ZqNMipkEu+pWbr||HRSZP7cOLYDg4csqcLNcass/gbq9tglVgkOiEgrry5wu2VyFGRdH3yk to
                                                                                          o9ZqNMipkEu+pWbr||HRSZP7cODYLg4csqcLNcass/gbq9tglVgkOiEgrry5wu2VyFGRdH3yk
[main] ERROR org.apache.nifi.properties.AESSensitivePropertyProvider - Error decrypting a protected value
javax.crypto.AEADBadTagException: mac check in GCM failed
	at sun.reflect.NativeConstructorAccessorImpl.newInstance0(Native Method)
	at sun.reflect.NativeConstructorAccessorImpl.newInstance(NativeConstructorAccessorImpl.java:62)
	at sun.reflect.DelegatingConstructorAccessorImpl.newInstance(DelegatingConstructorAccessorImpl.java:45)
	at java.lang.reflect.Constructor.newInstance(Constructor.java:423)
	at org.bouncycastle.jcajce.provider.symmetric.util.BaseBlockCipher$AEADGenericBlockCipher.doFinal(Unknown Source)
	at org.bouncycastle.jcajce.provider.symmetric.util.BaseBlockCipher.engineDoFinal(Unknown Source)
	at javax.crypto.Cipher.doFinal(Cipher.java:2168)
	at org.apache.nifi.properties.AESSensitivePropertyProvider.unprotect(AESSensitivePropertyProvider.java:241)
	at org.apache.nifi.properties.SensitivePropertyProvider$unprotect$0.call(Unknown Source)
	at org.apache.nifi.properties.AESSensitivePropertyProviderTest$_testShouldHandleUnprotectMalformedValue_closure23$_closure39.doCall(AESSensitivePropertyProviderTest.groovy:285)
	at org.apache.nifi.properties.AESSensitivePropertyProviderTest$_testShouldHandleUnprotectMalformedValue_closure23$_closure39.doCall(AESSensitivePropertyProviderTest.groovy)
	at sun.reflect.NativeMethodAccessorImpl.invoke0(Native Method)
	at sun.reflect.NativeMethodAccessorImpl.invoke(NativeMethodAccessorImpl.java:62)
	at sun.reflect.DelegatingMethodAccessorImpl.invoke(DelegatingMethodAccessorImpl.java:43)
	at java.lang.reflect.Method.invoke(Method.java:498)
	at org.codehaus.groovy.reflection.CachedMethod.invoke(CachedMethod.java:101)
	at groovy.lang.MetaMethod.doMethodInvoke(MetaMethod.java:323)
	at org.codehaus.groovy.runtime.metaclass.ClosureMetaClass.invokeMethod(ClosureMetaClass.java:263)
	at groovy.lang.MetaClassImpl.invokeMethod(MetaClassImpl.java:1041)
	at groovy.lang.Closure.call(Closure.java:405)
	at groovy.lang.Closure.call(Closure.java:399)
	at groovy.test.GroovyAssert.shouldFail(GroovyAssert.java:118)
	at groovy.util.GroovyTestCase.shouldFail(GroovyTestCase.java:216)
	at sun.reflect.GeneratedMethodAccessor14.invoke(Unknown Source)
	at sun.reflect.DelegatingMethodAccessorImpl.invoke(DelegatingMethodAccessorImpl.java:43)
	at java.lang.reflect.Method.invoke(Method.java:498)
	at org.codehaus.groovy.reflection.CachedMethod.invoke(CachedMethod.java:101)
	at groovy.lang.MetaMethod.doMethodInvoke(MetaMethod.java:323)
	at org.codehaus.groovy.runtime.metaclass.ClosureMetaClass.invokeMethod(ClosureMetaClass.java:351)
	at org.codehaus.groovy.runtime.callsite.PogoMetaClassSite.callCurrent(PogoMetaClassSite.java:64)
	at org.codehaus.groovy.runtime.callsite.AbstractCallSite.callCurrent(AbstractCallSite.java:176)
	at org.apache.nifi.properties.AESSensitivePropertyProviderTest$_testShouldHandleUnprotectMalformedValue_closure23.doCall(AESSensitivePropertyProviderTest.groovy:284)
	at sun.reflect.NativeMethodAccessorImpl.invoke0(Native Method)
	at sun.reflect.NativeMethodAccessorImpl.invoke(NativeMethodAccessorImpl.java:62)
	at sun.reflect.DelegatingMethodAccessorImpl.invoke(DelegatingMethodAccessorImpl.java:43)
	at java.lang.reflect.Method.invoke(Method.java:498)
	at org.codehaus.groovy.reflection.CachedMethod.invoke(CachedMethod.java:101)
	at groovy.lang.MetaMethod.doMethodInvoke(MetaMethod.java:323)
	at org.codehaus.groovy.runtime.metaclass.ClosureMetaClass.invokeMethod(ClosureMetaClass.java:263)
	at groovy.lang.MetaClassImpl.invokeMethod(MetaClassImpl.java:1041)
	at groovy.lang.Closure.call(Closure.java:405)
	at groovy.lang.Closure.call(Closure.java:421)
	at org.codehaus.groovy.runtime.DefaultGroovyMethods.each(DefaultGroovyMethods.java:2330)
	at org.codehaus.groovy.runtime.DefaultGroovyMethods.each(DefaultGroovyMethods.java:2315)
	at org.codehaus.groovy.runtime.DefaultGroovyMethods.each(DefaultGroovyMethods.java:2356)
	at org.codehaus.groovy.runtime.dgm$186.invoke(Unknown Source)
	at org.codehaus.groovy.runtime.callsite.PojoMetaMethodSite$PojoMetaMethodSiteNoUnwrapNoCoerce.invoke(PojoMetaMethodSite.java:244)
	at org.codehaus.groovy.runtime.callsite.PojoMetaMethodSite.call(PojoMetaMethodSite.java:53)
	at org.codehaus.groovy.runtime.callsite.AbstractCallSite.call(AbstractCallSite.java:127)
	at org.apache.nifi.properties.AESSensitivePropertyProviderTest.testShouldHandleUnprotectMalformedValue(AESSensitivePropertyProviderTest.groovy:276)
	at sun.reflect.NativeMethodAccessorImpl.invoke0(Native Method)
	at sun.reflect.NativeMethodAccessorImpl.invoke(NativeMethodAccessorImpl.java:62)
	at sun.reflect.DelegatingMethodAccessorImpl.invoke(DelegatingMethodAccessorImpl.java:43)
	at java.lang.reflect.Method.invoke(Method.java:498)
	at junit.framework.TestCase.runTest(TestCase.java:177)
	at junit.framework.TestCase.runBare(TestCase.java:142)
	at junit.framework.TestResult$1.protect(TestResult.java:122)
	at junit.framework.TestResult.runProtected(TestResult.java:142)
	at junit.framework.TestResult.run(TestResult.java:125)
	at junit.framework.TestCase.run(TestCase.java:130)
	at junit.framework.TestSuite.runTest(TestSuite.java:241)
	at junit.framework.TestSuite.run(TestSuite.java:236)
	at org.junit.internal.runners.JUnit38ClassRunner.run(JUnit38ClassRunner.java:90)
	at org.junit.runner.JUnitCore.run(JUnitCore.java:137)
	at org.junit.runner.JUnitCore.run(JUnitCore.java:115)
	at org.junit.vintage.engine.execution.RunnerExecutor.execute(RunnerExecutor.java:43)
	at java.util.stream.ForEachOps$ForEachOp$OfRef.accept(ForEachOps.java:183)
	at java.util.stream.ReferencePipeline$3$1.accept(ReferencePipeline.java:193)
	at java.util.Iterator.forEachRemaining(Iterator.java:116)
	at java.util.Spliterators$IteratorSpliterator.forEachRemaining(Spliterators.java:1801)
	at java.util.stream.AbstractPipeline.copyInto(AbstractPipeline.java:482)
	at java.util.stream.AbstractPipeline.wrapAndCopyInto(AbstractPipeline.java:472)
	at java.util.stream.ForEachOps$ForEachOp.evaluateSequential(ForEachOps.java:150)
	at java.util.stream.ForEachOps$ForEachOp$OfRef.evaluateSequential(ForEachOps.java:173)
	at java.util.stream.AbstractPipeline.evaluate(AbstractPipeline.java:234)
	at java.util.stream.ReferencePipeline.forEach(ReferencePipeline.java:485)
	at org.junit.vintage.engine.VintageTestEngine.executeAllChildren(VintageTestEngine.java:82)
	at org.junit.vintage.engine.VintageTestEngine.execute(VintageTestEngine.java:73)
	at org.junit.platform.launcher.core.EngineExecutionOrchestrator.execute(EngineExecutionOrchestrator.java:108)
	at org.junit.platform.launcher.core.EngineExecutionOrchestrator.execute(EngineExecutionOrchestrator.java:88)
	at org.junit.platform.launcher.core.EngineExecutionOrchestrator.lambda$execute$0(EngineExecutionOrchestrator.java:54)
	at org.junit.platform.launcher.core.EngineExecutionOrchestrator.withInterceptedStreams(EngineExecutionOrchestrator.java:67)
	at org.junit.platform.launcher.core.EngineExecutionOrchestrator.execute(EngineExecutionOrchestrator.java:52)
	at org.junit.platform.launcher.core.DefaultLauncher.execute(DefaultLauncher.java:96)
	at org.junit.platform.launcher.core.DefaultLauncher.execute(DefaultLauncher.java:75)
	at org.apache.maven.surefire.junitplatform.JUnitPlatformProvider.execute(JUnitPlatformProvider.java:188)
	at org.apache.maven.surefire.junitplatform.JUnitPlatformProvider.invokeAllTests(JUnitPlatformProvider.java:154)
	at org.apache.maven.surefire.junitplatform.JUnitPlatformProvider.invoke(JUnitPlatformProvider.java:128)
	at org.apache.maven.surefire.booter.ForkedBooter.runSuitesInProcess(ForkedBooter.java:428)
	at org.apache.maven.surefire.booter.ForkedBooter.execute(ForkedBooter.java:162)
	at org.apache.maven.surefire.booter.ForkedBooter.run(ForkedBooter.java:562)
	at org.apache.maven.surefire.booter.ForkedBooter.main(ForkedBooter.java:548)
[main] INFO org.apache.nifi.properties.AESSensitivePropertyProviderTest - [EXPECTED] Error decrypting a protected value for keySize 192 and cipher text [o9ZqNMipkEu+pWbr||HRSZP7cODYLg4csqcLNcass/gbq9tglVgkOiEgrry5wu2VyFGRdH3yk]
[main] INFO org.apache.nifi.properties.AESSensitivePropertyProviderTest - Initialized AES Sensitive Property Provider with key size 256
[main] INFO org.apache.nifi.properties.AESSensitivePropertyProviderTest - Manipulated 5eFg/PLkbi4CtAXA||Vx7pMFmD0WJon5HfaYJj2cJ2DyQGfhMScRFJ+jrxoXurzmcMvF8UahE to
                                                                                          5eFg/PLkbi4CtAXA||Vx7pMFmJW0Don5HfaYJj2cJ2DyQGfhMScRFJ+jrxoXurzmcMvF8UahE
[main] ERROR org.apache.nifi.properties.AESSensitivePropertyProvider - Error decrypting a protected value
javax.crypto.AEADBadTagException: mac check in GCM failed
	at sun.reflect.NativeConstructorAccessorImpl.newInstance0(Native Method)
	at sun.reflect.NativeConstructorAccessorImpl.newInstance(NativeConstructorAccessorImpl.java:62)
	at sun.reflect.DelegatingConstructorAccessorImpl.newInstance(DelegatingConstructorAccessorImpl.java:45)
	at java.lang.reflect.Constructor.newInstance(Constructor.java:423)
	at org.bouncycastle.jcajce.provider.symmetric.util.BaseBlockCipher$AEADGenericBlockCipher.doFinal(Unknown Source)
	at org.bouncycastle.jcajce.provider.symmetric.util.BaseBlockCipher.engineDoFinal(Unknown Source)
	at javax.crypto.Cipher.doFinal(Cipher.java:2168)
	at org.apache.nifi.properties.AESSensitivePropertyProvider.unprotect(AESSensitivePropertyProvider.java:241)
	at org.apache.nifi.properties.SensitivePropertyProvider$unprotect$0.call(Unknown Source)
	at org.apache.nifi.properties.AESSensitivePropertyProviderTest$_testShouldHandleUnprotectMalformedValue_closure23$_closure39.doCall(AESSensitivePropertyProviderTest.groovy:285)
	at org.apache.nifi.properties.AESSensitivePropertyProviderTest$_testShouldHandleUnprotectMalformedValue_closure23$_closure39.doCall(AESSensitivePropertyProviderTest.groovy)
	at sun.reflect.NativeMethodAccessorImpl.invoke0(Native Method)
	at sun.reflect.NativeMethodAccessorImpl.invoke(NativeMethodAccessorImpl.java:62)
	at sun.reflect.DelegatingMethodAccessorImpl.invoke(DelegatingMethodAccessorImpl.java:43)
	at java.lang.reflect.Method.invoke(Method.java:498)
	at org.codehaus.groovy.reflection.CachedMethod.invoke(CachedMethod.java:101)
	at groovy.lang.MetaMethod.doMethodInvoke(MetaMethod.java:323)
	at org.codehaus.groovy.runtime.metaclass.ClosureMetaClass.invokeMethod(ClosureMetaClass.java:263)
	at groovy.lang.MetaClassImpl.invokeMethod(MetaClassImpl.java:1041)
	at groovy.lang.Closure.call(Closure.java:405)
	at groovy.lang.Closure.call(Closure.java:399)
	at groovy.test.GroovyAssert.shouldFail(GroovyAssert.java:118)
	at groovy.util.GroovyTestCase.shouldFail(GroovyTestCase.java:216)
	at sun.reflect.GeneratedMethodAccessor14.invoke(Unknown Source)
	at sun.reflect.DelegatingMethodAccessorImpl.invoke(DelegatingMethodAccessorImpl.java:43)
	at java.lang.reflect.Method.invoke(Method.java:498)
	at org.codehaus.groovy.reflection.CachedMethod.invoke(CachedMethod.java:101)
	at groovy.lang.MetaMethod.doMethodInvoke(MetaMethod.java:323)
	at org.codehaus.groovy.runtime.metaclass.ClosureMetaClass.invokeMethod(ClosureMetaClass.java:351)
	at org.codehaus.groovy.runtime.callsite.PogoMetaClassSite.callCurrent(PogoMetaClassSite.java:64)
	at org.codehaus.groovy.runtime.callsite.AbstractCallSite.callCurrent(AbstractCallSite.java:176)
	at org.apache.nifi.properties.AESSensitivePropertyProviderTest$_testShouldHandleUnprotectMalformedValue_closure23.doCall(AESSensitivePropertyProviderTest.groovy:284)
	at sun.reflect.NativeMethodAccessorImpl.invoke0(Native Method)
	at sun.reflect.NativeMethodAccessorImpl.invoke(NativeMethodAccessorImpl.java:62)
	at sun.reflect.DelegatingMethodAccessorImpl.invoke(DelegatingMethodAccessorImpl.java:43)
	at java.lang.reflect.Method.invoke(Method.java:498)
	at org.codehaus.groovy.reflection.CachedMethod.invoke(CachedMethod.java:101)
	at groovy.lang.MetaMethod.doMethodInvoke(MetaMethod.java:323)
	at org.codehaus.groovy.runtime.metaclass.ClosureMetaClass.invokeMethod(ClosureMetaClass.java:263)
	at groovy.lang.MetaClassImpl.invokeMethod(MetaClassImpl.java:1041)
	at groovy.lang.Closure.call(Closure.java:405)
	at groovy.lang.Closure.call(Closure.java:421)
	at org.codehaus.groovy.runtime.DefaultGroovyMethods.each(DefaultGroovyMethods.java:2330)
	at org.codehaus.groovy.runtime.DefaultGroovyMethods.each(DefaultGroovyMethods.java:2315)
	at org.codehaus.groovy.runtime.DefaultGroovyMethods.each(DefaultGroovyMethods.java:2356)
	at org.codehaus.groovy.runtime.dgm$186.invoke(Unknown Source)
	at org.codehaus.groovy.runtime.callsite.PojoMetaMethodSite$PojoMetaMethodSiteNoUnwrapNoCoerce.invoke(PojoMetaMethodSite.java:244)
	at org.codehaus.groovy.runtime.callsite.PojoMetaMethodSite.call(PojoMetaMethodSite.java:53)
	at org.codehaus.groovy.runtime.callsite.AbstractCallSite.call(AbstractCallSite.java:127)
	at org.apache.nifi.properties.AESSensitivePropertyProviderTest.testShouldHandleUnprotectMalformedValue(AESSensitivePropertyProviderTest.groovy:276)
	at sun.reflect.NativeMethodAccessorImpl.invoke0(Native Method)
	at sun.reflect.NativeMethodAccessorImpl.invoke(NativeMethodAccessorImpl.java:62)
	at sun.reflect.DelegatingMethodAccessorImpl.invoke(DelegatingMethodAccessorImpl.java:43)
	at java.lang.reflect.Method.invoke(Method.java:498)
	at junit.framework.TestCase.runTest(TestCase.java:177)
	at junit.framework.TestCase.runBare(TestCase.java:142)
	at junit.framework.TestResult$1.protect(TestResult.java:122)
	at junit.framework.TestResult.runProtected(TestResult.java:142)
	at junit.framework.TestResult.run(TestResult.java:125)
	at junit.framework.TestCase.run(TestCase.java:130)
	at junit.framework.TestSuite.runTest(TestSuite.java:241)
	at junit.framework.TestSuite.run(TestSuite.java:236)
	at org.junit.internal.runners.JUnit38ClassRunner.run(JUnit38ClassRunner.java:90)
	at org.junit.runner.JUnitCore.run(JUnitCore.java:137)
	at org.junit.runner.JUnitCore.run(JUnitCore.java:115)
	at org.junit.vintage.engine.execution.RunnerExecutor.execute(RunnerExecutor.java:43)
	at java.util.stream.ForEachOps$ForEachOp$OfRef.accept(ForEachOps.java:183)
	at java.util.stream.ReferencePipeline$3$1.accept(ReferencePipeline.java:193)
	at java.util.Iterator.forEachRemaining(Iterator.java:116)
	at java.util.Spliterators$IteratorSpliterator.forEachRemaining(Spliterators.java:1801)
	at java.util.stream.AbstractPipeline.copyInto(AbstractPipeline.java:482)
	at java.util.stream.AbstractPipeline.wrapAndCopyInto(AbstractPipeline.java:472)
	at java.util.stream.ForEachOps$ForEachOp.evaluateSequential(ForEachOps.java:150)
	at java.util.stream.ForEachOps$ForEachOp$OfRef.evaluateSequential(ForEachOps.java:173)
	at java.util.stream.AbstractPipeline.evaluate(AbstractPipeline.java:234)
	at java.util.stream.ReferencePipeline.forEach(ReferencePipeline.java:485)
	at org.junit.vintage.engine.VintageTestEngine.executeAllChildren(VintageTestEngine.java:82)
	at org.junit.vintage.engine.VintageTestEngine.execute(VintageTestEngine.java:73)
	at org.junit.platform.launcher.core.EngineExecutionOrchestrator.execute(EngineExecutionOrchestrator.java:108)
	at org.junit.platform.launcher.core.EngineExecutionOrchestrator.execute(EngineExecutionOrchestrator.java:88)
	at org.junit.platform.launcher.core.EngineExecutionOrchestrator.lambda$execute$0(EngineExecutionOrchestrator.java:54)
	at org.junit.platform.launcher.core.EngineExecutionOrchestrator.withInterceptedStreams(EngineExecutionOrchestrator.java:67)
	at org.junit.platform.launcher.core.EngineExecutionOrchestrator.execute(EngineExecutionOrchestrator.java:52)
	at org.junit.platform.launcher.core.DefaultLauncher.execute(DefaultLauncher.java:96)
	at org.junit.platform.launcher.core.DefaultLauncher.execute(DefaultLauncher.java:75)
	at org.apache.maven.surefire.junitplatform.JUnitPlatformProvider.execute(JUnitPlatformProvider.java:188)
	at org.apache.maven.surefire.junitplatform.JUnitPlatformProvider.invokeAllTests(JUnitPlatformProvider.java:154)
	at org.apache.maven.surefire.junitplatform.JUnitPlatformProvider.invoke(JUnitPlatformProvider.java:128)
	at org.apache.maven.surefire.booter.ForkedBooter.runSuitesInProcess(ForkedBooter.java:428)
	at org.apache.maven.surefire.booter.ForkedBooter.execute(ForkedBooter.java:162)
	at org.apache.maven.surefire.booter.ForkedBooter.run(ForkedBooter.java:562)
	at org.apache.maven.surefire.booter.ForkedBooter.main(ForkedBooter.java:548)
[main] INFO org.apache.nifi.properties.AESSensitivePropertyProviderTest - [EXPECTED] Error decrypting a protected value for keySize 256 and cipher text [5eFg/PLkbi4CtAXA||Vx7pMFmJW0Don5HfaYJj2cJ2DyQGfhMScRFJ+jrxoXurzmcMvF8UahE]
]]></system-err>
  </testcase>
  <testcase name="testShouldNotAllowEmptyKey" classname="org.apache.nifi.properties.AESSensitivePropertyProviderTest" time="0.002"/>
  <testcase name="testShouldNotAllowEmptyKey" classname="org.apache.nifi.properties.AESSensitivePropertyProviderTest" time="0"/>
  <testcase name="testShouldHandleUnprotectEmptyValue" classname="org.apache.nifi.properties.AESSensitivePropertyProviderTest" time="0.012">
    <system-err><![CDATA[[main] INFO org.apache.nifi.properties.AESSensitivePropertyProviderTest - Initialized AES Sensitive Property Provider with key size 128
[main] INFO org.apache.nifi.properties.AESSensitivePropertyProviderTest - [EXPECTED] Cannot decrypt a cipher text shorter than 19 chars for keySize 128 and cipher text []
[main] INFO org.apache.nifi.properties.AESSensitivePropertyProviderTest - [EXPECTED] Cannot decrypt a cipher text shorter than 19 chars for keySize 128 and cipher text [    ]
[main] INFO org.apache.nifi.properties.AESSensitivePropertyProviderTest - [EXPECTED] Cannot decrypt a cipher text shorter than 19 chars for keySize 128 and cipher text [null]
[main] INFO org.apache.nifi.properties.AESSensitivePropertyProviderTest - Initialized AES Sensitive Property Provider with key size 192
[main] INFO org.apache.nifi.properties.AESSensitivePropertyProviderTest - [EXPECTED] Cannot decrypt a cipher text shorter than 19 chars for keySize 192 and cipher text []
[main] INFO org.apache.nifi.properties.AESSensitivePropertyProviderTest - [EXPECTED] Cannot decrypt a cipher text shorter than 19 chars for keySize 192 and cipher text [    ]
[main] INFO org.apache.nifi.properties.AESSensitivePropertyProviderTest - [EXPECTED] Cannot decrypt a cipher text shorter than 19 chars for keySize 192 and cipher text [null]
[main] INFO org.apache.nifi.properties.AESSensitivePropertyProviderTest - Initialized AES Sensitive Property Provider with key size 256
[main] INFO org.apache.nifi.properties.AESSensitivePropertyProviderTest - [EXPECTED] Cannot decrypt a cipher text shorter than 19 chars for keySize 256 and cipher text []
[main] INFO org.apache.nifi.properties.AESSensitivePropertyProviderTest - [EXPECTED] Cannot decrypt a cipher text shorter than 19 chars for keySize 256 and cipher text [    ]
[main] INFO org.apache.nifi.properties.AESSensitivePropertyProviderTest - [EXPECTED] Cannot decrypt a cipher text shorter than 19 chars for keySize 256 and cipher text [null]
]]></system-err>
  </testcase>
  <testcase name="testShouldHandleUnprotectEmptyValue" classname="org.apache.nifi.properties.AESSensitivePropertyProviderTest" time="0.003">
    <system-err><![CDATA[[main] INFO org.apache.nifi.properties.AESSensitivePropertyProviderTest - Initialized AES Sensitive Property Provider with key size 128
[main] INFO org.apache.nifi.properties.AESSensitivePropertyProviderTest - [EXPECTED] Cannot decrypt a cipher text shorter than 19 chars for keySize 128 and cipher text []
[main] INFO org.apache.nifi.properties.AESSensitivePropertyProviderTest - [EXPECTED] Cannot decrypt a cipher text shorter than 19 chars for keySize 128 and cipher text [    ]
[main] INFO org.apache.nifi.properties.AESSensitivePropertyProviderTest - [EXPECTED] Cannot decrypt a cipher text shorter than 19 chars for keySize 128 and cipher text [null]
[main] INFO org.apache.nifi.properties.AESSensitivePropertyProviderTest - Initialized AES Sensitive Property Provider with key size 192
[main] INFO org.apache.nifi.properties.AESSensitivePropertyProviderTest - [EXPECTED] Cannot decrypt a cipher text shorter than 19 chars for keySize 192 and cipher text []
[main] INFO org.apache.nifi.properties.AESSensitivePropertyProviderTest - [EXPECTED] Cannot decrypt a cipher text shorter than 19 chars for keySize 192 and cipher text [    ]
[main] INFO org.apache.nifi.properties.AESSensitivePropertyProviderTest - [EXPECTED] Cannot decrypt a cipher text shorter than 19 chars for keySize 192 and cipher text [null]
[main] INFO org.apache.nifi.properties.AESSensitivePropertyProviderTest - Initialized AES Sensitive Property Provider with key size 256
[main] INFO org.apache.nifi.properties.AESSensitivePropertyProviderTest - [EXPECTED] Cannot decrypt a cipher text shorter than 19 chars for keySize 256 and cipher text []
[main] INFO org.apache.nifi.properties.AESSensitivePropertyProviderTest - [EXPECTED] Cannot decrypt a cipher text shorter than 19 chars for keySize 256 and cipher text [    ]
[main] INFO org.apache.nifi.properties.AESSensitivePropertyProviderTest - [EXPECTED] Cannot decrypt a cipher text shorter than 19 chars for keySize 256 and cipher text [null]
]]></system-err>
  </testcase>
  <testcase name="testShouldEncryptArbitraryValues" classname="org.apache.nifi.properties.AESSensitivePropertyProviderTest" time="0.007">
    <system-err><![CDATA[[main] INFO org.apache.nifi.properties.AESSensitivePropertyProviderTest - thisIsABadPassword -> F5uD8N52C7bYvv/B||m12eb4cnmJLBBi+hjWvlvOIAXvKE2U0ub9J2knRUawgW5Q
[main] INFO org.apache.nifi.properties.AESSensitivePropertyProviderTest - Normal Base64 encoding would be F5uD8N52C7bYvv/B||m12eb4cnmJLBBi+hjWvlvOIAXvKE2U0ub9J2knRUawgW5Q==
[main] INFO org.apache.nifi.properties.AESSensitivePropertyProviderTest - thisIsABadSensitiveKeyPassword -> wbHpnieEhJaWSSYM||5oSf+G4Cu+hZW23hlZmGREbYM1UN88MdtsAncvvXHHbDaEv9T6S1FBtgp9pvUg
[main] INFO org.apache.nifi.properties.AESSensitivePropertyProviderTest - Normal Base64 encoding would be wbHpnieEhJaWSSYM||5oSf+G4Cu+hZW23hlZmGREbYM1UN88MdtsAncvvXHHbDaEv9T6S1FBtgp9pvUg==
[main] INFO org.apache.nifi.properties.AESSensitivePropertyProviderTest - thisIsABadKeystorePassword -> BPy7nZTc5klF4r1X||8U0Z8Rxcr5nkSz33WXZGNrTMDEFboymVfkpds439vFr0SDy+tsFWdT7t
[main] INFO org.apache.nifi.properties.AESSensitivePropertyProviderTest - Normal Base64 encoding would be BPy7nZTc5klF4r1X||8U0Z8Rxcr5nkSz33WXZGNrTMDEFboymVfkpds439vFr0SDy+tsFWdT7t
[main] INFO org.apache.nifi.properties.AESSensitivePropertyProviderTest - thisIsABadKeyPassword -> 4CbqvrknzdTuX5NH||m3Oe+K7FbFuG6/WVfzbwDDE4Z6YTsoDGmsWXaZe/siPtUrlG3A
[main] INFO org.apache.nifi.properties.AESSensitivePropertyProviderTest - Normal Base64 encoding would be 4CbqvrknzdTuX5NH||m3Oe+K7FbFuG6/WVfzbwDDE4Z6YTsoDGmsWXaZe/siPtUrlG3A==
[main] INFO org.apache.nifi.properties.AESSensitivePropertyProviderTest - thisIsABadTruststorePassword -> K0ywmlLcEQZNHn6k||LswBuugVVFNXyyj9f2WDJeU2JMiazJQrU9jr5D2kdsO2XpkMCgf0zICrl94
[main] INFO org.apache.nifi.properties.AESSensitivePropertyProviderTest - Normal Base64 encoding would be K0ywmlLcEQZNHn6k||LswBuugVVFNXyyj9f2WDJeU2JMiazJQrU9jr5D2kdsO2XpkMCgf0zICrl94=
[main] INFO org.apache.nifi.properties.AESSensitivePropertyProviderTest - This is an encrypted banner message -> 04mtTUUBhE1efmn7||wwnvU1AyE5XHYOHZpWoIQ12QCH4Fd6c1doSpu2GQqkFSTJ/2JCkrl50+Z6yOwPyyc2EY
[main] INFO org.apache.nifi.properties.AESSensitivePropertyProviderTest - Normal Base64 encoding would be 04mtTUUBhE1efmn7||wwnvU1AyE5XHYOHZpWoIQ12QCH4Fd6c1doSpu2GQqkFSTJ/2JCkrl50+Z6yOwPyyc2EY
]]></system-err>
  </testcase>
  <testcase name="testShouldEncryptArbitraryValues" classname="org.apache.nifi.properties.AESSensitivePropertyProviderTest" time="0.002">
    <system-err><![CDATA[[main] INFO org.apache.nifi.properties.AESSensitivePropertyProviderTest - thisIsABadPassword -> qFf8UQA2ik58+3GL||yiK67gkPHjGkHWj+/C7piioH1d1QD695EVpafwvtWxReyA
[main] INFO org.apache.nifi.properties.AESSensitivePropertyProviderTest - Normal Base64 encoding would be qFf8UQA2ik58+3GL||yiK67gkPHjGkHWj+/C7piioH1d1QD695EVpafwvtWxReyA==
[main] INFO org.apache.nifi.properties.AESSensitivePropertyProviderTest - thisIsABadSensitiveKeyPassword -> hfKhARYcEyb59Tnn||j+IywCazCqkIljc4kRNBXPOGEfomoU3XuNpZTitMK07NTrpx3n7LkFc1Jp8ZEw
[main] INFO org.apache.nifi.properties.AESSensitivePropertyProviderTest - Normal Base64 encoding would be hfKhARYcEyb59Tnn||j+IywCazCqkIljc4kRNBXPOGEfomoU3XuNpZTitMK07NTrpx3n7LkFc1Jp8ZEw==
[main] INFO org.apache.nifi.properties.AESSensitivePropertyProviderTest - thisIsABadKeystorePassword -> dHMe8m5YgC/XQk8F||DZ/nBZM6c+DWMOj7s5Y4vi/qWdHpSVlld1Pu6KamyMo32FJZpnrt9iwn
[main] INFO org.apache.nifi.properties.AESSensitivePropertyProviderTest - Normal Base64 encoding would be dHMe8m5YgC/XQk8F||DZ/nBZM6c+DWMOj7s5Y4vi/qWdHpSVlld1Pu6KamyMo32FJZpnrt9iwn
[main] INFO org.apache.nifi.properties.AESSensitivePropertyProviderTest - thisIsABadKeyPassword -> X9SHEvpnNZiJuoIF||6t1UcGDtY67VmQrtqUWO3bnEFzfG6Xd0fWrfObq1UCGw/rrVxw
[main] INFO org.apache.nifi.properties.AESSensitivePropertyProviderTest - Normal Base64 encoding would be X9SHEvpnNZiJuoIF||6t1UcGDtY67VmQrtqUWO3bnEFzfG6Xd0fWrfObq1UCGw/rrVxw==
[main] INFO org.apache.nifi.properties.AESSensitivePropertyProviderTest - thisIsABadTruststorePassword -> 2wQHZxJvFynxmCMG||7fGNIIyMyE+uM+NpSX1+3BoJkyje2faTwSvxfHMpARsFSPEA8+M1uj+VoiM
[main] INFO org.apache.nifi.properties.AESSensitivePropertyProviderTest - Normal Base64 encoding would be 2wQHZxJvFynxmCMG||7fGNIIyMyE+uM+NpSX1+3BoJkyje2faTwSvxfHMpARsFSPEA8+M1uj+VoiM=
[main] INFO org.apache.nifi.properties.AESSensitivePropertyProviderTest - This is an encrypted banner message -> Zcf1n2Diw+/9alV8||t7KKPsyeIW1ymokRnmi/8OqeFIz6dSTq4aQgEM2GizgUfUd1GPisWFzIjY/iRd7TFQXB
[main] INFO org.apache.nifi.properties.AESSensitivePropertyProviderTest - Normal Base64 encoding would be Zcf1n2Diw+/9alV8||t7KKPsyeIW1ymokRnmi/8OqeFIz6dSTq4aQgEM2GizgUfUd1GPisWFzIjY/iRd7TFQXB
]]></system-err>
  </testcase>
  <testcase name="testShouldHandleUnprotectMissingIV" classname="org.apache.nifi.properties.AESSensitivePropertyProviderTest" time="0.006">
    <system-err><![CDATA[[main] INFO org.apache.nifi.properties.AESSensitivePropertyProviderTest - Initialized AES Sensitive Property Provider with key size 128
[main] INFO org.apache.nifi.properties.AESSensitivePropertyProviderTest - Manipulated TIwtxPUf+u9VgEPX||GDu9b9Wa0+eOfYQEBZZy02cZc9QlrtpNHX/P6WHkLfBKHbdftlbmvv0 to
                                                                                                                     GDu9b9Wa0+eOfYQEBZZy02cZc9QlrtpNHX/P6WHkLfBKHbdftlbmvv0
[main] INFO org.apache.nifi.properties.AESSensitivePropertyProviderTest - [EXPECTED] The cipher text does not contain the delimiter || -- it should be of the form Base64(IV) || Base64(cipherText) for keySize 128 and cipher text [GDu9b9Wa0+eOfYQEBZZy02cZc9QlrtpNHX/P6WHkLfBKHbdftlbmvv0]
[main] INFO org.apache.nifi.properties.AESSensitivePropertyProviderTest - Manipulated TIwtxPUf+u9VgEPX||GDu9b9Wa0+eOfYQEBZZy02cZc9QlrtpNHX/P6WHkLfBKHbdftlbmvv0 to
                                                                                                                   ||GDu9b9Wa0+eOfYQEBZZy02cZc9QlrtpNHX/P6WHkLfBKHbdftlbmvv0
[main] INFO org.apache.nifi.properties.AESSensitivePropertyProviderTest - [EXPECTED] The IV (0 bytes) must be at least 12 bytes for keySize 128 and cipher text [||GDu9b9Wa0+eOfYQEBZZy02cZc9QlrtpNHX/P6WHkLfBKHbdftlbmvv0]
[main] INFO org.apache.nifi.properties.AESSensitivePropertyProviderTest - Initialized AES Sensitive Property Provider with key size 192
[main] INFO org.apache.nifi.properties.AESSensitivePropertyProviderTest - Manipulated 89WhyjwSvsEzbLPt||BhcK+z3xfVvBvmfDG+yVR9yifa1cLYgM2Pdv7pBcOx2H9x0i+oGZJ+A to
                                                                                                                     BhcK+z3xfVvBvmfDG+yVR9yifa1cLYgM2Pdv7pBcOx2H9x0i+oGZJ+A
[main] INFO org.apache.nifi.properties.AESSensitivePropertyProviderTest - [EXPECTED] The cipher text does not contain the delimiter || -- it should be of the form Base64(IV) || Base64(cipherText) for keySize 192 and cipher text [BhcK+z3xfVvBvmfDG+yVR9yifa1cLYgM2Pdv7pBcOx2H9x0i+oGZJ+A]
[main] INFO org.apache.nifi.properties.AESSensitivePropertyProviderTest - Manipulated 89WhyjwSvsEzbLPt||BhcK+z3xfVvBvmfDG+yVR9yifa1cLYgM2Pdv7pBcOx2H9x0i+oGZJ+A to
                                                                                                                   ||BhcK+z3xfVvBvmfDG+yVR9yifa1cLYgM2Pdv7pBcOx2H9x0i+oGZJ+A
[main] INFO org.apache.nifi.properties.AESSensitivePropertyProviderTest - [EXPECTED] The IV (0 bytes) must be at least 12 bytes for keySize 192 and cipher text [||BhcK+z3xfVvBvmfDG+yVR9yifa1cLYgM2Pdv7pBcOx2H9x0i+oGZJ+A]
[main] INFO org.apache.nifi.properties.AESSensitivePropertyProviderTest - Initialized AES Sensitive Property Provider with key size 256
[main] INFO org.apache.nifi.properties.AESSensitivePropertyProviderTest - Manipulated +3UydRDSwbN+fivF||CmSq0nCR0PlxfspRab13CusDvJc68O7ForRTMcI0aBssbLweJ4dvEJA to
                                                                                                                     CmSq0nCR0PlxfspRab13CusDvJc68O7ForRTMcI0aBssbLweJ4dvEJA
[main] INFO org.apache.nifi.properties.AESSensitivePropertyProviderTest - [EXPECTED] The cipher text does not contain the delimiter || -- it should be of the form Base64(IV) || Base64(cipherText) for keySize 256 and cipher text [CmSq0nCR0PlxfspRab13CusDvJc68O7ForRTMcI0aBssbLweJ4dvEJA]
[main] INFO org.apache.nifi.properties.AESSensitivePropertyProviderTest - Manipulated +3UydRDSwbN+fivF||CmSq0nCR0PlxfspRab13CusDvJc68O7ForRTMcI0aBssbLweJ4dvEJA to
                                                                                                                   ||CmSq0nCR0PlxfspRab13CusDvJc68O7ForRTMcI0aBssbLweJ4dvEJA
[main] INFO org.apache.nifi.properties.AESSensitivePropertyProviderTest - [EXPECTED] The IV (0 bytes) must be at least 12 bytes for keySize 256 and cipher text [||CmSq0nCR0PlxfspRab13CusDvJc68O7ForRTMcI0aBssbLweJ4dvEJA]
]]></system-err>
  </testcase>
  <testcase name="testShouldHandleUnprotectMissingIV" classname="org.apache.nifi.properties.AESSensitivePropertyProviderTest" time="0.003">
    <system-err><![CDATA[[main] INFO org.apache.nifi.properties.AESSensitivePropertyProviderTest - Initialized AES Sensitive Property Provider with key size 128
[main] INFO org.apache.nifi.properties.AESSensitivePropertyProviderTest - Manipulated fOfViFtks2mx36lO||Q9ur5I6rGQdmTS+Gxmd/GksaVdEynjFvS3ud4q7B2LUOD5Z9fpNdP/Q to
                                                                                                                     Q9ur5I6rGQdmTS+Gxmd/GksaVdEynjFvS3ud4q7B2LUOD5Z9fpNdP/Q
[main] INFO org.apache.nifi.properties.AESSensitivePropertyProviderTest - [EXPECTED] The cipher text does not contain the delimiter || -- it should be of the form Base64(IV) || Base64(cipherText) for keySize 128 and cipher text [Q9ur5I6rGQdmTS+Gxmd/GksaVdEynjFvS3ud4q7B2LUOD5Z9fpNdP/Q]
[main] INFO org.apache.nifi.properties.AESSensitivePropertyProviderTest - Manipulated fOfViFtks2mx36lO||Q9ur5I6rGQdmTS+Gxmd/GksaVdEynjFvS3ud4q7B2LUOD5Z9fpNdP/Q to
                                                                                                                   ||Q9ur5I6rGQdmTS+Gxmd/GksaVdEynjFvS3ud4q7B2LUOD5Z9fpNdP/Q
[main] INFO org.apache.nifi.properties.AESSensitivePropertyProviderTest - [EXPECTED] The IV (0 bytes) must be at least 12 bytes for keySize 128 and cipher text [||Q9ur5I6rGQdmTS+Gxmd/GksaVdEynjFvS3ud4q7B2LUOD5Z9fpNdP/Q]
[main] INFO org.apache.nifi.properties.AESSensitivePropertyProviderTest - Initialized AES Sensitive Property Provider with key size 192
[main] INFO org.apache.nifi.properties.AESSensitivePropertyProviderTest - Manipulated Hb/1FW6UMEJ34Vqw||hnhofDekkqBTIpZ54SDwfUdMt2lGgtgG72MEr86FgUBKq7V9OR4mpFM to
                                                                                                                     hnhofDekkqBTIpZ54SDwfUdMt2lGgtgG72MEr86FgUBKq7V9OR4mpFM
[main] INFO org.apache.nifi.properties.AESSensitivePropertyProviderTest - [EXPECTED] The cipher text does not contain the delimiter || -- it should be of the form Base64(IV) || Base64(cipherText) for keySize 192 and cipher text [hnhofDekkqBTIpZ54SDwfUdMt2lGgtgG72MEr86FgUBKq7V9OR4mpFM]
[main] INFO org.apache.nifi.properties.AESSensitivePropertyProviderTest - Manipulated Hb/1FW6UMEJ34Vqw||hnhofDekkqBTIpZ54SDwfUdMt2lGgtgG72MEr86FgUBKq7V9OR4mpFM to
                                                                                                                   ||hnhofDekkqBTIpZ54SDwfUdMt2lGgtgG72MEr86FgUBKq7V9OR4mpFM
[main] INFO org.apache.nifi.properties.AESSensitivePropertyProviderTest - [EXPECTED] The IV (0 bytes) must be at least 12 bytes for keySize 192 and cipher text [||hnhofDekkqBTIpZ54SDwfUdMt2lGgtgG72MEr86FgUBKq7V9OR4mpFM]
[main] INFO org.apache.nifi.properties.AESSensitivePropertyProviderTest - Initialized AES Sensitive Property Provider with key size 256
[main] INFO org.apache.nifi.properties.AESSensitivePropertyProviderTest - Manipulated UGQTyTDUyuXV3zA6||xGr0udntAdfx87qX4n9v7BsmgVTdLU3JvoqdE77wDjuRD2/zR/ybxyo to
                                                                                                                     xGr0udntAdfx87qX4n9v7BsmgVTdLU3JvoqdE77wDjuRD2/zR/ybxyo
[main] INFO org.apache.nifi.properties.AESSensitivePropertyProviderTest - [EXPECTED] The cipher text does not contain the delimiter || -- it should be of the form Base64(IV) || Base64(cipherText) for keySize 256 and cipher text [xGr0udntAdfx87qX4n9v7BsmgVTdLU3JvoqdE77wDjuRD2/zR/ybxyo]
[main] INFO org.apache.nifi.properties.AESSensitivePropertyProviderTest - Manipulated UGQTyTDUyuXV3zA6||xGr0udntAdfx87qX4n9v7BsmgVTdLU3JvoqdE77wDjuRD2/zR/ybxyo to
                                                                                                                   ||xGr0udntAdfx87qX4n9v7BsmgVTdLU3JvoqdE77wDjuRD2/zR/ybxyo
[main] INFO org.apache.nifi.properties.AESSensitivePropertyProviderTest - [EXPECTED] The IV (0 bytes) must be at least 12 bytes for keySize 256 and cipher text [||xGr0udntAdfx87qX4n9v7BsmgVTdLU3JvoqdE77wDjuRD2/zR/ybxyo]
]]></system-err>
  </testcase>
  <testcase name="testShouldGetIdentifierKeyWithDifferentMaxKeyLengths" classname="org.apache.nifi.properties.AESSensitivePropertyProviderTest" time="0.003">
    <system-err><![CDATA[[main] INFO org.apache.nifi.properties.AESSensitivePropertyProviderTest - Keys: [128:0123456789ABCDEFFEDCBA9876543210, 192:0123456789ABCDEFFEDCBA98765432100123456789ABCDEF, 256:0123456789ABCDEFFEDCBA98765432100123456789ABCDEFFEDCBA9876543210]
[main] INFO org.apache.nifi.properties.AESSensitivePropertyProviderTest - Identifier key: aes/gcm/128 for size 128
[main] INFO org.apache.nifi.properties.AESSensitivePropertyProviderTest - Identifier key: aes/gcm/192 for size 192
[main] INFO org.apache.nifi.properties.AESSensitivePropertyProviderTest - Identifier key: aes/gcm/256 for size 256
]]></system-err>
  </testcase>
  <testcase name="testShouldGetIdentifierKeyWithDifferentMaxKeyLengths" classname="org.apache.nifi.properties.AESSensitivePropertyProviderTest" time="0.001">
    <system-err><![CDATA[[main] INFO org.apache.nifi.properties.AESSensitivePropertyProviderTest - Keys: [128:0123456789ABCDEFFEDCBA9876543210, 192:0123456789ABCDEFFEDCBA98765432100123456789ABCDEF, 256:0123456789ABCDEFFEDCBA98765432100123456789ABCDEFFEDCBA9876543210]
[main] INFO org.apache.nifi.properties.AESSensitivePropertyProviderTest - Identifier key: aes/gcm/128 for size 128
[main] INFO org.apache.nifi.properties.AESSensitivePropertyProviderTest - Identifier key: aes/gcm/192 for size 192
[main] INFO org.apache.nifi.properties.AESSensitivePropertyProviderTest - Identifier key: aes/gcm/256 for size 256
]]></system-err>
  </testcase>
  <testcase name="testShouldHandleProtectEmptyValue" classname="org.apache.nifi.properties.AESSensitivePropertyProviderTest" time="0.005">
    <system-err><![CDATA[[main] INFO org.apache.nifi.properties.AESSensitivePropertyProviderTest - Initialized AES Sensitive Property Provider with key size 128
[main] INFO org.apache.nifi.properties.AESSensitivePropertyProviderTest - [EXPECTED] Cannot encrypt an empty value for keySize 128 and plaintext []
[main] INFO org.apache.nifi.properties.AESSensitivePropertyProviderTest - [EXPECTED] Cannot encrypt an empty value for keySize 128 and plaintext [    ]
[main] INFO org.apache.nifi.properties.AESSensitivePropertyProviderTest - [EXPECTED] Cannot encrypt an empty value for keySize 128 and plaintext [null]
[main] INFO org.apache.nifi.properties.AESSensitivePropertyProviderTest - Initialized AES Sensitive Property Provider with key size 192
[main] INFO org.apache.nifi.properties.AESSensitivePropertyProviderTest - [EXPECTED] Cannot encrypt an empty value for keySize 192 and plaintext []
[main] INFO org.apache.nifi.properties.AESSensitivePropertyProviderTest - [EXPECTED] Cannot encrypt an empty value for keySize 192 and plaintext [    ]
[main] INFO org.apache.nifi.properties.AESSensitivePropertyProviderTest - [EXPECTED] Cannot encrypt an empty value for keySize 192 and plaintext [null]
[main] INFO org.apache.nifi.properties.AESSensitivePropertyProviderTest - Initialized AES Sensitive Property Provider with key size 256
[main] INFO org.apache.nifi.properties.AESSensitivePropertyProviderTest - [EXPECTED] Cannot encrypt an empty value for keySize 256 and plaintext []
[main] INFO org.apache.nifi.properties.AESSensitivePropertyProviderTest - [EXPECTED] Cannot encrypt an empty value for keySize 256 and plaintext [    ]
[main] INFO org.apache.nifi.properties.AESSensitivePropertyProviderTest - [EXPECTED] Cannot encrypt an empty value for keySize 256 and plaintext [null]
]]></system-err>
  </testcase>
  <testcase name="testShouldHandleProtectEmptyValue" classname="org.apache.nifi.properties.AESSensitivePropertyProviderTest" time="0.003">
    <system-err><![CDATA[[main] INFO org.apache.nifi.properties.AESSensitivePropertyProviderTest - Initialized AES Sensitive Property Provider with key size 128
[main] INFO org.apache.nifi.properties.AESSensitivePropertyProviderTest - [EXPECTED] Cannot encrypt an empty value for keySize 128 and plaintext []
[main] INFO org.apache.nifi.properties.AESSensitivePropertyProviderTest - [EXPECTED] Cannot encrypt an empty value for keySize 128 and plaintext [    ]
[main] INFO org.apache.nifi.properties.AESSensitivePropertyProviderTest - [EXPECTED] Cannot encrypt an empty value for keySize 128 and plaintext [null]
[main] INFO org.apache.nifi.properties.AESSensitivePropertyProviderTest - Initialized AES Sensitive Property Provider with key size 192
[main] INFO org.apache.nifi.properties.AESSensitivePropertyProviderTest - [EXPECTED] Cannot encrypt an empty value for keySize 192 and plaintext []
[main] INFO org.apache.nifi.properties.AESSensitivePropertyProviderTest - [EXPECTED] Cannot encrypt an empty value for keySize 192 and plaintext [    ]
[main] INFO org.apache.nifi.properties.AESSensitivePropertyProviderTest - [EXPECTED] Cannot encrypt an empty value for keySize 192 and plaintext [null]
[main] INFO org.apache.nifi.properties.AESSensitivePropertyProviderTest - Initialized AES Sensitive Property Provider with key size 256
[main] INFO org.apache.nifi.properties.AESSensitivePropertyProviderTest - [EXPECTED] Cannot encrypt an empty value for keySize 256 and plaintext []
[main] INFO org.apache.nifi.properties.AESSensitivePropertyProviderTest - [EXPECTED] Cannot encrypt an empty value for keySize 256 and plaintext [    ]
[main] INFO org.apache.nifi.properties.AESSensitivePropertyProviderTest - [EXPECTED] Cannot encrypt an empty value for keySize 256 and plaintext [null]
]]></system-err>
  </testcase>
  <testcase name="testShouldDecryptPaddedValue" classname="org.apache.nifi.properties.AESSensitivePropertyProviderTest" time="0.007">
    <system-err><![CDATA[[main] INFO org.apache.nifi.properties.AESSensitivePropertyProviderTest - Decrypted aYDkDKys1ENr3gp+||sTBPpMlIvHcOLTGZlfWct8r9RY8BuDlDkoaYmGJ/9m9af9tZIVzcnDwvYQAaIKxRGF7vI2yrY7Xd6x9GTDnWGiGiRXlaP458BBMMgfzH2O8 to 0123456789ABCDEFFEDCBA98765432100123456789ABCDEFFEDCBA9876543210
[main] INFO org.apache.nifi.properties.AESSensitivePropertyProviderTest - Decrypted aYDkDKys1ENr3gp+||sTBPpMlIvHcOLTGZlfWct8r9RY8BuDlDkoaYmGJ/9m9af9tZIVzcnDwvYQAaIKxRGF7vI2yrY7Xd6x9GTDnWGiGiRXlaP458BBMMgfzH2O8 to 0123456789ABCDEFFEDCBA98765432100123456789ABCDEFFEDCBA9876543210
]]></system-err>
  </testcase>
  <testcase name="testShouldDecryptPaddedValue" classname="org.apache.nifi.properties.AESSensitivePropertyProviderTest" time="0.002">
    <system-err><![CDATA[[main] INFO org.apache.nifi.properties.AESSensitivePropertyProviderTest - Decrypted aYDkDKys1ENr3gp+||sTBPpMlIvHcOLTGZlfWct8r9RY8BuDlDkoaYmGJ/9m9af9tZIVzcnDwvYQAaIKxRGF7vI2yrY7Xd6x9GTDnWGiGiRXlaP458BBMMgfzH2O8 to 0123456789ABCDEFFEDCBA98765432100123456789ABCDEFFEDCBA9876543210
[main] INFO org.apache.nifi.properties.AESSensitivePropertyProviderTest - Decrypted aYDkDKys1ENr3gp+||sTBPpMlIvHcOLTGZlfWct8r9RY8BuDlDkoaYmGJ/9m9af9tZIVzcnDwvYQAaIKxRGF7vI2yrY7Xd6x9GTDnWGiGiRXlaP458BBMMgfzH2O8 to 0123456789ABCDEFFEDCBA98765432100123456789ABCDEFFEDCBA9876543210
]]></system-err>
  </testcase>
</testsuite>