ERROR StatusLogger Unable to locate a logging implementation, using SimpleLogger
2024-04-26 14:00:24,365 [WARNING] LoggerFactoryTest Unable to create instance of class com.j256.ormlite.android.AndroidLogBackend$AndroidLogBackendFactory for log type ANDROID, using local log: com.j256.ormlite.android.AndroidLogBackend$AndroidLogBackendFactory
2024-04-26 14:00:24,366 [WARNING] LoggerFactory Could not find valid log-type from system property 'com.j256.simplelogger.backend', value 'some.wrong.class'
2024-04-26 14:00:24,409 [ERROR] Log4jLogBackendTest message
2024-04-26 14:00:24,410 [INFO] Log4jLogBackendTest hello there
2024-04-26 14:00:24,410 [INFO] Log4jLogBackendTest message
2024-04-26 14:00:24,410 [INFO] Log4jLogBackendTest message
java.lang.Throwable: log throwable
	at com.j256.ormlite.logger.BaseLogBackendTest.testInfoStringThrowable(BaseLogBackendTest.java:58)
	at sun.reflect.NativeMethodAccessorImpl.invoke0(Native Method)
	at sun.reflect.NativeMethodAccessorImpl.invoke(NativeMethodAccessorImpl.java:62)
	at sun.reflect.DelegatingMethodAccessorImpl.invoke(DelegatingMethodAccessorImpl.java:43)
	at java.lang.reflect.Method.invoke(Method.java:498)
	at org.junit.runners.model.FrameworkMethod$1.runReflectiveCall(FrameworkMethod.java:59)
	at org.junit.internal.runners.model.ReflectiveCallable.run(ReflectiveCallable.java:12)
	at org.junit.runners.model.FrameworkMethod.invokeExplosively(FrameworkMethod.java:56)
	at org.junit.internal.runners.statements.InvokeMethod.evaluate(InvokeMethod.java:17)
	at org.junit.runners.ParentRunner$3.evaluate(ParentRunner.java:306)
	at org.junit.runners.BlockJUnit4ClassRunner$1.evaluate(BlockJUnit4ClassRunner.java:100)
	at org.junit.runners.ParentRunner.runLeaf(ParentRunner.java:366)
	at org.junit.runners.BlockJUnit4ClassRunner.runChild(BlockJUnit4ClassRunner.java:103)
	at org.junit.runners.BlockJUnit4ClassRunner.runChild(BlockJUnit4ClassRunner.java:63)
	at org.junit.runners.ParentRunner$4.run(ParentRunner.java:331)
	at org.junit.runners.ParentRunner$1.schedule(ParentRunner.java:79)
	at org.junit.runners.ParentRunner.runChildren(ParentRunner.java:329)
	at org.junit.runners.ParentRunner.access$100(ParentRunner.java:66)
	at org.junit.runners.ParentRunner$2.evaluate(ParentRunner.java:293)
	at org.junit.runners.ParentRunner$3.evaluate(ParentRunner.java:306)
	at org.junit.runners.ParentRunner.run(ParentRunner.java:413)
	at org.junit.runners.Suite.runChild(Suite.java:128)
	at org.junit.runners.Suite.runChild(Suite.java:27)
	at org.junit.runners.ParentRunner$4.run(ParentRunner.java:331)
	at org.junit.runners.ParentRunner$1.schedule(ParentRunner.java:79)
	at org.junit.runners.ParentRunner.runChildren(ParentRunner.java:329)
	at org.junit.runners.ParentRunner.access$100(ParentRunner.java:66)
	at org.junit.runners.ParentRunner$2.evaluate(ParentRunner.java:293)
	at org.junit.runners.ParentRunner$3.evaluate(ParentRunner.java:306)
	at org.junit.runners.ParentRunner.run(ParentRunner.java:413)
	at org.junit.runner.JUnitCore.run(JUnitCore.java:137)
	at org.junit.runner.JUnitCore.run(JUnitCore.java:115)
	at edu.illinois.cs.testrunner.execution.JUnitTestExecutor.execute(JUnitTestExecutor.java:259)
	at edu.illinois.cs.testrunner.execution.JUnitTestExecutor.executeWithJUnit4Runner(JUnitTestExecutor.java:327)
	at edu.illinois.cs.testrunner.execution.JUnitTestExecutor.runOrder(JUnitTestExecutor.java:49)
	at edu.illinois.cs.testrunner.execution.Executor$.$anonfun$run$1(Executor.scala:30)
	at scala.runtime.java8.JFunction0$mcV$sp.apply(JFunction0$mcV$sp.java:12)
	at scala.util.Try$.apply(Try.scala:209)
	at edu.illinois.cs.testrunner.execution.Executor$.run(Executor.scala:28)
	at edu.illinois.cs.testrunner.execution.Executor$.main(Executor.scala:18)
	at edu.illinois.cs.testrunner.execution.Executor.main(Executor.scala)
2024-04-26 14:00:24,412 [WARN] Log4jLogBackendTest message
java.lang.Throwable: log throwable
	at com.j256.ormlite.logger.BaseLogBackendTest.testWarnStringThrowable(BaseLogBackendTest.java:68)
	at sun.reflect.NativeMethodAccessorImpl.invoke0(Native Method)
	at sun.reflect.NativeMethodAccessorImpl.invoke(NativeMethodAccessorImpl.java:62)
	at sun.reflect.DelegatingMethodAccessorImpl.invoke(DelegatingMethodAccessorImpl.java:43)
	at java.lang.reflect.Method.invoke(Method.java:498)
	at org.junit.runners.model.FrameworkMethod$1.runReflectiveCall(FrameworkMethod.java:59)
	at org.junit.internal.runners.model.ReflectiveCallable.run(ReflectiveCallable.java:12)
	at org.junit.runners.model.FrameworkMethod.invokeExplosively(FrameworkMethod.java:56)
	at org.junit.internal.runners.statements.InvokeMethod.evaluate(InvokeMethod.java:17)
	at org.junit.runners.ParentRunner$3.evaluate(ParentRunner.java:306)
	at org.junit.runners.BlockJUnit4ClassRunner$1.evaluate(BlockJUnit4ClassRunner.java:100)
	at org.junit.runners.ParentRunner.runLeaf(ParentRunner.java:366)
	at org.junit.runners.BlockJUnit4ClassRunner.runChild(BlockJUnit4ClassRunner.java:103)
	at org.junit.runners.BlockJUnit4ClassRunner.runChild(BlockJUnit4ClassRunner.java:63)
	at org.junit.runners.ParentRunner$4.run(ParentRunner.java:331)
	at org.junit.runners.ParentRunner$1.schedule(ParentRunner.java:79)
	at org.junit.runners.ParentRunner.runChildren(ParentRunner.java:329)
	at org.junit.runners.ParentRunner.access$100(ParentRunner.java:66)
	at org.junit.runners.ParentRunner$2.evaluate(ParentRunner.java:293)
	at org.junit.runners.ParentRunner$3.evaluate(ParentRunner.java:306)
	at org.junit.runners.ParentRunner.run(ParentRunner.java:413)
	at org.junit.runners.Suite.runChild(Suite.java:128)
	at org.junit.runners.Suite.runChild(Suite.java:27)
	at org.junit.runners.ParentRunner$4.run(ParentRunner.java:331)
	at org.junit.runners.ParentRunner$1.schedule(ParentRunner.java:79)
	at org.junit.runners.ParentRunner.runChildren(ParentRunner.java:329)
	at org.junit.runners.ParentRunner.access$100(ParentRunner.java:66)
	at org.junit.runners.ParentRunner$2.evaluate(ParentRunner.java:293)
	at org.junit.runners.ParentRunner$3.evaluate(ParentRunner.java:306)
	at org.junit.runners.ParentRunner.run(ParentRunner.java:413)
	at org.junit.runner.JUnitCore.run(JUnitCore.java:137)
	at org.junit.runner.JUnitCore.run(JUnitCore.java:115)
	at edu.illinois.cs.testrunner.execution.JUnitTestExecutor.execute(JUnitTestExecutor.java:259)
	at edu.illinois.cs.testrunner.execution.JUnitTestExecutor.executeWithJUnit4Runner(JUnitTestExecutor.java:327)
	at edu.illinois.cs.testrunner.execution.JUnitTestExecutor.runOrder(JUnitTestExecutor.java:49)
	at edu.illinois.cs.testrunner.execution.Executor$.$anonfun$run$1(Executor.scala:30)
	at scala.runtime.java8.JFunction0$mcV$sp.apply(JFunction0$mcV$sp.java:12)
	at scala.util.Try$.apply(Try.scala:209)
	at edu.illinois.cs.testrunner.execution.Executor$.run(Executor.scala:28)
	at edu.illinois.cs.testrunner.execution.Executor$.main(Executor.scala:18)
	at edu.illinois.cs.testrunner.execution.Executor.main(Executor.scala)
2024-04-26 14:00:24,413 [ERROR] Log4jLogBackendTest message
java.lang.Throwable: log throwable
	at com.j256.ormlite.logger.BaseLogBackendTest.testErrorStringThrowable(BaseLogBackendTest.java:78)
	at sun.reflect.NativeMethodAccessorImpl.invoke0(Native Method)
	at sun.reflect.NativeMethodAccessorImpl.invoke(NativeMethodAccessorImpl.java:62)
	at sun.reflect.DelegatingMethodAccessorImpl.invoke(DelegatingMethodAccessorImpl.java:43)
	at java.lang.reflect.Method.invoke(Method.java:498)
	at org.junit.runners.model.FrameworkMethod$1.runReflectiveCall(FrameworkMethod.java:59)
	at org.junit.internal.runners.model.ReflectiveCallable.run(ReflectiveCallable.java:12)
	at org.junit.runners.model.FrameworkMethod.invokeExplosively(FrameworkMethod.java:56)
	at org.junit.internal.runners.statements.InvokeMethod.evaluate(InvokeMethod.java:17)
	at org.junit.runners.ParentRunner$3.evaluate(ParentRunner.java:306)
	at org.junit.runners.BlockJUnit4ClassRunner$1.evaluate(BlockJUnit4ClassRunner.java:100)
	at org.junit.runners.ParentRunner.runLeaf(ParentRunner.java:366)
	at org.junit.runners.BlockJUnit4ClassRunner.runChild(BlockJUnit4ClassRunner.java:103)
	at org.junit.runners.BlockJUnit4ClassRunner.runChild(BlockJUnit4ClassRunner.java:63)
	at org.junit.runners.ParentRunner$4.run(ParentRunner.java:331)
	at org.junit.runners.ParentRunner$1.schedule(ParentRunner.java:79)
	at org.junit.runners.ParentRunner.runChildren(ParentRunner.java:329)
	at org.junit.runners.ParentRunner.access$100(ParentRunner.java:66)
	at org.junit.runners.ParentRunner$2.evaluate(ParentRunner.java:293)
	at org.junit.runners.ParentRunner$3.evaluate(ParentRunner.java:306)
	at org.junit.runners.ParentRunner.run(ParentRunner.java:413)
	at org.junit.runners.Suite.runChild(Suite.java:128)
	at org.junit.runners.Suite.runChild(Suite.java:27)
	at org.junit.runners.ParentRunner$4.run(ParentRunner.java:331)
	at org.junit.runners.ParentRunner$1.schedule(ParentRunner.java:79)
	at org.junit.runners.ParentRunner.runChildren(ParentRunner.java:329)
	at org.junit.runners.ParentRunner.access$100(ParentRunner.java:66)
	at org.junit.runners.ParentRunner$2.evaluate(ParentRunner.java:293)
	at org.junit.runners.ParentRunner$3.evaluate(ParentRunner.java:306)
	at org.junit.runners.ParentRunner.run(ParentRunner.java:413)
	at org.junit.runner.JUnitCore.run(JUnitCore.java:137)
	at org.junit.runner.JUnitCore.run(JUnitCore.java:115)
	at edu.illinois.cs.testrunner.execution.JUnitTestExecutor.execute(JUnitTestExecutor.java:259)
	at edu.illinois.cs.testrunner.execution.JUnitTestExecutor.executeWithJUnit4Runner(JUnitTestExecutor.java:327)
	at edu.illinois.cs.testrunner.execution.JUnitTestExecutor.runOrder(JUnitTestExecutor.java:49)
	at edu.illinois.cs.testrunner.execution.Executor$.$anonfun$run$1(Executor.scala:30)
	at scala.runtime.java8.JFunction0$mcV$sp.apply(JFunction0$mcV$sp.java:12)
	at scala.util.Try$.apply(Try.scala:209)
	at edu.illinois.cs.testrunner.execution.Executor$.run(Executor.scala:28)
	at edu.illinois.cs.testrunner.execution.Executor$.main(Executor.scala:18)
	at edu.illinois.cs.testrunner.execution.Executor.main(Executor.scala)
2024-04-26 14:00:24,414 [FATAL] Log4jLogBackendTest message
java.lang.Throwable: log throwable
	at com.j256.ormlite.logger.BaseLogBackendTest.testFatalStringThrowable(BaseLogBackendTest.java:88)
	at sun.reflect.NativeMethodAccessorImpl.invoke0(Native Method)
	at sun.reflect.NativeMethodAccessorImpl.invoke(NativeMethodAccessorImpl.java:62)
	at sun.reflect.DelegatingMethodAccessorImpl.invoke(DelegatingMethodAccessorImpl.java:43)
	at java.lang.reflect.Method.invoke(Method.java:498)
	at org.junit.runners.model.FrameworkMethod$1.runReflectiveCall(FrameworkMethod.java:59)
	at org.junit.internal.runners.model.ReflectiveCallable.run(ReflectiveCallable.java:12)
	at org.junit.runners.model.FrameworkMethod.invokeExplosively(FrameworkMethod.java:56)
	at org.junit.internal.runners.statements.InvokeMethod.evaluate(InvokeMethod.java:17)
	at org.junit.runners.ParentRunner$3.evaluate(ParentRunner.java:306)
	at org.junit.runners.BlockJUnit4ClassRunner$1.evaluate(BlockJUnit4ClassRunner.java:100)
	at org.junit.runners.ParentRunner.runLeaf(ParentRunner.java:366)
	at org.junit.runners.BlockJUnit4ClassRunner.runChild(BlockJUnit4ClassRunner.java:103)
	at org.junit.runners.BlockJUnit4ClassRunner.runChild(BlockJUnit4ClassRunner.java:63)
	at org.junit.runners.ParentRunner$4.run(ParentRunner.java:331)
	at org.junit.runners.ParentRunner$1.schedule(ParentRunner.java:79)
	at org.junit.runners.ParentRunner.runChildren(ParentRunner.java:329)
	at org.junit.runners.ParentRunner.access$100(ParentRunner.java:66)
	at org.junit.runners.ParentRunner$2.evaluate(ParentRunner.java:293)
	at org.junit.runners.ParentRunner$3.evaluate(ParentRunner.java:306)
	at org.junit.runners.ParentRunner.run(ParentRunner.java:413)
	at org.junit.runners.Suite.runChild(Suite.java:128)
	at org.junit.runners.Suite.runChild(Suite.java:27)
	at org.junit.runners.ParentRunner$4.run(ParentRunner.java:331)
	at org.junit.runners.ParentRunner$1.schedule(ParentRunner.java:79)
	at org.junit.runners.ParentRunner.runChildren(ParentRunner.java:329)
	at org.junit.runners.ParentRunner.access$100(ParentRunner.java:66)
	at org.junit.runners.ParentRunner$2.evaluate(ParentRunner.java:293)
	at org.junit.runners.ParentRunner$3.evaluate(ParentRunner.java:306)
	at org.junit.runners.ParentRunner.run(ParentRunner.java:413)
	at org.junit.runner.JUnitCore.run(JUnitCore.java:137)
	at org.junit.runner.JUnitCore.run(JUnitCore.java:115)
	at edu.illinois.cs.testrunner.execution.JUnitTestExecutor.execute(JUnitTestExecutor.java:259)
	at edu.illinois.cs.testrunner.execution.JUnitTestExecutor.executeWithJUnit4Runner(JUnitTestExecutor.java:327)
	at edu.illinois.cs.testrunner.execution.JUnitTestExecutor.runOrder(JUnitTestExecutor.java:49)
	at edu.illinois.cs.testrunner.execution.Executor$.$anonfun$run$1(Executor.scala:30)
	at scala.runtime.java8.JFunction0$mcV$sp.apply(JFunction0$mcV$sp.java:12)
	at scala.util.Try$.apply(Try.scala:209)
	at edu.illinois.cs.testrunner.execution.Executor$.run(Executor.scala:28)
	at edu.illinois.cs.testrunner.execution.Executor$.main(Executor.scala:18)
	at edu.illinois.cs.testrunner.execution.Executor.main(Executor.scala)
2024-04-26 14:00:24,415 [WARN] Log4jLogBackendTest message
2024-04-26 14:00:24,416 [FATAL] Log4jLogBackendTest message
2024-04-26 14:00:24,419 [INFO] TableUtils dropping table 'where'
2024-04-26 14:00:24,551 [INFO] TableUtils ignoring drop error 'org.h2.jdbc.JdbcSQLSyntaxErrorException: Table "WHERE" not found; SQL statement:
DROP TABLE `where`  [42102-200]' for statement: DROP TABLE `where` 
2024-04-26 14:00:24,551 [INFO] TableUtils creating table 'where'
2024-04-26 14:00:24,558 [INFO] TableUtils executed create table statement changed 0 rows: CREATE TABLE `where` (`id` VARCHAR(255) , PRIMARY KEY (`id`) ) 
2024-04-26 14:00:24,561 [DEBUG] BaseMappedStatement insert data with statement 'INSERT INTO `where` (`id` ) VALUES (?)' and 1 args, changed 1 rows
2024-04-26 14:00:24,561 [TRACE] BaseMappedStatement insert arguments: [from-string]
2024-04-26 14:00:24,579 [DEBUG] BaseMappedStatement query-for-id using 'SELECT * FROM `where` WHERE `id` = ?' and 1 args, got 1 result
2024-04-26 14:00:24,579 [TRACE] BaseMappedStatement query-for-id arguments: [from-string]
2024-04-26 14:00:24,581 [DEBUG] BaseMappedStatement delete data with statement 'DELETE FROM `where` WHERE `id` = ?' and 1 args, changed 1 rows
2024-04-26 14:00:24,581 [TRACE] BaseMappedStatement delete arguments: [from-string]
2024-04-26 14:00:24,582 [DEBUG] BaseMappedStatement query-for-id using 'SELECT * FROM `where` WHERE `id` = ?' and 1 args, got no results
2024-04-26 14:00:24,582 [TRACE] BaseMappedStatement query-for-id arguments: [from-string]
2024-04-26 14:00:24,583 [INFO] TableUtils dropping table 'foo'
2024-04-26 14:00:24,585 [INFO] TableUtils ignoring drop error 'org.h2.jdbc.JdbcSQLSyntaxErrorException: Table "FOO" not found; SQL statement:
DROP TABLE `foo`  [42102-200]' for statement: DROP TABLE `foo` 
2024-04-26 14:00:24,585 [INFO] TableUtils creating table 'foo'
2024-04-26 14:00:24,586 [INFO] TableUtils executed create table statement changed 0 rows: CREATE TABLE `foo` (`id` VARCHAR(255) , `stuff` VARCHAR(255) , PRIMARY KEY (`id`) ) 
2024-04-26 14:00:24,588 [DEBUG] BaseMappedStatement insert data with statement 'INSERT INTO `foo` (`id` ,`stuff` ) VALUES (?,?)' and 2 args, changed 1 rows
2024-04-26 14:00:24,588 [TRACE] BaseMappedStatement insert arguments: [blah, zing]
2024-04-26 14:00:24,588 [DEBUG] BaseMappedStatement insert data with statement 'INSERT INTO `foo` (`id` ,`stuff` ) VALUES (?,?)' and 2 args, changed 1 rows
2024-04-26 14:00:24,588 [TRACE] BaseMappedStatement insert arguments: [ick, zing]
2024-04-26 14:00:24,590 [ERROR] BaseMappedStatement query-for-id using 'SELECT * FROM `foo` WHERE `stuff` = ?' and 1 args, got >1 results
2024-04-26 14:00:24,590 [TRACE] BaseMappedStatement query-for-id arguments: [zing]
2024-04-26 14:00:24,594 [INFO] TableUtils dropping table 'reservedfield'
2024-04-26 14:00:24,596 [INFO] TableUtils ignoring drop error 'org.h2.jdbc.JdbcSQLSyntaxErrorException: Table "RESERVEDFIELD" not found; SQL statement:
DROP TABLE `reservedfield`  [42102-200]' for statement: DROP TABLE `reservedfield` 
2024-04-26 14:00:24,597 [INFO] TableUtils creating table 'reservedfield'
2024-04-26 14:00:24,608 [INFO] TableUtils executed create table statement changed 0 rows: CREATE TABLE `reservedfield` (`select` INTEGER AUTO_INCREMENT , `from` VARCHAR(255) , `table` VARCHAR(255) , `where` VARCHAR(255) , `group` VARCHAR(255) , `order` VARCHAR(255) , `values` VARCHAR(255) , PRIMARY KEY (`select`) ) 
2024-04-26 14:00:24,610 [DEBUG] BaseMappedStatement insert data with statement 'INSERT INTO `reservedfield` (`from` ,`table` ,`where` ,`group` ,`order` ,`values` ) VALUES (?,?,?,?,?,?)' and 6 args, changed 1 rows
2024-04-26 14:00:24,610 [TRACE] BaseMappedStatement insert arguments: [from-string, null, null, null, null, null]
2024-04-26 14:00:24,611 [DEBUG] BaseMappedStatement assigned id '1' from keyholder to 'select' in ReservedField object
2024-04-26 14:00:24,611 [DEBUG] BaseMappedStatement query-for-id using 'SELECT * FROM `reservedfield` WHERE `select` = ?' and 1 args, got 1 result
2024-04-26 14:00:24,611 [TRACE] BaseMappedStatement query-for-id arguments: [1]
2024-04-26 14:00:24,614 [DEBUG] BaseMappedStatement prepared statement 'SELECT * FROM `reservedfield`' with 0 args
2024-04-26 14:00:24,616 [DEBUG] BaseMappedStatement update data with statement 'UPDATE `reservedfield` SET `from` = ?, `table` = ?, `where` = ?, `group` = ?, `order` = ?, `values` = ? WHERE `select` = ?' and 7 args, changed 1 rows
2024-04-26 14:00:24,616 [TRACE] BaseMappedStatement update arguments: [from-string, null, null, group-string, null, null, 1]
2024-04-26 14:00:24,616 [DEBUG] BaseMappedStatement prepared statement 'SELECT * FROM `reservedfield`' with 0 args
2024-04-26 14:00:24,617 [DEBUG] BaseMappedStatement delete data with statement 'DELETE FROM `reservedfield` WHERE `select` = ?' and 1 args, changed 1 rows
2024-04-26 14:00:24,617 [TRACE] BaseMappedStatement delete arguments: [1]
2024-04-26 14:00:24,618 [DEBUG] BaseMappedStatement prepared statement 'SELECT * FROM `reservedfield`' with 0 args
2024-04-26 14:00:24,618 [DEBUG] StatementExecutor query of 'SELECT * FROM `reservedfield`' with 0 args returned 0 results
2024-04-26 14:00:24,620 [INFO] TableUtils dropping table 'foo'
2024-04-26 14:00:24,622 [INFO] TableUtils ignoring drop error 'org.h2.jdbc.JdbcSQLSyntaxErrorException: Table "FOO" not found; SQL statement:
DROP TABLE `foo`  [42102-200]' for statement: DROP TABLE `foo` 
2024-04-26 14:00:24,623 [INFO] TableUtils creating table 'foo'
2024-04-26 14:00:24,624 [INFO] TableUtils executed create table statement changed 0 rows: CREATE TABLE `foo` (`id` VARCHAR(255) , PRIMARY KEY (`id`) ) 
2024-04-26 14:00:24,624 [DEBUG] BaseMappedStatement refresh using 'SELECT * FROM `foo` WHERE `id` = ?' and 1 args, got no results
2024-04-26 14:00:24,624 [TRACE] BaseMappedStatement refresh arguments: [foo]
2024-04-26 14:00:24,625 [DEBUG] BaseMappedStatement insert data with statement 'INSERT INTO `foo` (`id` ) VALUES (?)' and 1 args, changed 1 rows
2024-04-26 14:00:24,625 [TRACE] BaseMappedStatement insert arguments: [foo]
2024-04-26 14:00:24,626 [DEBUG] BaseMappedStatement refresh using 'SELECT * FROM `foo` WHERE `id` = ?' and 1 args, got 1 result
2024-04-26 14:00:24,626 [TRACE] BaseMappedStatement refresh arguments: [foo]
2024-04-26 14:00:24,627 [INFO] TableUtils dropping table 'foo'
2024-04-26 14:00:24,629 [INFO] TableUtils ignoring drop error 'org.h2.jdbc.JdbcSQLSyntaxErrorException: Table "FOO" not found; SQL statement:
DROP TABLE `foo`  [42102-200]' for statement: DROP TABLE `foo` 
2024-04-26 14:00:24,629 [INFO] TableUtils creating table 'foo'
2024-04-26 14:00:24,629 [INFO] TableUtils executed create table statement changed 0 rows: CREATE TABLE `foo` (`id` VARCHAR(255) ) 
2024-04-26 14:00:24,630 [DEBUG] BaseMappedStatement insert data with statement 'INSERT INTO `foo` (`id` ) VALUES (?)' and 1 args, changed 1 rows
2024-04-26 14:00:24,630 [TRACE] BaseMappedStatement insert arguments: [foo]
2024-04-26 14:00:24,630 [DEBUG] BaseMappedStatement refresh using 'SELECT * FROM `foo` WHERE `id` = ?' and 1 args, got 1 result
2024-04-26 14:00:24,630 [TRACE] BaseMappedStatement refresh arguments: [foo]
2024-04-26 14:00:24,631 [DEBUG] BaseMappedStatement insert data with statement 'INSERT INTO `foo` (`id` ) VALUES (?)' and 1 args, changed 1 rows
2024-04-26 14:00:24,631 [TRACE] BaseMappedStatement insert arguments: [foo]
2024-04-26 14:00:24,632 [ERROR] BaseMappedStatement refresh using 'SELECT * FROM `foo` WHERE `id` = ?' and 1 args, got >1 results
2024-04-26 14:00:24,632 [TRACE] BaseMappedStatement refresh arguments: [foo]
2024-04-26 14:00:24,643 [INFO] TableUtils dropping table 'foo'
2024-04-26 14:00:24,645 [INFO] TableUtils ignoring drop error 'org.h2.jdbc.JdbcSQLSyntaxErrorException: Table "FOO" not found; SQL statement:
DROP TABLE `foo`  [42102-200]' for statement: DROP TABLE `foo` 
2024-04-26 14:00:24,645 [INFO] TableUtils creating table 'foo'
2024-04-26 14:00:24,646 [INFO] TableUtils executed create table statement changed 0 rows: CREATE TABLE `foo` (`id` INTEGER AUTO_INCREMENT , `val` INTEGER , `equal` INTEGER , `string` VARCHAR(255) , PRIMARY KEY (`id`) ) 
2024-04-26 14:00:24,647 [DEBUG] BaseMappedStatement insert data with statement 'INSERT INTO `foo` (`val` ,`equal` ,`string` ) VALUES (?,?,?)' and 3 args, changed 1 rows
2024-04-26 14:00:24,647 [TRACE] BaseMappedStatement insert arguments: [0, 0, null]
2024-04-26 14:00:24,647 [DEBUG] BaseMappedStatement assigned id '1' from keyholder to 'id' in Foo object
2024-04-26 14:00:24,647 [DEBUG] BaseMappedStatement insert data with statement 'INSERT INTO `foo` (`val` ,`equal` ,`string` ) VALUES (?,?,?)' and 3 args, changed 1 rows
2024-04-26 14:00:24,648 [TRACE] BaseMappedStatement insert arguments: [0, 0, null]
2024-04-26 14:00:24,648 [DEBUG] BaseMappedStatement assigned id '2' from keyholder to 'id' in Foo object
2024-04-26 14:00:24,648 [DEBUG] BaseMappedStatement insert data with statement 'INSERT INTO `foo` (`val` ,`equal` ,`string` ) VALUES (?,?,?)' and 3 args, changed 1 rows
2024-04-26 14:00:24,648 [TRACE] BaseMappedStatement insert arguments: [0, 0, null]
2024-04-26 14:00:24,648 [DEBUG] BaseMappedStatement assigned id '3' from keyholder to 'id' in Foo object
2024-04-26 14:00:24,649 [DEBUG] BaseMappedStatement prepared statement 'UPDATE `foo` SET `string` = 'hello' LIMIT 2' with 0 args
2024-04-26 14:00:24,650 [DEBUG] BaseMappedStatement prepared statement 'SELECT * FROM `foo`' with 0 args
2024-04-26 14:00:24,650 [DEBUG] StatementExecutor query of 'SELECT * FROM `foo`' with 0 args returned 3 results
2024-04-26 14:00:24,658 [INFO] TableUtils dropping table 'updatedate'
2024-04-26 14:00:24,660 [INFO] TableUtils ignoring drop error 'org.h2.jdbc.JdbcSQLSyntaxErrorException: Table "UPDATEDATE" not found; SQL statement:
DROP TABLE `updatedate`  [42102-200]' for statement: DROP TABLE `updatedate` 
2024-04-26 14:00:24,660 [INFO] TableUtils creating table 'updatedate'
2024-04-26 14:00:24,661 [INFO] TableUtils executed create table statement changed 0 rows: CREATE TABLE `updatedate` (`id` INTEGER AUTO_INCREMENT , `date` TIMESTAMP , PRIMARY KEY (`id`) ) 
2024-04-26 14:00:24,679 [DEBUG] BaseMappedStatement insert data with statement 'INSERT INTO `updatedate` (`date` ) VALUES (?)' and 1 args, changed 1 rows
2024-04-26 14:00:24,679 [TRACE] BaseMappedStatement insert arguments: [2024-04-26 14:00:24.661]
2024-04-26 14:00:24,679 [DEBUG] BaseMappedStatement assigned id '1' from keyholder to 'id' in UpdateDate object
2024-04-26 14:00:24,680 [DEBUG] BaseMappedStatement prepared statement 'UPDATE `updatedate` SET `date` = ?' with 1 args
2024-04-26 14:00:24,680 [TRACE] BaseMappedStatement prepared statement arguments: [2024-04-26 14:00:24.689]
2024-04-26 14:00:24,681 [DEBUG] BaseMappedStatement query-for-id using 'SELECT * FROM `updatedate` WHERE `id` = ?' and 1 args, got 1 result
2024-04-26 14:00:24,681 [TRACE] BaseMappedStatement query-for-id arguments: [1]
2024-04-26 14:00:24,682 [INFO] TableUtils dropping table 'foo'
2024-04-26 14:00:24,684 [INFO] TableUtils ignoring drop error 'org.h2.jdbc.JdbcSQLSyntaxErrorException: Table "FOO" not found; SQL statement:
DROP TABLE `foo`  [42102-200]' for statement: DROP TABLE `foo` 
2024-04-26 14:00:24,684 [INFO] TableUtils creating table 'foo'
2024-04-26 14:00:24,685 [INFO] TableUtils executed create table statement changed 0 rows: CREATE TABLE `foo` (`id` INTEGER AUTO_INCREMENT , `val` INTEGER , `equal` INTEGER , `string` VARCHAR(255) , PRIMARY KEY (`id`) ) 
2024-04-26 14:00:24,686 [DEBUG] BaseMappedStatement insert data with statement 'INSERT INTO `foo` (`val` ,`equal` ,`string` ) VALUES (?,?,?)' and 3 args, changed 1 rows
2024-04-26 14:00:24,686 [TRACE] BaseMappedStatement insert arguments: [0, 0, not really that null]
2024-04-26 14:00:24,686 [DEBUG] BaseMappedStatement assigned id '1' from keyholder to 'id' in Foo object
2024-04-26 14:00:24,687 [DEBUG] BaseMappedStatement query-for-id using 'SELECT * FROM `foo` WHERE `id` = ?' and 1 args, got 1 result
2024-04-26 14:00:24,687 [TRACE] BaseMappedStatement query-for-id arguments: [1]
2024-04-26 14:00:24,687 [DEBUG] BaseMappedStatement prepared statement 'UPDATE `foo` SET `string` = ?' with 1 args
2024-04-26 14:00:24,687 [TRACE] BaseMappedStatement prepared statement arguments: [null]
2024-04-26 14:00:24,688 [DEBUG] BaseMappedStatement query-for-id using 'SELECT * FROM `foo` WHERE `id` = ?' and 1 args, got 1 result
2024-04-26 14:00:24,688 [TRACE] BaseMappedStatement query-for-id arguments: [1]
2024-04-26 14:00:24,688 [DEBUG] BaseMappedStatement prepared statement 'UPDATE `foo` SET `string` = 'not really that null'' with 0 args
2024-04-26 14:00:24,689 [DEBUG] BaseMappedStatement query-for-id using 'SELECT * FROM `foo` WHERE `id` = ?' and 1 args, got 1 result
2024-04-26 14:00:24,689 [TRACE] BaseMappedStatement query-for-id arguments: [1]
2024-04-26 14:00:24,689 [DEBUG] BaseMappedStatement prepared statement 'UPDATE `foo` SET `string` = null' with 0 args
2024-04-26 14:00:24,690 [DEBUG] BaseMappedStatement query-for-id using 'SELECT * FROM `foo` WHERE `id` = ?' and 1 args, got 1 result
2024-04-26 14:00:24,690 [TRACE] BaseMappedStatement query-for-id arguments: [1]
2024-04-26 14:00:24,690 [DEBUG] BaseMappedStatement prepared statement 'UPDATE `foo` SET `string` = 'not really that null'' with 0 args
2024-04-26 14:00:24,691 [DEBUG] BaseMappedStatement query-for-id using 'SELECT * FROM `foo` WHERE `id` = ?' and 1 args, got 1 result
2024-04-26 14:00:24,691 [TRACE] BaseMappedStatement query-for-id arguments: [1]
2024-04-26 14:00:24,691 [DEBUG] BaseMappedStatement prepared statement 'UPDATE `foo` SET `string` = ?' with 1 args
2024-04-26 14:00:24,691 [TRACE] BaseMappedStatement prepared statement arguments: [null]
2024-04-26 14:00:24,692 [DEBUG] BaseMappedStatement query-for-id using 'SELECT * FROM `foo` WHERE `id` = ?' and 1 args, got 1 result
2024-04-26 14:00:24,692 [TRACE] BaseMappedStatement query-for-id arguments: [1]
2024-04-26 14:00:24,696 [INFO] TableUtils dropping table 'updatedate'
2024-04-26 14:00:24,698 [INFO] TableUtils ignoring drop error 'org.h2.jdbc.JdbcSQLSyntaxErrorException: Table "UPDATEDATE" not found; SQL statement:
DROP TABLE `updatedate`  [42102-200]' for statement: DROP TABLE `updatedate` 
2024-04-26 14:00:24,698 [INFO] TableUtils creating table 'updatedate'
2024-04-26 14:00:24,699 [INFO] TableUtils executed create table statement changed 0 rows: CREATE TABLE `updatedate` (`id` INTEGER AUTO_INCREMENT , `date` TIMESTAMP , PRIMARY KEY (`id`) ) 
2024-04-26 14:00:24,700 [DEBUG] BaseMappedStatement insert data with statement 'INSERT INTO `updatedate` (`date` ) VALUES (?)' and 1 args, changed 1 rows
2024-04-26 14:00:24,700 [TRACE] BaseMappedStatement insert arguments: [2024-04-26 14:00:24.699]
2024-04-26 14:00:24,700 [DEBUG] BaseMappedStatement assigned id '1' from keyholder to 'id' in UpdateDate object
2024-04-26 14:00:24,700 [DEBUG] BaseMappedStatement prepared statement 'UPDATE `updatedate` SET `date` = ?' with 1 args
2024-04-26 14:00:24,701 [TRACE] BaseMappedStatement prepared statement arguments: [2024-04-26 14:00:24.71]
2024-04-26 14:00:24,702 [DEBUG] BaseMappedStatement query-for-id using 'SELECT * FROM `updatedate` WHERE `id` = ?' and 1 args, got 1 result
2024-04-26 14:00:24,702 [TRACE] BaseMappedStatement query-for-id arguments: [1]
2024-04-26 14:00:24,707 [INFO] TableUtils dropping table 'tablename'
2024-04-26 14:00:24,708 [INFO] TableUtils ignoring drop error 'org.h2.jdbc.JdbcSQLSyntaxErrorException: Table "TABLENAME" not found; SQL statement:
DROP TABLE `tablename`  [42102-200]' for statement: DROP TABLE `tablename` 
2024-04-26 14:00:24,708 [INFO] TableUtils creating table 'tablename'
2024-04-26 14:00:24,709 [INFO] TableUtils executed create table statement changed 0 rows: CREATE TABLE `tablename` (`column2` VARCHAR(255) , PRIMARY KEY (`column2`) ) 
2024-04-26 14:00:24,710 [INFO] TableUtils dropping table 'privateconstructor'
2024-04-26 14:00:24,711 [INFO] TableUtils ignoring drop error 'org.h2.jdbc.JdbcSQLSyntaxErrorException: Table "PRIVATECONSTRUCTOR" not found; SQL statement:
DROP TABLE `privateconstructor`  [42102-200]' for statement: DROP TABLE `privateconstructor` 
2024-04-26 14:00:24,711 [INFO] TableUtils creating table 'privateconstructor'
2024-04-26 14:00:24,712 [INFO] TableUtils executed create table statement changed 0 rows: CREATE TABLE `privateconstructor` (`id` INTEGER , PRIMARY KEY (`id`) ) 
2024-04-26 14:00:24,712 [DEBUG] BaseMappedStatement insert data with statement 'INSERT INTO `privateconstructor` (`id` ) VALUES (?)' and 1 args, changed 1 rows
2024-04-26 14:00:24,712 [TRACE] BaseMappedStatement insert arguments: [12312321]
2024-04-26 14:00:24,713 [DEBUG] BaseMappedStatement query-for-id using 'SELECT * FROM `privateconstructor` WHERE `id` = ?' and 1 args, got 1 result
2024-04-26 14:00:24,713 [TRACE] BaseMappedStatement query-for-id arguments: [12312321]
2024-04-26 14:00:24,714 [INFO] TableUtils dropping table 'foo'
2024-04-26 14:00:24,715 [INFO] TableUtils ignoring drop error 'org.h2.jdbc.JdbcSQLSyntaxErrorException: Table "FOO" not found; SQL statement:
DROP TABLE `foo`  [42102-200]' for statement: DROP TABLE `foo` 
2024-04-26 14:00:24,715 [INFO] TableUtils creating table 'foo'
2024-04-26 14:00:24,716 [INFO] TableUtils executed create table statement changed 0 rows: CREATE TABLE `foo` (`id` INTEGER AUTO_INCREMENT , `val` INTEGER , `equal` INTEGER , `string` VARCHAR(255) , PRIMARY KEY (`id`) ) 
2024-04-26 14:00:24,717 [DEBUG] BaseMappedStatement insert data with statement 'INSERT INTO `foo` (`val` ,`equal` ,`string` ) VALUES (?,?,?)' and 3 args, changed 1 rows
2024-04-26 14:00:24,717 [TRACE] BaseMappedStatement insert arguments: [66654654, 0, null]
2024-04-26 14:00:24,717 [DEBUG] BaseMappedStatement assigned id '1' from keyholder to 'id' in Foo object
2024-04-26 14:00:24,718 [DEBUG] BaseMappedStatement query-for-id using 'SELECT * FROM `foo` WHERE `id` = ?' and 1 args, got 1 result
2024-04-26 14:00:24,718 [TRACE] BaseMappedStatement query-for-id arguments: [1]
2024-04-26 14:00:24,718 [DEBUG] BaseMappedStatement prepared statement 'UPDATE `foo` SET `val` = 165445654' with 0 args
2024-04-26 14:00:24,718 [DEBUG] BaseMappedStatement query-for-id using 'SELECT * FROM `foo` WHERE `id` = ?' and 1 args, got 1 result
2024-04-26 14:00:24,718 [TRACE] BaseMappedStatement query-for-id arguments: [1]
2024-04-26 14:00:24,719 [INFO] TableUtils dropping table 'testserial'
2024-04-26 14:00:24,721 [INFO] TableUtils ignoring drop error 'org.h2.jdbc.JdbcSQLSyntaxErrorException: Table "TESTSERIAL" not found; SQL statement:
DROP TABLE `testserial`  [42102-200]' for statement: DROP TABLE `testserial` 
2024-04-26 14:00:24,721 [INFO] TableUtils creating table 'testserial'
2024-04-26 14:00:24,721 [INFO] TableUtils executed create table statement changed 0 rows: CREATE TABLE `testserial` (`id` INTEGER AUTO_INCREMENT , `stuff` BLOB , PRIMARY KEY (`id`) ) 
2024-04-26 14:00:24,724 [DEBUG] BaseMappedStatement insert data with statement 'INSERT INTO `testserial` (`stuff` ) VALUES (?)' and 1 args, changed 1 rows
2024-04-26 14:00:24,724 [TRACE] BaseMappedStatement insert arguments: [[-84, -19, 0, 5, 116, 0, 6, 104, 106, 114, 106, 112, 101]]
2024-04-26 14:00:24,724 [DEBUG] BaseMappedStatement assigned id '1' from keyholder to 'id' in TestSerial object
2024-04-26 14:00:24,726 [DEBUG] BaseMappedStatement query-for-id using 'SELECT * FROM `testserial` WHERE `id` = ?' and 1 args, got 1 result
2024-04-26 14:00:24,726 [TRACE] BaseMappedStatement query-for-id arguments: [1]
2024-04-26 14:00:24,727 [DEBUG] BaseMappedStatement prepared statement 'UPDATE `testserial` SET `stuff` = ?' with 1 args
2024-04-26 14:00:24,727 [TRACE] BaseMappedStatement prepared statement arguments: [[-84, -19, 0, 5, 116, 0, 9, 49, 54, 53, 52, 52, 53, 54, 53, 52]]
2024-04-26 14:00:24,727 [DEBUG] BaseMappedStatement query-for-id using 'SELECT * FROM `testserial` WHERE `id` = ?' and 1 args, got 1 result
2024-04-26 14:00:24,727 [TRACE] BaseMappedStatement query-for-id arguments: [1]
ERROR Log4j2LogBackendTest message
2024-04-26 14:00:24,729 [INFO] SchemaUtils dropping schema 'schema'
2024-04-26 14:00:24,730 [INFO] SchemaUtils ignoring drop error 'org.h2.jdbc.JdbcSQLSyntaxErrorException: Schema "SCHEMA" not found; SQL statement:
DROP SCHEMA `schema`  [90079-200]' for statement: DROP SCHEMA `schema` 
2024-04-26 14:00:24,730 [INFO] SchemaUtils dropping schema 'schema'
2024-04-26 14:00:24,730 [INFO] SchemaUtils ignoring drop error 'org.h2.jdbc.JdbcSQLSyntaxErrorException: Schema "SCHEMA" not found; SQL statement:
DROP SCHEMA `schema`  [90079-200]' for statement: DROP SCHEMA `schema` 
2024-04-26 14:00:24,730 [INFO] SchemaUtils creating schema 'schema'
2024-04-26 14:00:24,731 [INFO] SchemaUtils executed create schema statement changed 0 rows: CREATE SCHEMA IF NOT EXISTS `schema`
2024-04-26 14:00:24,731 [INFO] SchemaUtils creating schema 'schema'
2024-04-26 14:00:24,731 [INFO] SchemaUtils executed create schema statement changed 0 rows: CREATE SCHEMA IF NOT EXISTS `schema`
