ERROR StatusLogger Unable to locate a logging implementation, using SimpleLogger
2024-04-26 13:56:01,208 [INFO] TableUtils dropping table 'foo'
2024-04-26 13:56:01,332 [INFO] TableUtils ignoring drop error 'org.h2.jdbc.JdbcSQLSyntaxErrorException: Table "FOO" not found; SQL statement:
DROP TABLE `foo`  [42102-200]' for statement: DROP TABLE `foo` 
2024-04-26 13:56:01,332 [INFO] TableUtils creating table 'foo'
2024-04-26 13:56:01,335 [INFO] TableUtils executed create table statement changed 0 rows: CREATE TABLE `foo` (`date` TIMESTAMP ) 
2024-04-26 13:56:01,350 [DEBUG] BaseMappedStatement insert data with statement 'INSERT INTO `foo` (`date` ) VALUES (?)' and 1 args, changed 1 rows
2024-04-26 13:56:01,351 [TRACE] BaseMappedStatement insert arguments: [2024-04-26 13:56:01.336]
2024-04-26 13:56:01,353 [INFO] TableUtils dropping table 'foo'
2024-04-26 13:56:01,354 [INFO] TableUtils ignoring drop error 'org.h2.jdbc.JdbcSQLSyntaxErrorException: Table "FOO" not found; SQL statement:
DROP TABLE `foo`  [42102-200]' for statement: DROP TABLE `foo` 
2024-04-26 13:56:01,354 [INFO] TableUtils creating table 'foo'
2024-04-26 13:56:01,355 [INFO] TableUtils executed create table statement changed 0 rows: CREATE TABLE `foo` (`date` TIMESTAMP ) 
2024-04-26 13:56:01,356 [DEBUG] BaseMappedStatement insert data with statement 'INSERT INTO `foo` (`date` ) VALUES (?)' and 1 args, changed 1 rows
2024-04-26 13:56:01,356 [TRACE] BaseMappedStatement insert arguments: [2024-04-26 13:56:01.0]
2024-04-26 13:56:01,375 [DEBUG] BaseMappedStatement prepared statement 'SELECT * FROM `foo`' with 0 args
2024-04-26 13:56:01,376 [DEBUG] StatementExecutor query of 'SELECT * FROM `foo`' with 0 args returned 1 results
2024-04-26 13:56:01,379 [DEBUG] BaseMappedStatement prepared statement 'SELECT * FROM `foo` WHERE (`date` = ?)' with 1 args
2024-04-26 13:56:01,379 [TRACE] BaseMappedStatement prepared statement arguments: [2024-04-26 13:56:01.0]
2024-04-26 13:56:01,380 [DEBUG] StatementExecutor query of 'SELECT * FROM `foo` WHERE (`date` = ?)' with 1 args returned 1 results
2024-04-26 13:56:01,380 [DEBUG] BaseMappedStatement prepared statement 'SELECT * FROM `foo` WHERE (`date` = ?)' with 1 args
2024-04-26 13:56:01,380 [TRACE] BaseMappedStatement prepared statement arguments: [2024-04-26 13:56:01.0]
2024-04-26 13:56:01,380 [DEBUG] StatementExecutor query of 'SELECT * FROM `foo` WHERE (`date` = ?)' with 1 args returned 1 results
2024-04-26 13:56:01,381 [INFO] TableUtils dropping table 'foo'
2024-04-26 13:56:01,383 [INFO] TableUtils ignoring drop error 'org.h2.jdbc.JdbcSQLSyntaxErrorException: Table "FOO" not found; SQL statement:
DROP TABLE `foo`  [42102-200]' for statement: DROP TABLE `foo` 
2024-04-26 13:56:01,383 [INFO] TableUtils creating table 'foo'
2024-04-26 13:56:01,384 [INFO] TableUtils executed create table statement changed 0 rows: CREATE TABLE `foo` (`date` TIMESTAMP ) 
2024-04-26 13:56:01,384 [DEBUG] BaseMappedStatement insert data with statement 'INSERT INTO `foo` (`date` ) VALUES (?)' and 1 args, changed 1 rows
2024-04-26 13:56:01,384 [TRACE] BaseMappedStatement insert arguments: [null]
2024-04-26 13:56:01,385 [DEBUG] BaseMappedStatement prepared statement 'SELECT * FROM `foo`' with 0 args
2024-04-26 13:56:01,385 [DEBUG] StatementExecutor query of 'SELECT * FROM `foo`' with 0 args returned 1 results
2024-04-26 13:56:01,386 [ERROR] LogbackLogBackendTest message
2024-04-26 13:56:01,386 [ERROR] LogbackLogBackendTest message
java.lang.Throwable: log throwable
	at com.j256.ormlite.logger.BaseLogBackendTest.testErrorStringThrowable(BaseLogBackendTest.java:78)
	at sun.reflect.NativeMethodAccessorImpl.invoke0(Native Method)
	at sun.reflect.NativeMethodAccessorImpl.invoke(NativeMethodAccessorImpl.java:62)
	at sun.reflect.DelegatingMethodAccessorImpl.invoke(DelegatingMethodAccessorImpl.java:43)
	at java.lang.reflect.Method.invoke(Method.java:498)
	at org.junit.runners.model.FrameworkMethod$1.runReflectiveCall(FrameworkMethod.java:59)
	at org.junit.internal.runners.model.ReflectiveCallable.run(ReflectiveCallable.java:12)
	at org.junit.runners.model.FrameworkMethod.invokeExplosively(FrameworkMethod.java:56)
	at org.junit.internal.runners.statements.InvokeMethod.evaluate(InvokeMethod.java:17)
	at org.junit.runners.ParentRunner$3.evaluate(ParentRunner.java:306)
	at org.junit.runners.BlockJUnit4ClassRunner$1.evaluate(BlockJUnit4ClassRunner.java:100)
	at org.junit.runners.ParentRunner.runLeaf(ParentRunner.java:366)
	at org.junit.runners.BlockJUnit4ClassRunner.runChild(BlockJUnit4ClassRunner.java:103)
	at org.junit.runners.BlockJUnit4ClassRunner.runChild(BlockJUnit4ClassRunner.java:63)
	at org.junit.runners.ParentRunner$4.run(ParentRunner.java:331)
	at org.junit.runners.ParentRunner$1.schedule(ParentRunner.java:79)
	at org.junit.runners.ParentRunner.runChildren(ParentRunner.java:329)
	at org.junit.runners.ParentRunner.access$100(ParentRunner.java:66)
	at org.junit.runners.ParentRunner$2.evaluate(ParentRunner.java:293)
	at org.junit.runners.ParentRunner$3.evaluate(ParentRunner.java:306)
	at org.junit.runners.ParentRunner.run(ParentRunner.java:413)
	at org.junit.runners.Suite.runChild(Suite.java:128)
	at org.junit.runners.Suite.runChild(Suite.java:27)
	at org.junit.runners.ParentRunner$4.run(ParentRunner.java:331)
	at org.junit.runners.ParentRunner$1.schedule(ParentRunner.java:79)
	at org.junit.runners.ParentRunner.runChildren(ParentRunner.java:329)
	at org.junit.runners.ParentRunner.access$100(ParentRunner.java:66)
	at org.junit.runners.ParentRunner$2.evaluate(ParentRunner.java:293)
	at org.junit.runners.ParentRunner$3.evaluate(ParentRunner.java:306)
	at org.junit.runners.ParentRunner.run(ParentRunner.java:413)
	at org.junit.runner.JUnitCore.run(JUnitCore.java:137)
	at org.junit.runner.JUnitCore.run(JUnitCore.java:115)
	at edu.illinois.cs.testrunner.execution.JUnitTestExecutor.execute(JUnitTestExecutor.java:259)
	at edu.illinois.cs.testrunner.execution.JUnitTestExecutor.executeWithJUnit4Runner(JUnitTestExecutor.java:327)
	at edu.illinois.cs.testrunner.execution.JUnitTestExecutor.runOrder(JUnitTestExecutor.java:49)
	at edu.illinois.cs.testrunner.execution.Executor$.$anonfun$run$1(Executor.scala:30)
	at scala.runtime.java8.JFunction0$mcV$sp.apply(JFunction0$mcV$sp.java:12)
	at scala.util.Try$.apply(Try.scala:209)
	at edu.illinois.cs.testrunner.execution.Executor$.run(Executor.scala:28)
	at edu.illinois.cs.testrunner.execution.Executor$.main(Executor.scala:18)
	at edu.illinois.cs.testrunner.execution.Executor.main(Executor.scala)
2024-04-26 13:56:01,388 [WARN] LogbackLogBackendTest message
java.lang.Throwable: log throwable
	at com.j256.ormlite.logger.BaseLogBackendTest.testWarnStringThrowable(BaseLogBackendTest.java:68)
	at sun.reflect.NativeMethodAccessorImpl.invoke0(Native Method)
	at sun.reflect.NativeMethodAccessorImpl.invoke(NativeMethodAccessorImpl.java:62)
	at sun.reflect.DelegatingMethodAccessorImpl.invoke(DelegatingMethodAccessorImpl.java:43)
	at java.lang.reflect.Method.invoke(Method.java:498)
	at org.junit.runners.model.FrameworkMethod$1.runReflectiveCall(FrameworkMethod.java:59)
	at org.junit.internal.runners.model.ReflectiveCallable.run(ReflectiveCallable.java:12)
	at org.junit.runners.model.FrameworkMethod.invokeExplosively(FrameworkMethod.java:56)
	at org.junit.internal.runners.statements.InvokeMethod.evaluate(InvokeMethod.java:17)
	at org.junit.runners.ParentRunner$3.evaluate(ParentRunner.java:306)
	at org.junit.runners.BlockJUnit4ClassRunner$1.evaluate(BlockJUnit4ClassRunner.java:100)
	at org.junit.runners.ParentRunner.runLeaf(ParentRunner.java:366)
	at org.junit.runners.BlockJUnit4ClassRunner.runChild(BlockJUnit4ClassRunner.java:103)
	at org.junit.runners.BlockJUnit4ClassRunner.runChild(BlockJUnit4ClassRunner.java:63)
	at org.junit.runners.ParentRunner$4.run(ParentRunner.java:331)
	at org.junit.runners.ParentRunner$1.schedule(ParentRunner.java:79)
	at org.junit.runners.ParentRunner.runChildren(ParentRunner.java:329)
	at org.junit.runners.ParentRunner.access$100(ParentRunner.java:66)
	at org.junit.runners.ParentRunner$2.evaluate(ParentRunner.java:293)
	at org.junit.runners.ParentRunner$3.evaluate(ParentRunner.java:306)
	at org.junit.runners.ParentRunner.run(ParentRunner.java:413)
	at org.junit.runners.Suite.runChild(Suite.java:128)
	at org.junit.runners.Suite.runChild(Suite.java:27)
	at org.junit.runners.ParentRunner$4.run(ParentRunner.java:331)
	at org.junit.runners.ParentRunner$1.schedule(ParentRunner.java:79)
	at org.junit.runners.ParentRunner.runChildren(ParentRunner.java:329)
	at org.junit.runners.ParentRunner.access$100(ParentRunner.java:66)
	at org.junit.runners.ParentRunner$2.evaluate(ParentRunner.java:293)
	at org.junit.runners.ParentRunner$3.evaluate(ParentRunner.java:306)
	at org.junit.runners.ParentRunner.run(ParentRunner.java:413)
	at org.junit.runner.JUnitCore.run(JUnitCore.java:137)
	at org.junit.runner.JUnitCore.run(JUnitCore.java:115)
	at edu.illinois.cs.testrunner.execution.JUnitTestExecutor.execute(JUnitTestExecutor.java:259)
	at edu.illinois.cs.testrunner.execution.JUnitTestExecutor.executeWithJUnit4Runner(JUnitTestExecutor.java:327)
	at edu.illinois.cs.testrunner.execution.JUnitTestExecutor.runOrder(JUnitTestExecutor.java:49)
	at edu.illinois.cs.testrunner.execution.Executor$.$anonfun$run$1(Executor.scala:30)
	at scala.runtime.java8.JFunction0$mcV$sp.apply(JFunction0$mcV$sp.java:12)
	at scala.util.Try$.apply(Try.scala:209)
	at edu.illinois.cs.testrunner.execution.Executor$.run(Executor.scala:28)
	at edu.illinois.cs.testrunner.execution.Executor$.main(Executor.scala:18)
	at edu.illinois.cs.testrunner.execution.Executor.main(Executor.scala)
2024-04-26 13:56:01,389 [INFO] LogbackLogBackendTest message
java.lang.Throwable: log throwable
	at com.j256.ormlite.logger.BaseLogBackendTest.testInfoStringThrowable(BaseLogBackendTest.java:58)
	at sun.reflect.NativeMethodAccessorImpl.invoke0(Native Method)
	at sun.reflect.NativeMethodAccessorImpl.invoke(NativeMethodAccessorImpl.java:62)
	at sun.reflect.DelegatingMethodAccessorImpl.invoke(DelegatingMethodAccessorImpl.java:43)
	at java.lang.reflect.Method.invoke(Method.java:498)
	at org.junit.runners.model.FrameworkMethod$1.runReflectiveCall(FrameworkMethod.java:59)
	at org.junit.internal.runners.model.ReflectiveCallable.run(ReflectiveCallable.java:12)
	at org.junit.runners.model.FrameworkMethod.invokeExplosively(FrameworkMethod.java:56)
	at org.junit.internal.runners.statements.InvokeMethod.evaluate(InvokeMethod.java:17)
	at org.junit.runners.ParentRunner$3.evaluate(ParentRunner.java:306)
	at org.junit.runners.BlockJUnit4ClassRunner$1.evaluate(BlockJUnit4ClassRunner.java:100)
	at org.junit.runners.ParentRunner.runLeaf(ParentRunner.java:366)
	at org.junit.runners.BlockJUnit4ClassRunner.runChild(BlockJUnit4ClassRunner.java:103)
	at org.junit.runners.BlockJUnit4ClassRunner.runChild(BlockJUnit4ClassRunner.java:63)
	at org.junit.runners.ParentRunner$4.run(ParentRunner.java:331)
	at org.junit.runners.ParentRunner$1.schedule(ParentRunner.java:79)
	at org.junit.runners.ParentRunner.runChildren(ParentRunner.java:329)
	at org.junit.runners.ParentRunner.access$100(ParentRunner.java:66)
	at org.junit.runners.ParentRunner$2.evaluate(ParentRunner.java:293)
	at org.junit.runners.ParentRunner$3.evaluate(ParentRunner.java:306)
	at org.junit.runners.ParentRunner.run(ParentRunner.java:413)
	at org.junit.runners.Suite.runChild(Suite.java:128)
	at org.junit.runners.Suite.runChild(Suite.java:27)
	at org.junit.runners.ParentRunner$4.run(ParentRunner.java:331)
	at org.junit.runners.ParentRunner$1.schedule(ParentRunner.java:79)
	at org.junit.runners.ParentRunner.runChildren(ParentRunner.java:329)
	at org.junit.runners.ParentRunner.access$100(ParentRunner.java:66)
	at org.junit.runners.ParentRunner$2.evaluate(ParentRunner.java:293)
	at org.junit.runners.ParentRunner$3.evaluate(ParentRunner.java:306)
	at org.junit.runners.ParentRunner.run(ParentRunner.java:413)
	at org.junit.runner.JUnitCore.run(JUnitCore.java:137)
	at org.junit.runner.JUnitCore.run(JUnitCore.java:115)
	at edu.illinois.cs.testrunner.execution.JUnitTestExecutor.execute(JUnitTestExecutor.java:259)
	at edu.illinois.cs.testrunner.execution.JUnitTestExecutor.executeWithJUnit4Runner(JUnitTestExecutor.java:327)
	at edu.illinois.cs.testrunner.execution.JUnitTestExecutor.runOrder(JUnitTestExecutor.java:49)
	at edu.illinois.cs.testrunner.execution.Executor$.$anonfun$run$1(Executor.scala:30)
	at scala.runtime.java8.JFunction0$mcV$sp.apply(JFunction0$mcV$sp.java:12)
	at scala.util.Try$.apply(Try.scala:209)
	at edu.illinois.cs.testrunner.execution.Executor$.run(Executor.scala:28)
	at edu.illinois.cs.testrunner.execution.Executor$.main(Executor.scala:18)
	at edu.illinois.cs.testrunner.execution.Executor.main(Executor.scala)
2024-04-26 13:56:01,390 [ERROR] LogbackLogBackendTest message
java.lang.Throwable: log throwable
	at com.j256.ormlite.logger.BaseLogBackendTest.testFatalStringThrowable(BaseLogBackendTest.java:88)
	at sun.reflect.NativeMethodAccessorImpl.invoke0(Native Method)
	at sun.reflect.NativeMethodAccessorImpl.invoke(NativeMethodAccessorImpl.java:62)
	at sun.reflect.DelegatingMethodAccessorImpl.invoke(DelegatingMethodAccessorImpl.java:43)
	at java.lang.reflect.Method.invoke(Method.java:498)
	at org.junit.runners.model.FrameworkMethod$1.runReflectiveCall(FrameworkMethod.java:59)
	at org.junit.internal.runners.model.ReflectiveCallable.run(ReflectiveCallable.java:12)
	at org.junit.runners.model.FrameworkMethod.invokeExplosively(FrameworkMethod.java:56)
	at org.junit.internal.runners.statements.InvokeMethod.evaluate(InvokeMethod.java:17)
	at org.junit.runners.ParentRunner$3.evaluate(ParentRunner.java:306)
	at org.junit.runners.BlockJUnit4ClassRunner$1.evaluate(BlockJUnit4ClassRunner.java:100)
	at org.junit.runners.ParentRunner.runLeaf(ParentRunner.java:366)
	at org.junit.runners.BlockJUnit4ClassRunner.runChild(BlockJUnit4ClassRunner.java:103)
	at org.junit.runners.BlockJUnit4ClassRunner.runChild(BlockJUnit4ClassRunner.java:63)
	at org.junit.runners.ParentRunner$4.run(ParentRunner.java:331)
	at org.junit.runners.ParentRunner$1.schedule(ParentRunner.java:79)
	at org.junit.runners.ParentRunner.runChildren(ParentRunner.java:329)
	at org.junit.runners.ParentRunner.access$100(ParentRunner.java:66)
	at org.junit.runners.ParentRunner$2.evaluate(ParentRunner.java:293)
	at org.junit.runners.ParentRunner$3.evaluate(ParentRunner.java:306)
	at org.junit.runners.ParentRunner.run(ParentRunner.java:413)
	at org.junit.runners.Suite.runChild(Suite.java:128)
	at org.junit.runners.Suite.runChild(Suite.java:27)
	at org.junit.runners.ParentRunner$4.run(ParentRunner.java:331)
	at org.junit.runners.ParentRunner$1.schedule(ParentRunner.java:79)
	at org.junit.runners.ParentRunner.runChildren(ParentRunner.java:329)
	at org.junit.runners.ParentRunner.access$100(ParentRunner.java:66)
	at org.junit.runners.ParentRunner$2.evaluate(ParentRunner.java:293)
	at org.junit.runners.ParentRunner$3.evaluate(ParentRunner.java:306)
	at org.junit.runners.ParentRunner.run(ParentRunner.java:413)
	at org.junit.runner.JUnitCore.run(JUnitCore.java:137)
	at org.junit.runner.JUnitCore.run(JUnitCore.java:115)
	at edu.illinois.cs.testrunner.execution.JUnitTestExecutor.execute(JUnitTestExecutor.java:259)
	at edu.illinois.cs.testrunner.execution.JUnitTestExecutor.executeWithJUnit4Runner(JUnitTestExecutor.java:327)
	at edu.illinois.cs.testrunner.execution.JUnitTestExecutor.runOrder(JUnitTestExecutor.java:49)
	at edu.illinois.cs.testrunner.execution.Executor$.$anonfun$run$1(Executor.scala:30)
	at scala.runtime.java8.JFunction0$mcV$sp.apply(JFunction0$mcV$sp.java:12)
	at scala.util.Try$.apply(Try.scala:209)
	at edu.illinois.cs.testrunner.execution.Executor$.run(Executor.scala:28)
	at edu.illinois.cs.testrunner.execution.Executor$.main(Executor.scala:18)
	at edu.illinois.cs.testrunner.execution.Executor.main(Executor.scala)
2024-04-26 13:56:01,391 [ERROR] LogbackLogBackendTest message
2024-04-26 13:56:01,391 [INFO] LogbackLogBackendTest message
2024-04-26 13:56:01,391 [INFO] LogbackLogBackendTest hello there
2024-04-26 13:56:01,391 [WARN] LogbackLogBackendTest message
2024-04-26 13:56:01,396 [INFO] TableUtils dropping table 'foo'
2024-04-26 13:56:01,398 [INFO] TableUtils ignoring drop error 'org.h2.jdbc.JdbcSQLSyntaxErrorException: Table "FOO" not found; SQL statement:
DROP TABLE `foo`  [42102-200]' for statement: DROP TABLE `foo` 
2024-04-26 13:56:01,398 [INFO] TableUtils creating table 'foo'
2024-04-26 13:56:01,398 [INFO] TableUtils executed create table statement changed 0 rows: CREATE TABLE `foo` (`string` TEXT ) 
2024-04-26 13:56:01,400 [DEBUG] BaseMappedStatement insert data with statement 'INSERT INTO `foo` (`string` ) VALUES (?)' and 1 args, changed 1 rows
2024-04-26 13:56:01,400 [TRACE] BaseMappedStatement insert arguments: [str]
2024-04-26 13:56:01,401 [DEBUG] BaseMappedStatement prepared statement 'SELECT * FROM `foo`' with 0 args
2024-04-26 13:56:01,401 [DEBUG] StatementExecutor query of 'SELECT * FROM `foo`' with 0 args returned 1 results
2024-04-26 13:56:01,402 [DEBUG] BaseMappedStatement prepared statement 'SELECT * FROM `foo` WHERE (`string` = 'str')' with 0 args
2024-04-26 13:56:01,404 [DEBUG] StatementExecutor query of 'SELECT * FROM `foo` WHERE (`string` = 'str')' with 0 args returned 1 results
2024-04-26 13:56:01,404 [DEBUG] BaseMappedStatement prepared statement 'SELECT * FROM `foo` WHERE (`string` = ?)' with 1 args
2024-04-26 13:56:01,404 [TRACE] BaseMappedStatement prepared statement arguments: [str]
2024-04-26 13:56:01,404 [DEBUG] StatementExecutor query of 'SELECT * FROM `foo` WHERE (`string` = ?)' with 1 args returned 1 results
ERROR Log4j2LogBackendTest message
FATAL Log4j2LogBackendTest message java.lang.Throwable: log throwable
	at com.j256.ormlite.logger.BaseLogBackendTest.testFatalStringThrowable(BaseLogBackendTest.java:88)
	at sun.reflect.NativeMethodAccessorImpl.invoke0(Native Method)
	at sun.reflect.NativeMethodAccessorImpl.invoke(NativeMethodAccessorImpl.java:62)
	at sun.reflect.DelegatingMethodAccessorImpl.invoke(DelegatingMethodAccessorImpl.java:43)
	at java.lang.reflect.Method.invoke(Method.java:498)
	at org.junit.runners.model.FrameworkMethod$1.runReflectiveCall(FrameworkMethod.java:59)
	at org.junit.internal.runners.model.ReflectiveCallable.run(ReflectiveCallable.java:12)
	at org.junit.runners.model.FrameworkMethod.invokeExplosively(FrameworkMethod.java:56)
	at org.junit.internal.runners.statements.InvokeMethod.evaluate(InvokeMethod.java:17)
	at org.junit.runners.ParentRunner$3.evaluate(ParentRunner.java:306)
	at org.junit.runners.BlockJUnit4ClassRunner$1.evaluate(BlockJUnit4ClassRunner.java:100)
	at org.junit.runners.ParentRunner.runLeaf(ParentRunner.java:366)
	at org.junit.runners.BlockJUnit4ClassRunner.runChild(BlockJUnit4ClassRunner.java:103)
	at org.junit.runners.BlockJUnit4ClassRunner.runChild(BlockJUnit4ClassRunner.java:63)
	at org.junit.runners.ParentRunner$4.run(ParentRunner.java:331)
	at org.junit.runners.ParentRunner$1.schedule(ParentRunner.java:79)
	at org.junit.runners.ParentRunner.runChildren(ParentRunner.java:329)
	at org.junit.runners.ParentRunner.access$100(ParentRunner.java:66)
	at org.junit.runners.ParentRunner$2.evaluate(ParentRunner.java:293)
	at org.junit.runners.ParentRunner$3.evaluate(ParentRunner.java:306)
	at org.junit.runners.ParentRunner.run(ParentRunner.java:413)
	at org.junit.runners.Suite.runChild(Suite.java:128)
	at org.junit.runners.Suite.runChild(Suite.java:27)
	at org.junit.runners.ParentRunner$4.run(ParentRunner.java:331)
	at org.junit.runners.ParentRunner$1.schedule(ParentRunner.java:79)
	at org.junit.runners.ParentRunner.runChildren(ParentRunner.java:329)
	at org.junit.runners.ParentRunner.access$100(ParentRunner.java:66)
	at org.junit.runners.ParentRunner$2.evaluate(ParentRunner.java:293)
	at org.junit.runners.ParentRunner$3.evaluate(ParentRunner.java:306)
	at org.junit.runners.ParentRunner.run(ParentRunner.java:413)
	at org.junit.runner.JUnitCore.run(JUnitCore.java:137)
	at org.junit.runner.JUnitCore.run(JUnitCore.java:115)
	at edu.illinois.cs.testrunner.execution.JUnitTestExecutor.execute(JUnitTestExecutor.java:259)
	at edu.illinois.cs.testrunner.execution.JUnitTestExecutor.executeWithJUnit4Runner(JUnitTestExecutor.java:327)
	at edu.illinois.cs.testrunner.execution.JUnitTestExecutor.runOrder(JUnitTestExecutor.java:49)
	at edu.illinois.cs.testrunner.execution.Executor$.$anonfun$run$1(Executor.scala:30)
	at scala.runtime.java8.JFunction0$mcV$sp.apply(JFunction0$mcV$sp.java:12)
	at scala.util.Try$.apply(Try.scala:209)
	at edu.illinois.cs.testrunner.execution.Executor$.run(Executor.scala:28)
	at edu.illinois.cs.testrunner.execution.Executor$.main(Executor.scala:18)
	at edu.illinois.cs.testrunner.execution.Executor.main(Executor.scala)

FATAL Log4j2LogBackendTest message
ERROR Log4j2LogBackendTest message java.lang.Throwable: log throwable
	at com.j256.ormlite.logger.BaseLogBackendTest.testErrorStringThrowable(BaseLogBackendTest.java:78)
	at sun.reflect.NativeMethodAccessorImpl.invoke0(Native Method)
	at sun.reflect.NativeMethodAccessorImpl.invoke(NativeMethodAccessorImpl.java:62)
	at sun.reflect.DelegatingMethodAccessorImpl.invoke(DelegatingMethodAccessorImpl.java:43)
	at java.lang.reflect.Method.invoke(Method.java:498)
	at org.junit.runners.model.FrameworkMethod$1.runReflectiveCall(FrameworkMethod.java:59)
	at org.junit.internal.runners.model.ReflectiveCallable.run(ReflectiveCallable.java:12)
	at org.junit.runners.model.FrameworkMethod.invokeExplosively(FrameworkMethod.java:56)
	at org.junit.internal.runners.statements.InvokeMethod.evaluate(InvokeMethod.java:17)
	at org.junit.runners.ParentRunner$3.evaluate(ParentRunner.java:306)
	at org.junit.runners.BlockJUnit4ClassRunner$1.evaluate(BlockJUnit4ClassRunner.java:100)
	at org.junit.runners.ParentRunner.runLeaf(ParentRunner.java:366)
	at org.junit.runners.BlockJUnit4ClassRunner.runChild(BlockJUnit4ClassRunner.java:103)
	at org.junit.runners.BlockJUnit4ClassRunner.runChild(BlockJUnit4ClassRunner.java:63)
	at org.junit.runners.ParentRunner$4.run(ParentRunner.java:331)
	at org.junit.runners.ParentRunner$1.schedule(ParentRunner.java:79)
	at org.junit.runners.ParentRunner.runChildren(ParentRunner.java:329)
	at org.junit.runners.ParentRunner.access$100(ParentRunner.java:66)
	at org.junit.runners.ParentRunner$2.evaluate(ParentRunner.java:293)
	at org.junit.runners.ParentRunner$3.evaluate(ParentRunner.java:306)
	at org.junit.runners.ParentRunner.run(ParentRunner.java:413)
	at org.junit.runners.Suite.runChild(Suite.java:128)
	at org.junit.runners.Suite.runChild(Suite.java:27)
	at org.junit.runners.ParentRunner$4.run(ParentRunner.java:331)
	at org.junit.runners.ParentRunner$1.schedule(ParentRunner.java:79)
	at org.junit.runners.ParentRunner.runChildren(ParentRunner.java:329)
	at org.junit.runners.ParentRunner.access$100(ParentRunner.java:66)
	at org.junit.runners.ParentRunner$2.evaluate(ParentRunner.java:293)
	at org.junit.runners.ParentRunner$3.evaluate(ParentRunner.java:306)
	at org.junit.runners.ParentRunner.run(ParentRunner.java:413)
	at org.junit.runner.JUnitCore.run(JUnitCore.java:137)
	at org.junit.runner.JUnitCore.run(JUnitCore.java:115)
	at edu.illinois.cs.testrunner.execution.JUnitTestExecutor.execute(JUnitTestExecutor.java:259)
	at edu.illinois.cs.testrunner.execution.JUnitTestExecutor.executeWithJUnit4Runner(JUnitTestExecutor.java:327)
	at edu.illinois.cs.testrunner.execution.JUnitTestExecutor.runOrder(JUnitTestExecutor.java:49)
	at edu.illinois.cs.testrunner.execution.Executor$.$anonfun$run$1(Executor.scala:30)
	at scala.runtime.java8.JFunction0$mcV$sp.apply(JFunction0$mcV$sp.java:12)
	at scala.util.Try$.apply(Try.scala:209)
	at edu.illinois.cs.testrunner.execution.Executor$.run(Executor.scala:28)
	at edu.illinois.cs.testrunner.execution.Executor$.main(Executor.scala:18)
	at edu.illinois.cs.testrunner.execution.Executor.main(Executor.scala)

2024-04-26 13:56:01,414 [INFO] TableUtils dropping table 'lazy'
2024-04-26 13:56:01,416 [INFO] TableUtils ignoring drop error 'org.h2.jdbc.JdbcSQLSyntaxErrorException: Table "LAZY" not found; SQL statement:
DROP TABLE `lazy`  [42102-200]' for statement: DROP TABLE `lazy` 
2024-04-26 13:56:01,416 [INFO] TableUtils creating table 'lazy'
2024-04-26 13:56:01,436 [INFO] TableUtils executed create table statement changed 0 rows: CREATE TABLE `lazy` (`id` INTEGER AUTO_INCREMENT , PRIMARY KEY (`id`) ) 
2024-04-26 13:56:01,437 [DEBUG] BaseMappedStatement insert data with statement 'INSERT INTO `lazy` () VALUES ()' and 0 args, changed 1 rows
2024-04-26 13:56:01,437 [DEBUG] BaseMappedStatement assigned id '1' from keyholder to 'id' in Lazy object
2024-04-26 13:56:01,437 [INFO] TableUtils dropping table 'foreign'
2024-04-26 13:56:01,438 [INFO] TableUtils ignoring drop error 'org.h2.jdbc.JdbcSQLSyntaxErrorException: Table "FOREIGN" not found; SQL statement:
DROP TABLE `foreign`  [42102-200]' for statement: DROP TABLE `foreign` 
2024-04-26 13:56:01,438 [INFO] TableUtils creating table 'foreign'
2024-04-26 13:56:01,438 [INFO] TableUtils executed create table statement changed 0 rows: CREATE TABLE `foreign` (`id` INTEGER AUTO_INCREMENT , `lazy_id` INTEGER , PRIMARY KEY (`id`) ) 
2024-04-26 13:56:01,439 [DEBUG] BaseMappedStatement insert data with statement 'INSERT INTO `foreign` (`lazy_id` ) VALUES (?)' and 1 args, changed 1 rows
2024-04-26 13:56:01,439 [TRACE] BaseMappedStatement insert arguments: [1]
2024-04-26 13:56:01,439 [DEBUG] BaseMappedStatement assigned id '1' from keyholder to 'id' in Foreign object
2024-04-26 13:56:01,440 [DEBUG] BaseMappedStatement query-for-id using 'SELECT * FROM `lazy` WHERE `id` = ?' and 1 args, got 1 result
2024-04-26 13:56:01,440 [TRACE] BaseMappedStatement query-for-id arguments: [1]
2024-04-26 13:56:01,441 [DEBUG] BaseMappedStatement prepared statement 'SELECT * FROM `foreign` WHERE `lazy_id` = ?' with 1 args
2024-04-26 13:56:01,441 [TRACE] BaseMappedStatement prepared statement arguments: [1]
2024-04-26 13:56:01,441 [DEBUG] BaseMappedStatement prepared statement 'SELECT * FROM `foreign` WHERE `lazy_id` = ?' with 1 args
2024-04-26 13:56:01,441 [TRACE] BaseMappedStatement prepared statement arguments: [1]
2024-04-26 13:56:01,441 [DEBUG] BaseMappedStatement prepared statement 'SELECT * FROM `foreign` WHERE `lazy_id` = ?' with 1 args
2024-04-26 13:56:01,441 [TRACE] BaseMappedStatement prepared statement arguments: [1]
2024-04-26 13:56:01,444 [INFO] TableUtils dropping table 'foo'
2024-04-26 13:56:01,445 [INFO] TableUtils ignoring drop error 'org.h2.jdbc.JdbcSQLSyntaxErrorException: Table "FOO" not found; SQL statement:
DROP TABLE `foo`  [42102-200]' for statement: DROP TABLE `foo` 
2024-04-26 13:56:01,445 [INFO] TableUtils creating table 'foo'
2024-04-26 13:56:01,446 [INFO] TableUtils executed create table statement changed 0 rows: CREATE TABLE `foo` (`id` INTEGER AUTO_INCREMENT , `val` INTEGER , `equal` INTEGER , `string` VARCHAR(255) , PRIMARY KEY (`id`) ) 
2024-04-26 13:56:01,448 [DEBUG] BaseMappedStatement insert data with statement 'INSERT INTO `foo` (`val` ,`equal` ,`string` ) VALUES (?,?,?)' and 3 args, changed 1 rows
2024-04-26 13:56:01,448 [TRACE] BaseMappedStatement insert arguments: [13131511, 0, null]
2024-04-26 13:56:01,448 [DEBUG] BaseMappedStatement assigned id '1' from keyholder to 'id' in Foo object
2024-04-26 13:56:01,449 [DEBUG] BaseMappedStatement delete data with statement 'DELETE FROM `foo` WHERE `id` = ?' and 1 args, changed 1 rows
2024-04-26 13:56:01,449 [TRACE] BaseMappedStatement delete arguments: [1]
2024-04-26 13:56:01,450 [DEBUG] BaseMappedStatement query-for-id using 'SELECT * FROM `foo` WHERE `id` = ?' and 1 args, got no results
2024-04-26 13:56:01,450 [TRACE] BaseMappedStatement query-for-id arguments: [1]
2024-04-26 13:56:01,450 [DEBUG] BaseMappedStatement query-for-id using 'SELECT * FROM `foo` WHERE `id` = ?' and 1 args, got no results
2024-04-26 13:56:01,450 [TRACE] BaseMappedStatement query-for-id arguments: [1]
2024-04-26 13:56:01,462 [INFO] TableUtils dropping table 'foo'
2024-04-26 13:56:01,463 [INFO] TableUtils ignoring drop error 'org.h2.jdbc.JdbcSQLSyntaxErrorException: Table "FOO" not found; SQL statement:
DROP TABLE `foo`  [42102-200]' for statement: DROP TABLE `foo` 
2024-04-26 13:56:01,463 [INFO] TableUtils creating table 'foo'
2024-04-26 13:56:01,464 [INFO] TableUtils executed create table statement changed 0 rows: CREATE TABLE `foo` (`id` INTEGER AUTO_INCREMENT , `val` INTEGER , `equal` INTEGER , `string` VARCHAR(255) , PRIMARY KEY (`id`) ) 
2024-04-26 13:56:01,465 [DEBUG] BaseMappedStatement insert data with statement 'INSERT INTO `foo` (`val` ,`equal` ,`string` ) VALUES (?,?,?)' and 3 args, changed 1 rows
2024-04-26 13:56:01,465 [TRACE] BaseMappedStatement insert arguments: [0, 0, null]
2024-04-26 13:56:01,465 [DEBUG] BaseMappedStatement assigned id '1' from keyholder to 'id' in Foo object
2024-04-26 13:56:01,465 [DEBUG] BaseMappedStatement insert data with statement 'INSERT INTO `foo` (`val` ,`equal` ,`string` ) VALUES (?,?,?)' and 3 args, changed 1 rows
2024-04-26 13:56:01,465 [TRACE] BaseMappedStatement insert arguments: [0, 0, null]
2024-04-26 13:56:01,466 [DEBUG] BaseMappedStatement assigned id '2' from keyholder to 'id' in Foo object
2024-04-26 13:56:01,466 [DEBUG] BaseMappedStatement prepared statement 'SELECT * FROM `foo`' with 0 args
2024-04-26 13:56:01,466 [DEBUG] StatementExecutor query of 'SELECT * FROM `foo`' with 0 args returned 0 results
2024-04-26 13:56:01,467 [INFO] TableUtils dropping table 'foo'
2024-04-26 13:56:01,468 [INFO] TableUtils ignoring drop error 'org.h2.jdbc.JdbcSQLSyntaxErrorException: Table "FOO" not found; SQL statement:
DROP TABLE `foo`  [42102-200]' for statement: DROP TABLE `foo` 
2024-04-26 13:56:01,468 [INFO] TableUtils creating table 'foo'
2024-04-26 13:56:01,469 [INFO] TableUtils executed create table statement changed 0 rows: CREATE TABLE `foo` (`id` INTEGER AUTO_INCREMENT , `val` INTEGER , `equal` INTEGER , `string` VARCHAR(255) , PRIMARY KEY (`id`) ) 
2024-04-26 13:56:01,469 [DEBUG] BaseMappedStatement insert data with statement 'INSERT INTO `foo` (`val` ,`equal` ,`string` ) VALUES (?,?,?)' and 3 args, changed 1 rows
2024-04-26 13:56:01,469 [TRACE] BaseMappedStatement insert arguments: [13131511, 0, null]
2024-04-26 13:56:01,469 [DEBUG] BaseMappedStatement assigned id '1' from keyholder to 'id' in Foo object
2024-04-26 13:56:01,470 [DEBUG] BaseMappedStatement delete data with statement 'DELETE FROM `foo` WHERE `id` = ?' and 1 args, changed 1 rows
2024-04-26 13:56:01,470 [TRACE] BaseMappedStatement delete arguments: [1]
2024-04-26 13:56:01,470 [DEBUG] BaseMappedStatement query-for-id using 'SELECT * FROM `foo` WHERE `id` = ?' and 1 args, got no results
2024-04-26 13:56:01,470 [TRACE] BaseMappedStatement query-for-id arguments: [1]
2024-04-26 13:56:01,470 [DEBUG] BaseMappedStatement query-for-id using 'SELECT * FROM `foo` WHERE `id` = ?' and 1 args, got 1 result
2024-04-26 13:56:01,470 [TRACE] BaseMappedStatement query-for-id arguments: [1]
2024-04-26 13:56:01,474 [INFO] TableUtils dropping table 'foo'
2024-04-26 13:56:01,475 [INFO] TableUtils ignoring drop error 'org.h2.jdbc.JdbcSQLSyntaxErrorException: Table "FOO" not found; SQL statement:
DROP TABLE `foo`  [42102-200]' for statement: DROP TABLE `foo` 
2024-04-26 13:56:01,475 [INFO] TableUtils creating table 'foo'
2024-04-26 13:56:01,476 [INFO] TableUtils executed create table statement changed 0 rows: CREATE TABLE `foo` (`id` INTEGER AUTO_INCREMENT , `val` INTEGER , `equal` INTEGER , `string` VARCHAR(255) , PRIMARY KEY (`id`) ) 
2024-04-26 13:56:01,476 [DEBUG] BaseMappedStatement insert data with statement 'INSERT INTO `foo` (`val` ,`equal` ,`string` ) VALUES (?,?,?)' and 3 args, changed 1 rows
2024-04-26 13:56:01,477 [TRACE] BaseMappedStatement insert arguments: [13131511, 0, null]
2024-04-26 13:56:01,477 [DEBUG] BaseMappedStatement assigned id '1' from keyholder to 'id' in Foo object
2024-04-26 13:56:01,477 [DEBUG] BaseMappedStatement delete data with statement 'DELETE FROM `foo` WHERE `id` = ?' and 1 args, changed 1 rows
2024-04-26 13:56:01,477 [TRACE] BaseMappedStatement delete arguments: [1]
2024-04-26 13:56:01,477 [DEBUG] BaseMappedStatement query-for-id using 'SELECT * FROM `foo` WHERE `id` = ?' and 1 args, got no results
2024-04-26 13:56:01,477 [TRACE] BaseMappedStatement query-for-id arguments: [1]
2024-04-26 13:56:01,478 [DEBUG] BaseMappedStatement query-for-id using 'SELECT * FROM `foo` WHERE `id` = ?' and 1 args, got 1 result
2024-04-26 13:56:01,478 [TRACE] BaseMappedStatement query-for-id arguments: [1]
2024-04-26 13:56:01,479 [INFO] TableUtils dropping table 'foo'
2024-04-26 13:56:01,480 [INFO] TableUtils ignoring drop error 'org.h2.jdbc.JdbcSQLSyntaxErrorException: Table "FOO" not found; SQL statement:
DROP TABLE `foo`  [42102-200]' for statement: DROP TABLE `foo` 
2024-04-26 13:56:01,480 [INFO] TableUtils creating table 'foo'
2024-04-26 13:56:01,481 [INFO] TableUtils executed create table statement changed 0 rows: CREATE TABLE `foo` (`id` INTEGER AUTO_INCREMENT , `val` INTEGER , `equal` INTEGER , `string` VARCHAR(255) , PRIMARY KEY (`id`) ) 
2024-04-26 13:56:01,481 [DEBUG] BaseMappedStatement insert data with statement 'INSERT INTO `foo` (`val` ,`equal` ,`string` ) VALUES (?,?,?)' and 3 args, changed 1 rows
2024-04-26 13:56:01,481 [TRACE] BaseMappedStatement insert arguments: [0, 0, null]
2024-04-26 13:56:01,481 [DEBUG] BaseMappedStatement assigned id '1' from keyholder to 'id' in Foo object
2024-04-26 13:56:01,482 [DEBUG] BaseMappedStatement query-for-id using 'SELECT * FROM `foo` WHERE `id` = ?' and 1 args, got 1 result
2024-04-26 13:56:01,482 [TRACE] BaseMappedStatement query-for-id arguments: [1]
2024-04-26 13:56:01,483 [DEBUG] BaseMappedStatement delete data with statement 'DELETE FROM `foo` WHERE `id` = ?' and 1 args, changed 1 rows
2024-04-26 13:56:01,483 [TRACE] BaseMappedStatement delete arguments: [1]
2024-04-26 13:56:01,484 [DEBUG] BaseMappedStatement query-for-id using 'SELECT * FROM `foo` WHERE `id` = ?' and 1 args, got 1 result
2024-04-26 13:56:01,484 [TRACE] BaseMappedStatement query-for-id arguments: [1]
2024-04-26 13:56:01,484 [INFO] TableUtils dropping table 'foo'
2024-04-26 13:56:01,485 [INFO] TableUtils ignoring drop error 'org.h2.jdbc.JdbcSQLSyntaxErrorException: Table "FOO" not found; SQL statement:
DROP TABLE `foo`  [42102-200]' for statement: DROP TABLE `foo` 
2024-04-26 13:56:01,485 [INFO] TableUtils creating table 'foo'
2024-04-26 13:56:01,486 [INFO] TableUtils executed create table statement changed 0 rows: CREATE TABLE `foo` (`id` INTEGER AUTO_INCREMENT , `val` INTEGER , `equal` INTEGER , `string` VARCHAR(255) , PRIMARY KEY (`id`) ) 
2024-04-26 13:56:01,486 [DEBUG] BaseMappedStatement insert data with statement 'INSERT INTO `foo` (`val` ,`equal` ,`string` ) VALUES (?,?,?)' and 3 args, changed 1 rows
2024-04-26 13:56:01,486 [TRACE] BaseMappedStatement insert arguments: [13131511, 0, null]
2024-04-26 13:56:01,486 [DEBUG] BaseMappedStatement assigned id '1' from keyholder to 'id' in Foo object
2024-04-26 13:56:01,487 [DEBUG] BaseMappedStatement delete data with statement 'DELETE FROM `foo` WHERE `id` = ?' and 1 args, changed 1 rows
2024-04-26 13:56:01,487 [TRACE] BaseMappedStatement delete arguments: [1]
2024-04-26 13:56:01,487 [DEBUG] BaseMappedStatement query-for-id using 'SELECT * FROM `foo` WHERE `id` = ?' and 1 args, got no results
2024-04-26 13:56:01,487 [TRACE] BaseMappedStatement query-for-id arguments: [1]
2024-04-26 13:56:01,487 [DEBUG] BaseMappedStatement query-for-id using 'SELECT * FROM `foo` WHERE `id` = ?' and 1 args, got no results
2024-04-26 13:56:01,487 [TRACE] BaseMappedStatement query-for-id arguments: [1]
2024-04-26 13:56:01,488 [INFO] TableUtils dropping table 'foo'
2024-04-26 13:56:01,489 [INFO] TableUtils ignoring drop error 'org.h2.jdbc.JdbcSQLSyntaxErrorException: Table "FOO" not found; SQL statement:
DROP TABLE `foo`  [42102-200]' for statement: DROP TABLE `foo` 
2024-04-26 13:56:01,489 [INFO] TableUtils creating table 'foo'
2024-04-26 13:56:01,490 [INFO] TableUtils executed create table statement changed 0 rows: CREATE TABLE `foo` (`id` INTEGER AUTO_INCREMENT , `val` INTEGER , `equal` INTEGER , `string` VARCHAR(255) , PRIMARY KEY (`id`) ) 
2024-04-26 13:56:01,491 [DEBUG] BaseMappedStatement insert data with statement 'INSERT INTO `foo` (`val` ,`equal` ,`string` ) VALUES (?,?,?)' and 3 args, changed 1 rows
2024-04-26 13:56:01,491 [TRACE] BaseMappedStatement insert arguments: [1, 0, null]
2024-04-26 13:56:01,491 [DEBUG] BaseMappedStatement assigned id '1' from keyholder to 'id' in Foo object
2024-04-26 13:56:01,491 [DEBUG] BaseMappedStatement insert data with statement 'INSERT INTO `foo` (`val` ,`equal` ,`string` ) VALUES (?,?,?)' and 3 args, changed 1 rows
2024-04-26 13:56:01,491 [TRACE] BaseMappedStatement insert arguments: [2, 0, null]
2024-04-26 13:56:01,491 [DEBUG] BaseMappedStatement assigned id '2' from keyholder to 'id' in Foo object
2024-04-26 13:56:01,491 [DEBUG] BaseMappedStatement insert data with statement 'INSERT INTO `foo` (`val` ,`equal` ,`string` ) VALUES (?,?,?)' and 3 args, changed 1 rows
2024-04-26 13:56:01,492 [TRACE] BaseMappedStatement insert arguments: [3, 0, null]
2024-04-26 13:56:01,492 [DEBUG] BaseMappedStatement assigned id '3' from keyholder to 'id' in Foo object
2024-04-26 13:56:01,494 [INFO] TableUtils dropping table 'foo'
2024-04-26 13:56:01,495 [INFO] TableUtils ignoring drop error 'org.h2.jdbc.JdbcSQLSyntaxErrorException: Table "FOO" not found; SQL statement:
DROP TABLE `foo`  [42102-200]' for statement: DROP TABLE `foo` 
2024-04-26 13:56:01,495 [INFO] TableUtils creating table 'foo'
2024-04-26 13:56:01,496 [INFO] TableUtils executed create table statement changed 0 rows: CREATE TABLE `foo` (`id` INTEGER AUTO_INCREMENT , `val` INTEGER , `equal` INTEGER , `string` VARCHAR(255) , PRIMARY KEY (`id`) ) 
2024-04-26 13:56:01,496 [DEBUG] BaseMappedStatement insert data with statement 'INSERT INTO `foo` (`val` ,`equal` ,`string` ) VALUES (?,?,?)' and 3 args, changed 1 rows
2024-04-26 13:56:01,496 [TRACE] BaseMappedStatement insert arguments: [13131511, 0, null]
2024-04-26 13:56:01,496 [DEBUG] BaseMappedStatement assigned id '1' from keyholder to 'id' in Foo object
2024-04-26 13:56:01,497 [DEBUG] BaseMappedStatement delete data with statement 'DELETE FROM `foo` WHERE `id` = ?' and 1 args, changed 1 rows
2024-04-26 13:56:01,497 [TRACE] BaseMappedStatement delete arguments: [1]
2024-04-26 13:56:01,497 [DEBUG] BaseMappedStatement query-for-id using 'SELECT * FROM `foo` WHERE `id` = ?' and 1 args, got no results
2024-04-26 13:56:01,497 [TRACE] BaseMappedStatement query-for-id arguments: [1]
2024-04-26 13:56:01,498 [DEBUG] BaseMappedStatement query-for-id using 'SELECT * FROM `foo` WHERE `id` = ?' and 1 args, got 1 result
2024-04-26 13:56:01,498 [TRACE] BaseMappedStatement query-for-id arguments: [1]
2024-04-26 13:56:01,500 [INFO] TableUtils dropping table 'versionfielddatestring'
2024-04-26 13:56:01,500 [INFO] TableUtils ignoring drop error 'org.h2.jdbc.JdbcSQLSyntaxErrorException: Table "VERSIONFIELDDATESTRING" not found; SQL statement:
DROP TABLE `versionfielddatestring`  [42102-200]' for statement: DROP TABLE `versionfielddatestring` 
2024-04-26 13:56:01,500 [INFO] TableUtils creating table 'versionfielddatestring'
2024-04-26 13:56:01,501 [INFO] TableUtils executed create table statement changed 0 rows: CREATE TABLE `versionfielddatestring` (`id` INTEGER AUTO_INCREMENT , `stuff1` VARCHAR(255) , `version` VARCHAR(50) , `stuff2` VARCHAR(255) , PRIMARY KEY (`id`) ) 
2024-04-26 13:56:01,502 [DEBUG] BaseMappedStatement insert data with statement 'INSERT INTO `versionfielddatestring` (`stuff1` ,`version` ,`stuff2` ) VALUES (?,?,?)' and 3 args, changed 1 rows
2024-04-26 13:56:01,502 [TRACE] BaseMappedStatement insert arguments: [null, 2024-04-26 13:56:01.000501, null]
2024-04-26 13:56:01,502 [DEBUG] BaseMappedStatement assigned id '1' from keyholder to 'id' in VersionFieldDateString object
2024-04-26 13:56:01,503 [DEBUG] BaseMappedStatement update data with statement 'UPDATE `versionfielddatestring` SET `stuff1` = ?, `version` = ?, `stuff2` = ? WHERE `id` = ? AND `version` = ?' and 5 args, changed 1 rows
2024-04-26 13:56:01,503 [TRACE] BaseMappedStatement update arguments: [null, 2024-04-26 13:56:01.000502, null, 1, 2024-04-26 13:56:01.000501]
2024-04-26 13:56:01,505 [INFO] TableUtils dropping table 'versionfield'
2024-04-26 13:56:01,506 [INFO] TableUtils ignoring drop error 'org.h2.jdbc.JdbcSQLSyntaxErrorException: Table "VERSIONFIELD" not found; SQL statement:
DROP TABLE `versionfield`  [42102-200]' for statement: DROP TABLE `versionfield` 
2024-04-26 13:56:01,506 [INFO] TableUtils creating table 'versionfield'
2024-04-26 13:56:01,506 [INFO] TableUtils executed create table statement changed 0 rows: CREATE TABLE `versionfield` (`id` INTEGER AUTO_INCREMENT , `stuff1` VARCHAR(255) , `version` INTEGER , `stuff2` VARCHAR(255) , PRIMARY KEY (`id`) ) 
2024-04-26 13:56:01,507 [DEBUG] BaseMappedStatement insert data with statement 'INSERT INTO `versionfield` (`stuff1` ,`version` ,`stuff2` ) VALUES (?,?,?)' and 3 args, changed 1 rows
2024-04-26 13:56:01,507 [TRACE] BaseMappedStatement insert arguments: [null, 10, null]
2024-04-26 13:56:01,507 [DEBUG] BaseMappedStatement assigned id '1' from keyholder to 'id' in VersionField object
2024-04-26 13:56:01,507 [DEBUG] BaseMappedStatement query-for-id using 'SELECT * FROM `versionfield` WHERE `id` = ?' and 1 args, got 1 result
2024-04-26 13:56:01,507 [TRACE] BaseMappedStatement query-for-id arguments: [1]
2024-04-26 13:56:01,508 [DEBUG] BaseMappedStatement update data with statement 'UPDATE `versionfield` SET `stuff1` = ?, `version` = ?, `stuff2` = ? WHERE `id` = ? AND `version` = ?' and 5 args, changed 1 rows
2024-04-26 13:56:01,508 [TRACE] BaseMappedStatement update arguments: [null, 11, null, 1, 10]
2024-04-26 13:56:01,508 [DEBUG] BaseMappedStatement update data with statement 'UPDATE `versionfield` SET `stuff1` = ?, `version` = ?, `stuff2` = ? WHERE `id` = ? AND `version` = ?' and 5 args, changed 1 rows
2024-04-26 13:56:01,508 [TRACE] BaseMappedStatement update arguments: [null, 12, null, 1, 11]
2024-04-26 13:56:01,509 [INFO] TableUtils dropping table 'versionfielddate'
2024-04-26 13:56:01,510 [INFO] TableUtils ignoring drop error 'org.h2.jdbc.JdbcSQLSyntaxErrorException: Table "VERSIONFIELDDATE" not found; SQL statement:
DROP TABLE `versionfielddate`  [42102-200]' for statement: DROP TABLE `versionfielddate` 
2024-04-26 13:56:01,510 [INFO] TableUtils creating table 'versionfielddate'
2024-04-26 13:56:01,511 [INFO] TableUtils executed create table statement changed 0 rows: CREATE TABLE `versionfielddate` (`id` INTEGER AUTO_INCREMENT , `stuff1` VARCHAR(255) , `version` TIMESTAMP , `stuff2` VARCHAR(255) , PRIMARY KEY (`id`) ) 
2024-04-26 13:56:01,511 [DEBUG] BaseMappedStatement insert data with statement 'INSERT INTO `versionfielddate` (`stuff1` ,`version` ,`stuff2` ) VALUES (?,?,?)' and 3 args, changed 1 rows
2024-04-26 13:56:01,511 [TRACE] BaseMappedStatement insert arguments: [null, 2024-04-26 13:56:01.511, null]
2024-04-26 13:56:01,511 [DEBUG] BaseMappedStatement assigned id '1' from keyholder to 'id' in VersionFieldDate object
2024-04-26 13:56:01,512 [DEBUG] BaseMappedStatement update data with statement 'UPDATE `versionfielddate` SET `stuff1` = ?, `version` = ?, `stuff2` = ? WHERE `id` = ? AND `version` = ?' and 5 args, changed 1 rows
2024-04-26 13:56:01,512 [TRACE] BaseMappedStatement update arguments: [null, 2024-04-26 13:56:01.512, null, 1, 2024-04-26 13:56:01.511]
2024-04-26 13:56:01,512 [INFO] TableUtils dropping table 'versionfielddatelong'
2024-04-26 13:56:01,513 [INFO] TableUtils ignoring drop error 'org.h2.jdbc.JdbcSQLSyntaxErrorException: Table "VERSIONFIELDDATELONG" not found; SQL statement:
DROP TABLE `versionfielddatelong`  [42102-200]' for statement: DROP TABLE `versionfielddatelong` 
2024-04-26 13:56:01,513 [INFO] TableUtils creating table 'versionfielddatelong'
2024-04-26 13:56:01,514 [INFO] TableUtils executed create table statement changed 0 rows: CREATE TABLE `versionfielddatelong` (`id` INTEGER AUTO_INCREMENT , `stuff1` VARCHAR(255) , `version` BIGINT , `stuff2` VARCHAR(255) , PRIMARY KEY (`id`) ) 
2024-04-26 13:56:01,515 [DEBUG] BaseMappedStatement insert data with statement 'INSERT INTO `versionfielddatelong` (`stuff1` ,`version` ,`stuff2` ) VALUES (?,?,?)' and 3 args, changed 1 rows
2024-04-26 13:56:01,515 [TRACE] BaseMappedStatement insert arguments: [null, 1714136161514, null]
2024-04-26 13:56:01,515 [DEBUG] BaseMappedStatement assigned id '1' from keyholder to 'id' in VersionFieldDateLong object
2024-04-26 13:56:01,515 [DEBUG] BaseMappedStatement update data with statement 'UPDATE `versionfielddatelong` SET `stuff1` = ?, `version` = ?, `stuff2` = ? WHERE `id` = ? AND `version` = ?' and 5 args, changed 1 rows
2024-04-26 13:56:01,515 [TRACE] BaseMappedStatement update arguments: [null, 1714136161515, null, 1, 1714136161514]
2024-04-26 13:56:01,515 [INFO] TableUtils dropping table 'versionfield'
2024-04-26 13:56:01,516 [INFO] TableUtils ignoring drop error 'org.h2.jdbc.JdbcSQLSyntaxErrorException: Table "VERSIONFIELD" not found; SQL statement:
DROP TABLE `versionfield`  [42102-200]' for statement: DROP TABLE `versionfield` 
2024-04-26 13:56:01,516 [INFO] TableUtils creating table 'versionfield'
2024-04-26 13:56:01,517 [INFO] TableUtils executed create table statement changed 0 rows: CREATE TABLE `versionfield` (`id` INTEGER AUTO_INCREMENT , `stuff1` VARCHAR(255) , `version` INTEGER , `stuff2` VARCHAR(255) , PRIMARY KEY (`id`) ) 
2024-04-26 13:56:01,517 [DEBUG] BaseMappedStatement insert data with statement 'INSERT INTO `versionfield` (`stuff1` ,`version` ,`stuff2` ) VALUES (?,?,?)' and 3 args, changed 1 rows
2024-04-26 13:56:01,517 [TRACE] BaseMappedStatement insert arguments: [null, 0, null]
2024-04-26 13:56:01,517 [DEBUG] BaseMappedStatement assigned id '1' from keyholder to 'id' in VersionField object
2024-04-26 13:56:01,518 [DEBUG] BaseMappedStatement update data with statement 'UPDATE `versionfield` SET `stuff1` = ?, `version` = ?, `stuff2` = ? WHERE `id` = ? AND `version` = ?' and 5 args, changed 1 rows
2024-04-26 13:56:01,518 [TRACE] BaseMappedStatement update arguments: [null, 1, null, 1, 0]
2024-04-26 13:56:01,518 [DEBUG] BaseMappedStatement update data with statement 'UPDATE `versionfield` SET `stuff1` = ?, `version` = ?, `stuff2` = ? WHERE `id` = ? AND `version` = ?' and 5 args, changed 1 rows
2024-04-26 13:56:01,518 [TRACE] BaseMappedStatement update arguments: [null, 2, null, 1, 1]
2024-04-26 13:56:01,518 [DEBUG] BaseMappedStatement query-for-id using 'SELECT * FROM `versionfield` WHERE `id` = ?' and 1 args, got 1 result
2024-04-26 13:56:01,518 [TRACE] BaseMappedStatement query-for-id arguments: [1]
2024-04-26 13:56:01,519 [DEBUG] BaseMappedStatement update data with statement 'UPDATE `versionfield` SET `stuff1` = ?, `version` = ?, `stuff2` = ? WHERE `id` = ? AND `version` = ?' and 5 args, changed 1 rows
2024-04-26 13:56:01,519 [TRACE] BaseMappedStatement update arguments: [null, 3, null, 1, 2]
2024-04-26 13:56:01,519 [DEBUG] BaseMappedStatement update data with statement 'UPDATE `versionfield` SET `stuff1` = ?, `version` = ?, `stuff2` = ? WHERE `id` = ? AND `version` = ?' and 5 args, changed 0 rows
2024-04-26 13:56:01,519 [TRACE] BaseMappedStatement update arguments: [null, 3, null, 1, 2]
2024-04-26 13:56:01,519 [INFO] TableUtils dropping table 'foo'
2024-04-26 13:56:01,520 [INFO] TableUtils ignoring drop error 'org.h2.jdbc.JdbcSQLSyntaxErrorException: Table "FOO" not found; SQL statement:
DROP TABLE `foo`  [42102-200]' for statement: DROP TABLE `foo` 
2024-04-26 13:56:01,520 [INFO] TableUtils creating table 'foo'
2024-04-26 13:56:01,521 [INFO] TableUtils executed create table statement changed 0 rows: CREATE TABLE `foo` (`id` INTEGER AUTO_INCREMENT , `val` INTEGER , `equal` INTEGER , `string` VARCHAR(255) , PRIMARY KEY (`id`) ) 
2024-04-26 13:56:01,521 [DEBUG] BaseMappedStatement insert data with statement 'INSERT INTO `foo` (`val` ,`equal` ,`string` ) VALUES (?,?,?)' and 3 args, changed 1 rows
2024-04-26 13:56:01,521 [TRACE] BaseMappedStatement insert arguments: [1, 10, null]
2024-04-26 13:56:01,521 [DEBUG] BaseMappedStatement assigned id '1' from keyholder to 'id' in Foo object
2024-04-26 13:56:01,521 [DEBUG] StatementExecutor executing raw query for: SELECT * FROM `foo` WHERE `val` = ?
2024-04-26 13:56:01,521 [TRACE] StatementExecutor query arguments: [1]
2024-04-26 13:56:01,522 [INFO] TableUtils dropping table 'foo'
2024-04-26 13:56:01,523 [INFO] TableUtils ignoring drop error 'org.h2.jdbc.JdbcSQLSyntaxErrorException: Table "FOO" not found; SQL statement:
DROP TABLE `foo`  [42102-200]' for statement: DROP TABLE `foo` 
2024-04-26 13:56:01,523 [INFO] TableUtils creating table 'foo'
2024-04-26 13:56:01,524 [INFO] TableUtils executed create table statement changed 0 rows: CREATE TABLE `foo` (`id` INTEGER AUTO_INCREMENT , `val` INTEGER , `equal` INTEGER , `string` VARCHAR(255) , PRIMARY KEY (`id`) ) 
2024-04-26 13:56:01,524 [DEBUG] BaseMappedStatement insert data with statement 'INSERT INTO `foo` (`val` ,`equal` ,`string` ) VALUES (?,?,?)' and 3 args, changed 1 rows
2024-04-26 13:56:01,524 [TRACE] BaseMappedStatement insert arguments: [342, 0, null]
2024-04-26 13:56:01,524 [DEBUG] BaseMappedStatement assigned id '1' from keyholder to 'id' in Foo object
2024-04-26 13:56:01,525 [DEBUG] BaseMappedStatement insert data with statement 'INSERT INTO `foo` (`val` ,`equal` ,`string` ) VALUES (?,?,?)' and 3 args, changed 1 rows
2024-04-26 13:56:01,525 [TRACE] BaseMappedStatement insert arguments: [9045342, 0, null]
2024-04-26 13:56:01,525 [DEBUG] BaseMappedStatement assigned id '2' from keyholder to 'id' in Foo object
2024-04-26 13:56:01,525 [DEBUG] StatementExecutor executing raw query for: SELECT MAX(val) FROM `foo`
2024-04-26 13:56:01,529 [INFO] TableUtils dropping table 'foo'
2024-04-26 13:56:01,530 [INFO] TableUtils ignoring drop error 'org.h2.jdbc.JdbcSQLSyntaxErrorException: Table "FOO" not found; SQL statement:
DROP TABLE `foo`  [42102-200]' for statement: DROP TABLE `foo` 
2024-04-26 13:56:01,530 [INFO] TableUtils creating table 'foo'
2024-04-26 13:56:01,531 [INFO] TableUtils executed create table statement changed 0 rows: CREATE TABLE `foo` (`id` INTEGER AUTO_INCREMENT , `val` INTEGER , `equal` INTEGER , `string` VARCHAR(255) , PRIMARY KEY (`id`) ) 
2024-04-26 13:56:01,531 [DEBUG] BaseMappedStatement insert data with statement 'INSERT INTO `foo` (`val` ,`equal` ,`string` ) VALUES (?,?,?)' and 3 args, changed 1 rows
2024-04-26 13:56:01,531 [TRACE] BaseMappedStatement insert arguments: [1, 10, null]
2024-04-26 13:56:01,531 [DEBUG] BaseMappedStatement assigned id '1' from keyholder to 'id' in Foo object
2024-04-26 13:56:01,532 [DEBUG] BaseMappedStatement insert data with statement 'INSERT INTO `foo` (`val` ,`equal` ,`string` ) VALUES (?,?,?)' and 3 args, changed 1 rows
2024-04-26 13:56:01,532 [TRACE] BaseMappedStatement insert arguments: [10, 5, null]
2024-04-26 13:56:01,532 [DEBUG] BaseMappedStatement assigned id '2' from keyholder to 'id' in Foo object
2024-04-26 13:56:01,532 [DEBUG] StatementExecutor executing raw query for: SELECT COUNT(*) FROM `foo`
2024-04-26 13:56:01,532 [DEBUG] StatementExecutor executing raw query for: SELECT MIN(val), MAX(val) FROM `foo`
2024-04-26 13:56:01,533 [INFO] TableUtils dropping table 'foo'
2024-04-26 13:56:01,534 [INFO] TableUtils ignoring drop error 'org.h2.jdbc.JdbcSQLSyntaxErrorException: Table "FOO" not found; SQL statement:
DROP TABLE `foo`  [42102-200]' for statement: DROP TABLE `foo` 
2024-04-26 13:56:01,534 [INFO] TableUtils creating table 'foo'
2024-04-26 13:56:01,534 [INFO] TableUtils executed create table statement changed 0 rows: CREATE TABLE `foo` (`id` INTEGER AUTO_INCREMENT , `val` INTEGER , `equal` INTEGER , `string` VARCHAR(255) , PRIMARY KEY (`id`) ) 
2024-04-26 13:56:01,535 [DEBUG] BaseMappedStatement insert data with statement 'INSERT INTO `foo` (`val` ,`equal` ,`string` ) VALUES (?,?,?)' and 3 args, changed 1 rows
2024-04-26 13:56:01,535 [TRACE] BaseMappedStatement insert arguments: [1213213, 0, null]
2024-04-26 13:56:01,535 [DEBUG] BaseMappedStatement assigned id '1' from keyholder to 'id' in Foo object
2024-04-26 13:56:01,535 [DEBUG] StatementExecutor executing raw query for: select id as SOME_ID, val as SOME_VAL from foo
2024-04-26 13:56:01,536 [INFO] TableUtils dropping table 'foo'
2024-04-26 13:56:01,537 [INFO] TableUtils ignoring drop error 'org.h2.jdbc.JdbcSQLSyntaxErrorException: Table "FOO" not found; SQL statement:
DROP TABLE `foo`  [42102-200]' for statement: DROP TABLE `foo` 
2024-04-26 13:56:01,537 [INFO] TableUtils creating table 'foo'
2024-04-26 13:56:01,538 [INFO] TableUtils executed create table statement changed 0 rows: CREATE TABLE `foo` (`id` INTEGER AUTO_INCREMENT , `val` INTEGER , `equal` INTEGER , `string` VARCHAR(255) , PRIMARY KEY (`id`) ) 
2024-04-26 13:56:01,539 [DEBUG] BaseMappedStatement insert data with statement 'INSERT INTO `foo` (`val` ,`equal` ,`string` ) VALUES (?,?,?)' and 3 args, changed 1 rows
2024-04-26 13:56:01,539 [TRACE] BaseMappedStatement insert arguments: [243342, 0, null]
2024-04-26 13:56:01,539 [DEBUG] BaseMappedStatement assigned id '1' from keyholder to 'id' in Foo object
2024-04-26 13:56:01,539 [DEBUG] BaseMappedStatement insert data with statement 'INSERT INTO `foo` (`val` ,`equal` ,`string` ) VALUES (?,?,?)' and 3 args, changed 1 rows
2024-04-26 13:56:01,539 [TRACE] BaseMappedStatement insert arguments: [243342, 0, null]
2024-04-26 13:56:01,539 [DEBUG] BaseMappedStatement assigned id '2' from keyholder to 'id' in Foo object
2024-04-26 13:56:01,539 [DEBUG] BaseMappedStatement insert data with statement 'INSERT INTO `foo` (`val` ,`equal` ,`string` ) VALUES (?,?,?)' and 3 args, changed 1 rows
2024-04-26 13:56:01,539 [TRACE] BaseMappedStatement insert arguments: [6543, 0, null]
2024-04-26 13:56:01,539 [DEBUG] BaseMappedStatement assigned id '3' from keyholder to 'id' in Foo object
2024-04-26 13:56:01,539 [DEBUG] StatementExecutor executing raw query for: SELECT `val` FROM `foo` GROUP BY `val` HAVING COUNT(VAL) > 1
2024-04-26 13:56:01,541 [DEBUG] StatementExecutor executing raw query for: SELECT `val` FROM `foo` GROUP BY `val` HAVING COUNT(VAL) > 2
2024-04-26 13:56:01,541 [INFO] TableUtils dropping table 'foo'
2024-04-26 13:56:01,543 [INFO] TableUtils ignoring drop error 'org.h2.jdbc.JdbcSQLSyntaxErrorException: Table "FOO" not found; SQL statement:
DROP TABLE `foo`  [42102-200]' for statement: DROP TABLE `foo` 
2024-04-26 13:56:01,543 [INFO] TableUtils creating table 'foo'
2024-04-26 13:56:01,543 [INFO] TableUtils executed create table statement changed 0 rows: CREATE TABLE `foo` (`id` INTEGER AUTO_INCREMENT , `val` INTEGER , `equal` INTEGER , `string` VARCHAR(255) , PRIMARY KEY (`id`) ) 
2024-04-26 13:56:01,544 [ERROR] Log4jLogBackendTest message
java.lang.Throwable: log throwable
	at com.j256.ormlite.logger.BaseLogBackendTest.testErrorStringThrowable(BaseLogBackendTest.java:78)
	at sun.reflect.NativeMethodAccessorImpl.invoke0(Native Method)
	at sun.reflect.NativeMethodAccessorImpl.invoke(NativeMethodAccessorImpl.java:62)
	at sun.reflect.DelegatingMethodAccessorImpl.invoke(DelegatingMethodAccessorImpl.java:43)
	at java.lang.reflect.Method.invoke(Method.java:498)
	at org.junit.runners.model.FrameworkMethod$1.runReflectiveCall(FrameworkMethod.java:59)
	at org.junit.internal.runners.model.ReflectiveCallable.run(ReflectiveCallable.java:12)
	at org.junit.runners.model.FrameworkMethod.invokeExplosively(FrameworkMethod.java:56)
	at org.junit.internal.runners.statements.InvokeMethod.evaluate(InvokeMethod.java:17)
	at org.junit.runners.ParentRunner$3.evaluate(ParentRunner.java:306)
	at org.junit.runners.BlockJUnit4ClassRunner$1.evaluate(BlockJUnit4ClassRunner.java:100)
	at org.junit.runners.ParentRunner.runLeaf(ParentRunner.java:366)
	at org.junit.runners.BlockJUnit4ClassRunner.runChild(BlockJUnit4ClassRunner.java:103)
	at org.junit.runners.BlockJUnit4ClassRunner.runChild(BlockJUnit4ClassRunner.java:63)
	at org.junit.runners.ParentRunner$4.run(ParentRunner.java:331)
	at org.junit.runners.ParentRunner$1.schedule(ParentRunner.java:79)
	at org.junit.runners.ParentRunner.runChildren(ParentRunner.java:329)
	at org.junit.runners.ParentRunner.access$100(ParentRunner.java:66)
	at org.junit.runners.ParentRunner$2.evaluate(ParentRunner.java:293)
	at org.junit.runners.ParentRunner$3.evaluate(ParentRunner.java:306)
	at org.junit.runners.ParentRunner.run(ParentRunner.java:413)
	at org.junit.runners.Suite.runChild(Suite.java:128)
	at org.junit.runners.Suite.runChild(Suite.java:27)
	at org.junit.runners.ParentRunner$4.run(ParentRunner.java:331)
	at org.junit.runners.ParentRunner$1.schedule(ParentRunner.java:79)
	at org.junit.runners.ParentRunner.runChildren(ParentRunner.java:329)
	at org.junit.runners.ParentRunner.access$100(ParentRunner.java:66)
	at org.junit.runners.ParentRunner$2.evaluate(ParentRunner.java:293)
	at org.junit.runners.ParentRunner$3.evaluate(ParentRunner.java:306)
	at org.junit.runners.ParentRunner.run(ParentRunner.java:413)
	at org.junit.runner.JUnitCore.run(JUnitCore.java:137)
	at org.junit.runner.JUnitCore.run(JUnitCore.java:115)
	at edu.illinois.cs.testrunner.execution.JUnitTestExecutor.execute(JUnitTestExecutor.java:259)
	at edu.illinois.cs.testrunner.execution.JUnitTestExecutor.executeWithJUnit4Runner(JUnitTestExecutor.java:327)
	at edu.illinois.cs.testrunner.execution.JUnitTestExecutor.runOrder(JUnitTestExecutor.java:49)
	at edu.illinois.cs.testrunner.execution.Executor$.$anonfun$run$1(Executor.scala:30)
	at scala.runtime.java8.JFunction0$mcV$sp.apply(JFunction0$mcV$sp.java:12)
	at scala.util.Try$.apply(Try.scala:209)
	at edu.illinois.cs.testrunner.execution.Executor$.run(Executor.scala:28)
	at edu.illinois.cs.testrunner.execution.Executor$.main(Executor.scala:18)
	at edu.illinois.cs.testrunner.execution.Executor.main(Executor.scala)
2024-04-26 13:56:01,544 [WARN] Log4jLogBackendTest message
2024-04-26 13:56:01,544 [INFO] Log4jLogBackendTest hello there
2024-04-26 13:56:01,544 [ERROR] Log4jLogBackendTest message
2024-04-26 13:56:01,544 [INFO] Log4jLogBackendTest message
java.lang.Throwable: log throwable
	at com.j256.ormlite.logger.BaseLogBackendTest.testInfoStringThrowable(BaseLogBackendTest.java:58)
	at sun.reflect.NativeMethodAccessorImpl.invoke0(Native Method)
	at sun.reflect.NativeMethodAccessorImpl.invoke(NativeMethodAccessorImpl.java:62)
	at sun.reflect.DelegatingMethodAccessorImpl.invoke(DelegatingMethodAccessorImpl.java:43)
	at java.lang.reflect.Method.invoke(Method.java:498)
	at org.junit.runners.model.FrameworkMethod$1.runReflectiveCall(FrameworkMethod.java:59)
	at org.junit.internal.runners.model.ReflectiveCallable.run(ReflectiveCallable.java:12)
	at org.junit.runners.model.FrameworkMethod.invokeExplosively(FrameworkMethod.java:56)
	at org.junit.internal.runners.statements.InvokeMethod.evaluate(InvokeMethod.java:17)
	at org.junit.runners.ParentRunner$3.evaluate(ParentRunner.java:306)
	at org.junit.runners.BlockJUnit4ClassRunner$1.evaluate(BlockJUnit4ClassRunner.java:100)
	at org.junit.runners.ParentRunner.runLeaf(ParentRunner.java:366)
	at org.junit.runners.BlockJUnit4ClassRunner.runChild(BlockJUnit4ClassRunner.java:103)
	at org.junit.runners.BlockJUnit4ClassRunner.runChild(BlockJUnit4ClassRunner.java:63)
	at org.junit.runners.ParentRunner$4.run(ParentRunner.java:331)
	at org.junit.runners.ParentRunner$1.schedule(ParentRunner.java:79)
	at org.junit.runners.ParentRunner.runChildren(ParentRunner.java:329)
	at org.junit.runners.ParentRunner.access$100(ParentRunner.java:66)
	at org.junit.runners.ParentRunner$2.evaluate(ParentRunner.java:293)
	at org.junit.runners.ParentRunner$3.evaluate(ParentRunner.java:306)
	at org.junit.runners.ParentRunner.run(ParentRunner.java:413)
	at org.junit.runners.Suite.runChild(Suite.java:128)
	at org.junit.runners.Suite.runChild(Suite.java:27)
	at org.junit.runners.ParentRunner$4.run(ParentRunner.java:331)
	at org.junit.runners.ParentRunner$1.schedule(ParentRunner.java:79)
	at org.junit.runners.ParentRunner.runChildren(ParentRunner.java:329)
	at org.junit.runners.ParentRunner.access$100(ParentRunner.java:66)
	at org.junit.runners.ParentRunner$2.evaluate(ParentRunner.java:293)
	at org.junit.runners.ParentRunner$3.evaluate(ParentRunner.java:306)
	at org.junit.runners.ParentRunner.run(ParentRunner.java:413)
	at org.junit.runner.JUnitCore.run(JUnitCore.java:137)
	at org.junit.runner.JUnitCore.run(JUnitCore.java:115)
	at edu.illinois.cs.testrunner.execution.JUnitTestExecutor.execute(JUnitTestExecutor.java:259)
	at edu.illinois.cs.testrunner.execution.JUnitTestExecutor.executeWithJUnit4Runner(JUnitTestExecutor.java:327)
	at edu.illinois.cs.testrunner.execution.JUnitTestExecutor.runOrder(JUnitTestExecutor.java:49)
	at edu.illinois.cs.testrunner.execution.Executor$.$anonfun$run$1(Executor.scala:30)
	at scala.runtime.java8.JFunction0$mcV$sp.apply(JFunction0$mcV$sp.java:12)
	at scala.util.Try$.apply(Try.scala:209)
	at edu.illinois.cs.testrunner.execution.Executor$.run(Executor.scala:28)
	at edu.illinois.cs.testrunner.execution.Executor$.main(Executor.scala:18)
	at edu.illinois.cs.testrunner.execution.Executor.main(Executor.scala)
2024-04-26 13:56:01,545 [INFO] Log4jLogBackendTest message
2024-04-26 13:56:01,545 [FATAL] Log4jLogBackendTest message
java.lang.Throwable: log throwable
	at com.j256.ormlite.logger.BaseLogBackendTest.testFatalStringThrowable(BaseLogBackendTest.java:88)
	at sun.reflect.NativeMethodAccessorImpl.invoke0(Native Method)
	at sun.reflect.NativeMethodAccessorImpl.invoke(NativeMethodAccessorImpl.java:62)
	at sun.reflect.DelegatingMethodAccessorImpl.invoke(DelegatingMethodAccessorImpl.java:43)
	at java.lang.reflect.Method.invoke(Method.java:498)
	at org.junit.runners.model.FrameworkMethod$1.runReflectiveCall(FrameworkMethod.java:59)
	at org.junit.internal.runners.model.ReflectiveCallable.run(ReflectiveCallable.java:12)
	at org.junit.runners.model.FrameworkMethod.invokeExplosively(FrameworkMethod.java:56)
	at org.junit.internal.runners.statements.InvokeMethod.evaluate(InvokeMethod.java:17)
	at org.junit.runners.ParentRunner$3.evaluate(ParentRunner.java:306)
	at org.junit.runners.BlockJUnit4ClassRunner$1.evaluate(BlockJUnit4ClassRunner.java:100)
	at org.junit.runners.ParentRunner.runLeaf(ParentRunner.java:366)
	at org.junit.runners.BlockJUnit4ClassRunner.runChild(BlockJUnit4ClassRunner.java:103)
	at org.junit.runners.BlockJUnit4ClassRunner.runChild(BlockJUnit4ClassRunner.java:63)
	at org.junit.runners.ParentRunner$4.run(ParentRunner.java:331)
	at org.junit.runners.ParentRunner$1.schedule(ParentRunner.java:79)
	at org.junit.runners.ParentRunner.runChildren(ParentRunner.java:329)
	at org.junit.runners.ParentRunner.access$100(ParentRunner.java:66)
	at org.junit.runners.ParentRunner$2.evaluate(ParentRunner.java:293)
	at org.junit.runners.ParentRunner$3.evaluate(ParentRunner.java:306)
	at org.junit.runners.ParentRunner.run(ParentRunner.java:413)
	at org.junit.runners.Suite.runChild(Suite.java:128)
	at org.junit.runners.Suite.runChild(Suite.java:27)
	at org.junit.runners.ParentRunner$4.run(ParentRunner.java:331)
	at org.junit.runners.ParentRunner$1.schedule(ParentRunner.java:79)
	at org.junit.runners.ParentRunner.runChildren(ParentRunner.java:329)
	at org.junit.runners.ParentRunner.access$100(ParentRunner.java:66)
	at org.junit.runners.ParentRunner$2.evaluate(ParentRunner.java:293)
	at org.junit.runners.ParentRunner$3.evaluate(ParentRunner.java:306)
	at org.junit.runners.ParentRunner.run(ParentRunner.java:413)
	at org.junit.runner.JUnitCore.run(JUnitCore.java:137)
	at org.junit.runner.JUnitCore.run(JUnitCore.java:115)
	at edu.illinois.cs.testrunner.execution.JUnitTestExecutor.execute(JUnitTestExecutor.java:259)
	at edu.illinois.cs.testrunner.execution.JUnitTestExecutor.executeWithJUnit4Runner(JUnitTestExecutor.java:327)
	at edu.illinois.cs.testrunner.execution.JUnitTestExecutor.runOrder(JUnitTestExecutor.java:49)
	at edu.illinois.cs.testrunner.execution.Executor$.$anonfun$run$1(Executor.scala:30)
	at scala.runtime.java8.JFunction0$mcV$sp.apply(JFunction0$mcV$sp.java:12)
	at scala.util.Try$.apply(Try.scala:209)
	at edu.illinois.cs.testrunner.execution.Executor$.run(Executor.scala:28)
	at edu.illinois.cs.testrunner.execution.Executor$.main(Executor.scala:18)
	at edu.illinois.cs.testrunner.execution.Executor.main(Executor.scala)
2024-04-26 13:56:01,545 [FATAL] Log4jLogBackendTest message
2024-04-26 13:56:01,545 [WARN] Log4jLogBackendTest message
java.lang.Throwable: log throwable
	at com.j256.ormlite.logger.BaseLogBackendTest.testWarnStringThrowable(BaseLogBackendTest.java:68)
	at sun.reflect.NativeMethodAccessorImpl.invoke0(Native Method)
	at sun.reflect.NativeMethodAccessorImpl.invoke(NativeMethodAccessorImpl.java:62)
	at sun.reflect.DelegatingMethodAccessorImpl.invoke(DelegatingMethodAccessorImpl.java:43)
	at java.lang.reflect.Method.invoke(Method.java:498)
	at org.junit.runners.model.FrameworkMethod$1.runReflectiveCall(FrameworkMethod.java:59)
	at org.junit.internal.runners.model.ReflectiveCallable.run(ReflectiveCallable.java:12)
	at org.junit.runners.model.FrameworkMethod.invokeExplosively(FrameworkMethod.java:56)
	at org.junit.internal.runners.statements.InvokeMethod.evaluate(InvokeMethod.java:17)
	at org.junit.runners.ParentRunner$3.evaluate(ParentRunner.java:306)
	at org.junit.runners.BlockJUnit4ClassRunner$1.evaluate(BlockJUnit4ClassRunner.java:100)
	at org.junit.runners.ParentRunner.runLeaf(ParentRunner.java:366)
	at org.junit.runners.BlockJUnit4ClassRunner.runChild(BlockJUnit4ClassRunner.java:103)
	at org.junit.runners.BlockJUnit4ClassRunner.runChild(BlockJUnit4ClassRunner.java:63)
	at org.junit.runners.ParentRunner$4.run(ParentRunner.java:331)
	at org.junit.runners.ParentRunner$1.schedule(ParentRunner.java:79)
	at org.junit.runners.ParentRunner.runChildren(ParentRunner.java:329)
	at org.junit.runners.ParentRunner.access$100(ParentRunner.java:66)
	at org.junit.runners.ParentRunner$2.evaluate(ParentRunner.java:293)
	at org.junit.runners.ParentRunner$3.evaluate(ParentRunner.java:306)
	at org.junit.runners.ParentRunner.run(ParentRunner.java:413)
	at org.junit.runners.Suite.runChild(Suite.java:128)
	at org.junit.runners.Suite.runChild(Suite.java:27)
	at org.junit.runners.ParentRunner$4.run(ParentRunner.java:331)
	at org.junit.runners.ParentRunner$1.schedule(ParentRunner.java:79)
	at org.junit.runners.ParentRunner.runChildren(ParentRunner.java:329)
	at org.junit.runners.ParentRunner.access$100(ParentRunner.java:66)
	at org.junit.runners.ParentRunner$2.evaluate(ParentRunner.java:293)
	at org.junit.runners.ParentRunner$3.evaluate(ParentRunner.java:306)
	at org.junit.runners.ParentRunner.run(ParentRunner.java:413)
	at org.junit.runner.JUnitCore.run(JUnitCore.java:137)
	at org.junit.runner.JUnitCore.run(JUnitCore.java:115)
	at edu.illinois.cs.testrunner.execution.JUnitTestExecutor.execute(JUnitTestExecutor.java:259)
	at edu.illinois.cs.testrunner.execution.JUnitTestExecutor.executeWithJUnit4Runner(JUnitTestExecutor.java:327)
	at edu.illinois.cs.testrunner.execution.JUnitTestExecutor.runOrder(JUnitTestExecutor.java:49)
	at edu.illinois.cs.testrunner.execution.Executor$.$anonfun$run$1(Executor.scala:30)
	at scala.runtime.java8.JFunction0$mcV$sp.apply(JFunction0$mcV$sp.java:12)
	at scala.util.Try$.apply(Try.scala:209)
	at edu.illinois.cs.testrunner.execution.Executor$.run(Executor.scala:28)
	at edu.illinois.cs.testrunner.execution.Executor$.main(Executor.scala:18)
	at edu.illinois.cs.testrunner.execution.Executor.main(Executor.scala)
2024-04-26 13:56:01,547 [DEBUG] LocalLogBackendTest message
java.lang.Throwable: log throwable
	at com.j256.ormlite.logger.BaseLogBackendTest.testDebugStringThrowable(BaseLogBackendTest.java:48)
	at sun.reflect.NativeMethodAccessorImpl.invoke0(Native Method)
	at sun.reflect.NativeMethodAccessorImpl.invoke(NativeMethodAccessorImpl.java:62)
	at sun.reflect.DelegatingMethodAccessorImpl.invoke(DelegatingMethodAccessorImpl.java:43)
	at java.lang.reflect.Method.invoke(Method.java:498)
	at org.junit.runners.model.FrameworkMethod$1.runReflectiveCall(FrameworkMethod.java:59)
	at org.junit.internal.runners.model.ReflectiveCallable.run(ReflectiveCallable.java:12)
	at org.junit.runners.model.FrameworkMethod.invokeExplosively(FrameworkMethod.java:56)
	at org.junit.internal.runners.statements.InvokeMethod.evaluate(InvokeMethod.java:17)
	at org.junit.runners.ParentRunner$3.evaluate(ParentRunner.java:306)
	at org.junit.runners.BlockJUnit4ClassRunner$1.evaluate(BlockJUnit4ClassRunner.java:100)
	at org.junit.runners.ParentRunner.runLeaf(ParentRunner.java:366)
	at org.junit.runners.BlockJUnit4ClassRunner.runChild(BlockJUnit4ClassRunner.java:103)
	at org.junit.runners.BlockJUnit4ClassRunner.runChild(BlockJUnit4ClassRunner.java:63)
	at org.junit.runners.ParentRunner$4.run(ParentRunner.java:331)
	at org.junit.runners.ParentRunner$1.schedule(ParentRunner.java:79)
	at org.junit.runners.ParentRunner.runChildren(ParentRunner.java:329)
	at org.junit.runners.ParentRunner.access$100(ParentRunner.java:66)
	at org.junit.runners.ParentRunner$2.evaluate(ParentRunner.java:293)
	at org.junit.runners.ParentRunner$3.evaluate(ParentRunner.java:306)
	at org.junit.runners.ParentRunner.run(ParentRunner.java:413)
	at org.junit.runners.Suite.runChild(Suite.java:128)
	at org.junit.runners.Suite.runChild(Suite.java:27)
	at org.junit.runners.ParentRunner$4.run(ParentRunner.java:331)
	at org.junit.runners.ParentRunner$1.schedule(ParentRunner.java:79)
	at org.junit.runners.ParentRunner.runChildren(ParentRunner.java:329)
	at org.junit.runners.ParentRunner.access$100(ParentRunner.java:66)
	at org.junit.runners.ParentRunner$2.evaluate(ParentRunner.java:293)
	at org.junit.runners.ParentRunner$3.evaluate(ParentRunner.java:306)
	at org.junit.runners.ParentRunner.run(ParentRunner.java:413)
	at org.junit.runner.JUnitCore.run(JUnitCore.java:137)
	at org.junit.runner.JUnitCore.run(JUnitCore.java:115)
	at edu.illinois.cs.testrunner.execution.JUnitTestExecutor.execute(JUnitTestExecutor.java:259)
	at edu.illinois.cs.testrunner.execution.JUnitTestExecutor.executeWithJUnit4Runner(JUnitTestExecutor.java:327)
	at edu.illinois.cs.testrunner.execution.JUnitTestExecutor.runOrder(JUnitTestExecutor.java:49)
	at edu.illinois.cs.testrunner.execution.Executor$.$anonfun$run$1(Executor.scala:30)
	at scala.runtime.java8.JFunction0$mcV$sp.apply(JFunction0$mcV$sp.java:12)
	at scala.util.Try$.apply(Try.scala:209)
	at edu.illinois.cs.testrunner.execution.Executor$.run(Executor.scala:28)
	at edu.illinois.cs.testrunner.execution.Executor$.main(Executor.scala:18)
	at edu.illinois.cs.testrunner.execution.Executor.main(Executor.scala)
IO exception reading the log properties file '/ormliteLocalLog.properties': java.io.IOException: simulated exception
2024-04-26 13:56:01,547 [DEBUG] LocalLogBackendTest message
2024-04-26 13:56:01,548 [ERROR] LocalLogBackendTest message
java.lang.Throwable: log throwable
	at com.j256.ormlite.logger.BaseLogBackendTest.testErrorStringThrowable(BaseLogBackendTest.java:78)
	at sun.reflect.NativeMethodAccessorImpl.invoke0(Native Method)
	at sun.reflect.NativeMethodAccessorImpl.invoke(NativeMethodAccessorImpl.java:62)
	at sun.reflect.DelegatingMethodAccessorImpl.invoke(DelegatingMethodAccessorImpl.java:43)
	at java.lang.reflect.Method.invoke(Method.java:498)
	at org.junit.runners.model.FrameworkMethod$1.runReflectiveCall(FrameworkMethod.java:59)
	at org.junit.internal.runners.model.ReflectiveCallable.run(ReflectiveCallable.java:12)
	at org.junit.runners.model.FrameworkMethod.invokeExplosively(FrameworkMethod.java:56)
	at org.junit.internal.runners.statements.InvokeMethod.evaluate(InvokeMethod.java:17)
	at org.junit.runners.ParentRunner$3.evaluate(ParentRunner.java:306)
	at org.junit.runners.BlockJUnit4ClassRunner$1.evaluate(BlockJUnit4ClassRunner.java:100)
	at org.junit.runners.ParentRunner.runLeaf(ParentRunner.java:366)
	at org.junit.runners.BlockJUnit4ClassRunner.runChild(BlockJUnit4ClassRunner.java:103)
	at org.junit.runners.BlockJUnit4ClassRunner.runChild(BlockJUnit4ClassRunner.java:63)
	at org.junit.runners.ParentRunner$4.run(ParentRunner.java:331)
	at org.junit.runners.ParentRunner$1.schedule(ParentRunner.java:79)
	at org.junit.runners.ParentRunner.runChildren(ParentRunner.java:329)
	at org.junit.runners.ParentRunner.access$100(ParentRunner.java:66)
	at org.junit.runners.ParentRunner$2.evaluate(ParentRunner.java:293)
	at org.junit.runners.ParentRunner$3.evaluate(ParentRunner.java:306)
	at org.junit.runners.ParentRunner.run(ParentRunner.java:413)
	at org.junit.runners.Suite.runChild(Suite.java:128)
	at org.junit.runners.Suite.runChild(Suite.java:27)
	at org.junit.runners.ParentRunner$4.run(ParentRunner.java:331)
	at org.junit.runners.ParentRunner$1.schedule(ParentRunner.java:79)
	at org.junit.runners.ParentRunner.runChildren(ParentRunner.java:329)
	at org.junit.runners.ParentRunner.access$100(ParentRunner.java:66)
	at org.junit.runners.ParentRunner$2.evaluate(ParentRunner.java:293)
	at org.junit.runners.ParentRunner$3.evaluate(ParentRunner.java:306)
	at org.junit.runners.ParentRunner.run(ParentRunner.java:413)
	at org.junit.runner.JUnitCore.run(JUnitCore.java:137)
	at org.junit.runner.JUnitCore.run(JUnitCore.java:115)
	at edu.illinois.cs.testrunner.execution.JUnitTestExecutor.execute(JUnitTestExecutor.java:259)
	at edu.illinois.cs.testrunner.execution.JUnitTestExecutor.executeWithJUnit4Runner(JUnitTestExecutor.java:327)
	at edu.illinois.cs.testrunner.execution.JUnitTestExecutor.runOrder(JUnitTestExecutor.java:49)
	at edu.illinois.cs.testrunner.execution.Executor$.$anonfun$run$1(Executor.scala:30)
	at scala.runtime.java8.JFunction0$mcV$sp.apply(JFunction0$mcV$sp.java:12)
	at scala.util.Try$.apply(Try.scala:209)
	at edu.illinois.cs.testrunner.execution.Executor$.run(Executor.scala:28)
	at edu.illinois.cs.testrunner.execution.Executor$.main(Executor.scala:18)
	at edu.illinois.cs.testrunner.execution.Executor.main(Executor.scala)
2024-04-26 13:56:01,548 [INFO] LocalLogBackendTest message
2024-04-26 13:56:01,548 [FATAL] LocalLogBackendTest message
java.lang.Throwable: log throwable
	at com.j256.ormlite.logger.BaseLogBackendTest.testFatalStringThrowable(BaseLogBackendTest.java:88)
	at sun.reflect.NativeMethodAccessorImpl.invoke0(Native Method)
	at sun.reflect.NativeMethodAccessorImpl.invoke(NativeMethodAccessorImpl.java:62)
	at sun.reflect.DelegatingMethodAccessorImpl.invoke(DelegatingMethodAccessorImpl.java:43)
	at java.lang.reflect.Method.invoke(Method.java:498)
	at org.junit.runners.model.FrameworkMethod$1.runReflectiveCall(FrameworkMethod.java:59)
	at org.junit.internal.runners.model.ReflectiveCallable.run(ReflectiveCallable.java:12)
	at org.junit.runners.model.FrameworkMethod.invokeExplosively(FrameworkMethod.java:56)
	at org.junit.internal.runners.statements.InvokeMethod.evaluate(InvokeMethod.java:17)
	at org.junit.runners.ParentRunner$3.evaluate(ParentRunner.java:306)
	at org.junit.runners.BlockJUnit4ClassRunner$1.evaluate(BlockJUnit4ClassRunner.java:100)
	at org.junit.runners.ParentRunner.runLeaf(ParentRunner.java:366)
	at org.junit.runners.BlockJUnit4ClassRunner.runChild(BlockJUnit4ClassRunner.java:103)
	at org.junit.runners.BlockJUnit4ClassRunner.runChild(BlockJUnit4ClassRunner.java:63)
	at org.junit.runners.ParentRunner$4.run(ParentRunner.java:331)
	at org.junit.runners.ParentRunner$1.schedule(ParentRunner.java:79)
	at org.junit.runners.ParentRunner.runChildren(ParentRunner.java:329)
	at org.junit.runners.ParentRunner.access$100(ParentRunner.java:66)
	at org.junit.runners.ParentRunner$2.evaluate(ParentRunner.java:293)
	at org.junit.runners.ParentRunner$3.evaluate(ParentRunner.java:306)
	at org.junit.runners.ParentRunner.run(ParentRunner.java:413)
	at org.junit.runners.Suite.runChild(Suite.java:128)
	at org.junit.runners.Suite.runChild(Suite.java:27)
	at org.junit.runners.ParentRunner$4.run(ParentRunner.java:331)
	at org.junit.runners.ParentRunner$1.schedule(ParentRunner.java:79)
	at org.junit.runners.ParentRunner.runChildren(ParentRunner.java:329)
	at org.junit.runners.ParentRunner.access$100(ParentRunner.java:66)
	at org.junit.runners.ParentRunner$2.evaluate(ParentRunner.java:293)
	at org.junit.runners.ParentRunner$3.evaluate(ParentRunner.java:306)
	at org.junit.runners.ParentRunner.run(ParentRunner.java:413)
	at org.junit.runner.JUnitCore.run(JUnitCore.java:137)
	at org.junit.runner.JUnitCore.run(JUnitCore.java:115)
	at edu.illinois.cs.testrunner.execution.JUnitTestExecutor.execute(JUnitTestExecutor.java:259)
	at edu.illinois.cs.testrunner.execution.JUnitTestExecutor.executeWithJUnit4Runner(JUnitTestExecutor.java:327)
	at edu.illinois.cs.testrunner.execution.JUnitTestExecutor.runOrder(JUnitTestExecutor.java:49)
	at edu.illinois.cs.testrunner.execution.Executor$.$anonfun$run$1(Executor.scala:30)
	at scala.runtime.java8.JFunction0$mcV$sp.apply(JFunction0$mcV$sp.java:12)
	at scala.util.Try$.apply(Try.scala:209)
	at edu.illinois.cs.testrunner.execution.Executor$.run(Executor.scala:28)
	at edu.illinois.cs.testrunner.execution.Executor$.main(Executor.scala:18)
	at edu.illinois.cs.testrunner.execution.Executor.main(Executor.scala)
2024-04-26 13:56:01,549 [FATAL] LocalLogBackendTest message
2024-04-26 13:56:01,551 [INFO] LocalLogBackendTest message
java.lang.Throwable: log throwable
	at com.j256.ormlite.logger.BaseLogBackendTest.testInfoStringThrowable(BaseLogBackendTest.java:58)
	at sun.reflect.NativeMethodAccessorImpl.invoke0(Native Method)
	at sun.reflect.NativeMethodAccessorImpl.invoke(NativeMethodAccessorImpl.java:62)
	at sun.reflect.DelegatingMethodAccessorImpl.invoke(DelegatingMethodAccessorImpl.java:43)
	at java.lang.reflect.Method.invoke(Method.java:498)
	at org.junit.runners.model.FrameworkMethod$1.runReflectiveCall(FrameworkMethod.java:59)
	at org.junit.internal.runners.model.ReflectiveCallable.run(ReflectiveCallable.java:12)
	at org.junit.runners.model.FrameworkMethod.invokeExplosively(FrameworkMethod.java:56)
	at org.junit.internal.runners.statements.InvokeMethod.evaluate(InvokeMethod.java:17)
	at org.junit.runners.ParentRunner$3.evaluate(ParentRunner.java:306)
	at org.junit.runners.BlockJUnit4ClassRunner$1.evaluate(BlockJUnit4ClassRunner.java:100)
	at org.junit.runners.ParentRunner.runLeaf(ParentRunner.java:366)
	at org.junit.runners.BlockJUnit4ClassRunner.runChild(BlockJUnit4ClassRunner.java:103)
	at org.junit.runners.BlockJUnit4ClassRunner.runChild(BlockJUnit4ClassRunner.java:63)
	at org.junit.runners.ParentRunner$4.run(ParentRunner.java:331)
	at org.junit.runners.ParentRunner$1.schedule(ParentRunner.java:79)
	at org.junit.runners.ParentRunner.runChildren(ParentRunner.java:329)
	at org.junit.runners.ParentRunner.access$100(ParentRunner.java:66)
	at org.junit.runners.ParentRunner$2.evaluate(ParentRunner.java:293)
	at org.junit.runners.ParentRunner$3.evaluate(ParentRunner.java:306)
	at org.junit.runners.ParentRunner.run(ParentRunner.java:413)
	at org.junit.runners.Suite.runChild(Suite.java:128)
	at org.junit.runners.Suite.runChild(Suite.java:27)
	at org.junit.runners.ParentRunner$4.run(ParentRunner.java:331)
	at org.junit.runners.ParentRunner$1.schedule(ParentRunner.java:79)
	at org.junit.runners.ParentRunner.runChildren(ParentRunner.java:329)
	at org.junit.runners.ParentRunner.access$100(ParentRunner.java:66)
	at org.junit.runners.ParentRunner$2.evaluate(ParentRunner.java:293)
	at org.junit.runners.ParentRunner$3.evaluate(ParentRunner.java:306)
	at org.junit.runners.ParentRunner.run(ParentRunner.java:413)
	at org.junit.runner.JUnitCore.run(JUnitCore.java:137)
	at org.junit.runner.JUnitCore.run(JUnitCore.java:115)
	at edu.illinois.cs.testrunner.execution.JUnitTestExecutor.execute(JUnitTestExecutor.java:259)
	at edu.illinois.cs.testrunner.execution.JUnitTestExecutor.executeWithJUnit4Runner(JUnitTestExecutor.java:327)
	at edu.illinois.cs.testrunner.execution.JUnitTestExecutor.runOrder(JUnitTestExecutor.java:49)
	at edu.illinois.cs.testrunner.execution.Executor$.$anonfun$run$1(Executor.scala:30)
	at scala.runtime.java8.JFunction0$mcV$sp.apply(JFunction0$mcV$sp.java:12)
	at scala.util.Try$.apply(Try.scala:209)
	at edu.illinois.cs.testrunner.execution.Executor$.run(Executor.scala:28)
	at edu.illinois.cs.testrunner.execution.Executor$.main(Executor.scala:18)
	at edu.illinois.cs.testrunner.execution.Executor.main(Executor.scala)
2024-04-26 13:56:01,552 [INFO] LocalLogBackendTest hello there
2024-04-26 13:56:01,552 [WARNING] LocalLogBackendTest message
java.lang.Throwable: log throwable
	at com.j256.ormlite.logger.BaseLogBackendTest.testWarnStringThrowable(BaseLogBackendTest.java:68)
	at sun.reflect.NativeMethodAccessorImpl.invoke0(Native Method)
	at sun.reflect.NativeMethodAccessorImpl.invoke(NativeMethodAccessorImpl.java:62)
	at sun.reflect.DelegatingMethodAccessorImpl.invoke(DelegatingMethodAccessorImpl.java:43)
	at java.lang.reflect.Method.invoke(Method.java:498)
	at org.junit.runners.model.FrameworkMethod$1.runReflectiveCall(FrameworkMethod.java:59)
	at org.junit.internal.runners.model.ReflectiveCallable.run(ReflectiveCallable.java:12)
	at org.junit.runners.model.FrameworkMethod.invokeExplosively(FrameworkMethod.java:56)
	at org.junit.internal.runners.statements.InvokeMethod.evaluate(InvokeMethod.java:17)
	at org.junit.runners.ParentRunner$3.evaluate(ParentRunner.java:306)
	at org.junit.runners.BlockJUnit4ClassRunner$1.evaluate(BlockJUnit4ClassRunner.java:100)
	at org.junit.runners.ParentRunner.runLeaf(ParentRunner.java:366)
	at org.junit.runners.BlockJUnit4ClassRunner.runChild(BlockJUnit4ClassRunner.java:103)
	at org.junit.runners.BlockJUnit4ClassRunner.runChild(BlockJUnit4ClassRunner.java:63)
	at org.junit.runners.ParentRunner$4.run(ParentRunner.java:331)
	at org.junit.runners.ParentRunner$1.schedule(ParentRunner.java:79)
	at org.junit.runners.ParentRunner.runChildren(ParentRunner.java:329)
	at org.junit.runners.ParentRunner.access$100(ParentRunner.java:66)
	at org.junit.runners.ParentRunner$2.evaluate(ParentRunner.java:293)
	at org.junit.runners.ParentRunner$3.evaluate(ParentRunner.java:306)
	at org.junit.runners.ParentRunner.run(ParentRunner.java:413)
	at org.junit.runners.Suite.runChild(Suite.java:128)
	at org.junit.runners.Suite.runChild(Suite.java:27)
	at org.junit.runners.ParentRunner$4.run(ParentRunner.java:331)
	at org.junit.runners.ParentRunner$1.schedule(ParentRunner.java:79)
	at org.junit.runners.ParentRunner.runChildren(ParentRunner.java:329)
	at org.junit.runners.ParentRunner.access$100(ParentRunner.java:66)
	at org.junit.runners.ParentRunner$2.evaluate(ParentRunner.java:293)
	at org.junit.runners.ParentRunner$3.evaluate(ParentRunner.java:306)
	at org.junit.runners.ParentRunner.run(ParentRunner.java:413)
	at org.junit.runner.JUnitCore.run(JUnitCore.java:137)
	at org.junit.runner.JUnitCore.run(JUnitCore.java:115)
	at edu.illinois.cs.testrunner.execution.JUnitTestExecutor.execute(JUnitTestExecutor.java:259)
	at edu.illinois.cs.testrunner.execution.JUnitTestExecutor.executeWithJUnit4Runner(JUnitTestExecutor.java:327)
	at edu.illinois.cs.testrunner.execution.JUnitTestExecutor.runOrder(JUnitTestExecutor.java:49)
	at edu.illinois.cs.testrunner.execution.Executor$.$anonfun$run$1(Executor.scala:30)
	at scala.runtime.java8.JFunction0$mcV$sp.apply(JFunction0$mcV$sp.java:12)
	at scala.util.Try$.apply(Try.scala:209)
	at edu.illinois.cs.testrunner.execution.Executor$.run(Executor.scala:28)
	at edu.illinois.cs.testrunner.execution.Executor$.main(Executor.scala:18)
	at edu.illinois.cs.testrunner.execution.Executor.main(Executor.scala)
Line is not in the format of 'pattern = level': x
Level ' INVALID_LEVEL' was not found
Line is not in the format of 'pattern = level': x
2024-04-26 13:56:01,553 [ERROR] LocalLogBackendTest message
2024-04-26 13:56:01,553 [WARNING] LocalLogBackendTest message
Skipping unknown value class class java.lang.Class
Skipping unknown value class class com.j256.ormlite.field.DataType
2024-04-26 13:56:01,557 [WARNING] LoggerFactoryTest Unable to create instance of class com.j256.ormlite.android.AndroidLogBackend$AndroidLogBackendFactory for log type ANDROID, using local log: com.j256.ormlite.android.AndroidLogBackend$AndroidLogBackendFactory
2024-04-26 13:56:01,558 [WARNING] LoggerFactory Could not find valid log-type from system property 'com.j256.simplelogger.backend', value 'some.wrong.class'
2024-04-26 13:56:01,562 [INFO] TableUtils dropping table 'serializedupdate'
2024-04-26 13:56:01,563 [INFO] TableUtils ignoring drop error 'org.h2.jdbc.JdbcSQLSyntaxErrorException: Table "SERIALIZEDUPDATE" not found; SQL statement:
DROP TABLE `serializedupdate`  [42102-200]' for statement: DROP TABLE `serializedupdate` 
2024-04-26 13:56:01,563 [INFO] TableUtils creating table 'serializedupdate'
2024-04-26 13:56:01,563 [INFO] TableUtils executed create table statement changed 0 rows: CREATE TABLE `serializedupdate` (`id` INTEGER AUTO_INCREMENT , `serialized` BLOB , PRIMARY KEY (`id`) ) 
2024-04-26 13:56:01,565 [DEBUG] BaseMappedStatement insert data with statement 'INSERT INTO `serializedupdate` (`serialized` ) VALUES (?)' and 1 args, changed 1 rows
2024-04-26 13:56:01,565 [TRACE] BaseMappedStatement insert arguments: [[-84, -19, 0, 5, 115, 114, 0, 65, 99, 111, 109, 46, 106, 50, 53, 54, 46, 111, 114, 109, 108, 105, 116, 101, 46, 102, 105, 101, 108, 100, 46, 116, 121, 112, 101, 115, 46, 83, 101, 114, 105, 97, 108, 105, 122, 97, 98, 108, 101, 84, 121, 112, 101, 84, 101, 115, 116, 36, 83, 101, 114, 105, 97, 108, 105, 122, 101, 100, 70, 105, 101, 108, 100, 62, -28, 13, -79, 82, -70, -126, 120, 2, 0, 1, 76, 0, 3, 102, 111, 111, 116, 0, 18, 76, 106, 97, 118, 97, 47, 108, 97, 110, 103, 47, 83, 116, 114, 105, 110, 103, 59, 120, 112, 116, 0, 3, 119, 111, 119]]
2024-04-26 13:56:01,565 [DEBUG] BaseMappedStatement assigned id '1' from keyholder to 'id' in SerializedUpdate object
2024-04-26 13:56:01,568 [DEBUG] BaseMappedStatement query-for-id using 'SELECT * FROM `serializedupdate` WHERE `id` = ?' and 1 args, got 1 result
2024-04-26 13:56:01,568 [TRACE] BaseMappedStatement query-for-id arguments: [1]
2024-04-26 13:56:01,569 [DEBUG] BaseMappedStatement update data with statement 'UPDATE `serializedupdate` SET `serialized` = ? WHERE `id` = ?' and 2 args, changed 1 rows
2024-04-26 13:56:01,569 [TRACE] BaseMappedStatement update arguments: [[-84, -19, 0, 5, 115, 114, 0, 65, 99, 111, 109, 46, 106, 50, 53, 54, 46, 111, 114, 109, 108, 105, 116, 101, 46, 102, 105, 101, 108, 100, 46, 116, 121, 112, 101, 115, 46, 83, 101, 114, 105, 97, 108, 105, 122, 97, 98, 108, 101, 84, 121, 112, 101, 84, 101, 115, 116, 36, 83, 101, 114, 105, 97, 108, 105, 122, 101, 100, 70, 105, 101, 108, 100, 62, -28, 13, -79, 82, -70, -126, 120, 2, 0, 1, 76, 0, 3, 102, 111, 111, 116, 0, 18, 76, 106, 97, 118, 97, 47, 108, 97, 110, 103, 47, 83, 116, 114, 105, 110, 103, 59, 120, 112, 116, 0, 3, 122, 105, 112], 1]
2024-04-26 13:56:01,569 [DEBUG] BaseMappedStatement query-for-id using 'SELECT * FROM `serializedupdate` WHERE `id` = ?' and 1 args, got 1 result
2024-04-26 13:56:01,569 [TRACE] BaseMappedStatement query-for-id arguments: [1]
2024-04-26 13:56:01,570 [DEBUG] BaseMappedStatement prepared statement 'UPDATE `serializedupdate` SET `serialized` = ? WHERE `id` = 1' with 1 args
2024-04-26 13:56:01,570 [TRACE] BaseMappedStatement prepared statement arguments: [[-84, -19, 0, 5, 115, 114, 0, 65, 99, 111, 109, 46, 106, 50, 53, 54, 46, 111, 114, 109, 108, 105, 116, 101, 46, 102, 105, 101, 108, 100, 46, 116, 121, 112, 101, 115, 46, 83, 101, 114, 105, 97, 108, 105, 122, 97, 98, 108, 101, 84, 121, 112, 101, 84, 101, 115, 116, 36, 83, 101, 114, 105, 97, 108, 105, 122, 101, 100, 70, 105, 101, 108, 100, 62, -28, 13, -79, 82, -70, -126, 120, 2, 0, 1, 76, 0, 3, 102, 111, 111, 116, 0, 18, 76, 106, 97, 118, 97, 47, 108, 97, 110, 103, 47, 83, 116, 114, 105, 110, 103, 59, 120, 112, 116, 0, 5, 99, 114, 97, 99, 107]]
2024-04-26 13:56:01,571 [DEBUG] BaseMappedStatement query-for-id using 'SELECT * FROM `serializedupdate` WHERE `id` = ?' and 1 args, got 1 result
2024-04-26 13:56:01,571 [TRACE] BaseMappedStatement query-for-id arguments: [1]
2024-04-26 13:56:01,572 [INFO] TableUtils dropping table 'foo'
2024-04-26 13:56:01,573 [INFO] TableUtils ignoring drop error 'org.h2.jdbc.JdbcSQLSyntaxErrorException: Table "FOO" not found; SQL statement:
DROP TABLE `foo`  [42102-200]' for statement: DROP TABLE `foo` 
2024-04-26 13:56:01,573 [INFO] TableUtils creating table 'foo'
2024-04-26 13:56:01,573 [INFO] TableUtils executed create table statement changed 0 rows: CREATE TABLE `foo` (`serializable` BLOB ) 
2024-04-26 13:56:01,574 [DEBUG] BaseMappedStatement insert data with statement 'INSERT INTO `foo` (`serializable` ) VALUES (?)' and 1 args, changed 1 rows
2024-04-26 13:56:01,574 [TRACE] BaseMappedStatement insert arguments: [null]
2024-04-26 13:56:01,574 [INFO] TableUtils dropping table 'foo'
2024-04-26 13:56:01,575 [INFO] TableUtils ignoring drop error 'org.h2.jdbc.JdbcSQLSyntaxErrorException: Table "FOO" not found; SQL statement:
DROP TABLE `foo`  [42102-200]' for statement: DROP TABLE `foo` 
2024-04-26 13:56:01,575 [INFO] TableUtils creating table 'foo'
2024-04-26 13:56:01,575 [INFO] TableUtils executed create table statement changed 0 rows: CREATE TABLE `foo` (`serializable` BLOB ) 
2024-04-26 13:56:01,576 [DEBUG] BaseMappedStatement insert data with statement 'INSERT INTO `foo` (`serializable` ) VALUES (?)' and 1 args, changed 1 rows
2024-04-26 13:56:01,577 [TRACE] BaseMappedStatement insert arguments: [[-84, -19, 0, 5, 115, 114, 0, 17, 106, 97, 118, 97, 46, 108, 97, 110, 103, 46, 73, 110, 116, 101, 103, 101, 114, 18, -30, -96, -92, -9, -127, -121, 56, 2, 0, 1, 73, 0, 5, 118, 97, 108, 117, 101, 120, 114, 0, 16, 106, 97, 118, 97, 46, 108, 97, 110, 103, 46, 78, 117, 109, 98, 101, 114, -122, -84, -107, 29, 11, -108, -32, -117, 2, 0, 0, 120, 112, 79, 90, -120, 11]]
2024-04-26 13:56:01,577 [DEBUG] BaseMappedStatement prepared statement 'SELECT * FROM `foo`' with 0 args
2024-04-26 13:56:01,577 [DEBUG] StatementExecutor query of 'SELECT * FROM `foo`' with 0 args returned 1 results
2024-04-26 13:56:01,578 [INFO] TableUtils dropping table 'foo'
2024-04-26 13:56:01,579 [INFO] TableUtils ignoring drop error 'org.h2.jdbc.JdbcSQLSyntaxErrorException: Table "FOO" not found; SQL statement:
DROP TABLE `foo`  [42102-200]' for statement: DROP TABLE `foo` 
2024-04-26 13:56:01,579 [INFO] TableUtils creating table 'foo'
2024-04-26 13:56:01,579 [INFO] TableUtils executed create table statement changed 0 rows: CREATE TABLE `foo` (`serializable` BLOB ) 
2024-04-26 13:56:01,579 [DEBUG] BaseMappedStatement insert data with statement 'INSERT INTO `foo` (`serializable` ) VALUES (?)' and 1 args, changed 1 rows
2024-04-26 13:56:01,579 [TRACE] BaseMappedStatement insert arguments: [null]
2024-04-26 13:56:01,580 [DEBUG] BaseMappedStatement prepared statement 'SELECT * FROM `foo`' with 0 args
2024-04-26 13:56:01,580 [DEBUG] StatementExecutor query of 'SELECT * FROM `foo`' with 0 args returned 1 results
2024-04-26 13:56:01,580 [INFO] TableUtils dropping table 'foo'
2024-04-26 13:56:01,581 [INFO] TableUtils ignoring drop error 'org.h2.jdbc.JdbcSQLSyntaxErrorException: Table "FOO" not found; SQL statement:
DROP TABLE `foo`  [42102-200]' for statement: DROP TABLE `foo` 
2024-04-26 13:56:01,581 [INFO] TableUtils creating table 'foo'
2024-04-26 13:56:01,581 [INFO] TableUtils executed create table statement changed 0 rows: CREATE TABLE `foo` (`byteField` BLOB ) 
2024-04-26 13:56:01,582 [DEBUG] BaseMappedStatement insert data with statement 'INSERT INTO `foo` (`byteField` ) VALUES (?)' and 1 args, changed 1 rows
2024-04-26 13:56:01,582 [TRACE] BaseMappedStatement insert arguments: [[1, 2, 3, 4, 5]]
2024-04-26 13:56:01,583 [INFO] TableUtils dropping table 'foo'
2024-04-26 13:56:01,584 [INFO] TableUtils ignoring drop error 'org.h2.jdbc.JdbcSQLSyntaxErrorException: Table "FOO" not found; SQL statement:
DROP TABLE `foo`  [42102-200]' for statement: DROP TABLE `foo` 
2024-04-26 13:56:01,584 [INFO] TableUtils creating table 'foo'
2024-04-26 13:56:01,584 [INFO] TableUtils executed create table statement changed 0 rows: CREATE TABLE `foo` (`floatField` FLOAT ) 
2024-04-26 13:56:01,585 [DEBUG] BaseMappedStatement insert data with statement 'INSERT INTO `foo` (`floatField` ) VALUES (?)' and 1 args, changed 1 rows
2024-04-26 13:56:01,585 [TRACE] BaseMappedStatement insert arguments: [1331.221]
2024-04-26 13:56:01,586 [DEBUG] BaseMappedStatement prepared statement 'SELECT * FROM `foo`' with 0 args
2024-04-26 13:56:01,586 [DEBUG] StatementExecutor query of 'SELECT * FROM `foo`' with 0 args returned 1 results
2024-04-26 13:56:01,586 [INFO] TableUtils dropping table 'foo'
2024-04-26 13:56:01,587 [INFO] TableUtils ignoring drop error 'org.h2.jdbc.JdbcSQLSyntaxErrorException: Table "FOO" not found; SQL statement:
DROP TABLE `foo`  [42102-200]' for statement: DROP TABLE `foo` 
2024-04-26 13:56:01,587 [INFO] TableUtils creating table 'foo'
2024-04-26 13:56:01,588 [INFO] TableUtils executed create table statement changed 0 rows: CREATE TABLE `foo` (`floatField` FLOAT ) 
2024-04-26 13:56:01,588 [DEBUG] BaseMappedStatement insert data with statement 'INSERT INTO `foo` (`floatField` ) VALUES (?)' and 1 args, changed 1 rows
2024-04-26 13:56:01,588 [TRACE] BaseMappedStatement insert arguments: [null]
2024-04-26 13:56:01,588 [DEBUG] BaseMappedStatement prepared statement 'SELECT * FROM `foo`' with 0 args
2024-04-26 13:56:01,588 [DEBUG] StatementExecutor query of 'SELECT * FROM `foo`' with 0 args returned 1 results
java.lang.Exception: Unexpected exception, expected<java.lang.RuntimeException> but was<java.lang.AssertionError>
	at org.junit.internal.runners.statements.ExpectException.evaluate(ExpectException.java:30)
	at org.junit.internal.runners.statements.RunBefores.evaluate(RunBefores.java:26)
	at org.junit.internal.runners.statements.RunAfters.evaluate(RunAfters.java:27)
	at org.junit.runners.ParentRunner$3.evaluate(ParentRunner.java:306)
	at org.junit.runners.BlockJUnit4ClassRunner$1.evaluate(BlockJUnit4ClassRunner.java:100)
	at org.junit.runners.ParentRunner.runLeaf(ParentRunner.java:366)
	at org.junit.runners.BlockJUnit4ClassRunner.runChild(BlockJUnit4ClassRunner.java:103)
	at org.junit.runners.BlockJUnit4ClassRunner.runChild(BlockJUnit4ClassRunner.java:63)
	at org.junit.runners.ParentRunner$4.run(ParentRunner.java:331)
	at org.junit.runners.ParentRunner$1.schedule(ParentRunner.java:79)
	at org.junit.runners.ParentRunner.runChildren(ParentRunner.java:329)
	at org.junit.runners.ParentRunner.access$100(ParentRunner.java:66)
	at org.junit.runners.ParentRunner$2.evaluate(ParentRunner.java:293)
	at org.junit.runners.ParentRunner$3.evaluate(ParentRunner.java:306)
	at org.junit.runners.ParentRunner.run(ParentRunner.java:413)
	at org.junit.runners.Suite.runChild(Suite.java:128)
	at org.junit.runners.Suite.runChild(Suite.java:27)
	at org.junit.runners.ParentRunner$4.run(ParentRunner.java:331)
	at org.junit.runners.ParentRunner$1.schedule(ParentRunner.java:79)
	at org.junit.runners.ParentRunner.runChildren(ParentRunner.java:329)
	at org.junit.runners.ParentRunner.access$100(ParentRunner.java:66)
	at org.junit.runners.ParentRunner$2.evaluate(ParentRunner.java:293)
	at org.junit.runners.ParentRunner$3.evaluate(ParentRunner.java:306)
	at org.junit.runners.ParentRunner.run(ParentRunner.java:413)
	at org.junit.runner.JUnitCore.run(JUnitCore.java:137)
	at org.junit.runner.JUnitCore.run(JUnitCore.java:115)
	at edu.illinois.cs.testrunner.execution.JUnitTestExecutor.execute(JUnitTestExecutor.java:259)
	at edu.illinois.cs.testrunner.execution.JUnitTestExecutor.executeWithJUnit4Runner(JUnitTestExecutor.java:327)
	at edu.illinois.cs.testrunner.execution.JUnitTestExecutor.runOrder(JUnitTestExecutor.java:49)
	at edu.illinois.cs.testrunner.execution.Executor$.$anonfun$run$1(Executor.scala:30)
	at scala.runtime.java8.JFunction0$mcV$sp.apply(JFunction0$mcV$sp.java:12)
	at scala.util.Try$.apply(Try.scala:209)
	at edu.illinois.cs.testrunner.execution.Executor$.run(Executor.scala:28)
	at edu.illinois.cs.testrunner.execution.Executor$.main(Executor.scala:18)
	at edu.illinois.cs.testrunner.execution.Executor.main(Executor.scala)
Caused by: java.lang.AssertionError: 
  Unexpected method call LogBackend.isLevelEnabled(DEBUG):
	at org.easymock.internal.MockInvocationHandler.invoke(MockInvocationHandler.java:44)
	at org.easymock.internal.ObjectMethodsFilter.invoke(ObjectMethodsFilter.java:94)
	at com.sun.proxy.$Proxy13.isLevelEnabled(Unknown Source)
	at com.j256.ormlite.logger.Logger.logIfEnabled(Logger.java:659)
	at com.j256.ormlite.logger.Logger.log(Logger.java:610)
	at com.j256.ormlite.dao.RuntimeExceptionDao.logMessage(RuntimeExceptionDao.java:981)
	at com.j256.ormlite.dao.RuntimeExceptionDao.delete(RuntimeExceptionDao.java:354)
	at com.j256.ormlite.dao.RuntimeExceptionDaoTest.testDeleteThrow(RuntimeExceptionDaoTest.java:610)
	at sun.reflect.NativeMethodAccessorImpl.invoke0(Native Method)
	at sun.reflect.NativeMethodAccessorImpl.invoke(NativeMethodAccessorImpl.java:62)
	at sun.reflect.DelegatingMethodAccessorImpl.invoke(DelegatingMethodAccessorImpl.java:43)
	at java.lang.reflect.Method.invoke(Method.java:498)
	at org.junit.runners.model.FrameworkMethod$1.runReflectiveCall(FrameworkMethod.java:59)
	at org.junit.internal.runners.model.ReflectiveCallable.run(ReflectiveCallable.java:12)
	at org.junit.runners.model.FrameworkMethod.invokeExplosively(FrameworkMethod.java:56)
	at org.junit.internal.runners.statements.InvokeMethod.evaluate(InvokeMethod.java:17)
	at org.junit.internal.runners.statements.ExpectException.evaluate(ExpectException.java:19)
	... 34 more
java.lang.Exception: Unexpected exception, expected<java.lang.RuntimeException> but was<java.lang.AssertionError>
	at org.junit.internal.runners.statements.ExpectException.evaluate(ExpectException.java:30)
	at org.junit.internal.runners.statements.RunBefores.evaluate(RunBefores.java:26)
	at org.junit.internal.runners.statements.RunAfters.evaluate(RunAfters.java:27)
	at org.junit.runners.ParentRunner$3.evaluate(ParentRunner.java:306)
	at org.junit.runners.BlockJUnit4ClassRunner$1.evaluate(BlockJUnit4ClassRunner.java:100)
	at org.junit.runners.ParentRunner.runLeaf(ParentRunner.java:366)
	at org.junit.runners.BlockJUnit4ClassRunner.runChild(BlockJUnit4ClassRunner.java:103)
	at org.junit.runners.BlockJUnit4ClassRunner.runChild(BlockJUnit4ClassRunner.java:63)
	at org.junit.runners.ParentRunner$4.run(ParentRunner.java:331)
	at org.junit.runners.ParentRunner$1.schedule(ParentRunner.java:79)
	at org.junit.runners.ParentRunner.runChildren(ParentRunner.java:329)
	at org.junit.runners.ParentRunner.access$100(ParentRunner.java:66)
	at org.junit.runners.ParentRunner$2.evaluate(ParentRunner.java:293)
	at org.junit.runners.ParentRunner$3.evaluate(ParentRunner.java:306)
	at org.junit.runners.ParentRunner.run(ParentRunner.java:413)
	at org.junit.runners.Suite.runChild(Suite.java:128)
	at org.junit.runners.Suite.runChild(Suite.java:27)
	at org.junit.runners.ParentRunner$4.run(ParentRunner.java:331)
	at org.junit.runners.ParentRunner$1.schedule(ParentRunner.java:79)
	at org.junit.runners.ParentRunner.runChildren(ParentRunner.java:329)
	at org.junit.runners.ParentRunner.access$100(ParentRunner.java:66)
	at org.junit.runners.ParentRunner$2.evaluate(ParentRunner.java:293)
	at org.junit.runners.ParentRunner$3.evaluate(ParentRunner.java:306)
	at org.junit.runners.ParentRunner.run(ParentRunner.java:413)
	at org.junit.runner.JUnitCore.run(JUnitCore.java:137)
	at org.junit.runner.JUnitCore.run(JUnitCore.java:115)
	at edu.illinois.cs.testrunner.execution.JUnitTestExecutor.execute(JUnitTestExecutor.java:259)
	at edu.illinois.cs.testrunner.execution.JUnitTestExecutor.executeWithJUnit4Runner(JUnitTestExecutor.java:327)
	at edu.illinois.cs.testrunner.execution.JUnitTestExecutor.runOrder(JUnitTestExecutor.java:49)
	at edu.illinois.cs.testrunner.execution.Executor$.$anonfun$run$1(Executor.scala:30)
	at scala.runtime.java8.JFunction0$mcV$sp.apply(JFunction0$mcV$sp.java:12)
	at scala.util.Try$.apply(Try.scala:209)
	at edu.illinois.cs.testrunner.execution.Executor$.run(Executor.scala:28)
	at edu.illinois.cs.testrunner.execution.Executor$.main(Executor.scala:18)
	at edu.illinois.cs.testrunner.execution.Executor.main(Executor.scala)
Caused by: java.lang.AssertionError: 
  Unexpected method call LogBackend.isLevelEnabled(DEBUG):
	at org.easymock.internal.MockInvocationHandler.invoke(MockInvocationHandler.java:44)
	at org.easymock.internal.ObjectMethodsFilter.invoke(ObjectMethodsFilter.java:94)
	at com.sun.proxy.$Proxy13.isLevelEnabled(Unknown Source)
	at com.j256.ormlite.logger.Logger.logIfEnabled(Logger.java:659)
	at com.j256.ormlite.logger.Logger.log(Logger.java:610)
	at com.j256.ormlite.dao.RuntimeExceptionDao.logMessage(RuntimeExceptionDao.java:981)
	at com.j256.ormlite.dao.RuntimeExceptionDao.rollBack(RuntimeExceptionDao.java:898)
	at com.j256.ormlite.dao.RuntimeExceptionDaoTest.testRollbackThrows(RuntimeExceptionDaoTest.java:1074)
	at sun.reflect.NativeMethodAccessorImpl.invoke0(Native Method)
	at sun.reflect.NativeMethodAccessorImpl.invoke(NativeMethodAccessorImpl.java:62)
	at sun.reflect.DelegatingMethodAccessorImpl.invoke(DelegatingMethodAccessorImpl.java:43)
	at java.lang.reflect.Method.invoke(Method.java:498)
	at org.junit.runners.model.FrameworkMethod$1.runReflectiveCall(FrameworkMethod.java:59)
	at org.junit.internal.runners.model.ReflectiveCallable.run(ReflectiveCallable.java:12)
	at org.junit.runners.model.FrameworkMethod.invokeExplosively(FrameworkMethod.java:56)
	at org.junit.internal.runners.statements.InvokeMethod.evaluate(InvokeMethod.java:17)
	at org.junit.internal.runners.statements.ExpectException.evaluate(ExpectException.java:19)
	... 34 more
java.lang.Exception: Unexpected exception, expected<java.lang.RuntimeException> but was<java.lang.AssertionError>
	at org.junit.internal.runners.statements.ExpectException.evaluate(ExpectException.java:30)
	at org.junit.internal.runners.statements.RunBefores.evaluate(RunBefores.java:26)
	at org.junit.internal.runners.statements.RunAfters.evaluate(RunAfters.java:27)
	at org.junit.runners.ParentRunner$3.evaluate(ParentRunner.java:306)
	at org.junit.runners.BlockJUnit4ClassRunner$1.evaluate(BlockJUnit4ClassRunner.java:100)
	at org.junit.runners.ParentRunner.runLeaf(ParentRunner.java:366)
	at org.junit.runners.BlockJUnit4ClassRunner.runChild(BlockJUnit4ClassRunner.java:103)
	at org.junit.runners.BlockJUnit4ClassRunner.runChild(BlockJUnit4ClassRunner.java:63)
	at org.junit.runners.ParentRunner$4.run(ParentRunner.java:331)
	at org.junit.runners.ParentRunner$1.schedule(ParentRunner.java:79)
	at org.junit.runners.ParentRunner.runChildren(ParentRunner.java:329)
	at org.junit.runners.ParentRunner.access$100(ParentRunner.java:66)
	at org.junit.runners.ParentRunner$2.evaluate(ParentRunner.java:293)
	at org.junit.runners.ParentRunner$3.evaluate(ParentRunner.java:306)
	at org.junit.runners.ParentRunner.run(ParentRunner.java:413)
	at org.junit.runners.Suite.runChild(Suite.java:128)
	at org.junit.runners.Suite.runChild(Suite.java:27)
	at org.junit.runners.ParentRunner$4.run(ParentRunner.java:331)
	at org.junit.runners.ParentRunner$1.schedule(ParentRunner.java:79)
	at org.junit.runners.ParentRunner.runChildren(ParentRunner.java:329)
	at org.junit.runners.ParentRunner.access$100(ParentRunner.java:66)
	at org.junit.runners.ParentRunner$2.evaluate(ParentRunner.java:293)
	at org.junit.runners.ParentRunner$3.evaluate(ParentRunner.java:306)
	at org.junit.runners.ParentRunner.run(ParentRunner.java:413)
	at org.junit.runner.JUnitCore.run(JUnitCore.java:137)
	at org.junit.runner.JUnitCore.run(JUnitCore.java:115)
	at edu.illinois.cs.testrunner.execution.JUnitTestExecutor.execute(JUnitTestExecutor.java:259)
	at edu.illinois.cs.testrunner.execution.JUnitTestExecutor.executeWithJUnit4Runner(JUnitTestExecutor.java:327)
	at edu.illinois.cs.testrunner.execution.JUnitTestExecutor.runOrder(JUnitTestExecutor.java:49)
	at edu.illinois.cs.testrunner.execution.Executor$.$anonfun$run$1(Executor.scala:30)
	at scala.runtime.java8.JFunction0$mcV$sp.apply(JFunction0$mcV$sp.java:12)
	at scala.util.Try$.apply(Try.scala:209)
	at edu.illinois.cs.testrunner.execution.Executor$.run(Executor.scala:28)
	at edu.illinois.cs.testrunner.execution.Executor$.main(Executor.scala:18)
	at edu.illinois.cs.testrunner.execution.Executor.main(Executor.scala)
Caused by: java.lang.AssertionError: 
  Unexpected method call LogBackend.isLevelEnabled(DEBUG):
	at org.easymock.internal.MockInvocationHandler.invoke(MockInvocationHandler.java:44)
	at org.easymock.internal.ObjectMethodsFilter.invoke(ObjectMethodsFilter.java:94)
	at com.sun.proxy.$Proxy13.isLevelEnabled(Unknown Source)
	at com.j256.ormlite.logger.Logger.logIfEnabled(Logger.java:659)
	at com.j256.ormlite.logger.Logger.log(Logger.java:610)
	at com.j256.ormlite.dao.RuntimeExceptionDao.logMessage(RuntimeExceptionDao.java:981)
	at com.j256.ormlite.dao.RuntimeExceptionDao.queryForFieldValuesArgs(RuntimeExceptionDao.java:187)
	at com.j256.ormlite.dao.RuntimeExceptionDaoTest.testQueryForFieldsValuesArgsThrow(RuntimeExceptionDaoTest.java:478)
	at sun.reflect.NativeMethodAccessorImpl.invoke0(Native Method)
	at sun.reflect.NativeMethodAccessorImpl.invoke(NativeMethodAccessorImpl.java:62)
	at sun.reflect.DelegatingMethodAccessorImpl.invoke(DelegatingMethodAccessorImpl.java:43)
	at java.lang.reflect.Method.invoke(Method.java:498)
	at org.junit.runners.model.FrameworkMethod$1.runReflectiveCall(FrameworkMethod.java:59)
	at org.junit.internal.runners.model.ReflectiveCallable.run(ReflectiveCallable.java:12)
	at org.junit.runners.model.FrameworkMethod.invokeExplosively(FrameworkMethod.java:56)
	at org.junit.internal.runners.statements.InvokeMethod.evaluate(InvokeMethod.java:17)
	at org.junit.internal.runners.statements.ExpectException.evaluate(ExpectException.java:19)
	... 34 more
java.lang.Exception: Unexpected exception, expected<java.lang.RuntimeException> but was<java.lang.AssertionError>
	at org.junit.internal.runners.statements.ExpectException.evaluate(ExpectException.java:30)
	at org.junit.internal.runners.statements.RunBefores.evaluate(RunBefores.java:26)
	at org.junit.internal.runners.statements.RunAfters.evaluate(RunAfters.java:27)
	at org.junit.runners.ParentRunner$3.evaluate(ParentRunner.java:306)
	at org.junit.runners.BlockJUnit4ClassRunner$1.evaluate(BlockJUnit4ClassRunner.java:100)
	at org.junit.runners.ParentRunner.runLeaf(ParentRunner.java:366)
	at org.junit.runners.BlockJUnit4ClassRunner.runChild(BlockJUnit4ClassRunner.java:103)
	at org.junit.runners.BlockJUnit4ClassRunner.runChild(BlockJUnit4ClassRunner.java:63)
	at org.junit.runners.ParentRunner$4.run(ParentRunner.java:331)
	at org.junit.runners.ParentRunner$1.schedule(ParentRunner.java:79)
	at org.junit.runners.ParentRunner.runChildren(ParentRunner.java:329)
	at org.junit.runners.ParentRunner.access$100(ParentRunner.java:66)
	at org.junit.runners.ParentRunner$2.evaluate(ParentRunner.java:293)
	at org.junit.runners.ParentRunner$3.evaluate(ParentRunner.java:306)
	at org.junit.runners.ParentRunner.run(ParentRunner.java:413)
	at org.junit.runners.Suite.runChild(Suite.java:128)
	at org.junit.runners.Suite.runChild(Suite.java:27)
	at org.junit.runners.ParentRunner$4.run(ParentRunner.java:331)
	at org.junit.runners.ParentRunner$1.schedule(ParentRunner.java:79)
	at org.junit.runners.ParentRunner.runChildren(ParentRunner.java:329)
	at org.junit.runners.ParentRunner.access$100(ParentRunner.java:66)
	at org.junit.runners.ParentRunner$2.evaluate(ParentRunner.java:293)
	at org.junit.runners.ParentRunner$3.evaluate(ParentRunner.java:306)
	at org.junit.runners.ParentRunner.run(ParentRunner.java:413)
	at org.junit.runner.JUnitCore.run(JUnitCore.java:137)
	at org.junit.runner.JUnitCore.run(JUnitCore.java:115)
	at edu.illinois.cs.testrunner.execution.JUnitTestExecutor.execute(JUnitTestExecutor.java:259)
	at edu.illinois.cs.testrunner.execution.JUnitTestExecutor.executeWithJUnit4Runner(JUnitTestExecutor.java:327)
	at edu.illinois.cs.testrunner.execution.JUnitTestExecutor.runOrder(JUnitTestExecutor.java:49)
	at edu.illinois.cs.testrunner.execution.Executor$.$anonfun$run$1(Executor.scala:30)
	at scala.runtime.java8.JFunction0$mcV$sp.apply(JFunction0$mcV$sp.java:12)
	at scala.util.Try$.apply(Try.scala:209)
	at edu.illinois.cs.testrunner.execution.Executor$.run(Executor.scala:28)
	at edu.illinois.cs.testrunner.execution.Executor$.main(Executor.scala:18)
	at edu.illinois.cs.testrunner.execution.Executor.main(Executor.scala)
Caused by: java.lang.AssertionError: 
  Unexpected method call LogBackend.isLevelEnabled(DEBUG):
	at org.easymock.internal.MockInvocationHandler.invoke(MockInvocationHandler.java:44)
	at org.easymock.internal.ObjectMethodsFilter.invoke(ObjectMethodsFilter.java:94)
	at com.sun.proxy.$Proxy13.isLevelEnabled(Unknown Source)
	at com.j256.ormlite.logger.Logger.logIfEnabled(Logger.java:659)
	at com.j256.ormlite.logger.Logger.log(Logger.java:610)
	at com.j256.ormlite.dao.RuntimeExceptionDao.logMessage(RuntimeExceptionDao.java:981)
	at com.j256.ormlite.dao.RuntimeExceptionDao.iterator(RuntimeExceptionDao.java:472)
	at com.j256.ormlite.dao.RuntimeExceptionDaoTest.testIteratorThrow(RuntimeExceptionDaoTest.java:677)
	at sun.reflect.NativeMethodAccessorImpl.invoke0(Native Method)
	at sun.reflect.NativeMethodAccessorImpl.invoke(NativeMethodAccessorImpl.java:62)
	at sun.reflect.DelegatingMethodAccessorImpl.invoke(DelegatingMethodAccessorImpl.java:43)
	at java.lang.reflect.Method.invoke(Method.java:498)
	at org.junit.runners.model.FrameworkMethod$1.runReflectiveCall(FrameworkMethod.java:59)
	at org.junit.internal.runners.model.ReflectiveCallable.run(ReflectiveCallable.java:12)
	at org.junit.runners.model.FrameworkMethod.invokeExplosively(FrameworkMethod.java:56)
	at org.junit.internal.runners.statements.InvokeMethod.evaluate(InvokeMethod.java:17)
	at org.junit.internal.runners.statements.ExpectException.evaluate(ExpectException.java:19)
	... 34 more
java.lang.Exception: Unexpected exception, expected<java.lang.RuntimeException> but was<java.lang.AssertionError>
	at org.junit.internal.runners.statements.ExpectException.evaluate(ExpectException.java:30)
	at org.junit.internal.runners.statements.RunBefores.evaluate(RunBefores.java:26)
	at org.junit.internal.runners.statements.RunAfters.evaluate(RunAfters.java:27)
	at org.junit.runners.ParentRunner$3.evaluate(ParentRunner.java:306)
	at org.junit.runners.BlockJUnit4ClassRunner$1.evaluate(BlockJUnit4ClassRunner.java:100)
	at org.junit.runners.ParentRunner.runLeaf(ParentRunner.java:366)
	at org.junit.runners.BlockJUnit4ClassRunner.runChild(BlockJUnit4ClassRunner.java:103)
	at org.junit.runners.BlockJUnit4ClassRunner.runChild(BlockJUnit4ClassRunner.java:63)
	at org.junit.runners.ParentRunner$4.run(ParentRunner.java:331)
	at org.junit.runners.ParentRunner$1.schedule(ParentRunner.java:79)
	at org.junit.runners.ParentRunner.runChildren(ParentRunner.java:329)
	at org.junit.runners.ParentRunner.access$100(ParentRunner.java:66)
	at org.junit.runners.ParentRunner$2.evaluate(ParentRunner.java:293)
	at org.junit.runners.ParentRunner$3.evaluate(ParentRunner.java:306)
	at org.junit.runners.ParentRunner.run(ParentRunner.java:413)
	at org.junit.runners.Suite.runChild(Suite.java:128)
	at org.junit.runners.Suite.runChild(Suite.java:27)
	at org.junit.runners.ParentRunner$4.run(ParentRunner.java:331)
	at org.junit.runners.ParentRunner$1.schedule(ParentRunner.java:79)
	at org.junit.runners.ParentRunner.runChildren(ParentRunner.java:329)
	at org.junit.runners.ParentRunner.access$100(ParentRunner.java:66)
	at org.junit.runners.ParentRunner$2.evaluate(ParentRunner.java:293)
	at org.junit.runners.ParentRunner$3.evaluate(ParentRunner.java:306)
	at org.junit.runners.ParentRunner.run(ParentRunner.java:413)
	at org.junit.runner.JUnitCore.run(JUnitCore.java:137)
	at org.junit.runner.JUnitCore.run(JUnitCore.java:115)
	at edu.illinois.cs.testrunner.execution.JUnitTestExecutor.execute(JUnitTestExecutor.java:259)
	at edu.illinois.cs.testrunner.execution.JUnitTestExecutor.executeWithJUnit4Runner(JUnitTestExecutor.java:327)
	at edu.illinois.cs.testrunner.execution.JUnitTestExecutor.runOrder(JUnitTestExecutor.java:49)
	at edu.illinois.cs.testrunner.execution.Executor$.$anonfun$run$1(Executor.scala:30)
	at scala.runtime.java8.JFunction0$mcV$sp.apply(JFunction0$mcV$sp.java:12)
	at scala.util.Try$.apply(Try.scala:209)
	at edu.illinois.cs.testrunner.execution.Executor$.run(Executor.scala:28)
	at edu.illinois.cs.testrunner.execution.Executor$.main(Executor.scala:18)
	at edu.illinois.cs.testrunner.execution.Executor.main(Executor.scala)
Caused by: java.lang.AssertionError: 
  Unexpected method call LogBackend.isLevelEnabled(DEBUG):
	at org.easymock.internal.MockInvocationHandler.invoke(MockInvocationHandler.java:44)
	at org.easymock.internal.ObjectMethodsFilter.invoke(ObjectMethodsFilter.java:94)
	at com.sun.proxy.$Proxy13.isLevelEnabled(Unknown Source)
	at com.j256.ormlite.logger.Logger.logIfEnabled(Logger.java:659)
	at com.j256.ormlite.logger.Logger.log(Logger.java:610)
	at com.j256.ormlite.dao.RuntimeExceptionDao.logMessage(RuntimeExceptionDao.java:981)
	at com.j256.ormlite.dao.RuntimeExceptionDao.queryRaw(RuntimeExceptionDao.java:498)
	at com.j256.ormlite.dao.RuntimeExceptionDaoTest.testQueryRawThrow(RuntimeExceptionDaoTest.java:721)
	at sun.reflect.NativeMethodAccessorImpl.invoke0(Native Method)
	at sun.reflect.NativeMethodAccessorImpl.invoke(NativeMethodAccessorImpl.java:62)
	at sun.reflect.DelegatingMethodAccessorImpl.invoke(DelegatingMethodAccessorImpl.java:43)
	at java.lang.reflect.Method.invoke(Method.java:498)
	at org.junit.runners.model.FrameworkMethod$1.runReflectiveCall(FrameworkMethod.java:59)
	at org.junit.internal.runners.model.ReflectiveCallable.run(ReflectiveCallable.java:12)
	at org.junit.runners.model.FrameworkMethod.invokeExplosively(FrameworkMethod.java:56)
	at org.junit.internal.runners.statements.InvokeMethod.evaluate(InvokeMethod.java:17)
	at org.junit.internal.runners.statements.ExpectException.evaluate(ExpectException.java:19)
	... 34 more
java.lang.Exception: Unexpected exception, expected<java.lang.RuntimeException> but was<java.lang.AssertionError>
	at org.junit.internal.runners.statements.ExpectException.evaluate(ExpectException.java:30)
	at org.junit.internal.runners.statements.RunBefores.evaluate(RunBefores.java:26)
	at org.junit.internal.runners.statements.RunAfters.evaluate(RunAfters.java:27)
	at org.junit.runners.ParentRunner$3.evaluate(ParentRunner.java:306)
	at org.junit.runners.BlockJUnit4ClassRunner$1.evaluate(BlockJUnit4ClassRunner.java:100)
	at org.junit.runners.ParentRunner.runLeaf(ParentRunner.java:366)
	at org.junit.runners.BlockJUnit4ClassRunner.runChild(BlockJUnit4ClassRunner.java:103)
	at org.junit.runners.BlockJUnit4ClassRunner.runChild(BlockJUnit4ClassRunner.java:63)
	at org.junit.runners.ParentRunner$4.run(ParentRunner.java:331)
	at org.junit.runners.ParentRunner$1.schedule(ParentRunner.java:79)
	at org.junit.runners.ParentRunner.runChildren(ParentRunner.java:329)
	at org.junit.runners.ParentRunner.access$100(ParentRunner.java:66)
	at org.junit.runners.ParentRunner$2.evaluate(ParentRunner.java:293)
	at org.junit.runners.ParentRunner$3.evaluate(ParentRunner.java:306)
	at org.junit.runners.ParentRunner.run(ParentRunner.java:413)
	at org.junit.runners.Suite.runChild(Suite.java:128)
	at org.junit.runners.Suite.runChild(Suite.java:27)
	at org.junit.runners.ParentRunner$4.run(ParentRunner.java:331)
	at org.junit.runners.ParentRunner$1.schedule(ParentRunner.java:79)
	at org.junit.runners.ParentRunner.runChildren(ParentRunner.java:329)
	at org.junit.runners.ParentRunner.access$100(ParentRunner.java:66)
	at org.junit.runners.ParentRunner$2.evaluate(ParentRunner.java:293)
	at org.junit.runners.ParentRunner$3.evaluate(ParentRunner.java:306)
	at org.junit.runners.ParentRunner.run(ParentRunner.java:413)
	at org.junit.runner.JUnitCore.run(JUnitCore.java:137)
	at org.junit.runner.JUnitCore.run(JUnitCore.java:115)
	at edu.illinois.cs.testrunner.execution.JUnitTestExecutor.execute(JUnitTestExecutor.java:259)
	at edu.illinois.cs.testrunner.execution.JUnitTestExecutor.executeWithJUnit4Runner(JUnitTestExecutor.java:327)
	at edu.illinois.cs.testrunner.execution.JUnitTestExecutor.runOrder(JUnitTestExecutor.java:49)
	at edu.illinois.cs.testrunner.execution.Executor$.$anonfun$run$1(Executor.scala:30)
	at scala.runtime.java8.JFunction0$mcV$sp.apply(JFunction0$mcV$sp.java:12)
	at scala.util.Try$.apply(Try.scala:209)
	at edu.illinois.cs.testrunner.execution.Executor$.run(Executor.scala:28)
	at edu.illinois.cs.testrunner.execution.Executor$.main(Executor.scala:18)
	at edu.illinois.cs.testrunner.execution.Executor.main(Executor.scala)
Caused by: java.lang.AssertionError: 
  Unexpected method call LogBackend.isLevelEnabled(DEBUG):
	at org.easymock.internal.MockInvocationHandler.invoke(MockInvocationHandler.java:44)
	at org.easymock.internal.ObjectMethodsFilter.invoke(ObjectMethodsFilter.java:94)
	at com.sun.proxy.$Proxy13.isLevelEnabled(Unknown Source)
	at com.j256.ormlite.logger.Logger.logIfEnabled(Logger.java:659)
	at com.j256.ormlite.logger.Logger.log(Logger.java:610)
	at com.j256.ormlite.dao.RuntimeExceptionDao.logMessage(RuntimeExceptionDao.java:981)
	at com.j256.ormlite.dao.RuntimeExceptionDao.queryForMatching(RuntimeExceptionDao.java:148)
	at com.j256.ormlite.dao.RuntimeExceptionDaoTest.testQueryForMatchingThrow(RuntimeExceptionDaoTest.java:445)
	at sun.reflect.NativeMethodAccessorImpl.invoke0(Native Method)
	at sun.reflect.NativeMethodAccessorImpl.invoke(NativeMethodAccessorImpl.java:62)
	at sun.reflect.DelegatingMethodAccessorImpl.invoke(DelegatingMethodAccessorImpl.java:43)
	at java.lang.reflect.Method.invoke(Method.java:498)
	at org.junit.runners.model.FrameworkMethod$1.runReflectiveCall(FrameworkMethod.java:59)
	at org.junit.internal.runners.model.ReflectiveCallable.run(ReflectiveCallable.java:12)
	at org.junit.runners.model.FrameworkMethod.invokeExplosively(FrameworkMethod.java:56)
	at org.junit.internal.runners.statements.InvokeMethod.evaluate(InvokeMethod.java:17)
	at org.junit.internal.runners.statements.ExpectException.evaluate(ExpectException.java:19)
	... 34 more
java.lang.Exception: Unexpected exception, expected<java.lang.RuntimeException> but was<java.lang.AssertionError>
	at org.junit.internal.runners.statements.ExpectException.evaluate(ExpectException.java:30)
	at org.junit.internal.runners.statements.RunBefores.evaluate(RunBefores.java:26)
	at org.junit.internal.runners.statements.RunAfters.evaluate(RunAfters.java:27)
	at org.junit.runners.ParentRunner$3.evaluate(ParentRunner.java:306)
	at org.junit.runners.BlockJUnit4ClassRunner$1.evaluate(BlockJUnit4ClassRunner.java:100)
	at org.junit.runners.ParentRunner.runLeaf(ParentRunner.java:366)
	at org.junit.runners.BlockJUnit4ClassRunner.runChild(BlockJUnit4ClassRunner.java:103)
	at org.junit.runners.BlockJUnit4ClassRunner.runChild(BlockJUnit4ClassRunner.java:63)
	at org.junit.runners.ParentRunner$4.run(ParentRunner.java:331)
	at org.junit.runners.ParentRunner$1.schedule(ParentRunner.java:79)
	at org.junit.runners.ParentRunner.runChildren(ParentRunner.java:329)
	at org.junit.runners.ParentRunner.access$100(ParentRunner.java:66)
	at org.junit.runners.ParentRunner$2.evaluate(ParentRunner.java:293)
	at org.junit.runners.ParentRunner$3.evaluate(ParentRunner.java:306)
	at org.junit.runners.ParentRunner.run(ParentRunner.java:413)
	at org.junit.runners.Suite.runChild(Suite.java:128)
	at org.junit.runners.Suite.runChild(Suite.java:27)
	at org.junit.runners.ParentRunner$4.run(ParentRunner.java:331)
	at org.junit.runners.ParentRunner$1.schedule(ParentRunner.java:79)
	at org.junit.runners.ParentRunner.runChildren(ParentRunner.java:329)
	at org.junit.runners.ParentRunner.access$100(ParentRunner.java:66)
	at org.junit.runners.ParentRunner$2.evaluate(ParentRunner.java:293)
	at org.junit.runners.ParentRunner$3.evaluate(ParentRunner.java:306)
	at org.junit.runners.ParentRunner.run(ParentRunner.java:413)
	at org.junit.runner.JUnitCore.run(JUnitCore.java:137)
	at org.junit.runner.JUnitCore.run(JUnitCore.java:115)
	at edu.illinois.cs.testrunner.execution.JUnitTestExecutor.execute(JUnitTestExecutor.java:259)
	at edu.illinois.cs.testrunner.execution.JUnitTestExecutor.executeWithJUnit4Runner(JUnitTestExecutor.java:327)
	at edu.illinois.cs.testrunner.execution.JUnitTestExecutor.runOrder(JUnitTestExecutor.java:49)
	at edu.illinois.cs.testrunner.execution.Executor$.$anonfun$run$1(Executor.scala:30)
	at scala.runtime.java8.JFunction0$mcV$sp.apply(JFunction0$mcV$sp.java:12)
	at scala.util.Try$.apply(Try.scala:209)
	at edu.illinois.cs.testrunner.execution.Executor$.run(Executor.scala:28)
	at edu.illinois.cs.testrunner.execution.Executor$.main(Executor.scala:18)
	at edu.illinois.cs.testrunner.execution.Executor.main(Executor.scala)
Caused by: java.lang.AssertionError: 
  Unexpected method call LogBackend.isLevelEnabled(DEBUG):
	at org.easymock.internal.MockInvocationHandler.invoke(MockInvocationHandler.java:44)
	at org.easymock.internal.ObjectMethodsFilter.invoke(ObjectMethodsFilter.java:94)
	at com.sun.proxy.$Proxy13.isLevelEnabled(Unknown Source)
	at com.j256.ormlite.logger.Logger.logIfEnabled(Logger.java:659)
	at com.j256.ormlite.logger.Logger.log(Logger.java:610)
	at com.j256.ormlite.dao.RuntimeExceptionDao.logMessage(RuntimeExceptionDao.java:981)
	at com.j256.ormlite.dao.RuntimeExceptionDao.getEmptyForeignCollection(RuntimeExceptionDao.java:739)
	at com.j256.ormlite.dao.RuntimeExceptionDaoTest.testGetEmptyForeignCollectionThrow(RuntimeExceptionDaoTest.java:969)
	at sun.reflect.NativeMethodAccessorImpl.invoke0(Native Method)
	at sun.reflect.NativeMethodAccessorImpl.invoke(NativeMethodAccessorImpl.java:62)
	at sun.reflect.DelegatingMethodAccessorImpl.invoke(DelegatingMethodAccessorImpl.java:43)
	at java.lang.reflect.Method.invoke(Method.java:498)
	at org.junit.runners.model.FrameworkMethod$1.runReflectiveCall(FrameworkMethod.java:59)
	at org.junit.internal.runners.model.ReflectiveCallable.run(ReflectiveCallable.java:12)
	at org.junit.runners.model.FrameworkMethod.invokeExplosively(FrameworkMethod.java:56)
	at org.junit.internal.runners.statements.InvokeMethod.evaluate(InvokeMethod.java:17)
	at org.junit.internal.runners.statements.ExpectException.evaluate(ExpectException.java:19)
	... 34 more
java.lang.Exception: Unexpected exception, expected<java.lang.RuntimeException> but was<java.lang.AssertionError>
	at org.junit.internal.runners.statements.ExpectException.evaluate(ExpectException.java:30)
	at org.junit.internal.runners.statements.RunBefores.evaluate(RunBefores.java:26)
	at org.junit.internal.runners.statements.RunAfters.evaluate(RunAfters.java:27)
	at org.junit.runners.ParentRunner$3.evaluate(ParentRunner.java:306)
	at org.junit.runners.BlockJUnit4ClassRunner$1.evaluate(BlockJUnit4ClassRunner.java:100)
	at org.junit.runners.ParentRunner.runLeaf(ParentRunner.java:366)
	at org.junit.runners.BlockJUnit4ClassRunner.runChild(BlockJUnit4ClassRunner.java:103)
	at org.junit.runners.BlockJUnit4ClassRunner.runChild(BlockJUnit4ClassRunner.java:63)
	at org.junit.runners.ParentRunner$4.run(ParentRunner.java:331)
	at org.junit.runners.ParentRunner$1.schedule(ParentRunner.java:79)
	at org.junit.runners.ParentRunner.runChildren(ParentRunner.java:329)
	at org.junit.runners.ParentRunner.access$100(ParentRunner.java:66)
	at org.junit.runners.ParentRunner$2.evaluate(ParentRunner.java:293)
	at org.junit.runners.ParentRunner$3.evaluate(ParentRunner.java:306)
	at org.junit.runners.ParentRunner.run(ParentRunner.java:413)
	at org.junit.runners.Suite.runChild(Suite.java:128)
	at org.junit.runners.Suite.runChild(Suite.java:27)
	at org.junit.runners.ParentRunner$4.run(ParentRunner.java:331)
	at org.junit.runners.ParentRunner$1.schedule(ParentRunner.java:79)
	at org.junit.runners.ParentRunner.runChildren(ParentRunner.java:329)
	at org.junit.runners.ParentRunner.access$100(ParentRunner.java:66)
	at org.junit.runners.ParentRunner$2.evaluate(ParentRunner.java:293)
	at org.junit.runners.ParentRunner$3.evaluate(ParentRunner.java:306)
	at org.junit.runners.ParentRunner.run(ParentRunner.java:413)
	at org.junit.runner.JUnitCore.run(JUnitCore.java:137)
	at org.junit.runner.JUnitCore.run(JUnitCore.java:115)
	at edu.illinois.cs.testrunner.execution.JUnitTestExecutor.execute(JUnitTestExecutor.java:259)
	at edu.illinois.cs.testrunner.execution.JUnitTestExecutor.executeWithJUnit4Runner(JUnitTestExecutor.java:327)
	at edu.illinois.cs.testrunner.execution.JUnitTestExecutor.runOrder(JUnitTestExecutor.java:49)
	at edu.illinois.cs.testrunner.execution.Executor$.$anonfun$run$1(Executor.scala:30)
	at scala.runtime.java8.JFunction0$mcV$sp.apply(JFunction0$mcV$sp.java:12)
	at scala.util.Try$.apply(Try.scala:209)
	at edu.illinois.cs.testrunner.execution.Executor$.run(Executor.scala:28)
	at edu.illinois.cs.testrunner.execution.Executor$.main(Executor.scala:18)
	at edu.illinois.cs.testrunner.execution.Executor.main(Executor.scala)
Caused by: java.lang.AssertionError: 
  Unexpected method call LogBackend.isLevelEnabled(DEBUG):
	at org.easymock.internal.MockInvocationHandler.invoke(MockInvocationHandler.java:44)
	at org.easymock.internal.ObjectMethodsFilter.invoke(ObjectMethodsFilter.java:94)
	at com.sun.proxy.$Proxy13.isLevelEnabled(Unknown Source)
	at com.j256.ormlite.logger.Logger.logIfEnabled(Logger.java:659)
	at com.j256.ormlite.logger.Logger.log(Logger.java:610)
	at com.j256.ormlite.dao.RuntimeExceptionDao.logMessage(RuntimeExceptionDao.java:981)
	at com.j256.ormlite.dao.RuntimeExceptionDao.startThreadConnection(RuntimeExceptionDao.java:833)
	at com.j256.ormlite.dao.RuntimeExceptionDaoTest.testStartThreadConnectionThrows(RuntimeExceptionDaoTest.java:1015)
	at sun.reflect.NativeMethodAccessorImpl.invoke0(Native Method)
	at sun.reflect.NativeMethodAccessorImpl.invoke(NativeMethodAccessorImpl.java:62)
	at sun.reflect.DelegatingMethodAccessorImpl.invoke(DelegatingMethodAccessorImpl.java:43)
	at java.lang.reflect.Method.invoke(Method.java:498)
	at org.junit.runners.model.FrameworkMethod$1.runReflectiveCall(FrameworkMethod.java:59)
	at org.junit.internal.runners.model.ReflectiveCallable.run(ReflectiveCallable.java:12)
	at org.junit.runners.model.FrameworkMethod.invokeExplosively(FrameworkMethod.java:56)
	at org.junit.internal.runners.statements.InvokeMethod.evaluate(InvokeMethod.java:17)
	at org.junit.internal.runners.statements.ExpectException.evaluate(ExpectException.java:19)
	... 34 more
java.lang.Exception: Unexpected exception, expected<java.lang.RuntimeException> but was<java.lang.AssertionError>
	at org.junit.internal.runners.statements.ExpectException.evaluate(ExpectException.java:30)
	at org.junit.internal.runners.statements.RunBefores.evaluate(RunBefores.java:26)
	at org.junit.internal.runners.statements.RunAfters.evaluate(RunAfters.java:27)
	at org.junit.runners.ParentRunner$3.evaluate(ParentRunner.java:306)
	at org.junit.runners.BlockJUnit4ClassRunner$1.evaluate(BlockJUnit4ClassRunner.java:100)
	at org.junit.runners.ParentRunner.runLeaf(ParentRunner.java:366)
	at org.junit.runners.BlockJUnit4ClassRunner.runChild(BlockJUnit4ClassRunner.java:103)
	at org.junit.runners.BlockJUnit4ClassRunner.runChild(BlockJUnit4ClassRunner.java:63)
	at org.junit.runners.ParentRunner$4.run(ParentRunner.java:331)
	at org.junit.runners.ParentRunner$1.schedule(ParentRunner.java:79)
	at org.junit.runners.ParentRunner.runChildren(ParentRunner.java:329)
	at org.junit.runners.ParentRunner.access$100(ParentRunner.java:66)
	at org.junit.runners.ParentRunner$2.evaluate(ParentRunner.java:293)
	at org.junit.runners.ParentRunner$3.evaluate(ParentRunner.java:306)
	at org.junit.runners.ParentRunner.run(ParentRunner.java:413)
	at org.junit.runners.Suite.runChild(Suite.java:128)
	at org.junit.runners.Suite.runChild(Suite.java:27)
	at org.junit.runners.ParentRunner$4.run(ParentRunner.java:331)
	at org.junit.runners.ParentRunner$1.schedule(ParentRunner.java:79)
	at org.junit.runners.ParentRunner.runChildren(ParentRunner.java:329)
	at org.junit.runners.ParentRunner.access$100(ParentRunner.java:66)
	at org.junit.runners.ParentRunner$2.evaluate(ParentRunner.java:293)
	at org.junit.runners.ParentRunner$3.evaluate(ParentRunner.java:306)
	at org.junit.runners.ParentRunner.run(ParentRunner.java:413)
	at org.junit.runner.JUnitCore.run(JUnitCore.java:137)
	at org.junit.runner.JUnitCore.run(JUnitCore.java:115)
	at edu.illinois.cs.testrunner.execution.JUnitTestExecutor.execute(JUnitTestExecutor.java:259)
	at edu.illinois.cs.testrunner.execution.JUnitTestExecutor.executeWithJUnit4Runner(JUnitTestExecutor.java:327)
	at edu.illinois.cs.testrunner.execution.JUnitTestExecutor.runOrder(JUnitTestExecutor.java:49)
	at edu.illinois.cs.testrunner.execution.Executor$.$anonfun$run$1(Executor.scala:30)
	at scala.runtime.java8.JFunction0$mcV$sp.apply(JFunction0$mcV$sp.java:12)
	at scala.util.Try$.apply(Try.scala:209)
	at edu.illinois.cs.testrunner.execution.Executor$.run(Executor.scala:28)
	at edu.illinois.cs.testrunner.execution.Executor$.main(Executor.scala:18)
	at edu.illinois.cs.testrunner.execution.Executor.main(Executor.scala)
Caused by: java.lang.AssertionError: 
  Unexpected method call LogBackend.isLevelEnabled(DEBUG):
	at org.easymock.internal.MockInvocationHandler.invoke(MockInvocationHandler.java:44)
	at org.easymock.internal.ObjectMethodsFilter.invoke(ObjectMethodsFilter.java:94)
	at com.sun.proxy.$Proxy13.isLevelEnabled(Unknown Source)
	at com.j256.ormlite.logger.Logger.logIfEnabled(Logger.java:659)
	at com.j256.ormlite.logger.Logger.log(Logger.java:610)
	at com.j256.ormlite.dao.RuntimeExceptionDao.logMessage(RuntimeExceptionDao.java:981)
	at com.j256.ormlite.dao.RuntimeExceptionDao.getSelectStarRowMapper(RuntimeExceptionDao.java:807)
	at com.j256.ormlite.dao.RuntimeExceptionDaoTest.testGetSelectStarRowMapperThrow(RuntimeExceptionDaoTest.java:992)
	at sun.reflect.NativeMethodAccessorImpl.invoke0(Native Method)
	at sun.reflect.NativeMethodAccessorImpl.invoke(NativeMethodAccessorImpl.java:62)
	at sun.reflect.DelegatingMethodAccessorImpl.invoke(DelegatingMethodAccessorImpl.java:43)
	at java.lang.reflect.Method.invoke(Method.java:498)
	at org.junit.runners.model.FrameworkMethod$1.runReflectiveCall(FrameworkMethod.java:59)
	at org.junit.internal.runners.model.ReflectiveCallable.run(ReflectiveCallable.java:12)
	at org.junit.runners.model.FrameworkMethod.invokeExplosively(FrameworkMethod.java:56)
	at org.junit.internal.runners.statements.InvokeMethod.evaluate(InvokeMethod.java:17)
	at org.junit.internal.runners.statements.ExpectException.evaluate(ExpectException.java:19)
	... 34 more
java.lang.Exception: Unexpected exception, expected<java.lang.RuntimeException> but was<java.lang.AssertionError>
	at org.junit.internal.runners.statements.ExpectException.evaluate(ExpectException.java:30)
	at org.junit.internal.runners.statements.RunBefores.evaluate(RunBefores.java:26)
	at org.junit.internal.runners.statements.RunAfters.evaluate(RunAfters.java:27)
	at org.junit.runners.ParentRunner$3.evaluate(ParentRunner.java:306)
	at org.junit.runners.BlockJUnit4ClassRunner$1.evaluate(BlockJUnit4ClassRunner.java:100)
	at org.junit.runners.ParentRunner.runLeaf(ParentRunner.java:366)
	at org.junit.runners.BlockJUnit4ClassRunner.runChild(BlockJUnit4ClassRunner.java:103)
	at org.junit.runners.BlockJUnit4ClassRunner.runChild(BlockJUnit4ClassRunner.java:63)
	at org.junit.runners.ParentRunner$4.run(ParentRunner.java:331)
	at org.junit.runners.ParentRunner$1.schedule(ParentRunner.java:79)
	at org.junit.runners.ParentRunner.runChildren(ParentRunner.java:329)
	at org.junit.runners.ParentRunner.access$100(ParentRunner.java:66)
	at org.junit.runners.ParentRunner$2.evaluate(ParentRunner.java:293)
	at org.junit.runners.ParentRunner$3.evaluate(ParentRunner.java:306)
	at org.junit.runners.ParentRunner.run(ParentRunner.java:413)
	at org.junit.runners.Suite.runChild(Suite.java:128)
	at org.junit.runners.Suite.runChild(Suite.java:27)
	at org.junit.runners.ParentRunner$4.run(ParentRunner.java:331)
	at org.junit.runners.ParentRunner$1.schedule(ParentRunner.java:79)
	at org.junit.runners.ParentRunner.runChildren(ParentRunner.java:329)
	at org.junit.runners.ParentRunner.access$100(ParentRunner.java:66)
	at org.junit.runners.ParentRunner$2.evaluate(ParentRunner.java:293)
	at org.junit.runners.ParentRunner$3.evaluate(ParentRunner.java:306)
	at org.junit.runners.ParentRunner.run(ParentRunner.java:413)
	at org.junit.runner.JUnitCore.run(JUnitCore.java:137)
	at org.junit.runner.JUnitCore.run(JUnitCore.java:115)
	at edu.illinois.cs.testrunner.execution.JUnitTestExecutor.execute(JUnitTestExecutor.java:259)
	at edu.illinois.cs.testrunner.execution.JUnitTestExecutor.executeWithJUnit4Runner(JUnitTestExecutor.java:327)
	at edu.illinois.cs.testrunner.execution.JUnitTestExecutor.runOrder(JUnitTestExecutor.java:49)
	at edu.illinois.cs.testrunner.execution.Executor$.$anonfun$run$1(Executor.scala:30)
	at scala.runtime.java8.JFunction0$mcV$sp.apply(JFunction0$mcV$sp.java:12)
	at scala.util.Try$.apply(Try.scala:209)
	at edu.illinois.cs.testrunner.execution.Executor$.run(Executor.scala:28)
	at edu.illinois.cs.testrunner.execution.Executor$.main(Executor.scala:18)
	at edu.illinois.cs.testrunner.execution.Executor.main(Executor.scala)
Caused by: java.lang.AssertionError: 
  Unexpected method call LogBackend.isLevelEnabled(DEBUG):
	at org.easymock.internal.MockInvocationHandler.invoke(MockInvocationHandler.java:44)
	at org.easymock.internal.ObjectMethodsFilter.invoke(ObjectMethodsFilter.java:94)
	at com.sun.proxy.$Proxy13.isLevelEnabled(Unknown Source)
	at com.j256.ormlite.logger.Logger.logIfEnabled(Logger.java:659)
	at com.j256.ormlite.logger.Logger.log(Logger.java:610)
	at com.j256.ormlite.dao.RuntimeExceptionDao.logMessage(RuntimeExceptionDao.java:981)
	at com.j256.ormlite.dao.RuntimeExceptionDao.updateRaw(RuntimeExceptionDao.java:603)
	at com.j256.ormlite.dao.RuntimeExceptionDaoTest.testUpdateRawThrow(RuntimeExceptionDaoTest.java:890)
	at sun.reflect.NativeMethodAccessorImpl.invoke0(Native Method)
	at sun.reflect.NativeMethodAccessorImpl.invoke(NativeMethodAccessorImpl.java:62)
	at sun.reflect.DelegatingMethodAccessorImpl.invoke(DelegatingMethodAccessorImpl.java:43)
	at java.lang.reflect.Method.invoke(Method.java:498)
	at org.junit.runners.model.FrameworkMethod$1.runReflectiveCall(FrameworkMethod.java:59)
	at org.junit.internal.runners.model.ReflectiveCallable.run(ReflectiveCallable.java:12)
	at org.junit.runners.model.FrameworkMethod.invokeExplosively(FrameworkMethod.java:56)
	at org.junit.internal.runners.statements.InvokeMethod.evaluate(InvokeMethod.java:17)
	at org.junit.internal.runners.statements.ExpectException.evaluate(ExpectException.java:19)
	... 34 more
java.lang.Exception: Unexpected exception, expected<java.lang.RuntimeException> but was<java.lang.AssertionError>
	at org.junit.internal.runners.statements.ExpectException.evaluate(ExpectException.java:30)
	at org.junit.internal.runners.statements.RunBefores.evaluate(RunBefores.java:26)
	at org.junit.internal.runners.statements.RunAfters.evaluate(RunAfters.java:27)
	at org.junit.runners.ParentRunner$3.evaluate(ParentRunner.java:306)
	at org.junit.runners.BlockJUnit4ClassRunner$1.evaluate(BlockJUnit4ClassRunner.java:100)
	at org.junit.runners.ParentRunner.runLeaf(ParentRunner.java:366)
	at org.junit.runners.BlockJUnit4ClassRunner.runChild(BlockJUnit4ClassRunner.java:103)
	at org.junit.runners.BlockJUnit4ClassRunner.runChild(BlockJUnit4ClassRunner.java:63)
	at org.junit.runners.ParentRunner$4.run(ParentRunner.java:331)
	at org.junit.runners.ParentRunner$1.schedule(ParentRunner.java:79)
	at org.junit.runners.ParentRunner.runChildren(ParentRunner.java:329)
	at org.junit.runners.ParentRunner.access$100(ParentRunner.java:66)
	at org.junit.runners.ParentRunner$2.evaluate(ParentRunner.java:293)
	at org.junit.runners.ParentRunner$3.evaluate(ParentRunner.java:306)
	at org.junit.runners.ParentRunner.run(ParentRunner.java:413)
	at org.junit.runners.Suite.runChild(Suite.java:128)
	at org.junit.runners.Suite.runChild(Suite.java:27)
	at org.junit.runners.ParentRunner$4.run(ParentRunner.java:331)
	at org.junit.runners.ParentRunner$1.schedule(ParentRunner.java:79)
	at org.junit.runners.ParentRunner.runChildren(ParentRunner.java:329)
	at org.junit.runners.ParentRunner.access$100(ParentRunner.java:66)
	at org.junit.runners.ParentRunner$2.evaluate(ParentRunner.java:293)
	at org.junit.runners.ParentRunner$3.evaluate(ParentRunner.java:306)
	at org.junit.runners.ParentRunner.run(ParentRunner.java:413)
	at org.junit.runner.JUnitCore.run(JUnitCore.java:137)
	at org.junit.runner.JUnitCore.run(JUnitCore.java:115)
	at edu.illinois.cs.testrunner.execution.JUnitTestExecutor.execute(JUnitTestExecutor.java:259)
	at edu.illinois.cs.testrunner.execution.JUnitTestExecutor.executeWithJUnit4Runner(JUnitTestExecutor.java:327)
	at edu.illinois.cs.testrunner.execution.JUnitTestExecutor.runOrder(JUnitTestExecutor.java:49)
	at edu.illinois.cs.testrunner.execution.Executor$.$anonfun$run$1(Executor.scala:30)
	at scala.runtime.java8.JFunction0$mcV$sp.apply(JFunction0$mcV$sp.java:12)
	at scala.util.Try$.apply(Try.scala:209)
	at edu.illinois.cs.testrunner.execution.Executor$.run(Executor.scala:28)
	at edu.illinois.cs.testrunner.execution.Executor$.main(Executor.scala:18)
	at edu.illinois.cs.testrunner.execution.Executor.main(Executor.scala)
Caused by: java.lang.AssertionError: 
  Unexpected method call LogBackend.isLevelEnabled(DEBUG):
	at org.easymock.internal.MockInvocationHandler.invoke(MockInvocationHandler.java:44)
	at org.easymock.internal.ObjectMethodsFilter.invoke(ObjectMethodsFilter.java:94)
	at com.sun.proxy.$Proxy13.isLevelEnabled(Unknown Source)
	at com.j256.ormlite.logger.Logger.logIfEnabled(Logger.java:659)
	at com.j256.ormlite.logger.Logger.log(Logger.java:610)
	at com.j256.ormlite.dao.RuntimeExceptionDao.logMessage(RuntimeExceptionDao.java:981)
	at com.j256.ormlite.dao.RuntimeExceptionDao.setObjectCache(RuntimeExceptionDao.java:752)
	at com.j256.ormlite.dao.RuntimeExceptionDaoTest.testSetObjectCacheThrow(RuntimeExceptionDaoTest.java:856)
	at sun.reflect.NativeMethodAccessorImpl.invoke0(Native Method)
	at sun.reflect.NativeMethodAccessorImpl.invoke(NativeMethodAccessorImpl.java:62)
	at sun.reflect.DelegatingMethodAccessorImpl.invoke(DelegatingMethodAccessorImpl.java:43)
	at java.lang.reflect.Method.invoke(Method.java:498)
	at org.junit.runners.model.FrameworkMethod$1.runReflectiveCall(FrameworkMethod.java:59)
	at org.junit.internal.runners.model.ReflectiveCallable.run(ReflectiveCallable.java:12)
	at org.junit.runners.model.FrameworkMethod.invokeExplosively(FrameworkMethod.java:56)
	at org.junit.internal.runners.statements.InvokeMethod.evaluate(InvokeMethod.java:17)
	at org.junit.internal.runners.statements.ExpectException.evaluate(ExpectException.java:19)
	... 34 more
2024-04-26 13:56:01,602 [INFO] TableUtils dropping table 'foo'
2024-04-26 13:56:01,603 [INFO] TableUtils ignoring drop error 'org.h2.jdbc.JdbcSQLSyntaxErrorException: Table "FOO" not found; SQL statement:
DROP TABLE `foo`  [42102-200]' for statement: DROP TABLE `foo` 
2024-04-26 13:56:01,603 [INFO] TableUtils creating table 'foo'
2024-04-26 13:56:01,604 [INFO] TableUtils executed create table statement changed 0 rows: CREATE TABLE `foo` (`id` INTEGER AUTO_INCREMENT , `val` INTEGER , `equal` INTEGER , `string` VARCHAR(255) , PRIMARY KEY (`id`) ) 
2024-04-26 13:56:01,604 [DEBUG] BaseMappedStatement insert data with statement 'INSERT INTO `foo` (`val` ,`equal` ,`string` ) VALUES (?,?,?)' and 3 args, changed 1 rows
2024-04-26 13:56:01,604 [TRACE] BaseMappedStatement insert arguments: [1232131321, 0, null]
2024-04-26 13:56:01,604 [DEBUG] BaseMappedStatement assigned id '1' from keyholder to 'id' in Foo object
2024-04-26 13:56:01,605 [DEBUG] BaseMappedStatement query-for-id using 'SELECT * FROM `foo` WHERE `id` = ?' and 1 args, got 1 result
2024-04-26 13:56:01,605 [TRACE] BaseMappedStatement query-for-id arguments: [1]
2024-04-26 13:56:01,605 [DEBUG] BaseMappedStatement prepared statement 'SELECT * FROM `foo`' with 0 args
2024-04-26 13:56:01,605 [DEBUG] StatementExecutor query of 'SELECT * FROM `foo`' with 0 args returned 1 results
2024-04-26 13:56:01,605 [DEBUG] BaseMappedStatement prepared statement 'SELECT * FROM `foo`' with 0 args
2024-04-26 13:56:01,605 [DEBUG] BaseMappedStatement prepared statement 'SELECT * FROM `foo` WHERE `id` = 1' with 0 args
2024-04-26 13:56:01,605 [DEBUG] StatementExecutor query of 'SELECT * FROM `foo` WHERE `id` = 1' with 0 args returned 1 results
2024-04-26 13:56:01,606 [DEBUG] BaseMappedStatement prepared statement 'SELECT * FROM `foo` WHERE (`id` = 1 AND `val` = 1232131321)' with 0 args
2024-04-26 13:56:01,606 [DEBUG] StatementExecutor query of 'SELECT * FROM `foo` WHERE (`id` = 1 AND `val` = 1232131321)' with 0 args returned 1 results
2024-04-26 13:56:01,606 [DEBUG] BaseMappedStatement prepared statement 'SELECT * FROM `foo` WHERE (`id` = ? AND `val` = ?)' with 2 args
2024-04-26 13:56:01,606 [TRACE] BaseMappedStatement prepared statement arguments: [1, 1232131321]
2024-04-26 13:56:01,606 [DEBUG] StatementExecutor query of 'SELECT * FROM `foo` WHERE (`id` = ? AND `val` = ?)' with 2 args returned 1 results
2024-04-26 13:56:01,606 [DEBUG] BaseMappedStatement query-for-id using 'SELECT * FROM `foo` WHERE `id` = ?' and 1 args, got 1 result
2024-04-26 13:56:01,606 [TRACE] BaseMappedStatement query-for-id arguments: [1]
2024-04-26 13:56:01,607 [DEBUG] BaseMappedStatement query-for-id using 'SELECT * FROM `foo` WHERE `id` = ?' and 1 args, got 1 result
2024-04-26 13:56:01,607 [TRACE] BaseMappedStatement query-for-id arguments: [1]
2024-04-26 13:56:01,607 [DEBUG] BaseMappedStatement update data with statement 'UPDATE `foo` SET `val` = ?, `equal` = ?, `string` = ? WHERE `id` = ?' and 4 args, changed 1 rows
2024-04-26 13:56:01,607 [TRACE] BaseMappedStatement update arguments: [342342343, 0, null, 1]
2024-04-26 13:56:01,608 [DEBUG] BaseMappedStatement refresh using 'SELECT * FROM `foo` WHERE `id` = ?' and 1 args, got 1 result
2024-04-26 13:56:01,608 [TRACE] BaseMappedStatement refresh arguments: [1]
2024-04-26 13:56:01,608 [DEBUG] BaseMappedStatement delete data with statement 'DELETE FROM `foo` WHERE `id` = ?' and 1 args, changed 1 rows
2024-04-26 13:56:01,608 [TRACE] BaseMappedStatement delete arguments: [1]
2024-04-26 13:56:01,608 [DEBUG] BaseMappedStatement query-for-id using 'SELECT * FROM `foo` WHERE `id` = ?' and 1 args, got no results
2024-04-26 13:56:01,608 [TRACE] BaseMappedStatement query-for-id arguments: [1]
2024-04-26 13:56:01,608 [DEBUG] BaseMappedStatement prepared statement 'SELECT * FROM `foo`' with 0 args
2024-04-26 13:56:01,608 [DEBUG] StatementExecutor query of 'SELECT * FROM `foo`' with 0 args returned 0 results
2024-04-26 13:56:01,608 [DEBUG] BaseMappedStatement prepared statement 'SELECT * FROM `foo`' with 0 args
java.lang.Exception: Unexpected exception, expected<java.lang.RuntimeException> but was<java.lang.AssertionError>
	at org.junit.internal.runners.statements.ExpectException.evaluate(ExpectException.java:30)
	at org.junit.internal.runners.statements.RunBefores.evaluate(RunBefores.java:26)
	at org.junit.internal.runners.statements.RunAfters.evaluate(RunAfters.java:27)
	at org.junit.runners.ParentRunner$3.evaluate(ParentRunner.java:306)
	at org.junit.runners.BlockJUnit4ClassRunner$1.evaluate(BlockJUnit4ClassRunner.java:100)
	at org.junit.runners.ParentRunner.runLeaf(ParentRunner.java:366)
	at org.junit.runners.BlockJUnit4ClassRunner.runChild(BlockJUnit4ClassRunner.java:103)
	at org.junit.runners.BlockJUnit4ClassRunner.runChild(BlockJUnit4ClassRunner.java:63)
	at org.junit.runners.ParentRunner$4.run(ParentRunner.java:331)
	at org.junit.runners.ParentRunner$1.schedule(ParentRunner.java:79)
	at org.junit.runners.ParentRunner.runChildren(ParentRunner.java:329)
	at org.junit.runners.ParentRunner.access$100(ParentRunner.java:66)
	at org.junit.runners.ParentRunner$2.evaluate(ParentRunner.java:293)
	at org.junit.runners.ParentRunner$3.evaluate(ParentRunner.java:306)
	at org.junit.runners.ParentRunner.run(ParentRunner.java:413)
	at org.junit.runners.Suite.runChild(Suite.java:128)
	at org.junit.runners.Suite.runChild(Suite.java:27)
	at org.junit.runners.ParentRunner$4.run(ParentRunner.java:331)
	at org.junit.runners.ParentRunner$1.schedule(ParentRunner.java:79)
	at org.junit.runners.ParentRunner.runChildren(ParentRunner.java:329)
	at org.junit.runners.ParentRunner.access$100(ParentRunner.java:66)
	at org.junit.runners.ParentRunner$2.evaluate(ParentRunner.java:293)
	at org.junit.runners.ParentRunner$3.evaluate(ParentRunner.java:306)
	at org.junit.runners.ParentRunner.run(ParentRunner.java:413)
	at org.junit.runner.JUnitCore.run(JUnitCore.java:137)
	at org.junit.runner.JUnitCore.run(JUnitCore.java:115)
	at edu.illinois.cs.testrunner.execution.JUnitTestExecutor.execute(JUnitTestExecutor.java:259)
	at edu.illinois.cs.testrunner.execution.JUnitTestExecutor.executeWithJUnit4Runner(JUnitTestExecutor.java:327)
	at edu.illinois.cs.testrunner.execution.JUnitTestExecutor.runOrder(JUnitTestExecutor.java:49)
	at edu.illinois.cs.testrunner.execution.Executor$.$anonfun$run$1(Executor.scala:30)
	at scala.runtime.java8.JFunction0$mcV$sp.apply(JFunction0$mcV$sp.java:12)
	at scala.util.Try$.apply(Try.scala:209)
	at edu.illinois.cs.testrunner.execution.Executor$.run(Executor.scala:28)
	at edu.illinois.cs.testrunner.execution.Executor$.main(Executor.scala:18)
	at edu.illinois.cs.testrunner.execution.Executor.main(Executor.scala)
Caused by: java.lang.AssertionError: 
  Unexpected method call LogBackend.isLevelEnabled(DEBUG):
	at org.easymock.internal.MockInvocationHandler.invoke(MockInvocationHandler.java:44)
	at org.easymock.internal.ObjectMethodsFilter.invoke(ObjectMethodsFilter.java:94)
	at com.sun.proxy.$Proxy13.isLevelEnabled(Unknown Source)
	at com.j256.ormlite.logger.Logger.logIfEnabled(Logger.java:659)
	at com.j256.ormlite.logger.Logger.log(Logger.java:610)
	at com.j256.ormlite.dao.RuntimeExceptionDao.logMessage(RuntimeExceptionDao.java:981)
	at com.j256.ormlite.dao.RuntimeExceptionDao.queryForMatchingArgs(RuntimeExceptionDao.java:161)
	at com.j256.ormlite.dao.RuntimeExceptionDaoTest.testQueryForMatchingArgsThrow(RuntimeExceptionDaoTest.java:456)
	at sun.reflect.NativeMethodAccessorImpl.invoke0(Native Method)
	at sun.reflect.NativeMethodAccessorImpl.invoke(NativeMethodAccessorImpl.java:62)
	at sun.reflect.DelegatingMethodAccessorImpl.invoke(DelegatingMethodAccessorImpl.java:43)
	at java.lang.reflect.Method.invoke(Method.java:498)
	at org.junit.runners.model.FrameworkMethod$1.runReflectiveCall(FrameworkMethod.java:59)
	at org.junit.internal.runners.model.ReflectiveCallable.run(ReflectiveCallable.java:12)
	at org.junit.runners.model.FrameworkMethod.invokeExplosively(FrameworkMethod.java:56)
	at org.junit.internal.runners.statements.InvokeMethod.evaluate(InvokeMethod.java:17)
	at org.junit.internal.runners.statements.ExpectException.evaluate(ExpectException.java:19)
	... 34 more
java.lang.Exception: Unexpected exception, expected<java.lang.RuntimeException> but was<java.lang.AssertionError>
	at org.junit.internal.runners.statements.ExpectException.evaluate(ExpectException.java:30)
	at org.junit.internal.runners.statements.RunBefores.evaluate(RunBefores.java:26)
	at org.junit.internal.runners.statements.RunAfters.evaluate(RunAfters.java:27)
	at org.junit.runners.ParentRunner$3.evaluate(ParentRunner.java:306)
	at org.junit.runners.BlockJUnit4ClassRunner$1.evaluate(BlockJUnit4ClassRunner.java:100)
	at org.junit.runners.ParentRunner.runLeaf(ParentRunner.java:366)
	at org.junit.runners.BlockJUnit4ClassRunner.runChild(BlockJUnit4ClassRunner.java:103)
	at org.junit.runners.BlockJUnit4ClassRunner.runChild(BlockJUnit4ClassRunner.java:63)
	at org.junit.runners.ParentRunner$4.run(ParentRunner.java:331)
	at org.junit.runners.ParentRunner$1.schedule(ParentRunner.java:79)
	at org.junit.runners.ParentRunner.runChildren(ParentRunner.java:329)
	at org.junit.runners.ParentRunner.access$100(ParentRunner.java:66)
	at org.junit.runners.ParentRunner$2.evaluate(ParentRunner.java:293)
	at org.junit.runners.ParentRunner$3.evaluate(ParentRunner.java:306)
	at org.junit.runners.ParentRunner.run(ParentRunner.java:413)
	at org.junit.runners.Suite.runChild(Suite.java:128)
	at org.junit.runners.Suite.runChild(Suite.java:27)
	at org.junit.runners.ParentRunner$4.run(ParentRunner.java:331)
	at org.junit.runners.ParentRunner$1.schedule(ParentRunner.java:79)
	at org.junit.runners.ParentRunner.runChildren(ParentRunner.java:329)
	at org.junit.runners.ParentRunner.access$100(ParentRunner.java:66)
	at org.junit.runners.ParentRunner$2.evaluate(ParentRunner.java:293)
	at org.junit.runners.ParentRunner$3.evaluate(ParentRunner.java:306)
	at org.junit.runners.ParentRunner.run(ParentRunner.java:413)
	at org.junit.runner.JUnitCore.run(JUnitCore.java:137)
	at org.junit.runner.JUnitCore.run(JUnitCore.java:115)
	at edu.illinois.cs.testrunner.execution.JUnitTestExecutor.execute(JUnitTestExecutor.java:259)
	at edu.illinois.cs.testrunner.execution.JUnitTestExecutor.executeWithJUnit4Runner(JUnitTestExecutor.java:327)
	at edu.illinois.cs.testrunner.execution.JUnitTestExecutor.runOrder(JUnitTestExecutor.java:49)
	at edu.illinois.cs.testrunner.execution.Executor$.$anonfun$run$1(Executor.scala:30)
	at scala.runtime.java8.JFunction0$mcV$sp.apply(JFunction0$mcV$sp.java:12)
	at scala.util.Try$.apply(Try.scala:209)
	at edu.illinois.cs.testrunner.execution.Executor$.run(Executor.scala:28)
	at edu.illinois.cs.testrunner.execution.Executor$.main(Executor.scala:18)
	at edu.illinois.cs.testrunner.execution.Executor.main(Executor.scala)
Caused by: java.lang.AssertionError: 
  Unexpected method call LogBackend.isLevelEnabled(DEBUG):
	at org.easymock.internal.MockInvocationHandler.invoke(MockInvocationHandler.java:44)
	at org.easymock.internal.ObjectMethodsFilter.invoke(ObjectMethodsFilter.java:94)
	at com.sun.proxy.$Proxy13.isLevelEnabled(Unknown Source)
	at com.j256.ormlite.logger.Logger.logIfEnabled(Logger.java:659)
	at com.j256.ormlite.logger.Logger.log(Logger.java:610)
	at com.j256.ormlite.dao.RuntimeExceptionDao.logMessage(RuntimeExceptionDao.java:981)
	at com.j256.ormlite.dao.RuntimeExceptionDao.extractId(RuntimeExceptionDao.java:650)
	at com.j256.ormlite.dao.RuntimeExceptionDaoTest.testExtractIdThrow(RuntimeExceptionDaoTest.java:923)
	at sun.reflect.NativeMethodAccessorImpl.invoke0(Native Method)
	at sun.reflect.NativeMethodAccessorImpl.invoke(NativeMethodAccessorImpl.java:62)
	at sun.reflect.DelegatingMethodAccessorImpl.invoke(DelegatingMethodAccessorImpl.java:43)
	at java.lang.reflect.Method.invoke(Method.java:498)
	at org.junit.runners.model.FrameworkMethod$1.runReflectiveCall(FrameworkMethod.java:59)
	at org.junit.internal.runners.model.ReflectiveCallable.run(ReflectiveCallable.java:12)
	at org.junit.runners.model.FrameworkMethod.invokeExplosively(FrameworkMethod.java:56)
	at org.junit.internal.runners.statements.InvokeMethod.evaluate(InvokeMethod.java:17)
	at org.junit.internal.runners.statements.ExpectException.evaluate(ExpectException.java:19)
	... 34 more
java.lang.Exception: Unexpected exception, expected<java.lang.RuntimeException> but was<java.lang.AssertionError>
	at org.junit.internal.runners.statements.ExpectException.evaluate(ExpectException.java:30)
	at org.junit.internal.runners.statements.RunBefores.evaluate(RunBefores.java:26)
	at org.junit.internal.runners.statements.RunAfters.evaluate(RunAfters.java:27)
	at org.junit.runners.ParentRunner$3.evaluate(ParentRunner.java:306)
	at org.junit.runners.BlockJUnit4ClassRunner$1.evaluate(BlockJUnit4ClassRunner.java:100)
	at org.junit.runners.ParentRunner.runLeaf(ParentRunner.java:366)
	at org.junit.runners.BlockJUnit4ClassRunner.runChild(BlockJUnit4ClassRunner.java:103)
	at org.junit.runners.BlockJUnit4ClassRunner.runChild(BlockJUnit4ClassRunner.java:63)
	at org.junit.runners.ParentRunner$4.run(ParentRunner.java:331)
	at org.junit.runners.ParentRunner$1.schedule(ParentRunner.java:79)
	at org.junit.runners.ParentRunner.runChildren(ParentRunner.java:329)
	at org.junit.runners.ParentRunner.access$100(ParentRunner.java:66)
	at org.junit.runners.ParentRunner$2.evaluate(ParentRunner.java:293)
	at org.junit.runners.ParentRunner$3.evaluate(ParentRunner.java:306)
	at org.junit.runners.ParentRunner.run(ParentRunner.java:413)
	at org.junit.runners.Suite.runChild(Suite.java:128)
	at org.junit.runners.Suite.runChild(Suite.java:27)
	at org.junit.runners.ParentRunner$4.run(ParentRunner.java:331)
	at org.junit.runners.ParentRunner$1.schedule(ParentRunner.java:79)
	at org.junit.runners.ParentRunner.runChildren(ParentRunner.java:329)
	at org.junit.runners.ParentRunner.access$100(ParentRunner.java:66)
	at org.junit.runners.ParentRunner$2.evaluate(ParentRunner.java:293)
	at org.junit.runners.ParentRunner$3.evaluate(ParentRunner.java:306)
	at org.junit.runners.ParentRunner.run(ParentRunner.java:413)
	at org.junit.runner.JUnitCore.run(JUnitCore.java:137)
	at org.junit.runner.JUnitCore.run(JUnitCore.java:115)
	at edu.illinois.cs.testrunner.execution.JUnitTestExecutor.execute(JUnitTestExecutor.java:259)
	at edu.illinois.cs.testrunner.execution.JUnitTestExecutor.executeWithJUnit4Runner(JUnitTestExecutor.java:327)
	at edu.illinois.cs.testrunner.execution.JUnitTestExecutor.runOrder(JUnitTestExecutor.java:49)
	at edu.illinois.cs.testrunner.execution.Executor$.$anonfun$run$1(Executor.scala:30)
	at scala.runtime.java8.JFunction0$mcV$sp.apply(JFunction0$mcV$sp.java:12)
	at scala.util.Try$.apply(Try.scala:209)
	at edu.illinois.cs.testrunner.execution.Executor$.run(Executor.scala:28)
	at edu.illinois.cs.testrunner.execution.Executor$.main(Executor.scala:18)
	at edu.illinois.cs.testrunner.execution.Executor.main(Executor.scala)
Caused by: java.lang.AssertionError: 
  Unexpected method call LogBackend.isLevelEnabled(DEBUG):
	at org.easymock.internal.MockInvocationHandler.invoke(MockInvocationHandler.java:44)
	at org.easymock.internal.ObjectMethodsFilter.invoke(ObjectMethodsFilter.java:94)
	at com.sun.proxy.$Proxy13.isLevelEnabled(Unknown Source)
	at com.j256.ormlite.logger.Logger.logIfEnabled(Logger.java:659)
	at com.j256.ormlite.logger.Logger.log(Logger.java:610)
	at com.j256.ormlite.dao.RuntimeExceptionDao.logMessage(RuntimeExceptionDao.java:981)
	at com.j256.ormlite.dao.RuntimeExceptionDao.iterator(RuntimeExceptionDao.java:485)
	at com.j256.ormlite.dao.RuntimeExceptionDaoTest.testIteratorQueryFlags(RuntimeExceptionDaoTest.java:710)
	at sun.reflect.NativeMethodAccessorImpl.invoke0(Native Method)
	at sun.reflect.NativeMethodAccessorImpl.invoke(NativeMethodAccessorImpl.java:62)
	at sun.reflect.DelegatingMethodAccessorImpl.invoke(DelegatingMethodAccessorImpl.java:43)
	at java.lang.reflect.Method.invoke(Method.java:498)
	at org.junit.runners.model.FrameworkMethod$1.runReflectiveCall(FrameworkMethod.java:59)
	at org.junit.internal.runners.model.ReflectiveCallable.run(ReflectiveCallable.java:12)
	at org.junit.runners.model.FrameworkMethod.invokeExplosively(FrameworkMethod.java:56)
	at org.junit.internal.runners.statements.InvokeMethod.evaluate(InvokeMethod.java:17)
	at org.junit.internal.runners.statements.ExpectException.evaluate(ExpectException.java:19)
	... 34 more
java.lang.Exception: Unexpected exception, expected<java.lang.RuntimeException> but was<java.lang.AssertionError>
	at org.junit.internal.runners.statements.ExpectException.evaluate(ExpectException.java:30)
	at org.junit.internal.runners.statements.RunBefores.evaluate(RunBefores.java:26)
	at org.junit.internal.runners.statements.RunAfters.evaluate(RunAfters.java:27)
	at org.junit.runners.ParentRunner$3.evaluate(ParentRunner.java:306)
	at org.junit.runners.BlockJUnit4ClassRunner$1.evaluate(BlockJUnit4ClassRunner.java:100)
	at org.junit.runners.ParentRunner.runLeaf(ParentRunner.java:366)
	at org.junit.runners.BlockJUnit4ClassRunner.runChild(BlockJUnit4ClassRunner.java:103)
	at org.junit.runners.BlockJUnit4ClassRunner.runChild(BlockJUnit4ClassRunner.java:63)
	at org.junit.runners.ParentRunner$4.run(ParentRunner.java:331)
	at org.junit.runners.ParentRunner$1.schedule(ParentRunner.java:79)
	at org.junit.runners.ParentRunner.runChildren(ParentRunner.java:329)
	at org.junit.runners.ParentRunner.access$100(ParentRunner.java:66)
	at org.junit.runners.ParentRunner$2.evaluate(ParentRunner.java:293)
	at org.junit.runners.ParentRunner$3.evaluate(ParentRunner.java:306)
	at org.junit.runners.ParentRunner.run(ParentRunner.java:413)
	at org.junit.runners.Suite.runChild(Suite.java:128)
	at org.junit.runners.Suite.runChild(Suite.java:27)
	at org.junit.runners.ParentRunner$4.run(ParentRunner.java:331)
	at org.junit.runners.ParentRunner$1.schedule(ParentRunner.java:79)
	at org.junit.runners.ParentRunner.runChildren(ParentRunner.java:329)
	at org.junit.runners.ParentRunner.access$100(ParentRunner.java:66)
	at org.junit.runners.ParentRunner$2.evaluate(ParentRunner.java:293)
	at org.junit.runners.ParentRunner$3.evaluate(ParentRunner.java:306)
	at org.junit.runners.ParentRunner.run(ParentRunner.java:413)
	at org.junit.runner.JUnitCore.run(JUnitCore.java:137)
	at org.junit.runner.JUnitCore.run(JUnitCore.java:115)
	at edu.illinois.cs.testrunner.execution.JUnitTestExecutor.execute(JUnitTestExecutor.java:259)
	at edu.illinois.cs.testrunner.execution.JUnitTestExecutor.executeWithJUnit4Runner(JUnitTestExecutor.java:327)
	at edu.illinois.cs.testrunner.execution.JUnitTestExecutor.runOrder(JUnitTestExecutor.java:49)
	at edu.illinois.cs.testrunner.execution.Executor$.$anonfun$run$1(Executor.scala:30)
	at scala.runtime.java8.JFunction0$mcV$sp.apply(JFunction0$mcV$sp.java:12)
	at scala.util.Try$.apply(Try.scala:209)
	at edu.illinois.cs.testrunner.execution.Executor$.run(Executor.scala:28)
	at edu.illinois.cs.testrunner.execution.Executor$.main(Executor.scala:18)
	at edu.illinois.cs.testrunner.execution.Executor.main(Executor.scala)
Caused by: java.lang.AssertionError: 
  Unexpected method call LogBackend.isLevelEnabled(DEBUG):
	at org.easymock.internal.MockInvocationHandler.invoke(MockInvocationHandler.java:44)
	at org.easymock.internal.ObjectMethodsFilter.invoke(ObjectMethodsFilter.java:94)
	at com.sun.proxy.$Proxy13.isLevelEnabled(Unknown Source)
	at com.j256.ormlite.logger.Logger.logIfEnabled(Logger.java:659)
	at com.j256.ormlite.logger.Logger.log(Logger.java:610)
	at com.j256.ormlite.dao.RuntimeExceptionDao.logMessage(RuntimeExceptionDao.java:981)
	at com.j256.ormlite.dao.RuntimeExceptionDao.delete(RuntimeExceptionDao.java:406)
	at com.j256.ormlite.dao.RuntimeExceptionDaoTest.testDeletePreparedThrow(RuntimeExceptionDaoTest.java:654)
	at sun.reflect.NativeMethodAccessorImpl.invoke0(Native Method)
	at sun.reflect.NativeMethodAccessorImpl.invoke(NativeMethodAccessorImpl.java:62)
	at sun.reflect.DelegatingMethodAccessorImpl.invoke(DelegatingMethodAccessorImpl.java:43)
	at java.lang.reflect.Method.invoke(Method.java:498)
	at org.junit.runners.model.FrameworkMethod$1.runReflectiveCall(FrameworkMethod.java:59)
	at org.junit.internal.runners.model.ReflectiveCallable.run(ReflectiveCallable.java:12)
	at org.junit.runners.model.FrameworkMethod.invokeExplosively(FrameworkMethod.java:56)
	at org.junit.internal.runners.statements.InvokeMethod.evaluate(InvokeMethod.java:17)
	at org.junit.internal.runners.statements.ExpectException.evaluate(ExpectException.java:19)
	... 34 more
java.lang.Exception: Unexpected exception, expected<java.lang.RuntimeException> but was<java.lang.AssertionError>
	at org.junit.internal.runners.statements.ExpectException.evaluate(ExpectException.java:30)
	at org.junit.internal.runners.statements.RunBefores.evaluate(RunBefores.java:26)
	at org.junit.internal.runners.statements.RunAfters.evaluate(RunAfters.java:27)
	at org.junit.runners.ParentRunner$3.evaluate(ParentRunner.java:306)
	at org.junit.runners.BlockJUnit4ClassRunner$1.evaluate(BlockJUnit4ClassRunner.java:100)
	at org.junit.runners.ParentRunner.runLeaf(ParentRunner.java:366)
	at org.junit.runners.BlockJUnit4ClassRunner.runChild(BlockJUnit4ClassRunner.java:103)
	at org.junit.runners.BlockJUnit4ClassRunner.runChild(BlockJUnit4ClassRunner.java:63)
	at org.junit.runners.ParentRunner$4.run(ParentRunner.java:331)
	at org.junit.runners.ParentRunner$1.schedule(ParentRunner.java:79)
	at org.junit.runners.ParentRunner.runChildren(ParentRunner.java:329)
	at org.junit.runners.ParentRunner.access$100(ParentRunner.java:66)
	at org.junit.runners.ParentRunner$2.evaluate(ParentRunner.java:293)
	at org.junit.runners.ParentRunner$3.evaluate(ParentRunner.java:306)
	at org.junit.runners.ParentRunner.run(ParentRunner.java:413)
	at org.junit.runners.Suite.runChild(Suite.java:128)
	at org.junit.runners.Suite.runChild(Suite.java:27)
	at org.junit.runners.ParentRunner$4.run(ParentRunner.java:331)
	at org.junit.runners.ParentRunner$1.schedule(ParentRunner.java:79)
	at org.junit.runners.ParentRunner.runChildren(ParentRunner.java:329)
	at org.junit.runners.ParentRunner.access$100(ParentRunner.java:66)
	at org.junit.runners.ParentRunner$2.evaluate(ParentRunner.java:293)
	at org.junit.runners.ParentRunner$3.evaluate(ParentRunner.java:306)
	at org.junit.runners.ParentRunner.run(ParentRunner.java:413)
	at org.junit.runner.JUnitCore.run(JUnitCore.java:137)
	at org.junit.runner.JUnitCore.run(JUnitCore.java:115)
	at edu.illinois.cs.testrunner.execution.JUnitTestExecutor.execute(JUnitTestExecutor.java:259)
	at edu.illinois.cs.testrunner.execution.JUnitTestExecutor.executeWithJUnit4Runner(JUnitTestExecutor.java:327)
	at edu.illinois.cs.testrunner.execution.JUnitTestExecutor.runOrder(JUnitTestExecutor.java:49)
	at edu.illinois.cs.testrunner.execution.Executor$.$anonfun$run$1(Executor.scala:30)
	at scala.runtime.java8.JFunction0$mcV$sp.apply(JFunction0$mcV$sp.java:12)
	at scala.util.Try$.apply(Try.scala:209)
	at edu.illinois.cs.testrunner.execution.Executor$.run(Executor.scala:28)
	at edu.illinois.cs.testrunner.execution.Executor$.main(Executor.scala:18)
	at edu.illinois.cs.testrunner.execution.Executor.main(Executor.scala)
Caused by: java.lang.AssertionError: 
  Unexpected method call LogBackend.isLevelEnabled(DEBUG):
	at org.easymock.internal.MockInvocationHandler.invoke(MockInvocationHandler.java:44)
	at org.easymock.internal.ObjectMethodsFilter.invoke(ObjectMethodsFilter.java:94)
	at com.sun.proxy.$Proxy13.isLevelEnabled(Unknown Source)
	at com.j256.ormlite.logger.Logger.logIfEnabled(Logger.java:659)
	at com.j256.ormlite.logger.Logger.log(Logger.java:610)
	at com.j256.ormlite.dao.RuntimeExceptionDao.logMessage(RuntimeExceptionDao.java:981)
	at com.j256.ormlite.dao.RuntimeExceptionDao.setObjectCache(RuntimeExceptionDao.java:773)
	at com.j256.ormlite.dao.RuntimeExceptionDaoTest.testSetObjectCacheCacheThrow(RuntimeExceptionDaoTest.java:879)
	at sun.reflect.NativeMethodAccessorImpl.invoke0(Native Method)
	at sun.reflect.NativeMethodAccessorImpl.invoke(NativeMethodAccessorImpl.java:62)
	at sun.reflect.DelegatingMethodAccessorImpl.invoke(DelegatingMethodAccessorImpl.java:43)
	at java.lang.reflect.Method.invoke(Method.java:498)
	at org.junit.runners.model.FrameworkMethod$1.runReflectiveCall(FrameworkMethod.java:59)
	at org.junit.internal.runners.model.ReflectiveCallable.run(ReflectiveCallable.java:12)
	at org.junit.runners.model.FrameworkMethod.invokeExplosively(FrameworkMethod.java:56)
	at org.junit.internal.runners.statements.InvokeMethod.evaluate(InvokeMethod.java:17)
	at org.junit.internal.runners.statements.ExpectException.evaluate(ExpectException.java:19)
	... 34 more
java.lang.Exception: Unexpected exception, expected<java.lang.RuntimeException> but was<java.lang.AssertionError>
	at org.junit.internal.runners.statements.ExpectException.evaluate(ExpectException.java:30)
	at org.junit.internal.runners.statements.RunBefores.evaluate(RunBefores.java:26)
	at org.junit.internal.runners.statements.RunAfters.evaluate(RunAfters.java:27)
	at org.junit.runners.ParentRunner$3.evaluate(ParentRunner.java:306)
	at org.junit.runners.BlockJUnit4ClassRunner$1.evaluate(BlockJUnit4ClassRunner.java:100)
	at org.junit.runners.ParentRunner.runLeaf(ParentRunner.java:366)
	at org.junit.runners.BlockJUnit4ClassRunner.runChild(BlockJUnit4ClassRunner.java:103)
	at org.junit.runners.BlockJUnit4ClassRunner.runChild(BlockJUnit4ClassRunner.java:63)
	at org.junit.runners.ParentRunner$4.run(ParentRunner.java:331)
	at org.junit.runners.ParentRunner$1.schedule(ParentRunner.java:79)
	at org.junit.runners.ParentRunner.runChildren(ParentRunner.java:329)
	at org.junit.runners.ParentRunner.access$100(ParentRunner.java:66)
	at org.junit.runners.ParentRunner$2.evaluate(ParentRunner.java:293)
	at org.junit.runners.ParentRunner$3.evaluate(ParentRunner.java:306)
	at org.junit.runners.ParentRunner.run(ParentRunner.java:413)
	at org.junit.runners.Suite.runChild(Suite.java:128)
	at org.junit.runners.Suite.runChild(Suite.java:27)
	at org.junit.runners.ParentRunner$4.run(ParentRunner.java:331)
	at org.junit.runners.ParentRunner$1.schedule(ParentRunner.java:79)
	at org.junit.runners.ParentRunner.runChildren(ParentRunner.java:329)
	at org.junit.runners.ParentRunner.access$100(ParentRunner.java:66)
	at org.junit.runners.ParentRunner$2.evaluate(ParentRunner.java:293)
	at org.junit.runners.ParentRunner$3.evaluate(ParentRunner.java:306)
	at org.junit.runners.ParentRunner.run(ParentRunner.java:413)
	at org.junit.runner.JUnitCore.run(JUnitCore.java:137)
	at org.junit.runner.JUnitCore.run(JUnitCore.java:115)
	at edu.illinois.cs.testrunner.execution.JUnitTestExecutor.execute(JUnitTestExecutor.java:259)
	at edu.illinois.cs.testrunner.execution.JUnitTestExecutor.executeWithJUnit4Runner(JUnitTestExecutor.java:327)
	at edu.illinois.cs.testrunner.execution.JUnitTestExecutor.runOrder(JUnitTestExecutor.java:49)
	at edu.illinois.cs.testrunner.execution.Executor$.$anonfun$run$1(Executor.scala:30)
	at scala.runtime.java8.JFunction0$mcV$sp.apply(JFunction0$mcV$sp.java:12)
	at scala.util.Try$.apply(Try.scala:209)
	at edu.illinois.cs.testrunner.execution.Executor$.run(Executor.scala:28)
	at edu.illinois.cs.testrunner.execution.Executor$.main(Executor.scala:18)
	at edu.illinois.cs.testrunner.execution.Executor.main(Executor.scala)
Caused by: java.lang.AssertionError: 
  Unexpected method call LogBackend.isLevelEnabled(DEBUG):
	at org.easymock.internal.MockInvocationHandler.invoke(MockInvocationHandler.java:44)
	at org.easymock.internal.ObjectMethodsFilter.invoke(ObjectMethodsFilter.java:94)
	at com.sun.proxy.$Proxy13.isLevelEnabled(Unknown Source)
	at com.j256.ormlite.logger.Logger.logIfEnabled(Logger.java:659)
	at com.j256.ormlite.logger.Logger.log(Logger.java:610)
	at com.j256.ormlite.dao.RuntimeExceptionDao.logMessage(RuntimeExceptionDao.java:981)
	at com.j256.ormlite.dao.RuntimeExceptionDao.deleteIds(RuntimeExceptionDao.java:393)
	at com.j256.ormlite.dao.RuntimeExceptionDaoTest.testDeleteIdsThrow(RuntimeExceptionDaoTest.java:643)
	at sun.reflect.NativeMethodAccessorImpl.invoke0(Native Method)
	at sun.reflect.NativeMethodAccessorImpl.invoke(NativeMethodAccessorImpl.java:62)
	at sun.reflect.DelegatingMethodAccessorImpl.invoke(DelegatingMethodAccessorImpl.java:43)
	at java.lang.reflect.Method.invoke(Method.java:498)
	at org.junit.runners.model.FrameworkMethod$1.runReflectiveCall(FrameworkMethod.java:59)
	at org.junit.internal.runners.model.ReflectiveCallable.run(ReflectiveCallable.java:12)
	at org.junit.runners.model.FrameworkMethod.invokeExplosively(FrameworkMethod.java:56)
	at org.junit.internal.runners.statements.InvokeMethod.evaluate(InvokeMethod.java:17)
	at org.junit.internal.runners.statements.ExpectException.evaluate(ExpectException.java:19)
	... 34 more
java.lang.Exception: Unexpected exception, expected<java.lang.RuntimeException> but was<java.lang.AssertionError>
	at org.junit.internal.runners.statements.ExpectException.evaluate(ExpectException.java:30)
	at org.junit.internal.runners.statements.RunBefores.evaluate(RunBefores.java:26)
	at org.junit.internal.runners.statements.RunAfters.evaluate(RunAfters.java:27)
	at org.junit.runners.ParentRunner$3.evaluate(ParentRunner.java:306)
	at org.junit.runners.BlockJUnit4ClassRunner$1.evaluate(BlockJUnit4ClassRunner.java:100)
	at org.junit.runners.ParentRunner.runLeaf(ParentRunner.java:366)
	at org.junit.runners.BlockJUnit4ClassRunner.runChild(BlockJUnit4ClassRunner.java:103)
	at org.junit.runners.BlockJUnit4ClassRunner.runChild(BlockJUnit4ClassRunner.java:63)
	at org.junit.runners.ParentRunner$4.run(ParentRunner.java:331)
	at org.junit.runners.ParentRunner$1.schedule(ParentRunner.java:79)
	at org.junit.runners.ParentRunner.runChildren(ParentRunner.java:329)
	at org.junit.runners.ParentRunner.access$100(ParentRunner.java:66)
	at org.junit.runners.ParentRunner$2.evaluate(ParentRunner.java:293)
	at org.junit.runners.ParentRunner$3.evaluate(ParentRunner.java:306)
	at org.junit.runners.ParentRunner.run(ParentRunner.java:413)
	at org.junit.runners.Suite.runChild(Suite.java:128)
	at org.junit.runners.Suite.runChild(Suite.java:27)
	at org.junit.runners.ParentRunner$4.run(ParentRunner.java:331)
	at org.junit.runners.ParentRunner$1.schedule(ParentRunner.java:79)
	at org.junit.runners.ParentRunner.runChildren(ParentRunner.java:329)
	at org.junit.runners.ParentRunner.access$100(ParentRunner.java:66)
	at org.junit.runners.ParentRunner$2.evaluate(ParentRunner.java:293)
	at org.junit.runners.ParentRunner$3.evaluate(ParentRunner.java:306)
	at org.junit.runners.ParentRunner.run(ParentRunner.java:413)
	at org.junit.runner.JUnitCore.run(JUnitCore.java:137)
	at org.junit.runner.JUnitCore.run(JUnitCore.java:115)
	at edu.illinois.cs.testrunner.execution.JUnitTestExecutor.execute(JUnitTestExecutor.java:259)
	at edu.illinois.cs.testrunner.execution.JUnitTestExecutor.executeWithJUnit4Runner(JUnitTestExecutor.java:327)
	at edu.illinois.cs.testrunner.execution.JUnitTestExecutor.runOrder(JUnitTestExecutor.java:49)
	at edu.illinois.cs.testrunner.execution.Executor$.$anonfun$run$1(Executor.scala:30)
	at scala.runtime.java8.JFunction0$mcV$sp.apply(JFunction0$mcV$sp.java:12)
	at scala.util.Try$.apply(Try.scala:209)
	at edu.illinois.cs.testrunner.execution.Executor$.run(Executor.scala:28)
	at edu.illinois.cs.testrunner.execution.Executor$.main(Executor.scala:18)
	at edu.illinois.cs.testrunner.execution.Executor.main(Executor.scala)
Caused by: java.lang.AssertionError: 
  Unexpected method call LogBackend.isLevelEnabled(DEBUG):
	at org.easymock.internal.MockInvocationHandler.invoke(MockInvocationHandler.java:44)
	at org.easymock.internal.ObjectMethodsFilter.invoke(ObjectMethodsFilter.java:94)
	at com.sun.proxy.$Proxy13.isLevelEnabled(Unknown Source)
	at com.j256.ormlite.logger.Logger.logIfEnabled(Logger.java:659)
	at com.j256.ormlite.logger.Logger.log(Logger.java:610)
	at com.j256.ormlite.dao.RuntimeExceptionDao.logMessage(RuntimeExceptionDao.java:981)
	at com.j256.ormlite.dao.RuntimeExceptionDao.queryForSameId(RuntimeExceptionDao.java:200)
	at com.j256.ormlite.dao.RuntimeExceptionDaoTest.testQueryForSameIdThrow(RuntimeExceptionDaoTest.java:489)
	at sun.reflect.NativeMethodAccessorImpl.invoke0(Native Method)
	at sun.reflect.NativeMethodAccessorImpl.invoke(NativeMethodAccessorImpl.java:62)
	at sun.reflect.DelegatingMethodAccessorImpl.invoke(DelegatingMethodAccessorImpl.java:43)
	at java.lang.reflect.Method.invoke(Method.java:498)
	at org.junit.runners.model.FrameworkMethod$1.runReflectiveCall(FrameworkMethod.java:59)
	at org.junit.internal.runners.model.ReflectiveCallable.run(ReflectiveCallable.java:12)
	at org.junit.runners.model.FrameworkMethod.invokeExplosively(FrameworkMethod.java:56)
	at org.junit.internal.runners.statements.InvokeMethod.evaluate(InvokeMethod.java:17)
	at org.junit.internal.runners.statements.ExpectException.evaluate(ExpectException.java:19)
	... 34 more
java.lang.Exception: Unexpected exception, expected<java.lang.RuntimeException> but was<java.lang.AssertionError>
	at org.junit.internal.runners.statements.ExpectException.evaluate(ExpectException.java:30)
	at org.junit.internal.runners.statements.RunBefores.evaluate(RunBefores.java:26)
	at org.junit.internal.runners.statements.RunAfters.evaluate(RunAfters.java:27)
	at org.junit.runners.ParentRunner$3.evaluate(ParentRunner.java:306)
	at org.junit.runners.BlockJUnit4ClassRunner$1.evaluate(BlockJUnit4ClassRunner.java:100)
	at org.junit.runners.ParentRunner.runLeaf(ParentRunner.java:366)
	at org.junit.runners.BlockJUnit4ClassRunner.runChild(BlockJUnit4ClassRunner.java:103)
	at org.junit.runners.BlockJUnit4ClassRunner.runChild(BlockJUnit4ClassRunner.java:63)
	at org.junit.runners.ParentRunner$4.run(ParentRunner.java:331)
	at org.junit.runners.ParentRunner$1.schedule(ParentRunner.java:79)
	at org.junit.runners.ParentRunner.runChildren(ParentRunner.java:329)
	at org.junit.runners.ParentRunner.access$100(ParentRunner.java:66)
	at org.junit.runners.ParentRunner$2.evaluate(ParentRunner.java:293)
	at org.junit.runners.ParentRunner$3.evaluate(ParentRunner.java:306)
	at org.junit.runners.ParentRunner.run(ParentRunner.java:413)
	at org.junit.runners.Suite.runChild(Suite.java:128)
	at org.junit.runners.Suite.runChild(Suite.java:27)
	at org.junit.runners.ParentRunner$4.run(ParentRunner.java:331)
	at org.junit.runners.ParentRunner$1.schedule(ParentRunner.java:79)
	at org.junit.runners.ParentRunner.runChildren(ParentRunner.java:329)
	at org.junit.runners.ParentRunner.access$100(ParentRunner.java:66)
	at org.junit.runners.ParentRunner$2.evaluate(ParentRunner.java:293)
	at org.junit.runners.ParentRunner$3.evaluate(ParentRunner.java:306)
	at org.junit.runners.ParentRunner.run(ParentRunner.java:413)
	at org.junit.runner.JUnitCore.run(JUnitCore.java:137)
	at org.junit.runner.JUnitCore.run(JUnitCore.java:115)
	at edu.illinois.cs.testrunner.execution.JUnitTestExecutor.execute(JUnitTestExecutor.java:259)
	at edu.illinois.cs.testrunner.execution.JUnitTestExecutor.executeWithJUnit4Runner(JUnitTestExecutor.java:327)
	at edu.illinois.cs.testrunner.execution.JUnitTestExecutor.runOrder(JUnitTestExecutor.java:49)
	at edu.illinois.cs.testrunner.execution.Executor$.$anonfun$run$1(Executor.scala:30)
	at scala.runtime.java8.JFunction0$mcV$sp.apply(JFunction0$mcV$sp.java:12)
	at scala.util.Try$.apply(Try.scala:209)
	at edu.illinois.cs.testrunner.execution.Executor$.run(Executor.scala:28)
	at edu.illinois.cs.testrunner.execution.Executor$.main(Executor.scala:18)
	at edu.illinois.cs.testrunner.execution.Executor.main(Executor.scala)
Caused by: java.lang.AssertionError: 
  Unexpected method call LogBackend.isLevelEnabled(DEBUG):
	at org.easymock.internal.MockInvocationHandler.invoke(MockInvocationHandler.java:44)
	at org.easymock.internal.ObjectMethodsFilter.invoke(ObjectMethodsFilter.java:94)
	at com.sun.proxy.$Proxy13.isLevelEnabled(Unknown Source)
	at com.j256.ormlite.logger.Logger.logIfEnabled(Logger.java:659)
	at com.j256.ormlite.logger.Logger.log(Logger.java:610)
	at com.j256.ormlite.dao.RuntimeExceptionDao.logMessage(RuntimeExceptionDao.java:981)
	at com.j256.ormlite.dao.RuntimeExceptionDao.queryRaw(RuntimeExceptionDao.java:538)
	at com.j256.ormlite.dao.RuntimeExceptionDaoTest.testQueryRawDatatypesThrows(RuntimeExceptionDaoTest.java:1171)
	at sun.reflect.NativeMethodAccessorImpl.invoke0(Native Method)
	at sun.reflect.NativeMethodAccessorImpl.invoke(NativeMethodAccessorImpl.java:62)
	at sun.reflect.DelegatingMethodAccessorImpl.invoke(DelegatingMethodAccessorImpl.java:43)
	at java.lang.reflect.Method.invoke(Method.java:498)
	at org.junit.runners.model.FrameworkMethod$1.runReflectiveCall(FrameworkMethod.java:59)
	at org.junit.internal.runners.model.ReflectiveCallable.run(ReflectiveCallable.java:12)
	at org.junit.runners.model.FrameworkMethod.invokeExplosively(FrameworkMethod.java:56)
	at org.junit.internal.runners.statements.InvokeMethod.evaluate(InvokeMethod.java:17)
	at org.junit.internal.runners.statements.ExpectException.evaluate(ExpectException.java:19)
	... 34 more
java.lang.Exception: Unexpected exception, expected<java.lang.RuntimeException> but was<java.lang.AssertionError>
	at org.junit.internal.runners.statements.ExpectException.evaluate(ExpectException.java:30)
	at org.junit.internal.runners.statements.RunBefores.evaluate(RunBefores.java:26)
	at org.junit.internal.runners.statements.RunAfters.evaluate(RunAfters.java:27)
	at org.junit.runners.ParentRunner$3.evaluate(ParentRunner.java:306)
	at org.junit.runners.BlockJUnit4ClassRunner$1.evaluate(BlockJUnit4ClassRunner.java:100)
	at org.junit.runners.ParentRunner.runLeaf(ParentRunner.java:366)
	at org.junit.runners.BlockJUnit4ClassRunner.runChild(BlockJUnit4ClassRunner.java:103)
	at org.junit.runners.BlockJUnit4ClassRunner.runChild(BlockJUnit4ClassRunner.java:63)
	at org.junit.runners.ParentRunner$4.run(ParentRunner.java:331)
	at org.junit.runners.ParentRunner$1.schedule(ParentRunner.java:79)
	at org.junit.runners.ParentRunner.runChildren(ParentRunner.java:329)
	at org.junit.runners.ParentRunner.access$100(ParentRunner.java:66)
	at org.junit.runners.ParentRunner$2.evaluate(ParentRunner.java:293)
	at org.junit.runners.ParentRunner$3.evaluate(ParentRunner.java:306)
	at org.junit.runners.ParentRunner.run(ParentRunner.java:413)
	at org.junit.runners.Suite.runChild(Suite.java:128)
	at org.junit.runners.Suite.runChild(Suite.java:27)
	at org.junit.runners.ParentRunner$4.run(ParentRunner.java:331)
	at org.junit.runners.ParentRunner$1.schedule(ParentRunner.java:79)
	at org.junit.runners.ParentRunner.runChildren(ParentRunner.java:329)
	at org.junit.runners.ParentRunner.access$100(ParentRunner.java:66)
	at org.junit.runners.ParentRunner$2.evaluate(ParentRunner.java:293)
	at org.junit.runners.ParentRunner$3.evaluate(ParentRunner.java:306)
	at org.junit.runners.ParentRunner.run(ParentRunner.java:413)
	at org.junit.runner.JUnitCore.run(JUnitCore.java:137)
	at org.junit.runner.JUnitCore.run(JUnitCore.java:115)
	at edu.illinois.cs.testrunner.execution.JUnitTestExecutor.execute(JUnitTestExecutor.java:259)
	at edu.illinois.cs.testrunner.execution.JUnitTestExecutor.executeWithJUnit4Runner(JUnitTestExecutor.java:327)
	at edu.illinois.cs.testrunner.execution.JUnitTestExecutor.runOrder(JUnitTestExecutor.java:49)
	at edu.illinois.cs.testrunner.execution.Executor$.$anonfun$run$1(Executor.scala:30)
	at scala.runtime.java8.JFunction0$mcV$sp.apply(JFunction0$mcV$sp.java:12)
	at scala.util.Try$.apply(Try.scala:209)
	at edu.illinois.cs.testrunner.execution.Executor$.run(Executor.scala:28)
	at edu.illinois.cs.testrunner.execution.Executor$.main(Executor.scala:18)
	at edu.illinois.cs.testrunner.execution.Executor.main(Executor.scala)
Caused by: java.lang.AssertionError: 
  Unexpected method call LogBackend.isLevelEnabled(DEBUG):
	at org.easymock.internal.MockInvocationHandler.invoke(MockInvocationHandler.java:44)
	at org.easymock.internal.ObjectMethodsFilter.invoke(ObjectMethodsFilter.java:94)
	at com.sun.proxy.$Proxy13.isLevelEnabled(Unknown Source)
	at com.j256.ormlite.logger.Logger.logIfEnabled(Logger.java:659)
	at com.j256.ormlite.logger.Logger.log(Logger.java:610)
	at com.j256.ormlite.dao.RuntimeExceptionDao.logMessage(RuntimeExceptionDao.java:981)
	at com.j256.ormlite.dao.RuntimeExceptionDao.commit(RuntimeExceptionDao.java:885)
	at com.j256.ormlite.dao.RuntimeExceptionDaoTest.testCommitThrows(RuntimeExceptionDaoTest.java:1062)
	at sun.reflect.NativeMethodAccessorImpl.invoke0(Native Method)
	at sun.reflect.NativeMethodAccessorImpl.invoke(NativeMethodAccessorImpl.java:62)
	at sun.reflect.DelegatingMethodAccessorImpl.invoke(DelegatingMethodAccessorImpl.java:43)
	at java.lang.reflect.Method.invoke(Method.java:498)
	at org.junit.runners.model.FrameworkMethod$1.runReflectiveCall(FrameworkMethod.java:59)
	at org.junit.internal.runners.model.ReflectiveCallable.run(ReflectiveCallable.java:12)
	at org.junit.runners.model.FrameworkMethod.invokeExplosively(FrameworkMethod.java:56)
	at org.junit.internal.runners.statements.InvokeMethod.evaluate(InvokeMethod.java:17)
	at org.junit.internal.runners.statements.ExpectException.evaluate(ExpectException.java:19)
	... 34 more
java.lang.Exception: Unexpected exception, expected<java.lang.RuntimeException> but was<java.lang.AssertionError>
	at org.junit.internal.runners.statements.ExpectException.evaluate(ExpectException.java:30)
	at org.junit.internal.runners.statements.RunBefores.evaluate(RunBefores.java:26)
	at org.junit.internal.runners.statements.RunAfters.evaluate(RunAfters.java:27)
	at org.junit.runners.ParentRunner$3.evaluate(ParentRunner.java:306)
	at org.junit.runners.BlockJUnit4ClassRunner$1.evaluate(BlockJUnit4ClassRunner.java:100)
	at org.junit.runners.ParentRunner.runLeaf(ParentRunner.java:366)
	at org.junit.runners.BlockJUnit4ClassRunner.runChild(BlockJUnit4ClassRunner.java:103)
	at org.junit.runners.BlockJUnit4ClassRunner.runChild(BlockJUnit4ClassRunner.java:63)
	at org.junit.runners.ParentRunner$4.run(ParentRunner.java:331)
	at org.junit.runners.ParentRunner$1.schedule(ParentRunner.java:79)
	at org.junit.runners.ParentRunner.runChildren(ParentRunner.java:329)
	at org.junit.runners.ParentRunner.access$100(ParentRunner.java:66)
	at org.junit.runners.ParentRunner$2.evaluate(ParentRunner.java:293)
	at org.junit.runners.ParentRunner$3.evaluate(ParentRunner.java:306)
	at org.junit.runners.ParentRunner.run(ParentRunner.java:413)
	at org.junit.runners.Suite.runChild(Suite.java:128)
	at org.junit.runners.Suite.runChild(Suite.java:27)
	at org.junit.runners.ParentRunner$4.run(ParentRunner.java:331)
	at org.junit.runners.ParentRunner$1.schedule(ParentRunner.java:79)
	at org.junit.runners.ParentRunner.runChildren(ParentRunner.java:329)
	at org.junit.runners.ParentRunner.access$100(ParentRunner.java:66)
	at org.junit.runners.ParentRunner$2.evaluate(ParentRunner.java:293)
	at org.junit.runners.ParentRunner$3.evaluate(ParentRunner.java:306)
	at org.junit.runners.ParentRunner.run(ParentRunner.java:413)
	at org.junit.runner.JUnitCore.run(JUnitCore.java:137)
	at org.junit.runner.JUnitCore.run(JUnitCore.java:115)
	at edu.illinois.cs.testrunner.execution.JUnitTestExecutor.execute(JUnitTestExecutor.java:259)
	at edu.illinois.cs.testrunner.execution.JUnitTestExecutor.executeWithJUnit4Runner(JUnitTestExecutor.java:327)
	at edu.illinois.cs.testrunner.execution.JUnitTestExecutor.runOrder(JUnitTestExecutor.java:49)
	at edu.illinois.cs.testrunner.execution.Executor$.$anonfun$run$1(Executor.scala:30)
	at scala.runtime.java8.JFunction0$mcV$sp.apply(JFunction0$mcV$sp.java:12)
	at scala.util.Try$.apply(Try.scala:209)
	at edu.illinois.cs.testrunner.execution.Executor$.run(Executor.scala:28)
	at edu.illinois.cs.testrunner.execution.Executor$.main(Executor.scala:18)
	at edu.illinois.cs.testrunner.execution.Executor.main(Executor.scala)
Caused by: java.lang.AssertionError: 
  Unexpected method call LogBackend.isLevelEnabled(DEBUG):
	at org.easymock.internal.MockInvocationHandler.invoke(MockInvocationHandler.java:44)
	at org.easymock.internal.ObjectMethodsFilter.invoke(ObjectMethodsFilter.java:94)
	at com.sun.proxy.$Proxy13.isLevelEnabled(Unknown Source)
	at com.j256.ormlite.logger.Logger.logIfEnabled(Logger.java:659)
	at com.j256.ormlite.logger.Logger.log(Logger.java:610)
	at com.j256.ormlite.dao.RuntimeExceptionDao.logMessage(RuntimeExceptionDao.java:981)
	at com.j256.ormlite.dao.RuntimeExceptionDao.createObjectInstance(RuntimeExceptionDao.java:967)
	at com.j256.ormlite.dao.RuntimeExceptionDaoTest.testCreateObjectInstanceThrows(RuntimeExceptionDaoTest.java:1219)
	at sun.reflect.NativeMethodAccessorImpl.invoke0(Native Method)
	at sun.reflect.NativeMethodAccessorImpl.invoke(NativeMethodAccessorImpl.java:62)
	at sun.reflect.DelegatingMethodAccessorImpl.invoke(DelegatingMethodAccessorImpl.java:43)
	at java.lang.reflect.Method.invoke(Method.java:498)
	at org.junit.runners.model.FrameworkMethod$1.runReflectiveCall(FrameworkMethod.java:59)
	at org.junit.internal.runners.model.ReflectiveCallable.run(ReflectiveCallable.java:12)
	at org.junit.runners.model.FrameworkMethod.invokeExplosively(FrameworkMethod.java:56)
	at org.junit.internal.runners.statements.InvokeMethod.evaluate(InvokeMethod.java:17)
	at org.junit.internal.runners.statements.ExpectException.evaluate(ExpectException.java:19)
	... 34 more
java.lang.Exception: Unexpected exception, expected<java.lang.RuntimeException> but was<java.lang.AssertionError>
	at org.junit.internal.runners.statements.ExpectException.evaluate(ExpectException.java:30)
	at org.junit.internal.runners.statements.RunBefores.evaluate(RunBefores.java:26)
	at org.junit.internal.runners.statements.RunAfters.evaluate(RunAfters.java:27)
	at org.junit.runners.ParentRunner$3.evaluate(ParentRunner.java:306)
	at org.junit.runners.BlockJUnit4ClassRunner$1.evaluate(BlockJUnit4ClassRunner.java:100)
	at org.junit.runners.ParentRunner.runLeaf(ParentRunner.java:366)
	at org.junit.runners.BlockJUnit4ClassRunner.runChild(BlockJUnit4ClassRunner.java:103)
	at org.junit.runners.BlockJUnit4ClassRunner.runChild(BlockJUnit4ClassRunner.java:63)
	at org.junit.runners.ParentRunner$4.run(ParentRunner.java:331)
	at org.junit.runners.ParentRunner$1.schedule(ParentRunner.java:79)
	at org.junit.runners.ParentRunner.runChildren(ParentRunner.java:329)
	at org.junit.runners.ParentRunner.access$100(ParentRunner.java:66)
	at org.junit.runners.ParentRunner$2.evaluate(ParentRunner.java:293)
	at org.junit.runners.ParentRunner$3.evaluate(ParentRunner.java:306)
	at org.junit.runners.ParentRunner.run(ParentRunner.java:413)
	at org.junit.runners.Suite.runChild(Suite.java:128)
	at org.junit.runners.Suite.runChild(Suite.java:27)
	at org.junit.runners.ParentRunner$4.run(ParentRunner.java:331)
	at org.junit.runners.ParentRunner$1.schedule(ParentRunner.java:79)
	at org.junit.runners.ParentRunner.runChildren(ParentRunner.java:329)
	at org.junit.runners.ParentRunner.access$100(ParentRunner.java:66)
	at org.junit.runners.ParentRunner$2.evaluate(ParentRunner.java:293)
	at org.junit.runners.ParentRunner$3.evaluate(ParentRunner.java:306)
	at org.junit.runners.ParentRunner.run(ParentRunner.java:413)
	at org.junit.runner.JUnitCore.run(JUnitCore.java:137)
	at org.junit.runner.JUnitCore.run(JUnitCore.java:115)
	at edu.illinois.cs.testrunner.execution.JUnitTestExecutor.execute(JUnitTestExecutor.java:259)
	at edu.illinois.cs.testrunner.execution.JUnitTestExecutor.executeWithJUnit4Runner(JUnitTestExecutor.java:327)
	at edu.illinois.cs.testrunner.execution.JUnitTestExecutor.runOrder(JUnitTestExecutor.java:49)
	at edu.illinois.cs.testrunner.execution.Executor$.$anonfun$run$1(Executor.scala:30)
	at scala.runtime.java8.JFunction0$mcV$sp.apply(JFunction0$mcV$sp.java:12)
	at scala.util.Try$.apply(Try.scala:209)
	at edu.illinois.cs.testrunner.execution.Executor$.run(Executor.scala:28)
	at edu.illinois.cs.testrunner.execution.Executor$.main(Executor.scala:18)
	at edu.illinois.cs.testrunner.execution.Executor.main(Executor.scala)
Caused by: java.lang.AssertionError: 
  Unexpected method call LogBackend.isLevelEnabled(DEBUG):
	at org.easymock.internal.MockInvocationHandler.invoke(MockInvocationHandler.java:44)
	at org.easymock.internal.ObjectMethodsFilter.invoke(ObjectMethodsFilter.java:94)
	at com.sun.proxy.$Proxy13.isLevelEnabled(Unknown Source)
	at com.j256.ormlite.logger.Logger.logIfEnabled(Logger.java:659)
	at com.j256.ormlite.logger.Logger.log(Logger.java:610)
	at com.j256.ormlite.dao.RuntimeExceptionDao.logMessage(RuntimeExceptionDao.java:981)
	at com.j256.ormlite.dao.RuntimeExceptionDao.queryForFirst(RuntimeExceptionDao.java:96)
	at com.j256.ormlite.dao.RuntimeExceptionDaoTest.testQueryForFirstPreparedThrow(RuntimeExceptionDaoTest.java:412)
	at sun.reflect.NativeMethodAccessorImpl.invoke0(Native Method)
	at sun.reflect.NativeMethodAccessorImpl.invoke(NativeMethodAccessorImpl.java:62)
	at sun.reflect.DelegatingMethodAccessorImpl.invoke(DelegatingMethodAccessorImpl.java:43)
	at java.lang.reflect.Method.invoke(Method.java:498)
	at org.junit.runners.model.FrameworkMethod$1.runReflectiveCall(FrameworkMethod.java:59)
	at org.junit.internal.runners.model.ReflectiveCallable.run(ReflectiveCallable.java:12)
	at org.junit.runners.model.FrameworkMethod.invokeExplosively(FrameworkMethod.java:56)
	at org.junit.internal.runners.statements.InvokeMethod.evaluate(InvokeMethod.java:17)
	at org.junit.internal.runners.statements.ExpectException.evaluate(ExpectException.java:19)
	... 34 more
java.lang.Exception: Unexpected exception, expected<java.lang.RuntimeException> but was<java.lang.AssertionError>
	at org.junit.internal.runners.statements.ExpectException.evaluate(ExpectException.java:30)
	at org.junit.internal.runners.statements.RunBefores.evaluate(RunBefores.java:26)
	at org.junit.internal.runners.statements.RunAfters.evaluate(RunAfters.java:27)
	at org.junit.runners.ParentRunner$3.evaluate(ParentRunner.java:306)
	at org.junit.runners.BlockJUnit4ClassRunner$1.evaluate(BlockJUnit4ClassRunner.java:100)
	at org.junit.runners.ParentRunner.runLeaf(ParentRunner.java:366)
	at org.junit.runners.BlockJUnit4ClassRunner.runChild(BlockJUnit4ClassRunner.java:103)
	at org.junit.runners.BlockJUnit4ClassRunner.runChild(BlockJUnit4ClassRunner.java:63)
	at org.junit.runners.ParentRunner$4.run(ParentRunner.java:331)
	at org.junit.runners.ParentRunner$1.schedule(ParentRunner.java:79)
	at org.junit.runners.ParentRunner.runChildren(ParentRunner.java:329)
	at org.junit.runners.ParentRunner.access$100(ParentRunner.java:66)
	at org.junit.runners.ParentRunner$2.evaluate(ParentRunner.java:293)
	at org.junit.runners.ParentRunner$3.evaluate(ParentRunner.java:306)
	at org.junit.runners.ParentRunner.run(ParentRunner.java:413)
	at org.junit.runners.Suite.runChild(Suite.java:128)
	at org.junit.runners.Suite.runChild(Suite.java:27)
	at org.junit.runners.ParentRunner$4.run(ParentRunner.java:331)
	at org.junit.runners.ParentRunner$1.schedule(ParentRunner.java:79)
	at org.junit.runners.ParentRunner.runChildren(ParentRunner.java:329)
	at org.junit.runners.ParentRunner.access$100(ParentRunner.java:66)
	at org.junit.runners.ParentRunner$2.evaluate(ParentRunner.java:293)
	at org.junit.runners.ParentRunner$3.evaluate(ParentRunner.java:306)
	at org.junit.runners.ParentRunner.run(ParentRunner.java:413)
	at org.junit.runner.JUnitCore.run(JUnitCore.java:137)
	at org.junit.runner.JUnitCore.run(JUnitCore.java:115)
	at edu.illinois.cs.testrunner.execution.JUnitTestExecutor.execute(JUnitTestExecutor.java:259)
	at edu.illinois.cs.testrunner.execution.JUnitTestExecutor.executeWithJUnit4Runner(JUnitTestExecutor.java:327)
	at edu.illinois.cs.testrunner.execution.JUnitTestExecutor.runOrder(JUnitTestExecutor.java:49)
	at edu.illinois.cs.testrunner.execution.Executor$.$anonfun$run$1(Executor.scala:30)
	at scala.runtime.java8.JFunction0$mcV$sp.apply(JFunction0$mcV$sp.java:12)
	at scala.util.Try$.apply(Try.scala:209)
	at edu.illinois.cs.testrunner.execution.Executor$.run(Executor.scala:28)
	at edu.illinois.cs.testrunner.execution.Executor$.main(Executor.scala:18)
	at edu.illinois.cs.testrunner.execution.Executor.main(Executor.scala)
Caused by: java.lang.AssertionError: 
  Unexpected method call LogBackend.isLevelEnabled(DEBUG):
	at org.easymock.internal.MockInvocationHandler.invoke(MockInvocationHandler.java:44)
	at org.easymock.internal.ObjectMethodsFilter.invoke(ObjectMethodsFilter.java:94)
	at com.sun.proxy.$Proxy13.isLevelEnabled(Unknown Source)
	at com.j256.ormlite.logger.Logger.logIfEnabled(Logger.java:659)
	at com.j256.ormlite.logger.Logger.log(Logger.java:610)
	at com.j256.ormlite.dao.RuntimeExceptionDao.logMessage(RuntimeExceptionDao.java:981)
	at com.j256.ormlite.dao.RuntimeExceptionDao.callBatchTasks(RuntimeExceptionDao.java:616)
	at com.j256.ormlite.dao.RuntimeExceptionDaoTest.testCallBatchTasksThrow(RuntimeExceptionDaoTest.java:901)
	at sun.reflect.NativeMethodAccessorImpl.invoke0(Native Method)
	at sun.reflect.NativeMethodAccessorImpl.invoke(NativeMethodAccessorImpl.java:62)
	at sun.reflect.DelegatingMethodAccessorImpl.invoke(DelegatingMethodAccessorImpl.java:43)
	at java.lang.reflect.Method.invoke(Method.java:498)
	at org.junit.runners.model.FrameworkMethod$1.runReflectiveCall(FrameworkMethod.java:59)
	at org.junit.internal.runners.model.ReflectiveCallable.run(ReflectiveCallable.java:12)
	at org.junit.runners.model.FrameworkMethod.invokeExplosively(FrameworkMethod.java:56)
	at org.junit.internal.runners.statements.InvokeMethod.evaluate(InvokeMethod.java:17)
	at org.junit.internal.runners.statements.ExpectException.evaluate(ExpectException.java:19)
	... 34 more
java.lang.Exception: Unexpected exception, expected<java.lang.RuntimeException> but was<java.lang.AssertionError>
	at org.junit.internal.runners.statements.ExpectException.evaluate(ExpectException.java:30)
	at org.junit.internal.runners.statements.RunBefores.evaluate(RunBefores.java:26)
	at org.junit.internal.runners.statements.RunAfters.evaluate(RunAfters.java:27)
	at org.junit.runners.ParentRunner$3.evaluate(ParentRunner.java:306)
	at org.junit.runners.BlockJUnit4ClassRunner$1.evaluate(BlockJUnit4ClassRunner.java:100)
	at org.junit.runners.ParentRunner.runLeaf(ParentRunner.java:366)
	at org.junit.runners.BlockJUnit4ClassRunner.runChild(BlockJUnit4ClassRunner.java:103)
	at org.junit.runners.BlockJUnit4ClassRunner.runChild(BlockJUnit4ClassRunner.java:63)
	at org.junit.runners.ParentRunner$4.run(ParentRunner.java:331)
	at org.junit.runners.ParentRunner$1.schedule(ParentRunner.java:79)
	at org.junit.runners.ParentRunner.runChildren(ParentRunner.java:329)
	at org.junit.runners.ParentRunner.access$100(ParentRunner.java:66)
	at org.junit.runners.ParentRunner$2.evaluate(ParentRunner.java:293)
	at org.junit.runners.ParentRunner$3.evaluate(ParentRunner.java:306)
	at org.junit.runners.ParentRunner.run(ParentRunner.java:413)
	at org.junit.runners.Suite.runChild(Suite.java:128)
	at org.junit.runners.Suite.runChild(Suite.java:27)
	at org.junit.runners.ParentRunner$4.run(ParentRunner.java:331)
	at org.junit.runners.ParentRunner$1.schedule(ParentRunner.java:79)
	at org.junit.runners.ParentRunner.runChildren(ParentRunner.java:329)
	at org.junit.runners.ParentRunner.access$100(ParentRunner.java:66)
	at org.junit.runners.ParentRunner$2.evaluate(ParentRunner.java:293)
	at org.junit.runners.ParentRunner$3.evaluate(ParentRunner.java:306)
	at org.junit.runners.ParentRunner.run(ParentRunner.java:413)
	at org.junit.runner.JUnitCore.run(JUnitCore.java:137)
	at org.junit.runner.JUnitCore.run(JUnitCore.java:115)
	at edu.illinois.cs.testrunner.execution.JUnitTestExecutor.execute(JUnitTestExecutor.java:259)
	at edu.illinois.cs.testrunner.execution.JUnitTestExecutor.executeWithJUnit4Runner(JUnitTestExecutor.java:327)
	at edu.illinois.cs.testrunner.execution.JUnitTestExecutor.runOrder(JUnitTestExecutor.java:49)
	at edu.illinois.cs.testrunner.execution.Executor$.$anonfun$run$1(Executor.scala:30)
	at scala.runtime.java8.JFunction0$mcV$sp.apply(JFunction0$mcV$sp.java:12)
	at scala.util.Try$.apply(Try.scala:209)
	at edu.illinois.cs.testrunner.execution.Executor$.run(Executor.scala:28)
	at edu.illinois.cs.testrunner.execution.Executor$.main(Executor.scala:18)
	at edu.illinois.cs.testrunner.execution.Executor.main(Executor.scala)
Caused by: java.lang.AssertionError: 
  Unexpected method call LogBackend.isLevelEnabled(DEBUG):
	at org.easymock.internal.MockInvocationHandler.invoke(MockInvocationHandler.java:44)
	at org.easymock.internal.ObjectMethodsFilter.invoke(ObjectMethodsFilter.java:94)
	at com.sun.proxy.$Proxy13.isLevelEnabled(Unknown Source)
	at com.j256.ormlite.logger.Logger.logIfEnabled(Logger.java:659)
	at com.j256.ormlite.logger.Logger.log(Logger.java:610)
	at com.j256.ormlite.dao.RuntimeExceptionDao.logMessage(RuntimeExceptionDao.java:981)
	at com.j256.ormlite.dao.RuntimeExceptionDao.createIfNotExists(RuntimeExceptionDao.java:276)
	at com.j256.ormlite.dao.RuntimeExceptionDaoTest.testCreateIfNotExistsThrow(RuntimeExceptionDaoTest.java:544)
	at sun.reflect.NativeMethodAccessorImpl.invoke0(Native Method)
	at sun.reflect.NativeMethodAccessorImpl.invoke(NativeMethodAccessorImpl.java:62)
	at sun.reflect.DelegatingMethodAccessorImpl.invoke(DelegatingMethodAccessorImpl.java:43)
	at java.lang.reflect.Method.invoke(Method.java:498)
	at org.junit.runners.model.FrameworkMethod$1.runReflectiveCall(FrameworkMethod.java:59)
	at org.junit.internal.runners.model.ReflectiveCallable.run(ReflectiveCallable.java:12)
	at org.junit.runners.model.FrameworkMethod.invokeExplosively(FrameworkMethod.java:56)
	at org.junit.internal.runners.statements.InvokeMethod.evaluate(InvokeMethod.java:17)
	at org.junit.internal.runners.statements.ExpectException.evaluate(ExpectException.java:19)
	... 34 more
