ERROR StatusLogger Unable to locate a logging implementation, using SimpleLogger
2024-04-26 13:27:50,988 [WARNING] LoggerFactoryTest Unable to create instance of class com.j256.ormlite.android.AndroidLogBackend$AndroidLogBackendFactory for log type ANDROID, using local log: com.j256.ormlite.android.AndroidLogBackend$AndroidLogBackendFactory
2024-04-26 13:27:50,989 [WARNING] LoggerFactory Could not find valid log-type from system property 'com.j256.simplelogger.backend', value 'some.wrong.class'
2024-04-26 13:27:51,019 [INFO] TableUtils dropping table 'foo'
2024-04-26 13:27:51,151 [INFO] TableUtils ignoring drop error 'org.h2.jdbc.JdbcSQLSyntaxErrorException: Table "FOO" not found; SQL statement:
DROP TABLE `foo`  [42102-200]' for statement: DROP TABLE `foo` 
2024-04-26 13:27:51,151 [INFO] TableUtils creating table 'foo'
2024-04-26 13:27:51,177 [INFO] TableUtils executed create table statement changed 0 rows: CREATE TABLE `foo` (`id` INTEGER AUTO_INCREMENT , `val` INTEGER , `equal` INTEGER , `string` VARCHAR(255) , PRIMARY KEY (`id`) ) 
2024-04-26 13:27:51,180 [INFO] TableUtils dropping table 'foo'
2024-04-26 13:27:51,182 [INFO] TableUtils ignoring drop error 'org.h2.jdbc.JdbcSQLSyntaxErrorException: Table "FOO" not found; SQL statement:
DROP TABLE `foo`  [42102-200]' for statement: DROP TABLE `foo` 
2024-04-26 13:27:51,182 [INFO] TableUtils creating table 'foo'
2024-04-26 13:27:51,183 [INFO] TableUtils executed create table statement changed 0 rows: CREATE TABLE `foo` (`id` INTEGER AUTO_INCREMENT , `val` INTEGER , `equal` INTEGER , `string` VARCHAR(255) , PRIMARY KEY (`id`) ) 
2024-04-26 13:27:51,196 [DEBUG] BaseMappedStatement insert data with statement 'INSERT INTO `foo` (`val` ,`equal` ,`string` ) VALUES (?,?,?)' and 3 args, changed 1 rows
2024-04-26 13:27:51,196 [TRACE] BaseMappedStatement insert arguments: [1, 10, null]
2024-04-26 13:27:51,197 [DEBUG] BaseMappedStatement assigned id '1' from keyholder to 'id' in Foo object
2024-04-26 13:27:51,197 [DEBUG] StatementExecutor executing raw query for: SELECT * FROM `foo` WHERE `val` = ?
2024-04-26 13:27:51,197 [TRACE] StatementExecutor query arguments: [1]
2024-04-26 13:27:51,204 [INFO] TableUtils dropping table 'foo'
2024-04-26 13:27:51,205 [INFO] TableUtils ignoring drop error 'org.h2.jdbc.JdbcSQLSyntaxErrorException: Table "FOO" not found; SQL statement:
DROP TABLE `foo`  [42102-200]' for statement: DROP TABLE `foo` 
2024-04-26 13:27:51,205 [INFO] TableUtils creating table 'foo'
2024-04-26 13:27:51,206 [INFO] TableUtils executed create table statement changed 0 rows: CREATE TABLE `foo` (`id` INTEGER AUTO_INCREMENT , `val` INTEGER , `equal` INTEGER , `string` VARCHAR(255) , PRIMARY KEY (`id`) ) 
2024-04-26 13:27:51,207 [DEBUG] BaseMappedStatement insert data with statement 'INSERT INTO `foo` (`val` ,`equal` ,`string` ) VALUES (?,?,?)' and 3 args, changed 1 rows
2024-04-26 13:27:51,207 [TRACE] BaseMappedStatement insert arguments: [1, 10, null]
2024-04-26 13:27:51,207 [DEBUG] BaseMappedStatement assigned id '1' from keyholder to 'id' in Foo object
2024-04-26 13:27:51,208 [DEBUG] BaseMappedStatement insert data with statement 'INSERT INTO `foo` (`val` ,`equal` ,`string` ) VALUES (?,?,?)' and 3 args, changed 1 rows
2024-04-26 13:27:51,208 [TRACE] BaseMappedStatement insert arguments: [10, 5, null]
2024-04-26 13:27:51,208 [DEBUG] BaseMappedStatement assigned id '2' from keyholder to 'id' in Foo object
2024-04-26 13:27:51,208 [DEBUG] StatementExecutor executing raw query for: SELECT COUNT(*) FROM `foo`
2024-04-26 13:27:51,209 [DEBUG] StatementExecutor executing raw query for: SELECT MIN(val), MAX(val) FROM `foo`
2024-04-26 13:27:51,213 [INFO] TableUtils dropping table 'foo'
2024-04-26 13:27:51,214 [INFO] TableUtils ignoring drop error 'org.h2.jdbc.JdbcSQLSyntaxErrorException: Table "FOO" not found; SQL statement:
DROP TABLE `foo`  [42102-200]' for statement: DROP TABLE `foo` 
2024-04-26 13:27:51,214 [INFO] TableUtils creating table 'foo'
2024-04-26 13:27:51,215 [INFO] TableUtils executed create table statement changed 0 rows: CREATE TABLE `foo` (`id` INTEGER AUTO_INCREMENT , `val` INTEGER , `equal` INTEGER , `string` VARCHAR(255) , PRIMARY KEY (`id`) ) 
2024-04-26 13:27:51,216 [DEBUG] BaseMappedStatement insert data with statement 'INSERT INTO `foo` (`val` ,`equal` ,`string` ) VALUES (?,?,?)' and 3 args, changed 1 rows
2024-04-26 13:27:51,216 [TRACE] BaseMappedStatement insert arguments: [342, 0, null]
2024-04-26 13:27:51,216 [DEBUG] BaseMappedStatement assigned id '1' from keyholder to 'id' in Foo object
2024-04-26 13:27:51,217 [DEBUG] BaseMappedStatement insert data with statement 'INSERT INTO `foo` (`val` ,`equal` ,`string` ) VALUES (?,?,?)' and 3 args, changed 1 rows
2024-04-26 13:27:51,217 [TRACE] BaseMappedStatement insert arguments: [9045342, 0, null]
2024-04-26 13:27:51,217 [DEBUG] BaseMappedStatement assigned id '2' from keyholder to 'id' in Foo object
2024-04-26 13:27:51,217 [DEBUG] StatementExecutor executing raw query for: SELECT MAX(val) FROM `foo`
2024-04-26 13:27:51,218 [INFO] TableUtils dropping table 'foo'
2024-04-26 13:27:51,220 [INFO] TableUtils ignoring drop error 'org.h2.jdbc.JdbcSQLSyntaxErrorException: Table "FOO" not found; SQL statement:
DROP TABLE `foo`  [42102-200]' for statement: DROP TABLE `foo` 
2024-04-26 13:27:51,220 [INFO] TableUtils creating table 'foo'
2024-04-26 13:27:51,221 [INFO] TableUtils executed create table statement changed 0 rows: CREATE TABLE `foo` (`id` INTEGER AUTO_INCREMENT , `val` INTEGER , `equal` INTEGER , `string` VARCHAR(255) , PRIMARY KEY (`id`) ) 
2024-04-26 13:27:51,221 [DEBUG] BaseMappedStatement insert data with statement 'INSERT INTO `foo` (`val` ,`equal` ,`string` ) VALUES (?,?,?)' and 3 args, changed 1 rows
2024-04-26 13:27:51,221 [TRACE] BaseMappedStatement insert arguments: [243342, 0, null]
2024-04-26 13:27:51,221 [DEBUG] BaseMappedStatement assigned id '1' from keyholder to 'id' in Foo object
2024-04-26 13:27:51,222 [DEBUG] BaseMappedStatement insert data with statement 'INSERT INTO `foo` (`val` ,`equal` ,`string` ) VALUES (?,?,?)' and 3 args, changed 1 rows
2024-04-26 13:27:51,222 [TRACE] BaseMappedStatement insert arguments: [243342, 0, null]
2024-04-26 13:27:51,222 [DEBUG] BaseMappedStatement assigned id '2' from keyholder to 'id' in Foo object
2024-04-26 13:27:51,222 [DEBUG] BaseMappedStatement insert data with statement 'INSERT INTO `foo` (`val` ,`equal` ,`string` ) VALUES (?,?,?)' and 3 args, changed 1 rows
2024-04-26 13:27:51,222 [TRACE] BaseMappedStatement insert arguments: [6543, 0, null]
2024-04-26 13:27:51,222 [DEBUG] BaseMappedStatement assigned id '3' from keyholder to 'id' in Foo object
2024-04-26 13:27:51,222 [DEBUG] StatementExecutor executing raw query for: SELECT `val` FROM `foo` GROUP BY `val` HAVING COUNT(VAL) > 1
2024-04-26 13:27:51,223 [DEBUG] StatementExecutor executing raw query for: SELECT `val` FROM `foo` GROUP BY `val` HAVING COUNT(VAL) > 2
2024-04-26 13:27:51,225 [INFO] TableUtils dropping table 'foo'
2024-04-26 13:27:51,227 [INFO] TableUtils ignoring drop error 'org.h2.jdbc.JdbcSQLSyntaxErrorException: Table "FOO" not found; SQL statement:
DROP TABLE `foo`  [42102-200]' for statement: DROP TABLE `foo` 
2024-04-26 13:27:51,227 [INFO] TableUtils creating table 'foo'
2024-04-26 13:27:51,228 [INFO] TableUtils executed create table statement changed 0 rows: CREATE TABLE `foo` (`id` INTEGER AUTO_INCREMENT , `val` INTEGER , `equal` INTEGER , `string` VARCHAR(255) , PRIMARY KEY (`id`) ) 
2024-04-26 13:27:51,229 [DEBUG] BaseMappedStatement insert data with statement 'INSERT INTO `foo` (`val` ,`equal` ,`string` ) VALUES (?,?,?)' and 3 args, changed 1 rows
2024-04-26 13:27:51,229 [TRACE] BaseMappedStatement insert arguments: [1213213, 0, null]
2024-04-26 13:27:51,229 [DEBUG] BaseMappedStatement assigned id '1' from keyholder to 'id' in Foo object
2024-04-26 13:27:51,229 [DEBUG] StatementExecutor executing raw query for: select id as SOME_ID, val as SOME_VAL from foo
2024-04-26 13:27:51,231 [INFO] TableUtils dropping table 'foo'
2024-04-26 13:27:51,232 [INFO] TableUtils ignoring drop error 'org.h2.jdbc.JdbcSQLSyntaxErrorException: Table "FOO" not found; SQL statement:
DROP TABLE `foo`  [42102-200]' for statement: DROP TABLE `foo` 
2024-04-26 13:27:51,232 [INFO] TableUtils creating table 'foo'
2024-04-26 13:27:51,233 [INFO] TableUtils executed create table statement changed 0 rows: CREATE TABLE `foo` (`id` INTEGER AUTO_INCREMENT , `val` INTEGER , `equal` INTEGER , `string` VARCHAR(255) , PRIMARY KEY (`id`) ) 
2024-04-26 13:27:51,234 [DEBUG] BaseMappedStatement insert data with statement 'INSERT INTO `foo` (`val` ,`equal` ,`string` ) VALUES (?,?,?)' and 3 args, changed 1 rows
2024-04-26 13:27:51,234 [TRACE] BaseMappedStatement insert arguments: [1131246, 0, null]
2024-04-26 13:27:51,234 [DEBUG] BaseMappedStatement assigned id '1' from keyholder to 'id' in Foo object
2024-04-26 13:27:51,235 [DEBUG] BaseMappedStatement query-for-id using 'SELECT * FROM `foo` WHERE `id` = ?' and 1 args, got 1 result
2024-04-26 13:27:51,235 [TRACE] BaseMappedStatement query-for-id arguments: [1]
2024-04-26 13:27:51,243 [INFO] TableUtils dropping table 'foo'
2024-04-26 13:27:51,244 [INFO] TableUtils ignoring drop error 'org.h2.jdbc.JdbcSQLSyntaxErrorException: Table "FOO" not found; SQL statement:
DROP TABLE `foo`  [42102-200]' for statement: DROP TABLE `foo` 
2024-04-26 13:27:51,244 [INFO] TableUtils creating table 'foo'
2024-04-26 13:27:51,245 [INFO] TableUtils executed create table statement changed 0 rows: CREATE TABLE `foo` (`id` INTEGER AUTO_INCREMENT , `val` INTEGER , `equal` INTEGER , `string` VARCHAR(255) , PRIMARY KEY (`id`) ) 
2024-04-26 13:27:51,246 [INFO] TableUtils dropping table 'outer'
2024-04-26 13:27:51,247 [INFO] TableUtils ignoring drop error 'org.h2.jdbc.JdbcSQLSyntaxErrorException: Table "OUTER" not found; SQL statement:
DROP TABLE `outer`  [42102-200]' for statement: DROP TABLE `outer` 
2024-04-26 13:27:51,247 [INFO] TableUtils creating table 'outer'
2024-04-26 13:27:51,247 [INFO] TableUtils executed create table statement changed 0 rows: CREATE TABLE `outer` (`id` INTEGER AUTO_INCREMENT , `someString` INTEGER , PRIMARY KEY (`id`) ) 
2024-04-26 13:27:51,248 [INFO] TableUtils dropping table 'inner'
2024-04-26 13:27:51,249 [INFO] TableUtils ignoring drop error 'org.h2.jdbc.JdbcSQLSyntaxErrorException: Table "INNER" not found; SQL statement:
DROP TABLE `inner`  [42102-200]' for statement: DROP TABLE `inner` 
2024-04-26 13:27:51,249 [INFO] TableUtils creating table 'inner'
2024-04-26 13:27:51,250 [INFO] TableUtils executed create table statement changed 0 rows: CREATE TABLE `inner` (`id` INTEGER AUTO_INCREMENT , `someString` INTEGER , PRIMARY KEY (`id`) ) 
2024-04-26 13:27:51,250 [DEBUG] BaseMappedStatement insert data with statement 'INSERT INTO `foo` (`val` ,`equal` ,`string` ) VALUES (?,?,?)' and 3 args, changed 1 rows
2024-04-26 13:27:51,250 [TRACE] BaseMappedStatement insert arguments: [0, 0, null]
2024-04-26 13:27:51,250 [DEBUG] BaseMappedStatement assigned id '1' from keyholder to 'id' in Foo object
2024-04-26 13:27:51,251 [DEBUG] BaseMappedStatement insert data with statement 'INSERT INTO `outer` (`someString` ) VALUES (?)' and 1 args, changed 1 rows
2024-04-26 13:27:51,251 [TRACE] BaseMappedStatement insert arguments: [null]
2024-04-26 13:27:51,251 [DEBUG] BaseMappedStatement assigned id '1' from keyholder to 'id' in Outer object
2024-04-26 13:27:51,251 [DEBUG] BaseMappedStatement insert data with statement 'INSERT INTO `outer` (`someString` ) VALUES (?)' and 1 args, changed 1 rows
2024-04-26 13:27:51,251 [TRACE] BaseMappedStatement insert arguments: [1]
2024-04-26 13:27:51,251 [DEBUG] BaseMappedStatement assigned id '2' from keyholder to 'id' in Outer object
2024-04-26 13:27:51,252 [DEBUG] BaseMappedStatement insert data with statement 'INSERT INTO `inner` (`someString` ) VALUES (?)' and 1 args, changed 1 rows
2024-04-26 13:27:51,252 [TRACE] BaseMappedStatement insert arguments: [1]
2024-04-26 13:27:51,252 [DEBUG] BaseMappedStatement assigned id '1' from keyholder to 'id' in Inner object
2024-04-26 13:27:51,253 [DEBUG] BaseMappedStatement prepared statement 'SELECT `someString`,`id` FROM `outer` WHERE `someString` IN (SELECT `someString` FROM `inner`)' with 0 args
2024-04-26 13:27:51,254 [DEBUG] StatementExecutor query of 'SELECT `someString`,`id` FROM `outer` WHERE `someString` IN (SELECT `someString` FROM `inner`)' with 0 args returned 1 results
2024-04-26 13:27:51,255 [INFO] TableUtils dropping table 'cachewithselectcolumns'
2024-04-26 13:27:51,256 [INFO] TableUtils ignoring drop error 'org.h2.jdbc.JdbcSQLSyntaxErrorException: Table "CACHEWITHSELECTCOLUMNS" not found; SQL statement:
DROP TABLE `cachewithselectcolumns`  [42102-200]' for statement: DROP TABLE `cachewithselectcolumns` 
2024-04-26 13:27:51,256 [INFO] TableUtils creating table 'cachewithselectcolumns'
2024-04-26 13:27:51,257 [INFO] TableUtils executed create table statement changed 0 rows: CREATE TABLE `cachewithselectcolumns` (`id` INTEGER AUTO_INCREMENT , `text` VARCHAR(255) , PRIMARY KEY (`id`) ) 
2024-04-26 13:27:51,258 [DEBUG] BaseMappedStatement insert data with statement 'INSERT INTO `cachewithselectcolumns` (`text` ) VALUES (?)' and 1 args, changed 1 rows
2024-04-26 13:27:51,258 [TRACE] BaseMappedStatement insert arguments: [some text]
2024-04-26 13:27:51,258 [DEBUG] BaseMappedStatement assigned id '1' from keyholder to 'id' in CacheWithSelectColumns object
2024-04-26 13:27:51,258 [DEBUG] BaseMappedStatement prepared statement 'SELECT `id` FROM `cachewithselectcolumns`' with 0 args
2024-04-26 13:27:51,258 [DEBUG] StatementExecutor query-for-first of 'SELECT `id` FROM `cachewithselectcolumns`' with 0 args returned at least 1 result
2024-04-26 13:27:51,258 [DEBUG] BaseMappedStatement prepared statement 'SELECT `id`, `text` FROM `cachewithselectcolumns`' with 0 args
2024-04-26 13:27:51,259 [DEBUG] StatementExecutor query-for-first of 'SELECT `id`, `text` FROM `cachewithselectcolumns`' with 0 args returned at least 1 result
2024-04-26 13:27:51,259 [DEBUG] BaseMappedStatement prepared statement 'SELECT * FROM `cachewithselectcolumns`' with 0 args
2024-04-26 13:27:51,259 [DEBUG] StatementExecutor query-for-first of 'SELECT * FROM `cachewithselectcolumns`' with 0 args returned at least 1 result
Line is not in the format of 'pattern = level': x
Level ' INVALID_LEVEL' was not found
IO exception reading the log properties file '/ormliteLocalLog.properties': java.io.IOException: simulated exception
Line is not in the format of 'pattern = level': x
2024-04-26 13:27:51,263 [ERROR] LocalLogBackendTest message
2024-04-26 13:27:51,264 [INFO] LocalLogBackendTest hello there
2024-04-26 13:27:51,264 [INFO] LocalLogBackendTest message
2024-04-26 13:27:51,264 [INFO] LocalLogBackendTest message
java.lang.Throwable: log throwable
	at com.j256.ormlite.logger.BaseLogBackendTest.testInfoStringThrowable(BaseLogBackendTest.java:58)
	at sun.reflect.NativeMethodAccessorImpl.invoke0(Native Method)
	at sun.reflect.NativeMethodAccessorImpl.invoke(NativeMethodAccessorImpl.java:62)
	at sun.reflect.DelegatingMethodAccessorImpl.invoke(DelegatingMethodAccessorImpl.java:43)
	at java.lang.reflect.Method.invoke(Method.java:498)
	at org.junit.runners.model.FrameworkMethod$1.runReflectiveCall(FrameworkMethod.java:59)
	at org.junit.internal.runners.model.ReflectiveCallable.run(ReflectiveCallable.java:12)
	at org.junit.runners.model.FrameworkMethod.invokeExplosively(FrameworkMethod.java:56)
	at org.junit.internal.runners.statements.InvokeMethod.evaluate(InvokeMethod.java:17)
	at org.junit.runners.ParentRunner$3.evaluate(ParentRunner.java:306)
	at org.junit.runners.BlockJUnit4ClassRunner$1.evaluate(BlockJUnit4ClassRunner.java:100)
	at org.junit.runners.ParentRunner.runLeaf(ParentRunner.java:366)
	at org.junit.runners.BlockJUnit4ClassRunner.runChild(BlockJUnit4ClassRunner.java:103)
	at org.junit.runners.BlockJUnit4ClassRunner.runChild(BlockJUnit4ClassRunner.java:63)
	at org.junit.runners.ParentRunner$4.run(ParentRunner.java:331)
	at org.junit.runners.ParentRunner$1.schedule(ParentRunner.java:79)
	at org.junit.runners.ParentRunner.runChildren(ParentRunner.java:329)
	at org.junit.runners.ParentRunner.access$100(ParentRunner.java:66)
	at org.junit.runners.ParentRunner$2.evaluate(ParentRunner.java:293)
	at org.junit.runners.ParentRunner$3.evaluate(ParentRunner.java:306)
	at org.junit.runners.ParentRunner.run(ParentRunner.java:413)
	at org.junit.runners.Suite.runChild(Suite.java:128)
	at org.junit.runners.Suite.runChild(Suite.java:27)
	at org.junit.runners.ParentRunner$4.run(ParentRunner.java:331)
	at org.junit.runners.ParentRunner$1.schedule(ParentRunner.java:79)
	at org.junit.runners.ParentRunner.runChildren(ParentRunner.java:329)
	at org.junit.runners.ParentRunner.access$100(ParentRunner.java:66)
	at org.junit.runners.ParentRunner$2.evaluate(ParentRunner.java:293)
	at org.junit.runners.ParentRunner$3.evaluate(ParentRunner.java:306)
	at org.junit.runners.ParentRunner.run(ParentRunner.java:413)
	at org.junit.runner.JUnitCore.run(JUnitCore.java:137)
	at org.junit.runner.JUnitCore.run(JUnitCore.java:115)
	at edu.illinois.cs.testrunner.execution.JUnitTestExecutor.execute(JUnitTestExecutor.java:259)
	at edu.illinois.cs.testrunner.execution.JUnitTestExecutor.executeWithJUnit4Runner(JUnitTestExecutor.java:327)
	at edu.illinois.cs.testrunner.execution.JUnitTestExecutor.runOrder(JUnitTestExecutor.java:49)
	at edu.illinois.cs.testrunner.execution.Executor$.$anonfun$run$1(Executor.scala:30)
	at scala.runtime.java8.JFunction0$mcV$sp.apply(JFunction0$mcV$sp.java:12)
	at scala.util.Try$.apply(Try.scala:209)
	at edu.illinois.cs.testrunner.execution.Executor$.run(Executor.scala:28)
	at edu.illinois.cs.testrunner.execution.Executor$.main(Executor.scala:18)
	at edu.illinois.cs.testrunner.execution.Executor.main(Executor.scala)
2024-04-26 13:27:51,266 [WARNING] LocalLogBackendTest message
java.lang.Throwable: log throwable
	at com.j256.ormlite.logger.BaseLogBackendTest.testWarnStringThrowable(BaseLogBackendTest.java:68)
	at sun.reflect.NativeMethodAccessorImpl.invoke0(Native Method)
	at sun.reflect.NativeMethodAccessorImpl.invoke(NativeMethodAccessorImpl.java:62)
	at sun.reflect.DelegatingMethodAccessorImpl.invoke(DelegatingMethodAccessorImpl.java:43)
	at java.lang.reflect.Method.invoke(Method.java:498)
	at org.junit.runners.model.FrameworkMethod$1.runReflectiveCall(FrameworkMethod.java:59)
	at org.junit.internal.runners.model.ReflectiveCallable.run(ReflectiveCallable.java:12)
	at org.junit.runners.model.FrameworkMethod.invokeExplosively(FrameworkMethod.java:56)
	at org.junit.internal.runners.statements.InvokeMethod.evaluate(InvokeMethod.java:17)
	at org.junit.runners.ParentRunner$3.evaluate(ParentRunner.java:306)
	at org.junit.runners.BlockJUnit4ClassRunner$1.evaluate(BlockJUnit4ClassRunner.java:100)
	at org.junit.runners.ParentRunner.runLeaf(ParentRunner.java:366)
	at org.junit.runners.BlockJUnit4ClassRunner.runChild(BlockJUnit4ClassRunner.java:103)
	at org.junit.runners.BlockJUnit4ClassRunner.runChild(BlockJUnit4ClassRunner.java:63)
	at org.junit.runners.ParentRunner$4.run(ParentRunner.java:331)
	at org.junit.runners.ParentRunner$1.schedule(ParentRunner.java:79)
	at org.junit.runners.ParentRunner.runChildren(ParentRunner.java:329)
	at org.junit.runners.ParentRunner.access$100(ParentRunner.java:66)
	at org.junit.runners.ParentRunner$2.evaluate(ParentRunner.java:293)
	at org.junit.runners.ParentRunner$3.evaluate(ParentRunner.java:306)
	at org.junit.runners.ParentRunner.run(ParentRunner.java:413)
	at org.junit.runners.Suite.runChild(Suite.java:128)
	at org.junit.runners.Suite.runChild(Suite.java:27)
	at org.junit.runners.ParentRunner$4.run(ParentRunner.java:331)
	at org.junit.runners.ParentRunner$1.schedule(ParentRunner.java:79)
	at org.junit.runners.ParentRunner.runChildren(ParentRunner.java:329)
	at org.junit.runners.ParentRunner.access$100(ParentRunner.java:66)
	at org.junit.runners.ParentRunner$2.evaluate(ParentRunner.java:293)
	at org.junit.runners.ParentRunner$3.evaluate(ParentRunner.java:306)
	at org.junit.runners.ParentRunner.run(ParentRunner.java:413)
	at org.junit.runner.JUnitCore.run(JUnitCore.java:137)
	at org.junit.runner.JUnitCore.run(JUnitCore.java:115)
	at edu.illinois.cs.testrunner.execution.JUnitTestExecutor.execute(JUnitTestExecutor.java:259)
	at edu.illinois.cs.testrunner.execution.JUnitTestExecutor.executeWithJUnit4Runner(JUnitTestExecutor.java:327)
	at edu.illinois.cs.testrunner.execution.JUnitTestExecutor.runOrder(JUnitTestExecutor.java:49)
	at edu.illinois.cs.testrunner.execution.Executor$.$anonfun$run$1(Executor.scala:30)
	at scala.runtime.java8.JFunction0$mcV$sp.apply(JFunction0$mcV$sp.java:12)
	at scala.util.Try$.apply(Try.scala:209)
	at edu.illinois.cs.testrunner.execution.Executor$.run(Executor.scala:28)
	at edu.illinois.cs.testrunner.execution.Executor$.main(Executor.scala:18)
	at edu.illinois.cs.testrunner.execution.Executor.main(Executor.scala)
2024-04-26 13:27:51,268 [ERROR] LocalLogBackendTest message
java.lang.Throwable: log throwable
	at com.j256.ormlite.logger.BaseLogBackendTest.testErrorStringThrowable(BaseLogBackendTest.java:78)
	at sun.reflect.NativeMethodAccessorImpl.invoke0(Native Method)
	at sun.reflect.NativeMethodAccessorImpl.invoke(NativeMethodAccessorImpl.java:62)
	at sun.reflect.DelegatingMethodAccessorImpl.invoke(DelegatingMethodAccessorImpl.java:43)
	at java.lang.reflect.Method.invoke(Method.java:498)
	at org.junit.runners.model.FrameworkMethod$1.runReflectiveCall(FrameworkMethod.java:59)
	at org.junit.internal.runners.model.ReflectiveCallable.run(ReflectiveCallable.java:12)
	at org.junit.runners.model.FrameworkMethod.invokeExplosively(FrameworkMethod.java:56)
	at org.junit.internal.runners.statements.InvokeMethod.evaluate(InvokeMethod.java:17)
	at org.junit.runners.ParentRunner$3.evaluate(ParentRunner.java:306)
	at org.junit.runners.BlockJUnit4ClassRunner$1.evaluate(BlockJUnit4ClassRunner.java:100)
	at org.junit.runners.ParentRunner.runLeaf(ParentRunner.java:366)
	at org.junit.runners.BlockJUnit4ClassRunner.runChild(BlockJUnit4ClassRunner.java:103)
	at org.junit.runners.BlockJUnit4ClassRunner.runChild(BlockJUnit4ClassRunner.java:63)
	at org.junit.runners.ParentRunner$4.run(ParentRunner.java:331)
	at org.junit.runners.ParentRunner$1.schedule(ParentRunner.java:79)
	at org.junit.runners.ParentRunner.runChildren(ParentRunner.java:329)
	at org.junit.runners.ParentRunner.access$100(ParentRunner.java:66)
	at org.junit.runners.ParentRunner$2.evaluate(ParentRunner.java:293)
	at org.junit.runners.ParentRunner$3.evaluate(ParentRunner.java:306)
	at org.junit.runners.ParentRunner.run(ParentRunner.java:413)
	at org.junit.runners.Suite.runChild(Suite.java:128)
	at org.junit.runners.Suite.runChild(Suite.java:27)
	at org.junit.runners.ParentRunner$4.run(ParentRunner.java:331)
	at org.junit.runners.ParentRunner$1.schedule(ParentRunner.java:79)
	at org.junit.runners.ParentRunner.runChildren(ParentRunner.java:329)
	at org.junit.runners.ParentRunner.access$100(ParentRunner.java:66)
	at org.junit.runners.ParentRunner$2.evaluate(ParentRunner.java:293)
	at org.junit.runners.ParentRunner$3.evaluate(ParentRunner.java:306)
	at org.junit.runners.ParentRunner.run(ParentRunner.java:413)
	at org.junit.runner.JUnitCore.run(JUnitCore.java:137)
	at org.junit.runner.JUnitCore.run(JUnitCore.java:115)
	at edu.illinois.cs.testrunner.execution.JUnitTestExecutor.execute(JUnitTestExecutor.java:259)
	at edu.illinois.cs.testrunner.execution.JUnitTestExecutor.executeWithJUnit4Runner(JUnitTestExecutor.java:327)
	at edu.illinois.cs.testrunner.execution.JUnitTestExecutor.runOrder(JUnitTestExecutor.java:49)
	at edu.illinois.cs.testrunner.execution.Executor$.$anonfun$run$1(Executor.scala:30)
	at scala.runtime.java8.JFunction0$mcV$sp.apply(JFunction0$mcV$sp.java:12)
	at scala.util.Try$.apply(Try.scala:209)
	at edu.illinois.cs.testrunner.execution.Executor$.run(Executor.scala:28)
	at edu.illinois.cs.testrunner.execution.Executor$.main(Executor.scala:18)
	at edu.illinois.cs.testrunner.execution.Executor.main(Executor.scala)
2024-04-26 13:27:51,269 [FATAL] LocalLogBackendTest message
java.lang.Throwable: log throwable
	at com.j256.ormlite.logger.BaseLogBackendTest.testFatalStringThrowable(BaseLogBackendTest.java:88)
	at sun.reflect.NativeMethodAccessorImpl.invoke0(Native Method)
	at sun.reflect.NativeMethodAccessorImpl.invoke(NativeMethodAccessorImpl.java:62)
	at sun.reflect.DelegatingMethodAccessorImpl.invoke(DelegatingMethodAccessorImpl.java:43)
	at java.lang.reflect.Method.invoke(Method.java:498)
	at org.junit.runners.model.FrameworkMethod$1.runReflectiveCall(FrameworkMethod.java:59)
	at org.junit.internal.runners.model.ReflectiveCallable.run(ReflectiveCallable.java:12)
	at org.junit.runners.model.FrameworkMethod.invokeExplosively(FrameworkMethod.java:56)
	at org.junit.internal.runners.statements.InvokeMethod.evaluate(InvokeMethod.java:17)
	at org.junit.runners.ParentRunner$3.evaluate(ParentRunner.java:306)
	at org.junit.runners.BlockJUnit4ClassRunner$1.evaluate(BlockJUnit4ClassRunner.java:100)
	at org.junit.runners.ParentRunner.runLeaf(ParentRunner.java:366)
	at org.junit.runners.BlockJUnit4ClassRunner.runChild(BlockJUnit4ClassRunner.java:103)
	at org.junit.runners.BlockJUnit4ClassRunner.runChild(BlockJUnit4ClassRunner.java:63)
	at org.junit.runners.ParentRunner$4.run(ParentRunner.java:331)
	at org.junit.runners.ParentRunner$1.schedule(ParentRunner.java:79)
	at org.junit.runners.ParentRunner.runChildren(ParentRunner.java:329)
	at org.junit.runners.ParentRunner.access$100(ParentRunner.java:66)
	at org.junit.runners.ParentRunner$2.evaluate(ParentRunner.java:293)
	at org.junit.runners.ParentRunner$3.evaluate(ParentRunner.java:306)
	at org.junit.runners.ParentRunner.run(ParentRunner.java:413)
	at org.junit.runners.Suite.runChild(Suite.java:128)
	at org.junit.runners.Suite.runChild(Suite.java:27)
	at org.junit.runners.ParentRunner$4.run(ParentRunner.java:331)
	at org.junit.runners.ParentRunner$1.schedule(ParentRunner.java:79)
	at org.junit.runners.ParentRunner.runChildren(ParentRunner.java:329)
	at org.junit.runners.ParentRunner.access$100(ParentRunner.java:66)
	at org.junit.runners.ParentRunner$2.evaluate(ParentRunner.java:293)
	at org.junit.runners.ParentRunner$3.evaluate(ParentRunner.java:306)
	at org.junit.runners.ParentRunner.run(ParentRunner.java:413)
	at org.junit.runner.JUnitCore.run(JUnitCore.java:137)
	at org.junit.runner.JUnitCore.run(JUnitCore.java:115)
	at edu.illinois.cs.testrunner.execution.JUnitTestExecutor.execute(JUnitTestExecutor.java:259)
	at edu.illinois.cs.testrunner.execution.JUnitTestExecutor.executeWithJUnit4Runner(JUnitTestExecutor.java:327)
	at edu.illinois.cs.testrunner.execution.JUnitTestExecutor.runOrder(JUnitTestExecutor.java:49)
	at edu.illinois.cs.testrunner.execution.Executor$.$anonfun$run$1(Executor.scala:30)
	at scala.runtime.java8.JFunction0$mcV$sp.apply(JFunction0$mcV$sp.java:12)
	at scala.util.Try$.apply(Try.scala:209)
	at edu.illinois.cs.testrunner.execution.Executor$.run(Executor.scala:28)
	at edu.illinois.cs.testrunner.execution.Executor$.main(Executor.scala:18)
	at edu.illinois.cs.testrunner.execution.Executor.main(Executor.scala)
2024-04-26 13:27:51,270 [WARNING] LocalLogBackendTest message
2024-04-26 13:27:51,271 [FATAL] LocalLogBackendTest message
2024-04-26 13:27:51,271 [DEBUG] LocalLogBackendTest message
java.lang.Throwable: log throwable
	at com.j256.ormlite.logger.BaseLogBackendTest.testDebugStringThrowable(BaseLogBackendTest.java:48)
	at sun.reflect.NativeMethodAccessorImpl.invoke0(Native Method)
	at sun.reflect.NativeMethodAccessorImpl.invoke(NativeMethodAccessorImpl.java:62)
	at sun.reflect.DelegatingMethodAccessorImpl.invoke(DelegatingMethodAccessorImpl.java:43)
	at java.lang.reflect.Method.invoke(Method.java:498)
	at org.junit.runners.model.FrameworkMethod$1.runReflectiveCall(FrameworkMethod.java:59)
	at org.junit.internal.runners.model.ReflectiveCallable.run(ReflectiveCallable.java:12)
	at org.junit.runners.model.FrameworkMethod.invokeExplosively(FrameworkMethod.java:56)
	at org.junit.internal.runners.statements.InvokeMethod.evaluate(InvokeMethod.java:17)
	at org.junit.runners.ParentRunner$3.evaluate(ParentRunner.java:306)
	at org.junit.runners.BlockJUnit4ClassRunner$1.evaluate(BlockJUnit4ClassRunner.java:100)
	at org.junit.runners.ParentRunner.runLeaf(ParentRunner.java:366)
	at org.junit.runners.BlockJUnit4ClassRunner.runChild(BlockJUnit4ClassRunner.java:103)
	at org.junit.runners.BlockJUnit4ClassRunner.runChild(BlockJUnit4ClassRunner.java:63)
	at org.junit.runners.ParentRunner$4.run(ParentRunner.java:331)
	at org.junit.runners.ParentRunner$1.schedule(ParentRunner.java:79)
	at org.junit.runners.ParentRunner.runChildren(ParentRunner.java:329)
	at org.junit.runners.ParentRunner.access$100(ParentRunner.java:66)
	at org.junit.runners.ParentRunner$2.evaluate(ParentRunner.java:293)
	at org.junit.runners.ParentRunner$3.evaluate(ParentRunner.java:306)
	at org.junit.runners.ParentRunner.run(ParentRunner.java:413)
	at org.junit.runners.Suite.runChild(Suite.java:128)
	at org.junit.runners.Suite.runChild(Suite.java:27)
	at org.junit.runners.ParentRunner$4.run(ParentRunner.java:331)
	at org.junit.runners.ParentRunner$1.schedule(ParentRunner.java:79)
	at org.junit.runners.ParentRunner.runChildren(ParentRunner.java:329)
	at org.junit.runners.ParentRunner.access$100(ParentRunner.java:66)
	at org.junit.runners.ParentRunner$2.evaluate(ParentRunner.java:293)
	at org.junit.runners.ParentRunner$3.evaluate(ParentRunner.java:306)
	at org.junit.runners.ParentRunner.run(ParentRunner.java:413)
	at org.junit.runner.JUnitCore.run(JUnitCore.java:137)
	at org.junit.runner.JUnitCore.run(JUnitCore.java:115)
	at edu.illinois.cs.testrunner.execution.JUnitTestExecutor.execute(JUnitTestExecutor.java:259)
	at edu.illinois.cs.testrunner.execution.JUnitTestExecutor.executeWithJUnit4Runner(JUnitTestExecutor.java:327)
	at edu.illinois.cs.testrunner.execution.JUnitTestExecutor.runOrder(JUnitTestExecutor.java:49)
	at edu.illinois.cs.testrunner.execution.Executor$.$anonfun$run$1(Executor.scala:30)
	at scala.runtime.java8.JFunction0$mcV$sp.apply(JFunction0$mcV$sp.java:12)
	at scala.util.Try$.apply(Try.scala:209)
	at edu.illinois.cs.testrunner.execution.Executor$.run(Executor.scala:28)
	at edu.illinois.cs.testrunner.execution.Executor$.main(Executor.scala:18)
	at edu.illinois.cs.testrunner.execution.Executor.main(Executor.scala)
2024-04-26 13:27:51,272 [DEBUG] LocalLogBackendTest message
2024-04-26 13:27:51,276 [INFO] TableUtils creating table 'localfoo'
2024-04-26 13:27:51,277 [INFO] TableUtils executed create table statement changed -1 rows: CREATE TABLE `localfoo` (`id` INTEGER , `name` VARCHAR(255) ) 
2024-04-26 13:27:51,277 [INFO] TableUtils dropping table 'localfoo'
2024-04-26 13:27:51,278 [INFO] TableUtils ignoring drop error 'org.h2.jdbc.JdbcSQLSyntaxErrorException: Table "LOCALFOO" not found; SQL statement:
DROP TABLE `localfoo`  [42102-200]' for statement: DROP TABLE `localfoo` 
2024-04-26 13:27:51,278 [INFO] TableUtils creating table 'localfoo'
2024-04-26 13:27:51,279 [INFO] TableUtils executed create table statement changed 0 rows: CREATE TABLE IF NOT EXISTS `localfoo` (`id` INTEGER , `name` VARCHAR(255) ) 
2024-04-26 13:27:51,279 [DEBUG] StatementExecutor query of 'SELECT COUNT(*) FROM `localfoo`' returned 0
2024-04-26 13:27:51,279 [INFO] TableUtils creating table 'localfoo'
2024-04-26 13:27:51,280 [INFO] TableUtils executed create table statement changed 0 rows: CREATE TABLE IF NOT EXISTS `localfoo` (`id` INTEGER , `name` VARCHAR(255) ) 
2024-04-26 13:27:51,280 [DEBUG] StatementExecutor query of 'SELECT COUNT(*) FROM `localfoo`' returned 0
2024-04-26 13:27:51,280 [INFO] TableUtils dropping table 'localfoo'
2024-04-26 13:27:51,281 [INFO] TableUtils ignoring drop error 'org.h2.jdbc.JdbcSQLSyntaxErrorException: Table "LOCALFOO" not found; SQL statement:
DROP TABLE `localfoo`  [42102-200]' for statement: DROP TABLE `localfoo` 
2024-04-26 13:27:51,281 [INFO] TableUtils creating table 'localfoo'
2024-04-26 13:27:51,282 [INFO] TableUtils executed create table statement changed 0 rows: CREATE TABLE `localfoo` (`id` INTEGER , `name` VARCHAR(255) ) 
2024-04-26 13:27:51,282 [DEBUG] StatementExecutor query of 'SELECT COUNT(*) FROM `localfoo`' returned 0
2024-04-26 13:27:51,283 [DEBUG] BaseMappedStatement insert data with statement 'INSERT INTO `localfoo` (`id` ,`name` ) VALUES (?,?)' and 2 args, changed 1 rows
2024-04-26 13:27:51,283 [TRACE] BaseMappedStatement insert arguments: [0, null]
2024-04-26 13:27:51,283 [DEBUG] StatementExecutor query of 'SELECT COUNT(*) FROM `localfoo`' returned 1
2024-04-26 13:27:51,283 [INFO] TableUtils clearing table 'localfoo' with 'TRUNCATE TABLE `localfoo`
2024-04-26 13:27:51,284 [DEBUG] StatementExecutor query of 'SELECT COUNT(*) FROM `localfoo`' returned 0
2024-04-26 13:27:51,285 [INFO] TableUtils dropping table 'localfoo'
2024-04-26 13:27:51,285 [INFO] TableUtils ignoring drop error 'java.sql.SQLException: you asked us to!!' for statement: DROP TABLE `localfoo` 
2024-04-26 13:27:51,286 [INFO] TableUtils creating table 'index'
2024-04-26 13:27:51,286 [INFO] TableUtils creating index 'index_stuff_idx' for table 'index
2024-04-26 13:27:51,286 [INFO] TableUtils executed create table statement changed 0 rows: CREATE TABLE `index` (`stuff` VARCHAR(255) ) 
2024-04-26 13:27:51,287 [INFO] TableUtils executed create table statement changed 0 rows: CREATE INDEX `index_stuff_idx` ON `index` ( `stuff` )
2024-04-26 13:27:51,287 [INFO] TableUtils dropping index 'index_stuff_idx' for table 'index
2024-04-26 13:27:51,287 [INFO] TableUtils dropping table 'index'
2024-04-26 13:27:51,287 [INFO] TableUtils executed drop table statement changed 0 rows: DROP INDEX `index_stuff_idx`
2024-04-26 13:27:51,287 [INFO] TableUtils executed drop table statement changed 0 rows: DROP TABLE `index` 
2024-04-26 13:27:51,288 [INFO] TableUtils dropping table 'localfoo'
2024-04-26 13:27:51,289 [INFO] TableUtils ignoring drop error 'org.h2.jdbc.JdbcSQLSyntaxErrorException: Table "LOCALFOO" not found; SQL statement:
DROP TABLE `localfoo`  [42102-200]' for statement: DROP TABLE `localfoo` 
2024-04-26 13:27:51,289 [INFO] TableUtils creating table 'localfoo'
2024-04-26 13:27:51,290 [INFO] TableUtils executed create table statement changed 0 rows: CREATE TABLE `localfoo` (`id` INTEGER , `name` VARCHAR(255) ) 
2024-04-26 13:27:51,290 [DEBUG] BaseMappedStatement prepared statement 'SELECT * FROM `localfoo`' with 0 args
2024-04-26 13:27:51,290 [DEBUG] StatementExecutor query of 'SELECT * FROM `localfoo`' with 0 args returned 0 results
2024-04-26 13:27:51,290 [INFO] TableUtils dropping table 'localfoo'
2024-04-26 13:27:51,291 [INFO] TableUtils executed drop table statement changed 0 rows: DROP TABLE `localfoo` 
2024-04-26 13:27:51,291 [INFO] TableUtils dropping table 'localfoo'
2024-04-26 13:27:51,292 [INFO] TableUtils ignoring drop error 'org.h2.jdbc.JdbcSQLSyntaxErrorException: Table "LOCALFOO" not found; SQL statement:
DROP TABLE `localfoo`  [42102-200]' for statement: DROP TABLE `localfoo` 
2024-04-26 13:27:51,292 [INFO] TableUtils creating table 'localfoo'
2024-04-26 13:27:51,292 [INFO] TableUtils executed create table statement changed 0 rows: CREATE TABLE `localfoo` (`id` INTEGER , `name` VARCHAR(255) ) 
2024-04-26 13:27:51,292 [DEBUG] BaseMappedStatement prepared statement 'SELECT * FROM `localfoo`' with 0 args
2024-04-26 13:27:51,292 [DEBUG] StatementExecutor query of 'SELECT * FROM `localfoo`' with 0 args returned 0 results
2024-04-26 13:27:51,292 [INFO] TableUtils dropping table 'localfoo'
2024-04-26 13:27:51,293 [INFO] TableUtils executed drop table statement changed 0 rows: DROP TABLE `localfoo` 
2024-04-26 13:27:51,293 [INFO] TableUtils dropping table 'localfoo'
2024-04-26 13:27:51,295 [INFO] TableUtils dropping table 'localfoo'
2024-04-26 13:27:51,295 [INFO] TableUtils executed drop table statement changed 0 rows: DROP TABLE `localfoo` 
2024-04-26 13:27:51,296 [INFO] TableUtils creating table 'comboindex'
2024-04-26 13:27:51,296 [INFO] TableUtils creating index 'stuffjunk' for table 'comboindex
2024-04-26 13:27:51,296 [INFO] TableUtils executed create table statement changed 0 rows: CREATE TABLE `comboindex` (`stuff` VARCHAR(255) , `junk` BIGINT ) 
2024-04-26 13:27:51,296 [INFO] TableUtils executed create table statement changed 0 rows: CREATE INDEX `stuffjunk` ON `comboindex` ( `stuff`, `junk` )
2024-04-26 13:27:51,296 [INFO] TableUtils dropping index 'stuffjunk' for table 'comboindex
2024-04-26 13:27:51,296 [INFO] TableUtils dropping table 'comboindex'
2024-04-26 13:27:51,297 [INFO] TableUtils executed drop table statement changed 0 rows: DROP INDEX `stuffjunk`
2024-04-26 13:27:51,297 [INFO] TableUtils executed drop table statement changed 0 rows: DROP TABLE `comboindex` 
2024-04-26 13:27:51,298 [INFO] TableUtils creating table 'localfoo'
2024-04-26 13:27:51,298 [INFO] TableUtils dropping table 'localfoo'
2024-04-26 13:27:51,299 [INFO] TableUtils ignoring drop error 'org.h2.jdbc.JdbcSQLSyntaxErrorException: Table "LOCALFOO" not found; SQL statement:
DROP TABLE `localfoo`  [42102-200]' for statement: DROP TABLE `localfoo` 
2024-04-26 13:27:51,300 [INFO] TableUtils creating table 'localfoo'
2024-04-26 13:27:51,300 [INFO] TableUtils executed create table statement changed 0 rows: CREATE TABLE `localfoo` (`id` INTEGER , `name` VARCHAR(255) ) 
2024-04-26 13:27:51,300 [DEBUG] BaseMappedStatement prepared statement 'SELECT * FROM `localfoo`' with 0 args
2024-04-26 13:27:51,300 [DEBUG] StatementExecutor query of 'SELECT * FROM `localfoo`' with 0 args returned 0 results
2024-04-26 13:27:51,300 [INFO] TableUtils dropping table 'localfoo'
2024-04-26 13:27:51,301 [INFO] TableUtils executed drop table statement changed 0 rows: DROP TABLE `localfoo` 
2024-04-26 13:27:51,302 [INFO] TableUtils creating table 'localfoo'
2024-04-26 13:27:51,302 [INFO] TableUtils executed create table statement changed 0 rows: CREATE TABLE `localfoo` (`id` INTEGER , `name` VARCHAR(255) ) 
2024-04-26 13:27:51,302 [INFO] TableUtils executing create table after-query got 0 results: SELECT * from foo
2024-04-26 13:27:51,303 [INFO] TableUtils dropping table 'localfoo'
2024-04-26 13:27:51,303 [INFO] TableUtils executed drop table statement changed -1 rows: DROP TABLE `localfoo` 
2024-04-26 13:27:51,304 [INFO] TableUtils dropping table 'localfoo'
2024-04-26 13:27:51,305 [INFO] TableUtils ignoring drop error 'org.h2.jdbc.JdbcSQLSyntaxErrorException: Table "LOCALFOO" not found; SQL statement:
DROP TABLE `localfoo`  [42102-200]' for statement: DROP TABLE `localfoo` 
2024-04-26 13:27:51,305 [INFO] TableUtils creating table 'localfoo'
2024-04-26 13:27:51,306 [INFO] TableUtils executed create table statement changed 0 rows: CREATE TABLE `localfoo` (`id` INTEGER , `name` VARCHAR(255) ) 
2024-04-26 13:27:51,306 [DEBUG] BaseMappedStatement prepared statement 'SELECT * FROM `localfoo`' with 0 args
2024-04-26 13:27:51,306 [DEBUG] StatementExecutor query of 'SELECT * FROM `localfoo`' with 0 args returned 0 results
2024-04-26 13:27:51,306 [INFO] TableUtils dropping table 'localfoo'
2024-04-26 13:27:51,306 [INFO] TableUtils executed drop table statement changed 0 rows: DROP TABLE `localfoo` 
2024-04-26 13:27:51,307 [INFO] TableUtils dropping table 'localfoo'
2024-04-26 13:27:51,307 [INFO] TableUtils dropping table 'localfoo'
2024-04-26 13:27:51,308 [INFO] TableUtils executed drop table statement changed 0 rows: DROP TABLE `localfoo` 
2024-04-26 13:27:51,308 [INFO] TableUtils dropping table 'localfoo'
2024-04-26 13:27:51,309 [INFO] TableUtils ignoring drop error 'org.h2.jdbc.JdbcSQLSyntaxErrorException: Table "LOCALFOO" not found; SQL statement:
DROP TABLE `localfoo`  [42102-200]' for statement: DROP TABLE `localfoo` 
2024-04-26 13:27:51,309 [INFO] TableUtils creating table 'localfoo'
2024-04-26 13:27:51,309 [INFO] TableUtils executed create table statement changed 0 rows: CREATE TABLE `localfoo` (`id` INTEGER , `name` VARCHAR(255) ) 
2024-04-26 13:27:51,309 [DEBUG] StatementExecutor running raw execute statement: DROP TABLE `LocalFoo`
2024-04-26 13:27:51,311 [INFO] TableUtils creating table 'localfoo'
2024-04-26 13:27:51,311 [INFO] TableUtils executed create table statement changed 0 rows: CREATE TABLE `localfoo` (`id` INTEGER , `name` VARCHAR(255) ) 
2024-04-26 13:27:51,312 [INFO] TableUtils creating table 'localfoo'
2024-04-26 13:27:51,312 [INFO] TableUtils executed create table statement changed 1 rows: CREATE TABLE `localfoo` (`id` INTEGER , `name` VARCHAR(255) ) 
2024-04-26 13:27:51,313 [INFO] TableUtils creating table 'uniqueindex'
2024-04-26 13:27:51,313 [INFO] TableUtils creating index 'uniqueindex_stuff_idx' for table 'uniqueindex
2024-04-26 13:27:51,313 [INFO] TableUtils executed create table statement changed 0 rows: CREATE TABLE `uniqueindex` (`stuff` VARCHAR(255) ) 
2024-04-26 13:27:51,313 [INFO] TableUtils executed create table statement changed 0 rows: CREATE UNIQUE INDEX `uniqueindex_stuff_idx` ON `uniqueindex` ( `stuff` )
2024-04-26 13:27:51,313 [INFO] TableUtils dropping index 'uniqueindex_stuff_idx' for table 'uniqueindex
2024-04-26 13:27:51,313 [INFO] TableUtils dropping table 'uniqueindex'
2024-04-26 13:27:51,313 [INFO] TableUtils executed drop table statement changed 0 rows: DROP INDEX `uniqueindex_stuff_idx`
2024-04-26 13:27:51,313 [INFO] TableUtils executed drop table statement changed 0 rows: DROP TABLE `uniqueindex` 
2024-04-26 13:27:51,314 [INFO] TableUtils dropping table 'localfoo'
2024-04-26 13:27:51,315 [INFO] TableUtils ignoring drop error 'org.h2.jdbc.JdbcSQLSyntaxErrorException: Table "LOCALFOO" not found; SQL statement:
DROP TABLE `localfoo`  [42102-200]' for statement: DROP TABLE `localfoo` 
2024-04-26 13:27:51,315 [INFO] TableUtils creating table 'localfoo'
2024-04-26 13:27:51,316 [INFO] TableUtils executed create table statement changed 0 rows: CREATE TABLE IF NOT EXISTS `localfoo` (`id` INTEGER , `name` VARCHAR(255) ) 
2024-04-26 13:27:51,316 [DEBUG] StatementExecutor query of 'SELECT COUNT(*) FROM `localfoo`' returned 0
2024-04-26 13:27:51,316 [INFO] TableUtils creating table 'localfoo'
2024-04-26 13:27:51,316 [INFO] TableUtils executed create table statement changed 0 rows: CREATE TABLE IF NOT EXISTS `localfoo` (`id` INTEGER , `name` VARCHAR(255) ) 
2024-04-26 13:27:51,316 [DEBUG] StatementExecutor query of 'SELECT COUNT(*) FROM `localfoo`' returned 0
2024-04-26 13:27:51,317 [ERROR] LogbackLogBackendTest message
2024-04-26 13:27:51,317 [INFO] LogbackLogBackendTest hello there
2024-04-26 13:27:51,317 [INFO] LogbackLogBackendTest message
2024-04-26 13:27:51,317 [INFO] LogbackLogBackendTest message
java.lang.Throwable: log throwable
	at com.j256.ormlite.logger.BaseLogBackendTest.testInfoStringThrowable(BaseLogBackendTest.java:58)
	at sun.reflect.NativeMethodAccessorImpl.invoke0(Native Method)
	at sun.reflect.NativeMethodAccessorImpl.invoke(NativeMethodAccessorImpl.java:62)
	at sun.reflect.DelegatingMethodAccessorImpl.invoke(DelegatingMethodAccessorImpl.java:43)
	at java.lang.reflect.Method.invoke(Method.java:498)
	at org.junit.runners.model.FrameworkMethod$1.runReflectiveCall(FrameworkMethod.java:59)
	at org.junit.internal.runners.model.ReflectiveCallable.run(ReflectiveCallable.java:12)
	at org.junit.runners.model.FrameworkMethod.invokeExplosively(FrameworkMethod.java:56)
	at org.junit.internal.runners.statements.InvokeMethod.evaluate(InvokeMethod.java:17)
	at org.junit.runners.ParentRunner$3.evaluate(ParentRunner.java:306)
	at org.junit.runners.BlockJUnit4ClassRunner$1.evaluate(BlockJUnit4ClassRunner.java:100)
	at org.junit.runners.ParentRunner.runLeaf(ParentRunner.java:366)
	at org.junit.runners.BlockJUnit4ClassRunner.runChild(BlockJUnit4ClassRunner.java:103)
	at org.junit.runners.BlockJUnit4ClassRunner.runChild(BlockJUnit4ClassRunner.java:63)
	at org.junit.runners.ParentRunner$4.run(ParentRunner.java:331)
	at org.junit.runners.ParentRunner$1.schedule(ParentRunner.java:79)
	at org.junit.runners.ParentRunner.runChildren(ParentRunner.java:329)
	at org.junit.runners.ParentRunner.access$100(ParentRunner.java:66)
	at org.junit.runners.ParentRunner$2.evaluate(ParentRunner.java:293)
	at org.junit.runners.ParentRunner$3.evaluate(ParentRunner.java:306)
	at org.junit.runners.ParentRunner.run(ParentRunner.java:413)
	at org.junit.runners.Suite.runChild(Suite.java:128)
	at org.junit.runners.Suite.runChild(Suite.java:27)
	at org.junit.runners.ParentRunner$4.run(ParentRunner.java:331)
	at org.junit.runners.ParentRunner$1.schedule(ParentRunner.java:79)
	at org.junit.runners.ParentRunner.runChildren(ParentRunner.java:329)
	at org.junit.runners.ParentRunner.access$100(ParentRunner.java:66)
	at org.junit.runners.ParentRunner$2.evaluate(ParentRunner.java:293)
	at org.junit.runners.ParentRunner$3.evaluate(ParentRunner.java:306)
	at org.junit.runners.ParentRunner.run(ParentRunner.java:413)
	at org.junit.runner.JUnitCore.run(JUnitCore.java:137)
	at org.junit.runner.JUnitCore.run(JUnitCore.java:115)
	at edu.illinois.cs.testrunner.execution.JUnitTestExecutor.execute(JUnitTestExecutor.java:259)
	at edu.illinois.cs.testrunner.execution.JUnitTestExecutor.executeWithJUnit4Runner(JUnitTestExecutor.java:327)
	at edu.illinois.cs.testrunner.execution.JUnitTestExecutor.runOrder(JUnitTestExecutor.java:49)
	at edu.illinois.cs.testrunner.execution.Executor$.$anonfun$run$1(Executor.scala:30)
	at scala.runtime.java8.JFunction0$mcV$sp.apply(JFunction0$mcV$sp.java:12)
	at scala.util.Try$.apply(Try.scala:209)
	at edu.illinois.cs.testrunner.execution.Executor$.run(Executor.scala:28)
	at edu.illinois.cs.testrunner.execution.Executor$.main(Executor.scala:18)
	at edu.illinois.cs.testrunner.execution.Executor.main(Executor.scala)
2024-04-26 13:27:51,318 [WARN] LogbackLogBackendTest message
java.lang.Throwable: log throwable
	at com.j256.ormlite.logger.BaseLogBackendTest.testWarnStringThrowable(BaseLogBackendTest.java:68)
	at sun.reflect.NativeMethodAccessorImpl.invoke0(Native Method)
	at sun.reflect.NativeMethodAccessorImpl.invoke(NativeMethodAccessorImpl.java:62)
	at sun.reflect.DelegatingMethodAccessorImpl.invoke(DelegatingMethodAccessorImpl.java:43)
	at java.lang.reflect.Method.invoke(Method.java:498)
	at org.junit.runners.model.FrameworkMethod$1.runReflectiveCall(FrameworkMethod.java:59)
	at org.junit.internal.runners.model.ReflectiveCallable.run(ReflectiveCallable.java:12)
	at org.junit.runners.model.FrameworkMethod.invokeExplosively(FrameworkMethod.java:56)
	at org.junit.internal.runners.statements.InvokeMethod.evaluate(InvokeMethod.java:17)
	at org.junit.runners.ParentRunner$3.evaluate(ParentRunner.java:306)
	at org.junit.runners.BlockJUnit4ClassRunner$1.evaluate(BlockJUnit4ClassRunner.java:100)
	at org.junit.runners.ParentRunner.runLeaf(ParentRunner.java:366)
	at org.junit.runners.BlockJUnit4ClassRunner.runChild(BlockJUnit4ClassRunner.java:103)
	at org.junit.runners.BlockJUnit4ClassRunner.runChild(BlockJUnit4ClassRunner.java:63)
	at org.junit.runners.ParentRunner$4.run(ParentRunner.java:331)
	at org.junit.runners.ParentRunner$1.schedule(ParentRunner.java:79)
	at org.junit.runners.ParentRunner.runChildren(ParentRunner.java:329)
	at org.junit.runners.ParentRunner.access$100(ParentRunner.java:66)
	at org.junit.runners.ParentRunner$2.evaluate(ParentRunner.java:293)
	at org.junit.runners.ParentRunner$3.evaluate(ParentRunner.java:306)
	at org.junit.runners.ParentRunner.run(ParentRunner.java:413)
	at org.junit.runners.Suite.runChild(Suite.java:128)
	at org.junit.runners.Suite.runChild(Suite.java:27)
	at org.junit.runners.ParentRunner$4.run(ParentRunner.java:331)
	at org.junit.runners.ParentRunner$1.schedule(ParentRunner.java:79)
	at org.junit.runners.ParentRunner.runChildren(ParentRunner.java:329)
	at org.junit.runners.ParentRunner.access$100(ParentRunner.java:66)
	at org.junit.runners.ParentRunner$2.evaluate(ParentRunner.java:293)
	at org.junit.runners.ParentRunner$3.evaluate(ParentRunner.java:306)
	at org.junit.runners.ParentRunner.run(ParentRunner.java:413)
	at org.junit.runner.JUnitCore.run(JUnitCore.java:137)
	at org.junit.runner.JUnitCore.run(JUnitCore.java:115)
	at edu.illinois.cs.testrunner.execution.JUnitTestExecutor.execute(JUnitTestExecutor.java:259)
	at edu.illinois.cs.testrunner.execution.JUnitTestExecutor.executeWithJUnit4Runner(JUnitTestExecutor.java:327)
	at edu.illinois.cs.testrunner.execution.JUnitTestExecutor.runOrder(JUnitTestExecutor.java:49)
	at edu.illinois.cs.testrunner.execution.Executor$.$anonfun$run$1(Executor.scala:30)
	at scala.runtime.java8.JFunction0$mcV$sp.apply(JFunction0$mcV$sp.java:12)
	at scala.util.Try$.apply(Try.scala:209)
	at edu.illinois.cs.testrunner.execution.Executor$.run(Executor.scala:28)
	at edu.illinois.cs.testrunner.execution.Executor$.main(Executor.scala:18)
	at edu.illinois.cs.testrunner.execution.Executor.main(Executor.scala)
2024-04-26 13:27:51,319 [ERROR] LogbackLogBackendTest message
java.lang.Throwable: log throwable
	at com.j256.ormlite.logger.BaseLogBackendTest.testErrorStringThrowable(BaseLogBackendTest.java:78)
	at sun.reflect.NativeMethodAccessorImpl.invoke0(Native Method)
	at sun.reflect.NativeMethodAccessorImpl.invoke(NativeMethodAccessorImpl.java:62)
	at sun.reflect.DelegatingMethodAccessorImpl.invoke(DelegatingMethodAccessorImpl.java:43)
	at java.lang.reflect.Method.invoke(Method.java:498)
	at org.junit.runners.model.FrameworkMethod$1.runReflectiveCall(FrameworkMethod.java:59)
	at org.junit.internal.runners.model.ReflectiveCallable.run(ReflectiveCallable.java:12)
	at org.junit.runners.model.FrameworkMethod.invokeExplosively(FrameworkMethod.java:56)
	at org.junit.internal.runners.statements.InvokeMethod.evaluate(InvokeMethod.java:17)
	at org.junit.runners.ParentRunner$3.evaluate(ParentRunner.java:306)
	at org.junit.runners.BlockJUnit4ClassRunner$1.evaluate(BlockJUnit4ClassRunner.java:100)
	at org.junit.runners.ParentRunner.runLeaf(ParentRunner.java:366)
	at org.junit.runners.BlockJUnit4ClassRunner.runChild(BlockJUnit4ClassRunner.java:103)
	at org.junit.runners.BlockJUnit4ClassRunner.runChild(BlockJUnit4ClassRunner.java:63)
	at org.junit.runners.ParentRunner$4.run(ParentRunner.java:331)
	at org.junit.runners.ParentRunner$1.schedule(ParentRunner.java:79)
	at org.junit.runners.ParentRunner.runChildren(ParentRunner.java:329)
	at org.junit.runners.ParentRunner.access$100(ParentRunner.java:66)
	at org.junit.runners.ParentRunner$2.evaluate(ParentRunner.java:293)
	at org.junit.runners.ParentRunner$3.evaluate(ParentRunner.java:306)
	at org.junit.runners.ParentRunner.run(ParentRunner.java:413)
	at org.junit.runners.Suite.runChild(Suite.java:128)
	at org.junit.runners.Suite.runChild(Suite.java:27)
	at org.junit.runners.ParentRunner$4.run(ParentRunner.java:331)
	at org.junit.runners.ParentRunner$1.schedule(ParentRunner.java:79)
	at org.junit.runners.ParentRunner.runChildren(ParentRunner.java:329)
	at org.junit.runners.ParentRunner.access$100(ParentRunner.java:66)
	at org.junit.runners.ParentRunner$2.evaluate(ParentRunner.java:293)
	at org.junit.runners.ParentRunner$3.evaluate(ParentRunner.java:306)
	at org.junit.runners.ParentRunner.run(ParentRunner.java:413)
	at org.junit.runner.JUnitCore.run(JUnitCore.java:137)
	at org.junit.runner.JUnitCore.run(JUnitCore.java:115)
	at edu.illinois.cs.testrunner.execution.JUnitTestExecutor.execute(JUnitTestExecutor.java:259)
	at edu.illinois.cs.testrunner.execution.JUnitTestExecutor.executeWithJUnit4Runner(JUnitTestExecutor.java:327)
	at edu.illinois.cs.testrunner.execution.JUnitTestExecutor.runOrder(JUnitTestExecutor.java:49)
	at edu.illinois.cs.testrunner.execution.Executor$.$anonfun$run$1(Executor.scala:30)
	at scala.runtime.java8.JFunction0$mcV$sp.apply(JFunction0$mcV$sp.java:12)
	at scala.util.Try$.apply(Try.scala:209)
	at edu.illinois.cs.testrunner.execution.Executor$.run(Executor.scala:28)
	at edu.illinois.cs.testrunner.execution.Executor$.main(Executor.scala:18)
	at edu.illinois.cs.testrunner.execution.Executor.main(Executor.scala)
2024-04-26 13:27:51,320 [ERROR] LogbackLogBackendTest message
java.lang.Throwable: log throwable
	at com.j256.ormlite.logger.BaseLogBackendTest.testFatalStringThrowable(BaseLogBackendTest.java:88)
	at sun.reflect.NativeMethodAccessorImpl.invoke0(Native Method)
	at sun.reflect.NativeMethodAccessorImpl.invoke(NativeMethodAccessorImpl.java:62)
	at sun.reflect.DelegatingMethodAccessorImpl.invoke(DelegatingMethodAccessorImpl.java:43)
	at java.lang.reflect.Method.invoke(Method.java:498)
	at org.junit.runners.model.FrameworkMethod$1.runReflectiveCall(FrameworkMethod.java:59)
	at org.junit.internal.runners.model.ReflectiveCallable.run(ReflectiveCallable.java:12)
	at org.junit.runners.model.FrameworkMethod.invokeExplosively(FrameworkMethod.java:56)
	at org.junit.internal.runners.statements.InvokeMethod.evaluate(InvokeMethod.java:17)
	at org.junit.runners.ParentRunner$3.evaluate(ParentRunner.java:306)
	at org.junit.runners.BlockJUnit4ClassRunner$1.evaluate(BlockJUnit4ClassRunner.java:100)
	at org.junit.runners.ParentRunner.runLeaf(ParentRunner.java:366)
	at org.junit.runners.BlockJUnit4ClassRunner.runChild(BlockJUnit4ClassRunner.java:103)
	at org.junit.runners.BlockJUnit4ClassRunner.runChild(BlockJUnit4ClassRunner.java:63)
	at org.junit.runners.ParentRunner$4.run(ParentRunner.java:331)
	at org.junit.runners.ParentRunner$1.schedule(ParentRunner.java:79)
	at org.junit.runners.ParentRunner.runChildren(ParentRunner.java:329)
	at org.junit.runners.ParentRunner.access$100(ParentRunner.java:66)
	at org.junit.runners.ParentRunner$2.evaluate(ParentRunner.java:293)
	at org.junit.runners.ParentRunner$3.evaluate(ParentRunner.java:306)
	at org.junit.runners.ParentRunner.run(ParentRunner.java:413)
	at org.junit.runners.Suite.runChild(Suite.java:128)
	at org.junit.runners.Suite.runChild(Suite.java:27)
	at org.junit.runners.ParentRunner$4.run(ParentRunner.java:331)
	at org.junit.runners.ParentRunner$1.schedule(ParentRunner.java:79)
	at org.junit.runners.ParentRunner.runChildren(ParentRunner.java:329)
	at org.junit.runners.ParentRunner.access$100(ParentRunner.java:66)
	at org.junit.runners.ParentRunner$2.evaluate(ParentRunner.java:293)
	at org.junit.runners.ParentRunner$3.evaluate(ParentRunner.java:306)
	at org.junit.runners.ParentRunner.run(ParentRunner.java:413)
	at org.junit.runner.JUnitCore.run(JUnitCore.java:137)
	at org.junit.runner.JUnitCore.run(JUnitCore.java:115)
	at edu.illinois.cs.testrunner.execution.JUnitTestExecutor.execute(JUnitTestExecutor.java:259)
	at edu.illinois.cs.testrunner.execution.JUnitTestExecutor.executeWithJUnit4Runner(JUnitTestExecutor.java:327)
	at edu.illinois.cs.testrunner.execution.JUnitTestExecutor.runOrder(JUnitTestExecutor.java:49)
	at edu.illinois.cs.testrunner.execution.Executor$.$anonfun$run$1(Executor.scala:30)
	at scala.runtime.java8.JFunction0$mcV$sp.apply(JFunction0$mcV$sp.java:12)
	at scala.util.Try$.apply(Try.scala:209)
	at edu.illinois.cs.testrunner.execution.Executor$.run(Executor.scala:28)
	at edu.illinois.cs.testrunner.execution.Executor$.main(Executor.scala:18)
	at edu.illinois.cs.testrunner.execution.Executor.main(Executor.scala)
2024-04-26 13:27:51,320 [WARN] LogbackLogBackendTest message
2024-04-26 13:27:51,320 [ERROR] LogbackLogBackendTest message
abr 26, 2024 1:27:51 PM com.j256.ormlite.logger.JavaUtilLogBackend log
SEVERE: message
abr 26, 2024 1:27:51 PM com.j256.ormlite.logger.JavaUtilLogBackend log
INFO: hello there
abr 26, 2024 1:27:51 PM com.j256.ormlite.logger.JavaUtilLogBackend log
INFO: message
abr 26, 2024 1:27:51 PM com.j256.ormlite.logger.JavaUtilLogBackend log
INFO: message
java.lang.Throwable: log throwable
	at com.j256.ormlite.logger.BaseLogBackendTest.testInfoStringThrowable(BaseLogBackendTest.java:58)
	at sun.reflect.NativeMethodAccessorImpl.invoke0(Native Method)
	at sun.reflect.NativeMethodAccessorImpl.invoke(NativeMethodAccessorImpl.java:62)
	at sun.reflect.DelegatingMethodAccessorImpl.invoke(DelegatingMethodAccessorImpl.java:43)
	at java.lang.reflect.Method.invoke(Method.java:498)
	at org.junit.runners.model.FrameworkMethod$1.runReflectiveCall(FrameworkMethod.java:59)
	at org.junit.internal.runners.model.ReflectiveCallable.run(ReflectiveCallable.java:12)
	at org.junit.runners.model.FrameworkMethod.invokeExplosively(FrameworkMethod.java:56)
	at org.junit.internal.runners.statements.InvokeMethod.evaluate(InvokeMethod.java:17)
	at org.junit.runners.ParentRunner$3.evaluate(ParentRunner.java:306)
	at org.junit.runners.BlockJUnit4ClassRunner$1.evaluate(BlockJUnit4ClassRunner.java:100)
	at org.junit.runners.ParentRunner.runLeaf(ParentRunner.java:366)
	at org.junit.runners.BlockJUnit4ClassRunner.runChild(BlockJUnit4ClassRunner.java:103)
	at org.junit.runners.BlockJUnit4ClassRunner.runChild(BlockJUnit4ClassRunner.java:63)
	at org.junit.runners.ParentRunner$4.run(ParentRunner.java:331)
	at org.junit.runners.ParentRunner$1.schedule(ParentRunner.java:79)
	at org.junit.runners.ParentRunner.runChildren(ParentRunner.java:329)
	at org.junit.runners.ParentRunner.access$100(ParentRunner.java:66)
	at org.junit.runners.ParentRunner$2.evaluate(ParentRunner.java:293)
	at org.junit.runners.ParentRunner$3.evaluate(ParentRunner.java:306)
	at org.junit.runners.ParentRunner.run(ParentRunner.java:413)
	at org.junit.runners.Suite.runChild(Suite.java:128)
	at org.junit.runners.Suite.runChild(Suite.java:27)
	at org.junit.runners.ParentRunner$4.run(ParentRunner.java:331)
	at org.junit.runners.ParentRunner$1.schedule(ParentRunner.java:79)
	at org.junit.runners.ParentRunner.runChildren(ParentRunner.java:329)
	at org.junit.runners.ParentRunner.access$100(ParentRunner.java:66)
	at org.junit.runners.ParentRunner$2.evaluate(ParentRunner.java:293)
	at org.junit.runners.ParentRunner$3.evaluate(ParentRunner.java:306)
	at org.junit.runners.ParentRunner.run(ParentRunner.java:413)
	at org.junit.runner.JUnitCore.run(JUnitCore.java:137)
	at org.junit.runner.JUnitCore.run(JUnitCore.java:115)
	at edu.illinois.cs.testrunner.execution.JUnitTestExecutor.execute(JUnitTestExecutor.java:259)
	at edu.illinois.cs.testrunner.execution.JUnitTestExecutor.executeWithJUnit4Runner(JUnitTestExecutor.java:327)
	at edu.illinois.cs.testrunner.execution.JUnitTestExecutor.runOrder(JUnitTestExecutor.java:49)
	at edu.illinois.cs.testrunner.execution.Executor$.$anonfun$run$1(Executor.scala:30)
	at scala.runtime.java8.JFunction0$mcV$sp.apply(JFunction0$mcV$sp.java:12)
	at scala.util.Try$.apply(Try.scala:209)
	at edu.illinois.cs.testrunner.execution.Executor$.run(Executor.scala:28)
	at edu.illinois.cs.testrunner.execution.Executor$.main(Executor.scala:18)
	at edu.illinois.cs.testrunner.execution.Executor.main(Executor.scala)

abr 26, 2024 1:27:51 PM com.j256.ormlite.logger.JavaUtilLogBackend log
WARNING: message
java.lang.Throwable: log throwable
	at com.j256.ormlite.logger.BaseLogBackendTest.testWarnStringThrowable(BaseLogBackendTest.java:68)
	at sun.reflect.NativeMethodAccessorImpl.invoke0(Native Method)
	at sun.reflect.NativeMethodAccessorImpl.invoke(NativeMethodAccessorImpl.java:62)
	at sun.reflect.DelegatingMethodAccessorImpl.invoke(DelegatingMethodAccessorImpl.java:43)
	at java.lang.reflect.Method.invoke(Method.java:498)
	at org.junit.runners.model.FrameworkMethod$1.runReflectiveCall(FrameworkMethod.java:59)
	at org.junit.internal.runners.model.ReflectiveCallable.run(ReflectiveCallable.java:12)
	at org.junit.runners.model.FrameworkMethod.invokeExplosively(FrameworkMethod.java:56)
	at org.junit.internal.runners.statements.InvokeMethod.evaluate(InvokeMethod.java:17)
	at org.junit.runners.ParentRunner$3.evaluate(ParentRunner.java:306)
	at org.junit.runners.BlockJUnit4ClassRunner$1.evaluate(BlockJUnit4ClassRunner.java:100)
	at org.junit.runners.ParentRunner.runLeaf(ParentRunner.java:366)
	at org.junit.runners.BlockJUnit4ClassRunner.runChild(BlockJUnit4ClassRunner.java:103)
	at org.junit.runners.BlockJUnit4ClassRunner.runChild(BlockJUnit4ClassRunner.java:63)
	at org.junit.runners.ParentRunner$4.run(ParentRunner.java:331)
	at org.junit.runners.ParentRunner$1.schedule(ParentRunner.java:79)
	at org.junit.runners.ParentRunner.runChildren(ParentRunner.java:329)
	at org.junit.runners.ParentRunner.access$100(ParentRunner.java:66)
	at org.junit.runners.ParentRunner$2.evaluate(ParentRunner.java:293)
	at org.junit.runners.ParentRunner$3.evaluate(ParentRunner.java:306)
	at org.junit.runners.ParentRunner.run(ParentRunner.java:413)
	at org.junit.runners.Suite.runChild(Suite.java:128)
	at org.junit.runners.Suite.runChild(Suite.java:27)
	at org.junit.runners.ParentRunner$4.run(ParentRunner.java:331)
	at org.junit.runners.ParentRunner$1.schedule(ParentRunner.java:79)
	at org.junit.runners.ParentRunner.runChildren(ParentRunner.java:329)
	at org.junit.runners.ParentRunner.access$100(ParentRunner.java:66)
	at org.junit.runners.ParentRunner$2.evaluate(ParentRunner.java:293)
	at org.junit.runners.ParentRunner$3.evaluate(ParentRunner.java:306)
	at org.junit.runners.ParentRunner.run(ParentRunner.java:413)
	at org.junit.runner.JUnitCore.run(JUnitCore.java:137)
	at org.junit.runner.JUnitCore.run(JUnitCore.java:115)
	at edu.illinois.cs.testrunner.execution.JUnitTestExecutor.execute(JUnitTestExecutor.java:259)
	at edu.illinois.cs.testrunner.execution.JUnitTestExecutor.executeWithJUnit4Runner(JUnitTestExecutor.java:327)
	at edu.illinois.cs.testrunner.execution.JUnitTestExecutor.runOrder(JUnitTestExecutor.java:49)
	at edu.illinois.cs.testrunner.execution.Executor$.$anonfun$run$1(Executor.scala:30)
	at scala.runtime.java8.JFunction0$mcV$sp.apply(JFunction0$mcV$sp.java:12)
	at scala.util.Try$.apply(Try.scala:209)
	at edu.illinois.cs.testrunner.execution.Executor$.run(Executor.scala:28)
	at edu.illinois.cs.testrunner.execution.Executor$.main(Executor.scala:18)
	at edu.illinois.cs.testrunner.execution.Executor.main(Executor.scala)

abr 26, 2024 1:27:51 PM com.j256.ormlite.logger.JavaUtilLogBackend log
SEVERE: message
java.lang.Throwable: log throwable
	at com.j256.ormlite.logger.BaseLogBackendTest.testErrorStringThrowable(BaseLogBackendTest.java:78)
	at sun.reflect.NativeMethodAccessorImpl.invoke0(Native Method)
	at sun.reflect.NativeMethodAccessorImpl.invoke(NativeMethodAccessorImpl.java:62)
	at sun.reflect.DelegatingMethodAccessorImpl.invoke(DelegatingMethodAccessorImpl.java:43)
	at java.lang.reflect.Method.invoke(Method.java:498)
	at org.junit.runners.model.FrameworkMethod$1.runReflectiveCall(FrameworkMethod.java:59)
	at org.junit.internal.runners.model.ReflectiveCallable.run(ReflectiveCallable.java:12)
	at org.junit.runners.model.FrameworkMethod.invokeExplosively(FrameworkMethod.java:56)
	at org.junit.internal.runners.statements.InvokeMethod.evaluate(InvokeMethod.java:17)
	at org.junit.runners.ParentRunner$3.evaluate(ParentRunner.java:306)
	at org.junit.runners.BlockJUnit4ClassRunner$1.evaluate(BlockJUnit4ClassRunner.java:100)
	at org.junit.runners.ParentRunner.runLeaf(ParentRunner.java:366)
	at org.junit.runners.BlockJUnit4ClassRunner.runChild(BlockJUnit4ClassRunner.java:103)
	at org.junit.runners.BlockJUnit4ClassRunner.runChild(BlockJUnit4ClassRunner.java:63)
	at org.junit.runners.ParentRunner$4.run(ParentRunner.java:331)
	at org.junit.runners.ParentRunner$1.schedule(ParentRunner.java:79)
	at org.junit.runners.ParentRunner.runChildren(ParentRunner.java:329)
	at org.junit.runners.ParentRunner.access$100(ParentRunner.java:66)
	at org.junit.runners.ParentRunner$2.evaluate(ParentRunner.java:293)
	at org.junit.runners.ParentRunner$3.evaluate(ParentRunner.java:306)
	at org.junit.runners.ParentRunner.run(ParentRunner.java:413)
	at org.junit.runners.Suite.runChild(Suite.java:128)
	at org.junit.runners.Suite.runChild(Suite.java:27)
	at org.junit.runners.ParentRunner$4.run(ParentRunner.java:331)
	at org.junit.runners.ParentRunner$1.schedule(ParentRunner.java:79)
	at org.junit.runners.ParentRunner.runChildren(ParentRunner.java:329)
	at org.junit.runners.ParentRunner.access$100(ParentRunner.java:66)
	at org.junit.runners.ParentRunner$2.evaluate(ParentRunner.java:293)
	at org.junit.runners.ParentRunner$3.evaluate(ParentRunner.java:306)
	at org.junit.runners.ParentRunner.run(ParentRunner.java:413)
	at org.junit.runner.JUnitCore.run(JUnitCore.java:137)
	at org.junit.runner.JUnitCore.run(JUnitCore.java:115)
	at edu.illinois.cs.testrunner.execution.JUnitTestExecutor.execute(JUnitTestExecutor.java:259)
	at edu.illinois.cs.testrunner.execution.JUnitTestExecutor.executeWithJUnit4Runner(JUnitTestExecutor.java:327)
	at edu.illinois.cs.testrunner.execution.JUnitTestExecutor.runOrder(JUnitTestExecutor.java:49)
	at edu.illinois.cs.testrunner.execution.Executor$.$anonfun$run$1(Executor.scala:30)
	at scala.runtime.java8.JFunction0$mcV$sp.apply(JFunction0$mcV$sp.java:12)
	at scala.util.Try$.apply(Try.scala:209)
	at edu.illinois.cs.testrunner.execution.Executor$.run(Executor.scala:28)
	at edu.illinois.cs.testrunner.execution.Executor$.main(Executor.scala:18)
	at edu.illinois.cs.testrunner.execution.Executor.main(Executor.scala)

abr 26, 2024 1:27:51 PM com.j256.ormlite.logger.JavaUtilLogBackend log
SEVERE: message
java.lang.Throwable: log throwable
	at com.j256.ormlite.logger.BaseLogBackendTest.testFatalStringThrowable(BaseLogBackendTest.java:88)
	at sun.reflect.NativeMethodAccessorImpl.invoke0(Native Method)
	at sun.reflect.NativeMethodAccessorImpl.invoke(NativeMethodAccessorImpl.java:62)
	at sun.reflect.DelegatingMethodAccessorImpl.invoke(DelegatingMethodAccessorImpl.java:43)
	at java.lang.reflect.Method.invoke(Method.java:498)
	at org.junit.runners.model.FrameworkMethod$1.runReflectiveCall(FrameworkMethod.java:59)
	at org.junit.internal.runners.model.ReflectiveCallable.run(ReflectiveCallable.java:12)
	at org.junit.runners.model.FrameworkMethod.invokeExplosively(FrameworkMethod.java:56)
	at org.junit.internal.runners.statements.InvokeMethod.evaluate(InvokeMethod.java:17)
	at org.junit.runners.ParentRunner$3.evaluate(ParentRunner.java:306)
	at org.junit.runners.BlockJUnit4ClassRunner$1.evaluate(BlockJUnit4ClassRunner.java:100)
	at org.junit.runners.ParentRunner.runLeaf(ParentRunner.java:366)
	at org.junit.runners.BlockJUnit4ClassRunner.runChild(BlockJUnit4ClassRunner.java:103)
	at org.junit.runners.BlockJUnit4ClassRunner.runChild(BlockJUnit4ClassRunner.java:63)
	at org.junit.runners.ParentRunner$4.run(ParentRunner.java:331)
	at org.junit.runners.ParentRunner$1.schedule(ParentRunner.java:79)
	at org.junit.runners.ParentRunner.runChildren(ParentRunner.java:329)
	at org.junit.runners.ParentRunner.access$100(ParentRunner.java:66)
	at org.junit.runners.ParentRunner$2.evaluate(ParentRunner.java:293)
	at org.junit.runners.ParentRunner$3.evaluate(ParentRunner.java:306)
	at org.junit.runners.ParentRunner.run(ParentRunner.java:413)
	at org.junit.runners.Suite.runChild(Suite.java:128)
	at org.junit.runners.Suite.runChild(Suite.java:27)
	at org.junit.runners.ParentRunner$4.run(ParentRunner.java:331)
	at org.junit.runners.ParentRunner$1.schedule(ParentRunner.java:79)
	at org.junit.runners.ParentRunner.runChildren(ParentRunner.java:329)
	at org.junit.runners.ParentRunner.access$100(ParentRunner.java:66)
	at org.junit.runners.ParentRunner$2.evaluate(ParentRunner.java:293)
	at org.junit.runners.ParentRunner$3.evaluate(ParentRunner.java:306)
	at org.junit.runners.ParentRunner.run(ParentRunner.java:413)
	at org.junit.runner.JUnitCore.run(JUnitCore.java:137)
	at org.junit.runner.JUnitCore.run(JUnitCore.java:115)
	at edu.illinois.cs.testrunner.execution.JUnitTestExecutor.execute(JUnitTestExecutor.java:259)
	at edu.illinois.cs.testrunner.execution.JUnitTestExecutor.executeWithJUnit4Runner(JUnitTestExecutor.java:327)
	at edu.illinois.cs.testrunner.execution.JUnitTestExecutor.runOrder(JUnitTestExecutor.java:49)
	at edu.illinois.cs.testrunner.execution.Executor$.$anonfun$run$1(Executor.scala:30)
	at scala.runtime.java8.JFunction0$mcV$sp.apply(JFunction0$mcV$sp.java:12)
	at scala.util.Try$.apply(Try.scala:209)
	at edu.illinois.cs.testrunner.execution.Executor$.run(Executor.scala:28)
	at edu.illinois.cs.testrunner.execution.Executor$.main(Executor.scala:18)
	at edu.illinois.cs.testrunner.execution.Executor.main(Executor.scala)

abr 26, 2024 1:27:51 PM com.j256.ormlite.logger.JavaUtilLogBackend log
WARNING: message
abr 26, 2024 1:27:51 PM com.j256.ormlite.logger.JavaUtilLogBackend log
SEVERE: message
2024-04-26 13:27:51,334 [INFO] TableUtils dropping table 'foo'
2024-04-26 13:27:51,335 [INFO] TableUtils ignoring drop error 'org.h2.jdbc.JdbcSQLSyntaxErrorException: Table "FOO" not found; SQL statement:
DROP TABLE `foo`  [42102-200]' for statement: DROP TABLE `foo` 
2024-04-26 13:27:51,335 [INFO] TableUtils creating table 'foo'
2024-04-26 13:27:51,336 [INFO] TableUtils executed create table statement changed 0 rows: CREATE TABLE `foo` (`id` INTEGER AUTO_INCREMENT , `val` INTEGER , `equal` INTEGER , `string` VARCHAR(255) , PRIMARY KEY (`id`) ) 
2024-04-26 13:27:51,337 [DEBUG] BaseMappedStatement insert data with statement 'INSERT INTO `foo` (`val` ,`equal` ,`string` ) VALUES (?,?,?)' and 3 args, changed 1 rows
2024-04-26 13:27:51,337 [TRACE] BaseMappedStatement insert arguments: [63465365, 0, null]
2024-04-26 13:27:51,337 [DEBUG] BaseMappedStatement assigned id '1' from keyholder to 'id' in Foo object
2024-04-26 13:27:51,337 [DEBUG] BaseMappedStatement prepared statement 'SELECT * FROM `foo` WHERE id = ?' with 1 args
2024-04-26 13:27:51,337 [TRACE] BaseMappedStatement prepared statement arguments: [1]
2024-04-26 13:27:51,338 [DEBUG] StatementExecutor query of 'SELECT * FROM `foo` WHERE id = ?' with 1 args returned 1 results
2024-04-26 13:27:51,339 [INFO] TableUtils dropping table 'foo'
2024-04-26 13:27:51,340 [INFO] TableUtils ignoring drop error 'org.h2.jdbc.JdbcSQLSyntaxErrorException: Table "FOO" not found; SQL statement:
DROP TABLE `foo`  [42102-200]' for statement: DROP TABLE `foo` 
2024-04-26 13:27:51,340 [INFO] TableUtils creating table 'foo'
2024-04-26 13:27:51,340 [INFO] TableUtils executed create table statement changed 0 rows: CREATE TABLE `foo` (`id` INTEGER AUTO_INCREMENT , `val` INTEGER , `equal` INTEGER , `string` VARCHAR(255) , PRIMARY KEY (`id`) ) 
2024-04-26 13:27:51,341 [DEBUG] BaseMappedStatement insert data with statement 'INSERT INTO `foo` (`val` ,`equal` ,`string` ) VALUES (?,?,?)' and 3 args, changed 1 rows
2024-04-26 13:27:51,341 [TRACE] BaseMappedStatement insert arguments: [63465365, 0, null]
2024-04-26 13:27:51,341 [DEBUG] BaseMappedStatement assigned id '1' from keyholder to 'id' in Foo object
2024-04-26 13:27:51,341 [DEBUG] BaseMappedStatement prepared statement 'SELECT * FROM `foo` WHERE id = ? and 63465365 = ?' with 2 args
2024-04-26 13:27:51,341 [TRACE] BaseMappedStatement prepared statement arguments: [1, 63465365]
2024-04-26 13:27:51,341 [DEBUG] StatementExecutor query of 'SELECT * FROM `foo` WHERE id = ? and 63465365 = ?' with 2 args returned 1 results
2024-04-26 13:27:51,343 [INFO] TableUtils dropping table 'foo'
2024-04-26 13:27:51,343 [INFO] TableUtils ignoring drop error 'org.h2.jdbc.JdbcSQLSyntaxErrorException: Table "FOO" not found; SQL statement:
DROP TABLE `foo`  [42102-200]' for statement: DROP TABLE `foo` 
2024-04-26 13:27:51,343 [INFO] TableUtils creating table 'foo'
2024-04-26 13:27:51,344 [INFO] TableUtils executed create table statement changed 0 rows: CREATE TABLE `foo` (`id` INTEGER AUTO_INCREMENT , `val` INTEGER , `equal` INTEGER , `string` VARCHAR(255) , PRIMARY KEY (`id`) ) 
2024-04-26 13:27:51,345 [INFO] TableUtils dropping table 'foo'
2024-04-26 13:27:51,345 [INFO] TableUtils ignoring drop error 'org.h2.jdbc.JdbcSQLSyntaxErrorException: Table "FOO" not found; SQL statement:
DROP TABLE `foo`  [42102-200]' for statement: DROP TABLE `foo` 
2024-04-26 13:27:51,345 [INFO] TableUtils creating table 'foo'
2024-04-26 13:27:51,346 [INFO] TableUtils executed create table statement changed 0 rows: CREATE TABLE `foo` (`id` INTEGER AUTO_INCREMENT , `val` INTEGER , `equal` INTEGER , `string` VARCHAR(255) , PRIMARY KEY (`id`) ) 
2024-04-26 13:27:51,346 [DEBUG] BaseMappedStatement insert data with statement 'INSERT INTO `foo` (`val` ,`equal` ,`string` ) VALUES (?,?,?)' and 3 args, changed 1 rows
2024-04-26 13:27:51,346 [TRACE] BaseMappedStatement insert arguments: [63465365, 0, null]
2024-04-26 13:27:51,347 [DEBUG] BaseMappedStatement assigned id '1' from keyholder to 'id' in Foo object
2024-04-26 13:27:51,347 [DEBUG] BaseMappedStatement insert data with statement 'INSERT INTO `foo` (`val` ,`equal` ,`string` ) VALUES (?,?,?)' and 3 args, changed 1 rows
2024-04-26 13:27:51,347 [TRACE] BaseMappedStatement insert arguments: [163123, 0, null]
2024-04-26 13:27:51,347 [DEBUG] BaseMappedStatement assigned id '2' from keyholder to 'id' in Foo object
2024-04-26 13:27:51,348 [DEBUG] BaseMappedStatement prepared statement 'SELECT * FROM `foo` WHERE `id` IN (2)' with 0 args
2024-04-26 13:27:51,348 [DEBUG] StatementExecutor query of 'SELECT * FROM `foo` WHERE `id` IN (2)' with 0 args returned 1 results
2024-04-26 13:27:51,348 [DEBUG] BaseMappedStatement prepared statement 'SELECT * FROM `foo` WHERE (NOT `id` IN (2))' with 0 args
2024-04-26 13:27:51,349 [DEBUG] StatementExecutor query of 'SELECT * FROM `foo` WHERE (NOT `id` IN (2))' with 0 args returned 1 results
2024-04-26 13:27:51,349 [DEBUG] BaseMappedStatement prepared statement 'SELECT * FROM `foo` WHERE `id` NOT IN (2)' with 0 args
2024-04-26 13:27:51,349 [DEBUG] StatementExecutor query of 'SELECT * FROM `foo` WHERE `id` NOT IN (2)' with 0 args returned 1 results
2024-04-26 13:27:51,352 [INFO] TableUtils dropping table 'foo'
2024-04-26 13:27:51,353 [INFO] TableUtils ignoring drop error 'org.h2.jdbc.JdbcSQLSyntaxErrorException: Table "FOO" not found; SQL statement:
DROP TABLE `foo`  [42102-200]' for statement: DROP TABLE `foo` 
2024-04-26 13:27:51,353 [INFO] TableUtils creating table 'foo'
2024-04-26 13:27:51,353 [INFO] TableUtils executed create table statement changed 0 rows: CREATE TABLE `foo` (`id` INTEGER AUTO_INCREMENT , `val` INTEGER , `equal` INTEGER , `string` VARCHAR(255) , PRIMARY KEY (`id`) ) 
2024-04-26 13:27:51,354 [DEBUG] BaseMappedStatement insert data with statement 'INSERT INTO `foo` (`val` ,`equal` ,`string` ) VALUES (?,?,?)' and 3 args, changed 1 rows
2024-04-26 13:27:51,354 [TRACE] BaseMappedStatement insert arguments: [123, 0, fjewpjfew]
2024-04-26 13:27:51,354 [DEBUG] BaseMappedStatement assigned id '1' from keyholder to 'id' in Foo object
2024-04-26 13:27:51,355 [DEBUG] BaseMappedStatement prepared statement 'SELECT * FROM `foo` WHERE (`val` = 123 AND (NOT `string` LIKE 'hello'))' with 0 args
2024-04-26 13:27:51,355 [DEBUG] StatementExecutor query of 'SELECT * FROM `foo` WHERE (`val` = 123 AND (NOT `string` LIKE 'hello'))' with 0 args returned 1 results
2024-04-26 13:27:51,356 [INFO] TableUtils dropping table 'foo'
2024-04-26 13:27:51,357 [INFO] TableUtils ignoring drop error 'org.h2.jdbc.JdbcSQLSyntaxErrorException: Table "FOO" not found; SQL statement:
DROP TABLE `foo`  [42102-200]' for statement: DROP TABLE `foo` 
2024-04-26 13:27:51,357 [INFO] TableUtils creating table 'foo'
2024-04-26 13:27:51,358 [INFO] TableUtils executed create table statement changed 0 rows: CREATE TABLE `foo` (`id` INTEGER AUTO_INCREMENT , `val` INTEGER , `equal` INTEGER , `string` VARCHAR(255) , PRIMARY KEY (`id`) ) 
2024-04-26 13:27:51,358 [DEBUG] BaseMappedStatement insert data with statement 'INSERT INTO `foo` (`val` ,`equal` ,`string` ) VALUES (?,?,?)' and 3 args, changed 1 rows
2024-04-26 13:27:51,358 [TRACE] BaseMappedStatement insert arguments: [63465365, 0, null]
2024-04-26 13:27:51,358 [DEBUG] BaseMappedStatement assigned id '1' from keyholder to 'id' in Foo object
2024-04-26 13:27:51,358 [DEBUG] BaseMappedStatement prepared statement 'SELECT * FROM `foo` WHERE id = ?' with 1 args
2024-04-26 13:27:51,358 [TRACE] BaseMappedStatement prepared statement arguments: [1]
2024-04-26 13:27:51,359 [DEBUG] StatementExecutor query of 'SELECT * FROM `foo` WHERE id = ?' with 1 args returned 1 results
2024-04-26 13:27:51,360 [INFO] TableUtils dropping table 'foo'
2024-04-26 13:27:51,361 [INFO] TableUtils ignoring drop error 'org.h2.jdbc.JdbcSQLSyntaxErrorException: Table "FOO" not found; SQL statement:
DROP TABLE `foo`  [42102-200]' for statement: DROP TABLE `foo` 
2024-04-26 13:27:51,361 [INFO] TableUtils creating table 'foo'
2024-04-26 13:27:51,362 [INFO] TableUtils executed create table statement changed 0 rows: CREATE TABLE `foo` (`id` INTEGER AUTO_INCREMENT , `val` INTEGER , `equal` INTEGER , `string` VARCHAR(255) , PRIMARY KEY (`id`) ) 
2024-04-26 13:27:51,362 [DEBUG] BaseMappedStatement insert data with statement 'INSERT INTO `foo` (`val` ,`equal` ,`string` ) VALUES (?,?,?)' and 3 args, changed 1 rows
2024-04-26 13:27:51,362 [TRACE] BaseMappedStatement insert arguments: [63465365, 0, null]
2024-04-26 13:27:51,362 [DEBUG] BaseMappedStatement assigned id '1' from keyholder to 'id' in Foo object
2024-04-26 13:27:51,362 [DEBUG] BaseMappedStatement prepared statement 'SELECT * FROM `foo` WHERE `id` = ?' with 1 args
2024-04-26 13:27:51,363 [TRACE] BaseMappedStatement prepared statement arguments: [1]
2024-04-26 13:27:51,363 [DEBUG] StatementExecutor query of 'SELECT * FROM `foo` WHERE `id` = ?' with 1 args returned 1 results
2024-04-26 13:27:51,363 [INFO] TableUtils dropping table 'datebetween'
2024-04-26 13:27:51,364 [INFO] TableUtils ignoring drop error 'org.h2.jdbc.JdbcSQLSyntaxErrorException: Table "DATEBETWEEN" not found; SQL statement:
DROP TABLE `datebetween`  [42102-200]' for statement: DROP TABLE `datebetween` 
2024-04-26 13:27:51,364 [INFO] TableUtils creating table 'datebetween'
2024-04-26 13:27:51,365 [INFO] TableUtils executed create table statement changed 0 rows: CREATE TABLE `datebetween` (`id` INTEGER , `date` BIGINT , PRIMARY KEY (`id`) ) 
2024-04-26 13:27:51,365 [DEBUG] BaseMappedStatement insert data with statement 'INSERT INTO `datebetween` (`id` ,`date` ) VALUES (?,?)' and 2 args, changed 1 rows
2024-04-26 13:27:51,365 [TRACE] BaseMappedStatement insert arguments: [0, 1714134471365]
2024-04-26 13:27:51,366 [DEBUG] BaseMappedStatement prepared statement 'SELECT * FROM `datebetween` WHERE `date` BETWEEN 1714134471364 AND 1714134471366' with 0 args
2024-04-26 13:27:51,366 [DEBUG] StatementExecutor query of 'SELECT * FROM `datebetween` WHERE `date` BETWEEN 1714134471364 AND 1714134471366' with 0 args returned 1 results
2024-04-26 13:27:51,366 [DEBUG] BaseMappedStatement prepared statement 'SELECT * FROM `datebetween` WHERE `date` BETWEEN 1714134471365 AND 1714134471366' with 0 args
2024-04-26 13:27:51,366 [DEBUG] StatementExecutor query of 'SELECT * FROM `datebetween` WHERE `date` BETWEEN 1714134471365 AND 1714134471366' with 0 args returned 1 results
2024-04-26 13:27:51,367 [DEBUG] BaseMappedStatement prepared statement 'SELECT * FROM `datebetween` WHERE `date` BETWEEN 1714134471365 AND 1714134471365' with 0 args
2024-04-26 13:27:51,367 [DEBUG] StatementExecutor query of 'SELECT * FROM `datebetween` WHERE `date` BETWEEN 1714134471365 AND 1714134471365' with 0 args returned 1 results
2024-04-26 13:27:51,368 [INFO] TableUtils dropping table 'foo'
2024-04-26 13:27:51,369 [INFO] TableUtils ignoring drop error 'org.h2.jdbc.JdbcSQLSyntaxErrorException: Table "FOO" not found; SQL statement:
DROP TABLE `foo`  [42102-200]' for statement: DROP TABLE `foo` 
2024-04-26 13:27:51,369 [INFO] TableUtils creating table 'foo'
2024-04-26 13:27:51,369 [INFO] TableUtils executed create table statement changed 0 rows: CREATE TABLE `foo` (`id` INTEGER AUTO_INCREMENT , `val` INTEGER , `equal` INTEGER , `string` VARCHAR(255) , PRIMARY KEY (`id`) ) 
2024-04-26 13:27:51,371 [INFO] TableUtils dropping table 'foo'
2024-04-26 13:27:51,372 [INFO] TableUtils ignoring drop error 'org.h2.jdbc.JdbcSQLSyntaxErrorException: Table "FOO" not found; SQL statement:
DROP TABLE `foo`  [42102-200]' for statement: DROP TABLE `foo` 
2024-04-26 13:27:51,372 [INFO] TableUtils creating table 'foo'
2024-04-26 13:27:51,373 [INFO] TableUtils executed create table statement changed 0 rows: CREATE TABLE `foo` (`id` INTEGER AUTO_INCREMENT , `val` INTEGER , `equal` INTEGER , `string` VARCHAR(255) , PRIMARY KEY (`id`) ) 
2024-04-26 13:27:51,373 [INFO] TableUtils dropping table 'foo'
2024-04-26 13:27:51,374 [INFO] TableUtils ignoring drop error 'org.h2.jdbc.JdbcSQLSyntaxErrorException: Table "FOO" not found; SQL statement:
DROP TABLE `foo`  [42102-200]' for statement: DROP TABLE `foo` 
2024-04-26 13:27:51,374 [INFO] TableUtils creating table 'foo'
2024-04-26 13:27:51,375 [INFO] TableUtils executed create table statement changed 0 rows: CREATE TABLE `foo` (`id` INTEGER AUTO_INCREMENT , `val` INTEGER , `equal` INTEGER , `string` VARCHAR(255) , PRIMARY KEY (`id`) ) 
2024-04-26 13:27:51,376 [DEBUG] BaseMappedStatement insert data with statement 'INSERT INTO `foo` (`val` ,`equal` ,`string` ) VALUES (?,?,?)' and 3 args, changed 1 rows
2024-04-26 13:27:51,376 [TRACE] BaseMappedStatement insert arguments: [785463547, 0, null]
2024-04-26 13:27:51,376 [DEBUG] BaseMappedStatement assigned id '1' from keyholder to 'id' in Foo object
2024-04-26 13:27:51,376 [DEBUG] BaseMappedStatement insert data with statement 'INSERT INTO `foo` (`val` ,`equal` ,`string` ) VALUES (?,?,?)' and 3 args, changed 1 rows
2024-04-26 13:27:51,376 [TRACE] BaseMappedStatement insert arguments: [163547, 0, null]
2024-04-26 13:27:51,376 [DEBUG] BaseMappedStatement assigned id '2' from keyholder to 'id' in Foo object
2024-04-26 13:27:51,376 [DEBUG] BaseMappedStatement prepared statement 'SELECT * FROM `foo` WHERE `id` IN (SELECT `id` FROM `foo` WHERE `val` = 163547)' with 0 args
2024-04-26 13:27:51,377 [DEBUG] StatementExecutor query of 'SELECT * FROM `foo` WHERE `id` IN (SELECT `id` FROM `foo` WHERE `val` = 163547)' with 0 args returned 1 results
2024-04-26 13:27:51,377 [DEBUG] BaseMappedStatement prepared statement 'SELECT * FROM `foo` WHERE `id` NOT IN (SELECT `id` FROM `foo` WHERE `val` = 163547)' with 0 args
2024-04-26 13:27:51,377 [DEBUG] StatementExecutor query of 'SELECT * FROM `foo` WHERE `id` NOT IN (SELECT `id` FROM `foo` WHERE `val` = 163547)' with 0 args returned 1 results
2024-04-26 13:27:51,381 [ERROR] Log4jLogBackendTest message
2024-04-26 13:27:51,381 [INFO] Log4jLogBackendTest hello there
2024-04-26 13:27:51,381 [INFO] Log4jLogBackendTest message
2024-04-26 13:27:51,381 [INFO] Log4jLogBackendTest message
java.lang.Throwable: log throwable
	at com.j256.ormlite.logger.BaseLogBackendTest.testInfoStringThrowable(BaseLogBackendTest.java:58)
	at sun.reflect.NativeMethodAccessorImpl.invoke0(Native Method)
	at sun.reflect.NativeMethodAccessorImpl.invoke(NativeMethodAccessorImpl.java:62)
	at sun.reflect.DelegatingMethodAccessorImpl.invoke(DelegatingMethodAccessorImpl.java:43)
	at java.lang.reflect.Method.invoke(Method.java:498)
	at org.junit.runners.model.FrameworkMethod$1.runReflectiveCall(FrameworkMethod.java:59)
	at org.junit.internal.runners.model.ReflectiveCallable.run(ReflectiveCallable.java:12)
	at org.junit.runners.model.FrameworkMethod.invokeExplosively(FrameworkMethod.java:56)
	at org.junit.internal.runners.statements.InvokeMethod.evaluate(InvokeMethod.java:17)
	at org.junit.runners.ParentRunner$3.evaluate(ParentRunner.java:306)
	at org.junit.runners.BlockJUnit4ClassRunner$1.evaluate(BlockJUnit4ClassRunner.java:100)
	at org.junit.runners.ParentRunner.runLeaf(ParentRunner.java:366)
	at org.junit.runners.BlockJUnit4ClassRunner.runChild(BlockJUnit4ClassRunner.java:103)
	at org.junit.runners.BlockJUnit4ClassRunner.runChild(BlockJUnit4ClassRunner.java:63)
	at org.junit.runners.ParentRunner$4.run(ParentRunner.java:331)
	at org.junit.runners.ParentRunner$1.schedule(ParentRunner.java:79)
	at org.junit.runners.ParentRunner.runChildren(ParentRunner.java:329)
	at org.junit.runners.ParentRunner.access$100(ParentRunner.java:66)
	at org.junit.runners.ParentRunner$2.evaluate(ParentRunner.java:293)
	at org.junit.runners.ParentRunner$3.evaluate(ParentRunner.java:306)
	at org.junit.runners.ParentRunner.run(ParentRunner.java:413)
	at org.junit.runners.Suite.runChild(Suite.java:128)
	at org.junit.runners.Suite.runChild(Suite.java:27)
	at org.junit.runners.ParentRunner$4.run(ParentRunner.java:331)
	at org.junit.runners.ParentRunner$1.schedule(ParentRunner.java:79)
	at org.junit.runners.ParentRunner.runChildren(ParentRunner.java:329)
	at org.junit.runners.ParentRunner.access$100(ParentRunner.java:66)
	at org.junit.runners.ParentRunner$2.evaluate(ParentRunner.java:293)
	at org.junit.runners.ParentRunner$3.evaluate(ParentRunner.java:306)
	at org.junit.runners.ParentRunner.run(ParentRunner.java:413)
	at org.junit.runner.JUnitCore.run(JUnitCore.java:137)
	at org.junit.runner.JUnitCore.run(JUnitCore.java:115)
	at edu.illinois.cs.testrunner.execution.JUnitTestExecutor.execute(JUnitTestExecutor.java:259)
	at edu.illinois.cs.testrunner.execution.JUnitTestExecutor.executeWithJUnit4Runner(JUnitTestExecutor.java:327)
	at edu.illinois.cs.testrunner.execution.JUnitTestExecutor.runOrder(JUnitTestExecutor.java:49)
	at edu.illinois.cs.testrunner.execution.Executor$.$anonfun$run$1(Executor.scala:30)
	at scala.runtime.java8.JFunction0$mcV$sp.apply(JFunction0$mcV$sp.java:12)
	at scala.util.Try$.apply(Try.scala:209)
	at edu.illinois.cs.testrunner.execution.Executor$.run(Executor.scala:28)
	at edu.illinois.cs.testrunner.execution.Executor$.main(Executor.scala:18)
	at edu.illinois.cs.testrunner.execution.Executor.main(Executor.scala)
2024-04-26 13:27:51,382 [WARN] Log4jLogBackendTest message
java.lang.Throwable: log throwable
	at com.j256.ormlite.logger.BaseLogBackendTest.testWarnStringThrowable(BaseLogBackendTest.java:68)
	at sun.reflect.NativeMethodAccessorImpl.invoke0(Native Method)
	at sun.reflect.NativeMethodAccessorImpl.invoke(NativeMethodAccessorImpl.java:62)
	at sun.reflect.DelegatingMethodAccessorImpl.invoke(DelegatingMethodAccessorImpl.java:43)
	at java.lang.reflect.Method.invoke(Method.java:498)
	at org.junit.runners.model.FrameworkMethod$1.runReflectiveCall(FrameworkMethod.java:59)
	at org.junit.internal.runners.model.ReflectiveCallable.run(ReflectiveCallable.java:12)
	at org.junit.runners.model.FrameworkMethod.invokeExplosively(FrameworkMethod.java:56)
	at org.junit.internal.runners.statements.InvokeMethod.evaluate(InvokeMethod.java:17)
	at org.junit.runners.ParentRunner$3.evaluate(ParentRunner.java:306)
	at org.junit.runners.BlockJUnit4ClassRunner$1.evaluate(BlockJUnit4ClassRunner.java:100)
	at org.junit.runners.ParentRunner.runLeaf(ParentRunner.java:366)
	at org.junit.runners.BlockJUnit4ClassRunner.runChild(BlockJUnit4ClassRunner.java:103)
	at org.junit.runners.BlockJUnit4ClassRunner.runChild(BlockJUnit4ClassRunner.java:63)
	at org.junit.runners.ParentRunner$4.run(ParentRunner.java:331)
	at org.junit.runners.ParentRunner$1.schedule(ParentRunner.java:79)
	at org.junit.runners.ParentRunner.runChildren(ParentRunner.java:329)
	at org.junit.runners.ParentRunner.access$100(ParentRunner.java:66)
	at org.junit.runners.ParentRunner$2.evaluate(ParentRunner.java:293)
	at org.junit.runners.ParentRunner$3.evaluate(ParentRunner.java:306)
	at org.junit.runners.ParentRunner.run(ParentRunner.java:413)
	at org.junit.runners.Suite.runChild(Suite.java:128)
	at org.junit.runners.Suite.runChild(Suite.java:27)
	at org.junit.runners.ParentRunner$4.run(ParentRunner.java:331)
	at org.junit.runners.ParentRunner$1.schedule(ParentRunner.java:79)
	at org.junit.runners.ParentRunner.runChildren(ParentRunner.java:329)
	at org.junit.runners.ParentRunner.access$100(ParentRunner.java:66)
	at org.junit.runners.ParentRunner$2.evaluate(ParentRunner.java:293)
	at org.junit.runners.ParentRunner$3.evaluate(ParentRunner.java:306)
	at org.junit.runners.ParentRunner.run(ParentRunner.java:413)
	at org.junit.runner.JUnitCore.run(JUnitCore.java:137)
	at org.junit.runner.JUnitCore.run(JUnitCore.java:115)
	at edu.illinois.cs.testrunner.execution.JUnitTestExecutor.execute(JUnitTestExecutor.java:259)
	at edu.illinois.cs.testrunner.execution.JUnitTestExecutor.executeWithJUnit4Runner(JUnitTestExecutor.java:327)
	at edu.illinois.cs.testrunner.execution.JUnitTestExecutor.runOrder(JUnitTestExecutor.java:49)
	at edu.illinois.cs.testrunner.execution.Executor$.$anonfun$run$1(Executor.scala:30)
	at scala.runtime.java8.JFunction0$mcV$sp.apply(JFunction0$mcV$sp.java:12)
	at scala.util.Try$.apply(Try.scala:209)
	at edu.illinois.cs.testrunner.execution.Executor$.run(Executor.scala:28)
	at edu.illinois.cs.testrunner.execution.Executor$.main(Executor.scala:18)
	at edu.illinois.cs.testrunner.execution.Executor.main(Executor.scala)
2024-04-26 13:27:51,382 [ERROR] Log4jLogBackendTest message
java.lang.Throwable: log throwable
	at com.j256.ormlite.logger.BaseLogBackendTest.testErrorStringThrowable(BaseLogBackendTest.java:78)
	at sun.reflect.NativeMethodAccessorImpl.invoke0(Native Method)
	at sun.reflect.NativeMethodAccessorImpl.invoke(NativeMethodAccessorImpl.java:62)
	at sun.reflect.DelegatingMethodAccessorImpl.invoke(DelegatingMethodAccessorImpl.java:43)
	at java.lang.reflect.Method.invoke(Method.java:498)
	at org.junit.runners.model.FrameworkMethod$1.runReflectiveCall(FrameworkMethod.java:59)
	at org.junit.internal.runners.model.ReflectiveCallable.run(ReflectiveCallable.java:12)
	at org.junit.runners.model.FrameworkMethod.invokeExplosively(FrameworkMethod.java:56)
	at org.junit.internal.runners.statements.InvokeMethod.evaluate(InvokeMethod.java:17)
	at org.junit.runners.ParentRunner$3.evaluate(ParentRunner.java:306)
	at org.junit.runners.BlockJUnit4ClassRunner$1.evaluate(BlockJUnit4ClassRunner.java:100)
	at org.junit.runners.ParentRunner.runLeaf(ParentRunner.java:366)
	at org.junit.runners.BlockJUnit4ClassRunner.runChild(BlockJUnit4ClassRunner.java:103)
	at org.junit.runners.BlockJUnit4ClassRunner.runChild(BlockJUnit4ClassRunner.java:63)
	at org.junit.runners.ParentRunner$4.run(ParentRunner.java:331)
	at org.junit.runners.ParentRunner$1.schedule(ParentRunner.java:79)
	at org.junit.runners.ParentRunner.runChildren(ParentRunner.java:329)
	at org.junit.runners.ParentRunner.access$100(ParentRunner.java:66)
	at org.junit.runners.ParentRunner$2.evaluate(ParentRunner.java:293)
	at org.junit.runners.ParentRunner$3.evaluate(ParentRunner.java:306)
	at org.junit.runners.ParentRunner.run(ParentRunner.java:413)
	at org.junit.runners.Suite.runChild(Suite.java:128)
	at org.junit.runners.Suite.runChild(Suite.java:27)
	at org.junit.runners.ParentRunner$4.run(ParentRunner.java:331)
	at org.junit.runners.ParentRunner$1.schedule(ParentRunner.java:79)
	at org.junit.runners.ParentRunner.runChildren(ParentRunner.java:329)
	at org.junit.runners.ParentRunner.access$100(ParentRunner.java:66)
	at org.junit.runners.ParentRunner$2.evaluate(ParentRunner.java:293)
	at org.junit.runners.ParentRunner$3.evaluate(ParentRunner.java:306)
	at org.junit.runners.ParentRunner.run(ParentRunner.java:413)
	at org.junit.runner.JUnitCore.run(JUnitCore.java:137)
	at org.junit.runner.JUnitCore.run(JUnitCore.java:115)
	at edu.illinois.cs.testrunner.execution.JUnitTestExecutor.execute(JUnitTestExecutor.java:259)
	at edu.illinois.cs.testrunner.execution.JUnitTestExecutor.executeWithJUnit4Runner(JUnitTestExecutor.java:327)
	at edu.illinois.cs.testrunner.execution.JUnitTestExecutor.runOrder(JUnitTestExecutor.java:49)
	at edu.illinois.cs.testrunner.execution.Executor$.$anonfun$run$1(Executor.scala:30)
	at scala.runtime.java8.JFunction0$mcV$sp.apply(JFunction0$mcV$sp.java:12)
	at scala.util.Try$.apply(Try.scala:209)
	at edu.illinois.cs.testrunner.execution.Executor$.run(Executor.scala:28)
	at edu.illinois.cs.testrunner.execution.Executor$.main(Executor.scala:18)
	at edu.illinois.cs.testrunner.execution.Executor.main(Executor.scala)
2024-04-26 13:27:51,382 [FATAL] Log4jLogBackendTest message
java.lang.Throwable: log throwable
	at com.j256.ormlite.logger.BaseLogBackendTest.testFatalStringThrowable(BaseLogBackendTest.java:88)
	at sun.reflect.NativeMethodAccessorImpl.invoke0(Native Method)
	at sun.reflect.NativeMethodAccessorImpl.invoke(NativeMethodAccessorImpl.java:62)
	at sun.reflect.DelegatingMethodAccessorImpl.invoke(DelegatingMethodAccessorImpl.java:43)
	at java.lang.reflect.Method.invoke(Method.java:498)
	at org.junit.runners.model.FrameworkMethod$1.runReflectiveCall(FrameworkMethod.java:59)
	at org.junit.internal.runners.model.ReflectiveCallable.run(ReflectiveCallable.java:12)
	at org.junit.runners.model.FrameworkMethod.invokeExplosively(FrameworkMethod.java:56)
	at org.junit.internal.runners.statements.InvokeMethod.evaluate(InvokeMethod.java:17)
	at org.junit.runners.ParentRunner$3.evaluate(ParentRunner.java:306)
	at org.junit.runners.BlockJUnit4ClassRunner$1.evaluate(BlockJUnit4ClassRunner.java:100)
	at org.junit.runners.ParentRunner.runLeaf(ParentRunner.java:366)
	at org.junit.runners.BlockJUnit4ClassRunner.runChild(BlockJUnit4ClassRunner.java:103)
	at org.junit.runners.BlockJUnit4ClassRunner.runChild(BlockJUnit4ClassRunner.java:63)
	at org.junit.runners.ParentRunner$4.run(ParentRunner.java:331)
	at org.junit.runners.ParentRunner$1.schedule(ParentRunner.java:79)
	at org.junit.runners.ParentRunner.runChildren(ParentRunner.java:329)
	at org.junit.runners.ParentRunner.access$100(ParentRunner.java:66)
	at org.junit.runners.ParentRunner$2.evaluate(ParentRunner.java:293)
	at org.junit.runners.ParentRunner$3.evaluate(ParentRunner.java:306)
	at org.junit.runners.ParentRunner.run(ParentRunner.java:413)
	at org.junit.runners.Suite.runChild(Suite.java:128)
	at org.junit.runners.Suite.runChild(Suite.java:27)
	at org.junit.runners.ParentRunner$4.run(ParentRunner.java:331)
	at org.junit.runners.ParentRunner$1.schedule(ParentRunner.java:79)
	at org.junit.runners.ParentRunner.runChildren(ParentRunner.java:329)
	at org.junit.runners.ParentRunner.access$100(ParentRunner.java:66)
	at org.junit.runners.ParentRunner$2.evaluate(ParentRunner.java:293)
	at org.junit.runners.ParentRunner$3.evaluate(ParentRunner.java:306)
	at org.junit.runners.ParentRunner.run(ParentRunner.java:413)
	at org.junit.runner.JUnitCore.run(JUnitCore.java:137)
	at org.junit.runner.JUnitCore.run(JUnitCore.java:115)
	at edu.illinois.cs.testrunner.execution.JUnitTestExecutor.execute(JUnitTestExecutor.java:259)
	at edu.illinois.cs.testrunner.execution.JUnitTestExecutor.executeWithJUnit4Runner(JUnitTestExecutor.java:327)
	at edu.illinois.cs.testrunner.execution.JUnitTestExecutor.runOrder(JUnitTestExecutor.java:49)
	at edu.illinois.cs.testrunner.execution.Executor$.$anonfun$run$1(Executor.scala:30)
	at scala.runtime.java8.JFunction0$mcV$sp.apply(JFunction0$mcV$sp.java:12)
	at scala.util.Try$.apply(Try.scala:209)
	at edu.illinois.cs.testrunner.execution.Executor$.run(Executor.scala:28)
	at edu.illinois.cs.testrunner.execution.Executor$.main(Executor.scala:18)
	at edu.illinois.cs.testrunner.execution.Executor.main(Executor.scala)
2024-04-26 13:27:51,383 [WARN] Log4jLogBackendTest message
2024-04-26 13:27:51,383 [FATAL] Log4jLogBackendTest message
2024-04-26 13:27:51,384 [INFO] TableUtils dropping table 'foo'
2024-04-26 13:27:51,385 [INFO] TableUtils ignoring drop error 'org.h2.jdbc.JdbcSQLSyntaxErrorException: Table "FOO" not found; SQL statement:
DROP TABLE `foo`  [42102-200]' for statement: DROP TABLE `foo` 
2024-04-26 13:27:51,385 [INFO] TableUtils creating table 'foo'
2024-04-26 13:27:51,387 [INFO] TableUtils executed create table statement changed 0 rows: CREATE TABLE `foo` (`id` VARCHAR(255) , PRIMARY KEY (`id`) ) 
2024-04-26 13:27:51,388 [DEBUG] BaseMappedStatement refresh using 'SELECT * FROM `foo` WHERE `id` = ?' and 1 args, got no results
2024-04-26 13:27:51,388 [TRACE] BaseMappedStatement refresh arguments: [foo]
2024-04-26 13:27:51,389 [DEBUG] BaseMappedStatement insert data with statement 'INSERT INTO `foo` (`id` ) VALUES (?)' and 1 args, changed 1 rows
2024-04-26 13:27:51,389 [TRACE] BaseMappedStatement insert arguments: [foo]
2024-04-26 13:27:51,389 [DEBUG] BaseMappedStatement refresh using 'SELECT * FROM `foo` WHERE `id` = ?' and 1 args, got 1 result
2024-04-26 13:27:51,389 [TRACE] BaseMappedStatement refresh arguments: [foo]
2024-04-26 13:27:51,390 [INFO] TableUtils dropping table 'foo'
2024-04-26 13:27:51,391 [INFO] TableUtils ignoring drop error 'org.h2.jdbc.JdbcSQLSyntaxErrorException: Table "FOO" not found; SQL statement:
DROP TABLE `foo`  [42102-200]' for statement: DROP TABLE `foo` 
2024-04-26 13:27:51,391 [INFO] TableUtils creating table 'foo'
2024-04-26 13:27:51,391 [INFO] TableUtils executed create table statement changed 0 rows: CREATE TABLE `foo` (`id` VARCHAR(255) ) 
2024-04-26 13:27:51,391 [DEBUG] BaseMappedStatement insert data with statement 'INSERT INTO `foo` (`id` ) VALUES (?)' and 1 args, changed 1 rows
2024-04-26 13:27:51,391 [TRACE] BaseMappedStatement insert arguments: [foo]
2024-04-26 13:27:51,392 [DEBUG] BaseMappedStatement refresh using 'SELECT * FROM `foo` WHERE `id` = ?' and 1 args, got 1 result
2024-04-26 13:27:51,392 [TRACE] BaseMappedStatement refresh arguments: [foo]
2024-04-26 13:27:51,392 [DEBUG] BaseMappedStatement insert data with statement 'INSERT INTO `foo` (`id` ) VALUES (?)' and 1 args, changed 1 rows
2024-04-26 13:27:51,392 [TRACE] BaseMappedStatement insert arguments: [foo]
2024-04-26 13:27:51,393 [ERROR] BaseMappedStatement refresh using 'SELECT * FROM `foo` WHERE `id` = ?' and 1 args, got >1 results
2024-04-26 13:27:51,393 [TRACE] BaseMappedStatement refresh arguments: [foo]
2024-04-26 13:27:51,395 [INFO] TableUtils dropping table 'foo'
2024-04-26 13:27:51,396 [INFO] TableUtils ignoring drop error 'org.h2.jdbc.JdbcSQLSyntaxErrorException: Table "FOO" not found; SQL statement:
DROP TABLE `foo`  [42102-200]' for statement: DROP TABLE `foo` 
2024-04-26 13:27:51,396 [INFO] TableUtils creating table 'foo'
2024-04-26 13:27:51,397 [INFO] TableUtils executed create table statement changed 0 rows: CREATE TABLE `foo` (`id` INTEGER AUTO_INCREMENT , `val` INTEGER , `equal` INTEGER , `string` VARCHAR(255) , PRIMARY KEY (`id`) ) 
2024-04-26 13:27:51,397 [DEBUG] BaseMappedStatement insert data with statement 'INSERT INTO `foo` (`val` ,`equal` ,`string` ) VALUES (?,?,?)' and 3 args, changed 1 rows
2024-04-26 13:27:51,397 [TRACE] BaseMappedStatement insert arguments: [0, 0, null]
2024-04-26 13:27:51,397 [DEBUG] BaseMappedStatement assigned id '1' from keyholder to 'id' in Foo object
2024-04-26 13:27:51,398 [DEBUG] BaseMappedStatement insert data with statement 'INSERT INTO `foo` (`val` ,`equal` ,`string` ) VALUES (?,?,?)' and 3 args, changed 1 rows
2024-04-26 13:27:51,398 [TRACE] BaseMappedStatement insert arguments: [0, 0, null]
2024-04-26 13:27:51,398 [DEBUG] BaseMappedStatement assigned id '2' from keyholder to 'id' in Foo object
2024-04-26 13:27:51,398 [DEBUG] BaseMappedStatement insert data with statement 'INSERT INTO `foo` (`val` ,`equal` ,`string` ) VALUES (?,?,?)' and 3 args, changed 1 rows
2024-04-26 13:27:51,398 [TRACE] BaseMappedStatement insert arguments: [0, 0, null]
2024-04-26 13:27:51,398 [DEBUG] BaseMappedStatement assigned id '3' from keyholder to 'id' in Foo object
2024-04-26 13:27:51,399 [DEBUG] BaseMappedStatement prepared statement 'UPDATE `foo` SET `string` = 'hello' LIMIT 2' with 0 args
2024-04-26 13:27:51,400 [DEBUG] BaseMappedStatement prepared statement 'SELECT * FROM `foo`' with 0 args
2024-04-26 13:27:51,400 [DEBUG] StatementExecutor query of 'SELECT * FROM `foo`' with 0 args returned 3 results
2024-04-26 13:27:51,401 [INFO] TableUtils dropping table 'updatedate'
2024-04-26 13:27:51,402 [INFO] TableUtils ignoring drop error 'org.h2.jdbc.JdbcSQLSyntaxErrorException: Table "UPDATEDATE" not found; SQL statement:
DROP TABLE `updatedate`  [42102-200]' for statement: DROP TABLE `updatedate` 
2024-04-26 13:27:51,402 [INFO] TableUtils creating table 'updatedate'
2024-04-26 13:27:51,403 [INFO] TableUtils executed create table statement changed 0 rows: CREATE TABLE `updatedate` (`id` INTEGER AUTO_INCREMENT , `date` TIMESTAMP , PRIMARY KEY (`id`) ) 
2024-04-26 13:27:51,416 [DEBUG] BaseMappedStatement insert data with statement 'INSERT INTO `updatedate` (`date` ) VALUES (?)' and 1 args, changed 1 rows
2024-04-26 13:27:51,416 [TRACE] BaseMappedStatement insert arguments: [2024-04-26 13:27:51.403]
2024-04-26 13:27:51,416 [DEBUG] BaseMappedStatement assigned id '1' from keyholder to 'id' in UpdateDate object
2024-04-26 13:27:51,416 [DEBUG] BaseMappedStatement prepared statement 'UPDATE `updatedate` SET `date` = ?' with 1 args
2024-04-26 13:27:51,416 [TRACE] BaseMappedStatement prepared statement arguments: [2024-04-26 13:27:51.426]
2024-04-26 13:27:51,417 [DEBUG] BaseMappedStatement query-for-id using 'SELECT * FROM `updatedate` WHERE `id` = ?' and 1 args, got 1 result
2024-04-26 13:27:51,417 [TRACE] BaseMappedStatement query-for-id arguments: [1]
2024-04-26 13:27:51,417 [INFO] TableUtils dropping table 'foo'
2024-04-26 13:27:51,418 [INFO] TableUtils ignoring drop error 'org.h2.jdbc.JdbcSQLSyntaxErrorException: Table "FOO" not found; SQL statement:
DROP TABLE `foo`  [42102-200]' for statement: DROP TABLE `foo` 
2024-04-26 13:27:51,418 [INFO] TableUtils creating table 'foo'
2024-04-26 13:27:51,419 [INFO] TableUtils executed create table statement changed 0 rows: CREATE TABLE `foo` (`id` INTEGER AUTO_INCREMENT , `val` INTEGER , `equal` INTEGER , `string` VARCHAR(255) , PRIMARY KEY (`id`) ) 
2024-04-26 13:27:51,419 [DEBUG] BaseMappedStatement insert data with statement 'INSERT INTO `foo` (`val` ,`equal` ,`string` ) VALUES (?,?,?)' and 3 args, changed 1 rows
2024-04-26 13:27:51,419 [TRACE] BaseMappedStatement insert arguments: [0, 0, not really that null]
2024-04-26 13:27:51,419 [DEBUG] BaseMappedStatement assigned id '1' from keyholder to 'id' in Foo object
2024-04-26 13:27:51,420 [DEBUG] BaseMappedStatement query-for-id using 'SELECT * FROM `foo` WHERE `id` = ?' and 1 args, got 1 result
2024-04-26 13:27:51,420 [TRACE] BaseMappedStatement query-for-id arguments: [1]
2024-04-26 13:27:51,420 [DEBUG] BaseMappedStatement prepared statement 'UPDATE `foo` SET `string` = ?' with 1 args
2024-04-26 13:27:51,420 [TRACE] BaseMappedStatement prepared statement arguments: [null]
2024-04-26 13:27:51,420 [DEBUG] BaseMappedStatement query-for-id using 'SELECT * FROM `foo` WHERE `id` = ?' and 1 args, got 1 result
2024-04-26 13:27:51,420 [TRACE] BaseMappedStatement query-for-id arguments: [1]
2024-04-26 13:27:51,421 [DEBUG] BaseMappedStatement prepared statement 'UPDATE `foo` SET `string` = 'not really that null'' with 0 args
2024-04-26 13:27:51,421 [DEBUG] BaseMappedStatement query-for-id using 'SELECT * FROM `foo` WHERE `id` = ?' and 1 args, got 1 result
2024-04-26 13:27:51,421 [TRACE] BaseMappedStatement query-for-id arguments: [1]
2024-04-26 13:27:51,421 [DEBUG] BaseMappedStatement prepared statement 'UPDATE `foo` SET `string` = null' with 0 args
2024-04-26 13:27:51,422 [DEBUG] BaseMappedStatement query-for-id using 'SELECT * FROM `foo` WHERE `id` = ?' and 1 args, got 1 result
2024-04-26 13:27:51,422 [TRACE] BaseMappedStatement query-for-id arguments: [1]
2024-04-26 13:27:51,422 [DEBUG] BaseMappedStatement prepared statement 'UPDATE `foo` SET `string` = 'not really that null'' with 0 args
2024-04-26 13:27:51,422 [DEBUG] BaseMappedStatement query-for-id using 'SELECT * FROM `foo` WHERE `id` = ?' and 1 args, got 1 result
2024-04-26 13:27:51,422 [TRACE] BaseMappedStatement query-for-id arguments: [1]
2024-04-26 13:27:51,423 [DEBUG] BaseMappedStatement prepared statement 'UPDATE `foo` SET `string` = ?' with 1 args
2024-04-26 13:27:51,423 [TRACE] BaseMappedStatement prepared statement arguments: [null]
2024-04-26 13:27:51,423 [DEBUG] BaseMappedStatement query-for-id using 'SELECT * FROM `foo` WHERE `id` = ?' and 1 args, got 1 result
2024-04-26 13:27:51,423 [TRACE] BaseMappedStatement query-for-id arguments: [1]
2024-04-26 13:27:51,426 [INFO] TableUtils dropping table 'updatedate'
2024-04-26 13:27:51,427 [INFO] TableUtils ignoring drop error 'org.h2.jdbc.JdbcSQLSyntaxErrorException: Table "UPDATEDATE" not found; SQL statement:
DROP TABLE `updatedate`  [42102-200]' for statement: DROP TABLE `updatedate` 
2024-04-26 13:27:51,427 [INFO] TableUtils creating table 'updatedate'
2024-04-26 13:27:51,428 [INFO] TableUtils executed create table statement changed 0 rows: CREATE TABLE `updatedate` (`id` INTEGER AUTO_INCREMENT , `date` TIMESTAMP , PRIMARY KEY (`id`) ) 
2024-04-26 13:27:51,428 [DEBUG] BaseMappedStatement insert data with statement 'INSERT INTO `updatedate` (`date` ) VALUES (?)' and 1 args, changed 1 rows
2024-04-26 13:27:51,428 [TRACE] BaseMappedStatement insert arguments: [2024-04-26 13:27:51.428]
2024-04-26 13:27:51,428 [DEBUG] BaseMappedStatement assigned id '1' from keyholder to 'id' in UpdateDate object
2024-04-26 13:27:51,429 [DEBUG] BaseMappedStatement prepared statement 'UPDATE `updatedate` SET `date` = ?' with 1 args
2024-04-26 13:27:51,429 [TRACE] BaseMappedStatement prepared statement arguments: [2024-04-26 13:27:51.438]
2024-04-26 13:27:51,429 [DEBUG] BaseMappedStatement query-for-id using 'SELECT * FROM `updatedate` WHERE `id` = ?' and 1 args, got 1 result
2024-04-26 13:27:51,429 [TRACE] BaseMappedStatement query-for-id arguments: [1]
ERROR Log4j2LogBackendTest message
ERROR Log4j2LogBackendTest message java.lang.Throwable: log throwable
	at com.j256.ormlite.logger.BaseLogBackendTest.testErrorStringThrowable(BaseLogBackendTest.java:78)
	at sun.reflect.NativeMethodAccessorImpl.invoke0(Native Method)
	at sun.reflect.NativeMethodAccessorImpl.invoke(NativeMethodAccessorImpl.java:62)
	at sun.reflect.DelegatingMethodAccessorImpl.invoke(DelegatingMethodAccessorImpl.java:43)
	at java.lang.reflect.Method.invoke(Method.java:498)
	at org.junit.runners.model.FrameworkMethod$1.runReflectiveCall(FrameworkMethod.java:59)
	at org.junit.internal.runners.model.ReflectiveCallable.run(ReflectiveCallable.java:12)
	at org.junit.runners.model.FrameworkMethod.invokeExplosively(FrameworkMethod.java:56)
	at org.junit.internal.runners.statements.InvokeMethod.evaluate(InvokeMethod.java:17)
	at org.junit.runners.ParentRunner$3.evaluate(ParentRunner.java:306)
	at org.junit.runners.BlockJUnit4ClassRunner$1.evaluate(BlockJUnit4ClassRunner.java:100)
	at org.junit.runners.ParentRunner.runLeaf(ParentRunner.java:366)
	at org.junit.runners.BlockJUnit4ClassRunner.runChild(BlockJUnit4ClassRunner.java:103)
	at org.junit.runners.BlockJUnit4ClassRunner.runChild(BlockJUnit4ClassRunner.java:63)
	at org.junit.runners.ParentRunner$4.run(ParentRunner.java:331)
	at org.junit.runners.ParentRunner$1.schedule(ParentRunner.java:79)
	at org.junit.runners.ParentRunner.runChildren(ParentRunner.java:329)
	at org.junit.runners.ParentRunner.access$100(ParentRunner.java:66)
	at org.junit.runners.ParentRunner$2.evaluate(ParentRunner.java:293)
	at org.junit.runners.ParentRunner$3.evaluate(ParentRunner.java:306)
	at org.junit.runners.ParentRunner.run(ParentRunner.java:413)
	at org.junit.runners.Suite.runChild(Suite.java:128)
	at org.junit.runners.Suite.runChild(Suite.java:27)
	at org.junit.runners.ParentRunner$4.run(ParentRunner.java:331)
	at org.junit.runners.ParentRunner$1.schedule(ParentRunner.java:79)
	at org.junit.runners.ParentRunner.runChildren(ParentRunner.java:329)
	at org.junit.runners.ParentRunner.access$100(ParentRunner.java:66)
	at org.junit.runners.ParentRunner$2.evaluate(ParentRunner.java:293)
	at org.junit.runners.ParentRunner$3.evaluate(ParentRunner.java:306)
	at org.junit.runners.ParentRunner.run(ParentRunner.java:413)
	at org.junit.runner.JUnitCore.run(JUnitCore.java:137)
	at org.junit.runner.JUnitCore.run(JUnitCore.java:115)
	at edu.illinois.cs.testrunner.execution.JUnitTestExecutor.execute(JUnitTestExecutor.java:259)
	at edu.illinois.cs.testrunner.execution.JUnitTestExecutor.executeWithJUnit4Runner(JUnitTestExecutor.java:327)
	at edu.illinois.cs.testrunner.execution.JUnitTestExecutor.runOrder(JUnitTestExecutor.java:49)
	at edu.illinois.cs.testrunner.execution.Executor$.$anonfun$run$1(Executor.scala:30)
	at scala.runtime.java8.JFunction0$mcV$sp.apply(JFunction0$mcV$sp.java:12)
	at scala.util.Try$.apply(Try.scala:209)
	at edu.illinois.cs.testrunner.execution.Executor$.run(Executor.scala:28)
	at edu.illinois.cs.testrunner.execution.Executor$.main(Executor.scala:18)
	at edu.illinois.cs.testrunner.execution.Executor.main(Executor.scala)

FATAL Log4j2LogBackendTest message java.lang.Throwable: log throwable
	at com.j256.ormlite.logger.BaseLogBackendTest.testFatalStringThrowable(BaseLogBackendTest.java:88)
	at sun.reflect.NativeMethodAccessorImpl.invoke0(Native Method)
	at sun.reflect.NativeMethodAccessorImpl.invoke(NativeMethodAccessorImpl.java:62)
	at sun.reflect.DelegatingMethodAccessorImpl.invoke(DelegatingMethodAccessorImpl.java:43)
	at java.lang.reflect.Method.invoke(Method.java:498)
	at org.junit.runners.model.FrameworkMethod$1.runReflectiveCall(FrameworkMethod.java:59)
	at org.junit.internal.runners.model.ReflectiveCallable.run(ReflectiveCallable.java:12)
	at org.junit.runners.model.FrameworkMethod.invokeExplosively(FrameworkMethod.java:56)
	at org.junit.internal.runners.statements.InvokeMethod.evaluate(InvokeMethod.java:17)
	at org.junit.runners.ParentRunner$3.evaluate(ParentRunner.java:306)
	at org.junit.runners.BlockJUnit4ClassRunner$1.evaluate(BlockJUnit4ClassRunner.java:100)
	at org.junit.runners.ParentRunner.runLeaf(ParentRunner.java:366)
	at org.junit.runners.BlockJUnit4ClassRunner.runChild(BlockJUnit4ClassRunner.java:103)
	at org.junit.runners.BlockJUnit4ClassRunner.runChild(BlockJUnit4ClassRunner.java:63)
	at org.junit.runners.ParentRunner$4.run(ParentRunner.java:331)
	at org.junit.runners.ParentRunner$1.schedule(ParentRunner.java:79)
	at org.junit.runners.ParentRunner.runChildren(ParentRunner.java:329)
	at org.junit.runners.ParentRunner.access$100(ParentRunner.java:66)
	at org.junit.runners.ParentRunner$2.evaluate(ParentRunner.java:293)
	at org.junit.runners.ParentRunner$3.evaluate(ParentRunner.java:306)
	at org.junit.runners.ParentRunner.run(ParentRunner.java:413)
	at org.junit.runners.Suite.runChild(Suite.java:128)
	at org.junit.runners.Suite.runChild(Suite.java:27)
	at org.junit.runners.ParentRunner$4.run(ParentRunner.java:331)
	at org.junit.runners.ParentRunner$1.schedule(ParentRunner.java:79)
	at org.junit.runners.ParentRunner.runChildren(ParentRunner.java:329)
	at org.junit.runners.ParentRunner.access$100(ParentRunner.java:66)
	at org.junit.runners.ParentRunner$2.evaluate(ParentRunner.java:293)
	at org.junit.runners.ParentRunner$3.evaluate(ParentRunner.java:306)
	at org.junit.runners.ParentRunner.run(ParentRunner.java:413)
	at org.junit.runner.JUnitCore.run(JUnitCore.java:137)
	at org.junit.runner.JUnitCore.run(JUnitCore.java:115)
	at edu.illinois.cs.testrunner.execution.JUnitTestExecutor.execute(JUnitTestExecutor.java:259)
	at edu.illinois.cs.testrunner.execution.JUnitTestExecutor.executeWithJUnit4Runner(JUnitTestExecutor.java:327)
	at edu.illinois.cs.testrunner.execution.JUnitTestExecutor.runOrder(JUnitTestExecutor.java:49)
	at edu.illinois.cs.testrunner.execution.Executor$.$anonfun$run$1(Executor.scala:30)
	at scala.runtime.java8.JFunction0$mcV$sp.apply(JFunction0$mcV$sp.java:12)
	at scala.util.Try$.apply(Try.scala:209)
	at edu.illinois.cs.testrunner.execution.Executor$.run(Executor.scala:28)
	at edu.illinois.cs.testrunner.execution.Executor$.main(Executor.scala:18)
	at edu.illinois.cs.testrunner.execution.Executor.main(Executor.scala)

FATAL Log4j2LogBackendTest message
Skipping unknown value class class java.lang.Class
Skipping unknown value class class com.j256.ormlite.field.DataType
2024-04-26 13:27:51,435 [INFO] TableUtils dropping table 'foo'
2024-04-26 13:27:51,436 [INFO] TableUtils ignoring drop error 'org.h2.jdbc.JdbcSQLSyntaxErrorException: Table "FOO" not found; SQL statement:
DROP TABLE `foo`  [42102-200]' for statement: DROP TABLE `foo` 
2024-04-26 13:27:51,436 [INFO] TableUtils creating table 'foo'
2024-04-26 13:27:51,436 [INFO] TableUtils executed create table statement changed 0 rows: CREATE TABLE `foo` (`bool` CHAR ) 
2024-04-26 13:27:51,437 [DEBUG] BaseMappedStatement insert data with statement 'INSERT INTO `foo` (`bool` ) VALUES (?)' and 1 args, changed 1 rows
2024-04-26 13:27:51,437 [TRACE] BaseMappedStatement insert arguments: [1]
2024-04-26 13:27:51,437 [DEBUG] BaseMappedStatement prepared statement 'SELECT * FROM `foo`' with 0 args
2024-04-26 13:27:51,438 [DEBUG] StatementExecutor query of 'SELECT * FROM `foo`' with 0 args returned 1 results
2024-04-26 13:27:51,438 [DEBUG] BaseMappedStatement prepared statement 'SELECT * FROM `foo` WHERE (`bool` = 1)' with 0 args
2024-04-26 13:27:51,438 [DEBUG] StatementExecutor query of 'SELECT * FROM `foo` WHERE (`bool` = 1)' with 0 args returned 1 results
2024-04-26 13:27:51,438 [DEBUG] BaseMappedStatement prepared statement 'SELECT * FROM `foo` WHERE (`bool` = ?)' with 1 args
2024-04-26 13:27:51,438 [TRACE] BaseMappedStatement prepared statement arguments: [1]
2024-04-26 13:27:51,438 [DEBUG] StatementExecutor query of 'SELECT * FROM `foo` WHERE (`bool` = ?)' with 1 args returned 1 results
2024-04-26 13:27:51,439 [INFO] TableUtils dropping table 'foo'
2024-04-26 13:27:51,440 [INFO] TableUtils ignoring drop error 'org.h2.jdbc.JdbcSQLSyntaxErrorException: Table "FOO" not found; SQL statement:
DROP TABLE `foo`  [42102-200]' for statement: DROP TABLE `foo` 
2024-04-26 13:27:51,440 [INFO] TableUtils creating table 'foo'
2024-04-26 13:27:51,441 [INFO] TableUtils executed create table statement changed 0 rows: CREATE TABLE `foo` (`id` INTEGER AUTO_INCREMENT , `val` INTEGER , `equal` INTEGER , `string` VARCHAR(255) , PRIMARY KEY (`id`) ) 
2024-04-26 13:27:51,442 [DEBUG] BaseMappedStatement insert data with statement 'INSERT INTO `foo` (`val` ,`equal` ,`string` ) VALUES (?,?,?)' and 3 args, changed 1 rows
2024-04-26 13:27:51,442 [TRACE] BaseMappedStatement insert arguments: [0, 0, null]
2024-04-26 13:27:51,442 [DEBUG] BaseMappedStatement assigned id '1' from keyholder to 'id' in Foo object
2024-04-26 13:27:51,442 [DEBUG] BaseMappedStatement insert data with statement 'INSERT INTO `foo` (`val` ,`equal` ,`string` ) VALUES (?,?,?)' and 3 args, changed 1 rows
2024-04-26 13:27:51,442 [TRACE] BaseMappedStatement insert arguments: [0, 0, null]
2024-04-26 13:27:51,442 [DEBUG] BaseMappedStatement assigned id '2' from keyholder to 'id' in Foo object
2024-04-26 13:27:51,443 [DEBUG] BaseMappedStatement prepared statement 'SELECT * FROM `foo`' with 0 args
2024-04-26 13:27:51,443 [DEBUG] StatementExecutor query of 'SELECT * FROM `foo`' with 0 args returned 0 results
2024-04-26 13:27:51,445 [INFO] TableUtils dropping table 'foo'
2024-04-26 13:27:51,446 [INFO] TableUtils ignoring drop error 'org.h2.jdbc.JdbcSQLSyntaxErrorException: Table "FOO" not found; SQL statement:
DROP TABLE `foo`  [42102-200]' for statement: DROP TABLE `foo` 
2024-04-26 13:27:51,446 [INFO] TableUtils creating table 'foo'
2024-04-26 13:27:51,447 [INFO] TableUtils executed create table statement changed 0 rows: CREATE TABLE `foo` (`id` INTEGER AUTO_INCREMENT , `val` INTEGER , `equal` INTEGER , `string` VARCHAR(255) , PRIMARY KEY (`id`) ) 
2024-04-26 13:27:51,447 [DEBUG] BaseMappedStatement insert data with statement 'INSERT INTO `foo` (`val` ,`equal` ,`string` ) VALUES (?,?,?)' and 3 args, changed 1 rows
2024-04-26 13:27:51,447 [TRACE] BaseMappedStatement insert arguments: [13131511, 0, null]
2024-04-26 13:27:51,447 [DEBUG] BaseMappedStatement assigned id '1' from keyholder to 'id' in Foo object
2024-04-26 13:27:51,448 [DEBUG] BaseMappedStatement delete data with statement 'DELETE FROM `foo` WHERE `id` = ?' and 1 args, changed 1 rows
2024-04-26 13:27:51,448 [TRACE] BaseMappedStatement delete arguments: [1]
2024-04-26 13:27:51,449 [DEBUG] BaseMappedStatement query-for-id using 'SELECT * FROM `foo` WHERE `id` = ?' and 1 args, got no results
2024-04-26 13:27:51,449 [TRACE] BaseMappedStatement query-for-id arguments: [1]
2024-04-26 13:27:51,449 [DEBUG] BaseMappedStatement query-for-id using 'SELECT * FROM `foo` WHERE `id` = ?' and 1 args, got 1 result
2024-04-26 13:27:51,449 [TRACE] BaseMappedStatement query-for-id arguments: [1]
2024-04-26 13:27:51,450 [INFO] TableUtils dropping table 'foo'
2024-04-26 13:27:51,451 [INFO] TableUtils ignoring drop error 'org.h2.jdbc.JdbcSQLSyntaxErrorException: Table "FOO" not found; SQL statement:
DROP TABLE `foo`  [42102-200]' for statement: DROP TABLE `foo` 
2024-04-26 13:27:51,451 [INFO] TableUtils creating table 'foo'
2024-04-26 13:27:51,451 [INFO] TableUtils executed create table statement changed 0 rows: CREATE TABLE `foo` (`id` INTEGER AUTO_INCREMENT , `val` INTEGER , `equal` INTEGER , `string` VARCHAR(255) , PRIMARY KEY (`id`) ) 
2024-04-26 13:27:51,452 [DEBUG] BaseMappedStatement insert data with statement 'INSERT INTO `foo` (`val` ,`equal` ,`string` ) VALUES (?,?,?)' and 3 args, changed 1 rows
2024-04-26 13:27:51,452 [TRACE] BaseMappedStatement insert arguments: [13131511, 0, null]
2024-04-26 13:27:51,452 [DEBUG] BaseMappedStatement assigned id '1' from keyholder to 'id' in Foo object
2024-04-26 13:27:51,452 [DEBUG] BaseMappedStatement delete data with statement 'DELETE FROM `foo` WHERE `id` = ?' and 1 args, changed 1 rows
2024-04-26 13:27:51,452 [TRACE] BaseMappedStatement delete arguments: [1]
2024-04-26 13:27:51,452 [DEBUG] BaseMappedStatement query-for-id using 'SELECT * FROM `foo` WHERE `id` = ?' and 1 args, got no results
2024-04-26 13:27:51,453 [TRACE] BaseMappedStatement query-for-id arguments: [1]
2024-04-26 13:27:51,453 [DEBUG] BaseMappedStatement query-for-id using 'SELECT * FROM `foo` WHERE `id` = ?' and 1 args, got no results
2024-04-26 13:27:51,453 [TRACE] BaseMappedStatement query-for-id arguments: [1]
2024-04-26 13:27:51,454 [INFO] TableUtils dropping table 'foo'
2024-04-26 13:27:51,454 [INFO] TableUtils ignoring drop error 'org.h2.jdbc.JdbcSQLSyntaxErrorException: Table "FOO" not found; SQL statement:
DROP TABLE `foo`  [42102-200]' for statement: DROP TABLE `foo` 
2024-04-26 13:27:51,454 [INFO] TableUtils creating table 'foo'
2024-04-26 13:27:51,455 [INFO] TableUtils executed create table statement changed 0 rows: CREATE TABLE `foo` (`id` INTEGER AUTO_INCREMENT , `val` INTEGER , `equal` INTEGER , `string` VARCHAR(255) , PRIMARY KEY (`id`) ) 
2024-04-26 13:27:51,455 [DEBUG] BaseMappedStatement insert data with statement 'INSERT INTO `foo` (`val` ,`equal` ,`string` ) VALUES (?,?,?)' and 3 args, changed 1 rows
2024-04-26 13:27:51,455 [TRACE] BaseMappedStatement insert arguments: [0, 0, null]
2024-04-26 13:27:51,455 [DEBUG] BaseMappedStatement assigned id '1' from keyholder to 'id' in Foo object
2024-04-26 13:27:51,456 [DEBUG] BaseMappedStatement query-for-id using 'SELECT * FROM `foo` WHERE `id` = ?' and 1 args, got 1 result
2024-04-26 13:27:51,456 [TRACE] BaseMappedStatement query-for-id arguments: [1]
2024-04-26 13:27:51,456 [DEBUG] BaseMappedStatement delete data with statement 'DELETE FROM `foo` WHERE `id` = ?' and 1 args, changed 1 rows
2024-04-26 13:27:51,456 [TRACE] BaseMappedStatement delete arguments: [1]
2024-04-26 13:27:51,457 [DEBUG] BaseMappedStatement query-for-id using 'SELECT * FROM `foo` WHERE `id` = ?' and 1 args, got 1 result
2024-04-26 13:27:51,457 [TRACE] BaseMappedStatement query-for-id arguments: [1]
2024-04-26 13:27:51,458 [INFO] TableUtils dropping table 'foo'
2024-04-26 13:27:51,459 [INFO] TableUtils ignoring drop error 'org.h2.jdbc.JdbcSQLSyntaxErrorException: Table "FOO" not found; SQL statement:
DROP TABLE `foo`  [42102-200]' for statement: DROP TABLE `foo` 
2024-04-26 13:27:51,459 [INFO] TableUtils creating table 'foo'
2024-04-26 13:27:51,460 [INFO] TableUtils executed create table statement changed 0 rows: CREATE TABLE `foo` (`id` INTEGER AUTO_INCREMENT , `val` INTEGER , `equal` INTEGER , `string` VARCHAR(255) , PRIMARY KEY (`id`) ) 
2024-04-26 13:27:51,461 [DEBUG] BaseMappedStatement insert data with statement 'INSERT INTO `foo` (`val` ,`equal` ,`string` ) VALUES (?,?,?)' and 3 args, changed 1 rows
2024-04-26 13:27:51,461 [TRACE] BaseMappedStatement insert arguments: [13131511, 0, null]
2024-04-26 13:27:51,461 [DEBUG] BaseMappedStatement assigned id '1' from keyholder to 'id' in Foo object
2024-04-26 13:27:51,461 [DEBUG] BaseMappedStatement delete data with statement 'DELETE FROM `foo` WHERE `id` = ?' and 1 args, changed 1 rows
2024-04-26 13:27:51,461 [TRACE] BaseMappedStatement delete arguments: [1]
2024-04-26 13:27:51,461 [DEBUG] BaseMappedStatement query-for-id using 'SELECT * FROM `foo` WHERE `id` = ?' and 1 args, got no results
2024-04-26 13:27:51,461 [TRACE] BaseMappedStatement query-for-id arguments: [1]
2024-04-26 13:27:51,462 [DEBUG] BaseMappedStatement query-for-id using 'SELECT * FROM `foo` WHERE `id` = ?' and 1 args, got 1 result
2024-04-26 13:27:51,462 [TRACE] BaseMappedStatement query-for-id arguments: [1]
2024-04-26 13:27:51,463 [INFO] TableUtils dropping table 'foo'
2024-04-26 13:27:51,464 [INFO] TableUtils ignoring drop error 'org.h2.jdbc.JdbcSQLSyntaxErrorException: Table "FOO" not found; SQL statement:
DROP TABLE `foo`  [42102-200]' for statement: DROP TABLE `foo` 
2024-04-26 13:27:51,464 [INFO] TableUtils creating table 'foo'
2024-04-26 13:27:51,464 [INFO] TableUtils executed create table statement changed 0 rows: CREATE TABLE `foo` (`id` INTEGER AUTO_INCREMENT , `val` INTEGER , `equal` INTEGER , `string` VARCHAR(255) , PRIMARY KEY (`id`) ) 
2024-04-26 13:27:51,465 [DEBUG] BaseMappedStatement insert data with statement 'INSERT INTO `foo` (`val` ,`equal` ,`string` ) VALUES (?,?,?)' and 3 args, changed 1 rows
2024-04-26 13:27:51,465 [TRACE] BaseMappedStatement insert arguments: [13131511, 0, null]
2024-04-26 13:27:51,465 [DEBUG] BaseMappedStatement assigned id '1' from keyholder to 'id' in Foo object
2024-04-26 13:27:51,465 [DEBUG] BaseMappedStatement delete data with statement 'DELETE FROM `foo` WHERE `id` = ?' and 1 args, changed 1 rows
2024-04-26 13:27:51,465 [TRACE] BaseMappedStatement delete arguments: [1]
2024-04-26 13:27:51,465 [DEBUG] BaseMappedStatement query-for-id using 'SELECT * FROM `foo` WHERE `id` = ?' and 1 args, got no results
2024-04-26 13:27:51,465 [TRACE] BaseMappedStatement query-for-id arguments: [1]
2024-04-26 13:27:51,466 [DEBUG] BaseMappedStatement query-for-id using 'SELECT * FROM `foo` WHERE `id` = ?' and 1 args, got 1 result
2024-04-26 13:27:51,466 [TRACE] BaseMappedStatement query-for-id arguments: [1]
2024-04-26 13:27:51,466 [INFO] TableUtils dropping table 'foo'
2024-04-26 13:27:51,467 [INFO] TableUtils ignoring drop error 'org.h2.jdbc.JdbcSQLSyntaxErrorException: Table "FOO" not found; SQL statement:
DROP TABLE `foo`  [42102-200]' for statement: DROP TABLE `foo` 
2024-04-26 13:27:51,467 [INFO] TableUtils creating table 'foo'
2024-04-26 13:27:51,467 [INFO] TableUtils executed create table statement changed 0 rows: CREATE TABLE `foo` (`id` INTEGER AUTO_INCREMENT , `val` INTEGER , `equal` INTEGER , `string` VARCHAR(255) , PRIMARY KEY (`id`) ) 
2024-04-26 13:27:51,468 [DEBUG] BaseMappedStatement insert data with statement 'INSERT INTO `foo` (`val` ,`equal` ,`string` ) VALUES (?,?,?)' and 3 args, changed 1 rows
2024-04-26 13:27:51,468 [TRACE] BaseMappedStatement insert arguments: [13131511, 0, null]
2024-04-26 13:27:51,468 [DEBUG] BaseMappedStatement assigned id '1' from keyholder to 'id' in Foo object
2024-04-26 13:27:51,468 [DEBUG] BaseMappedStatement delete data with statement 'DELETE FROM `foo` WHERE `id` = ?' and 1 args, changed 1 rows
2024-04-26 13:27:51,468 [TRACE] BaseMappedStatement delete arguments: [1]
2024-04-26 13:27:51,468 [DEBUG] BaseMappedStatement query-for-id using 'SELECT * FROM `foo` WHERE `id` = ?' and 1 args, got no results
2024-04-26 13:27:51,468 [TRACE] BaseMappedStatement query-for-id arguments: [1]
2024-04-26 13:27:51,469 [DEBUG] BaseMappedStatement query-for-id using 'SELECT * FROM `foo` WHERE `id` = ?' and 1 args, got no results
2024-04-26 13:27:51,469 [TRACE] BaseMappedStatement query-for-id arguments: [1]
2024-04-26 13:27:51,470 [INFO] TableUtils dropping table 'foo'
2024-04-26 13:27:51,471 [INFO] TableUtils ignoring drop error 'org.h2.jdbc.JdbcSQLSyntaxErrorException: Table "FOO" not found; SQL statement:
DROP TABLE `foo`  [42102-200]' for statement: DROP TABLE `foo` 
2024-04-26 13:27:51,471 [INFO] TableUtils creating table 'foo'
2024-04-26 13:27:51,472 [INFO] TableUtils executed create table statement changed 0 rows: CREATE TABLE `foo` (`id` INTEGER AUTO_INCREMENT , `val` INTEGER , `equal` INTEGER , `string` VARCHAR(255) , PRIMARY KEY (`id`) ) 
2024-04-26 13:27:51,472 [DEBUG] BaseMappedStatement insert data with statement 'INSERT INTO `foo` (`val` ,`equal` ,`string` ) VALUES (?,?,?)' and 3 args, changed 1 rows
2024-04-26 13:27:51,472 [TRACE] BaseMappedStatement insert arguments: [1, 0, null]
2024-04-26 13:27:51,472 [DEBUG] BaseMappedStatement assigned id '1' from keyholder to 'id' in Foo object
2024-04-26 13:27:51,473 [DEBUG] BaseMappedStatement insert data with statement 'INSERT INTO `foo` (`val` ,`equal` ,`string` ) VALUES (?,?,?)' and 3 args, changed 1 rows
2024-04-26 13:27:51,473 [TRACE] BaseMappedStatement insert arguments: [2, 0, null]
2024-04-26 13:27:51,473 [DEBUG] BaseMappedStatement assigned id '2' from keyholder to 'id' in Foo object
2024-04-26 13:27:51,473 [DEBUG] BaseMappedStatement insert data with statement 'INSERT INTO `foo` (`val` ,`equal` ,`string` ) VALUES (?,?,?)' and 3 args, changed 1 rows
2024-04-26 13:27:51,473 [TRACE] BaseMappedStatement insert arguments: [3, 0, null]
2024-04-26 13:27:51,473 [DEBUG] BaseMappedStatement assigned id '3' from keyholder to 'id' in Foo object
2024-04-26 13:27:51,474 [INFO] TableUtils dropping table 'foo'
2024-04-26 13:27:51,475 [INFO] TableUtils ignoring drop error 'org.h2.jdbc.JdbcSQLSyntaxErrorException: Table "FOO" not found; SQL statement:
DROP TABLE `foo`  [42102-200]' for statement: DROP TABLE `foo` 
2024-04-26 13:27:51,475 [INFO] TableUtils creating table 'foo'
2024-04-26 13:27:51,475 [INFO] TableUtils executed create table statement changed 0 rows: CREATE TABLE `foo` (`date` BIGINT ) 
2024-04-26 13:27:51,476 [DEBUG] BaseMappedStatement insert data with statement 'INSERT INTO `foo` (`date` ) VALUES (?)' and 1 args, changed 1 rows
2024-04-26 13:27:51,476 [TRACE] BaseMappedStatement insert arguments: [1714134471475]
2024-04-26 13:27:51,476 [DEBUG] BaseMappedStatement prepared statement 'SELECT * FROM `foo`' with 0 args
2024-04-26 13:27:51,476 [DEBUG] StatementExecutor query of 'SELECT * FROM `foo`' with 0 args returned 1 results
2024-04-26 13:27:51,476 [DEBUG] BaseMappedStatement prepared statement 'SELECT * FROM `foo` WHERE (`date` = 1714134471475)' with 0 args
2024-04-26 13:27:51,476 [DEBUG] StatementExecutor query of 'SELECT * FROM `foo` WHERE (`date` = 1714134471475)' with 0 args returned 1 results
2024-04-26 13:27:51,477 [DEBUG] BaseMappedStatement prepared statement 'SELECT * FROM `foo` WHERE (`date` = ?)' with 1 args
2024-04-26 13:27:51,477 [TRACE] BaseMappedStatement prepared statement arguments: [1714134471475]
2024-04-26 13:27:51,477 [DEBUG] StatementExecutor query of 'SELECT * FROM `foo` WHERE (`date` = ?)' with 1 args returned 1 results
2024-04-26 13:27:51,477 [INFO] TableUtils dropping table 'foo'
2024-04-26 13:27:51,478 [INFO] TableUtils ignoring drop error 'org.h2.jdbc.JdbcSQLSyntaxErrorException: Table "FOO" not found; SQL statement:
DROP TABLE `foo`  [42102-200]' for statement: DROP TABLE `foo` 
2024-04-26 13:27:51,478 [INFO] TableUtils creating table 'foo'
2024-04-26 13:27:51,478 [INFO] TableUtils executed create table statement changed 0 rows: CREATE TABLE `foo` (`date` BIGINT ) 
2024-04-26 13:27:51,478 [DEBUG] BaseMappedStatement insert data with statement 'INSERT INTO `foo` (`date` ) VALUES (?)' and 1 args, changed 1 rows
2024-04-26 13:27:51,478 [TRACE] BaseMappedStatement insert arguments: [null]
2024-04-26 13:27:51,479 [DEBUG] BaseMappedStatement prepared statement 'SELECT * FROM `foo`' with 0 args
2024-04-26 13:27:51,479 [DEBUG] StatementExecutor query of 'SELECT * FROM `foo`' with 0 args returned 1 results
2024-04-26 13:27:51,479 [INFO] TableUtils dropping table 'foo'
2024-04-26 13:27:51,480 [INFO] TableUtils ignoring drop error 'org.h2.jdbc.JdbcSQLSyntaxErrorException: Table "FOO" not found; SQL statement:
DROP TABLE `foo`  [42102-200]' for statement: DROP TABLE `foo` 
2024-04-26 13:27:51,480 [INFO] TableUtils creating table 'foo'
2024-04-26 13:27:51,480 [INFO] TableUtils executed create table statement changed 0 rows: CREATE TABLE `foo` (`bool` BOOLEAN ) 
2024-04-26 13:27:51,481 [DEBUG] BaseMappedStatement insert data with statement 'INSERT INTO `foo` (`bool` ) VALUES (?)' and 1 args, changed 1 rows
2024-04-26 13:27:51,481 [TRACE] BaseMappedStatement insert arguments: [true]
2024-04-26 13:27:51,481 [DEBUG] BaseMappedStatement prepared statement 'SELECT * FROM `foo`' with 0 args
2024-04-26 13:27:51,481 [DEBUG] StatementExecutor query of 'SELECT * FROM `foo`' with 0 args returned 1 results
2024-04-26 13:27:51,482 [DEBUG] BaseMappedStatement prepared statement 'SELECT * FROM `foo` WHERE (`bool` = true)' with 0 args
2024-04-26 13:27:51,482 [DEBUG] StatementExecutor query of 'SELECT * FROM `foo` WHERE (`bool` = true)' with 0 args returned 1 results
2024-04-26 13:27:51,482 [DEBUG] BaseMappedStatement prepared statement 'SELECT * FROM `foo` WHERE (`bool` = ?)' with 1 args
2024-04-26 13:27:51,482 [TRACE] BaseMappedStatement prepared statement arguments: [true]
2024-04-26 13:27:51,482 [DEBUG] StatementExecutor query of 'SELECT * FROM `foo` WHERE (`bool` = ?)' with 1 args returned 1 results
2024-04-26 13:27:51,482 [INFO] TableUtils dropping table 'foo'
2024-04-26 13:27:51,483 [INFO] TableUtils ignoring drop error 'org.h2.jdbc.JdbcSQLSyntaxErrorException: Table "FOO" not found; SQL statement:
DROP TABLE `foo`  [42102-200]' for statement: DROP TABLE `foo` 
2024-04-26 13:27:51,483 [INFO] TableUtils creating table 'foo'
2024-04-26 13:27:51,484 [INFO] TableUtils executed create table statement changed 0 rows: CREATE TABLE `foo` (`bool` BOOLEAN ) 
2024-04-26 13:27:51,484 [DEBUG] BaseMappedStatement insert data with statement 'INSERT INTO `foo` (`bool` ) VALUES (?)' and 1 args, changed 1 rows
2024-04-26 13:27:51,484 [TRACE] BaseMappedStatement insert arguments: [null]
2024-04-26 13:27:51,484 [DEBUG] BaseMappedStatement prepared statement 'SELECT * FROM `foo`' with 0 args
2024-04-26 13:27:51,484 [DEBUG] StatementExecutor query of 'SELECT * FROM `foo`' with 0 args returned 1 results
2024-04-26 13:27:51,486 [INFO] TableUtils dropping table 'foo'
2024-04-26 13:27:51,486 [INFO] TableUtils ignoring drop error 'org.h2.jdbc.JdbcSQLSyntaxErrorException: Table "FOO" not found; SQL statement:
DROP TABLE `foo`  [42102-200]' for statement: DROP TABLE `foo` 
2024-04-26 13:27:51,487 [INFO] TableUtils creating table 'foo'
2024-04-26 13:27:51,487 [INFO] TableUtils executed create table statement changed 0 rows: CREATE TABLE `foo` (`id` INTEGER AUTO_INCREMENT , `timestamp` TIMESTAMP , `stuff` VARCHAR(255) , PRIMARY KEY (`id`) ) 
2024-04-26 13:27:51,488 [DEBUG] BaseMappedStatement insert data with statement 'INSERT INTO `foo` (`timestamp` ,`stuff` ) VALUES (?,?)' and 2 args, changed 1 rows
2024-04-26 13:27:51,488 [TRACE] BaseMappedStatement insert arguments: [2024-04-26 13:27:51.488, null]
2024-04-26 13:27:51,489 [DEBUG] BaseMappedStatement assigned id '1' from keyholder to 'id' in TimeStampVersion object
2024-04-26 13:27:51,490 [DEBUG] BaseMappedStatement query-for-id using 'SELECT * FROM `foo` WHERE `id` = ?' and 1 args, got 1 result
2024-04-26 13:27:51,490 [TRACE] BaseMappedStatement query-for-id arguments: [1]
2024-04-26 13:27:51,492 [DEBUG] BaseMappedStatement update data with statement 'UPDATE `foo` SET `timestamp` = ?, `stuff` = ? WHERE `id` = ? AND `timestamp` = ?' and 4 args, changed 1 rows
2024-04-26 13:27:51,492 [TRACE] BaseMappedStatement update arguments: [2024-04-26 13:27:51.492, null, 1, 2024-04-26 13:27:51.488]
2024-04-26 13:27:51,494 [DEBUG] BaseMappedStatement query-for-id using 'SELECT * FROM `foo` WHERE `id` = ?' and 1 args, got 1 result
2024-04-26 13:27:51,494 [TRACE] BaseMappedStatement query-for-id arguments: [1]
2024-04-26 13:27:51,495 [INFO] TableUtils dropping table 'timestampdefault'
2024-04-26 13:27:51,496 [INFO] TableUtils ignoring drop error 'org.h2.jdbc.JdbcSQLSyntaxErrorException: Table "TIMESTAMPDEFAULT" not found; SQL statement:
DROP TABLE `timestampdefault`  [42102-200]' for statement: DROP TABLE `timestampdefault` 
2024-04-26 13:27:51,496 [INFO] TableUtils creating table 'timestampdefault'
2024-04-26 13:27:51,496 [INFO] TableUtils executed create table statement changed 0 rows: CREATE TABLE `timestampdefault` (`id` INTEGER AUTO_INCREMENT , `timestamp` TIMESTAMP DEFAULT CURRENT_TIMESTAMP() , `stuff` VARCHAR(255) , PRIMARY KEY (`id`) ) 
2024-04-26 13:27:51,498 [DEBUG] BaseMappedStatement insert data with statement 'INSERT INTO `timestampdefault` (`stuff` ) VALUES (?)' and 1 args, changed 1 rows
2024-04-26 13:27:51,498 [TRACE] BaseMappedStatement insert arguments: [null]
2024-04-26 13:27:51,498 [DEBUG] BaseMappedStatement assigned id '1' from keyholder to 'id' in TimeStampDefault object
2024-04-26 13:27:51,500 [DEBUG] BaseMappedStatement query-for-id using 'SELECT * FROM `timestampdefault` WHERE `id` = ?' and 1 args, got 1 result
2024-04-26 13:27:51,500 [TRACE] BaseMappedStatement query-for-id arguments: [1]
2024-04-26 13:27:51,500 [INFO] TableUtils dropping table 'foo'
2024-04-26 13:27:51,501 [INFO] TableUtils ignoring drop error 'org.h2.jdbc.JdbcSQLSyntaxErrorException: Table "FOO" not found; SQL statement:
DROP TABLE `foo`  [42102-200]' for statement: DROP TABLE `foo` 
2024-04-26 13:27:51,501 [INFO] TableUtils creating table 'foo'
2024-04-26 13:27:51,501 [INFO] TableUtils executed create table statement changed 0 rows: CREATE TABLE `foo` (`timestamp` TIMESTAMP ) 
2024-04-26 13:27:51,502 [DEBUG] BaseMappedStatement insert data with statement 'INSERT INTO `foo` (`timestamp` ) VALUES (?)' and 1 args, changed 1 rows
2024-04-26 13:27:51,502 [TRACE] BaseMappedStatement insert arguments: [2024-04-26 13:27:51.0]
2024-04-26 13:27:51,502 [DEBUG] BaseMappedStatement prepared statement 'SELECT * FROM `foo`' with 0 args
2024-04-26 13:27:51,503 [DEBUG] StatementExecutor query of 'SELECT * FROM `foo`' with 0 args returned 1 results
2024-04-26 13:27:51,503 [DEBUG] BaseMappedStatement prepared statement 'SELECT * FROM `foo` WHERE (`timestamp` = ?)' with 1 args
2024-04-26 13:27:51,503 [TRACE] BaseMappedStatement prepared statement arguments: [2024-04-26 13:27:51.0]
2024-04-26 13:27:51,503 [DEBUG] StatementExecutor query of 'SELECT * FROM `foo` WHERE (`timestamp` = ?)' with 1 args returned 1 results
2024-04-26 13:27:51,503 [DEBUG] BaseMappedStatement prepared statement 'SELECT * FROM `foo` WHERE (`timestamp` = ?)' with 1 args
2024-04-26 13:27:51,503 [TRACE] BaseMappedStatement prepared statement arguments: [2024-04-26 13:27:51.0]
2024-04-26 13:27:51,503 [DEBUG] StatementExecutor query of 'SELECT * FROM `foo` WHERE (`timestamp` = ?)' with 1 args returned 1 results
2024-04-26 13:27:51,504 [INFO] TableUtils dropping table 'foo'
2024-04-26 13:27:51,505 [INFO] TableUtils ignoring drop error 'org.h2.jdbc.JdbcSQLSyntaxErrorException: Table "FOO" not found; SQL statement:
DROP TABLE `foo`  [42102-200]' for statement: DROP TABLE `foo` 
2024-04-26 13:27:51,505 [INFO] TableUtils creating table 'foo'
2024-04-26 13:27:51,505 [INFO] TableUtils executed create table statement changed 0 rows: CREATE TABLE `foo` (`timestamp` TIMESTAMP ) 
2024-04-26 13:27:51,505 [DEBUG] BaseMappedStatement insert data with statement 'INSERT INTO `foo` (`timestamp` ) VALUES (?)' and 1 args, changed 1 rows
2024-04-26 13:27:51,505 [TRACE] BaseMappedStatement insert arguments: [null]
2024-04-26 13:27:51,506 [DEBUG] BaseMappedStatement prepared statement 'SELECT * FROM `foo`' with 0 args
2024-04-26 13:27:51,506 [DEBUG] StatementExecutor query of 'SELECT * FROM `foo`' with 0 args returned 1 results
2024-04-26 13:27:51,506 [INFO] TableUtils dropping table 'foo'
2024-04-26 13:27:51,507 [INFO] TableUtils ignoring drop error 'org.h2.jdbc.JdbcSQLSyntaxErrorException: Table "FOO" not found; SQL statement:
DROP TABLE `foo`  [42102-200]' for statement: DROP TABLE `foo` 
2024-04-26 13:27:51,507 [INFO] TableUtils creating table 'foo'
2024-04-26 13:27:51,507 [INFO] TableUtils executed create table statement changed 0 rows: CREATE TABLE `foo` (`bigInteger` VARCHAR(255) ) 
2024-04-26 13:27:51,508 [DEBUG] BaseMappedStatement insert data with statement 'INSERT INTO `foo` (`bigInteger` ) VALUES (?)' and 1 args, changed 1 rows
2024-04-26 13:27:51,508 [TRACE] BaseMappedStatement insert arguments: [null]
2024-04-26 13:27:51,508 [DEBUG] BaseMappedStatement prepared statement 'SELECT * FROM `foo`' with 0 args
2024-04-26 13:27:51,508 [DEBUG] StatementExecutor query of 'SELECT * FROM `foo`' with 0 args returned 1 results
2024-04-26 13:27:51,509 [INFO] TableUtils dropping table 'foo'
2024-04-26 13:27:51,509 [INFO] TableUtils ignoring drop error 'org.h2.jdbc.JdbcSQLSyntaxErrorException: Table "FOO" not found; SQL statement:
DROP TABLE `foo`  [42102-200]' for statement: DROP TABLE `foo` 
2024-04-26 13:27:51,509 [INFO] TableUtils creating table 'foo'
2024-04-26 13:27:51,509 [INFO] TableUtils executed create table statement changed 0 rows: CREATE TABLE `foo` (`bigInteger` VARCHAR(255) ) 
2024-04-26 13:27:51,510 [DEBUG] BaseMappedStatement insert data with statement 'INSERT INTO `foo` (`bigInteger` ) VALUES (?)' and 1 args, changed 1 rows
2024-04-26 13:27:51,510 [TRACE] BaseMappedStatement insert arguments: [324234234234234234234234246467647647463345345435345345345345345345345345345345345346356524234234]
2024-04-26 13:27:51,511 [DEBUG] BaseMappedStatement prepared statement 'SELECT * FROM `foo`' with 0 args
2024-04-26 13:27:51,511 [DEBUG] StatementExecutor query of 'SELECT * FROM `foo`' with 0 args returned 1 results
2024-04-26 13:27:51,511 [DEBUG] BaseMappedStatement prepared statement 'SELECT * FROM `foo` WHERE (`bigInteger` = '324234234234234234234234246467647647463345345435345345345345345345345345345345345346356524234234')' with 0 args
2024-04-26 13:27:51,511 [DEBUG] StatementExecutor query of 'SELECT * FROM `foo` WHERE (`bigInteger` = '324234234234234234234234246467647647463345345435345345345345345345345345345345345346356524234234')' with 0 args returned 1 results
2024-04-26 13:27:51,512 [DEBUG] BaseMappedStatement prepared statement 'SELECT * FROM `foo` WHERE (`bigInteger` = ?)' with 1 args
2024-04-26 13:27:51,512 [TRACE] BaseMappedStatement prepared statement arguments: [324234234234234234234234246467647647463345345435345345345345345345345345345345345346356524234234]
2024-04-26 13:27:51,512 [DEBUG] StatementExecutor query of 'SELECT * FROM `foo` WHERE (`bigInteger` = ?)' with 1 args returned 1 results
2024-04-26 13:27:51,514 [INFO] TableUtils dropping table 'foo'
2024-04-26 13:27:51,514 [INFO] TableUtils ignoring drop error 'org.h2.jdbc.JdbcSQLSyntaxErrorException: Table "FOO" not found; SQL statement:
DROP TABLE `FOO_SCHEMA`.`foo`  [42102-200]' for statement: DROP TABLE `FOO_SCHEMA`.`foo` 
2024-04-26 13:27:51,514 [INFO] TableUtils creating table 'foo'
2024-04-26 13:27:51,514 [INFO] TableUtils executed create table statement changed 0 rows: CREATE TABLE `FOO_SCHEMA`.`foo` (`id` INTEGER AUTO_INCREMENT , `val` INTEGER , `equal` INTEGER , `string` VARCHAR(255) , PRIMARY KEY (`id`) ) 
