ERROR StatusLogger Unable to locate a logging implementation, using SimpleLogger
2024-04-26 13:27:54,854 [WARNING] LoggerFactoryTest Unable to create instance of class com.j256.ormlite.android.AndroidLogBackend$AndroidLogBackendFactory for log type ANDROID, using local log: com.j256.ormlite.android.AndroidLogBackend$AndroidLogBackendFactory
2024-04-26 13:27:54,856 [WARNING] LoggerFactory Could not find valid log-type from system property 'com.j256.simplelogger.backend', value 'some.wrong.class'
2024-04-26 13:27:54,888 [INFO] TableUtils dropping table 'updatedate'
2024-04-26 13:27:55,011 [INFO] TableUtils ignoring drop error 'org.h2.jdbc.JdbcSQLSyntaxErrorException: Table "UPDATEDATE" not found; SQL statement:
DROP TABLE `updatedate`  [42102-200]' for statement: DROP TABLE `updatedate` 
2024-04-26 13:27:55,011 [INFO] TableUtils creating table 'updatedate'
2024-04-26 13:27:55,026 [INFO] TableUtils executed create table statement changed 0 rows: CREATE TABLE `updatedate` (`id` INTEGER AUTO_INCREMENT , `date` TIMESTAMP , PRIMARY KEY (`id`) ) 
2024-04-26 13:27:55,052 [DEBUG] BaseMappedStatement insert data with statement 'INSERT INTO `updatedate` (`date` ) VALUES (?)' and 1 args, changed 1 rows
2024-04-26 13:27:55,053 [TRACE] BaseMappedStatement insert arguments: [2024-04-26 13:27:55.026]
2024-04-26 13:27:55,053 [DEBUG] BaseMappedStatement assigned id '1' from keyholder to 'id' in UpdateDate object
2024-04-26 13:27:55,057 [DEBUG] BaseMappedStatement prepared statement 'UPDATE `updatedate` SET `date` = ?' with 1 args
2024-04-26 13:27:55,057 [TRACE] BaseMappedStatement prepared statement arguments: [2024-04-26 13:27:55.064]
2024-04-26 13:27:55,063 [DEBUG] BaseMappedStatement query-for-id using 'SELECT * FROM `updatedate` WHERE `id` = ?' and 1 args, got 1 result
2024-04-26 13:27:55,063 [TRACE] BaseMappedStatement query-for-id arguments: [1]
2024-04-26 13:27:55,065 [INFO] TableUtils dropping table 'foo'
2024-04-26 13:27:55,067 [INFO] TableUtils ignoring drop error 'org.h2.jdbc.JdbcSQLSyntaxErrorException: Table "FOO" not found; SQL statement:
DROP TABLE `foo`  [42102-200]' for statement: DROP TABLE `foo` 
2024-04-26 13:27:55,067 [INFO] TableUtils creating table 'foo'
2024-04-26 13:27:55,068 [INFO] TableUtils executed create table statement changed 0 rows: CREATE TABLE `foo` (`id` INTEGER AUTO_INCREMENT , `val` INTEGER , `equal` INTEGER , `string` VARCHAR(255) , PRIMARY KEY (`id`) ) 
2024-04-26 13:27:55,069 [DEBUG] BaseMappedStatement insert data with statement 'INSERT INTO `foo` (`val` ,`equal` ,`string` ) VALUES (?,?,?)' and 3 args, changed 1 rows
2024-04-26 13:27:55,069 [TRACE] BaseMappedStatement insert arguments: [0, 0, not really that null]
2024-04-26 13:27:55,069 [DEBUG] BaseMappedStatement assigned id '1' from keyholder to 'id' in Foo object
2024-04-26 13:27:55,070 [DEBUG] BaseMappedStatement query-for-id using 'SELECT * FROM `foo` WHERE `id` = ?' and 1 args, got 1 result
2024-04-26 13:27:55,070 [TRACE] BaseMappedStatement query-for-id arguments: [1]
2024-04-26 13:27:55,070 [DEBUG] BaseMappedStatement prepared statement 'UPDATE `foo` SET `string` = ?' with 1 args
2024-04-26 13:27:55,070 [TRACE] BaseMappedStatement prepared statement arguments: [null]
2024-04-26 13:27:55,071 [DEBUG] BaseMappedStatement query-for-id using 'SELECT * FROM `foo` WHERE `id` = ?' and 1 args, got 1 result
2024-04-26 13:27:55,071 [TRACE] BaseMappedStatement query-for-id arguments: [1]
2024-04-26 13:27:55,071 [DEBUG] BaseMappedStatement prepared statement 'UPDATE `foo` SET `string` = 'not really that null'' with 0 args
2024-04-26 13:27:55,072 [DEBUG] BaseMappedStatement query-for-id using 'SELECT * FROM `foo` WHERE `id` = ?' and 1 args, got 1 result
2024-04-26 13:27:55,072 [TRACE] BaseMappedStatement query-for-id arguments: [1]
2024-04-26 13:27:55,072 [DEBUG] BaseMappedStatement prepared statement 'UPDATE `foo` SET `string` = null' with 0 args
2024-04-26 13:27:55,073 [DEBUG] BaseMappedStatement query-for-id using 'SELECT * FROM `foo` WHERE `id` = ?' and 1 args, got 1 result
2024-04-26 13:27:55,073 [TRACE] BaseMappedStatement query-for-id arguments: [1]
2024-04-26 13:27:55,073 [DEBUG] BaseMappedStatement prepared statement 'UPDATE `foo` SET `string` = 'not really that null'' with 0 args
2024-04-26 13:27:55,074 [DEBUG] BaseMappedStatement query-for-id using 'SELECT * FROM `foo` WHERE `id` = ?' and 1 args, got 1 result
2024-04-26 13:27:55,074 [TRACE] BaseMappedStatement query-for-id arguments: [1]
2024-04-26 13:27:55,074 [DEBUG] BaseMappedStatement prepared statement 'UPDATE `foo` SET `string` = ?' with 1 args
2024-04-26 13:27:55,074 [TRACE] BaseMappedStatement prepared statement arguments: [null]
2024-04-26 13:27:55,075 [DEBUG] BaseMappedStatement query-for-id using 'SELECT * FROM `foo` WHERE `id` = ?' and 1 args, got 1 result
2024-04-26 13:27:55,075 [TRACE] BaseMappedStatement query-for-id arguments: [1]
2024-04-26 13:27:55,081 [INFO] TableUtils dropping table 'updatedate'
2024-04-26 13:27:55,082 [INFO] TableUtils ignoring drop error 'org.h2.jdbc.JdbcSQLSyntaxErrorException: Table "UPDATEDATE" not found; SQL statement:
DROP TABLE `updatedate`  [42102-200]' for statement: DROP TABLE `updatedate` 
2024-04-26 13:27:55,082 [INFO] TableUtils creating table 'updatedate'
2024-04-26 13:27:55,083 [INFO] TableUtils executed create table statement changed 0 rows: CREATE TABLE `updatedate` (`id` INTEGER AUTO_INCREMENT , `date` TIMESTAMP , PRIMARY KEY (`id`) ) 
2024-04-26 13:27:55,084 [DEBUG] BaseMappedStatement insert data with statement 'INSERT INTO `updatedate` (`date` ) VALUES (?)' and 1 args, changed 1 rows
2024-04-26 13:27:55,084 [TRACE] BaseMappedStatement insert arguments: [2024-04-26 13:27:55.083]
2024-04-26 13:27:55,084 [DEBUG] BaseMappedStatement assigned id '1' from keyholder to 'id' in UpdateDate object
2024-04-26 13:27:55,084 [DEBUG] BaseMappedStatement prepared statement 'UPDATE `updatedate` SET `date` = ?' with 1 args
2024-04-26 13:27:55,084 [TRACE] BaseMappedStatement prepared statement arguments: [2024-04-26 13:27:55.094]
2024-04-26 13:27:55,085 [DEBUG] BaseMappedStatement query-for-id using 'SELECT * FROM `updatedate` WHERE `id` = ?' and 1 args, got 1 result
2024-04-26 13:27:55,085 [TRACE] BaseMappedStatement query-for-id arguments: [1]
ERROR Log4j2LogBackendTest message
ERROR Log4j2LogBackendTest message java.lang.Throwable: log throwable
	at com.j256.ormlite.logger.BaseLogBackendTest.testErrorStringThrowable(BaseLogBackendTest.java:78)
	at sun.reflect.NativeMethodAccessorImpl.invoke0(Native Method)
	at sun.reflect.NativeMethodAccessorImpl.invoke(NativeMethodAccessorImpl.java:62)
	at sun.reflect.DelegatingMethodAccessorImpl.invoke(DelegatingMethodAccessorImpl.java:43)
	at java.lang.reflect.Method.invoke(Method.java:498)
	at org.junit.runners.model.FrameworkMethod$1.runReflectiveCall(FrameworkMethod.java:59)
	at org.junit.internal.runners.model.ReflectiveCallable.run(ReflectiveCallable.java:12)
	at org.junit.runners.model.FrameworkMethod.invokeExplosively(FrameworkMethod.java:56)
	at org.junit.internal.runners.statements.InvokeMethod.evaluate(InvokeMethod.java:17)
	at org.junit.runners.ParentRunner$3.evaluate(ParentRunner.java:306)
	at org.junit.runners.BlockJUnit4ClassRunner$1.evaluate(BlockJUnit4ClassRunner.java:100)
	at org.junit.runners.ParentRunner.runLeaf(ParentRunner.java:366)
	at org.junit.runners.BlockJUnit4ClassRunner.runChild(BlockJUnit4ClassRunner.java:103)
	at org.junit.runners.BlockJUnit4ClassRunner.runChild(BlockJUnit4ClassRunner.java:63)
	at org.junit.runners.ParentRunner$4.run(ParentRunner.java:331)
	at org.junit.runners.ParentRunner$1.schedule(ParentRunner.java:79)
	at org.junit.runners.ParentRunner.runChildren(ParentRunner.java:329)
	at org.junit.runners.ParentRunner.access$100(ParentRunner.java:66)
	at org.junit.runners.ParentRunner$2.evaluate(ParentRunner.java:293)
	at org.junit.runners.ParentRunner$3.evaluate(ParentRunner.java:306)
	at org.junit.runners.ParentRunner.run(ParentRunner.java:413)
	at org.junit.runners.Suite.runChild(Suite.java:128)
	at org.junit.runners.Suite.runChild(Suite.java:27)
	at org.junit.runners.ParentRunner$4.run(ParentRunner.java:331)
	at org.junit.runners.ParentRunner$1.schedule(ParentRunner.java:79)
	at org.junit.runners.ParentRunner.runChildren(ParentRunner.java:329)
	at org.junit.runners.ParentRunner.access$100(ParentRunner.java:66)
	at org.junit.runners.ParentRunner$2.evaluate(ParentRunner.java:293)
	at org.junit.runners.ParentRunner$3.evaluate(ParentRunner.java:306)
	at org.junit.runners.ParentRunner.run(ParentRunner.java:413)
	at org.junit.runner.JUnitCore.run(JUnitCore.java:137)
	at org.junit.runner.JUnitCore.run(JUnitCore.java:115)
	at edu.illinois.cs.testrunner.execution.JUnitTestExecutor.execute(JUnitTestExecutor.java:259)
	at edu.illinois.cs.testrunner.execution.JUnitTestExecutor.executeWithJUnit4Runner(JUnitTestExecutor.java:327)
	at edu.illinois.cs.testrunner.execution.JUnitTestExecutor.runOrder(JUnitTestExecutor.java:49)
	at edu.illinois.cs.testrunner.execution.Executor$.$anonfun$run$1(Executor.scala:30)
	at scala.runtime.java8.JFunction0$mcV$sp.apply(JFunction0$mcV$sp.java:12)
	at scala.util.Try$.apply(Try.scala:209)
	at edu.illinois.cs.testrunner.execution.Executor$.run(Executor.scala:28)
	at edu.illinois.cs.testrunner.execution.Executor$.main(Executor.scala:18)
	at edu.illinois.cs.testrunner.execution.Executor.main(Executor.scala)

FATAL Log4j2LogBackendTest message java.lang.Throwable: log throwable
	at com.j256.ormlite.logger.BaseLogBackendTest.testFatalStringThrowable(BaseLogBackendTest.java:88)
	at sun.reflect.NativeMethodAccessorImpl.invoke0(Native Method)
	at sun.reflect.NativeMethodAccessorImpl.invoke(NativeMethodAccessorImpl.java:62)
	at sun.reflect.DelegatingMethodAccessorImpl.invoke(DelegatingMethodAccessorImpl.java:43)
	at java.lang.reflect.Method.invoke(Method.java:498)
	at org.junit.runners.model.FrameworkMethod$1.runReflectiveCall(FrameworkMethod.java:59)
	at org.junit.internal.runners.model.ReflectiveCallable.run(ReflectiveCallable.java:12)
	at org.junit.runners.model.FrameworkMethod.invokeExplosively(FrameworkMethod.java:56)
	at org.junit.internal.runners.statements.InvokeMethod.evaluate(InvokeMethod.java:17)
	at org.junit.runners.ParentRunner$3.evaluate(ParentRunner.java:306)
	at org.junit.runners.BlockJUnit4ClassRunner$1.evaluate(BlockJUnit4ClassRunner.java:100)
	at org.junit.runners.ParentRunner.runLeaf(ParentRunner.java:366)
	at org.junit.runners.BlockJUnit4ClassRunner.runChild(BlockJUnit4ClassRunner.java:103)
	at org.junit.runners.BlockJUnit4ClassRunner.runChild(BlockJUnit4ClassRunner.java:63)
	at org.junit.runners.ParentRunner$4.run(ParentRunner.java:331)
	at org.junit.runners.ParentRunner$1.schedule(ParentRunner.java:79)
	at org.junit.runners.ParentRunner.runChildren(ParentRunner.java:329)
	at org.junit.runners.ParentRunner.access$100(ParentRunner.java:66)
	at org.junit.runners.ParentRunner$2.evaluate(ParentRunner.java:293)
	at org.junit.runners.ParentRunner$3.evaluate(ParentRunner.java:306)
	at org.junit.runners.ParentRunner.run(ParentRunner.java:413)
	at org.junit.runners.Suite.runChild(Suite.java:128)
	at org.junit.runners.Suite.runChild(Suite.java:27)
	at org.junit.runners.ParentRunner$4.run(ParentRunner.java:331)
	at org.junit.runners.ParentRunner$1.schedule(ParentRunner.java:79)
	at org.junit.runners.ParentRunner.runChildren(ParentRunner.java:329)
	at org.junit.runners.ParentRunner.access$100(ParentRunner.java:66)
	at org.junit.runners.ParentRunner$2.evaluate(ParentRunner.java:293)
	at org.junit.runners.ParentRunner$3.evaluate(ParentRunner.java:306)
	at org.junit.runners.ParentRunner.run(ParentRunner.java:413)
	at org.junit.runner.JUnitCore.run(JUnitCore.java:137)
	at org.junit.runner.JUnitCore.run(JUnitCore.java:115)
	at edu.illinois.cs.testrunner.execution.JUnitTestExecutor.execute(JUnitTestExecutor.java:259)
	at edu.illinois.cs.testrunner.execution.JUnitTestExecutor.executeWithJUnit4Runner(JUnitTestExecutor.java:327)
	at edu.illinois.cs.testrunner.execution.JUnitTestExecutor.runOrder(JUnitTestExecutor.java:49)
	at edu.illinois.cs.testrunner.execution.Executor$.$anonfun$run$1(Executor.scala:30)
	at scala.runtime.java8.JFunction0$mcV$sp.apply(JFunction0$mcV$sp.java:12)
	at scala.util.Try$.apply(Try.scala:209)
	at edu.illinois.cs.testrunner.execution.Executor$.run(Executor.scala:28)
	at edu.illinois.cs.testrunner.execution.Executor$.main(Executor.scala:18)
	at edu.illinois.cs.testrunner.execution.Executor.main(Executor.scala)

FATAL Log4j2LogBackendTest message
Skipping unknown value class class java.lang.Class
Skipping unknown value class class com.j256.ormlite.field.DataType
2024-04-26 13:27:55,098 [INFO] TableUtils dropping table 'foo'
2024-04-26 13:27:55,099 [INFO] TableUtils ignoring drop error 'org.h2.jdbc.JdbcSQLSyntaxErrorException: Table "FOO" not found; SQL statement:
DROP TABLE `foo`  [42102-200]' for statement: DROP TABLE `foo` 
2024-04-26 13:27:55,099 [INFO] TableUtils creating table 'foo'
2024-04-26 13:27:55,100 [INFO] TableUtils executed create table statement changed 0 rows: CREATE TABLE `foo` (`bool` CHAR ) 
2024-04-26 13:27:55,100 [DEBUG] BaseMappedStatement insert data with statement 'INSERT INTO `foo` (`bool` ) VALUES (?)' and 1 args, changed 1 rows
2024-04-26 13:27:55,101 [TRACE] BaseMappedStatement insert arguments: [1]
2024-04-26 13:27:55,103 [DEBUG] BaseMappedStatement prepared statement 'SELECT * FROM `foo`' with 0 args
2024-04-26 13:27:55,104 [DEBUG] StatementExecutor query of 'SELECT * FROM `foo`' with 0 args returned 1 results
2024-04-26 13:27:55,105 [DEBUG] BaseMappedStatement prepared statement 'SELECT * FROM `foo` WHERE (`bool` = 1)' with 0 args
2024-04-26 13:27:55,105 [DEBUG] StatementExecutor query of 'SELECT * FROM `foo` WHERE (`bool` = 1)' with 0 args returned 1 results
2024-04-26 13:27:55,106 [DEBUG] BaseMappedStatement prepared statement 'SELECT * FROM `foo` WHERE (`bool` = ?)' with 1 args
2024-04-26 13:27:55,106 [TRACE] BaseMappedStatement prepared statement arguments: [1]
2024-04-26 13:27:55,106 [DEBUG] StatementExecutor query of 'SELECT * FROM `foo` WHERE (`bool` = ?)' with 1 args returned 1 results
2024-04-26 13:27:55,107 [INFO] SchemaUtils creating schema 'FOO_SCHEMA'
2024-04-26 13:27:55,109 [INFO] SchemaUtils executed create schema statement changed 0 rows: CREATE SCHEMA `FOO_SCHEMA`
2024-04-26 13:27:55,109 [INFO] TableUtils dropping table 'foo'
2024-04-26 13:27:55,109 [INFO] TableUtils ignoring drop error 'org.h2.jdbc.JdbcSQLSyntaxErrorException: Table "FOO" not found; SQL statement:
DROP TABLE `FOO_SCHEMA`.`foo`  [42102-200]' for statement: DROP TABLE `FOO_SCHEMA`.`foo` 
2024-04-26 13:27:55,109 [INFO] TableUtils creating table 'foo'
2024-04-26 13:27:55,110 [INFO] TableUtils executed create table statement changed 0 rows: CREATE TABLE `FOO_SCHEMA`.`foo` (`id` INTEGER AUTO_INCREMENT , `val` INTEGER , `equal` INTEGER , `string` VARCHAR(255) , PRIMARY KEY (`id`) ) 
